Set GCC compilers as MPI wrappers backend 
remove impi/2017.4 (PATH, MANPATH, LD_LIBRARY_PATH) 
load openmpi/4.0.2 (PATH, MANPATH, LD_LIBRARY_PATH) 
Set GCC compilers as MPI wrappers backend 
load gsl/2.4 (PATH, LD_LIBRARY_PATH, LIBRARY_PATH, MANPATH, INFOPATH,
C_INCLUDE_PATH, CPLUS_INCLUDE_PATH, PKG_CONFIG_PATH, GSL_DIR) 
srun: defined options for program `srun'
srun: --------------- ---------------------
srun: user           : `bsc03353'
srun: uid            : 2751
srun: gid            : 16290
srun: cwd            : /gpfs/home/bsc03/bsc03353/forge-gpfs/experiments
srun: ntasks         : 96 (set)
srun: nodes          : 8 (set)
srun: jobid          : 8455520 (default)
srun: partition      : default
srun: profile        : `NotSet'
srun: job name       : `FORGE'
srun: reservation    : `(null)'
srun: burst_buffer   : `(null)'
srun: wckey          : `(null)'
srun: cpu_freq_min   : 4294967294
srun: cpu_freq_max   : 4294967294
srun: cpu_freq_gov   : 4294967294
srun: switches       : -1
srun: wait-for-switches : -1
srun: distribution   : cyclic
srun: cpu-bind       : default (0)
srun: mem-bind       : default (0)
srun: verbose        : 1
srun: slurmd_debug   : 0
srun: immediate      : false
srun: label output   : false
srun: unbuffered IO  : false
srun: overcommit     : false
srun: threads        : 60
srun: checkpoint_dir : /var/slurm/checkpoint
srun: wait           : 0
srun: nice           : -2
srun: account        : (null)
srun: comment        : (null)
srun: dependency     : (null)
srun: exclusive      : false
srun: bcast          : false
srun: qos            : (null)
srun: constraints    : mem-per-cpu=1880M 
srun: geometry       : (null)
srun: reboot         : yes
srun: rotate         : no
srun: preserve_env   : false
srun: network        : (null)
srun: propagate      : NONE
srun: prolog         : (null)
srun: epilog         : (null)
srun: mail_type      : NONE
srun: mail_user      : (null)
srun: task_prolog    : (null)
srun: task_epilog    : (null)
srun: multi_prog     : no
srun: sockets-per-node  : -2
srun: cores-per-socket  : -2
srun: threads-per-core  : -2
srun: ntasks-per-node   : -2
srun: ntasks-per-socket : -2
srun: ntasks-per-core   : -2
srun: plane_size        : 4294967294
srun: core-spec         : NA
srun: power             : 
srun: remote command    : `/bin/bash -c /home/bsc03/bsc03353/forge-gpfs/build/forge /home/bsc03/bsc03353/forge/experiments/forge.mn4.004-304.json /home/bsc03/bsc03353/FORGE-experiments-gpfs/FORGE-304-8455520'
srun: jobid 8455520: nodes(8):`s10r1b21,s21r2b[33-35,37,41-42,46]', cpu counts: 48(x8)
srun: launching 8455520.1 on host s10r1b21, 12 tasks: [0,8,16,24,32,40,48,56,64,72,80,88]
srun: launching 8455520.1 on host s21r2b33, 12 tasks: [1,9,17,25,33,41,49,57,65,73,81,89]
srun: launching 8455520.1 on host s21r2b34, 12 tasks: [2,10,18,26,34,42,50,58,66,74,82,90]
srun: launching 8455520.1 on host s21r2b35, 12 tasks: [3,11,19,27,35,43,51,59,67,75,83,91]
srun: launching 8455520.1 on host s21r2b37, 12 tasks: [4,12,20,28,36,44,52,60,68,76,84,92]
srun: launching 8455520.1 on host s21r2b41, 12 tasks: [5,13,21,29,37,45,53,61,69,77,85,93]
srun: launching 8455520.1 on host s21r2b42, 12 tasks: [6,14,22,30,38,46,54,62,70,78,86,94]
srun: launching 8455520.1 on host s21r2b46, 12 tasks: [7,15,23,31,39,47,55,63,71,79,87,95]
srun: route default plugin loaded
srun: Node s21r2b35, 12 tasks started
srun: Node s21r2b46, 12 tasks started
srun: Node s10r1b21, 12 tasks started
srun: Node s21r2b34, 12 tasks started
srun: Node s21r2b33, 12 tasks started
srun: Node s21r2b37, 12 tasks started
srun: Node s21r2b42, 12 tasks started
srun: Node s21r2b41, 12 tasks started
18:03:16 INFO  /home/bsc03/bsc03353/forge-gpfs/src/main.c:107 139726903777344: I/O Forwarding Exploration [START]
18:04:16 WARN  /home/bsc03/bsc03353/forge-gpfs/src/main.c:784 139726903777344: hit stone wall at 60.100169 seconds!
18:04:16 INFO  /home/bsc03/bsc03353/forge-gpfs/src/main.c:901 139726903777344: I/O Forwarding Exploration [COMPLETE]
srun: Received task exit notification for 12 tasks of step 8455520.1 (status=0x0000).
srun: s21r2b35: tasks 3,11,19,27,35,43,51,59,67,75,83,91: Completed
srun: Received task exit notification for 12 tasks of step 8455520.1 (status=0x0000).
srun: s21r2b41: tasks 5,13,21,29,37,45,53,61,69,77,85,93: Completed
srun: Received task exit notification for 12 tasks of step 8455520.1 (status=0x0000).
srun: s21r2b33: tasks 1,9,17,25,33,41,49,57,65,73,81,89: Completed
srun: Received task exit notification for 12 tasks of step 8455520.1 (status=0x0000).
srun: s21r2b37: tasks 4,12,20,28,36,44,52,60,68,76,84,92: Completed
srun: Received task exit notification for 12 tasks of step 8455520.1 (status=0x0000).
srun: s21r2b34: tasks 2,10,18,26,34,42,50,58,66,74,82,90: Completed
srun: Received task exit notification for 12 tasks of step 8455520.1 (status=0x0000).
srun: s21r2b46: tasks 7,15,23,31,39,47,55,63,71,79,87,95: Completed
srun: Received task exit notification for 12 tasks of step 8455520.1 (status=0x0000).
srun: s21r2b42: tasks 6,14,22,30,38,46,54,62,70,78,86,94: Completed
srun: Received task exit notification for 12 tasks of step 8455520.1 (status=0x0000).
srun: s10r1b21: tasks 0,8,16,24,32,40,48,56,64,72,80,88: Completed
