Set GCC compilers as MPI wrappers backend 
remove openmpi/4.0.2_UCX (PATH, MANPATH, LD_LIBRARY_PATH) 
load openmpi/4.0.2_UCX (PATH, MANPATH, LD_LIBRARY_PATH) 
Set GCC compilers as MPI wrappers backend 
load gsl/2.4 (PATH, LD_LIBRARY_PATH, LIBRARY_PATH, MANPATH, INFOPATH,
C_INCLUDE_PATH, CPLUS_INCLUDE_PATH, PKG_CONFIG_PATH, GSL_DIR) 
00:37:48 INFO  /home/bsc03/bsc03353/forge/src/main.c:107 140665736759360: I/O Forwarding Exploration [START]
Will AGIOS generate trace files? NO
Default scheduling algorithm: TO
TWINS window size: 1000000
Will the Prediction Module read information from trace files? NO
File with access time functions: /home/bsc03/bsc03353/forge/agios/access_times.func
AGIOS thinks its user has stripe size of 32768
Will AGIOS generate trace files? NO
Default scheduling algorithm: TO
TWINS window size: 1000000
Will the Prediction Module read information from trace files? NO
File with access time functions: /home/bsc03/bsc03353/forge/agios/access_times.func
AGIOS thinks its user has stripe size of 32768
00:37:49 ERROR /home/bsc03/bsc03353/forge/src/dispatcher/posix.c:61 140462193489664: r->filehandle = 36, r->size = 524288, r->offset = 128817561600
00:37:49 ERROR /home/bsc03/bsc03353/forge/src/dispatcher/posix.c:62 140462193489664: single write -1 of expected 524288
00:37:49 ERROR /home/bsc03/bsc03353/forge/src/dispatcher/posix.c:61 140447161075456: r->filehandle = 36, r->size = 524288, r->offset = 125954949120
00:37:49 ERROR /home/bsc03/bsc03353/forge/src/dispatcher/posix.c:62 140447161075456: single write -1 of expected 524288
00:37:49 ERROR /home/bsc03/bsc03353/forge/src/dispatcher/posix.c:61 140643579029248: r->filehandle = 35, r->size = 524288, r->offset = 28626124800
00:37:49 ERROR /home/bsc03/bsc03353/forge/src/dispatcher/posix.c:62 140643579029248: single write -1 of expected 524288
00:37:50 ERROR /home/bsc03/bsc03353/forge/src/dispatcher/posix.c:61 140457898514176: r->filehandle = 36, r->size = 524288, r->offset = 123092336640
00:37:50 ERROR /home/bsc03/bsc03353/forge/src/dispatcher/posix.c:62 140457898514176: single write -1 of expected 524288
00:37:50 ERROR /home/bsc03/bsc03353/forge/src/dispatcher/posix.c:61 140628546615040: r->filehandle = 35, r->size = 524288, r->offset = 0
00:37:50 ERROR /home/bsc03/bsc03353/forge/src/dispatcher/posix.c:62 140628546615040: single write -1 of expected 524288
00:37:50 ERROR /home/bsc03/bsc03353/forge/src/dispatcher/posix.c:61 140641431541504: r->filehandle = 35, r->size = 524288, r->offset = 47233105920
00:37:50 ERROR /home/bsc03/bsc03353/forge/src/dispatcher/posix.c:62 140641431541504: single write -1 of expected 524288
00:37:51 ERROR /home/bsc03/bsc03353/forge/src/dispatcher/posix.c:61 140647874004736: r->filehandle = 35, r->size = 524288, r->offset = 58683555840
00:37:51 ERROR /home/bsc03/bsc03353/forge/src/dispatcher/posix.c:62 140647874004736: single write -1 of expected 524288
00:37:51 ERROR /home/bsc03/bsc03353/forge/src/dispatcher/posix.c:61 140626399127296: r->filehandle = 35, r->size = 524288, r->offset = 22900899840
00:37:51 ERROR /home/bsc03/bsc03353/forge/src/dispatcher/posix.c:62 140626399127296: single write -1 of expected 524288
00:37:52 ERROR /home/bsc03/bsc03353/forge/src/dispatcher/posix.c:61 140632841590528: r->filehandle = 35, r->size = 524288, r->offset = 37213962240
00:37:52 ERROR /home/bsc03/bsc03353/forge/src/dispatcher/posix.c:62 140632841590528: single write -1 of expected 524288
00:37:52 ERROR /home/bsc03/bsc03353/forge/src/dispatcher/posix.c:61 140645726516992: r->filehandle = 35, r->size = 524288, r->offset = 8587837440
00:37:52 ERROR /home/bsc03/bsc03353/forge/src/dispatcher/posix.c:62 140645726516992: single write -1 of expected 524288
00:37:52 ERROR /home/bsc03/bsc03353/forge/src/dispatcher/posix.c:61 140634989078272: r->filehandle = 35, r->size = 524288, r->offset = 51527024640
00:37:52 ERROR /home/bsc03/bsc03353/forge/src/dispatcher/posix.c:62 140634989078272: single write -1 of expected 524288
00:37:52 ERROR /home/bsc03/bsc03353/forge/src/dispatcher/posix.c:61 140639284053760: r->filehandle = 35, r->size = 524288, r->offset = 48664412160
00:37:52 ERROR /home/bsc03/bsc03353/forge/src/dispatcher/posix.c:62 140639284053760: single write -1 of expected 524288
00:37:53 ERROR /home/bsc03/bsc03353/forge/src/dispatcher/posix.c:61 140637136566016: r->filehandle = 35, r->size = 524288, r->offset = 7156531200
00:37:53 ERROR /home/bsc03/bsc03353/forge/src/dispatcher/posix.c:62 140637136566016: single write -1 of expected 524288
00:37:53 ERROR /home/bsc03/bsc03353/forge/src/dispatcher/posix.c:61 140656463955712: r->filehandle = 35, r->size = 524288, r->offset = 21469593600
00:37:53 ERROR /home/bsc03/bsc03353/forge/src/dispatcher/posix.c:62 140656463955712: single write -1 of expected 524288
00:37:53 ERROR /home/bsc03/bsc03353/forge/src/dispatcher/posix.c:61 140652168980224: r->filehandle = 35, r->size = 524288, r->offset = 5725224960
00:37:53 ERROR /home/bsc03/bsc03353/forge/src/dispatcher/posix.c:62 140652168980224: single write -1 of expected 524288
00:37:54 ERROR /home/bsc03/bsc03353/forge/src/dispatcher/posix.c:61 140654316467968: r->filehandle = 35, r->size = 524288, r->offset = 31488737280
00:37:54 ERROR /home/bsc03/bsc03353/forge/src/dispatcher/posix.c:62 140654316467968: single write -1 of expected 524288
00:37:54 ERROR /home/bsc03/bsc03353/forge/src/dispatcher/posix.c:61 140658611443456: r->filehandle = 35, r->size = 524288, r->offset = 45801799680
00:37:54 ERROR /home/bsc03/bsc03353/forge/src/dispatcher/posix.c:62 140658611443456: single write -1 of expected 524288
00:37:54 ERROR /home/bsc03/bsc03353/forge/src/dispatcher/posix.c:61 140650021492480: r->filehandle = 35, r->size = 524288, r->offset = 4293918720
00:37:54 ERROR /home/bsc03/bsc03353/forge/src/dispatcher/posix.c:62 140650021492480: single write -1 of expected 524288
00:37:55 ERROR /home/bsc03/bsc03353/forge/src/dispatcher/posix.c:61 140650021492480: r->filehandle = 35, r->size = 524288, r->offset = 41507880960
00:37:55 ERROR /home/bsc03/bsc03353/forge/src/dispatcher/posix.c:62 140650021492480: single write -1 of expected 524288
00:37:55 ERROR /home/bsc03/bsc03353/forge/src/dispatcher/posix.c:61 140464340977408: r->filehandle = 36, r->size = 524288, r->offset = 97328824320
00:37:55 ERROR /home/bsc03/bsc03353/forge/src/dispatcher/posix.c:62 140464340977408: single write -1 of expected 524288
00:37:55 ERROR /home/bsc03/bsc03353/forge/src/dispatcher/posix.c:61 140440718612224: r->filehandle = 36, r->size = 524288, r->offset = 83015761920
00:37:55 ERROR /home/bsc03/bsc03353/forge/src/dispatcher/posix.c:62 140440718612224: single write -1 of expected 524288
00:37:55 ERROR /home/bsc03/bsc03353/forge/src/dispatcher/posix.c:61 140628546615040: r->filehandle = 35, r->size = 524288, r->offset = 25763512320
00:37:55 ERROR /home/bsc03/bsc03353/forge/src/dispatcher/posix.c:62 140628546615040: single write -1 of expected 524288
00:37:55 ERROR /home/bsc03/bsc03353/forge/src/dispatcher/posix.c:61 140658611443456: r->filehandle = 35, r->size = 524288, r->offset = 61546168320
00:37:55 ERROR /home/bsc03/bsc03353/forge/src/dispatcher/posix.c:62 140658611443456: single write -1 of expected 524288
00:37:56 ERROR /home/bsc03/bsc03353/forge/src/dispatcher/posix.c:61 140652168980224: r->filehandle = 35, r->size = 524288, r->offset = 44370493440
00:37:56 ERROR /home/bsc03/bsc03353/forge/src/dispatcher/posix.c:62 140652168980224: single write -1 of expected 524288
00:37:56 ERROR /home/bsc03/bsc03353/forge/src/dispatcher/posix.c:61 140654316467968: r->filehandle = 35, r->size = 524288, r->offset = 54389637120
00:37:56 ERROR /home/bsc03/bsc03353/forge/src/dispatcher/posix.c:62 140654316467968: single write -1 of expected 524288
00:37:57 ERROR /home/bsc03/bsc03353/forge/src/dispatcher/posix.c:61 140632841590528: r->filehandle = 35, r->size = 524288, r->offset = 34351349760
00:37:57 ERROR /home/bsc03/bsc03353/forge/src/dispatcher/posix.c:62 140632841590528: single write -1 of expected 524288
00:37:57 ERROR /home/bsc03/bsc03353/forge/src/dispatcher/posix.c:61 140645726516992: r->filehandle = 35, r->size = 524288, r->offset = 12881756160
00:37:57 ERROR /home/bsc03/bsc03353/forge/src/dispatcher/posix.c:62 140645726516992: single write -1 of expected 524288
00:37:58 ERROR /home/bsc03/bsc03353/forge/src/dispatcher/posix.c:61 140643579029248: r->filehandle = 35, r->size = 524288, r->offset = 11450449920
00:37:58 ERROR /home/bsc03/bsc03353/forge/src/dispatcher/posix.c:62 140643579029248: single write -1 of expected 524288
00:37:58 ERROR /home/bsc03/bsc03353/forge/src/dispatcher/posix.c:61 140626399127296: r->filehandle = 35, r->size = 524288, r->offset = 38645268480
00:37:58 ERROR /home/bsc03/bsc03353/forge/src/dispatcher/posix.c:62 140626399127296: single write -1 of expected 524288
00:37:58 ERROR /home/bsc03/bsc03353/forge/src/dispatcher/posix.c:61 140451456050944: r->filehandle = 36, r->size = 524288, r->offset = 131680174080
00:37:58 ERROR /home/bsc03/bsc03353/forge/src/dispatcher/posix.c:62 140451456050944: single write -1 of expected 524288
00:37:59 ERROR /home/bsc03/bsc03353/forge/src/dispatcher/posix.c:61 140630694102784: r->filehandle = 35, r->size = 524288, r->offset = 1431306240
00:37:59 ERROR /home/bsc03/bsc03353/forge/src/dispatcher/posix.c:61 140449308563200: r->filehandle = 36, r->size = 524288, r->offset = 85878374400
00:37:59 ERROR /home/bsc03/bsc03353/forge/src/dispatcher/posix.c:62 140449308563200: single write -1 of expected 524288
00:37:59 ERROR /home/bsc03/bsc03353/forge/src/dispatcher/posix.c:62 140630694102784: single write -1 of expected 524288
00:37:59 ERROR /home/bsc03/bsc03353/forge/src/dispatcher/posix.c:61 140656463955712: r->filehandle = 35, r->size = 524288, r->offset = 24332206080
00:37:59 ERROR /home/bsc03/bsc03353/forge/src/dispatcher/posix.c:62 140656463955712: single write -1 of expected 524288
00:37:59 ERROR /home/bsc03/bsc03353/forge/src/dispatcher/posix.c:61 140652168980224: r->filehandle = 35, r->size = 524288, r->offset = 55820943360
00:37:59 ERROR /home/bsc03/bsc03353/forge/src/dispatcher/posix.c:62 140652168980224: single write -1 of expected 524288
00:37:59 ERROR /home/bsc03/bsc03353/forge/src/dispatcher/posix.c:61 140639284053760: r->filehandle = 35, r->size = 524288, r->offset = 52958330880
00:37:59 ERROR /home/bsc03/bsc03353/forge/src/dispatcher/posix.c:62 140639284053760: single write -1 of expected 524288
00:38:00 ERROR /home/bsc03/bsc03353/forge/src/dispatcher/posix.c:61 140637136566016: r->filehandle = 35, r->size = 524288, r->offset = 65840087040
00:38:00 ERROR /home/bsc03/bsc03353/forge/src/dispatcher/posix.c:62 140637136566016: single write -1 of expected 524288
00:38:00 ERROR /home/bsc03/bsc03353/forge/src/dispatcher/posix.c:61 140453603538688: r->filehandle = 36, r->size = 524288, r->offset = 77290536960
00:38:00 ERROR /home/bsc03/bsc03353/forge/src/dispatcher/posix.c:61 140641431541504: r->filehandle = 35, r->size = 524288, r->offset = 35782656000
00:38:00 ERROR /home/bsc03/bsc03353/forge/src/dispatcher/posix.c:62 140641431541504: single write -1 of expected 524288
00:38:00 ERROR /home/bsc03/bsc03353/forge/src/dispatcher/posix.c:62 140453603538688: single write -1 of expected 524288
00:38:01 ERROR /home/bsc03/bsc03353/forge/src/dispatcher/posix.c:61 140451456050944: r->filehandle = 36, r->size = 524288, r->offset = 120229724160
00:38:01 ERROR /home/bsc03/bsc03353/forge/src/dispatcher/posix.c:62 140451456050944: single write -1 of expected 524288
00:38:01 ERROR /home/bsc03/bsc03353/forge/src/dispatcher/posix.c:61 140643579029248: r->filehandle = 35, r->size = 524288, r->offset = 30057431040
00:38:01 ERROR /home/bsc03/bsc03353/forge/src/dispatcher/posix.c:62 140643579029248: single write -1 of expected 524288
00:38:01 ERROR /home/bsc03/bsc03353/forge/src/dispatcher/posix.c:61 140634989078272: r->filehandle = 35, r->size = 524288, r->offset = 50095718400
00:38:01 ERROR /home/bsc03/bsc03353/forge/src/dispatcher/posix.c:62 140634989078272: single write -1 of expected 524288
00:38:01 ERROR /home/bsc03/bsc03353/forge/src/dispatcher/posix.c:61 140442866099968: r->filehandle = 36, r->size = 524288, r->offset = 94466211840
00:38:01 ERROR /home/bsc03/bsc03353/forge/src/dispatcher/posix.c:62 140442866099968: single write -1 of expected 524288
00:38:02 ERROR /home/bsc03/bsc03353/forge/src/dispatcher/posix.c:61 140630694102784: r->filehandle = 35, r->size = 524288, r->offset = 47233630208
00:38:02 ERROR /home/bsc03/bsc03353/forge/src/dispatcher/posix.c:62 140630694102784: single write -1 of expected 524288
00:38:02 ERROR /home/bsc03/bsc03353/forge/src/dispatcher/posix.c:61 140464340977408: r->filehandle = 36, r->size = 524288, r->offset = 117367111680
00:38:02 ERROR /home/bsc03/bsc03353/forge/src/dispatcher/posix.c:62 140464340977408: single write -1 of expected 524288
00:38:02 ERROR /home/bsc03/bsc03353/forge/src/dispatcher/posix.c:61 140460046001920: r->filehandle = 36, r->size = 524288, r->offset = 80153149440
00:38:02 ERROR /home/bsc03/bsc03353/forge/src/dispatcher/posix.c:62 140460046001920: single write -1 of expected 524288
00:38:02 ERROR /home/bsc03/bsc03353/forge/src/dispatcher/posix.c:61 140628546615040: r->filehandle = 35, r->size = 524288, r->offset = 62977474560
00:38:02 ERROR /home/bsc03/bsc03353/forge/src/dispatcher/posix.c:61 140453603538688: r->filehandle = 36, r->size = 524288, r->offset = 127386255360
00:38:02 ERROR /home/bsc03/bsc03353/forge/src/dispatcher/posix.c:62 140453603538688: single write -1 of expected 524288
00:38:02 ERROR /home/bsc03/bsc03353/forge/src/dispatcher/posix.c:62 140628546615040: single write -1 of expected 524288
00:38:03 ERROR /home/bsc03/bsc03353/forge/src/dispatcher/posix.c:61 140468635952896: r->filehandle = 36, r->size = 524288, r->offset = 114504499200
00:38:03 ERROR /home/bsc03/bsc03353/forge/src/dispatcher/posix.c:62 140468635952896: single write -1 of expected 524288
00:38:03 ERROR /home/bsc03/bsc03353/forge/src/dispatcher/posix.c:61 140637136566016: r->filehandle = 35, r->size = 524288, r->offset = 22901424128
00:38:03 ERROR /home/bsc03/bsc03353/forge/src/dispatcher/posix.c:62 140637136566016: single write -1 of expected 524288
00:38:03 ERROR /home/bsc03/bsc03353/forge/src/dispatcher/posix.c:61 140451456050944: r->filehandle = 36, r->size = 524288, r->offset = 113073192960
00:38:03 ERROR /home/bsc03/bsc03353/forge/src/dispatcher/posix.c:62 140451456050944: single write -1 of expected 524288
00:38:03 ERROR /home/bsc03/bsc03353/forge/src/dispatcher/posix.c:61 140658611443456: r->filehandle = 35, r->size = 524288, r->offset = 32920043520
00:38:03 ERROR /home/bsc03/bsc03353/forge/src/dispatcher/posix.c:62 140658611443456: single write -1 of expected 524288
00:38:04 ERROR /home/bsc03/bsc03353/forge/src/dispatcher/posix.c:61 140652168980224: r->filehandle = 35, r->size = 524288, r->offset = 64408780800
00:38:04 ERROR /home/bsc03/bsc03353/forge/src/dispatcher/posix.c:62 140652168980224: single write -1 of expected 524288
00:38:04 ERROR /home/bsc03/bsc03353/forge/src/dispatcher/posix.c:61 140641431541504: r->filehandle = 35, r->size = 524288, r->offset = 58684080128
00:38:04 ERROR /home/bsc03/bsc03353/forge/src/dispatcher/posix.c:62 140641431541504: single write -1 of expected 524288
00:38:04 ERROR /home/bsc03/bsc03353/forge/src/dispatcher/posix.c:61 140440718612224: r->filehandle = 36, r->size = 524288, r->offset = 93034905600
00:38:04 ERROR /home/bsc03/bsc03353/forge/src/dispatcher/posix.c:62 140440718612224: single write -1 of expected 524288
00:38:05 ERROR /home/bsc03/bsc03353/forge/src/dispatcher/posix.c:61 140656463955712: r->filehandle = 35, r->size = 524288, r->offset = 8588361728
00:38:05 ERROR /home/bsc03/bsc03353/forge/src/dispatcher/posix.c:62 140656463955712: single write -1 of expected 524288
00:38:05 ERROR /home/bsc03/bsc03353/forge/src/dispatcher/posix.c:61 140462193489664: r->filehandle = 36, r->size = 524288, r->offset = 111641886720
00:38:05 ERROR /home/bsc03/bsc03353/forge/src/dispatcher/posix.c:62 140462193489664: single write -1 of expected 524288
00:38:05 ERROR /home/bsc03/bsc03353/forge/src/dispatcher/posix.c:61 140647874004736: r->filehandle = 35, r->size = 524288, r->offset = 27194818560
00:38:05 ERROR /home/bsc03/bsc03353/forge/src/dispatcher/posix.c:62 140647874004736: single write -1 of expected 524288
00:38:05 ERROR /home/bsc03/bsc03353/forge/src/dispatcher/posix.c:61 140445013587712: r->filehandle = 36, r->size = 524288, r->offset = 108779274240
00:38:05 ERROR /home/bsc03/bsc03353/forge/src/dispatcher/posix.c:62 140445013587712: single write -1 of expected 524288
00:38:06 ERROR /home/bsc03/bsc03353/forge/src/dispatcher/posix.c:61 140438571124480: r->filehandle = 36, r->size = 524288, r->offset = 134542786560
00:38:06 ERROR /home/bsc03/bsc03353/forge/src/dispatcher/posix.c:62 140438571124480: single write -1 of expected 524288
00:38:06 ERROR /home/bsc03/bsc03353/forge/src/dispatcher/posix.c:61 140449308563200: r->filehandle = 36, r->size = 524288, r->offset = 104485355520
00:38:06 ERROR /home/bsc03/bsc03353/forge/src/dispatcher/posix.c:62 140449308563200: single write -1 of expected 524288
00:38:06 ERROR /home/bsc03/bsc03353/forge/src/dispatcher/posix.c:61 140639284053760: r->filehandle = 35, r->size = 524288, r->offset = 51527548928
00:38:06 ERROR /home/bsc03/bsc03353/forge/src/dispatcher/posix.c:62 140639284053760: single write -1 of expected 524288
00:38:07 ERROR /home/bsc03/bsc03353/forge/src/dispatcher/posix.c:61 140650021492480: r->filehandle = 35, r->size = 524288, r->offset = 18606981120
00:38:07 ERROR /home/bsc03/bsc03353/forge/src/dispatcher/posix.c:62 140650021492480: single write -1 of expected 524288
00:38:07 ERROR /home/bsc03/bsc03353/forge/src/dispatcher/posix.c:61 140453603538688: r->filehandle = 36, r->size = 524288, r->offset = 107347968000
00:38:07 ERROR /home/bsc03/bsc03353/forge/src/dispatcher/posix.c:62 140453603538688: single write -1 of expected 524288
00:38:07 ERROR /home/bsc03/bsc03353/forge/src/dispatcher/posix.c:61 140438571124480: r->filehandle = 36, r->size = 524288, r->offset = 124523642880
00:38:07 ERROR /home/bsc03/bsc03353/forge/src/dispatcher/posix.c:62 140438571124480: single write -1 of expected 524288
00:38:07 ERROR /home/bsc03/bsc03353/forge/src/dispatcher/posix.c:61 140654316467968: r->filehandle = 35, r->size = 524288, r->offset = 20038287360
00:38:07 ERROR /home/bsc03/bsc03353/forge/src/dispatcher/posix.c:62 140654316467968: single write -1 of expected 524288
00:38:08 ERROR /home/bsc03/bsc03353/forge/src/dispatcher/posix.c:61 140645726516992: r->filehandle = 35, r->size = 524288, r->offset = 67271393280
00:38:08 ERROR /home/bsc03/bsc03353/forge/src/dispatcher/posix.c:62 140645726516992: single write -1 of expected 524288
00:38:08 ERROR /home/bsc03/bsc03353/forge/src/dispatcher/posix.c:61 140447161075456: r->filehandle = 36, r->size = 524288, r->offset = 100191436800
00:38:08 ERROR /home/bsc03/bsc03353/forge/src/dispatcher/posix.c:62 140447161075456: single write -1 of expected 524288
00:38:08 ERROR /home/bsc03/bsc03353/forge/src/dispatcher/posix.c:61 140457898514176: r->filehandle = 36, r->size = 524288, r->offset = 115935805440
00:38:08 ERROR /home/bsc03/bsc03353/forge/src/dispatcher/posix.c:62 140457898514176: single write -1 of expected 524288
00:38:08 ERROR /home/bsc03/bsc03353/forge/src/dispatcher/posix.c:61 140641431541504: r->filehandle = 35, r->size = 524288, r->offset = 4294443008
00:38:08 ERROR /home/bsc03/bsc03353/forge/src/dispatcher/posix.c:62 140641431541504: single write -1 of expected 524288
00:38:09 ERROR /home/bsc03/bsc03353/forge/src/dispatcher/posix.c:61 140632841590528: r->filehandle = 35, r->size = 524288, r->offset = 57252249600
00:38:09 ERROR /home/bsc03/bsc03353/forge/src/dispatcher/posix.c:62 140632841590528: single write -1 of expected 524288
00:38:09 ERROR /home/bsc03/bsc03353/forge/src/dispatcher/posix.c:61 140634989078272: r->filehandle = 35, r->size = 524288, r->offset = 5725749248
00:38:09 ERROR /home/bsc03/bsc03353/forge/src/dispatcher/posix.c:62 140634989078272: single write -1 of expected 524288
00:38:09 ERROR /home/bsc03/bsc03353/forge/src/dispatcher/posix.c:61 140658611443456: r->filehandle = 35, r->size = 524288, r->offset = 41508405248
00:38:09 ERROR /home/bsc03/bsc03353/forge/src/dispatcher/posix.c:62 140658611443456: single write -1 of expected 524288
00:38:09 ERROR /home/bsc03/bsc03353/forge/src/dispatcher/posix.c:61 140626399127296: r->filehandle = 35, r->size = 524288, r->offset = 15744368640
00:38:09 ERROR /home/bsc03/bsc03353/forge/src/dispatcher/posix.c:62 140626399127296: single write -1 of expected 524288
00:38:10 ERROR /home/bsc03/bsc03353/forge/src/dispatcher/posix.c:61 140462193489664: r->filehandle = 36, r->size = 524288, r->offset = 98760130560
00:38:10 ERROR /home/bsc03/bsc03353/forge/src/dispatcher/posix.c:62 140462193489664: single write -1 of expected 524288
00:38:10 ERROR /home/bsc03/bsc03353/forge/src/dispatcher/posix.c:61 140442866099968: r->filehandle = 36, r->size = 524288, r->offset = 103054049280
00:38:10 ERROR /home/bsc03/bsc03353/forge/src/dispatcher/posix.c:62 140442866099968: single write -1 of expected 524288
00:38:10 ERROR /home/bsc03/bsc03353/forge/src/dispatcher/posix.c:61 140464340977408: r->filehandle = 36, r->size = 524288, r->offset = 71565312000
00:38:10 ERROR /home/bsc03/bsc03353/forge/src/dispatcher/posix.c:62 140464340977408: single write -1 of expected 524288
00:38:10 ERROR /home/bsc03/bsc03353/forge/src/dispatcher/posix.c:61 140466488465152: r->filehandle = 36, r->size = 524288, r->offset = 105916661760
00:38:10 ERROR /home/bsc03/bsc03353/forge/src/dispatcher/posix.c:62 140466488465152: single write -1 of expected 524288
00:38:11 ERROR /home/bsc03/bsc03353/forge/src/dispatcher/posix.c:61 140460046001920: r->filehandle = 36, r->size = 524288, r->offset = 91603599360
00:38:11 ERROR /home/bsc03/bsc03353/forge/src/dispatcher/posix.c:62 140460046001920: single write -1 of expected 524288
00:38:11 ERROR /home/bsc03/bsc03353/forge/src/dispatcher/posix.c:61 140637136566016: r->filehandle = 35, r->size = 524288, r->offset = 48664936448
00:38:11 ERROR /home/bsc03/bsc03353/forge/src/dispatcher/posix.c:61 140468635952896: r->filehandle = 36, r->size = 524288, r->offset = 95897518080
00:38:11 ERROR /home/bsc03/bsc03353/forge/src/dispatcher/posix.c:62 140468635952896: single write -1 of expected 524288
00:38:11 ERROR /home/bsc03/bsc03353/forge/src/dispatcher/posix.c:62 140637136566016: single write -1 of expected 524288
00:38:12 ERROR /home/bsc03/bsc03353/forge/src/dispatcher/posix.c:61 140656463955712: r->filehandle = 35, r->size = 524288, r->offset = 1431830528
00:38:12 ERROR /home/bsc03/bsc03353/forge/src/dispatcher/posix.c:62 140656463955712: single write -1 of expected 524288
00:38:12 ERROR /home/bsc03/bsc03353/forge/src/dispatcher/posix.c:61 140438571124480: r->filehandle = 36, r->size = 524288, r->offset = 110210580480
00:38:12 ERROR /home/bsc03/bsc03353/forge/src/dispatcher/posix.c:62 140438571124480: single write -1 of expected 524288
00:38:12 ERROR /home/bsc03/bsc03353/forge/src/dispatcher/posix.c:61 140628546615040: r->filehandle = 35, r->size = 524288, r->offset = 60114862080
00:38:12 ERROR /home/bsc03/bsc03353/forge/src/dispatcher/posix.c:62 140628546615040: single write -1 of expected 524288
00:38:13 ERROR /home/bsc03/bsc03353/forge/src/dispatcher/posix.c:61 140645726516992: r->filehandle = 35, r->size = 524288, r->offset = 10019143680
00:38:13 ERROR /home/bsc03/bsc03353/forge/src/dispatcher/posix.c:62 140645726516992: single write -1 of expected 524288
00:38:13 ERROR /home/bsc03/bsc03353/forge/src/dispatcher/posix.c:61 140650021492480: r->filehandle = 35, r->size = 524288, r->offset = 28626649088
00:38:13 ERROR /home/bsc03/bsc03353/forge/src/dispatcher/posix.c:62 140650021492480: single write -1 of expected 524288
00:38:13 ERROR /home/bsc03/bsc03353/forge/src/dispatcher/posix.c:61 140462193489664: r->filehandle = 36, r->size = 524288, r->offset = 130248867840
00:38:13 ERROR /home/bsc03/bsc03353/forge/src/dispatcher/posix.c:62 140462193489664: single write -1 of expected 524288
00:38:14 ERROR /home/bsc03/bsc03353/forge/src/dispatcher/posix.c:61 140440718612224: r->filehandle = 36, r->size = 524288, r->offset = 135974092800
00:38:14 ERROR /home/bsc03/bsc03353/forge/src/dispatcher/posix.c:62 140440718612224: single write -1 of expected 524288
00:38:14 ERROR /home/bsc03/bsc03353/forge/src/dispatcher/posix.c:61 140455751026432: r->filehandle = 36, r->size = 524288, r->offset = 88740986880
00:38:14 ERROR /home/bsc03/bsc03353/forge/src/dispatcher/posix.c:62 140455751026432: single write -1 of expected 524288
00:38:15 ERROR /home/bsc03/bsc03353/forge/src/dispatcher/posix.c:61 140637136566016: r->filehandle = 35, r->size = 524288, r->offset = 35783180288
00:38:15 ERROR /home/bsc03/bsc03353/forge/src/dispatcher/posix.c:62 140637136566016: single write -1 of expected 524288
00:38:15 ERROR /home/bsc03/bsc03353/forge/src/dispatcher/posix.c:61 140436423636736: r->filehandle = 36, r->size = 524288, r->offset = 74427924480
00:38:15 ERROR /home/bsc03/bsc03353/forge/src/dispatcher/posix.c:62 140436423636736: single write -1 of expected 524288
00:38:15 ERROR /home/bsc03/bsc03353/forge/src/dispatcher/posix.c:61 140634989078272: r->filehandle = 35, r->size = 524288, r->offset = 52958855168
00:38:15 ERROR /home/bsc03/bsc03353/forge/src/dispatcher/posix.c:62 140634989078272: single write -1 of expected 524288
00:38:15 ERROR /home/bsc03/bsc03353/forge/src/dispatcher/posix.c:61 140630694102784: r->filehandle = 35, r->size = 524288, r->offset = 45802323968
00:38:15 ERROR /home/bsc03/bsc03353/forge/src/dispatcher/posix.c:62 140630694102784: single write -1 of expected 524288
00:38:16 ERROR /home/bsc03/bsc03353/forge/src/dispatcher/posix.c:61 140643579029248: r->filehandle = 35, r->size = 524288, r->offset = 21470117888
00:38:16 ERROR /home/bsc03/bsc03353/forge/src/dispatcher/posix.c:62 140643579029248: single write -1 of expected 524288
00:38:16 ERROR /home/bsc03/bsc03353/forge/src/dispatcher/posix.c:61 140658611443456: r->filehandle = 35, r->size = 524288, r->offset = 30057955328
00:38:16 ERROR /home/bsc03/bsc03353/forge/src/dispatcher/posix.c:62 140658611443456: single write -1 of expected 524288
00:38:16 ERROR /home/bsc03/bsc03353/forge/src/dispatcher/posix.c:61 140632841590528: r->filehandle = 35, r->size = 524288, r->offset = 2862612480
00:38:16 ERROR /home/bsc03/bsc03353/forge/src/dispatcher/posix.c:62 140632841590528: single write -1 of expected 524288
00:38:17 ERROR /home/bsc03/bsc03353/forge/src/dispatcher/posix.c:61 140460046001920: r->filehandle = 36, r->size = 524288, r->offset = 78721843200
00:38:17 ERROR /home/bsc03/bsc03353/forge/src/dispatcher/posix.c:62 140460046001920: single write -1 of expected 524288
00:38:17 ERROR /home/bsc03/bsc03353/forge/src/dispatcher/posix.c:61 140652168980224: r->filehandle = 35, r->size = 524288, r->offset = 44371017728
00:38:17 ERROR /home/bsc03/bsc03353/forge/src/dispatcher/posix.c:61 140442866099968: r->filehandle = 36, r->size = 524288, r->offset = 84447068160
00:38:17 ERROR /home/bsc03/bsc03353/forge/src/dispatcher/posix.c:62 140442866099968: single write -1 of expected 524288
00:38:17 ERROR /home/bsc03/bsc03353/forge/src/dispatcher/posix.c:62 140652168980224: single write -1 of expected 524288
00:38:17 ERROR /home/bsc03/bsc03353/forge/src/dispatcher/posix.c:61 140626399127296: r->filehandle = 35, r->size = 524288, r->offset = 47234154496
00:38:17 ERROR /home/bsc03/bsc03353/forge/src/dispatcher/posix.c:62 140626399127296: single write -1 of expected 524288
00:38:18 ERROR /home/bsc03/bsc03353/forge/src/dispatcher/posix.c:61 140656463955712: r->filehandle = 35, r->size = 524288, r->offset = 7157055488
00:38:18 ERROR /home/bsc03/bsc03353/forge/src/dispatcher/posix.c:62 140656463955712: single write -1 of expected 524288
00:38:18 ERROR /home/bsc03/bsc03353/forge/src/dispatcher/posix.c:61 140643579029248: r->filehandle = 35, r->size = 524288, r->offset = 55821467648
00:38:18 ERROR /home/bsc03/bsc03353/forge/src/dispatcher/posix.c:62 140643579029248: single write -1 of expected 524288
00:38:18 ERROR /home/bsc03/bsc03353/forge/src/dispatcher/posix.c:61 140647874004736: r->filehandle = 35, r->size = 524288, r->offset = 11450974208
00:38:18 ERROR /home/bsc03/bsc03353/forge/src/dispatcher/posix.c:62 140647874004736: single write -1 of expected 524288
00:38:19 ERROR /home/bsc03/bsc03353/forge/src/dispatcher/posix.c:61 140436423636736: r->filehandle = 36, r->size = 524288, r->offset = 68702699520
00:38:19 ERROR /home/bsc03/bsc03353/forge/src/dispatcher/posix.c:62 140436423636736: single write -1 of expected 524288
00:38:19 ERROR /home/bsc03/bsc03353/forge/src/dispatcher/posix.c:61 140464340977408: r->filehandle = 36, r->size = 524288, r->offset = 72996618240
00:38:19 ERROR /home/bsc03/bsc03353/forge/src/dispatcher/posix.c:62 140464340977408: single write -1 of expected 524288
00:38:19 ERROR /home/bsc03/bsc03353/forge/src/dispatcher/posix.c:61 140654316467968: r->filehandle = 35, r->size = 524288, r->offset = 42939187200
00:38:19 ERROR /home/bsc03/bsc03353/forge/src/dispatcher/posix.c:62 140654316467968: single write -1 of expected 524288
00:38:19 ERROR /home/bsc03/bsc03353/forge/src/dispatcher/posix.c:61 140645726516992: r->filehandle = 35, r->size = 524288, r->offset = 50096242688
00:38:19 ERROR /home/bsc03/bsc03353/forge/src/dispatcher/posix.c:62 140645726516992: single write -1 of expected 524288
00:38:20 ERROR /home/bsc03/bsc03353/forge/src/dispatcher/posix.c:61 140641431541504: r->filehandle = 35, r->size = 524288, r->offset = 24332730368
00:38:20 ERROR /home/bsc03/bsc03353/forge/src/dispatcher/posix.c:62 140641431541504: single write -1 of expected 524288
00:38:20 ERROR /home/bsc03/bsc03353/forge/src/dispatcher/posix.c:61 140468635952896: r->filehandle = 36, r->size = 524288, r->offset = 87309680640
00:38:20 ERROR /home/bsc03/bsc03353/forge/src/dispatcher/posix.c:62 140468635952896: single write -1 of expected 524288
00:38:20 ERROR /home/bsc03/bsc03353/forge/src/dispatcher/posix.c:61 140626399127296: r->filehandle = 35, r->size = 524288, r->offset = 32920567808
00:38:20 ERROR /home/bsc03/bsc03353/forge/src/dispatcher/posix.c:62 140626399127296: single write -1 of expected 524288
00:38:20 ERROR /home/bsc03/bsc03353/forge/src/dispatcher/posix.c:61 140445013587712: r->filehandle = 36, r->size = 524288, r->offset = 101622743040
00:38:20 ERROR /home/bsc03/bsc03353/forge/src/dispatcher/posix.c:62 140445013587712: single write -1 of expected 524288
00:38:21 ERROR /home/bsc03/bsc03353/forge/src/dispatcher/posix.c:61 140457898514176: r->filehandle = 36, r->size = 524288, r->offset = 133111480320
00:38:21 ERROR /home/bsc03/bsc03353/forge/src/dispatcher/posix.c:62 140457898514176: single write -1 of expected 524288
00:38:21 ERROR /home/bsc03/bsc03353/forge/src/dispatcher/posix.c:61 140630694102784: r->filehandle = 35, r->size = 524288, r->offset = 51528073216
00:38:21 ERROR /home/bsc03/bsc03353/forge/src/dispatcher/posix.c:62 140630694102784: single write -1 of expected 524288
00:38:21 ERROR /home/bsc03/bsc03353/forge/src/dispatcher/posix.c:61 140449308563200: r->filehandle = 36, r->size = 524288, r->offset = 118798417920
00:38:21 ERROR /home/bsc03/bsc03353/forge/src/dispatcher/posix.c:62 140449308563200: single write -1 of expected 524288
00:38:21 ERROR /home/bsc03/bsc03353/forge/src/dispatcher/posix.c:61 140438571124480: r->filehandle = 36, r->size = 524288, r->offset = 75859230720
00:38:21 ERROR /home/bsc03/bsc03353/forge/src/dispatcher/posix.c:62 140438571124480: single write -1 of expected 524288
00:38:22 ERROR /home/bsc03/bsc03353/forge/src/dispatcher/posix.c:61 140462193489664: r->filehandle = 36, r->size = 524288, r->offset = 128818085888
00:38:22 ERROR /home/bsc03/bsc03353/forge/src/dispatcher/posix.c:62 140462193489664: single write -1 of expected 524288
00:38:22 ERROR /home/bsc03/bsc03353/forge/src/dispatcher/posix.c:61 140639284053760: r->filehandle = 35, r->size = 524288, r->offset = 38645792768
00:38:22 ERROR /home/bsc03/bsc03353/forge/src/dispatcher/posix.c:62 140639284053760: single write -1 of expected 524288
00:38:22 ERROR /home/bsc03/bsc03353/forge/src/dispatcher/posix.c:61 140447161075456: r->filehandle = 36, r->size = 524288, r->offset = 81584455680
00:38:22 ERROR /home/bsc03/bsc03353/forge/src/dispatcher/posix.c:62 140447161075456: single write -1 of expected 524288
00:38:22 ERROR /home/bsc03/bsc03353/forge/src/dispatcher/posix.c:61 140440718612224: r->filehandle = 36, r->size = 524288, r->offset = 125955473408
00:38:22 ERROR /home/bsc03/bsc03353/forge/src/dispatcher/posix.c:62 140440718612224: single write -1 of expected 524288
00:38:23 ERROR /home/bsc03/bsc03353/forge/src/dispatcher/posix.c:61 140643579029248: r->filehandle = 35, r->size = 524288, r->offset = 61546692608
00:38:23 ERROR /home/bsc03/bsc03353/forge/src/dispatcher/posix.c:62 140643579029248: single write -1 of expected 524288
00:38:23 ERROR /home/bsc03/bsc03353/forge/src/dispatcher/posix.c:61 140453603538688: r->filehandle = 36, r->size = 524288, r->offset = 70134005760
00:38:23 ERROR /home/bsc03/bsc03353/forge/src/dispatcher/posix.c:62 140453603538688: single write -1 of expected 524288
00:38:23 ERROR /home/bsc03/bsc03353/forge/src/dispatcher/posix.c:61 140656463955712: r->filehandle = 35, r->size = 524288, r->offset = 58684604416
00:38:23 ERROR /home/bsc03/bsc03353/forge/src/dispatcher/posix.c:62 140656463955712: single write -1 of expected 524288
00:38:24 ERROR /home/bsc03/bsc03353/forge/src/dispatcher/posix.c:61 140460046001920: r->filehandle = 36, r->size = 524288, r->offset = 77291061248
00:38:24 ERROR /home/bsc03/bsc03353/forge/src/dispatcher/posix.c:62 140460046001920: single write -1 of expected 524288
00:38:24 ERROR /home/bsc03/bsc03353/forge/src/dispatcher/posix.c:61 140462193489664: r->filehandle = 36, r->size = 524288, r->offset = 134543310848
00:38:24 ERROR /home/bsc03/bsc03353/forge/src/dispatcher/posix.c:62 140462193489664: single write -1 of expected 524288
00:38:24 ERROR /home/bsc03/bsc03353/forge/src/dispatcher/posix.c:61 140658611443456: r->filehandle = 35, r->size = 524288, r->offset = 64409305088
00:38:24 ERROR /home/bsc03/bsc03353/forge/src/dispatcher/posix.c:62 140658611443456: single write -1 of expected 524288
00:38:25 ERROR /home/bsc03/bsc03353/forge/src/dispatcher/posix.c:61 140455751026432: r->filehandle = 36, r->size = 524288, r->offset = 123092860928
00:38:25 ERROR /home/bsc03/bsc03353/forge/src/dispatcher/posix.c:61 140634989078272: r->filehandle = 35, r->size = 524288, r->offset = 65840611328
00:38:25 ERROR /home/bsc03/bsc03353/forge/src/dispatcher/posix.c:62 140455751026432: single write -1 of expected 524288
00:38:25 ERROR /home/bsc03/bsc03353/forge/src/dispatcher/posix.c:62 140634989078272: single write -1 of expected 524288
00:38:25 ERROR /home/bsc03/bsc03353/forge/src/dispatcher/posix.c:61 140650021492480: r->filehandle = 35, r->size = 524288, r->offset = 8588886016
00:38:25 ERROR /home/bsc03/bsc03353/forge/src/dispatcher/posix.c:62 140650021492480: single write -1 of expected 524288
00:38:26 ERROR /home/bsc03/bsc03353/forge/src/dispatcher/posix.c:61 140647874004736: r->filehandle = 35, r->size = 524288, r->offset = 18607505408
00:38:26 ERROR /home/bsc03/bsc03353/forge/src/dispatcher/posix.c:61 140447161075456: r->filehandle = 36, r->size = 524288, r->offset = 108779798528
00:38:26 ERROR /home/bsc03/bsc03353/forge/src/dispatcher/posix.c:62 140647874004736: single write -1 of expected 524288
00:38:26 ERROR /home/bsc03/bsc03353/forge/src/dispatcher/posix.c:62 140447161075456: single write -1 of expected 524288
00:38:26 ERROR /home/bsc03/bsc03353/forge/src/dispatcher/posix.c:61 140466488465152: r->filehandle = 36, r->size = 524288, r->offset = 90172293120
00:38:26 ERROR /home/bsc03/bsc03353/forge/src/dispatcher/posix.c:62 140466488465152: single write -1 of expected 524288
00:38:26 ERROR /home/bsc03/bsc03353/forge/src/dispatcher/posix.c:61 140643579029248: r->filehandle = 35, r->size = 524288, r->offset = 67271917568
00:38:26 ERROR /home/bsc03/bsc03353/forge/src/dispatcher/posix.c:62 140643579029248: single write -1 of expected 524288
00:38:27 ERROR /home/bsc03/bsc03353/forge/src/dispatcher/posix.c:61 140462193489664: r->filehandle = 36, r->size = 524288, r->offset = 115936329728
00:38:27 ERROR /home/bsc03/bsc03353/forge/src/dispatcher/posix.c:62 140462193489664: single write -1 of expected 524288
00:38:27 ERROR /home/bsc03/bsc03353/forge/src/dispatcher/posix.c:61 140628546615040: r->filehandle = 35, r->size = 524288, r->offset = 14313062400
00:38:27 ERROR /home/bsc03/bsc03353/forge/src/dispatcher/posix.c:61 140464340977408: r->filehandle = 36, r->size = 524288, r->offset = 120230248448
00:38:27 ERROR /home/bsc03/bsc03353/forge/src/dispatcher/posix.c:62 140464340977408: single write -1 of expected 524288
00:38:27 ERROR /home/bsc03/bsc03353/forge/src/dispatcher/posix.c:62 140628546615040: single write -1 of expected 524288
00:38:28 ERROR /home/bsc03/bsc03353/forge/src/dispatcher/posix.c:61 140639284053760: r->filehandle = 35, r->size = 524288, r->offset = 12882280448
00:38:28 ERROR /home/bsc03/bsc03353/forge/src/dispatcher/posix.c:62 140639284053760: single write -1 of expected 524288
00:38:28 ERROR /home/bsc03/bsc03353/forge/src/dispatcher/posix.c:61 140468635952896: r->filehandle = 36, r->size = 524288, r->offset = 85878898688
00:38:28 ERROR /home/bsc03/bsc03353/forge/src/dispatcher/posix.c:62 140468635952896: single write -1 of expected 524288
00:38:28 ERROR /home/bsc03/bsc03353/forge/src/dispatcher/posix.c:61 140436423636736: r->filehandle = 36, r->size = 524288, r->offset = 83016286208
00:38:28 ERROR /home/bsc03/bsc03353/forge/src/dispatcher/posix.c:61 140656463955712: r->filehandle = 35, r->size = 524288, r->offset = 1432354816
00:38:28 ERROR /home/bsc03/bsc03353/forge/src/dispatcher/posix.c:62 140436423636736: single write -1 of expected 524288
00:38:28 ERROR /home/bsc03/bsc03353/forge/src/dispatcher/posix.c:62 140656463955712: single write -1 of expected 524288
00:38:29 ERROR /home/bsc03/bsc03353/forge/src/dispatcher/posix.c:61 140464340977408: r->filehandle = 36, r->size = 524288, r->offset = 94466736128
00:38:29 ERROR /home/bsc03/bsc03353/forge/src/dispatcher/posix.c:62 140464340977408: single write -1 of expected 524288
00:38:29 ERROR /home/bsc03/bsc03353/forge/src/dispatcher/posix.c:61 140647874004736: r->filehandle = 35, r->size = 524288, r->offset = 28627173376
00:38:29 ERROR /home/bsc03/bsc03353/forge/src/dispatcher/posix.c:61 140440718612224: r->filehandle = 36, r->size = 524288, r->offset = 111642411008
00:38:29 ERROR /home/bsc03/bsc03353/forge/src/dispatcher/posix.c:62 140440718612224: single write -1 of expected 524288
00:38:29 ERROR /home/bsc03/bsc03353/forge/src/dispatcher/posix.c:62 140647874004736: single write -1 of expected 524288
00:38:30 ERROR /home/bsc03/bsc03353/forge/src/dispatcher/posix.c:61 140451456050944: r->filehandle = 36, r->size = 524288, r->offset = 121661030400
00:38:30 ERROR /home/bsc03/bsc03353/forge/src/dispatcher/posix.c:62 140451456050944: single write -1 of expected 524288
00:38:30 ERROR /home/bsc03/bsc03353/forge/src/dispatcher/posix.c:61 140438571124480: r->filehandle = 36, r->size = 524288, r->offset = 93035429888
00:38:30 ERROR /home/bsc03/bsc03353/forge/src/dispatcher/posix.c:62 140438571124480: single write -1 of expected 524288
00:38:30 ERROR /home/bsc03/bsc03353/forge/src/dispatcher/posix.c:61 140630694102784: r->filehandle = 35, r->size = 524288, r->offset = 48665460736
00:38:30 ERROR /home/bsc03/bsc03353/forge/src/dispatcher/posix.c:62 140630694102784: single write -1 of expected 524288
00:38:30 ERROR /home/bsc03/bsc03353/forge/src/dispatcher/posix.c:61 140654316467968: r->filehandle = 35, r->size = 524288, r->offset = 27195342848
00:38:30 ERROR /home/bsc03/bsc03353/forge/src/dispatcher/posix.c:62 140654316467968: single write -1 of expected 524288
00:38:31 ERROR /home/bsc03/bsc03353/forge/src/dispatcher/posix.c:61 140645726516992: r->filehandle = 35, r->size = 524288, r->offset = 5726273536
00:38:31 ERROR /home/bsc03/bsc03353/forge/src/dispatcher/posix.c:62 140645726516992: single write -1 of expected 524288
00:38:31 ERROR /home/bsc03/bsc03353/forge/src/dispatcher/posix.c:61 140628546615040: r->filehandle = 35, r->size = 524288, r->offset = 30058479616
00:38:31 ERROR /home/bsc03/bsc03353/forge/src/dispatcher/posix.c:62 140628546615040: single write -1 of expected 524288
00:38:31 ERROR /home/bsc03/bsc03353/forge/src/dispatcher/posix.c:61 140464340977408: r->filehandle = 36, r->size = 524288, r->offset = 95898042368
00:38:31 ERROR /home/bsc03/bsc03353/forge/src/dispatcher/posix.c:62 140464340977408: single write -1 of expected 524288
00:38:32 ERROR /home/bsc03/bsc03353/forge/src/dispatcher/posix.c:61 140652168980224: r->filehandle = 35, r->size = 524288, r->offset = 4294967296
00:38:32 ERROR /home/bsc03/bsc03353/forge/src/dispatcher/posix.c:61 140457898514176: r->filehandle = 36, r->size = 524288, r->offset = 114505023488
00:38:32 ERROR /home/bsc03/bsc03353/forge/src/dispatcher/posix.c:62 140457898514176: single write -1 of expected 524288
00:38:32 ERROR /home/bsc03/bsc03353/forge/src/dispatcher/posix.c:62 140652168980224: single write -1 of expected 524288
00:38:32 ERROR /home/bsc03/bsc03353/forge/src/dispatcher/posix.c:61 140462193489664: r->filehandle = 36, r->size = 524288, r->offset = 103054573568
00:38:32 ERROR /home/bsc03/bsc03353/forge/src/dispatcher/posix.c:62 140462193489664: single write -1 of expected 524288
00:38:32 ERROR /home/bsc03/bsc03353/forge/src/dispatcher/posix.c:61 140637136566016: r->filehandle = 35, r->size = 524288, r->offset = 22901948416
00:38:32 ERROR /home/bsc03/bsc03353/forge/src/dispatcher/posix.c:61 140468635952896: r->filehandle = 36, r->size = 524288, r->offset = 124524167168
00:38:32 ERROR /home/bsc03/bsc03353/forge/src/dispatcher/posix.c:62 140468635952896: single write -1 of expected 524288
00:38:32 ERROR /home/bsc03/bsc03353/forge/src/dispatcher/posix.c:62 140637136566016: single write -1 of expected 524288
00:38:33 ERROR /home/bsc03/bsc03353/forge/src/dispatcher/posix.c:61 140445013587712: r->filehandle = 36, r->size = 524288, r->offset = 127386779648
00:38:33 ERROR /home/bsc03/bsc03353/forge/src/dispatcher/posix.c:62 140445013587712: single write -1 of expected 524288
00:38:33 ERROR /home/bsc03/bsc03353/forge/src/dispatcher/posix.c:61 140436423636736: r->filehandle = 36, r->size = 524288, r->offset = 97329348608
00:38:33 ERROR /home/bsc03/bsc03353/forge/src/dispatcher/posix.c:62 140436423636736: single write -1 of expected 524288
00:38:33 ERROR /home/bsc03/bsc03353/forge/src/dispatcher/posix.c:61 140466488465152: r->filehandle = 36, r->size = 524288, r->offset = 71565836288
00:38:33 ERROR /home/bsc03/bsc03353/forge/src/dispatcher/posix.c:62 140466488465152: single write -1 of expected 524288
00:38:34 ERROR /home/bsc03/bsc03353/forge/src/dispatcher/posix.c:61 140658611443456: r->filehandle = 35, r->size = 524288, r->offset = 52959379456
00:38:34 ERROR /home/bsc03/bsc03353/forge/src/dispatcher/posix.c:62 140658611443456: single write -1 of expected 524288
00:38:34 ERROR /home/bsc03/bsc03353/forge/src/dispatcher/posix.c:61 140641431541504: r->filehandle = 35, r->size = 524288, r->offset = 41508929536
00:38:34 ERROR /home/bsc03/bsc03353/forge/src/dispatcher/posix.c:62 140641431541504: single write -1 of expected 524288
00:38:34 ERROR /home/bsc03/bsc03353/forge/src/dispatcher/posix.c:61 140650021492480: r->filehandle = 35, r->size = 524288, r->offset = 45802848256
00:38:34 ERROR /home/bsc03/bsc03353/forge/src/dispatcher/posix.c:62 140650021492480: single write -1 of expected 524288
00:38:35 ERROR /home/bsc03/bsc03353/forge/src/dispatcher/posix.c:61 140626399127296: r->filehandle = 35, r->size = 524288, r->offset = 15744892928
00:38:35 ERROR /home/bsc03/bsc03353/forge/src/dispatcher/posix.c:62 140626399127296: single write -1 of expected 524288
00:38:35 ERROR /home/bsc03/bsc03353/forge/src/dispatcher/posix.c:61 140643579029248: r->filehandle = 35, r->size = 524288, r->offset = 21470642176
00:38:35 ERROR /home/bsc03/bsc03353/forge/src/dispatcher/posix.c:62 140643579029248: single write -1 of expected 524288
00:38:35 ERROR /home/bsc03/bsc03353/forge/src/dispatcher/posix.c:61 140460046001920: r->filehandle = 36, r->size = 524288, r->offset = 107348492288
00:38:35 ERROR /home/bsc03/bsc03353/forge/src/dispatcher/posix.c:62 140460046001920: single write -1 of expected 524288
00:38:36 ERROR /home/bsc03/bsc03353/forge/src/dispatcher/posix.c:61 140639284053760: r->filehandle = 35, r->size = 524288, r->offset = 35783704576
00:38:36 ERROR /home/bsc03/bsc03353/forge/src/dispatcher/posix.c:62 140639284053760: single write -1 of expected 524288
00:38:36 ERROR /home/bsc03/bsc03353/forge/src/dispatcher/posix.c:61 140449308563200: r->filehandle = 36, r->size = 524288, r->offset = 113073717248
00:38:36 ERROR /home/bsc03/bsc03353/forge/src/dispatcher/posix.c:62 140449308563200: single write -1 of expected 524288
00:38:36 ERROR /home/bsc03/bsc03353/forge/src/dispatcher/posix.c:61 140436423636736: r->filehandle = 36, r->size = 524288, r->offset = 78722367488
00:38:36 ERROR /home/bsc03/bsc03353/forge/src/dispatcher/posix.c:62 140436423636736: single write -1 of expected 524288
00:38:36 ERROR /home/bsc03/bsc03353/forge/src/dispatcher/posix.c:61 140634989078272: r->filehandle = 35, r->size = 524288, r->offset = 10019667968
00:38:36 ERROR /home/bsc03/bsc03353/forge/src/dispatcher/posix.c:62 140634989078272: single write -1 of expected 524288
00:38:37 ERROR /home/bsc03/bsc03353/forge/src/dispatcher/posix.c:61 140641431541504: r->filehandle = 35, r->size = 524288, r->offset = 54390161408
00:38:37 ERROR /home/bsc03/bsc03353/forge/src/dispatcher/posix.c:62 140641431541504: single write -1 of expected 524288
00:38:37 ERROR /home/bsc03/bsc03353/forge/src/dispatcher/posix.c:61 140442866099968: r->filehandle = 36, r->size = 524288, r->offset = 131680698368
00:38:37 ERROR /home/bsc03/bsc03353/forge/src/dispatcher/posix.c:62 140442866099968: single write -1 of expected 524288
00:38:38 ERROR /home/bsc03/bsc03353/forge/src/dispatcher/posix.c:61 140628546615040: r->filehandle = 35, r->size = 524288, r->offset = 31489261568
00:38:38 ERROR /home/bsc03/bsc03353/forge/src/dispatcher/posix.c:62 140628546615040: single write -1 of expected 524288
00:38:38 ERROR /home/bsc03/bsc03353/forge/src/dispatcher/posix.c:61 140645726516992: r->filehandle = 35, r->size = 524288, r->offset = 42939711488
00:38:38 ERROR /home/bsc03/bsc03353/forge/src/dispatcher/posix.c:62 140645726516992: single write -1 of expected 524288
00:38:38 ERROR /home/bsc03/bsc03353/forge/src/dispatcher/posix.c:61 140652168980224: r->filehandle = 35, r->size = 524288, r->offset = 55821991936
00:38:38 ERROR /home/bsc03/bsc03353/forge/src/dispatcher/posix.c:62 140652168980224: single write -1 of expected 524288
00:38:39 ERROR /home/bsc03/bsc03353/forge/src/dispatcher/posix.c:61 140457898514176: r->filehandle = 36, r->size = 524288, r->offset = 110211104768
00:38:39 ERROR /home/bsc03/bsc03353/forge/src/dispatcher/posix.c:62 140457898514176: single write -1 of expected 524288
00:38:39 ERROR /home/bsc03/bsc03353/forge/src/dispatcher/posix.c:61 140634989078272: r->filehandle = 35, r->size = 524288, r->offset = 67272441856
00:38:39 ERROR /home/bsc03/bsc03353/forge/src/dispatcher/posix.c:62 140634989078272: single write -1 of expected 524288
00:38:39 ERROR /home/bsc03/bsc03353/forge/src/dispatcher/posix.c:61 140647874004736: r->filehandle = 35, r->size = 524288, r->offset = 44371542016
00:38:39 ERROR /home/bsc03/bsc03353/forge/src/dispatcher/posix.c:62 140647874004736: single write -1 of expected 524288
00:38:39 ERROR /home/bsc03/bsc03353/forge/src/dispatcher/posix.c:61 140449308563200: r->filehandle = 36, r->size = 524288, r->offset = 128818610176
00:38:39 ERROR /home/bsc03/bsc03353/forge/src/dispatcher/posix.c:62 140449308563200: single write -1 of expected 524288
00:38:40 ERROR /home/bsc03/bsc03353/forge/src/dispatcher/posix.c:61 140630694102784: r->filehandle = 35, r->size = 524288, r->offset = 7157579776
00:38:40 ERROR /home/bsc03/bsc03353/forge/src/dispatcher/posix.c:62 140630694102784: single write -1 of expected 524288
00:38:40 ERROR /home/bsc03/bsc03353/forge/src/dispatcher/posix.c:61 140460046001920: r->filehandle = 36, r->size = 524288, r->offset = 84447592448
00:38:40 ERROR /home/bsc03/bsc03353/forge/src/dispatcher/posix.c:62 140460046001920: single write -1 of expected 524288
00:38:40 ERROR /home/bsc03/bsc03353/forge/src/dispatcher/posix.c:61 140647874004736: r->filehandle = 35, r->size = 524288, r->offset = 58685128704
00:38:40 ERROR /home/bsc03/bsc03353/forge/src/dispatcher/posix.c:62 140647874004736: single write -1 of expected 524288
00:38:41 ERROR /home/bsc03/bsc03353/forge/src/dispatcher/posix.c:61 140650021492480: r->filehandle = 35, r->size = 524288, r->offset = 24333254656
00:38:41 ERROR /home/bsc03/bsc03353/forge/src/dispatcher/posix.c:62 140650021492480: single write -1 of expected 524288
00:38:41 ERROR /home/bsc03/bsc03353/forge/src/dispatcher/posix.c:61 140632841590528: r->filehandle = 35, r->size = 524288, r->offset = 17175674880
00:38:41 ERROR /home/bsc03/bsc03353/forge/src/dispatcher/posix.c:62 140632841590528: single write -1 of expected 524288
00:38:41 ERROR /home/bsc03/bsc03353/forge/src/dispatcher/posix.c:61 140451456050944: r->filehandle = 36, r->size = 524288, r->offset = 105917186048
00:38:41 ERROR /home/bsc03/bsc03353/forge/src/dispatcher/posix.c:62 140451456050944: single write -1 of expected 524288
00:38:42 ERROR /home/bsc03/bsc03353/forge/src/dispatcher/posix.c:61 140643579029248: r->filehandle = 35, r->size = 524288, r->offset = 64409829376
00:38:42 ERROR /home/bsc03/bsc03353/forge/src/dispatcher/posix.c:62 140643579029248: single write -1 of expected 524288
00:38:42 ERROR /home/bsc03/bsc03353/forge/src/dispatcher/posix.c:61 140645726516992: r->filehandle = 35, r->size = 524288, r->offset = 38646317056
00:38:42 ERROR /home/bsc03/bsc03353/forge/src/dispatcher/posix.c:62 140645726516992: single write -1 of expected 524288
00:38:43 ERROR /home/bsc03/bsc03353/forge/src/dispatcher/posix.c:61 140468635952896: r->filehandle = 36, r->size = 524288, r->offset = 135974617088
00:38:43 ERROR /home/bsc03/bsc03353/forge/src/dispatcher/posix.c:62 140468635952896: single write -1 of expected 524288
00:38:43 ERROR /home/bsc03/bsc03353/forge/src/dispatcher/posix.c:61 140639284053760: r->filehandle = 35, r->size = 524288, r->offset = 8589410304
00:38:43 ERROR /home/bsc03/bsc03353/forge/src/dispatcher/posix.c:62 140639284053760: single write -1 of expected 524288
00:38:43 ERROR /home/bsc03/bsc03353/forge/src/dispatcher/posix.c:61 140637136566016: r->filehandle = 35, r->size = 524288, r->offset = 50096766976
00:38:43 ERROR /home/bsc03/bsc03353/forge/src/dispatcher/posix.c:62 140637136566016: single write -1 of expected 524288
00:38:43 ERROR /home/bsc03/bsc03353/forge/src/dispatcher/posix.c:61 140445013587712: r->filehandle = 36, r->size = 524288, r->offset = 88741511168
00:38:43 ERROR /home/bsc03/bsc03353/forge/src/dispatcher/posix.c:62 140445013587712: single write -1 of expected 524288
00:38:44 ERROR /home/bsc03/bsc03353/forge/src/dispatcher/posix.c:61 140455751026432: r->filehandle = 36, r->size = 524288, r->offset = 98760654848
00:38:44 ERROR /home/bsc03/bsc03353/forge/src/dispatcher/posix.c:62 140455751026432: single write -1 of expected 524288
00:38:44 ERROR /home/bsc03/bsc03353/forge/src/dispatcher/posix.c:61 140466488465152: r->filehandle = 36, r->size = 524288, r->offset = 68703223808
00:38:44 ERROR /home/bsc03/bsc03353/forge/src/dispatcher/posix.c:62 140466488465152: single write -1 of expected 524288
00:38:44 ERROR /home/bsc03/bsc03353/forge/src/dispatcher/posix.c:61 140453603538688: r->filehandle = 36, r->size = 524288, r->offset = 104485879808
00:38:44 ERROR /home/bsc03/bsc03353/forge/src/dispatcher/posix.c:62 140453603538688: single write -1 of expected 524288
00:38:45 ERROR /home/bsc03/bsc03353/forge/src/dispatcher/posix.c:61 140656463955712: r->filehandle = 35, r->size = 524288, r->offset = 47234678784
00:38:45 ERROR /home/bsc03/bsc03353/forge/src/dispatcher/posix.c:61 140460046001920: r->filehandle = 36, r->size = 524288, r->offset = 133112004608
00:38:45 ERROR /home/bsc03/bsc03353/forge/src/dispatcher/posix.c:62 140460046001920: single write -1 of expected 524288
00:38:45 ERROR /home/bsc03/bsc03353/forge/src/dispatcher/posix.c:62 140656463955712: single write -1 of expected 524288
00:38:45 ERROR /home/bsc03/bsc03353/forge/src/dispatcher/posix.c:61 140468635952896: r->filehandle = 36, r->size = 524288, r->offset = 118798942208
00:38:45 ERROR /home/bsc03/bsc03353/forge/src/dispatcher/posix.c:62 140468635952896: single write -1 of expected 524288
00:38:45 ERROR /home/bsc03/bsc03353/forge/src/dispatcher/posix.c:61 140626399127296: r->filehandle = 35, r->size = 524288, r->offset = 51528597504
00:38:45 ERROR /home/bsc03/bsc03353/forge/src/dispatcher/posix.c:62 140626399127296: single write -1 of expected 524288
00:38:46 ERROR /home/bsc03/bsc03353/forge/src/dispatcher/posix.c:61 140641431541504: r->filehandle = 35, r->size = 524288, r->offset = 18608029696
00:38:46 ERROR /home/bsc03/bsc03353/forge/src/dispatcher/posix.c:62 140641431541504: single write -1 of expected 524288
00:38:46 ERROR /home/bsc03/bsc03353/forge/src/dispatcher/posix.c:61 140447161075456: r->filehandle = 36, r->size = 524288, r->offset = 100191961088
00:38:46 ERROR /home/bsc03/bsc03353/forge/src/dispatcher/posix.c:62 140447161075456: single write -1 of expected 524288
00:38:46 ERROR /home/bsc03/bsc03353/forge/src/dispatcher/posix.c:61 140654316467968: r->filehandle = 35, r->size = 524288, r->offset = 11451498496
00:38:46 ERROR /home/bsc03/bsc03353/forge/src/dispatcher/posix.c:62 140654316467968: single write -1 of expected 524288
00:38:46 ERROR /home/bsc03/bsc03353/forge/src/dispatcher/posix.c:61 140647874004736: r->filehandle = 35, r->size = 524288, r->offset = 524288
00:38:46 ERROR /home/bsc03/bsc03353/forge/src/dispatcher/posix.c:62 140647874004736: single write -1 of expected 524288
00:38:47 ERROR /home/bsc03/bsc03353/forge/src/dispatcher/posix.c:61 140449308563200: r->filehandle = 36, r->size = 524288, r->offset = 72997142528
00:38:47 ERROR /home/bsc03/bsc03353/forge/src/dispatcher/posix.c:62 140449308563200: single write -1 of expected 524288
00:38:47 ERROR /home/bsc03/bsc03353/forge/src/dispatcher/posix.c:61 140628546615040: r->filehandle = 35, r->size = 524288, r->offset = 32921092096
00:38:47 ERROR /home/bsc03/bsc03353/forge/src/dispatcher/posix.c:62 140628546615040: single write -1 of expected 524288
00:38:47 ERROR /home/bsc03/bsc03353/forge/src/dispatcher/posix.c:61 140457898514176: r->filehandle = 36, r->size = 524288, r->offset = 87310204928
00:38:47 ERROR /home/bsc03/bsc03353/forge/src/dispatcher/posix.c:62 140457898514176: single write -1 of expected 524288
00:38:47 ERROR /home/bsc03/bsc03353/forge/src/dispatcher/posix.c:61 140440718612224: r->filehandle = 36, r->size = 524288, r->offset = 117367635968
00:38:47 ERROR /home/bsc03/bsc03353/forge/src/dispatcher/posix.c:62 140440718612224: single write -1 of expected 524288
00:38:48 ERROR /home/bsc03/bsc03353/forge/src/dispatcher/posix.c:61 140442866099968: r->filehandle = 36, r->size = 524288, r->offset = 74428448768
00:38:48 ERROR /home/bsc03/bsc03353/forge/src/dispatcher/posix.c:62 140442866099968: single write -1 of expected 524288
00:38:48 ERROR /home/bsc03/bsc03353/forge/src/dispatcher/posix.c:61 140460046001920: r->filehandle = 36, r->size = 524288, r->offset = 134543835136
00:38:48 ERROR /home/bsc03/bsc03353/forge/src/dispatcher/posix.c:62 140460046001920: single write -1 of expected 524288
00:38:48 ERROR /home/bsc03/bsc03353/forge/src/dispatcher/posix.c:61 140641431541504: r->filehandle = 35, r->size = 524288, r->offset = 52959903744
00:38:48 ERROR /home/bsc03/bsc03353/forge/src/dispatcher/posix.c:62 140641431541504: single write -1 of expected 524288
00:38:48 ERROR /home/bsc03/bsc03353/forge/src/dispatcher/posix.c:61 140634989078272: r->filehandle = 35, r->size = 524288, r->offset = 12882804736
00:38:48 ERROR /home/bsc03/bsc03353/forge/src/dispatcher/posix.c:62 140634989078272: single write -1 of expected 524288
00:38:49 ERROR /home/bsc03/bsc03353/forge/src/dispatcher/posix.c:61 140445013587712: r->filehandle = 36, r->size = 524288, r->offset = 125955997696
00:38:49 ERROR /home/bsc03/bsc03353/forge/src/dispatcher/posix.c:62 140445013587712: single write -1 of expected 524288
00:38:49 ERROR /home/bsc03/bsc03353/forge/src/dispatcher/posix.c:61 140650021492480: r->filehandle = 35, r->size = 524288, r->offset = 61547216896
00:38:49 ERROR /home/bsc03/bsc03353/forge/src/dispatcher/posix.c:61 140464340977408: r->filehandle = 36, r->size = 524288, r->offset = 80153673728
00:38:49 ERROR /home/bsc03/bsc03353/forge/src/dispatcher/posix.c:62 140464340977408: single write -1 of expected 524288
00:38:49 ERROR /home/bsc03/bsc03353/forge/src/dispatcher/posix.c:62 140650021492480: single write -1 of expected 524288
00:38:50 ERROR /home/bsc03/bsc03353/forge/src/dispatcher/posix.c:61 140466488465152: r->filehandle = 36, r->size = 524288, r->offset = 81584979968
00:38:50 ERROR /home/bsc03/bsc03353/forge/src/dispatcher/posix.c:62 140466488465152: single write -1 of expected 524288
00:38:50 ERROR /home/bsc03/bsc03353/forge/src/dispatcher/posix.c:61 140460046001920: r->filehandle = 36, r->size = 524288, r->offset = 90172817408
00:38:50 ERROR /home/bsc03/bsc03353/forge/src/dispatcher/posix.c:62 140460046001920: single write -1 of expected 524288
00:38:51 ERROR /home/bsc03/bsc03353/forge/src/dispatcher/posix.c:61 140658611443456: r->filehandle = 35, r->size = 524288, r->offset = 20038811648
00:38:51 ERROR /home/bsc03/bsc03353/forge/src/dispatcher/posix.c:62 140658611443456: single write -1 of expected 524288
00:38:51 ERROR /home/bsc03/bsc03353/forge/src/dispatcher/posix.c:61 140440718612224: r->filehandle = 36, r->size = 524288, r->offset = 111642935296
00:38:51 ERROR /home/bsc03/bsc03353/forge/src/dispatcher/posix.c:62 140440718612224: single write -1 of expected 524288
00:38:52 ERROR /home/bsc03/bsc03353/forge/src/dispatcher/posix.c:61 140449308563200: r->filehandle = 36, r->size = 524288, r->offset = 120230772736
00:38:52 ERROR /home/bsc03/bsc03353/forge/src/dispatcher/posix.c:62 140449308563200: single write -1 of expected 524288
00:38:52 ERROR /home/bsc03/bsc03353/forge/src/dispatcher/posix.c:61 140632841590528: r->filehandle = 35, r->size = 524288, r->offset = 40076574720
00:38:52 ERROR /home/bsc03/bsc03353/forge/src/dispatcher/posix.c:62 140632841590528: single write -1 of expected 524288
00:38:52 ERROR /home/bsc03/bsc03353/forge/src/dispatcher/posix.c:61 140447161075456: r->filehandle = 36, r->size = 524288, r->offset = 123093385216
00:38:52 ERROR /home/bsc03/bsc03353/forge/src/dispatcher/posix.c:62 140447161075456: single write -1 of expected 524288
00:38:53 ERROR /home/bsc03/bsc03353/forge/src/dispatcher/posix.c:61 140641431541504: r->filehandle = 35, r->size = 524288, r->offset = 28627697664
00:38:53 ERROR /home/bsc03/bsc03353/forge/src/dispatcher/posix.c:62 140641431541504: single write -1 of expected 524288
00:38:53 ERROR /home/bsc03/bsc03353/forge/src/dispatcher/posix.c:61 140652168980224: r->filehandle = 35, r->size = 524288, r->offset = 25764036608
00:38:53 ERROR /home/bsc03/bsc03353/forge/src/dispatcher/posix.c:62 140652168980224: single write -1 of expected 524288
00:38:53 ERROR /home/bsc03/bsc03353/forge/src/dispatcher/posix.c:61 140654316467968: r->filehandle = 35, r->size = 524288, r->offset = 1432879104
00:38:53 ERROR /home/bsc03/bsc03353/forge/src/dispatcher/posix.c:62 140654316467968: single write -1 of expected 524288
00:38:53 ERROR /home/bsc03/bsc03353/forge/src/dispatcher/posix.c:61 140634989078272: r->filehandle = 35, r->size = 524288, r->offset = 45803372544
00:38:53 ERROR /home/bsc03/bsc03353/forge/src/dispatcher/posix.c:62 140634989078272: single write -1 of expected 524288
00:38:54 ERROR /home/bsc03/bsc03353/forge/src/dispatcher/posix.c:61 140628546615040: r->filehandle = 35, r->size = 524288, r->offset = 41509453824
00:38:54 ERROR /home/bsc03/bsc03353/forge/src/dispatcher/posix.c:62 140628546615040: single write -1 of expected 524288
00:38:54 ERROR /home/bsc03/bsc03353/forge/src/dispatcher/posix.c:61 140466488465152: r->filehandle = 36, r->size = 524288, r->offset = 121661554688
00:38:54 ERROR /home/bsc03/bsc03353/forge/src/dispatcher/posix.c:62 140466488465152: single write -1 of expected 524288
00:38:54 ERROR /home/bsc03/bsc03353/forge/src/dispatcher/posix.c:61 140645726516992: r->filehandle = 35, r->size = 524288, r->offset = 5726797824
00:38:54 ERROR /home/bsc03/bsc03353/forge/src/dispatcher/posix.c:62 140645726516992: single write -1 of expected 524288
00:38:54 ERROR /home/bsc03/bsc03353/forge/src/dispatcher/posix.c:61 140630694102784: r->filehandle = 35, r->size = 524288, r->offset = 65841135616
00:38:54 ERROR /home/bsc03/bsc03353/forge/src/dispatcher/posix.c:62 140630694102784: single write -1 of expected 524288
00:38:55 ERROR /home/bsc03/bsc03353/forge/src/dispatcher/posix.c:61 140626399127296: r->filehandle = 35, r->size = 524288, r->offset = 14313586688
00:38:55 ERROR /home/bsc03/bsc03353/forge/src/dispatcher/posix.c:62 140626399127296: single write -1 of expected 524288
00:38:55 ERROR /home/bsc03/bsc03353/forge/src/dispatcher/posix.c:61 140643579029248: r->filehandle = 35, r->size = 524288, r->offset = 62977998848
00:38:55 ERROR /home/bsc03/bsc03353/forge/src/dispatcher/posix.c:62 140643579029248: single write -1 of expected 524288
00:38:55 ERROR /home/bsc03/bsc03353/forge/src/dispatcher/posix.c:61 140440718612224: r->filehandle = 36, r->size = 524288, r->offset = 114505547776
00:38:55 ERROR /home/bsc03/bsc03353/forge/src/dispatcher/posix.c:62 140440718612224: single write -1 of expected 524288
00:38:55 ERROR /home/bsc03/bsc03353/forge/src/dispatcher/posix.c:61 140650021492480: r->filehandle = 35, r->size = 524288, r->offset = 22902472704
00:38:55 ERROR /home/bsc03/bsc03353/forge/src/dispatcher/posix.c:62 140650021492480: single write -1 of expected 524288
00:38:56 ERROR /home/bsc03/bsc03353/forge/src/dispatcher/posix.c:61 140637136566016: r->filehandle = 35, r->size = 524288, r->offset = 48665985024
00:38:56 ERROR /home/bsc03/bsc03353/forge/src/dispatcher/posix.c:62 140637136566016: single write -1 of expected 524288
00:38:56 ERROR /home/bsc03/bsc03353/forge/src/dispatcher/posix.c:61 140658611443456: r->filehandle = 35, r->size = 524288, r->offset = 60115386368
00:38:56 ERROR /home/bsc03/bsc03353/forge/src/dispatcher/posix.c:62 140658611443456: single write -1 of expected 524288
00:38:56 ERROR /home/bsc03/bsc03353/forge/src/dispatcher/posix.c:61 140647874004736: r->filehandle = 35, r->size = 524288, r->offset = 4295491584
00:38:56 ERROR /home/bsc03/bsc03353/forge/src/dispatcher/posix.c:62 140647874004736: single write -1 of expected 524288
00:38:57 ERROR /home/bsc03/bsc03353/forge/src/dispatcher/posix.c:61 140639284053760: r->filehandle = 35, r->size = 524288, r->offset = 27195867136
00:38:57 ERROR /home/bsc03/bsc03353/forge/src/dispatcher/posix.c:62 140639284053760: single write -1 of expected 524288
00:38:57 ERROR /home/bsc03/bsc03353/forge/src/dispatcher/posix.c:61 140656463955712: r->filehandle = 35, r->size = 524288, r->offset = 30059003904
00:38:57 ERROR /home/bsc03/bsc03353/forge/src/dispatcher/posix.c:62 140656463955712: single write -1 of expected 524288
00:38:58 ERROR /home/bsc03/bsc03353/forge/src/dispatcher/posix.c:61 140436423636736: r->filehandle = 36, r->size = 524288, r->offset = 101623267328
00:38:58 ERROR /home/bsc03/bsc03353/forge/src/dispatcher/posix.c:62 140436423636736: single write -1 of expected 524288
00:38:58 ERROR /home/bsc03/bsc03353/forge/src/dispatcher/posix.c:61 140457898514176: r->filehandle = 36, r->size = 524288, r->offset = 94467260416
00:38:58 ERROR /home/bsc03/bsc03353/forge/src/dispatcher/posix.c:62 140457898514176: single write -1 of expected 524288
00:38:58 ERROR /home/bsc03/bsc03353/forge/src/dispatcher/posix.c:61 140449308563200: r->filehandle = 36, r->size = 524288, r->offset = 85879422976
00:38:58 ERROR /home/bsc03/bsc03353/forge/src/dispatcher/posix.c:62 140449308563200: single write -1 of expected 524288
00:38:58 ERROR /home/bsc03/bsc03353/forge/src/dispatcher/posix.c:61 140445013587712: r->filehandle = 36, r->size = 524288, r->offset = 95898566656
00:38:58 ERROR /home/bsc03/bsc03353/forge/src/dispatcher/posix.c:62 140445013587712: single write -1 of expected 524288
00:38:59 ERROR /home/bsc03/bsc03353/forge/src/dispatcher/posix.c:61 140464340977408: r->filehandle = 36, r->size = 524288, r->offset = 83016810496
00:38:59 ERROR /home/bsc03/bsc03353/forge/src/dispatcher/posix.c:62 140464340977408: single write -1 of expected 524288
00:38:59 ERROR /home/bsc03/bsc03353/forge/src/dispatcher/posix.c:61 140453603538688: r->filehandle = 36, r->size = 524288, r->offset = 70134530048
00:38:59 ERROR /home/bsc03/bsc03353/forge/src/dispatcher/posix.c:62 140453603538688: single write -1 of expected 524288
00:38:59 ERROR /home/bsc03/bsc03353/forge/src/dispatcher/posix.c:61 140462193489664: r->filehandle = 36, r->size = 524288, r->offset = 130249392128
00:38:59 ERROR /home/bsc03/bsc03353/forge/src/dispatcher/posix.c:62 140462193489664: single write -1 of expected 524288
00:39:00 ERROR /home/bsc03/bsc03353/forge/src/dispatcher/posix.c:61 140451456050944: r->filehandle = 36, r->size = 524288, r->offset = 75859755008
00:39:00 ERROR /home/bsc03/bsc03353/forge/src/dispatcher/posix.c:62 140451456050944: single write -1 of expected 524288
00:39:01 ERROR /home/bsc03/bsc03353/forge/src/dispatcher/posix.c:61 140447161075456: r->filehandle = 36, r->size = 524288, r->offset = 103055097856
00:39:01 ERROR /home/bsc03/bsc03353/forge/src/dispatcher/posix.c:62 140447161075456: single write -1 of expected 524288
00:39:01 ERROR /home/bsc03/bsc03353/forge/src/dispatcher/posix.c:61 140466488465152: r->filehandle = 36, r->size = 524288, r->offset = 124524691456
00:39:01 ERROR /home/bsc03/bsc03353/forge/src/dispatcher/posix.c:62 140466488465152: single write -1 of expected 524288
00:39:01 ERROR /home/bsc03/bsc03353/forge/src/dispatcher/posix.c:61 140440718612224: r->filehandle = 36, r->size = 524288, r->offset = 127387303936
00:39:01 ERROR /home/bsc03/bsc03353/forge/src/dispatcher/posix.c:62 140440718612224: single write -1 of expected 524288
00:39:02 ERROR /home/bsc03/bsc03353/forge/src/dispatcher/posix.c:61 140436423636736: r->filehandle = 36, r->size = 524288, r->offset = 97329872896
00:39:02 ERROR /home/bsc03/bsc03353/forge/src/dispatcher/posix.c:62 140436423636736: single write -1 of expected 524288
00:39:02 ERROR /home/bsc03/bsc03353/forge/src/dispatcher/posix.c:61 140438571124480: r->filehandle = 36, r->size = 524288, r->offset = 91604123648
00:39:02 ERROR /home/bsc03/bsc03353/forge/src/dispatcher/posix.c:62 140438571124480: single write -1 of expected 524288
00:39:02 ERROR /home/bsc03/bsc03353/forge/src/dispatcher/posix.c:61 140460046001920: r->filehandle = 36, r->size = 524288, r->offset = 93035954176
00:39:02 ERROR /home/bsc03/bsc03353/forge/src/dispatcher/posix.c:62 140460046001920: single write -1 of expected 524288
00:39:03 ERROR /home/bsc03/bsc03353/forge/src/dispatcher/posix.c:61 140455751026432: r->filehandle = 36, r->size = 524288, r->offset = 77291585536
00:39:03 ERROR /home/bsc03/bsc03353/forge/src/dispatcher/posix.c:62 140455751026432: single write -1 of expected 524288
00:39:03 ERROR /home/bsc03/bsc03353/forge/src/dispatcher/posix.c:61 140468635952896: r->filehandle = 36, r->size = 524288, r->offset = 108780322816
00:39:03 ERROR /home/bsc03/bsc03353/forge/src/dispatcher/posix.c:62 140468635952896: single write -1 of expected 524288
00:39:04 ERROR /home/bsc03/bsc03353/forge/src/dispatcher/posix.c:61 140442866099968: r->filehandle = 36, r->size = 524288, r->offset = 115936854016
00:39:04 ERROR /home/bsc03/bsc03353/forge/src/dispatcher/posix.c:62 140442866099968: single write -1 of expected 524288
00:39:04 WARN  /home/bsc03/bsc03353/forge/src/main.c:789 140668660934720: hit stone wall at 75.081186 seconds!
AGIOS: stopped for this client. It can already be used by calling agios_init

00:39:04 INFO  /home/bsc03/bsc03353/forge/src/main.c:1158 140665736759360: I/O Forwarding Exploration [COMPLETE]
AGIOS: stopped for this client. It can already be used by calling agios_init

