Set GCC compilers as MPI wrappers backend 
remove impi/2017.4 (PATH, MANPATH, LD_LIBRARY_PATH) 
load openmpi/4.0.2_UCX (PATH, MANPATH, LD_LIBRARY_PATH) 
Set GCC compilers as MPI wrappers backend 
load gsl/2.4 (PATH, LD_LIBRARY_PATH, LIBRARY_PATH, MANPATH, INFOPATH,
C_INCLUDE_PATH, CPLUS_INCLUDE_PATH, PKG_CONFIG_PATH, GSL_DIR) 
15:08:27 INFO  /home/bsc03/bsc03353/forge/src/main.c:107 140589576288320: I/O Forwarding Exploration [START]
Will AGIOS generate trace files? NO
Default scheduling algorithm: TO
TWINS window size: 1000000
Will the Prediction Module read information from trace files? NO
File with access time functions: /home/bsc03/bsc03353/forge/agios/access_times.func
AGIOS thinks its user has stripe size of 32768
Will AGIOS generate trace files? NO
Default scheduling algorithm: TO
TWINS window size: 1000000
Will the Prediction Module read information from trace files? NO
File with access time functions: /home/bsc03/bsc03353/forge/agios/access_times.func
AGIOS thinks its user has stripe size of 32768
15:08:32 ERROR /home/bsc03/bsc03353/forge/src/dispatcher/posix.c:61 140578195781376: r->filehandle = 35, r->size = 524288, r->offset = 10369368064
15:08:32 ERROR /home/bsc03/bsc03353/forge/src/dispatcher/posix.c:62 140578195781376: single write -1 of expected 524288
15:08:32 ERROR /home/bsc03/bsc03353/forge/src/dispatcher/posix.c:61 140567458342656: r->filehandle = 35, r->size = 524288, r->offset = 10726932480
15:08:32 ERROR /home/bsc03/bsc03353/forge/src/dispatcher/posix.c:62 140567458342656: single write -1 of expected 524288
15:08:33 ERROR /home/bsc03/bsc03353/forge/src/dispatcher/posix.c:61 140573900805888: r->filehandle = 35, r->size = 524288, r->offset = 22168993792
15:08:33 ERROR /home/bsc03/bsc03353/forge/src/dispatcher/posix.c:62 140573900805888: single write -1 of expected 524288
15:08:33 ERROR /home/bsc03/bsc03353/forge/src/dispatcher/posix.c:61 139937604536064: r->filehandle = 36, r->size = 524288, r->offset = 102263422976
15:08:33 ERROR /home/bsc03/bsc03353/forge/src/dispatcher/posix.c:62 139937604536064: single write -1 of expected 524288
15:08:34 ERROR /home/bsc03/bsc03353/forge/src/dispatcher/posix.c:61 139954784438016: r->filehandle = 36, r->size = 524288, r->offset = 107984453632
15:08:34 ERROR /home/bsc03/bsc03353/forge/src/dispatcher/posix.c:62 139954784438016: single write -1 of expected 524288
15:08:37 ERROR /home/bsc03/bsc03353/forge/src/dispatcher/posix.c:61 139939752023808: r->filehandle = 36, r->size = 524288, r->offset = 121929465856
15:08:37 ERROR /home/bsc03/bsc03353/forge/src/dispatcher/posix.c:62 139939752023808: single write -1 of expected 524288
15:08:39 ERROR /home/bsc03/bsc03353/forge/src/dispatcher/posix.c:61 139933309560576: r->filehandle = 36, r->size = 524288, r->offset = 115850870784
15:08:39 ERROR /home/bsc03/bsc03353/forge/src/dispatcher/posix.c:62 139933309560576: single write -1 of expected 524288
15:08:39 ERROR /home/bsc03/bsc03353/forge/src/dispatcher/posix.c:61 140552425928448: r->filehandle = 35, r->size = 524288, r->offset = 11084496896
15:08:39 ERROR /home/bsc03/bsc03353/forge/src/dispatcher/posix.c:62 140552425928448: single write -1 of expected 524288
15:08:41 ERROR /home/bsc03/bsc03353/forge/src/dispatcher/posix.c:61 139935457048320: r->filehandle = 36, r->size = 524288, r->offset = 101548294144
15:08:41 ERROR /home/bsc03/bsc03353/forge/src/dispatcher/posix.c:62 139935457048320: single write -1 of expected 524288
15:08:44 ERROR /home/bsc03/bsc03353/forge/src/dispatcher/posix.c:61 139924719609600: r->filehandle = 36, r->size = 524288, r->offset = 78664171520
15:08:44 ERROR /home/bsc03/bsc03353/forge/src/dispatcher/posix.c:62 139924719609600: single write -1 of expected 524288
15:08:50 ERROR /home/bsc03/bsc03353/forge/src/dispatcher/posix.c:61 139941899511552: r->filehandle = 36, r->size = 524288, r->offset = 114063048704
15:08:50 ERROR /home/bsc03/bsc03353/forge/src/dispatcher/posix.c:62 139941899511552: single write -1 of expected 524288
15:08:54 ERROR /home/bsc03/bsc03353/forge/src/dispatcher/posix.c:61 139948341974784: r->filehandle = 36, r->size = 524288, r->offset = 90106232832
15:08:54 ERROR /home/bsc03/bsc03353/forge/src/dispatcher/posix.c:62 139948341974784: single write -1 of expected 524288
15:08:57 ERROR /home/bsc03/bsc03353/forge/src/dispatcher/posix.c:61 139946194487040: r->filehandle = 36, r->size = 524288, r->offset = 79379300352
15:08:57 ERROR /home/bsc03/bsc03353/forge/src/dispatcher/posix.c:62 139946194487040: single write -1 of expected 524288
15:08:57 ERROR /home/bsc03/bsc03353/forge/src/dispatcher/posix.c:61 139956931925760: r->filehandle = 36, r->size = 524288, r->offset = 102620987392
15:08:57 ERROR /home/bsc03/bsc03353/forge/src/dispatcher/posix.c:62 139956931925760: single write -1 of expected 524288
15:08:58 ERROR /home/bsc03/bsc03353/forge/src/dispatcher/posix.c:61 139950489462528: r->filehandle = 36, r->size = 524288, r->offset = 135874478080
15:08:58 ERROR /home/bsc03/bsc03353/forge/src/dispatcher/posix.c:62 139950489462528: single write -1 of expected 524288
15:08:58 ERROR /home/bsc03/bsc03353/forge/src/dispatcher/posix.c:61 139944046999296: r->filehandle = 36, r->size = 524288, r->offset = 108342018048
15:08:58 ERROR /home/bsc03/bsc03353/forge/src/dispatcher/posix.c:62 139944046999296: single write -1 of expected 524288
15:08:59 ERROR /home/bsc03/bsc03353/forge/src/dispatcher/posix.c:61 139926867097344: r->filehandle = 36, r->size = 524288, r->offset = 113705484288
15:08:59 ERROR /home/bsc03/bsc03353/forge/src/dispatcher/posix.c:62 139926867097344: single write -1 of expected 524288
15:08:59 ERROR /home/bsc03/bsc03353/forge/src/dispatcher/posix.c:61 139929014585088: r->filehandle = 36, r->size = 524288, r->offset = 112990355456
15:08:59 ERROR /home/bsc03/bsc03353/forge/src/dispatcher/posix.c:62 139929014585088: single write -1 of expected 524288
15:09:00 ERROR /home/bsc03/bsc03353/forge/src/dispatcher/posix.c:61 139931162072832: r->filehandle = 36, r->size = 524288, r->offset = 98687778816
15:09:00 ERROR /home/bsc03/bsc03353/forge/src/dispatcher/posix.c:62 139931162072832: single write -1 of expected 524288
15:09:01 ERROR /home/bsc03/bsc03353/forge/src/dispatcher/posix.c:61 139952636950272: r->filehandle = 36, r->size = 524288, r->offset = 136589606912
15:09:01 ERROR /home/bsc03/bsc03353/forge/src/dispatcher/posix.c:62 139952636950272: single write -1 of expected 524288
15:09:01 ERROR /home/bsc03/bsc03353/forge/src/dispatcher/posix.c:61 140571753318144: r->filehandle = 35, r->size = 524288, r->offset = 21453864960
15:09:01 ERROR /home/bsc03/bsc03353/forge/src/dispatcher/posix.c:62 140571753318144: single write -1 of expected 524288
15:09:01 ERROR /home/bsc03/bsc03353/forge/src/dispatcher/posix.c:61 139948341974784: r->filehandle = 36, r->size = 524288, r->offset = 113347919872
15:09:01 ERROR /home/bsc03/bsc03353/forge/src/dispatcher/posix.c:62 139948341974784: single write -1 of expected 524288
15:09:02 ERROR /home/bsc03/bsc03353/forge/src/dispatcher/posix.c:61 139944046999296: r->filehandle = 36, r->size = 524288, r->offset = 101905858560
15:09:02 ERROR /home/bsc03/bsc03353/forge/src/dispatcher/posix.c:62 139944046999296: single write -1 of expected 524288
15:09:03 ERROR /home/bsc03/bsc03353/forge/src/dispatcher/posix.c:61 140573900805888: r->filehandle = 35, r->size = 524288, r->offset = 22526558208
15:09:03 ERROR /home/bsc03/bsc03353/forge/src/dispatcher/posix.c:62 140573900805888: single write -1 of expected 524288
15:09:03 ERROR /home/bsc03/bsc03353/forge/src/dispatcher/posix.c:61 139941899511552: r->filehandle = 36, r->size = 524288, r->offset = 122644594688
15:09:03 ERROR /home/bsc03/bsc03353/forge/src/dispatcher/posix.c:62 139941899511552: single write -1 of expected 524288
15:09:05 ERROR /home/bsc03/bsc03353/forge/src/dispatcher/posix.c:61 139946194487040: r->filehandle = 36, r->size = 524288, r->offset = 99045343232
15:09:05 ERROR /home/bsc03/bsc03353/forge/src/dispatcher/posix.c:62 139946194487040: single write -1 of expected 524288
15:09:06 ERROR /home/bsc03/bsc03353/forge/src/dispatcher/posix.c:61 139931162072832: r->filehandle = 36, r->size = 524288, r->offset = 104408809472
15:09:06 ERROR /home/bsc03/bsc03353/forge/src/dispatcher/posix.c:62 139931162072832: single write -1 of expected 524288
15:09:07 ERROR /home/bsc03/bsc03353/forge/src/dispatcher/posix.c:61 139937604536064: r->filehandle = 36, r->size = 524288, r->offset = 110129840128
15:09:07 ERROR /home/bsc03/bsc03353/forge/src/dispatcher/posix.c:62 139937604536064: single write -1 of expected 524288
15:09:08 ERROR /home/bsc03/bsc03353/forge/src/dispatcher/posix.c:61 139929014585088: r->filehandle = 36, r->size = 524288, r->offset = 93681876992
15:09:08 ERROR /home/bsc03/bsc03353/forge/src/dispatcher/posix.c:62 139929014585088: single write -1 of expected 524288
15:09:08 ERROR /home/bsc03/bsc03353/forge/src/dispatcher/posix.c:61 139924719609600: r->filehandle = 36, r->size = 524288, r->offset = 92966748160
15:09:08 ERROR /home/bsc03/bsc03353/forge/src/dispatcher/posix.c:62 139924719609600: single write -1 of expected 524288
15:09:10 ERROR /home/bsc03/bsc03353/forge/src/dispatcher/posix.c:61 139954784438016: r->filehandle = 36, r->size = 524288, r->offset = 99402907648
15:09:10 ERROR /home/bsc03/bsc03353/forge/src/dispatcher/posix.c:62 139954784438016: single write -1 of expected 524288
15:09:12 ERROR /home/bsc03/bsc03353/forge/src/dispatcher/posix.c:61 139926867097344: r->filehandle = 36, r->size = 524288, r->offset = 109057146880
15:09:12 ERROR /home/bsc03/bsc03353/forge/src/dispatcher/posix.c:62 139926867097344: single write -1 of expected 524288
15:09:13 ERROR /home/bsc03/bsc03353/forge/src/dispatcher/posix.c:61 139956931925760: r->filehandle = 36, r->size = 524288, r->offset = 125147545600
15:09:13 ERROR /home/bsc03/bsc03353/forge/src/dispatcher/posix.c:62 139956931925760: single write -1 of expected 524288
15:09:13 ERROR /home/bsc03/bsc03353/forge/src/dispatcher/posix.c:61 139939752023808: r->filehandle = 36, r->size = 524288, r->offset = 90821361664
15:09:13 ERROR /home/bsc03/bsc03353/forge/src/dispatcher/posix.c:62 139939752023808: single write -1 of expected 524288
15:09:14 ERROR /home/bsc03/bsc03353/forge/src/dispatcher/posix.c:61 139950489462528: r->filehandle = 36, r->size = 524288, r->offset = 125505110016
15:09:14 ERROR /home/bsc03/bsc03353/forge/src/dispatcher/posix.c:62 139950489462528: single write -1 of expected 524288
15:09:15 ERROR /home/bsc03/bsc03353/forge/src/dispatcher/posix.c:61 139952636950272: r->filehandle = 36, r->size = 524288, r->offset = 96542392320
15:09:15 ERROR /home/bsc03/bsc03353/forge/src/dispatcher/posix.c:62 139952636950272: single write -1 of expected 524288
15:09:15 ERROR /home/bsc03/bsc03353/forge/src/dispatcher/posix.c:61 139933309560576: r->filehandle = 36, r->size = 524288, r->offset = 124432416768
15:09:15 ERROR /home/bsc03/bsc03353/forge/src/dispatcher/posix.c:62 139933309560576: single write -1 of expected 524288
15:09:16 ERROR /home/bsc03/bsc03353/forge/src/dispatcher/posix.c:61 139935457048320: r->filehandle = 36, r->size = 524288, r->offset = 107626889216
15:09:16 ERROR /home/bsc03/bsc03353/forge/src/dispatcher/posix.c:62 139935457048320: single write -1 of expected 524288
15:09:18 ERROR /home/bsc03/bsc03353/forge/src/dispatcher/posix.c:61 139939752023808: r->filehandle = 36, r->size = 524288, r->offset = 110487404544
15:09:18 ERROR /home/bsc03/bsc03353/forge/src/dispatcher/posix.c:62 139939752023808: single write -1 of expected 524288
15:09:19 ERROR /home/bsc03/bsc03353/forge/src/dispatcher/posix.c:61 140567458342656: r->filehandle = 35, r->size = 524288, r->offset = 45053116416
15:09:19 ERROR /home/bsc03/bsc03353/forge/src/dispatcher/posix.c:62 140567458342656: single write -1 of expected 524288
15:09:19 ERROR /home/bsc03/bsc03353/forge/src/dispatcher/posix.c:61 139924719609600: r->filehandle = 36, r->size = 524288, r->offset = 96899956736
15:09:19 ERROR /home/bsc03/bsc03353/forge/src/dispatcher/posix.c:62 139924719609600: single write -1 of expected 524288
15:09:20 ERROR /home/bsc03/bsc03353/forge/src/dispatcher/posix.c:61 140576048293632: r->filehandle = 35, r->size = 524288, r->offset = 67222110208
15:09:20 ERROR /home/bsc03/bsc03353/forge/src/dispatcher/posix.c:61 139931162072832: r->filehandle = 36, r->size = 524288, r->offset = 91178926080
15:09:20 ERROR /home/bsc03/bsc03353/forge/src/dispatcher/posix.c:62 139931162072832: single write -1 of expected 524288
15:09:20 ERROR /home/bsc03/bsc03353/forge/src/dispatcher/posix.c:62 140576048293632: single write -1 of expected 524288
15:09:20 ERROR /home/bsc03/bsc03353/forge/src/dispatcher/posix.c:61 139941899511552: r->filehandle = 36, r->size = 524288, r->offset = 127292932096
15:09:20 ERROR /home/bsc03/bsc03353/forge/src/dispatcher/posix.c:62 139941899511552: single write -1 of expected 524288
15:09:21 ERROR /home/bsc03/bsc03353/forge/src/dispatcher/posix.c:61 140556720903936: r->filehandle = 35, r->size = 524288, r->offset = 21811429376
15:09:21 ERROR /home/bsc03/bsc03353/forge/src/dispatcher/posix.c:62 140556720903936: single write -1 of expected 524288
15:09:22 ERROR /home/bsc03/bsc03353/forge/src/dispatcher/posix.c:61 139933309560576: r->filehandle = 36, r->size = 524288, r->offset = 126935367680
15:09:22 ERROR /home/bsc03/bsc03353/forge/src/dispatcher/posix.c:62 139933309560576: single write -1 of expected 524288
15:09:23 ERROR /home/bsc03/bsc03353/forge/src/dispatcher/posix.c:61 139926867097344: r->filehandle = 36, r->size = 524288, r->offset = 122287030272
15:09:23 ERROR /home/bsc03/bsc03353/forge/src/dispatcher/posix.c:62 139926867097344: single write -1 of expected 524288
15:09:24 ERROR /home/bsc03/bsc03353/forge/src/dispatcher/posix.c:61 139931162072832: r->filehandle = 36, r->size = 524288, r->offset = 84385202176
15:09:24 ERROR /home/bsc03/bsc03353/forge/src/dispatcher/posix.c:62 139931162072832: single write -1 of expected 524288
15:09:24 ERROR /home/bsc03/bsc03353/forge/src/dispatcher/posix.c:61 139929014585088: r->filehandle = 36, r->size = 524288, r->offset = 119426514944
15:09:24 ERROR /home/bsc03/bsc03353/forge/src/dispatcher/posix.c:62 139929014585088: single write -1 of expected 524288
15:09:25 ERROR /home/bsc03/bsc03353/forge/src/dispatcher/posix.c:61 140565310854912: r->filehandle = 35, r->size = 524288, r->offset = 33968619520
15:09:25 ERROR /home/bsc03/bsc03353/forge/src/dispatcher/posix.c:62 140565310854912: single write -1 of expected 524288
15:09:25 ERROR /home/bsc03/bsc03353/forge/src/dispatcher/posix.c:61 139948341974784: r->filehandle = 36, r->size = 524288, r->offset = 98330214400
15:09:25 ERROR /home/bsc03/bsc03353/forge/src/dispatcher/posix.c:62 139948341974784: single write -1 of expected 524288
15:09:27 ERROR /home/bsc03/bsc03353/forge/src/dispatcher/posix.c:61 139944046999296: r->filehandle = 36, r->size = 524288, r->offset = 85100331008
15:09:27 ERROR /home/bsc03/bsc03353/forge/src/dispatcher/posix.c:62 139944046999296: single write -1 of expected 524288
15:09:28 ERROR /home/bsc03/bsc03353/forge/src/dispatcher/posix.c:61 139952636950272: r->filehandle = 36, r->size = 524288, r->offset = 93324312576
15:09:28 ERROR /home/bsc03/bsc03353/forge/src/dispatcher/posix.c:62 139952636950272: single write -1 of expected 524288
15:09:30 ERROR /home/bsc03/bsc03353/forge/src/dispatcher/posix.c:61 140571753318144: r->filehandle = 35, r->size = 524288, r->offset = 7151288320
15:09:30 ERROR /home/bsc03/bsc03353/forge/src/dispatcher/posix.c:62 140571753318144: single write -1 of expected 524288
15:09:30 ERROR /home/bsc03/bsc03353/forge/src/dispatcher/posix.c:61 139956931925760: r->filehandle = 36, r->size = 524288, r->offset = 116565999616
15:09:30 ERROR /home/bsc03/bsc03353/forge/src/dispatcher/posix.c:62 139956931925760: single write -1 of expected 524288
15:09:30 ERROR /home/bsc03/bsc03353/forge/src/dispatcher/posix.c:61 140550278440704: r->filehandle = 35, r->size = 524288, r->offset = 45410680832
15:09:30 ERROR /home/bsc03/bsc03353/forge/src/dispatcher/posix.c:62 140550278440704: single write -1 of expected 524288
15:09:31 ERROR /home/bsc03/bsc03353/forge/src/dispatcher/posix.c:61 140563163367168: r->filehandle = 35, r->size = 524288, r->offset = 56137613312
15:09:31 ERROR /home/bsc03/bsc03353/forge/src/dispatcher/posix.c:62 140563163367168: single write -1 of expected 524288
15:09:31 ERROR /home/bsc03/bsc03353/forge/src/dispatcher/posix.c:61 139937604536064: r->filehandle = 36, r->size = 524288, r->offset = 114778177536
15:09:31 ERROR /home/bsc03/bsc03353/forge/src/dispatcher/posix.c:62 139937604536064: single write -1 of expected 524288
15:09:31 ERROR /home/bsc03/bsc03353/forge/src/dispatcher/posix.c:61 139954784438016: r->filehandle = 36, r->size = 524288, r->offset = 91894054912
15:09:31 ERROR /home/bsc03/bsc03353/forge/src/dispatcher/posix.c:62 139954784438016: single write -1 of expected 524288
15:09:32 ERROR /home/bsc03/bsc03353/forge/src/dispatcher/posix.c:61 140552425928448: r->filehandle = 35, r->size = 524288, r->offset = 67579674624
15:09:32 ERROR /home/bsc03/bsc03353/forge/src/dispatcher/posix.c:62 140552425928448: single write -1 of expected 524288
15:09:33 ERROR /home/bsc03/bsc03353/forge/src/dispatcher/posix.c:61 140550278440704: r->filehandle = 35, r->size = 524288, r->offset = 62216208384
15:09:33 ERROR /home/bsc03/bsc03353/forge/src/dispatcher/posix.c:62 140550278440704: single write -1 of expected 524288
15:09:34 ERROR /home/bsc03/bsc03353/forge/src/dispatcher/posix.c:61 139931162072832: r->filehandle = 36, r->size = 524288, r->offset = 112275226624
15:09:34 ERROR /home/bsc03/bsc03353/forge/src/dispatcher/posix.c:62 139931162072832: single write -1 of expected 524288
15:09:34 ERROR /home/bsc03/bsc03353/forge/src/dispatcher/posix.c:61 140563163367168: r->filehandle = 35, r->size = 524288, r->offset = 41119907840
15:09:34 ERROR /home/bsc03/bsc03353/forge/src/dispatcher/posix.c:62 140563163367168: single write -1 of expected 524288
15:09:37 ERROR /home/bsc03/bsc03353/forge/src/dispatcher/posix.c:61 139935457048320: r->filehandle = 36, r->size = 524288, r->offset = 104051245056
15:09:37 ERROR /home/bsc03/bsc03353/forge/src/dispatcher/posix.c:62 139935457048320: single write -1 of expected 524288
15:09:38 ERROR /home/bsc03/bsc03353/forge/src/dispatcher/posix.c:61 140571753318144: r->filehandle = 35, r->size = 524288, r->offset = 40404779008
15:09:38 ERROR /home/bsc03/bsc03353/forge/src/dispatcher/posix.c:62 140571753318144: single write -1 of expected 524288
15:09:39 ERROR /home/bsc03/bsc03353/forge/src/dispatcher/posix.c:61 139944046999296: r->filehandle = 36, r->size = 524288, r->offset = 124789981184
15:09:39 ERROR /home/bsc03/bsc03353/forge/src/dispatcher/posix.c:62 139944046999296: single write -1 of expected 524288
15:09:40 ERROR /home/bsc03/bsc03353/forge/src/dispatcher/posix.c:61 139952636950272: r->filehandle = 36, r->size = 524288, r->offset = 97615085568
15:09:40 ERROR /home/bsc03/bsc03353/forge/src/dispatcher/posix.c:62 139952636950272: single write -1 of expected 524288
15:09:42 ERROR /home/bsc03/bsc03353/forge/src/dispatcher/posix.c:61 139924719609600: r->filehandle = 36, r->size = 524288, r->offset = 109772275712
15:09:42 ERROR /home/bsc03/bsc03353/forge/src/dispatcher/posix.c:62 139924719609600: single write -1 of expected 524288
15:09:44 ERROR /home/bsc03/bsc03353/forge/src/dispatcher/posix.c:61 140558868391680: r->filehandle = 35, r->size = 524288, r->offset = 39332085760
15:09:44 ERROR /home/bsc03/bsc03353/forge/src/dispatcher/posix.c:62 140558868391680: single write -1 of expected 524288
15:09:44 ERROR /home/bsc03/bsc03353/forge/src/dispatcher/posix.c:61 139950489462528: r->filehandle = 36, r->size = 524288, r->offset = 116208435200
15:09:44 ERROR /home/bsc03/bsc03353/forge/src/dispatcher/posix.c:62 139950489462528: single write -1 of expected 524288
15:09:45 ERROR /home/bsc03/bsc03353/forge/src/dispatcher/posix.c:61 139939752023808: r->filehandle = 36, r->size = 524288, r->offset = 109414711296
15:09:45 ERROR /home/bsc03/bsc03353/forge/src/dispatcher/posix.c:62 139939752023808: single write -1 of expected 524288
15:09:45 ERROR /home/bsc03/bsc03353/forge/src/dispatcher/posix.c:61 140565310854912: r->filehandle = 35, r->size = 524288, r->offset = 56495177728
15:09:45 ERROR /home/bsc03/bsc03353/forge/src/dispatcher/posix.c:62 140565310854912: single write -1 of expected 524288
15:09:48 ERROR /home/bsc03/bsc03353/forge/src/dispatcher/posix.c:61 140556720903936: r->filehandle = 35, r->size = 524288, r->offset = 52919533568
15:09:48 ERROR /home/bsc03/bsc03353/forge/src/dispatcher/posix.c:62 140556720903936: single write -1 of expected 524288
15:09:49 ERROR /home/bsc03/bsc03353/forge/src/dispatcher/posix.c:61 140567458342656: r->filehandle = 35, r->size = 524288, r->offset = 68294803456
15:09:49 ERROR /home/bsc03/bsc03353/forge/src/dispatcher/posix.c:62 140567458342656: single write -1 of expected 524288
15:09:50 ERROR /home/bsc03/bsc03353/forge/src/dispatcher/posix.c:61 139956931925760: r->filehandle = 36, r->size = 524288, r->offset = 76518785024
15:09:50 ERROR /home/bsc03/bsc03353/forge/src/dispatcher/posix.c:62 139956931925760: single write -1 of expected 524288
15:09:52 ERROR /home/bsc03/bsc03353/forge/src/dispatcher/posix.c:61 140554573416192: r->filehandle = 35, r->size = 524288, r->offset = 44695552000
15:09:52 ERROR /home/bsc03/bsc03353/forge/src/dispatcher/posix.c:61 139933309560576: r->filehandle = 36, r->size = 524288, r->offset = 126220238848
15:09:52 ERROR /home/bsc03/bsc03353/forge/src/dispatcher/posix.c:62 139933309560576: single write -1 of expected 524288
15:09:52 ERROR /home/bsc03/bsc03353/forge/src/dispatcher/posix.c:62 140554573416192: single write -1 of expected 524288
15:09:52 ERROR /home/bsc03/bsc03353/forge/src/dispatcher/posix.c:61 140573900805888: r->filehandle = 35, r->size = 524288, r->offset = 16447963136
15:09:52 ERROR /home/bsc03/bsc03353/forge/src/dispatcher/posix.c:62 140573900805888: single write -1 of expected 524288
15:09:52 ERROR /home/bsc03/bsc03353/forge/src/dispatcher/posix.c:61 140578195781376: r->filehandle = 35, r->size = 524288, r->offset = 32895926272
15:09:52 ERROR /home/bsc03/bsc03353/forge/src/dispatcher/posix.c:62 140578195781376: single write -1 of expected 524288
15:09:53 ERROR /home/bsc03/bsc03353/forge/src/dispatcher/posix.c:61 139931162072832: r->filehandle = 36, r->size = 524288, r->offset = 86173024256
15:09:53 ERROR /home/bsc03/bsc03353/forge/src/dispatcher/posix.c:62 139931162072832: single write -1 of expected 524288
15:09:54 ERROR /home/bsc03/bsc03353/forge/src/dispatcher/posix.c:61 140558868391680: r->filehandle = 35, r->size = 524288, r->offset = 61858643968
15:09:54 ERROR /home/bsc03/bsc03353/forge/src/dispatcher/posix.c:62 140558868391680: single write -1 of expected 524288
15:09:54 ERROR /home/bsc03/bsc03353/forge/src/dispatcher/posix.c:61 139941899511552: r->filehandle = 36, r->size = 524288, r->offset = 104766373888
15:09:54 ERROR /home/bsc03/bsc03353/forge/src/dispatcher/posix.c:62 139941899511552: single write -1 of expected 524288
15:09:54 ERROR /home/bsc03/bsc03353/forge/src/dispatcher/posix.c:61 139929014585088: r->filehandle = 36, r->size = 524288, r->offset = 99760472064
15:09:54 ERROR /home/bsc03/bsc03353/forge/src/dispatcher/posix.c:62 139929014585088: single write -1 of expected 524288
15:09:55 ERROR /home/bsc03/bsc03353/forge/src/dispatcher/posix.c:61 140571753318144: r->filehandle = 35, r->size = 524288, r->offset = 1430257664
15:09:55 ERROR /home/bsc03/bsc03353/forge/src/dispatcher/posix.c:62 140571753318144: single write -1 of expected 524288
15:09:56 ERROR /home/bsc03/bsc03353/forge/src/dispatcher/posix.c:61 139948341974784: r->filehandle = 36, r->size = 524288, r->offset = 121214337024
15:09:56 ERROR /home/bsc03/bsc03353/forge/src/dispatcher/posix.c:62 139948341974784: single write -1 of expected 524288
15:09:56 ERROR /home/bsc03/bsc03353/forge/src/dispatcher/posix.c:61 139931162072832: r->filehandle = 36, r->size = 524288, r->offset = 100833165312
15:09:56 ERROR /home/bsc03/bsc03353/forge/src/dispatcher/posix.c:62 139931162072832: single write -1 of expected 524288
15:09:59 ERROR /home/bsc03/bsc03353/forge/src/dispatcher/posix.c:61 139939752023808: r->filehandle = 36, r->size = 524288, r->offset = 115493306368
15:09:59 ERROR /home/bsc03/bsc03353/forge/src/dispatcher/posix.c:62 139939752023808: single write -1 of expected 524288
15:10:00 ERROR /home/bsc03/bsc03353/forge/src/dispatcher/posix.c:61 139954784438016: r->filehandle = 36, r->size = 524288, r->offset = 97972649984
15:10:00 ERROR /home/bsc03/bsc03353/forge/src/dispatcher/posix.c:62 139954784438016: single write -1 of expected 524288
15:10:00 ERROR /home/bsc03/bsc03353/forge/src/dispatcher/posix.c:61 140563163367168: r->filehandle = 35, r->size = 524288, r->offset = 27890024448
15:10:00 ERROR /home/bsc03/bsc03353/forge/src/dispatcher/posix.c:62 140563163367168: single write -1 of expected 524288
15:10:03 ERROR /home/bsc03/bsc03353/forge/src/dispatcher/posix.c:61 139935457048320: r->filehandle = 36, r->size = 524288, r->offset = 123359723520
15:10:03 ERROR /home/bsc03/bsc03353/forge/src/dispatcher/posix.c:62 139935457048320: single write -1 of expected 524288
15:10:04 ERROR /home/bsc03/bsc03353/forge/src/dispatcher/posix.c:61 139926867097344: r->filehandle = 36, r->size = 524288, r->offset = 92609183744
15:10:04 ERROR /home/bsc03/bsc03353/forge/src/dispatcher/posix.c:62 139926867097344: single write -1 of expected 524288
15:10:05 ERROR /home/bsc03/bsc03353/forge/src/dispatcher/posix.c:61 140580343269120: r->filehandle = 35, r->size = 524288, r->offset = 67937239040
15:10:05 ERROR /home/bsc03/bsc03353/forge/src/dispatcher/posix.c:61 139952636950272: r->filehandle = 36, r->size = 524288, r->offset = 124074852352
15:10:05 ERROR /home/bsc03/bsc03353/forge/src/dispatcher/posix.c:62 139952636950272: single write -1 of expected 524288
15:10:05 ERROR /home/bsc03/bsc03353/forge/src/dispatcher/posix.c:62 140580343269120: single write -1 of expected 524288
15:10:06 ERROR /home/bsc03/bsc03353/forge/src/dispatcher/posix.c:61 139946194487040: r->filehandle = 36, r->size = 524288, r->offset = 103336116224
15:10:06 ERROR /home/bsc03/bsc03353/forge/src/dispatcher/posix.c:62 139946194487040: single write -1 of expected 524288
15:10:06 ERROR /home/bsc03/bsc03353/forge/src/dispatcher/posix.c:61 140573900805888: r->filehandle = 35, r->size = 524288, r->offset = 32180797440
15:10:06 ERROR /home/bsc03/bsc03353/forge/src/dispatcher/posix.c:62 140573900805888: single write -1 of expected 524288
15:10:07 ERROR /home/bsc03/bsc03353/forge/src/dispatcher/posix.c:61 140571753318144: r->filehandle = 35, r->size = 524288, r->offset = 50774147072
15:10:07 ERROR /home/bsc03/bsc03353/forge/src/dispatcher/posix.c:62 140571753318144: single write -1 of expected 524288
15:10:07 ERROR /home/bsc03/bsc03353/forge/src/dispatcher/posix.c:61 139929014585088: r->filehandle = 36, r->size = 524288, r->offset = 130868576256
15:10:07 ERROR /home/bsc03/bsc03353/forge/src/dispatcher/posix.c:62 139929014585088: single write -1 of expected 524288
15:10:08 ERROR /home/bsc03/bsc03353/forge/src/dispatcher/posix.c:61 140582490756864: r->filehandle = 35, r->size = 524288, r->offset = 44337987584
15:10:08 ERROR /home/bsc03/bsc03353/forge/src/dispatcher/posix.c:62 140582490756864: single write -1 of expected 524288
15:10:13 ERROR /home/bsc03/bsc03353/forge/src/dispatcher/posix.c:61 139935457048320: r->filehandle = 36, r->size = 524288, r->offset = 81167122432
15:10:13 ERROR /home/bsc03/bsc03353/forge/src/dispatcher/posix.c:62 139935457048320: single write -1 of expected 524288
15:10:13 ERROR /home/bsc03/bsc03353/forge/src/dispatcher/posix.c:61 139931162072832: r->filehandle = 36, r->size = 524288, r->offset = 90463797248
15:10:13 ERROR /home/bsc03/bsc03353/forge/src/dispatcher/posix.c:62 139931162072832: single write -1 of expected 524288
15:10:14 ERROR /home/bsc03/bsc03353/forge/src/dispatcher/posix.c:61 140565310854912: r->filehandle = 35, r->size = 524288, r->offset = 18235785216
15:10:14 ERROR /home/bsc03/bsc03353/forge/src/dispatcher/posix.c:62 140565310854912: single write -1 of expected 524288
15:10:14 ERROR /home/bsc03/bsc03353/forge/src/dispatcher/posix.c:61 139941899511552: r->filehandle = 36, r->size = 524288, r->offset = 127650496512
15:10:14 ERROR /home/bsc03/bsc03353/forge/src/dispatcher/posix.c:62 139941899511552: single write -1 of expected 524288
15:10:15 ERROR /home/bsc03/bsc03353/forge/src/dispatcher/posix.c:61 139924719609600: r->filehandle = 36, r->size = 524288, r->offset = 107269324800
15:10:15 ERROR /home/bsc03/bsc03353/forge/src/dispatcher/posix.c:62 139924719609600: single write -1 of expected 524288
15:10:16 ERROR /home/bsc03/bsc03353/forge/src/dispatcher/posix.c:61 139946194487040: r->filehandle = 36, r->size = 524288, r->offset = 114420613120
15:10:16 ERROR /home/bsc03/bsc03353/forge/src/dispatcher/posix.c:62 139946194487040: single write -1 of expected 524288
15:10:20 ERROR /home/bsc03/bsc03353/forge/src/dispatcher/posix.c:61 139937604536064: r->filehandle = 36, r->size = 524288, r->offset = 101190729728
15:10:20 ERROR /home/bsc03/bsc03353/forge/src/dispatcher/posix.c:62 139937604536064: single write -1 of expected 524288
15:10:21 ERROR /home/bsc03/bsc03353/forge/src/dispatcher/posix.c:61 140573900805888: r->filehandle = 35, r->size = 524288, r->offset = 9296674816
15:10:21 ERROR /home/bsc03/bsc03353/forge/src/dispatcher/posix.c:62 140573900805888: single write -1 of expected 524288
15:10:22 ERROR /home/bsc03/bsc03353/forge/src/dispatcher/posix.c:61 140558868391680: r->filehandle = 35, r->size = 524288, r->offset = 41477472256
15:10:22 ERROR /home/bsc03/bsc03353/forge/src/dispatcher/posix.c:62 140558868391680: single write -1 of expected 524288
15:10:22 ERROR /home/bsc03/bsc03353/forge/src/dispatcher/posix.c:61 139944046999296: r->filehandle = 36, r->size = 524288, r->offset = 123717287936
15:10:22 ERROR /home/bsc03/bsc03353/forge/src/dispatcher/posix.c:62 139944046999296: single write -1 of expected 524288
15:10:22 ERROR /home/bsc03/bsc03353/forge/src/dispatcher/posix.c:61 140565310854912: r->filehandle = 35, r->size = 524288, r->offset = 12514754560
15:10:22 ERROR /home/bsc03/bsc03353/forge/src/dispatcher/posix.c:62 140565310854912: single write -1 of expected 524288
15:10:24 ERROR /home/bsc03/bsc03353/forge/src/dispatcher/posix.c:61 139926867097344: r->filehandle = 36, r->size = 524288, r->offset = 79021735936
15:10:24 ERROR /home/bsc03/bsc03353/forge/src/dispatcher/posix.c:62 139926867097344: single write -1 of expected 524288
15:10:25 ERROR /home/bsc03/bsc03353/forge/src/dispatcher/posix.c:61 140552425928448: r->filehandle = 35, r->size = 524288, r->offset = 52561969152
15:10:25 ERROR /home/bsc03/bsc03353/forge/src/dispatcher/posix.c:62 140552425928448: single write -1 of expected 524288
15:10:25 ERROR /home/bsc03/bsc03353/forge/src/dispatcher/posix.c:61 139933309560576: r->filehandle = 36, r->size = 524288, r->offset = 126577803264
15:10:25 ERROR /home/bsc03/bsc03353/forge/src/dispatcher/posix.c:62 139933309560576: single write -1 of expected 524288
15:10:26 ERROR /home/bsc03/bsc03353/forge/src/dispatcher/posix.c:61 139939752023808: r->filehandle = 36, r->size = 524288, r->offset = 112632791040
15:10:26 ERROR /home/bsc03/bsc03353/forge/src/dispatcher/posix.c:62 139939752023808: single write -1 of expected 524288
15:10:28 ERROR /home/bsc03/bsc03353/forge/src/dispatcher/posix.c:61 140578195781376: r->filehandle = 35, r->size = 524288, r->offset = 35398877184
15:10:28 ERROR /home/bsc03/bsc03353/forge/src/dispatcher/posix.c:62 140578195781376: single write -1 of expected 524288
15:10:30 ERROR /home/bsc03/bsc03353/forge/src/dispatcher/posix.c:61 140561015879424: r->filehandle = 35, r->size = 524288, r->offset = 33253490688
15:10:30 ERROR /home/bsc03/bsc03353/forge/src/dispatcher/posix.c:62 140561015879424: single write -1 of expected 524288
15:10:31 ERROR /home/bsc03/bsc03353/forge/src/dispatcher/posix.c:61 140582490756864: r->filehandle = 35, r->size = 524288, r->offset = 33611055104
15:10:31 ERROR /home/bsc03/bsc03353/forge/src/dispatcher/posix.c:62 140582490756864: single write -1 of expected 524288
15:10:35 ERROR /home/bsc03/bsc03353/forge/src/dispatcher/posix.c:61 140554573416192: r->filehandle = 35, r->size = 524288, r->offset = 4648337408
15:10:35 ERROR /home/bsc03/bsc03353/forge/src/dispatcher/posix.c:62 140554573416192: single write -1 of expected 524288
15:10:37 ERROR /home/bsc03/bsc03353/forge/src/dispatcher/posix.c:61 140576048293632: r->filehandle = 35, r->size = 524288, r->offset = 56852742144
15:10:37 ERROR /home/bsc03/bsc03353/forge/src/dispatcher/posix.c:62 140576048293632: single write -1 of expected 524288
15:10:38 ERROR /home/bsc03/bsc03353/forge/src/dispatcher/posix.c:61 140558868391680: r->filehandle = 35, r->size = 524288, r->offset = 20023607296
15:10:38 ERROR /home/bsc03/bsc03353/forge/src/dispatcher/posix.c:62 140558868391680: single write -1 of expected 524288
15:10:41 ERROR /home/bsc03/bsc03353/forge/src/dispatcher/posix.c:61 139929014585088: r->filehandle = 36, r->size = 524288, r->offset = 74015834112
15:10:41 ERROR /home/bsc03/bsc03353/forge/src/dispatcher/posix.c:62 139929014585088: single write -1 of expected 524288
15:10:42 ERROR /home/bsc03/bsc03353/forge/src/dispatcher/posix.c:61 139941899511552: r->filehandle = 36, r->size = 524288, r->offset = 79736864768
15:10:42 ERROR /home/bsc03/bsc03353/forge/src/dispatcher/posix.c:62 139941899511552: single write -1 of expected 524288
15:10:44 ERROR /home/bsc03/bsc03353/forge/src/dispatcher/posix.c:61 140554573416192: r->filehandle = 35, r->size = 524288, r->offset = 18593349632
15:10:44 ERROR /home/bsc03/bsc03353/forge/src/dispatcher/posix.c:62 140554573416192: single write -1 of expected 524288
15:10:45 ERROR /home/bsc03/bsc03353/forge/src/dispatcher/posix.c:61 140582490756864: r->filehandle = 35, r->size = 524288, r->offset = 55780048896
15:10:45 ERROR /home/bsc03/bsc03353/forge/src/dispatcher/posix.c:62 140582490756864: single write -1 of expected 524288
15:10:47 ERROR /home/bsc03/bsc03353/forge/src/dispatcher/posix.c:61 139956931925760: r->filehandle = 36, r->size = 524288, r->offset = 91536490496
15:10:47 ERROR /home/bsc03/bsc03353/forge/src/dispatcher/posix.c:62 139956931925760: single write -1 of expected 524288
15:10:48 ERROR /home/bsc03/bsc03353/forge/src/dispatcher/posix.c:61 139948341974784: r->filehandle = 36, r->size = 524288, r->offset = 75803656192
15:10:48 ERROR /home/bsc03/bsc03353/forge/src/dispatcher/posix.c:62 139948341974784: single write -1 of expected 524288
15:10:49 ERROR /home/bsc03/bsc03353/forge/src/dispatcher/posix.c:61 140558868391680: r->filehandle = 35, r->size = 524288, r->offset = 53634662400
15:10:49 ERROR /home/bsc03/bsc03353/forge/src/dispatcher/posix.c:62 140558868391680: single write -1 of expected 524288
15:10:49 ERROR /home/bsc03/bsc03353/forge/src/dispatcher/posix.c:61 139954784438016: r->filehandle = 36, r->size = 524288, r->offset = 121571901440
15:10:49 ERROR /home/bsc03/bsc03353/forge/src/dispatcher/posix.c:62 139954784438016: single write -1 of expected 524288
15:10:50 ERROR /home/bsc03/bsc03353/forge/src/dispatcher/posix.c:61 139952636950272: r->filehandle = 36, r->size = 524288, r->offset = 136232042496
15:10:50 ERROR /home/bsc03/bsc03353/forge/src/dispatcher/posix.c:62 139952636950272: single write -1 of expected 524288
15:10:51 ERROR /home/bsc03/bsc03353/forge/src/dispatcher/posix.c:61 139950489462528: r->filehandle = 36, r->size = 524288, r->offset = 128008060928
15:10:51 ERROR /home/bsc03/bsc03353/forge/src/dispatcher/posix.c:62 139950489462528: single write -1 of expected 524288
15:10:52 ERROR /home/bsc03/bsc03353/forge/src/dispatcher/posix.c:61 140554573416192: r->filehandle = 35, r->size = 524288, r->offset = 25387073536
15:10:52 ERROR /home/bsc03/bsc03353/forge/src/dispatcher/posix.c:62 140554573416192: single write -1 of expected 524288
15:10:54 ERROR /home/bsc03/bsc03353/forge/src/dispatcher/posix.c:61 140573900805888: r->filehandle = 35, r->size = 524288, r->offset = 61501079552
15:10:54 ERROR /home/bsc03/bsc03353/forge/src/dispatcher/posix.c:62 140573900805888: single write -1 of expected 524288
15:10:57 ERROR /home/bsc03/bsc03353/forge/src/dispatcher/posix.c:61 139935457048320: r->filehandle = 36, r->size = 524288, r->offset = 73658269696
15:10:57 ERROR /home/bsc03/bsc03353/forge/src/dispatcher/posix.c:62 139935457048320: single write -1 of expected 524288
15:10:58 ERROR /home/bsc03/bsc03353/forge/src/dispatcher/posix.c:61 139933309560576: r->filehandle = 36, r->size = 524288, r->offset = 133729091584
15:10:58 ERROR /home/bsc03/bsc03353/forge/src/dispatcher/posix.c:62 139933309560576: single write -1 of expected 524288
15:10:59 ERROR /home/bsc03/bsc03353/forge/src/dispatcher/posix.c:61 139931162072832: r->filehandle = 36, r->size = 524288, r->offset = 70082625536
15:10:59 ERROR /home/bsc03/bsc03353/forge/src/dispatcher/posix.c:62 139931162072832: single write -1 of expected 524288
15:11:01 ERROR /home/bsc03/bsc03353/forge/src/dispatcher/posix.c:61 140561015879424: r->filehandle = 35, r->size = 524288, r->offset = 50416582656
15:11:01 ERROR /home/bsc03/bsc03353/forge/src/dispatcher/posix.c:62 140561015879424: single write -1 of expected 524288
15:11:01 ERROR /home/bsc03/bsc03353/forge/src/dispatcher/posix.c:61 139929014585088: r->filehandle = 36, r->size = 524288, r->offset = 115135741952
15:11:01 ERROR /home/bsc03/bsc03353/forge/src/dispatcher/posix.c:62 139929014585088: single write -1 of expected 524288
15:11:03 ERROR /home/bsc03/bsc03353/forge/src/dispatcher/posix.c:61 140569605830400: r->filehandle = 35, r->size = 524288, r->offset = 38616956928
15:11:03 ERROR /home/bsc03/bsc03353/forge/src/dispatcher/posix.c:62 140569605830400: single write -1 of expected 524288
15:11:06 ERROR /home/bsc03/bsc03353/forge/src/dispatcher/posix.c:61 140565310854912: r->filehandle = 35, r->size = 524288, r->offset = 46840938496
15:11:06 ERROR /home/bsc03/bsc03353/forge/src/dispatcher/posix.c:62 140565310854912: single write -1 of expected 524288
15:11:08 ERROR /home/bsc03/bsc03353/forge/src/dispatcher/posix.c:61 139924719609600: r->filehandle = 36, r->size = 524288, r->offset = 77949042688
15:11:08 ERROR /home/bsc03/bsc03353/forge/src/dispatcher/posix.c:62 139924719609600: single write -1 of expected 524288
15:11:08 ERROR /home/bsc03/bsc03353/forge/src/dispatcher/posix.c:61 140561015879424: r->filehandle = 35, r->size = 524288, r->offset = 29320282112
15:11:08 ERROR /home/bsc03/bsc03353/forge/src/dispatcher/posix.c:62 140561015879424: single write -1 of expected 524288
15:11:10 ERROR /home/bsc03/bsc03353/forge/src/dispatcher/posix.c:61 139946194487040: r->filehandle = 36, r->size = 524288, r->offset = 96184827904
15:11:10 ERROR /home/bsc03/bsc03353/forge/src/dispatcher/posix.c:62 139946194487040: single write -1 of expected 524288
15:11:14 ERROR /home/bsc03/bsc03353/forge/src/dispatcher/posix.c:61 140567458342656: r->filehandle = 35, r->size = 524288, r->offset = 7866417152
15:11:14 ERROR /home/bsc03/bsc03353/forge/src/dispatcher/posix.c:62 140567458342656: single write -1 of expected 524288
15:11:19 ERROR /home/bsc03/bsc03353/forge/src/dispatcher/posix.c:61 140573900805888: r->filehandle = 35, r->size = 524288, r->offset = 58640564224
15:11:19 ERROR /home/bsc03/bsc03353/forge/src/dispatcher/posix.c:62 140573900805888: single write -1 of expected 524288
15:11:20 ERROR /home/bsc03/bsc03353/forge/src/dispatcher/posix.c:61 140563163367168: r->filehandle = 35, r->size = 524288, r->offset = 6793723904
15:11:20 ERROR /home/bsc03/bsc03353/forge/src/dispatcher/posix.c:62 140563163367168: single write -1 of expected 524288
15:11:25 ERROR /home/bsc03/bsc03353/forge/src/dispatcher/posix.c:61 140550278440704: r->filehandle = 35, r->size = 524288, r->offset = 30750539776
15:11:25 ERROR /home/bsc03/bsc03353/forge/src/dispatcher/posix.c:62 140550278440704: single write -1 of expected 524288
15:11:25 ERROR /home/bsc03/bsc03353/forge/src/dispatcher/posix.c:61 139937604536064: r->filehandle = 36, r->size = 524288, r->offset = 111202533376
15:11:25 ERROR /home/bsc03/bsc03353/forge/src/dispatcher/posix.c:62 139937604536064: single write -1 of expected 524288
15:11:26 ERROR /home/bsc03/bsc03353/forge/src/dispatcher/posix.c:61 140578195781376: r->filehandle = 35, r->size = 524288, r->offset = 52204404736
15:11:26 ERROR /home/bsc03/bsc03353/forge/src/dispatcher/posix.c:62 140578195781376: single write -1 of expected 524288
15:11:28 ERROR /home/bsc03/bsc03353/forge/src/dispatcher/posix.c:61 139926867097344: r->filehandle = 36, r->size = 524288, r->offset = 130153447424
15:11:28 ERROR /home/bsc03/bsc03353/forge/src/dispatcher/posix.c:62 139926867097344: single write -1 of expected 524288
15:11:29 ERROR /home/bsc03/bsc03353/forge/src/dispatcher/posix.c:61 139941899511552: r->filehandle = 36, r->size = 524288, r->offset = 110844968960
15:11:29 ERROR /home/bsc03/bsc03353/forge/src/dispatcher/posix.c:62 139941899511552: single write -1 of expected 524288
15:11:30 ERROR /home/bsc03/bsc03353/forge/src/dispatcher/posix.c:61 140580343269120: r->filehandle = 35, r->size = 524288, r->offset = 12872318976
15:11:30 ERROR /home/bsc03/bsc03353/forge/src/dispatcher/posix.c:62 140580343269120: single write -1 of expected 524288
15:11:30 ERROR /home/bsc03/bsc03353/forge/src/dispatcher/posix.c:61 139939752023808: r->filehandle = 36, r->size = 524288, r->offset = 136947171328
15:11:30 ERROR /home/bsc03/bsc03353/forge/src/dispatcher/posix.c:62 139939752023808: single write -1 of expected 524288
15:11:30 ERROR /home/bsc03/bsc03353/forge/src/dispatcher/posix.c:61 140563163367168: r->filehandle = 35, r->size = 524288, r->offset = 39689650176
15:11:30 ERROR /home/bsc03/bsc03353/forge/src/dispatcher/posix.c:62 140563163367168: single write -1 of expected 524288
15:11:32 ERROR /home/bsc03/bsc03353/forge/src/dispatcher/posix.c:61 140561015879424: r->filehandle = 35, r->size = 524288, r->offset = 24671944704
15:11:32 ERROR /home/bsc03/bsc03353/forge/src/dispatcher/posix.c:62 140561015879424: single write -1 of expected 524288
15:11:34 ERROR /home/bsc03/bsc03353/forge/src/dispatcher/posix.c:61 140567458342656: r->filehandle = 35, r->size = 524288, r->offset = 24314380288
15:11:34 ERROR /home/bsc03/bsc03353/forge/src/dispatcher/posix.c:62 140567458342656: single write -1 of expected 524288
15:11:39 ERROR /home/bsc03/bsc03353/forge/src/dispatcher/posix.c:61 139935457048320: r->filehandle = 36, r->size = 524288, r->offset = 70797754368
15:11:39 ERROR /home/bsc03/bsc03353/forge/src/dispatcher/posix.c:62 139935457048320: single write -1 of expected 524288
15:11:40 ERROR /home/bsc03/bsc03353/forge/src/dispatcher/posix.c:61 140573900805888: r->filehandle = 35, r->size = 524288, r->offset = 17878220800
15:11:40 ERROR /home/bsc03/bsc03353/forge/src/dispatcher/posix.c:62 140573900805888: single write -1 of expected 524288
15:11:41 ERROR /home/bsc03/bsc03353/forge/src/dispatcher/posix.c:61 139941899511552: r->filehandle = 36, r->size = 524288, r->offset = 116923564032
15:11:41 ERROR /home/bsc03/bsc03353/forge/src/dispatcher/posix.c:62 139941899511552: single write -1 of expected 524288
15:11:42 ERROR /home/bsc03/bsc03353/forge/src/dispatcher/posix.c:61 139939752023808: r->filehandle = 36, r->size = 524288, r->offset = 82954944512
15:11:42 ERROR /home/bsc03/bsc03353/forge/src/dispatcher/posix.c:62 139939752023808: single write -1 of expected 524288
15:11:45 ERROR /home/bsc03/bsc03353/forge/src/dispatcher/posix.c:61 139950489462528: r->filehandle = 36, r->size = 524288, r->offset = 111917662208
15:11:45 ERROR /home/bsc03/bsc03353/forge/src/dispatcher/posix.c:62 139950489462528: single write -1 of expected 524288
15:11:48 ERROR /home/bsc03/bsc03353/forge/src/dispatcher/posix.c:61 139952636950272: r->filehandle = 36, r->size = 524288, r->offset = 108699582464
15:11:48 ERROR /home/bsc03/bsc03353/forge/src/dispatcher/posix.c:62 139952636950272: single write -1 of expected 524288
15:11:49 ERROR /home/bsc03/bsc03353/forge/src/dispatcher/posix.c:61 139944046999296: r->filehandle = 36, r->size = 524288, r->offset = 87960846336
15:11:49 ERROR /home/bsc03/bsc03353/forge/src/dispatcher/posix.c:62 139944046999296: single write -1 of expected 524288
15:11:50 ERROR /home/bsc03/bsc03353/forge/src/dispatcher/posix.c:61 140580343269120: r->filehandle = 35, r->size = 524288, r->offset = 46125809664
15:11:50 ERROR /home/bsc03/bsc03353/forge/src/dispatcher/posix.c:62 140580343269120: single write -1 of expected 524288
15:11:50 ERROR /home/bsc03/bsc03353/forge/src/dispatcher/posix.c:61 140567458342656: r->filehandle = 35, r->size = 524288, r->offset = 42192601088
15:11:50 ERROR /home/bsc03/bsc03353/forge/src/dispatcher/posix.c:62 140567458342656: single write -1 of expected 524288
15:11:51 ERROR /home/bsc03/bsc03353/forge/src/dispatcher/posix.c:61 140569605830400: r->filehandle = 35, r->size = 524288, r->offset = 16090398720
15:11:51 ERROR /home/bsc03/bsc03353/forge/src/dispatcher/posix.c:62 140569605830400: single write -1 of expected 524288
15:11:52 ERROR /home/bsc03/bsc03353/forge/src/dispatcher/posix.c:61 140552425928448: r->filehandle = 35, r->size = 524288, r->offset = 5005901824
15:11:52 ERROR /home/bsc03/bsc03353/forge/src/dispatcher/posix.c:62 140552425928448: single write -1 of expected 524288
15:11:53 ERROR /home/bsc03/bsc03353/forge/src/dispatcher/posix.c:61 140582490756864: r->filehandle = 35, r->size = 524288, r->offset = 10011803648
15:11:53 ERROR /home/bsc03/bsc03353/forge/src/dispatcher/posix.c:62 140582490756864: single write -1 of expected 524288
15:11:55 ERROR /home/bsc03/bsc03353/forge/src/dispatcher/posix.c:61 140565310854912: r->filehandle = 35, r->size = 524288, r->offset = 28247588864
15:11:55 ERROR /home/bsc03/bsc03353/forge/src/dispatcher/posix.c:62 140565310854912: single write -1 of expected 524288
15:12:01 ERROR /home/bsc03/bsc03353/forge/src/dispatcher/posix.c:61 140558868391680: r->filehandle = 35, r->size = 524288, r->offset = 13587447808
15:12:01 ERROR /home/bsc03/bsc03353/forge/src/dispatcher/posix.c:62 140558868391680: single write -1 of expected 524288
15:12:03 ERROR /home/bsc03/bsc03353/forge/src/dispatcher/posix.c:61 139956931925760: r->filehandle = 36, r->size = 524288, r->offset = 105123938304
15:12:03 ERROR /home/bsc03/bsc03353/forge/src/dispatcher/posix.c:62 139956931925760: single write -1 of expected 524288
15:12:04 ERROR /home/bsc03/bsc03353/forge/src/dispatcher/posix.c:61 140556720903936: r->filehandle = 35, r->size = 524288, r->offset = 40762343424
15:12:04 ERROR /home/bsc03/bsc03353/forge/src/dispatcher/posix.c:62 140556720903936: single write -1 of expected 524288
15:12:05 ERROR /home/bsc03/bsc03353/forge/src/dispatcher/posix.c:61 139941899511552: r->filehandle = 36, r->size = 524288, r->offset = 117996257280
15:12:05 ERROR /home/bsc03/bsc03353/forge/src/dispatcher/posix.c:62 139941899511552: single write -1 of expected 524288
15:12:07 ERROR /home/bsc03/bsc03353/forge/src/dispatcher/posix.c:61 139946194487040: r->filehandle = 36, r->size = 524288, r->offset = 81524686848
15:12:07 ERROR /home/bsc03/bsc03353/forge/src/dispatcher/posix.c:62 139946194487040: single write -1 of expected 524288
15:12:08 ERROR /home/bsc03/bsc03353/forge/src/dispatcher/posix.c:61 139948341974784: r->filehandle = 36, r->size = 524288, r->offset = 72585576448
15:12:08 ERROR /home/bsc03/bsc03353/forge/src/dispatcher/posix.c:62 139948341974784: single write -1 of expected 524288
15:12:08 ERROR /home/bsc03/bsc03353/forge/src/dispatcher/posix.c:61 140563163367168: r->filehandle = 35, r->size = 524288, r->offset = 47913631744
15:12:08 ERROR /home/bsc03/bsc03353/forge/src/dispatcher/posix.c:62 140563163367168: single write -1 of expected 524288
15:12:10 ERROR /home/bsc03/bsc03353/forge/src/dispatcher/posix.c:61 140569605830400: r->filehandle = 35, r->size = 524288, r->offset = 65076723712
15:12:10 ERROR /home/bsc03/bsc03353/forge/src/dispatcher/posix.c:62 140569605830400: single write -1 of expected 524288
15:12:13 ERROR /home/bsc03/bsc03353/forge/src/dispatcher/posix.c:61 140576048293632: r->filehandle = 35, r->size = 524288, r->offset = 18950914048
15:12:13 ERROR /home/bsc03/bsc03353/forge/src/dispatcher/posix.c:62 140576048293632: single write -1 of expected 524288
15:12:15 ERROR /home/bsc03/bsc03353/forge/src/dispatcher/posix.c:61 139937604536064: r->filehandle = 36, r->size = 524288, r->offset = 95827263488
15:12:15 ERROR /home/bsc03/bsc03353/forge/src/dispatcher/posix.c:62 139937604536064: single write -1 of expected 524288
15:12:20 ERROR /home/bsc03/bsc03353/forge/src/dispatcher/posix.c:61 140558868391680: r->filehandle = 35, r->size = 524288, r->offset = 62573772800
15:12:20 ERROR /home/bsc03/bsc03353/forge/src/dispatcher/posix.c:62 140558868391680: single write -1 of expected 524288
15:12:20 ERROR /home/bsc03/bsc03353/forge/src/dispatcher/posix.c:61 139933309560576: r->filehandle = 36, r->size = 524288, r->offset = 94039441408
15:12:20 ERROR /home/bsc03/bsc03353/forge/src/dispatcher/posix.c:62 139933309560576: single write -1 of expected 524288
15:12:21 ERROR /home/bsc03/bsc03353/forge/src/dispatcher/posix.c:61 139939752023808: r->filehandle = 36, r->size = 524288, r->offset = 70440189952
15:12:21 ERROR /home/bsc03/bsc03353/forge/src/dispatcher/posix.c:62 139939752023808: single write -1 of expected 524288
15:12:21 ERROR /home/bsc03/bsc03353/forge/src/dispatcher/posix.c:61 140552425928448: r->filehandle = 35, r->size = 524288, r->offset = 36471570432
15:12:21 ERROR /home/bsc03/bsc03353/forge/src/dispatcher/posix.c:62 140552425928448: single write -1 of expected 524288
15:12:22 ERROR /home/bsc03/bsc03353/forge/src/dispatcher/posix.c:61 139948341974784: r->filehandle = 36, r->size = 524288, r->offset = 133371527168
15:12:22 ERROR /home/bsc03/bsc03353/forge/src/dispatcher/posix.c:62 139948341974784: single write -1 of expected 524288
15:12:25 ERROR /home/bsc03/bsc03353/forge/src/dispatcher/posix.c:61 139926867097344: r->filehandle = 36, r->size = 524288, r->offset = 87245717504
15:12:25 ERROR /home/bsc03/bsc03353/forge/src/dispatcher/posix.c:62 139926867097344: single write -1 of expected 524288
15:12:25 ERROR /home/bsc03/bsc03353/forge/src/dispatcher/posix.c:61 140573900805888: r->filehandle = 35, r->size = 524288, r->offset = 27532460032
15:12:25 ERROR /home/bsc03/bsc03353/forge/src/dispatcher/posix.c:62 140573900805888: single write -1 of expected 524288
15:12:27 ERROR /home/bsc03/bsc03353/forge/src/dispatcher/posix.c:61 139931162072832: r->filehandle = 36, r->size = 524288, r->offset = 87603281920
15:12:27 ERROR /home/bsc03/bsc03353/forge/src/dispatcher/posix.c:62 139931162072832: single write -1 of expected 524288
15:12:28 ERROR /home/bsc03/bsc03353/forge/src/dispatcher/posix.c:61 140563163367168: r->filehandle = 35, r->size = 524288, r->offset = 30392975360
15:12:28 ERROR /home/bsc03/bsc03353/forge/src/dispatcher/posix.c:62 140563163367168: single write -1 of expected 524288
15:12:29 ERROR /home/bsc03/bsc03353/forge/src/dispatcher/posix.c:61 139933309560576: r->filehandle = 36, r->size = 524288, r->offset = 103693680640
15:12:29 ERROR /home/bsc03/bsc03353/forge/src/dispatcher/posix.c:62 139933309560576: single write -1 of expected 524288
15:12:30 ERROR /home/bsc03/bsc03353/forge/src/dispatcher/posix.c:61 139950489462528: r->filehandle = 36, r->size = 524288, r->offset = 131226140672
15:12:30 ERROR /home/bsc03/bsc03353/forge/src/dispatcher/posix.c:62 139950489462528: single write -1 of expected 524288
15:12:31 ERROR /home/bsc03/bsc03353/forge/src/dispatcher/posix.c:61 139924719609600: r->filehandle = 36, r->size = 524288, r->offset = 118711386112
15:12:31 ERROR /home/bsc03/bsc03353/forge/src/dispatcher/posix.c:62 139924719609600: single write -1 of expected 524288
15:12:31 ERROR /home/bsc03/bsc03353/forge/src/dispatcher/posix.c:61 140573900805888: r->filehandle = 35, r->size = 524288, r->offset = 16805527552
15:12:31 ERROR /home/bsc03/bsc03353/forge/src/dispatcher/posix.c:62 140573900805888: single write -1 of expected 524288
15:12:34 ERROR /home/bsc03/bsc03353/forge/src/dispatcher/posix.c:61 139937604536064: r->filehandle = 36, r->size = 524288, r->offset = 129795883008
15:12:34 ERROR /home/bsc03/bsc03353/forge/src/dispatcher/posix.c:62 139937604536064: single write -1 of expected 524288
15:12:34 ERROR /home/bsc03/bsc03353/forge/src/dispatcher/posix.c:61 139946194487040: r->filehandle = 36, r->size = 524288, r->offset = 131941269504
15:12:34 ERROR /home/bsc03/bsc03353/forge/src/dispatcher/posix.c:62 139946194487040: single write -1 of expected 524288
15:12:35 ERROR /home/bsc03/bsc03353/forge/src/dispatcher/posix.c:61 140573900805888: r->filehandle = 35, r->size = 524288, r->offset = 15732834304
15:12:35 ERROR /home/bsc03/bsc03353/forge/src/dispatcher/posix.c:62 140573900805888: single write -1 of expected 524288
15:12:36 ERROR /home/bsc03/bsc03353/forge/src/dispatcher/posix.c:61 140561015879424: r->filehandle = 35, r->size = 524288, r->offset = 64361594880
15:12:36 ERROR /home/bsc03/bsc03353/forge/src/dispatcher/posix.c:62 140561015879424: single write -1 of expected 524288
15:12:37 ERROR /home/bsc03/bsc03353/forge/src/dispatcher/posix.c:61 139935457048320: r->filehandle = 36, r->size = 524288, r->offset = 76876349440
15:12:37 ERROR /home/bsc03/bsc03353/forge/src/dispatcher/posix.c:62 139935457048320: single write -1 of expected 524288
15:12:37 ERROR /home/bsc03/bsc03353/forge/src/dispatcher/posix.c:61 139941899511552: r->filehandle = 36, r->size = 524288, r->offset = 77591478272
15:12:37 ERROR /home/bsc03/bsc03353/forge/src/dispatcher/posix.c:62 139941899511552: single write -1 of expected 524288
15:12:38 ERROR /home/bsc03/bsc03353/forge/src/dispatcher/posix.c:61 139954784438016: r->filehandle = 36, r->size = 524288, r->offset = 133013962752
15:12:38 ERROR /home/bsc03/bsc03353/forge/src/dispatcher/posix.c:62 139954784438016: single write -1 of expected 524288
15:12:39 ERROR /home/bsc03/bsc03353/forge/src/dispatcher/posix.c:61 139952636950272: r->filehandle = 36, r->size = 524288, r->offset = 82239815680
15:12:39 ERROR /home/bsc03/bsc03353/forge/src/dispatcher/posix.c:62 139952636950272: single write -1 of expected 524288
15:12:40 ERROR /home/bsc03/bsc03353/forge/src/dispatcher/posix.c:61 140580343269120: r->filehandle = 35, r->size = 524288, r->offset = 2145386496
15:12:40 ERROR /home/bsc03/bsc03353/forge/src/dispatcher/posix.c:62 140580343269120: single write -1 of expected 524288
15:12:41 ERROR /home/bsc03/bsc03353/forge/src/dispatcher/posix.c:61 140578195781376: r->filehandle = 35, r->size = 524288, r->offset = 46483374080
15:12:41 ERROR /home/bsc03/bsc03353/forge/src/dispatcher/posix.c:62 140578195781376: single write -1 of expected 524288
15:12:42 ERROR /home/bsc03/bsc03353/forge/src/dispatcher/posix.c:61 140576048293632: r->filehandle = 35, r->size = 524288, r->offset = 38974521344
15:12:42 ERROR /home/bsc03/bsc03353/forge/src/dispatcher/posix.c:62 140576048293632: single write -1 of expected 524288
15:12:42 ERROR /home/bsc03/bsc03353/forge/src/dispatcher/posix.c:61 139929014585088: r->filehandle = 36, r->size = 524288, r->offset = 100475600896
15:12:42 ERROR /home/bsc03/bsc03353/forge/src/dispatcher/posix.c:62 139929014585088: single write -1 of expected 524288
15:12:45 ERROR /home/bsc03/bsc03353/forge/src/dispatcher/posix.c:61 140550278440704: r->filehandle = 35, r->size = 524288, r->offset = 30035410944
15:12:45 ERROR /home/bsc03/bsc03353/forge/src/dispatcher/posix.c:62 140550278440704: single write -1 of expected 524288
15:12:46 ERROR /home/bsc03/bsc03353/forge/src/dispatcher/posix.c:61 139950489462528: r->filehandle = 36, r->size = 524288, r->offset = 69009932288
15:12:46 ERROR /home/bsc03/bsc03353/forge/src/dispatcher/posix.c:62 139950489462528: single write -1 of expected 524288
15:12:51 ERROR /home/bsc03/bsc03353/forge/src/dispatcher/posix.c:61 139939752023808: r->filehandle = 36, r->size = 524288, r->offset = 69725061120
15:12:51 ERROR /home/bsc03/bsc03353/forge/src/dispatcher/posix.c:62 139939752023808: single write -1 of expected 524288
15:12:53 ERROR /home/bsc03/bsc03353/forge/src/dispatcher/posix.c:61 139941899511552: r->filehandle = 36, r->size = 524288, r->offset = 85815459840
15:12:53 ERROR /home/bsc03/bsc03353/forge/src/dispatcher/posix.c:62 139941899511552: single write -1 of expected 524288
15:12:53 ERROR /home/bsc03/bsc03353/forge/src/dispatcher/posix.c:61 139948341974784: r->filehandle = 36, r->size = 524288, r->offset = 72943140864
15:12:53 ERROR /home/bsc03/bsc03353/forge/src/dispatcher/posix.c:62 139948341974784: single write -1 of expected 524288
15:12:56 ERROR /home/bsc03/bsc03353/forge/src/dispatcher/posix.c:61 139931162072832: r->filehandle = 36, r->size = 524288, r->offset = 118353821696
15:12:56 ERROR /home/bsc03/bsc03353/forge/src/dispatcher/posix.c:62 139931162072832: single write -1 of expected 524288
15:12:59 ERROR /home/bsc03/bsc03353/forge/src/dispatcher/posix.c:61 139937604536064: r->filehandle = 36, r->size = 524288, r->offset = 88318410752
15:12:59 ERROR /home/bsc03/bsc03353/forge/src/dispatcher/posix.c:62 139937604536064: single write -1 of expected 524288
15:13:00 ERROR /home/bsc03/bsc03353/forge/src/dispatcher/posix.c:61 139944046999296: r->filehandle = 36, r->size = 524288, r->offset = 105481502720
15:13:00 ERROR /home/bsc03/bsc03353/forge/src/dispatcher/posix.c:62 139944046999296: single write -1 of expected 524288
15:13:02 ERROR /home/bsc03/bsc03353/forge/src/dispatcher/posix.c:61 139935457048320: r->filehandle = 36, r->size = 524288, r->offset = 81882251264
15:13:02 ERROR /home/bsc03/bsc03353/forge/src/dispatcher/posix.c:62 139935457048320: single write -1 of expected 524288
15:13:05 ERROR /home/bsc03/bsc03353/forge/src/dispatcher/posix.c:61 140563163367168: r->filehandle = 35, r->size = 524288, r->offset = 357564416
15:13:05 ERROR /home/bsc03/bsc03353/forge/src/dispatcher/posix.c:62 140563163367168: single write -1 of expected 524288
15:13:05 ERROR /home/bsc03/bsc03353/forge/src/dispatcher/posix.c:61 139924719609600: r->filehandle = 36, r->size = 524288, r->offset = 94397005824
15:13:05 ERROR /home/bsc03/bsc03353/forge/src/dispatcher/posix.c:62 139924719609600: single write -1 of expected 524288
15:13:06 ERROR /home/bsc03/bsc03353/forge/src/dispatcher/posix.c:61 140565310854912: r->filehandle = 35, r->size = 524288, r->offset = 35756441600
15:13:06 ERROR /home/bsc03/bsc03353/forge/src/dispatcher/posix.c:62 140565310854912: single write -1 of expected 524288
15:13:07 ERROR /home/bsc03/bsc03353/forge/src/dispatcher/posix.c:61 139956931925760: r->filehandle = 36, r->size = 524288, r->offset = 95469699072
15:13:07 ERROR /home/bsc03/bsc03353/forge/src/dispatcher/posix.c:62 139956931925760: single write -1 of expected 524288
15:13:09 ERROR /home/bsc03/bsc03353/forge/src/dispatcher/posix.c:61 140573900805888: r->filehandle = 35, r->size = 524288, r->offset = 64719159296
15:13:09 ERROR /home/bsc03/bsc03353/forge/src/dispatcher/posix.c:62 140573900805888: single write -1 of expected 524288
15:13:11 ERROR /home/bsc03/bsc03353/forge/src/dispatcher/posix.c:61 139933309560576: r->filehandle = 36, r->size = 524288, r->offset = 132656398336
15:13:11 ERROR /home/bsc03/bsc03353/forge/src/dispatcher/posix.c:62 139933309560576: single write -1 of expected 524288
15:13:12 ERROR /home/bsc03/bsc03353/forge/src/dispatcher/posix.c:61 139941899511552: r->filehandle = 36, r->size = 524288, r->offset = 120856772608
15:13:12 ERROR /home/bsc03/bsc03353/forge/src/dispatcher/posix.c:62 139941899511552: single write -1 of expected 524288
15:13:14 ERROR /home/bsc03/bsc03353/forge/src/dispatcher/posix.c:61 139948341974784: r->filehandle = 36, r->size = 524288, r->offset = 86530588672
15:13:14 ERROR /home/bsc03/bsc03353/forge/src/dispatcher/posix.c:62 139948341974784: single write -1 of expected 524288
15:13:17 ERROR /home/bsc03/bsc03353/forge/src/dispatcher/posix.c:61 140563163367168: r->filehandle = 35, r->size = 524288, r->offset = 64004030464
15:13:17 ERROR /home/bsc03/bsc03353/forge/src/dispatcher/posix.c:62 140563163367168: single write -1 of expected 524288
15:13:17 ERROR /home/bsc03/bsc03353/forge/src/dispatcher/posix.c:61 140576048293632: r->filehandle = 35, r->size = 524288, r->offset = 58282999808
15:13:17 ERROR /home/bsc03/bsc03353/forge/src/dispatcher/posix.c:62 140576048293632: single write -1 of expected 524288
15:13:19 ERROR /home/bsc03/bsc03353/forge/src/dispatcher/posix.c:61 139935457048320: r->filehandle = 36, r->size = 524288, r->offset = 89391104000
15:13:19 ERROR /home/bsc03/bsc03353/forge/src/dispatcher/posix.c:62 139935457048320: single write -1 of expected 524288
15:13:20 ERROR /home/bsc03/bsc03353/forge/src/dispatcher/posix.c:61 140552425928448: r->filehandle = 35, r->size = 524288, r->offset = 61143515136
15:13:20 ERROR /home/bsc03/bsc03353/forge/src/dispatcher/posix.c:62 140552425928448: single write -1 of expected 524288
15:13:20 ERROR /home/bsc03/bsc03353/forge/src/dispatcher/posix.c:61 140567458342656: r->filehandle = 35, r->size = 524288, r->offset = 19308478464
15:13:20 ERROR /home/bsc03/bsc03353/forge/src/dispatcher/posix.c:62 140567458342656: single write -1 of expected 524288
15:13:22 ERROR /home/bsc03/bsc03353/forge/src/dispatcher/posix.c:61 139956931925760: r->filehandle = 36, r->size = 524288, r->offset = 85457895424
15:13:22 ERROR /home/bsc03/bsc03353/forge/src/dispatcher/posix.c:62 139956931925760: single write -1 of expected 524288
15:13:23 ERROR /home/bsc03/bsc03353/forge/src/dispatcher/posix.c:61 139946194487040: r->filehandle = 36, r->size = 524288, r->offset = 134086656000
15:13:23 ERROR /home/bsc03/bsc03353/forge/src/dispatcher/posix.c:62 139946194487040: single write -1 of expected 524288
15:13:24 ERROR /home/bsc03/bsc03353/forge/src/dispatcher/posix.c:61 140556720903936: r->filehandle = 35, r->size = 524288, r->offset = 15017705472
15:13:24 ERROR /home/bsc03/bsc03353/forge/src/dispatcher/posix.c:62 140556720903936: single write -1 of expected 524288
15:13:25 ERROR /home/bsc03/bsc03353/forge/src/dispatcher/posix.c:61 139950489462528: r->filehandle = 36, r->size = 524288, r->offset = 130511011840
15:13:25 ERROR /home/bsc03/bsc03353/forge/src/dispatcher/posix.c:62 139950489462528: single write -1 of expected 524288
15:13:26 ERROR /home/bsc03/bsc03353/forge/src/dispatcher/posix.c:61 140561015879424: r->filehandle = 35, r->size = 524288, r->offset = 60070821888
15:13:26 ERROR /home/bsc03/bsc03353/forge/src/dispatcher/posix.c:62 140561015879424: single write -1 of expected 524288
slurmstepd: error: *** JOB 8737261 ON s02r1b05 CANCELLED AT 2020-02-07T15:13:27 DUE TO TIME LIMIT ***
--------------------------------------------------------------------------
ORTE has lost communication with a remote daemon.

  HNP daemon   : [[3408,0],0] on node s02r1b05
  Remote daemon: [[3408,0],1] on node s02r1b06

This is usually due to either a failure of the TCP network
connection to the node, or possibly an internal failure of
the daemon itself. We cannot recover from this failure, and
therefore will terminate the job.
--------------------------------------------------------------------------
