Set GCC compilers as MPI wrappers backend 
remove impi/2017.4 (PATH, MANPATH, LD_LIBRARY_PATH) 
load openmpi/4.0.2_UCX (PATH, MANPATH, LD_LIBRARY_PATH) 
Set GCC compilers as MPI wrappers backend 
load gsl/2.4 (PATH, LD_LIBRARY_PATH, LIBRARY_PATH, MANPATH, INFOPATH,
C_INCLUDE_PATH, CPLUS_INCLUDE_PATH, PKG_CONFIG_PATH, GSL_DIR) 
16:49:01 INFO  /home/bsc03/bsc03353/forge/src/main.c:107 140625980319808: I/O Forwarding Exploration [START]
Will AGIOS generate trace files? NO
Default scheduling algorithm: TO
TWINS window size: 1000000
Will the Prediction Module read information from trace files? NO
File with access time functions: /home/bsc03/bsc03353/forge/agios/access_times.func
AGIOS thinks its user has stripe size of 32768
Will AGIOS generate trace files? NO
Default scheduling algorithm: TO
TWINS window size: 1000000
Will the Prediction Module read information from trace files? NO
File with access time functions: /home/bsc03/bsc03353/forge/agios/access_times.func
AGIOS thinks its user has stripe size of 32768
Will AGIOS generate trace files? NO
Default scheduling algorithm: TO
TWINS window size: 1000000
Will the Prediction Module read information from trace files? NO
File with access time functions: /home/bsc03/bsc03353/forge/agios/access_times.func
AGIOS thinks its user has stripe size of 32768
Will AGIOS generate trace files? NO
Default scheduling algorithm: TO
TWINS window size: 1000000
Will the Prediction Module read information from trace files? NO
File with access time functions: /home/bsc03/bsc03353/forge/agios/access_times.func
AGIOS thinks its user has stripe size of 32768
16:50:35 WARN  /home/bsc03/bsc03353/forge/src/main.c:789 140259141343296: hit stone wall at 93.673755 seconds!
AGIOS: stopped for this client. It can already be used by calling agios_init

AGIOS: stopped for this client. It can already be used by calling agios_init

AGIOS: stopped for this client. It can already be used by calling agios_init

AGIOS: stopped for this client. It can already be used by calling agios_init

16:50:35 INFO  /home/bsc03/bsc03353/forge/src/main.c:1158 140625980319808: I/O Forwarding Exploration [COMPLETE]
