Set GCC compilers as MPI wrappers backend 
remove openmpi/4.0.2_UCX (PATH, MANPATH, LD_LIBRARY_PATH) 
load openmpi/4.0.2_UCX (PATH, MANPATH, LD_LIBRARY_PATH) 
Set GCC compilers as MPI wrappers backend 
load gsl/2.4 (PATH, LD_LIBRARY_PATH, LIBRARY_PATH, MANPATH, INFOPATH,
C_INCLUDE_PATH, CPLUS_INCLUDE_PATH, PKG_CONFIG_PATH, GSL_DIR) 
00:48:43 INFO  /home/bsc03/bsc03353/forge/src/main.c:107 140154274035776: I/O Forwarding Exploration [START]
Will AGIOS generate trace files? NO
Default scheduling algorithm: TO
TWINS window size: 1000000
Will the Prediction Module read information from trace files? NO
File with access time functions: /home/bsc03/bsc03353/forge/agios/access_times.func
AGIOS thinks its user has stripe size of 32768
00:48:44 ERROR /home/bsc03/bsc03353/forge/src/dispatcher/posix.c:61 140117083916032: r->filehandle = 35, r->size = 32768, r->offset = 5341184
00:48:44 ERROR /home/bsc03/bsc03353/forge/src/dispatcher/posix.c:62 140117083916032: single write -1 of expected 32768
00:48:44 ERROR /home/bsc03/bsc03353/forge/src/dispatcher/posix.c:61 140138558793472: r->filehandle = 35, r->size = 32768, r->offset = 884736
00:48:44 ERROR /home/bsc03/bsc03353/forge/src/dispatcher/posix.c:62 140138558793472: single write -1 of expected 32768
00:48:45 ERROR /home/bsc03/bsc03353/forge/src/dispatcher/posix.c:61 140134263817984: r->filehandle = 35, r->size = 32768, r->offset = 4227072
00:48:45 ERROR /home/bsc03/bsc03353/forge/src/dispatcher/posix.c:62 140134263817984: single write -1 of expected 32768
00:48:45 ERROR /home/bsc03/bsc03353/forge/src/dispatcher/posix.c:61 140132116330240: r->filehandle = 35, r->size = 32768, r->offset = 4521984
00:48:45 ERROR /home/bsc03/bsc03353/forge/src/dispatcher/posix.c:62 140132116330240: single write -1 of expected 32768
00:48:45 ERROR /home/bsc03/bsc03353/forge/src/dispatcher/posix.c:61 140117083916032: r->filehandle = 35, r->size = 32768, r->offset = 4358144
00:48:45 ERROR /home/bsc03/bsc03353/forge/src/dispatcher/posix.c:62 140117083916032: single write -1 of expected 32768
00:48:46 ERROR /home/bsc03/bsc03353/forge/src/dispatcher/posix.c:61 140142853768960: r->filehandle = 35, r->size = 32768, r->offset = 4489216
00:48:46 ERROR /home/bsc03/bsc03353/forge/src/dispatcher/posix.c:62 140142853768960: single write -1 of expected 32768
00:48:46 ERROR /home/bsc03/bsc03353/forge/src/dispatcher/posix.c:61 140145001256704: r->filehandle = 35, r->size = 32768, r->offset = 4685824
00:48:46 ERROR /home/bsc03/bsc03353/forge/src/dispatcher/posix.c:62 140145001256704: single write -1 of expected 32768
00:48:47 ERROR /home/bsc03/bsc03353/forge/src/dispatcher/posix.c:61 140140706281216: r->filehandle = 35, r->size = 32768, r->offset = 5865472
00:48:47 ERROR /home/bsc03/bsc03353/forge/src/dispatcher/posix.c:62 140140706281216: single write -1 of expected 32768
00:48:47 ERROR /home/bsc03/bsc03353/forge/src/dispatcher/posix.c:61 140138558793472: r->filehandle = 35, r->size = 32768, r->offset = 4587520
00:48:47 ERROR /home/bsc03/bsc03353/forge/src/dispatcher/posix.c:62 140138558793472: single write -1 of expected 32768
00:48:47 ERROR /home/bsc03/bsc03353/forge/src/dispatcher/posix.c:61 140114936428288: r->filehandle = 35, r->size = 32768, r->offset = 131072
00:48:47 ERROR /home/bsc03/bsc03353/forge/src/dispatcher/posix.c:62 140114936428288: single write -1 of expected 32768
00:48:47 ERROR /home/bsc03/bsc03353/forge/src/dispatcher/posix.c:61 140134263817984: r->filehandle = 35, r->size = 32768, r->offset = 5242880
00:48:47 ERROR /home/bsc03/bsc03353/forge/src/dispatcher/posix.c:62 140134263817984: single write -1 of expected 32768
00:48:48 ERROR /home/bsc03/bsc03353/forge/src/dispatcher/posix.c:61 140140706281216: r->filehandle = 35, r->size = 32768, r->offset = 2228224
00:48:48 ERROR /home/bsc03/bsc03353/forge/src/dispatcher/posix.c:62 140140706281216: single write -1 of expected 32768
00:48:48 ERROR /home/bsc03/bsc03353/forge/src/dispatcher/posix.c:61 140121378891520: r->filehandle = 35, r->size = 32768, r->offset = 4816896
00:48:48 ERROR /home/bsc03/bsc03353/forge/src/dispatcher/posix.c:62 140121378891520: single write -1 of expected 32768
00:48:48 ERROR /home/bsc03/bsc03353/forge/src/dispatcher/posix.c:61 140114936428288: r->filehandle = 35, r->size = 32768, r->offset = 4030464
00:48:48 ERROR /home/bsc03/bsc03353/forge/src/dispatcher/posix.c:62 140114936428288: single write -1 of expected 32768
00:48:49 ERROR /home/bsc03/bsc03353/forge/src/dispatcher/posix.c:61 140136411305728: r->filehandle = 35, r->size = 32768, r->offset = 5832704
00:48:49 ERROR /home/bsc03/bsc03353/forge/src/dispatcher/posix.c:62 140136411305728: single write -1 of expected 32768
00:48:50 ERROR /home/bsc03/bsc03353/forge/src/dispatcher/posix.c:61 140119231403776: r->filehandle = 35, r->size = 32768, r->offset = 2392064
00:48:50 ERROR /home/bsc03/bsc03353/forge/src/dispatcher/posix.c:62 140119231403776: single write -1 of expected 32768
00:48:50 ERROR /home/bsc03/bsc03353/forge/src/dispatcher/posix.c:61 140147148744448: r->filehandle = 35, r->size = 32768, r->offset = 5898240
00:48:50 ERROR /home/bsc03/bsc03353/forge/src/dispatcher/posix.c:62 140147148744448: single write -1 of expected 32768
00:48:50 ERROR /home/bsc03/bsc03353/forge/src/dispatcher/posix.c:61 140117083916032: r->filehandle = 35, r->size = 32768, r->offset = 655360
00:48:50 ERROR /home/bsc03/bsc03353/forge/src/dispatcher/posix.c:62 140117083916032: single write -1 of expected 32768
00:48:51 ERROR /home/bsc03/bsc03353/forge/src/dispatcher/posix.c:61 140129968842496: r->filehandle = 35, r->size = 32768, r->offset = 5373952
00:48:51 ERROR /home/bsc03/bsc03353/forge/src/dispatcher/posix.c:62 140129968842496: single write -1 of expected 32768
00:48:51 ERROR /home/bsc03/bsc03353/forge/src/dispatcher/posix.c:61 140138558793472: r->filehandle = 35, r->size = 32768, r->offset = 5013504
00:48:51 ERROR /home/bsc03/bsc03353/forge/src/dispatcher/posix.c:62 140138558793472: single write -1 of expected 32768
00:48:52 ERROR /home/bsc03/bsc03353/forge/src/dispatcher/posix.c:61 140114936428288: r->filehandle = 35, r->size = 32768, r->offset = 5603328
00:48:52 ERROR /home/bsc03/bsc03353/forge/src/dispatcher/posix.c:62 140114936428288: single write -1 of expected 32768
00:48:52 ERROR /home/bsc03/bsc03353/forge/src/dispatcher/posix.c:61 140119231403776: r->filehandle = 35, r->size = 32768, r->offset = 4554752
00:48:52 ERROR /home/bsc03/bsc03353/forge/src/dispatcher/posix.c:62 140119231403776: single write -1 of expected 32768
00:48:52 ERROR /home/bsc03/bsc03353/forge/src/dispatcher/posix.c:61 140147148744448: r->filehandle = 35, r->size = 32768, r->offset = 2686976
00:48:52 ERROR /home/bsc03/bsc03353/forge/src/dispatcher/posix.c:62 140147148744448: single write -1 of expected 32768
00:48:53 ERROR /home/bsc03/bsc03353/forge/src/dispatcher/posix.c:61 140134263817984: r->filehandle = 35, r->size = 32768, r->offset = 3276800
00:48:53 ERROR /home/bsc03/bsc03353/forge/src/dispatcher/posix.c:62 140134263817984: single write -1 of expected 32768
00:48:53 ERROR /home/bsc03/bsc03353/forge/src/dispatcher/posix.c:61 140117083916032: r->filehandle = 35, r->size = 32768, r->offset = 1867776
00:48:53 ERROR /home/bsc03/bsc03353/forge/src/dispatcher/posix.c:62 140117083916032: single write -1 of expected 32768
00:48:54 ERROR /home/bsc03/bsc03353/forge/src/dispatcher/posix.c:61 140132116330240: r->filehandle = 35, r->size = 32768, r->offset = 4784128
00:48:54 ERROR /home/bsc03/bsc03353/forge/src/dispatcher/posix.c:62 140132116330240: single write -1 of expected 32768
00:48:54 ERROR /home/bsc03/bsc03353/forge/src/dispatcher/posix.c:61 140114936428288: r->filehandle = 35, r->size = 32768, r->offset = 5111808
00:48:54 ERROR /home/bsc03/bsc03353/forge/src/dispatcher/posix.c:62 140114936428288: single write -1 of expected 32768
00:48:54 ERROR /home/bsc03/bsc03353/forge/src/dispatcher/posix.c:61 140136411305728: r->filehandle = 35, r->size = 32768, r->offset = 1146880
00:48:54 ERROR /home/bsc03/bsc03353/forge/src/dispatcher/posix.c:62 140136411305728: single write -1 of expected 32768
00:48:55 ERROR /home/bsc03/bsc03353/forge/src/dispatcher/posix.c:61 140121378891520: r->filehandle = 35, r->size = 32768, r->offset = 819200
00:48:55 ERROR /home/bsc03/bsc03353/forge/src/dispatcher/posix.c:62 140121378891520: single write -1 of expected 32768
00:48:55 ERROR /home/bsc03/bsc03353/forge/src/dispatcher/posix.c:61 140127821354752: r->filehandle = 35, r->size = 32768, r->offset = 5406720
00:48:55 ERROR /home/bsc03/bsc03353/forge/src/dispatcher/posix.c:62 140127821354752: single write -1 of expected 32768
00:48:55 ERROR /home/bsc03/bsc03353/forge/src/dispatcher/posix.c:61 140140706281216: r->filehandle = 35, r->size = 32768, r->offset = 3735552
00:48:55 ERROR /home/bsc03/bsc03353/forge/src/dispatcher/posix.c:62 140140706281216: single write -1 of expected 32768
00:48:55 ERROR /home/bsc03/bsc03353/forge/src/dispatcher/posix.c:61 140114936428288: r->filehandle = 35, r->size = 32768, r->offset = 1671168
00:48:55 ERROR /home/bsc03/bsc03353/forge/src/dispatcher/posix.c:62 140114936428288: single write -1 of expected 32768
00:48:56 ERROR /home/bsc03/bsc03353/forge/src/dispatcher/posix.c:61 140145001256704: r->filehandle = 35, r->size = 32768, r->offset = 5308416
00:48:56 ERROR /home/bsc03/bsc03353/forge/src/dispatcher/posix.c:62 140145001256704: single write -1 of expected 32768
00:48:56 ERROR /home/bsc03/bsc03353/forge/src/dispatcher/posix.c:61 140145001256704: r->filehandle = 35, r->size = 32768, r->offset = 1015808
00:48:56 ERROR /home/bsc03/bsc03353/forge/src/dispatcher/posix.c:62 140145001256704: single write -1 of expected 32768
00:48:57 ERROR /home/bsc03/bsc03353/forge/src/dispatcher/posix.c:61 140138558793472: r->filehandle = 35, r->size = 32768, r->offset = 6258688
00:48:57 ERROR /home/bsc03/bsc03353/forge/src/dispatcher/posix.c:62 140138558793472: single write -1 of expected 32768
00:48:57 ERROR /home/bsc03/bsc03353/forge/src/dispatcher/posix.c:61 140142853768960: r->filehandle = 35, r->size = 32768, r->offset = 4849664
00:48:57 ERROR /home/bsc03/bsc03353/forge/src/dispatcher/posix.c:62 140142853768960: single write -1 of expected 32768
00:48:58 ERROR /home/bsc03/bsc03353/forge/src/dispatcher/posix.c:61 140117083916032: r->filehandle = 35, r->size = 32768, r->offset = 393216
00:48:58 ERROR /home/bsc03/bsc03353/forge/src/dispatcher/posix.c:62 140117083916032: single write -1 of expected 32768
00:48:58 ERROR /home/bsc03/bsc03353/forge/src/dispatcher/posix.c:61 140134263817984: r->filehandle = 35, r->size = 32768, r->offset = 4292608
00:48:58 ERROR /home/bsc03/bsc03353/forge/src/dispatcher/posix.c:62 140134263817984: single write -1 of expected 32768
00:48:58 ERROR /home/bsc03/bsc03353/forge/src/dispatcher/posix.c:61 140136411305728: r->filehandle = 35, r->size = 32768, r->offset = 4259840
00:48:58 ERROR /home/bsc03/bsc03353/forge/src/dispatcher/posix.c:62 140136411305728: single write -1 of expected 32768
00:48:58 ERROR /home/bsc03/bsc03353/forge/src/dispatcher/posix.c:61 140125673867008: r->filehandle = 35, r->size = 32768, r->offset = 3309568
00:48:58 ERROR /home/bsc03/bsc03353/forge/src/dispatcher/posix.c:62 140125673867008: single write -1 of expected 32768
00:48:59 ERROR /home/bsc03/bsc03353/forge/src/dispatcher/posix.c:61 140119231403776: r->filehandle = 35, r->size = 32768, r->offset = 4947968
00:48:59 ERROR /home/bsc03/bsc03353/forge/src/dispatcher/posix.c:62 140119231403776: single write -1 of expected 32768
00:48:59 ERROR /home/bsc03/bsc03353/forge/src/dispatcher/posix.c:61 140114936428288: r->filehandle = 35, r->size = 32768, r->offset = 1081344
00:48:59 ERROR /home/bsc03/bsc03353/forge/src/dispatcher/posix.c:62 140114936428288: single write -1 of expected 32768
00:49:00 ERROR /home/bsc03/bsc03353/forge/src/dispatcher/posix.c:61 140147148744448: r->filehandle = 35, r->size = 32768, r->offset = 4915200
00:49:00 ERROR /home/bsc03/bsc03353/forge/src/dispatcher/posix.c:62 140147148744448: single write -1 of expected 32768
00:49:00 ERROR /home/bsc03/bsc03353/forge/src/dispatcher/posix.c:61 140138558793472: r->filehandle = 35, r->size = 32768, r->offset = 360448
00:49:00 ERROR /home/bsc03/bsc03353/forge/src/dispatcher/posix.c:62 140138558793472: single write -1 of expected 32768
00:49:00 ERROR /home/bsc03/bsc03353/forge/src/dispatcher/posix.c:61 140123526379264: r->filehandle = 35, r->size = 32768, r->offset = 5734400
00:49:00 ERROR /home/bsc03/bsc03353/forge/src/dispatcher/posix.c:62 140123526379264: single write -1 of expected 32768
00:49:01 ERROR /home/bsc03/bsc03353/forge/src/dispatcher/posix.c:61 140136411305728: r->filehandle = 35, r->size = 32768, r->offset = 2588672
00:49:01 ERROR /home/bsc03/bsc03353/forge/src/dispatcher/posix.c:62 140136411305728: single write -1 of expected 32768
00:49:01 ERROR /home/bsc03/bsc03353/forge/src/dispatcher/posix.c:61 140142853768960: r->filehandle = 35, r->size = 32768, r->offset = 622592
00:49:01 ERROR /home/bsc03/bsc03353/forge/src/dispatcher/posix.c:62 140142853768960: single write -1 of expected 32768
00:49:01 ERROR /home/bsc03/bsc03353/forge/src/dispatcher/posix.c:61 140123526379264: r->filehandle = 35, r->size = 32768, r->offset = 1703936
00:49:01 ERROR /home/bsc03/bsc03353/forge/src/dispatcher/posix.c:62 140123526379264: single write -1 of expected 32768
00:49:01 ERROR /home/bsc03/bsc03353/forge/src/dispatcher/posix.c:61 140136411305728: r->filehandle = 35, r->size = 32768, r->offset = 6127616
00:49:01 ERROR /home/bsc03/bsc03353/forge/src/dispatcher/posix.c:62 140136411305728: single write -1 of expected 32768
00:49:02 ERROR /home/bsc03/bsc03353/forge/src/dispatcher/posix.c:61 140134263817984: r->filehandle = 35, r->size = 32768, r->offset = 688128
00:49:02 ERROR /home/bsc03/bsc03353/forge/src/dispatcher/posix.c:62 140134263817984: single write -1 of expected 32768
00:49:02 ERROR /home/bsc03/bsc03353/forge/src/dispatcher/posix.c:61 140138558793472: r->filehandle = 35, r->size = 32768, r->offset = 1114112
00:49:02 ERROR /home/bsc03/bsc03353/forge/src/dispatcher/posix.c:62 140138558793472: single write -1 of expected 32768
00:49:03 ERROR /home/bsc03/bsc03353/forge/src/dispatcher/posix.c:61 140147148744448: r->filehandle = 35, r->size = 32768, r->offset = 6094848
00:49:03 ERROR /home/bsc03/bsc03353/forge/src/dispatcher/posix.c:62 140147148744448: single write -1 of expected 32768
00:49:03 ERROR /home/bsc03/bsc03353/forge/src/dispatcher/posix.c:61 140136411305728: r->filehandle = 35, r->size = 32768, r->offset = 98304
00:49:03 ERROR /home/bsc03/bsc03353/forge/src/dispatcher/posix.c:62 140136411305728: single write -1 of expected 32768
00:49:03 ERROR /home/bsc03/bsc03353/forge/src/dispatcher/posix.c:61 140125673867008: r->filehandle = 35, r->size = 32768, r->offset = 5439488
00:49:03 ERROR /home/bsc03/bsc03353/forge/src/dispatcher/posix.c:62 140125673867008: single write -1 of expected 32768
00:49:04 ERROR /home/bsc03/bsc03353/forge/src/dispatcher/posix.c:61 140123526379264: r->filehandle = 35, r->size = 32768, r->offset = 917504
00:49:04 ERROR /home/bsc03/bsc03353/forge/src/dispatcher/posix.c:62 140123526379264: single write -1 of expected 32768
00:49:04 ERROR /home/bsc03/bsc03353/forge/src/dispatcher/posix.c:61 140129968842496: r->filehandle = 35, r->size = 32768, r->offset = 4980736
00:49:04 ERROR /home/bsc03/bsc03353/forge/src/dispatcher/posix.c:62 140129968842496: single write -1 of expected 32768
00:49:05 ERROR /home/bsc03/bsc03353/forge/src/dispatcher/posix.c:61 140134263817984: r->filehandle = 35, r->size = 32768, r->offset = 32768
00:49:05 ERROR /home/bsc03/bsc03353/forge/src/dispatcher/posix.c:62 140134263817984: single write -1 of expected 32768
00:49:05 ERROR /home/bsc03/bsc03353/forge/src/dispatcher/posix.c:61 140129968842496: r->filehandle = 35, r->size = 32768, r->offset = 3178496
00:49:05 ERROR /home/bsc03/bsc03353/forge/src/dispatcher/posix.c:62 140129968842496: single write -1 of expected 32768
00:49:06 ERROR /home/bsc03/bsc03353/forge/src/dispatcher/posix.c:61 140125673867008: r->filehandle = 35, r->size = 32768, r->offset = 753664
00:49:06 ERROR /home/bsc03/bsc03353/forge/src/dispatcher/posix.c:62 140125673867008: single write -1 of expected 32768
00:49:06 ERROR /home/bsc03/bsc03353/forge/src/dispatcher/posix.c:61 140147148744448: r->filehandle = 35, r->size = 32768, r->offset = 4882432
00:49:06 ERROR /home/bsc03/bsc03353/forge/src/dispatcher/posix.c:62 140147148744448: single write -1 of expected 32768
00:49:06 ERROR /home/bsc03/bsc03353/forge/src/dispatcher/posix.c:61 140136411305728: r->filehandle = 35, r->size = 32768, r->offset = 294912
00:49:06 ERROR /home/bsc03/bsc03353/forge/src/dispatcher/posix.c:62 140136411305728: single write -1 of expected 32768
00:49:07 ERROR /home/bsc03/bsc03353/forge/src/dispatcher/posix.c:61 140125673867008: r->filehandle = 35, r->size = 32768, r->offset = 3538944
00:49:07 ERROR /home/bsc03/bsc03353/forge/src/dispatcher/posix.c:62 140125673867008: single write -1 of expected 32768
00:49:07 ERROR /home/bsc03/bsc03353/forge/src/dispatcher/posix.c:61 140145001256704: r->filehandle = 35, r->size = 32768, r->offset = 6160384
00:49:07 ERROR /home/bsc03/bsc03353/forge/src/dispatcher/posix.c:62 140145001256704: single write -1 of expected 32768
00:49:07 ERROR /home/bsc03/bsc03353/forge/src/dispatcher/posix.c:61 140140706281216: r->filehandle = 35, r->size = 32768, r->offset = 2752512
00:49:07 ERROR /home/bsc03/bsc03353/forge/src/dispatcher/posix.c:62 140140706281216: single write -1 of expected 32768
00:49:08 ERROR /home/bsc03/bsc03353/forge/src/dispatcher/posix.c:61 140145001256704: r->filehandle = 35, r->size = 32768, r->offset = 65536
00:49:08 ERROR /home/bsc03/bsc03353/forge/src/dispatcher/posix.c:62 140145001256704: single write -1 of expected 32768
00:49:08 ERROR /home/bsc03/bsc03353/forge/src/dispatcher/posix.c:61 140134263817984: r->filehandle = 35, r->size = 32768, r->offset = 3211264
00:49:08 ERROR /home/bsc03/bsc03353/forge/src/dispatcher/posix.c:62 140134263817984: single write -1 of expected 32768
00:49:09 ERROR /home/bsc03/bsc03353/forge/src/dispatcher/posix.c:61 140114936428288: r->filehandle = 35, r->size = 32768, r->offset = 851968
00:49:09 ERROR /home/bsc03/bsc03353/forge/src/dispatcher/posix.c:62 140114936428288: single write -1 of expected 32768
00:49:09 ERROR /home/bsc03/bsc03353/forge/src/dispatcher/posix.c:61 140127821354752: r->filehandle = 35, r->size = 32768, r->offset = 2949120
00:49:09 ERROR /home/bsc03/bsc03353/forge/src/dispatcher/posix.c:62 140127821354752: single write -1 of expected 32768
00:49:10 ERROR /home/bsc03/bsc03353/forge/src/dispatcher/posix.c:61 140119231403776: r->filehandle = 35, r->size = 32768, r->offset = 5210112
00:49:10 ERROR /home/bsc03/bsc03353/forge/src/dispatcher/posix.c:62 140119231403776: single write -1 of expected 32768
00:49:10 ERROR /home/bsc03/bsc03353/forge/src/dispatcher/posix.c:61 140136411305728: r->filehandle = 35, r->size = 32768, r->offset = 5505024
00:49:10 ERROR /home/bsc03/bsc03353/forge/src/dispatcher/posix.c:62 140136411305728: single write -1 of expected 32768
00:49:10 ERROR /home/bsc03/bsc03353/forge/src/dispatcher/posix.c:61 140140706281216: r->filehandle = 35, r->size = 32768, r->offset = 2195456
00:49:10 ERROR /home/bsc03/bsc03353/forge/src/dispatcher/posix.c:62 140140706281216: single write -1 of expected 32768
00:49:11 ERROR /home/bsc03/bsc03353/forge/src/dispatcher/posix.c:61 140123526379264: r->filehandle = 35, r->size = 32768, r->offset = 1409024
00:49:11 ERROR /home/bsc03/bsc03353/forge/src/dispatcher/posix.c:62 140123526379264: single write -1 of expected 32768
00:49:11 ERROR /home/bsc03/bsc03353/forge/src/dispatcher/posix.c:61 140129968842496: r->filehandle = 35, r->size = 32768, r->offset = 1179648
00:49:11 ERROR /home/bsc03/bsc03353/forge/src/dispatcher/posix.c:62 140129968842496: single write -1 of expected 32768
00:49:12 ERROR /home/bsc03/bsc03353/forge/src/dispatcher/posix.c:61 140121378891520: r->filehandle = 35, r->size = 32768, r->offset = 2129920
00:49:12 ERROR /home/bsc03/bsc03353/forge/src/dispatcher/posix.c:62 140121378891520: single write -1 of expected 32768
00:49:12 ERROR /home/bsc03/bsc03353/forge/src/dispatcher/posix.c:61 140127821354752: r->filehandle = 35, r->size = 32768, r->offset = 3637248
00:49:12 ERROR /home/bsc03/bsc03353/forge/src/dispatcher/posix.c:62 140127821354752: single write -1 of expected 32768
00:49:12 ERROR /home/bsc03/bsc03353/forge/src/dispatcher/posix.c:61 140134263817984: r->filehandle = 35, r->size = 32768, r->offset = 4653056
00:49:12 ERROR /home/bsc03/bsc03353/forge/src/dispatcher/posix.c:62 140134263817984: single write -1 of expected 32768
00:49:13 ERROR /home/bsc03/bsc03353/forge/src/dispatcher/posix.c:61 140125673867008: r->filehandle = 35, r->size = 32768, r->offset = 2916352
00:49:13 ERROR /home/bsc03/bsc03353/forge/src/dispatcher/posix.c:62 140125673867008: single write -1 of expected 32768
00:49:13 ERROR /home/bsc03/bsc03353/forge/src/dispatcher/posix.c:61 140127821354752: r->filehandle = 35, r->size = 32768, r->offset = 5275648
00:49:13 ERROR /home/bsc03/bsc03353/forge/src/dispatcher/posix.c:62 140127821354752: single write -1 of expected 32768
00:49:13 ERROR /home/bsc03/bsc03353/forge/src/dispatcher/posix.c:61 140136411305728: r->filehandle = 35, r->size = 32768, r->offset = 3964928
00:49:13 ERROR /home/bsc03/bsc03353/forge/src/dispatcher/posix.c:62 140136411305728: single write -1 of expected 32768
00:49:14 ERROR /home/bsc03/bsc03353/forge/src/dispatcher/posix.c:61 140136411305728: r->filehandle = 35, r->size = 32768, r->offset = 2719744
00:49:14 ERROR /home/bsc03/bsc03353/forge/src/dispatcher/posix.c:62 140136411305728: single write -1 of expected 32768
00:49:14 ERROR /home/bsc03/bsc03353/forge/src/dispatcher/posix.c:61 140114936428288: r->filehandle = 35, r->size = 32768, r->offset = 5963776
00:49:14 ERROR /home/bsc03/bsc03353/forge/src/dispatcher/posix.c:62 140114936428288: single write -1 of expected 32768
00:49:15 ERROR /home/bsc03/bsc03353/forge/src/dispatcher/posix.c:61 140132116330240: r->filehandle = 35, r->size = 32768, r->offset = 5079040
00:49:15 ERROR /home/bsc03/bsc03353/forge/src/dispatcher/posix.c:62 140132116330240: single write -1 of expected 32768
00:49:15 ERROR /home/bsc03/bsc03353/forge/src/dispatcher/posix.c:61 140117083916032: r->filehandle = 35, r->size = 32768, r->offset = 4325376
00:49:15 ERROR /home/bsc03/bsc03353/forge/src/dispatcher/posix.c:62 140117083916032: single write -1 of expected 32768
00:49:15 ERROR /home/bsc03/bsc03353/forge/src/dispatcher/posix.c:61 140134263817984: r->filehandle = 35, r->size = 32768, r->offset = 1605632
00:49:15 ERROR /home/bsc03/bsc03353/forge/src/dispatcher/posix.c:62 140134263817984: single write -1 of expected 32768
00:49:15 ERROR /home/bsc03/bsc03353/forge/src/dispatcher/posix.c:61 140121378891520: r->filehandle = 35, r->size = 32768, r->offset = 5931008
00:49:15 ERROR /home/bsc03/bsc03353/forge/src/dispatcher/posix.c:62 140121378891520: single write -1 of expected 32768
00:49:16 ERROR /home/bsc03/bsc03353/forge/src/dispatcher/posix.c:61 140134263817984: r->filehandle = 35, r->size = 32768, r->offset = 2064384
00:49:16 ERROR /home/bsc03/bsc03353/forge/src/dispatcher/posix.c:62 140134263817984: single write -1 of expected 32768
00:49:16 ERROR /home/bsc03/bsc03353/forge/src/dispatcher/posix.c:61 140119231403776: r->filehandle = 35, r->size = 32768, r->offset = 1736704
00:49:16 ERROR /home/bsc03/bsc03353/forge/src/dispatcher/posix.c:62 140119231403776: single write -1 of expected 32768
00:49:17 ERROR /home/bsc03/bsc03353/forge/src/dispatcher/posix.c:61 140119231403776: r->filehandle = 35, r->size = 32768, r->offset = 2162688
00:49:17 ERROR /home/bsc03/bsc03353/forge/src/dispatcher/posix.c:62 140119231403776: single write -1 of expected 32768
00:49:17 ERROR /home/bsc03/bsc03353/forge/src/dispatcher/posix.c:61 140117083916032: r->filehandle = 35, r->size = 32768, r->offset = 557056
00:49:17 ERROR /home/bsc03/bsc03353/forge/src/dispatcher/posix.c:62 140117083916032: single write -1 of expected 32768
00:49:17 ERROR /home/bsc03/bsc03353/forge/src/dispatcher/posix.c:61 140134263817984: r->filehandle = 35, r->size = 32768, r->offset = 2457600
00:49:17 ERROR /home/bsc03/bsc03353/forge/src/dispatcher/posix.c:62 140134263817984: single write -1 of expected 32768
00:49:18 ERROR /home/bsc03/bsc03353/forge/src/dispatcher/posix.c:61 140129968842496: r->filehandle = 35, r->size = 32768, r->offset = 1900544
00:49:18 ERROR /home/bsc03/bsc03353/forge/src/dispatcher/posix.c:62 140129968842496: single write -1 of expected 32768
00:49:18 ERROR /home/bsc03/bsc03353/forge/src/dispatcher/posix.c:61 140147148744448: r->filehandle = 35, r->size = 32768, r->offset = 5636096
00:49:18 ERROR /home/bsc03/bsc03353/forge/src/dispatcher/posix.c:62 140147148744448: single write -1 of expected 32768
00:49:19 ERROR /home/bsc03/bsc03353/forge/src/dispatcher/posix.c:61 140138558793472: r->filehandle = 35, r->size = 32768, r->offset = 1474560
00:49:19 ERROR /home/bsc03/bsc03353/forge/src/dispatcher/posix.c:62 140138558793472: single write -1 of expected 32768
00:49:19 ERROR /home/bsc03/bsc03353/forge/src/dispatcher/posix.c:61 140132116330240: r->filehandle = 35, r->size = 32768, r->offset = 1376256
00:49:19 ERROR /home/bsc03/bsc03353/forge/src/dispatcher/posix.c:62 140132116330240: single write -1 of expected 32768
00:49:19 ERROR /home/bsc03/bsc03353/forge/src/dispatcher/posix.c:61 140136411305728: r->filehandle = 35, r->size = 32768, r->offset = 3014656
00:49:19 ERROR /home/bsc03/bsc03353/forge/src/dispatcher/posix.c:62 140136411305728: single write -1 of expected 32768
00:49:20 ERROR /home/bsc03/bsc03353/forge/src/dispatcher/posix.c:61 140119231403776: r->filehandle = 35, r->size = 32768, r->offset = 5668864
00:49:20 ERROR /home/bsc03/bsc03353/forge/src/dispatcher/posix.c:62 140119231403776: single write -1 of expected 32768
00:49:20 ERROR /home/bsc03/bsc03353/forge/src/dispatcher/posix.c:61 140140706281216: r->filehandle = 35, r->size = 32768, r->offset = 2490368
00:49:20 ERROR /home/bsc03/bsc03353/forge/src/dispatcher/posix.c:62 140140706281216: single write -1 of expected 32768
00:49:20 ERROR /home/bsc03/bsc03353/forge/src/dispatcher/posix.c:61 140138558793472: r->filehandle = 35, r->size = 32768, r->offset = 589824
00:49:20 ERROR /home/bsc03/bsc03353/forge/src/dispatcher/posix.c:62 140138558793472: single write -1 of expected 32768
00:49:20 ERROR /home/bsc03/bsc03353/forge/src/dispatcher/posix.c:61 140123526379264: r->filehandle = 35, r->size = 32768, r->offset = 4161536
00:49:20 ERROR /home/bsc03/bsc03353/forge/src/dispatcher/posix.c:62 140123526379264: single write -1 of expected 32768
00:49:21 ERROR /home/bsc03/bsc03353/forge/src/dispatcher/posix.c:61 140123526379264: r->filehandle = 35, r->size = 32768, r->offset = 3801088
00:49:21 ERROR /home/bsc03/bsc03353/forge/src/dispatcher/posix.c:62 140123526379264: single write -1 of expected 32768
00:49:21 ERROR /home/bsc03/bsc03353/forge/src/dispatcher/posix.c:61 140132116330240: r->filehandle = 35, r->size = 32768, r->offset = 3112960
00:49:21 ERROR /home/bsc03/bsc03353/forge/src/dispatcher/posix.c:62 140132116330240: single write -1 of expected 32768
00:49:21 ERROR /home/bsc03/bsc03353/forge/src/dispatcher/posix.c:61 140142853768960: r->filehandle = 35, r->size = 32768, r->offset = 1638400
00:49:21 ERROR /home/bsc03/bsc03353/forge/src/dispatcher/posix.c:62 140142853768960: single write -1 of expected 32768
00:49:22 ERROR /home/bsc03/bsc03353/forge/src/dispatcher/posix.c:61 140134263817984: r->filehandle = 35, r->size = 32768, r->offset = 6029312
00:49:22 ERROR /home/bsc03/bsc03353/forge/src/dispatcher/posix.c:62 140134263817984: single write -1 of expected 32768
00:49:22 ERROR /home/bsc03/bsc03353/forge/src/dispatcher/posix.c:61 140125673867008: r->filehandle = 35, r->size = 32768, r->offset = 1277952
00:49:22 ERROR /home/bsc03/bsc03353/forge/src/dispatcher/posix.c:62 140125673867008: single write -1 of expected 32768
00:49:23 ERROR /home/bsc03/bsc03353/forge/src/dispatcher/posix.c:61 140129968842496: r->filehandle = 35, r->size = 32768, r->offset = 5046272
00:49:23 ERROR /home/bsc03/bsc03353/forge/src/dispatcher/posix.c:62 140129968842496: single write -1 of expected 32768
00:49:23 ERROR /home/bsc03/bsc03353/forge/src/dispatcher/posix.c:61 140119231403776: r->filehandle = 35, r->size = 32768, r->offset = 3506176
00:49:23 ERROR /home/bsc03/bsc03353/forge/src/dispatcher/posix.c:62 140119231403776: single write -1 of expected 32768
00:49:23 ERROR /home/bsc03/bsc03353/forge/src/dispatcher/posix.c:61 140136411305728: r->filehandle = 35, r->size = 32768, r->offset = 5177344
00:49:23 ERROR /home/bsc03/bsc03353/forge/src/dispatcher/posix.c:62 140136411305728: single write -1 of expected 32768
00:49:24 ERROR /home/bsc03/bsc03353/forge/src/dispatcher/posix.c:61 140132116330240: r->filehandle = 35, r->size = 32768, r->offset = 5570560
00:49:24 ERROR /home/bsc03/bsc03353/forge/src/dispatcher/posix.c:62 140132116330240: single write -1 of expected 32768
00:49:24 ERROR /home/bsc03/bsc03353/forge/src/dispatcher/posix.c:61 140121378891520: r->filehandle = 35, r->size = 32768, r->offset = 4718592
00:49:24 ERROR /home/bsc03/bsc03353/forge/src/dispatcher/posix.c:62 140121378891520: single write -1 of expected 32768
00:49:24 ERROR /home/bsc03/bsc03353/forge/src/dispatcher/posix.c:61 140117083916032: r->filehandle = 35, r->size = 32768, r->offset = 1933312
00:49:24 ERROR /home/bsc03/bsc03353/forge/src/dispatcher/posix.c:62 140117083916032: single write -1 of expected 32768
00:49:25 ERROR /home/bsc03/bsc03353/forge/src/dispatcher/posix.c:61 140117083916032: r->filehandle = 35, r->size = 32768, r->offset = 5767168
00:49:25 ERROR /home/bsc03/bsc03353/forge/src/dispatcher/posix.c:62 140117083916032: single write -1 of expected 32768
00:49:25 ERROR /home/bsc03/bsc03353/forge/src/dispatcher/posix.c:61 140136411305728: r->filehandle = 35, r->size = 32768, r->offset = 1441792
00:49:25 ERROR /home/bsc03/bsc03353/forge/src/dispatcher/posix.c:62 140136411305728: single write -1 of expected 32768
00:49:26 ERROR /home/bsc03/bsc03353/forge/src/dispatcher/posix.c:61 140138558793472: r->filehandle = 35, r->size = 32768, r->offset = 2424832
00:49:26 ERROR /home/bsc03/bsc03353/forge/src/dispatcher/posix.c:62 140138558793472: single write -1 of expected 32768
00:49:26 ERROR /home/bsc03/bsc03353/forge/src/dispatcher/posix.c:61 140140706281216: r->filehandle = 35, r->size = 32768, r->offset = 3997696
00:49:26 ERROR /home/bsc03/bsc03353/forge/src/dispatcher/posix.c:62 140140706281216: single write -1 of expected 32768
00:49:27 ERROR /home/bsc03/bsc03353/forge/src/dispatcher/posix.c:61 140119231403776: r->filehandle = 35, r->size = 32768, r->offset = 3768320
00:49:27 ERROR /home/bsc03/bsc03353/forge/src/dispatcher/posix.c:62 140119231403776: single write -1 of expected 32768
00:49:27 ERROR /home/bsc03/bsc03353/forge/src/dispatcher/posix.c:61 140127821354752: r->filehandle = 35, r->size = 32768, r->offset = 3473408
00:49:27 ERROR /home/bsc03/bsc03353/forge/src/dispatcher/posix.c:62 140127821354752: single write -1 of expected 32768
00:49:28 ERROR /home/bsc03/bsc03353/forge/src/dispatcher/posix.c:61 140121378891520: r->filehandle = 35, r->size = 32768, r->offset = 3833856
00:49:28 ERROR /home/bsc03/bsc03353/forge/src/dispatcher/posix.c:62 140121378891520: single write -1 of expected 32768
00:49:28 ERROR /home/bsc03/bsc03353/forge/src/dispatcher/posix.c:61 140117083916032: r->filehandle = 35, r->size = 32768, r->offset = 6225920
00:49:28 ERROR /home/bsc03/bsc03353/forge/src/dispatcher/posix.c:62 140117083916032: single write -1 of expected 32768
00:49:28 ERROR /home/bsc03/bsc03353/forge/src/dispatcher/posix.c:61 140123526379264: r->filehandle = 35, r->size = 32768, r->offset = 2981888
00:49:28 ERROR /home/bsc03/bsc03353/forge/src/dispatcher/posix.c:62 140123526379264: single write -1 of expected 32768
00:49:29 ERROR /home/bsc03/bsc03353/forge/src/dispatcher/posix.c:61 140129968842496: r->filehandle = 35, r->size = 32768, r->offset = 2850816
00:49:29 ERROR /home/bsc03/bsc03353/forge/src/dispatcher/posix.c:62 140129968842496: single write -1 of expected 32768
00:49:29 ERROR /home/bsc03/bsc03353/forge/src/dispatcher/posix.c:61 140138558793472: r->filehandle = 35, r->size = 32768, r->offset = 425984
00:49:29 ERROR /home/bsc03/bsc03353/forge/src/dispatcher/posix.c:62 140138558793472: single write -1 of expected 32768
00:49:30 ERROR /home/bsc03/bsc03353/forge/src/dispatcher/posix.c:61 140114936428288: r->filehandle = 35, r->size = 32768, r->offset = 1343488
00:49:30 ERROR /home/bsc03/bsc03353/forge/src/dispatcher/posix.c:62 140114936428288: single write -1 of expected 32768
00:49:30 ERROR /home/bsc03/bsc03353/forge/src/dispatcher/posix.c:61 140147148744448: r->filehandle = 35, r->size = 32768, r->offset = 5144576
00:49:30 ERROR /home/bsc03/bsc03353/forge/src/dispatcher/posix.c:62 140147148744448: single write -1 of expected 32768
00:49:30 ERROR /home/bsc03/bsc03353/forge/src/dispatcher/posix.c:61 140129968842496: r->filehandle = 35, r->size = 32768, r->offset = 983040
00:49:30 ERROR /home/bsc03/bsc03353/forge/src/dispatcher/posix.c:62 140129968842496: single write -1 of expected 32768
00:49:31 ERROR /home/bsc03/bsc03353/forge/src/dispatcher/posix.c:61 140123526379264: r->filehandle = 35, r->size = 32768, r->offset = 6193152
00:49:31 ERROR /home/bsc03/bsc03353/forge/src/dispatcher/posix.c:62 140123526379264: single write -1 of expected 32768
00:49:31 ERROR /home/bsc03/bsc03353/forge/src/dispatcher/posix.c:61 140121378891520: r->filehandle = 35, r->size = 32768, r->offset = 5537792
00:49:31 ERROR /home/bsc03/bsc03353/forge/src/dispatcher/posix.c:62 140121378891520: single write -1 of expected 32768
00:49:32 ERROR /home/bsc03/bsc03353/forge/src/dispatcher/posix.c:61 140138558793472: r->filehandle = 35, r->size = 32768, r->offset = 5472256
00:49:32 ERROR /home/bsc03/bsc03353/forge/src/dispatcher/posix.c:62 140138558793472: single write -1 of expected 32768
00:49:32 ERROR /home/bsc03/bsc03353/forge/src/dispatcher/posix.c:61 140145001256704: r->filehandle = 35, r->size = 32768, r->offset = 1966080
00:49:32 ERROR /home/bsc03/bsc03353/forge/src/dispatcher/posix.c:62 140145001256704: single write -1 of expected 32768
00:49:32 ERROR /home/bsc03/bsc03353/forge/src/dispatcher/posix.c:61 140127821354752: r->filehandle = 35, r->size = 32768, r->offset = 2326528
00:49:32 ERROR /home/bsc03/bsc03353/forge/src/dispatcher/posix.c:62 140127821354752: single write -1 of expected 32768
00:49:33 ERROR /home/bsc03/bsc03353/forge/src/dispatcher/posix.c:61 140142853768960: r->filehandle = 35, r->size = 32768, r->offset = 327680
00:49:33 ERROR /home/bsc03/bsc03353/forge/src/dispatcher/posix.c:62 140142853768960: single write -1 of expected 32768
00:49:33 ERROR /home/bsc03/bsc03353/forge/src/dispatcher/posix.c:61 140138558793472: r->filehandle = 35, r->size = 32768, r->offset = 1540096
00:49:33 ERROR /home/bsc03/bsc03353/forge/src/dispatcher/posix.c:62 140138558793472: single write -1 of expected 32768
00:49:33 ERROR /home/bsc03/bsc03353/forge/src/dispatcher/posix.c:61 140142853768960: r->filehandle = 35, r->size = 32768, r->offset = 5799936
00:49:33 ERROR /home/bsc03/bsc03353/forge/src/dispatcher/posix.c:62 140142853768960: single write -1 of expected 32768
00:49:34 ERROR /home/bsc03/bsc03353/forge/src/dispatcher/posix.c:61 140125673867008: r->filehandle = 35, r->size = 32768, r->offset = 3244032
00:49:34 ERROR /home/bsc03/bsc03353/forge/src/dispatcher/posix.c:62 140125673867008: single write -1 of expected 32768
00:49:34 ERROR /home/bsc03/bsc03353/forge/src/dispatcher/posix.c:61 140140706281216: r->filehandle = 35, r->size = 32768, r->offset = 1802240
00:49:34 ERROR /home/bsc03/bsc03353/forge/src/dispatcher/posix.c:62 140140706281216: single write -1 of expected 32768
00:49:34 ERROR /home/bsc03/bsc03353/forge/src/dispatcher/posix.c:61 140136411305728: r->filehandle = 35, r->size = 32768, r->offset = 3375104
00:49:34 ERROR /home/bsc03/bsc03353/forge/src/dispatcher/posix.c:62 140136411305728: single write -1 of expected 32768
00:49:35 ERROR /home/bsc03/bsc03353/forge/src/dispatcher/posix.c:61 140121378891520: r->filehandle = 35, r->size = 32768, r->offset = 2097152
00:49:35 ERROR /home/bsc03/bsc03353/forge/src/dispatcher/posix.c:62 140121378891520: single write -1 of expected 32768
00:49:35 ERROR /home/bsc03/bsc03353/forge/src/dispatcher/posix.c:61 140127821354752: r->filehandle = 35, r->size = 32768, r->offset = 2293760
00:49:35 ERROR /home/bsc03/bsc03353/forge/src/dispatcher/posix.c:62 140127821354752: single write -1 of expected 32768
00:49:35 ERROR /home/bsc03/bsc03353/forge/src/dispatcher/posix.c:61 140134263817984: r->filehandle = 35, r->size = 32768, r->offset = 4063232
00:49:35 ERROR /home/bsc03/bsc03353/forge/src/dispatcher/posix.c:62 140134263817984: single write -1 of expected 32768
00:49:36 ERROR /home/bsc03/bsc03353/forge/src/dispatcher/posix.c:61 140136411305728: r->filehandle = 35, r->size = 32768, r->offset = 491520
00:49:36 ERROR /home/bsc03/bsc03353/forge/src/dispatcher/posix.c:62 140136411305728: single write -1 of expected 32768
00:49:36 ERROR /home/bsc03/bsc03353/forge/src/dispatcher/posix.c:61 140140706281216: r->filehandle = 35, r->size = 32768, r->offset = 2359296
00:49:36 ERROR /home/bsc03/bsc03353/forge/src/dispatcher/posix.c:62 140140706281216: single write -1 of expected 32768
00:49:36 ERROR /home/bsc03/bsc03353/forge/src/dispatcher/posix.c:61 140129968842496: r->filehandle = 35, r->size = 32768, r->offset = 1048576
00:49:36 ERROR /home/bsc03/bsc03353/forge/src/dispatcher/posix.c:62 140129968842496: single write -1 of expected 32768
00:49:37 ERROR /home/bsc03/bsc03353/forge/src/dispatcher/posix.c:61 140121378891520: r->filehandle = 35, r->size = 32768, r->offset = 229376
00:49:37 ERROR /home/bsc03/bsc03353/forge/src/dispatcher/posix.c:62 140121378891520: single write -1 of expected 32768
00:49:37 ERROR /home/bsc03/bsc03353/forge/src/dispatcher/posix.c:61 140138558793472: r->filehandle = 35, r->size = 32768, r->offset = 2785280
00:49:37 ERROR /home/bsc03/bsc03353/forge/src/dispatcher/posix.c:62 140138558793472: single write -1 of expected 32768
00:49:38 ERROR /home/bsc03/bsc03353/forge/src/dispatcher/posix.c:61 140132116330240: r->filehandle = 35, r->size = 32768, r->offset = 4620288
00:49:38 ERROR /home/bsc03/bsc03353/forge/src/dispatcher/posix.c:62 140132116330240: single write -1 of expected 32768
00:49:38 ERROR /home/bsc03/bsc03353/forge/src/dispatcher/posix.c:61 140129968842496: r->filehandle = 35, r->size = 32768, r->offset = 3702784
00:49:38 ERROR /home/bsc03/bsc03353/forge/src/dispatcher/posix.c:62 140129968842496: single write -1 of expected 32768
00:49:38 ERROR /home/bsc03/bsc03353/forge/src/dispatcher/posix.c:61 140147148744448: r->filehandle = 35, r->size = 32768, r->offset = 163840
00:49:38 ERROR /home/bsc03/bsc03353/forge/src/dispatcher/posix.c:62 140147148744448: single write -1 of expected 32768
00:49:39 ERROR /home/bsc03/bsc03353/forge/src/dispatcher/posix.c:61 140132116330240: r->filehandle = 35, r->size = 32768, r->offset = 3342336
00:49:39 ERROR /home/bsc03/bsc03353/forge/src/dispatcher/posix.c:62 140132116330240: single write -1 of expected 32768
00:49:40 ERROR /home/bsc03/bsc03353/forge/src/dispatcher/posix.c:61 140145001256704: r->filehandle = 35, r->size = 32768, r->offset = 720896
00:49:40 ERROR /home/bsc03/bsc03353/forge/src/dispatcher/posix.c:62 140145001256704: single write -1 of expected 32768
00:49:40 ERROR /home/bsc03/bsc03353/forge/src/dispatcher/posix.c:61 140127821354752: r->filehandle = 35, r->size = 32768, r->offset = 2654208
00:49:40 ERROR /home/bsc03/bsc03353/forge/src/dispatcher/posix.c:62 140127821354752: single write -1 of expected 32768
00:49:40 ERROR /home/bsc03/bsc03353/forge/src/dispatcher/posix.c:61 140119231403776: r->filehandle = 35, r->size = 32768, r->offset = 524288
00:49:40 ERROR /home/bsc03/bsc03353/forge/src/dispatcher/posix.c:62 140119231403776: single write -1 of expected 32768
00:49:41 ERROR /home/bsc03/bsc03353/forge/src/dispatcher/posix.c:61 140147148744448: r->filehandle = 35, r->size = 32768, r->offset = 5996544
00:49:41 ERROR /home/bsc03/bsc03353/forge/src/dispatcher/posix.c:62 140147148744448: single write -1 of expected 32768
00:49:41 ERROR /home/bsc03/bsc03353/forge/src/dispatcher/posix.c:61 140145001256704: r->filehandle = 35, r->size = 32768, r->offset = 3866624
00:49:41 ERROR /home/bsc03/bsc03353/forge/src/dispatcher/posix.c:62 140145001256704: single write -1 of expected 32768
00:49:42 ERROR /home/bsc03/bsc03353/forge/src/dispatcher/posix.c:61 140138558793472: r->filehandle = 35, r->size = 32768, r->offset = 4096000
00:49:42 ERROR /home/bsc03/bsc03353/forge/src/dispatcher/posix.c:62 140138558793472: single write -1 of expected 32768
00:49:42 ERROR /home/bsc03/bsc03353/forge/src/dispatcher/posix.c:61 140136411305728: r->filehandle = 35, r->size = 32768, r->offset = 1310720
00:49:42 ERROR /home/bsc03/bsc03353/forge/src/dispatcher/posix.c:62 140136411305728: single write -1 of expected 32768
00:49:42 ERROR /home/bsc03/bsc03353/forge/src/dispatcher/posix.c:61 140142853768960: r->filehandle = 35, r->size = 32768, r->offset = 1769472
00:49:42 ERROR /home/bsc03/bsc03353/forge/src/dispatcher/posix.c:62 140142853768960: single write -1 of expected 32768
00:49:43 ERROR /home/bsc03/bsc03353/forge/src/dispatcher/posix.c:61 140145001256704: r->filehandle = 35, r->size = 32768, r->offset = 3080192
00:49:43 ERROR /home/bsc03/bsc03353/forge/src/dispatcher/posix.c:62 140145001256704: single write -1 of expected 32768
00:49:43 ERROR /home/bsc03/bsc03353/forge/src/dispatcher/posix.c:61 140129968842496: r->filehandle = 35, r->size = 32768, r->offset = 2260992
00:49:43 ERROR /home/bsc03/bsc03353/forge/src/dispatcher/posix.c:62 140129968842496: single write -1 of expected 32768
00:49:43 ERROR /home/bsc03/bsc03353/forge/src/dispatcher/posix.c:61 140114936428288: r->filehandle = 35, r->size = 32768, r->offset = 3440640
00:49:43 ERROR /home/bsc03/bsc03353/forge/src/dispatcher/posix.c:62 140114936428288: single write -1 of expected 32768
00:49:44 ERROR /home/bsc03/bsc03353/forge/src/dispatcher/posix.c:61 140147148744448: r->filehandle = 35, r->size = 32768, r->offset = 2031616
00:49:44 ERROR /home/bsc03/bsc03353/forge/src/dispatcher/posix.c:62 140147148744448: single write -1 of expected 32768
00:49:44 ERROR /home/bsc03/bsc03353/forge/src/dispatcher/posix.c:61 140140706281216: r->filehandle = 35, r->size = 32768, r->offset = 2523136
00:49:44 ERROR /home/bsc03/bsc03353/forge/src/dispatcher/posix.c:62 140140706281216: single write -1 of expected 32768
00:49:44 ERROR /home/bsc03/bsc03353/forge/src/dispatcher/posix.c:61 140138558793472: r->filehandle = 35, r->size = 32768, r->offset = 3047424
00:49:44 ERROR /home/bsc03/bsc03353/forge/src/dispatcher/posix.c:62 140138558793472: single write -1 of expected 32768
00:49:45 ERROR /home/bsc03/bsc03353/forge/src/dispatcher/posix.c:61 140117083916032: r->filehandle = 35, r->size = 32768, r->offset = 5701632
00:49:45 ERROR /home/bsc03/bsc03353/forge/src/dispatcher/posix.c:62 140117083916032: single write -1 of expected 32768
00:49:45 ERROR /home/bsc03/bsc03353/forge/src/dispatcher/posix.c:61 140127821354752: r->filehandle = 35, r->size = 32768, r->offset = 6062080
00:49:45 ERROR /home/bsc03/bsc03353/forge/src/dispatcher/posix.c:62 140127821354752: single write -1 of expected 32768
00:49:46 ERROR /home/bsc03/bsc03353/forge/src/dispatcher/posix.c:61 140145001256704: r->filehandle = 35, r->size = 32768, r->offset = 1245184
00:49:46 ERROR /home/bsc03/bsc03353/forge/src/dispatcher/posix.c:62 140145001256704: single write -1 of expected 32768
00:49:46 ERROR /home/bsc03/bsc03353/forge/src/dispatcher/posix.c:61 140127821354752: r->filehandle = 35, r->size = 32768, r->offset = 262144
00:49:46 ERROR /home/bsc03/bsc03353/forge/src/dispatcher/posix.c:62 140127821354752: single write -1 of expected 32768
00:49:46 ERROR /home/bsc03/bsc03353/forge/src/dispatcher/posix.c:61 140125673867008: r->filehandle = 35, r->size = 32768, r->offset = 3899392
00:49:46 ERROR /home/bsc03/bsc03353/forge/src/dispatcher/posix.c:62 140125673867008: single write -1 of expected 32768
00:49:47 ERROR /home/bsc03/bsc03353/forge/src/dispatcher/posix.c:61 140142853768960: r->filehandle = 35, r->size = 32768, r->offset = 3604480
00:49:47 ERROR /home/bsc03/bsc03353/forge/src/dispatcher/posix.c:62 140142853768960: single write -1 of expected 32768
00:49:47 ERROR /home/bsc03/bsc03353/forge/src/dispatcher/posix.c:61 140140706281216: r->filehandle = 35, r->size = 32768, r->offset = 3407872
00:49:47 ERROR /home/bsc03/bsc03353/forge/src/dispatcher/posix.c:62 140140706281216: single write -1 of expected 32768
00:49:48 ERROR /home/bsc03/bsc03353/forge/src/dispatcher/posix.c:61 140127821354752: r->filehandle = 35, r->size = 32768, r->offset = 2883584
00:49:48 ERROR /home/bsc03/bsc03353/forge/src/dispatcher/posix.c:62 140127821354752: single write -1 of expected 32768
00:49:48 ERROR /home/bsc03/bsc03353/forge/src/dispatcher/posix.c:61 140147148744448: r->filehandle = 35, r->size = 32768, r->offset = 4751360
00:49:48 ERROR /home/bsc03/bsc03353/forge/src/dispatcher/posix.c:62 140147148744448: single write -1 of expected 32768
00:49:48 ERROR /home/bsc03/bsc03353/forge/src/dispatcher/posix.c:61 140119231403776: r->filehandle = 35, r->size = 32768, r->offset = 3145728
00:49:48 ERROR /home/bsc03/bsc03353/forge/src/dispatcher/posix.c:62 140119231403776: single write -1 of expected 32768
00:49:49 ERROR /home/bsc03/bsc03353/forge/src/dispatcher/posix.c:61 140138558793472: r->filehandle = 35, r->size = 32768, r->offset = 458752
00:49:49 ERROR /home/bsc03/bsc03353/forge/src/dispatcher/posix.c:62 140138558793472: single write -1 of expected 32768
00:49:49 ERROR /home/bsc03/bsc03353/forge/src/dispatcher/posix.c:61 140121378891520: r->filehandle = 35, r->size = 32768, r->offset = 4423680
00:49:49 ERROR /home/bsc03/bsc03353/forge/src/dispatcher/posix.c:62 140121378891520: single write -1 of expected 32768
00:49:50 ERROR /home/bsc03/bsc03353/forge/src/dispatcher/posix.c:61 140132116330240: r->filehandle = 35, r->size = 32768, r->offset = 3571712
00:49:50 ERROR /home/bsc03/bsc03353/forge/src/dispatcher/posix.c:62 140132116330240: single write -1 of expected 32768
00:49:50 ERROR /home/bsc03/bsc03353/forge/src/dispatcher/posix.c:61 140129968842496: r->filehandle = 35, r->size = 32768, r->offset = 3670016
00:49:50 ERROR /home/bsc03/bsc03353/forge/src/dispatcher/posix.c:62 140129968842496: single write -1 of expected 32768
00:49:50 ERROR /home/bsc03/bsc03353/forge/src/dispatcher/posix.c:61 140132116330240: r->filehandle = 35, r->size = 32768, r->offset = 1835008
00:49:50 ERROR /home/bsc03/bsc03353/forge/src/dispatcher/posix.c:62 140132116330240: single write -1 of expected 32768
00:49:51 ERROR /home/bsc03/bsc03353/forge/src/dispatcher/posix.c:61 140136411305728: r->filehandle = 35, r->size = 32768, r->offset = 2555904
00:49:51 ERROR /home/bsc03/bsc03353/forge/src/dispatcher/posix.c:62 140136411305728: single write -1 of expected 32768
00:49:51 ERROR /home/bsc03/bsc03353/forge/src/dispatcher/posix.c:61 140127821354752: r->filehandle = 35, r->size = 32768, r->offset = 196608
00:49:51 ERROR /home/bsc03/bsc03353/forge/src/dispatcher/posix.c:62 140127821354752: single write -1 of expected 32768
00:49:52 ERROR /home/bsc03/bsc03353/forge/src/dispatcher/posix.c:61 140138558793472: r->filehandle = 35, r->size = 32768, r->offset = 0
00:49:52 ERROR /home/bsc03/bsc03353/forge/src/dispatcher/posix.c:62 140138558793472: single write -1 of expected 32768
00:49:52 ERROR /home/bsc03/bsc03353/forge/src/dispatcher/posix.c:61 140123526379264: r->filehandle = 35, r->size = 32768, r->offset = 1998848
00:49:52 ERROR /home/bsc03/bsc03353/forge/src/dispatcher/posix.c:62 140123526379264: single write -1 of expected 32768
00:49:52 ERROR /home/bsc03/bsc03353/forge/src/dispatcher/posix.c:61 140129968842496: r->filehandle = 35, r->size = 32768, r->offset = 1572864
00:49:52 ERROR /home/bsc03/bsc03353/forge/src/dispatcher/posix.c:62 140129968842496: single write -1 of expected 32768
00:49:53 ERROR /home/bsc03/bsc03353/forge/src/dispatcher/posix.c:61 140119231403776: r->filehandle = 35, r->size = 32768, r->offset = 2621440
00:49:53 ERROR /home/bsc03/bsc03353/forge/src/dispatcher/posix.c:62 140119231403776: single write -1 of expected 32768
00:49:53 ERROR /home/bsc03/bsc03353/forge/src/dispatcher/posix.c:61 140127821354752: r->filehandle = 35, r->size = 32768, r->offset = 11632640
00:49:53 ERROR /home/bsc03/bsc03353/forge/src/dispatcher/posix.c:62 140127821354752: single write -1 of expected 32768
00:49:53 ERROR /home/bsc03/bsc03353/forge/src/dispatcher/posix.c:61 140121378891520: r->filehandle = 35, r->size = 32768, r->offset = 786432
00:49:53 ERROR /home/bsc03/bsc03353/forge/src/dispatcher/posix.c:62 140121378891520: single write -1 of expected 32768
00:49:54 ERROR /home/bsc03/bsc03353/forge/src/dispatcher/posix.c:61 140147148744448: r->filehandle = 35, r->size = 32768, r->offset = 2818048
00:49:54 ERROR /home/bsc03/bsc03353/forge/src/dispatcher/posix.c:62 140147148744448: single write -1 of expected 32768
00:49:54 ERROR /home/bsc03/bsc03353/forge/src/dispatcher/posix.c:61 140117083916032: r->filehandle = 35, r->size = 32768, r->offset = 1507328
00:49:54 ERROR /home/bsc03/bsc03353/forge/src/dispatcher/posix.c:62 140117083916032: single write -1 of expected 32768
00:49:55 ERROR /home/bsc03/bsc03353/forge/src/dispatcher/posix.c:61 140127821354752: r->filehandle = 35, r->size = 32768, r->offset = 6422528
00:49:55 ERROR /home/bsc03/bsc03353/forge/src/dispatcher/posix.c:62 140127821354752: single write -1 of expected 32768
00:49:55 ERROR /home/bsc03/bsc03353/forge/src/dispatcher/posix.c:61 140121378891520: r->filehandle = 35, r->size = 32768, r->offset = 11534336
00:49:55 ERROR /home/bsc03/bsc03353/forge/src/dispatcher/posix.c:62 140121378891520: single write -1 of expected 32768
00:49:55 ERROR /home/bsc03/bsc03353/forge/src/dispatcher/posix.c:61 140134263817984: r->filehandle = 35, r->size = 32768, r->offset = 1212416
00:49:55 ERROR /home/bsc03/bsc03353/forge/src/dispatcher/posix.c:62 140134263817984: single write -1 of expected 32768
00:49:56 ERROR /home/bsc03/bsc03353/forge/src/dispatcher/posix.c:61 140129968842496: r->filehandle = 35, r->size = 32768, r->offset = 10977280
00:49:56 ERROR /home/bsc03/bsc03353/forge/src/dispatcher/posix.c:62 140129968842496: single write -1 of expected 32768
00:49:56 ERROR /home/bsc03/bsc03353/forge/src/dispatcher/posix.c:61 140145001256704: r->filehandle = 35, r->size = 32768, r->offset = 3932160
00:49:56 ERROR /home/bsc03/bsc03353/forge/src/dispatcher/posix.c:62 140145001256704: single write -1 of expected 32768
00:49:57 ERROR /home/bsc03/bsc03353/forge/src/dispatcher/posix.c:61 140132116330240: r->filehandle = 35, r->size = 32768, r->offset = 4456448
00:49:57 ERROR /home/bsc03/bsc03353/forge/src/dispatcher/posix.c:62 140132116330240: single write -1 of expected 32768
00:49:57 ERROR /home/bsc03/bsc03353/forge/src/dispatcher/posix.c:61 140119231403776: r->filehandle = 35, r->size = 32768, r->offset = 12156928
00:49:57 ERROR /home/bsc03/bsc03353/forge/src/dispatcher/posix.c:62 140119231403776: single write -1 of expected 32768
00:49:57 ERROR /home/bsc03/bsc03353/forge/src/dispatcher/posix.c:61 140138558793472: r->filehandle = 35, r->size = 32768, r->offset = 10780672
00:49:57 ERROR /home/bsc03/bsc03353/forge/src/dispatcher/posix.c:62 140138558793472: single write -1 of expected 32768
00:49:58 ERROR /home/bsc03/bsc03353/forge/src/dispatcher/posix.c:61 140117083916032: r->filehandle = 35, r->size = 32768, r->offset = 11108352
00:49:58 ERROR /home/bsc03/bsc03353/forge/src/dispatcher/posix.c:62 140117083916032: single write -1 of expected 32768
00:49:58 ERROR /home/bsc03/bsc03353/forge/src/dispatcher/posix.c:61 140121378891520: r->filehandle = 35, r->size = 32768, r->offset = 12124160
00:49:58 ERROR /home/bsc03/bsc03353/forge/src/dispatcher/posix.c:62 140121378891520: single write -1 of expected 32768
00:49:58 ERROR /home/bsc03/bsc03353/forge/src/dispatcher/posix.c:61 140142853768960: r->filehandle = 35, r->size = 32768, r->offset = 4128768
00:49:58 ERROR /home/bsc03/bsc03353/forge/src/dispatcher/posix.c:62 140142853768960: single write -1 of expected 32768
00:49:59 ERROR /home/bsc03/bsc03353/forge/src/dispatcher/posix.c:61 140125673867008: r->filehandle = 35, r->size = 32768, r->offset = 4194304
00:49:59 ERROR /home/bsc03/bsc03353/forge/src/dispatcher/posix.c:62 140125673867008: single write -1 of expected 32768
00:49:59 ERROR /home/bsc03/bsc03353/forge/src/dispatcher/posix.c:61 140136411305728: r->filehandle = 35, r->size = 32768, r->offset = 7176192
00:49:59 ERROR /home/bsc03/bsc03353/forge/src/dispatcher/posix.c:62 140136411305728: single write -1 of expected 32768
00:50:00 ERROR /home/bsc03/bsc03353/forge/src/dispatcher/posix.c:61 140134263817984: r->filehandle = 35, r->size = 32768, r->offset = 8683520
00:50:00 ERROR /home/bsc03/bsc03353/forge/src/dispatcher/posix.c:62 140134263817984: single write -1 of expected 32768
00:50:00 ERROR /home/bsc03/bsc03353/forge/src/dispatcher/posix.c:61 140142853768960: r->filehandle = 35, r->size = 32768, r->offset = 10813440
00:50:00 ERROR /home/bsc03/bsc03353/forge/src/dispatcher/posix.c:62 140142853768960: single write -1 of expected 32768
00:50:00 ERROR /home/bsc03/bsc03353/forge/src/dispatcher/posix.c:61 140132116330240: r->filehandle = 35, r->size = 32768, r->offset = 6946816
00:50:00 ERROR /home/bsc03/bsc03353/forge/src/dispatcher/posix.c:62 140132116330240: single write -1 of expected 32768
00:50:01 ERROR /home/bsc03/bsc03353/forge/src/dispatcher/posix.c:61 140138558793472: r->filehandle = 35, r->size = 32768, r->offset = 10878976
00:50:01 ERROR /home/bsc03/bsc03353/forge/src/dispatcher/posix.c:62 140138558793472: single write -1 of expected 32768
00:50:02 ERROR /home/bsc03/bsc03353/forge/src/dispatcher/posix.c:61 140140706281216: r->filehandle = 35, r->size = 32768, r->offset = 4390912
00:50:02 ERROR /home/bsc03/bsc03353/forge/src/dispatcher/posix.c:62 140140706281216: single write -1 of expected 32768
00:50:02 ERROR /home/bsc03/bsc03353/forge/src/dispatcher/posix.c:61 140134263817984: r->filehandle = 35, r->size = 32768, r->offset = 11698176
00:50:02 ERROR /home/bsc03/bsc03353/forge/src/dispatcher/posix.c:62 140134263817984: single write -1 of expected 32768
00:50:02 ERROR /home/bsc03/bsc03353/forge/src/dispatcher/posix.c:61 140121378891520: r->filehandle = 35, r->size = 32768, r->offset = 11894784
00:50:02 ERROR /home/bsc03/bsc03353/forge/src/dispatcher/posix.c:62 140121378891520: single write -1 of expected 32768
00:50:02 ERROR /home/bsc03/bsc03353/forge/src/dispatcher/posix.c:61 140147148744448: r->filehandle = 35, r->size = 32768, r->offset = 8519680
00:50:02 ERROR /home/bsc03/bsc03353/forge/src/dispatcher/posix.c:62 140147148744448: single write -1 of expected 32768
00:50:03 ERROR /home/bsc03/bsc03353/forge/src/dispatcher/posix.c:61 140132116330240: r->filehandle = 35, r->size = 32768, r->offset = 7110656
00:50:03 ERROR /home/bsc03/bsc03353/forge/src/dispatcher/posix.c:62 140132116330240: single write -1 of expected 32768
00:50:03 ERROR /home/bsc03/bsc03353/forge/src/dispatcher/posix.c:61 140145001256704: r->filehandle = 35, r->size = 32768, r->offset = 10649600
00:50:03 ERROR /home/bsc03/bsc03353/forge/src/dispatcher/posix.c:62 140145001256704: single write -1 of expected 32768
00:50:04 ERROR /home/bsc03/bsc03353/forge/src/dispatcher/posix.c:61 140145001256704: r->filehandle = 35, r->size = 32768, r->offset = 7962624
00:50:04 ERROR /home/bsc03/bsc03353/forge/src/dispatcher/posix.c:62 140145001256704: single write -1 of expected 32768
00:50:04 ERROR /home/bsc03/bsc03353/forge/src/dispatcher/posix.c:61 140119231403776: r->filehandle = 35, r->size = 32768, r->offset = 11665408
00:50:04 ERROR /home/bsc03/bsc03353/forge/src/dispatcher/posix.c:62 140119231403776: single write -1 of expected 32768
00:50:04 ERROR /home/bsc03/bsc03353/forge/src/dispatcher/posix.c:61 140147148744448: r->filehandle = 35, r->size = 32768, r->offset = 7372800
00:50:04 ERROR /home/bsc03/bsc03353/forge/src/dispatcher/posix.c:62 140147148744448: single write -1 of expected 32768
00:50:05 ERROR /home/bsc03/bsc03353/forge/src/dispatcher/posix.c:61 140138558793472: r->filehandle = 35, r->size = 32768, r->offset = 11599872
00:50:05 ERROR /home/bsc03/bsc03353/forge/src/dispatcher/posix.c:62 140138558793472: single write -1 of expected 32768
00:50:05 ERROR /home/bsc03/bsc03353/forge/src/dispatcher/posix.c:61 140134263817984: r->filehandle = 35, r->size = 32768, r->offset = 12550144
00:50:05 ERROR /home/bsc03/bsc03353/forge/src/dispatcher/posix.c:62 140134263817984: single write -1 of expected 32768
00:50:06 ERROR /home/bsc03/bsc03353/forge/src/dispatcher/posix.c:61 140145001256704: r->filehandle = 35, r->size = 32768, r->offset = 6651904
00:50:06 ERROR /home/bsc03/bsc03353/forge/src/dispatcher/posix.c:62 140145001256704: single write -1 of expected 32768
00:50:06 ERROR /home/bsc03/bsc03353/forge/src/dispatcher/posix.c:61 140127821354752: r->filehandle = 35, r->size = 32768, r->offset = 10321920
00:50:06 ERROR /home/bsc03/bsc03353/forge/src/dispatcher/posix.c:62 140127821354752: single write -1 of expected 32768
00:50:06 ERROR /home/bsc03/bsc03353/forge/src/dispatcher/posix.c:61 140132116330240: r->filehandle = 35, r->size = 32768, r->offset = 11403264
00:50:06 ERROR /home/bsc03/bsc03353/forge/src/dispatcher/posix.c:62 140132116330240: single write -1 of expected 32768
00:50:07 ERROR /home/bsc03/bsc03353/forge/src/dispatcher/posix.c:61 140140706281216: r->filehandle = 35, r->size = 32768, r->offset = 7307264
00:50:07 ERROR /home/bsc03/bsc03353/forge/src/dispatcher/posix.c:62 140140706281216: single write -1 of expected 32768
00:50:07 ERROR /home/bsc03/bsc03353/forge/src/dispatcher/posix.c:61 140121378891520: r->filehandle = 35, r->size = 32768, r->offset = 11141120
00:50:07 ERROR /home/bsc03/bsc03353/forge/src/dispatcher/posix.c:62 140121378891520: single write -1 of expected 32768
00:50:08 ERROR /home/bsc03/bsc03353/forge/src/dispatcher/posix.c:61 140136411305728: r->filehandle = 35, r->size = 32768, r->offset = 7438336
00:50:08 ERROR /home/bsc03/bsc03353/forge/src/dispatcher/posix.c:62 140136411305728: single write -1 of expected 32768
00:50:08 ERROR /home/bsc03/bsc03353/forge/src/dispatcher/posix.c:61 140123526379264: r->filehandle = 35, r->size = 32768, r->offset = 10518528
00:50:08 ERROR /home/bsc03/bsc03353/forge/src/dispatcher/posix.c:62 140123526379264: single write -1 of expected 32768
00:50:08 ERROR /home/bsc03/bsc03353/forge/src/dispatcher/posix.c:61 140138558793472: r->filehandle = 35, r->size = 32768, r->offset = 12419072
00:50:08 ERROR /home/bsc03/bsc03353/forge/src/dispatcher/posix.c:62 140138558793472: single write -1 of expected 32768
00:50:09 ERROR /home/bsc03/bsc03353/forge/src/dispatcher/posix.c:61 140127821354752: r->filehandle = 35, r->size = 32768, r->offset = 8880128
00:50:09 ERROR /home/bsc03/bsc03353/forge/src/dispatcher/posix.c:62 140127821354752: single write -1 of expected 32768
00:50:09 ERROR /home/bsc03/bsc03353/forge/src/dispatcher/posix.c:61 140136411305728: r->filehandle = 35, r->size = 32768, r->offset = 6979584
00:50:09 ERROR /home/bsc03/bsc03353/forge/src/dispatcher/posix.c:62 140136411305728: single write -1 of expected 32768
00:50:10 ERROR /home/bsc03/bsc03353/forge/src/dispatcher/posix.c:61 140134263817984: r->filehandle = 35, r->size = 32768, r->offset = 6914048
00:50:10 ERROR /home/bsc03/bsc03353/forge/src/dispatcher/posix.c:62 140134263817984: single write -1 of expected 32768
00:50:10 ERROR /home/bsc03/bsc03353/forge/src/dispatcher/posix.c:61 140114936428288: r->filehandle = 35, r->size = 32768, r->offset = 950272
00:50:10 ERROR /home/bsc03/bsc03353/forge/src/dispatcher/posix.c:62 140114936428288: single write -1 of expected 32768
00:50:10 ERROR /home/bsc03/bsc03353/forge/src/dispatcher/posix.c:61 140117083916032: r->filehandle = 35, r->size = 32768, r->offset = 11304960
00:50:10 ERROR /home/bsc03/bsc03353/forge/src/dispatcher/posix.c:62 140117083916032: single write -1 of expected 32768
00:50:11 ERROR /home/bsc03/bsc03353/forge/src/dispatcher/posix.c:61 140132116330240: r->filehandle = 35, r->size = 32768, r->offset = 9601024
00:50:11 ERROR /home/bsc03/bsc03353/forge/src/dispatcher/posix.c:62 140132116330240: single write -1 of expected 32768
00:50:11 ERROR /home/bsc03/bsc03353/forge/src/dispatcher/posix.c:61 140138558793472: r->filehandle = 35, r->size = 32768, r->offset = 9568256
00:50:11 ERROR /home/bsc03/bsc03353/forge/src/dispatcher/posix.c:62 140138558793472: single write -1 of expected 32768
00:50:12 ERROR /home/bsc03/bsc03353/forge/src/dispatcher/posix.c:61 140127821354752: r->filehandle = 35, r->size = 32768, r->offset = 9469952
00:50:12 ERROR /home/bsc03/bsc03353/forge/src/dispatcher/posix.c:62 140127821354752: single write -1 of expected 32768
00:50:12 ERROR /home/bsc03/bsc03353/forge/src/dispatcher/posix.c:61 140123526379264: r->filehandle = 35, r->size = 32768, r->offset = 6324224
00:50:12 ERROR /home/bsc03/bsc03353/forge/src/dispatcher/posix.c:62 140123526379264: single write -1 of expected 32768
00:50:12 ERROR /home/bsc03/bsc03353/forge/src/dispatcher/posix.c:61 140142853768960: r->filehandle = 35, r->size = 32768, r->offset = 10027008
00:50:12 ERROR /home/bsc03/bsc03353/forge/src/dispatcher/posix.c:62 140142853768960: single write -1 of expected 32768
00:50:13 ERROR /home/bsc03/bsc03353/forge/src/dispatcher/posix.c:61 140138558793472: r->filehandle = 35, r->size = 32768, r->offset = 9043968
00:50:13 ERROR /home/bsc03/bsc03353/forge/src/dispatcher/posix.c:62 140138558793472: single write -1 of expected 32768
00:50:13 ERROR /home/bsc03/bsc03353/forge/src/dispatcher/posix.c:61 140140706281216: r->filehandle = 35, r->size = 32768, r->offset = 11730944
00:50:13 ERROR /home/bsc03/bsc03353/forge/src/dispatcher/posix.c:62 140140706281216: single write -1 of expected 32768
00:50:13 ERROR /home/bsc03/bsc03353/forge/src/dispatcher/posix.c:61 140125673867008: r->filehandle = 35, r->size = 32768, r->offset = 11075584
00:50:13 ERROR /home/bsc03/bsc03353/forge/src/dispatcher/posix.c:62 140125673867008: single write -1 of expected 32768
00:50:14 ERROR /home/bsc03/bsc03353/forge/src/dispatcher/posix.c:61 140129968842496: r->filehandle = 35, r->size = 32768, r->offset = 12189696
00:50:14 ERROR /home/bsc03/bsc03353/forge/src/dispatcher/posix.c:62 140129968842496: single write -1 of expected 32768
00:50:14 ERROR /home/bsc03/bsc03353/forge/src/dispatcher/posix.c:61 140136411305728: r->filehandle = 35, r->size = 32768, r->offset = 10584064
00:50:14 ERROR /home/bsc03/bsc03353/forge/src/dispatcher/posix.c:62 140136411305728: single write -1 of expected 32768
00:50:14 ERROR /home/bsc03/bsc03353/forge/src/dispatcher/posix.c:61 140123526379264: r->filehandle = 35, r->size = 32768, r->offset = 12451840
00:50:14 ERROR /home/bsc03/bsc03353/forge/src/dispatcher/posix.c:62 140123526379264: single write -1 of expected 32768
00:50:15 ERROR /home/bsc03/bsc03353/forge/src/dispatcher/posix.c:61 140132116330240: r->filehandle = 35, r->size = 32768, r->offset = 8978432
00:50:15 ERROR /home/bsc03/bsc03353/forge/src/dispatcher/posix.c:62 140132116330240: single write -1 of expected 32768
00:50:15 ERROR /home/bsc03/bsc03353/forge/src/dispatcher/posix.c:61 140121378891520: r->filehandle = 35, r->size = 32768, r->offset = 11272192
00:50:15 ERROR /home/bsc03/bsc03353/forge/src/dispatcher/posix.c:62 140121378891520: single write -1 of expected 32768
00:50:16 ERROR /home/bsc03/bsc03353/forge/src/dispatcher/posix.c:61 140117083916032: r->filehandle = 35, r->size = 32768, r->offset = 11206656
00:50:16 ERROR /home/bsc03/bsc03353/forge/src/dispatcher/posix.c:62 140117083916032: single write -1 of expected 32768
00:50:16 ERROR /home/bsc03/bsc03353/forge/src/dispatcher/posix.c:61 140140706281216: r->filehandle = 35, r->size = 32768, r->offset = 10846208
00:50:16 ERROR /home/bsc03/bsc03353/forge/src/dispatcher/posix.c:62 140140706281216: single write -1 of expected 32768
00:50:16 ERROR /home/bsc03/bsc03353/forge/src/dispatcher/posix.c:61 140145001256704: r->filehandle = 35, r->size = 32768, r->offset = 10551296
00:50:16 ERROR /home/bsc03/bsc03353/forge/src/dispatcher/posix.c:62 140145001256704: single write -1 of expected 32768
00:50:17 ERROR /home/bsc03/bsc03353/forge/src/dispatcher/posix.c:61 140127821354752: r->filehandle = 35, r->size = 32768, r->offset = 6356992
00:50:17 ERROR /home/bsc03/bsc03353/forge/src/dispatcher/posix.c:62 140127821354752: single write -1 of expected 32768
00:50:17 ERROR /home/bsc03/bsc03353/forge/src/dispatcher/posix.c:61 140138558793472: r->filehandle = 35, r->size = 32768, r->offset = 9240576
00:50:17 ERROR /home/bsc03/bsc03353/forge/src/dispatcher/posix.c:62 140138558793472: single write -1 of expected 32768
00:50:18 ERROR /home/bsc03/bsc03353/forge/src/dispatcher/posix.c:61 140119231403776: r->filehandle = 35, r->size = 32768, r->offset = 12025856
00:50:18 ERROR /home/bsc03/bsc03353/forge/src/dispatcher/posix.c:62 140119231403776: single write -1 of expected 32768
00:50:18 ERROR /home/bsc03/bsc03353/forge/src/dispatcher/posix.c:61 140129968842496: r->filehandle = 35, r->size = 32768, r->offset = 11239424
00:50:18 ERROR /home/bsc03/bsc03353/forge/src/dispatcher/posix.c:62 140129968842496: single write -1 of expected 32768
00:50:18 ERROR /home/bsc03/bsc03353/forge/src/dispatcher/posix.c:61 140147148744448: r->filehandle = 35, r->size = 32768, r->offset = 6389760
00:50:18 ERROR /home/bsc03/bsc03353/forge/src/dispatcher/posix.c:62 140147148744448: single write -1 of expected 32768
00:50:19 ERROR /home/bsc03/bsc03353/forge/src/dispatcher/posix.c:61 140134263817984: r->filehandle = 35, r->size = 32768, r->offset = 12386304
00:50:19 ERROR /home/bsc03/bsc03353/forge/src/dispatcher/posix.c:62 140134263817984: single write -1 of expected 32768
00:50:19 ERROR /home/bsc03/bsc03353/forge/src/dispatcher/posix.c:61 140142853768960: r->filehandle = 35, r->size = 32768, r->offset = 9502720
00:50:19 ERROR /home/bsc03/bsc03353/forge/src/dispatcher/posix.c:62 140142853768960: single write -1 of expected 32768
00:50:20 ERROR /home/bsc03/bsc03353/forge/src/dispatcher/posix.c:61 140125673867008: r->filehandle = 35, r->size = 32768, r->offset = 11501568
00:50:20 ERROR /home/bsc03/bsc03353/forge/src/dispatcher/posix.c:62 140125673867008: single write -1 of expected 32768
00:50:20 ERROR /home/bsc03/bsc03353/forge/src/dispatcher/posix.c:61 140114936428288: r->filehandle = 35, r->size = 32768, r->offset = 11173888
00:50:20 ERROR /home/bsc03/bsc03353/forge/src/dispatcher/posix.c:62 140114936428288: single write -1 of expected 32768
00:50:20 WARN  /home/bsc03/bsc03353/forge/src/main.c:789 139940534995008: hit stone wall at 96.210522 seconds!
AGIOS: stopped for this client. It can already be used by calling agios_init

00:50:20 INFO  /home/bsc03/bsc03353/forge/src/main.c:1158 140154274035776: I/O Forwarding Exploration [COMPLETE]
