Set GCC compilers as MPI wrappers backend 
remove impi/2017.4 (PATH, MANPATH, LD_LIBRARY_PATH) 
load openmpi/4.0.2_UCX (PATH, MANPATH, LD_LIBRARY_PATH) 
Set GCC compilers as MPI wrappers backend 
load gsl/2.4 (PATH, LD_LIBRARY_PATH, LIBRARY_PATH, MANPATH, INFOPATH,
C_INCLUDE_PATH, CPLUS_INCLUDE_PATH, PKG_CONFIG_PATH, GSL_DIR) 
15:16:42 INFO  /home/bsc03/bsc03353/forge/src/main.c:107 140247956019264: I/O Forwarding Exploration [START]
Will AGIOS generate trace files? NO
Default scheduling algorithm: TO
TWINS window size: 1000000
Will the Prediction Module read information from trace files? NO
File with access time functions: /home/bsc03/bsc03353/forge/agios/access_times.func
AGIOS thinks its user has stripe size of 32768
Will AGIOS generate trace files? NO
Default scheduling algorithm: TO
TWINS window size: 1000000
Will the Prediction Module read information from trace files? NO
File with access time functions: /home/bsc03/bsc03353/forge/agios/access_times.func
AGIOS thinks its user has stripe size of 32768
Will AGIOS generate trace files? NO
Default scheduling algorithm: TO
TWINS window size: 1000000
Will the Prediction Module read information from trace files? NO
File with access time functions: /home/bsc03/bsc03353/forge/agios/access_times.func
AGIOS thinks its user has stripe size of 32768
Will AGIOS generate trace files? NO
Default scheduling algorithm: TO
TWINS window size: 1000000
Will the Prediction Module read information from trace files? NO
File with access time functions: /home/bsc03/bsc03353/forge/agios/access_times.func
AGIOS thinks its user has stripe size of 32768
Will AGIOS generate trace files? NO
Default scheduling algorithm: TO
TWINS window size: 1000000
Will the Prediction Module read information from trace files? NO
File with access time functions: /home/bsc03/bsc03353/forge/agios/access_times.func
AGIOS thinks its user has stripe size of 32768
Will AGIOS generate trace files? NO
Default scheduling algorithm: TO
TWINS window size: 1000000
Will the Prediction Module read information from trace files? NO
File with access time functions: /home/bsc03/bsc03353/forge/agios/access_times.func
AGIOS thinks its user has stripe size of 32768
Will AGIOS generate trace files? NO
Default scheduling algorithm: TO
TWINS window size: 1000000
Will the Prediction Module read information from trace files? NO
File with access time functions: /home/bsc03/bsc03353/forge/agios/access_times.func
AGIOS thinks its user has stripe size of 32768
Will AGIOS generate trace files? NO
Default scheduling algorithm: TO
TWINS window size: 1000000
Will the Prediction Module read information from trace files? NO
File with access time functions: /home/bsc03/bsc03353/forge/agios/access_times.func
AGIOS thinks its user has stripe size of 32768
15:19:45 ERROR /home/bsc03/bsc03353/forge/src/dispatcher/posix.c:61 139766676457216: r->filehandle = 41, r->size = 1048576, r->offset = 0
15:19:45 ERROR /home/bsc03/bsc03353/forge/src/dispatcher/posix.c:62 139766676457216: single write -1 of expected 1048576
15:19:45 ERROR /home/bsc03/bsc03353/forge/src/dispatcher/posix.c:61 139905576896256: r->filehandle = 38, r->size = 1048576, r->offset = 0
15:19:45 ERROR /home/bsc03/bsc03353/forge/src/dispatcher/posix.c:61 140667306489600: r->filehandle = 54, r->size = 1048576, r->offset = 0
15:19:45 ERROR /home/bsc03/bsc03353/forge/src/dispatcher/posix.c:62 139905576896256: single write -1 of expected 1048576
15:19:45 ERROR /home/bsc03/bsc03353/forge/src/dispatcher/posix.c:62 140667306489600: single write -1 of expected 1048576
15:19:45 ERROR /home/bsc03/bsc03353/forge/src/dispatcher/posix.c:61 140080333104896: r->filehandle = 43, r->size = 1048576, r->offset = 0
15:19:45 ERROR /home/bsc03/bsc03353/forge/src/dispatcher/posix.c:62 140080333104896: single write -1 of expected 1048576
15:19:45 ERROR /home/bsc03/bsc03353/forge/src/dispatcher/posix.c:61 140223650858752: r->filehandle = 48, r->size = 1048576, r->offset = 0
15:19:45 ERROR /home/bsc03/bsc03353/forge/src/dispatcher/posix.c:62 140223650858752: single write -1 of expected 1048576
15:19:48 ERROR /home/bsc03/bsc03353/forge/src/dispatcher/posix.c:61 140221377615616: r->filehandle = 57, r->size = 1048576, r->offset = 0
15:19:48 ERROR /home/bsc03/bsc03353/forge/src/dispatcher/posix.c:62 140221377615616: single write -1 of expected 1048576
15:19:48 ERROR /home/bsc03/bsc03353/forge/src/dispatcher/posix.c:61 139749496555264: r->filehandle = 52, r->size = 1048576, r->offset = 0
15:19:48 ERROR /home/bsc03/bsc03353/forge/src/dispatcher/posix.c:61 139646600091392: r->filehandle = 59, r->size = 1048576, r->offset = 0
15:19:48 ERROR /home/bsc03/bsc03353/forge/src/dispatcher/posix.c:62 139749496555264: single write -1 of expected 1048576
15:19:48 ERROR /home/bsc03/bsc03353/forge/src/dispatcher/posix.c:62 139646600091392: single write -1 of expected 1048576
15:19:49 ERROR /home/bsc03/bsc03353/forge/src/dispatcher/posix.c:61 140656569050880: r->filehandle = 53, r->size = 1048576, r->offset = 0
15:19:49 ERROR /home/bsc03/bsc03353/forge/src/dispatcher/posix.c:62 140656569050880: single write -1 of expected 1048576
15:19:50 ERROR /home/bsc03/bsc03353/forge/src/dispatcher/posix.c:61 139631567677184: r->filehandle = 49, r->size = 1048576, r->offset = 0
15:19:50 ERROR /home/bsc03/bsc03353/forge/src/dispatcher/posix.c:62 139631567677184: single write -1 of expected 1048576
15:19:50 ERROR /home/bsc03/bsc03353/forge/src/dispatcher/posix.c:61 140658716538624: r->filehandle = 50, r->size = 1048576, r->offset = 0
15:19:50 ERROR /home/bsc03/bsc03353/forge/src/dispatcher/posix.c:62 140658716538624: single write -1 of expected 1048576
15:19:51 ERROR /home/bsc03/bsc03353/forge/src/dispatcher/posix.c:61 140219355883264: r->filehandle = 47, r->size = 1048576, r->offset = 0
15:19:51 ERROR /home/bsc03/bsc03353/forge/src/dispatcher/posix.c:61 140210640176896: r->filehandle = 58, r->size = 1048576, r->offset = 0
15:19:51 ERROR /home/bsc03/bsc03353/forge/src/dispatcher/posix.c:62 140210640176896: single write -1 of expected 1048576
15:19:51 ERROR /home/bsc03/bsc03353/forge/src/dispatcher/posix.c:62 140219355883264: single write -1 of expected 1048576
15:19:52 ERROR /home/bsc03/bsc03353/forge/src/dispatcher/posix.c:61 140236535785216: r->filehandle = 36, r->size = 1048576, r->offset = 0
15:19:52 ERROR /home/bsc03/bsc03353/forge/src/dispatcher/posix.c:62 140236535785216: single write -1 of expected 1048576
15:19:52 ERROR /home/bsc03/bsc03353/forge/src/dispatcher/posix.c:61 139907724384000: r->filehandle = 58, r->size = 1048576, r->offset = 0
15:19:52 ERROR /home/bsc03/bsc03353/forge/src/dispatcher/posix.c:62 139907724384000: single write -1 of expected 1048576
15:19:52 ERROR /home/bsc03/bsc03353/forge/src/dispatcher/posix.c:61 139768823944960: r->filehandle = 45, r->size = 1048576, r->offset = 0
15:19:52 ERROR /home/bsc03/bsc03353/forge/src/dispatcher/posix.c:62 139768823944960: single write -1 of expected 1048576
15:19:53 ERROR /home/bsc03/bsc03353/forge/src/dispatcher/posix.c:61 139646600091392: r->filehandle = 50, r->size = 1048576, r->offset = 0
15:19:53 ERROR /home/bsc03/bsc03353/forge/src/dispatcher/posix.c:62 139646600091392: single write -1 of expected 1048576
15:19:53 ERROR /home/bsc03/bsc03353/forge/src/dispatcher/posix.c:61 140214935152384: r->filehandle = 56, r->size = 1048576, r->offset = 0
15:19:53 ERROR /home/bsc03/bsc03353/forge/src/dispatcher/posix.c:62 140214935152384: single write -1 of expected 1048576
15:19:54 ERROR /home/bsc03/bsc03353/forge/src/dispatcher/posix.c:61 140215060907776: r->filehandle = 51, r->size = 1048576, r->offset = 0
15:19:54 ERROR /home/bsc03/bsc03353/forge/src/dispatcher/posix.c:62 140215060907776: single write -1 of expected 1048576
15:19:55 ERROR /home/bsc03/bsc03353/forge/src/dispatcher/posix.c:61 140101807982336: r->filehandle = 49, r->size = 1048576, r->offset = 0
15:19:55 ERROR /home/bsc03/bsc03353/forge/src/dispatcher/posix.c:61 140217082640128: r->filehandle = 50, r->size = 1048576, r->offset = 0
15:19:55 ERROR /home/bsc03/bsc03353/forge/src/dispatcher/posix.c:62 140101807982336: single write -1 of expected 1048576
15:19:55 ERROR /home/bsc03/bsc03353/forge/src/dispatcher/posix.c:62 140217082640128: single write -1 of expected 1048576
15:19:55 ERROR /home/bsc03/bsc03353/forge/src/dispatcher/posix.c:61 140660864026368: r->filehandle = 41, r->size = 1048576, r->offset = 0
15:19:55 ERROR /home/bsc03/bsc03353/forge/src/dispatcher/posix.c:62 140660864026368: single write -1 of expected 1048576
15:19:57 ERROR /home/bsc03/bsc03353/forge/src/dispatcher/posix.c:61 140669453977344: r->filehandle = 36, r->size = 1048576, r->offset = 0
15:19:57 ERROR /home/bsc03/bsc03353/forge/src/dispatcher/posix.c:62 140669453977344: single write -1 of expected 1048576
15:19:57 ERROR /home/bsc03/bsc03353/forge/src/dispatcher/posix.c:61 140530253879040: r->filehandle = 39, r->size = 1048576, r->offset = 0
15:19:57 ERROR /home/bsc03/bsc03353/forge/src/dispatcher/posix.c:62 140530253879040: single write -1 of expected 1048576
15:19:57 ERROR /home/bsc03/bsc03353/forge/src/dispatcher/posix.c:61 140214935152384: r->filehandle = 54, r->size = 1048576, r->offset = 0
15:19:57 ERROR /home/bsc03/bsc03353/forge/src/dispatcher/posix.c:61 139627272701696: r->filehandle = 38, r->size = 1048576, r->offset = 0
15:19:57 ERROR /home/bsc03/bsc03353/forge/src/dispatcher/posix.c:62 140214935152384: single write -1 of expected 1048576
15:19:57 ERROR /home/bsc03/bsc03353/forge/src/dispatcher/posix.c:62 139627272701696: single write -1 of expected 1048576
15:19:58 ERROR /home/bsc03/bsc03353/forge/src/dispatcher/posix.c:61 140191312787200: r->filehandle = 39, r->size = 1048576, r->offset = 0
15:19:58 ERROR /home/bsc03/bsc03353/forge/src/dispatcher/posix.c:61 139775266408192: r->filehandle = 48, r->size = 1048576, r->offset = 0
15:19:58 ERROR /home/bsc03/bsc03353/forge/src/dispatcher/posix.c:62 140191312787200: single write -1 of expected 1048576
15:19:58 ERROR /home/bsc03/bsc03353/forge/src/dispatcher/posix.c:62 139775266408192: single write -1 of expected 1048576
15:19:59 ERROR /home/bsc03/bsc03353/forge/src/dispatcher/posix.c:61 139920609310464: r->filehandle = 48, r->size = 1048576, r->offset = 0
15:19:59 ERROR /home/bsc03/bsc03353/forge/src/dispatcher/posix.c:62 139920609310464: single write -1 of expected 1048576
15:19:59 ERROR /home/bsc03/bsc03353/forge/src/dispatcher/posix.c:61 140225798346496: r->filehandle = 55, r->size = 1048576, r->offset = 0
15:19:59 ERROR /home/bsc03/bsc03353/forge/src/dispatcher/posix.c:62 140225798346496: single write -1 of expected 1048576
15:19:59 ERROR /home/bsc03/bsc03353/forge/src/dispatcher/posix.c:61 140545286293248: r->filehandle = 43, r->size = 1048576, r->offset = 0
15:19:59 ERROR /home/bsc03/bsc03353/forge/src/dispatcher/posix.c:62 140545286293248: single write -1 of expected 1048576
15:20:00 ERROR /home/bsc03/bsc03353/forge/src/dispatcher/posix.c:61 139622977726208: r->filehandle = 53, r->size = 1048576, r->offset = 0
15:20:00 ERROR /home/bsc03/bsc03353/forge/src/dispatcher/posix.c:62 139622977726208: single write -1 of expected 1048576
15:20:01 ERROR /home/bsc03/bsc03353/forge/src/dispatcher/posix.c:61 140078185617152: r->filehandle = 37, r->size = 1048576, r->offset = 0
15:20:01 ERROR /home/bsc03/bsc03353/forge/src/dispatcher/posix.c:61 140663011514112: r->filehandle = 43, r->size = 1048576, r->offset = 0
15:20:01 ERROR /home/bsc03/bsc03353/forge/src/dispatcher/posix.c:62 140663011514112: single write -1 of expected 1048576
15:20:01 ERROR /home/bsc03/bsc03353/forge/src/dispatcher/posix.c:62 140078185617152: single write -1 of expected 1048576
15:20:02 ERROR /home/bsc03/bsc03353/forge/src/dispatcher/posix.c:61 139764528969472: r->filehandle = 46, r->size = 1048576, r->offset = 0
15:20:02 ERROR /home/bsc03/bsc03353/forge/src/dispatcher/posix.c:62 139764528969472: single write -1 of expected 1048576
15:20:02 ERROR /home/bsc03/bsc03353/forge/src/dispatcher/posix.c:61 140073890641664: r->filehandle = 47, r->size = 1048576, r->offset = 0
15:20:02 ERROR /home/bsc03/bsc03353/forge/src/dispatcher/posix.c:62 140073890641664: single write -1 of expected 1048576
15:20:02 ERROR /home/bsc03/bsc03353/forge/src/dispatcher/posix.c:61 139749496555264: r->filehandle = 51, r->size = 1048576, r->offset = 0
15:20:02 ERROR /home/bsc03/bsc03353/forge/src/dispatcher/posix.c:62 139749496555264: single write -1 of expected 1048576
15:20:03 ERROR /home/bsc03/bsc03353/forge/src/dispatcher/posix.c:61 140223525103360: r->filehandle = 53, r->size = 1048576, r->offset = 0
15:20:03 ERROR /home/bsc03/bsc03353/forge/src/dispatcher/posix.c:62 140223525103360: single write -1 of expected 1048576
15:20:03 ERROR /home/bsc03/bsc03353/forge/src/dispatcher/posix.c:61 140654421563136: r->filehandle = 59, r->size = 1048576, r->offset = 0
15:20:03 ERROR /home/bsc03/bsc03353/forge/src/dispatcher/posix.c:62 140654421563136: single write -1 of expected 1048576
15:20:04 ERROR /home/bsc03/bsc03353/forge/src/dispatcher/posix.c:61 140197755250432: r->filehandle = 36, r->size = 1048576, r->offset = 0
15:20:04 ERROR /home/bsc03/bsc03353/forge/src/dispatcher/posix.c:62 140197755250432: single write -1 of expected 1048576
15:20:04 ERROR /home/bsc03/bsc03353/forge/src/dispatcher/posix.c:61 140547433780992: r->filehandle = 36, r->size = 1048576, r->offset = 0
15:20:04 ERROR /home/bsc03/bsc03353/forge/src/dispatcher/posix.c:62 140547433780992: single write -1 of expected 1048576
15:20:06 ERROR /home/bsc03/bsc03353/forge/src/dispatcher/posix.c:61 140240830760704: r->filehandle = 43, r->size = 1048576, r->offset = 0
15:20:06 ERROR /home/bsc03/bsc03353/forge/src/dispatcher/posix.c:61 139638010140416: r->filehandle = 58, r->size = 1048576, r->offset = 0
15:20:06 ERROR /home/bsc03/bsc03353/forge/src/dispatcher/posix.c:62 139638010140416: single write -1 of expected 1048576
15:20:06 ERROR /home/bsc03/bsc03353/forge/src/dispatcher/posix.c:62 140240830760704: single write -1 of expected 1048576
15:20:07 ERROR /home/bsc03/bsc03353/forge/src/dispatcher/posix.c:61 139764528969472: r->filehandle = 50, r->size = 1048576, r->offset = 0
15:20:07 ERROR /home/bsc03/bsc03353/forge/src/dispatcher/posix.c:62 139764528969472: single write -1 of expected 1048576
15:20:08 ERROR /home/bsc03/bsc03353/forge/src/dispatcher/posix.c:61 140219230127872: r->filehandle = 46, r->size = 1048576, r->offset = 0
15:20:08 ERROR /home/bsc03/bsc03353/forge/src/dispatcher/posix.c:62 140219230127872: single write -1 of expected 1048576
15:20:08 ERROR /home/bsc03/bsc03353/forge/src/dispatcher/posix.c:61 140660864026368: r->filehandle = 45, r->size = 1048576, r->offset = 0
15:20:08 ERROR /home/bsc03/bsc03353/forge/src/dispatcher/posix.c:62 140660864026368: single write -1 of expected 1048576
15:20:08 ERROR /home/bsc03/bsc03353/forge/src/dispatcher/posix.c:61 140534548854528: r->filehandle = 46, r->size = 1048576, r->offset = 0
15:20:08 ERROR /home/bsc03/bsc03353/forge/src/dispatcher/posix.c:61 139912019359488: r->filehandle = 56, r->size = 1048576, r->offset = 0
15:20:08 ERROR /home/bsc03/bsc03353/forge/src/dispatcher/posix.c:62 140534548854528: single write -1 of expected 1048576
15:20:08 ERROR /home/bsc03/bsc03353/forge/src/dispatcher/posix.c:62 139912019359488: single write -1 of expected 1048576
15:20:09 ERROR /home/bsc03/bsc03353/forge/src/dispatcher/posix.c:61 140225798346496: r->filehandle = 46, r->size = 1048576, r->offset = 0
15:20:09 ERROR /home/bsc03/bsc03353/forge/src/dispatcher/posix.c:61 140199902738176: r->filehandle = 51, r->size = 1048576, r->offset = 0
15:20:09 ERROR /home/bsc03/bsc03353/forge/src/dispatcher/posix.c:62 140199902738176: single write -1 of expected 1048576
15:20:09 ERROR /home/bsc03/bsc03353/forge/src/dispatcher/posix.c:62 140225798346496: single write -1 of expected 1048576
15:20:10 ERROR /home/bsc03/bsc03353/forge/src/dispatcher/posix.c:61 139894839457536: r->filehandle = 44, r->size = 1048576, r->offset = 0
15:20:10 ERROR /home/bsc03/bsc03353/forge/src/dispatcher/posix.c:62 139894839457536: single write -1 of expected 1048576
15:20:10 ERROR /home/bsc03/bsc03353/forge/src/dispatcher/posix.c:61 140219230127872: r->filehandle = 57, r->size = 1048576, r->offset = 1048576
15:20:10 ERROR /home/bsc03/bsc03353/forge/src/dispatcher/posix.c:62 140219230127872: single write -1 of expected 1048576
15:20:11 ERROR /home/bsc03/bsc03353/forge/src/dispatcher/posix.c:61 140671601465088: r->filehandle = 57, r->size = 1048576, r->offset = 0
15:20:11 ERROR /home/bsc03/bsc03353/forge/src/dispatcher/posix.c:62 140671601465088: single write -1 of expected 1048576
15:20:11 ERROR /home/bsc03/bsc03353/forge/src/dispatcher/posix.c:61 140221503371008: r->filehandle = 42, r->size = 1048576, r->offset = 0
15:20:11 ERROR /home/bsc03/bsc03353/forge/src/dispatcher/posix.c:62 140221503371008: single write -1 of expected 1048576
15:20:12 ERROR /home/bsc03/bsc03353/forge/src/dispatcher/posix.c:61 140221377615616: r->filehandle = 41, r->size = 1048576, r->offset = 0
15:20:12 ERROR /home/bsc03/bsc03353/forge/src/dispatcher/posix.c:62 140221377615616: single write -1 of expected 1048576
15:20:12 ERROR /home/bsc03/bsc03353/forge/src/dispatcher/posix.c:61 140069595666176: r->filehandle = 58, r->size = 1048576, r->offset = 0
15:20:12 ERROR /home/bsc03/bsc03353/forge/src/dispatcher/posix.c:62 140069595666176: single write -1 of expected 1048576
15:20:13 ERROR /home/bsc03/bsc03353/forge/src/dispatcher/posix.c:61 139922756798208: r->filehandle = 55, r->size = 1048576, r->offset = 0
15:20:13 ERROR /home/bsc03/bsc03353/forge/src/dispatcher/posix.c:61 139631567677184: r->filehandle = 51, r->size = 1048576, r->offset = 0
15:20:13 ERROR /home/bsc03/bsc03353/forge/src/dispatcher/posix.c:62 139922756798208: single write -1 of expected 1048576
15:20:13 ERROR /home/bsc03/bsc03353/forge/src/dispatcher/posix.c:62 139631567677184: single write -1 of expected 1048576
15:20:14 ERROR /home/bsc03/bsc03353/forge/src/dispatcher/posix.c:61 140204197713664: r->filehandle = 37, r->size = 1048576, r->offset = 0
15:20:14 ERROR /home/bsc03/bsc03353/forge/src/dispatcher/posix.c:62 140204197713664: single write -1 of expected 1048576
15:20:15 ERROR /home/bsc03/bsc03353/forge/src/dispatcher/posix.c:61 140240830760704: r->filehandle = 37, r->size = 1048576, r->offset = 0
15:20:15 ERROR /home/bsc03/bsc03353/forge/src/dispatcher/posix.c:61 140093218031360: r->filehandle = 46, r->size = 1048576, r->offset = 0
15:20:15 ERROR /home/bsc03/bsc03353/forge/src/dispatcher/posix.c:62 140093218031360: single write -1 of expected 1048576
15:20:15 ERROR /home/bsc03/bsc03353/forge/src/dispatcher/posix.c:62 140240830760704: single write -1 of expected 1048576
15:20:16 ERROR /home/bsc03/bsc03353/forge/src/dispatcher/posix.c:61 140543138805504: r->filehandle = 55, r->size = 1048576, r->offset = 0
15:20:16 ERROR /home/bsc03/bsc03353/forge/src/dispatcher/posix.c:62 140543138805504: single write -1 of expected 1048576
15:20:17 ERROR /home/bsc03/bsc03353/forge/src/dispatcher/posix.c:61 140195607762688: r->filehandle = 43, r->size = 1048576, r->offset = 0
15:20:17 ERROR /home/bsc03/bsc03353/forge/src/dispatcher/posix.c:62 140195607762688: single write -1 of expected 1048576
15:20:18 ERROR /home/bsc03/bsc03353/forge/src/dispatcher/posix.c:61 140225798346496: r->filehandle = 49, r->size = 1048576, r->offset = 0
15:20:18 ERROR /home/bsc03/bsc03353/forge/src/dispatcher/posix.c:61 139640157628160: r->filehandle = 41, r->size = 1048576, r->offset = 0
15:20:18 ERROR /home/bsc03/bsc03353/forge/src/dispatcher/posix.c:62 140225798346496: single write -1 of expected 1048576
15:20:18 ERROR /home/bsc03/bsc03353/forge/src/dispatcher/posix.c:62 139640157628160: single write -1 of expected 1048576
15:20:18 ERROR /home/bsc03/bsc03353/forge/src/dispatcher/posix.c:61 139758086506240: r->filehandle = 49, r->size = 1048576, r->offset = 0
15:20:18 ERROR /home/bsc03/bsc03353/forge/src/dispatcher/posix.c:62 139758086506240: single write -1 of expected 1048576
15:20:18 ERROR /home/bsc03/bsc03353/forge/src/dispatcher/posix.c:61 140650126587648: r->filehandle = 42, r->size = 1048576, r->offset = 0
15:20:18 ERROR /home/bsc03/bsc03353/forge/src/dispatcher/posix.c:62 140650126587648: single write -1 of expected 1048576
15:20:20 ERROR /home/bsc03/bsc03353/forge/src/dispatcher/posix.c:61 139918461822720: r->filehandle = 41, r->size = 1048576, r->offset = 0
15:20:20 ERROR /home/bsc03/bsc03353/forge/src/dispatcher/posix.c:62 139918461822720: single write -1 of expected 1048576
15:20:20 ERROR /home/bsc03/bsc03353/forge/src/dispatcher/posix.c:61 140091070543616: r->filehandle = 42, r->size = 1048576, r->offset = 0
15:20:20 ERROR /home/bsc03/bsc03353/forge/src/dispatcher/posix.c:62 140091070543616: single write -1 of expected 1048576
15:20:20 ERROR /home/bsc03/bsc03353/forge/src/dispatcher/posix.c:61 139760233993984: r->filehandle = 39, r->size = 1048576, r->offset = 0
15:20:20 ERROR /home/bsc03/bsc03353/forge/src/dispatcher/posix.c:62 139760233993984: single write -1 of expected 1048576
15:20:20 ERROR /home/bsc03/bsc03353/forge/src/dispatcher/posix.c:61 140238683272960: r->filehandle = 35, r->size = 1048576, r->offset = 0
15:20:20 ERROR /home/bsc03/bsc03353/forge/src/dispatcher/posix.c:61 140521663928064: r->filehandle = 44, r->size = 1048576, r->offset = 0
15:20:20 ERROR /home/bsc03/bsc03353/forge/src/dispatcher/posix.c:62 140238683272960: single write -1 of expected 1048576
15:20:20 ERROR /home/bsc03/bsc03353/forge/src/dispatcher/posix.c:62 140521663928064: single write -1 of expected 1048576
15:20:22 ERROR /home/bsc03/bsc03353/forge/src/dispatcher/posix.c:61 140073890641664: r->filehandle = 38, r->size = 1048576, r->offset = 0
15:20:22 ERROR /home/bsc03/bsc03353/forge/src/dispatcher/posix.c:62 140073890641664: single write -1 of expected 1048576
15:20:22 ERROR /home/bsc03/bsc03353/forge/src/dispatcher/posix.c:61 140191312787200: r->filehandle = 44, r->size = 1048576, r->offset = 0
15:20:22 ERROR /home/bsc03/bsc03353/forge/src/dispatcher/posix.c:61 139620830238464: r->filehandle = 57, r->size = 1048576, r->offset = 0
15:20:22 ERROR /home/bsc03/bsc03353/forge/src/dispatcher/posix.c:62 140191312787200: single write -1 of expected 1048576
15:20:22 ERROR /home/bsc03/bsc03353/forge/src/dispatcher/posix.c:62 139620830238464: single write -1 of expected 1048576
15:20:22 ERROR /home/bsc03/bsc03353/forge/src/dispatcher/posix.c:61 139749496555264: r->filehandle = 38, r->size = 1048576, r->offset = 0
15:20:22 ERROR /home/bsc03/bsc03353/forge/src/dispatcher/posix.c:62 139749496555264: single write -1 of expected 1048576
15:20:24 ERROR /home/bsc03/bsc03353/forge/src/dispatcher/posix.c:61 140069595666176: r->filehandle = 57, r->size = 1048576, r->offset = 0
15:20:24 ERROR /home/bsc03/bsc03353/forge/src/dispatcher/posix.c:62 140069595666176: single write -1 of expected 1048576
15:20:24 ERROR /home/bsc03/bsc03353/forge/src/dispatcher/posix.c:61 139920609310464: r->filehandle = 43, r->size = 1048576, r->offset = 0
15:20:24 ERROR /home/bsc03/bsc03353/forge/src/dispatcher/posix.c:62 139920609310464: single write -1 of expected 1048576
15:20:24 ERROR /home/bsc03/bsc03353/forge/src/dispatcher/posix.c:61 139631567677184: r->filehandle = 44, r->size = 1048576, r->offset = 0
15:20:24 ERROR /home/bsc03/bsc03353/forge/src/dispatcher/posix.c:62 139631567677184: single write -1 of expected 1048576
15:20:24 ERROR /home/bsc03/bsc03353/forge/src/dispatcher/posix.c:61 139770971432704: r->filehandle = 47, r->size = 1048576, r->offset = 0
15:20:24 ERROR /home/bsc03/bsc03353/forge/src/dispatcher/posix.c:62 139770971432704: single write -1 of expected 1048576
15:20:25 ERROR /home/bsc03/bsc03353/forge/src/dispatcher/posix.c:61 140208492689152: r->filehandle = 42, r->size = 1048576, r->offset = 0
15:20:25 ERROR /home/bsc03/bsc03353/forge/src/dispatcher/posix.c:62 140208492689152: single write -1 of expected 1048576
15:20:25 ERROR /home/bsc03/bsc03353/forge/src/dispatcher/posix.c:61 140223650858752: r->filehandle = 45, r->size = 1048576, r->offset = 0
15:20:25 ERROR /home/bsc03/bsc03353/forge/src/dispatcher/posix.c:61 140669453977344: r->filehandle = 39, r->size = 1048576, r->offset = 0
15:20:25 ERROR /home/bsc03/bsc03353/forge/src/dispatcher/posix.c:62 140669453977344: single write -1 of expected 1048576
15:20:25 ERROR /home/bsc03/bsc03353/forge/src/dispatcher/posix.c:62 140223650858752: single write -1 of expected 1048576
15:20:25 ERROR /home/bsc03/bsc03353/forge/src/dispatcher/posix.c:61 139901281920768: r->filehandle = 39, r->size = 1048576, r->offset = 0
15:20:25 ERROR /home/bsc03/bsc03353/forge/src/dispatcher/posix.c:62 139901281920768: single write -1 of expected 1048576
15:20:26 ERROR /home/bsc03/bsc03353/forge/src/dispatcher/posix.c:61 140675896440576: r->filehandle = 58, r->size = 1048576, r->offset = 0
15:20:26 ERROR /home/bsc03/bsc03353/forge/src/dispatcher/posix.c:62 140675896440576: single write -1 of expected 1048576
15:20:26 ERROR /home/bsc03/bsc03353/forge/src/dispatcher/posix.c:61 139768823944960: r->filehandle = 43, r->size = 1048576, r->offset = 0
15:20:26 ERROR /home/bsc03/bsc03353/forge/src/dispatcher/posix.c:62 139768823944960: single write -1 of expected 1048576
15:20:26 ERROR /home/bsc03/bsc03353/forge/src/dispatcher/posix.c:61 140545286293248: r->filehandle = 48, r->size = 1048576, r->offset = 0
15:20:26 ERROR /home/bsc03/bsc03353/forge/src/dispatcher/posix.c:62 140545286293248: single write -1 of expected 1048576
15:20:27 ERROR /home/bsc03/bsc03353/forge/src/dispatcher/posix.c:61 140086775568128: r->filehandle = 36, r->size = 1048576, r->offset = 0
15:20:27 ERROR /home/bsc03/bsc03353/forge/src/dispatcher/posix.c:62 140086775568128: single write -1 of expected 1048576
15:20:28 ERROR /home/bsc03/bsc03353/forge/src/dispatcher/posix.c:61 139627272701696: r->filehandle = 55, r->size = 1048576, r->offset = 0
15:20:28 ERROR /home/bsc03/bsc03353/forge/src/dispatcher/posix.c:62 139627272701696: single write -1 of expected 1048576
15:20:28 ERROR /home/bsc03/bsc03353/forge/src/dispatcher/posix.c:61 139760233993984: r->filehandle = 41, r->size = 1048576, r->offset = 1048576
15:20:28 ERROR /home/bsc03/bsc03353/forge/src/dispatcher/posix.c:62 139760233993984: single write -1 of expected 1048576
15:20:30 ERROR /home/bsc03/bsc03353/forge/src/dispatcher/posix.c:61 139892691969792: r->filehandle = 46, r->size = 1048576, r->offset = 0
15:20:30 ERROR /home/bsc03/bsc03353/forge/src/dispatcher/posix.c:62 139892691969792: single write -1 of expected 1048576
15:20:30 ERROR /home/bsc03/bsc03353/forge/src/dispatcher/posix.c:61 140215060907776: r->filehandle = 53, r->size = 1048576, r->offset = 0
15:20:30 ERROR /home/bsc03/bsc03353/forge/src/dispatcher/posix.c:62 140215060907776: single write -1 of expected 1048576
15:20:31 ERROR /home/bsc03/bsc03353/forge/src/dispatcher/posix.c:61 140667306489600: r->filehandle = 46, r->size = 1048576, r->offset = 0
15:20:31 ERROR /home/bsc03/bsc03353/forge/src/dispatcher/posix.c:61 140202050225920: r->filehandle = 52, r->size = 1048576, r->offset = 0
15:20:31 ERROR /home/bsc03/bsc03353/forge/src/dispatcher/posix.c:62 140667306489600: single write -1 of expected 1048576
15:20:31 ERROR /home/bsc03/bsc03353/forge/src/dispatcher/posix.c:62 140202050225920: single write -1 of expected 1048576
15:20:32 ERROR /home/bsc03/bsc03353/forge/src/dispatcher/posix.c:61 139758086506240: r->filehandle = 42, r->size = 1048576, r->offset = 0
15:20:32 ERROR /home/bsc03/bsc03353/forge/src/dispatcher/posix.c:62 139758086506240: single write -1 of expected 1048576
15:20:32 ERROR /home/bsc03/bsc03353/forge/src/dispatcher/posix.c:61 140240830760704: r->filehandle = 47, r->size = 1048576, r->offset = 1048576
15:20:32 ERROR /home/bsc03/bsc03353/forge/src/dispatcher/posix.c:61 139635862652672: r->filehandle = 52, r->size = 1048576, r->offset = 0
15:20:32 ERROR /home/bsc03/bsc03353/forge/src/dispatcher/posix.c:62 140240830760704: single write -1 of expected 1048576
15:20:32 ERROR /home/bsc03/bsc03353/forge/src/dispatcher/posix.c:62 139635862652672: single write -1 of expected 1048576
15:20:36 ERROR /home/bsc03/bsc03353/forge/src/dispatcher/posix.c:61 139629420189440: r->filehandle = 54, r->size = 1048576, r->offset = 0
15:20:36 ERROR /home/bsc03/bsc03353/forge/src/dispatcher/posix.c:62 139629420189440: single write -1 of expected 1048576
15:20:37 ERROR /home/bsc03/bsc03353/forge/src/dispatcher/posix.c:61 139905576896256: r->filehandle = 53, r->size = 1048576, r->offset = 0
15:20:37 ERROR /home/bsc03/bsc03353/forge/src/dispatcher/posix.c:62 139905576896256: single write -1 of expected 1048576
15:20:42 ERROR /home/bsc03/bsc03353/forge/src/dispatcher/posix.c:61 140091070543616: r->filehandle = 54, r->size = 1048576, r->offset = 0
15:20:42 ERROR /home/bsc03/bsc03353/forge/src/dispatcher/posix.c:62 140091070543616: single write -1 of expected 1048576
15:20:43 ERROR /home/bsc03/bsc03353/forge/src/dispatcher/posix.c:61 140212913420032: r->filehandle = 41, r->size = 1048576, r->offset = 0
15:20:43 ERROR /home/bsc03/bsc03353/forge/src/dispatcher/posix.c:61 139631567677184: r->filehandle = 50, r->size = 1048576, r->offset = 1048576
15:20:43 ERROR /home/bsc03/bsc03353/forge/src/dispatcher/posix.c:61 140521663928064: r->filehandle = 47, r->size = 1048576, r->offset = 0
15:20:43 ERROR /home/bsc03/bsc03353/forge/src/dispatcher/posix.c:62 140521663928064: single write -1 of expected 1048576
15:20:43 ERROR /home/bsc03/bsc03353/forge/src/dispatcher/posix.c:62 139631567677184: single write -1 of expected 1048576
15:20:43 ERROR /home/bsc03/bsc03353/forge/src/dispatcher/posix.c:62 140212913420032: single write -1 of expected 1048576
15:20:43 ERROR /home/bsc03/bsc03353/forge/src/dispatcher/posix.c:61 139899134433024: r->filehandle = 45, r->size = 1048576, r->offset = 0
15:20:43 ERROR /home/bsc03/bsc03353/forge/src/dispatcher/posix.c:61 139777413895936: r->filehandle = 58, r->size = 1048576, r->offset = 0
15:20:43 ERROR /home/bsc03/bsc03353/forge/src/dispatcher/posix.c:62 139899134433024: single write -1 of expected 1048576
15:20:43 ERROR /home/bsc03/bsc03353/forge/src/dispatcher/posix.c:62 139777413895936: single write -1 of expected 1048576
15:20:44 ERROR /home/bsc03/bsc03353/forge/src/dispatcher/posix.c:61 140208492689152: r->filehandle = 46, r->size = 1048576, r->offset = 1048576
15:20:44 ERROR /home/bsc03/bsc03353/forge/src/dispatcher/posix.c:62 140208492689152: single write -1 of expected 1048576
15:20:46 ERROR /home/bsc03/bsc03353/forge/src/dispatcher/posix.c:61 140219230127872: r->filehandle = 56, r->size = 1048576, r->offset = 1048576
15:20:46 ERROR /home/bsc03/bsc03353/forge/src/dispatcher/posix.c:62 140219230127872: single write -1 of expected 1048576
15:20:46 ERROR /home/bsc03/bsc03353/forge/src/dispatcher/posix.c:61 139648747579136: r->filehandle = 37, r->size = 1048576, r->offset = 0
15:20:46 ERROR /home/bsc03/bsc03353/forge/src/dispatcher/posix.c:61 140236535785216: r->filehandle = 39, r->size = 1048576, r->offset = 0
15:20:46 ERROR /home/bsc03/bsc03353/forge/src/dispatcher/posix.c:62 139648747579136: single write -1 of expected 1048576
15:20:46 ERROR /home/bsc03/bsc03353/forge/src/dispatcher/posix.c:62 140236535785216: single write -1 of expected 1048576
15:20:51 ERROR /home/bsc03/bsc03353/forge/src/dispatcher/posix.c:61 140671601465088: r->filehandle = 54, r->size = 1048576, r->offset = 1048576
15:20:51 ERROR /home/bsc03/bsc03353/forge/src/dispatcher/posix.c:62 140671601465088: single write -1 of expected 1048576
15:20:53 ERROR /home/bsc03/bsc03353/forge/src/dispatcher/posix.c:61 140525958903552: r->filehandle = 49, r->size = 1048576, r->offset = 0
15:20:53 ERROR /home/bsc03/bsc03353/forge/src/dispatcher/posix.c:62 140525958903552: single write -1 of expected 1048576
15:20:56 ERROR /home/bsc03/bsc03353/forge/src/dispatcher/posix.c:61 140652274075392: r->filehandle = 55, r->size = 1048576, r->offset = 0
15:20:56 ERROR /home/bsc03/bsc03353/forge/src/dispatcher/posix.c:62 140652274075392: single write -1 of expected 1048576
15:20:58 ERROR /home/bsc03/bsc03353/forge/src/dispatcher/posix.c:61 140093218031360: r->filehandle = 44, r->size = 1048576, r->offset = 0
15:20:58 ERROR /home/bsc03/bsc03353/forge/src/dispatcher/posix.c:62 140093218031360: single write -1 of expected 1048576
15:21:01 ERROR /home/bsc03/bsc03353/forge/src/dispatcher/posix.c:61 140219355883264: r->filehandle = 59, r->size = 1048576, r->offset = 0
15:21:01 ERROR /home/bsc03/bsc03353/forge/src/dispatcher/posix.c:62 140219355883264: single write -1 of expected 1048576
15:21:04 ERROR /home/bsc03/bsc03353/forge/src/dispatcher/posix.c:61 139642305115904: r->filehandle = 56, r->size = 1048576, r->offset = 0
15:21:04 ERROR /home/bsc03/bsc03353/forge/src/dispatcher/posix.c:62 139642305115904: single write -1 of expected 1048576
15:21:04 ERROR /home/bsc03/bsc03353/forge/src/dispatcher/posix.c:61 139890544482048: r->filehandle = 40, r->size = 1048576, r->offset = 0
15:21:04 ERROR /home/bsc03/bsc03353/forge/src/dispatcher/posix.c:62 139890544482048: single write -1 of expected 1048576
15:21:08 ERROR /home/bsc03/bsc03353/forge/src/dispatcher/posix.c:61 139635862652672: r->filehandle = 38, r->size = 1048576, r->offset = 1048576
15:21:08 ERROR /home/bsc03/bsc03353/forge/src/dispatcher/posix.c:62 139635862652672: single write -1 of expected 1048576
15:21:09 ERROR /home/bsc03/bsc03353/forge/src/dispatcher/posix.c:61 140540991317760: r->filehandle = 54, r->size = 1048576, r->offset = 0
15:21:09 ERROR /home/bsc03/bsc03353/forge/src/dispatcher/posix.c:62 140540991317760: single write -1 of expected 1048576
15:21:09 ERROR /home/bsc03/bsc03353/forge/src/dispatcher/posix.c:61 139773118920448: r->filehandle = 44, r->size = 1048576, r->offset = 0
15:21:09 ERROR /home/bsc03/bsc03353/forge/src/dispatcher/posix.c:62 139773118920448: single write -1 of expected 1048576
15:21:09 ERROR /home/bsc03/bsc03353/forge/src/dispatcher/posix.c:61 140238683272960: r->filehandle = 55, r->size = 1048576, r->offset = 1048576
15:21:09 ERROR /home/bsc03/bsc03353/forge/src/dispatcher/posix.c:62 140238683272960: single write -1 of expected 1048576
15:21:10 ERROR /home/bsc03/bsc03353/forge/src/dispatcher/posix.c:61 140645831612160: r->filehandle = 52, r->size = 1048576, r->offset = 0
15:21:10 ERROR /home/bsc03/bsc03353/forge/src/dispatcher/posix.c:62 140645831612160: single write -1 of expected 1048576
15:21:10 ERROR /home/bsc03/bsc03353/forge/src/dispatcher/posix.c:61 140078185617152: r->filehandle = 55, r->size = 1048576, r->offset = 0
15:21:10 ERROR /home/bsc03/bsc03353/forge/src/dispatcher/posix.c:61 139920609310464: r->filehandle = 51, r->size = 1048576, r->offset = 0
15:21:10 ERROR /home/bsc03/bsc03353/forge/src/dispatcher/posix.c:62 139920609310464: single write -1 of expected 1048576
15:21:10 ERROR /home/bsc03/bsc03353/forge/src/dispatcher/posix.c:62 140078185617152: single write -1 of expected 1048576
15:21:11 ERROR /home/bsc03/bsc03353/forge/src/dispatcher/posix.c:61 139760233993984: r->filehandle = 50, r->size = 1048576, r->offset = 1048576
15:21:11 ERROR /home/bsc03/bsc03353/forge/src/dispatcher/posix.c:62 139760233993984: single write -1 of expected 1048576
15:21:13 ERROR /home/bsc03/bsc03353/forge/src/dispatcher/posix.c:61 139766676457216: r->filehandle = 57, r->size = 1048576, r->offset = 0
15:21:13 ERROR /home/bsc03/bsc03353/forge/src/dispatcher/posix.c:62 139766676457216: single write -1 of expected 1048576
15:21:16 ERROR /home/bsc03/bsc03353/forge/src/dispatcher/posix.c:61 140212787664640: r->filehandle = 38, r->size = 1048576, r->offset = 0
15:21:16 ERROR /home/bsc03/bsc03353/forge/src/dispatcher/posix.c:62 140212787664640: single write -1 of expected 1048576
15:21:16 ERROR /home/bsc03/bsc03353/forge/src/dispatcher/posix.c:61 139631567677184: r->filehandle = 53, r->size = 1048576, r->offset = 1048576
15:21:16 ERROR /home/bsc03/bsc03353/forge/src/dispatcher/posix.c:62 139631567677184: single write -1 of expected 1048576
15:21:17 ERROR /home/bsc03/bsc03353/forge/src/dispatcher/posix.c:61 140534548854528: r->filehandle = 58, r->size = 1048576, r->offset = 0
15:21:17 ERROR /home/bsc03/bsc03353/forge/src/dispatcher/posix.c:62 140534548854528: single write -1 of expected 1048576
15:21:17 ERROR /home/bsc03/bsc03353/forge/src/dispatcher/posix.c:61 140219355883264: r->filehandle = 37, r->size = 1048576, r->offset = 1048576
15:21:17 ERROR /home/bsc03/bsc03353/forge/src/dispatcher/posix.c:62 140219355883264: single write -1 of expected 1048576
15:21:19 ERROR /home/bsc03/bsc03353/forge/src/dispatcher/posix.c:61 139894839457536: r->filehandle = 37, r->size = 1048576, r->offset = 0
15:21:19 ERROR /home/bsc03/bsc03353/forge/src/dispatcher/posix.c:62 139894839457536: single write -1 of expected 1048576
15:21:20 ERROR /home/bsc03/bsc03353/forge/src/dispatcher/posix.c:61 139627272701696: r->filehandle = 59, r->size = 1048576, r->offset = 1048576
15:21:20 ERROR /home/bsc03/bsc03353/forge/src/dispatcher/posix.c:62 139627272701696: single write -1 of expected 1048576
15:21:20 ERROR /home/bsc03/bsc03353/forge/src/dispatcher/posix.c:61 140230093321984: r->filehandle = 44, r->size = 1048576, r->offset = 0
15:21:20 ERROR /home/bsc03/bsc03353/forge/src/dispatcher/posix.c:62 140230093321984: single write -1 of expected 1048576
15:21:21 ERROR /home/bsc03/bsc03353/forge/src/dispatcher/posix.c:61 139753791530752: r->filehandle = 53, r->size = 1048576, r->offset = 0
15:21:21 ERROR /home/bsc03/bsc03353/forge/src/dispatcher/posix.c:62 139753791530752: single write -1 of expected 1048576
15:21:23 ERROR /home/bsc03/bsc03353/forge/src/dispatcher/posix.c:61 140521663928064: r->filehandle = 50, r->size = 1048576, r->offset = 0
15:21:23 ERROR /home/bsc03/bsc03353/forge/src/dispatcher/posix.c:62 140521663928064: single write -1 of expected 1048576
15:21:24 ERROR /home/bsc03/bsc03353/forge/src/dispatcher/posix.c:61 140658716538624: r->filehandle = 40, r->size = 1048576, r->offset = 0
15:21:24 ERROR /home/bsc03/bsc03353/forge/src/dispatcher/posix.c:62 140658716538624: single write -1 of expected 1048576
15:21:25 ERROR /home/bsc03/bsc03353/forge/src/dispatcher/posix.c:61 140669453977344: r->filehandle = 41, r->size = 1048576, r->offset = 1048576
15:21:25 ERROR /home/bsc03/bsc03353/forge/src/dispatcher/posix.c:62 140669453977344: single write -1 of expected 1048576
15:21:26 ERROR /home/bsc03/bsc03353/forge/src/dispatcher/posix.c:61 139622977726208: r->filehandle = 39, r->size = 1048576, r->offset = 0
15:21:26 ERROR /home/bsc03/bsc03353/forge/src/dispatcher/posix.c:62 139622977726208: single write -1 of expected 1048576
15:21:27 ERROR /home/bsc03/bsc03353/forge/src/dispatcher/posix.c:61 139758086506240: r->filehandle = 46, r->size = 1048576, r->offset = 1048576
15:21:27 ERROR /home/bsc03/bsc03353/forge/src/dispatcher/posix.c:62 139758086506240: single write -1 of expected 1048576
15:21:28 ERROR /home/bsc03/bsc03353/forge/src/dispatcher/posix.c:61 140093218031360: r->filehandle = 49, r->size = 1048576, r->offset = 1048576
15:21:28 ERROR /home/bsc03/bsc03353/forge/src/dispatcher/posix.c:62 140093218031360: single write -1 of expected 1048576
15:21:31 ERROR /home/bsc03/bsc03353/forge/src/dispatcher/posix.c:61 139777413895936: r->filehandle = 39, r->size = 1048576, r->offset = 1048576
15:21:31 ERROR /home/bsc03/bsc03353/forge/src/dispatcher/posix.c:62 139777413895936: single write -1 of expected 1048576
15:21:32 ERROR /home/bsc03/bsc03353/forge/src/dispatcher/posix.c:61 140206345201408: r->filehandle = 47, r->size = 1048576, r->offset = 0
15:21:32 ERROR /home/bsc03/bsc03353/forge/src/dispatcher/posix.c:62 140206345201408: single write -1 of expected 1048576
15:21:33 ERROR /home/bsc03/bsc03353/forge/src/dispatcher/posix.c:61 140528106391296: r->filehandle = 56, r->size = 1048576, r->offset = 0
15:21:33 ERROR /home/bsc03/bsc03353/forge/src/dispatcher/posix.c:62 140528106391296: single write -1 of expected 1048576
15:21:33 ERROR /home/bsc03/bsc03353/forge/src/dispatcher/posix.c:61 139912019359488: r->filehandle = 54, r->size = 1048576, r->offset = 0
15:21:33 ERROR /home/bsc03/bsc03353/forge/src/dispatcher/posix.c:62 139912019359488: single write -1 of expected 1048576
15:21:34 ERROR /home/bsc03/bsc03353/forge/src/dispatcher/posix.c:61 139635862652672: r->filehandle = 51, r->size = 1048576, r->offset = 1048576
15:21:34 ERROR /home/bsc03/bsc03353/forge/src/dispatcher/posix.c:62 139635862652672: single write -1 of expected 1048576
15:21:36 ERROR /home/bsc03/bsc03353/forge/src/dispatcher/posix.c:61 139909871871744: r->filehandle = 47, r->size = 1048576, r->offset = 0
15:21:36 ERROR /home/bsc03/bsc03353/forge/src/dispatcher/posix.c:62 139909871871744: single write -1 of expected 1048576
15:21:37 ERROR /home/bsc03/bsc03353/forge/src/dispatcher/posix.c:61 139907724384000: r->filehandle = 57, r->size = 1048576, r->offset = 0
15:21:37 ERROR /home/bsc03/bsc03353/forge/src/dispatcher/posix.c:62 139907724384000: single write -1 of expected 1048576
15:21:37 ERROR /home/bsc03/bsc03353/forge/src/dispatcher/posix.c:61 140217082640128: r->filehandle = 48, r->size = 1048576, r->offset = 0
15:21:37 ERROR /home/bsc03/bsc03353/forge/src/dispatcher/posix.c:62 140217082640128: single write -1 of expected 1048576
15:21:38 ERROR /home/bsc03/bsc03353/forge/src/dispatcher/posix.c:61 140088923055872: r->filehandle = 59, r->size = 1048576, r->offset = 0
15:21:38 ERROR /home/bsc03/bsc03353/forge/src/dispatcher/posix.c:62 140088923055872: single write -1 of expected 1048576
15:21:38 ERROR /home/bsc03/bsc03353/forge/src/dispatcher/posix.c:61 140650126587648: r->filehandle = 50, r->size = 1048576, r->offset = 1048576
15:21:38 ERROR /home/bsc03/bsc03353/forge/src/dispatcher/posix.c:62 140650126587648: single write -1 of expected 1048576
15:21:39 ERROR /home/bsc03/bsc03353/forge/src/dispatcher/posix.c:61 140084628080384: r->filehandle = 39, r->size = 1048576, r->offset = 0
15:21:39 ERROR /home/bsc03/bsc03353/forge/src/dispatcher/posix.c:62 140084628080384: single write -1 of expected 1048576
slurmstepd: error: *** JOB 8737243 ON s02r2b17 CANCELLED AT 2020-02-07T15:21:40 DUE TO TIME LIMIT ***
--------------------------------------------------------------------------
ORTE has lost communication with a remote daemon.

  HNP daemon   : [[21521,0],0] on node s02r2b17
  Remote daemon: [[21521,0],3] on node s05r1b02

This is usually due to either a failure of the TCP network
connection to the node, or possibly an internal failure of
the daemon itself. We cannot recover from this failure, and
therefore will terminate the job.
--------------------------------------------------------------------------
