Set GCC compilers as MPI wrappers backend 
remove impi/2017.4 (PATH, MANPATH, LD_LIBRARY_PATH) 
load openmpi/4.0.2_UCX (PATH, MANPATH, LD_LIBRARY_PATH) 
Set GCC compilers as MPI wrappers backend 
load gsl/2.4 (PATH, LD_LIBRARY_PATH, LIBRARY_PATH, MANPATH, INFOPATH,
C_INCLUDE_PATH, CPLUS_INCLUDE_PATH, PKG_CONFIG_PATH, GSL_DIR) 
15:12:43 INFO  /home/bsc03/bsc03353/forge/src/main.c:107 140388875147328: I/O Forwarding Exploration [START]
Will AGIOS generate trace files? NO
Default scheduling algorithm: TO
TWINS window size: 1000000
Will the Prediction Module read information from trace files? NO
File with access time functions: /home/bsc03/bsc03353/forge/agios/access_times.func
AGIOS thinks its user has stripe size of 32768
Will AGIOS generate trace files? NO
Default scheduling algorithm: TO
TWINS window size: 1000000
Will the Prediction Module read information from trace files? NO
File with access time functions: /home/bsc03/bsc03353/forge/agios/access_times.func
AGIOS thinks its user has stripe size of 32768
Will AGIOS generate trace files? NO
Default scheduling algorithm: TO
TWINS window size: 1000000
Will the Prediction Module read information from trace files? NO
File with access time functions: /home/bsc03/bsc03353/forge/agios/access_times.func
AGIOS thinks its user has stripe size of 32768
Will AGIOS generate trace files? NO
Default scheduling algorithm: TO
TWINS window size: 1000000
Will the Prediction Module read information from trace files? NO
File with access time functions: /home/bsc03/bsc03353/forge/agios/access_times.func
AGIOS thinks its user has stripe size of 32768
15:17:15 ERROR /home/bsc03/bsc03353/forge/src/dispatcher/posix.c:61 140349577234176: r->filehandle = 366, r->size = 32768, r->offset = 0
15:17:15 ERROR /home/bsc03/bsc03353/forge/src/dispatcher/posix.c:62 140349577234176: single write -1 of expected 32768
15:17:15 ERROR /home/bsc03/bsc03353/forge/src/dispatcher/posix.c:61 139605381670656: r->filehandle = 173, r->size = 32768, r->offset = 0
15:17:15 ERROR /home/bsc03/bsc03353/forge/src/dispatcher/posix.c:61 140589362521856: r->filehandle = 168, r->size = 32768, r->offset = 0
15:17:15 ERROR /home/bsc03/bsc03353/forge/src/dispatcher/posix.c:62 139605381670656: single write -1 of expected 32768
15:17:15 ERROR /home/bsc03/bsc03353/forge/src/dispatcher/posix.c:62 140589362521856: single write -1 of expected 32768
15:17:15 ERROR /home/bsc03/bsc03353/forge/src/dispatcher/posix.c:61 139624709060352: r->filehandle = 172, r->size = 32768, r->offset = 0
15:17:15 ERROR /home/bsc03/bsc03353/forge/src/dispatcher/posix.c:62 139624709060352: single write -1 of expected 32768
15:17:16 ERROR /home/bsc03/bsc03353/forge/src/dispatcher/posix.c:61 140356019697408: r->filehandle = 247, r->size = 32768, r->offset = 0
15:17:16 ERROR /home/bsc03/bsc03353/forge/src/dispatcher/posix.c:62 140356019697408: single write -1 of expected 32768
15:17:16 ERROR /home/bsc03/bsc03353/forge/src/dispatcher/posix.c:61 139613971621632: r->filehandle = 400, r->size = 32768, r->offset = 0
15:17:16 ERROR /home/bsc03/bsc03353/forge/src/dispatcher/posix.c:61 140608689911552: r->filehandle = 106, r->size = 32768, r->offset = 0
15:17:16 ERROR /home/bsc03/bsc03353/forge/src/dispatcher/posix.c:61 139670552033024: r->filehandle = 245, r->size = 32768, r->offset = 0
15:17:16 ERROR /home/bsc03/bsc03353/forge/src/dispatcher/posix.c:62 139613971621632: single write -1 of expected 32768
15:17:16 ERROR /home/bsc03/bsc03353/forge/src/dispatcher/posix.c:62 140608689911552: single write -1 of expected 32768
15:17:16 ERROR /home/bsc03/bsc03353/forge/src/dispatcher/posix.c:62 139670552033024: single write -1 of expected 32768
15:17:16 ERROR /home/bsc03/bsc03353/forge/src/dispatcher/posix.c:61 140371052111616: r->filehandle = 222, r->size = 32768, r->offset = 0
15:17:16 ERROR /home/bsc03/bsc03353/forge/src/dispatcher/posix.c:62 140371052111616: single write -1 of expected 32768
15:17:16 ERROR /home/bsc03/bsc03353/forge/src/dispatcher/posix.c:61 140604394936064: r->filehandle = 270, r->size = 32768, r->offset = 0
15:17:16 ERROR /home/bsc03/bsc03353/forge/src/dispatcher/posix.c:61 139622561572608: r->filehandle = 228, r->size = 32768, r->offset = 0
15:17:16 ERROR /home/bsc03/bsc03353/forge/src/dispatcher/posix.c:62 139622561572608: single write -1 of expected 32768
15:17:16 ERROR /home/bsc03/bsc03353/forge/src/dispatcher/posix.c:62 140604394936064: single write -1 of expected 32768
15:17:16 ERROR /home/bsc03/bsc03353/forge/src/dispatcher/posix.c:61 140610837399296: r->filehandle = 162, r->size = 32768, r->offset = 0
15:17:16 ERROR /home/bsc03/bsc03353/forge/src/dispatcher/posix.c:62 140610837399296: single write -1 of expected 32768
15:17:16 ERROR /home/bsc03/bsc03353/forge/src/dispatcher/posix.c:61 140360314672896: r->filehandle = 399, r->size = 32768, r->offset = 0
15:17:16 ERROR /home/bsc03/bsc03353/forge/src/dispatcher/posix.c:61 139666257057536: r->filehandle = 381, r->size = 32768, r->offset = 0
15:17:16 ERROR /home/bsc03/bsc03353/forge/src/dispatcher/posix.c:62 139666257057536: single write -1 of expected 32768
15:17:16 ERROR /home/bsc03/bsc03353/forge/src/dispatcher/posix.c:62 140360314672896: single write -1 of expected 32768
15:17:16 ERROR /home/bsc03/bsc03353/forge/src/dispatcher/posix.c:61 139633299011328: r->filehandle = 332, r->size = 32768, r->offset = 0
15:17:17 ERROR /home/bsc03/bsc03353/forge/src/dispatcher/posix.c:62 139633299011328: single write -1 of expected 32768
15:17:17 ERROR /home/bsc03/bsc03353/forge/src/dispatcher/posix.c:61 140578625083136: r->filehandle = 321, r->size = 32768, r->offset = 0
15:17:17 ERROR /home/bsc03/bsc03353/forge/src/dispatcher/posix.c:62 140578625083136: single write -1 of expected 32768
15:17:17 ERROR /home/bsc03/bsc03353/forge/src/dispatcher/posix.c:61 140358167185152: r->filehandle = 205, r->size = 32768, r->offset = 0
15:17:17 ERROR /home/bsc03/bsc03353/forge/src/dispatcher/posix.c:61 139670552033024: r->filehandle = 337, r->size = 32768, r->offset = 0
15:17:17 ERROR /home/bsc03/bsc03353/forge/src/dispatcher/posix.c:62 140358167185152: single write -1 of expected 32768
15:17:17 ERROR /home/bsc03/bsc03353/forge/src/dispatcher/posix.c:62 139670552033024: single write -1 of expected 32768
15:17:17 ERROR /home/bsc03/bsc03353/forge/src/dispatcher/posix.c:61 140606542423808: r->filehandle = 93, r->size = 32768, r->offset = 0
15:17:17 ERROR /home/bsc03/bsc03353/forge/src/dispatcher/posix.c:62 140606542423808: single write -1 of expected 32768
15:17:17 ERROR /home/bsc03/bsc03353/forge/src/dispatcher/posix.c:61 140377494574848: r->filehandle = 243, r->size = 32768, r->offset = 0
15:17:17 ERROR /home/bsc03/bsc03353/forge/src/dispatcher/posix.c:61 139624709060352: r->filehandle = 288, r->size = 32768, r->offset = 0
15:17:17 ERROR /home/bsc03/bsc03353/forge/src/dispatcher/posix.c:62 139624709060352: single write -1 of expected 32768
15:17:17 ERROR /home/bsc03/bsc03353/forge/src/dispatcher/posix.c:62 140377494574848: single write -1 of expected 32768
15:17:18 ERROR /home/bsc03/bsc03353/forge/src/dispatcher/posix.c:61 140362462160640: r->filehandle = 152, r->size = 32768, r->offset = 0
15:17:18 ERROR /home/bsc03/bsc03353/forge/src/dispatcher/posix.c:62 140362462160640: single write -1 of expected 32768
15:17:18 ERROR /home/bsc03/bsc03353/forge/src/dispatcher/posix.c:61 139679141984000: r->filehandle = 380, r->size = 32768, r->offset = 0
15:17:18 ERROR /home/bsc03/bsc03353/forge/src/dispatcher/posix.c:62 139679141984000: single write -1 of expected 32768
15:17:18 ERROR /home/bsc03/bsc03353/forge/src/dispatcher/posix.c:61 139613971621632: r->filehandle = 407, r->size = 32768, r->offset = 0
15:17:18 ERROR /home/bsc03/bsc03353/forge/src/dispatcher/posix.c:62 139613971621632: single write -1 of expected 32768
15:17:18 ERROR /home/bsc03/bsc03353/forge/src/dispatcher/posix.c:61 140602247448320: r->filehandle = 163, r->size = 32768, r->offset = 0
15:17:18 ERROR /home/bsc03/bsc03353/forge/src/dispatcher/posix.c:62 140602247448320: single write -1 of expected 32768
15:17:18 ERROR /home/bsc03/bsc03353/forge/src/dispatcher/posix.c:61 140368904623872: r->filehandle = 262, r->size = 32768, r->offset = 0
15:17:18 ERROR /home/bsc03/bsc03353/forge/src/dispatcher/posix.c:61 139659814594304: r->filehandle = 252, r->size = 32768, r->offset = 0
15:17:18 ERROR /home/bsc03/bsc03353/forge/src/dispatcher/posix.c:61 139616119109376: r->filehandle = 167, r->size = 32768, r->offset = 0
15:17:18 ERROR /home/bsc03/bsc03353/forge/src/dispatcher/posix.c:61 140591510009600: r->filehandle = 147, r->size = 32768, r->offset = 0
15:17:18 ERROR /home/bsc03/bsc03353/forge/src/dispatcher/posix.c:62 140591510009600: single write -1 of expected 32768
15:17:18 ERROR /home/bsc03/bsc03353/forge/src/dispatcher/posix.c:62 139616119109376: single write -1 of expected 32768
15:17:18 ERROR /home/bsc03/bsc03353/forge/src/dispatcher/posix.c:62 140368904623872: single write -1 of expected 32768
15:17:18 ERROR /home/bsc03/bsc03353/forge/src/dispatcher/posix.c:62 139659814594304: single write -1 of expected 32768
15:17:18 ERROR /home/bsc03/bsc03353/forge/src/dispatcher/posix.c:61 139626856548096: r->filehandle = 396, r->size = 32768, r->offset = 0
15:17:18 ERROR /home/bsc03/bsc03353/forge/src/dispatcher/posix.c:62 139626856548096: single write -1 of expected 32768
15:17:19 ERROR /home/bsc03/bsc03353/forge/src/dispatcher/posix.c:61 140360314672896: r->filehandle = 253, r->size = 32768, r->offset = 0
15:17:19 ERROR /home/bsc03/bsc03353/forge/src/dispatcher/posix.c:62 140360314672896: single write -1 of expected 32768
15:17:19 ERROR /home/bsc03/bsc03353/forge/src/dispatcher/posix.c:61 140578625083136: r->filehandle = 277, r->size = 32768, r->offset = 0
15:17:19 ERROR /home/bsc03/bsc03353/forge/src/dispatcher/posix.c:62 140578625083136: single write -1 of expected 32768
15:17:19 ERROR /home/bsc03/bsc03353/forge/src/dispatcher/posix.c:61 140353872209664: r->filehandle = 201, r->size = 32768, r->offset = 0
15:17:19 ERROR /home/bsc03/bsc03353/forge/src/dispatcher/posix.c:61 139607529158400: r->filehandle = 401, r->size = 32768, r->offset = 0
15:17:19 ERROR /home/bsc03/bsc03353/forge/src/dispatcher/posix.c:62 139607529158400: single write -1 of expected 32768
15:17:19 ERROR /home/bsc03/bsc03353/forge/src/dispatcher/posix.c:62 140353872209664: single write -1 of expected 32768
15:17:19 ERROR /home/bsc03/bsc03353/forge/src/dispatcher/posix.c:61 139622561572608: r->filehandle = 370, r->size = 32768, r->offset = 0
15:17:19 ERROR /home/bsc03/bsc03353/forge/src/dispatcher/posix.c:62 139622561572608: single write -1 of expected 32768
15:17:19 ERROR /home/bsc03/bsc03353/forge/src/dispatcher/posix.c:61 140381789550336: r->filehandle = 233, r->size = 32768, r->offset = 0
15:17:19 ERROR /home/bsc03/bsc03353/forge/src/dispatcher/posix.c:61 140608689911552: r->filehandle = 206, r->size = 32768, r->offset = 0
15:17:19 ERROR /home/bsc03/bsc03353/forge/src/dispatcher/posix.c:62 140608689911552: single write -1 of expected 32768
15:17:19 ERROR /home/bsc03/bsc03353/forge/src/dispatcher/posix.c:62 140381789550336: single write -1 of expected 32768
15:17:19 ERROR /home/bsc03/bsc03353/forge/src/dispatcher/posix.c:61 139629004035840: r->filehandle = 292, r->size = 32768, r->offset = 0
15:17:19 ERROR /home/bsc03/bsc03353/forge/src/dispatcher/posix.c:62 139629004035840: single write -1 of expected 32768
15:17:19 ERROR /home/bsc03/bsc03353/forge/src/dispatcher/posix.c:61 140358167185152: r->filehandle = 383, r->size = 32768, r->offset = 0
15:17:19 ERROR /home/bsc03/bsc03353/forge/src/dispatcher/posix.c:62 140358167185152: single write -1 of expected 32768
15:17:20 ERROR /home/bsc03/bsc03353/forge/src/dispatcher/posix.c:61 139618266597120: r->filehandle = 310, r->size = 32768, r->offset = 0
15:17:20 ERROR /home/bsc03/bsc03353/forge/src/dispatcher/posix.c:62 139618266597120: single write -1 of expected 32768
15:17:20 ERROR /home/bsc03/bsc03353/forge/src/dispatcher/posix.c:61 139670552033024: r->filehandle = 86, r->size = 32768, r->offset = 0
15:17:20 ERROR /home/bsc03/bsc03353/forge/src/dispatcher/posix.c:62 139670552033024: single write -1 of expected 32768
15:17:20 ERROR /home/bsc03/bsc03353/forge/src/dispatcher/posix.c:61 140371052111616: r->filehandle = 48, r->size = 32768, r->offset = 0
15:17:20 ERROR /home/bsc03/bsc03353/forge/src/dispatcher/posix.c:61 140610837399296: r->filehandle = 145, r->size = 32768, r->offset = 0
15:17:20 ERROR /home/bsc03/bsc03353/forge/src/dispatcher/posix.c:62 140610837399296: single write -1 of expected 32768
15:17:20 ERROR /home/bsc03/bsc03353/forge/src/dispatcher/posix.c:62 140371052111616: single write -1 of expected 32768
15:17:20 ERROR /home/bsc03/bsc03353/forge/src/dispatcher/posix.c:61 139651224643328: r->filehandle = 384, r->size = 32768, r->offset = 0
15:17:20 ERROR /home/bsc03/bsc03353/forge/src/dispatcher/posix.c:62 139651224643328: single write -1 of expected 32768
15:17:20 ERROR /home/bsc03/bsc03353/forge/src/dispatcher/posix.c:61 139603234182912: r->filehandle = 109, r->size = 32768, r->offset = 0
15:17:20 ERROR /home/bsc03/bsc03353/forge/src/dispatcher/posix.c:62 139603234182912: single write -1 of expected 32768
15:17:20 ERROR /home/bsc03/bsc03353/forge/src/dispatcher/posix.c:61 140582920058624: r->filehandle = 398, r->size = 32768, r->offset = 0
15:17:20 ERROR /home/bsc03/bsc03353/forge/src/dispatcher/posix.c:62 140582920058624: single write -1 of expected 32768
15:17:20 ERROR /home/bsc03/bsc03353/forge/src/dispatcher/posix.c:61 139672699520768: r->filehandle = 374, r->size = 32768, r->offset = 0
15:17:20 ERROR /home/bsc03/bsc03353/forge/src/dispatcher/posix.c:62 139672699520768: single write -1 of expected 32768
15:17:20 ERROR /home/bsc03/bsc03353/forge/src/dispatcher/posix.c:61 139607529158400: r->filehandle = 256, r->size = 32768, r->offset = 0
15:17:20 ERROR /home/bsc03/bsc03353/forge/src/dispatcher/posix.c:62 139607529158400: single write -1 of expected 32768
15:17:21 ERROR /home/bsc03/bsc03353/forge/src/dispatcher/posix.c:61 140585067546368: r->filehandle = 292, r->size = 32768, r->offset = 0
15:17:21 ERROR /home/bsc03/bsc03353/forge/src/dispatcher/posix.c:62 140585067546368: single write -1 of expected 32768
15:17:21 ERROR /home/bsc03/bsc03353/forge/src/dispatcher/posix.c:61 140377494574848: r->filehandle = 117, r->size = 32768, r->offset = 0
15:17:21 ERROR /home/bsc03/bsc03353/forge/src/dispatcher/posix.c:62 140377494574848: single write -1 of expected 32768
15:17:21 ERROR /home/bsc03/bsc03353/forge/src/dispatcher/posix.c:61 140578625083136: r->filehandle = 230, r->size = 32768, r->offset = 0
15:17:21 ERROR /home/bsc03/bsc03353/forge/src/dispatcher/posix.c:61 139618266597120: r->filehandle = 178, r->size = 32768, r->offset = 0
15:17:21 ERROR /home/bsc03/bsc03353/forge/src/dispatcher/posix.c:62 139618266597120: single write -1 of expected 32768
15:17:21 ERROR /home/bsc03/bsc03353/forge/src/dispatcher/posix.c:62 140578625083136: single write -1 of expected 32768
15:17:21 ERROR /home/bsc03/bsc03353/forge/src/dispatcher/posix.c:61 140356019697408: r->filehandle = 352, r->size = 32768, r->offset = 0
15:17:21 ERROR /home/bsc03/bsc03353/forge/src/dispatcher/posix.c:62 140356019697408: single write -1 of expected 32768
15:17:21 ERROR /home/bsc03/bsc03353/forge/src/dispatcher/posix.c:61 140608689911552: r->filehandle = 89, r->size = 32768, r->offset = 0
15:17:21 ERROR /home/bsc03/bsc03353/forge/src/dispatcher/posix.c:61 139655519618816: r->filehandle = 280, r->size = 32768, r->offset = 0
15:17:21 ERROR /home/bsc03/bsc03353/forge/src/dispatcher/posix.c:61 139626856548096: r->filehandle = 268, r->size = 32768, r->offset = 0
15:17:21 ERROR /home/bsc03/bsc03353/forge/src/dispatcher/posix.c:62 139655519618816: single write -1 of expected 32768
15:17:21 ERROR /home/bsc03/bsc03353/forge/src/dispatcher/posix.c:62 139626856548096: single write -1 of expected 32768
15:17:21 ERROR /home/bsc03/bsc03353/forge/src/dispatcher/posix.c:62 140608689911552: single write -1 of expected 32768
15:17:22 ERROR /home/bsc03/bsc03353/forge/src/dispatcher/posix.c:61 140591510009600: r->filehandle = 105, r->size = 32768, r->offset = 0
15:17:22 ERROR /home/bsc03/bsc03353/forge/src/dispatcher/posix.c:62 140591510009600: single write -1 of expected 32768
15:17:22 ERROR /home/bsc03/bsc03353/forge/src/dispatcher/posix.c:61 139674847008512: r->filehandle = 271, r->size = 32768, r->offset = 0
15:17:22 ERROR /home/bsc03/bsc03353/forge/src/dispatcher/posix.c:62 139674847008512: single write -1 of expected 32768
15:17:22 ERROR /home/bsc03/bsc03353/forge/src/dispatcher/posix.c:61 140353872209664: r->filehandle = 287, r->size = 32768, r->offset = 0
15:17:22 ERROR /home/bsc03/bsc03353/forge/src/dispatcher/posix.c:61 139633299011328: r->filehandle = 301, r->size = 32768, r->offset = 0
15:17:22 ERROR /home/bsc03/bsc03353/forge/src/dispatcher/posix.c:62 139633299011328: single write -1 of expected 32768
15:17:22 ERROR /home/bsc03/bsc03353/forge/src/dispatcher/posix.c:62 140353872209664: single write -1 of expected 32768
15:17:22 ERROR /home/bsc03/bsc03353/forge/src/dispatcher/posix.c:61 140610837399296: r->filehandle = 363, r->size = 32768, r->offset = 0
15:17:22 ERROR /home/bsc03/bsc03353/forge/src/dispatcher/posix.c:61 139666257057536: r->filehandle = 187, r->size = 32768, r->offset = 0
15:17:22 ERROR /home/bsc03/bsc03353/forge/src/dispatcher/posix.c:61 139601086695168: r->filehandle = 232, r->size = 32768, r->offset = 0
15:17:22 ERROR /home/bsc03/bsc03353/forge/src/dispatcher/posix.c:62 139601086695168: single write -1 of expected 32768
15:17:22 ERROR /home/bsc03/bsc03353/forge/src/dispatcher/posix.c:62 139666257057536: single write -1 of expected 32768
15:17:22 ERROR /home/bsc03/bsc03353/forge/src/dispatcher/posix.c:62 140610837399296: single write -1 of expected 32768
15:17:22 ERROR /home/bsc03/bsc03353/forge/src/dispatcher/posix.c:61 140375347087104: r->filehandle = 309, r->size = 32768, r->offset = 0
15:17:22 ERROR /home/bsc03/bsc03353/forge/src/dispatcher/posix.c:62 140375347087104: single write -1 of expected 32768
15:17:22 ERROR /home/bsc03/bsc03353/forge/src/dispatcher/posix.c:61 139664109569792: r->filehandle = 353, r->size = 32768, r->offset = 0
15:17:22 ERROR /home/bsc03/bsc03353/forge/src/dispatcher/posix.c:62 139664109569792: single write -1 of expected 32768
15:17:23 ERROR /home/bsc03/bsc03353/forge/src/dispatcher/posix.c:61 140381789550336: r->filehandle = 244, r->size = 32768, r->offset = 0
15:17:23 ERROR /home/bsc03/bsc03353/forge/src/dispatcher/posix.c:61 139624709060352: r->filehandle = 204, r->size = 32768, r->offset = 0
15:17:23 ERROR /home/bsc03/bsc03353/forge/src/dispatcher/posix.c:62 139624709060352: single write -1 of expected 32768
15:17:23 ERROR /home/bsc03/bsc03353/forge/src/dispatcher/posix.c:62 140381789550336: single write -1 of expected 32768
15:17:23 ERROR /home/bsc03/bsc03353/forge/src/dispatcher/posix.c:61 139672699520768: r->filehandle = 115, r->size = 32768, r->offset = 0
15:17:23 ERROR /home/bsc03/bsc03353/forge/src/dispatcher/posix.c:61 140606542423808: r->filehandle = 306, r->size = 32768, r->offset = 0
15:17:23 ERROR /home/bsc03/bsc03353/forge/src/dispatcher/posix.c:62 139672699520768: single write -1 of expected 32768
15:17:23 ERROR /home/bsc03/bsc03353/forge/src/dispatcher/posix.c:62 140606542423808: single write -1 of expected 32768
15:17:23 ERROR /home/bsc03/bsc03353/forge/src/dispatcher/posix.c:61 140371052111616: r->filehandle = 183, r->size = 32768, r->offset = 0
15:17:23 ERROR /home/bsc03/bsc03353/forge/src/dispatcher/posix.c:62 140371052111616: single write -1 of expected 32768
15:17:23 ERROR /home/bsc03/bsc03353/forge/src/dispatcher/posix.c:61 139659814594304: r->filehandle = 122, r->size = 32768, r->offset = 0
15:17:23 ERROR /home/bsc03/bsc03353/forge/src/dispatcher/posix.c:62 139659814594304: single write -1 of expected 32768
15:17:24 ERROR /home/bsc03/bsc03353/forge/src/dispatcher/posix.c:61 139629004035840: r->filehandle = 50, r->size = 32768, r->offset = 0
15:17:24 ERROR /home/bsc03/bsc03353/forge/src/dispatcher/posix.c:62 139629004035840: single write -1 of expected 32768
15:17:24 ERROR /home/bsc03/bsc03353/forge/src/dispatcher/posix.c:61 140356019697408: r->filehandle = 49, r->size = 32768, r->offset = 0
15:17:24 ERROR /home/bsc03/bsc03353/forge/src/dispatcher/posix.c:62 140356019697408: single write -1 of expected 32768
15:17:24 ERROR /home/bsc03/bsc03353/forge/src/dispatcher/posix.c:61 140353872209664: r->filehandle = 372, r->size = 32768, r->offset = 0
15:17:24 ERROR /home/bsc03/bsc03353/forge/src/dispatcher/posix.c:61 140600099960576: r->filehandle = 143, r->size = 32768, r->offset = 0
15:17:24 ERROR /home/bsc03/bsc03353/forge/src/dispatcher/posix.c:61 139616119109376: r->filehandle = 94, r->size = 32768, r->offset = 0
15:17:24 ERROR /home/bsc03/bsc03353/forge/src/dispatcher/posix.c:61 139668404545280: r->filehandle = 368, r->size = 32768, r->offset = 0
15:17:24 ERROR /home/bsc03/bsc03353/forge/src/dispatcher/posix.c:62 140353872209664: single write -1 of expected 32768
15:17:24 ERROR /home/bsc03/bsc03353/forge/src/dispatcher/posix.c:62 140600099960576: single write -1 of expected 32768
15:17:24 ERROR /home/bsc03/bsc03353/forge/src/dispatcher/posix.c:62 139616119109376: single write -1 of expected 32768
15:17:24 ERROR /home/bsc03/bsc03353/forge/src/dispatcher/posix.c:62 139668404545280: single write -1 of expected 32768
15:17:24 ERROR /home/bsc03/bsc03353/forge/src/dispatcher/posix.c:61 140362462160640: r->filehandle = 416, r->size = 32768, r->offset = 0
15:17:24 ERROR /home/bsc03/bsc03353/forge/src/dispatcher/posix.c:61 140591510009600: r->filehandle = 129, r->size = 32768, r->offset = 0
15:17:24 ERROR /home/bsc03/bsc03353/forge/src/dispatcher/posix.c:62 140362462160640: single write -1 of expected 32768
15:17:24 ERROR /home/bsc03/bsc03353/forge/src/dispatcher/posix.c:62 140591510009600: single write -1 of expected 32768
15:17:25 ERROR /home/bsc03/bsc03353/forge/src/dispatcher/posix.c:61 139664109569792: r->filehandle = 229, r->size = 32768, r->offset = 0
15:17:25 ERROR /home/bsc03/bsc03353/forge/src/dispatcher/posix.c:62 139664109569792: single write -1 of expected 32768
15:17:25 ERROR /home/bsc03/bsc03353/forge/src/dispatcher/posix.c:61 139601086695168: r->filehandle = 329, r->size = 32768, r->offset = 0
15:17:25 ERROR /home/bsc03/bsc03353/forge/src/dispatcher/posix.c:62 139601086695168: single write -1 of expected 32768
15:17:25 ERROR /home/bsc03/bsc03353/forge/src/dispatcher/posix.c:61 139626856548096: r->filehandle = 210, r->size = 32768, r->offset = 0
15:17:25 ERROR /home/bsc03/bsc03353/forge/src/dispatcher/posix.c:62 139626856548096: single write -1 of expected 32768
15:17:26 ERROR /home/bsc03/bsc03353/forge/src/dispatcher/posix.c:61 139611824133888: r->filehandle = 270, r->size = 32768, r->offset = 0
15:17:26 ERROR /home/bsc03/bsc03353/forge/src/dispatcher/posix.c:62 139611824133888: single write -1 of expected 32768
15:17:26 ERROR /home/bsc03/bsc03353/forge/src/dispatcher/posix.c:61 140377494574848: r->filehandle = 114, r->size = 32768, r->offset = 0
15:17:26 ERROR /home/bsc03/bsc03353/forge/src/dispatcher/posix.c:61 139651224643328: r->filehandle = 249, r->size = 32768, r->offset = 0
15:17:26 ERROR /home/bsc03/bsc03353/forge/src/dispatcher/posix.c:62 139651224643328: single write -1 of expected 32768
15:17:26 ERROR /home/bsc03/bsc03353/forge/src/dispatcher/posix.c:62 140377494574848: single write -1 of expected 32768
15:17:26 ERROR /home/bsc03/bsc03353/forge/src/dispatcher/posix.c:61 140589362521856: r->filehandle = 344, r->size = 32768, r->offset = 0
15:17:26 ERROR /home/bsc03/bsc03353/forge/src/dispatcher/posix.c:62 140589362521856: single write -1 of expected 32768
15:17:26 ERROR /home/bsc03/bsc03353/forge/src/dispatcher/posix.c:61 139618266597120: r->filehandle = 382, r->size = 32768, r->offset = 0
15:17:26 ERROR /home/bsc03/bsc03353/forge/src/dispatcher/posix.c:62 139618266597120: single write -1 of expected 32768
15:17:27 ERROR /home/bsc03/bsc03353/forge/src/dispatcher/posix.c:61 140600099960576: r->filehandle = 335, r->size = 32768, r->offset = 0
15:17:27 ERROR /home/bsc03/bsc03353/forge/src/dispatcher/posix.c:62 140600099960576: single write -1 of expected 32768
15:17:27 ERROR /home/bsc03/bsc03353/forge/src/dispatcher/posix.c:61 140379642062592: r->filehandle = 314, r->size = 32768, r->offset = 0
15:17:27 ERROR /home/bsc03/bsc03353/forge/src/dispatcher/posix.c:62 140379642062592: single write -1 of expected 32768
15:17:28 ERROR /home/bsc03/bsc03353/forge/src/dispatcher/posix.c:61 139605381670656: r->filehandle = 153, r->size = 32768, r->offset = 0
15:17:28 ERROR /home/bsc03/bsc03353/forge/src/dispatcher/posix.c:62 139605381670656: single write -1 of expected 32768
15:17:28 ERROR /home/bsc03/bsc03353/forge/src/dispatcher/posix.c:61 139676994496256: r->filehandle = 355, r->size = 32768, r->offset = 0
15:17:28 ERROR /home/bsc03/bsc03353/forge/src/dispatcher/posix.c:61 139631151523584: r->filehandle = 260, r->size = 32768, r->offset = 0
15:17:28 ERROR /home/bsc03/bsc03353/forge/src/dispatcher/posix.c:62 139631151523584: single write -1 of expected 32768
15:17:28 ERROR /home/bsc03/bsc03353/forge/src/dispatcher/posix.c:61 140366757136128: r->filehandle = 394, r->size = 32768, r->offset = 0
15:17:28 ERROR /home/bsc03/bsc03353/forge/src/dispatcher/posix.c:61 140593657497344: r->filehandle = 305, r->size = 32768, r->offset = 0
15:17:28 ERROR /home/bsc03/bsc03353/forge/src/dispatcher/posix.c:62 139676994496256: single write -1 of expected 32768
15:17:28 ERROR /home/bsc03/bsc03353/forge/src/dispatcher/posix.c:62 140593657497344: single write -1 of expected 32768
15:17:28 ERROR /home/bsc03/bsc03353/forge/src/dispatcher/posix.c:62 140366757136128: single write -1 of expected 32768
15:17:28 ERROR /home/bsc03/bsc03353/forge/src/dispatcher/posix.c:61 139659814594304: r->filehandle = 253, r->size = 32768, r->offset = 0
15:17:28 ERROR /home/bsc03/bsc03353/forge/src/dispatcher/posix.c:62 139659814594304: single write -1 of expected 32768
15:17:29 ERROR /home/bsc03/bsc03353/forge/src/dispatcher/posix.c:61 140591510009600: r->filehandle = 260, r->size = 32768, r->offset = 0
15:17:29 ERROR /home/bsc03/bsc03353/forge/src/dispatcher/posix.c:62 140591510009600: single write -1 of expected 32768
15:17:29 ERROR /home/bsc03/bsc03353/forge/src/dispatcher/posix.c:61 139633299011328: r->filehandle = 300, r->size = 32768, r->offset = 0
15:17:29 ERROR /home/bsc03/bsc03353/forge/src/dispatcher/posix.c:61 140589362521856: r->filehandle = 379, r->size = 32768, r->offset = 0
15:17:29 ERROR /home/bsc03/bsc03353/forge/src/dispatcher/posix.c:62 140589362521856: single write -1 of expected 32768
15:17:29 ERROR /home/bsc03/bsc03353/forge/src/dispatcher/posix.c:62 139633299011328: single write -1 of expected 32768
15:17:29 ERROR /home/bsc03/bsc03353/forge/src/dispatcher/posix.c:61 140364609648384: r->filehandle = 202, r->size = 32768, r->offset = 0
15:17:29 ERROR /home/bsc03/bsc03353/forge/src/dispatcher/posix.c:62 140364609648384: single write -1 of expected 32768
15:17:29 ERROR /home/bsc03/bsc03353/forge/src/dispatcher/posix.c:61 139613971621632: r->filehandle = 263, r->size = 32768, r->offset = 0
15:17:29 ERROR /home/bsc03/bsc03353/forge/src/dispatcher/posix.c:62 139613971621632: single write -1 of expected 32768
15:17:30 ERROR /home/bsc03/bsc03353/forge/src/dispatcher/posix.c:61 140608689911552: r->filehandle = 419, r->size = 32768, r->offset = 0
15:17:30 ERROR /home/bsc03/bsc03353/forge/src/dispatcher/posix.c:61 139681289471744: r->filehandle = 352, r->size = 32768, r->offset = 0
15:17:30 ERROR /home/bsc03/bsc03353/forge/src/dispatcher/posix.c:62 139681289471744: single write -1 of expected 32768
15:17:30 ERROR /home/bsc03/bsc03353/forge/src/dispatcher/posix.c:62 140608689911552: single write -1 of expected 32768
15:17:30 ERROR /home/bsc03/bsc03353/forge/src/dispatcher/posix.c:61 139631151523584: r->filehandle = 238, r->size = 32768, r->offset = 0
15:17:30 ERROR /home/bsc03/bsc03353/forge/src/dispatcher/posix.c:61 140593657497344: r->filehandle = 219, r->size = 32768, r->offset = 0
15:17:30 ERROR /home/bsc03/bsc03353/forge/src/dispatcher/posix.c:62 140593657497344: single write -1 of expected 32768
15:17:30 ERROR /home/bsc03/bsc03353/forge/src/dispatcher/posix.c:61 139651224643328: r->filehandle = 291, r->size = 32768, r->offset = 0
15:17:30 ERROR /home/bsc03/bsc03353/forge/src/dispatcher/posix.c:62 139631151523584: single write -1 of expected 32768
15:17:30 ERROR /home/bsc03/bsc03353/forge/src/dispatcher/posix.c:62 139651224643328: single write -1 of expected 32768
15:17:31 ERROR /home/bsc03/bsc03353/forge/src/dispatcher/posix.c:61 140381789550336: r->filehandle = 326, r->size = 32768, r->offset = 0
15:17:31 ERROR /home/bsc03/bsc03353/forge/src/dispatcher/posix.c:61 140580772570880: r->filehandle = 113, r->size = 32768, r->offset = 0
15:17:31 ERROR /home/bsc03/bsc03353/forge/src/dispatcher/posix.c:62 140381789550336: single write -1 of expected 32768
15:17:31 ERROR /home/bsc03/bsc03353/forge/src/dispatcher/posix.c:62 140580772570880: single write -1 of expected 32768
15:17:31 ERROR /home/bsc03/bsc03353/forge/src/dispatcher/posix.c:61 139605381670656: r->filehandle = 271, r->size = 32768, r->offset = 0
15:17:31 ERROR /home/bsc03/bsc03353/forge/src/dispatcher/posix.c:61 140591510009600: r->filehandle = 136, r->size = 32768, r->offset = 0
15:17:31 ERROR /home/bsc03/bsc03353/forge/src/dispatcher/posix.c:62 140591510009600: single write -1 of expected 32768
15:17:31 ERROR /home/bsc03/bsc03353/forge/src/dispatcher/posix.c:62 139605381670656: single write -1 of expected 32768
15:17:31 ERROR /home/bsc03/bsc03353/forge/src/dispatcher/posix.c:61 140589362521856: r->filehandle = 229, r->size = 32768, r->offset = 0
15:17:31 ERROR /home/bsc03/bsc03353/forge/src/dispatcher/posix.c:62 140589362521856: single write -1 of expected 32768
15:17:32 ERROR /home/bsc03/bsc03353/forge/src/dispatcher/posix.c:61 139631151523584: r->filehandle = 40, r->size = 32768, r->offset = 0
15:17:32 ERROR /home/bsc03/bsc03353/forge/src/dispatcher/posix.c:61 139666257057536: r->filehandle = 320, r->size = 32768, r->offset = 0
15:17:32 ERROR /home/bsc03/bsc03353/forge/src/dispatcher/posix.c:61 140604394936064: r->filehandle = 196, r->size = 32768, r->offset = 0
15:17:32 ERROR /home/bsc03/bsc03353/forge/src/dispatcher/posix.c:62 139631151523584: single write -1 of expected 32768
15:17:32 ERROR /home/bsc03/bsc03353/forge/src/dispatcher/posix.c:62 139666257057536: single write -1 of expected 32768
15:17:32 ERROR /home/bsc03/bsc03353/forge/src/dispatcher/posix.c:62 140604394936064: single write -1 of expected 32768
15:17:32 ERROR /home/bsc03/bsc03353/forge/src/dispatcher/posix.c:61 140368904623872: r->filehandle = 57, r->size = 32768, r->offset = 0
15:17:32 ERROR /home/bsc03/bsc03353/forge/src/dispatcher/posix.c:62 140368904623872: single write -1 of expected 32768
15:17:33 ERROR /home/bsc03/bsc03353/forge/src/dispatcher/posix.c:61 139629004035840: r->filehandle = 55, r->size = 32768, r->offset = 0
15:17:33 ERROR /home/bsc03/bsc03353/forge/src/dispatcher/posix.c:62 139629004035840: single write -1 of expected 32768
15:17:33 ERROR /home/bsc03/bsc03353/forge/src/dispatcher/posix.c:61 139649077155584: r->filehandle = 259, r->size = 32768, r->offset = 0
15:17:33 ERROR /home/bsc03/bsc03353/forge/src/dispatcher/posix.c:62 139649077155584: single write -1 of expected 32768
15:17:33 ERROR /home/bsc03/bsc03353/forge/src/dispatcher/posix.c:61 140608689911552: r->filehandle = 299, r->size = 32768, r->offset = 0
15:17:33 ERROR /home/bsc03/bsc03353/forge/src/dispatcher/posix.c:62 140608689911552: single write -1 of expected 32768
15:17:33 ERROR /home/bsc03/bsc03353/forge/src/dispatcher/posix.c:61 139613971621632: r->filehandle = 123, r->size = 32768, r->offset = 0
15:17:33 ERROR /home/bsc03/bsc03353/forge/src/dispatcher/posix.c:62 139613971621632: single write -1 of expected 32768
15:17:34 ERROR /home/bsc03/bsc03353/forge/src/dispatcher/posix.c:61 139681289471744: r->filehandle = 274, r->size = 32768, r->offset = 0
15:17:34 ERROR /home/bsc03/bsc03353/forge/src/dispatcher/posix.c:62 139681289471744: single write -1 of expected 32768
15:17:34 ERROR /home/bsc03/bsc03353/forge/src/dispatcher/posix.c:61 140591510009600: r->filehandle = 402, r->size = 32768, r->offset = 0
15:17:34 ERROR /home/bsc03/bsc03353/forge/src/dispatcher/posix.c:62 140591510009600: single write -1 of expected 32768
15:17:34 ERROR /home/bsc03/bsc03353/forge/src/dispatcher/posix.c:61 139661962082048: r->filehandle = 250, r->size = 32768, r->offset = 0
15:17:34 ERROR /home/bsc03/bsc03353/forge/src/dispatcher/posix.c:62 139661962082048: single write -1 of expected 32768
15:17:34 ERROR /home/bsc03/bsc03353/forge/src/dispatcher/posix.c:61 140610837399296: r->filehandle = 375, r->size = 32768, r->offset = 0
15:17:34 ERROR /home/bsc03/bsc03353/forge/src/dispatcher/posix.c:61 139601086695168: r->filehandle = 298, r->size = 32768, r->offset = 0
15:17:34 ERROR /home/bsc03/bsc03353/forge/src/dispatcher/posix.c:62 139601086695168: single write -1 of expected 32768
15:17:34 ERROR /home/bsc03/bsc03353/forge/src/dispatcher/posix.c:62 140610837399296: single write -1 of expected 32768
15:17:35 ERROR /home/bsc03/bsc03353/forge/src/dispatcher/posix.c:61 139666257057536: r->filehandle = 311, r->size = 32768, r->offset = 0
15:17:35 ERROR /home/bsc03/bsc03353/forge/src/dispatcher/posix.c:62 139666257057536: single write -1 of expected 32768
15:17:35 ERROR /home/bsc03/bsc03353/forge/src/dispatcher/posix.c:61 140358167185152: r->filehandle = 418, r->size = 32768, r->offset = 0
15:17:35 ERROR /home/bsc03/bsc03353/forge/src/dispatcher/posix.c:61 140589362521856: r->filehandle = 228, r->size = 32768, r->offset = 0
15:17:35 ERROR /home/bsc03/bsc03353/forge/src/dispatcher/posix.c:62 140589362521856: single write -1 of expected 32768
15:17:35 ERROR /home/bsc03/bsc03353/forge/src/dispatcher/posix.c:62 140358167185152: single write -1 of expected 32768
15:17:35 ERROR /home/bsc03/bsc03353/forge/src/dispatcher/posix.c:61 139651224643328: r->filehandle = 67, r->size = 32768, r->offset = 0
15:17:35 ERROR /home/bsc03/bsc03353/forge/src/dispatcher/posix.c:62 139651224643328: single write -1 of expected 32768
15:17:36 ERROR /home/bsc03/bsc03353/forge/src/dispatcher/posix.c:61 140375347087104: r->filehandle = 367, r->size = 32768, r->offset = 0
15:17:36 ERROR /home/bsc03/bsc03353/forge/src/dispatcher/posix.c:61 140580772570880: r->filehandle = 121, r->size = 32768, r->offset = 0
15:17:36 ERROR /home/bsc03/bsc03353/forge/src/dispatcher/posix.c:61 139629004035840: r->filehandle = 83, r->size = 32768, r->offset = 0
15:17:36 ERROR /home/bsc03/bsc03353/forge/src/dispatcher/posix.c:62 140580772570880: single write -1 of expected 32768
15:17:36 ERROR /home/bsc03/bsc03353/forge/src/dispatcher/posix.c:62 139629004035840: single write -1 of expected 32768
15:17:36 ERROR /home/bsc03/bsc03353/forge/src/dispatcher/posix.c:62 140375347087104: single write -1 of expected 32768
15:17:36 ERROR /home/bsc03/bsc03353/forge/src/dispatcher/posix.c:61 139672699520768: r->filehandle = 127, r->size = 32768, r->offset = 0
15:17:36 ERROR /home/bsc03/bsc03353/forge/src/dispatcher/posix.c:62 139672699520768: single write -1 of expected 32768
15:17:36 ERROR /home/bsc03/bsc03353/forge/src/dispatcher/posix.c:61 139626856548096: r->filehandle = 42, r->size = 32768, r->offset = 0
15:17:36 ERROR /home/bsc03/bsc03353/forge/src/dispatcher/posix.c:62 139626856548096: single write -1 of expected 32768
15:17:36 ERROR /home/bsc03/bsc03353/forge/src/dispatcher/posix.c:61 140608689911552: r->filehandle = 351, r->size = 32768, r->offset = 0
15:17:36 ERROR /home/bsc03/bsc03353/forge/src/dispatcher/posix.c:62 140608689911552: single write -1 of expected 32768
15:17:37 ERROR /home/bsc03/bsc03353/forge/src/dispatcher/posix.c:61 140600099960576: r->filehandle = 286, r->size = 32768, r->offset = 0
15:17:37 ERROR /home/bsc03/bsc03353/forge/src/dispatcher/posix.c:62 140600099960576: single write -1 of expected 32768
15:17:37 ERROR /home/bsc03/bsc03353/forge/src/dispatcher/posix.c:61 140353872209664: r->filehandle = 355, r->size = 32768, r->offset = 0
15:17:37 ERROR /home/bsc03/bsc03353/forge/src/dispatcher/posix.c:62 140353872209664: single write -1 of expected 32768
--------------------------------------------------------------------------
ORTE has lost communication with a remote daemon.

  HNP daemon   : [[11677,0],0] on node s09r1b66
  Remote daemon: [[11677,0],3] on node s13r2b37

This is usually due to either a failure of the TCP network
connection to the node, or possibly an internal failure of
the daemon itself. We cannot recover from this failure, and
therefore will terminate the job.
--------------------------------------------------------------------------
slurmstepd: error: *** JOB 8749103 ON s09r1b66 CANCELLED AT 2020-02-08T15:17:37 DUE TO TIME LIMIT ***
