Set GCC compilers as MPI wrappers backend 
remove openmpi/4.0.2_UCX (PATH, MANPATH, LD_LIBRARY_PATH) 
load openmpi/4.0.2_UCX (PATH, MANPATH, LD_LIBRARY_PATH) 
Set GCC compilers as MPI wrappers backend 
load gsl/2.4 (PATH, LD_LIBRARY_PATH, LIBRARY_PATH, MANPATH, INFOPATH,
C_INCLUDE_PATH, CPLUS_INCLUDE_PATH, PKG_CONFIG_PATH, GSL_DIR) 
00:11:22 INFO  /home/bsc03/bsc03353/forge/src/main.c:107 140034172418112: I/O Forwarding Exploration [START]
Will AGIOS generate trace files? NO
Default scheduling algorithm: TO
TWINS window size: 1000000
Will the Prediction Module read information from trace files? NO
File with access time functions: /home/bsc03/bsc03353/forge/agios/access_times.func
AGIOS thinks its user has stripe size of 32768
Will AGIOS generate trace files? NO
Default scheduling algorithm: TO
TWINS window size: 1000000
Will the Prediction Module read information from trace files? NO
File with access time functions: /home/bsc03/bsc03353/forge/agios/access_times.func
AGIOS thinks its user has stripe size of 32768
Will AGIOS generate trace files? NO
Default scheduling algorithm: TO
TWINS window size: 1000000
Will the Prediction Module read information from trace files? NO
File with access time functions: /home/bsc03/bsc03353/forge/agios/access_times.func
AGIOS thinks its user has stripe size of 32768
Will AGIOS generate trace files? NO
Default scheduling algorithm: TO
TWINS window size: 1000000
Will the Prediction Module read information from trace files? NO
File with access time functions: /home/bsc03/bsc03353/forge/agios/access_times.func
AGIOS thinks its user has stripe size of 32768
00:11:24 ERROR /home/bsc03/bsc03353/forge/src/dispatcher/posix.c:61 140001277191936: r->filehandle = 35, r->size = 32768, r->offset = 393216
00:11:24 ERROR /home/bsc03/bsc03353/forge/src/dispatcher/posix.c:62 140001277191936: single write -1 of expected 32768
00:11:25 ERROR /home/bsc03/bsc03353/forge/src/dispatcher/posix.c:61 140195272652544: r->filehandle = 36, r->size = 32768, r->offset = 2162688
00:11:25 ERROR /home/bsc03/bsc03353/forge/src/dispatcher/posix.c:62 140195272652544: single write -1 of expected 32768
00:11:25 ERROR /home/bsc03/bsc03353/forge/src/dispatcher/posix.c:61 139761251989248: r->filehandle = 36, r->size = 32768, r->offset = 1310720
00:11:25 ERROR /home/bsc03/bsc03353/forge/src/dispatcher/posix.c:62 139761251989248: single write -1 of expected 32768
00:11:26 ERROR /home/bsc03/bsc03353/forge/src/dispatcher/posix.c:61 139784874354432: r->filehandle = 36, r->size = 32768, r->offset = 884736
00:11:26 ERROR /home/bsc03/bsc03353/forge/src/dispatcher/posix.c:62 139784874354432: single write -1 of expected 32768
00:11:27 ERROR /home/bsc03/bsc03353/forge/src/dispatcher/posix.c:61 139793464305408: r->filehandle = 36, r->size = 32768, r->offset = 819200
00:11:27 ERROR /home/bsc03/bsc03353/forge/src/dispatcher/posix.c:62 139793464305408: single write -1 of expected 32768
00:11:28 ERROR /home/bsc03/bsc03353/forge/src/dispatcher/posix.c:61 139925196162816: r->filehandle = 36, r->size = 32768, r->offset = 2621440
00:11:28 ERROR /home/bsc03/bsc03353/forge/src/dispatcher/posix.c:62 139925196162816: single write -1 of expected 32768
00:11:29 ERROR /home/bsc03/bsc03353/forge/src/dispatcher/posix.c:61 139935933601536: r->filehandle = 36, r->size = 32768, r->offset = 2949120
00:11:29 ERROR /home/bsc03/bsc03353/forge/src/dispatcher/posix.c:62 139935933601536: single write -1 of expected 32768
00:11:29 ERROR /home/bsc03/bsc03353/forge/src/dispatcher/posix.c:61 139914458724096: r->filehandle = 36, r->size = 32768, r->offset = 2818048
00:11:29 ERROR /home/bsc03/bsc03353/forge/src/dispatcher/posix.c:62 139914458724096: single write -1 of expected 32768
00:11:30 ERROR /home/bsc03/bsc03353/forge/src/dispatcher/posix.c:61 139910163748608: r->filehandle = 36, r->size = 32768, r->offset = 2752512
00:11:30 ERROR /home/bsc03/bsc03353/forge/src/dispatcher/posix.c:62 139910163748608: single write -1 of expected 32768
00:11:31 ERROR /home/bsc03/bsc03353/forge/src/dispatcher/posix.c:61 139929491138304: r->filehandle = 36, r->size = 32768, r->offset = 2359296
00:11:31 ERROR /home/bsc03/bsc03353/forge/src/dispatcher/posix.c:62 139929491138304: single write -1 of expected 32768
00:11:32 ERROR /home/bsc03/bsc03353/forge/src/dispatcher/posix.c:61 139933786113792: r->filehandle = 36, r->size = 32768, r->offset = 2785280
00:11:32 ERROR /home/bsc03/bsc03353/forge/src/dispatcher/posix.c:62 139933786113792: single write -1 of expected 32768
00:11:33 ERROR /home/bsc03/bsc03353/forge/src/dispatcher/posix.c:61 139903721285376: r->filehandle = 36, r->size = 32768, r->offset = 3112960
00:11:33 ERROR /home/bsc03/bsc03353/forge/src/dispatcher/posix.c:62 139903721285376: single write -1 of expected 32768
00:11:33 ERROR /home/bsc03/bsc03353/forge/src/dispatcher/posix.c:61 139916606211840: r->filehandle = 36, r->size = 32768, r->offset = 2981888
00:11:33 ERROR /home/bsc03/bsc03353/forge/src/dispatcher/posix.c:62 139916606211840: single write -1 of expected 32768
00:11:34 ERROR /home/bsc03/bsc03353/forge/src/dispatcher/posix.c:61 139912311236352: r->filehandle = 36, r->size = 32768, r->offset = 2588672
00:11:34 ERROR /home/bsc03/bsc03353/forge/src/dispatcher/posix.c:62 139912311236352: single write -1 of expected 32768
00:11:35 ERROR /home/bsc03/bsc03353/forge/src/dispatcher/posix.c:61 139920901187328: r->filehandle = 36, r->size = 32768, r->offset = 2392064
00:11:35 ERROR /home/bsc03/bsc03353/forge/src/dispatcher/posix.c:62 139920901187328: single write -1 of expected 32768
00:11:36 ERROR /home/bsc03/bsc03353/forge/src/dispatcher/posix.c:61 139908016260864: r->filehandle = 36, r->size = 32768, r->offset = 2424832
00:11:36 ERROR /home/bsc03/bsc03353/forge/src/dispatcher/posix.c:62 139908016260864: single write -1 of expected 32768
00:11:37 ERROR /home/bsc03/bsc03353/forge/src/dispatcher/posix.c:61 139931638626048: r->filehandle = 36, r->size = 32768, r->offset = 2719744
00:11:37 ERROR /home/bsc03/bsc03353/forge/src/dispatcher/posix.c:62 139931638626048: single write -1 of expected 32768
00:11:37 ERROR /home/bsc03/bsc03353/forge/src/dispatcher/posix.c:61 139905868773120: r->filehandle = 36, r->size = 32768, r->offset = 3047424
00:11:37 ERROR /home/bsc03/bsc03353/forge/src/dispatcher/posix.c:62 139905868773120: single write -1 of expected 32768
00:11:38 ERROR /home/bsc03/bsc03353/forge/src/dispatcher/posix.c:61 139918753699584: r->filehandle = 36, r->size = 32768, r->offset = 2654208
00:11:38 ERROR /home/bsc03/bsc03353/forge/src/dispatcher/posix.c:62 139918753699584: single write -1 of expected 32768
00:11:40 ERROR /home/bsc03/bsc03353/forge/src/dispatcher/posix.c:61 139927343650560: r->filehandle = 36, r->size = 32768, r->offset = 3014656
00:11:40 ERROR /home/bsc03/bsc03353/forge/src/dispatcher/posix.c:62 139927343650560: single write -1 of expected 32768
00:11:41 ERROR /home/bsc03/bsc03353/forge/src/dispatcher/posix.c:61 139923048675072: r->filehandle = 36, r->size = 32768, r->offset = 2523136
00:11:41 ERROR /home/bsc03/bsc03353/forge/src/dispatcher/posix.c:62 139923048675072: single write -1 of expected 32768
00:11:42 ERROR /home/bsc03/bsc03353/forge/src/dispatcher/posix.c:61 140012014630656: r->filehandle = 35, r->size = 32768, r->offset = 589824
00:11:42 ERROR /home/bsc03/bsc03353/forge/src/dispatcher/posix.c:62 140012014630656: single write -1 of expected 32768
00:11:42 ERROR /home/bsc03/bsc03353/forge/src/dispatcher/posix.c:61 140203862603520: r->filehandle = 36, r->size = 32768, r->offset = 1966080
00:11:42 ERROR /home/bsc03/bsc03353/forge/src/dispatcher/posix.c:62 140203862603520: single write -1 of expected 32768
00:11:42 ERROR /home/bsc03/bsc03353/forge/src/dispatcher/posix.c:61 140199567628032: r->filehandle = 36, r->size = 32768, r->offset = 1900544
00:11:42 ERROR /home/bsc03/bsc03353/forge/src/dispatcher/posix.c:62 140199567628032: single write -1 of expected 32768
00:11:43 ERROR /home/bsc03/bsc03353/forge/src/dispatcher/posix.c:61 140208157579008: r->filehandle = 36, r->size = 32768, r->offset = 1802240
00:11:43 ERROR /home/bsc03/bsc03353/forge/src/dispatcher/posix.c:62 140208157579008: single write -1 of expected 32768
00:11:44 ERROR /home/bsc03/bsc03353/forge/src/dispatcher/posix.c:61 140218895017728: r->filehandle = 36, r->size = 32768, r->offset = 1867776
00:11:44 ERROR /home/bsc03/bsc03353/forge/src/dispatcher/posix.c:62 140218895017728: single write -1 of expected 32768
00:11:45 ERROR /home/bsc03/bsc03353/forge/src/dispatcher/posix.c:61 140216747529984: r->filehandle = 36, r->size = 32768, r->offset = 1671168
00:11:45 ERROR /home/bsc03/bsc03353/forge/src/dispatcher/posix.c:62 140216747529984: single write -1 of expected 32768
00:11:46 ERROR /home/bsc03/bsc03353/forge/src/dispatcher/posix.c:61 140221042505472: r->filehandle = 36, r->size = 32768, r->offset = 1835008
00:11:46 ERROR /home/bsc03/bsc03353/forge/src/dispatcher/posix.c:62 140221042505472: single write -1 of expected 32768
00:11:48 ERROR /home/bsc03/bsc03353/forge/src/dispatcher/posix.c:61 140190977677056: r->filehandle = 36, r->size = 32768, r->offset = 2064384
00:11:48 ERROR /home/bsc03/bsc03353/forge/src/dispatcher/posix.c:62 140190977677056: single write -1 of expected 32768
00:11:49 ERROR /home/bsc03/bsc03353/forge/src/dispatcher/posix.c:61 139774136915712: r->filehandle = 36, r->size = 32768, r->offset = 1441792
00:11:49 ERROR /home/bsc03/bsc03353/forge/src/dispatcher/posix.c:62 139774136915712: single write -1 of expected 32768
00:11:50 ERROR /home/bsc03/bsc03353/forge/src/dispatcher/posix.c:61 139791316817664: r->filehandle = 36, r->size = 32768, r->offset = 1474560
00:11:50 ERROR /home/bsc03/bsc03353/forge/src/dispatcher/posix.c:62 139791316817664: single write -1 of expected 32768
00:11:51 ERROR /home/bsc03/bsc03353/forge/src/dispatcher/posix.c:61 139916606211840: r->filehandle = 36, r->size = 32768, r->offset = 2490368
00:11:51 ERROR /home/bsc03/bsc03353/forge/src/dispatcher/posix.c:62 139916606211840: single write -1 of expected 32768
00:11:53 ERROR /home/bsc03/bsc03353/forge/src/dispatcher/posix.c:61 139920901187328: r->filehandle = 36, r->size = 32768, r->offset = 5537792
00:11:53 ERROR /home/bsc03/bsc03353/forge/src/dispatcher/posix.c:62 139920901187328: single write -1 of expected 32768
00:11:54 ERROR /home/bsc03/bsc03353/forge/src/dispatcher/posix.c:61 139914458724096: r->filehandle = 36, r->size = 32768, r->offset = 5963776
00:11:54 ERROR /home/bsc03/bsc03353/forge/src/dispatcher/posix.c:62 139914458724096: single write -1 of expected 32768
00:11:56 ERROR /home/bsc03/bsc03353/forge/src/dispatcher/posix.c:61 139925196162816: r->filehandle = 36, r->size = 32768, r->offset = 2686976
00:11:56 ERROR /home/bsc03/bsc03353/forge/src/dispatcher/posix.c:62 139925196162816: single write -1 of expected 32768
00:11:57 ERROR /home/bsc03/bsc03353/forge/src/dispatcher/posix.c:61 139935933601536: r->filehandle = 36, r->size = 32768, r->offset = 6094848
00:11:57 ERROR /home/bsc03/bsc03353/forge/src/dispatcher/posix.c:62 139935933601536: single write -1 of expected 32768
00:11:58 ERROR /home/bsc03/bsc03353/forge/src/dispatcher/posix.c:61 139929491138304: r->filehandle = 36, r->size = 32768, r->offset = 5505024
00:11:58 ERROR /home/bsc03/bsc03353/forge/src/dispatcher/posix.c:62 139929491138304: single write -1 of expected 32768
00:11:59 ERROR /home/bsc03/bsc03353/forge/src/dispatcher/posix.c:61 139931638626048: r->filehandle = 36, r->size = 32768, r->offset = 3080192
00:11:59 ERROR /home/bsc03/bsc03353/forge/src/dispatcher/posix.c:62 139931638626048: single write -1 of expected 32768
00:11:59 ERROR /home/bsc03/bsc03353/forge/src/dispatcher/posix.c:61 139910163748608: r->filehandle = 36, r->size = 32768, r->offset = 5898240
00:11:59 ERROR /home/bsc03/bsc03353/forge/src/dispatcher/posix.c:62 139910163748608: single write -1 of expected 32768
00:12:00 ERROR /home/bsc03/bsc03353/forge/src/dispatcher/posix.c:61 139903721285376: r->filehandle = 36, r->size = 32768, r->offset = 6258688
00:12:00 ERROR /home/bsc03/bsc03353/forge/src/dispatcher/posix.c:62 139903721285376: single write -1 of expected 32768
00:12:00 ERROR /home/bsc03/bsc03353/forge/src/dispatcher/posix.c:61 139927343650560: r->filehandle = 36, r->size = 32768, r->offset = 2555904
00:12:00 ERROR /home/bsc03/bsc03353/forge/src/dispatcher/posix.c:62 139927343650560: single write -1 of expected 32768
00:12:02 ERROR /home/bsc03/bsc03353/forge/src/dispatcher/posix.c:61 139912311236352: r->filehandle = 36, r->size = 32768, r->offset = 5734400
00:12:02 ERROR /home/bsc03/bsc03353/forge/src/dispatcher/posix.c:62 139912311236352: single write -1 of expected 32768
00:12:02 ERROR /home/bsc03/bsc03353/forge/src/dispatcher/posix.c:61 139933786113792: r->filehandle = 36, r->size = 32768, r->offset = 2457600
00:12:02 ERROR /home/bsc03/bsc03353/forge/src/dispatcher/posix.c:62 139933786113792: single write -1 of expected 32768
00:12:04 ERROR /home/bsc03/bsc03353/forge/src/dispatcher/posix.c:61 139908016260864: r->filehandle = 36, r->size = 32768, r->offset = 5570560
00:12:04 ERROR /home/bsc03/bsc03353/forge/src/dispatcher/posix.c:62 139908016260864: single write -1 of expected 32768
00:12:06 ERROR /home/bsc03/bsc03353/forge/src/dispatcher/posix.c:61 139918753699584: r->filehandle = 36, r->size = 32768, r->offset = 5799936
00:12:06 ERROR /home/bsc03/bsc03353/forge/src/dispatcher/posix.c:62 139918753699584: single write -1 of expected 32768
00:12:07 ERROR /home/bsc03/bsc03353/forge/src/dispatcher/posix.c:61 139923048675072: r->filehandle = 36, r->size = 32768, r->offset = 5668864
00:12:07 ERROR /home/bsc03/bsc03353/forge/src/dispatcher/posix.c:62 139923048675072: single write -1 of expected 32768
00:12:08 ERROR /home/bsc03/bsc03353/forge/src/dispatcher/posix.c:61 139905868773120: r->filehandle = 36, r->size = 32768, r->offset = 6193152
00:12:08 ERROR /home/bsc03/bsc03353/forge/src/dispatcher/posix.c:62 139905868773120: single write -1 of expected 32768
00:12:09 ERROR /home/bsc03/bsc03353/forge/src/dispatcher/posix.c:61 140009867142912: r->filehandle = 35, r->size = 32768, r->offset = 32768
00:12:09 ERROR /home/bsc03/bsc03353/forge/src/dispatcher/posix.c:62 140009867142912: single write -1 of expected 32768
00:12:10 ERROR /home/bsc03/bsc03353/forge/src/dispatcher/posix.c:61 140003424679680: r->filehandle = 35, r->size = 32768, r->offset = 622592
00:12:10 ERROR /home/bsc03/bsc03353/forge/src/dispatcher/posix.c:62 140003424679680: single write -1 of expected 32768
00:12:12 ERROR /home/bsc03/bsc03353/forge/src/dispatcher/posix.c:61 140005572167424: r->filehandle = 35, r->size = 32768, r->offset = 262144
00:12:12 ERROR /home/bsc03/bsc03353/forge/src/dispatcher/posix.c:62 140005572167424: single write -1 of expected 32768
00:12:13 ERROR /home/bsc03/bsc03353/forge/src/dispatcher/posix.c:61 139782726866688: r->filehandle = 36, r->size = 32768, r->offset = 851968
00:12:13 ERROR /home/bsc03/bsc03353/forge/src/dispatcher/posix.c:62 139782726866688: single write -1 of expected 32768
00:12:13 ERROR /home/bsc03/bsc03353/forge/src/dispatcher/posix.c:61 139776284403456: r->filehandle = 36, r->size = 32768, r->offset = 983040
00:12:13 ERROR /home/bsc03/bsc03353/forge/src/dispatcher/posix.c:62 139776284403456: single write -1 of expected 32768
00:12:15 ERROR /home/bsc03/bsc03353/forge/src/dispatcher/posix.c:61 140201715115776: r->filehandle = 36, r->size = 32768, r->offset = 2260992
00:12:15 ERROR /home/bsc03/bsc03353/forge/src/dispatcher/posix.c:62 140201715115776: single write -1 of expected 32768
00:12:18 ERROR /home/bsc03/bsc03353/forge/src/dispatcher/posix.c:61 140193125164800: r->filehandle = 36, r->size = 32768, r->offset = 1933312
00:12:18 ERROR /home/bsc03/bsc03353/forge/src/dispatcher/posix.c:62 140193125164800: single write -1 of expected 32768
00:12:19 ERROR /home/bsc03/bsc03353/forge/src/dispatcher/posix.c:61 140195272652544: r->filehandle = 36, r->size = 32768, r->offset = 2031616
00:12:19 ERROR /home/bsc03/bsc03353/forge/src/dispatcher/posix.c:62 140195272652544: single write -1 of expected 32768
00:12:20 ERROR /home/bsc03/bsc03353/forge/src/dispatcher/posix.c:61 139935933601536: r->filehandle = 36, r->size = 32768, r->offset = 5832704
00:12:20 ERROR /home/bsc03/bsc03353/forge/src/dispatcher/posix.c:62 139935933601536: single write -1 of expected 32768
00:12:20 ERROR /home/bsc03/bsc03353/forge/src/dispatcher/posix.c:61 139925196162816: r->filehandle = 36, r->size = 32768, r->offset = 5767168
00:12:20 ERROR /home/bsc03/bsc03353/forge/src/dispatcher/posix.c:62 139925196162816: single write -1 of expected 32768
00:12:23 ERROR /home/bsc03/bsc03353/forge/src/dispatcher/posix.c:61 139920901187328: r->filehandle = 36, r->size = 32768, r->offset = 8683520
00:12:23 ERROR /home/bsc03/bsc03353/forge/src/dispatcher/posix.c:62 139920901187328: single write -1 of expected 32768
00:12:23 ERROR /home/bsc03/bsc03353/forge/src/dispatcher/posix.c:61 139914458724096: r->filehandle = 36, r->size = 32768, r->offset = 9109504
00:12:23 ERROR /home/bsc03/bsc03353/forge/src/dispatcher/posix.c:62 139914458724096: single write -1 of expected 32768
00:12:24 ERROR /home/bsc03/bsc03353/forge/src/dispatcher/posix.c:61 139905868773120: r->filehandle = 36, r->size = 32768, r->offset = 8945664
00:12:24 ERROR /home/bsc03/bsc03353/forge/src/dispatcher/posix.c:62 139905868773120: single write -1 of expected 32768
00:12:26 ERROR /home/bsc03/bsc03353/forge/src/dispatcher/posix.c:61 139910163748608: r->filehandle = 36, r->size = 32768, r->offset = 5865472
00:12:26 ERROR /home/bsc03/bsc03353/forge/src/dispatcher/posix.c:62 139910163748608: single write -1 of expected 32768
00:12:26 ERROR /home/bsc03/bsc03353/forge/src/dispatcher/posix.c:61 139903721285376: r->filehandle = 36, r->size = 32768, r->offset = 6225920
00:12:26 ERROR /home/bsc03/bsc03353/forge/src/dispatcher/posix.c:62 139903721285376: single write -1 of expected 32768
00:12:26 ERROR /home/bsc03/bsc03353/forge/src/dispatcher/posix.c:61 139931638626048: r->filehandle = 36, r->size = 32768, r->offset = 8650752
00:12:26 ERROR /home/bsc03/bsc03353/forge/src/dispatcher/posix.c:62 139931638626048: single write -1 of expected 32768
00:12:27 ERROR /home/bsc03/bsc03353/forge/src/dispatcher/posix.c:61 139908016260864: r->filehandle = 36, r->size = 32768, r->offset = 9404416
00:12:27 ERROR /home/bsc03/bsc03353/forge/src/dispatcher/posix.c:62 139908016260864: single write -1 of expected 32768
00:12:29 ERROR /home/bsc03/bsc03353/forge/src/dispatcher/posix.c:61 139933786113792: r->filehandle = 36, r->size = 32768, r->offset = 2850816
00:12:29 ERROR /home/bsc03/bsc03353/forge/src/dispatcher/posix.c:62 139933786113792: single write -1 of expected 32768
00:12:31 ERROR /home/bsc03/bsc03353/forge/src/dispatcher/posix.c:61 139927343650560: r->filehandle = 36, r->size = 32768, r->offset = 2883584
00:12:31 ERROR /home/bsc03/bsc03353/forge/src/dispatcher/posix.c:62 139927343650560: single write -1 of expected 32768
00:12:33 ERROR /home/bsc03/bsc03353/forge/src/dispatcher/posix.c:61 139916606211840: r->filehandle = 36, r->size = 32768, r->offset = 2916352
00:12:33 ERROR /home/bsc03/bsc03353/forge/src/dispatcher/posix.c:62 139916606211840: single write -1 of expected 32768
00:12:33 ERROR /home/bsc03/bsc03353/forge/src/dispatcher/posix.c:61 139923048675072: r->filehandle = 36, r->size = 32768, r->offset = 8880128
00:12:33 ERROR /home/bsc03/bsc03353/forge/src/dispatcher/posix.c:62 139923048675072: single write -1 of expected 32768
00:12:35 ERROR /home/bsc03/bsc03353/forge/src/dispatcher/posix.c:61 139918753699584: r->filehandle = 36, r->size = 32768, r->offset = 8716288
00:12:35 ERROR /home/bsc03/bsc03353/forge/src/dispatcher/posix.c:62 139918753699584: single write -1 of expected 32768
00:12:35 ERROR /home/bsc03/bsc03353/forge/src/dispatcher/posix.c:61 139929491138304: r->filehandle = 36, r->size = 32768, r->offset = 9240576
00:12:35 ERROR /home/bsc03/bsc03353/forge/src/dispatcher/posix.c:62 139929491138304: single write -1 of expected 32768
00:12:36 ERROR /home/bsc03/bsc03353/forge/src/dispatcher/posix.c:61 139912311236352: r->filehandle = 36, r->size = 32768, r->offset = 9043968
00:12:36 ERROR /home/bsc03/bsc03353/forge/src/dispatcher/posix.c:62 139912311236352: single write -1 of expected 32768
00:12:36 ERROR /home/bsc03/bsc03353/forge/src/dispatcher/posix.c:61 140218895017728: r->filehandle = 36, r->size = 32768, r->offset = 1998848
00:12:36 ERROR /home/bsc03/bsc03353/forge/src/dispatcher/posix.c:62 140218895017728: single write -1 of expected 32768
00:12:37 ERROR /home/bsc03/bsc03353/forge/src/dispatcher/posix.c:61 140197420140288: r->filehandle = 36, r->size = 32768, r->offset = 2097152
00:12:37 ERROR /home/bsc03/bsc03353/forge/src/dispatcher/posix.c:62 140197420140288: single write -1 of expected 32768
00:12:39 ERROR /home/bsc03/bsc03353/forge/src/dispatcher/posix.c:61 140203862603520: r->filehandle = 36, r->size = 32768, r->offset = 2228224
00:12:39 ERROR /home/bsc03/bsc03353/forge/src/dispatcher/posix.c:62 140203862603520: single write -1 of expected 32768
00:12:40 ERROR /home/bsc03/bsc03353/forge/src/dispatcher/posix.c:61 140007719655168: r->filehandle = 35, r->size = 32768, r->offset = 458752
00:12:40 ERROR /home/bsc03/bsc03353/forge/src/dispatcher/posix.c:62 140007719655168: single write -1 of expected 32768
00:12:41 ERROR /home/bsc03/bsc03353/forge/src/dispatcher/posix.c:61 139763399476992: r->filehandle = 36, r->size = 32768, r->offset = 1048576
00:12:42 ERROR /home/bsc03/bsc03353/forge/src/dispatcher/posix.c:62 139763399476992: single write -1 of expected 32768
00:12:43 ERROR /home/bsc03/bsc03353/forge/src/dispatcher/posix.c:61 139789169329920: r->filehandle = 36, r->size = 32768, r->offset = 917504
00:12:43 ERROR /home/bsc03/bsc03353/forge/src/dispatcher/posix.c:62 139789169329920: single write -1 of expected 32768
00:12:45 ERROR /home/bsc03/bsc03353/forge/src/dispatcher/posix.c:61 139935933601536: r->filehandle = 36, r->size = 32768, r->offset = 8814592
00:12:45 ERROR /home/bsc03/bsc03353/forge/src/dispatcher/posix.c:62 139935933601536: single write -1 of expected 32768
00:12:46 ERROR /home/bsc03/bsc03353/forge/src/dispatcher/posix.c:61 139925196162816: r->filehandle = 36, r->size = 32768, r->offset = 9338880
00:12:46 ERROR /home/bsc03/bsc03353/forge/src/dispatcher/posix.c:62 139925196162816: single write -1 of expected 32768
00:12:47 ERROR /home/bsc03/bsc03353/forge/src/dispatcher/posix.c:61 139905868773120: r->filehandle = 36, r->size = 32768, r->offset = 8912896
00:12:47 ERROR /home/bsc03/bsc03353/forge/src/dispatcher/posix.c:62 139905868773120: single write -1 of expected 32768
00:12:47 ERROR /home/bsc03/bsc03353/forge/src/dispatcher/posix.c:61 139920901187328: r->filehandle = 36, r->size = 32768, r->offset = 11829248
00:12:47 ERROR /home/bsc03/bsc03353/forge/src/dispatcher/posix.c:62 139920901187328: single write -1 of expected 32768
00:12:49 ERROR /home/bsc03/bsc03353/forge/src/dispatcher/posix.c:61 139914458724096: r->filehandle = 36, r->size = 32768, r->offset = 8978432
00:12:49 ERROR /home/bsc03/bsc03353/forge/src/dispatcher/posix.c:62 139914458724096: single write -1 of expected 32768
00:12:49 ERROR /home/bsc03/bsc03353/forge/src/dispatcher/posix.c:61 140016309606144: r->filehandle = 35, r->size = 32768, r->offset = 688128
00:12:49 ERROR /home/bsc03/bsc03353/forge/src/dispatcher/posix.c:62 140016309606144: single write -1 of expected 32768
00:12:50 ERROR /home/bsc03/bsc03353/forge/src/dispatcher/posix.c:61 140212452554496: r->filehandle = 36, r->size = 32768, r->offset = 2195456
00:12:50 ERROR /home/bsc03/bsc03353/forge/src/dispatcher/posix.c:62 140212452554496: single write -1 of expected 32768
00:12:50 ERROR /home/bsc03/bsc03353/forge/src/dispatcher/posix.c:61 140206010091264: r->filehandle = 36, r->size = 32768, r->offset = 2129920
00:12:50 ERROR /home/bsc03/bsc03353/forge/src/dispatcher/posix.c:62 140206010091264: single write -1 of expected 32768
00:12:51 ERROR /home/bsc03/bsc03353/forge/src/dispatcher/posix.c:61 140216747529984: r->filehandle = 36, r->size = 32768, r->offset = 2293760
00:12:51 ERROR /home/bsc03/bsc03353/forge/src/dispatcher/posix.c:62 140216747529984: single write -1 of expected 32768
00:12:52 ERROR /home/bsc03/bsc03353/forge/src/dispatcher/posix.c:61 140223189993216: r->filehandle = 36, r->size = 32768, r->offset = 1769472
00:12:52 ERROR /home/bsc03/bsc03353/forge/src/dispatcher/posix.c:62 140223189993216: single write -1 of expected 32768
00:12:53 ERROR /home/bsc03/bsc03353/forge/src/dispatcher/posix.c:61 140193125164800: r->filehandle = 36, r->size = 32768, r->offset = 4980736
00:12:53 ERROR /home/bsc03/bsc03353/forge/src/dispatcher/posix.c:62 140193125164800: single write -1 of expected 32768
00:12:53 ERROR /home/bsc03/bsc03353/forge/src/dispatcher/posix.c:61 140190977677056: r->filehandle = 36, r->size = 32768, r->offset = 5308416
00:12:53 ERROR /home/bsc03/bsc03353/forge/src/dispatcher/posix.c:62 140190977677056: single write -1 of expected 32768
00:12:55 ERROR /home/bsc03/bsc03353/forge/src/dispatcher/posix.c:61 140210305066752: r->filehandle = 36, r->size = 32768, r->offset = 1572864
00:12:55 ERROR /home/bsc03/bsc03353/forge/src/dispatcher/posix.c:62 140210305066752: single write -1 of expected 32768
00:12:55 ERROR /home/bsc03/bsc03353/forge/src/dispatcher/posix.c:61 140199567628032: r->filehandle = 36, r->size = 32768, r->offset = 1638400
00:12:55 ERROR /home/bsc03/bsc03353/forge/src/dispatcher/posix.c:62 140199567628032: single write -1 of expected 32768
00:12:55 ERROR /home/bsc03/bsc03353/forge/src/dispatcher/posix.c:61 140218895017728: r->filehandle = 36, r->size = 32768, r->offset = 1736704
00:12:55 ERROR /home/bsc03/bsc03353/forge/src/dispatcher/posix.c:62 140218895017728: single write -1 of expected 32768
00:12:57 ERROR /home/bsc03/bsc03353/forge/src/dispatcher/posix.c:61 140195272652544: r->filehandle = 36, r->size = 32768, r->offset = 5111808
00:12:57 ERROR /home/bsc03/bsc03353/forge/src/dispatcher/posix.c:62 140195272652544: single write -1 of expected 32768
00:12:58 ERROR /home/bsc03/bsc03353/forge/src/dispatcher/posix.c:61 140197420140288: r->filehandle = 36, r->size = 32768, r->offset = 5046272
00:12:58 ERROR /home/bsc03/bsc03353/forge/src/dispatcher/posix.c:62 140197420140288: single write -1 of expected 32768
00:12:58 ERROR /home/bsc03/bsc03353/forge/src/dispatcher/posix.c:61 139791316817664: r->filehandle = 36, r->size = 32768, r->offset = 4030464
00:12:58 ERROR /home/bsc03/bsc03353/forge/src/dispatcher/posix.c:62 139791316817664: single write -1 of expected 32768
00:12:59 ERROR /home/bsc03/bsc03353/forge/src/dispatcher/posix.c:61 139784874354432: r->filehandle = 36, r->size = 32768, r->offset = 1114112
00:12:59 ERROR /home/bsc03/bsc03353/forge/src/dispatcher/posix.c:62 139784874354432: single write -1 of expected 32768
00:13:01 ERROR /home/bsc03/bsc03353/forge/src/dispatcher/posix.c:61 139765546964736: r->filehandle = 36, r->size = 32768, r->offset = 1540096
00:13:01 ERROR /home/bsc03/bsc03353/forge/src/dispatcher/posix.c:62 139765546964736: single write -1 of expected 32768
00:13:01 ERROR /home/bsc03/bsc03353/forge/src/dispatcher/posix.c:61 140020604581632: r->filehandle = 35, r->size = 32768, r->offset = 3735552
00:13:01 ERROR /home/bsc03/bsc03353/forge/src/dispatcher/posix.c:62 140020604581632: single write -1 of expected 32768
00:13:02 ERROR /home/bsc03/bsc03353/forge/src/dispatcher/posix.c:61 140214600042240: r->filehandle = 36, r->size = 32768, r->offset = 2326528
00:13:02 ERROR /home/bsc03/bsc03353/forge/src/dispatcher/posix.c:62 140214600042240: single write -1 of expected 32768
00:13:03 ERROR /home/bsc03/bsc03353/forge/src/dispatcher/posix.c:61 140221042505472: r->filehandle = 36, r->size = 32768, r->offset = 4816896
00:13:03 ERROR /home/bsc03/bsc03353/forge/src/dispatcher/posix.c:62 140221042505472: single write -1 of expected 32768
00:13:04 ERROR /home/bsc03/bsc03353/forge/src/dispatcher/posix.c:61 140201715115776: r->filehandle = 36, r->size = 32768, r->offset = 4947968
00:13:04 ERROR /home/bsc03/bsc03353/forge/src/dispatcher/posix.c:62 140201715115776: single write -1 of expected 32768
00:13:05 ERROR /home/bsc03/bsc03353/forge/src/dispatcher/posix.c:61 140208157579008: r->filehandle = 36, r->size = 32768, r->offset = 1703936
00:13:05 ERROR /home/bsc03/bsc03353/forge/src/dispatcher/posix.c:62 140208157579008: single write -1 of expected 32768
00:13:05 ERROR /home/bsc03/bsc03353/forge/src/dispatcher/posix.c:61 140218895017728: r->filehandle = 36, r->size = 32768, r->offset = 1605632
00:13:05 ERROR /home/bsc03/bsc03353/forge/src/dispatcher/posix.c:62 140218895017728: single write -1 of expected 32768
00:13:06 ERROR /home/bsc03/bsc03353/forge/src/dispatcher/posix.c:61 139780579378944: r->filehandle = 36, r->size = 32768, r->offset = 1507328
00:13:06 ERROR /home/bsc03/bsc03353/forge/src/dispatcher/posix.c:62 139780579378944: single write -1 of expected 32768
00:13:07 ERROR /home/bsc03/bsc03353/forge/src/dispatcher/posix.c:61 139793464305408: r->filehandle = 36, r->size = 32768, r->offset = 1212416
00:13:07 ERROR /home/bsc03/bsc03353/forge/src/dispatcher/posix.c:62 139793464305408: single write -1 of expected 32768
00:13:08 ERROR /home/bsc03/bsc03353/forge/src/dispatcher/posix.c:61 139787021842176: r->filehandle = 36, r->size = 32768, r->offset = 1015808
00:13:08 ERROR /home/bsc03/bsc03353/forge/src/dispatcher/posix.c:62 139787021842176: single write -1 of expected 32768
00:13:09 ERROR /home/bsc03/bsc03353/forge/src/dispatcher/posix.c:61 139761251989248: r->filehandle = 36, r->size = 32768, r->offset = 1277952
00:13:09 ERROR /home/bsc03/bsc03353/forge/src/dispatcher/posix.c:62 139761251989248: single write -1 of expected 32768
00:13:10 ERROR /home/bsc03/bsc03353/forge/src/dispatcher/posix.c:61 139782726866688: r->filehandle = 36, r->size = 32768, r->offset = 3964928
00:13:10 ERROR /home/bsc03/bsc03353/forge/src/dispatcher/posix.c:62 139782726866688: single write -1 of expected 32768
00:13:11 ERROR /home/bsc03/bsc03353/forge/src/dispatcher/posix.c:61 139767694452480: r->filehandle = 36, r->size = 32768, r->offset = 1146880
00:13:11 ERROR /home/bsc03/bsc03353/forge/src/dispatcher/posix.c:62 139767694452480: single write -1 of expected 32768
00:13:11 ERROR /home/bsc03/bsc03353/forge/src/dispatcher/posix.c:61 139771989427968: r->filehandle = 36, r->size = 32768, r->offset = 1343488
00:13:11 ERROR /home/bsc03/bsc03353/forge/src/dispatcher/posix.c:62 139771989427968: single write -1 of expected 32768
00:13:14 ERROR /home/bsc03/bsc03353/forge/src/dispatcher/posix.c:61 139776284403456: r->filehandle = 36, r->size = 32768, r->offset = 4587520
00:13:14 ERROR /home/bsc03/bsc03353/forge/src/dispatcher/posix.c:62 139776284403456: single write -1 of expected 32768
00:13:15 ERROR /home/bsc03/bsc03353/forge/src/dispatcher/posix.c:61 139774136915712: r->filehandle = 36, r->size = 32768, r->offset = 4456448
00:13:15 ERROR /home/bsc03/bsc03353/forge/src/dispatcher/posix.c:62 139774136915712: single write -1 of expected 32768
00:13:15 ERROR /home/bsc03/bsc03353/forge/src/dispatcher/posix.c:61 139765546964736: r->filehandle = 36, r->size = 32768, r->offset = 1376256
00:13:15 ERROR /home/bsc03/bsc03353/forge/src/dispatcher/posix.c:62 139765546964736: single write -1 of expected 32768
00:13:16 ERROR /home/bsc03/bsc03353/forge/src/dispatcher/posix.c:61 139793464305408: r->filehandle = 36, r->size = 32768, r->offset = 950272
00:13:16 ERROR /home/bsc03/bsc03353/forge/src/dispatcher/posix.c:62 139793464305408: single write -1 of expected 32768
00:13:16 ERROR /home/bsc03/bsc03353/forge/src/dispatcher/posix.c:61 140027047044864: r->filehandle = 35, r->size = 32768, r->offset = 196608
00:13:16 ERROR /home/bsc03/bsc03353/forge/src/dispatcher/posix.c:62 140027047044864: single write -1 of expected 32768
00:13:17 ERROR /home/bsc03/bsc03353/forge/src/dispatcher/posix.c:61 139778431891200: r->filehandle = 36, r->size = 32768, r->offset = 786432
00:13:17 ERROR /home/bsc03/bsc03353/forge/src/dispatcher/posix.c:62 139778431891200: single write -1 of expected 32768
00:13:17 ERROR /home/bsc03/bsc03353/forge/src/dispatcher/posix.c:61 139999129704192: r->filehandle = 35, r->size = 32768, r->offset = 0
00:13:17 ERROR /home/bsc03/bsc03353/forge/src/dispatcher/posix.c:62 139999129704192: single write -1 of expected 32768
00:13:19 ERROR /home/bsc03/bsc03353/forge/src/dispatcher/posix.c:61 139769841940224: r->filehandle = 36, r->size = 32768, r->offset = 1081344
00:13:19 ERROR /home/bsc03/bsc03353/forge/src/dispatcher/posix.c:62 139769841940224: single write -1 of expected 32768
00:13:20 ERROR /home/bsc03/bsc03353/forge/src/dispatcher/posix.c:61 139793464305408: r->filehandle = 36, r->size = 32768, r->offset = 1179648
00:13:20 ERROR /home/bsc03/bsc03353/forge/src/dispatcher/posix.c:62 139793464305408: single write -1 of expected 32768
00:13:21 ERROR /home/bsc03/bsc03353/forge/src/dispatcher/posix.c:61 139789169329920: r->filehandle = 36, r->size = 32768, r->offset = 1409024
00:13:21 ERROR /home/bsc03/bsc03353/forge/src/dispatcher/posix.c:62 139789169329920: single write -1 of expected 32768
00:13:21 ERROR /home/bsc03/bsc03353/forge/src/dispatcher/posix.c:61 140014162118400: r->filehandle = 35, r->size = 32768, r->offset = 720896
00:13:21 ERROR /home/bsc03/bsc03353/forge/src/dispatcher/posix.c:62 140014162118400: single write -1 of expected 32768
00:13:22 ERROR /home/bsc03/bsc03353/forge/src/dispatcher/posix.c:61 139793464305408: r->filehandle = 36, r->size = 32768, r->offset = 1245184
00:13:22 ERROR /home/bsc03/bsc03353/forge/src/dispatcher/posix.c:62 139793464305408: single write -1 of expected 32768
00:13:22 ERROR /home/bsc03/bsc03353/forge/src/dispatcher/posix.c:61 140024899557120: r->filehandle = 35, r->size = 32768, r->offset = 229376
00:13:22 ERROR /home/bsc03/bsc03353/forge/src/dispatcher/posix.c:62 140024899557120: single write -1 of expected 32768
00:13:24 ERROR /home/bsc03/bsc03353/forge/src/dispatcher/posix.c:61 140009867142912: r->filehandle = 35, r->size = 32768, r->offset = 425984
00:13:24 ERROR /home/bsc03/bsc03353/forge/src/dispatcher/posix.c:62 140009867142912: single write -1 of expected 32768
00:13:25 ERROR /home/bsc03/bsc03353/forge/src/dispatcher/posix.c:61 140014162118400: r->filehandle = 35, r->size = 32768, r->offset = 65536
00:13:25 ERROR /home/bsc03/bsc03353/forge/src/dispatcher/posix.c:62 140014162118400: single write -1 of expected 32768
00:13:26 ERROR /home/bsc03/bsc03353/forge/src/dispatcher/posix.c:61 139996982216448: r->filehandle = 35, r->size = 32768, r->offset = 327680
00:13:26 ERROR /home/bsc03/bsc03353/forge/src/dispatcher/posix.c:62 139996982216448: single write -1 of expected 32768
00:13:26 ERROR /home/bsc03/bsc03353/forge/src/dispatcher/posix.c:61 140018457093888: r->filehandle = 35, r->size = 32768, r->offset = 163840
00:13:26 ERROR /home/bsc03/bsc03353/forge/src/dispatcher/posix.c:62 140018457093888: single write -1 of expected 32768
00:13:27 ERROR /home/bsc03/bsc03353/forge/src/dispatcher/posix.c:61 139999129704192: r->filehandle = 35, r->size = 32768, r->offset = 131072
00:13:27 ERROR /home/bsc03/bsc03353/forge/src/dispatcher/posix.c:62 139999129704192: single write -1 of expected 32768
00:13:28 ERROR /home/bsc03/bsc03353/forge/src/dispatcher/posix.c:61 140016309606144: r->filehandle = 35, r->size = 32768, r->offset = 98304
00:13:28 ERROR /home/bsc03/bsc03353/forge/src/dispatcher/posix.c:62 140016309606144: single write -1 of expected 32768
00:13:29 ERROR /home/bsc03/bsc03353/forge/src/dispatcher/posix.c:61 140003424679680: r->filehandle = 35, r->size = 32768, r->offset = 3407872
00:13:29 ERROR /home/bsc03/bsc03353/forge/src/dispatcher/posix.c:62 140003424679680: single write -1 of expected 32768
00:13:29 ERROR /home/bsc03/bsc03353/forge/src/dispatcher/posix.c:61 139994834728704: r->filehandle = 35, r->size = 32768, r->offset = 753664
00:13:29 ERROR /home/bsc03/bsc03353/forge/src/dispatcher/posix.c:62 139994834728704: single write -1 of expected 32768
00:13:30 ERROR /home/bsc03/bsc03353/forge/src/dispatcher/posix.c:61 140012014630656: r->filehandle = 35, r->size = 32768, r->offset = 3768320
00:13:30 ERROR /home/bsc03/bsc03353/forge/src/dispatcher/posix.c:62 140012014630656: single write -1 of expected 32768
00:13:32 ERROR /home/bsc03/bsc03353/forge/src/dispatcher/posix.c:61 140001277191936: r->filehandle = 35, r->size = 32768, r->offset = 360448
00:13:32 ERROR /home/bsc03/bsc03353/forge/src/dispatcher/posix.c:62 140001277191936: single write -1 of expected 32768
00:13:34 ERROR /home/bsc03/bsc03353/forge/src/dispatcher/posix.c:61 139994834728704: r->filehandle = 35, r->size = 32768, r->offset = 491520
00:13:34 ERROR /home/bsc03/bsc03353/forge/src/dispatcher/posix.c:62 139994834728704: single write -1 of expected 32768
00:13:37 ERROR /home/bsc03/bsc03353/forge/src/dispatcher/posix.c:61 140001277191936: r->filehandle = 35, r->size = 32768, r->offset = 294912
00:13:37 ERROR /home/bsc03/bsc03353/forge/src/dispatcher/posix.c:62 140001277191936: single write -1 of expected 32768
00:13:37 ERROR /home/bsc03/bsc03353/forge/src/dispatcher/posix.c:61 139994834728704: r->filehandle = 35, r->size = 32768, r->offset = 655360
00:13:37 ERROR /home/bsc03/bsc03353/forge/src/dispatcher/posix.c:62 139994834728704: single write -1 of expected 32768
00:13:39 ERROR /home/bsc03/bsc03353/forge/src/dispatcher/posix.c:61 139994834728704: r->filehandle = 35, r->size = 32768, r->offset = 557056
00:13:39 ERROR /home/bsc03/bsc03353/forge/src/dispatcher/posix.c:62 139994834728704: single write -1 of expected 32768
00:13:40 ERROR /home/bsc03/bsc03353/forge/src/dispatcher/posix.c:61 139994834728704: r->filehandle = 35, r->size = 32768, r->offset = 524288
00:13:40 ERROR /home/bsc03/bsc03353/forge/src/dispatcher/posix.c:62 139994834728704: single write -1 of expected 32768
00:13:40 WARN  /home/bsc03/bsc03353/forge/src/main.c:789 140400469850176: hit stone wall at 136.027802 seconds!
AGIOS: stopped for this client. It can already be used by calling agios_init

AGIOS: stopped for this client. It can already be used by calling agios_init

00:13:40 INFO  /home/bsc03/bsc03353/forge/src/main.c:1158 140034172418112: I/O Forwarding Exploration [COMPLETE]
AGIOS: stopped for this client. It can already be used by calling agios_init

AGIOS: stopped for this client. It can already be used by calling agios_init

