Set GCC compilers as MPI wrappers backend 
remove impi/2017.4 (PATH, MANPATH, LD_LIBRARY_PATH) 
load openmpi/4.0.2_UCX (PATH, MANPATH, LD_LIBRARY_PATH) 
Set GCC compilers as MPI wrappers backend 
load gsl/2.4 (PATH, LD_LIBRARY_PATH, LIBRARY_PATH, MANPATH, INFOPATH,
C_INCLUDE_PATH, CPLUS_INCLUDE_PATH, PKG_CONFIG_PATH, GSL_DIR) 
15:37:22 INFO  /home/bsc03/bsc03353/forge/src/main.c:107 139719476455488: I/O Forwarding Exploration [START]
Will AGIOS generate trace files? NO
Default scheduling algorithm: TO
TWINS window size: 1000000
Will the Prediction Module read information from trace files? NO
File with access time functions: /home/bsc03/bsc03353/forge/agios/access_times.func
AGIOS thinks its user has stripe size of 32768
Will AGIOS generate trace files? NO
Default scheduling algorithm: TO
TWINS window size: 1000000
Will the Prediction Module read information from trace files? NO
File with access time functions: /home/bsc03/bsc03353/forge/agios/access_times.func
AGIOS thinks its user has stripe size of 32768
Will AGIOS generate trace files? NO
Default scheduling algorithm: TO
TWINS window size: 1000000
Will the Prediction Module read information from trace files? NO
File with access time functions: /home/bsc03/bsc03353/forge/agios/access_times.func
AGIOS thinks its user has stripe size of 32768
Will AGIOS generate trace files? NO
Default scheduling algorithm: TO
TWINS window size: 1000000
Will the Prediction Module read information from trace files? NO
File with access time functions: /home/bsc03/bsc03353/forge/agios/access_times.func
AGIOS thinks its user has stripe size of 32768
15:37:30 ERROR /home/bsc03/bsc03353/forge/src/dispatcher/posix.c:61 140178358867712: r->filehandle = 36, r->size = 4194304, r->offset = 4668260352
15:37:30 ERROR /home/bsc03/bsc03353/forge/src/dispatcher/posix.c:62 140178358867712: single write -1 of expected 4194304
15:37:32 ERROR /home/bsc03/bsc03353/forge/src/dispatcher/posix.c:61 140163753449216: r->filehandle = 36, r->size = 4194304, r->offset = 2478833664
15:37:32 ERROR /home/bsc03/bsc03353/forge/src/dispatcher/posix.c:62 140163753449216: single write -1 of expected 4194304
15:37:32 ERROR /home/bsc03/bsc03353/forge/src/dispatcher/posix.c:61 140176211379968: r->filehandle = 36, r->size = 4194304, r->offset = 4664066048
15:37:32 ERROR /home/bsc03/bsc03353/forge/src/dispatcher/posix.c:62 140176211379968: single write -1 of expected 4194304
15:37:36 ERROR /home/bsc03/bsc03353/forge/src/dispatcher/posix.c:61 140191670789888: r->filehandle = 36, r->size = 4194304, r->offset = 1719664640
15:37:36 ERROR /home/bsc03/bsc03353/forge/src/dispatcher/posix.c:62 140191670789888: single write -1 of expected 4194304
15:37:37 ERROR /home/bsc03/bsc03353/forge/src/dispatcher/posix.c:61 140195965765376: r->filehandle = 36, r->size = 4194304, r->offset = 2139095040
15:37:37 ERROR /home/bsc03/bsc03353/forge/src/dispatcher/posix.c:62 140195965765376: single write -1 of expected 4194304
15:37:42 ERROR /home/bsc03/bsc03353/forge/src/dispatcher/posix.c:61 140169768916736: r->filehandle = 36, r->size = 4194304, r->offset = 4613734400
15:37:42 ERROR /home/bsc03/bsc03353/forge/src/dispatcher/posix.c:62 140169768916736: single write -1 of expected 4194304
15:37:42 ERROR /home/bsc03/bsc03353/forge/src/dispatcher/posix.c:61 139682326181632: r->filehandle = 35, r->size = 4194304, r->offset = 318767104
15:37:42 ERROR /home/bsc03/bsc03353/forge/src/dispatcher/posix.c:62 139682326181632: single write -1 of expected 4194304
15:37:43 ERROR /home/bsc03/bsc03353/forge/src/dispatcher/posix.c:61 140173484443392: r->filehandle = 36, r->size = 4194304, r->offset = 5335154688
15:37:43 ERROR /home/bsc03/bsc03353/forge/src/dispatcher/posix.c:62 140173484443392: single write -1 of expected 4194304
15:37:46 ERROR /home/bsc03/bsc03353/forge/src/dispatcher/posix.c:61 140201401784064: r->filehandle = 36, r->size = 4194304, r->offset = 5343543296
15:37:46 ERROR /home/bsc03/bsc03353/forge/src/dispatcher/posix.c:62 140201401784064: single write -1 of expected 4194304
15:37:47 ERROR /home/bsc03/bsc03353/forge/src/dispatcher/posix.c:61 140182074394368: r->filehandle = 36, r->size = 4194304, r->offset = 5293211648
15:37:47 ERROR /home/bsc03/bsc03353/forge/src/dispatcher/posix.c:62 140182074394368: single write -1 of expected 4194304
15:37:50 ERROR /home/bsc03/bsc03353/forge/src/dispatcher/posix.c:61 140171336955648: r->filehandle = 36, r->size = 4194304, r->offset = 5230297088
15:37:50 ERROR /home/bsc03/bsc03353/forge/src/dispatcher/posix.c:62 140171336955648: single write -1 of expected 4194304
15:37:52 ERROR /home/bsc03/bsc03353/forge/src/dispatcher/posix.c:61 140179926906624: r->filehandle = 36, r->size = 4194304, r->offset = 5200936960
15:37:52 ERROR /home/bsc03/bsc03353/forge/src/dispatcher/posix.c:62 140179926906624: single write -1 of expected 4194304
15:37:53 ERROR /home/bsc03/bsc03353/forge/src/dispatcher/posix.c:61 140199254296320: r->filehandle = 36, r->size = 4194304, r->offset = 5360320512
15:37:53 ERROR /home/bsc03/bsc03353/forge/src/dispatcher/posix.c:62 140199254296320: single write -1 of expected 4194304
15:37:55 ERROR /home/bsc03/bsc03353/forge/src/dispatcher/posix.c:61 140190664345344: r->filehandle = 36, r->size = 4194304, r->offset = 5158993920
15:37:55 ERROR /home/bsc03/bsc03353/forge/src/dispatcher/posix.c:62 140190664345344: single write -1 of expected 4194304
15:37:56 ERROR /home/bsc03/bsc03353/forge/src/dispatcher/posix.c:61 140177779418880: r->filehandle = 36, r->size = 4194304, r->offset = 5163188224
15:37:56 ERROR /home/bsc03/bsc03353/forge/src/dispatcher/posix.c:62 140177779418880: single write -1 of expected 4194304
15:37:57 ERROR /home/bsc03/bsc03353/forge/src/dispatcher/posix.c:61 140192811833088: r->filehandle = 36, r->size = 4194304, r->offset = 4877975552
15:37:57 ERROR /home/bsc03/bsc03353/forge/src/dispatcher/posix.c:62 140192811833088: single write -1 of expected 4194304
15:37:58 ERROR /home/bsc03/bsc03353/forge/src/dispatcher/posix.c:61 140184221882112: r->filehandle = 36, r->size = 4194304, r->offset = 4940890112
15:37:58 ERROR /home/bsc03/bsc03353/forge/src/dispatcher/posix.c:62 140184221882112: single write -1 of expected 4194304
15:37:59 ERROR /home/bsc03/bsc03353/forge/src/dispatcher/posix.c:61 140194959320832: r->filehandle = 36, r->size = 4194304, r->offset = 5695864832
15:37:59 ERROR /home/bsc03/bsc03353/forge/src/dispatcher/posix.c:62 140194959320832: single write -1 of expected 4194304
15:38:01 ERROR /home/bsc03/bsc03353/forge/src/dispatcher/posix.c:61 140175631931136: r->filehandle = 36, r->size = 4194304, r->offset = 5209325568
15:38:01 ERROR /home/bsc03/bsc03353/forge/src/dispatcher/posix.c:62 140175631931136: single write -1 of expected 4194304
15:38:03 ERROR /home/bsc03/bsc03353/forge/src/dispatcher/posix.c:61 140169189467904: r->filehandle = 36, r->size = 4194304, r->offset = 5226102784
15:38:03 ERROR /home/bsc03/bsc03353/forge/src/dispatcher/posix.c:62 140169189467904: single write -1 of expected 4194304
15:38:05 ERROR /home/bsc03/bsc03353/forge/src/dispatcher/posix.c:61 140197106808576: r->filehandle = 36, r->size = 4194304, r->offset = 6434062336
15:38:05 ERROR /home/bsc03/bsc03353/forge/src/dispatcher/posix.c:62 140197106808576: single write -1 of expected 4194304
15:38:06 ERROR /home/bsc03/bsc03353/forge/src/dispatcher/posix.c:61 140186369369856: r->filehandle = 36, r->size = 4194304, r->offset = 4936695808
15:38:06 ERROR /home/bsc03/bsc03353/forge/src/dispatcher/posix.c:62 140186369369856: single write -1 of expected 4194304
15:38:10 ERROR /home/bsc03/bsc03353/forge/src/dispatcher/posix.c:61 140188516857600: r->filehandle = 36, r->size = 4194304, r->offset = 6371147776
15:38:10 ERROR /home/bsc03/bsc03353/forge/src/dispatcher/posix.c:62 140188516857600: single write -1 of expected 4194304
15:38:12 ERROR /home/bsc03/bsc03353/forge/src/dispatcher/posix.c:61 139697358595840: r->filehandle = 35, r->size = 4194304, r->offset = 734003200
15:38:12 ERROR /home/bsc03/bsc03353/forge/src/dispatcher/posix.c:62 139697358595840: single write -1 of expected 4194304
15:38:13 ERROR /home/bsc03/bsc03353/forge/src/dispatcher/posix.c:61 140168048424704: r->filehandle = 36, r->size = 4194304, r->offset = 1988100096
15:38:13 ERROR /home/bsc03/bsc03353/forge/src/dispatcher/posix.c:62 140168048424704: single write -1 of expected 4194304
15:38:15 ERROR /home/bsc03/bsc03353/forge/src/dispatcher/posix.c:61 140185228326656: r->filehandle = 36, r->size = 4194304, r->offset = 1925185536
15:38:15 ERROR /home/bsc03/bsc03353/forge/src/dispatcher/posix.c:62 140185228326656: single write -1 of expected 4194304
15:38:17 ERROR /home/bsc03/bsc03353/forge/src/dispatcher/posix.c:61 140146146551552: r->filehandle = 36, r->size = 4194304, r->offset = 4626317312
15:38:17 ERROR /home/bsc03/bsc03353/forge/src/dispatcher/posix.c:62 140146146551552: single write -1 of expected 4194304
15:38:17 ERROR /home/bsc03/bsc03353/forge/src/dispatcher/posix.c:61 139703801059072: r->filehandle = 35, r->size = 4194304, r->offset = 436207616
15:38:17 ERROR /home/bsc03/bsc03353/forge/src/dispatcher/posix.c:62 139703801059072: single write -1 of expected 4194304
15:38:18 ERROR /home/bsc03/bsc03353/forge/src/dispatcher/posix.c:61 140173484443392: r->filehandle = 36, r->size = 4194304, r->offset = 4865392640
15:38:18 ERROR /home/bsc03/bsc03353/forge/src/dispatcher/posix.c:62 140173484443392: single write -1 of expected 4194304
15:38:21 ERROR /home/bsc03/bsc03353/forge/src/dispatcher/posix.c:61 140189523302144: r->filehandle = 36, r->size = 4194304, r->offset = 2009071616
15:38:21 ERROR /home/bsc03/bsc03353/forge/src/dispatcher/posix.c:62 140189523302144: single write -1 of expected 4194304
15:38:22 ERROR /home/bsc03/bsc03353/forge/src/dispatcher/posix.c:61 140191670789888: r->filehandle = 36, r->size = 4194304, r->offset = 1656750080
15:38:22 ERROR /home/bsc03/bsc03353/forge/src/dispatcher/posix.c:62 140191670789888: single write -1 of expected 4194304
15:38:28 ERROR /home/bsc03/bsc03353/forge/src/dispatcher/posix.c:61 140187375814400: r->filehandle = 36, r->size = 4194304, r->offset = 2076180480
15:38:28 ERROR /home/bsc03/bsc03353/forge/src/dispatcher/posix.c:62 140187375814400: single write -1 of expected 4194304
15:38:31 ERROR /home/bsc03/bsc03353/forge/src/dispatcher/posix.c:61 140180933351168: r->filehandle = 36, r->size = 4194304, r->offset = 1979711488
15:38:31 ERROR /home/bsc03/bsc03353/forge/src/dispatcher/posix.c:62 140180933351168: single write -1 of expected 4194304
15:38:33 ERROR /home/bsc03/bsc03353/forge/src/dispatcher/posix.c:61 140154736502528: r->filehandle = 36, r->size = 4194304, r->offset = 4131389440
15:38:33 ERROR /home/bsc03/bsc03353/forge/src/dispatcher/posix.c:62 140154736502528: single write -1 of expected 4194304
15:38:34 ERROR /home/bsc03/bsc03353/forge/src/dispatcher/posix.c:61 140177779418880: r->filehandle = 36, r->size = 4194304, r->offset = 5339348992
15:38:34 ERROR /home/bsc03/bsc03353/forge/src/dispatcher/posix.c:62 140177779418880: single write -1 of expected 4194304
15:38:34 ERROR /home/bsc03/bsc03353/forge/src/dispatcher/posix.c:61 139710243522304: r->filehandle = 35, r->size = 4194304, r->offset = 851443712
15:38:34 ERROR /home/bsc03/bsc03353/forge/src/dispatcher/posix.c:62 139710243522304: single write -1 of expected 4194304
15:38:41 ERROR /home/bsc03/bsc03353/forge/src/dispatcher/posix.c:61 139693063620352: r->filehandle = 35, r->size = 4194304, r->offset = 369098752
15:38:41 ERROR /home/bsc03/bsc03353/forge/src/dispatcher/posix.c:62 139693063620352: single write -1 of expected 4194304
15:38:42 ERROR /home/bsc03/bsc03353/forge/src/dispatcher/posix.c:61 139708096034560: r->filehandle = 35, r->size = 4194304, r->offset = 914358272
15:38:42 ERROR /home/bsc03/bsc03353/forge/src/dispatcher/posix.c:62 139708096034560: single write -1 of expected 4194304
15:38:43 ERROR /home/bsc03/bsc03353/forge/src/dispatcher/posix.c:61 139690916132608: r->filehandle = 35, r->size = 4194304, r->offset = 910163968
15:38:43 ERROR /home/bsc03/bsc03353/forge/src/dispatcher/posix.c:62 139690916132608: single write -1 of expected 4194304
15:38:45 ERROR /home/bsc03/bsc03353/forge/src/dispatcher/posix.c:61 139701653571328: r->filehandle = 35, r->size = 4194304, r->offset = 532676608
15:38:45 ERROR /home/bsc03/bsc03353/forge/src/dispatcher/posix.c:62 139701653571328: single write -1 of expected 4194304
15:38:45 ERROR /home/bsc03/bsc03353/forge/src/dispatcher/posix.c:61 139695211108096: r->filehandle = 35, r->size = 4194304, r->offset = 398458880
15:38:45 ERROR /home/bsc03/bsc03353/forge/src/dispatcher/posix.c:62 139695211108096: single write -1 of expected 4194304
15:38:52 ERROR /home/bsc03/bsc03353/forge/src/dispatcher/posix.c:61 139705948546816: r->filehandle = 35, r->size = 4194304, r->offset = 452984832
15:38:52 ERROR /home/bsc03/bsc03353/forge/src/dispatcher/posix.c:62 139705948546816: single write -1 of expected 4194304
15:38:55 ERROR /home/bsc03/bsc03353/forge/src/dispatcher/posix.c:61 139699506083584: r->filehandle = 35, r->size = 4194304, r->offset = 1044381696
15:38:55 ERROR /home/bsc03/bsc03353/forge/src/dispatcher/posix.c:62 139699506083584: single write -1 of expected 4194304
15:38:55 ERROR /home/bsc03/bsc03353/forge/src/dispatcher/posix.c:61 139682326181632: r->filehandle = 35, r->size = 4194304, r->offset = 373293056
15:38:55 ERROR /home/bsc03/bsc03353/forge/src/dispatcher/posix.c:62 139682326181632: single write -1 of expected 4194304
15:38:57 ERROR /home/bsc03/bsc03353/forge/src/dispatcher/posix.c:61 139684473669376: r->filehandle = 35, r->size = 4194304, r->offset = 444596224
15:38:57 ERROR /home/bsc03/bsc03353/forge/src/dispatcher/posix.c:62 139684473669376: single write -1 of expected 4194304
15:38:59 ERROR /home/bsc03/bsc03353/forge/src/dispatcher/posix.c:61 139680178693888: r->filehandle = 35, r->size = 4194304, r->offset = 1048576000
15:38:59 ERROR /home/bsc03/bsc03353/forge/src/dispatcher/posix.c:62 139680178693888: single write -1 of expected 4194304
15:38:59 ERROR /home/bsc03/bsc03353/forge/src/dispatcher/posix.c:61 140165900936960: r->filehandle = 36, r->size = 4194304, r->offset = 2055208960
15:38:59 ERROR /home/bsc03/bsc03353/forge/src/dispatcher/posix.c:62 140165900936960: single write -1 of expected 4194304
15:39:00 ERROR /home/bsc03/bsc03353/forge/src/dispatcher/posix.c:61 140170195912448: r->filehandle = 36, r->size = 4194304, r->offset = 2046820352
15:39:00 ERROR /home/bsc03/bsc03353/forge/src/dispatcher/posix.c:62 140170195912448: single write -1 of expected 4194304
15:39:05 ERROR /home/bsc03/bsc03353/forge/src/dispatcher/posix.c:61 140171916404480: r->filehandle = 36, r->size = 4194304, r->offset = 4194304000
15:39:05 ERROR /home/bsc03/bsc03353/forge/src/dispatcher/posix.c:62 140171916404480: single write -1 of expected 4194304
15:39:06 ERROR /home/bsc03/bsc03353/forge/src/dispatcher/posix.c:61 140201401784064: r->filehandle = 36, r->size = 4194304, r->offset = 6350176256
15:39:06 ERROR /home/bsc03/bsc03353/forge/src/dispatcher/posix.c:62 140201401784064: single write -1 of expected 4194304
15:39:06 ERROR /home/bsc03/bsc03353/forge/src/dispatcher/posix.c:61 140186369369856: r->filehandle = 36, r->size = 4194304, r->offset = 5364514816
15:39:06 ERROR /home/bsc03/bsc03353/forge/src/dispatcher/posix.c:62 140186369369856: single write -1 of expected 4194304
15:39:09 ERROR /home/bsc03/bsc03353/forge/src/dispatcher/posix.c:61 139712391010048: r->filehandle = 35, r->size = 4194304, r->offset = 1400897536
15:39:09 ERROR /home/bsc03/bsc03353/forge/src/dispatcher/posix.c:62 139712391010048: single write -1 of expected 4194304
15:39:12 ERROR /home/bsc03/bsc03353/forge/src/dispatcher/posix.c:61 140168048424704: r->filehandle = 36, r->size = 4194304, r->offset = 1715470336
15:39:12 ERROR /home/bsc03/bsc03353/forge/src/dispatcher/posix.c:62 140168048424704: single write -1 of expected 4194304
15:39:17 ERROR /home/bsc03/bsc03353/forge/src/dispatcher/posix.c:61 140185228326656: r->filehandle = 36, r->size = 4194304, r->offset = 1853882368
15:39:17 ERROR /home/bsc03/bsc03353/forge/src/dispatcher/posix.c:62 140185228326656: single write -1 of expected 4194304
15:39:17 ERROR /home/bsc03/bsc03353/forge/src/dispatcher/posix.c:61 140183080838912: r->filehandle = 36, r->size = 4194304, r->offset = 1992294400
15:39:17 ERROR /home/bsc03/bsc03353/forge/src/dispatcher/posix.c:62 140183080838912: single write -1 of expected 4194304
15:39:19 ERROR /home/bsc03/bsc03353/forge/src/dispatcher/posix.c:61 140178358867712: r->filehandle = 36, r->size = 4194304, r->offset = 4202692608
15:39:19 ERROR /home/bsc03/bsc03353/forge/src/dispatcher/posix.c:62 140178358867712: single write -1 of expected 4194304
15:39:19 ERROR /home/bsc03/bsc03353/forge/src/dispatcher/posix.c:61 139699506083584: r->filehandle = 35, r->size = 4194304, r->offset = 192937984
15:39:19 ERROR /home/bsc03/bsc03353/forge/src/dispatcher/posix.c:62 139699506083584: single write -1 of expected 4194304
15:39:22 ERROR /home/bsc03/bsc03353/forge/src/dispatcher/posix.c:61 140171336955648: r->filehandle = 36, r->size = 4194304, r->offset = 6408896512
15:39:22 ERROR /home/bsc03/bsc03353/forge/src/dispatcher/posix.c:62 140171336955648: single write -1 of expected 4194304
15:39:23 ERROR /home/bsc03/bsc03353/forge/src/dispatcher/posix.c:61 140177779418880: r->filehandle = 36, r->size = 4194304, r->offset = 6283067392
15:39:23 ERROR /home/bsc03/bsc03353/forge/src/dispatcher/posix.c:62 140177779418880: single write -1 of expected 4194304
15:39:23 ERROR /home/bsc03/bsc03353/forge/src/dispatcher/posix.c:61 140188516857600: r->filehandle = 36, r->size = 4194304, r->offset = 5347737600
15:39:23 ERROR /home/bsc03/bsc03353/forge/src/dispatcher/posix.c:62 140188516857600: single write -1 of expected 4194304
15:39:24 ERROR /home/bsc03/bsc03353/forge/src/dispatcher/posix.c:61 140190664345344: r->filehandle = 36, r->size = 4194304, r->offset = 6417285120
15:39:24 ERROR /home/bsc03/bsc03353/forge/src/dispatcher/posix.c:62 140190664345344: single write -1 of expected 4194304
15:39:25 ERROR /home/bsc03/bsc03353/forge/src/dispatcher/posix.c:61 140193818277632: r->filehandle = 36, r->size = 4194304, r->offset = 2071986176
15:39:25 ERROR /home/bsc03/bsc03353/forge/src/dispatcher/posix.c:62 140193818277632: single write -1 of expected 4194304
15:39:26 ERROR /home/bsc03/bsc03353/forge/src/dispatcher/posix.c:61 140168048424704: r->filehandle = 36, r->size = 4194304, r->offset = 1807745024
15:39:26 ERROR /home/bsc03/bsc03353/forge/src/dispatcher/posix.c:62 140168048424704: single write -1 of expected 4194304
15:39:27 ERROR /home/bsc03/bsc03353/forge/src/dispatcher/posix.c:61 140152589014784: r->filehandle = 36, r->size = 4194304, r->offset = 4135583744
15:39:27 ERROR /home/bsc03/bsc03353/forge/src/dispatcher/posix.c:62 140152589014784: single write -1 of expected 4194304
15:39:28 ERROR /home/bsc03/bsc03353/forge/src/dispatcher/posix.c:61 139693063620352: r->filehandle = 35, r->size = 4194304, r->offset = 855638016
15:39:28 ERROR /home/bsc03/bsc03353/forge/src/dispatcher/posix.c:62 139693063620352: single write -1 of expected 4194304
15:39:31 ERROR /home/bsc03/bsc03353/forge/src/dispatcher/posix.c:61 139684473669376: r->filehandle = 35, r->size = 4194304, r->offset = 234881024
15:39:31 ERROR /home/bsc03/bsc03353/forge/src/dispatcher/posix.c:62 139684473669376: single write -1 of expected 4194304
15:39:33 ERROR /home/bsc03/bsc03353/forge/src/dispatcher/posix.c:61 140173484443392: r->filehandle = 36, r->size = 4194304, r->offset = 5146411008
15:39:33 ERROR /home/bsc03/bsc03353/forge/src/dispatcher/posix.c:62 140173484443392: single write -1 of expected 4194304
15:39:33 ERROR /home/bsc03/bsc03353/forge/src/dispatcher/posix.c:61 140165900936960: r->filehandle = 36, r->size = 4194304, r->offset = 2529165312
15:39:33 ERROR /home/bsc03/bsc03353/forge/src/dispatcher/posix.c:62 140165900936960: single write -1 of expected 4194304
15:39:36 ERROR /home/bsc03/bsc03353/forge/src/dispatcher/posix.c:61 140176211379968: r->filehandle = 36, r->size = 4194304, r->offset = 4827643904
15:39:36 ERROR /home/bsc03/bsc03353/forge/src/dispatcher/posix.c:62 140176211379968: single write -1 of expected 4194304
15:39:38 ERROR /home/bsc03/bsc03353/forge/src/dispatcher/posix.c:61 139680178693888: r->filehandle = 35, r->size = 4194304, r->offset = 637534208
15:39:38 ERROR /home/bsc03/bsc03353/forge/src/dispatcher/posix.c:62 139680178693888: single write -1 of expected 4194304
15:39:38 ERROR /home/bsc03/bsc03353/forge/src/dispatcher/posix.c:61 140180933351168: r->filehandle = 36, r->size = 4194304, r->offset = 1786773504
15:39:38 ERROR /home/bsc03/bsc03353/forge/src/dispatcher/posix.c:62 140180933351168: single write -1 of expected 4194304
15:39:39 ERROR /home/bsc03/bsc03353/forge/src/dispatcher/posix.c:61 140168048424704: r->filehandle = 36, r->size = 4194304, r->offset = 1711276032
15:39:39 ERROR /home/bsc03/bsc03353/forge/src/dispatcher/posix.c:62 140168048424704: single write -1 of expected 4194304
15:39:40 ERROR /home/bsc03/bsc03353/forge/src/dispatcher/posix.c:61 140176638375680: r->filehandle = 36, r->size = 4194304, r->offset = 2126512128
15:39:40 ERROR /home/bsc03/bsc03353/forge/src/dispatcher/posix.c:62 140176638375680: single write -1 of expected 4194304
15:39:40 ERROR /home/bsc03/bsc03353/forge/src/dispatcher/posix.c:61 140175631931136: r->filehandle = 36, r->size = 4194304, r->offset = 5700059136
15:39:40 ERROR /home/bsc03/bsc03353/forge/src/dispatcher/posix.c:62 140175631931136: single write -1 of expected 4194304
15:39:41 ERROR /home/bsc03/bsc03353/forge/src/dispatcher/posix.c:61 140165473941248: r->filehandle = 36, r->size = 4194304, r->offset = 4680843264
15:39:41 ERROR /home/bsc03/bsc03353/forge/src/dispatcher/posix.c:62 140165473941248: single write -1 of expected 4194304
15:39:43 ERROR /home/bsc03/bsc03353/forge/src/dispatcher/posix.c:61 139695211108096: r->filehandle = 35, r->size = 4194304, r->offset = 1052770304
15:39:43 ERROR /home/bsc03/bsc03353/forge/src/dispatcher/posix.c:62 139695211108096: single write -1 of expected 4194304
15:39:44 ERROR /home/bsc03/bsc03353/forge/src/dispatcher/posix.c:61 140192811833088: r->filehandle = 36, r->size = 4194304, r->offset = 5297405952
15:39:44 ERROR /home/bsc03/bsc03353/forge/src/dispatcher/posix.c:62 140192811833088: single write -1 of expected 4194304
15:39:44 ERROR /home/bsc03/bsc03353/forge/src/dispatcher/posix.c:61 140182074394368: r->filehandle = 36, r->size = 4194304, r->offset = 6421479424
15:39:44 ERROR /home/bsc03/bsc03353/forge/src/dispatcher/posix.c:62 140182074394368: single write -1 of expected 4194304
15:39:45 ERROR /home/bsc03/bsc03353/forge/src/dispatcher/posix.c:61 140188516857600: r->filehandle = 36, r->size = 4194304, r->offset = 6278873088
15:39:45 ERROR /home/bsc03/bsc03353/forge/src/dispatcher/posix.c:62 140188516857600: single write -1 of expected 4194304
15:39:46 ERROR /home/bsc03/bsc03353/forge/src/dispatcher/posix.c:61 140187375814400: r->filehandle = 36, r->size = 4194304, r->offset = 1652555776
15:39:46 ERROR /home/bsc03/bsc03353/forge/src/dispatcher/posix.c:62 140187375814400: single write -1 of expected 4194304
15:39:47 ERROR /home/bsc03/bsc03353/forge/src/dispatcher/posix.c:61 140193818277632: r->filehandle = 36, r->size = 4194304, r->offset = 2516582400
15:39:47 ERROR /home/bsc03/bsc03353/forge/src/dispatcher/posix.c:62 140193818277632: single write -1 of expected 4194304
15:39:48 ERROR /home/bsc03/bsc03353/forge/src/dispatcher/posix.c:61 140189523302144: r->filehandle = 36, r->size = 4194304, r->offset = 2474639360
15:39:48 ERROR /home/bsc03/bsc03353/forge/src/dispatcher/posix.c:62 140189523302144: single write -1 of expected 4194304
15:39:50 ERROR /home/bsc03/bsc03353/forge/src/dispatcher/posix.c:61 140168048424704: r->filehandle = 36, r->size = 4194304, r->offset = 1920991232
15:39:50 ERROR /home/bsc03/bsc03353/forge/src/dispatcher/posix.c:62 140168048424704: single write -1 of expected 4194304
15:39:51 ERROR /home/bsc03/bsc03353/forge/src/dispatcher/posix.c:61 140180933351168: r->filehandle = 36, r->size = 4194304, r->offset = 1740636160
15:39:51 ERROR /home/bsc03/bsc03353/forge/src/dispatcher/posix.c:62 140180933351168: single write -1 of expected 4194304
15:39:52 ERROR /home/bsc03/bsc03353/forge/src/dispatcher/posix.c:61 140152589014784: r->filehandle = 36, r->size = 4194304, r->offset = 4806672384
15:39:52 ERROR /home/bsc03/bsc03353/forge/src/dispatcher/posix.c:62 140152589014784: single write -1 of expected 4194304
15:39:54 ERROR /home/bsc03/bsc03353/forge/src/dispatcher/posix.c:61 139680178693888: r->filehandle = 35, r->size = 4194304, r->offset = 1375731712
15:39:54 ERROR /home/bsc03/bsc03353/forge/src/dispatcher/posix.c:62 139680178693888: single write -1 of expected 4194304
15:39:55 ERROR /home/bsc03/bsc03353/forge/src/dispatcher/posix.c:61 140201401784064: r->filehandle = 36, r->size = 4194304, r->offset = 4957667328
15:39:55 ERROR /home/bsc03/bsc03353/forge/src/dispatcher/posix.c:62 140201401784064: single write -1 of expected 4194304
15:39:57 ERROR /home/bsc03/bsc03353/forge/src/dispatcher/posix.c:61 140168048424704: r->filehandle = 36, r->size = 4194304, r->offset = 2797600768
15:39:57 ERROR /home/bsc03/bsc03353/forge/src/dispatcher/posix.c:62 140168048424704: single write -1 of expected 4194304
15:39:58 ERROR /home/bsc03/bsc03353/forge/src/dispatcher/posix.c:61 140180933351168: r->filehandle = 36, r->size = 4194304, r->offset = 1723858944
15:39:58 ERROR /home/bsc03/bsc03353/forge/src/dispatcher/posix.c:62 140180933351168: single write -1 of expected 4194304
15:40:00 ERROR /home/bsc03/bsc03353/forge/src/dispatcher/posix.c:61 140165900936960: r->filehandle = 36, r->size = 4194304, r->offset = 2738880512
15:40:00 ERROR /home/bsc03/bsc03353/forge/src/dispatcher/posix.c:62 140165900936960: single write -1 of expected 4194304
15:40:01 ERROR /home/bsc03/bsc03353/forge/src/dispatcher/posix.c:61 140178785863424: r->filehandle = 36, r->size = 4194304, r->offset = 2122317824
15:40:01 ERROR /home/bsc03/bsc03353/forge/src/dispatcher/posix.c:62 140178785863424: single write -1 of expected 4194304
15:40:04 ERROR /home/bsc03/bsc03353/forge/src/dispatcher/posix.c:61 140163753449216: r->filehandle = 36, r->size = 4194304, r->offset = 2143289344
15:40:04 ERROR /home/bsc03/bsc03353/forge/src/dispatcher/posix.c:62 140163753449216: single write -1 of expected 4194304
15:40:06 ERROR /home/bsc03/bsc03353/forge/src/dispatcher/posix.c:61 140167621428992: r->filehandle = 36, r->size = 4194304, r->offset = 4072669184
15:40:06 ERROR /home/bsc03/bsc03353/forge/src/dispatcher/posix.c:62 140167621428992: single write -1 of expected 4194304
15:40:07 ERROR /home/bsc03/bsc03353/forge/src/dispatcher/posix.c:61 140197106808576: r->filehandle = 36, r->size = 4194304, r->offset = 5024776192
15:40:07 ERROR /home/bsc03/bsc03353/forge/src/dispatcher/posix.c:62 140197106808576: single write -1 of expected 4194304
15:40:08 ERROR /home/bsc03/bsc03353/forge/src/dispatcher/posix.c:61 139703801059072: r->filehandle = 35, r->size = 4194304, r->offset = 33554432
15:40:08 ERROR /home/bsc03/bsc03353/forge/src/dispatcher/posix.c:62 139703801059072: single write -1 of expected 4194304
15:40:10 ERROR /home/bsc03/bsc03353/forge/src/dispatcher/posix.c:61 139680178693888: r->filehandle = 35, r->size = 4194304, r->offset = 37748736
15:40:10 ERROR /home/bsc03/bsc03353/forge/src/dispatcher/posix.c:62 139680178693888: single write -1 of expected 4194304
15:40:11 ERROR /home/bsc03/bsc03353/forge/src/dispatcher/posix.c:61 140178785863424: r->filehandle = 36, r->size = 4194304, r->offset = 2541748224
15:40:11 ERROR /home/bsc03/bsc03353/forge/src/dispatcher/posix.c:62 140178785863424: single write -1 of expected 4194304
15:40:12 ERROR /home/bsc03/bsc03353/forge/src/dispatcher/posix.c:61 140172343400192: r->filehandle = 36, r->size = 4194304, r->offset = 2113929216
15:40:12 ERROR /home/bsc03/bsc03353/forge/src/dispatcher/posix.c:62 140172343400192: single write -1 of expected 4194304
15:40:13 ERROR /home/bsc03/bsc03353/forge/src/dispatcher/posix.c:61 140180933351168: r->filehandle = 36, r->size = 4194304, r->offset = 2462056448
15:40:13 ERROR /home/bsc03/bsc03353/forge/src/dispatcher/posix.c:62 140180933351168: single write -1 of expected 4194304
15:40:13 ERROR /home/bsc03/bsc03353/forge/src/dispatcher/posix.c:61 140150441527040: r->filehandle = 36, r->size = 4194304, r->offset = 4756340736
15:40:13 ERROR /home/bsc03/bsc03353/forge/src/dispatcher/posix.c:62 140150441527040: single write -1 of expected 4194304
15:40:15 ERROR /home/bsc03/bsc03353/forge/src/dispatcher/posix.c:61 139688768644864: r->filehandle = 35, r->size = 4194304, r->offset = 528482304
15:40:15 ERROR /home/bsc03/bsc03353/forge/src/dispatcher/posix.c:62 139688768644864: single write -1 of expected 4194304
15:40:16 ERROR /home/bsc03/bsc03353/forge/src/dispatcher/posix.c:61 139712391010048: r->filehandle = 35, r->size = 4194304, r->offset = 331350016
15:40:16 ERROR /home/bsc03/bsc03353/forge/src/dispatcher/posix.c:62 139712391010048: single write -1 of expected 4194304
15:40:17 ERROR /home/bsc03/bsc03353/forge/src/dispatcher/posix.c:61 140184221882112: r->filehandle = 36, r->size = 4194304, r->offset = 4945084416
15:40:17 ERROR /home/bsc03/bsc03353/forge/src/dispatcher/posix.c:62 140184221882112: single write -1 of expected 4194304
15:40:18 ERROR /home/bsc03/bsc03353/forge/src/dispatcher/posix.c:61 140174490887936: r->filehandle = 36, r->size = 4194304, r->offset = 2118123520
15:40:18 ERROR /home/bsc03/bsc03353/forge/src/dispatcher/posix.c:62 140174490887936: single write -1 of expected 4194304
15:40:20 ERROR /home/bsc03/bsc03353/forge/src/dispatcher/posix.c:61 139705948546816: r->filehandle = 35, r->size = 4194304, r->offset = 29360128
15:40:20 ERROR /home/bsc03/bsc03353/forge/src/dispatcher/posix.c:62 139705948546816: single write -1 of expected 4194304
15:40:20 ERROR /home/bsc03/bsc03353/forge/src/dispatcher/posix.c:61 139680178693888: r->filehandle = 35, r->size = 4194304, r->offset = 1069547520
15:40:20 ERROR /home/bsc03/bsc03353/forge/src/dispatcher/posix.c:62 139680178693888: single write -1 of expected 4194304
15:40:21 ERROR /home/bsc03/bsc03353/forge/src/dispatcher/posix.c:61 139693063620352: r->filehandle = 35, r->size = 4194304, r->offset = 1002438656
15:40:21 ERROR /home/bsc03/bsc03353/forge/src/dispatcher/posix.c:62 139693063620352: single write -1 of expected 4194304
15:40:23 ERROR /home/bsc03/bsc03353/forge/src/dispatcher/posix.c:61 139708096034560: r->filehandle = 35, r->size = 4194304, r->offset = 117440512
15:40:23 ERROR /home/bsc03/bsc03353/forge/src/dispatcher/posix.c:62 139708096034560: single write -1 of expected 4194304
15:40:26 ERROR /home/bsc03/bsc03353/forge/src/dispatcher/posix.c:61 140146146551552: r->filehandle = 36, r->size = 4194304, r->offset = 4265607168
15:40:26 ERROR /home/bsc03/bsc03353/forge/src/dispatcher/posix.c:62 140146146551552: single write -1 of expected 4194304
15:40:26 ERROR /home/bsc03/bsc03353/forge/src/dispatcher/posix.c:61 140171916404480: r->filehandle = 36, r->size = 4194304, r->offset = 4261412864
15:40:26 ERROR /home/bsc03/bsc03353/forge/src/dispatcher/posix.c:62 140171916404480: single write -1 of expected 4194304
15:40:27 ERROR /home/bsc03/bsc03353/forge/src/dispatcher/posix.c:61 140186369369856: r->filehandle = 36, r->size = 4194304, r->offset = 4873781248
15:40:27 ERROR /home/bsc03/bsc03353/forge/src/dispatcher/posix.c:62 140186369369856: single write -1 of expected 4194304
15:40:36 ERROR /home/bsc03/bsc03353/forge/src/dispatcher/posix.c:61 140201401784064: r->filehandle = 36, r->size = 4194304, r->offset = 4961861632
15:40:36 ERROR /home/bsc03/bsc03353/forge/src/dispatcher/posix.c:62 140201401784064: single write -1 of expected 4194304
15:40:48 ERROR /home/bsc03/bsc03353/forge/src/dispatcher/posix.c:61 140199254296320: r->filehandle = 36, r->size = 4194304, r->offset = 6413090816
15:40:48 ERROR /home/bsc03/bsc03353/forge/src/dispatcher/posix.c:62 140199254296320: single write -1 of expected 4194304
15:40:52 ERROR /home/bsc03/bsc03353/forge/src/dispatcher/posix.c:61 140197106808576: r->filehandle = 36, r->size = 4194304, r->offset = 5096079360
15:40:52 ERROR /home/bsc03/bsc03353/forge/src/dispatcher/posix.c:62 140197106808576: single write -1 of expected 4194304
15:41:02 ERROR /home/bsc03/bsc03353/forge/src/dispatcher/posix.c:61 140179926906624: r->filehandle = 36, r->size = 4194304, r->offset = 4932501504
15:41:02 ERROR /home/bsc03/bsc03353/forge/src/dispatcher/posix.c:62 140179926906624: single write -1 of expected 4194304
15:41:02 ERROR /home/bsc03/bsc03353/forge/src/dispatcher/posix.c:61 140163326453504: r->filehandle = 36, r->size = 4194304, r->offset = 4731174912
15:41:02 ERROR /home/bsc03/bsc03353/forge/src/dispatcher/posix.c:62 140163326453504: single write -1 of expected 4194304
15:41:08 ERROR /home/bsc03/bsc03353/forge/src/dispatcher/posix.c:61 140156883990272: r->filehandle = 36, r->size = 4194304, r->offset = 4747952128
15:41:08 ERROR /home/bsc03/bsc03353/forge/src/dispatcher/posix.c:62 140156883990272: single write -1 of expected 4194304
15:41:10 ERROR /home/bsc03/bsc03353/forge/src/dispatcher/posix.c:61 140176638375680: r->filehandle = 36, r->size = 4194304, r->offset = 1778384896
15:41:10 ERROR /home/bsc03/bsc03353/forge/src/dispatcher/posix.c:62 140176638375680: single write -1 of expected 4194304
15:41:30 ERROR /home/bsc03/bsc03353/forge/src/dispatcher/posix.c:61 139699506083584: r->filehandle = 35, r->size = 4194304, r->offset = 1514143744
15:41:30 ERROR /home/bsc03/bsc03353/forge/src/dispatcher/posix.c:62 139699506083584: single write -1 of expected 4194304
15:41:49 ERROR /home/bsc03/bsc03353/forge/src/dispatcher/posix.c:61 140192811833088: r->filehandle = 36, r->size = 4194304, r->offset = 5280628736
15:41:49 ERROR /home/bsc03/bsc03353/forge/src/dispatcher/posix.c:62 140192811833088: single write -1 of expected 4194304
15:41:54 ERROR /home/bsc03/bsc03353/forge/src/dispatcher/posix.c:61 140163753449216: r->filehandle = 36, r->size = 4194304, r->offset = 2063597568
15:41:54 ERROR /home/bsc03/bsc03353/forge/src/dispatcher/posix.c:62 140163753449216: single write -1 of expected 4194304
15:42:24 ERROR /home/bsc03/bsc03353/forge/src/dispatcher/posix.c:61 140165900936960: r->filehandle = 36, r->size = 4194304, r->offset = 2659188736
15:42:24 ERROR /home/bsc03/bsc03353/forge/src/dispatcher/posix.c:62 140165900936960: single write -1 of expected 4194304
15:42:40 ERROR /home/bsc03/bsc03353/forge/src/dispatcher/posix.c:61 140178358867712: r->filehandle = 36, r->size = 4194304, r->offset = 4269801472
15:42:40 ERROR /home/bsc03/bsc03353/forge/src/dispatcher/posix.c:62 140178358867712: single write -1 of expected 4194304
--------------------------------------------------------------------------
ORTE has lost communication with a remote daemon.

  HNP daemon   : [[37832,0],0] on node s02r2b03
  Remote daemon: [[37832,0],2] on node s02r2b05

This is usually due to either a failure of the TCP network
connection to the node, or possibly an internal failure of
the daemon itself. We cannot recover from this failure, and
therefore will terminate the job.
--------------------------------------------------------------------------
slurmstepd: error: *** JOB 8737253 ON s02r2b03 CANCELLED AT 2020-02-07T15:42:45 DUE TO TIME LIMIT ***
slurmstepd: error: proctrack_p_wait: Unable to destroy container 232465 in cgroup plugin, giving up after 128 sec
