Set GCC compilers as MPI wrappers backend 
remove impi/2017.4 (PATH, MANPATH, LD_LIBRARY_PATH) 
load openmpi/4.0.2_UCX (PATH, MANPATH, LD_LIBRARY_PATH) 
Set GCC compilers as MPI wrappers backend 
load gsl/2.4 (PATH, LD_LIBRARY_PATH, LIBRARY_PATH, MANPATH, INFOPATH,
C_INCLUDE_PATH, CPLUS_INCLUDE_PATH, PKG_CONFIG_PATH, GSL_DIR) 
13:30:26 INFO  /home/bsc03/bsc03353/forge/src/main.c:107 140651447863360: I/O Forwarding Exploration [START]
Will AGIOS generate trace files? NO
Default scheduling algorithm: TO
TWINS window size: 1000000
Will the Prediction Module read information from trace files? NO
File with access time functions: /home/bsc03/bsc03353/forge/agios/access_times.func
AGIOS thinks its user has stripe size of 32768
Will AGIOS generate trace files? NO
Default scheduling algorithm: TO
TWINS window size: 1000000
Will the Prediction Module read information from trace files? NO
File with access time functions: /home/bsc03/bsc03353/forge/agios/access_times.func
AGIOS thinks its user has stripe size of 32768
13:33:48 ERROR /home/bsc03/bsc03353/forge/src/dispatcher/posix.c:61 140246066464512: r->filehandle = 47, r->size = 524288, r->offset = 0
13:33:48 ERROR /home/bsc03/bsc03353/forge/src/dispatcher/posix.c:62 140246066464512: single write -1 of expected 524288
13:33:48 ERROR /home/bsc03/bsc03353/forge/src/dispatcher/posix.c:61 140231034050304: r->filehandle = 194, r->size = 524288, r->offset = 0
13:33:48 ERROR /home/bsc03/bsc03353/forge/src/dispatcher/posix.c:62 140231034050304: single write -1 of expected 524288
13:33:48 ERROR /home/bsc03/bsc03353/forge/src/dispatcher/posix.c:61 140239624001280: r->filehandle = 100, r->size = 524288, r->offset = 0
13:33:48 ERROR /home/bsc03/bsc03353/forge/src/dispatcher/posix.c:62 140239624001280: single write -1 of expected 524288
13:33:48 ERROR /home/bsc03/bsc03353/forge/src/dispatcher/posix.c:61 140618592704256: r->filehandle = 37, r->size = 524288, r->offset = 0
13:33:48 ERROR /home/bsc03/bsc03353/forge/src/dispatcher/posix.c:62 140618592704256: single write -1 of expected 524288
13:33:49 ERROR /home/bsc03/bsc03353/forge/src/dispatcher/posix.c:61 140233181538048: r->filehandle = 57, r->size = 524288, r->offset = 0
13:33:49 ERROR /home/bsc03/bsc03353/forge/src/dispatcher/posix.c:62 140233181538048: single write -1 of expected 524288
13:33:50 ERROR /home/bsc03/bsc03353/forge/src/dispatcher/posix.c:61 140622887679744: r->filehandle = 55, r->size = 524288, r->offset = 0
13:33:50 ERROR /home/bsc03/bsc03353/forge/src/dispatcher/posix.c:62 140622887679744: single write -1 of expected 524288
13:33:53 ERROR /home/bsc03/bsc03353/forge/src/dispatcher/posix.c:61 140633625118464: r->filehandle = 85, r->size = 524288, r->offset = 0
13:33:53 ERROR /home/bsc03/bsc03353/forge/src/dispatcher/posix.c:62 140633625118464: single write -1 of expected 524288
13:33:53 ERROR /home/bsc03/bsc03353/forge/src/dispatcher/posix.c:61 140629330142976: r->filehandle = 77, r->size = 524288, r->offset = 0
13:33:53 ERROR /home/bsc03/bsc03353/forge/src/dispatcher/posix.c:62 140629330142976: single write -1 of expected 524288
13:33:55 ERROR /home/bsc03/bsc03353/forge/src/dispatcher/posix.c:61 140637920093952: r->filehandle = 162, r->size = 524288, r->offset = 0
13:33:55 ERROR /home/bsc03/bsc03353/forge/src/dispatcher/posix.c:62 140637920093952: single write -1 of expected 524288
13:33:55 ERROR /home/bsc03/bsc03353/forge/src/dispatcher/posix.c:61 140235329025792: r->filehandle = 42, r->size = 524288, r->offset = 0
13:33:55 ERROR /home/bsc03/bsc03353/forge/src/dispatcher/posix.c:62 140235329025792: single write -1 of expected 524288
13:33:58 ERROR /home/bsc03/bsc03353/forge/src/dispatcher/posix.c:61 140644362557184: r->filehandle = 46, r->size = 524288, r->offset = 0
13:33:58 ERROR /home/bsc03/bsc03353/forge/src/dispatcher/posix.c:62 140644362557184: single write -1 of expected 524288
13:33:58 ERROR /home/bsc03/bsc03353/forge/src/dispatcher/posix.c:61 140612150241024: r->filehandle = 70, r->size = 524288, r->offset = 0
13:33:58 ERROR /home/bsc03/bsc03353/forge/src/dispatcher/posix.c:62 140612150241024: single write -1 of expected 524288
13:33:58 ERROR /home/bsc03/bsc03353/forge/src/dispatcher/posix.c:61 140224591587072: r->filehandle = 182, r->size = 524288, r->offset = 0
13:33:58 ERROR /home/bsc03/bsc03353/forge/src/dispatcher/posix.c:62 140224591587072: single write -1 of expected 524288
13:34:00 ERROR /home/bsc03/bsc03353/forge/src/dispatcher/posix.c:61 140252508927744: r->filehandle = 154, r->size = 524288, r->offset = 0
13:34:00 ERROR /home/bsc03/bsc03353/forge/src/dispatcher/posix.c:62 140252508927744: single write -1 of expected 524288
13:34:01 ERROR /home/bsc03/bsc03353/forge/src/dispatcher/posix.c:61 140239624001280: r->filehandle = 115, r->size = 524288, r->offset = 0
13:34:01 ERROR /home/bsc03/bsc03353/forge/src/dispatcher/posix.c:62 140239624001280: single write -1 of expected 524288
13:34:02 ERROR /home/bsc03/bsc03353/forge/src/dispatcher/posix.c:61 140228886562560: r->filehandle = 130, r->size = 524288, r->offset = 0
13:34:02 ERROR /home/bsc03/bsc03353/forge/src/dispatcher/posix.c:62 140228886562560: single write -1 of expected 524288
13:34:02 ERROR /home/bsc03/bsc03353/forge/src/dispatcher/posix.c:61 140618592704256: r->filehandle = 175, r->size = 524288, r->offset = 0
13:34:02 ERROR /home/bsc03/bsc03353/forge/src/dispatcher/posix.c:62 140618592704256: single write -1 of expected 524288
13:34:03 ERROR /home/bsc03/bsc03353/forge/src/dispatcher/posix.c:61 140622887679744: r->filehandle = 181, r->size = 524288, r->offset = 0
13:34:03 ERROR /home/bsc03/bsc03353/forge/src/dispatcher/posix.c:62 140622887679744: single write -1 of expected 524288
13:34:03 ERROR /home/bsc03/bsc03353/forge/src/dispatcher/posix.c:61 140237476513536: r->filehandle = 169, r->size = 524288, r->offset = 0
13:34:03 ERROR /home/bsc03/bsc03353/forge/src/dispatcher/posix.c:62 140237476513536: single write -1 of expected 524288
13:34:04 ERROR /home/bsc03/bsc03353/forge/src/dispatcher/posix.c:61 140642215069440: r->filehandle = 35, r->size = 524288, r->offset = 0
13:34:04 ERROR /home/bsc03/bsc03353/forge/src/dispatcher/posix.c:62 140642215069440: single write -1 of expected 524288
13:34:05 ERROR /home/bsc03/bsc03353/forge/src/dispatcher/posix.c:61 140252508927744: r->filehandle = 85, r->size = 524288, r->offset = 0
13:34:05 ERROR /home/bsc03/bsc03353/forge/src/dispatcher/posix.c:62 140252508927744: single write -1 of expected 524288
13:34:05 ERROR /home/bsc03/bsc03353/forge/src/dispatcher/posix.c:61 140633625118464: r->filehandle = 86, r->size = 524288, r->offset = 0
13:34:05 ERROR /home/bsc03/bsc03353/forge/src/dispatcher/posix.c:62 140633625118464: single write -1 of expected 524288
13:34:06 ERROR /home/bsc03/bsc03353/forge/src/dispatcher/posix.c:61 140644362557184: r->filehandle = 93, r->size = 524288, r->offset = 0
13:34:06 ERROR /home/bsc03/bsc03353/forge/src/dispatcher/posix.c:62 140644362557184: single write -1 of expected 524288
13:34:07 ERROR /home/bsc03/bsc03353/forge/src/dispatcher/posix.c:61 140622887679744: r->filehandle = 56, r->size = 524288, r->offset = 0
13:34:07 ERROR /home/bsc03/bsc03353/forge/src/dispatcher/posix.c:62 140622887679744: single write -1 of expected 524288
13:34:07 ERROR /home/bsc03/bsc03353/forge/src/dispatcher/posix.c:61 140231034050304: r->filehandle = 139, r->size = 524288, r->offset = 0
13:34:07 ERROR /home/bsc03/bsc03353/forge/src/dispatcher/posix.c:62 140231034050304: single write -1 of expected 524288
13:34:08 ERROR /home/bsc03/bsc03353/forge/src/dispatcher/posix.c:61 140627182655232: r->filehandle = 57, r->size = 524288, r->offset = 0
13:34:08 ERROR /home/bsc03/bsc03353/forge/src/dispatcher/posix.c:61 140241771489024: r->filehandle = 36, r->size = 524288, r->offset = 0
13:34:08 ERROR /home/bsc03/bsc03353/forge/src/dispatcher/posix.c:62 140241771489024: single write -1 of expected 524288
13:34:08 ERROR /home/bsc03/bsc03353/forge/src/dispatcher/posix.c:62 140627182655232: single write -1 of expected 524288
13:34:08 ERROR /home/bsc03/bsc03353/forge/src/dispatcher/posix.c:61 140237476513536: r->filehandle = 213, r->size = 524288, r->offset = 0
13:34:08 ERROR /home/bsc03/bsc03353/forge/src/dispatcher/posix.c:62 140237476513536: single write -1 of expected 524288
13:34:10 ERROR /home/bsc03/bsc03353/forge/src/dispatcher/posix.c:61 140616445216512: r->filehandle = 184, r->size = 524288, r->offset = 0
13:34:10 ERROR /home/bsc03/bsc03353/forge/src/dispatcher/posix.c:62 140616445216512: single write -1 of expected 524288
13:34:11 ERROR /home/bsc03/bsc03353/forge/src/dispatcher/posix.c:61 140631477630720: r->filehandle = 90, r->size = 524288, r->offset = 0
13:34:11 ERROR /home/bsc03/bsc03353/forge/src/dispatcher/posix.c:62 140631477630720: single write -1 of expected 524288
13:34:12 ERROR /home/bsc03/bsc03353/forge/src/dispatcher/posix.c:61 140618592704256: r->filehandle = 186, r->size = 524288, r->offset = 0
13:34:12 ERROR /home/bsc03/bsc03353/forge/src/dispatcher/posix.c:62 140618592704256: single write -1 of expected 524288
13:34:12 ERROR /home/bsc03/bsc03353/forge/src/dispatcher/posix.c:61 140640067581696: r->filehandle = 84, r->size = 524288, r->offset = 0
13:34:12 ERROR /home/bsc03/bsc03353/forge/src/dispatcher/posix.c:62 140640067581696: single write -1 of expected 524288
13:34:13 ERROR /home/bsc03/bsc03353/forge/src/dispatcher/posix.c:61 140633625118464: r->filehandle = 41, r->size = 524288, r->offset = 0
13:34:13 ERROR /home/bsc03/bsc03353/forge/src/dispatcher/posix.c:62 140633625118464: single write -1 of expected 524288
13:34:14 ERROR /home/bsc03/bsc03353/forge/src/dispatcher/posix.c:61 140631477630720: r->filehandle = 98, r->size = 524288, r->offset = 0
13:34:14 ERROR /home/bsc03/bsc03353/forge/src/dispatcher/posix.c:62 140631477630720: single write -1 of expected 524288
13:34:15 ERROR /home/bsc03/bsc03353/forge/src/dispatcher/posix.c:61 140618592704256: r->filehandle = 206, r->size = 524288, r->offset = 0
13:34:15 ERROR /home/bsc03/bsc03353/forge/src/dispatcher/posix.c:62 140618592704256: single write -1 of expected 524288
13:34:16 ERROR /home/bsc03/bsc03353/forge/src/dispatcher/posix.c:61 140252508927744: r->filehandle = 41, r->size = 524288, r->offset = 0
13:34:16 ERROR /home/bsc03/bsc03353/forge/src/dispatcher/posix.c:62 140252508927744: single write -1 of expected 524288
13:34:16 ERROR /home/bsc03/bsc03353/forge/src/dispatcher/posix.c:61 140614297728768: r->filehandle = 168, r->size = 524288, r->offset = 0
13:34:16 ERROR /home/bsc03/bsc03353/forge/src/dispatcher/posix.c:62 140614297728768: single write -1 of expected 524288
13:34:16 ERROR /home/bsc03/bsc03353/forge/src/dispatcher/posix.c:61 140254656415488: r->filehandle = 102, r->size = 524288, r->offset = 0
13:34:16 ERROR /home/bsc03/bsc03353/forge/src/dispatcher/posix.c:62 140254656415488: single write -1 of expected 524288
13:34:16 ERROR /home/bsc03/bsc03353/forge/src/dispatcher/posix.c:61 140622887679744: r->filehandle = 60, r->size = 524288, r->offset = 0
13:34:16 ERROR /home/bsc03/bsc03353/forge/src/dispatcher/posix.c:61 140246066464512: r->filehandle = 60, r->size = 524288, r->offset = 0
13:34:16 ERROR /home/bsc03/bsc03353/forge/src/dispatcher/posix.c:62 140246066464512: single write -1 of expected 524288
13:34:16 ERROR /home/bsc03/bsc03353/forge/src/dispatcher/posix.c:62 140622887679744: single write -1 of expected 524288
13:34:18 ERROR /home/bsc03/bsc03353/forge/src/dispatcher/posix.c:61 140235329025792: r->filehandle = 200, r->size = 524288, r->offset = 0
13:34:18 ERROR /home/bsc03/bsc03353/forge/src/dispatcher/posix.c:62 140235329025792: single write -1 of expected 524288
13:34:19 ERROR /home/bsc03/bsc03353/forge/src/dispatcher/posix.c:61 140644362557184: r->filehandle = 192, r->size = 524288, r->offset = 0
13:34:19 ERROR /home/bsc03/bsc03353/forge/src/dispatcher/posix.c:62 140644362557184: single write -1 of expected 524288
13:34:20 ERROR /home/bsc03/bsc03353/forge/src/dispatcher/posix.c:61 140631477630720: r->filehandle = 148, r->size = 524288, r->offset = 0
13:34:20 ERROR /home/bsc03/bsc03353/forge/src/dispatcher/posix.c:62 140631477630720: single write -1 of expected 524288
13:34:22 ERROR /home/bsc03/bsc03353/forge/src/dispatcher/posix.c:61 140633625118464: r->filehandle = 167, r->size = 524288, r->offset = 0
13:34:22 ERROR /home/bsc03/bsc03353/forge/src/dispatcher/posix.c:62 140633625118464: single write -1 of expected 524288
13:34:22 ERROR /home/bsc03/bsc03353/forge/src/dispatcher/posix.c:61 140642215069440: r->filehandle = 149, r->size = 524288, r->offset = 0
13:34:22 ERROR /home/bsc03/bsc03353/forge/src/dispatcher/posix.c:62 140642215069440: single write -1 of expected 524288
13:34:23 ERROR /home/bsc03/bsc03353/forge/src/dispatcher/posix.c:61 140252508927744: r->filehandle = 50, r->size = 524288, r->offset = 0
13:34:23 ERROR /home/bsc03/bsc03353/forge/src/dispatcher/posix.c:62 140252508927744: single write -1 of expected 524288
13:34:24 ERROR /home/bsc03/bsc03353/forge/src/dispatcher/posix.c:61 140640067581696: r->filehandle = 100, r->size = 524288, r->offset = 0
13:34:24 ERROR /home/bsc03/bsc03353/forge/src/dispatcher/posix.c:62 140640067581696: single write -1 of expected 524288
13:34:26 ERROR /home/bsc03/bsc03353/forge/src/dispatcher/posix.c:61 140616445216512: r->filehandle = 64, r->size = 524288, r->offset = 0
13:34:26 ERROR /home/bsc03/bsc03353/forge/src/dispatcher/posix.c:62 140616445216512: single write -1 of expected 524288
13:34:26 ERROR /home/bsc03/bsc03353/forge/src/dispatcher/posix.c:61 140237476513536: r->filehandle = 96, r->size = 524288, r->offset = 0
13:34:26 ERROR /home/bsc03/bsc03353/forge/src/dispatcher/posix.c:62 140237476513536: single write -1 of expected 524288
13:34:27 ERROR /home/bsc03/bsc03353/forge/src/dispatcher/posix.c:61 140644362557184: r->filehandle = 153, r->size = 524288, r->offset = 0
13:34:27 ERROR /home/bsc03/bsc03353/forge/src/dispatcher/posix.c:62 140644362557184: single write -1 of expected 524288
13:34:27 ERROR /home/bsc03/bsc03353/forge/src/dispatcher/posix.c:61 140248213952256: r->filehandle = 74, r->size = 524288, r->offset = 0
13:34:27 ERROR /home/bsc03/bsc03353/forge/src/dispatcher/posix.c:62 140248213952256: single write -1 of expected 524288
13:34:29 ERROR /home/bsc03/bsc03353/forge/src/dispatcher/posix.c:61 140254656415488: r->filehandle = 198, r->size = 524288, r->offset = 0
13:34:29 ERROR /home/bsc03/bsc03353/forge/src/dispatcher/posix.c:62 140254656415488: single write -1 of expected 524288
13:34:30 ERROR /home/bsc03/bsc03353/forge/src/dispatcher/posix.c:61 140642215069440: r->filehandle = 103, r->size = 524288, r->offset = 0
13:34:30 ERROR /home/bsc03/bsc03353/forge/src/dispatcher/posix.c:62 140642215069440: single write -1 of expected 524288
13:34:30 ERROR /home/bsc03/bsc03353/forge/src/dispatcher/posix.c:61 140237476513536: r->filehandle = 187, r->size = 524288, r->offset = 0
13:34:30 ERROR /home/bsc03/bsc03353/forge/src/dispatcher/posix.c:62 140237476513536: single write -1 of expected 524288
13:34:30 ERROR /home/bsc03/bsc03353/forge/src/dispatcher/posix.c:61 140640067581696: r->filehandle = 151, r->size = 524288, r->offset = 0
13:34:30 ERROR /home/bsc03/bsc03353/forge/src/dispatcher/posix.c:62 140640067581696: single write -1 of expected 524288
13:34:31 ERROR /home/bsc03/bsc03353/forge/src/dispatcher/posix.c:61 140231034050304: r->filehandle = 149, r->size = 524288, r->offset = 0
13:34:31 ERROR /home/bsc03/bsc03353/forge/src/dispatcher/posix.c:62 140231034050304: single write -1 of expected 524288
13:34:31 ERROR /home/bsc03/bsc03353/forge/src/dispatcher/posix.c:61 140616445216512: r->filehandle = 150, r->size = 524288, r->offset = 0
13:34:31 ERROR /home/bsc03/bsc03353/forge/src/dispatcher/posix.c:62 140616445216512: single write -1 of expected 524288
13:34:32 ERROR /home/bsc03/bsc03353/forge/src/dispatcher/posix.c:61 140644362557184: r->filehandle = 211, r->size = 524288, r->offset = 0
13:34:32 ERROR /home/bsc03/bsc03353/forge/src/dispatcher/posix.c:62 140644362557184: single write -1 of expected 524288
13:34:33 ERROR /home/bsc03/bsc03353/forge/src/dispatcher/posix.c:61 140233181538048: r->filehandle = 89, r->size = 524288, r->offset = 0
13:34:33 ERROR /home/bsc03/bsc03353/forge/src/dispatcher/posix.c:62 140233181538048: single write -1 of expected 524288
13:34:33 ERROR /home/bsc03/bsc03353/forge/src/dispatcher/posix.c:61 140254656415488: r->filehandle = 156, r->size = 524288, r->offset = 0
13:34:33 ERROR /home/bsc03/bsc03353/forge/src/dispatcher/posix.c:62 140254656415488: single write -1 of expected 524288
13:34:34 ERROR /home/bsc03/bsc03353/forge/src/dispatcher/posix.c:61 140627182655232: r->filehandle = 125, r->size = 524288, r->offset = 0
13:34:34 ERROR /home/bsc03/bsc03353/forge/src/dispatcher/posix.c:61 140239624001280: r->filehandle = 44, r->size = 524288, r->offset = 0
13:34:34 ERROR /home/bsc03/bsc03353/forge/src/dispatcher/posix.c:62 140239624001280: single write -1 of expected 524288
13:34:35 ERROR /home/bsc03/bsc03353/forge/src/dispatcher/posix.c:62 140627182655232: single write -1 of expected 524288
13:34:35 ERROR /home/bsc03/bsc03353/forge/src/dispatcher/posix.c:61 140620740192000: r->filehandle = 159, r->size = 524288, r->offset = 0
13:34:35 ERROR /home/bsc03/bsc03353/forge/src/dispatcher/posix.c:62 140620740192000: single write -1 of expected 524288
13:34:36 ERROR /home/bsc03/bsc03353/forge/src/dispatcher/posix.c:61 140226739074816: r->filehandle = 190, r->size = 524288, r->offset = 0
13:34:36 ERROR /home/bsc03/bsc03353/forge/src/dispatcher/posix.c:62 140226739074816: single write -1 of expected 524288
13:34:36 ERROR /home/bsc03/bsc03353/forge/src/dispatcher/posix.c:61 140618592704256: r->filehandle = 152, r->size = 524288, r->offset = 0
13:34:36 ERROR /home/bsc03/bsc03353/forge/src/dispatcher/posix.c:62 140618592704256: single write -1 of expected 524288
13:34:37 ERROR /home/bsc03/bsc03353/forge/src/dispatcher/posix.c:61 140243918976768: r->filehandle = 114, r->size = 524288, r->offset = 0
13:34:37 ERROR /home/bsc03/bsc03353/forge/src/dispatcher/posix.c:62 140243918976768: single write -1 of expected 524288
13:34:38 ERROR /home/bsc03/bsc03353/forge/src/dispatcher/posix.c:61 140642215069440: r->filehandle = 102, r->size = 524288, r->offset = 0
13:34:38 ERROR /home/bsc03/bsc03353/forge/src/dispatcher/posix.c:62 140642215069440: single write -1 of expected 524288
13:34:41 ERROR /home/bsc03/bsc03353/forge/src/dispatcher/posix.c:61 140637920093952: r->filehandle = 156, r->size = 524288, r->offset = 0
13:34:41 ERROR /home/bsc03/bsc03353/forge/src/dispatcher/posix.c:62 140637920093952: single write -1 of expected 524288
13:34:41 ERROR /home/bsc03/bsc03353/forge/src/dispatcher/posix.c:61 140224591587072: r->filehandle = 211, r->size = 524288, r->offset = 0
13:34:41 ERROR /home/bsc03/bsc03353/forge/src/dispatcher/posix.c:62 140224591587072: single write -1 of expected 524288
13:34:43 ERROR /home/bsc03/bsc03353/forge/src/dispatcher/posix.c:61 140627182655232: r->filehandle = 200, r->size = 524288, r->offset = 0
13:34:43 ERROR /home/bsc03/bsc03353/forge/src/dispatcher/posix.c:62 140627182655232: single write -1 of expected 524288
13:34:43 ERROR /home/bsc03/bsc03353/forge/src/dispatcher/posix.c:61 140237476513536: r->filehandle = 78, r->size = 524288, r->offset = 0
13:34:43 ERROR /home/bsc03/bsc03353/forge/src/dispatcher/posix.c:62 140237476513536: single write -1 of expected 524288
13:34:43 ERROR /home/bsc03/bsc03353/forge/src/dispatcher/posix.c:61 140222444099328: r->filehandle = 90, r->size = 524288, r->offset = 0
13:34:43 ERROR /home/bsc03/bsc03353/forge/src/dispatcher/posix.c:62 140222444099328: single write -1 of expected 524288
13:34:44 ERROR /home/bsc03/bsc03353/forge/src/dispatcher/posix.c:61 140640067581696: r->filehandle = 44, r->size = 524288, r->offset = 0
13:34:44 ERROR /home/bsc03/bsc03353/forge/src/dispatcher/posix.c:62 140640067581696: single write -1 of expected 524288
13:34:45 ERROR /home/bsc03/bsc03353/forge/src/dispatcher/posix.c:61 140252508927744: r->filehandle = 205, r->size = 524288, r->offset = 0
13:34:45 ERROR /home/bsc03/bsc03353/forge/src/dispatcher/posix.c:62 140252508927744: single write -1 of expected 524288
13:34:46 ERROR /home/bsc03/bsc03353/forge/src/dispatcher/posix.c:61 140239624001280: r->filehandle = 179, r->size = 524288, r->offset = 0
13:34:46 ERROR /home/bsc03/bsc03353/forge/src/dispatcher/posix.c:62 140239624001280: single write -1 of expected 524288
13:34:48 ERROR /home/bsc03/bsc03353/forge/src/dispatcher/posix.c:61 140248213952256: r->filehandle = 144, r->size = 524288, r->offset = 0
13:34:48 ERROR /home/bsc03/bsc03353/forge/src/dispatcher/posix.c:62 140248213952256: single write -1 of expected 524288
13:34:49 ERROR /home/bsc03/bsc03353/forge/src/dispatcher/posix.c:61 140629330142976: r->filehandle = 82, r->size = 524288, r->offset = 0
13:34:49 ERROR /home/bsc03/bsc03353/forge/src/dispatcher/posix.c:62 140629330142976: single write -1 of expected 524288
13:34:49 ERROR /home/bsc03/bsc03353/forge/src/dispatcher/posix.c:61 140622887679744: r->filehandle = 83, r->size = 524288, r->offset = 0
13:34:49 ERROR /home/bsc03/bsc03353/forge/src/dispatcher/posix.c:62 140622887679744: single write -1 of expected 524288
13:34:50 ERROR /home/bsc03/bsc03353/forge/src/dispatcher/posix.c:61 140637920093952: r->filehandle = 88, r->size = 524288, r->offset = 0
13:34:50 ERROR /home/bsc03/bsc03353/forge/src/dispatcher/posix.c:62 140637920093952: single write -1 of expected 524288
13:34:51 ERROR /home/bsc03/bsc03353/forge/src/dispatcher/posix.c:61 140629330142976: r->filehandle = 203, r->size = 524288, r->offset = 0
13:34:51 ERROR /home/bsc03/bsc03353/forge/src/dispatcher/posix.c:62 140629330142976: single write -1 of expected 524288
13:34:52 ERROR /home/bsc03/bsc03353/forge/src/dispatcher/posix.c:61 140616445216512: r->filehandle = 72, r->size = 524288, r->offset = 0
13:34:52 ERROR /home/bsc03/bsc03353/forge/src/dispatcher/posix.c:62 140616445216512: single write -1 of expected 524288
13:34:52 ERROR /home/bsc03/bsc03353/forge/src/dispatcher/posix.c:61 140618592704256: r->filehandle = 176, r->size = 524288, r->offset = 0
13:34:52 ERROR /home/bsc03/bsc03353/forge/src/dispatcher/posix.c:62 140618592704256: single write -1 of expected 524288
13:34:54 ERROR /home/bsc03/bsc03353/forge/src/dispatcher/posix.c:61 140635772606208: r->filehandle = 188, r->size = 524288, r->offset = 0
13:34:54 ERROR /home/bsc03/bsc03353/forge/src/dispatcher/posix.c:62 140635772606208: single write -1 of expected 524288
13:34:55 ERROR /home/bsc03/bsc03353/forge/src/dispatcher/posix.c:61 140235329025792: r->filehandle = 195, r->size = 524288, r->offset = 0
13:34:55 ERROR /home/bsc03/bsc03353/forge/src/dispatcher/posix.c:62 140235329025792: single write -1 of expected 524288
13:34:55 ERROR /home/bsc03/bsc03353/forge/src/dispatcher/posix.c:61 140241771489024: r->filehandle = 59, r->size = 524288, r->offset = 0
13:34:55 ERROR /home/bsc03/bsc03353/forge/src/dispatcher/posix.c:62 140241771489024: single write -1 of expected 524288
13:34:56 ERROR /home/bsc03/bsc03353/forge/src/dispatcher/posix.c:61 140642215069440: r->filehandle = 89, r->size = 524288, r->offset = 0
13:34:56 ERROR /home/bsc03/bsc03353/forge/src/dispatcher/posix.c:62 140642215069440: single write -1 of expected 524288
13:34:57 ERROR /home/bsc03/bsc03353/forge/src/dispatcher/posix.c:61 140620740192000: r->filehandle = 174, r->size = 524288, r->offset = 0
13:34:57 ERROR /home/bsc03/bsc03353/forge/src/dispatcher/posix.c:62 140620740192000: single write -1 of expected 524288
13:34:57 ERROR /home/bsc03/bsc03353/forge/src/dispatcher/posix.c:61 140248213952256: r->filehandle = 142, r->size = 524288, r->offset = 0
13:34:57 ERROR /home/bsc03/bsc03353/forge/src/dispatcher/posix.c:62 140248213952256: single write -1 of expected 524288
13:34:57 ERROR /home/bsc03/bsc03353/forge/src/dispatcher/posix.c:61 140228886562560: r->filehandle = 110, r->size = 524288, r->offset = 0
13:34:57 ERROR /home/bsc03/bsc03353/forge/src/dispatcher/posix.c:62 140228886562560: single write -1 of expected 524288
13:34:58 ERROR /home/bsc03/bsc03353/forge/src/dispatcher/posix.c:61 140250361440000: r->filehandle = 71, r->size = 524288, r->offset = 0
13:34:58 ERROR /home/bsc03/bsc03353/forge/src/dispatcher/posix.c:62 140250361440000: single write -1 of expected 524288
13:34:59 ERROR /home/bsc03/bsc03353/forge/src/dispatcher/posix.c:61 140631477630720: r->filehandle = 49, r->size = 524288, r->offset = 0
13:34:59 ERROR /home/bsc03/bsc03353/forge/src/dispatcher/posix.c:61 140237476513536: r->filehandle = 189, r->size = 524288, r->offset = 0
13:34:59 ERROR /home/bsc03/bsc03353/forge/src/dispatcher/posix.c:62 140237476513536: single write -1 of expected 524288
13:34:59 ERROR /home/bsc03/bsc03353/forge/src/dispatcher/posix.c:62 140631477630720: single write -1 of expected 524288
13:35:00 ERROR /home/bsc03/bsc03353/forge/src/dispatcher/posix.c:61 140635772606208: r->filehandle = 183, r->size = 524288, r->offset = 0
13:35:00 ERROR /home/bsc03/bsc03353/forge/src/dispatcher/posix.c:62 140635772606208: single write -1 of expected 524288
13:35:01 ERROR /home/bsc03/bsc03353/forge/src/dispatcher/posix.c:61 140239624001280: r->filehandle = 106, r->size = 524288, r->offset = 0
13:35:01 ERROR /home/bsc03/bsc03353/forge/src/dispatcher/posix.c:62 140239624001280: single write -1 of expected 524288
13:35:02 ERROR /home/bsc03/bsc03353/forge/src/dispatcher/posix.c:61 140637920093952: r->filehandle = 160, r->size = 524288, r->offset = 0
13:35:02 ERROR /home/bsc03/bsc03353/forge/src/dispatcher/posix.c:62 140637920093952: single write -1 of expected 524288
13:35:03 ERROR /home/bsc03/bsc03353/forge/src/dispatcher/posix.c:61 140629330142976: r->filehandle = 45, r->size = 524288, r->offset = 0
13:35:03 ERROR /home/bsc03/bsc03353/forge/src/dispatcher/posix.c:62 140629330142976: single write -1 of expected 524288
13:35:03 ERROR /home/bsc03/bsc03353/forge/src/dispatcher/posix.c:61 140248213952256: r->filehandle = 209, r->size = 524288, r->offset = 0
13:35:03 ERROR /home/bsc03/bsc03353/forge/src/dispatcher/posix.c:62 140248213952256: single write -1 of expected 524288
13:35:05 ERROR /home/bsc03/bsc03353/forge/src/dispatcher/posix.c:61 140642215069440: r->filehandle = 163, r->size = 524288, r->offset = 0
13:35:05 ERROR /home/bsc03/bsc03353/forge/src/dispatcher/posix.c:62 140642215069440: single write -1 of expected 524288
13:35:06 ERROR /home/bsc03/bsc03353/forge/src/dispatcher/posix.c:61 140228886562560: r->filehandle = 103, r->size = 524288, r->offset = 0
13:35:06 ERROR /home/bsc03/bsc03353/forge/src/dispatcher/posix.c:62 140228886562560: single write -1 of expected 524288
13:35:07 ERROR /home/bsc03/bsc03353/forge/src/dispatcher/posix.c:61 140635772606208: r->filehandle = 68, r->size = 524288, r->offset = 0
13:35:07 ERROR /home/bsc03/bsc03353/forge/src/dispatcher/posix.c:62 140635772606208: single write -1 of expected 524288
13:35:08 ERROR /home/bsc03/bsc03353/forge/src/dispatcher/posix.c:61 140243918976768: r->filehandle = 58, r->size = 524288, r->offset = 0
13:35:08 ERROR /home/bsc03/bsc03353/forge/src/dispatcher/posix.c:62 140243918976768: single write -1 of expected 524288
13:35:08 ERROR /home/bsc03/bsc03353/forge/src/dispatcher/posix.c:61 140618592704256: r->filehandle = 182, r->size = 524288, r->offset = 0
13:35:08 ERROR /home/bsc03/bsc03353/forge/src/dispatcher/posix.c:62 140618592704256: single write -1 of expected 524288
13:35:09 ERROR /home/bsc03/bsc03353/forge/src/dispatcher/posix.c:61 140254656415488: r->filehandle = 191, r->size = 524288, r->offset = 0
13:35:09 ERROR /home/bsc03/bsc03353/forge/src/dispatcher/posix.c:62 140254656415488: single write -1 of expected 524288
13:35:09 ERROR /home/bsc03/bsc03353/forge/src/dispatcher/posix.c:61 140235329025792: r->filehandle = 116, r->size = 524288, r->offset = 0
13:35:09 ERROR /home/bsc03/bsc03353/forge/src/dispatcher/posix.c:62 140235329025792: single write -1 of expected 524288
13:35:10 ERROR /home/bsc03/bsc03353/forge/src/dispatcher/posix.c:61 140629330142976: r->filehandle = 87, r->size = 524288, r->offset = 0
13:35:10 ERROR /home/bsc03/bsc03353/forge/src/dispatcher/posix.c:62 140629330142976: single write -1 of expected 524288
13:35:11 ERROR /home/bsc03/bsc03353/forge/src/dispatcher/posix.c:61 140231034050304: r->filehandle = 69, r->size = 524288, r->offset = 0
13:35:11 ERROR /home/bsc03/bsc03353/forge/src/dispatcher/posix.c:62 140231034050304: single write -1 of expected 524288
13:35:11 ERROR /home/bsc03/bsc03353/forge/src/dispatcher/posix.c:61 140620740192000: r->filehandle = 164, r->size = 524288, r->offset = 0
13:35:11 ERROR /home/bsc03/bsc03353/forge/src/dispatcher/posix.c:62 140620740192000: single write -1 of expected 524288
13:35:12 ERROR /home/bsc03/bsc03353/forge/src/dispatcher/posix.c:61 140246066464512: r->filehandle = 107, r->size = 524288, r->offset = 0
13:35:12 ERROR /home/bsc03/bsc03353/forge/src/dispatcher/posix.c:62 140246066464512: single write -1 of expected 524288
13:35:13 ERROR /home/bsc03/bsc03353/forge/src/dispatcher/posix.c:61 140226739074816: r->filehandle = 192, r->size = 524288, r->offset = 0
13:35:13 ERROR /home/bsc03/bsc03353/forge/src/dispatcher/posix.c:62 140226739074816: single write -1 of expected 524288
13:35:13 ERROR /home/bsc03/bsc03353/forge/src/dispatcher/posix.c:61 140228886562560: r->filehandle = 68, r->size = 524288, r->offset = 0
13:35:13 ERROR /home/bsc03/bsc03353/forge/src/dispatcher/posix.c:62 140228886562560: single write -1 of expected 524288
13:35:14 ERROR /home/bsc03/bsc03353/forge/src/dispatcher/posix.c:61 140622887679744: r->filehandle = 115, r->size = 524288, r->offset = 0
13:35:14 ERROR /home/bsc03/bsc03353/forge/src/dispatcher/posix.c:62 140622887679744: single write -1 of expected 524288
13:35:14 ERROR /home/bsc03/bsc03353/forge/src/dispatcher/posix.c:61 140252508927744: r->filehandle = 109, r->size = 524288, r->offset = 0
13:35:14 ERROR /home/bsc03/bsc03353/forge/src/dispatcher/posix.c:62 140252508927744: single write -1 of expected 524288
13:35:16 ERROR /home/bsc03/bsc03353/forge/src/dispatcher/posix.c:61 140222444099328: r->filehandle = 196, r->size = 524288, r->offset = 0
13:35:16 ERROR /home/bsc03/bsc03353/forge/src/dispatcher/posix.c:62 140222444099328: single write -1 of expected 524288
13:35:16 ERROR /home/bsc03/bsc03353/forge/src/dispatcher/posix.c:61 140635772606208: r->filehandle = 118, r->size = 524288, r->offset = 0
13:35:16 ERROR /home/bsc03/bsc03353/forge/src/dispatcher/posix.c:62 140635772606208: single write -1 of expected 524288
13:35:17 ERROR /home/bsc03/bsc03353/forge/src/dispatcher/posix.c:61 140631477630720: r->filehandle = 171, r->size = 524288, r->offset = 0
13:35:17 ERROR /home/bsc03/bsc03353/forge/src/dispatcher/posix.c:62 140631477630720: single write -1 of expected 524288
13:35:18 ERROR /home/bsc03/bsc03353/forge/src/dispatcher/posix.c:61 140246066464512: r->filehandle = 87, r->size = 524288, r->offset = 0
13:35:18 ERROR /home/bsc03/bsc03353/forge/src/dispatcher/posix.c:62 140246066464512: single write -1 of expected 524288
13:35:18 ERROR /home/bsc03/bsc03353/forge/src/dispatcher/posix.c:61 140642215069440: r->filehandle = 170, r->size = 524288, r->offset = 0
13:35:18 ERROR /home/bsc03/bsc03353/forge/src/dispatcher/posix.c:61 140239624001280: r->filehandle = 147, r->size = 524288, r->offset = 0
13:35:18 ERROR /home/bsc03/bsc03353/forge/src/dispatcher/posix.c:62 140239624001280: single write -1 of expected 524288
13:35:18 ERROR /home/bsc03/bsc03353/forge/src/dispatcher/posix.c:62 140642215069440: single write -1 of expected 524288
slurmstepd: error: *** JOB 8730442 ON s10r1b36 CANCELLED AT 2020-02-07T13:35:19 DUE TO TIME LIMIT ***
--------------------------------------------------------------------------
ORTE has lost communication with a remote daemon.

  HNP daemon   : [[19433,0],0] on node s10r1b36
  Remote daemon: [[19433,0],1] on node s10r1b37

This is usually due to either a failure of the TCP network
connection to the node, or possibly an internal failure of
the daemon itself. We cannot recover from this failure, and
therefore will terminate the job.
--------------------------------------------------------------------------
