Set GCC compilers as MPI wrappers backend 
remove impi/2017.4 (PATH, MANPATH, LD_LIBRARY_PATH) 
load openmpi/4.0.2_UCX (PATH, MANPATH, LD_LIBRARY_PATH) 
Set GCC compilers as MPI wrappers backend 
load gsl/2.4 (PATH, LD_LIBRARY_PATH, LIBRARY_PATH, MANPATH, INFOPATH,
C_INCLUDE_PATH, CPLUS_INCLUDE_PATH, PKG_CONFIG_PATH, GSL_DIR) 
19:26:22 INFO  /home/bsc03/bsc03353/forge/src/main.c:107 140535026223168: I/O Forwarding Exploration [START]
Will AGIOS generate trace files? NO
Default scheduling algorithm: TO
TWINS window size: 1000000
Will the Prediction Module read information from trace files? NO
File with access time functions: /home/bsc03/bsc03353/forge/agios/access_times.func
AGIOS thinks its user has stripe size of 32768
Will AGIOS generate trace files? NO
Default scheduling algorithm: TO
TWINS window size: 1000000
Will the Prediction Module read information from trace files? NO
File with access time functions: /home/bsc03/bsc03353/forge/agios/access_times.func
AGIOS thinks its user has stripe size of 32768
Will AGIOS generate trace files? NO
Default scheduling algorithm: TO
TWINS window size: 1000000
Will the Prediction Module read information from trace files? NO
File with access time functions: /home/bsc03/bsc03353/forge/agios/access_times.func
AGIOS thinks its user has stripe size of 32768
Will AGIOS generate trace files? NO
Default scheduling algorithm: TO
TWINS window size: 1000000
Will the Prediction Module read information from trace files? NO
File with access time functions: /home/bsc03/bsc03353/forge/agios/access_times.func
AGIOS thinks its user has stripe size of 32768
19:30:00 ERROR /home/bsc03/bsc03353/forge/src/dispatcher/posix.c:61 140504318478080: r->filehandle = 70, r->size = 8388608, r->offset = 0
19:30:00 ERROR /home/bsc03/bsc03353/forge/src/dispatcher/posix.c:62 140504318478080: single write -1 of expected 8388608
19:30:00 ERROR /home/bsc03/bsc03353/forge/src/dispatcher/posix.c:61 140348561856256: r->filehandle = 118, r->size = 8388608, r->offset = 0
19:30:00 ERROR /home/bsc03/bsc03353/forge/src/dispatcher/posix.c:62 140348561856256: single write -1 of expected 8388608
19:30:01 ERROR /home/bsc03/bsc03353/forge/src/dispatcher/posix.c:61 139964408653568: r->filehandle = 131, r->size = 8388608, r->offset = 0
19:30:01 ERROR /home/bsc03/bsc03353/forge/src/dispatcher/posix.c:62 139964408653568: single write -1 of expected 8388608
19:30:01 ERROR /home/bsc03/bsc03353/forge/src/dispatcher/posix.c:61 140344266880768: r->filehandle = 83, r->size = 8388608, r->offset = 0
19:30:01 ERROR /home/bsc03/bsc03353/forge/src/dispatcher/posix.c:62 140344266880768: single write -1 of expected 8388608
19:30:01 ERROR /home/bsc03/bsc03353/forge/src/dispatcher/posix.c:61 139968703629056: r->filehandle = 128, r->size = 8388608, r->offset = 0
19:30:01 ERROR /home/bsc03/bsc03353/forge/src/dispatcher/posix.c:61 140342119393024: r->filehandle = 52, r->size = 8388608, r->offset = 0
19:30:01 ERROR /home/bsc03/bsc03353/forge/src/dispatcher/posix.c:62 140342119393024: single write -1 of expected 8388608
19:30:01 ERROR /home/bsc03/bsc03353/forge/src/dispatcher/posix.c:61 140410291083008: r->filehandle = 67, r->size = 8388608, r->offset = 0
19:30:01 ERROR /home/bsc03/bsc03353/forge/src/dispatcher/posix.c:62 139968703629056: single write -1 of expected 8388608
19:30:01 ERROR /home/bsc03/bsc03353/forge/src/dispatcher/posix.c:62 140410291083008: single write -1 of expected 8388608
19:30:02 ERROR /home/bsc03/bsc03353/forge/src/dispatcher/posix.c:61 140521498380032: r->filehandle = 112, r->size = 8388608, r->offset = 0
19:30:02 ERROR /home/bsc03/bsc03353/forge/src/dispatcher/posix.c:62 140521498380032: single write -1 of expected 8388608
19:30:02 ERROR /home/bsc03/bsc03353/forge/src/dispatcher/posix.c:61 140525793355520: r->filehandle = 93, r->size = 8388608, r->offset = 0
19:30:02 ERROR /home/bsc03/bsc03353/forge/src/dispatcher/posix.c:62 140525793355520: single write -1 of expected 8388608
19:30:03 ERROR /home/bsc03/bsc03353/forge/src/dispatcher/posix.c:61 140388816205568: r->filehandle = 81, r->size = 8388608, r->offset = 0
19:30:03 ERROR /home/bsc03/bsc03353/forge/src/dispatcher/posix.c:62 140388816205568: single write -1 of expected 8388608
19:30:03 ERROR /home/bsc03/bsc03353/forge/src/dispatcher/posix.c:61 140510760941312: r->filehandle = 53, r->size = 8388608, r->offset = 0
19:30:03 ERROR /home/bsc03/bsc03353/forge/src/dispatcher/posix.c:62 140510760941312: single write -1 of expected 8388608
19:30:04 ERROR /home/bsc03/bsc03353/forge/src/dispatcher/posix.c:61 139964408653568: r->filehandle = 45, r->size = 8388608, r->offset = 0
19:30:04 ERROR /home/bsc03/bsc03353/forge/src/dispatcher/posix.c:61 140527940843264: r->filehandle = 131, r->size = 8388608, r->offset = 0
19:30:04 ERROR /home/bsc03/bsc03353/forge/src/dispatcher/posix.c:62 139964408653568: single write -1 of expected 8388608
19:30:04 ERROR /home/bsc03/bsc03353/forge/src/dispatcher/posix.c:62 140527940843264: single write -1 of expected 8388608
19:30:05 ERROR /home/bsc03/bsc03353/forge/src/dispatcher/posix.c:61 140399553644288: r->filehandle = 37, r->size = 8388608, r->offset = 0
19:30:05 ERROR /home/bsc03/bsc03353/forge/src/dispatcher/posix.c:62 140399553644288: single write -1 of expected 8388608
19:30:05 ERROR /home/bsc03/bsc03353/forge/src/dispatcher/posix.c:61 140500023502592: r->filehandle = 61, r->size = 8388608, r->offset = 0
19:30:05 ERROR /home/bsc03/bsc03353/forge/src/dispatcher/posix.c:61 140331381954304: r->filehandle = 55, r->size = 8388608, r->offset = 0
19:30:05 ERROR /home/bsc03/bsc03353/forge/src/dispatcher/posix.c:62 140500023502592: single write -1 of expected 8388608
19:30:05 ERROR /home/bsc03/bsc03353/forge/src/dispatcher/posix.c:62 140331381954304: single write -1 of expected 8388608
19:30:07 ERROR /home/bsc03/bsc03353/forge/src/dispatcher/posix.c:61 139966556141312: r->filehandle = 36, r->size = 8388608, r->offset = 0
19:30:07 ERROR /home/bsc03/bsc03353/forge/src/dispatcher/posix.c:62 139966556141312: single write -1 of expected 8388608
19:30:08 ERROR /home/bsc03/bsc03353/forge/src/dispatcher/posix.c:61 140414586058496: r->filehandle = 97, r->size = 8388608, r->offset = 0
19:30:08 ERROR /home/bsc03/bsc03353/forge/src/dispatcher/posix.c:62 140414586058496: single write -1 of expected 8388608
19:30:08 ERROR /home/bsc03/bsc03353/forge/src/dispatcher/posix.c:61 140322792003328: r->filehandle = 115, r->size = 8388608, r->offset = 0
19:30:08 ERROR /home/bsc03/bsc03353/forge/src/dispatcher/posix.c:62 140322792003328: single write -1 of expected 8388608
19:30:08 ERROR /home/bsc03/bsc03353/forge/src/dispatcher/posix.c:61 139972998604544: r->filehandle = 81, r->size = 8388608, r->offset = 0
19:30:08 ERROR /home/bsc03/bsc03353/forge/src/dispatcher/posix.c:62 139972998604544: single write -1 of expected 8388608
19:30:10 ERROR /home/bsc03/bsc03353/forge/src/dispatcher/posix.c:61 140525793355520: r->filehandle = 78, r->size = 8388608, r->offset = 0
19:30:10 ERROR /home/bsc03/bsc03353/forge/src/dispatcher/posix.c:62 140525793355520: single write -1 of expected 8388608
19:30:10 ERROR /home/bsc03/bsc03353/forge/src/dispatcher/posix.c:61 140495728527104: r->filehandle = 54, r->size = 8388608, r->offset = 0
19:30:10 ERROR /home/bsc03/bsc03353/forge/src/dispatcher/posix.c:62 140495728527104: single write -1 of expected 8388608
19:30:11 ERROR /home/bsc03/bsc03353/forge/src/dispatcher/posix.c:61 139951523727104: r->filehandle = 64, r->size = 8388608, r->offset = 0
19:30:11 ERROR /home/bsc03/bsc03353/forge/src/dispatcher/posix.c:62 139951523727104: single write -1 of expected 8388608
19:30:12 ERROR /home/bsc03/bsc03353/forge/src/dispatcher/posix.c:61 139970851116800: r->filehandle = 59, r->size = 8388608, r->offset = 0
19:30:12 ERROR /home/bsc03/bsc03353/forge/src/dispatcher/posix.c:62 139970851116800: single write -1 of expected 8388608
19:30:12 ERROR /home/bsc03/bsc03353/forge/src/dispatcher/posix.c:61 140515055916800: r->filehandle = 113, r->size = 8388608, r->offset = 0
19:30:12 ERROR /home/bsc03/bsc03353/forge/src/dispatcher/posix.c:62 140515055916800: single write -1 of expected 8388608
19:30:14 ERROR /home/bsc03/bsc03353/forge/src/dispatcher/posix.c:61 140337824417536: r->filehandle = 67, r->size = 8388608, r->offset = 0
19:30:14 ERROR /home/bsc03/bsc03353/forge/src/dispatcher/posix.c:62 140337824417536: single write -1 of expected 8388608
19:30:15 ERROR /home/bsc03/bsc03353/forge/src/dispatcher/posix.c:61 140335676929792: r->filehandle = 78, r->size = 8388608, r->offset = 0
19:30:15 ERROR /home/bsc03/bsc03353/forge/src/dispatcher/posix.c:62 140335676929792: single write -1 of expected 8388608
19:30:16 ERROR /home/bsc03/bsc03353/forge/src/dispatcher/posix.c:61 140401701132032: r->filehandle = 109, r->size = 8388608, r->offset = 0
19:30:16 ERROR /home/bsc03/bsc03353/forge/src/dispatcher/posix.c:62 140401701132032: single write -1 of expected 8388608
19:30:16 ERROR /home/bsc03/bsc03353/forge/src/dispatcher/posix.c:61 139955818702592: r->filehandle = 44, r->size = 8388608, r->offset = 0
19:30:16 ERROR /home/bsc03/bsc03353/forge/src/dispatcher/posix.c:62 139955818702592: single write -1 of expected 8388608
19:30:16 ERROR /home/bsc03/bsc03353/forge/src/dispatcher/posix.c:61 140331381954304: r->filehandle = 96, r->size = 8388608, r->offset = 0
19:30:16 ERROR /home/bsc03/bsc03353/forge/src/dispatcher/posix.c:62 140331381954304: single write -1 of expected 8388608
19:30:17 ERROR /home/bsc03/bsc03353/forge/src/dispatcher/posix.c:61 140523645867776: r->filehandle = 74, r->size = 8388608, r->offset = 0
19:30:17 ERROR /home/bsc03/bsc03353/forge/src/dispatcher/posix.c:62 140523645867776: single write -1 of expected 8388608
19:30:17 ERROR /home/bsc03/bsc03353/forge/src/dispatcher/posix.c:61 140403848619776: r->filehandle = 86, r->size = 8388608, r->offset = 0
19:30:17 ERROR /home/bsc03/bsc03353/forge/src/dispatcher/posix.c:62 140403848619776: single write -1 of expected 8388608
19:30:18 ERROR /home/bsc03/bsc03353/forge/src/dispatcher/posix.c:61 140384521230080: r->filehandle = 116, r->size = 8388608, r->offset = 0
19:30:18 ERROR /home/bsc03/bsc03353/forge/src/dispatcher/posix.c:62 140384521230080: single write -1 of expected 8388608
19:30:19 ERROR /home/bsc03/bsc03353/forge/src/dispatcher/posix.c:61 140525793355520: r->filehandle = 110, r->size = 8388608, r->offset = 0
19:30:19 ERROR /home/bsc03/bsc03353/forge/src/dispatcher/posix.c:61 140401701132032: r->filehandle = 107, r->size = 8388608, r->offset = 0
19:30:19 ERROR /home/bsc03/bsc03353/forge/src/dispatcher/posix.c:62 140401701132032: single write -1 of expected 8388608
19:30:19 ERROR /home/bsc03/bsc03353/forge/src/dispatcher/posix.c:62 140525793355520: single write -1 of expected 8388608
19:30:20 ERROR /home/bsc03/bsc03353/forge/src/dispatcher/posix.c:61 140515055916800: r->filehandle = 75, r->size = 8388608, r->offset = 0
19:30:20 ERROR /home/bsc03/bsc03353/forge/src/dispatcher/posix.c:62 140515055916800: single write -1 of expected 8388608
19:30:21 ERROR /home/bsc03/bsc03353/forge/src/dispatcher/posix.c:61 140527940843264: r->filehandle = 100, r->size = 8388608, r->offset = 0
19:30:21 ERROR /home/bsc03/bsc03353/forge/src/dispatcher/posix.c:62 140527940843264: single write -1 of expected 8388608
19:30:22 ERROR /home/bsc03/bsc03353/forge/src/dispatcher/posix.c:61 140390963693312: r->filehandle = 60, r->size = 8388608, r->offset = 0
19:30:22 ERROR /home/bsc03/bsc03353/forge/src/dispatcher/posix.c:62 140390963693312: single write -1 of expected 8388608
19:30:22 ERROR /home/bsc03/bsc03353/forge/src/dispatcher/posix.c:61 140355004319488: r->filehandle = 128, r->size = 8388608, r->offset = 0
19:30:22 ERROR /home/bsc03/bsc03353/forge/src/dispatcher/posix.c:62 140355004319488: single write -1 of expected 8388608
19:30:22 ERROR /home/bsc03/bsc03353/forge/src/dispatcher/posix.c:61 139949376239360: r->filehandle = 120, r->size = 8388608, r->offset = 0
19:30:22 ERROR /home/bsc03/bsc03353/forge/src/dispatcher/posix.c:62 139949376239360: single write -1 of expected 8388608
19:30:23 ERROR /home/bsc03/bsc03353/forge/src/dispatcher/posix.c:61 139951523727104: r->filehandle = 91, r->size = 8388608, r->offset = 0
19:30:23 ERROR /home/bsc03/bsc03353/forge/src/dispatcher/posix.c:62 139951523727104: single write -1 of expected 8388608
19:30:23 ERROR /home/bsc03/bsc03353/forge/src/dispatcher/posix.c:61 139972998604544: r->filehandle = 90, r->size = 8388608, r->offset = 0
19:30:23 ERROR /home/bsc03/bsc03353/forge/src/dispatcher/posix.c:62 139972998604544: single write -1 of expected 8388608
19:30:24 ERROR /home/bsc03/bsc03353/forge/src/dispatcher/posix.c:61 140327086978816: r->filehandle = 48, r->size = 8388608, r->offset = 0
19:30:24 ERROR /home/bsc03/bsc03353/forge/src/dispatcher/posix.c:62 140327086978816: single write -1 of expected 8388608
19:30:24 ERROR /home/bsc03/bsc03353/forge/src/dispatcher/posix.c:61 139955818702592: r->filehandle = 58, r->size = 8388608, r->offset = 0
19:30:24 ERROR /home/bsc03/bsc03353/forge/src/dispatcher/posix.c:62 139955818702592: single write -1 of expected 8388608
19:30:25 ERROR /home/bsc03/bsc03353/forge/src/dispatcher/posix.c:61 140502170990336: r->filehandle = 91, r->size = 8388608, r->offset = 0
19:30:25 ERROR /home/bsc03/bsc03353/forge/src/dispatcher/posix.c:61 139957966190336: r->filehandle = 60, r->size = 8388608, r->offset = 0
19:30:25 ERROR /home/bsc03/bsc03353/forge/src/dispatcher/posix.c:62 139957966190336: single write -1 of expected 8388608
19:30:25 ERROR /home/bsc03/bsc03353/forge/src/dispatcher/posix.c:62 140502170990336: single write -1 of expected 8388608
19:30:25 ERROR /home/bsc03/bsc03353/forge/src/dispatcher/posix.c:61 139968703629056: r->filehandle = 123, r->size = 8388608, r->offset = 0
19:30:25 ERROR /home/bsc03/bsc03353/forge/src/dispatcher/posix.c:61 140355004319488: r->filehandle = 100, r->size = 8388608, r->offset = 0
19:30:25 ERROR /home/bsc03/bsc03353/forge/src/dispatcher/posix.c:61 140382373742336: r->filehandle = 56, r->size = 8388608, r->offset = 0
19:30:25 ERROR /home/bsc03/bsc03353/forge/src/dispatcher/posix.c:62 139968703629056: single write -1 of expected 8388608
19:30:25 ERROR /home/bsc03/bsc03353/forge/src/dispatcher/posix.c:62 140355004319488: single write -1 of expected 8388608
19:30:25 ERROR /home/bsc03/bsc03353/forge/src/dispatcher/posix.c:62 140382373742336: single write -1 of expected 8388608
19:30:26 ERROR /home/bsc03/bsc03353/forge/src/dispatcher/posix.c:61 140352856831744: r->filehandle = 110, r->size = 8388608, r->offset = 0
19:30:26 ERROR /home/bsc03/bsc03353/forge/src/dispatcher/posix.c:62 140352856831744: single write -1 of expected 8388608
19:30:26 ERROR /home/bsc03/bsc03353/forge/src/dispatcher/posix.c:61 140410291083008: r->filehandle = 104, r->size = 8388608, r->offset = 0
19:30:26 ERROR /home/bsc03/bsc03353/forge/src/dispatcher/posix.c:62 140410291083008: single write -1 of expected 8388608
19:30:29 ERROR /home/bsc03/bsc03353/forge/src/dispatcher/posix.c:61 140510760941312: r->filehandle = 65, r->size = 8388608, r->offset = 0
19:30:29 ERROR /home/bsc03/bsc03353/forge/src/dispatcher/posix.c:62 140510760941312: single write -1 of expected 8388608
19:30:29 ERROR /home/bsc03/bsc03353/forge/src/dispatcher/posix.c:61 140384521230080: r->filehandle = 114, r->size = 8388608, r->offset = 0
19:30:29 ERROR /home/bsc03/bsc03353/forge/src/dispatcher/posix.c:62 140384521230080: single write -1 of expected 8388608
19:30:29 ERROR /home/bsc03/bsc03353/forge/src/dispatcher/posix.c:61 140339971905280: r->filehandle = 89, r->size = 8388608, r->offset = 0
19:30:29 ERROR /home/bsc03/bsc03353/forge/src/dispatcher/posix.c:62 140339971905280: single write -1 of expected 8388608
19:30:31 ERROR /home/bsc03/bsc03353/forge/src/dispatcher/posix.c:61 140525793355520: r->filehandle = 103, r->size = 8388608, r->offset = 0
19:30:31 ERROR /home/bsc03/bsc03353/forge/src/dispatcher/posix.c:61 140393111181056: r->filehandle = 127, r->size = 8388608, r->offset = 0
19:30:31 ERROR /home/bsc03/bsc03353/forge/src/dispatcher/posix.c:61 139964408653568: r->filehandle = 104, r->size = 8388608, r->offset = 0
19:30:31 ERROR /home/bsc03/bsc03353/forge/src/dispatcher/posix.c:62 140393111181056: single write -1 of expected 8388608
19:30:31 ERROR /home/bsc03/bsc03353/forge/src/dispatcher/posix.c:62 139964408653568: single write -1 of expected 8388608
19:30:31 ERROR /home/bsc03/bsc03353/forge/src/dispatcher/posix.c:62 140525793355520: single write -1 of expected 8388608
19:30:31 ERROR /home/bsc03/bsc03353/forge/src/dispatcher/posix.c:61 140517203404544: r->filehandle = 79, r->size = 8388608, r->offset = 0
19:30:31 ERROR /home/bsc03/bsc03353/forge/src/dispatcher/posix.c:62 140517203404544: single write -1 of expected 8388608
19:30:32 ERROR /home/bsc03/bsc03353/forge/src/dispatcher/posix.c:61 140508613453568: r->filehandle = 101, r->size = 8388608, r->offset = 0
19:30:32 ERROR /home/bsc03/bsc03353/forge/src/dispatcher/posix.c:62 140508613453568: single write -1 of expected 8388608
19:30:33 ERROR /home/bsc03/bsc03353/forge/src/dispatcher/posix.c:61 139953671214848: r->filehandle = 73, r->size = 8388608, r->offset = 0
19:30:33 ERROR /home/bsc03/bsc03353/forge/src/dispatcher/posix.c:62 139953671214848: single write -1 of expected 8388608
19:30:33 ERROR /home/bsc03/bsc03353/forge/src/dispatcher/posix.c:61 140403848619776: r->filehandle = 118, r->size = 8388608, r->offset = 0
19:30:33 ERROR /home/bsc03/bsc03353/forge/src/dispatcher/posix.c:62 140403848619776: single write -1 of expected 8388608
19:30:34 ERROR /home/bsc03/bsc03353/forge/src/dispatcher/posix.c:61 139949376239360: r->filehandle = 79, r->size = 8388608, r->offset = 0
19:30:34 ERROR /home/bsc03/bsc03353/forge/src/dispatcher/posix.c:62 139949376239360: single write -1 of expected 8388608
19:30:37 ERROR /home/bsc03/bsc03353/forge/src/dispatcher/posix.c:61 140519350892288: r->filehandle = 81, r->size = 8388608, r->offset = 0
19:30:37 ERROR /home/bsc03/bsc03353/forge/src/dispatcher/posix.c:61 140350709344000: r->filehandle = 49, r->size = 8388608, r->offset = 0
19:30:37 ERROR /home/bsc03/bsc03353/forge/src/dispatcher/posix.c:61 140405996107520: r->filehandle = 58, r->size = 8388608, r->offset = 0
19:30:37 ERROR /home/bsc03/bsc03353/forge/src/dispatcher/posix.c:62 140519350892288: single write -1 of expected 8388608
19:30:37 ERROR /home/bsc03/bsc03353/forge/src/dispatcher/posix.c:62 140350709344000: single write -1 of expected 8388608
19:30:37 ERROR /home/bsc03/bsc03353/forge/src/dispatcher/posix.c:62 140405996107520: single write -1 of expected 8388608
19:30:37 ERROR /home/bsc03/bsc03353/forge/src/dispatcher/posix.c:61 140393111181056: r->filehandle = 52, r->size = 8388608, r->offset = 0
19:30:37 ERROR /home/bsc03/bsc03353/forge/src/dispatcher/posix.c:62 140393111181056: single write -1 of expected 8388608
19:30:37 ERROR /home/bsc03/bsc03353/forge/src/dispatcher/posix.c:61 140500023502592: r->filehandle = 77, r->size = 8388608, r->offset = 0
19:30:37 ERROR /home/bsc03/bsc03353/forge/src/dispatcher/posix.c:62 140500023502592: single write -1 of expected 8388608
19:30:42 ERROR /home/bsc03/bsc03353/forge/src/dispatcher/posix.c:61 140329234466560: r->filehandle = 42, r->size = 8388608, r->offset = 0
19:30:42 ERROR /home/bsc03/bsc03353/forge/src/dispatcher/posix.c:62 140329234466560: single write -1 of expected 8388608
19:30:42 ERROR /home/bsc03/bsc03353/forge/src/dispatcher/posix.c:61 140399553644288: r->filehandle = 71, r->size = 8388608, r->offset = 0
19:30:42 ERROR /home/bsc03/bsc03353/forge/src/dispatcher/posix.c:62 140399553644288: single write -1 of expected 8388608
19:30:43 ERROR /home/bsc03/bsc03353/forge/src/dispatcher/posix.c:61 139957966190336: r->filehandle = 46, r->size = 8388608, r->offset = 0
19:30:43 ERROR /home/bsc03/bsc03353/forge/src/dispatcher/posix.c:62 139957966190336: single write -1 of expected 8388608
19:30:44 ERROR /home/bsc03/bsc03353/forge/src/dispatcher/posix.c:61 139953671214848: r->filehandle = 42, r->size = 8388608, r->offset = 0
19:30:44 ERROR /home/bsc03/bsc03353/forge/src/dispatcher/posix.c:62 139953671214848: single write -1 of expected 8388608
19:30:45 ERROR /home/bsc03/bsc03353/forge/src/dispatcher/posix.c:61 140352856831744: r->filehandle = 56, r->size = 8388608, r->offset = 0
19:30:45 ERROR /home/bsc03/bsc03353/forge/src/dispatcher/posix.c:62 140352856831744: single write -1 of expected 8388608
19:30:46 ERROR /home/bsc03/bsc03353/forge/src/dispatcher/posix.c:61 140510760941312: r->filehandle = 124, r->size = 8388608, r->offset = 0
19:30:46 ERROR /home/bsc03/bsc03353/forge/src/dispatcher/posix.c:62 140510760941312: single write -1 of expected 8388608
19:30:49 ERROR /home/bsc03/bsc03353/forge/src/dispatcher/posix.c:61 140344266880768: r->filehandle = 114, r->size = 8388608, r->offset = 0
19:30:49 ERROR /home/bsc03/bsc03353/forge/src/dispatcher/posix.c:62 140344266880768: single write -1 of expected 8388608
19:30:50 ERROR /home/bsc03/bsc03353/forge/src/dispatcher/posix.c:61 140390963693312: r->filehandle = 131, r->size = 8388608, r->offset = 0
19:30:50 ERROR /home/bsc03/bsc03353/forge/src/dispatcher/posix.c:62 140390963693312: single write -1 of expected 8388608
19:30:51 ERROR /home/bsc03/bsc03353/forge/src/dispatcher/posix.c:61 140525793355520: r->filehandle = 76, r->size = 8388608, r->offset = 0
19:30:51 ERROR /home/bsc03/bsc03353/forge/src/dispatcher/posix.c:61 140331381954304: r->filehandle = 91, r->size = 8388608, r->offset = 0
19:30:51 ERROR /home/bsc03/bsc03353/forge/src/dispatcher/posix.c:62 140331381954304: single write -1 of expected 8388608
19:30:51 ERROR /home/bsc03/bsc03353/forge/src/dispatcher/posix.c:62 140525793355520: single write -1 of expected 8388608
19:30:52 ERROR /home/bsc03/bsc03353/forge/src/dispatcher/posix.c:61 140405996107520: r->filehandle = 59, r->size = 8388608, r->offset = 0
19:30:52 ERROR /home/bsc03/bsc03353/forge/src/dispatcher/posix.c:62 140405996107520: single write -1 of expected 8388608
19:30:53 ERROR /home/bsc03/bsc03353/forge/src/dispatcher/posix.c:61 140500023502592: r->filehandle = 55, r->size = 8388608, r->offset = 0
19:30:53 ERROR /home/bsc03/bsc03353/forge/src/dispatcher/posix.c:62 140500023502592: single write -1 of expected 8388608
19:30:54 ERROR /home/bsc03/bsc03353/forge/src/dispatcher/posix.c:61 140412438570752: r->filehandle = 50, r->size = 8388608, r->offset = 0
19:30:54 ERROR /home/bsc03/bsc03353/forge/src/dispatcher/posix.c:62 140412438570752: single write -1 of expected 8388608
19:30:54 ERROR /home/bsc03/bsc03353/forge/src/dispatcher/posix.c:61 140502170990336: r->filehandle = 90, r->size = 8388608, r->offset = 0
19:30:54 ERROR /home/bsc03/bsc03353/forge/src/dispatcher/posix.c:61 140390963693312: r->filehandle = 117, r->size = 8388608, r->offset = 0
19:30:54 ERROR /home/bsc03/bsc03353/forge/src/dispatcher/posix.c:62 140390963693312: single write -1 of expected 8388608
19:30:54 ERROR /home/bsc03/bsc03353/forge/src/dispatcher/posix.c:62 140502170990336: single write -1 of expected 8388608
19:30:54 ERROR /home/bsc03/bsc03353/forge/src/dispatcher/posix.c:61 139945081263872: r->filehandle = 38, r->size = 8388608, r->offset = 0
19:30:54 ERROR /home/bsc03/bsc03353/forge/src/dispatcher/posix.c:62 139945081263872: single write -1 of expected 8388608
19:30:56 ERROR /home/bsc03/bsc03353/forge/src/dispatcher/posix.c:61 139947228751616: r->filehandle = 92, r->size = 8388608, r->offset = 0
19:30:56 ERROR /home/bsc03/bsc03353/forge/src/dispatcher/posix.c:62 139947228751616: single write -1 of expected 8388608
19:30:57 ERROR /home/bsc03/bsc03353/forge/src/dispatcher/posix.c:61 140412438570752: r->filehandle = 55, r->size = 8388608, r->offset = 0
19:30:57 ERROR /home/bsc03/bsc03353/forge/src/dispatcher/posix.c:62 140412438570752: single write -1 of expected 8388608
19:30:57 ERROR /home/bsc03/bsc03353/forge/src/dispatcher/posix.c:61 140399553644288: r->filehandle = 39, r->size = 8388608, r->offset = 0
19:30:57 ERROR /home/bsc03/bsc03353/forge/src/dispatcher/posix.c:62 140399553644288: single write -1 of expected 8388608
19:30:58 ERROR /home/bsc03/bsc03353/forge/src/dispatcher/posix.c:61 139949376239360: r->filehandle = 115, r->size = 8388608, r->offset = 0
19:30:58 ERROR /home/bsc03/bsc03353/forge/src/dispatcher/posix.c:61 140495728527104: r->filehandle = 126, r->size = 8388608, r->offset = 0
19:30:58 ERROR /home/bsc03/bsc03353/forge/src/dispatcher/posix.c:62 139949376239360: single write -1 of expected 8388608
19:30:58 ERROR /home/bsc03/bsc03353/forge/src/dispatcher/posix.c:62 140495728527104: single write -1 of expected 8388608
19:31:00 ERROR /home/bsc03/bsc03353/forge/src/dispatcher/posix.c:61 140508613453568: r->filehandle = 36, r->size = 8388608, r->offset = 0
19:31:00 ERROR /home/bsc03/bsc03353/forge/src/dispatcher/posix.c:62 140508613453568: single write -1 of expected 8388608
19:31:00 ERROR /home/bsc03/bsc03353/forge/src/dispatcher/posix.c:61 140390963693312: r->filehandle = 112, r->size = 8388608, r->offset = 0
19:31:00 ERROR /home/bsc03/bsc03353/forge/src/dispatcher/posix.c:62 140390963693312: single write -1 of expected 8388608
19:31:01 ERROR /home/bsc03/bsc03353/forge/src/dispatcher/posix.c:61 140517203404544: r->filehandle = 98, r->size = 8388608, r->offset = 0
19:31:01 ERROR /home/bsc03/bsc03353/forge/src/dispatcher/posix.c:62 140517203404544: single write -1 of expected 8388608
19:31:01 ERROR /home/bsc03/bsc03353/forge/src/dispatcher/posix.c:61 140388816205568: r->filehandle = 61, r->size = 8388608, r->offset = 0
19:31:01 ERROR /home/bsc03/bsc03353/forge/src/dispatcher/posix.c:62 140388816205568: single write -1 of expected 8388608
19:31:01 ERROR /home/bsc03/bsc03353/forge/src/dispatcher/posix.c:61 140337824417536: r->filehandle = 122, r->size = 8388608, r->offset = 0
19:31:01 ERROR /home/bsc03/bsc03353/forge/src/dispatcher/posix.c:62 140337824417536: single write -1 of expected 8388608
19:31:02 ERROR /home/bsc03/bsc03353/forge/src/dispatcher/posix.c:61 139977293580032: r->filehandle = 100, r->size = 8388608, r->offset = 0
19:31:02 ERROR /home/bsc03/bsc03353/forge/src/dispatcher/posix.c:62 139977293580032: single write -1 of expected 8388608
19:31:03 ERROR /home/bsc03/bsc03353/forge/src/dispatcher/posix.c:61 140504318478080: r->filehandle = 94, r->size = 8388608, r->offset = 0
19:31:03 ERROR /home/bsc03/bsc03353/forge/src/dispatcher/posix.c:62 140504318478080: single write -1 of expected 8388608
19:31:04 ERROR /home/bsc03/bsc03353/forge/src/dispatcher/posix.c:61 140521498380032: r->filehandle = 50, r->size = 8388608, r->offset = 0
19:31:04 ERROR /home/bsc03/bsc03353/forge/src/dispatcher/posix.c:62 140521498380032: single write -1 of expected 8388608
19:31:04 ERROR /home/bsc03/bsc03353/forge/src/dispatcher/posix.c:61 139964408653568: r->filehandle = 124, r->size = 8388608, r->offset = 0
19:31:04 ERROR /home/bsc03/bsc03353/forge/src/dispatcher/posix.c:62 139964408653568: single write -1 of expected 8388608
19:31:05 ERROR /home/bsc03/bsc03353/forge/src/dispatcher/posix.c:61 140324939491072: r->filehandle = 47, r->size = 8388608, r->offset = 0
19:31:05 ERROR /home/bsc03/bsc03353/forge/src/dispatcher/posix.c:62 140324939491072: single write -1 of expected 8388608
19:31:05 ERROR /home/bsc03/bsc03353/forge/src/dispatcher/posix.c:61 140519350892288: r->filehandle = 38, r->size = 8388608, r->offset = 0
19:31:05 ERROR /home/bsc03/bsc03353/forge/src/dispatcher/posix.c:62 140519350892288: single write -1 of expected 8388608
19:31:07 ERROR /home/bsc03/bsc03353/forge/src/dispatcher/posix.c:61 140508613453568: r->filehandle = 109, r->size = 8388608, r->offset = 0
19:31:07 ERROR /home/bsc03/bsc03353/forge/src/dispatcher/posix.c:62 140508613453568: single write -1 of expected 8388608
19:31:08 ERROR /home/bsc03/bsc03353/forge/src/dispatcher/posix.c:61 140322792003328: r->filehandle = 73, r->size = 8388608, r->offset = 0
19:31:08 ERROR /home/bsc03/bsc03353/forge/src/dispatcher/posix.c:62 140322792003328: single write -1 of expected 8388608
19:31:09 ERROR /home/bsc03/bsc03353/forge/src/dispatcher/posix.c:61 140403848619776: r->filehandle = 126, r->size = 8388608, r->offset = 0
19:31:09 ERROR /home/bsc03/bsc03353/forge/src/dispatcher/posix.c:62 140403848619776: single write -1 of expected 8388608
19:31:10 ERROR /home/bsc03/bsc03353/forge/src/dispatcher/posix.c:61 140510760941312: r->filehandle = 118, r->size = 8388608, r->offset = 0
19:31:10 ERROR /home/bsc03/bsc03353/forge/src/dispatcher/posix.c:62 140510760941312: single write -1 of expected 8388608
19:31:10 ERROR /home/bsc03/bsc03353/forge/src/dispatcher/posix.c:61 140352856831744: r->filehandle = 57, r->size = 8388608, r->offset = 0
19:31:10 ERROR /home/bsc03/bsc03353/forge/src/dispatcher/posix.c:62 140352856831744: single write -1 of expected 8388608
19:31:11 ERROR /home/bsc03/bsc03353/forge/src/dispatcher/posix.c:61 140410291083008: r->filehandle = 36, r->size = 8388608, r->offset = 0
19:31:11 ERROR /home/bsc03/bsc03353/forge/src/dispatcher/posix.c:61 139977293580032: r->filehandle = 61, r->size = 8388608, r->offset = 0
19:31:11 ERROR /home/bsc03/bsc03353/forge/src/dispatcher/posix.c:61 140322792003328: r->filehandle = 119, r->size = 8388608, r->offset = 0
19:31:11 ERROR /home/bsc03/bsc03353/forge/src/dispatcher/posix.c:62 140410291083008: single write -1 of expected 8388608
19:31:11 ERROR /home/bsc03/bsc03353/forge/src/dispatcher/posix.c:62 139977293580032: single write -1 of expected 8388608
19:31:11 ERROR /home/bsc03/bsc03353/forge/src/dispatcher/posix.c:62 140322792003328: single write -1 of expected 8388608
19:31:12 ERROR /home/bsc03/bsc03353/forge/src/dispatcher/posix.c:61 140412438570752: r->filehandle = 47, r->size = 8388608, r->offset = 0
19:31:12 ERROR /home/bsc03/bsc03353/forge/src/dispatcher/posix.c:62 140412438570752: single write -1 of expected 8388608
19:31:14 ERROR /home/bsc03/bsc03353/forge/src/dispatcher/posix.c:61 140395258668800: r->filehandle = 110, r->size = 8388608, r->offset = 0
19:31:14 ERROR /home/bsc03/bsc03353/forge/src/dispatcher/posix.c:62 140395258668800: single write -1 of expected 8388608
19:31:14 ERROR /home/bsc03/bsc03353/forge/src/dispatcher/posix.c:61 140525793355520: r->filehandle = 127, r->size = 8388608, r->offset = 0
19:31:14 ERROR /home/bsc03/bsc03353/forge/src/dispatcher/posix.c:62 140525793355520: single write -1 of expected 8388608
19:31:15 ERROR /home/bsc03/bsc03353/forge/src/dispatcher/posix.c:61 139972998604544: r->filehandle = 47, r->size = 8388608, r->offset = 0
19:31:15 ERROR /home/bsc03/bsc03353/forge/src/dispatcher/posix.c:62 139972998604544: single write -1 of expected 8388608
19:31:15 ERROR /home/bsc03/bsc03353/forge/src/dispatcher/posix.c:61 140412438570752: r->filehandle = 43, r->size = 8388608, r->offset = 0
19:31:15 ERROR /home/bsc03/bsc03353/forge/src/dispatcher/posix.c:62 140412438570752: single write -1 of expected 8388608
19:31:15 ERROR /home/bsc03/bsc03353/forge/src/dispatcher/posix.c:61 140495728527104: r->filehandle = 106, r->size = 8388608, r->offset = 0
19:31:15 ERROR /home/bsc03/bsc03353/forge/src/dispatcher/posix.c:62 140495728527104: single write -1 of expected 8388608
19:31:16 ERROR /home/bsc03/bsc03353/forge/src/dispatcher/posix.c:61 140335676929792: r->filehandle = 126, r->size = 8388608, r->offset = 0
19:31:16 ERROR /home/bsc03/bsc03353/forge/src/dispatcher/posix.c:62 140335676929792: single write -1 of expected 8388608
19:31:16 ERROR /home/bsc03/bsc03353/forge/src/dispatcher/posix.c:61 140327086978816: r->filehandle = 92, r->size = 8388608, r->offset = 0
19:31:16 ERROR /home/bsc03/bsc03353/forge/src/dispatcher/posix.c:62 140327086978816: single write -1 of expected 8388608
19:31:17 ERROR /home/bsc03/bsc03353/forge/src/dispatcher/posix.c:61 140500023502592: r->filehandle = 120, r->size = 8388608, r->offset = 0
19:31:17 ERROR /home/bsc03/bsc03353/forge/src/dispatcher/posix.c:62 140500023502592: single write -1 of expected 8388608
19:31:18 ERROR /home/bsc03/bsc03353/forge/src/dispatcher/posix.c:61 139970851116800: r->filehandle = 87, r->size = 8388608, r->offset = 0
19:31:18 ERROR /home/bsc03/bsc03353/forge/src/dispatcher/posix.c:61 140517203404544: r->filehandle = 40, r->size = 8388608, r->offset = 0
19:31:18 ERROR /home/bsc03/bsc03353/forge/src/dispatcher/posix.c:62 139970851116800: single write -1 of expected 8388608
19:31:18 ERROR /home/bsc03/bsc03353/forge/src/dispatcher/posix.c:62 140517203404544: single write -1 of expected 8388608
slurmstepd: error: *** JOB 8737426 ON s07r1b39 CANCELLED AT 2020-02-07T19:31:18 DUE TO TIME LIMIT ***
--------------------------------------------------------------------------
ORTE has lost communication with a remote daemon.

  HNP daemon   : [[5557,0],0] on node s07r1b39
  Remote daemon: [[5557,0],29] on node s24r2b20

This is usually due to either a failure of the TCP network
connection to the node, or possibly an internal failure of
the daemon itself. We cannot recover from this failure, and
therefore will terminate the job.
--------------------------------------------------------------------------
