Set GCC compilers as MPI wrappers backend 
remove impi/2017.4 (PATH, MANPATH, LD_LIBRARY_PATH) 
load openmpi/4.0.2_UCX (PATH, MANPATH, LD_LIBRARY_PATH) 
Set GCC compilers as MPI wrappers backend 
load gsl/2.4 (PATH, LD_LIBRARY_PATH, LIBRARY_PATH, MANPATH, INFOPATH,
C_INCLUDE_PATH, CPLUS_INCLUDE_PATH, PKG_CONFIG_PATH, GSL_DIR) 
02:48:38 INFO  /home/bsc03/bsc03353/forge/src/main.c:107 139672400967744: I/O Forwarding Exploration [START]
Will AGIOS generate trace files? NO
Default scheduling algorithm: TO
TWINS window size: 1000000
Will the Prediction Module read information from trace files? NO
File with access time functions: /home/bsc03/bsc03353/forge/agios/access_times.func
AGIOS thinks its user has stripe size of 32768
Will AGIOS generate trace files? NO
Default scheduling algorithm: TO
TWINS window size: 1000000
Will the Prediction Module read information from trace files? NO
File with access time functions: /home/bsc03/bsc03353/forge/agios/access_times.func
AGIOS thinks its user has stripe size of 32768
02:48:41 ERROR /home/bsc03/bsc03353/forge/src/dispatcher/posix.c:61 139846061086464: r->filehandle = 36, r->size = 524288, r->offset = 91750400
02:48:41 ERROR /home/bsc03/bsc03353/forge/src/dispatcher/posix.c:62 139846061086464: single write -1 of expected 524288
02:48:42 ERROR /home/bsc03/bsc03353/forge/src/dispatcher/posix.c:61 139841766110976: r->filehandle = 36, r->size = 524288, r->offset = 87031808
02:48:42 ERROR /home/bsc03/bsc03353/forge/src/dispatcher/posix.c:62 139841766110976: single write -1 of expected 524288
02:48:43 ERROR /home/bsc03/bsc03353/forge/src/dispatcher/posix.c:61 139861093500672: r->filehandle = 36, r->size = 524288, r->offset = 78643200
02:48:43 ERROR /home/bsc03/bsc03353/forge/src/dispatcher/posix.c:62 139861093500672: single write -1 of expected 524288
02:48:45 ERROR /home/bsc03/bsc03353/forge/src/dispatcher/posix.c:61 139867535963904: r->filehandle = 36, r->size = 524288, r->offset = 82837504
02:48:45 ERROR /home/bsc03/bsc03353/forge/src/dispatcher/posix.c:62 139867535963904: single write -1 of expected 524288
02:48:46 ERROR /home/bsc03/bsc03353/forge/src/dispatcher/posix.c:61 139856798525184: r->filehandle = 36, r->size = 524288, r->offset = 53477376
02:48:46 ERROR /home/bsc03/bsc03353/forge/src/dispatcher/posix.c:62 139856798525184: single write -1 of expected 524288
02:48:47 ERROR /home/bsc03/bsc03353/forge/src/dispatcher/posix.c:61 139865388476160: r->filehandle = 36, r->size = 524288, r->offset = 57671680
02:48:47 ERROR /home/bsc03/bsc03353/forge/src/dispatcher/posix.c:62 139865388476160: single write -1 of expected 524288
02:48:48 ERROR /home/bsc03/bsc03353/forge/src/dispatcher/posix.c:61 139869683451648: r->filehandle = 36, r->size = 524288, r->offset = 95944704
02:48:48 ERROR /home/bsc03/bsc03353/forge/src/dispatcher/posix.c:62 139869683451648: single write -1 of expected 524288
02:48:49 ERROR /home/bsc03/bsc03353/forge/src/dispatcher/posix.c:61 139641653221120: r->filehandle = 35, r->size = 524288, r->offset = 7864320
02:48:49 ERROR /home/bsc03/bsc03353/forge/src/dispatcher/posix.c:62 139641653221120: single write -1 of expected 524288
02:48:49 ERROR /home/bsc03/bsc03353/forge/src/dispatcher/posix.c:61 139852503549696: r->filehandle = 36, r->size = 524288, r->offset = 69730304
02:48:49 ERROR /home/bsc03/bsc03353/forge/src/dispatcher/posix.c:62 139852503549696: single write -1 of expected 524288
02:48:50 ERROR /home/bsc03/bsc03353/forge/src/dispatcher/posix.c:61 139856798525184: r->filehandle = 36, r->size = 524288, r->offset = 69206016
02:48:50 ERROR /home/bsc03/bsc03353/forge/src/dispatcher/posix.c:62 139856798525184: single write -1 of expected 524288
02:48:51 ERROR /home/bsc03/bsc03353/forge/src/dispatcher/posix.c:61 139848208574208: r->filehandle = 36, r->size = 524288, r->offset = 73924608
02:48:51 ERROR /home/bsc03/bsc03353/forge/src/dispatcher/posix.c:62 139848208574208: single write -1 of expected 524288
02:48:52 ERROR /home/bsc03/bsc03353/forge/src/dispatcher/posix.c:61 139869683451648: r->filehandle = 36, r->size = 524288, r->offset = 67108864
02:48:52 ERROR /home/bsc03/bsc03353/forge/src/dispatcher/posix.c:62 139869683451648: single write -1 of expected 524288
02:48:53 ERROR /home/bsc03/bsc03353/forge/src/dispatcher/posix.c:61 139839618623232: r->filehandle = 36, r->size = 524288, r->offset = 77594624
02:48:53 ERROR /home/bsc03/bsc03353/forge/src/dispatcher/posix.c:62 139839618623232: single write -1 of expected 524288
02:48:54 ERROR /home/bsc03/bsc03353/forge/src/dispatcher/posix.c:61 139637358245632: r->filehandle = 35, r->size = 524288, r->offset = 32505856
02:48:54 ERROR /home/bsc03/bsc03353/forge/src/dispatcher/posix.c:61 139863240988416: r->filehandle = 36, r->size = 524288, r->offset = 99090432
02:48:54 ERROR /home/bsc03/bsc03353/forge/src/dispatcher/posix.c:62 139863240988416: single write -1 of expected 524288
02:48:54 ERROR /home/bsc03/bsc03353/forge/src/dispatcher/posix.c:62 139637358245632: single write -1 of expected 524288
02:48:54 ERROR /home/bsc03/bsc03353/forge/src/dispatcher/posix.c:61 139643800708864: r->filehandle = 35, r->size = 524288, r->offset = 48234496
02:48:54 ERROR /home/bsc03/bsc03353/forge/src/dispatcher/posix.c:62 139643800708864: single write -1 of expected 524288
02:48:56 ERROR /home/bsc03/bsc03353/forge/src/dispatcher/posix.c:61 139871830939392: r->filehandle = 36, r->size = 524288, r->offset = 58195968
02:48:56 ERROR /home/bsc03/bsc03353/forge/src/dispatcher/posix.c:62 139871830939392: single write -1 of expected 524288
02:48:58 ERROR /home/bsc03/bsc03353/forge/src/dispatcher/posix.c:61 139850356061952: r->filehandle = 36, r->size = 524288, r->offset = 52953088
02:48:58 ERROR /home/bsc03/bsc03353/forge/src/dispatcher/posix.c:62 139850356061952: single write -1 of expected 524288
02:48:59 ERROR /home/bsc03/bsc03353/forge/src/dispatcher/posix.c:61 139656685635328: r->filehandle = 35, r->size = 524288, r->offset = 16777216
02:48:59 ERROR /home/bsc03/bsc03353/forge/src/dispatcher/posix.c:62 139656685635328: single write -1 of expected 524288
02:49:00 ERROR /home/bsc03/bsc03353/forge/src/dispatcher/posix.c:61 139843913598720: r->filehandle = 36, r->size = 524288, r->offset = 65011712
02:49:00 ERROR /home/bsc03/bsc03353/forge/src/dispatcher/posix.c:62 139843913598720: single write -1 of expected 524288
02:49:01 ERROR /home/bsc03/bsc03353/forge/src/dispatcher/posix.c:61 139846061086464: r->filehandle = 36, r->size = 524288, r->offset = 66060288
02:49:01 ERROR /home/bsc03/bsc03353/forge/src/dispatcher/posix.c:62 139846061086464: single write -1 of expected 524288
02:49:02 ERROR /home/bsc03/bsc03353/forge/src/dispatcher/posix.c:61 139633063270144: r->filehandle = 35, r->size = 524288, r->offset = 49283072
02:49:02 ERROR /home/bsc03/bsc03353/forge/src/dispatcher/posix.c:62 139633063270144: single write -1 of expected 524288
02:49:02 ERROR /home/bsc03/bsc03353/forge/src/dispatcher/posix.c:61 139858946012928: r->filehandle = 36, r->size = 524288, r->offset = 62390272
02:49:02 ERROR /home/bsc03/bsc03353/forge/src/dispatcher/posix.c:62 139858946012928: single write -1 of expected 524288
02:49:03 ERROR /home/bsc03/bsc03353/forge/src/dispatcher/posix.c:61 139841766110976: r->filehandle = 36, r->size = 524288, r->offset = 66584576
02:49:03 ERROR /home/bsc03/bsc03353/forge/src/dispatcher/posix.c:62 139841766110976: single write -1 of expected 524288
02:49:05 ERROR /home/bsc03/bsc03353/forge/src/dispatcher/posix.c:61 139861093500672: r->filehandle = 36, r->size = 524288, r->offset = 65536000
02:49:05 ERROR /home/bsc03/bsc03353/forge/src/dispatcher/posix.c:62 139861093500672: single write -1 of expected 524288
02:49:05 ERROR /home/bsc03/bsc03353/forge/src/dispatcher/posix.c:61 139865388476160: r->filehandle = 36, r->size = 524288, r->offset = 52428800
02:49:05 ERROR /home/bsc03/bsc03353/forge/src/dispatcher/posix.c:62 139865388476160: single write -1 of expected 524288
02:49:06 ERROR /home/bsc03/bsc03353/forge/src/dispatcher/posix.c:61 139869683451648: r->filehandle = 36, r->size = 524288, r->offset = 61865984
02:49:06 ERROR /home/bsc03/bsc03353/forge/src/dispatcher/posix.c:62 139869683451648: single write -1 of expected 524288
02:49:07 ERROR /home/bsc03/bsc03353/forge/src/dispatcher/posix.c:61 139854651037440: r->filehandle = 36, r->size = 524288, r->offset = 54001664
02:49:07 ERROR /home/bsc03/bsc03353/forge/src/dispatcher/posix.c:62 139854651037440: single write -1 of expected 524288
02:49:07 ERROR /home/bsc03/bsc03353/forge/src/dispatcher/posix.c:61 139839618623232: r->filehandle = 36, r->size = 524288, r->offset = 56623104
02:49:07 ERROR /home/bsc03/bsc03353/forge/src/dispatcher/posix.c:62 139839618623232: single write -1 of expected 524288
02:49:08 ERROR /home/bsc03/bsc03353/forge/src/dispatcher/posix.c:61 139871830939392: r->filehandle = 36, r->size = 524288, r->offset = 86507520
02:49:08 ERROR /home/bsc03/bsc03353/forge/src/dispatcher/posix.c:62 139871830939392: single write -1 of expected 524288
02:49:08 ERROR /home/bsc03/bsc03353/forge/src/dispatcher/posix.c:61 139652390659840: r->filehandle = 35, r->size = 524288, r->offset = 35651584
02:49:08 ERROR /home/bsc03/bsc03353/forge/src/dispatcher/posix.c:62 139652390659840: single write -1 of expected 524288
02:49:09 ERROR /home/bsc03/bsc03353/forge/src/dispatcher/posix.c:61 139658833123072: r->filehandle = 35, r->size = 524288, r->offset = 37224448
02:49:09 ERROR /home/bsc03/bsc03353/forge/src/dispatcher/posix.c:62 139658833123072: single write -1 of expected 524288
02:49:10 ERROR /home/bsc03/bsc03353/forge/src/dispatcher/posix.c:61 139633063270144: r->filehandle = 35, r->size = 524288, r->offset = 12058624
02:49:10 ERROR /home/bsc03/bsc03353/forge/src/dispatcher/posix.c:62 139633063270144: single write -1 of expected 524288
02:49:12 ERROR /home/bsc03/bsc03353/forge/src/dispatcher/posix.c:61 139869683451648: r->filehandle = 36, r->size = 524288, r->offset = 98041856
02:49:12 ERROR /home/bsc03/bsc03353/forge/src/dispatcher/posix.c:62 139869683451648: single write -1 of expected 524288
02:49:13 ERROR /home/bsc03/bsc03353/forge/src/dispatcher/posix.c:61 139867535963904: r->filehandle = 36, r->size = 524288, r->offset = 91226112
02:49:13 ERROR /home/bsc03/bsc03353/forge/src/dispatcher/posix.c:62 139867535963904: single write -1 of expected 524288
02:49:14 ERROR /home/bsc03/bsc03353/forge/src/dispatcher/posix.c:61 139858946012928: r->filehandle = 36, r->size = 524288, r->offset = 62914560
02:49:14 ERROR /home/bsc03/bsc03353/forge/src/dispatcher/posix.c:62 139858946012928: single write -1 of expected 524288
02:49:15 ERROR /home/bsc03/bsc03353/forge/src/dispatcher/posix.c:61 139846061086464: r->filehandle = 36, r->size = 524288, r->offset = 70778880
02:49:15 ERROR /home/bsc03/bsc03353/forge/src/dispatcher/posix.c:62 139846061086464: single write -1 of expected 524288
02:49:15 ERROR /home/bsc03/bsc03353/forge/src/dispatcher/posix.c:61 139652390659840: r->filehandle = 35, r->size = 524288, r->offset = 2621440
02:49:15 ERROR /home/bsc03/bsc03353/forge/src/dispatcher/posix.c:62 139652390659840: single write -1 of expected 524288
02:49:16 ERROR /home/bsc03/bsc03353/forge/src/dispatcher/posix.c:61 139858946012928: r->filehandle = 36, r->size = 524288, r->offset = 84410368
02:49:16 ERROR /home/bsc03/bsc03353/forge/src/dispatcher/posix.c:62 139858946012928: single write -1 of expected 524288
02:49:16 ERROR /home/bsc03/bsc03353/forge/src/dispatcher/posix.c:61 139861093500672: r->filehandle = 36, r->size = 524288, r->offset = 97517568
02:49:16 ERROR /home/bsc03/bsc03353/forge/src/dispatcher/posix.c:62 139861093500672: single write -1 of expected 524288
02:49:17 ERROR /home/bsc03/bsc03353/forge/src/dispatcher/posix.c:61 139852503549696: r->filehandle = 36, r->size = 524288, r->offset = 90701824
02:49:17 ERROR /home/bsc03/bsc03353/forge/src/dispatcher/posix.c:62 139852503549696: single write -1 of expected 524288
02:49:17 ERROR /home/bsc03/bsc03353/forge/src/dispatcher/posix.c:61 139663128098560: r->filehandle = 35, r->size = 524288, r->offset = 29360128
02:49:17 ERROR /home/bsc03/bsc03353/forge/src/dispatcher/posix.c:62 139663128098560: single write -1 of expected 524288
02:49:17 ERROR /home/bsc03/bsc03353/forge/src/dispatcher/posix.c:61 139839618623232: r->filehandle = 36, r->size = 524288, r->offset = 77070336
02:49:17 ERROR /home/bsc03/bsc03353/forge/src/dispatcher/posix.c:62 139839618623232: single write -1 of expected 524288
02:49:18 ERROR /home/bsc03/bsc03353/forge/src/dispatcher/posix.c:61 139856798525184: r->filehandle = 36, r->size = 524288, r->offset = 78118912
02:49:18 ERROR /home/bsc03/bsc03353/forge/src/dispatcher/posix.c:62 139856798525184: single write -1 of expected 524288
02:49:18 ERROR /home/bsc03/bsc03353/forge/src/dispatcher/posix.c:61 139665275586304: r->filehandle = 35, r->size = 524288, r->offset = 40370176
02:49:18 ERROR /home/bsc03/bsc03353/forge/src/dispatcher/posix.c:62 139665275586304: single write -1 of expected 524288
02:49:18 ERROR /home/bsc03/bsc03353/forge/src/dispatcher/posix.c:61 139654538147584: r->filehandle = 35, r->size = 524288, r->offset = 48758784
02:49:18 ERROR /home/bsc03/bsc03353/forge/src/dispatcher/posix.c:62 139654538147584: single write -1 of expected 524288
02:49:18 ERROR /home/bsc03/bsc03353/forge/src/dispatcher/posix.c:61 139848208574208: r->filehandle = 36, r->size = 524288, r->offset = 87556096
02:49:18 ERROR /home/bsc03/bsc03353/forge/src/dispatcher/posix.c:62 139848208574208: single write -1 of expected 524288
02:49:19 ERROR /home/bsc03/bsc03353/forge/src/dispatcher/posix.c:61 139652390659840: r->filehandle = 35, r->size = 524288, r->offset = 35127296
02:49:19 ERROR /home/bsc03/bsc03353/forge/src/dispatcher/posix.c:62 139652390659840: single write -1 of expected 524288
02:49:19 ERROR /home/bsc03/bsc03353/forge/src/dispatcher/posix.c:61 139858946012928: r->filehandle = 36, r->size = 524288, r->offset = 79691776
02:49:19 ERROR /home/bsc03/bsc03353/forge/src/dispatcher/posix.c:62 139858946012928: single write -1 of expected 524288
02:49:19 ERROR /home/bsc03/bsc03353/forge/src/dispatcher/posix.c:61 139648095684352: r->filehandle = 35, r->size = 524288, r->offset = 24117248
02:49:19 ERROR /home/bsc03/bsc03353/forge/src/dispatcher/posix.c:62 139648095684352: single write -1 of expected 524288
02:49:19 ERROR /home/bsc03/bsc03353/forge/src/dispatcher/posix.c:61 139846061086464: r->filehandle = 36, r->size = 524288, r->offset = 100139008
02:49:19 ERROR /home/bsc03/bsc03353/forge/src/dispatcher/posix.c:62 139846061086464: single write -1 of expected 524288
02:49:19 ERROR /home/bsc03/bsc03353/forge/src/dispatcher/posix.c:61 139861093500672: r->filehandle = 36, r->size = 524288, r->offset = 81264640
02:49:19 ERROR /home/bsc03/bsc03353/forge/src/dispatcher/posix.c:62 139861093500672: single write -1 of expected 524288
02:49:19 ERROR /home/bsc03/bsc03353/forge/src/dispatcher/posix.c:61 139652390659840: r->filehandle = 35, r->size = 524288, r->offset = 5767168
02:49:19 ERROR /home/bsc03/bsc03353/forge/src/dispatcher/posix.c:62 139652390659840: single write -1 of expected 524288
02:49:20 ERROR /home/bsc03/bsc03353/forge/src/dispatcher/posix.c:61 139863240988416: r->filehandle = 36, r->size = 524288, r->offset = 72351744
02:49:20 ERROR /home/bsc03/bsc03353/forge/src/dispatcher/posix.c:62 139863240988416: single write -1 of expected 524288
02:49:20 ERROR /home/bsc03/bsc03353/forge/src/dispatcher/posix.c:61 139850356061952: r->filehandle = 36, r->size = 524288, r->offset = 94371840
02:49:20 ERROR /home/bsc03/bsc03353/forge/src/dispatcher/posix.c:62 139850356061952: single write -1 of expected 524288
02:49:20 ERROR /home/bsc03/bsc03353/forge/src/dispatcher/posix.c:61 139869683451648: r->filehandle = 36, r->size = 524288, r->offset = 61341696
02:49:20 ERROR /home/bsc03/bsc03353/forge/src/dispatcher/posix.c:62 139869683451648: single write -1 of expected 524288
02:49:20 ERROR /home/bsc03/bsc03353/forge/src/dispatcher/posix.c:61 139871830939392: r->filehandle = 36, r->size = 524288, r->offset = 92274688
02:49:20 ERROR /home/bsc03/bsc03353/forge/src/dispatcher/posix.c:62 139871830939392: single write -1 of expected 524288
02:49:21 ERROR /home/bsc03/bsc03353/forge/src/dispatcher/posix.c:61 139846061086464: r->filehandle = 36, r->size = 524288, r->offset = 70254592
02:49:21 ERROR /home/bsc03/bsc03353/forge/src/dispatcher/posix.c:62 139846061086464: single write -1 of expected 524288
02:49:21 ERROR /home/bsc03/bsc03353/forge/src/dispatcher/posix.c:61 139852503549696: r->filehandle = 36, r->size = 524288, r->offset = 71827456
02:49:21 ERROR /home/bsc03/bsc03353/forge/src/dispatcher/posix.c:62 139852503549696: single write -1 of expected 524288
02:49:21 ERROR /home/bsc03/bsc03353/forge/src/dispatcher/posix.c:61 139841766110976: r->filehandle = 36, r->size = 524288, r->offset = 74448896
02:49:21 ERROR /home/bsc03/bsc03353/forge/src/dispatcher/posix.c:62 139841766110976: single write -1 of expected 524288
02:49:22 ERROR /home/bsc03/bsc03353/forge/src/dispatcher/posix.c:61 139867535963904: r->filehandle = 36, r->size = 524288, r->offset = 93323264
02:49:22 ERROR /home/bsc03/bsc03353/forge/src/dispatcher/posix.c:62 139867535963904: single write -1 of expected 524288
02:49:22 ERROR /home/bsc03/bsc03353/forge/src/dispatcher/posix.c:61 139858946012928: r->filehandle = 36, r->size = 524288, r->offset = 83886080
02:49:22 ERROR /home/bsc03/bsc03353/forge/src/dispatcher/posix.c:62 139858946012928: single write -1 of expected 524288
02:49:22 ERROR /home/bsc03/bsc03353/forge/src/dispatcher/posix.c:61 139656685635328: r->filehandle = 35, r->size = 524288, r->offset = 30408704
02:49:22 ERROR /home/bsc03/bsc03353/forge/src/dispatcher/posix.c:62 139656685635328: single write -1 of expected 524288
02:49:23 ERROR /home/bsc03/bsc03353/forge/src/dispatcher/posix.c:61 139639505733376: r->filehandle = 35, r->size = 524288, r->offset = 49807360
02:49:23 ERROR /home/bsc03/bsc03353/forge/src/dispatcher/posix.c:62 139639505733376: single write -1 of expected 524288
02:49:23 ERROR /home/bsc03/bsc03353/forge/src/dispatcher/posix.c:61 139843913598720: r->filehandle = 36, r->size = 524288, r->offset = 84934656
02:49:23 ERROR /home/bsc03/bsc03353/forge/src/dispatcher/posix.c:62 139843913598720: single write -1 of expected 524288
02:49:23 ERROR /home/bsc03/bsc03353/forge/src/dispatcher/posix.c:61 139648095684352: r->filehandle = 35, r->size = 524288, r->offset = 34603008
02:49:23 ERROR /home/bsc03/bsc03353/forge/src/dispatcher/posix.c:62 139648095684352: single write -1 of expected 524288
02:49:23 ERROR /home/bsc03/bsc03353/forge/src/dispatcher/posix.c:61 139645948196608: r->filehandle = 35, r->size = 524288, r->offset = 45088768
02:49:23 ERROR /home/bsc03/bsc03353/forge/src/dispatcher/posix.c:62 139645948196608: single write -1 of expected 524288
02:49:23 ERROR /home/bsc03/bsc03353/forge/src/dispatcher/posix.c:61 139846061086464: r->filehandle = 36, r->size = 524288, r->offset = 83361792
02:49:23 ERROR /home/bsc03/bsc03353/forge/src/dispatcher/posix.c:62 139846061086464: single write -1 of expected 524288
02:49:23 ERROR /home/bsc03/bsc03353/forge/src/dispatcher/posix.c:61 139650243172096: r->filehandle = 35, r->size = 524288, r->offset = 18874368
02:49:23 ERROR /home/bsc03/bsc03353/forge/src/dispatcher/posix.c:62 139650243172096: single write -1 of expected 524288
02:49:24 ERROR /home/bsc03/bsc03353/forge/src/dispatcher/posix.c:61 139839618623232: r->filehandle = 36, r->size = 524288, r->offset = 80216064
02:49:24 ERROR /home/bsc03/bsc03353/forge/src/dispatcher/posix.c:62 139839618623232: single write -1 of expected 524288
02:49:24 ERROR /home/bsc03/bsc03353/forge/src/dispatcher/posix.c:61 139865388476160: r->filehandle = 36, r->size = 524288, r->offset = 82313216
02:49:24 ERROR /home/bsc03/bsc03353/forge/src/dispatcher/posix.c:62 139865388476160: single write -1 of expected 524288
02:49:24 ERROR /home/bsc03/bsc03353/forge/src/dispatcher/posix.c:61 139660980610816: r->filehandle = 35, r->size = 524288, r->offset = 28835840
02:49:24 ERROR /home/bsc03/bsc03353/forge/src/dispatcher/posix.c:62 139660980610816: single write -1 of expected 524288
02:49:24 ERROR /home/bsc03/bsc03353/forge/src/dispatcher/posix.c:61 139856798525184: r->filehandle = 36, r->size = 524288, r->offset = 89653248
02:49:24 ERROR /home/bsc03/bsc03353/forge/src/dispatcher/posix.c:62 139856798525184: single write -1 of expected 524288
02:49:24 ERROR /home/bsc03/bsc03353/forge/src/dispatcher/posix.c:61 139639505733376: r->filehandle = 35, r->size = 524288, r->offset = 14155776
02:49:24 ERROR /home/bsc03/bsc03353/forge/src/dispatcher/posix.c:62 139639505733376: single write -1 of expected 524288
02:49:25 ERROR /home/bsc03/bsc03353/forge/src/dispatcher/posix.c:61 139665275586304: r->filehandle = 35, r->size = 524288, r->offset = 0
02:49:25 ERROR /home/bsc03/bsc03353/forge/src/dispatcher/posix.c:62 139665275586304: single write -1 of expected 524288
02:49:25 ERROR /home/bsc03/bsc03353/forge/src/dispatcher/posix.c:61 139861093500672: r->filehandle = 36, r->size = 524288, r->offset = 88080384
02:49:25 ERROR /home/bsc03/bsc03353/forge/src/dispatcher/posix.c:62 139861093500672: single write -1 of expected 524288
02:49:25 ERROR /home/bsc03/bsc03353/forge/src/dispatcher/posix.c:61 139839618623232: r->filehandle = 36, r->size = 524288, r->offset = 63438848
02:49:25 ERROR /home/bsc03/bsc03353/forge/src/dispatcher/posix.c:62 139839618623232: single write -1 of expected 524288
02:49:25 ERROR /home/bsc03/bsc03353/forge/src/dispatcher/posix.c:61 139854651037440: r->filehandle = 36, r->size = 524288, r->offset = 76021760
02:49:25 ERROR /home/bsc03/bsc03353/forge/src/dispatcher/posix.c:62 139854651037440: single write -1 of expected 524288
02:49:26 ERROR /home/bsc03/bsc03353/forge/src/dispatcher/posix.c:61 139656685635328: r->filehandle = 35, r->size = 524288, r->offset = 5242880
02:49:26 ERROR /home/bsc03/bsc03353/forge/src/dispatcher/posix.c:62 139656685635328: single write -1 of expected 524288
02:49:26 ERROR /home/bsc03/bsc03353/forge/src/dispatcher/posix.c:61 139848208574208: r->filehandle = 36, r->size = 524288, r->offset = 81788928
02:49:26 ERROR /home/bsc03/bsc03353/forge/src/dispatcher/posix.c:62 139848208574208: single write -1 of expected 524288
02:49:26 ERROR /home/bsc03/bsc03353/forge/src/dispatcher/posix.c:61 139858946012928: r->filehandle = 36, r->size = 524288, r->offset = 68681728
02:49:26 ERROR /home/bsc03/bsc03353/forge/src/dispatcher/posix.c:62 139858946012928: single write -1 of expected 524288
02:49:27 ERROR /home/bsc03/bsc03353/forge/src/dispatcher/posix.c:61 139637358245632: r->filehandle = 35, r->size = 524288, r->offset = 3670016
02:49:27 ERROR /home/bsc03/bsc03353/forge/src/dispatcher/posix.c:61 139867535963904: r->filehandle = 36, r->size = 524288, r->offset = 55574528
02:49:27 ERROR /home/bsc03/bsc03353/forge/src/dispatcher/posix.c:62 139867535963904: single write -1 of expected 524288
02:49:27 ERROR /home/bsc03/bsc03353/forge/src/dispatcher/posix.c:62 139637358245632: single write -1 of expected 524288
02:49:27 ERROR /home/bsc03/bsc03353/forge/src/dispatcher/posix.c:61 139863240988416: r->filehandle = 36, r->size = 524288, r->offset = 71303168
02:49:27 ERROR /home/bsc03/bsc03353/forge/src/dispatcher/posix.c:62 139863240988416: single write -1 of expected 524288
02:49:27 ERROR /home/bsc03/bsc03353/forge/src/dispatcher/posix.c:61 139856798525184: r->filehandle = 36, r->size = 524288, r->offset = 58720256
02:49:27 ERROR /home/bsc03/bsc03353/forge/src/dispatcher/posix.c:62 139856798525184: single write -1 of expected 524288
02:49:27 ERROR /home/bsc03/bsc03353/forge/src/dispatcher/posix.c:61 139841766110976: r->filehandle = 36, r->size = 524288, r->offset = 56098816
02:49:27 ERROR /home/bsc03/bsc03353/forge/src/dispatcher/posix.c:62 139841766110976: single write -1 of expected 524288
02:49:27 ERROR /home/bsc03/bsc03353/forge/src/dispatcher/posix.c:61 139658833123072: r->filehandle = 35, r->size = 524288, r->offset = 9437184
02:49:27 ERROR /home/bsc03/bsc03353/forge/src/dispatcher/posix.c:62 139658833123072: single write -1 of expected 524288
02:49:28 ERROR /home/bsc03/bsc03353/forge/src/dispatcher/posix.c:61 139643800708864: r->filehandle = 35, r->size = 524288, r->offset = 4718592
02:49:28 ERROR /home/bsc03/bsc03353/forge/src/dispatcher/posix.c:62 139643800708864: single write -1 of expected 524288
02:49:28 ERROR /home/bsc03/bsc03353/forge/src/dispatcher/posix.c:61 139871830939392: r->filehandle = 36, r->size = 524288, r->offset = 51904512
02:49:28 ERROR /home/bsc03/bsc03353/forge/src/dispatcher/posix.c:62 139871830939392: single write -1 of expected 524288
02:49:28 ERROR /home/bsc03/bsc03353/forge/src/dispatcher/posix.c:61 139663128098560: r->filehandle = 35, r->size = 524288, r->offset = 17301504
02:49:28 ERROR /home/bsc03/bsc03353/forge/src/dispatcher/posix.c:62 139663128098560: single write -1 of expected 524288
02:49:28 ERROR /home/bsc03/bsc03353/forge/src/dispatcher/posix.c:61 139654538147584: r->filehandle = 35, r->size = 524288, r->offset = 23592960
02:49:28 ERROR /home/bsc03/bsc03353/forge/src/dispatcher/posix.c:62 139654538147584: single write -1 of expected 524288
02:49:29 ERROR /home/bsc03/bsc03353/forge/src/dispatcher/posix.c:61 139650243172096: r->filehandle = 35, r->size = 524288, r->offset = 20447232
02:49:29 ERROR /home/bsc03/bsc03353/forge/src/dispatcher/posix.c:62 139650243172096: single write -1 of expected 524288
02:49:29 ERROR /home/bsc03/bsc03353/forge/src/dispatcher/posix.c:61 139654538147584: r->filehandle = 35, r->size = 524288, r->offset = 41943040
02:49:29 ERROR /home/bsc03/bsc03353/forge/src/dispatcher/posix.c:62 139654538147584: single write -1 of expected 524288
02:49:29 ERROR /home/bsc03/bsc03353/forge/src/dispatcher/posix.c:61 139850356061952: r->filehandle = 36, r->size = 524288, r->offset = 93847552
02:49:29 ERROR /home/bsc03/bsc03353/forge/src/dispatcher/posix.c:62 139850356061952: single write -1 of expected 524288
02:49:29 ERROR /home/bsc03/bsc03353/forge/src/dispatcher/posix.c:61 139652390659840: r->filehandle = 35, r->size = 524288, r->offset = 20971520
02:49:29 ERROR /home/bsc03/bsc03353/forge/src/dispatcher/posix.c:62 139652390659840: single write -1 of expected 524288
02:49:29 ERROR /home/bsc03/bsc03353/forge/src/dispatcher/posix.c:61 139846061086464: r->filehandle = 36, r->size = 524288, r->offset = 99614720
02:49:29 ERROR /home/bsc03/bsc03353/forge/src/dispatcher/posix.c:62 139846061086464: single write -1 of expected 524288
02:49:30 ERROR /home/bsc03/bsc03353/forge/src/dispatcher/posix.c:61 139665275586304: r->filehandle = 35, r->size = 524288, r->offset = 13631488
02:49:30 ERROR /home/bsc03/bsc03353/forge/src/dispatcher/posix.c:62 139665275586304: single write -1 of expected 524288
02:49:30 ERROR /home/bsc03/bsc03353/forge/src/dispatcher/posix.c:61 139839618623232: r->filehandle = 36, r->size = 524288, r->offset = 55050240
02:49:30 ERROR /home/bsc03/bsc03353/forge/src/dispatcher/posix.c:62 139839618623232: single write -1 of expected 524288
02:49:30 ERROR /home/bsc03/bsc03353/forge/src/dispatcher/posix.c:61 139869683451648: r->filehandle = 36, r->size = 524288, r->offset = 92798976
02:49:30 ERROR /home/bsc03/bsc03353/forge/src/dispatcher/posix.c:62 139869683451648: single write -1 of expected 524288
02:49:30 ERROR /home/bsc03/bsc03353/forge/src/dispatcher/posix.c:61 139843913598720: r->filehandle = 36, r->size = 524288, r->offset = 60817408
02:49:30 ERROR /home/bsc03/bsc03353/forge/src/dispatcher/posix.c:62 139843913598720: single write -1 of expected 524288
02:49:31 ERROR /home/bsc03/bsc03353/forge/src/dispatcher/posix.c:61 139854651037440: r->filehandle = 36, r->size = 524288, r->offset = 60293120
02:49:31 ERROR /home/bsc03/bsc03353/forge/src/dispatcher/posix.c:62 139854651037440: single write -1 of expected 524288
02:49:31 ERROR /home/bsc03/bsc03353/forge/src/dispatcher/posix.c:61 139663128098560: r->filehandle = 35, r->size = 524288, r->offset = 27262976
02:49:31 ERROR /home/bsc03/bsc03353/forge/src/dispatcher/posix.c:62 139663128098560: single write -1 of expected 524288
02:49:31 ERROR /home/bsc03/bsc03353/forge/src/dispatcher/posix.c:61 139858946012928: r->filehandle = 36, r->size = 524288, r->offset = 57147392
02:49:31 ERROR /home/bsc03/bsc03353/forge/src/dispatcher/posix.c:62 139858946012928: single write -1 of expected 524288
02:49:31 ERROR /home/bsc03/bsc03353/forge/src/dispatcher/posix.c:61 139861093500672: r->filehandle = 36, r->size = 524288, r->offset = 89128960
02:49:31 ERROR /home/bsc03/bsc03353/forge/src/dispatcher/posix.c:62 139861093500672: single write -1 of expected 524288
02:49:32 ERROR /home/bsc03/bsc03353/forge/src/dispatcher/posix.c:61 139852503549696: r->filehandle = 36, r->size = 524288, r->offset = 96993280
02:49:32 ERROR /home/bsc03/bsc03353/forge/src/dispatcher/posix.c:62 139852503549696: single write -1 of expected 524288
02:49:32 ERROR /home/bsc03/bsc03353/forge/src/dispatcher/posix.c:61 139843913598720: r->filehandle = 36, r->size = 524288, r->offset = 75497472
02:49:32 ERROR /home/bsc03/bsc03353/forge/src/dispatcher/posix.c:62 139843913598720: single write -1 of expected 524288
02:49:32 ERROR /home/bsc03/bsc03353/forge/src/dispatcher/posix.c:61 139863240988416: r->filehandle = 36, r->size = 524288, r->offset = 68157440
02:49:32 ERROR /home/bsc03/bsc03353/forge/src/dispatcher/posix.c:62 139863240988416: single write -1 of expected 524288
02:49:32 ERROR /home/bsc03/bsc03353/forge/src/dispatcher/posix.c:61 139848208574208: r->filehandle = 36, r->size = 524288, r->offset = 85983232
02:49:32 ERROR /home/bsc03/bsc03353/forge/src/dispatcher/posix.c:62 139848208574208: single write -1 of expected 524288
02:49:33 ERROR /home/bsc03/bsc03353/forge/src/dispatcher/posix.c:61 139839618623232: r->filehandle = 36, r->size = 524288, r->offset = 170393600
02:49:33 ERROR /home/bsc03/bsc03353/forge/src/dispatcher/posix.c:62 139839618623232: single write -1 of expected 524288
02:49:33 ERROR /home/bsc03/bsc03353/forge/src/dispatcher/posix.c:61 139656685635328: r->filehandle = 35, r->size = 524288, r->offset = 38797312
02:49:33 ERROR /home/bsc03/bsc03353/forge/src/dispatcher/posix.c:62 139656685635328: single write -1 of expected 524288
02:49:33 ERROR /home/bsc03/bsc03353/forge/src/dispatcher/posix.c:61 139869683451648: r->filehandle = 36, r->size = 524288, r->offset = 169869312
02:49:33 ERROR /home/bsc03/bsc03353/forge/src/dispatcher/posix.c:62 139869683451648: single write -1 of expected 524288
02:49:33 ERROR /home/bsc03/bsc03353/forge/src/dispatcher/posix.c:61 139863240988416: r->filehandle = 36, r->size = 524288, r->offset = 94896128
02:49:33 ERROR /home/bsc03/bsc03353/forge/src/dispatcher/posix.c:62 139863240988416: single write -1 of expected 524288
02:49:34 ERROR /home/bsc03/bsc03353/forge/src/dispatcher/posix.c:61 139652390659840: r->filehandle = 35, r->size = 524288, r->offset = 27787264
02:49:34 ERROR /home/bsc03/bsc03353/forge/src/dispatcher/posix.c:62 139652390659840: single write -1 of expected 524288
02:49:34 ERROR /home/bsc03/bsc03353/forge/src/dispatcher/posix.c:61 139850356061952: r->filehandle = 36, r->size = 524288, r->offset = 196608000
02:49:34 ERROR /home/bsc03/bsc03353/forge/src/dispatcher/posix.c:62 139850356061952: single write -1 of expected 524288
02:49:34 ERROR /home/bsc03/bsc03353/forge/src/dispatcher/posix.c:61 139861093500672: r->filehandle = 36, r->size = 524288, r->offset = 50855936
02:49:34 ERROR /home/bsc03/bsc03353/forge/src/dispatcher/posix.c:62 139861093500672: single write -1 of expected 524288
02:49:34 ERROR /home/bsc03/bsc03353/forge/src/dispatcher/posix.c:61 139660980610816: r->filehandle = 35, r->size = 524288, r->offset = 28311552
02:49:34 ERROR /home/bsc03/bsc03353/forge/src/dispatcher/posix.c:61 139869683451648: r->filehandle = 36, r->size = 524288, r->offset = 165675008
02:49:34 ERROR /home/bsc03/bsc03353/forge/src/dispatcher/posix.c:62 139869683451648: single write -1 of expected 524288
02:49:34 ERROR /home/bsc03/bsc03353/forge/src/dispatcher/posix.c:62 139660980610816: single write -1 of expected 524288
02:49:35 ERROR /home/bsc03/bsc03353/forge/src/dispatcher/posix.c:61 139852503549696: r->filehandle = 36, r->size = 524288, r->offset = 178257920
02:49:35 ERROR /home/bsc03/bsc03353/forge/src/dispatcher/posix.c:62 139852503549696: single write -1 of expected 524288
02:49:35 ERROR /home/bsc03/bsc03353/forge/src/dispatcher/posix.c:61 139867535963904: r->filehandle = 36, r->size = 524288, r->offset = 59244544
02:49:35 ERROR /home/bsc03/bsc03353/forge/src/dispatcher/posix.c:62 139867535963904: single write -1 of expected 524288
02:49:35 ERROR /home/bsc03/bsc03353/forge/src/dispatcher/posix.c:61 139871830939392: r->filehandle = 36, r->size = 524288, r->offset = 158334976
02:49:35 ERROR /home/bsc03/bsc03353/forge/src/dispatcher/posix.c:62 139871830939392: single write -1 of expected 524288
02:49:35 ERROR /home/bsc03/bsc03353/forge/src/dispatcher/posix.c:61 139854651037440: r->filehandle = 36, r->size = 524288, r->offset = 154140672
02:49:35 ERROR /home/bsc03/bsc03353/forge/src/dispatcher/posix.c:62 139854651037440: single write -1 of expected 524288
02:49:36 ERROR /home/bsc03/bsc03353/forge/src/dispatcher/posix.c:61 139663128098560: r->filehandle = 35, r->size = 524288, r->offset = 17825792
02:49:36 ERROR /home/bsc03/bsc03353/forge/src/dispatcher/posix.c:62 139663128098560: single write -1 of expected 524288
02:49:36 ERROR /home/bsc03/bsc03353/forge/src/dispatcher/posix.c:61 139658833123072: r->filehandle = 35, r->size = 524288, r->offset = 30932992
02:49:36 ERROR /home/bsc03/bsc03353/forge/src/dispatcher/posix.c:62 139658833123072: single write -1 of expected 524288
02:49:36 ERROR /home/bsc03/bsc03353/forge/src/dispatcher/posix.c:61 139641653221120: r->filehandle = 35, r->size = 524288, r->offset = 33030144
02:49:36 ERROR /home/bsc03/bsc03353/forge/src/dispatcher/posix.c:62 139641653221120: single write -1 of expected 524288
02:49:36 ERROR /home/bsc03/bsc03353/forge/src/dispatcher/posix.c:61 139665275586304: r->filehandle = 35, r->size = 524288, r->offset = 34078720
02:49:36 ERROR /home/bsc03/bsc03353/forge/src/dispatcher/posix.c:62 139665275586304: single write -1 of expected 524288
02:49:36 ERROR /home/bsc03/bsc03353/forge/src/dispatcher/posix.c:61 139863240988416: r->filehandle = 36, r->size = 524288, r->offset = 163053568
02:49:36 ERROR /home/bsc03/bsc03353/forge/src/dispatcher/posix.c:62 139863240988416: single write -1 of expected 524288
02:49:37 ERROR /home/bsc03/bsc03353/forge/src/dispatcher/posix.c:61 139663128098560: r->filehandle = 35, r->size = 524288, r->offset = 8912896
02:49:37 ERROR /home/bsc03/bsc03353/forge/src/dispatcher/posix.c:62 139663128098560: single write -1 of expected 524288
02:49:37 ERROR /home/bsc03/bsc03353/forge/src/dispatcher/posix.c:61 139841766110976: r->filehandle = 36, r->size = 524288, r->offset = 179306496
02:49:37 ERROR /home/bsc03/bsc03353/forge/src/dispatcher/posix.c:62 139841766110976: single write -1 of expected 524288
02:49:37 ERROR /home/bsc03/bsc03353/forge/src/dispatcher/posix.c:61 139848208574208: r->filehandle = 36, r->size = 524288, r->offset = 90177536
02:49:37 ERROR /home/bsc03/bsc03353/forge/src/dispatcher/posix.c:62 139848208574208: single write -1 of expected 524288
02:49:37 ERROR /home/bsc03/bsc03353/forge/src/dispatcher/posix.c:61 139846061086464: r->filehandle = 36, r->size = 524288, r->offset = 74973184
02:49:37 ERROR /home/bsc03/bsc03353/forge/src/dispatcher/posix.c:62 139846061086464: single write -1 of expected 524288
02:49:37 ERROR /home/bsc03/bsc03353/forge/src/dispatcher/posix.c:61 139850356061952: r->filehandle = 36, r->size = 524288, r->offset = 166199296
02:49:37 ERROR /home/bsc03/bsc03353/forge/src/dispatcher/posix.c:62 139850356061952: single write -1 of expected 524288
02:49:38 ERROR /home/bsc03/bsc03353/forge/src/dispatcher/posix.c:61 139871830939392: r->filehandle = 36, r->size = 524288, r->offset = 154664960
02:49:38 ERROR /home/bsc03/bsc03353/forge/src/dispatcher/posix.c:62 139871830939392: single write -1 of expected 524288
02:49:38 ERROR /home/bsc03/bsc03353/forge/src/dispatcher/posix.c:61 139843913598720: r->filehandle = 36, r->size = 524288, r->offset = 199753728
02:49:38 ERROR /home/bsc03/bsc03353/forge/src/dispatcher/posix.c:62 139843913598720: single write -1 of expected 524288
02:49:38 ERROR /home/bsc03/bsc03353/forge/src/dispatcher/posix.c:61 139863240988416: r->filehandle = 36, r->size = 524288, r->offset = 198705152
02:49:38 ERROR /home/bsc03/bsc03353/forge/src/dispatcher/posix.c:62 139863240988416: single write -1 of expected 524288
02:49:38 ERROR /home/bsc03/bsc03353/forge/src/dispatcher/posix.c:61 139643800708864: r->filehandle = 35, r->size = 524288, r->offset = 39321600
02:49:38 ERROR /home/bsc03/bsc03353/forge/src/dispatcher/posix.c:62 139643800708864: single write -1 of expected 524288
02:49:38 ERROR /home/bsc03/bsc03353/forge/src/dispatcher/posix.c:61 139869683451648: r->filehandle = 36, r->size = 524288, r->offset = 157286400
02:49:38 ERROR /home/bsc03/bsc03353/forge/src/dispatcher/posix.c:62 139869683451648: single write -1 of expected 524288
02:49:39 ERROR /home/bsc03/bsc03353/forge/src/dispatcher/posix.c:61 139861093500672: r->filehandle = 36, r->size = 524288, r->offset = 162529280
02:49:39 ERROR /home/bsc03/bsc03353/forge/src/dispatcher/posix.c:62 139861093500672: single write -1 of expected 524288
02:49:39 ERROR /home/bsc03/bsc03353/forge/src/dispatcher/posix.c:61 139641653221120: r->filehandle = 35, r->size = 524288, r->offset = 15728640
02:49:39 ERROR /home/bsc03/bsc03353/forge/src/dispatcher/posix.c:62 139641653221120: single write -1 of expected 524288
02:49:40 ERROR /home/bsc03/bsc03353/forge/src/dispatcher/posix.c:61 139839618623232: r->filehandle = 36, r->size = 524288, r->offset = 167772160
02:49:40 ERROR /home/bsc03/bsc03353/forge/src/dispatcher/posix.c:62 139839618623232: single write -1 of expected 524288
02:49:40 ERROR /home/bsc03/bsc03353/forge/src/dispatcher/posix.c:61 139865388476160: r->filehandle = 36, r->size = 524288, r->offset = 59768832
02:49:40 ERROR /home/bsc03/bsc03353/forge/src/dispatcher/posix.c:62 139865388476160: single write -1 of expected 524288
02:49:40 ERROR /home/bsc03/bsc03353/forge/src/dispatcher/posix.c:61 139663128098560: r->filehandle = 35, r->size = 524288, r->offset = 38273024
02:49:40 ERROR /home/bsc03/bsc03353/forge/src/dispatcher/posix.c:62 139663128098560: single write -1 of expected 524288
02:49:40 ERROR /home/bsc03/bsc03353/forge/src/dispatcher/posix.c:61 139858946012928: r->filehandle = 36, r->size = 524288, r->offset = 67633152
02:49:40 ERROR /home/bsc03/bsc03353/forge/src/dispatcher/posix.c:62 139858946012928: single write -1 of expected 524288
02:49:40 ERROR /home/bsc03/bsc03353/forge/src/dispatcher/posix.c:61 139867535963904: r->filehandle = 36, r->size = 524288, r->offset = 187170816
02:49:40 ERROR /home/bsc03/bsc03353/forge/src/dispatcher/posix.c:62 139867535963904: single write -1 of expected 524288
02:49:40 ERROR /home/bsc03/bsc03353/forge/src/dispatcher/posix.c:61 139658833123072: r->filehandle = 35, r->size = 524288, r->offset = 25165824
02:49:40 ERROR /home/bsc03/bsc03353/forge/src/dispatcher/posix.c:62 139658833123072: single write -1 of expected 524288
02:49:41 ERROR /home/bsc03/bsc03353/forge/src/dispatcher/posix.c:61 139854651037440: r->filehandle = 36, r->size = 524288, r->offset = 191365120
02:49:41 ERROR /home/bsc03/bsc03353/forge/src/dispatcher/posix.c:62 139854651037440: single write -1 of expected 524288
02:49:41 ERROR /home/bsc03/bsc03353/forge/src/dispatcher/posix.c:61 139660980610816: r->filehandle = 35, r->size = 524288, r->offset = 31457280
02:49:41 ERROR /home/bsc03/bsc03353/forge/src/dispatcher/posix.c:61 139848208574208: r->filehandle = 36, r->size = 524288, r->offset = 98566144
02:49:41 ERROR /home/bsc03/bsc03353/forge/src/dispatcher/posix.c:62 139848208574208: single write -1 of expected 524288
02:49:41 ERROR /home/bsc03/bsc03353/forge/src/dispatcher/posix.c:62 139660980610816: single write -1 of expected 524288
02:49:41 ERROR /home/bsc03/bsc03353/forge/src/dispatcher/posix.c:61 139635210757888: r->filehandle = 35, r->size = 524288, r->offset = 36700160
02:49:41 ERROR /home/bsc03/bsc03353/forge/src/dispatcher/posix.c:62 139635210757888: single write -1 of expected 524288
02:49:41 ERROR /home/bsc03/bsc03353/forge/src/dispatcher/posix.c:61 139852503549696: r->filehandle = 36, r->size = 524288, r->offset = 158859264
02:49:41 ERROR /home/bsc03/bsc03353/forge/src/dispatcher/posix.c:62 139852503549696: single write -1 of expected 524288
02:49:42 ERROR /home/bsc03/bsc03353/forge/src/dispatcher/posix.c:61 139856798525184: r->filehandle = 36, r->size = 524288, r->offset = 54525952
02:49:42 ERROR /home/bsc03/bsc03353/forge/src/dispatcher/posix.c:62 139856798525184: single write -1 of expected 524288
02:49:42 ERROR /home/bsc03/bsc03353/forge/src/dispatcher/posix.c:61 139635210757888: r->filehandle = 35, r->size = 524288, r->offset = 14680064
02:49:42 ERROR /home/bsc03/bsc03353/forge/src/dispatcher/posix.c:62 139635210757888: single write -1 of expected 524288
02:49:43 ERROR /home/bsc03/bsc03353/forge/src/dispatcher/posix.c:61 139637358245632: r->filehandle = 35, r->size = 524288, r->offset = 41418752
02:49:43 ERROR /home/bsc03/bsc03353/forge/src/dispatcher/posix.c:62 139637358245632: single write -1 of expected 524288
02:49:43 ERROR /home/bsc03/bsc03353/forge/src/dispatcher/posix.c:61 139871830939392: r->filehandle = 36, r->size = 524288, r->offset = 191889408
02:49:43 ERROR /home/bsc03/bsc03353/forge/src/dispatcher/posix.c:62 139871830939392: single write -1 of expected 524288
02:49:43 ERROR /home/bsc03/bsc03353/forge/src/dispatcher/posix.c:61 139643800708864: r->filehandle = 35, r->size = 524288, r->offset = 22544384
02:49:43 ERROR /home/bsc03/bsc03353/forge/src/dispatcher/posix.c:62 139643800708864: single write -1 of expected 524288
02:49:43 ERROR /home/bsc03/bsc03353/forge/src/dispatcher/posix.c:61 139848208574208: r->filehandle = 36, r->size = 524288, r->offset = 73400320
02:49:43 ERROR /home/bsc03/bsc03353/forge/src/dispatcher/posix.c:62 139848208574208: single write -1 of expected 524288
02:49:43 ERROR /home/bsc03/bsc03353/forge/src/dispatcher/posix.c:61 139854651037440: r->filehandle = 36, r->size = 524288, r->offset = 193986560
02:49:43 ERROR /home/bsc03/bsc03353/forge/src/dispatcher/posix.c:62 139854651037440: single write -1 of expected 524288
02:49:44 ERROR /home/bsc03/bsc03353/forge/src/dispatcher/posix.c:61 139861093500672: r->filehandle = 36, r->size = 524288, r->offset = 175112192
02:49:44 ERROR /home/bsc03/bsc03353/forge/src/dispatcher/posix.c:62 139861093500672: single write -1 of expected 524288
02:49:44 ERROR /home/bsc03/bsc03353/forge/src/dispatcher/posix.c:61 139858946012928: r->filehandle = 36, r->size = 524288, r->offset = 63963136
02:49:44 ERROR /home/bsc03/bsc03353/forge/src/dispatcher/posix.c:62 139858946012928: single write -1 of expected 524288
02:49:44 ERROR /home/bsc03/bsc03353/forge/src/dispatcher/posix.c:61 139846061086464: r->filehandle = 36, r->size = 524288, r->offset = 79167488
02:49:44 ERROR /home/bsc03/bsc03353/forge/src/dispatcher/posix.c:62 139846061086464: single write -1 of expected 524288
02:49:45 ERROR /home/bsc03/bsc03353/forge/src/dispatcher/posix.c:61 139863240988416: r->filehandle = 36, r->size = 524288, r->offset = 162004992
02:49:45 ERROR /home/bsc03/bsc03353/forge/src/dispatcher/posix.c:62 139863240988416: single write -1 of expected 524288
02:49:45 ERROR /home/bsc03/bsc03353/forge/src/dispatcher/posix.c:61 139852503549696: r->filehandle = 36, r->size = 524288, r->offset = 153092096
02:49:45 ERROR /home/bsc03/bsc03353/forge/src/dispatcher/posix.c:62 139852503549696: single write -1 of expected 524288
02:49:45 ERROR /home/bsc03/bsc03353/forge/src/dispatcher/posix.c:61 139656685635328: r->filehandle = 35, r->size = 524288, r->offset = 42467328
02:49:45 ERROR /home/bsc03/bsc03353/forge/src/dispatcher/posix.c:62 139656685635328: single write -1 of expected 524288
02:49:45 ERROR /home/bsc03/bsc03353/forge/src/dispatcher/posix.c:61 139856798525184: r->filehandle = 36, r->size = 524288, r->offset = 88604672
02:49:45 ERROR /home/bsc03/bsc03353/forge/src/dispatcher/posix.c:62 139856798525184: single write -1 of expected 524288
02:49:45 ERROR /home/bsc03/bsc03353/forge/src/dispatcher/posix.c:61 139645948196608: r->filehandle = 35, r->size = 524288, r->offset = 6291456
02:49:45 ERROR /home/bsc03/bsc03353/forge/src/dispatcher/posix.c:62 139645948196608: single write -1 of expected 524288
02:49:46 ERROR /home/bsc03/bsc03353/forge/src/dispatcher/posix.c:61 139848208574208: r->filehandle = 36, r->size = 524288, r->offset = 95420416
02:49:46 ERROR /home/bsc03/bsc03353/forge/src/dispatcher/posix.c:62 139848208574208: single write -1 of expected 524288
02:49:46 ERROR /home/bsc03/bsc03353/forge/src/dispatcher/posix.c:61 139648095684352: r->filehandle = 35, r->size = 524288, r->offset = 1048576
02:49:46 ERROR /home/bsc03/bsc03353/forge/src/dispatcher/posix.c:62 139648095684352: single write -1 of expected 524288
02:49:46 ERROR /home/bsc03/bsc03353/forge/src/dispatcher/posix.c:61 139639505733376: r->filehandle = 35, r->size = 524288, r->offset = 524288
02:49:46 ERROR /home/bsc03/bsc03353/forge/src/dispatcher/posix.c:62 139639505733376: single write -1 of expected 524288
02:49:47 ERROR /home/bsc03/bsc03353/forge/src/dispatcher/posix.c:61 139663128098560: r->filehandle = 35, r->size = 524288, r->offset = 12582912
02:49:47 ERROR /home/bsc03/bsc03353/forge/src/dispatcher/posix.c:62 139663128098560: single write -1 of expected 524288
02:49:47 ERROR /home/bsc03/bsc03353/forge/src/dispatcher/posix.c:61 139863240988416: r->filehandle = 36, r->size = 524288, r->offset = 156237824
02:49:47 ERROR /home/bsc03/bsc03353/forge/src/dispatcher/posix.c:62 139863240988416: single write -1 of expected 524288
02:49:47 ERROR /home/bsc03/bsc03353/forge/src/dispatcher/posix.c:61 139861093500672: r->filehandle = 36, r->size = 524288, r->offset = 180879360
02:49:47 ERROR /home/bsc03/bsc03353/forge/src/dispatcher/posix.c:62 139861093500672: single write -1 of expected 524288
02:49:47 ERROR /home/bsc03/bsc03353/forge/src/dispatcher/posix.c:61 139635210757888: r->filehandle = 35, r->size = 524288, r->offset = 46137344
02:49:47 ERROR /home/bsc03/bsc03353/forge/src/dispatcher/posix.c:62 139635210757888: single write -1 of expected 524288
02:49:47 ERROR /home/bsc03/bsc03353/forge/src/dispatcher/posix.c:61 139869683451648: r->filehandle = 36, r->size = 524288, r->offset = 153616384
02:49:47 ERROR /home/bsc03/bsc03353/forge/src/dispatcher/posix.c:62 139869683451648: single write -1 of expected 524288
02:49:48 ERROR /home/bsc03/bsc03353/forge/src/dispatcher/posix.c:61 139654538147584: r->filehandle = 35, r->size = 524288, r->offset = 44564480
02:49:48 ERROR /home/bsc03/bsc03353/forge/src/dispatcher/posix.c:62 139654538147584: single write -1 of expected 524288
02:49:48 ERROR /home/bsc03/bsc03353/forge/src/dispatcher/posix.c:61 139854651037440: r->filehandle = 36, r->size = 524288, r->offset = 176685056
02:49:48 ERROR /home/bsc03/bsc03353/forge/src/dispatcher/posix.c:62 139854651037440: single write -1 of expected 524288
02:49:48 ERROR /home/bsc03/bsc03353/forge/src/dispatcher/posix.c:61 139652390659840: r->filehandle = 35, r->size = 524288, r->offset = 37748736
02:49:48 ERROR /home/bsc03/bsc03353/forge/src/dispatcher/posix.c:62 139652390659840: single write -1 of expected 524288
02:49:48 ERROR /home/bsc03/bsc03353/forge/src/dispatcher/posix.c:61 139867535963904: r->filehandle = 36, r->size = 524288, r->offset = 192937984
02:49:48 ERROR /home/bsc03/bsc03353/forge/src/dispatcher/posix.c:62 139867535963904: single write -1 of expected 524288
02:49:49 ERROR /home/bsc03/bsc03353/forge/src/dispatcher/posix.c:61 139865388476160: r->filehandle = 36, r->size = 524288, r->offset = 178782208
02:49:49 ERROR /home/bsc03/bsc03353/forge/src/dispatcher/posix.c:62 139865388476160: single write -1 of expected 524288
02:49:49 ERROR /home/bsc03/bsc03353/forge/src/dispatcher/posix.c:61 139846061086464: r->filehandle = 36, r->size = 524288, r->offset = 177733632
02:49:49 ERROR /home/bsc03/bsc03353/forge/src/dispatcher/posix.c:62 139846061086464: single write -1 of expected 524288
02:49:49 ERROR /home/bsc03/bsc03353/forge/src/dispatcher/posix.c:61 139871830939392: r->filehandle = 36, r->size = 524288, r->offset = 182976512
02:49:49 ERROR /home/bsc03/bsc03353/forge/src/dispatcher/posix.c:62 139871830939392: single write -1 of expected 524288
02:49:49 ERROR /home/bsc03/bsc03353/forge/src/dispatcher/posix.c:61 139841766110976: r->filehandle = 36, r->size = 524288, r->offset = 183500800
02:49:49 ERROR /home/bsc03/bsc03353/forge/src/dispatcher/posix.c:62 139841766110976: single write -1 of expected 524288
02:49:50 ERROR /home/bsc03/bsc03353/forge/src/dispatcher/posix.c:61 139641653221120: r->filehandle = 35, r->size = 524288, r->offset = 7340032
02:49:50 ERROR /home/bsc03/bsc03353/forge/src/dispatcher/posix.c:62 139641653221120: single write -1 of expected 524288
02:49:50 ERROR /home/bsc03/bsc03353/forge/src/dispatcher/posix.c:61 139843913598720: r->filehandle = 36, r->size = 524288, r->offset = 187695104
02:49:50 ERROR /home/bsc03/bsc03353/forge/src/dispatcher/posix.c:62 139843913598720: single write -1 of expected 524288
02:49:50 ERROR /home/bsc03/bsc03353/forge/src/dispatcher/posix.c:61 139633063270144: r->filehandle = 35, r->size = 524288, r->offset = 40894464
02:49:50 ERROR /home/bsc03/bsc03353/forge/src/dispatcher/posix.c:62 139633063270144: single write -1 of expected 524288
02:49:51 ERROR /home/bsc03/bsc03353/forge/src/dispatcher/posix.c:61 139839618623232: r->filehandle = 36, r->size = 524288, r->offset = 195035136
02:49:51 ERROR /home/bsc03/bsc03353/forge/src/dispatcher/posix.c:62 139839618623232: single write -1 of expected 524288
02:49:51 ERROR /home/bsc03/bsc03353/forge/src/dispatcher/posix.c:61 139858946012928: r->filehandle = 36, r->size = 524288, r->offset = 76546048
02:49:51 ERROR /home/bsc03/bsc03353/forge/src/dispatcher/posix.c:62 139858946012928: single write -1 of expected 524288
02:49:51 ERROR /home/bsc03/bsc03353/forge/src/dispatcher/posix.c:61 139658833123072: r->filehandle = 35, r->size = 524288, r->offset = 25690112
02:49:51 ERROR /home/bsc03/bsc03353/forge/src/dispatcher/posix.c:62 139658833123072: single write -1 of expected 524288
02:49:51 ERROR /home/bsc03/bsc03353/forge/src/dispatcher/posix.c:61 139852503549696: r->filehandle = 36, r->size = 524288, r->offset = 164102144
02:49:51 ERROR /home/bsc03/bsc03353/forge/src/dispatcher/posix.c:62 139852503549696: single write -1 of expected 524288
02:49:51 ERROR /home/bsc03/bsc03353/forge/src/dispatcher/posix.c:61 139856798525184: r->filehandle = 36, r->size = 524288, r->offset = 156762112
02:49:51 ERROR /home/bsc03/bsc03353/forge/src/dispatcher/posix.c:62 139856798525184: single write -1 of expected 524288
02:49:52 ERROR /home/bsc03/bsc03353/forge/src/dispatcher/posix.c:61 139660980610816: r->filehandle = 35, r->size = 524288, r->offset = 19398656
02:49:52 ERROR /home/bsc03/bsc03353/forge/src/dispatcher/posix.c:61 139858946012928: r->filehandle = 36, r->size = 524288, r->offset = 85458944
02:49:52 ERROR /home/bsc03/bsc03353/forge/src/dispatcher/posix.c:62 139858946012928: single write -1 of expected 524288
02:49:52 ERROR /home/bsc03/bsc03353/forge/src/dispatcher/posix.c:62 139660980610816: single write -1 of expected 524288
02:49:52 ERROR /home/bsc03/bsc03353/forge/src/dispatcher/posix.c:61 139650243172096: r->filehandle = 35, r->size = 524288, r->offset = 6815744
02:49:52 ERROR /home/bsc03/bsc03353/forge/src/dispatcher/posix.c:62 139650243172096: single write -1 of expected 524288
02:49:52 ERROR /home/bsc03/bsc03353/forge/src/dispatcher/posix.c:61 139850356061952: r->filehandle = 36, r->size = 524288, r->offset = 167247872
02:49:52 ERROR /home/bsc03/bsc03353/forge/src/dispatcher/posix.c:62 139850356061952: single write -1 of expected 524288
02:49:53 ERROR /home/bsc03/bsc03353/forge/src/dispatcher/posix.c:61 139635210757888: r->filehandle = 35, r->size = 524288, r->offset = 22020096
02:49:53 ERROR /home/bsc03/bsc03353/forge/src/dispatcher/posix.c:62 139635210757888: single write -1 of expected 524288
02:49:53 ERROR /home/bsc03/bsc03353/forge/src/dispatcher/posix.c:61 139637358245632: r->filehandle = 35, r->size = 524288, r->offset = 26738688
02:49:53 ERROR /home/bsc03/bsc03353/forge/src/dispatcher/posix.c:62 139637358245632: single write -1 of expected 524288
02:49:53 ERROR /home/bsc03/bsc03353/forge/src/dispatcher/posix.c:61 139858946012928: r->filehandle = 36, r->size = 524288, r->offset = 72876032
02:49:53 ERROR /home/bsc03/bsc03353/forge/src/dispatcher/posix.c:62 139858946012928: single write -1 of expected 524288
02:49:53 ERROR /home/bsc03/bsc03353/forge/src/dispatcher/posix.c:61 139633063270144: r->filehandle = 35, r->size = 524288, r->offset = 19922944
02:49:53 ERROR /home/bsc03/bsc03353/forge/src/dispatcher/posix.c:62 139633063270144: single write -1 of expected 524288
02:49:53 ERROR /home/bsc03/bsc03353/forge/src/dispatcher/posix.c:61 139665275586304: r->filehandle = 35, r->size = 524288, r->offset = 47710208
02:49:53 ERROR /home/bsc03/bsc03353/forge/src/dispatcher/posix.c:62 139665275586304: single write -1 of expected 524288
02:49:54 ERROR /home/bsc03/bsc03353/forge/src/dispatcher/posix.c:61 139858946012928: r->filehandle = 36, r->size = 524288, r->offset = 80740352
02:49:54 ERROR /home/bsc03/bsc03353/forge/src/dispatcher/posix.c:62 139858946012928: single write -1 of expected 524288
02:49:54 ERROR /home/bsc03/bsc03353/forge/src/dispatcher/posix.c:61 139650243172096: r->filehandle = 35, r->size = 524288, r->offset = 11534336
02:49:54 ERROR /home/bsc03/bsc03353/forge/src/dispatcher/posix.c:62 139650243172096: single write -1 of expected 524288
02:49:54 ERROR /home/bsc03/bsc03353/forge/src/dispatcher/posix.c:61 139660980610816: r->filehandle = 35, r->size = 524288, r->offset = 11010048
02:49:54 ERROR /home/bsc03/bsc03353/forge/src/dispatcher/posix.c:62 139660980610816: single write -1 of expected 524288
02:49:55 ERROR /home/bsc03/bsc03353/forge/src/dispatcher/posix.c:61 139858946012928: r->filehandle = 36, r->size = 524288, r->offset = 96468992
02:49:55 ERROR /home/bsc03/bsc03353/forge/src/dispatcher/posix.c:62 139858946012928: single write -1 of expected 524288
02:49:55 ERROR /home/bsc03/bsc03353/forge/src/dispatcher/posix.c:61 139648095684352: r->filehandle = 35, r->size = 524288, r->offset = 29884416
02:49:55 ERROR /home/bsc03/bsc03353/forge/src/dispatcher/posix.c:62 139648095684352: single write -1 of expected 524288
02:49:55 ERROR /home/bsc03/bsc03353/forge/src/dispatcher/posix.c:61 139635210757888: r->filehandle = 35, r->size = 524288, r->offset = 9961472
02:49:55 ERROR /home/bsc03/bsc03353/forge/src/dispatcher/posix.c:62 139635210757888: single write -1 of expected 524288
02:49:55 ERROR /home/bsc03/bsc03353/forge/src/dispatcher/posix.c:61 139858946012928: r->filehandle = 36, r->size = 524288, r->offset = 50331648
02:49:55 ERROR /home/bsc03/bsc03353/forge/src/dispatcher/posix.c:62 139858946012928: single write -1 of expected 524288
02:49:55 ERROR /home/bsc03/bsc03353/forge/src/dispatcher/posix.c:61 139658833123072: r->filehandle = 35, r->size = 524288, r->offset = 21495808
02:49:55 ERROR /home/bsc03/bsc03353/forge/src/dispatcher/posix.c:62 139658833123072: single write -1 of expected 524288
02:49:55 ERROR /home/bsc03/bsc03353/forge/src/dispatcher/posix.c:61 139654538147584: r->filehandle = 35, r->size = 524288, r->offset = 1572864
02:49:55 ERROR /home/bsc03/bsc03353/forge/src/dispatcher/posix.c:62 139654538147584: single write -1 of expected 524288
02:49:56 ERROR /home/bsc03/bsc03353/forge/src/dispatcher/posix.c:61 139858946012928: r->filehandle = 36, r->size = 524288, r->offset = 51380224
02:49:56 ERROR /home/bsc03/bsc03353/forge/src/dispatcher/posix.c:62 139858946012928: single write -1 of expected 524288
02:49:56 ERROR /home/bsc03/bsc03353/forge/src/dispatcher/posix.c:61 139633063270144: r->filehandle = 35, r->size = 524288, r->offset = 16252928
02:49:56 ERROR /home/bsc03/bsc03353/forge/src/dispatcher/posix.c:62 139633063270144: single write -1 of expected 524288
02:49:56 ERROR /home/bsc03/bsc03353/forge/src/dispatcher/posix.c:61 139665275586304: r->filehandle = 35, r->size = 524288, r->offset = 13107200
02:49:56 ERROR /home/bsc03/bsc03353/forge/src/dispatcher/posix.c:62 139665275586304: single write -1 of expected 524288
02:49:56 ERROR /home/bsc03/bsc03353/forge/src/dispatcher/posix.c:61 139858946012928: r->filehandle = 36, r->size = 524288, r->offset = 64487424
02:49:56 ERROR /home/bsc03/bsc03353/forge/src/dispatcher/posix.c:62 139858946012928: single write -1 of expected 524288
02:49:57 ERROR /home/bsc03/bsc03353/forge/src/dispatcher/posix.c:61 139650243172096: r->filehandle = 35, r->size = 524288, r->offset = 45613056
02:49:57 ERROR /home/bsc03/bsc03353/forge/src/dispatcher/posix.c:62 139650243172096: single write -1 of expected 524288
02:49:57 ERROR /home/bsc03/bsc03353/forge/src/dispatcher/posix.c:61 139635210757888: r->filehandle = 35, r->size = 524288, r->offset = 43515904
02:49:57 ERROR /home/bsc03/bsc03353/forge/src/dispatcher/posix.c:62 139635210757888: single write -1 of expected 524288
02:49:57 ERROR /home/bsc03/bsc03353/forge/src/dispatcher/posix.c:61 139658833123072: r->filehandle = 35, r->size = 524288, r->offset = 46661632
02:49:57 ERROR /home/bsc03/bsc03353/forge/src/dispatcher/posix.c:62 139658833123072: single write -1 of expected 524288
02:49:57 ERROR /home/bsc03/bsc03353/forge/src/dispatcher/posix.c:61 139633063270144: r->filehandle = 35, r->size = 524288, r->offset = 3145728
02:49:57 ERROR /home/bsc03/bsc03353/forge/src/dispatcher/posix.c:62 139633063270144: single write -1 of expected 524288
02:49:57 ERROR /home/bsc03/bsc03353/forge/src/dispatcher/posix.c:61 139654538147584: r->filehandle = 35, r->size = 524288, r->offset = 33554432
02:49:57 ERROR /home/bsc03/bsc03353/forge/src/dispatcher/posix.c:62 139654538147584: single write -1 of expected 524288
02:49:58 ERROR /home/bsc03/bsc03353/forge/src/dispatcher/posix.c:61 139650243172096: r->filehandle = 35, r->size = 524288, r->offset = 2097152
02:49:58 ERROR /home/bsc03/bsc03353/forge/src/dispatcher/posix.c:62 139650243172096: single write -1 of expected 524288
02:49:58 ERROR /home/bsc03/bsc03353/forge/src/dispatcher/posix.c:61 139658833123072: r->filehandle = 35, r->size = 524288, r->offset = 26214400
02:49:58 ERROR /home/bsc03/bsc03353/forge/src/dispatcher/posix.c:62 139658833123072: single write -1 of expected 524288
02:49:58 ERROR /home/bsc03/bsc03353/forge/src/dispatcher/posix.c:61 139660980610816: r->filehandle = 35, r->size = 524288, r->offset = 44040192
02:49:58 ERROR /home/bsc03/bsc03353/forge/src/dispatcher/posix.c:62 139660980610816: single write -1 of expected 524288
02:49:59 ERROR /home/bsc03/bsc03353/forge/src/dispatcher/posix.c:61 139665275586304: r->filehandle = 35, r->size = 524288, r->offset = 47185920
02:49:59 ERROR /home/bsc03/bsc03353/forge/src/dispatcher/posix.c:62 139665275586304: single write -1 of expected 524288
02:49:59 ERROR /home/bsc03/bsc03353/forge/src/dispatcher/posix.c:61 139654538147584: r->filehandle = 35, r->size = 524288, r->offset = 8388608
02:49:59 ERROR /home/bsc03/bsc03353/forge/src/dispatcher/posix.c:62 139654538147584: single write -1 of expected 524288
02:49:59 ERROR /home/bsc03/bsc03353/forge/src/dispatcher/posix.c:61 139650243172096: r->filehandle = 35, r->size = 524288, r->offset = 39845888
02:49:59 ERROR /home/bsc03/bsc03353/forge/src/dispatcher/posix.c:62 139650243172096: single write -1 of expected 524288
02:50:00 ERROR /home/bsc03/bsc03353/forge/src/dispatcher/posix.c:61 139660980610816: r->filehandle = 35, r->size = 524288, r->offset = 31981568
02:50:00 ERROR /home/bsc03/bsc03353/forge/src/dispatcher/posix.c:62 139660980610816: single write -1 of expected 524288
02:50:00 ERROR /home/bsc03/bsc03353/forge/src/dispatcher/posix.c:61 139665275586304: r->filehandle = 35, r->size = 524288, r->offset = 18350080
02:50:00 ERROR /home/bsc03/bsc03353/forge/src/dispatcher/posix.c:62 139665275586304: single write -1 of expected 524288
02:50:00 ERROR /home/bsc03/bsc03353/forge/src/dispatcher/posix.c:61 139650243172096: r->filehandle = 35, r->size = 524288, r->offset = 24641536
02:50:00 ERROR /home/bsc03/bsc03353/forge/src/dispatcher/posix.c:62 139650243172096: single write -1 of expected 524288
02:50:01 ERROR /home/bsc03/bsc03353/forge/src/dispatcher/posix.c:61 139660980610816: r->filehandle = 35, r->size = 524288, r->offset = 36175872
02:50:01 ERROR /home/bsc03/bsc03353/forge/src/dispatcher/posix.c:62 139660980610816: single write -1 of expected 524288
02:50:01 ERROR /home/bsc03/bsc03353/forge/src/dispatcher/posix.c:61 139665275586304: r->filehandle = 35, r->size = 524288, r->offset = 42991616
02:50:01 ERROR /home/bsc03/bsc03353/forge/src/dispatcher/posix.c:62 139665275586304: single write -1 of expected 524288
02:50:01 ERROR /home/bsc03/bsc03353/forge/src/dispatcher/posix.c:61 139650243172096: r->filehandle = 35, r->size = 524288, r->offset = 10485760
02:50:01 ERROR /home/bsc03/bsc03353/forge/src/dispatcher/posix.c:62 139650243172096: single write -1 of expected 524288
02:50:01 ERROR /home/bsc03/bsc03353/forge/src/dispatcher/posix.c:61 139660980610816: r->filehandle = 35, r->size = 524288, r->offset = 23068672
02:50:01 ERROR /home/bsc03/bsc03353/forge/src/dispatcher/posix.c:62 139660980610816: single write -1 of expected 524288
02:50:02 ERROR /home/bsc03/bsc03353/forge/src/dispatcher/posix.c:61 139665275586304: r->filehandle = 35, r->size = 524288, r->offset = 4194304
02:50:02 ERROR /home/bsc03/bsc03353/forge/src/dispatcher/posix.c:62 139665275586304: single write -1 of expected 524288
02:50:02 ERROR /home/bsc03/bsc03353/forge/src/dispatcher/posix.c:61 139660980610816: r->filehandle = 35, r->size = 524288, r->offset = 15204352
02:50:02 ERROR /home/bsc03/bsc03353/forge/src/dispatcher/posix.c:62 139660980610816: single write -1 of expected 524288
02:50:02 WARN  /home/bsc03/bsc03353/forge/src/main.c:789 139974318712896: hit stone wall at 82.043365 seconds!
AGIOS: stopped for this client. It can already be used by calling agios_init

02:50:02 INFO  /home/bsc03/bsc03353/forge/src/main.c:1158 139672400967744: I/O Forwarding Exploration [COMPLETE]
AGIOS: stopped for this client. It can already be used by calling agios_init

