Set GCC compilers as MPI wrappers backend 
remove impi/2017.4 (PATH, MANPATH, LD_LIBRARY_PATH) 
load openmpi/4.0.2_UCX (PATH, MANPATH, LD_LIBRARY_PATH) 
Set GCC compilers as MPI wrappers backend 
load gsl/2.4 (PATH, LD_LIBRARY_PATH, LIBRARY_PATH, MANPATH, INFOPATH,
C_INCLUDE_PATH, CPLUS_INCLUDE_PATH, PKG_CONFIG_PATH, GSL_DIR) 
19:14:25 INFO  /home/bsc03/bsc03353/forge/src/main.c:107 140322221738048: I/O Forwarding Exploration [START]
Will AGIOS generate trace files? NO
Default scheduling algorithm: TO
TWINS window size: 1000000
Will the Prediction Module read information from trace files? NO
File with access time functions: /home/bsc03/bsc03353/forge/agios/access_times.func
AGIOS thinks its user has stripe size of 32768
Will AGIOS generate trace files? NO
Default scheduling algorithm: TO
TWINS window size: 1000000
Will the Prediction Module read information from trace files? NO
File with access time functions: /home/bsc03/bsc03353/forge/agios/access_times.func
AGIOS thinks its user has stripe size of 32768
Will AGIOS generate trace files? NO
Default scheduling algorithm: TO
TWINS window size: 1000000
Will the Prediction Module read information from trace files? NO
File with access time functions: /home/bsc03/bsc03353/forge/agios/access_times.func
AGIOS thinks its user has stripe size of 32768
Will AGIOS generate trace files? NO
Default scheduling algorithm: TO
TWINS window size: 1000000
Will the Prediction Module read information from trace files? NO
File with access time functions: /home/bsc03/bsc03353/forge/agios/access_times.func
AGIOS thinks its user has stripe size of 32768
19:14:31 ERROR /home/bsc03/bsc03353/forge/src/dispatcher/posix.c:61 140562690959104: r->filehandle = 36, r->size = 8388608, r->offset = 117356625920
19:14:31 ERROR /home/bsc03/bsc03353/forge/src/dispatcher/posix.c:62 140562690959104: single write -1 of expected 8388608
19:14:31 ERROR /home/bsc03/bsc03353/forge/src/dispatcher/posix.c:61 140140606105344: r->filehandle = 36, r->size = 8388608, r->offset = 74994155520
19:14:31 ERROR /home/bsc03/bsc03353/forge/src/dispatcher/posix.c:62 140140606105344: single write -1 of expected 8388608
19:14:33 ERROR /home/bsc03/bsc03353/forge/src/dispatcher/posix.c:61 140306546415360: r->filehandle = 35, r->size = 8388608, r->offset = 13337886720
19:14:33 ERROR /home/bsc03/bsc03353/forge/src/dispatcher/posix.c:62 140306546415360: single write -1 of expected 8388608
19:14:36 ERROR /home/bsc03/bsc03353/forge/src/dispatcher/posix.c:61 139697882449664: r->filehandle = 36, r->size = 8388608, r->offset = 33218887680
19:14:36 ERROR /home/bsc03/bsc03353/forge/src/dispatcher/posix.c:62 139697882449664: single write -1 of expected 8388608
19:14:37 ERROR /home/bsc03/bsc03353/forge/src/dispatcher/posix.c:61 140549806032640: r->filehandle = 36, r->size = 8388608, r->offset = 124822487040
19:14:37 ERROR /home/bsc03/bsc03353/forge/src/dispatcher/posix.c:62 140549806032640: single write -1 of expected 8388608
19:14:39 ERROR /home/bsc03/bsc03353/forge/src/dispatcher/posix.c:61 139682850035456: r->filehandle = 36, r->size = 8388608, r->offset = 34644951040
19:14:39 ERROR /home/bsc03/bsc03353/forge/src/dispatcher/posix.c:62 139682850035456: single write -1 of expected 8388608
19:14:39 ERROR /home/bsc03/bsc03353/forge/src/dispatcher/posix.c:61 140569133422336: r->filehandle = 36, r->size = 8388608, r->offset = 114672271360
19:14:39 ERROR /home/bsc03/bsc03353/forge/src/dispatcher/posix.c:62 140569133422336: single write -1 of expected 8388608
19:14:40 ERROR /home/bsc03/bsc03353/forge/src/dispatcher/posix.c:61 140123426203392: r->filehandle = 36, r->size = 8388608, r->offset = 91100282880
19:14:40 ERROR /home/bsc03/bsc03353/forge/src/dispatcher/posix.c:61 140308693903104: r->filehandle = 35, r->size = 8388608, r->offset = 31876710400
19:14:40 ERROR /home/bsc03/bsc03353/forge/src/dispatcher/posix.c:62 140123426203392: single write -1 of expected 8388608
19:14:40 ERROR /home/bsc03/bsc03353/forge/src/dispatcher/posix.c:62 140308693903104: single write -1 of expected 8388608
19:14:41 ERROR /home/bsc03/bsc03353/forge/src/dispatcher/posix.c:61 140153491031808: r->filehandle = 36, r->size = 8388608, r->offset = 66437775360
19:14:41 ERROR /home/bsc03/bsc03353/forge/src/dispatcher/posix.c:62 140153491031808: single write -1 of expected 8388608
19:14:41 ERROR /home/bsc03/bsc03353/forge/src/dispatcher/posix.c:61 140312988878592: r->filehandle = 35, r->size = 8388608, r->offset = 1006632960
19:14:41 ERROR /home/bsc03/bsc03353/forge/src/dispatcher/posix.c:62 140312988878592: single write -1 of expected 8388608
19:14:42 ERROR /home/bsc03/bsc03353/forge/src/dispatcher/posix.c:61 139689292498688: r->filehandle = 36, r->size = 8388608, r->offset = 34812723200
19:14:42 ERROR /home/bsc03/bsc03353/forge/src/dispatcher/posix.c:62 139689292498688: single write -1 of expected 8388608
19:14:44 ERROR /home/bsc03/bsc03353/forge/src/dispatcher/posix.c:61 139680702547712: r->filehandle = 36, r->size = 8388608, r->offset = 32883343360
19:14:44 ERROR /home/bsc03/bsc03353/forge/src/dispatcher/posix.c:62 139680702547712: single write -1 of expected 8388608
19:14:47 ERROR /home/bsc03/bsc03353/forge/src/dispatcher/posix.c:61 139693587474176: r->filehandle = 36, r->size = 8388608, r->offset = 33973862400
19:14:47 ERROR /home/bsc03/bsc03353/forge/src/dispatcher/posix.c:62 139693587474176: single write -1 of expected 8388608
19:14:50 ERROR /home/bsc03/bsc03353/forge/src/dispatcher/posix.c:61 139700029937408: r->filehandle = 36, r->size = 8388608, r->offset = 33470545920
19:14:50 ERROR /home/bsc03/bsc03353/forge/src/dispatcher/posix.c:62 139700029937408: single write -1 of expected 8388608
19:14:50 ERROR /home/bsc03/bsc03353/forge/src/dispatcher/posix.c:61 140549806032640: r->filehandle = 36, r->size = 8388608, r->offset = 126584094720
19:14:50 ERROR /home/bsc03/bsc03353/forge/src/dispatcher/posix.c:62 140549806032640: single write -1 of expected 8388608
19:14:50 ERROR /home/bsc03/bsc03353/forge/src/dispatcher/posix.c:61 139669965108992: r->filehandle = 36, r->size = 8388608, r->offset = 35064381440
19:14:50 ERROR /home/bsc03/bsc03353/forge/src/dispatcher/posix.c:62 139669965108992: single write -1 of expected 8388608
19:14:52 ERROR /home/bsc03/bsc03353/forge/src/dispatcher/posix.c:61 140315136366336: r->filehandle = 35, r->size = 8388608, r->offset = 26172456960
19:14:52 ERROR /home/bsc03/bsc03353/forge/src/dispatcher/posix.c:62 140315136366336: single write -1 of expected 8388608
19:14:54 ERROR /home/bsc03/bsc03353/forge/src/dispatcher/posix.c:61 140147048568576: r->filehandle = 36, r->size = 8388608, r->offset = 70799851520
19:14:54 ERROR /home/bsc03/bsc03353/forge/src/dispatcher/posix.c:62 140147048568576: single write -1 of expected 8388608
19:14:54 ERROR /home/bsc03/bsc03353/forge/src/dispatcher/posix.c:61 140142753593088: r->filehandle = 36, r->size = 8388608, r->offset = 75497472000
19:14:54 ERROR /home/bsc03/bsc03353/forge/src/dispatcher/posix.c:62 140142753593088: single write -1 of expected 8388608
19:14:55 ERROR /home/bsc03/bsc03353/forge/src/dispatcher/posix.c:61 140300103952128: r->filehandle = 35, r->size = 8388608, r->offset = 12079595520
19:14:55 ERROR /home/bsc03/bsc03353/forge/src/dispatcher/posix.c:62 140300103952128: single write -1 of expected 8388608
19:14:56 ERROR /home/bsc03/bsc03353/forge/src/dispatcher/posix.c:61 140134163642112: r->filehandle = 36, r->size = 8388608, r->offset = 76923535360
19:14:56 ERROR /home/bsc03/bsc03353/forge/src/dispatcher/posix.c:62 140134163642112: single write -1 of expected 8388608
19:14:57 ERROR /home/bsc03/bsc03353/forge/src/dispatcher/posix.c:61 139687145010944: r->filehandle = 36, r->size = 8388608, r->offset = 33722204160
19:14:57 ERROR /home/bsc03/bsc03353/forge/src/dispatcher/posix.c:61 140556248495872: r->filehandle = 36, r->size = 8388608, r->offset = 123144765440
19:14:57 ERROR /home/bsc03/bsc03353/forge/src/dispatcher/posix.c:62 139687145010944: single write -1 of expected 8388608
19:14:57 ERROR /home/bsc03/bsc03353/forge/src/dispatcher/posix.c:62 140556248495872: single write -1 of expected 8388608
19:15:00 ERROR /home/bsc03/bsc03353/forge/src/dispatcher/posix.c:61 140295808976640: r->filehandle = 35, r->size = 8388608, r->offset = 13002342400
19:15:00 ERROR /home/bsc03/bsc03353/forge/src/dispatcher/posix.c:62 140295808976640: single write -1 of expected 8388608
19:15:00 ERROR /home/bsc03/bsc03353/forge/src/dispatcher/posix.c:61 140153491031808: r->filehandle = 36, r->size = 8388608, r->offset = 65347256320
19:15:00 ERROR /home/bsc03/bsc03353/forge/src/dispatcher/posix.c:62 140153491031808: single write -1 of expected 8388608
19:15:02 ERROR /home/bsc03/bsc03353/forge/src/dispatcher/posix.c:61 140142753593088: r->filehandle = 36, r->size = 8388608, r->offset = 65598914560
19:15:02 ERROR /home/bsc03/bsc03353/forge/src/dispatcher/posix.c:62 140142753593088: single write -1 of expected 8388608
19:15:04 ERROR /home/bsc03/bsc03353/forge/src/dispatcher/posix.c:61 140149196056320: r->filehandle = 36, r->size = 8388608, r->offset = 76504104960
19:15:04 ERROR /home/bsc03/bsc03353/forge/src/dispatcher/posix.c:62 140149196056320: single write -1 of expected 8388608
19:15:05 ERROR /home/bsc03/bsc03353/forge/src/dispatcher/posix.c:61 140138458617600: r->filehandle = 36, r->size = 8388608, r->offset = 92945776640
19:15:05 ERROR /home/bsc03/bsc03353/forge/src/dispatcher/posix.c:62 140138458617600: single write -1 of expected 8388608
19:15:08 ERROR /home/bsc03/bsc03353/forge/src/dispatcher/posix.c:61 140136311129856: r->filehandle = 36, r->size = 8388608, r->offset = 65431142400
19:15:08 ERROR /home/bsc03/bsc03353/forge/src/dispatcher/posix.c:62 140136311129856: single write -1 of expected 8388608
19:15:08 ERROR /home/bsc03/bsc03353/forge/src/dispatcher/posix.c:61 140125573691136: r->filehandle = 36, r->size = 8388608, r->offset = 74826383360
19:15:08 ERROR /home/bsc03/bsc03353/forge/src/dispatcher/posix.c:62 140125573691136: single write -1 of expected 8388608
19:15:10 ERROR /home/bsc03/bsc03353/forge/src/dispatcher/posix.c:61 140127721178880: r->filehandle = 36, r->size = 8388608, r->offset = 95881789440
19:15:10 ERROR /home/bsc03/bsc03353/forge/src/dispatcher/posix.c:62 140127721178880: single write -1 of expected 8388608
19:15:14 ERROR /home/bsc03/bsc03353/forge/src/dispatcher/posix.c:61 140155638519552: r->filehandle = 36, r->size = 8388608, r->offset = 84305510400
19:15:14 ERROR /home/bsc03/bsc03353/forge/src/dispatcher/posix.c:62 140155638519552: single write -1 of expected 8388608
19:15:14 ERROR /home/bsc03/bsc03353/forge/src/dispatcher/posix.c:61 140129868666624: r->filehandle = 36, r->size = 8388608, r->offset = 65766686720
19:15:14 ERROR /home/bsc03/bsc03353/forge/src/dispatcher/posix.c:62 140129868666624: single write -1 of expected 8388608
19:15:15 ERROR /home/bsc03/bsc03353/forge/src/dispatcher/posix.c:61 140562690959104: r->filehandle = 36, r->size = 8388608, r->offset = 125745233920
19:15:15 ERROR /home/bsc03/bsc03353/forge/src/dispatcher/posix.c:62 140562690959104: single write -1 of expected 8388608
19:15:15 ERROR /home/bsc03/bsc03353/forge/src/dispatcher/posix.c:61 139682850035456: r->filehandle = 36, r->size = 8388608, r->offset = 50079989760
19:15:15 ERROR /home/bsc03/bsc03353/forge/src/dispatcher/posix.c:62 139682850035456: single write -1 of expected 8388608
19:15:16 ERROR /home/bsc03/bsc03353/forge/src/dispatcher/posix.c:61 139689292498688: r->filehandle = 36, r->size = 8388608, r->offset = 37916508160
19:15:16 ERROR /home/bsc03/bsc03353/forge/src/dispatcher/posix.c:62 139689292498688: single write -1 of expected 8388608
19:15:17 ERROR /home/bsc03/bsc03353/forge/src/dispatcher/posix.c:61 139680702547712: r->filehandle = 36, r->size = 8388608, r->offset = 53854863360
19:15:17 ERROR /home/bsc03/bsc03353/forge/src/dispatcher/posix.c:62 139680702547712: single write -1 of expected 8388608
19:15:19 ERROR /home/bsc03/bsc03353/forge/src/dispatcher/posix.c:61 140306546415360: r->filehandle = 35, r->size = 8388608, r->offset = 27850178560
19:15:19 ERROR /home/bsc03/bsc03353/forge/src/dispatcher/posix.c:62 140306546415360: single write -1 of expected 8388608
19:15:21 ERROR /home/bsc03/bsc03353/forge/src/dispatcher/posix.c:61 139678555059968: r->filehandle = 36, r->size = 8388608, r->offset = 51422167040
19:15:21 ERROR /home/bsc03/bsc03353/forge/src/dispatcher/posix.c:62 139678555059968: single write -1 of expected 8388608
19:15:22 ERROR /home/bsc03/bsc03353/forge/src/dispatcher/posix.c:61 140551953520384: r->filehandle = 36, r->size = 8388608, r->offset = 122809221120
19:15:22 ERROR /home/bsc03/bsc03353/forge/src/dispatcher/posix.c:62 140551953520384: single write -1 of expected 8388608
19:15:23 ERROR /home/bsc03/bsc03353/forge/src/dispatcher/posix.c:61 140140606105344: r->filehandle = 36, r->size = 8388608, r->offset = 93700751360
19:15:23 ERROR /home/bsc03/bsc03353/forge/src/dispatcher/posix.c:62 140140606105344: single write -1 of expected 8388608
19:15:23 ERROR /home/bsc03/bsc03353/forge/src/dispatcher/posix.c:61 140282924050176: r->filehandle = 35, r->size = 8388608, r->offset = 23823646720
19:15:23 ERROR /home/bsc03/bsc03353/forge/src/dispatcher/posix.c:62 140282924050176: single write -1 of expected 8388608
19:15:23 ERROR /home/bsc03/bsc03353/forge/src/dispatcher/posix.c:61 140308693903104: r->filehandle = 35, r->size = 8388608, r->offset = 11744051200
19:15:23 ERROR /home/bsc03/bsc03353/forge/src/dispatcher/posix.c:62 140308693903104: single write -1 of expected 8388608
19:15:24 ERROR /home/bsc03/bsc03353/forge/src/dispatcher/posix.c:61 139669965108992: r->filehandle = 36, r->size = 8388608, r->offset = 54861496320
19:15:24 ERROR /home/bsc03/bsc03353/forge/src/dispatcher/posix.c:62 139669965108992: single write -1 of expected 8388608
19:15:26 ERROR /home/bsc03/bsc03353/forge/src/dispatcher/posix.c:61 139700029937408: r->filehandle = 36, r->size = 8388608, r->offset = 42026926080
19:15:26 ERROR /home/bsc03/bsc03353/forge/src/dispatcher/posix.c:62 139700029937408: single write -1 of expected 8388608
19:15:29 ERROR /home/bsc03/bsc03353/forge/src/dispatcher/posix.c:61 139697882449664: r->filehandle = 36, r->size = 8388608, r->offset = 34980495360
19:15:29 ERROR /home/bsc03/bsc03353/forge/src/dispatcher/posix.c:62 139697882449664: single write -1 of expected 8388608
19:15:29 ERROR /home/bsc03/bsc03353/forge/src/dispatcher/posix.c:61 140551953520384: r->filehandle = 36, r->size = 8388608, r->offset = 121299271680
19:15:29 ERROR /home/bsc03/bsc03353/forge/src/dispatcher/posix.c:62 140551953520384: single write -1 of expected 8388608
19:15:32 ERROR /home/bsc03/bsc03353/forge/src/dispatcher/posix.c:61 140575575885568: r->filehandle = 36, r->size = 8388608, r->offset = 123060879360
19:15:32 ERROR /home/bsc03/bsc03353/forge/src/dispatcher/posix.c:62 140575575885568: single write -1 of expected 8388608
19:15:32 ERROR /home/bsc03/bsc03353/forge/src/dispatcher/posix.c:61 140132016154368: r->filehandle = 36, r->size = 8388608, r->offset = 81788928000
19:15:32 ERROR /home/bsc03/bsc03353/forge/src/dispatcher/posix.c:62 140132016154368: single write -1 of expected 8388608
19:15:33 ERROR /home/bsc03/bsc03353/forge/src/dispatcher/posix.c:61 140293661488896: r->filehandle = 35, r->size = 8388608, r->offset = 23236444160
19:15:33 ERROR /home/bsc03/bsc03353/forge/src/dispatcher/posix.c:62 140293661488896: single write -1 of expected 8388608
19:15:35 ERROR /home/bsc03/bsc03353/forge/src/dispatcher/posix.c:61 140282924050176: r->filehandle = 35, r->size = 8388608, r->offset = 23739760640
19:15:35 ERROR /home/bsc03/bsc03353/forge/src/dispatcher/posix.c:62 140282924050176: single write -1 of expected 8388608
19:15:35 ERROR /home/bsc03/bsc03353/forge/src/dispatcher/posix.c:61 140310841390848: r->filehandle = 35, r->size = 8388608, r->offset = 1090519040
19:15:35 ERROR /home/bsc03/bsc03353/forge/src/dispatcher/posix.c:62 140310841390848: single write -1 of expected 8388608
19:15:36 ERROR /home/bsc03/bsc03353/forge/src/dispatcher/posix.c:61 140149196056320: r->filehandle = 36, r->size = 8388608, r->offset = 83131105280
19:15:36 ERROR /home/bsc03/bsc03353/forge/src/dispatcher/posix.c:62 140149196056320: single write -1 of expected 8388608
19:15:38 ERROR /home/bsc03/bsc03353/forge/src/dispatcher/posix.c:61 139676407572224: r->filehandle = 36, r->size = 8388608, r->offset = 43956305920
19:15:38 ERROR /home/bsc03/bsc03353/forge/src/dispatcher/posix.c:62 139676407572224: single write -1 of expected 8388608
19:15:39 ERROR /home/bsc03/bsc03353/forge/src/dispatcher/posix.c:61 140147048568576: r->filehandle = 36, r->size = 8388608, r->offset = 85060485120
19:15:39 ERROR /home/bsc03/bsc03353/forge/src/dispatcher/posix.c:62 140147048568576: single write -1 of expected 8388608
19:15:41 ERROR /home/bsc03/bsc03353/forge/src/dispatcher/posix.c:61 140134163642112: r->filehandle = 36, r->size = 8388608, r->offset = 73568092160
19:15:41 ERROR /home/bsc03/bsc03353/forge/src/dispatcher/posix.c:62 140134163642112: single write -1 of expected 8388608
19:15:42 ERROR /home/bsc03/bsc03353/forge/src/dispatcher/posix.c:61 140582018348800: r->filehandle = 36, r->size = 8388608, r->offset = 113749524480
19:15:42 ERROR /home/bsc03/bsc03353/forge/src/dispatcher/posix.c:62 140582018348800: single write -1 of expected 8388608
19:15:43 ERROR /home/bsc03/bsc03353/forge/src/dispatcher/posix.c:61 140569133422336: r->filehandle = 36, r->size = 8388608, r->offset = 99237232640
19:15:43 ERROR /home/bsc03/bsc03353/forge/src/dispatcher/posix.c:62 140569133422336: single write -1 of expected 8388608
19:15:45 ERROR /home/bsc03/bsc03353/forge/src/dispatcher/posix.c:61 140560543471360: r->filehandle = 36, r->size = 8388608, r->offset = 125409689600
19:15:45 ERROR /home/bsc03/bsc03353/forge/src/dispatcher/posix.c:62 140560543471360: single write -1 of expected 8388608
19:15:46 ERROR /home/bsc03/bsc03353/forge/src/dispatcher/posix.c:61 140304398927616: r->filehandle = 35, r->size = 8388608, r->offset = 26508001280
19:15:46 ERROR /home/bsc03/bsc03353/forge/src/dispatcher/posix.c:62 140304398927616: single write -1 of expected 8388608
19:15:47 ERROR /home/bsc03/bsc03353/forge/src/dispatcher/posix.c:61 140287219025664: r->filehandle = 35, r->size = 8388608, r->offset = 11995709440
19:15:47 ERROR /home/bsc03/bsc03353/forge/src/dispatcher/posix.c:62 140287219025664: single write -1 of expected 8388608
19:15:48 ERROR /home/bsc03/bsc03353/forge/src/dispatcher/posix.c:61 140312988878592: r->filehandle = 35, r->size = 8388608, r->offset = 21474836480
19:15:48 ERROR /home/bsc03/bsc03353/forge/src/dispatcher/posix.c:62 140312988878592: single write -1 of expected 8388608
19:15:51 ERROR /home/bsc03/bsc03353/forge/src/dispatcher/posix.c:61 140285071537920: r->filehandle = 35, r->size = 8388608, r->offset = 6375342080
19:15:51 ERROR /home/bsc03/bsc03353/forge/src/dispatcher/posix.c:62 140285071537920: single write -1 of expected 8388608
19:15:52 ERROR /home/bsc03/bsc03353/forge/src/dispatcher/posix.c:61 140300103952128: r->filehandle = 35, r->size = 8388608, r->offset = 1761607680
19:15:52 ERROR /home/bsc03/bsc03353/forge/src/dispatcher/posix.c:62 140300103952128: single write -1 of expected 8388608
19:15:53 ERROR /home/bsc03/bsc03353/forge/src/dispatcher/posix.c:61 140136311129856: r->filehandle = 36, r->size = 8388608, r->offset = 86905978880
19:15:53 ERROR /home/bsc03/bsc03353/forge/src/dispatcher/posix.c:62 140136311129856: single write -1 of expected 8388608
19:15:58 ERROR /home/bsc03/bsc03353/forge/src/dispatcher/posix.c:61 139684997523200: r->filehandle = 36, r->size = 8388608, r->offset = 49325015040
19:15:58 ERROR /home/bsc03/bsc03353/forge/src/dispatcher/posix.c:62 139684997523200: single write -1 of expected 8388608
19:16:01 ERROR /home/bsc03/bsc03353/forge/src/dispatcher/posix.c:61 140560543471360: r->filehandle = 36, r->size = 8388608, r->offset = 120040980480
19:16:01 ERROR /home/bsc03/bsc03353/forge/src/dispatcher/posix.c:62 140560543471360: single write -1 of expected 8388608
19:16:03 ERROR /home/bsc03/bsc03353/forge/src/dispatcher/posix.c:61 140569133422336: r->filehandle = 36, r->size = 8388608, r->offset = 97643397120
19:16:03 ERROR /home/bsc03/bsc03353/forge/src/dispatcher/posix.c:62 140569133422336: single write -1 of expected 8388608
19:16:06 ERROR /home/bsc03/bsc03353/forge/src/dispatcher/posix.c:61 140306546415360: r->filehandle = 35, r->size = 8388608, r->offset = 11324620800
19:16:06 ERROR /home/bsc03/bsc03353/forge/src/dispatcher/posix.c:62 140306546415360: single write -1 of expected 8388608
19:16:07 ERROR /home/bsc03/bsc03353/forge/src/dispatcher/posix.c:61 140144901080832: r->filehandle = 36, r->size = 8388608, r->offset = 76168560640
19:16:07 ERROR /home/bsc03/bsc03353/forge/src/dispatcher/posix.c:62 140144901080832: single write -1 of expected 8388608
19:16:09 ERROR /home/bsc03/bsc03353/forge/src/dispatcher/posix.c:61 139669965108992: r->filehandle = 36, r->size = 8388608, r->offset = 33302773760
19:16:09 ERROR /home/bsc03/bsc03353/forge/src/dispatcher/posix.c:62 139669965108992: single write -1 of expected 8388608
19:16:10 ERROR /home/bsc03/bsc03353/forge/src/dispatcher/posix.c:61 140582018348800: r->filehandle = 36, r->size = 8388608, r->offset = 110813511680
19:16:10 ERROR /home/bsc03/bsc03353/forge/src/dispatcher/posix.c:62 140582018348800: single write -1 of expected 8388608
19:16:10 ERROR /home/bsc03/bsc03353/forge/src/dispatcher/posix.c:61 140304398927616: r->filehandle = 35, r->size = 8388608, r->offset = 27430748160
19:16:10 ERROR /home/bsc03/bsc03353/forge/src/dispatcher/posix.c:62 140304398927616: single write -1 of expected 8388608
19:16:12 ERROR /home/bsc03/bsc03353/forge/src/dispatcher/posix.c:61 140151343544064: r->filehandle = 36, r->size = 8388608, r->offset = 71554826240
19:16:12 ERROR /home/bsc03/bsc03353/forge/src/dispatcher/posix.c:62 140151343544064: single write -1 of expected 8388608
19:16:13 ERROR /home/bsc03/bsc03353/forge/src/dispatcher/posix.c:61 139700029937408: r->filehandle = 36, r->size = 8388608, r->offset = 44124078080
19:16:13 ERROR /home/bsc03/bsc03353/forge/src/dispatcher/posix.c:62 139700029937408: single write -1 of expected 8388608
19:16:14 ERROR /home/bsc03/bsc03353/forge/src/dispatcher/posix.c:61 139695734961920: r->filehandle = 36, r->size = 8388608, r->offset = 34561064960
19:16:14 ERROR /home/bsc03/bsc03353/forge/src/dispatcher/posix.c:62 139695734961920: single write -1 of expected 8388608
19:16:16 ERROR /home/bsc03/bsc03353/forge/src/dispatcher/posix.c:61 139672112596736: r->filehandle = 36, r->size = 8388608, r->offset = 34477178880
19:16:16 ERROR /home/bsc03/bsc03353/forge/src/dispatcher/posix.c:62 139672112596736: single write -1 of expected 8388608
19:16:17 ERROR /home/bsc03/bsc03353/forge/src/dispatcher/posix.c:61 140289366513408: r->filehandle = 35, r->size = 8388608, r->offset = 29863444480
19:16:17 ERROR /home/bsc03/bsc03353/forge/src/dispatcher/posix.c:62 140289366513408: single write -1 of expected 8388608
19:16:18 ERROR /home/bsc03/bsc03353/forge/src/dispatcher/posix.c:61 140575575885568: r->filehandle = 36, r->size = 8388608, r->offset = 128261816320
19:16:18 ERROR /home/bsc03/bsc03353/forge/src/dispatcher/posix.c:62 140575575885568: single write -1 of expected 8388608
19:16:20 ERROR /home/bsc03/bsc03353/forge/src/dispatcher/posix.c:61 140302251439872: r->filehandle = 35, r->size = 8388608, r->offset = 22984785920
19:16:20 ERROR /home/bsc03/bsc03353/forge/src/dispatcher/posix.c:62 140302251439872: single write -1 of expected 8388608
19:16:25 ERROR /home/bsc03/bsc03353/forge/src/dispatcher/posix.c:61 140138458617600: r->filehandle = 36, r->size = 8388608, r->offset = 74239180800
19:16:25 ERROR /home/bsc03/bsc03353/forge/src/dispatcher/posix.c:62 140138458617600: single write -1 of expected 8388608
19:16:26 ERROR /home/bsc03/bsc03353/forge/src/dispatcher/posix.c:61 140134163642112: r->filehandle = 36, r->size = 8388608, r->offset = 87828725760
19:16:26 ERROR /home/bsc03/bsc03353/forge/src/dispatcher/posix.c:62 140134163642112: single write -1 of expected 8388608
19:16:28 ERROR /home/bsc03/bsc03353/forge/src/dispatcher/posix.c:61 140153491031808: r->filehandle = 36, r->size = 8388608, r->offset = 84976599040
19:16:28 ERROR /home/bsc03/bsc03353/forge/src/dispatcher/posix.c:62 140153491031808: single write -1 of expected 8388608
19:16:32 ERROR /home/bsc03/bsc03353/forge/src/dispatcher/posix.c:61 139687145010944: r->filehandle = 36, r->size = 8388608, r->offset = 37413191680
19:16:32 ERROR /home/bsc03/bsc03353/forge/src/dispatcher/posix.c:62 139687145010944: single write -1 of expected 8388608
19:16:33 ERROR /home/bsc03/bsc03353/forge/src/dispatcher/posix.c:61 140569133422336: r->filehandle = 36, r->size = 8388608, r->offset = 124654714880
19:16:33 ERROR /home/bsc03/bsc03353/forge/src/dispatcher/posix.c:62 140569133422336: single write -1 of expected 8388608
19:16:34 ERROR /home/bsc03/bsc03353/forge/src/dispatcher/posix.c:61 140573428397824: r->filehandle = 36, r->size = 8388608, r->offset = 128513474560
19:16:34 ERROR /home/bsc03/bsc03353/forge/src/dispatcher/posix.c:62 140573428397824: single write -1 of expected 8388608
19:16:35 ERROR /home/bsc03/bsc03353/forge/src/dispatcher/posix.c:61 140310841390848: r->filehandle = 35, r->size = 8388608, r->offset = 13170114560
19:16:35 ERROR /home/bsc03/bsc03353/forge/src/dispatcher/posix.c:62 140310841390848: single write -1 of expected 8388608
19:16:36 ERROR /home/bsc03/bsc03353/forge/src/dispatcher/posix.c:61 140579870861056: r->filehandle = 36, r->size = 8388608, r->offset = 119369891840
19:16:36 ERROR /home/bsc03/bsc03353/forge/src/dispatcher/posix.c:62 140579870861056: single write -1 of expected 8388608
19:16:37 ERROR /home/bsc03/bsc03353/forge/src/dispatcher/posix.c:61 140127721178880: r->filehandle = 36, r->size = 8388608, r->offset = 95210700800
19:16:37 ERROR /home/bsc03/bsc03353/forge/src/dispatcher/posix.c:62 140127721178880: single write -1 of expected 8388608
19:16:38 ERROR /home/bsc03/bsc03353/forge/src/dispatcher/posix.c:61 140153491031808: r->filehandle = 36, r->size = 8388608, r->offset = 84557168640
19:16:38 ERROR /home/bsc03/bsc03353/forge/src/dispatcher/posix.c:62 140153491031808: single write -1 of expected 8388608
19:16:40 ERROR /home/bsc03/bsc03353/forge/src/dispatcher/posix.c:61 140300103952128: r->filehandle = 35, r->size = 8388608, r->offset = 15938355200
19:16:40 ERROR /home/bsc03/bsc03353/forge/src/dispatcher/posix.c:61 139680702547712: r->filehandle = 36, r->size = 8388608, r->offset = 61404610560
19:16:40 ERROR /home/bsc03/bsc03353/forge/src/dispatcher/posix.c:62 140300103952128: single write -1 of expected 8388608
19:16:40 ERROR /home/bsc03/bsc03353/forge/src/dispatcher/posix.c:62 139680702547712: single write -1 of expected 8388608
19:16:41 ERROR /home/bsc03/bsc03353/forge/src/dispatcher/posix.c:61 140293661488896: r->filehandle = 35, r->size = 8388608, r->offset = 32044482560
19:16:41 ERROR /home/bsc03/bsc03353/forge/src/dispatcher/posix.c:62 140293661488896: single write -1 of expected 8388608
19:16:42 ERROR /home/bsc03/bsc03353/forge/src/dispatcher/posix.c:61 140315136366336: r->filehandle = 35, r->size = 8388608, r->offset = 13505658880
19:16:42 ERROR /home/bsc03/bsc03353/forge/src/dispatcher/posix.c:62 140315136366336: single write -1 of expected 8388608
19:16:43 ERROR /home/bsc03/bsc03353/forge/src/dispatcher/posix.c:61 140551953520384: r->filehandle = 36, r->size = 8388608, r->offset = 119621550080
19:16:43 ERROR /home/bsc03/bsc03353/forge/src/dispatcher/posix.c:62 140551953520384: single write -1 of expected 8388608
19:16:43 ERROR /home/bsc03/bsc03353/forge/src/dispatcher/posix.c:61 139667817621248: r->filehandle = 36, r->size = 8388608, r->offset = 33386659840
19:16:43 ERROR /home/bsc03/bsc03353/forge/src/dispatcher/posix.c:62 139667817621248: single write -1 of expected 8388608
19:16:46 ERROR /home/bsc03/bsc03353/forge/src/dispatcher/posix.c:61 140123426203392: r->filehandle = 36, r->size = 8388608, r->offset = 89254789120
19:16:46 ERROR /home/bsc03/bsc03353/forge/src/dispatcher/posix.c:62 140123426203392: single write -1 of expected 8388608
19:16:47 ERROR /home/bsc03/bsc03353/forge/src/dispatcher/posix.c:61 140285071537920: r->filehandle = 35, r->size = 8388608, r->offset = 22145925120
19:16:47 ERROR /home/bsc03/bsc03353/forge/src/dispatcher/posix.c:62 140285071537920: single write -1 of expected 8388608
19:16:50 ERROR /home/bsc03/bsc03353/forge/src/dispatcher/posix.c:61 140582018348800: r->filehandle = 36, r->size = 8388608, r->offset = 128681246720
19:16:50 ERROR /home/bsc03/bsc03353/forge/src/dispatcher/posix.c:62 140582018348800: single write -1 of expected 8388608
19:16:50 ERROR /home/bsc03/bsc03353/forge/src/dispatcher/posix.c:61 140127721178880: r->filehandle = 36, r->size = 8388608, r->offset = 65179484160
19:16:50 ERROR /home/bsc03/bsc03353/forge/src/dispatcher/posix.c:62 140127721178880: single write -1 of expected 8388608
19:16:51 ERROR /home/bsc03/bsc03353/forge/src/dispatcher/posix.c:61 139695734961920: r->filehandle = 36, r->size = 8388608, r->offset = 37245419520
19:16:51 ERROR /home/bsc03/bsc03353/forge/src/dispatcher/posix.c:62 139695734961920: single write -1 of expected 8388608
19:16:52 ERROR /home/bsc03/bsc03353/forge/src/dispatcher/posix.c:61 139700029937408: r->filehandle = 36, r->size = 8388608, r->offset = 38252052480
19:16:52 ERROR /home/bsc03/bsc03353/forge/src/dispatcher/posix.c:62 139700029937408: single write -1 of expected 8388608
19:16:57 ERROR /home/bsc03/bsc03353/forge/src/dispatcher/posix.c:61 140310841390848: r->filehandle = 35, r->size = 8388608, r->offset = 13421772800
19:16:57 ERROR /home/bsc03/bsc03353/forge/src/dispatcher/posix.c:62 140310841390848: single write -1 of expected 8388608
19:16:58 ERROR /home/bsc03/bsc03353/forge/src/dispatcher/posix.c:61 140300103952128: r->filehandle = 35, r->size = 8388608, r->offset = 2768240640
19:16:58 ERROR /home/bsc03/bsc03353/forge/src/dispatcher/posix.c:62 140300103952128: single write -1 of expected 8388608
19:17:03 ERROR /home/bsc03/bsc03353/forge/src/dispatcher/posix.c:61 140291514001152: r->filehandle = 35, r->size = 8388608, r->offset = 22481469440
19:17:03 ERROR /home/bsc03/bsc03353/forge/src/dispatcher/posix.c:62 140291514001152: single write -1 of expected 8388608
19:17:04 ERROR /home/bsc03/bsc03353/forge/src/dispatcher/posix.c:61 140564838446848: r->filehandle = 36, r->size = 8388608, r->offset = 127842385920
19:17:04 ERROR /home/bsc03/bsc03353/forge/src/dispatcher/posix.c:62 140564838446848: single write -1 of expected 8388608
19:17:06 ERROR /home/bsc03/bsc03353/forge/src/dispatcher/posix.c:61 140566985934592: r->filehandle = 36, r->size = 8388608, r->offset = 127255183360
19:17:06 ERROR /home/bsc03/bsc03353/forge/src/dispatcher/posix.c:62 140566985934592: single write -1 of expected 8388608
19:17:07 ERROR /home/bsc03/bsc03353/forge/src/dispatcher/posix.c:61 140558395983616: r->filehandle = 36, r->size = 8388608, r->offset = 127926272000
19:17:07 ERROR /home/bsc03/bsc03353/forge/src/dispatcher/posix.c:62 140558395983616: single write -1 of expected 8388608
19:17:07 ERROR /home/bsc03/bsc03353/forge/src/dispatcher/posix.c:61 139669965108992: r->filehandle = 36, r->size = 8388608, r->offset = 32380026880
19:17:07 ERROR /home/bsc03/bsc03353/forge/src/dispatcher/posix.c:62 139669965108992: single write -1 of expected 8388608
19:17:07 ERROR /home/bsc03/bsc03353/forge/src/dispatcher/posix.c:61 140132016154368: r->filehandle = 36, r->size = 8388608, r->offset = 87157637120
19:17:07 ERROR /home/bsc03/bsc03353/forge/src/dispatcher/posix.c:62 140132016154368: single write -1 of expected 8388608
19:17:09 ERROR /home/bsc03/bsc03353/forge/src/dispatcher/posix.c:61 139672112596736: r->filehandle = 36, r->size = 8388608, r->offset = 38587596800
19:17:09 ERROR /home/bsc03/bsc03353/forge/src/dispatcher/posix.c:62 139672112596736: single write -1 of expected 8388608
19:17:11 ERROR /home/bsc03/bsc03353/forge/src/dispatcher/posix.c:61 139695734961920: r->filehandle = 36, r->size = 8388608, r->offset = 55700357120
19:17:11 ERROR /home/bsc03/bsc03353/forge/src/dispatcher/posix.c:62 139695734961920: single write -1 of expected 8388608
19:17:12 ERROR /home/bsc03/bsc03353/forge/src/dispatcher/posix.c:61 139693587474176: r->filehandle = 36, r->size = 8388608, r->offset = 32296140800
19:17:12 ERROR /home/bsc03/bsc03353/forge/src/dispatcher/posix.c:62 139693587474176: single write -1 of expected 8388608
19:17:13 ERROR /home/bsc03/bsc03353/forge/src/dispatcher/posix.c:61 139680702547712: r->filehandle = 36, r->size = 8388608, r->offset = 48150609920
19:17:13 ERROR /home/bsc03/bsc03353/forge/src/dispatcher/posix.c:62 139680702547712: single write -1 of expected 8388608
19:17:17 ERROR /home/bsc03/bsc03353/forge/src/dispatcher/posix.c:61 140297956464384: r->filehandle = 35, r->size = 8388608, r->offset = 23907532800
19:17:17 ERROR /home/bsc03/bsc03353/forge/src/dispatcher/posix.c:62 140297956464384: single write -1 of expected 8388608
19:17:20 ERROR /home/bsc03/bsc03353/forge/src/dispatcher/posix.c:61 140300103952128: r->filehandle = 35, r->size = 8388608, r->offset = 20132659200
19:17:20 ERROR /home/bsc03/bsc03353/forge/src/dispatcher/posix.c:62 140300103952128: single write -1 of expected 8388608
19:17:21 ERROR /home/bsc03/bsc03353/forge/src/dispatcher/posix.c:61 140577723373312: r->filehandle = 36, r->size = 8388608, r->offset = 124738600960
19:17:21 ERROR /home/bsc03/bsc03353/forge/src/dispatcher/posix.c:62 140577723373312: single write -1 of expected 8388608
19:17:24 ERROR /home/bsc03/bsc03353/forge/src/dispatcher/posix.c:61 140123426203392: r->filehandle = 36, r->size = 8388608, r->offset = 92274688000
19:17:24 ERROR /home/bsc03/bsc03353/forge/src/dispatcher/posix.c:62 140123426203392: single write -1 of expected 8388608
19:17:27 ERROR /home/bsc03/bsc03353/forge/src/dispatcher/posix.c:61 140144901080832: r->filehandle = 36, r->size = 8388608, r->offset = 71890370560
19:17:27 ERROR /home/bsc03/bsc03353/forge/src/dispatcher/posix.c:62 140144901080832: single write -1 of expected 8388608
19:17:27 ERROR /home/bsc03/bsc03353/forge/src/dispatcher/posix.c:61 139687145010944: r->filehandle = 36, r->size = 8388608, r->offset = 33554432000
19:17:27 ERROR /home/bsc03/bsc03353/forge/src/dispatcher/posix.c:62 139687145010944: single write -1 of expected 8388608
19:17:28 ERROR /home/bsc03/bsc03353/forge/src/dispatcher/posix.c:61 139672112596736: r->filehandle = 36, r->size = 8388608, r->offset = 40684748800
19:17:28 ERROR /home/bsc03/bsc03353/forge/src/dispatcher/posix.c:62 139672112596736: single write -1 of expected 8388608
19:17:30 ERROR /home/bsc03/bsc03353/forge/src/dispatcher/posix.c:61 139700029937408: r->filehandle = 36, r->size = 8388608, r->offset = 32799457280
19:17:30 ERROR /home/bsc03/bsc03353/forge/src/dispatcher/posix.c:62 139700029937408: single write -1 of expected 8388608
19:17:31 ERROR /home/bsc03/bsc03353/forge/src/dispatcher/posix.c:61 139693587474176: r->filehandle = 36, r->size = 8388608, r->offset = 36993761280
19:17:31 ERROR /home/bsc03/bsc03353/forge/src/dispatcher/posix.c:62 139693587474176: single write -1 of expected 8388608
19:17:34 ERROR /home/bsc03/bsc03353/forge/src/dispatcher/posix.c:61 139697882449664: r->filehandle = 36, r->size = 8388608, r->offset = 60230205440
19:17:34 ERROR /home/bsc03/bsc03353/forge/src/dispatcher/posix.c:62 139697882449664: single write -1 of expected 8388608
19:17:34 ERROR /home/bsc03/bsc03353/forge/src/dispatcher/posix.c:61 140289366513408: r->filehandle = 35, r->size = 8388608, r->offset = 31037849600
19:17:34 ERROR /home/bsc03/bsc03353/forge/src/dispatcher/posix.c:62 140289366513408: single write -1 of expected 8388608
19:17:37 ERROR /home/bsc03/bsc03353/forge/src/dispatcher/posix.c:61 140310841390848: r->filehandle = 35, r->size = 8388608, r->offset = 11827937280
19:17:37 ERROR /home/bsc03/bsc03353/forge/src/dispatcher/posix.c:62 140310841390848: single write -1 of expected 8388608
19:17:38 ERROR /home/bsc03/bsc03353/forge/src/dispatcher/posix.c:61 140560543471360: r->filehandle = 36, r->size = 8388608, r->offset = 110981283840
19:17:38 ERROR /home/bsc03/bsc03353/forge/src/dispatcher/posix.c:62 140560543471360: single write -1 of expected 8388608
19:17:38 ERROR /home/bsc03/bsc03353/forge/src/dispatcher/posix.c:61 140136311129856: r->filehandle = 36, r->size = 8388608, r->offset = 81705041920
19:17:38 ERROR /home/bsc03/bsc03353/forge/src/dispatcher/posix.c:62 140136311129856: single write -1 of expected 8388608
19:17:40 ERROR /home/bsc03/bsc03353/forge/src/dispatcher/posix.c:61 140127721178880: r->filehandle = 36, r->size = 8388608, r->offset = 66689433600
19:17:40 ERROR /home/bsc03/bsc03353/forge/src/dispatcher/posix.c:62 140127721178880: single write -1 of expected 8388608
19:17:44 ERROR /home/bsc03/bsc03353/forge/src/dispatcher/posix.c:61 140129868666624: r->filehandle = 36, r->size = 8388608, r->offset = 81537269760
19:17:44 ERROR /home/bsc03/bsc03353/forge/src/dispatcher/posix.c:62 140129868666624: single write -1 of expected 8388608
19:17:46 ERROR /home/bsc03/bsc03353/forge/src/dispatcher/posix.c:61 139669965108992: r->filehandle = 36, r->size = 8388608, r->offset = 60062433280
19:17:46 ERROR /home/bsc03/bsc03353/forge/src/dispatcher/posix.c:62 139669965108992: single write -1 of expected 8388608
19:17:49 ERROR /home/bsc03/bsc03353/forge/src/dispatcher/posix.c:61 139667817621248: r->filehandle = 36, r->size = 8388608, r->offset = 39426457600
19:17:49 ERROR /home/bsc03/bsc03353/forge/src/dispatcher/posix.c:62 139667817621248: single write -1 of expected 8388608
19:17:53 ERROR /home/bsc03/bsc03353/forge/src/dispatcher/posix.c:61 139684997523200: r->filehandle = 36, r->size = 8388608, r->offset = 52848230400
19:17:53 ERROR /home/bsc03/bsc03353/forge/src/dispatcher/posix.c:62 139684997523200: single write -1 of expected 8388608
19:17:55 ERROR /home/bsc03/bsc03353/forge/src/dispatcher/posix.c:61 139695734961920: r->filehandle = 36, r->size = 8388608, r->offset = 42530242560
19:17:55 ERROR /home/bsc03/bsc03353/forge/src/dispatcher/posix.c:62 139695734961920: single write -1 of expected 8388608
19:17:55 ERROR /home/bsc03/bsc03353/forge/src/dispatcher/posix.c:61 140579870861056: r->filehandle = 36, r->size = 8388608, r->offset = 114001182720
19:17:55 ERROR /home/bsc03/bsc03353/forge/src/dispatcher/posix.c:62 140579870861056: single write -1 of expected 8388608
19:17:56 ERROR /home/bsc03/bsc03353/forge/src/dispatcher/posix.c:61 140304398927616: r->filehandle = 35, r->size = 8388608, r->offset = 21726494720
19:17:56 ERROR /home/bsc03/bsc03353/forge/src/dispatcher/posix.c:62 140304398927616: single write -1 of expected 8388608
19:17:56 ERROR /home/bsc03/bsc03353/forge/src/dispatcher/posix.c:61 140558395983616: r->filehandle = 36, r->size = 8388608, r->offset = 108380815360
19:17:56 ERROR /home/bsc03/bsc03353/forge/src/dispatcher/posix.c:62 140558395983616: single write -1 of expected 8388608
19:17:56 ERROR /home/bsc03/bsc03353/forge/src/dispatcher/posix.c:61 140155638519552: r->filehandle = 36, r->size = 8388608, r->offset = 70883737600
19:17:56 ERROR /home/bsc03/bsc03353/forge/src/dispatcher/posix.c:62 140155638519552: single write -1 of expected 8388608
19:17:57 ERROR /home/bsc03/bsc03353/forge/src/dispatcher/posix.c:61 139700029937408: r->filehandle = 36, r->size = 8388608, r->offset = 34896609280
19:17:57 ERROR /home/bsc03/bsc03353/forge/src/dispatcher/posix.c:62 139700029937408: single write -1 of expected 8388608
19:17:58 ERROR /home/bsc03/bsc03353/forge/src/dispatcher/posix.c:61 140287219025664: r->filehandle = 35, r->size = 8388608, r->offset = 30618419200
19:17:58 ERROR /home/bsc03/bsc03353/forge/src/dispatcher/posix.c:62 140287219025664: single write -1 of expected 8388608
19:18:00 ERROR /home/bsc03/bsc03353/forge/src/dispatcher/posix.c:61 140315136366336: r->filehandle = 35, r->size = 8388608, r->offset = 28185722880
19:18:00 ERROR /home/bsc03/bsc03353/forge/src/dispatcher/posix.c:62 140315136366336: single write -1 of expected 8388608
19:18:00 ERROR /home/bsc03/bsc03353/forge/src/dispatcher/posix.c:61 140569133422336: r->filehandle = 36, r->size = 8388608, r->offset = 113833410560
19:18:00 ERROR /home/bsc03/bsc03353/forge/src/dispatcher/posix.c:62 140569133422336: single write -1 of expected 8388608
19:18:01 ERROR /home/bsc03/bsc03353/forge/src/dispatcher/posix.c:61 139682850035456: r->filehandle = 36, r->size = 8388608, r->offset = 38168166400
19:18:01 ERROR /home/bsc03/bsc03353/forge/src/dispatcher/posix.c:62 139682850035456: single write -1 of expected 8388608
19:18:01 ERROR /home/bsc03/bsc03353/forge/src/dispatcher/posix.c:61 139689292498688: r->filehandle = 36, r->size = 8388608, r->offset = 51170508800
19:18:01 ERROR /home/bsc03/bsc03353/forge/src/dispatcher/posix.c:62 139689292498688: single write -1 of expected 8388608
19:18:02 ERROR /home/bsc03/bsc03353/forge/src/dispatcher/posix.c:61 140147048568576: r->filehandle = 36, r->size = 8388608, r->offset = 85479915520
19:18:02 ERROR /home/bsc03/bsc03353/forge/src/dispatcher/posix.c:62 140147048568576: single write -1 of expected 8388608
19:18:04 ERROR /home/bsc03/bsc03353/forge/src/dispatcher/posix.c:61 139678555059968: r->filehandle = 36, r->size = 8388608, r->offset = 38755368960
19:18:04 ERROR /home/bsc03/bsc03353/forge/src/dispatcher/posix.c:62 139678555059968: single write -1 of expected 8388608
19:18:05 ERROR /home/bsc03/bsc03353/forge/src/dispatcher/posix.c:61 140300103952128: r->filehandle = 35, r->size = 8388608, r->offset = 9814671360
19:18:05 ERROR /home/bsc03/bsc03353/forge/src/dispatcher/posix.c:62 140300103952128: single write -1 of expected 8388608
19:18:05 ERROR /home/bsc03/bsc03353/forge/src/dispatcher/posix.c:61 140564838446848: r->filehandle = 36, r->size = 8388608, r->offset = 108632473600
19:18:05 ERROR /home/bsc03/bsc03353/forge/src/dispatcher/posix.c:62 140564838446848: single write -1 of expected 8388608
19:18:07 ERROR /home/bsc03/bsc03353/forge/src/dispatcher/posix.c:61 140149196056320: r->filehandle = 36, r->size = 8388608, r->offset = 76336332800
19:18:07 ERROR /home/bsc03/bsc03353/forge/src/dispatcher/posix.c:62 140149196056320: single write -1 of expected 8388608
19:18:07 ERROR /home/bsc03/bsc03353/forge/src/dispatcher/posix.c:61 139697882449664: r->filehandle = 36, r->size = 8388608, r->offset = 44543508480
19:18:07 ERROR /home/bsc03/bsc03353/forge/src/dispatcher/posix.c:62 139697882449664: single write -1 of expected 8388608
19:18:09 ERROR /home/bsc03/bsc03353/forge/src/dispatcher/posix.c:61 140582018348800: r->filehandle = 36, r->size = 8388608, r->offset = 109387448320
19:18:09 ERROR /home/bsc03/bsc03353/forge/src/dispatcher/posix.c:62 140582018348800: single write -1 of expected 8388608
19:18:13 ERROR /home/bsc03/bsc03353/forge/src/dispatcher/posix.c:61 140312988878592: r->filehandle = 35, r->size = 8388608, r->offset = 22649241600
19:18:13 ERROR /home/bsc03/bsc03353/forge/src/dispatcher/posix.c:62 140312988878592: single write -1 of expected 8388608
19:18:15 ERROR /home/bsc03/bsc03353/forge/src/dispatcher/posix.c:61 140134163642112: r->filehandle = 36, r->size = 8388608, r->offset = 92526346240
19:18:15 ERROR /home/bsc03/bsc03353/forge/src/dispatcher/posix.c:62 140134163642112: single write -1 of expected 8388608
19:18:19 ERROR /home/bsc03/bsc03353/forge/src/dispatcher/posix.c:61 140310841390848: r->filehandle = 35, r->size = 8388608, r->offset = 12247367680
19:18:19 ERROR /home/bsc03/bsc03353/forge/src/dispatcher/posix.c:62 140310841390848: single write -1 of expected 8388608
19:18:19 ERROR /home/bsc03/bsc03353/forge/src/dispatcher/posix.c:61 139674260084480: r->filehandle = 36, r->size = 8388608, r->offset = 54693724160
19:18:19 ERROR /home/bsc03/bsc03353/forge/src/dispatcher/posix.c:62 139674260084480: single write -1 of expected 8388608
19:18:19 ERROR /home/bsc03/bsc03353/forge/src/dispatcher/posix.c:61 140315136366336: r->filehandle = 35, r->size = 8388608, r->offset = 18454937600
19:18:19 ERROR /home/bsc03/bsc03353/forge/src/dispatcher/posix.c:62 140315136366336: single write -1 of expected 8388608
19:18:22 ERROR /home/bsc03/bsc03353/forge/src/dispatcher/posix.c:61 140306546415360: r->filehandle = 35, r->size = 8388608, r->offset = 5452595200
19:18:22 ERROR /home/bsc03/bsc03353/forge/src/dispatcher/posix.c:62 140306546415360: single write -1 of expected 8388608
19:18:23 ERROR /home/bsc03/bsc03353/forge/src/dispatcher/posix.c:61 140287219025664: r->filehandle = 35, r->size = 8388608, r->offset = 23404216320
19:18:23 ERROR /home/bsc03/bsc03353/forge/src/dispatcher/posix.c:62 140287219025664: single write -1 of expected 8388608
19:18:25 ERROR /home/bsc03/bsc03353/forge/src/dispatcher/posix.c:61 140282924050176: r->filehandle = 35, r->size = 8388608, r->offset = 21978152960
19:18:25 ERROR /home/bsc03/bsc03353/forge/src/dispatcher/posix.c:62 140282924050176: single write -1 of expected 8388608
19:18:26 ERROR /home/bsc03/bsc03353/forge/src/dispatcher/posix.c:61 140304398927616: r->filehandle = 35, r->size = 8388608, r->offset = 10737418240
19:18:26 ERROR /home/bsc03/bsc03353/forge/src/dispatcher/posix.c:62 140304398927616: single write -1 of expected 8388608
19:18:26 ERROR /home/bsc03/bsc03353/forge/src/dispatcher/posix.c:61 140308693903104: r->filehandle = 35, r->size = 8388608, r->offset = 26675773440
19:18:26 ERROR /home/bsc03/bsc03353/forge/src/dispatcher/posix.c:62 140308693903104: single write -1 of expected 8388608
19:18:27 ERROR /home/bsc03/bsc03353/forge/src/dispatcher/posix.c:61 140556248495872: r->filehandle = 36, r->size = 8388608, r->offset = 119118233600
19:18:27 ERROR /home/bsc03/bsc03353/forge/src/dispatcher/posix.c:62 140556248495872: single write -1 of expected 8388608
19:18:29 ERROR /home/bsc03/bsc03353/forge/src/dispatcher/posix.c:61 139672112596736: r->filehandle = 36, r->size = 8388608, r->offset = 61656268800
19:18:29 ERROR /home/bsc03/bsc03353/forge/src/dispatcher/posix.c:62 139672112596736: single write -1 of expected 8388608
19:18:30 ERROR /home/bsc03/bsc03353/forge/src/dispatcher/posix.c:61 139676407572224: r->filehandle = 36, r->size = 8388608, r->offset = 40516976640
19:18:30 ERROR /home/bsc03/bsc03353/forge/src/dispatcher/posix.c:62 139676407572224: single write -1 of expected 8388608
19:18:31 ERROR /home/bsc03/bsc03353/forge/src/dispatcher/posix.c:61 139691439986432: r->filehandle = 36, r->size = 8388608, r->offset = 42781900800
19:18:31 ERROR /home/bsc03/bsc03353/forge/src/dispatcher/posix.c:62 139691439986432: single write -1 of expected 8388608
19:18:31 ERROR /home/bsc03/bsc03353/forge/src/dispatcher/posix.c:61 140125573691136: r->filehandle = 36, r->size = 8388608, r->offset = 91016396800
19:18:31 ERROR /home/bsc03/bsc03353/forge/src/dispatcher/posix.c:62 140125573691136: single write -1 of expected 8388608
19:18:33 ERROR /home/bsc03/bsc03353/forge/src/dispatcher/posix.c:61 139700029937408: r->filehandle = 36, r->size = 8388608, r->offset = 61991813120
19:18:33 ERROR /home/bsc03/bsc03353/forge/src/dispatcher/posix.c:62 139700029937408: single write -1 of expected 8388608
19:18:34 ERROR /home/bsc03/bsc03353/forge/src/dispatcher/posix.c:61 139667817621248: r->filehandle = 36, r->size = 8388608, r->offset = 32212254720
19:18:34 ERROR /home/bsc03/bsc03353/forge/src/dispatcher/posix.c:62 139667817621248: single write -1 of expected 8388608
19:18:35 ERROR /home/bsc03/bsc03353/forge/src/dispatcher/posix.c:61 140293661488896: r->filehandle = 35, r->size = 8388608, r->offset = 4949278720
19:18:35 ERROR /home/bsc03/bsc03353/forge/src/dispatcher/posix.c:62 140293661488896: single write -1 of expected 8388608
19:18:36 ERROR /home/bsc03/bsc03353/forge/src/dispatcher/posix.c:61 140136311129856: r->filehandle = 36, r->size = 8388608, r->offset = 77930168320
19:18:36 ERROR /home/bsc03/bsc03353/forge/src/dispatcher/posix.c:62 140136311129856: single write -1 of expected 8388608
19:18:38 ERROR /home/bsc03/bsc03353/forge/src/dispatcher/posix.c:61 140573428397824: r->filehandle = 36, r->size = 8388608, r->offset = 115762790400
19:18:38 ERROR /home/bsc03/bsc03353/forge/src/dispatcher/posix.c:62 140573428397824: single write -1 of expected 8388608
19:18:39 ERROR /home/bsc03/bsc03353/forge/src/dispatcher/posix.c:61 139684997523200: r->filehandle = 36, r->size = 8388608, r->offset = 33889976320
19:18:39 ERROR /home/bsc03/bsc03353/forge/src/dispatcher/posix.c:62 139684997523200: single write -1 of expected 8388608
19:18:40 ERROR /home/bsc03/bsc03353/forge/src/dispatcher/posix.c:61 139689292498688: r->filehandle = 36, r->size = 8388608, r->offset = 41775267840
19:18:40 ERROR /home/bsc03/bsc03353/forge/src/dispatcher/posix.c:62 139689292498688: single write -1 of expected 8388608
19:18:40 ERROR /home/bsc03/bsc03353/forge/src/dispatcher/posix.c:61 140289366513408: r->filehandle = 35, r->size = 8388608, r->offset = 21139292160
19:18:40 ERROR /home/bsc03/bsc03353/forge/src/dispatcher/posix.c:62 140289366513408: single write -1 of expected 8388608
19:18:41 ERROR /home/bsc03/bsc03353/forge/src/dispatcher/posix.c:61 140302251439872: r->filehandle = 35, r->size = 8388608, r->offset = 22565355520
19:18:41 ERROR /home/bsc03/bsc03353/forge/src/dispatcher/posix.c:62 140302251439872: single write -1 of expected 8388608
19:18:42 ERROR /home/bsc03/bsc03353/forge/src/dispatcher/posix.c:61 140556248495872: r->filehandle = 36, r->size = 8388608, r->offset = 99153346560
19:18:42 ERROR /home/bsc03/bsc03353/forge/src/dispatcher/posix.c:62 140556248495872: single write -1 of expected 8388608
19:18:43 ERROR /home/bsc03/bsc03353/forge/src/dispatcher/posix.c:61 140138458617600: r->filehandle = 36, r->size = 8388608, r->offset = 81621155840
19:18:43 ERROR /home/bsc03/bsc03353/forge/src/dispatcher/posix.c:62 140138458617600: single write -1 of expected 8388608
19:18:48 ERROR /home/bsc03/bsc03353/forge/src/dispatcher/posix.c:61 139700029937408: r->filehandle = 36, r->size = 8388608, r->offset = 35316039680
19:18:48 ERROR /home/bsc03/bsc03353/forge/src/dispatcher/posix.c:62 139700029937408: single write -1 of expected 8388608
19:18:49 ERROR /home/bsc03/bsc03353/forge/src/dispatcher/posix.c:61 139693587474176: r->filehandle = 36, r->size = 8388608, r->offset = 42614128640
19:18:49 ERROR /home/bsc03/bsc03353/forge/src/dispatcher/posix.c:62 139693587474176: single write -1 of expected 8388608
19:18:49 ERROR /home/bsc03/bsc03353/forge/src/dispatcher/posix.c:61 140304398927616: r->filehandle = 35, r->size = 8388608, r->offset = 24494735360
19:18:49 ERROR /home/bsc03/bsc03353/forge/src/dispatcher/posix.c:62 140304398927616: single write -1 of expected 8388608
19:18:50 ERROR /home/bsc03/bsc03353/forge/src/dispatcher/posix.c:61 140125573691136: r->filehandle = 36, r->size = 8388608, r->offset = 87073751040
19:18:50 ERROR /home/bsc03/bsc03353/forge/src/dispatcher/posix.c:62 140125573691136: single write -1 of expected 8388608
19:18:51 ERROR /home/bsc03/bsc03353/forge/src/dispatcher/posix.c:61 140142753593088: r->filehandle = 36, r->size = 8388608, r->offset = 84473282560
19:18:51 ERROR /home/bsc03/bsc03353/forge/src/dispatcher/posix.c:62 140142753593088: single write -1 of expected 8388608
19:18:52 ERROR /home/bsc03/bsc03353/forge/src/dispatcher/posix.c:61 140151343544064: r->filehandle = 36, r->size = 8388608, r->offset = 69625446400
19:18:52 ERROR /home/bsc03/bsc03353/forge/src/dispatcher/posix.c:62 140151343544064: single write -1 of expected 8388608
19:18:54 ERROR /home/bsc03/bsc03353/forge/src/dispatcher/posix.c:61 140140606105344: r->filehandle = 36, r->size = 8388608, r->offset = 71806484480
19:18:54 ERROR /home/bsc03/bsc03353/forge/src/dispatcher/posix.c:62 140140606105344: single write -1 of expected 8388608
19:18:55 ERROR /home/bsc03/bsc03353/forge/src/dispatcher/posix.c:61 140127721178880: r->filehandle = 36, r->size = 8388608, r->offset = 67863838720
19:18:55 ERROR /home/bsc03/bsc03353/forge/src/dispatcher/posix.c:62 140127721178880: single write -1 of expected 8388608
19:18:58 ERROR /home/bsc03/bsc03353/forge/src/dispatcher/posix.c:61 140136311129856: r->filehandle = 36, r->size = 8388608, r->offset = 77762396160
19:18:58 ERROR /home/bsc03/bsc03353/forge/src/dispatcher/posix.c:62 140136311129856: single write -1 of expected 8388608
19:18:59 ERROR /home/bsc03/bsc03353/forge/src/dispatcher/posix.c:61 140558395983616: r->filehandle = 36, r->size = 8388608, r->offset = 124403056640
19:18:59 ERROR /home/bsc03/bsc03353/forge/src/dispatcher/posix.c:62 140558395983616: single write -1 of expected 8388608
19:18:59 ERROR /home/bsc03/bsc03353/forge/src/dispatcher/posix.c:61 139689292498688: r->filehandle = 36, r->size = 8388608, r->offset = 45885685760
19:18:59 ERROR /home/bsc03/bsc03353/forge/src/dispatcher/posix.c:62 139689292498688: single write -1 of expected 8388608
19:19:00 ERROR /home/bsc03/bsc03353/forge/src/dispatcher/posix.c:61 140287219025664: r->filehandle = 35, r->size = 8388608, r->offset = 18203279360
19:19:00 ERROR /home/bsc03/bsc03353/forge/src/dispatcher/posix.c:62 140287219025664: single write -1 of expected 8388608
19:19:02 ERROR /home/bsc03/bsc03353/forge/src/dispatcher/posix.c:61 140300103952128: r->filehandle = 35, r->size = 8388608, r->offset = 17112760320
19:19:02 ERROR /home/bsc03/bsc03353/forge/src/dispatcher/posix.c:62 140300103952128: single write -1 of expected 8388608
19:19:04 ERROR /home/bsc03/bsc03353/forge/src/dispatcher/posix.c:61 140155638519552: r->filehandle = 36, r->size = 8388608, r->offset = 71135395840
19:19:04 ERROR /home/bsc03/bsc03353/forge/src/dispatcher/posix.c:62 140155638519552: single write -1 of expected 8388608
19:19:08 ERROR /home/bsc03/bsc03353/forge/src/dispatcher/posix.c:61 140147048568576: r->filehandle = 36, r->size = 8388608, r->offset = 75245813760
19:19:08 ERROR /home/bsc03/bsc03353/forge/src/dispatcher/posix.c:62 140147048568576: single write -1 of expected 8388608
19:19:09 ERROR /home/bsc03/bsc03353/forge/src/dispatcher/posix.c:61 140564838446848: r->filehandle = 36, r->size = 8388608, r->offset = 124486942720
19:19:09 ERROR /home/bsc03/bsc03353/forge/src/dispatcher/posix.c:62 140564838446848: single write -1 of expected 8388608
19:19:09 ERROR /home/bsc03/bsc03353/forge/src/dispatcher/posix.c:61 140566985934592: r->filehandle = 36, r->size = 8388608, r->offset = 104018739200
19:19:09 ERROR /home/bsc03/bsc03353/forge/src/dispatcher/posix.c:62 140566985934592: single write -1 of expected 8388608
19:19:10 ERROR /home/bsc03/bsc03353/forge/src/dispatcher/posix.c:61 140582018348800: r->filehandle = 36, r->size = 8388608, r->offset = 97056194560
19:19:10 ERROR /home/bsc03/bsc03353/forge/src/dispatcher/posix.c:62 140582018348800: single write -1 of expected 8388608
19:19:13 ERROR /home/bsc03/bsc03353/forge/src/dispatcher/posix.c:61 140562690959104: r->filehandle = 36, r->size = 8388608, r->offset = 115007815680
19:19:13 ERROR /home/bsc03/bsc03353/forge/src/dispatcher/posix.c:62 140562690959104: single write -1 of expected 8388608
19:19:15 ERROR /home/bsc03/bsc03353/forge/src/dispatcher/posix.c:61 140571280910080: r->filehandle = 36, r->size = 8388608, r->offset = 116685537280
19:19:15 ERROR /home/bsc03/bsc03353/forge/src/dispatcher/posix.c:62 140571280910080: single write -1 of expected 8388608
19:19:17 ERROR /home/bsc03/bsc03353/forge/src/dispatcher/posix.c:61 139669965108992: r->filehandle = 36, r->size = 8388608, r->offset = 35567697920
19:19:17 ERROR /home/bsc03/bsc03353/forge/src/dispatcher/posix.c:62 139669965108992: single write -1 of expected 8388608
19:19:19 ERROR /home/bsc03/bsc03353/forge/src/dispatcher/posix.c:61 140315136366336: r->filehandle = 35, r->size = 8388608, r->offset = 1342177280
19:19:19 ERROR /home/bsc03/bsc03353/forge/src/dispatcher/posix.c:62 140315136366336: single write -1 of expected 8388608
19:19:19 ERROR /home/bsc03/bsc03353/forge/src/dispatcher/posix.c:61 140308693903104: r->filehandle = 35, r->size = 8388608, r->offset = 1509949440
19:19:19 ERROR /home/bsc03/bsc03353/forge/src/dispatcher/posix.c:62 140308693903104: single write -1 of expected 8388608
19:19:20 ERROR /home/bsc03/bsc03353/forge/src/dispatcher/posix.c:61 140144901080832: r->filehandle = 36, r->size = 8388608, r->offset = 93197434880
19:19:20 ERROR /home/bsc03/bsc03353/forge/src/dispatcher/posix.c:62 140144901080832: single write -1 of expected 8388608
19:19:21 ERROR /home/bsc03/bsc03353/forge/src/dispatcher/posix.c:61 140560543471360: r->filehandle = 36, r->size = 8388608, r->offset = 125241917440
19:19:21 ERROR /home/bsc03/bsc03353/forge/src/dispatcher/posix.c:62 140560543471360: single write -1 of expected 8388608
19:19:22 ERROR /home/bsc03/bsc03353/forge/src/dispatcher/posix.c:61 139684997523200: r->filehandle = 36, r->size = 8388608, r->offset = 54777610240
19:19:22 ERROR /home/bsc03/bsc03353/forge/src/dispatcher/posix.c:62 139684997523200: single write -1 of expected 8388608
19:19:23 ERROR /home/bsc03/bsc03353/forge/src/dispatcher/posix.c:61 139672112596736: r->filehandle = 36, r->size = 8388608, r->offset = 49492787200
19:19:23 ERROR /home/bsc03/bsc03353/forge/src/dispatcher/posix.c:62 139672112596736: single write -1 of expected 8388608
19:19:24 ERROR /home/bsc03/bsc03353/forge/src/dispatcher/posix.c:61 140291514001152: r->filehandle = 35, r->size = 8388608, r->offset = 12499025920
19:19:24 ERROR /home/bsc03/bsc03353/forge/src/dispatcher/posix.c:62 140291514001152: single write -1 of expected 8388608
19:19:24 ERROR /home/bsc03/bsc03353/forge/src/dispatcher/posix.c:61 140136311129856: r->filehandle = 36, r->size = 8388608, r->offset = 78433484800
19:19:24 ERROR /home/bsc03/bsc03353/forge/src/dispatcher/posix.c:62 140136311129856: single write -1 of expected 8388608
19:19:26 ERROR /home/bsc03/bsc03353/forge/src/dispatcher/posix.c:61 140134163642112: r->filehandle = 36, r->size = 8388608, r->offset = 86151004160
19:19:26 ERROR /home/bsc03/bsc03353/forge/src/dispatcher/posix.c:62 140134163642112: single write -1 of expected 8388608
19:19:27 ERROR /home/bsc03/bsc03353/forge/src/dispatcher/posix.c:61 140549806032640: r->filehandle = 36, r->size = 8388608, r->offset = 98314485760
19:19:27 ERROR /home/bsc03/bsc03353/forge/src/dispatcher/posix.c:62 140549806032640: single write -1 of expected 8388608
19:19:27 ERROR /home/bsc03/bsc03353/forge/src/dispatcher/posix.c:61 140297956464384: r->filehandle = 35, r->size = 8388608, r->offset = 27766292480
19:19:27 ERROR /home/bsc03/bsc03353/forge/src/dispatcher/posix.c:62 140297956464384: single write -1 of expected 8388608
19:19:28 ERROR /home/bsc03/bsc03353/forge/src/dispatcher/posix.c:61 139700029937408: r->filehandle = 36, r->size = 8388608, r->offset = 52344913920
19:19:28 ERROR /home/bsc03/bsc03353/forge/src/dispatcher/posix.c:62 139700029937408: single write -1 of expected 8388608
19:19:29 ERROR /home/bsc03/bsc03353/forge/src/dispatcher/posix.c:61 139678555059968: r->filehandle = 36, r->size = 8388608, r->offset = 54945382400
19:19:29 ERROR /home/bsc03/bsc03353/forge/src/dispatcher/posix.c:62 139678555059968: single write -1 of expected 8388608
19:19:32 ERROR /home/bsc03/bsc03353/forge/src/dispatcher/posix.c:61 139676407572224: r->filehandle = 36, r->size = 8388608, r->offset = 52093255680
19:19:32 ERROR /home/bsc03/bsc03353/forge/src/dispatcher/posix.c:62 139676407572224: single write -1 of expected 8388608
19:19:34 ERROR /home/bsc03/bsc03353/forge/src/dispatcher/posix.c:61 140123426203392: r->filehandle = 36, r->size = 8388608, r->offset = 93029662720
19:19:34 ERROR /home/bsc03/bsc03353/forge/src/dispatcher/posix.c:62 140123426203392: single write -1 of expected 8388608
19:19:35 ERROR /home/bsc03/bsc03353/forge/src/dispatcher/posix.c:61 140147048568576: r->filehandle = 36, r->size = 8388608, r->offset = 85563801600
19:19:35 ERROR /home/bsc03/bsc03353/forge/src/dispatcher/posix.c:62 140147048568576: single write -1 of expected 8388608
19:19:36 ERROR /home/bsc03/bsc03353/forge/src/dispatcher/posix.c:61 140569133422336: r->filehandle = 36, r->size = 8388608, r->offset = 108296929280
19:19:36 ERROR /home/bsc03/bsc03353/forge/src/dispatcher/posix.c:62 140569133422336: single write -1 of expected 8388608
19:19:37 ERROR /home/bsc03/bsc03353/forge/src/dispatcher/posix.c:61 139687145010944: r->filehandle = 36, r->size = 8388608, r->offset = 38084280320
19:19:37 ERROR /home/bsc03/bsc03353/forge/src/dispatcher/posix.c:62 139687145010944: single write -1 of expected 8388608
19:19:42 ERROR /home/bsc03/bsc03353/forge/src/dispatcher/posix.c:61 140304398927616: r->filehandle = 35, r->size = 8388608, r->offset = 10401873920
19:19:42 ERROR /home/bsc03/bsc03353/forge/src/dispatcher/posix.c:62 140304398927616: single write -1 of expected 8388608
--------------------------------------------------------------------------
ORTE has lost communication with a remote daemon.

  HNP daemon   : [[30720,0],0] on node s01r2b25
  Remote daemon: [[30720,0],2] on node s01r2b39

This is usually due to either a failure of the TCP network
connection to the node, or possibly an internal failure of
the daemon itself. We cannot recover from this failure, and
therefore will terminate the job.
--------------------------------------------------------------------------
slurmstepd: error: *** JOB 8737375 ON s01r2b25 CANCELLED AT 2020-02-07T19:19:42 DUE TO TIME LIMIT ***
