Set GCC compilers as MPI wrappers backend 
remove openmpi/4.0.2_UCX (PATH, MANPATH, LD_LIBRARY_PATH) 
load openmpi/4.0.2_UCX (PATH, MANPATH, LD_LIBRARY_PATH) 
Set GCC compilers as MPI wrappers backend 
load gsl/2.4 (PATH, LD_LIBRARY_PATH, LIBRARY_PATH, MANPATH, INFOPATH,
C_INCLUDE_PATH, CPLUS_INCLUDE_PATH, PKG_CONFIG_PATH, GSL_DIR) 
21:30:08 INFO  /home/bsc03/bsc03353/forge/src/main.c:107 140248815831104: I/O Forwarding Exploration [START]
Will AGIOS generate trace files? NO
Default scheduling algorithm: TO
TWINS window size: 1000000
Will the Prediction Module read information from trace files? NO
File with access time functions: /home/bsc03/bsc03353/forge/agios/access_times.func
AGIOS thinks its user has stripe size of 32768
21:33:02 ERROR /home/bsc03/bsc03353/forge/src/dispatcher/posix.c:61 140213813020416: r->filehandle = 653, r->size = 131072, r->offset = 0
21:33:02 ERROR /home/bsc03/bsc03353/forge/src/dispatcher/posix.c:62 140213813020416: single write -1 of expected 131072
21:33:03 ERROR /home/bsc03/bsc03353/forge/src/dispatcher/posix.c:61 140226697946880: r->filehandle = 820, r->size = 131072, r->offset = 0
21:33:03 ERROR /home/bsc03/bsc03353/forge/src/dispatcher/posix.c:62 140226697946880: single write -1 of expected 131072
21:33:04 ERROR /home/bsc03/bsc03353/forge/src/dispatcher/posix.c:61 140237435385600: r->filehandle = 916, r->size = 131072, r->offset = 0
21:33:04 ERROR /home/bsc03/bsc03353/forge/src/dispatcher/posix.c:62 140237435385600: single write -1 of expected 131072
21:33:04 ERROR /home/bsc03/bsc03353/forge/src/dispatcher/posix.c:61 140222402971392: r->filehandle = 630, r->size = 131072, r->offset = 0
21:33:04 ERROR /home/bsc03/bsc03353/forge/src/dispatcher/posix.c:62 140222402971392: single write -1 of expected 131072
21:33:04 ERROR /home/bsc03/bsc03353/forge/src/dispatcher/posix.c:61 140218107995904: r->filehandle = 1467, r->size = 131072, r->offset = 0
21:33:04 ERROR /home/bsc03/bsc03353/forge/src/dispatcher/posix.c:62 140218107995904: single write -1 of expected 131072
21:33:04 ERROR /home/bsc03/bsc03353/forge/src/dispatcher/posix.c:61 140220255483648: r->filehandle = 994, r->size = 131072, r->offset = 0
21:33:04 ERROR /home/bsc03/bsc03353/forge/src/dispatcher/posix.c:62 140220255483648: single write -1 of expected 131072
21:33:05 ERROR /home/bsc03/bsc03353/forge/src/dispatcher/posix.c:61 140235287897856: r->filehandle = 1148, r->size = 131072, r->offset = 0
21:33:05 ERROR /home/bsc03/bsc03353/forge/src/dispatcher/posix.c:62 140235287897856: single write -1 of expected 131072
21:33:05 ERROR /home/bsc03/bsc03353/forge/src/dispatcher/posix.c:61 140224550459136: r->filehandle = 1202, r->size = 131072, r->offset = 0
21:33:05 ERROR /home/bsc03/bsc03353/forge/src/dispatcher/posix.c:62 140224550459136: single write -1 of expected 131072
21:33:05 ERROR /home/bsc03/bsc03353/forge/src/dispatcher/posix.c:61 140230992922368: r->filehandle = 1122, r->size = 131072, r->offset = 0
21:33:05 ERROR /home/bsc03/bsc03353/forge/src/dispatcher/posix.c:62 140230992922368: single write -1 of expected 131072
21:33:06 ERROR /home/bsc03/bsc03353/forge/src/dispatcher/posix.c:61 140239582873344: r->filehandle = 1512, r->size = 131072, r->offset = 0
21:33:06 ERROR /home/bsc03/bsc03353/forge/src/dispatcher/posix.c:62 140239582873344: single write -1 of expected 131072
21:33:06 ERROR /home/bsc03/bsc03353/forge/src/dispatcher/posix.c:61 140215960508160: r->filehandle = 1318, r->size = 131072, r->offset = 0
21:33:06 ERROR /home/bsc03/bsc03353/forge/src/dispatcher/posix.c:62 140215960508160: single write -1 of expected 131072
21:33:06 ERROR /home/bsc03/bsc03353/forge/src/dispatcher/posix.c:61 140224550459136: r->filehandle = 154, r->size = 131072, r->offset = 0
21:33:06 ERROR /home/bsc03/bsc03353/forge/src/dispatcher/posix.c:62 140224550459136: single write -1 of expected 131072
21:33:06 ERROR /home/bsc03/bsc03353/forge/src/dispatcher/posix.c:61 140220255483648: r->filehandle = 1232, r->size = 131072, r->offset = 0
21:33:06 ERROR /home/bsc03/bsc03353/forge/src/dispatcher/posix.c:62 140220255483648: single write -1 of expected 131072
21:33:07 ERROR /home/bsc03/bsc03353/forge/src/dispatcher/posix.c:61 140218107995904: r->filehandle = 1388, r->size = 131072, r->offset = 0
21:33:07 ERROR /home/bsc03/bsc03353/forge/src/dispatcher/posix.c:62 140218107995904: single write -1 of expected 131072
21:33:07 ERROR /home/bsc03/bsc03353/forge/src/dispatcher/posix.c:61 140237435385600: r->filehandle = 243, r->size = 131072, r->offset = 0
21:33:07 ERROR /home/bsc03/bsc03353/forge/src/dispatcher/posix.c:62 140237435385600: single write -1 of expected 131072
21:33:07 ERROR /home/bsc03/bsc03353/forge/src/dispatcher/posix.c:61 140233140410112: r->filehandle = 1061, r->size = 131072, r->offset = 0
21:33:07 ERROR /home/bsc03/bsc03353/forge/src/dispatcher/posix.c:62 140233140410112: single write -1 of expected 131072
21:33:07 ERROR /home/bsc03/bsc03353/forge/src/dispatcher/posix.c:61 140241730361088: r->filehandle = 1376, r->size = 131072, r->offset = 0
21:33:07 ERROR /home/bsc03/bsc03353/forge/src/dispatcher/posix.c:62 140241730361088: single write -1 of expected 131072
21:33:08 ERROR /home/bsc03/bsc03353/forge/src/dispatcher/posix.c:61 140220255483648: r->filehandle = 876, r->size = 131072, r->offset = 0
21:33:08 ERROR /home/bsc03/bsc03353/forge/src/dispatcher/posix.c:62 140220255483648: single write -1 of expected 131072
21:33:08 ERROR /home/bsc03/bsc03353/forge/src/dispatcher/posix.c:61 140239582873344: r->filehandle = 126, r->size = 131072, r->offset = 0
21:33:08 ERROR /home/bsc03/bsc03353/forge/src/dispatcher/posix.c:62 140239582873344: single write -1 of expected 131072
21:33:08 ERROR /home/bsc03/bsc03353/forge/src/dispatcher/posix.c:61 140215960508160: r->filehandle = 1092, r->size = 131072, r->offset = 0
21:33:08 ERROR /home/bsc03/bsc03353/forge/src/dispatcher/posix.c:62 140215960508160: single write -1 of expected 131072
21:33:09 ERROR /home/bsc03/bsc03353/forge/src/dispatcher/posix.c:61 140222402971392: r->filehandle = 1423, r->size = 131072, r->offset = 0
21:33:09 ERROR /home/bsc03/bsc03353/forge/src/dispatcher/posix.c:62 140222402971392: single write -1 of expected 131072
21:33:09 ERROR /home/bsc03/bsc03353/forge/src/dispatcher/posix.c:61 140209518044928: r->filehandle = 660, r->size = 131072, r->offset = 0
21:33:09 ERROR /home/bsc03/bsc03353/forge/src/dispatcher/posix.c:62 140209518044928: single write -1 of expected 131072
21:33:09 ERROR /home/bsc03/bsc03353/forge/src/dispatcher/posix.c:61 140237435385600: r->filehandle = 1240, r->size = 131072, r->offset = 0
21:33:09 ERROR /home/bsc03/bsc03353/forge/src/dispatcher/posix.c:62 140237435385600: single write -1 of expected 131072
21:33:10 ERROR /home/bsc03/bsc03353/forge/src/dispatcher/posix.c:61 140241730361088: r->filehandle = 1272, r->size = 131072, r->offset = 0
21:33:10 ERROR /home/bsc03/bsc03353/forge/src/dispatcher/posix.c:62 140241730361088: single write -1 of expected 131072
21:33:10 ERROR /home/bsc03/bsc03353/forge/src/dispatcher/posix.c:61 140211665532672: r->filehandle = 1396, r->size = 131072, r->offset = 0
21:33:10 ERROR /home/bsc03/bsc03353/forge/src/dispatcher/posix.c:62 140211665532672: single write -1 of expected 131072
21:33:10 ERROR /home/bsc03/bsc03353/forge/src/dispatcher/posix.c:61 140239582873344: r->filehandle = 617, r->size = 131072, r->offset = 0
21:33:10 ERROR /home/bsc03/bsc03353/forge/src/dispatcher/posix.c:62 140239582873344: single write -1 of expected 131072
21:33:10 ERROR /home/bsc03/bsc03353/forge/src/dispatcher/posix.c:61 140224550459136: r->filehandle = 1231, r->size = 131072, r->offset = 0
21:33:10 ERROR /home/bsc03/bsc03353/forge/src/dispatcher/posix.c:62 140224550459136: single write -1 of expected 131072
21:33:11 ERROR /home/bsc03/bsc03353/forge/src/dispatcher/posix.c:61 140209518044928: r->filehandle = 1543, r->size = 131072, r->offset = 0
21:33:11 ERROR /home/bsc03/bsc03353/forge/src/dispatcher/posix.c:62 140209518044928: single write -1 of expected 131072
21:33:11 ERROR /home/bsc03/bsc03353/forge/src/dispatcher/posix.c:61 140237435385600: r->filehandle = 482, r->size = 131072, r->offset = 0
21:33:11 ERROR /home/bsc03/bsc03353/forge/src/dispatcher/posix.c:62 140237435385600: single write -1 of expected 131072
21:33:11 ERROR /home/bsc03/bsc03353/forge/src/dispatcher/posix.c:61 140228845434624: r->filehandle = 1021, r->size = 131072, r->offset = 0
21:33:11 ERROR /home/bsc03/bsc03353/forge/src/dispatcher/posix.c:62 140228845434624: single write -1 of expected 131072
21:33:11 ERROR /home/bsc03/bsc03353/forge/src/dispatcher/posix.c:61 140226697946880: r->filehandle = 35, r->size = 131072, r->offset = 0
21:33:11 ERROR /home/bsc03/bsc03353/forge/src/dispatcher/posix.c:62 140226697946880: single write -1 of expected 131072
21:33:11 ERROR /home/bsc03/bsc03353/forge/src/dispatcher/posix.c:61 140222402971392: r->filehandle = 761, r->size = 131072, r->offset = 0
21:33:11 ERROR /home/bsc03/bsc03353/forge/src/dispatcher/posix.c:62 140222402971392: single write -1 of expected 131072
21:33:12 ERROR /home/bsc03/bsc03353/forge/src/dispatcher/posix.c:61 140224550459136: r->filehandle = 1538, r->size = 131072, r->offset = 0
21:33:12 ERROR /home/bsc03/bsc03353/forge/src/dispatcher/posix.c:62 140224550459136: single write -1 of expected 131072
21:33:12 ERROR /home/bsc03/bsc03353/forge/src/dispatcher/posix.c:61 140218107995904: r->filehandle = 478, r->size = 131072, r->offset = 0
21:33:12 ERROR /home/bsc03/bsc03353/forge/src/dispatcher/posix.c:62 140218107995904: single write -1 of expected 131072
21:33:12 ERROR /home/bsc03/bsc03353/forge/src/dispatcher/posix.c:61 140211665532672: r->filehandle = 176, r->size = 131072, r->offset = 0
21:33:12 ERROR /home/bsc03/bsc03353/forge/src/dispatcher/posix.c:62 140211665532672: single write -1 of expected 131072
21:33:13 ERROR /home/bsc03/bsc03353/forge/src/dispatcher/posix.c:61 140237435385600: r->filehandle = 72, r->size = 131072, r->offset = 0
21:33:13 ERROR /home/bsc03/bsc03353/forge/src/dispatcher/posix.c:62 140237435385600: single write -1 of expected 131072
21:33:13 ERROR /home/bsc03/bsc03353/forge/src/dispatcher/posix.c:61 140209518044928: r->filehandle = 1190, r->size = 131072, r->offset = 0
21:33:13 ERROR /home/bsc03/bsc03353/forge/src/dispatcher/posix.c:62 140209518044928: single write -1 of expected 131072
21:33:13 ERROR /home/bsc03/bsc03353/forge/src/dispatcher/posix.c:61 140224550459136: r->filehandle = 254, r->size = 131072, r->offset = 0
21:33:13 ERROR /home/bsc03/bsc03353/forge/src/dispatcher/posix.c:62 140224550459136: single write -1 of expected 131072
21:33:13 ERROR /home/bsc03/bsc03353/forge/src/dispatcher/posix.c:61 140241730361088: r->filehandle = 103, r->size = 131072, r->offset = 0
21:33:13 ERROR /home/bsc03/bsc03353/forge/src/dispatcher/posix.c:62 140241730361088: single write -1 of expected 131072
21:33:14 ERROR /home/bsc03/bsc03353/forge/src/dispatcher/posix.c:61 140226697946880: r->filehandle = 555, r->size = 131072, r->offset = 0
21:33:14 ERROR /home/bsc03/bsc03353/forge/src/dispatcher/posix.c:62 140226697946880: single write -1 of expected 131072
21:33:14 ERROR /home/bsc03/bsc03353/forge/src/dispatcher/posix.c:61 140211665532672: r->filehandle = 40, r->size = 131072, r->offset = 0
21:33:14 ERROR /home/bsc03/bsc03353/forge/src/dispatcher/posix.c:62 140211665532672: single write -1 of expected 131072
21:33:14 ERROR /home/bsc03/bsc03353/forge/src/dispatcher/posix.c:61 140222402971392: r->filehandle = 654, r->size = 131072, r->offset = 0
21:33:14 ERROR /home/bsc03/bsc03353/forge/src/dispatcher/posix.c:62 140222402971392: single write -1 of expected 131072
21:33:14 ERROR /home/bsc03/bsc03353/forge/src/dispatcher/posix.c:61 140220255483648: r->filehandle = 499, r->size = 131072, r->offset = 0
21:33:14 ERROR /home/bsc03/bsc03353/forge/src/dispatcher/posix.c:62 140220255483648: single write -1 of expected 131072
21:33:15 ERROR /home/bsc03/bsc03353/forge/src/dispatcher/posix.c:61 140226697946880: r->filehandle = 1352, r->size = 131072, r->offset = 0
21:33:15 ERROR /home/bsc03/bsc03353/forge/src/dispatcher/posix.c:62 140226697946880: single write -1 of expected 131072
21:33:15 ERROR /home/bsc03/bsc03353/forge/src/dispatcher/posix.c:61 140241730361088: r->filehandle = 1105, r->size = 131072, r->offset = 0
21:33:15 ERROR /home/bsc03/bsc03353/forge/src/dispatcher/posix.c:62 140241730361088: single write -1 of expected 131072
21:33:15 ERROR /home/bsc03/bsc03353/forge/src/dispatcher/posix.c:61 140237435385600: r->filehandle = 1246, r->size = 131072, r->offset = 0
21:33:15 ERROR /home/bsc03/bsc03353/forge/src/dispatcher/posix.c:62 140237435385600: single write -1 of expected 131072
21:33:15 ERROR /home/bsc03/bsc03353/forge/src/dispatcher/posix.c:61 140211665532672: r->filehandle = 54, r->size = 131072, r->offset = 0
21:33:15 ERROR /home/bsc03/bsc03353/forge/src/dispatcher/posix.c:62 140211665532672: single write -1 of expected 131072
21:33:16 ERROR /home/bsc03/bsc03353/forge/src/dispatcher/posix.c:61 140215960508160: r->filehandle = 431, r->size = 131072, r->offset = 0
21:33:16 ERROR /home/bsc03/bsc03353/forge/src/dispatcher/posix.c:62 140215960508160: single write -1 of expected 131072
21:33:16 ERROR /home/bsc03/bsc03353/forge/src/dispatcher/posix.c:61 140209518044928: r->filehandle = 286, r->size = 131072, r->offset = 0
21:33:16 ERROR /home/bsc03/bsc03353/forge/src/dispatcher/posix.c:62 140209518044928: single write -1 of expected 131072
21:33:16 ERROR /home/bsc03/bsc03353/forge/src/dispatcher/posix.c:61 140220255483648: r->filehandle = 565, r->size = 131072, r->offset = 0
21:33:16 ERROR /home/bsc03/bsc03353/forge/src/dispatcher/posix.c:62 140220255483648: single write -1 of expected 131072
21:33:16 ERROR /home/bsc03/bsc03353/forge/src/dispatcher/posix.c:61 140241730361088: r->filehandle = 1310, r->size = 131072, r->offset = 0
21:33:16 ERROR /home/bsc03/bsc03353/forge/src/dispatcher/posix.c:62 140241730361088: single write -1 of expected 131072
21:33:16 ERROR /home/bsc03/bsc03353/forge/src/dispatcher/posix.c:61 140230992922368: r->filehandle = 263, r->size = 131072, r->offset = 0
21:33:16 ERROR /home/bsc03/bsc03353/forge/src/dispatcher/posix.c:62 140230992922368: single write -1 of expected 131072
21:33:17 ERROR /home/bsc03/bsc03353/forge/src/dispatcher/posix.c:61 140222402971392: r->filehandle = 766, r->size = 131072, r->offset = 0
21:33:17 ERROR /home/bsc03/bsc03353/forge/src/dispatcher/posix.c:62 140222402971392: single write -1 of expected 131072
21:33:17 ERROR /home/bsc03/bsc03353/forge/src/dispatcher/posix.c:61 140218107995904: r->filehandle = 172, r->size = 131072, r->offset = 0
21:33:17 ERROR /home/bsc03/bsc03353/forge/src/dispatcher/posix.c:62 140218107995904: single write -1 of expected 131072
21:33:17 ERROR /home/bsc03/bsc03353/forge/src/dispatcher/posix.c:61 140209518044928: r->filehandle = 674, r->size = 131072, r->offset = 0
21:33:17 ERROR /home/bsc03/bsc03353/forge/src/dispatcher/posix.c:62 140209518044928: single write -1 of expected 131072
21:33:18 ERROR /home/bsc03/bsc03353/forge/src/dispatcher/posix.c:61 140241730361088: r->filehandle = 1053, r->size = 131072, r->offset = 0
21:33:18 ERROR /home/bsc03/bsc03353/forge/src/dispatcher/posix.c:62 140241730361088: single write -1 of expected 131072
21:33:18 ERROR /home/bsc03/bsc03353/forge/src/dispatcher/posix.c:61 140228845434624: r->filehandle = 1009, r->size = 131072, r->offset = 0
21:33:18 ERROR /home/bsc03/bsc03353/forge/src/dispatcher/posix.c:62 140228845434624: single write -1 of expected 131072
21:33:18 ERROR /home/bsc03/bsc03353/forge/src/dispatcher/posix.c:61 140218107995904: r->filehandle = 1357, r->size = 131072, r->offset = 0
21:33:18 ERROR /home/bsc03/bsc03353/forge/src/dispatcher/posix.c:62 140218107995904: single write -1 of expected 131072
21:33:18 ERROR /home/bsc03/bsc03353/forge/src/dispatcher/posix.c:61 140237435385600: r->filehandle = 1164, r->size = 131072, r->offset = 0
21:33:18 ERROR /home/bsc03/bsc03353/forge/src/dispatcher/posix.c:62 140237435385600: single write -1 of expected 131072
21:33:18 ERROR /home/bsc03/bsc03353/forge/src/dispatcher/posix.c:61 140211665532672: r->filehandle = 1067, r->size = 131072, r->offset = 0
21:33:18 ERROR /home/bsc03/bsc03353/forge/src/dispatcher/posix.c:62 140211665532672: single write -1 of expected 131072
21:33:19 ERROR /home/bsc03/bsc03353/forge/src/dispatcher/posix.c:61 140209518044928: r->filehandle = 361, r->size = 131072, r->offset = 0
21:33:19 ERROR /home/bsc03/bsc03353/forge/src/dispatcher/posix.c:62 140209518044928: single write -1 of expected 131072
21:33:19 ERROR /home/bsc03/bsc03353/forge/src/dispatcher/posix.c:61 140241730361088: r->filehandle = 592, r->size = 131072, r->offset = 0
21:33:19 ERROR /home/bsc03/bsc03353/forge/src/dispatcher/posix.c:62 140241730361088: single write -1 of expected 131072
21:33:19 ERROR /home/bsc03/bsc03353/forge/src/dispatcher/posix.c:61 140215960508160: r->filehandle = 49, r->size = 131072, r->offset = 0
21:33:19 ERROR /home/bsc03/bsc03353/forge/src/dispatcher/posix.c:62 140215960508160: single write -1 of expected 131072
21:33:19 ERROR /home/bsc03/bsc03353/forge/src/dispatcher/posix.c:61 140233140410112: r->filehandle = 48, r->size = 131072, r->offset = 0
21:33:19 ERROR /home/bsc03/bsc03353/forge/src/dispatcher/posix.c:62 140233140410112: single write -1 of expected 131072
21:33:20 ERROR /home/bsc03/bsc03353/forge/src/dispatcher/posix.c:61 140237435385600: r->filehandle = 643, r->size = 131072, r->offset = 0
21:33:20 ERROR /home/bsc03/bsc03353/forge/src/dispatcher/posix.c:62 140237435385600: single write -1 of expected 131072
21:33:20 ERROR /home/bsc03/bsc03353/forge/src/dispatcher/posix.c:61 140228845434624: r->filehandle = 376, r->size = 131072, r->offset = 0
21:33:20 ERROR /home/bsc03/bsc03353/forge/src/dispatcher/posix.c:62 140228845434624: single write -1 of expected 131072
21:33:20 ERROR /home/bsc03/bsc03353/forge/src/dispatcher/posix.c:61 140222402971392: r->filehandle = 262, r->size = 131072, r->offset = 0
21:33:20 ERROR /home/bsc03/bsc03353/forge/src/dispatcher/posix.c:62 140222402971392: single write -1 of expected 131072
21:33:20 ERROR /home/bsc03/bsc03353/forge/src/dispatcher/posix.c:61 140239582873344: r->filehandle = 358, r->size = 131072, r->offset = 0
21:33:20 ERROR /home/bsc03/bsc03353/forge/src/dispatcher/posix.c:62 140239582873344: single write -1 of expected 131072
21:33:21 ERROR /home/bsc03/bsc03353/forge/src/dispatcher/posix.c:61 140215960508160: r->filehandle = 533, r->size = 131072, r->offset = 0
21:33:21 ERROR /home/bsc03/bsc03353/forge/src/dispatcher/posix.c:62 140215960508160: single write -1 of expected 131072
21:33:21 ERROR /home/bsc03/bsc03353/forge/src/dispatcher/posix.c:61 140218107995904: r->filehandle = 501, r->size = 131072, r->offset = 0
21:33:21 ERROR /home/bsc03/bsc03353/forge/src/dispatcher/posix.c:62 140218107995904: single write -1 of expected 131072
21:33:21 ERROR /home/bsc03/bsc03353/forge/src/dispatcher/posix.c:61 140233140410112: r->filehandle = 648, r->size = 131072, r->offset = 0
21:33:21 ERROR /home/bsc03/bsc03353/forge/src/dispatcher/posix.c:62 140233140410112: single write -1 of expected 131072
21:33:22 ERROR /home/bsc03/bsc03353/forge/src/dispatcher/posix.c:61 140211665532672: r->filehandle = 332, r->size = 131072, r->offset = 0
21:33:22 ERROR /home/bsc03/bsc03353/forge/src/dispatcher/posix.c:62 140211665532672: single write -1 of expected 131072
21:33:22 ERROR /home/bsc03/bsc03353/forge/src/dispatcher/posix.c:61 140222402971392: r->filehandle = 984, r->size = 131072, r->offset = 0
21:33:22 ERROR /home/bsc03/bsc03353/forge/src/dispatcher/posix.c:62 140222402971392: single write -1 of expected 131072
21:33:22 ERROR /home/bsc03/bsc03353/forge/src/dispatcher/posix.c:61 140220255483648: r->filehandle = 933, r->size = 131072, r->offset = 0
21:33:22 ERROR /home/bsc03/bsc03353/forge/src/dispatcher/posix.c:62 140220255483648: single write -1 of expected 131072
21:33:22 ERROR /home/bsc03/bsc03353/forge/src/dispatcher/posix.c:61 140218107995904: r->filehandle = 549, r->size = 131072, r->offset = 0
21:33:22 ERROR /home/bsc03/bsc03353/forge/src/dispatcher/posix.c:62 140218107995904: single write -1 of expected 131072
21:33:22 ERROR /home/bsc03/bsc03353/forge/src/dispatcher/posix.c:61 140233140410112: r->filehandle = 1312, r->size = 131072, r->offset = 0
21:33:22 ERROR /home/bsc03/bsc03353/forge/src/dispatcher/posix.c:62 140233140410112: single write -1 of expected 131072
21:33:23 ERROR /home/bsc03/bsc03353/forge/src/dispatcher/posix.c:61 140235287897856: r->filehandle = 416, r->size = 131072, r->offset = 0
21:33:23 ERROR /home/bsc03/bsc03353/forge/src/dispatcher/posix.c:62 140235287897856: single write -1 of expected 131072
21:33:23 ERROR /home/bsc03/bsc03353/forge/src/dispatcher/posix.c:61 140241730361088: r->filehandle = 1383, r->size = 131072, r->offset = 0
21:33:23 ERROR /home/bsc03/bsc03353/forge/src/dispatcher/posix.c:62 140241730361088: single write -1 of expected 131072
21:33:23 ERROR /home/bsc03/bsc03353/forge/src/dispatcher/posix.c:61 140209518044928: r->filehandle = 686, r->size = 131072, r->offset = 0
21:33:23 ERROR /home/bsc03/bsc03353/forge/src/dispatcher/posix.c:62 140209518044928: single write -1 of expected 131072
21:33:23 ERROR /home/bsc03/bsc03353/forge/src/dispatcher/posix.c:61 140220255483648: r->filehandle = 711, r->size = 131072, r->offset = 0
21:33:23 ERROR /home/bsc03/bsc03353/forge/src/dispatcher/posix.c:62 140220255483648: single write -1 of expected 131072
21:33:24 ERROR /home/bsc03/bsc03353/forge/src/dispatcher/posix.c:61 140222402971392: r->filehandle = 1571, r->size = 131072, r->offset = 0
21:33:24 ERROR /home/bsc03/bsc03353/forge/src/dispatcher/posix.c:62 140222402971392: single write -1 of expected 131072
21:33:24 ERROR /home/bsc03/bsc03353/forge/src/dispatcher/posix.c:61 140213813020416: r->filehandle = 175, r->size = 131072, r->offset = 0
21:33:24 ERROR /home/bsc03/bsc03353/forge/src/dispatcher/posix.c:62 140213813020416: single write -1 of expected 131072
21:33:24 ERROR /home/bsc03/bsc03353/forge/src/dispatcher/posix.c:61 140235287897856: r->filehandle = 1333, r->size = 131072, r->offset = 0
21:33:24 ERROR /home/bsc03/bsc03353/forge/src/dispatcher/posix.c:62 140235287897856: single write -1 of expected 131072
21:33:25 ERROR /home/bsc03/bsc03353/forge/src/dispatcher/posix.c:61 140233140410112: r->filehandle = 163, r->size = 131072, r->offset = 0
21:33:25 ERROR /home/bsc03/bsc03353/forge/src/dispatcher/posix.c:62 140233140410112: single write -1 of expected 131072
21:33:25 ERROR /home/bsc03/bsc03353/forge/src/dispatcher/posix.c:61 140211665532672: r->filehandle = 106, r->size = 131072, r->offset = 0
21:33:25 ERROR /home/bsc03/bsc03353/forge/src/dispatcher/posix.c:62 140211665532672: single write -1 of expected 131072
21:33:25 ERROR /home/bsc03/bsc03353/forge/src/dispatcher/posix.c:61 140237435385600: r->filehandle = 1306, r->size = 131072, r->offset = 0
21:33:25 ERROR /home/bsc03/bsc03353/forge/src/dispatcher/posix.c:62 140237435385600: single write -1 of expected 131072
21:33:25 ERROR /home/bsc03/bsc03353/forge/src/dispatcher/posix.c:61 140209518044928: r->filehandle = 257, r->size = 131072, r->offset = 0
21:33:25 ERROR /home/bsc03/bsc03353/forge/src/dispatcher/posix.c:62 140209518044928: single write -1 of expected 131072
21:33:25 ERROR /home/bsc03/bsc03353/forge/src/dispatcher/posix.c:61 140213813020416: r->filehandle = 1491, r->size = 131072, r->offset = 0
21:33:25 ERROR /home/bsc03/bsc03353/forge/src/dispatcher/posix.c:62 140213813020416: single write -1 of expected 131072
21:33:26 ERROR /home/bsc03/bsc03353/forge/src/dispatcher/posix.c:61 140224550459136: r->filehandle = 1332, r->size = 131072, r->offset = 0
21:33:26 ERROR /home/bsc03/bsc03353/forge/src/dispatcher/posix.c:62 140224550459136: single write -1 of expected 131072
21:33:26 ERROR /home/bsc03/bsc03353/forge/src/dispatcher/posix.c:61 140228845434624: r->filehandle = 462, r->size = 131072, r->offset = 0
21:33:26 ERROR /home/bsc03/bsc03353/forge/src/dispatcher/posix.c:62 140228845434624: single write -1 of expected 131072
21:33:26 ERROR /home/bsc03/bsc03353/forge/src/dispatcher/posix.c:61 140230992922368: r->filehandle = 731, r->size = 131072, r->offset = 0
21:33:26 ERROR /home/bsc03/bsc03353/forge/src/dispatcher/posix.c:62 140230992922368: single write -1 of expected 131072
21:33:27 ERROR /home/bsc03/bsc03353/forge/src/dispatcher/posix.c:61 140233140410112: r->filehandle = 1429, r->size = 131072, r->offset = 0
21:33:27 ERROR /home/bsc03/bsc03353/forge/src/dispatcher/posix.c:62 140233140410112: single write -1 of expected 131072
21:33:27 ERROR /home/bsc03/bsc03353/forge/src/dispatcher/posix.c:61 140213813020416: r->filehandle = 170, r->size = 131072, r->offset = 0
21:33:27 ERROR /home/bsc03/bsc03353/forge/src/dispatcher/posix.c:62 140213813020416: single write -1 of expected 131072
21:33:27 ERROR /home/bsc03/bsc03353/forge/src/dispatcher/posix.c:61 140237435385600: r->filehandle = 817, r->size = 131072, r->offset = 0
21:33:27 ERROR /home/bsc03/bsc03353/forge/src/dispatcher/posix.c:62 140237435385600: single write -1 of expected 131072
21:33:27 ERROR /home/bsc03/bsc03353/forge/src/dispatcher/posix.c:61 140215960508160: r->filehandle = 1267, r->size = 131072, r->offset = 0
21:33:27 ERROR /home/bsc03/bsc03353/forge/src/dispatcher/posix.c:62 140215960508160: single write -1 of expected 131072
21:33:28 ERROR /home/bsc03/bsc03353/forge/src/dispatcher/posix.c:61 140209518044928: r->filehandle = 164, r->size = 131072, r->offset = 0
21:33:28 ERROR /home/bsc03/bsc03353/forge/src/dispatcher/posix.c:62 140209518044928: single write -1 of expected 131072
21:33:28 ERROR /home/bsc03/bsc03353/forge/src/dispatcher/posix.c:61 140228845434624: r->filehandle = 749, r->size = 131072, r->offset = 0
21:33:28 ERROR /home/bsc03/bsc03353/forge/src/dispatcher/posix.c:62 140228845434624: single write -1 of expected 131072
21:33:28 ERROR /home/bsc03/bsc03353/forge/src/dispatcher/posix.c:61 140235287897856: r->filehandle = 1513, r->size = 131072, r->offset = 0
21:33:28 ERROR /home/bsc03/bsc03353/forge/src/dispatcher/posix.c:62 140235287897856: single write -1 of expected 131072
21:33:29 ERROR /home/bsc03/bsc03353/forge/src/dispatcher/posix.c:61 140213813020416: r->filehandle = 1010, r->size = 131072, r->offset = 0
21:33:29 ERROR /home/bsc03/bsc03353/forge/src/dispatcher/posix.c:62 140213813020416: single write -1 of expected 131072
21:33:29 ERROR /home/bsc03/bsc03353/forge/src/dispatcher/posix.c:61 140218107995904: r->filehandle = 1356, r->size = 131072, r->offset = 0
21:33:29 ERROR /home/bsc03/bsc03353/forge/src/dispatcher/posix.c:62 140218107995904: single write -1 of expected 131072
21:33:29 ERROR /home/bsc03/bsc03353/forge/src/dispatcher/posix.c:61 140230992922368: r->filehandle = 1508, r->size = 131072, r->offset = 0
21:33:29 ERROR /home/bsc03/bsc03353/forge/src/dispatcher/posix.c:62 140230992922368: single write -1 of expected 131072
21:33:29 ERROR /home/bsc03/bsc03353/forge/src/dispatcher/posix.c:61 140228845434624: r->filehandle = 337, r->size = 131072, r->offset = 0
21:33:29 ERROR /home/bsc03/bsc03353/forge/src/dispatcher/posix.c:62 140228845434624: single write -1 of expected 131072
21:33:29 ERROR /home/bsc03/bsc03353/forge/src/dispatcher/posix.c:61 140239582873344: r->filehandle = 1125, r->size = 131072, r->offset = 0
21:33:29 ERROR /home/bsc03/bsc03353/forge/src/dispatcher/posix.c:62 140239582873344: single write -1 of expected 131072
21:33:30 ERROR /home/bsc03/bsc03353/forge/src/dispatcher/posix.c:61 140224550459136: r->filehandle = 737, r->size = 131072, r->offset = 0
21:33:30 ERROR /home/bsc03/bsc03353/forge/src/dispatcher/posix.c:62 140224550459136: single write -1 of expected 131072
21:33:30 ERROR /home/bsc03/bsc03353/forge/src/dispatcher/posix.c:61 140233140410112: r->filehandle = 283, r->size = 131072, r->offset = 0
21:33:30 ERROR /home/bsc03/bsc03353/forge/src/dispatcher/posix.c:62 140233140410112: single write -1 of expected 131072
21:33:30 ERROR /home/bsc03/bsc03353/forge/src/dispatcher/posix.c:61 140211665532672: r->filehandle = 1228, r->size = 131072, r->offset = 0
21:33:30 ERROR /home/bsc03/bsc03353/forge/src/dispatcher/posix.c:62 140211665532672: single write -1 of expected 131072
21:33:31 ERROR /home/bsc03/bsc03353/forge/src/dispatcher/posix.c:61 140230992922368: r->filehandle = 246, r->size = 131072, r->offset = 0
21:33:31 ERROR /home/bsc03/bsc03353/forge/src/dispatcher/posix.c:62 140230992922368: single write -1 of expected 131072
21:33:31 ERROR /home/bsc03/bsc03353/forge/src/dispatcher/posix.c:61 140215960508160: r->filehandle = 408, r->size = 131072, r->offset = 0
21:33:31 ERROR /home/bsc03/bsc03353/forge/src/dispatcher/posix.c:62 140215960508160: single write -1 of expected 131072
21:33:31 ERROR /home/bsc03/bsc03353/forge/src/dispatcher/posix.c:61 140224550459136: r->filehandle = 878, r->size = 131072, r->offset = 0
21:33:31 ERROR /home/bsc03/bsc03353/forge/src/dispatcher/posix.c:62 140224550459136: single write -1 of expected 131072
21:33:32 ERROR /home/bsc03/bsc03353/forge/src/dispatcher/posix.c:61 140218107995904: r->filehandle = 71, r->size = 131072, r->offset = 0
21:33:32 ERROR /home/bsc03/bsc03353/forge/src/dispatcher/posix.c:62 140218107995904: single write -1 of expected 131072
21:33:32 ERROR /home/bsc03/bsc03353/forge/src/dispatcher/posix.c:61 140233140410112: r->filehandle = 723, r->size = 131072, r->offset = 0
21:33:32 ERROR /home/bsc03/bsc03353/forge/src/dispatcher/posix.c:62 140233140410112: single write -1 of expected 131072
21:33:32 ERROR /home/bsc03/bsc03353/forge/src/dispatcher/posix.c:61 140239582873344: r->filehandle = 1301, r->size = 131072, r->offset = 0
21:33:32 ERROR /home/bsc03/bsc03353/forge/src/dispatcher/posix.c:62 140239582873344: single write -1 of expected 131072
21:33:32 ERROR /home/bsc03/bsc03353/forge/src/dispatcher/posix.c:61 140235287897856: r->filehandle = 1475, r->size = 131072, r->offset = 0
21:33:32 ERROR /home/bsc03/bsc03353/forge/src/dispatcher/posix.c:62 140235287897856: single write -1 of expected 131072
21:33:32 ERROR /home/bsc03/bsc03353/forge/src/dispatcher/posix.c:61 140215960508160: r->filehandle = 413, r->size = 131072, r->offset = 0
21:33:32 ERROR /home/bsc03/bsc03353/forge/src/dispatcher/posix.c:62 140215960508160: single write -1 of expected 131072
21:33:33 ERROR /home/bsc03/bsc03353/forge/src/dispatcher/posix.c:61 140241730361088: r->filehandle = 759, r->size = 131072, r->offset = 0
21:33:33 ERROR /home/bsc03/bsc03353/forge/src/dispatcher/posix.c:62 140241730361088: single write -1 of expected 131072
21:33:33 ERROR /home/bsc03/bsc03353/forge/src/dispatcher/posix.c:61 140239582873344: r->filehandle = 562, r->size = 131072, r->offset = 0
21:33:33 ERROR /home/bsc03/bsc03353/forge/src/dispatcher/posix.c:62 140239582873344: single write -1 of expected 131072
21:33:33 ERROR /home/bsc03/bsc03353/forge/src/dispatcher/posix.c:61 140220255483648: r->filehandle = 222, r->size = 131072, r->offset = 0
21:33:33 ERROR /home/bsc03/bsc03353/forge/src/dispatcher/posix.c:62 140220255483648: single write -1 of expected 131072
21:33:34 ERROR /home/bsc03/bsc03353/forge/src/dispatcher/posix.c:61 140237435385600: r->filehandle = 586, r->size = 131072, r->offset = 0
21:33:34 ERROR /home/bsc03/bsc03353/forge/src/dispatcher/posix.c:62 140237435385600: single write -1 of expected 131072
21:33:34 ERROR /home/bsc03/bsc03353/forge/src/dispatcher/posix.c:61 140228845434624: r->filehandle = 1568, r->size = 131072, r->offset = 0
21:33:34 ERROR /home/bsc03/bsc03353/forge/src/dispatcher/posix.c:62 140228845434624: single write -1 of expected 131072
21:33:34 ERROR /home/bsc03/bsc03353/forge/src/dispatcher/posix.c:61 140218107995904: r->filehandle = 1381, r->size = 131072, r->offset = 0
21:33:34 ERROR /home/bsc03/bsc03353/forge/src/dispatcher/posix.c:62 140218107995904: single write -1 of expected 131072
21:33:34 ERROR /home/bsc03/bsc03353/forge/src/dispatcher/posix.c:61 140224550459136: r->filehandle = 248, r->size = 131072, r->offset = 0
21:33:34 ERROR /home/bsc03/bsc03353/forge/src/dispatcher/posix.c:62 140224550459136: single write -1 of expected 131072
21:33:35 ERROR /home/bsc03/bsc03353/forge/src/dispatcher/posix.c:61 140226697946880: r->filehandle = 839, r->size = 131072, r->offset = 0
21:33:35 ERROR /home/bsc03/bsc03353/forge/src/dispatcher/posix.c:62 140226697946880: single write -1 of expected 131072
21:33:35 ERROR /home/bsc03/bsc03353/forge/src/dispatcher/posix.c:61 140213813020416: r->filehandle = 1292, r->size = 131072, r->offset = 0
21:33:35 ERROR /home/bsc03/bsc03353/forge/src/dispatcher/posix.c:62 140213813020416: single write -1 of expected 131072
21:33:35 ERROR /home/bsc03/bsc03353/forge/src/dispatcher/posix.c:61 140230992922368: r->filehandle = 1298, r->size = 131072, r->offset = 0
21:33:35 ERROR /home/bsc03/bsc03353/forge/src/dispatcher/posix.c:62 140230992922368: single write -1 of expected 131072
21:33:35 ERROR /home/bsc03/bsc03353/forge/src/dispatcher/posix.c:61 140235287897856: r->filehandle = 112, r->size = 131072, r->offset = 0
21:33:35 ERROR /home/bsc03/bsc03353/forge/src/dispatcher/posix.c:62 140235287897856: single write -1 of expected 131072
21:33:35 ERROR /home/bsc03/bsc03353/forge/src/dispatcher/posix.c:61 140228845434624: r->filehandle = 129, r->size = 131072, r->offset = 0
21:33:35 ERROR /home/bsc03/bsc03353/forge/src/dispatcher/posix.c:62 140228845434624: single write -1 of expected 131072
21:33:36 ERROR /home/bsc03/bsc03353/forge/src/dispatcher/posix.c:61 140209518044928: r->filehandle = 1255, r->size = 131072, r->offset = 0
21:33:36 ERROR /home/bsc03/bsc03353/forge/src/dispatcher/posix.c:62 140209518044928: single write -1 of expected 131072
21:33:36 ERROR /home/bsc03/bsc03353/forge/src/dispatcher/posix.c:61 140233140410112: r->filehandle = 1101, r->size = 131072, r->offset = 0
21:33:36 ERROR /home/bsc03/bsc03353/forge/src/dispatcher/posix.c:62 140233140410112: single write -1 of expected 131072
21:33:36 ERROR /home/bsc03/bsc03353/forge/src/dispatcher/posix.c:61 140239582873344: r->filehandle = 301, r->size = 131072, r->offset = 0
21:33:36 ERROR /home/bsc03/bsc03353/forge/src/dispatcher/posix.c:62 140239582873344: single write -1 of expected 131072
21:33:37 ERROR /home/bsc03/bsc03353/forge/src/dispatcher/posix.c:61 140218107995904: r->filehandle = 553, r->size = 131072, r->offset = 0
21:33:37 ERROR /home/bsc03/bsc03353/forge/src/dispatcher/posix.c:62 140218107995904: single write -1 of expected 131072
21:33:37 ERROR /home/bsc03/bsc03353/forge/src/dispatcher/posix.c:61 140222402971392: r->filehandle = 159, r->size = 131072, r->offset = 0
21:33:37 ERROR /home/bsc03/bsc03353/forge/src/dispatcher/posix.c:62 140222402971392: single write -1 of expected 131072
21:33:37 ERROR /home/bsc03/bsc03353/forge/src/dispatcher/posix.c:61 140228845434624: r->filehandle = 391, r->size = 131072, r->offset = 0
21:33:37 ERROR /home/bsc03/bsc03353/forge/src/dispatcher/posix.c:62 140228845434624: single write -1 of expected 131072
21:33:38 ERROR /home/bsc03/bsc03353/forge/src/dispatcher/posix.c:61 140215960508160: r->filehandle = 285, r->size = 131072, r->offset = 0
21:33:38 ERROR /home/bsc03/bsc03353/forge/src/dispatcher/posix.c:62 140215960508160: single write -1 of expected 131072
21:33:39 ERROR /home/bsc03/bsc03353/forge/src/dispatcher/posix.c:61 140224550459136: r->filehandle = 585, r->size = 131072, r->offset = 0
21:33:39 ERROR /home/bsc03/bsc03353/forge/src/dispatcher/posix.c:62 140224550459136: single write -1 of expected 131072
21:33:40 ERROR /home/bsc03/bsc03353/forge/src/dispatcher/posix.c:61 140209518044928: r->filehandle = 382, r->size = 131072, r->offset = 0
21:33:40 ERROR /home/bsc03/bsc03353/forge/src/dispatcher/posix.c:62 140209518044928: single write -1 of expected 131072
21:33:41 ERROR /home/bsc03/bsc03353/forge/src/dispatcher/posix.c:61 140239582873344: r->filehandle = 44, r->size = 131072, r->offset = 0
21:33:41 ERROR /home/bsc03/bsc03353/forge/src/dispatcher/posix.c:62 140239582873344: single write -1 of expected 131072
21:33:42 ERROR /home/bsc03/bsc03353/forge/src/dispatcher/posix.c:61 140241730361088: r->filehandle = 354, r->size = 131072, r->offset = 0
21:33:42 ERROR /home/bsc03/bsc03353/forge/src/dispatcher/posix.c:62 140241730361088: single write -1 of expected 131072
21:33:44 ERROR /home/bsc03/bsc03353/forge/src/dispatcher/posix.c:61 140226697946880: r->filehandle = 495, r->size = 131072, r->offset = 0
21:33:44 ERROR /home/bsc03/bsc03353/forge/src/dispatcher/posix.c:62 140226697946880: single write -1 of expected 131072
21:33:45 ERROR /home/bsc03/bsc03353/forge/src/dispatcher/posix.c:61 140209518044928: r->filehandle = 1514, r->size = 131072, r->offset = 0
21:33:45 ERROR /home/bsc03/bsc03353/forge/src/dispatcher/posix.c:62 140209518044928: single write -1 of expected 131072
21:33:47 ERROR /home/bsc03/bsc03353/forge/src/dispatcher/posix.c:61 140230992922368: r->filehandle = 632, r->size = 131072, r->offset = 0
21:33:47 ERROR /home/bsc03/bsc03353/forge/src/dispatcher/posix.c:62 140230992922368: single write -1 of expected 131072
21:33:48 ERROR /home/bsc03/bsc03353/forge/src/dispatcher/posix.c:61 140233140410112: r->filehandle = 497, r->size = 131072, r->offset = 0
21:33:48 ERROR /home/bsc03/bsc03353/forge/src/dispatcher/posix.c:62 140233140410112: single write -1 of expected 131072
21:33:49 ERROR /home/bsc03/bsc03353/forge/src/dispatcher/posix.c:61 140226697946880: r->filehandle = 948, r->size = 131072, r->offset = 0
21:33:49 ERROR /home/bsc03/bsc03353/forge/src/dispatcher/posix.c:62 140226697946880: single write -1 of expected 131072
21:33:50 ERROR /home/bsc03/bsc03353/forge/src/dispatcher/posix.c:61 140211665532672: r->filehandle = 561, r->size = 131072, r->offset = 0
21:33:50 ERROR /home/bsc03/bsc03353/forge/src/dispatcher/posix.c:62 140211665532672: single write -1 of expected 131072
21:33:50 ERROR /home/bsc03/bsc03353/forge/src/dispatcher/posix.c:61 140237435385600: r->filehandle = 803, r->size = 131072, r->offset = 0
21:33:50 ERROR /home/bsc03/bsc03353/forge/src/dispatcher/posix.c:62 140237435385600: single write -1 of expected 131072
21:33:51 ERROR /home/bsc03/bsc03353/forge/src/dispatcher/posix.c:61 140213813020416: r->filehandle = 650, r->size = 131072, r->offset = 0
21:33:51 ERROR /home/bsc03/bsc03353/forge/src/dispatcher/posix.c:62 140213813020416: single write -1 of expected 131072
21:33:51 ERROR /home/bsc03/bsc03353/forge/src/dispatcher/posix.c:61 140235287897856: r->filehandle = 1215, r->size = 131072, r->offset = 0
21:33:51 ERROR /home/bsc03/bsc03353/forge/src/dispatcher/posix.c:62 140235287897856: single write -1 of expected 131072
21:33:51 ERROR /home/bsc03/bsc03353/forge/src/dispatcher/posix.c:61 140228845434624: r->filehandle = 725, r->size = 131072, r->offset = 0
21:33:51 ERROR /home/bsc03/bsc03353/forge/src/dispatcher/posix.c:62 140228845434624: single write -1 of expected 131072
21:33:51 ERROR /home/bsc03/bsc03353/forge/src/dispatcher/posix.c:61 140226697946880: r->filehandle = 178, r->size = 131072, r->offset = 0
21:33:51 ERROR /home/bsc03/bsc03353/forge/src/dispatcher/posix.c:62 140226697946880: single write -1 of expected 131072
21:33:51 ERROR /home/bsc03/bsc03353/forge/src/dispatcher/posix.c:61 140211665532672: r->filehandle = 1275, r->size = 131072, r->offset = 0
21:33:51 ERROR /home/bsc03/bsc03353/forge/src/dispatcher/posix.c:62 140211665532672: single write -1 of expected 131072
21:33:52 ERROR /home/bsc03/bsc03353/forge/src/dispatcher/posix.c:61 140228845434624: r->filehandle = 1485, r->size = 131072, r->offset = 0
21:33:52 ERROR /home/bsc03/bsc03353/forge/src/dispatcher/posix.c:62 140228845434624: single write -1 of expected 131072
21:33:52 ERROR /home/bsc03/bsc03353/forge/src/dispatcher/posix.c:61 140215960508160: r->filehandle = 120, r->size = 131072, r->offset = 0
21:33:52 ERROR /home/bsc03/bsc03353/forge/src/dispatcher/posix.c:62 140215960508160: single write -1 of expected 131072
21:33:53 ERROR /home/bsc03/bsc03353/forge/src/dispatcher/posix.c:61 140239582873344: r->filehandle = 359, r->size = 131072, r->offset = 0
21:33:53 ERROR /home/bsc03/bsc03353/forge/src/dispatcher/posix.c:62 140239582873344: single write -1 of expected 131072
21:33:53 ERROR /home/bsc03/bsc03353/forge/src/dispatcher/posix.c:61 140235287897856: r->filehandle = 336, r->size = 131072, r->offset = 0
21:33:53 ERROR /home/bsc03/bsc03353/forge/src/dispatcher/posix.c:62 140235287897856: single write -1 of expected 131072
21:33:55 ERROR /home/bsc03/bsc03353/forge/src/dispatcher/posix.c:61 140241730361088: r->filehandle = 1001, r->size = 131072, r->offset = 0
21:33:55 ERROR /home/bsc03/bsc03353/forge/src/dispatcher/posix.c:62 140241730361088: single write -1 of expected 131072
21:33:55 ERROR /home/bsc03/bsc03353/forge/src/dispatcher/posix.c:61 140213813020416: r->filehandle = 575, r->size = 131072, r->offset = 0
21:33:55 ERROR /home/bsc03/bsc03353/forge/src/dispatcher/posix.c:62 140213813020416: single write -1 of expected 131072
21:33:55 ERROR /home/bsc03/bsc03353/forge/src/dispatcher/posix.c:61 140211665532672: r->filehandle = 1314, r->size = 131072, r->offset = 0
21:33:55 ERROR /home/bsc03/bsc03353/forge/src/dispatcher/posix.c:62 140211665532672: single write -1 of expected 131072
21:33:56 ERROR /home/bsc03/bsc03353/forge/src/dispatcher/posix.c:61 140233140410112: r->filehandle = 942, r->size = 131072, r->offset = 0
21:33:56 ERROR /home/bsc03/bsc03353/forge/src/dispatcher/posix.c:62 140233140410112: single write -1 of expected 131072
21:33:56 ERROR /home/bsc03/bsc03353/forge/src/dispatcher/posix.c:61 140237435385600: r->filehandle = 719, r->size = 131072, r->offset = 0
21:33:56 ERROR /home/bsc03/bsc03353/forge/src/dispatcher/posix.c:62 140237435385600: single write -1 of expected 131072
21:33:57 ERROR /home/bsc03/bsc03353/forge/src/dispatcher/posix.c:61 140226697946880: r->filehandle = 180, r->size = 131072, r->offset = 0
21:33:57 ERROR /home/bsc03/bsc03353/forge/src/dispatcher/posix.c:62 140226697946880: single write -1 of expected 131072
21:33:58 ERROR /home/bsc03/bsc03353/forge/src/dispatcher/posix.c:61 140213813020416: r->filehandle = 1056, r->size = 131072, r->offset = 0
21:33:58 ERROR /home/bsc03/bsc03353/forge/src/dispatcher/posix.c:62 140213813020416: single write -1 of expected 131072
21:33:58 ERROR /home/bsc03/bsc03353/forge/src/dispatcher/posix.c:61 140222402971392: r->filehandle = 279, r->size = 131072, r->offset = 0
21:33:58 ERROR /home/bsc03/bsc03353/forge/src/dispatcher/posix.c:62 140222402971392: single write -1 of expected 131072
21:33:58 ERROR /home/bsc03/bsc03353/forge/src/dispatcher/posix.c:61 140228845434624: r->filehandle = 344, r->size = 131072, r->offset = 0
21:33:58 ERROR /home/bsc03/bsc03353/forge/src/dispatcher/posix.c:62 140228845434624: single write -1 of expected 131072
21:33:58 ERROR /home/bsc03/bsc03353/forge/src/dispatcher/posix.c:61 140218107995904: r->filehandle = 160, r->size = 131072, r->offset = 0
21:33:58 ERROR /home/bsc03/bsc03353/forge/src/dispatcher/posix.c:62 140218107995904: single write -1 of expected 131072
21:33:59 ERROR /home/bsc03/bsc03353/forge/src/dispatcher/posix.c:61 140230992922368: r->filehandle = 840, r->size = 131072, r->offset = 0
21:33:59 ERROR /home/bsc03/bsc03353/forge/src/dispatcher/posix.c:62 140230992922368: single write -1 of expected 131072
21:33:59 ERROR /home/bsc03/bsc03353/forge/src/dispatcher/posix.c:61 140211665532672: r->filehandle = 1018, r->size = 131072, r->offset = 0
21:33:59 ERROR /home/bsc03/bsc03353/forge/src/dispatcher/posix.c:62 140211665532672: single write -1 of expected 131072
21:33:59 ERROR /home/bsc03/bsc03353/forge/src/dispatcher/posix.c:61 140209518044928: r->filehandle = 1494, r->size = 131072, r->offset = 0
21:33:59 ERROR /home/bsc03/bsc03353/forge/src/dispatcher/posix.c:62 140209518044928: single write -1 of expected 131072
21:34:00 ERROR /home/bsc03/bsc03353/forge/src/dispatcher/posix.c:61 140222402971392: r->filehandle = 1141, r->size = 131072, r->offset = 0
21:34:00 ERROR /home/bsc03/bsc03353/forge/src/dispatcher/posix.c:62 140222402971392: single write -1 of expected 131072
21:34:00 ERROR /home/bsc03/bsc03353/forge/src/dispatcher/posix.c:61 140226697946880: r->filehandle = 762, r->size = 131072, r->offset = 0
21:34:00 ERROR /home/bsc03/bsc03353/forge/src/dispatcher/posix.c:62 140226697946880: single write -1 of expected 131072
21:34:00 ERROR /home/bsc03/bsc03353/forge/src/dispatcher/posix.c:61 140239582873344: r->filehandle = 930, r->size = 131072, r->offset = 0
21:34:00 ERROR /home/bsc03/bsc03353/forge/src/dispatcher/posix.c:62 140239582873344: single write -1 of expected 131072
21:34:01 ERROR /home/bsc03/bsc03353/forge/src/dispatcher/posix.c:61 140233140410112: r->filehandle = 519, r->size = 131072, r->offset = 0
21:34:01 ERROR /home/bsc03/bsc03353/forge/src/dispatcher/posix.c:62 140233140410112: single write -1 of expected 131072
21:34:02 ERROR /home/bsc03/bsc03353/forge/src/dispatcher/posix.c:61 140222402971392: r->filehandle = 184, r->size = 131072, r->offset = 0
21:34:02 ERROR /home/bsc03/bsc03353/forge/src/dispatcher/posix.c:62 140222402971392: single write -1 of expected 131072
21:34:03 ERROR /home/bsc03/bsc03353/forge/src/dispatcher/posix.c:61 140239582873344: r->filehandle = 342, r->size = 131072, r->offset = 0
21:34:03 ERROR /home/bsc03/bsc03353/forge/src/dispatcher/posix.c:62 140239582873344: single write -1 of expected 131072
21:34:04 ERROR /home/bsc03/bsc03353/forge/src/dispatcher/posix.c:61 140230992922368: r->filehandle = 1399, r->size = 131072, r->offset = 0
21:34:04 ERROR /home/bsc03/bsc03353/forge/src/dispatcher/posix.c:62 140230992922368: single write -1 of expected 131072
21:34:05 ERROR /home/bsc03/bsc03353/forge/src/dispatcher/posix.c:61 140222402971392: r->filehandle = 1165, r->size = 131072, r->offset = 0
21:34:05 ERROR /home/bsc03/bsc03353/forge/src/dispatcher/posix.c:62 140222402971392: single write -1 of expected 131072
21:34:06 ERROR /home/bsc03/bsc03353/forge/src/dispatcher/posix.c:61 140226697946880: r->filehandle = 41, r->size = 131072, r->offset = 0
21:34:06 ERROR /home/bsc03/bsc03353/forge/src/dispatcher/posix.c:62 140226697946880: single write -1 of expected 131072
21:34:07 ERROR /home/bsc03/bsc03353/forge/src/dispatcher/posix.c:61 140220255483648: r->filehandle = 640, r->size = 131072, r->offset = 0
21:34:07 ERROR /home/bsc03/bsc03353/forge/src/dispatcher/posix.c:62 140220255483648: single write -1 of expected 131072
21:34:07 ERROR /home/bsc03/bsc03353/forge/src/dispatcher/posix.c:61 140209518044928: r->filehandle = 1483, r->size = 131072, r->offset = 0
21:34:07 ERROR /home/bsc03/bsc03353/forge/src/dispatcher/posix.c:62 140209518044928: single write -1 of expected 131072
21:34:08 ERROR /home/bsc03/bsc03353/forge/src/dispatcher/posix.c:61 140222402971392: r->filehandle = 477, r->size = 131072, r->offset = 0
21:34:08 ERROR /home/bsc03/bsc03353/forge/src/dispatcher/posix.c:62 140222402971392: single write -1 of expected 131072
21:34:08 ERROR /home/bsc03/bsc03353/forge/src/dispatcher/posix.c:61 140226697946880: r->filehandle = 1269, r->size = 131072, r->offset = 0
21:34:08 ERROR /home/bsc03/bsc03353/forge/src/dispatcher/posix.c:62 140226697946880: single write -1 of expected 131072
21:34:08 ERROR /home/bsc03/bsc03353/forge/src/dispatcher/posix.c:61 140213813020416: r->filehandle = 333, r->size = 131072, r->offset = 0
21:34:08 ERROR /home/bsc03/bsc03353/forge/src/dispatcher/posix.c:62 140213813020416: single write -1 of expected 131072
21:34:09 ERROR /home/bsc03/bsc03353/forge/src/dispatcher/posix.c:61 140228845434624: r->filehandle = 1257, r->size = 131072, r->offset = 0
21:34:09 ERROR /home/bsc03/bsc03353/forge/src/dispatcher/posix.c:62 140228845434624: single write -1 of expected 131072
21:34:09 ERROR /home/bsc03/bsc03353/forge/src/dispatcher/posix.c:61 140239582873344: r->filehandle = 281, r->size = 131072, r->offset = 0
21:34:09 ERROR /home/bsc03/bsc03353/forge/src/dispatcher/posix.c:62 140239582873344: single write -1 of expected 131072
21:34:09 ERROR /home/bsc03/bsc03353/forge/src/dispatcher/posix.c:61 140209518044928: r->filehandle = 1441, r->size = 131072, r->offset = 0
21:34:09 ERROR /home/bsc03/bsc03353/forge/src/dispatcher/posix.c:62 140209518044928: single write -1 of expected 131072
21:34:09 ERROR /home/bsc03/bsc03353/forge/src/dispatcher/posix.c:61 140241730361088: r->filehandle = 962, r->size = 131072, r->offset = 0
21:34:09 ERROR /home/bsc03/bsc03353/forge/src/dispatcher/posix.c:62 140241730361088: single write -1 of expected 131072
21:34:10 ERROR /home/bsc03/bsc03353/forge/src/dispatcher/posix.c:61 140211665532672: r->filehandle = 770, r->size = 131072, r->offset = 0
21:34:10 ERROR /home/bsc03/bsc03353/forge/src/dispatcher/posix.c:62 140211665532672: single write -1 of expected 131072
21:34:10 ERROR /home/bsc03/bsc03353/forge/src/dispatcher/posix.c:61 140233140410112: r->filehandle = 278, r->size = 131072, r->offset = 0
21:34:10 ERROR /home/bsc03/bsc03353/forge/src/dispatcher/posix.c:62 140233140410112: single write -1 of expected 131072
21:34:10 ERROR /home/bsc03/bsc03353/forge/src/dispatcher/posix.c:61 140220255483648: r->filehandle = 100, r->size = 131072, r->offset = 0
21:34:10 ERROR /home/bsc03/bsc03353/forge/src/dispatcher/posix.c:62 140220255483648: single write -1 of expected 131072
21:34:10 ERROR /home/bsc03/bsc03353/forge/src/dispatcher/posix.c:61 140239582873344: r->filehandle = 181, r->size = 131072, r->offset = 0
21:34:10 ERROR /home/bsc03/bsc03353/forge/src/dispatcher/posix.c:62 140239582873344: single write -1 of expected 131072
21:34:10 ERROR /home/bsc03/bsc03353/forge/src/dispatcher/posix.c:61 140209518044928: r->filehandle = 368, r->size = 131072, r->offset = 0
21:34:10 ERROR /home/bsc03/bsc03353/forge/src/dispatcher/posix.c:62 140209518044928: single write -1 of expected 131072
21:34:11 ERROR /home/bsc03/bsc03353/forge/src/dispatcher/posix.c:61 140237435385600: r->filehandle = 1366, r->size = 131072, r->offset = 0
21:34:11 ERROR /home/bsc03/bsc03353/forge/src/dispatcher/posix.c:62 140237435385600: single write -1 of expected 131072
21:34:11 ERROR /home/bsc03/bsc03353/forge/src/dispatcher/posix.c:61 140211665532672: r->filehandle = 326, r->size = 131072, r->offset = 0
21:34:11 ERROR /home/bsc03/bsc03353/forge/src/dispatcher/posix.c:62 140211665532672: single write -1 of expected 131072
21:34:11 ERROR /home/bsc03/bsc03353/forge/src/dispatcher/posix.c:61 140213813020416: r->filehandle = 975, r->size = 131072, r->offset = 0
21:34:11 ERROR /home/bsc03/bsc03353/forge/src/dispatcher/posix.c:62 140213813020416: single write -1 of expected 131072
21:34:11 ERROR /home/bsc03/bsc03353/forge/src/dispatcher/posix.c:61 140218107995904: r->filehandle = 186, r->size = 131072, r->offset = 0
21:34:11 ERROR /home/bsc03/bsc03353/forge/src/dispatcher/posix.c:62 140218107995904: single write -1 of expected 131072
21:34:12 ERROR /home/bsc03/bsc03353/forge/src/dispatcher/posix.c:61 140209518044928: r->filehandle = 1204, r->size = 131072, r->offset = 0
21:34:12 ERROR /home/bsc03/bsc03353/forge/src/dispatcher/posix.c:62 140209518044928: single write -1 of expected 131072
21:34:12 ERROR /home/bsc03/bsc03353/forge/src/dispatcher/posix.c:61 140226697946880: r->filehandle = 183, r->size = 131072, r->offset = 0
21:34:12 ERROR /home/bsc03/bsc03353/forge/src/dispatcher/posix.c:62 140226697946880: single write -1 of expected 131072
21:34:13 ERROR /home/bsc03/bsc03353/forge/src/dispatcher/posix.c:61 140239582873344: r->filehandle = 1393, r->size = 131072, r->offset = 0
21:34:13 ERROR /home/bsc03/bsc03353/forge/src/dispatcher/posix.c:62 140239582873344: single write -1 of expected 131072
21:34:14 ERROR /home/bsc03/bsc03353/forge/src/dispatcher/posix.c:61 140218107995904: r->filehandle = 1281, r->size = 131072, r->offset = 0
21:34:14 ERROR /home/bsc03/bsc03353/forge/src/dispatcher/posix.c:62 140218107995904: single write -1 of expected 131072
21:34:14 ERROR /home/bsc03/bsc03353/forge/src/dispatcher/posix.c:61 140220255483648: r->filehandle = 692, r->size = 131072, r->offset = 0
21:34:14 ERROR /home/bsc03/bsc03353/forge/src/dispatcher/posix.c:62 140220255483648: single write -1 of expected 131072
21:34:14 ERROR /home/bsc03/bsc03353/forge/src/dispatcher/posix.c:61 140211665532672: r->filehandle = 142, r->size = 131072, r->offset = 0
21:34:14 ERROR /home/bsc03/bsc03353/forge/src/dispatcher/posix.c:62 140211665532672: single write -1 of expected 131072
21:34:15 ERROR /home/bsc03/bsc03353/forge/src/dispatcher/posix.c:61 140218107995904: r->filehandle = 681, r->size = 131072, r->offset = 0
21:34:15 ERROR /home/bsc03/bsc03353/forge/src/dispatcher/posix.c:62 140218107995904: single write -1 of expected 131072
21:34:15 ERROR /home/bsc03/bsc03353/forge/src/dispatcher/posix.c:61 140213813020416: r->filehandle = 453, r->size = 131072, r->offset = 0
21:34:15 ERROR /home/bsc03/bsc03353/forge/src/dispatcher/posix.c:62 140213813020416: single write -1 of expected 131072
21:34:16 ERROR /home/bsc03/bsc03353/forge/src/dispatcher/posix.c:61 140215960508160: r->filehandle = 523, r->size = 131072, r->offset = 0
21:34:16 ERROR /home/bsc03/bsc03353/forge/src/dispatcher/posix.c:62 140215960508160: single write -1 of expected 131072
21:34:17 ERROR /home/bsc03/bsc03353/forge/src/dispatcher/posix.c:61 140230992922368: r->filehandle = 866, r->size = 131072, r->offset = 0
21:34:17 ERROR /home/bsc03/bsc03353/forge/src/dispatcher/posix.c:62 140230992922368: single write -1 of expected 131072
21:34:17 ERROR /home/bsc03/bsc03353/forge/src/dispatcher/posix.c:61 140222402971392: r->filehandle = 1011, r->size = 131072, r->offset = 0
21:34:17 ERROR /home/bsc03/bsc03353/forge/src/dispatcher/posix.c:62 140222402971392: single write -1 of expected 131072
21:34:18 ERROR /home/bsc03/bsc03353/forge/src/dispatcher/posix.c:61 140237435385600: r->filehandle = 795, r->size = 131072, r->offset = 0
21:34:18 ERROR /home/bsc03/bsc03353/forge/src/dispatcher/posix.c:62 140237435385600: single write -1 of expected 131072
21:34:20 ERROR /home/bsc03/bsc03353/forge/src/dispatcher/posix.c:61 140228845434624: r->filehandle = 352, r->size = 131072, r->offset = 0
21:34:20 ERROR /home/bsc03/bsc03353/forge/src/dispatcher/posix.c:62 140228845434624: single write -1 of expected 131072
21:34:20 ERROR /home/bsc03/bsc03353/forge/src/dispatcher/posix.c:61 140218107995904: r->filehandle = 729, r->size = 131072, r->offset = 0
21:34:20 ERROR /home/bsc03/bsc03353/forge/src/dispatcher/posix.c:62 140218107995904: single write -1 of expected 131072
21:34:20 ERROR /home/bsc03/bsc03353/forge/src/dispatcher/posix.c:61 140220255483648: r->filehandle = 375, r->size = 131072, r->offset = 0
21:34:20 ERROR /home/bsc03/bsc03353/forge/src/dispatcher/posix.c:62 140220255483648: single write -1 of expected 131072
21:34:21 ERROR /home/bsc03/bsc03353/forge/src/dispatcher/posix.c:61 140211665532672: r->filehandle = 1097, r->size = 131072, r->offset = 0
21:34:21 ERROR /home/bsc03/bsc03353/forge/src/dispatcher/posix.c:62 140211665532672: single write -1 of expected 131072
21:34:21 ERROR /home/bsc03/bsc03353/forge/src/dispatcher/posix.c:61 140230992922368: r->filehandle = 810, r->size = 131072, r->offset = 0
21:34:21 ERROR /home/bsc03/bsc03353/forge/src/dispatcher/posix.c:62 140230992922368: single write -1 of expected 131072
21:34:21 ERROR /home/bsc03/bsc03353/forge/src/dispatcher/posix.c:61 140213813020416: r->filehandle = 1274, r->size = 131072, r->offset = 0
21:34:21 ERROR /home/bsc03/bsc03353/forge/src/dispatcher/posix.c:62 140213813020416: single write -1 of expected 131072
21:34:22 ERROR /home/bsc03/bsc03353/forge/src/dispatcher/posix.c:61 140218107995904: r->filehandle = 635, r->size = 131072, r->offset = 0
21:34:22 ERROR /home/bsc03/bsc03353/forge/src/dispatcher/posix.c:62 140218107995904: single write -1 of expected 131072
21:34:22 ERROR /home/bsc03/bsc03353/forge/src/dispatcher/posix.c:61 140233140410112: r->filehandle = 463, r->size = 131072, r->offset = 0
21:34:22 ERROR /home/bsc03/bsc03353/forge/src/dispatcher/posix.c:62 140233140410112: single write -1 of expected 131072
21:34:23 ERROR /home/bsc03/bsc03353/forge/src/dispatcher/posix.c:61 140226697946880: r->filehandle = 1144, r->size = 131072, r->offset = 0
21:34:23 ERROR /home/bsc03/bsc03353/forge/src/dispatcher/posix.c:62 140226697946880: single write -1 of expected 131072
21:34:23 ERROR /home/bsc03/bsc03353/forge/src/dispatcher/posix.c:61 140213813020416: r->filehandle = 1387, r->size = 131072, r->offset = 0
21:34:23 ERROR /home/bsc03/bsc03353/forge/src/dispatcher/posix.c:62 140213813020416: single write -1 of expected 131072
21:34:24 ERROR /home/bsc03/bsc03353/forge/src/dispatcher/posix.c:61 140233140410112: r->filehandle = 1499, r->size = 131072, r->offset = 0
21:34:24 ERROR /home/bsc03/bsc03353/forge/src/dispatcher/posix.c:62 140233140410112: single write -1 of expected 131072
21:34:25 ERROR /home/bsc03/bsc03353/forge/src/dispatcher/posix.c:61 140222402971392: r->filehandle = 1193, r->size = 131072, r->offset = 0
21:34:25 ERROR /home/bsc03/bsc03353/forge/src/dispatcher/posix.c:62 140222402971392: single write -1 of expected 131072
21:34:26 ERROR /home/bsc03/bsc03353/forge/src/dispatcher/posix.c:61 140218107995904: r->filehandle = 384, r->size = 131072, r->offset = 0
21:34:26 ERROR /home/bsc03/bsc03353/forge/src/dispatcher/posix.c:62 140218107995904: single write -1 of expected 131072
21:34:27 ERROR /home/bsc03/bsc03353/forge/src/dispatcher/posix.c:61 140235287897856: r->filehandle = 385, r->size = 131072, r->offset = 0
21:34:27 ERROR /home/bsc03/bsc03353/forge/src/dispatcher/posix.c:62 140235287897856: single write -1 of expected 131072
21:34:28 ERROR /home/bsc03/bsc03353/forge/src/dispatcher/posix.c:61 140228845434624: r->filehandle = 52, r->size = 131072, r->offset = 0
21:34:28 ERROR /home/bsc03/bsc03353/forge/src/dispatcher/posix.c:62 140228845434624: single write -1 of expected 131072
21:34:28 ERROR /home/bsc03/bsc03353/forge/src/dispatcher/posix.c:61 140230992922368: r->filehandle = 870, r->size = 131072, r->offset = 0
21:34:28 ERROR /home/bsc03/bsc03353/forge/src/dispatcher/posix.c:62 140230992922368: single write -1 of expected 131072
21:34:28 ERROR /home/bsc03/bsc03353/forge/src/dispatcher/posix.c:61 140209518044928: r->filehandle = 1023, r->size = 131072, r->offset = 0
21:34:28 ERROR /home/bsc03/bsc03353/forge/src/dispatcher/posix.c:62 140209518044928: single write -1 of expected 131072
21:34:29 ERROR /home/bsc03/bsc03353/forge/src/dispatcher/posix.c:61 140218107995904: r->filehandle = 924, r->size = 131072, r->offset = 0
21:34:29 ERROR /home/bsc03/bsc03353/forge/src/dispatcher/posix.c:62 140218107995904: single write -1 of expected 131072
21:34:30 ERROR /home/bsc03/bsc03353/forge/src/dispatcher/posix.c:61 140228845434624: r->filehandle = 280, r->size = 131072, r->offset = 0
21:34:30 ERROR /home/bsc03/bsc03353/forge/src/dispatcher/posix.c:62 140228845434624: single write -1 of expected 131072
21:34:32 ERROR /home/bsc03/bsc03353/forge/src/dispatcher/posix.c:61 140215960508160: r->filehandle = 1343, r->size = 131072, r->offset = 0
21:34:32 ERROR /home/bsc03/bsc03353/forge/src/dispatcher/posix.c:62 140215960508160: single write -1 of expected 131072
21:34:33 ERROR /home/bsc03/bsc03353/forge/src/dispatcher/posix.c:61 140230992922368: r->filehandle = 1278, r->size = 131072, r->offset = 0
21:34:33 ERROR /home/bsc03/bsc03353/forge/src/dispatcher/posix.c:62 140230992922368: single write -1 of expected 131072
21:34:38 ERROR /home/bsc03/bsc03353/forge/src/dispatcher/posix.c:61 140209518044928: r->filehandle = 593, r->size = 131072, r->offset = 0
21:34:38 ERROR /home/bsc03/bsc03353/forge/src/dispatcher/posix.c:62 140209518044928: single write -1 of expected 131072
21:34:41 ERROR /home/bsc03/bsc03353/forge/src/dispatcher/posix.c:61 140218107995904: r->filehandle = 1520, r->size = 131072, r->offset = 0
21:34:41 ERROR /home/bsc03/bsc03353/forge/src/dispatcher/posix.c:62 140218107995904: single write -1 of expected 131072
21:34:44 ERROR /home/bsc03/bsc03353/forge/src/dispatcher/posix.c:61 140215960508160: r->filehandle = 1151, r->size = 131072, r->offset = 0
21:34:44 ERROR /home/bsc03/bsc03353/forge/src/dispatcher/posix.c:62 140215960508160: single write -1 of expected 131072
21:34:45 ERROR /home/bsc03/bsc03353/forge/src/dispatcher/posix.c:61 140224550459136: r->filehandle = 867, r->size = 131072, r->offset = 0
21:34:45 ERROR /home/bsc03/bsc03353/forge/src/dispatcher/posix.c:62 140224550459136: single write -1 of expected 131072
21:34:47 ERROR /home/bsc03/bsc03353/forge/src/dispatcher/posix.c:61 140211665532672: r->filehandle = 919, r->size = 131072, r->offset = 0
21:34:47 ERROR /home/bsc03/bsc03353/forge/src/dispatcher/posix.c:62 140211665532672: single write -1 of expected 131072
21:34:48 ERROR /home/bsc03/bsc03353/forge/src/dispatcher/posix.c:61 140237435385600: r->filehandle = 426, r->size = 131072, r->offset = 0
21:34:48 ERROR /home/bsc03/bsc03353/forge/src/dispatcher/posix.c:62 140237435385600: single write -1 of expected 131072
21:34:48 ERROR /home/bsc03/bsc03353/forge/src/dispatcher/posix.c:61 140230992922368: r->filehandle = 1398, r->size = 131072, r->offset = 0
21:34:48 ERROR /home/bsc03/bsc03353/forge/src/dispatcher/posix.c:62 140230992922368: single write -1 of expected 131072
21:34:49 ERROR /home/bsc03/bsc03353/forge/src/dispatcher/posix.c:61 140209518044928: r->filehandle = 1375, r->size = 131072, r->offset = 0
21:34:49 ERROR /home/bsc03/bsc03353/forge/src/dispatcher/posix.c:62 140209518044928: single write -1 of expected 131072
21:34:50 ERROR /home/bsc03/bsc03353/forge/src/dispatcher/posix.c:61 140222402971392: r->filehandle = 245, r->size = 131072, r->offset = 0
21:34:50 ERROR /home/bsc03/bsc03353/forge/src/dispatcher/posix.c:62 140222402971392: single write -1 of expected 131072
21:34:52 ERROR /home/bsc03/bsc03353/forge/src/dispatcher/posix.c:61 140224550459136: r->filehandle = 1254, r->size = 131072, r->offset = 0
21:34:52 ERROR /home/bsc03/bsc03353/forge/src/dispatcher/posix.c:62 140224550459136: single write -1 of expected 131072
21:34:52 ERROR /home/bsc03/bsc03353/forge/src/dispatcher/posix.c:61 140218107995904: r->filehandle = 97, r->size = 131072, r->offset = 0
21:34:52 ERROR /home/bsc03/bsc03353/forge/src/dispatcher/posix.c:62 140218107995904: single write -1 of expected 131072
21:34:53 ERROR /home/bsc03/bsc03353/forge/src/dispatcher/posix.c:61 140211665532672: r->filehandle = 935, r->size = 131072, r->offset = 0
21:34:53 ERROR /home/bsc03/bsc03353/forge/src/dispatcher/posix.c:62 140211665532672: single write -1 of expected 131072
21:34:54 ERROR /home/bsc03/bsc03353/forge/src/dispatcher/posix.c:61 140220255483648: r->filehandle = 1522, r->size = 131072, r->offset = 0
21:34:54 ERROR /home/bsc03/bsc03353/forge/src/dispatcher/posix.c:62 140220255483648: single write -1 of expected 131072
21:34:57 ERROR /home/bsc03/bsc03353/forge/src/dispatcher/posix.c:61 140241730361088: r->filehandle = 1063, r->size = 131072, r->offset = 0
21:34:57 ERROR /home/bsc03/bsc03353/forge/src/dispatcher/posix.c:62 140241730361088: single write -1 of expected 131072
slurmstepd: error: *** JOB 8724886 ON s01r2b28 CANCELLED AT 2020-02-06T21:34:59 DUE TO TIME LIMIT ***
