Set GCC compilers as MPI wrappers backend 
remove impi/2017.4 (PATH, MANPATH, LD_LIBRARY_PATH) 
load openmpi/4.0.2_UCX (PATH, MANPATH, LD_LIBRARY_PATH) 
Set GCC compilers as MPI wrappers backend 
load gsl/2.4 (PATH, LD_LIBRARY_PATH, LIBRARY_PATH, MANPATH, INFOPATH,
C_INCLUDE_PATH, CPLUS_INCLUDE_PATH, PKG_CONFIG_PATH, GSL_DIR) 
14:19:19 INFO  /home/bsc03/bsc03353/forge/src/main.c:107 139820084545600: I/O Forwarding Exploration [START]
Will AGIOS generate trace files? NO
Default scheduling algorithm: TO
TWINS window size: 1000000
Will the Prediction Module read information from trace files? NO
File with access time functions: /home/bsc03/bsc03353/forge/agios/access_times.func
AGIOS thinks its user has stripe size of 32768
Will AGIOS generate trace files? NO
Default scheduling algorithm: TO
TWINS window size: 1000000
Will the Prediction Module read information from trace files? NO
File with access time functions: /home/bsc03/bsc03353/forge/agios/access_times.func
AGIOS thinks its user has stripe size of 32768
Will AGIOS generate trace files? NO
Default scheduling algorithm: TO
TWINS window size: 1000000
Will the Prediction Module read information from trace files? NO
File with access time functions: /home/bsc03/bsc03353/forge/agios/access_times.func
AGIOS thinks its user has stripe size of 32768
Will AGIOS generate trace files? NO
Default scheduling algorithm: TO
TWINS window size: 1000000
Will the Prediction Module read information from trace files? NO
File with access time functions: /home/bsc03/bsc03353/forge/agios/access_times.func
AGIOS thinks its user has stripe size of 32768
Will AGIOS generate trace files? NO
Default scheduling algorithm: TO
TWINS window size: 1000000
Will the Prediction Module read information from trace files? NO
File with access time functions: /home/bsc03/bsc03353/forge/agios/access_times.func
AGIOS thinks its user has stripe size of 32768
Will AGIOS generate trace files? NO
Default scheduling algorithm: TO
TWINS window size: 1000000
Will the Prediction Module read information from trace files? NO
File with access time functions: /home/bsc03/bsc03353/forge/agios/access_times.func
AGIOS thinks its user has stripe size of 32768
Will AGIOS generate trace files? NO
Default scheduling algorithm: TO
TWINS window size: 1000000
Will the Prediction Module read information from trace files? NO
File with access time functions: /home/bsc03/bsc03353/forge/agios/access_times.func
AGIOS thinks its user has stripe size of 32768
Will AGIOS generate trace files? NO
Default scheduling algorithm: TO
TWINS window size: 1000000
Will the Prediction Module read information from trace files? NO
File with access time functions: /home/bsc03/bsc03353/forge/agios/access_times.func
AGIOS thinks its user has stripe size of 32768
14:21:46 ERROR /home/bsc03/bsc03353/forge/src/dispatcher/posix.c:61 139782894413568: r->filehandle = 41, r->size = 524288, r->offset = 0
14:21:46 ERROR /home/bsc03/bsc03353/forge/src/dispatcher/posix.c:62 139782894413568: single write -1 of expected 524288
14:21:46 ERROR /home/bsc03/bsc03353/forge/src/dispatcher/posix.c:61 140635475060480: r->filehandle = 40, r->size = 524288, r->offset = 0
14:21:46 ERROR /home/bsc03/bsc03353/forge/src/dispatcher/posix.c:62 140635475060480: single write -1 of expected 524288
14:21:47 ERROR /home/bsc03/bsc03353/forge/src/dispatcher/posix.c:61 140629032597248: r->filehandle = 59, r->size = 524288, r->offset = 0
14:21:47 ERROR /home/bsc03/bsc03353/forge/src/dispatcher/posix.c:62 140629032597248: single write -1 of expected 524288
14:21:47 ERROR /home/bsc03/bsc03353/forge/src/dispatcher/posix.c:61 139789336876800: r->filehandle = 36, r->size = 524288, r->offset = 0
14:21:47 ERROR /home/bsc03/bsc03353/forge/src/dispatcher/posix.c:62 139789336876800: single write -1 of expected 524288
14:21:49 ERROR /home/bsc03/bsc03353/forge/src/dispatcher/posix.c:61 140670657595136: r->filehandle = 50, r->size = 524288, r->offset = 0
14:21:49 ERROR /home/bsc03/bsc03353/forge/src/dispatcher/posix.c:62 140670657595136: single write -1 of expected 524288
14:21:49 ERROR /home/bsc03/bsc03353/forge/src/dispatcher/posix.c:61 139795779340032: r->filehandle = 51, r->size = 524288, r->offset = 0
14:21:49 ERROR /home/bsc03/bsc03353/forge/src/dispatcher/posix.c:62 139795779340032: single write -1 of expected 524288
14:21:50 ERROR /home/bsc03/bsc03353/forge/src/dispatcher/posix.c:61 139992738100992: r->filehandle = 58, r->size = 524288, r->offset = 0
14:21:50 ERROR /home/bsc03/bsc03353/forge/src/dispatcher/posix.c:62 139992738100992: single write -1 of expected 524288
14:21:50 ERROR /home/bsc03/bsc03353/forge/src/dispatcher/posix.c:61 139802221803264: r->filehandle = 39, r->size = 524288, r->offset = 0
14:21:50 ERROR /home/bsc03/bsc03353/forge/src/dispatcher/posix.c:62 139802221803264: single write -1 of expected 524288
14:21:51 ERROR /home/bsc03/bsc03353/forge/src/dispatcher/posix.c:61 140646212499200: r->filehandle = 41, r->size = 524288, r->offset = 0
14:21:51 ERROR /home/bsc03/bsc03353/forge/src/dispatcher/posix.c:62 140646212499200: single write -1 of expected 524288
14:21:52 ERROR /home/bsc03/bsc03353/forge/src/dispatcher/posix.c:61 139804369291008: r->filehandle = 46, r->size = 524288, r->offset = 0
14:21:52 ERROR /home/bsc03/bsc03353/forge/src/dispatcher/posix.c:61 140009918002944: r->filehandle = 38, r->size = 524288, r->offset = 0
14:21:52 ERROR /home/bsc03/bsc03353/forge/src/dispatcher/posix.c:61 140014215632640: r->filehandle = 38, r->size = 524288, r->offset = 0
14:21:52 ERROR /home/bsc03/bsc03353/forge/src/dispatcher/posix.c:62 140009918002944: single write -1 of expected 524288
14:21:52 ERROR /home/bsc03/bsc03353/forge/src/dispatcher/posix.c:62 139804369291008: single write -1 of expected 524288
14:21:52 ERROR /home/bsc03/bsc03353/forge/src/dispatcher/posix.c:62 140014215632640: single write -1 of expected 524288
14:21:53 ERROR /home/bsc03/bsc03353/forge/src/dispatcher/posix.c:61 140003475539712: r->filehandle = 37, r->size = 524288, r->offset = 0
14:21:53 ERROR /home/bsc03/bsc03353/forge/src/dispatcher/posix.c:62 140003475539712: single write -1 of expected 524288
14:21:53 ERROR /home/bsc03/bsc03353/forge/src/dispatcher/posix.c:61 140664215131904: r->filehandle = 52, r->size = 524288, r->offset = 0
14:21:53 ERROR /home/bsc03/bsc03353/forge/src/dispatcher/posix.c:61 139898851223296: r->filehandle = 53, r->size = 524288, r->offset = 0
14:21:53 ERROR /home/bsc03/bsc03353/forge/src/dispatcher/posix.c:62 140664215131904: single write -1 of expected 524288
14:21:53 ERROR /home/bsc03/bsc03353/forge/src/dispatcher/posix.c:62 139898851223296: single write -1 of expected 524288
14:21:53 ERROR /home/bsc03/bsc03353/forge/src/dispatcher/posix.c:61 140647035229952: r->filehandle = 59, r->size = 524288, r->offset = 0
14:21:53 ERROR /home/bsc03/bsc03353/forge/src/dispatcher/posix.c:62 140647035229952: single write -1 of expected 524288
14:21:55 ERROR /home/bsc03/bsc03353/forge/src/dispatcher/posix.c:61 140659651696384: r->filehandle = 59, r->size = 524288, r->offset = 0
14:21:55 ERROR /home/bsc03/bsc03353/forge/src/dispatcher/posix.c:62 140659651696384: single write -1 of expected 524288
14:21:55 ERROR /home/bsc03/bsc03353/forge/src/dispatcher/posix.c:61 140370099857152: r->filehandle = 59, r->size = 524288, r->offset = 0
14:21:55 ERROR /home/bsc03/bsc03353/forge/src/dispatcher/posix.c:62 140370099857152: single write -1 of expected 524288
14:21:55 ERROR /home/bsc03/bsc03353/forge/src/dispatcher/posix.c:61 140359362418432: r->filehandle = 36, r->size = 524288, r->offset = 0
14:21:55 ERROR /home/bsc03/bsc03353/forge/src/dispatcher/posix.c:62 140359362418432: single write -1 of expected 524288
14:21:56 ERROR /home/bsc03/bsc03353/forge/src/dispatcher/posix.c:61 140654802450176: r->filehandle = 52, r->size = 524288, r->offset = 0
14:21:56 ERROR /home/bsc03/bsc03353/forge/src/dispatcher/posix.c:62 140654802450176: single write -1 of expected 524288
14:21:56 ERROR /home/bsc03/bsc03353/forge/src/dispatcher/posix.c:61 139920326100736: r->filehandle = 37, r->size = 524288, r->offset = 0
14:21:56 ERROR /home/bsc03/bsc03353/forge/src/dispatcher/posix.c:62 139920326100736: single write -1 of expected 524288
14:21:56 ERROR /home/bsc03/bsc03353/forge/src/dispatcher/posix.c:61 140020658095872: r->filehandle = 40, r->size = 524288, r->offset = 0
14:21:56 ERROR /home/bsc03/bsc03353/forge/src/dispatcher/posix.c:62 140020658095872: single write -1 of expected 524288
14:21:58 ERROR /home/bsc03/bsc03353/forge/src/dispatcher/posix.c:61 140005623027456: r->filehandle = 39, r->size = 524288, r->offset = 0
14:21:58 ERROR /home/bsc03/bsc03353/forge/src/dispatcher/posix.c:62 140005623027456: single write -1 of expected 524288
14:21:59 ERROR /home/bsc03/bsc03353/forge/src/dispatcher/posix.c:61 139896703735552: r->filehandle = 40, r->size = 524288, r->offset = 0
14:21:59 ERROR /home/bsc03/bsc03353/forge/src/dispatcher/posix.c:62 139896703735552: single write -1 of expected 524288
14:21:59 ERROR /home/bsc03/bsc03353/forge/src/dispatcher/posix.c:61 140639770035968: r->filehandle = 42, r->size = 524288, r->offset = 0
14:21:59 ERROR /home/bsc03/bsc03353/forge/src/dispatcher/posix.c:62 140639770035968: single write -1 of expected 524288
14:22:00 ERROR /home/bsc03/bsc03353/forge/src/dispatcher/posix.c:61 140367952369408: r->filehandle = 41, r->size = 524288, r->offset = 0
14:22:00 ERROR /home/bsc03/bsc03353/forge/src/dispatcher/posix.c:62 140367952369408: single write -1 of expected 524288
14:22:00 ERROR /home/bsc03/bsc03353/forge/src/dispatcher/posix.c:61 140020655441664: r->filehandle = 40, r->size = 524288, r->offset = 0
14:22:00 ERROR /home/bsc03/bsc03353/forge/src/dispatcher/posix.c:61 140029248046848: r->filehandle = 41, r->size = 524288, r->offset = 0
14:22:00 ERROR /home/bsc03/bsc03353/forge/src/dispatcher/posix.c:62 140020655441664: single write -1 of expected 524288
14:22:00 ERROR /home/bsc03/bsc03353/forge/src/dispatcher/posix.c:62 140029248046848: single write -1 of expected 524288
14:22:00 ERROR /home/bsc03/bsc03353/forge/src/dispatcher/posix.c:61 140670657595136: r->filehandle = 36, r->size = 524288, r->offset = 0
14:22:00 ERROR /home/bsc03/bsc03353/forge/src/dispatcher/posix.c:62 140670657595136: single write -1 of expected 524288
14:22:01 ERROR /home/bsc03/bsc03353/forge/src/dispatcher/posix.c:61 140666362619648: r->filehandle = 55, r->size = 524288, r->offset = 0
14:22:01 ERROR /home/bsc03/bsc03353/forge/src/dispatcher/posix.c:62 140666362619648: single write -1 of expected 524288
14:22:04 ERROR /home/bsc03/bsc03353/forge/src/dispatcher/posix.c:61 140359362418432: r->filehandle = 49, r->size = 524288, r->offset = 0
14:22:04 ERROR /home/bsc03/bsc03353/forge/src/dispatcher/posix.c:62 140359362418432: single write -1 of expected 524288
14:22:04 ERROR /home/bsc03/bsc03353/forge/src/dispatcher/posix.c:61 140666094159616: r->filehandle = 55, r->size = 524288, r->offset = 0
14:22:04 ERROR /home/bsc03/bsc03353/forge/src/dispatcher/posix.c:62 140666094159616: single write -1 of expected 524288
14:22:04 ERROR /home/bsc03/bsc03353/forge/src/dispatcher/posix.c:61 139913883637504: r->filehandle = 46, r->size = 524288, r->offset = 0
14:22:04 ERROR /home/bsc03/bsc03353/forge/src/dispatcher/posix.c:62 139913883637504: single write -1 of expected 524288
14:22:05 ERROR /home/bsc03/bsc03353/forge/src/dispatcher/posix.c:61 140644065011456: r->filehandle = 47, r->size = 524288, r->offset = 0
14:22:05 ERROR /home/bsc03/bsc03353/forge/src/dispatcher/posix.c:62 140644065011456: single write -1 of expected 524288
14:22:06 ERROR /home/bsc03/bsc03353/forge/src/dispatcher/posix.c:61 140012065490688: r->filehandle = 56, r->size = 524288, r->offset = 0
14:22:06 ERROR /home/bsc03/bsc03353/forge/src/dispatcher/posix.c:62 140012065490688: single write -1 of expected 524288
14:22:06 ERROR /home/bsc03/bsc03353/forge/src/dispatcher/posix.c:61 140014215632640: r->filehandle = 36, r->size = 524288, r->offset = 0
14:22:06 ERROR /home/bsc03/bsc03353/forge/src/dispatcher/posix.c:62 140014215632640: single write -1 of expected 524288
14:22:06 ERROR /home/bsc03/bsc03353/forge/src/dispatcher/posix.c:61 139909588662016: r->filehandle = 52, r->size = 524288, r->offset = 0
14:22:06 ERROR /home/bsc03/bsc03353/forge/src/dispatcher/posix.c:62 139909588662016: single write -1 of expected 524288
14:22:06 ERROR /home/bsc03/bsc03353/forge/src/dispatcher/posix.c:61 140626885109504: r->filehandle = 38, r->size = 524288, r->offset = 0
14:22:06 ERROR /home/bsc03/bsc03353/forge/src/dispatcher/posix.c:62 140626885109504: single write -1 of expected 524288
14:22:07 ERROR /home/bsc03/bsc03353/forge/src/dispatcher/posix.c:61 140652654962432: r->filehandle = 39, r->size = 524288, r->offset = 0
14:22:07 ERROR /home/bsc03/bsc03353/forge/src/dispatcher/posix.c:62 140652654962432: single write -1 of expected 524288
14:22:08 ERROR /home/bsc03/bsc03353/forge/src/dispatcher/posix.c:61 140674952570624: r->filehandle = 37, r->size = 524288, r->offset = 0
14:22:08 ERROR /home/bsc03/bsc03353/forge/src/dispatcher/posix.c:62 140674952570624: single write -1 of expected 524288
14:22:10 ERROR /home/bsc03/bsc03353/forge/src/dispatcher/posix.c:61 140016363120384: r->filehandle = 45, r->size = 524288, r->offset = 0
14:22:10 ERROR /home/bsc03/bsc03353/forge/src/dispatcher/posix.c:62 140016363120384: single write -1 of expected 524288
14:22:10 ERROR /home/bsc03/bsc03353/forge/src/dispatcher/posix.c:61 140374394832640: r->filehandle = 43, r->size = 524288, r->offset = 0
14:22:10 ERROR /home/bsc03/bsc03353/forge/src/dispatcher/posix.c:62 140374394832640: single write -1 of expected 524288
14:22:10 ERROR /home/bsc03/bsc03353/forge/src/dispatcher/posix.c:61 139990590613248: r->filehandle = 53, r->size = 524288, r->offset = 0
14:22:10 ERROR /home/bsc03/bsc03353/forge/src/dispatcher/posix.c:62 139990590613248: single write -1 of expected 524288
14:22:11 ERROR /home/bsc03/bsc03353/forge/src/dispatcher/posix.c:61 140022805583616: r->filehandle = 39, r->size = 524288, r->offset = 0
14:22:11 ERROR /home/bsc03/bsc03353/forge/src/dispatcher/posix.c:62 140022805583616: single write -1 of expected 524288
14:22:12 ERROR /home/bsc03/bsc03353/forge/src/dispatcher/posix.c:61 139789336876800: r->filehandle = 54, r->size = 524288, r->offset = 0
14:22:12 ERROR /home/bsc03/bsc03353/forge/src/dispatcher/posix.c:62 139789336876800: single write -1 of expected 524288
14:22:13 ERROR /home/bsc03/bsc03353/forge/src/dispatcher/posix.c:61 140018510608128: r->filehandle = 55, r->size = 524288, r->offset = 0
14:22:13 ERROR /home/bsc03/bsc03353/forge/src/dispatcher/posix.c:62 140018510608128: single write -1 of expected 524288
14:22:13 ERROR /home/bsc03/bsc03353/forge/src/dispatcher/posix.c:61 140014212978432: r->filehandle = 43, r->size = 524288, r->offset = 0
14:22:13 ERROR /home/bsc03/bsc03353/forge/src/dispatcher/posix.c:62 140014212978432: single write -1 of expected 524288
14:22:15 ERROR /home/bsc03/bsc03353/forge/src/dispatcher/posix.c:61 140039985485568: r->filehandle = 44, r->size = 524288, r->offset = 0
14:22:15 ERROR /home/bsc03/bsc03353/forge/src/dispatcher/posix.c:62 140039985485568: single write -1 of expected 524288
14:22:15 ERROR /home/bsc03/bsc03353/forge/src/dispatcher/posix.c:61 139780746925824: r->filehandle = 45, r->size = 524288, r->offset = 0
14:22:15 ERROR /home/bsc03/bsc03353/forge/src/dispatcher/posix.c:61 140676831598336: r->filehandle = 46, r->size = 524288, r->offset = 0
14:22:15 ERROR /home/bsc03/bsc03353/forge/src/dispatcher/posix.c:61 140631180084992: r->filehandle = 37, r->size = 524288, r->offset = 0
14:22:15 ERROR /home/bsc03/bsc03353/forge/src/dispatcher/posix.c:62 140631180084992: single write -1 of expected 524288
14:22:15 ERROR /home/bsc03/bsc03353/forge/src/dispatcher/posix.c:62 139780746925824: single write -1 of expected 524288
14:22:15 ERROR /home/bsc03/bsc03353/forge/src/dispatcher/posix.c:62 140676831598336: single write -1 of expected 524288
14:22:16 ERROR /home/bsc03/bsc03353/forge/src/dispatcher/posix.c:61 139898851223296: r->filehandle = 43, r->size = 524288, r->offset = 0
14:22:16 ERROR /home/bsc03/bsc03353/forge/src/dispatcher/posix.c:62 139898851223296: single write -1 of expected 524288
14:22:16 ERROR /home/bsc03/bsc03353/forge/src/dispatcher/posix.c:61 140027100559104: r->filehandle = 37, r->size = 524288, r->offset = 0
14:22:16 ERROR /home/bsc03/bsc03353/forge/src/dispatcher/posix.c:62 140027100559104: single write -1 of expected 524288
14:22:16 ERROR /home/bsc03/bsc03353/forge/src/dispatcher/posix.c:61 140361509906176: r->filehandle = 45, r->size = 524288, r->offset = 0
14:22:16 ERROR /home/bsc03/bsc03353/forge/src/dispatcher/posix.c:62 140361509906176: single write -1 of expected 524288
14:22:17 ERROR /home/bsc03/bsc03353/forge/src/dispatcher/posix.c:61 139911736149760: r->filehandle = 57, r->size = 524288, r->offset = 0
14:22:17 ERROR /home/bsc03/bsc03353/forge/src/dispatcher/posix.c:62 139911736149760: single write -1 of expected 524288
14:22:17 ERROR /home/bsc03/bsc03353/forge/src/dispatcher/posix.c:61 140042132973312: r->filehandle = 42, r->size = 524288, r->offset = 0
14:22:17 ERROR /home/bsc03/bsc03353/forge/src/dispatcher/posix.c:62 140042132973312: single write -1 of expected 524288
14:22:18 ERROR /home/bsc03/bsc03353/forge/src/dispatcher/posix.c:61 140009920657152: r->filehandle = 58, r->size = 524288, r->offset = 0
14:22:18 ERROR /home/bsc03/bsc03353/forge/src/dispatcher/posix.c:62 140009920657152: single write -1 of expected 524288
14:22:19 ERROR /home/bsc03/bsc03353/forge/src/dispatcher/posix.c:61 140633327572736: r->filehandle = 49, r->size = 524288, r->offset = 0
14:22:19 ERROR /home/bsc03/bsc03353/forge/src/dispatcher/posix.c:62 140633327572736: single write -1 of expected 524288
14:22:19 ERROR /home/bsc03/bsc03353/forge/src/dispatcher/posix.c:61 140668510107392: r->filehandle = 46, r->size = 524288, r->offset = 0
14:22:19 ERROR /home/bsc03/bsc03353/forge/src/dispatcher/posix.c:62 140668510107392: single write -1 of expected 524288
14:22:19 ERROR /home/bsc03/bsc03353/forge/src/dispatcher/posix.c:61 140385132271360: r->filehandle = 56, r->size = 524288, r->offset = 0
14:22:19 ERROR /home/bsc03/bsc03353/forge/src/dispatcher/posix.c:62 140385132271360: single write -1 of expected 524288
14:22:20 ERROR /home/bsc03/bsc03353/forge/src/dispatcher/posix.c:61 140016363120384: r->filehandle = 43, r->size = 524288, r->offset = 0
14:22:20 ERROR /home/bsc03/bsc03353/forge/src/dispatcher/posix.c:62 140016363120384: single write -1 of expected 524288
14:22:21 ERROR /home/bsc03/bsc03353/forge/src/dispatcher/posix.c:61 140647035229952: r->filehandle = 44, r->size = 524288, r->offset = 0
14:22:21 ERROR /home/bsc03/bsc03353/forge/src/dispatcher/posix.c:62 140647035229952: single write -1 of expected 524288
14:22:21 ERROR /home/bsc03/bsc03353/forge/src/dispatcher/posix.c:61 140363657393920: r->filehandle = 52, r->size = 524288, r->offset = 0
14:22:21 ERROR /home/bsc03/bsc03353/forge/src/dispatcher/posix.c:62 140363657393920: single write -1 of expected 524288
14:22:23 ERROR /home/bsc03/bsc03353/forge/src/dispatcher/posix.c:61 140655625180928: r->filehandle = 48, r->size = 524288, r->offset = 0
14:22:23 ERROR /home/bsc03/bsc03353/forge/src/dispatcher/posix.c:62 140655625180928: single write -1 of expected 524288
14:22:23 ERROR /home/bsc03/bsc03353/forge/src/dispatcher/posix.c:61 139789336876800: r->filehandle = 35, r->size = 524288, r->offset = 0
14:22:23 ERROR /home/bsc03/bsc03353/forge/src/dispatcher/posix.c:61 140359362418432: r->filehandle = 50, r->size = 524288, r->offset = 0
14:22:23 ERROR /home/bsc03/bsc03353/forge/src/dispatcher/posix.c:62 139789336876800: single write -1 of expected 524288
14:22:23 ERROR /home/bsc03/bsc03353/forge/src/dispatcher/posix.c:62 140359362418432: single write -1 of expected 524288
14:22:24 ERROR /home/bsc03/bsc03353/forge/src/dispatcher/posix.c:61 140651330205440: r->filehandle = 47, r->size = 524288, r->offset = 0
14:22:24 ERROR /home/bsc03/bsc03353/forge/src/dispatcher/posix.c:62 140651330205440: single write -1 of expected 524288
14:22:26 ERROR /home/bsc03/bsc03353/forge/src/dispatcher/posix.c:61 139999180564224: r->filehandle = 44, r->size = 524288, r->offset = 0
14:22:26 ERROR /home/bsc03/bsc03353/forge/src/dispatcher/posix.c:62 139999180564224: single write -1 of expected 524288
14:22:26 ERROR /home/bsc03/bsc03353/forge/src/dispatcher/posix.c:61 140378689808128: r->filehandle = 53, r->size = 524288, r->offset = 0
14:22:26 ERROR /home/bsc03/bsc03353/forge/src/dispatcher/posix.c:62 140378689808128: single write -1 of expected 524288
14:22:27 ERROR /home/bsc03/bsc03353/forge/src/dispatcher/posix.c:61 139900998711040: r->filehandle = 58, r->size = 524288, r->offset = 0
14:22:27 ERROR /home/bsc03/bsc03353/forge/src/dispatcher/posix.c:61 140687569037056: r->filehandle = 45, r->size = 524288, r->offset = 0
14:22:27 ERROR /home/bsc03/bsc03353/forge/src/dispatcher/posix.c:62 139900998711040: single write -1 of expected 524288
14:22:27 ERROR /home/bsc03/bsc03353/forge/src/dispatcher/posix.c:62 140687569037056: single write -1 of expected 524288
14:22:30 ERROR /home/bsc03/bsc03353/forge/src/dispatcher/posix.c:61 139780746925824: r->filehandle = 52, r->size = 524288, r->offset = 0
14:22:30 ERROR /home/bsc03/bsc03353/forge/src/dispatcher/posix.c:62 139780746925824: single write -1 of expected 524288
14:22:31 ERROR /home/bsc03/bsc03353/forge/src/dispatcher/posix.c:61 140018510608128: r->filehandle = 51, r->size = 524288, r->offset = 0
14:22:31 ERROR /home/bsc03/bsc03353/forge/src/dispatcher/posix.c:62 140018510608128: single write -1 of expected 524288
14:22:32 ERROR /home/bsc03/bsc03353/forge/src/dispatcher/posix.c:61 140679247546112: r->filehandle = 56, r->size = 524288, r->offset = 0
14:22:32 ERROR /home/bsc03/bsc03353/forge/src/dispatcher/posix.c:62 140679247546112: single write -1 of expected 524288
14:22:32 ERROR /home/bsc03/bsc03353/forge/src/dispatcher/posix.c:61 140674684110592: r->filehandle = 41, r->size = 524288, r->offset = 0
14:22:32 ERROR /home/bsc03/bsc03353/forge/src/dispatcher/posix.c:62 140674684110592: single write -1 of expected 524288
14:22:32 ERROR /home/bsc03/bsc03353/forge/src/dispatcher/posix.c:61 140020658095872: r->filehandle = 57, r->size = 524288, r->offset = 0
14:22:32 ERROR /home/bsc03/bsc03353/forge/src/dispatcher/posix.c:62 140020658095872: single write -1 of expected 524288
14:22:33 ERROR /home/bsc03/bsc03353/forge/src/dispatcher/posix.c:61 139890261272320: r->filehandle = 59, r->size = 524288, r->offset = 0
14:22:33 ERROR /home/bsc03/bsc03353/forge/src/dispatcher/posix.c:62 139890261272320: single write -1 of expected 524288
14:22:33 ERROR /home/bsc03/bsc03353/forge/src/dispatcher/posix.c:61 140662067644160: r->filehandle = 53, r->size = 524288, r->offset = 0
14:22:33 ERROR /home/bsc03/bsc03353/forge/src/dispatcher/posix.c:62 140662067644160: single write -1 of expected 524288
14:22:33 ERROR /home/bsc03/bsc03353/forge/src/dispatcher/posix.c:61 139797926827776: r->filehandle = 40, r->size = 524288, r->offset = 0
14:22:33 ERROR /home/bsc03/bsc03353/forge/src/dispatcher/posix.c:62 139797926827776: single write -1 of expected 524288
14:22:35 ERROR /home/bsc03/bsc03353/forge/src/dispatcher/posix.c:61 140681126573824: r->filehandle = 49, r->size = 524288, r->offset = 0
14:22:35 ERROR /home/bsc03/bsc03353/forge/src/dispatcher/posix.c:62 140681126573824: single write -1 of expected 524288
14:22:35 ERROR /home/bsc03/bsc03353/forge/src/dispatcher/posix.c:61 140654802450176: r->filehandle = 51, r->size = 524288, r->offset = 0
14:22:35 ERROR /home/bsc03/bsc03353/forge/src/dispatcher/posix.c:62 140654802450176: single write -1 of expected 524288
14:22:35 ERROR /home/bsc03/bsc03353/forge/src/dispatcher/posix.c:61 140367952369408: r->filehandle = 57, r->size = 524288, r->offset = 0
14:22:35 ERROR /home/bsc03/bsc03353/forge/src/dispatcher/posix.c:62 140367952369408: single write -1 of expected 524288
14:22:38 ERROR /home/bsc03/bsc03353/forge/src/dispatcher/posix.c:61 140382984783616: r->filehandle = 58, r->size = 524288, r->offset = 0
14:22:38 ERROR /home/bsc03/bsc03353/forge/src/dispatcher/posix.c:62 140382984783616: single write -1 of expected 524288
14:22:38 ERROR /home/bsc03/bsc03353/forge/src/dispatcher/posix.c:61 140657772668672: r->filehandle = 51, r->size = 524288, r->offset = 0
14:22:38 ERROR /home/bsc03/bsc03353/forge/src/dispatcher/posix.c:62 140657772668672: single write -1 of expected 524288
14:22:38 ERROR /home/bsc03/bsc03353/forge/src/dispatcher/posix.c:61 140359362418432: r->filehandle = 59, r->size = 524288, r->offset = 524288
14:22:38 ERROR /home/bsc03/bsc03353/forge/src/dispatcher/posix.c:61 140018507953920: r->filehandle = 55, r->size = 524288, r->offset = 0
14:22:38 ERROR /home/bsc03/bsc03353/forge/src/dispatcher/posix.c:62 140359362418432: single write -1 of expected 524288
14:22:38 ERROR /home/bsc03/bsc03353/forge/src/dispatcher/posix.c:62 140018507953920: single write -1 of expected 524288
14:22:39 ERROR /home/bsc03/bsc03353/forge/src/dispatcher/posix.c:61 139898851223296: r->filehandle = 48, r->size = 524288, r->offset = 0
14:22:39 ERROR /home/bsc03/bsc03353/forge/src/dispatcher/posix.c:62 139898851223296: single write -1 of expected 524288
14:22:40 ERROR /home/bsc03/bsc03353/forge/src/dispatcher/posix.c:61 140651330205440: r->filehandle = 52, r->size = 524288, r->offset = 524288
14:22:40 ERROR /home/bsc03/bsc03353/forge/src/dispatcher/posix.c:62 140651330205440: single write -1 of expected 524288
14:22:40 ERROR /home/bsc03/bsc03353/forge/src/dispatcher/posix.c:61 139892408760064: r->filehandle = 38, r->size = 524288, r->offset = 0
14:22:40 ERROR /home/bsc03/bsc03353/forge/src/dispatcher/posix.c:62 139892408760064: single write -1 of expected 524288
14:22:42 ERROR /home/bsc03/bsc03353/forge/src/dispatcher/posix.c:61 140357214930688: r->filehandle = 51, r->size = 524288, r->offset = 0
14:22:42 ERROR /home/bsc03/bsc03353/forge/src/dispatcher/posix.c:62 140357214930688: single write -1 of expected 524288
14:22:42 ERROR /home/bsc03/bsc03353/forge/src/dispatcher/posix.c:61 139920326100736: r->filehandle = 50, r->size = 524288, r->offset = 0
14:22:42 ERROR /home/bsc03/bsc03353/forge/src/dispatcher/posix.c:62 139920326100736: single write -1 of expected 524288
14:22:43 ERROR /home/bsc03/bsc03353/forge/src/dispatcher/posix.c:61 139808664266496: r->filehandle = 38, r->size = 524288, r->offset = 0
14:22:43 ERROR /home/bsc03/bsc03353/forge/src/dispatcher/posix.c:62 139808664266496: single write -1 of expected 524288
14:22:43 ERROR /home/bsc03/bsc03353/forge/src/dispatcher/posix.c:61 139992738100992: r->filehandle = 47, r->size = 524288, r->offset = 0
14:22:43 ERROR /home/bsc03/bsc03353/forge/src/dispatcher/posix.c:62 139992738100992: single write -1 of expected 524288
14:22:43 ERROR /home/bsc03/bsc03353/forge/src/dispatcher/posix.c:61 140372247344896: r->filehandle = 42, r->size = 524288, r->offset = 0
14:22:43 ERROR /home/bsc03/bsc03353/forge/src/dispatcher/posix.c:62 140372247344896: single write -1 of expected 524288
14:22:44 ERROR /home/bsc03/bsc03353/forge/src/dispatcher/posix.c:61 139787189389056: r->filehandle = 57, r->size = 524288, r->offset = 0
14:22:44 ERROR /home/bsc03/bsc03353/forge/src/dispatcher/posix.c:62 139787189389056: single write -1 of expected 524288
14:22:44 ERROR /home/bsc03/bsc03353/forge/src/dispatcher/posix.c:61 140674952570624: r->filehandle = 43, r->size = 524288, r->offset = 0
14:22:44 ERROR /home/bsc03/bsc03353/forge/src/dispatcher/posix.c:62 140674952570624: single write -1 of expected 524288
14:22:45 ERROR /home/bsc03/bsc03353/forge/src/dispatcher/posix.c:61 140024953071360: r->filehandle = 54, r->size = 524288, r->offset = 0
14:22:45 ERROR /home/bsc03/bsc03353/forge/src/dispatcher/posix.c:62 140024953071360: single write -1 of expected 524288
14:22:46 ERROR /home/bsc03/bsc03353/forge/src/dispatcher/posix.c:61 140666094159616: r->filehandle = 58, r->size = 524288, r->offset = 0
14:22:46 ERROR /home/bsc03/bsc03353/forge/src/dispatcher/posix.c:62 140666094159616: single write -1 of expected 524288
14:22:47 ERROR /home/bsc03/bsc03353/forge/src/dispatcher/posix.c:61 139789336876800: r->filehandle = 42, r->size = 524288, r->offset = 0
14:22:47 ERROR /home/bsc03/bsc03353/forge/src/dispatcher/posix.c:62 139789336876800: single write -1 of expected 524288
14:22:48 ERROR /home/bsc03/bsc03353/forge/src/dispatcher/posix.c:61 140005623027456: r->filehandle = 46, r->size = 524288, r->offset = 0
14:22:48 ERROR /home/bsc03/bsc03353/forge/src/dispatcher/posix.c:62 140005623027456: single write -1 of expected 524288
14:22:49 ERROR /home/bsc03/bsc03353/forge/src/dispatcher/posix.c:61 140687569037056: r->filehandle = 53, r->size = 524288, r->offset = 0
14:22:49 ERROR /home/bsc03/bsc03353/forge/src/dispatcher/posix.c:62 140687569037056: single write -1 of expected 524288
14:22:50 ERROR /home/bsc03/bsc03353/forge/src/dispatcher/posix.c:61 139999180564224: r->filehandle = 58, r->size = 524288, r->offset = 524288
14:22:50 ERROR /home/bsc03/bsc03353/forge/src/dispatcher/posix.c:62 139999180564224: single write -1 of expected 524288
14:22:51 ERROR /home/bsc03/bsc03353/forge/src/dispatcher/posix.c:61 140012068144896: r->filehandle = 49, r->size = 524288, r->offset = 0
14:22:51 ERROR /home/bsc03/bsc03353/forge/src/dispatcher/posix.c:62 140012068144896: single write -1 of expected 524288
14:22:51 ERROR /home/bsc03/bsc03353/forge/src/dispatcher/posix.c:61 140629032597248: r->filehandle = 53, r->size = 524288, r->offset = 0
14:22:51 ERROR /home/bsc03/bsc03353/forge/src/dispatcher/posix.c:61 140009920657152: r->filehandle = 41, r->size = 524288, r->offset = 524288
14:22:51 ERROR /home/bsc03/bsc03353/forge/src/dispatcher/posix.c:62 140629032597248: single write -1 of expected 524288
14:22:51 ERROR /home/bsc03/bsc03353/forge/src/dispatcher/posix.c:62 140009920657152: single write -1 of expected 524288
14:22:53 ERROR /home/bsc03/bsc03353/forge/src/dispatcher/posix.c:61 140016363120384: r->filehandle = 37, r->size = 524288, r->offset = 524288
14:22:53 ERROR /home/bsc03/bsc03353/forge/src/dispatcher/posix.c:62 140016363120384: single write -1 of expected 524288
14:22:54 ERROR /home/bsc03/bsc03353/forge/src/dispatcher/posix.c:61 139916031125248: r->filehandle = 54, r->size = 524288, r->offset = 0
14:22:54 ERROR /home/bsc03/bsc03353/forge/src/dispatcher/posix.c:62 139916031125248: single write -1 of expected 524288
14:22:55 ERROR /home/bsc03/bsc03353/forge/src/dispatcher/posix.c:61 139894556247808: r->filehandle = 47, r->size = 524288, r->offset = 0
14:22:55 ERROR /home/bsc03/bsc03353/forge/src/dispatcher/posix.c:62 139894556247808: single write -1 of expected 524288
14:22:55 ERROR /home/bsc03/bsc03353/forge/src/dispatcher/posix.c:61 140691864012544: r->filehandle = 38, r->size = 524288, r->offset = 0
14:22:55 ERROR /home/bsc03/bsc03353/forge/src/dispatcher/posix.c:62 140691864012544: single write -1 of expected 524288
14:22:56 ERROR /home/bsc03/bsc03353/forge/src/dispatcher/posix.c:61 139791484364544: r->filehandle = 53, r->size = 524288, r->offset = 0
14:22:56 ERROR /home/bsc03/bsc03353/forge/src/dispatcher/posix.c:62 139791484364544: single write -1 of expected 524288
14:22:56 ERROR /home/bsc03/bsc03353/forge/src/dispatcher/posix.c:61 140042132973312: r->filehandle = 40, r->size = 524288, r->offset = 524288
14:22:56 ERROR /home/bsc03/bsc03353/forge/src/dispatcher/posix.c:62 140042132973312: single write -1 of expected 524288
14:22:58 ERROR /home/bsc03/bsc03353/forge/src/dispatcher/posix.c:61 139900998711040: r->filehandle = 49, r->size = 524288, r->offset = 0
14:22:58 ERROR /home/bsc03/bsc03353/forge/src/dispatcher/posix.c:61 140683274061568: r->filehandle = 42, r->size = 524288, r->offset = 0
14:22:58 ERROR /home/bsc03/bsc03353/forge/src/dispatcher/posix.c:62 139900998711040: single write -1 of expected 524288
14:22:58 ERROR /home/bsc03/bsc03353/forge/src/dispatcher/posix.c:62 140683274061568: single write -1 of expected 524288
14:22:59 ERROR /home/bsc03/bsc03353/forge/src/dispatcher/posix.c:61 140365804881664: r->filehandle = 54, r->size = 524288, r->offset = 0
14:22:59 ERROR /home/bsc03/bsc03353/forge/src/dispatcher/posix.c:62 140365804881664: single write -1 of expected 524288
14:23:00 ERROR /home/bsc03/bsc03353/forge/src/dispatcher/posix.c:61 140022805583616: r->filehandle = 48, r->size = 524288, r->offset = 0
14:23:00 ERROR /home/bsc03/bsc03353/forge/src/dispatcher/posix.c:62 140022805583616: single write -1 of expected 524288
14:23:00 ERROR /home/bsc03/bsc03353/forge/src/dispatcher/posix.c:61 139913883637504: r->filehandle = 39, r->size = 524288, r->offset = 0
14:23:00 ERROR /home/bsc03/bsc03353/forge/src/dispatcher/posix.c:62 139913883637504: single write -1 of expected 524288
14:23:00 ERROR /home/bsc03/bsc03353/forge/src/dispatcher/posix.c:61 139802221803264: r->filehandle = 50, r->size = 524288, r->offset = 0
14:23:00 ERROR /home/bsc03/bsc03353/forge/src/dispatcher/posix.c:62 139802221803264: single write -1 of expected 524288
14:23:00 ERROR /home/bsc03/bsc03353/forge/src/dispatcher/posix.c:61 140664215131904: r->filehandle = 38, r->size = 524288, r->offset = 0
14:23:00 ERROR /home/bsc03/bsc03353/forge/src/dispatcher/posix.c:62 140664215131904: single write -1 of expected 524288
14:23:01 ERROR /home/bsc03/bsc03353/forge/src/dispatcher/posix.c:61 140372247344896: r->filehandle = 52, r->size = 524288, r->offset = 524288
14:23:01 ERROR /home/bsc03/bsc03353/forge/src/dispatcher/posix.c:62 140372247344896: single write -1 of expected 524288
14:23:01 ERROR /home/bsc03/bsc03353/forge/src/dispatcher/posix.c:61 140687569037056: r->filehandle = 39, r->size = 524288, r->offset = 0
14:23:01 ERROR /home/bsc03/bsc03353/forge/src/dispatcher/posix.c:62 140687569037056: single write -1 of expected 524288
14:23:02 ERROR /home/bsc03/bsc03353/forge/src/dispatcher/posix.c:61 140014215632640: r->filehandle = 59, r->size = 524288, r->offset = 0
14:23:02 ERROR /home/bsc03/bsc03353/forge/src/dispatcher/posix.c:62 140014215632640: single write -1 of expected 524288
14:23:03 ERROR /home/bsc03/bsc03353/forge/src/dispatcher/posix.c:61 140657772668672: r->filehandle = 36, r->size = 524288, r->offset = 524288
14:23:03 ERROR /home/bsc03/bsc03353/forge/src/dispatcher/posix.c:62 140657772668672: single write -1 of expected 524288
14:23:03 ERROR /home/bsc03/bsc03353/forge/src/dispatcher/posix.c:61 139894556247808: r->filehandle = 58, r->size = 524288, r->offset = 524288
14:23:03 ERROR /home/bsc03/bsc03353/forge/src/dispatcher/posix.c:62 139894556247808: single write -1 of expected 524288
14:23:05 ERROR /home/bsc03/bsc03353/forge/src/dispatcher/posix.c:61 139898851223296: r->filehandle = 53, r->size = 524288, r->offset = 524288
14:23:05 ERROR /home/bsc03/bsc03353/forge/src/dispatcher/posix.c:62 139898851223296: single write -1 of expected 524288
14:23:05 ERROR /home/bsc03/bsc03353/forge/src/dispatcher/posix.c:61 140651330205440: r->filehandle = 55, r->size = 524288, r->offset = 524288
14:23:05 ERROR /home/bsc03/bsc03353/forge/src/dispatcher/posix.c:61 140650507474688: r->filehandle = 56, r->size = 524288, r->offset = 0
14:23:05 ERROR /home/bsc03/bsc03353/forge/src/dispatcher/posix.c:62 140651330205440: single write -1 of expected 524288
14:23:05 ERROR /home/bsc03/bsc03353/forge/src/dispatcher/posix.c:62 140650507474688: single write -1 of expected 524288
14:23:07 ERROR /home/bsc03/bsc03353/forge/src/dispatcher/posix.c:61 140012068144896: r->filehandle = 44, r->size = 524288, r->offset = 524288
14:23:07 ERROR /home/bsc03/bsc03353/forge/src/dispatcher/posix.c:62 140012068144896: single write -1 of expected 524288
14:23:10 ERROR /home/bsc03/bsc03353/forge/src/dispatcher/posix.c:61 140647035229952: r->filehandle = 41, r->size = 524288, r->offset = 0
14:23:10 ERROR /home/bsc03/bsc03353/forge/src/dispatcher/posix.c:62 140647035229952: single write -1 of expected 524288
14:23:11 ERROR /home/bsc03/bsc03353/forge/src/dispatcher/posix.c:61 139990590613248: r->filehandle = 45, r->size = 524288, r->offset = 0
14:23:11 ERROR /home/bsc03/bsc03353/forge/src/dispatcher/posix.c:62 139990590613248: single write -1 of expected 524288
14:23:11 ERROR /home/bsc03/bsc03353/forge/src/dispatcher/posix.c:61 140670389135104: r->filehandle = 51, r->size = 524288, r->offset = 0
14:23:11 ERROR /home/bsc03/bsc03353/forge/src/dispatcher/posix.c:62 140670389135104: single write -1 of expected 524288
14:23:13 ERROR /home/bsc03/bsc03353/forge/src/dispatcher/posix.c:61 140020658095872: r->filehandle = 39, r->size = 524288, r->offset = 524288
14:23:13 ERROR /home/bsc03/bsc03353/forge/src/dispatcher/posix.c:61 140659651696384: r->filehandle = 52, r->size = 524288, r->offset = 0
14:23:13 ERROR /home/bsc03/bsc03353/forge/src/dispatcher/posix.c:62 140659651696384: single write -1 of expected 524288
14:23:13 ERROR /home/bsc03/bsc03353/forge/src/dispatcher/posix.c:62 140020658095872: single write -1 of expected 524288
14:23:13 ERROR /home/bsc03/bsc03353/forge/src/dispatcher/posix.c:61 139920326100736: r->filehandle = 46, r->size = 524288, r->offset = 524288
14:23:13 ERROR /home/bsc03/bsc03353/forge/src/dispatcher/posix.c:62 139920326100736: single write -1 of expected 524288
14:23:14 ERROR /home/bsc03/bsc03353/forge/src/dispatcher/posix.c:61 140387279759104: r->filehandle = 39, r->size = 524288, r->offset = 0
14:23:14 ERROR /home/bsc03/bsc03353/forge/src/dispatcher/posix.c:62 140387279759104: single write -1 of expected 524288
14:23:15 ERROR /home/bsc03/bsc03353/forge/src/dispatcher/posix.c:61 140027100559104: r->filehandle = 38, r->size = 524288, r->offset = 524288
14:23:15 ERROR /home/bsc03/bsc03353/forge/src/dispatcher/posix.c:62 140027100559104: single write -1 of expected 524288
14:23:16 ERROR /home/bsc03/bsc03353/forge/src/dispatcher/posix.c:61 139894556247808: r->filehandle = 52, r->size = 524288, r->offset = 524288
14:23:16 ERROR /home/bsc03/bsc03353/forge/src/dispatcher/posix.c:61 140009920657152: r->filehandle = 36, r->size = 524288, r->offset = 524288
14:23:16 ERROR /home/bsc03/bsc03353/forge/src/dispatcher/posix.c:62 140009920657152: single write -1 of expected 524288
14:23:16 ERROR /home/bsc03/bsc03353/forge/src/dispatcher/posix.c:62 139894556247808: single write -1 of expected 524288
14:23:16 ERROR /home/bsc03/bsc03353/forge/src/dispatcher/posix.c:61 140361509906176: r->filehandle = 37, r->size = 524288, r->offset = 0
14:23:16 ERROR /home/bsc03/bsc03353/forge/src/dispatcher/posix.c:62 140361509906176: single write -1 of expected 524288
14:23:17 ERROR /home/bsc03/bsc03353/forge/src/dispatcher/posix.c:61 140689716524800: r->filehandle = 43, r->size = 524288, r->offset = 0
14:23:17 ERROR /home/bsc03/bsc03353/forge/src/dispatcher/posix.c:61 140012065490688: r->filehandle = 41, r->size = 524288, r->offset = 0
14:23:17 ERROR /home/bsc03/bsc03353/forge/src/dispatcher/posix.c:62 140012065490688: single write -1 of expected 524288
14:23:17 ERROR /home/bsc03/bsc03353/forge/src/dispatcher/posix.c:62 140689716524800: single write -1 of expected 524288
14:23:18 ERROR /home/bsc03/bsc03353/forge/src/dispatcher/posix.c:61 139909588662016: r->filehandle = 51, r->size = 524288, r->offset = 0
14:23:18 ERROR /home/bsc03/bsc03353/forge/src/dispatcher/posix.c:61 140380837295872: r->filehandle = 47, r->size = 524288, r->offset = 0
14:23:18 ERROR /home/bsc03/bsc03353/forge/src/dispatcher/posix.c:61 139812959241984: r->filehandle = 58, r->size = 524288, r->offset = 0
14:23:18 ERROR /home/bsc03/bsc03353/forge/src/dispatcher/posix.c:62 139909588662016: single write -1 of expected 524288
14:23:18 ERROR /home/bsc03/bsc03353/forge/src/dispatcher/posix.c:62 140380837295872: single write -1 of expected 524288
14:23:18 ERROR /home/bsc03/bsc03353/forge/src/dispatcher/posix.c:62 139812959241984: single write -1 of expected 524288
14:23:19 ERROR /home/bsc03/bsc03353/forge/src/dispatcher/posix.c:61 140635475060480: r->filehandle = 50, r->size = 524288, r->offset = 0
14:23:19 ERROR /home/bsc03/bsc03353/forge/src/dispatcher/posix.c:62 140635475060480: single write -1 of expected 524288
14:23:19 ERROR /home/bsc03/bsc03353/forge/src/dispatcher/posix.c:61 140670657595136: r->filehandle = 45, r->size = 524288, r->offset = 0
14:23:19 ERROR /home/bsc03/bsc03353/forge/src/dispatcher/posix.c:62 140670657595136: single write -1 of expected 524288
14:23:19 ERROR /home/bsc03/bsc03353/forge/src/dispatcher/posix.c:61 140668241647360: r->filehandle = 36, r->size = 524288, r->offset = 0
14:23:19 ERROR /home/bsc03/bsc03353/forge/src/dispatcher/posix.c:61 140029248046848: r->filehandle = 52, r->size = 524288, r->offset = 0
14:23:19 ERROR /home/bsc03/bsc03353/forge/src/dispatcher/posix.c:62 140668241647360: single write -1 of expected 524288
14:23:19 ERROR /home/bsc03/bsc03353/forge/src/dispatcher/posix.c:62 140029248046848: single write -1 of expected 524288
14:23:21 ERROR /home/bsc03/bsc03353/forge/src/dispatcher/posix.c:61 139787189389056: r->filehandle = 54, r->size = 524288, r->offset = 524288
14:23:21 ERROR /home/bsc03/bsc03353/forge/src/dispatcher/posix.c:61 140677100058368: r->filehandle = 58, r->size = 524288, r->offset = 0
14:23:21 ERROR /home/bsc03/bsc03353/forge/src/dispatcher/posix.c:62 139787189389056: single write -1 of expected 524288
14:23:21 ERROR /home/bsc03/bsc03353/forge/src/dispatcher/posix.c:62 140677100058368: single write -1 of expected 524288
14:23:23 ERROR /home/bsc03/bsc03353/forge/src/dispatcher/posix.c:61 140037837997824: r->filehandle = 56, r->size = 524288, r->offset = 0
14:23:23 ERROR /home/bsc03/bsc03353/forge/src/dispatcher/posix.c:62 140037837997824: single write -1 of expected 524288
14:23:24 ERROR /home/bsc03/bsc03353/forge/src/dispatcher/posix.c:61 140033543022336: r->filehandle = 47, r->size = 524288, r->offset = 0
14:23:24 ERROR /home/bsc03/bsc03353/forge/src/dispatcher/posix.c:62 140033543022336: single write -1 of expected 524288
14:23:24 ERROR /home/bsc03/bsc03353/forge/src/dispatcher/posix.c:61 139994885588736: r->filehandle = 54, r->size = 524288, r->offset = 0
14:23:24 ERROR /home/bsc03/bsc03353/forge/src/dispatcher/posix.c:62 139994885588736: single write -1 of expected 524288
14:23:24 ERROR /home/bsc03/bsc03353/forge/src/dispatcher/posix.c:61 139800074315520: r->filehandle = 43, r->size = 524288, r->offset = 0
14:23:24 ERROR /home/bsc03/bsc03353/forge/src/dispatcher/posix.c:62 139800074315520: single write -1 of expected 524288
14:23:24 ERROR /home/bsc03/bsc03353/forge/src/dispatcher/posix.c:61 140664215131904: r->filehandle = 46, r->size = 524288, r->offset = 524288
14:23:24 ERROR /home/bsc03/bsc03353/forge/src/dispatcher/posix.c:62 140664215131904: single write -1 of expected 524288
14:23:25 ERROR /home/bsc03/bsc03353/forge/src/dispatcher/posix.c:61 140003475539712: r->filehandle = 50, r->size = 524288, r->offset = 0
14:23:25 ERROR /home/bsc03/bsc03353/forge/src/dispatcher/posix.c:62 140003475539712: single write -1 of expected 524288
14:23:26 ERROR /home/bsc03/bsc03353/forge/src/dispatcher/posix.c:61 140676831598336: r->filehandle = 50, r->size = 524288, r->offset = 0
14:23:26 ERROR /home/bsc03/bsc03353/forge/src/dispatcher/posix.c:62 140676831598336: single write -1 of expected 524288
14:23:26 ERROR /home/bsc03/bsc03353/forge/src/dispatcher/posix.c:61 140367952369408: r->filehandle = 49, r->size = 524288, r->offset = 524288
14:23:26 ERROR /home/bsc03/bsc03353/forge/src/dispatcher/posix.c:62 140367952369408: single write -1 of expected 524288
14:23:28 ERROR /home/bsc03/bsc03353/forge/src/dispatcher/posix.c:61 140018510608128: r->filehandle = 45, r->size = 524288, r->offset = 524288
14:23:28 ERROR /home/bsc03/bsc03353/forge/src/dispatcher/posix.c:62 140018510608128: single write -1 of expected 524288
14:23:28 ERROR /home/bsc03/bsc03353/forge/src/dispatcher/posix.c:61 140626885109504: r->filehandle = 58, r->size = 524288, r->offset = 0
14:23:28 ERROR /home/bsc03/bsc03353/forge/src/dispatcher/posix.c:62 140626885109504: single write -1 of expected 524288
14:23:29 ERROR /home/bsc03/bsc03353/forge/src/dispatcher/posix.c:61 140039985485568: r->filehandle = 53, r->size = 524288, r->offset = 0
14:23:29 ERROR /home/bsc03/bsc03353/forge/src/dispatcher/posix.c:62 140039985485568: single write -1 of expected 524288
14:23:29 ERROR /home/bsc03/bsc03353/forge/src/dispatcher/posix.c:61 140661799184128: r->filehandle = 40, r->size = 524288, r->offset = 0
14:23:29 ERROR /home/bsc03/bsc03353/forge/src/dispatcher/posix.c:62 140661799184128: single write -1 of expected 524288
14:23:29 ERROR /home/bsc03/bsc03353/forge/src/dispatcher/posix.c:61 140014212978432: r->filehandle = 57, r->size = 524288, r->offset = 0
14:23:29 ERROR /home/bsc03/bsc03353/forge/src/dispatcher/posix.c:62 140014212978432: single write -1 of expected 524288
14:23:32 ERROR /home/bsc03/bsc03353/forge/src/dispatcher/posix.c:61 140637622548224: r->filehandle = 57, r->size = 524288, r->offset = 0
14:23:32 ERROR /home/bsc03/bsc03353/forge/src/dispatcher/posix.c:62 140637622548224: single write -1 of expected 524288
14:23:32 ERROR /home/bsc03/bsc03353/forge/src/dispatcher/posix.c:61 139804369291008: r->filehandle = 48, r->size = 524288, r->offset = 0
14:23:32 ERROR /home/bsc03/bsc03353/forge/src/dispatcher/posix.c:61 140031395534592: r->filehandle = 50, r->size = 524288, r->offset = 0
14:23:32 ERROR /home/bsc03/bsc03353/forge/src/dispatcher/posix.c:61 140649182717696: r->filehandle = 42, r->size = 524288, r->offset = 0
14:23:32 ERROR /home/bsc03/bsc03353/forge/src/dispatcher/posix.c:61 140685421549312: r->filehandle = 44, r->size = 524288, r->offset = 0
14:23:32 ERROR /home/bsc03/bsc03353/forge/src/dispatcher/posix.c:62 140649182717696: single write -1 of expected 524288
14:23:32 ERROR /home/bsc03/bsc03353/forge/src/dispatcher/posix.c:62 140031395534592: single write -1 of expected 524288
14:23:32 ERROR /home/bsc03/bsc03353/forge/src/dispatcher/posix.c:62 139804369291008: single write -1 of expected 524288
14:23:32 ERROR /home/bsc03/bsc03353/forge/src/dispatcher/posix.c:62 140685421549312: single write -1 of expected 524288
14:23:34 ERROR /home/bsc03/bsc03353/forge/src/dispatcher/posix.c:61 140672536622848: r->filehandle = 54, r->size = 524288, r->offset = 0
14:23:34 ERROR /home/bsc03/bsc03353/forge/src/dispatcher/posix.c:62 140672536622848: single write -1 of expected 524288
14:23:35 ERROR /home/bsc03/bsc03353/forge/src/dispatcher/posix.c:61 139903146198784: r->filehandle = 42, r->size = 524288, r->offset = 0
14:23:35 ERROR /home/bsc03/bsc03353/forge/src/dispatcher/posix.c:62 139903146198784: single write -1 of expected 524288
14:23:35 ERROR /home/bsc03/bsc03353/forge/src/dispatcher/posix.c:61 139900998711040: r->filehandle = 57, r->size = 524288, r->offset = 524288
14:23:35 ERROR /home/bsc03/bsc03353/forge/src/dispatcher/posix.c:62 139900998711040: single write -1 of expected 524288
14:23:35 ERROR /home/bsc03/bsc03353/forge/src/dispatcher/posix.c:61 140666362619648: r->filehandle = 57, r->size = 524288, r->offset = 0
14:23:36 ERROR /home/bsc03/bsc03353/forge/src/dispatcher/posix.c:62 140666362619648: single write -1 of expected 524288
14:23:36 ERROR /home/bsc03/bsc03353/forge/src/dispatcher/posix.c:61 140374394832640: r->filehandle = 55, r->size = 524288, r->offset = 0
14:23:36 ERROR /home/bsc03/bsc03353/forge/src/dispatcher/posix.c:62 140374394832640: single write -1 of expected 524288
14:23:36 ERROR /home/bsc03/bsc03353/forge/src/dispatcher/posix.c:61 139905293686528: r->filehandle = 36, r->size = 524288, r->offset = 0
14:23:36 ERROR /home/bsc03/bsc03353/forge/src/dispatcher/posix.c:62 139905293686528: single write -1 of expected 524288
14:23:38 ERROR /home/bsc03/bsc03353/forge/src/dispatcher/posix.c:61 140389427246848: r->filehandle = 40, r->size = 524288, r->offset = 0
14:23:38 ERROR /home/bsc03/bsc03353/forge/src/dispatcher/posix.c:62 140389427246848: single write -1 of expected 524288
14:23:38 ERROR /home/bsc03/bsc03353/forge/src/dispatcher/posix.c:61 140653477693184: r->filehandle = 54, r->size = 524288, r->offset = 0
14:23:38 ERROR /home/bsc03/bsc03353/forge/src/dispatcher/posix.c:62 140653477693184: single write -1 of expected 524288
14:23:38 ERROR /home/bsc03/bsc03353/forge/src/dispatcher/posix.c:61 140372247344896: r->filehandle = 56, r->size = 524288, r->offset = 524288
14:23:38 ERROR /home/bsc03/bsc03353/forge/src/dispatcher/posix.c:62 140372247344896: single write -1 of expected 524288
14:23:39 ERROR /home/bsc03/bsc03353/forge/src/dispatcher/posix.c:61 140644065011456: r->filehandle = 45, r->size = 524288, r->offset = 0
14:23:39 ERROR /home/bsc03/bsc03353/forge/src/dispatcher/posix.c:62 140644065011456: single write -1 of expected 524288
14:23:39 ERROR /home/bsc03/bsc03353/forge/src/dispatcher/posix.c:61 139791484364544: r->filehandle = 45, r->size = 524288, r->offset = 524288
14:23:39 ERROR /home/bsc03/bsc03353/forge/src/dispatcher/posix.c:62 139791484364544: single write -1 of expected 524288
14:23:40 ERROR /home/bsc03/bsc03353/forge/src/dispatcher/posix.c:61 139785041901312: r->filehandle = 44, r->size = 524288, r->offset = 0
14:23:40 ERROR /home/bsc03/bsc03353/forge/src/dispatcher/posix.c:62 139785041901312: single write -1 of expected 524288
14:23:40 ERROR /home/bsc03/bsc03353/forge/src/dispatcher/posix.c:61 140657772668672: r->filehandle = 48, r->size = 524288, r->offset = 524288
14:23:40 ERROR /home/bsc03/bsc03353/forge/src/dispatcher/posix.c:62 140657772668672: single write -1 of expected 524288
14:23:41 ERROR /home/bsc03/bsc03353/forge/src/dispatcher/posix.c:61 140363657393920: r->filehandle = 44, r->size = 524288, r->offset = 0
14:23:41 ERROR /home/bsc03/bsc03353/forge/src/dispatcher/posix.c:62 140363657393920: single write -1 of expected 524288
14:23:42 ERROR /home/bsc03/bsc03353/forge/src/dispatcher/posix.c:61 140035690510080: r->filehandle = 46, r->size = 524288, r->offset = 0
14:23:42 ERROR /home/bsc03/bsc03353/forge/src/dispatcher/posix.c:62 140035690510080: single write -1 of expected 524288
14:23:43 ERROR /home/bsc03/bsc03353/forge/src/dispatcher/posix.c:61 140012065490688: r->filehandle = 43, r->size = 524288, r->offset = 524288
14:23:43 ERROR /home/bsc03/bsc03353/forge/src/dispatcher/posix.c:62 140012065490688: single write -1 of expected 524288
14:23:44 ERROR /home/bsc03/bsc03353/forge/src/dispatcher/posix.c:61 140003475539712: r->filehandle = 53, r->size = 524288, r->offset = 524288
14:23:44 ERROR /home/bsc03/bsc03353/forge/src/dispatcher/posix.c:62 140003475539712: single write -1 of expected 524288
14:23:44 ERROR /home/bsc03/bsc03353/forge/src/dispatcher/posix.c:61 140655625180928: r->filehandle = 50, r->size = 524288, r->offset = 524288
14:23:44 ERROR /home/bsc03/bsc03353/forge/src/dispatcher/posix.c:62 140655625180928: single write -1 of expected 524288
14:23:45 ERROR /home/bsc03/bsc03353/forge/src/dispatcher/posix.c:61 140378689808128: r->filehandle = 36, r->size = 524288, r->offset = 524288
14:23:45 ERROR /home/bsc03/bsc03353/forge/src/dispatcher/posix.c:61 139892408760064: r->filehandle = 40, r->size = 524288, r->offset = 524288
14:23:45 ERROR /home/bsc03/bsc03353/forge/src/dispatcher/posix.c:62 140378689808128: single write -1 of expected 524288
14:23:45 ERROR /home/bsc03/bsc03353/forge/src/dispatcher/posix.c:62 139892408760064: single write -1 of expected 524288
14:23:46 ERROR /home/bsc03/bsc03353/forge/src/dispatcher/posix.c:61 140631180084992: r->filehandle = 40, r->size = 524288, r->offset = 524288
14:23:46 ERROR /home/bsc03/bsc03353/forge/src/dispatcher/posix.c:62 140631180084992: single write -1 of expected 524288
14:23:47 ERROR /home/bsc03/bsc03353/forge/src/dispatcher/posix.c:61 139802221803264: r->filehandle = 39, r->size = 524288, r->offset = 524288
14:23:47 ERROR /home/bsc03/bsc03353/forge/src/dispatcher/posix.c:62 139802221803264: single write -1 of expected 524288
14:23:47 ERROR /home/bsc03/bsc03353/forge/src/dispatcher/posix.c:61 140644065011456: r->filehandle = 39, r->size = 524288, r->offset = 524288
14:23:47 ERROR /home/bsc03/bsc03353/forge/src/dispatcher/posix.c:61 140016360466176: r->filehandle = 36, r->size = 524288, r->offset = 0
14:23:47 ERROR /home/bsc03/bsc03353/forge/src/dispatcher/posix.c:62 140644065011456: single write -1 of expected 524288
14:23:47 ERROR /home/bsc03/bsc03353/forge/src/dispatcher/posix.c:62 140016360466176: single write -1 of expected 524288
14:23:48 ERROR /home/bsc03/bsc03353/forge/src/dispatcher/posix.c:61 140662067644160: r->filehandle = 37, r->size = 524288, r->offset = 524288
14:23:48 ERROR /home/bsc03/bsc03353/forge/src/dispatcher/posix.c:61 139782894413568: r->filehandle = 37, r->size = 524288, r->offset = 0
14:23:48 ERROR /home/bsc03/bsc03353/forge/src/dispatcher/posix.c:62 140662067644160: single write -1 of expected 524288
14:23:48 ERROR /home/bsc03/bsc03353/forge/src/dispatcher/posix.c:62 139782894413568: single write -1 of expected 524288
14:23:49 ERROR /home/bsc03/bsc03353/forge/src/dispatcher/posix.c:61 140024953071360: r->filehandle = 55, r->size = 524288, r->offset = 524288
14:23:49 ERROR /home/bsc03/bsc03353/forge/src/dispatcher/posix.c:62 140024953071360: single write -1 of expected 524288
14:23:49 ERROR /home/bsc03/bsc03353/forge/src/dispatcher/posix.c:61 139913883637504: r->filehandle = 59, r->size = 524288, r->offset = 524288
14:23:49 ERROR /home/bsc03/bsc03353/forge/src/dispatcher/posix.c:61 140365804881664: r->filehandle = 45, r->size = 524288, r->offset = 524288
14:23:49 ERROR /home/bsc03/bsc03353/forge/src/dispatcher/posix.c:62 139913883637504: single write -1 of expected 524288
14:23:49 ERROR /home/bsc03/bsc03353/forge/src/dispatcher/posix.c:62 140365804881664: single write -1 of expected 524288
14:23:50 ERROR /home/bsc03/bsc03353/forge/src/dispatcher/posix.c:61 140385132271360: r->filehandle = 38, r->size = 524288, r->offset = 0
14:23:50 ERROR /home/bsc03/bsc03353/forge/src/dispatcher/posix.c:62 140385132271360: single write -1 of expected 524288
14:23:50 ERROR /home/bsc03/bsc03353/forge/src/dispatcher/posix.c:61 140654802450176: r->filehandle = 41, r->size = 524288, r->offset = 524288
14:23:50 ERROR /home/bsc03/bsc03353/forge/src/dispatcher/posix.c:62 140654802450176: single write -1 of expected 524288
14:23:50 ERROR /home/bsc03/bsc03353/forge/src/dispatcher/posix.c:61 139808664266496: r->filehandle = 51, r->size = 524288, r->offset = 524288
14:23:50 ERROR /home/bsc03/bsc03353/forge/src/dispatcher/posix.c:62 139808664266496: single write -1 of expected 524288
14:23:51 ERROR /home/bsc03/bsc03353/forge/src/dispatcher/posix.c:61 140674952570624: r->filehandle = 44, r->size = 524288, r->offset = 524288
14:23:51 ERROR /home/bsc03/bsc03353/forge/src/dispatcher/posix.c:61 140678979086080: r->filehandle = 37, r->size = 524288, r->offset = 0
14:23:51 ERROR /home/bsc03/bsc03353/forge/src/dispatcher/posix.c:62 140674952570624: single write -1 of expected 524288
14:23:51 ERROR /home/bsc03/bsc03353/forge/src/dispatcher/posix.c:62 140678979086080: single write -1 of expected 524288
14:23:51 ERROR /home/bsc03/bsc03353/forge/src/dispatcher/posix.c:61 139793631852288: r->filehandle = 59, r->size = 524288, r->offset = 0
14:23:51 ERROR /home/bsc03/bsc03353/forge/src/dispatcher/posix.c:62 139793631852288: single write -1 of expected 524288
14:23:52 ERROR /home/bsc03/bsc03353/forge/src/dispatcher/posix.c:61 140679247546112: r->filehandle = 59, r->size = 524288, r->offset = 524288
14:23:52 ERROR /home/bsc03/bsc03353/forge/src/dispatcher/posix.c:62 140679247546112: single write -1 of expected 524288
14:23:53 ERROR /home/bsc03/bsc03353/forge/src/dispatcher/posix.c:61 140674684110592: r->filehandle = 47, r->size = 524288, r->offset = 0
14:23:53 ERROR /home/bsc03/bsc03353/forge/src/dispatcher/posix.c:62 140674684110592: single write -1 of expected 524288
14:23:53 ERROR /home/bsc03/bsc03353/forge/src/dispatcher/posix.c:61 140666094159616: r->filehandle = 57, r->size = 524288, r->offset = 0
14:23:53 ERROR /home/bsc03/bsc03353/forge/src/dispatcher/posix.c:62 140666094159616: single write -1 of expected 524288
14:23:54 ERROR /home/bsc03/bsc03353/forge/src/dispatcher/posix.c:61 140359362418432: r->filehandle = 43, r->size = 524288, r->offset = 524288
14:23:54 ERROR /home/bsc03/bsc03353/forge/src/dispatcher/posix.c:62 140359362418432: single write -1 of expected 524288
14:23:55 ERROR /home/bsc03/bsc03353/forge/src/dispatcher/posix.c:61 140672805082880: r->filehandle = 49, r->size = 524288, r->offset = 0
14:23:55 ERROR /home/bsc03/bsc03353/forge/src/dispatcher/posix.c:62 140672805082880: single write -1 of expected 524288
14:23:56 ERROR /home/bsc03/bsc03353/forge/src/dispatcher/posix.c:61 139907441174272: r->filehandle = 45, r->size = 524288, r->offset = 0
14:23:56 ERROR /home/bsc03/bsc03353/forge/src/dispatcher/posix.c:62 139907441174272: single write -1 of expected 524288
14:23:56 ERROR /home/bsc03/bsc03353/forge/src/dispatcher/posix.c:61 140382984783616: r->filehandle = 41, r->size = 524288, r->offset = 524288
14:23:56 ERROR /home/bsc03/bsc03353/forge/src/dispatcher/posix.c:62 140382984783616: single write -1 of expected 524288
14:23:56 ERROR /home/bsc03/bsc03353/forge/src/dispatcher/posix.c:61 139797926827776: r->filehandle = 41, r->size = 524288, r->offset = 524288
14:23:56 ERROR /home/bsc03/bsc03353/forge/src/dispatcher/posix.c:62 139797926827776: single write -1 of expected 524288
14:23:58 ERROR /home/bsc03/bsc03353/forge/src/dispatcher/posix.c:61 140639770035968: r->filehandle = 36, r->size = 524288, r->offset = 0
14:23:58 ERROR /home/bsc03/bsc03353/forge/src/dispatcher/posix.c:62 140639770035968: single write -1 of expected 524288
14:23:58 ERROR /home/bsc03/bsc03353/forge/src/dispatcher/posix.c:61 140370099857152: r->filehandle = 46, r->size = 524288, r->offset = 0
14:23:58 ERROR /home/bsc03/bsc03353/forge/src/dispatcher/posix.c:62 140370099857152: single write -1 of expected 524288
14:23:58 ERROR /home/bsc03/bsc03353/forge/src/dispatcher/posix.c:61 140659920156416: r->filehandle = 39, r->size = 524288, r->offset = 0
14:23:58 ERROR /home/bsc03/bsc03353/forge/src/dispatcher/posix.c:62 140659920156416: single write -1 of expected 524288
14:23:59 ERROR /home/bsc03/bsc03353/forge/src/dispatcher/posix.c:61 140668510107392: r->filehandle = 40, r->size = 524288, r->offset = 0
14:23:59 ERROR /home/bsc03/bsc03353/forge/src/dispatcher/posix.c:62 140668510107392: single write -1 of expected 524288
14:23:59 ERROR /home/bsc03/bsc03353/forge/src/dispatcher/posix.c:61 140357214930688: r->filehandle = 50, r->size = 524288, r->offset = 524288
14:23:59 ERROR /home/bsc03/bsc03353/forge/src/dispatcher/posix.c:62 140357214930688: single write -1 of expected 524288
14:23:59 ERROR /home/bsc03/bsc03353/forge/src/dispatcher/posix.c:61 139990590613248: r->filehandle = 44, r->size = 524288, r->offset = 524288
14:23:59 ERROR /home/bsc03/bsc03353/forge/src/dispatcher/posix.c:62 139990590613248: single write -1 of expected 524288
14:23:59 ERROR /home/bsc03/bsc03353/forge/src/dispatcher/posix.c:61 140646212499200: r->filehandle = 44, r->size = 524288, r->offset = 0
14:23:59 ERROR /home/bsc03/bsc03353/forge/src/dispatcher/posix.c:62 140646212499200: single write -1 of expected 524288
14:24:00 ERROR /home/bsc03/bsc03353/forge/src/dispatcher/posix.c:61 140681126573824: r->filehandle = 56, r->size = 524288, r->offset = 0
14:24:00 ERROR /home/bsc03/bsc03353/forge/src/dispatcher/posix.c:62 140681126573824: single write -1 of expected 524288
14:24:00 ERROR /home/bsc03/bsc03353/forge/src/dispatcher/posix.c:61 139812959241984: r->filehandle = 35, r->size = 524288, r->offset = 524288
14:24:00 ERROR /home/bsc03/bsc03353/forge/src/dispatcher/posix.c:62 139812959241984: single write -1 of expected 524288
14:24:01 ERROR /home/bsc03/bsc03353/forge/src/dispatcher/posix.c:61 140376542320384: r->filehandle = 48, r->size = 524288, r->offset = 0
14:24:01 ERROR /home/bsc03/bsc03353/forge/src/dispatcher/posix.c:62 140376542320384: single write -1 of expected 524288
14:24:02 ERROR /home/bsc03/bsc03353/forge/src/dispatcher/posix.c:61 140663946671872: r->filehandle = 48, r->size = 524288, r->offset = 0
14:24:02 ERROR /home/bsc03/bsc03353/forge/src/dispatcher/posix.c:62 140663946671872: single write -1 of expected 524288
14:24:03 ERROR /home/bsc03/bsc03353/forge/src/dispatcher/posix.c:61 140641917523712: r->filehandle = 48, r->size = 524288, r->offset = 0
14:24:03 ERROR /home/bsc03/bsc03353/forge/src/dispatcher/posix.c:62 140641917523712: single write -1 of expected 524288
14:24:03 ERROR /home/bsc03/bsc03353/forge/src/dispatcher/posix.c:61 140626885109504: r->filehandle = 38, r->size = 524288, r->offset = 524288
14:24:03 ERROR /home/bsc03/bsc03353/forge/src/dispatcher/posix.c:62 140626885109504: single write -1 of expected 524288
14:24:03 ERROR /home/bsc03/bsc03353/forge/src/dispatcher/posix.c:61 139992738100992: r->filehandle = 39, r->size = 524288, r->offset = 524288
14:24:03 ERROR /home/bsc03/bsc03353/forge/src/dispatcher/posix.c:62 139992738100992: single write -1 of expected 524288
14:24:04 ERROR /home/bsc03/bsc03353/forge/src/dispatcher/posix.c:61 140005623027456: r->filehandle = 56, r->size = 524288, r->offset = 524288
14:24:04 ERROR /home/bsc03/bsc03353/forge/src/dispatcher/posix.c:62 140005623027456: single write -1 of expected 524288
14:24:04 ERROR /home/bsc03/bsc03353/forge/src/dispatcher/posix.c:61 139789336876800: r->filehandle = 46, r->size = 524288, r->offset = 524288
14:24:04 ERROR /home/bsc03/bsc03353/forge/src/dispatcher/posix.c:61 139896703735552: r->filehandle = 55, r->size = 524288, r->offset = 0
14:24:04 ERROR /home/bsc03/bsc03353/forge/src/dispatcher/posix.c:62 139896703735552: single write -1 of expected 524288
14:24:04 ERROR /home/bsc03/bsc03353/forge/src/dispatcher/posix.c:62 139789336876800: single write -1 of expected 524288
slurmstepd: error: *** JOB 8730385 ON s13r2b16 CANCELLED AT 2020-02-07T14:24:06 DUE TO TIME LIMIT ***
--------------------------------------------------------------------------
ORTE has lost communication with a remote daemon.

  HNP daemon   : [[38863,0],0] on node s13r2b16
  Remote daemon: [[38863,0],3] on node s14r1b68

This is usually due to either a failure of the TCP network
connection to the node, or possibly an internal failure of
the daemon itself. We cannot recover from this failure, and
therefore will terminate the job.
--------------------------------------------------------------------------
