Set GCC compilers as MPI wrappers backend 
remove impi/2017.4 (PATH, MANPATH, LD_LIBRARY_PATH) 
load openmpi/4.0.2_UCX (PATH, MANPATH, LD_LIBRARY_PATH) 
Set GCC compilers as MPI wrappers backend 
load gsl/2.4 (PATH, LD_LIBRARY_PATH, LIBRARY_PATH, MANPATH, INFOPATH,
C_INCLUDE_PATH, CPLUS_INCLUDE_PATH, PKG_CONFIG_PATH, GSL_DIR) 
14:39:52 INFO  /home/bsc03/bsc03353/forge/src/main.c:107 139889256876096: I/O Forwarding Exploration [START]
Will AGIOS generate trace files? NO
Default scheduling algorithm: TO
TWINS window size: 1000000
Will the Prediction Module read information from trace files? NO
File with access time functions: /home/bsc03/bsc03353/forge/agios/access_times.func
AGIOS thinks its user has stripe size of 32768
Will AGIOS generate trace files? NO
Default scheduling algorithm: TO
TWINS window size: 1000000
Will the Prediction Module read information from trace files? NO
File with access time functions: /home/bsc03/bsc03353/forge/agios/access_times.func
AGIOS thinks its user has stripe size of 32768
Will AGIOS generate trace files? NO
Default scheduling algorithm: TO
TWINS window size: 1000000
Will the Prediction Module read information from trace files? NO
File with access time functions: /home/bsc03/bsc03353/forge/agios/access_times.func
AGIOS thinks its user has stripe size of 32768
Will AGIOS generate trace files? NO
Default scheduling algorithm: TO
TWINS window size: 1000000
Will the Prediction Module read information from trace files? NO
File with access time functions: /home/bsc03/bsc03353/forge/agios/access_times.func
AGIOS thinks its user has stripe size of 32768
14:39:55 ERROR /home/bsc03/bsc03353/forge/src/dispatcher/posix.c:61 139658412832512: r->filehandle = 36, r->size = 32768, r->offset = 1343488
14:39:55 ERROR /home/bsc03/bsc03353/forge/src/dispatcher/posix.c:62 139658412832512: single write -1 of expected 32768
14:39:56 ERROR /home/bsc03/bsc03353/forge/src/dispatcher/posix.c:61 139664855295744: r->filehandle = 36, r->size = 32768, r->offset = 1114112
14:39:56 ERROR /home/bsc03/bsc03353/forge/src/dispatcher/posix.c:62 139664855295744: single write -1 of expected 32768
14:39:56 ERROR /home/bsc03/bsc03353/forge/src/dispatcher/posix.c:61 139667002783488: r->filehandle = 36, r->size = 32768, r->offset = 1310720
14:39:56 ERROR /home/bsc03/bsc03353/forge/src/dispatcher/posix.c:62 139667002783488: single write -1 of expected 32768
14:39:57 ERROR /home/bsc03/bsc03353/forge/src/dispatcher/posix.c:61 140352337360640: r->filehandle = 36, r->size = 32768, r->offset = 1703936
14:39:57 ERROR /home/bsc03/bsc03353/forge/src/dispatcher/posix.c:62 140352337360640: single write -1 of expected 32768
14:39:58 ERROR /home/bsc03/bsc03353/forge/src/dispatcher/posix.c:61 140341599921920: r->filehandle = 36, r->size = 32768, r->offset = 1671168
14:39:58 ERROR /home/bsc03/bsc03353/forge/src/dispatcher/posix.c:62 140341599921920: single write -1 of expected 32768
14:39:59 ERROR /home/bsc03/bsc03353/forge/src/dispatcher/posix.c:61 140335157458688: r->filehandle = 36, r->size = 32768, r->offset = 1867776
14:39:59 ERROR /home/bsc03/bsc03353/forge/src/dispatcher/posix.c:62 140335157458688: single write -1 of expected 32768
14:39:59 ERROR /home/bsc03/bsc03353/forge/src/dispatcher/posix.c:61 140326567507712: r->filehandle = 36, r->size = 32768, r->offset = 2064384
14:39:59 ERROR /home/bsc03/bsc03353/forge/src/dispatcher/posix.c:62 140326567507712: single write -1 of expected 32768
14:39:59 ERROR /home/bsc03/bsc03353/forge/src/dispatcher/posix.c:61 140339452434176: r->filehandle = 36, r->size = 32768, r->offset = 2195456
14:39:59 ERROR /home/bsc03/bsc03353/forge/src/dispatcher/posix.c:62 140339452434176: single write -1 of expected 32768
14:40:00 ERROR /home/bsc03/bsc03353/forge/src/dispatcher/posix.c:61 140320125044480: r->filehandle = 36, r->size = 32768, r->offset = 1769472
14:40:00 ERROR /home/bsc03/bsc03353/forge/src/dispatcher/posix.c:62 140320125044480: single write -1 of expected 32768
14:40:02 ERROR /home/bsc03/bsc03353/forge/src/dispatcher/posix.c:61 140322272532224: r->filehandle = 36, r->size = 32768, r->offset = 2129920
14:40:02 ERROR /home/bsc03/bsc03353/forge/src/dispatcher/posix.c:62 140322272532224: single write -1 of expected 32768
14:40:04 ERROR /home/bsc03/bsc03353/forge/src/dispatcher/posix.c:61 140343747409664: r->filehandle = 36, r->size = 32768, r->offset = 1966080
14:40:04 ERROR /home/bsc03/bsc03353/forge/src/dispatcher/posix.c:62 140343747409664: single write -1 of expected 32768
14:40:04 ERROR /home/bsc03/bsc03353/forge/src/dispatcher/posix.c:61 140345894897408: r->filehandle = 36, r->size = 32768, r->offset = 2260992
14:40:04 ERROR /home/bsc03/bsc03353/forge/src/dispatcher/posix.c:62 140345894897408: single write -1 of expected 32768
14:40:05 ERROR /home/bsc03/bsc03353/forge/src/dispatcher/posix.c:61 140348042385152: r->filehandle = 36, r->size = 32768, r->offset = 1638400
14:40:05 ERROR /home/bsc03/bsc03353/forge/src/dispatcher/posix.c:62 140348042385152: single write -1 of expected 32768
14:40:05 ERROR /home/bsc03/bsc03353/forge/src/dispatcher/posix.c:61 140324420019968: r->filehandle = 36, r->size = 32768, r->offset = 2162688
14:40:05 ERROR /home/bsc03/bsc03353/forge/src/dispatcher/posix.c:62 140324420019968: single write -1 of expected 32768
14:40:07 ERROR /home/bsc03/bsc03353/forge/src/dispatcher/posix.c:61 140333009970944: r->filehandle = 36, r->size = 32768, r->offset = 1933312
14:40:07 ERROR /home/bsc03/bsc03353/forge/src/dispatcher/posix.c:62 140333009970944: single write -1 of expected 32768
14:40:07 ERROR /home/bsc03/bsc03353/forge/src/dispatcher/posix.c:61 140328714995456: r->filehandle = 36, r->size = 32768, r->offset = 1802240
14:40:07 ERROR /home/bsc03/bsc03353/forge/src/dispatcher/posix.c:62 140328714995456: single write -1 of expected 32768
14:40:08 ERROR /home/bsc03/bsc03353/forge/src/dispatcher/posix.c:61 140330862483200: r->filehandle = 36, r->size = 32768, r->offset = 2326528
14:40:08 ERROR /home/bsc03/bsc03353/forge/src/dispatcher/posix.c:62 140330862483200: single write -1 of expected 32768
14:40:09 ERROR /home/bsc03/bsc03353/forge/src/dispatcher/posix.c:61 140337304946432: r->filehandle = 36, r->size = 32768, r->offset = 2293760
14:40:09 ERROR /home/bsc03/bsc03353/forge/src/dispatcher/posix.c:62 140337304946432: single write -1 of expected 32768
14:40:09 ERROR /home/bsc03/bsc03353/forge/src/dispatcher/posix.c:61 139849553774336: r->filehandle = 36, r->size = 32768, r->offset = 2818048
14:40:09 ERROR /home/bsc03/bsc03353/forge/src/dispatcher/posix.c:62 139849553774336: single write -1 of expected 32768
14:40:10 ERROR /home/bsc03/bsc03353/forge/src/dispatcher/posix.c:61 139836668847872: r->filehandle = 36, r->size = 32768, r->offset = 2785280
14:40:10 ERROR /home/bsc03/bsc03353/forge/src/dispatcher/posix.c:62 139836668847872: single write -1 of expected 32768
14:40:10 ERROR /home/bsc03/bsc03353/forge/src/dispatcher/posix.c:61 139851701262080: r->filehandle = 36, r->size = 32768, r->offset = 2752512
14:40:10 ERROR /home/bsc03/bsc03353/forge/src/dispatcher/posix.c:62 139851701262080: single write -1 of expected 32768
14:40:12 ERROR /home/bsc03/bsc03353/forge/src/dispatcher/posix.c:61 139828078896896: r->filehandle = 36, r->size = 32768, r->offset = 2981888
14:40:12 ERROR /home/bsc03/bsc03353/forge/src/dispatcher/posix.c:62 139828078896896: single write -1 of expected 32768
14:40:12 ERROR /home/bsc03/bsc03353/forge/src/dispatcher/posix.c:61 139843111311104: r->filehandle = 36, r->size = 32768, r->offset = 2555904
14:40:12 ERROR /home/bsc03/bsc03353/forge/src/dispatcher/posix.c:62 139843111311104: single write -1 of expected 32768
14:40:13 ERROR /home/bsc03/bsc03353/forge/src/dispatcher/posix.c:61 139840963823360: r->filehandle = 36, r->size = 32768, r->offset = 2719744
14:40:13 ERROR /home/bsc03/bsc03353/forge/src/dispatcher/posix.c:62 139840963823360: single write -1 of expected 32768
14:40:13 ERROR /home/bsc03/bsc03353/forge/src/dispatcher/posix.c:61 139845258798848: r->filehandle = 36, r->size = 32768, r->offset = 2949120
14:40:13 ERROR /home/bsc03/bsc03353/forge/src/dispatcher/posix.c:62 139845258798848: single write -1 of expected 32768
14:40:15 ERROR /home/bsc03/bsc03353/forge/src/dispatcher/posix.c:61 139832373872384: r->filehandle = 36, r->size = 32768, r->offset = 2686976
14:40:15 ERROR /home/bsc03/bsc03353/forge/src/dispatcher/posix.c:62 139832373872384: single write -1 of expected 32768
14:40:15 ERROR /home/bsc03/bsc03353/forge/src/dispatcher/posix.c:61 139847406286592: r->filehandle = 36, r->size = 32768, r->offset = 3112960
14:40:15 ERROR /home/bsc03/bsc03353/forge/src/dispatcher/posix.c:62 139847406286592: single write -1 of expected 32768
14:40:16 ERROR /home/bsc03/bsc03353/forge/src/dispatcher/posix.c:61 139853848749824: r->filehandle = 36, r->size = 32768, r->offset = 2654208
14:40:16 ERROR /home/bsc03/bsc03353/forge/src/dispatcher/posix.c:62 139853848749824: single write -1 of expected 32768
14:40:17 ERROR /home/bsc03/bsc03353/forge/src/dispatcher/posix.c:61 139834521360128: r->filehandle = 36, r->size = 32768, r->offset = 2621440
14:40:17 ERROR /home/bsc03/bsc03353/forge/src/dispatcher/posix.c:62 139834521360128: single write -1 of expected 32768
14:40:18 ERROR /home/bsc03/bsc03353/forge/src/dispatcher/posix.c:61 139838816335616: r->filehandle = 36, r->size = 32768, r->offset = 2916352
14:40:18 ERROR /home/bsc03/bsc03353/forge/src/dispatcher/posix.c:62 139838816335616: single write -1 of expected 32768
14:40:20 ERROR /home/bsc03/bsc03353/forge/src/dispatcher/posix.c:61 139830226384640: r->filehandle = 36, r->size = 32768, r->offset = 2883584
14:40:20 ERROR /home/bsc03/bsc03353/forge/src/dispatcher/posix.c:62 139830226384640: single write -1 of expected 32768
14:40:20 ERROR /home/bsc03/bsc03353/forge/src/dispatcher/posix.c:61 139855996237568: r->filehandle = 36, r->size = 32768, r->offset = 2588672
14:40:20 ERROR /home/bsc03/bsc03353/forge/src/dispatcher/posix.c:62 139855996237568: single write -1 of expected 32768
14:40:21 ERROR /home/bsc03/bsc03353/forge/src/dispatcher/posix.c:61 139825931409152: r->filehandle = 36, r->size = 32768, r->offset = 2850816
14:40:21 ERROR /home/bsc03/bsc03353/forge/src/dispatcher/posix.c:62 139825931409152: single write -1 of expected 32768
14:40:22 ERROR /home/bsc03/bsc03353/forge/src/dispatcher/posix.c:61 139879984092928: r->filehandle = 35, r->size = 32768, r->offset = 262144
14:40:22 ERROR /home/bsc03/bsc03353/forge/src/dispatcher/posix.c:62 139879984092928: single write -1 of expected 32768
14:40:22 ERROR /home/bsc03/bsc03353/forge/src/dispatcher/posix.c:61 139877836605184: r->filehandle = 35, r->size = 32768, r->offset = 32768
14:40:22 ERROR /home/bsc03/bsc03353/forge/src/dispatcher/posix.c:62 139877836605184: single write -1 of expected 32768
14:40:23 ERROR /home/bsc03/bsc03353/forge/src/dispatcher/posix.c:61 139869246654208: r->filehandle = 35, r->size = 32768, r->offset = 491520
14:40:23 ERROR /home/bsc03/bsc03353/forge/src/dispatcher/posix.c:62 139869246654208: single write -1 of expected 32768
14:40:24 ERROR /home/bsc03/bsc03353/forge/src/dispatcher/posix.c:61 139852066752256: r->filehandle = 35, r->size = 32768, r->offset = 589824
14:40:24 ERROR /home/bsc03/bsc03353/forge/src/dispatcher/posix.c:62 139852066752256: single write -1 of expected 32768
14:40:25 ERROR /home/bsc03/bsc03353/forge/src/dispatcher/posix.c:61 139864951678720: r->filehandle = 35, r->size = 32768, r->offset = 65536
14:40:25 ERROR /home/bsc03/bsc03353/forge/src/dispatcher/posix.c:62 139864951678720: single write -1 of expected 32768
14:40:25 ERROR /home/bsc03/bsc03353/forge/src/dispatcher/posix.c:61 139873541629696: r->filehandle = 35, r->size = 32768, r->offset = 393216
14:40:25 ERROR /home/bsc03/bsc03353/forge/src/dispatcher/posix.c:62 139873541629696: single write -1 of expected 32768
14:40:26 ERROR /home/bsc03/bsc03353/forge/src/dispatcher/posix.c:61 139871394141952: r->filehandle = 35, r->size = 32768, r->offset = 557056
14:40:26 ERROR /home/bsc03/bsc03353/forge/src/dispatcher/posix.c:62 139871394141952: single write -1 of expected 32768
14:40:27 ERROR /home/bsc03/bsc03353/forge/src/dispatcher/posix.c:61 139860656703232: r->filehandle = 35, r->size = 32768, r->offset = 0
14:40:27 ERROR /home/bsc03/bsc03353/forge/src/dispatcher/posix.c:62 139860656703232: single write -1 of expected 32768
14:40:27 ERROR /home/bsc03/bsc03353/forge/src/dispatcher/posix.c:61 139858509215488: r->filehandle = 35, r->size = 32768, r->offset = 458752
14:40:27 ERROR /home/bsc03/bsc03353/forge/src/dispatcher/posix.c:62 139858509215488: single write -1 of expected 32768
14:40:28 ERROR /home/bsc03/bsc03353/forge/src/dispatcher/posix.c:61 139856361727744: r->filehandle = 35, r->size = 32768, r->offset = 327680
14:40:28 ERROR /home/bsc03/bsc03353/forge/src/dispatcher/posix.c:62 139856361727744: single write -1 of expected 32768
14:40:29 ERROR /home/bsc03/bsc03353/forge/src/dispatcher/posix.c:61 139882131580672: r->filehandle = 35, r->size = 32768, r->offset = 524288
14:40:29 ERROR /home/bsc03/bsc03353/forge/src/dispatcher/posix.c:62 139882131580672: single write -1 of expected 32768
14:40:30 ERROR /home/bsc03/bsc03353/forge/src/dispatcher/posix.c:61 139854214240000: r->filehandle = 35, r->size = 32768, r->offset = 655360
14:40:30 ERROR /home/bsc03/bsc03353/forge/src/dispatcher/posix.c:62 139854214240000: single write -1 of expected 32768
14:40:30 ERROR /home/bsc03/bsc03353/forge/src/dispatcher/posix.c:61 139849919264512: r->filehandle = 35, r->size = 32768, r->offset = 163840
14:40:30 ERROR /home/bsc03/bsc03353/forge/src/dispatcher/posix.c:62 139849919264512: single write -1 of expected 32768
14:40:31 ERROR /home/bsc03/bsc03353/forge/src/dispatcher/posix.c:61 139867099166464: r->filehandle = 35, r->size = 32768, r->offset = 98304
14:40:31 ERROR /home/bsc03/bsc03353/forge/src/dispatcher/posix.c:62 139867099166464: single write -1 of expected 32768
14:40:32 ERROR /home/bsc03/bsc03353/forge/src/dispatcher/posix.c:61 139862804190976: r->filehandle = 35, r->size = 32768, r->offset = 688128
14:40:32 ERROR /home/bsc03/bsc03353/forge/src/dispatcher/posix.c:62 139862804190976: single write -1 of expected 32768
14:40:32 ERROR /home/bsc03/bsc03353/forge/src/dispatcher/posix.c:61 139875689117440: r->filehandle = 35, r->size = 32768, r->offset = 360448
14:40:32 ERROR /home/bsc03/bsc03353/forge/src/dispatcher/posix.c:62 139875689117440: single write -1 of expected 32768
14:40:33 ERROR /home/bsc03/bsc03353/forge/src/dispatcher/posix.c:61 139645527906048: r->filehandle = 36, r->size = 32768, r->offset = 917504
14:40:33 ERROR /home/bsc03/bsc03353/forge/src/dispatcher/posix.c:62 139645527906048: single write -1 of expected 32768
14:40:33 ERROR /home/bsc03/bsc03353/forge/src/dispatcher/posix.c:61 140339452434176: r->filehandle = 36, r->size = 32768, r->offset = 2228224
14:40:33 ERROR /home/bsc03/bsc03353/forge/src/dispatcher/posix.c:62 140339452434176: single write -1 of expected 32768
14:40:34 ERROR /home/bsc03/bsc03353/forge/src/dispatcher/posix.c:61 140320125044480: r->filehandle = 36, r->size = 32768, r->offset = 4915200
14:40:34 ERROR /home/bsc03/bsc03353/forge/src/dispatcher/posix.c:62 140320125044480: single write -1 of expected 32768
14:40:35 ERROR /home/bsc03/bsc03353/forge/src/dispatcher/posix.c:61 140335157458688: r->filehandle = 36, r->size = 32768, r->offset = 5013504
14:40:35 ERROR /home/bsc03/bsc03353/forge/src/dispatcher/posix.c:62 140335157458688: single write -1 of expected 32768
14:40:35 ERROR /home/bsc03/bsc03353/forge/src/dispatcher/posix.c:61 140324420019968: r->filehandle = 36, r->size = 32768, r->offset = 1900544
14:40:35 ERROR /home/bsc03/bsc03353/forge/src/dispatcher/posix.c:62 140324420019968: single write -1 of expected 32768
14:40:36 ERROR /home/bsc03/bsc03353/forge/src/dispatcher/posix.c:61 140333009970944: r->filehandle = 36, r->size = 32768, r->offset = 5079040
14:40:36 ERROR /home/bsc03/bsc03353/forge/src/dispatcher/posix.c:62 140333009970944: single write -1 of expected 32768
14:40:37 ERROR /home/bsc03/bsc03353/forge/src/dispatcher/posix.c:61 140326567507712: r->filehandle = 36, r->size = 32768, r->offset = 5210112
14:40:37 ERROR /home/bsc03/bsc03353/forge/src/dispatcher/posix.c:62 140326567507712: single write -1 of expected 32768
14:40:37 ERROR /home/bsc03/bsc03353/forge/src/dispatcher/posix.c:61 140352337360640: r->filehandle = 36, r->size = 32768, r->offset = 2031616
14:40:37 ERROR /home/bsc03/bsc03353/forge/src/dispatcher/posix.c:62 140352337360640: single write -1 of expected 32768
14:40:38 ERROR /home/bsc03/bsc03353/forge/src/dispatcher/posix.c:61 140348042385152: r->filehandle = 36, r->size = 32768, r->offset = 4784128
14:40:38 ERROR /home/bsc03/bsc03353/forge/src/dispatcher/posix.c:62 140348042385152: single write -1 of expected 32768
14:40:39 ERROR /home/bsc03/bsc03353/forge/src/dispatcher/posix.c:61 140345894897408: r->filehandle = 36, r->size = 32768, r->offset = 5406720
14:40:39 ERROR /home/bsc03/bsc03353/forge/src/dispatcher/posix.c:62 140345894897408: single write -1 of expected 32768
14:40:39 ERROR /home/bsc03/bsc03353/forge/src/dispatcher/posix.c:61 140337304946432: r->filehandle = 36, r->size = 32768, r->offset = 5439488
14:40:39 ERROR /home/bsc03/bsc03353/forge/src/dispatcher/posix.c:62 140337304946432: single write -1 of expected 32768
14:40:39 ERROR /home/bsc03/bsc03353/forge/src/dispatcher/posix.c:61 140341599921920: r->filehandle = 36, r->size = 32768, r->offset = 4816896
14:40:39 ERROR /home/bsc03/bsc03353/forge/src/dispatcher/posix.c:62 140341599921920: single write -1 of expected 32768
14:40:40 ERROR /home/bsc03/bsc03353/forge/src/dispatcher/posix.c:61 140343747409664: r->filehandle = 36, r->size = 32768, r->offset = 5111808
14:40:40 ERROR /home/bsc03/bsc03353/forge/src/dispatcher/posix.c:62 140343747409664: single write -1 of expected 32768
14:40:40 ERROR /home/bsc03/bsc03353/forge/src/dispatcher/posix.c:61 140328714995456: r->filehandle = 36, r->size = 32768, r->offset = 4947968
14:40:40 ERROR /home/bsc03/bsc03353/forge/src/dispatcher/posix.c:62 140328714995456: single write -1 of expected 32768
14:40:40 ERROR /home/bsc03/bsc03353/forge/src/dispatcher/posix.c:61 140322272532224: r->filehandle = 36, r->size = 32768, r->offset = 5275648
14:40:40 ERROR /home/bsc03/bsc03353/forge/src/dispatcher/posix.c:62 140322272532224: single write -1 of expected 32768
14:40:41 ERROR /home/bsc03/bsc03353/forge/src/dispatcher/posix.c:61 140330862483200: r->filehandle = 36, r->size = 32768, r->offset = 5472256
14:40:41 ERROR /home/bsc03/bsc03353/forge/src/dispatcher/posix.c:62 140330862483200: single write -1 of expected 32768
14:40:42 ERROR /home/bsc03/bsc03353/forge/src/dispatcher/posix.c:61 139843111311104: r->filehandle = 36, r->size = 32768, r->offset = 5701632
14:40:42 ERROR /home/bsc03/bsc03353/forge/src/dispatcher/posix.c:62 139843111311104: single write -1 of expected 32768
14:40:43 ERROR /home/bsc03/bsc03353/forge/src/dispatcher/posix.c:61 139838816335616: r->filehandle = 36, r->size = 32768, r->offset = 3014656
14:40:43 ERROR /home/bsc03/bsc03353/forge/src/dispatcher/posix.c:62 139838816335616: single write -1 of expected 32768
14:40:44 ERROR /home/bsc03/bsc03353/forge/src/dispatcher/posix.c:61 139851701262080: r->filehandle = 36, r->size = 32768, r->offset = 2359296
14:40:44 ERROR /home/bsc03/bsc03353/forge/src/dispatcher/posix.c:62 139851701262080: single write -1 of expected 32768
14:40:45 ERROR /home/bsc03/bsc03353/forge/src/dispatcher/posix.c:61 139836668847872: r->filehandle = 36, r->size = 32768, r->offset = 5734400
14:40:45 ERROR /home/bsc03/bsc03353/forge/src/dispatcher/posix.c:62 139836668847872: single write -1 of expected 32768
14:40:45 ERROR /home/bsc03/bsc03353/forge/src/dispatcher/posix.c:61 139828078896896: r->filehandle = 36, r->size = 32768, r->offset = 2457600
14:40:45 ERROR /home/bsc03/bsc03353/forge/src/dispatcher/posix.c:62 139828078896896: single write -1 of expected 32768
14:40:46 ERROR /home/bsc03/bsc03353/forge/src/dispatcher/posix.c:61 139849553774336: r->filehandle = 36, r->size = 32768, r->offset = 5931008
14:40:46 ERROR /home/bsc03/bsc03353/forge/src/dispatcher/posix.c:62 139849553774336: single write -1 of expected 32768
14:40:47 ERROR /home/bsc03/bsc03353/forge/src/dispatcher/posix.c:61 139834521360128: r->filehandle = 36, r->size = 32768, r->offset = 5767168
14:40:47 ERROR /home/bsc03/bsc03353/forge/src/dispatcher/posix.c:62 139834521360128: single write -1 of expected 32768
14:40:47 ERROR /home/bsc03/bsc03353/forge/src/dispatcher/posix.c:61 139847406286592: r->filehandle = 36, r->size = 32768, r->offset = 2523136
14:40:47 ERROR /home/bsc03/bsc03353/forge/src/dispatcher/posix.c:62 139847406286592: single write -1 of expected 32768
14:40:47 ERROR /home/bsc03/bsc03353/forge/src/dispatcher/posix.c:61 139840963823360: r->filehandle = 36, r->size = 32768, r->offset = 5865472
14:40:47 ERROR /home/bsc03/bsc03353/forge/src/dispatcher/posix.c:62 139840963823360: single write -1 of expected 32768
14:40:48 ERROR /home/bsc03/bsc03353/forge/src/dispatcher/posix.c:61 139853848749824: r->filehandle = 36, r->size = 32768, r->offset = 5799936
14:40:48 ERROR /home/bsc03/bsc03353/forge/src/dispatcher/posix.c:62 139853848749824: single write -1 of expected 32768
14:40:48 ERROR /home/bsc03/bsc03353/forge/src/dispatcher/posix.c:61 139832373872384: r->filehandle = 36, r->size = 32768, r->offset = 5832704
14:40:48 ERROR /home/bsc03/bsc03353/forge/src/dispatcher/posix.c:62 139832373872384: single write -1 of expected 32768
14:40:49 ERROR /home/bsc03/bsc03353/forge/src/dispatcher/posix.c:61 139845258798848: r->filehandle = 36, r->size = 32768, r->offset = 6094848
14:40:49 ERROR /home/bsc03/bsc03353/forge/src/dispatcher/posix.c:62 139845258798848: single write -1 of expected 32768
14:40:50 ERROR /home/bsc03/bsc03353/forge/src/dispatcher/posix.c:61 139858143725312: r->filehandle = 36, r->size = 32768, r->offset = 5963776
14:40:50 ERROR /home/bsc03/bsc03353/forge/src/dispatcher/posix.c:62 139858143725312: single write -1 of expected 32768
14:40:51 ERROR /home/bsc03/bsc03353/forge/src/dispatcher/posix.c:61 139830226384640: r->filehandle = 36, r->size = 32768, r->offset = 6029312
14:40:51 ERROR /home/bsc03/bsc03353/forge/src/dispatcher/posix.c:62 139830226384640: single write -1 of expected 32768
14:40:51 ERROR /home/bsc03/bsc03353/forge/src/dispatcher/posix.c:61 139855996237568: r->filehandle = 36, r->size = 32768, r->offset = 5996544
14:40:51 ERROR /home/bsc03/bsc03353/forge/src/dispatcher/posix.c:62 139855996237568: single write -1 of expected 32768
14:40:51 ERROR /home/bsc03/bsc03353/forge/src/dispatcher/posix.c:61 139869246654208: r->filehandle = 35, r->size = 32768, r->offset = 425984
14:40:51 ERROR /home/bsc03/bsc03353/forge/src/dispatcher/posix.c:62 139869246654208: single write -1 of expected 32768
14:40:52 ERROR /home/bsc03/bsc03353/forge/src/dispatcher/posix.c:61 139856361727744: r->filehandle = 35, r->size = 32768, r->offset = 3538944
14:40:52 ERROR /home/bsc03/bsc03353/forge/src/dispatcher/posix.c:62 139856361727744: single write -1 of expected 32768
14:40:53 ERROR /home/bsc03/bsc03353/forge/src/dispatcher/posix.c:61 139867099166464: r->filehandle = 35, r->size = 32768, r->offset = 3670016
14:40:53 ERROR /home/bsc03/bsc03353/forge/src/dispatcher/posix.c:62 139867099166464: single write -1 of expected 32768
14:40:54 ERROR /home/bsc03/bsc03353/forge/src/dispatcher/posix.c:61 139860656703232: r->filehandle = 35, r->size = 32768, r->offset = 3702784
14:40:54 ERROR /home/bsc03/bsc03353/forge/src/dispatcher/posix.c:62 139860656703232: single write -1 of expected 32768
14:40:54 ERROR /home/bsc03/bsc03353/forge/src/dispatcher/posix.c:61 139852066752256: r->filehandle = 35, r->size = 32768, r->offset = 622592
14:40:54 ERROR /home/bsc03/bsc03353/forge/src/dispatcher/posix.c:62 139852066752256: single write -1 of expected 32768
14:40:55 ERROR /home/bsc03/bsc03353/forge/src/dispatcher/posix.c:61 139858509215488: r->filehandle = 35, r->size = 32768, r->offset = 3407872
14:40:55 ERROR /home/bsc03/bsc03353/forge/src/dispatcher/posix.c:62 139858509215488: single write -1 of expected 32768
14:40:55 ERROR /home/bsc03/bsc03353/forge/src/dispatcher/posix.c:61 139875689117440: r->filehandle = 35, r->size = 32768, r->offset = 3473408
14:40:55 ERROR /home/bsc03/bsc03353/forge/src/dispatcher/posix.c:62 139875689117440: single write -1 of expected 32768
14:40:56 ERROR /home/bsc03/bsc03353/forge/src/dispatcher/posix.c:61 139873541629696: r->filehandle = 35, r->size = 32768, r->offset = 753664
14:40:56 ERROR /home/bsc03/bsc03353/forge/src/dispatcher/posix.c:62 139873541629696: single write -1 of expected 32768
14:40:56 ERROR /home/bsc03/bsc03353/forge/src/dispatcher/posix.c:61 139849919264512: r->filehandle = 35, r->size = 32768, r->offset = 3145728
14:40:56 ERROR /home/bsc03/bsc03353/forge/src/dispatcher/posix.c:62 139849919264512: single write -1 of expected 32768
14:40:56 ERROR /home/bsc03/bsc03353/forge/src/dispatcher/posix.c:61 139879984092928: r->filehandle = 35, r->size = 32768, r->offset = 131072
14:40:56 ERROR /home/bsc03/bsc03353/forge/src/dispatcher/posix.c:62 139879984092928: single write -1 of expected 32768
14:40:57 ERROR /home/bsc03/bsc03353/forge/src/dispatcher/posix.c:61 139882131580672: r->filehandle = 35, r->size = 32768, r->offset = 3637248
14:40:57 ERROR /home/bsc03/bsc03353/forge/src/dispatcher/posix.c:62 139882131580672: single write -1 of expected 32768
14:40:57 ERROR /home/bsc03/bsc03353/forge/src/dispatcher/posix.c:61 139877836605184: r->filehandle = 35, r->size = 32768, r->offset = 720896
14:40:57 ERROR /home/bsc03/bsc03353/forge/src/dispatcher/posix.c:62 139877836605184: single write -1 of expected 32768
14:40:58 ERROR /home/bsc03/bsc03353/forge/src/dispatcher/posix.c:61 139871394141952: r->filehandle = 35, r->size = 32768, r->offset = 3735552
14:40:58 ERROR /home/bsc03/bsc03353/forge/src/dispatcher/posix.c:62 139871394141952: single write -1 of expected 32768
14:40:58 ERROR /home/bsc03/bsc03353/forge/src/dispatcher/posix.c:61 139862804190976: r->filehandle = 35, r->size = 32768, r->offset = 3604480
14:40:58 ERROR /home/bsc03/bsc03353/forge/src/dispatcher/posix.c:62 139862804190976: single write -1 of expected 32768
14:40:59 ERROR /home/bsc03/bsc03353/forge/src/dispatcher/posix.c:61 139854214240000: r->filehandle = 35, r->size = 32768, r->offset = 3801088
14:40:59 ERROR /home/bsc03/bsc03353/forge/src/dispatcher/posix.c:62 139854214240000: single write -1 of expected 32768
14:40:59 ERROR /home/bsc03/bsc03353/forge/src/dispatcher/posix.c:61 139864951678720: r->filehandle = 35, r->size = 32768, r->offset = 294912
14:40:59 ERROR /home/bsc03/bsc03353/forge/src/dispatcher/posix.c:62 139864951678720: single write -1 of expected 32768
14:41:00 ERROR /home/bsc03/bsc03353/forge/src/dispatcher/posix.c:61 139647675393792: r->filehandle = 36, r->size = 32768, r->offset = 1474560
14:41:00 ERROR /home/bsc03/bsc03353/forge/src/dispatcher/posix.c:62 139647675393792: single write -1 of expected 32768
14:41:00 ERROR /home/bsc03/bsc03353/forge/src/dispatcher/posix.c:61 140339452434176: r->filehandle = 36, r->size = 32768, r->offset = 1835008
14:41:00 ERROR /home/bsc03/bsc03353/forge/src/dispatcher/posix.c:62 140339452434176: single write -1 of expected 32768
14:41:01 ERROR /home/bsc03/bsc03353/forge/src/dispatcher/posix.c:61 140348042385152: r->filehandle = 36, r->size = 32768, r->offset = 7929856
14:41:01 ERROR /home/bsc03/bsc03353/forge/src/dispatcher/posix.c:62 140348042385152: single write -1 of expected 32768
14:41:01 ERROR /home/bsc03/bsc03353/forge/src/dispatcher/posix.c:61 140320125044480: r->filehandle = 36, r->size = 32768, r->offset = 8060928
14:41:01 ERROR /home/bsc03/bsc03353/forge/src/dispatcher/posix.c:62 140320125044480: single write -1 of expected 32768
14:41:01 ERROR /home/bsc03/bsc03353/forge/src/dispatcher/posix.c:61 140326567507712: r->filehandle = 36, r->size = 32768, r->offset = 8355840
14:41:01 ERROR /home/bsc03/bsc03353/forge/src/dispatcher/posix.c:62 140326567507712: single write -1 of expected 32768
14:41:02 ERROR /home/bsc03/bsc03353/forge/src/dispatcher/posix.c:61 140324420019968: r->filehandle = 36, r->size = 32768, r->offset = 2097152
14:41:02 ERROR /home/bsc03/bsc03353/forge/src/dispatcher/posix.c:62 140324420019968: single write -1 of expected 32768
14:41:02 ERROR /home/bsc03/bsc03353/forge/src/dispatcher/posix.c:61 140341599921920: r->filehandle = 36, r->size = 32768, r->offset = 7962624
14:41:02 ERROR /home/bsc03/bsc03353/forge/src/dispatcher/posix.c:62 140341599921920: single write -1 of expected 32768
14:41:03 ERROR /home/bsc03/bsc03353/forge/src/dispatcher/posix.c:61 140352337360640: r->filehandle = 36, r->size = 32768, r->offset = 1605632
14:41:03 ERROR /home/bsc03/bsc03353/forge/src/dispatcher/posix.c:62 140352337360640: single write -1 of expected 32768
14:41:03 ERROR /home/bsc03/bsc03353/forge/src/dispatcher/posix.c:61 140328714995456: r->filehandle = 36, r->size = 32768, r->offset = 8421376
14:41:03 ERROR /home/bsc03/bsc03353/forge/src/dispatcher/posix.c:62 140328714995456: single write -1 of expected 32768
14:41:04 ERROR /home/bsc03/bsc03353/forge/src/dispatcher/posix.c:61 140337304946432: r->filehandle = 36, r->size = 32768, r->offset = 8585216
14:41:04 ERROR /home/bsc03/bsc03353/forge/src/dispatcher/posix.c:62 140337304946432: single write -1 of expected 32768
14:41:04 ERROR /home/bsc03/bsc03353/forge/src/dispatcher/posix.c:61 140343747409664: r->filehandle = 36, r->size = 32768, r->offset = 8257536
14:41:04 ERROR /home/bsc03/bsc03353/forge/src/dispatcher/posix.c:62 140343747409664: single write -1 of expected 32768
14:41:05 ERROR /home/bsc03/bsc03353/forge/src/dispatcher/posix.c:61 140333009970944: r->filehandle = 36, r->size = 32768, r->offset = 8093696
14:41:05 ERROR /home/bsc03/bsc03353/forge/src/dispatcher/posix.c:62 140333009970944: single write -1 of expected 32768
14:41:06 ERROR /home/bsc03/bsc03353/forge/src/dispatcher/posix.c:61 140322272532224: r->filehandle = 36, r->size = 32768, r->offset = 8617984
14:41:06 ERROR /home/bsc03/bsc03353/forge/src/dispatcher/posix.c:62 140322272532224: single write -1 of expected 32768
14:41:06 ERROR /home/bsc03/bsc03353/forge/src/dispatcher/posix.c:61 140345894897408: r->filehandle = 36, r->size = 32768, r->offset = 8552448
14:41:06 ERROR /home/bsc03/bsc03353/forge/src/dispatcher/posix.c:62 140345894897408: single write -1 of expected 32768
14:41:07 ERROR /home/bsc03/bsc03353/forge/src/dispatcher/posix.c:61 140335157458688: r->filehandle = 36, r->size = 32768, r->offset = 8224768
14:41:07 ERROR /home/bsc03/bsc03353/forge/src/dispatcher/posix.c:62 140335157458688: single write -1 of expected 32768
14:41:07 ERROR /home/bsc03/bsc03353/forge/src/dispatcher/posix.c:61 140350189872896: r->filehandle = 36, r->size = 32768, r->offset = 8159232
14:41:07 ERROR /home/bsc03/bsc03353/forge/src/dispatcher/posix.c:62 140350189872896: single write -1 of expected 32768
14:41:08 ERROR /home/bsc03/bsc03353/forge/src/dispatcher/posix.c:61 139869246654208: r->filehandle = 35, r->size = 32768, r->offset = 3309568
14:41:08 ERROR /home/bsc03/bsc03353/forge/src/dispatcher/posix.c:62 139869246654208: single write -1 of expected 32768
14:41:08 ERROR /home/bsc03/bsc03353/forge/src/dispatcher/posix.c:61 139856361727744: r->filehandle = 35, r->size = 32768, r->offset = 3244032
14:41:08 ERROR /home/bsc03/bsc03353/forge/src/dispatcher/posix.c:62 139856361727744: single write -1 of expected 32768
14:41:08 ERROR /home/bsc03/bsc03353/forge/src/dispatcher/posix.c:61 139873541629696: r->filehandle = 35, r->size = 32768, r->offset = 196608
14:41:08 ERROR /home/bsc03/bsc03353/forge/src/dispatcher/posix.c:62 139873541629696: single write -1 of expected 32768
14:41:09 ERROR /home/bsc03/bsc03353/forge/src/dispatcher/posix.c:61 139852066752256: r->filehandle = 35, r->size = 32768, r->offset = 3571712
14:41:09 ERROR /home/bsc03/bsc03353/forge/src/dispatcher/posix.c:62 139852066752256: single write -1 of expected 32768
14:41:09 ERROR /home/bsc03/bsc03353/forge/src/dispatcher/posix.c:61 139860656703232: r->filehandle = 35, r->size = 32768, r->offset = 3833856
14:41:09 ERROR /home/bsc03/bsc03353/forge/src/dispatcher/posix.c:62 139860656703232: single write -1 of expected 32768
14:41:10 ERROR /home/bsc03/bsc03353/forge/src/dispatcher/posix.c:61 139867099166464: r->filehandle = 35, r->size = 32768, r->offset = 3506176
14:41:10 ERROR /home/bsc03/bsc03353/forge/src/dispatcher/posix.c:62 139867099166464: single write -1 of expected 32768
14:41:10 ERROR /home/bsc03/bsc03353/forge/src/dispatcher/posix.c:61 139845258798848: r->filehandle = 36, r->size = 32768, r->offset = 9240576
14:41:10 ERROR /home/bsc03/bsc03353/forge/src/dispatcher/posix.c:62 139845258798848: single write -1 of expected 32768
14:41:11 ERROR /home/bsc03/bsc03353/forge/src/dispatcher/posix.c:61 139847406286592: r->filehandle = 36, r->size = 32768, r->offset = 2424832
14:41:11 ERROR /home/bsc03/bsc03353/forge/src/dispatcher/posix.c:62 139847406286592: single write -1 of expected 32768
14:41:11 ERROR /home/bsc03/bsc03353/forge/src/dispatcher/posix.c:61 139830226384640: r->filehandle = 36, r->size = 32768, r->offset = 9175040
14:41:11 ERROR /home/bsc03/bsc03353/forge/src/dispatcher/posix.c:62 139830226384640: single write -1 of expected 32768
14:41:12 ERROR /home/bsc03/bsc03353/forge/src/dispatcher/posix.c:61 139825931409152: r->filehandle = 36, r->size = 32768, r->offset = 8912896
14:41:12 ERROR /home/bsc03/bsc03353/forge/src/dispatcher/posix.c:62 139825931409152: single write -1 of expected 32768
14:41:13 ERROR /home/bsc03/bsc03353/forge/src/dispatcher/posix.c:61 139858143725312: r->filehandle = 36, r->size = 32768, r->offset = 9109504
14:41:13 ERROR /home/bsc03/bsc03353/forge/src/dispatcher/posix.c:62 139858143725312: single write -1 of expected 32768
14:41:13 ERROR /home/bsc03/bsc03353/forge/src/dispatcher/posix.c:61 139853848749824: r->filehandle = 36, r->size = 32768, r->offset = 8978432
14:41:13 ERROR /home/bsc03/bsc03353/forge/src/dispatcher/posix.c:62 139853848749824: single write -1 of expected 32768
14:41:14 ERROR /home/bsc03/bsc03353/forge/src/dispatcher/posix.c:61 139834521360128: r->filehandle = 36, r->size = 32768, r->offset = 9011200
14:41:14 ERROR /home/bsc03/bsc03353/forge/src/dispatcher/posix.c:62 139834521360128: single write -1 of expected 32768
14:41:15 ERROR /home/bsc03/bsc03353/forge/src/dispatcher/posix.c:61 139838816335616: r->filehandle = 36, r->size = 32768, r->offset = 3047424
14:41:15 ERROR /home/bsc03/bsc03353/forge/src/dispatcher/posix.c:62 139838816335616: single write -1 of expected 32768
14:41:16 ERROR /home/bsc03/bsc03353/forge/src/dispatcher/posix.c:61 139836668847872: r->filehandle = 36, r->size = 32768, r->offset = 8880128
14:41:16 ERROR /home/bsc03/bsc03353/forge/src/dispatcher/posix.c:62 139836668847872: single write -1 of expected 32768
14:41:16 ERROR /home/bsc03/bsc03353/forge/src/dispatcher/posix.c:61 139843111311104: r->filehandle = 36, r->size = 32768, r->offset = 8847360
14:41:16 ERROR /home/bsc03/bsc03353/forge/src/dispatcher/posix.c:62 139843111311104: single write -1 of expected 32768
14:41:16 ERROR /home/bsc03/bsc03353/forge/src/dispatcher/posix.c:61 139855996237568: r->filehandle = 36, r->size = 32768, r->offset = 9142272
14:41:16 ERROR /home/bsc03/bsc03353/forge/src/dispatcher/posix.c:62 139855996237568: single write -1 of expected 32768
14:41:17 ERROR /home/bsc03/bsc03353/forge/src/dispatcher/posix.c:61 139840963823360: r->filehandle = 36, r->size = 32768, r->offset = 8945664
14:41:17 ERROR /home/bsc03/bsc03353/forge/src/dispatcher/posix.c:62 139840963823360: single write -1 of expected 32768
14:41:18 ERROR /home/bsc03/bsc03353/forge/src/dispatcher/posix.c:61 139851701262080: r->filehandle = 36, r->size = 32768, r->offset = 3080192
14:41:18 ERROR /home/bsc03/bsc03353/forge/src/dispatcher/posix.c:62 139851701262080: single write -1 of expected 32768
14:41:19 ERROR /home/bsc03/bsc03353/forge/src/dispatcher/posix.c:61 139849553774336: r->filehandle = 36, r->size = 32768, r->offset = 9076736
14:41:19 ERROR /home/bsc03/bsc03353/forge/src/dispatcher/posix.c:62 139849553774336: single write -1 of expected 32768
14:41:19 ERROR /home/bsc03/bsc03353/forge/src/dispatcher/posix.c:61 139828078896896: r->filehandle = 36, r->size = 32768, r->offset = 2392064
14:41:19 ERROR /home/bsc03/bsc03353/forge/src/dispatcher/posix.c:62 139828078896896: single write -1 of expected 32768
14:41:20 ERROR /home/bsc03/bsc03353/forge/src/dispatcher/posix.c:61 139651970369280: r->filehandle = 36, r->size = 32768, r->offset = 983040
14:41:20 ERROR /home/bsc03/bsc03353/forge/src/dispatcher/posix.c:62 139651970369280: single write -1 of expected 32768
14:41:20 ERROR /home/bsc03/bsc03353/forge/src/dispatcher/posix.c:61 139847406286592: r->filehandle = 36, r->size = 32768, r->offset = 2490368
14:41:20 ERROR /home/bsc03/bsc03353/forge/src/dispatcher/posix.c:62 139847406286592: single write -1 of expected 32768
14:41:21 ERROR /home/bsc03/bsc03353/forge/src/dispatcher/posix.c:61 139873541629696: r->filehandle = 35, r->size = 32768, r->offset = 229376
14:41:21 ERROR /home/bsc03/bsc03353/forge/src/dispatcher/posix.c:62 139873541629696: single write -1 of expected 32768
14:41:22 ERROR /home/bsc03/bsc03353/forge/src/dispatcher/posix.c:61 140339452434176: r->filehandle = 36, r->size = 32768, r->offset = 1572864
14:41:22 ERROR /home/bsc03/bsc03353/forge/src/dispatcher/posix.c:62 140339452434176: single write -1 of expected 32768
14:41:22 ERROR /home/bsc03/bsc03353/forge/src/dispatcher/posix.c:61 140324420019968: r->filehandle = 36, r->size = 32768, r->offset = 1998848
14:41:22 ERROR /home/bsc03/bsc03353/forge/src/dispatcher/posix.c:62 140324420019968: single write -1 of expected 32768
14:41:23 ERROR /home/bsc03/bsc03353/forge/src/dispatcher/posix.c:61 139673445246720: r->filehandle = 36, r->size = 32768, r->offset = 1245184
14:41:23 ERROR /home/bsc03/bsc03353/forge/src/dispatcher/posix.c:62 139673445246720: single write -1 of expected 32768
14:41:24 ERROR /home/bsc03/bsc03353/forge/src/dispatcher/posix.c:61 140324420019968: r->filehandle = 36, r->size = 32768, r->offset = 1736704
14:41:24 ERROR /home/bsc03/bsc03353/forge/src/dispatcher/posix.c:62 140324420019968: single write -1 of expected 32768
14:41:24 ERROR /home/bsc03/bsc03353/forge/src/dispatcher/posix.c:61 139677740222208: r->filehandle = 36, r->size = 32768, r->offset = 1048576
14:41:24 ERROR /home/bsc03/bsc03353/forge/src/dispatcher/posix.c:62 139677740222208: single write -1 of expected 32768
14:41:25 ERROR /home/bsc03/bsc03353/forge/src/dispatcher/posix.c:61 139664855295744: r->filehandle = 36, r->size = 32768, r->offset = 4259840
14:41:25 ERROR /home/bsc03/bsc03353/forge/src/dispatcher/posix.c:62 139664855295744: single write -1 of expected 32768
14:41:26 ERROR /home/bsc03/bsc03353/forge/src/dispatcher/posix.c:61 139649822881536: r->filehandle = 36, r->size = 32768, r->offset = 1376256
14:41:26 ERROR /home/bsc03/bsc03353/forge/src/dispatcher/posix.c:62 139649822881536: single write -1 of expected 32768
14:41:26 ERROR /home/bsc03/bsc03353/forge/src/dispatcher/posix.c:61 139654117857024: r->filehandle = 36, r->size = 32768, r->offset = 1540096
14:41:26 ERROR /home/bsc03/bsc03353/forge/src/dispatcher/posix.c:62 139654117857024: single write -1 of expected 32768
14:41:27 ERROR /home/bsc03/bsc03353/forge/src/dispatcher/posix.c:61 139656265344768: r->filehandle = 36, r->size = 32768, r->offset = 851968
14:41:27 ERROR /home/bsc03/bsc03353/forge/src/dispatcher/posix.c:62 139656265344768: single write -1 of expected 32768
14:41:27 ERROR /home/bsc03/bsc03353/forge/src/dispatcher/posix.c:61 139658412832512: r->filehandle = 36, r->size = 32768, r->offset = 950272
14:41:27 ERROR /home/bsc03/bsc03353/forge/src/dispatcher/posix.c:62 139658412832512: single write -1 of expected 32768
14:41:28 ERROR /home/bsc03/bsc03353/forge/src/dispatcher/posix.c:61 139647675393792: r->filehandle = 36, r->size = 32768, r->offset = 1409024
14:41:28 ERROR /home/bsc03/bsc03353/forge/src/dispatcher/posix.c:62 139647675393792: single write -1 of expected 32768
14:41:28 ERROR /home/bsc03/bsc03353/forge/src/dispatcher/posix.c:61 139645527906048: r->filehandle = 36, r->size = 32768, r->offset = 1146880
14:41:28 ERROR /home/bsc03/bsc03353/forge/src/dispatcher/posix.c:62 139645527906048: single write -1 of expected 32768
14:41:29 ERROR /home/bsc03/bsc03353/forge/src/dispatcher/posix.c:61 139654117857024: r->filehandle = 36, r->size = 32768, r->offset = 1179648
14:41:29 ERROR /home/bsc03/bsc03353/forge/src/dispatcher/posix.c:62 139654117857024: single write -1 of expected 32768
14:41:29 ERROR /home/bsc03/bsc03353/forge/src/dispatcher/posix.c:61 139667002783488: r->filehandle = 36, r->size = 32768, r->offset = 4456448
14:41:29 ERROR /home/bsc03/bsc03353/forge/src/dispatcher/posix.c:62 139667002783488: single write -1 of expected 32768
14:41:29 ERROR /home/bsc03/bsc03353/forge/src/dispatcher/posix.c:61 139671297758976: r->filehandle = 36, r->size = 32768, r->offset = 1015808
14:41:29 ERROR /home/bsc03/bsc03353/forge/src/dispatcher/posix.c:62 139671297758976: single write -1 of expected 32768
14:41:30 ERROR /home/bsc03/bsc03353/forge/src/dispatcher/posix.c:61 139660560320256: r->filehandle = 36, r->size = 32768, r->offset = 1081344
14:41:30 ERROR /home/bsc03/bsc03353/forge/src/dispatcher/posix.c:62 139660560320256: single write -1 of expected 32768
14:41:30 ERROR /home/bsc03/bsc03353/forge/src/dispatcher/posix.c:61 139669150271232: r->filehandle = 36, r->size = 32768, r->offset = 1212416
14:41:30 ERROR /home/bsc03/bsc03353/forge/src/dispatcher/posix.c:62 139669150271232: single write -1 of expected 32768
14:41:30 ERROR /home/bsc03/bsc03353/forge/src/dispatcher/posix.c:61 139675592734464: r->filehandle = 36, r->size = 32768, r->offset = 786432
14:41:30 ERROR /home/bsc03/bsc03353/forge/src/dispatcher/posix.c:62 139675592734464: single write -1 of expected 32768
14:41:30 ERROR /home/bsc03/bsc03353/forge/src/dispatcher/posix.c:61 139671297758976: r->filehandle = 36, r->size = 32768, r->offset = 1277952
14:41:30 ERROR /home/bsc03/bsc03353/forge/src/dispatcher/posix.c:62 139671297758976: single write -1 of expected 32768
14:41:31 ERROR /home/bsc03/bsc03353/forge/src/dispatcher/posix.c:61 139658412832512: r->filehandle = 36, r->size = 32768, r->offset = 819200
14:41:31 ERROR /home/bsc03/bsc03353/forge/src/dispatcher/posix.c:62 139658412832512: single write -1 of expected 32768
14:41:31 ERROR /home/bsc03/bsc03353/forge/src/dispatcher/posix.c:61 139662707808000: r->filehandle = 36, r->size = 32768, r->offset = 1507328
14:41:31 ERROR /home/bsc03/bsc03353/forge/src/dispatcher/posix.c:62 139662707808000: single write -1 of expected 32768
14:41:31 ERROR /home/bsc03/bsc03353/forge/src/dispatcher/posix.c:61 139671297758976: r->filehandle = 36, r->size = 32768, r->offset = 1441792
14:41:31 ERROR /home/bsc03/bsc03353/forge/src/dispatcher/posix.c:62 139671297758976: single write -1 of expected 32768
14:41:31 ERROR /home/bsc03/bsc03353/forge/src/dispatcher/posix.c:61 139654117857024: r->filehandle = 36, r->size = 32768, r->offset = 884736
14:41:31 ERROR /home/bsc03/bsc03353/forge/src/dispatcher/posix.c:62 139654117857024: single write -1 of expected 32768
14:41:31 WARN  /home/bsc03/bsc03353/forge/src/main.c:789 140065895602240: hit stone wall at 97.556748 seconds!
AGIOS: stopped for this client. It can already be used by calling agios_init

14:41:31 INFO  /home/bsc03/bsc03353/forge/src/main.c:1158 139889256876096: I/O Forwarding Exploration [COMPLETE]
AGIOS: stopped for this client. It can already be used by calling agios_init

AGIOS: stopped for this client. It can already be used by calling agios_init

AGIOS: stopped for this client. It can already be used by calling agios_init

