Set GCC compilers as MPI wrappers backend 
remove impi/2017.4 (PATH, MANPATH, LD_LIBRARY_PATH) 
load openmpi/4.0.2_UCX (PATH, MANPATH, LD_LIBRARY_PATH) 
Set GCC compilers as MPI wrappers backend 
load gsl/2.4 (PATH, LD_LIBRARY_PATH, LIBRARY_PATH, MANPATH, INFOPATH,
C_INCLUDE_PATH, CPLUS_INCLUDE_PATH, PKG_CONFIG_PATH, GSL_DIR) 
15:10:27 INFO  /home/bsc03/bsc03353/forge/src/main.c:107 140529543465024: I/O Forwarding Exploration [START]
Will AGIOS generate trace files? NO
Default scheduling algorithm: TO
TWINS window size: 1000000
Will the Prediction Module read information from trace files? NO
File with access time functions: /home/bsc03/bsc03353/forge/agios/access_times.func
AGIOS thinks its user has stripe size of 32768
Will AGIOS generate trace files? NO
Default scheduling algorithm: TO
TWINS window size: 1000000
Will the Prediction Module read information from trace files? NO
File with access time functions: /home/bsc03/bsc03353/forge/agios/access_times.func
AGIOS thinks its user has stripe size of 32768
15:10:30 ERROR /home/bsc03/bsc03353/forge/src/dispatcher/posix.c:61 140507425629952: r->filehandle = 35, r->size = 524288, r->offset = 66060288
15:10:30 ERROR /home/bsc03/bsc03353/forge/src/dispatcher/posix.c:62 140507425629952: single write -1 of expected 524288
15:10:31 ERROR /home/bsc03/bsc03353/forge/src/dispatcher/posix.c:61 140492393215744: r->filehandle = 35, r->size = 524288, r->offset = 125829120
15:10:31 ERROR /home/bsc03/bsc03353/forge/src/dispatcher/posix.c:62 140492393215744: single write -1 of expected 524288
15:10:32 ERROR /home/bsc03/bsc03353/forge/src/dispatcher/posix.c:61 140498835678976: r->filehandle = 35, r->size = 524288, r->offset = 127926272
15:10:32 ERROR /home/bsc03/bsc03353/forge/src/dispatcher/posix.c:62 140498835678976: single write -1 of expected 524288
15:10:35 ERROR /home/bsc03/bsc03353/forge/src/dispatcher/posix.c:61 140490245728000: r->filehandle = 35, r->size = 524288, r->offset = 128450560
15:10:35 ERROR /home/bsc03/bsc03353/forge/src/dispatcher/posix.c:62 140490245728000: single write -1 of expected 524288
15:10:36 ERROR /home/bsc03/bsc03353/forge/src/dispatcher/posix.c:61 140562457790208: r->filehandle = 36, r->size = 524288, r->offset = 335544320
15:10:36 ERROR /home/bsc03/bsc03353/forge/src/dispatcher/posix.c:62 140562457790208: single write -1 of expected 524288
15:10:36 ERROR /home/bsc03/bsc03353/forge/src/dispatcher/posix.c:61 140556015326976: r->filehandle = 36, r->size = 524288, r->offset = 346030080
15:10:36 ERROR /home/bsc03/bsc03353/forge/src/dispatcher/posix.c:62 140556015326976: single write -1 of expected 524288
15:10:37 ERROR /home/bsc03/bsc03353/forge/src/dispatcher/posix.c:61 140586080155392: r->filehandle = 36, r->size = 524288, r->offset = 393216000
15:10:37 ERROR /home/bsc03/bsc03353/forge/src/dispatcher/posix.c:62 140586080155392: single write -1 of expected 524288
15:10:41 ERROR /home/bsc03/bsc03353/forge/src/dispatcher/posix.c:61 140522458044160: r->filehandle = 35, r->size = 524288, r->offset = 99614720
15:10:41 ERROR /home/bsc03/bsc03353/forge/src/dispatcher/posix.c:62 140522458044160: single write -1 of expected 524288
15:10:46 ERROR /home/bsc03/bsc03353/forge/src/dispatcher/posix.c:61 140494540703488: r->filehandle = 35, r->size = 524288, r->offset = 15728640
15:10:46 ERROR /home/bsc03/bsc03353/forge/src/dispatcher/posix.c:62 140494540703488: single write -1 of expected 524288
15:10:50 ERROR /home/bsc03/bsc03353/forge/src/dispatcher/posix.c:61 140513868093184: r->filehandle = 35, r->size = 524288, r->offset = 69730304
15:10:50 ERROR /home/bsc03/bsc03353/forge/src/dispatcher/posix.c:62 140513868093184: single write -1 of expected 524288
15:10:51 ERROR /home/bsc03/bsc03353/forge/src/dispatcher/posix.c:61 140503130654464: r->filehandle = 35, r->size = 524288, r->offset = 83886080
15:10:51 ERROR /home/bsc03/bsc03353/forge/src/dispatcher/posix.c:62 140503130654464: single write -1 of expected 524288
15:10:53 ERROR /home/bsc03/bsc03353/forge/src/dispatcher/posix.c:61 140518163068672: r->filehandle = 35, r->size = 524288, r->offset = 47185920
15:10:53 ERROR /home/bsc03/bsc03353/forge/src/dispatcher/posix.c:62 140518163068672: single write -1 of expected 524288
15:10:57 ERROR /home/bsc03/bsc03353/forge/src/dispatcher/posix.c:61 140496688191232: r->filehandle = 35, r->size = 524288, r->offset = 114294784
15:10:57 ERROR /home/bsc03/bsc03353/forge/src/dispatcher/posix.c:62 140496688191232: single write -1 of expected 524288
15:11:01 ERROR /home/bsc03/bsc03353/forge/src/dispatcher/posix.c:61 140516015580928: r->filehandle = 35, r->size = 524288, r->offset = 102760448
15:11:01 ERROR /home/bsc03/bsc03353/forge/src/dispatcher/posix.c:62 140516015580928: single write -1 of expected 524288
15:11:02 ERROR /home/bsc03/bsc03353/forge/src/dispatcher/posix.c:61 140509573117696: r->filehandle = 35, r->size = 524288, r->offset = 11534336
15:11:02 ERROR /home/bsc03/bsc03353/forge/src/dispatcher/posix.c:62 140509573117696: single write -1 of expected 524288
15:11:06 ERROR /home/bsc03/bsc03353/forge/src/dispatcher/posix.c:61 140505278142208: r->filehandle = 35, r->size = 524288, r->offset = 24117248
15:11:06 ERROR /home/bsc03/bsc03353/forge/src/dispatcher/posix.c:62 140505278142208: single write -1 of expected 524288
15:11:08 ERROR /home/bsc03/bsc03353/forge/src/dispatcher/posix.c:61 140511720605440: r->filehandle = 35, r->size = 524288, r->offset = 72351744
15:11:08 ERROR /home/bsc03/bsc03353/forge/src/dispatcher/posix.c:62 140511720605440: single write -1 of expected 524288
15:11:08 ERROR /home/bsc03/bsc03353/forge/src/dispatcher/posix.c:61 140520310556416: r->filehandle = 35, r->size = 524288, r->offset = 84410368
15:11:08 ERROR /home/bsc03/bsc03353/forge/src/dispatcher/posix.c:62 140520310556416: single write -1 of expected 524288
15:11:11 ERROR /home/bsc03/bsc03353/forge/src/dispatcher/posix.c:61 140507425629952: r->filehandle = 35, r->size = 524288, r->offset = 95944704
15:11:11 ERROR /home/bsc03/bsc03353/forge/src/dispatcher/posix.c:62 140507425629952: single write -1 of expected 524288
15:11:12 ERROR /home/bsc03/bsc03353/forge/src/dispatcher/posix.c:61 140500983166720: r->filehandle = 35, r->size = 524288, r->offset = 91226112
15:11:12 ERROR /home/bsc03/bsc03353/forge/src/dispatcher/posix.c:62 140500983166720: single write -1 of expected 524288
15:11:13 ERROR /home/bsc03/bsc03353/forge/src/dispatcher/posix.c:61 140492393215744: r->filehandle = 35, r->size = 524288, r->offset = 168296448
15:11:13 ERROR /home/bsc03/bsc03353/forge/src/dispatcher/posix.c:62 140492393215744: single write -1 of expected 524288
15:11:15 ERROR /home/bsc03/bsc03353/forge/src/dispatcher/posix.c:61 140490245728000: r->filehandle = 35, r->size = 524288, r->offset = 177733632
15:11:15 ERROR /home/bsc03/bsc03353/forge/src/dispatcher/posix.c:62 140490245728000: single write -1 of expected 524288
15:11:15 ERROR /home/bsc03/bsc03353/forge/src/dispatcher/posix.c:61 140573195228928: r->filehandle = 36, r->size = 524288, r->offset = 343932928
15:11:15 ERROR /home/bsc03/bsc03353/forge/src/dispatcher/posix.c:62 140573195228928: single write -1 of expected 524288
15:11:16 ERROR /home/bsc03/bsc03353/forge/src/dispatcher/posix.c:61 140498835678976: r->filehandle = 35, r->size = 524288, r->offset = 62390272
15:11:16 ERROR /home/bsc03/bsc03353/forge/src/dispatcher/posix.c:62 140498835678976: single write -1 of expected 524288
15:11:18 ERROR /home/bsc03/bsc03353/forge/src/dispatcher/posix.c:61 140520310556416: r->filehandle = 35, r->size = 524288, r->offset = 192413696
15:11:18 ERROR /home/bsc03/bsc03353/forge/src/dispatcher/posix.c:62 140520310556416: single write -1 of expected 524288
15:11:20 ERROR /home/bsc03/bsc03353/forge/src/dispatcher/posix.c:61 140577490204416: r->filehandle = 36, r->size = 524288, r->offset = 401604608
15:11:20 ERROR /home/bsc03/bsc03353/forge/src/dispatcher/posix.c:62 140577490204416: single write -1 of expected 524288
15:11:23 ERROR /home/bsc03/bsc03353/forge/src/dispatcher/posix.c:61 140581785179904: r->filehandle = 36, r->size = 524288, r->offset = 332398592
15:11:23 ERROR /home/bsc03/bsc03353/forge/src/dispatcher/posix.c:62 140581785179904: single write -1 of expected 524288
15:11:23 ERROR /home/bsc03/bsc03353/forge/src/dispatcher/posix.c:61 140503130654464: r->filehandle = 35, r->size = 524288, r->offset = 61341696
15:11:23 ERROR /home/bsc03/bsc03353/forge/src/dispatcher/posix.c:62 140503130654464: single write -1 of expected 524288
15:11:26 ERROR /home/bsc03/bsc03353/forge/src/dispatcher/posix.c:61 140494540703488: r->filehandle = 35, r->size = 524288, r->offset = 36175872
15:11:26 ERROR /home/bsc03/bsc03353/forge/src/dispatcher/posix.c:62 140494540703488: single write -1 of expected 524288
15:11:27 ERROR /home/bsc03/bsc03353/forge/src/dispatcher/posix.c:61 140513868093184: r->filehandle = 35, r->size = 524288, r->offset = 77594624
15:11:27 ERROR /home/bsc03/bsc03353/forge/src/dispatcher/posix.c:62 140513868093184: single write -1 of expected 524288
15:11:29 ERROR /home/bsc03/bsc03353/forge/src/dispatcher/posix.c:61 140553867839232: r->filehandle = 36, r->size = 524288, r->offset = 327155712
15:11:29 ERROR /home/bsc03/bsc03353/forge/src/dispatcher/posix.c:62 140553867839232: single write -1 of expected 524288
15:11:29 ERROR /home/bsc03/bsc03353/forge/src/dispatcher/posix.c:61 140505278142208: r->filehandle = 35, r->size = 524288, r->offset = 96468992
15:11:29 ERROR /home/bsc03/bsc03353/forge/src/dispatcher/posix.c:62 140505278142208: single write -1 of expected 524288
15:11:32 ERROR /home/bsc03/bsc03353/forge/src/dispatcher/posix.c:61 140562457790208: r->filehandle = 36, r->size = 524288, r->offset = 330301440
15:11:32 ERROR /home/bsc03/bsc03353/forge/src/dispatcher/posix.c:62 140562457790208: single write -1 of expected 524288
15:11:35 ERROR /home/bsc03/bsc03353/forge/src/dispatcher/posix.c:61 140586080155392: r->filehandle = 36, r->size = 524288, r->offset = 330825728
15:11:35 ERROR /home/bsc03/bsc03353/forge/src/dispatcher/posix.c:62 140586080155392: single write -1 of expected 524288
15:11:36 ERROR /home/bsc03/bsc03353/forge/src/dispatcher/posix.c:61 140571047741184: r->filehandle = 36, r->size = 524288, r->offset = 332922880
15:11:36 ERROR /home/bsc03/bsc03353/forge/src/dispatcher/posix.c:62 140571047741184: single write -1 of expected 524288
15:11:37 ERROR /home/bsc03/bsc03353/forge/src/dispatcher/posix.c:61 140577490204416: r->filehandle = 36, r->size = 524288, r->offset = 376438784
15:11:37 ERROR /home/bsc03/bsc03353/forge/src/dispatcher/posix.c:62 140577490204416: single write -1 of expected 524288
15:11:38 ERROR /home/bsc03/bsc03353/forge/src/dispatcher/posix.c:61 140509573117696: r->filehandle = 35, r->size = 524288, r->offset = 162529280
15:11:38 ERROR /home/bsc03/bsc03353/forge/src/dispatcher/posix.c:62 140509573117696: single write -1 of expected 524288
15:11:39 ERROR /home/bsc03/bsc03353/forge/src/dispatcher/posix.c:61 140560310302464: r->filehandle = 36, r->size = 524288, r->offset = 334495744
15:11:39 ERROR /home/bsc03/bsc03353/forge/src/dispatcher/posix.c:62 140560310302464: single write -1 of expected 524288
15:11:41 ERROR /home/bsc03/bsc03353/forge/src/dispatcher/posix.c:61 140500983166720: r->filehandle = 35, r->size = 524288, r->offset = 73400320
15:11:41 ERROR /home/bsc03/bsc03353/forge/src/dispatcher/posix.c:62 140500983166720: single write -1 of expected 524288
15:11:42 ERROR /home/bsc03/bsc03353/forge/src/dispatcher/posix.c:61 140518163068672: r->filehandle = 35, r->size = 524288, r->offset = 61865984
15:11:42 ERROR /home/bsc03/bsc03353/forge/src/dispatcher/posix.c:62 140518163068672: single write -1 of expected 524288
15:11:42 ERROR /home/bsc03/bsc03353/forge/src/dispatcher/posix.c:61 140516015580928: r->filehandle = 35, r->size = 524288, r->offset = 128974848
15:11:42 ERROR /home/bsc03/bsc03353/forge/src/dispatcher/posix.c:62 140516015580928: single write -1 of expected 524288
15:11:43 ERROR /home/bsc03/bsc03353/forge/src/dispatcher/posix.c:61 140586080155392: r->filehandle = 36, r->size = 524288, r->offset = 331350016
15:11:43 ERROR /home/bsc03/bsc03353/forge/src/dispatcher/posix.c:62 140586080155392: single write -1 of expected 524288
15:11:46 ERROR /home/bsc03/bsc03353/forge/src/dispatcher/posix.c:61 140496688191232: r->filehandle = 35, r->size = 524288, r->offset = 58720256
15:11:46 ERROR /home/bsc03/bsc03353/forge/src/dispatcher/posix.c:62 140496688191232: single write -1 of expected 524288
15:11:46 ERROR /home/bsc03/bsc03353/forge/src/dispatcher/posix.c:61 140507425629952: r->filehandle = 35, r->size = 524288, r->offset = 28311552
15:11:46 ERROR /home/bsc03/bsc03353/forge/src/dispatcher/posix.c:62 140507425629952: single write -1 of expected 524288
15:11:49 ERROR /home/bsc03/bsc03353/forge/src/dispatcher/posix.c:61 140513868093184: r->filehandle = 35, r->size = 524288, r->offset = 87031808
15:11:49 ERROR /home/bsc03/bsc03353/forge/src/dispatcher/posix.c:62 140513868093184: single write -1 of expected 524288
15:11:50 ERROR /home/bsc03/bsc03353/forge/src/dispatcher/posix.c:61 140573195228928: r->filehandle = 36, r->size = 524288, r->offset = 348127232
15:11:50 ERROR /home/bsc03/bsc03353/forge/src/dispatcher/posix.c:62 140573195228928: single write -1 of expected 524288
15:11:52 ERROR /home/bsc03/bsc03353/forge/src/dispatcher/posix.c:61 140568900253440: r->filehandle = 36, r->size = 524288, r->offset = 337641472
15:11:52 ERROR /home/bsc03/bsc03353/forge/src/dispatcher/posix.c:62 140568900253440: single write -1 of expected 524288
15:11:53 ERROR /home/bsc03/bsc03353/forge/src/dispatcher/posix.c:61 140522458044160: r->filehandle = 35, r->size = 524288, r->offset = 58195968
15:11:53 ERROR /home/bsc03/bsc03353/forge/src/dispatcher/posix.c:62 140522458044160: single write -1 of expected 524288
15:11:54 ERROR /home/bsc03/bsc03353/forge/src/dispatcher/posix.c:61 140583932667648: r->filehandle = 36, r->size = 524288, r->offset = 233832448
15:11:54 ERROR /home/bsc03/bsc03353/forge/src/dispatcher/posix.c:62 140583932667648: single write -1 of expected 524288
15:11:56 ERROR /home/bsc03/bsc03353/forge/src/dispatcher/posix.c:61 140573195228928: r->filehandle = 36, r->size = 524288, r->offset = 338690048
15:11:56 ERROR /home/bsc03/bsc03353/forge/src/dispatcher/posix.c:62 140573195228928: single write -1 of expected 524288
15:11:57 ERROR /home/bsc03/bsc03353/forge/src/dispatcher/posix.c:61 140500983166720: r->filehandle = 35, r->size = 524288, r->offset = 44040192
15:11:57 ERROR /home/bsc03/bsc03353/forge/src/dispatcher/posix.c:62 140500983166720: single write -1 of expected 524288
15:11:59 ERROR /home/bsc03/bsc03353/forge/src/dispatcher/posix.c:61 140509573117696: r->filehandle = 35, r->size = 524288, r->offset = 13631488
15:11:59 ERROR /home/bsc03/bsc03353/forge/src/dispatcher/posix.c:62 140509573117696: single write -1 of expected 524288
15:12:01 ERROR /home/bsc03/bsc03353/forge/src/dispatcher/posix.c:61 140581785179904: r->filehandle = 36, r->size = 524288, r->offset = 325058560
15:12:01 ERROR /home/bsc03/bsc03353/forge/src/dispatcher/posix.c:62 140581785179904: single write -1 of expected 524288
15:12:02 ERROR /home/bsc03/bsc03353/forge/src/dispatcher/posix.c:61 140494540703488: r->filehandle = 35, r->size = 524288, r->offset = 90177536
15:12:02 ERROR /home/bsc03/bsc03353/forge/src/dispatcher/posix.c:62 140494540703488: single write -1 of expected 524288
15:12:04 ERROR /home/bsc03/bsc03353/forge/src/dispatcher/posix.c:61 140511720605440: r->filehandle = 35, r->size = 524288, r->offset = 49283072
15:12:04 ERROR /home/bsc03/bsc03353/forge/src/dispatcher/posix.c:62 140511720605440: single write -1 of expected 524288
15:12:04 ERROR /home/bsc03/bsc03353/forge/src/dispatcher/posix.c:61 140564605277952: r->filehandle = 36, r->size = 524288, r->offset = 326107136
15:12:04 ERROR /home/bsc03/bsc03353/forge/src/dispatcher/posix.c:62 140564605277952: single write -1 of expected 524288
15:12:05 ERROR /home/bsc03/bsc03353/forge/src/dispatcher/posix.c:61 140490245728000: r->filehandle = 35, r->size = 524288, r->offset = 117440512
15:12:05 ERROR /home/bsc03/bsc03353/forge/src/dispatcher/posix.c:62 140490245728000: single write -1 of expected 524288
15:12:07 ERROR /home/bsc03/bsc03353/forge/src/dispatcher/posix.c:61 140566752765696: r->filehandle = 36, r->size = 524288, r->offset = 326631424
15:12:07 ERROR /home/bsc03/bsc03353/forge/src/dispatcher/posix.c:62 140566752765696: single write -1 of expected 524288
15:12:08 ERROR /home/bsc03/bsc03353/forge/src/dispatcher/posix.c:61 140503130654464: r->filehandle = 35, r->size = 524288, r->offset = 59244544
15:12:08 ERROR /home/bsc03/bsc03353/forge/src/dispatcher/posix.c:62 140503130654464: single write -1 of expected 524288
15:12:10 ERROR /home/bsc03/bsc03353/forge/src/dispatcher/posix.c:61 140577490204416: r->filehandle = 36, r->size = 524288, r->offset = 310378496
15:12:10 ERROR /home/bsc03/bsc03353/forge/src/dispatcher/posix.c:62 140577490204416: single write -1 of expected 524288
15:12:10 ERROR /home/bsc03/bsc03353/forge/src/dispatcher/posix.c:61 140573195228928: r->filehandle = 36, r->size = 524288, r->offset = 382730240
15:12:10 ERROR /home/bsc03/bsc03353/forge/src/dispatcher/posix.c:62 140573195228928: single write -1 of expected 524288
15:12:11 ERROR /home/bsc03/bsc03353/forge/src/dispatcher/posix.c:61 140579637692160: r->filehandle = 36, r->size = 524288, r->offset = 337117184
15:12:11 ERROR /home/bsc03/bsc03353/forge/src/dispatcher/posix.c:62 140579637692160: single write -1 of expected 524288
15:12:12 ERROR /home/bsc03/bsc03353/forge/src/dispatcher/posix.c:61 140509573117696: r->filehandle = 35, r->size = 524288, r->offset = 94896128
15:12:12 ERROR /home/bsc03/bsc03353/forge/src/dispatcher/posix.c:62 140509573117696: single write -1 of expected 524288
15:12:19 ERROR /home/bsc03/bsc03353/forge/src/dispatcher/posix.c:61 140575342716672: r->filehandle = 36, r->size = 524288, r->offset = 351272960
15:12:19 ERROR /home/bsc03/bsc03353/forge/src/dispatcher/posix.c:62 140575342716672: single write -1 of expected 524288
15:12:20 ERROR /home/bsc03/bsc03353/forge/src/dispatcher/posix.c:61 140556015326976: r->filehandle = 36, r->size = 524288, r->offset = 368574464
15:12:20 ERROR /home/bsc03/bsc03353/forge/src/dispatcher/posix.c:62 140556015326976: single write -1 of expected 524288
15:12:20 ERROR /home/bsc03/bsc03353/forge/src/dispatcher/posix.c:61 140511720605440: r->filehandle = 35, r->size = 524288, r->offset = 105906176
15:12:20 ERROR /home/bsc03/bsc03353/forge/src/dispatcher/posix.c:62 140511720605440: single write -1 of expected 524288
15:12:20 ERROR /home/bsc03/bsc03353/forge/src/dispatcher/posix.c:61 140583932667648: r->filehandle = 36, r->size = 524288, r->offset = 301465600
15:12:20 ERROR /home/bsc03/bsc03353/forge/src/dispatcher/posix.c:62 140583932667648: single write -1 of expected 524288
15:12:21 ERROR /home/bsc03/bsc03353/forge/src/dispatcher/posix.c:61 140507425629952: r->filehandle = 35, r->size = 524288, r->offset = 193462272
15:12:21 ERROR /home/bsc03/bsc03353/forge/src/dispatcher/posix.c:62 140507425629952: single write -1 of expected 524288
15:12:22 ERROR /home/bsc03/bsc03353/forge/src/dispatcher/posix.c:61 140522458044160: r->filehandle = 35, r->size = 524288, r->offset = 100663296
15:12:22 ERROR /home/bsc03/bsc03353/forge/src/dispatcher/posix.c:62 140522458044160: single write -1 of expected 524288
15:12:23 ERROR /home/bsc03/bsc03353/forge/src/dispatcher/posix.c:61 140498835678976: r->filehandle = 35, r->size = 524288, r->offset = 125304832
15:12:23 ERROR /home/bsc03/bsc03353/forge/src/dispatcher/posix.c:62 140498835678976: single write -1 of expected 524288
15:12:24 ERROR /home/bsc03/bsc03353/forge/src/dispatcher/posix.c:61 140496688191232: r->filehandle = 35, r->size = 524288, r->offset = 148373504
15:12:24 ERROR /home/bsc03/bsc03353/forge/src/dispatcher/posix.c:62 140496688191232: single write -1 of expected 524288
15:12:24 ERROR /home/bsc03/bsc03353/forge/src/dispatcher/posix.c:61 140566752765696: r->filehandle = 36, r->size = 524288, r->offset = 389021696
15:12:24 ERROR /home/bsc03/bsc03353/forge/src/dispatcher/posix.c:62 140566752765696: single write -1 of expected 524288
15:12:25 ERROR /home/bsc03/bsc03353/forge/src/dispatcher/posix.c:61 140581785179904: r->filehandle = 36, r->size = 524288, r->offset = 342884352
15:12:25 ERROR /home/bsc03/bsc03353/forge/src/dispatcher/posix.c:62 140581785179904: single write -1 of expected 524288
15:12:26 ERROR /home/bsc03/bsc03353/forge/src/dispatcher/posix.c:61 140553867839232: r->filehandle = 36, r->size = 524288, r->offset = 365953024
15:12:26 ERROR /home/bsc03/bsc03353/forge/src/dispatcher/posix.c:62 140553867839232: single write -1 of expected 524288
15:12:27 ERROR /home/bsc03/bsc03353/forge/src/dispatcher/posix.c:61 140564605277952: r->filehandle = 36, r->size = 524288, r->offset = 369098752
15:12:27 ERROR /home/bsc03/bsc03353/forge/src/dispatcher/posix.c:62 140564605277952: single write -1 of expected 524288
15:12:28 ERROR /home/bsc03/bsc03353/forge/src/dispatcher/posix.c:61 140579637692160: r->filehandle = 36, r->size = 524288, r->offset = 327680000
15:12:28 ERROR /home/bsc03/bsc03353/forge/src/dispatcher/posix.c:62 140579637692160: single write -1 of expected 524288
15:12:30 ERROR /home/bsc03/bsc03353/forge/src/dispatcher/posix.c:61 140568900253440: r->filehandle = 36, r->size = 524288, r->offset = 324009984
15:12:30 ERROR /home/bsc03/bsc03353/forge/src/dispatcher/posix.c:62 140568900253440: single write -1 of expected 524288
15:12:31 ERROR /home/bsc03/bsc03353/forge/src/dispatcher/posix.c:61 140509573117696: r->filehandle = 35, r->size = 524288, r->offset = 195559424
15:12:31 ERROR /home/bsc03/bsc03353/forge/src/dispatcher/posix.c:62 140509573117696: single write -1 of expected 524288
15:12:33 ERROR /home/bsc03/bsc03353/forge/src/dispatcher/posix.c:61 140518163068672: r->filehandle = 35, r->size = 524288, r->offset = 189792256
15:12:33 ERROR /home/bsc03/bsc03353/forge/src/dispatcher/posix.c:62 140518163068672: single write -1 of expected 524288
15:12:34 ERROR /home/bsc03/bsc03353/forge/src/dispatcher/posix.c:61 140575342716672: r->filehandle = 36, r->size = 524288, r->offset = 377487360
15:12:34 ERROR /home/bsc03/bsc03353/forge/src/dispatcher/posix.c:62 140575342716672: single write -1 of expected 524288
15:12:36 ERROR /home/bsc03/bsc03353/forge/src/dispatcher/posix.c:61 140571047741184: r->filehandle = 36, r->size = 524288, r->offset = 331874304
15:12:36 ERROR /home/bsc03/bsc03353/forge/src/dispatcher/posix.c:62 140571047741184: single write -1 of expected 524288
15:12:37 ERROR /home/bsc03/bsc03353/forge/src/dispatcher/posix.c:61 140577490204416: r->filehandle = 36, r->size = 524288, r->offset = 220200960
15:12:37 ERROR /home/bsc03/bsc03353/forge/src/dispatcher/posix.c:62 140577490204416: single write -1 of expected 524288
15:12:42 ERROR /home/bsc03/bsc03353/forge/src/dispatcher/posix.c:61 140583932667648: r->filehandle = 36, r->size = 524288, r->offset = 218628096
15:12:42 ERROR /home/bsc03/bsc03353/forge/src/dispatcher/posix.c:62 140583932667648: single write -1 of expected 524288
15:12:42 ERROR /home/bsc03/bsc03353/forge/src/dispatcher/posix.c:61 140492393215744: r->filehandle = 35, r->size = 524288, r->offset = 116391936
15:12:42 ERROR /home/bsc03/bsc03353/forge/src/dispatcher/posix.c:62 140492393215744: single write -1 of expected 524288
15:12:44 ERROR /home/bsc03/bsc03353/forge/src/dispatcher/posix.c:61 140558162814720: r->filehandle = 36, r->size = 524288, r->offset = 380633088
15:12:44 ERROR /home/bsc03/bsc03353/forge/src/dispatcher/posix.c:62 140558162814720: single write -1 of expected 524288
15:12:45 ERROR /home/bsc03/bsc03353/forge/src/dispatcher/posix.c:61 140511720605440: r->filehandle = 35, r->size = 524288, r->offset = 79691776
15:12:45 ERROR /home/bsc03/bsc03353/forge/src/dispatcher/posix.c:62 140511720605440: single write -1 of expected 524288
15:12:46 ERROR /home/bsc03/bsc03353/forge/src/dispatcher/posix.c:61 140556015326976: r->filehandle = 36, r->size = 524288, r->offset = 374341632
15:12:46 ERROR /home/bsc03/bsc03353/forge/src/dispatcher/posix.c:62 140556015326976: single write -1 of expected 524288
15:12:47 ERROR /home/bsc03/bsc03353/forge/src/dispatcher/posix.c:61 140522458044160: r->filehandle = 35, r->size = 524288, r->offset = 2621440
15:12:47 ERROR /home/bsc03/bsc03353/forge/src/dispatcher/posix.c:62 140522458044160: single write -1 of expected 524288
15:12:48 ERROR /home/bsc03/bsc03353/forge/src/dispatcher/posix.c:61 140562457790208: r->filehandle = 36, r->size = 524288, r->offset = 363331584
15:12:48 ERROR /home/bsc03/bsc03353/forge/src/dispatcher/posix.c:62 140562457790208: single write -1 of expected 524288
15:12:49 ERROR /home/bsc03/bsc03353/forge/src/dispatcher/posix.c:61 140513868093184: r->filehandle = 35, r->size = 524288, r->offset = 71303168
15:12:49 ERROR /home/bsc03/bsc03353/forge/src/dispatcher/posix.c:62 140513868093184: single write -1 of expected 524288
15:12:49 ERROR /home/bsc03/bsc03353/forge/src/dispatcher/posix.c:61 140509573117696: r->filehandle = 35, r->size = 524288, r->offset = 27262976
15:12:49 ERROR /home/bsc03/bsc03353/forge/src/dispatcher/posix.c:62 140509573117696: single write -1 of expected 524288
15:12:52 ERROR /home/bsc03/bsc03353/forge/src/dispatcher/posix.c:61 140516015580928: r->filehandle = 35, r->size = 524288, r->offset = 181403648
15:12:52 ERROR /home/bsc03/bsc03353/forge/src/dispatcher/posix.c:62 140516015580928: single write -1 of expected 524288
15:12:53 ERROR /home/bsc03/bsc03353/forge/src/dispatcher/posix.c:61 140500983166720: r->filehandle = 35, r->size = 524288, r->offset = 40894464
15:12:53 ERROR /home/bsc03/bsc03353/forge/src/dispatcher/posix.c:62 140500983166720: single write -1 of expected 524288
15:12:56 ERROR /home/bsc03/bsc03353/forge/src/dispatcher/posix.c:61 140518163068672: r->filehandle = 35, r->size = 524288, r->offset = 64487424
15:12:56 ERROR /home/bsc03/bsc03353/forge/src/dispatcher/posix.c:62 140518163068672: single write -1 of expected 524288
15:12:56 ERROR /home/bsc03/bsc03353/forge/src/dispatcher/posix.c:61 140581785179904: r->filehandle = 36, r->size = 524288, r->offset = 347078656
15:12:56 ERROR /home/bsc03/bsc03353/forge/src/dispatcher/posix.c:62 140581785179904: single write -1 of expected 524288
15:12:59 ERROR /home/bsc03/bsc03353/forge/src/dispatcher/posix.c:61 140507425629952: r->filehandle = 35, r->size = 524288, r->offset = 147324928
15:12:59 ERROR /home/bsc03/bsc03353/forge/src/dispatcher/posix.c:62 140507425629952: single write -1 of expected 524288
15:13:01 ERROR /home/bsc03/bsc03353/forge/src/dispatcher/posix.c:61 140509573117696: r->filehandle = 35, r->size = 524288, r->offset = 70254592
15:13:01 ERROR /home/bsc03/bsc03353/forge/src/dispatcher/posix.c:62 140509573117696: single write -1 of expected 524288
15:13:01 ERROR /home/bsc03/bsc03353/forge/src/dispatcher/posix.c:61 140586080155392: r->filehandle = 36, r->size = 524288, r->offset = 253755392
15:13:01 ERROR /home/bsc03/bsc03353/forge/src/dispatcher/posix.c:62 140586080155392: single write -1 of expected 524288
15:13:01 ERROR /home/bsc03/bsc03353/forge/src/dispatcher/posix.c:61 140490245728000: r->filehandle = 35, r->size = 524288, r->offset = 82837504
15:13:01 ERROR /home/bsc03/bsc03353/forge/src/dispatcher/posix.c:62 140490245728000: single write -1 of expected 524288
15:13:02 ERROR /home/bsc03/bsc03353/forge/src/dispatcher/posix.c:61 140494540703488: r->filehandle = 35, r->size = 524288, r->offset = 69206016
15:13:02 ERROR /home/bsc03/bsc03353/forge/src/dispatcher/posix.c:62 140494540703488: single write -1 of expected 524288
15:13:03 ERROR /home/bsc03/bsc03353/forge/src/dispatcher/posix.c:61 140522458044160: r->filehandle = 35, r->size = 524288, r->offset = 109051904
15:13:03 ERROR /home/bsc03/bsc03353/forge/src/dispatcher/posix.c:62 140522458044160: single write -1 of expected 524288
15:13:04 ERROR /home/bsc03/bsc03353/forge/src/dispatcher/posix.c:61 140556015326976: r->filehandle = 36, r->size = 524288, r->offset = 355467264
15:13:04 ERROR /home/bsc03/bsc03353/forge/src/dispatcher/posix.c:62 140556015326976: single write -1 of expected 524288
15:13:04 ERROR /home/bsc03/bsc03353/forge/src/dispatcher/posix.c:61 140579637692160: r->filehandle = 36, r->size = 524288, r->offset = 362807296
15:13:04 ERROR /home/bsc03/bsc03353/forge/src/dispatcher/posix.c:62 140579637692160: single write -1 of expected 524288
15:13:05 ERROR /home/bsc03/bsc03353/forge/src/dispatcher/posix.c:61 140511720605440: r->filehandle = 35, r->size = 524288, r->offset = 133169152
15:13:05 ERROR /home/bsc03/bsc03353/forge/src/dispatcher/posix.c:62 140511720605440: single write -1 of expected 524288
15:13:06 ERROR /home/bsc03/bsc03353/forge/src/dispatcher/posix.c:61 140498835678976: r->filehandle = 35, r->size = 524288, r->offset = 86507520
15:13:06 ERROR /home/bsc03/bsc03353/forge/src/dispatcher/posix.c:62 140498835678976: single write -1 of expected 524288
15:13:06 ERROR /home/bsc03/bsc03353/forge/src/dispatcher/posix.c:61 140496688191232: r->filehandle = 35, r->size = 524288, r->offset = 12582912
15:13:06 ERROR /home/bsc03/bsc03353/forge/src/dispatcher/posix.c:62 140496688191232: single write -1 of expected 524288
15:13:07 ERROR /home/bsc03/bsc03353/forge/src/dispatcher/posix.c:61 140571047741184: r->filehandle = 36, r->size = 524288, r->offset = 329777152
15:13:07 ERROR /home/bsc03/bsc03353/forge/src/dispatcher/posix.c:62 140571047741184: single write -1 of expected 524288
15:13:07 ERROR /home/bsc03/bsc03353/forge/src/dispatcher/posix.c:61 140513868093184: r->filehandle = 35, r->size = 524288, r->offset = 112197632
15:13:07 ERROR /home/bsc03/bsc03353/forge/src/dispatcher/posix.c:62 140513868093184: single write -1 of expected 524288
15:13:07 ERROR /home/bsc03/bsc03353/forge/src/dispatcher/posix.c:61 140494540703488: r->filehandle = 35, r->size = 524288, r->offset = 88604672
15:13:07 ERROR /home/bsc03/bsc03353/forge/src/dispatcher/posix.c:62 140494540703488: single write -1 of expected 524288
15:13:11 ERROR /home/bsc03/bsc03353/forge/src/dispatcher/posix.c:61 140522458044160: r->filehandle = 35, r->size = 524288, r->offset = 65011712
15:13:11 ERROR /home/bsc03/bsc03353/forge/src/dispatcher/posix.c:62 140522458044160: single write -1 of expected 524288
15:13:12 ERROR /home/bsc03/bsc03353/forge/src/dispatcher/posix.c:61 140520310556416: r->filehandle = 35, r->size = 524288, r->offset = 136839168
15:13:12 ERROR /home/bsc03/bsc03353/forge/src/dispatcher/posix.c:62 140520310556416: single write -1 of expected 524288
15:13:14 ERROR /home/bsc03/bsc03353/forge/src/dispatcher/posix.c:61 140518163068672: r->filehandle = 35, r->size = 524288, r->offset = 62914560
15:13:14 ERROR /home/bsc03/bsc03353/forge/src/dispatcher/posix.c:62 140518163068672: single write -1 of expected 524288
15:13:14 ERROR /home/bsc03/bsc03353/forge/src/dispatcher/posix.c:61 140511720605440: r->filehandle = 35, r->size = 524288, r->offset = 23068672
15:13:14 ERROR /home/bsc03/bsc03353/forge/src/dispatcher/posix.c:62 140511720605440: single write -1 of expected 524288
15:13:15 ERROR /home/bsc03/bsc03353/forge/src/dispatcher/posix.c:61 140507425629952: r->filehandle = 35, r->size = 524288, r->offset = 19398656
15:13:15 ERROR /home/bsc03/bsc03353/forge/src/dispatcher/posix.c:62 140507425629952: single write -1 of expected 524288
15:13:16 ERROR /home/bsc03/bsc03353/forge/src/dispatcher/posix.c:61 140500983166720: r->filehandle = 35, r->size = 524288, r->offset = 198705152
15:13:16 ERROR /home/bsc03/bsc03353/forge/src/dispatcher/posix.c:62 140500983166720: single write -1 of expected 524288
15:13:19 ERROR /home/bsc03/bsc03353/forge/src/dispatcher/posix.c:61 140492393215744: r->filehandle = 35, r->size = 524288, r->offset = 120061952
15:13:19 ERROR /home/bsc03/bsc03353/forge/src/dispatcher/posix.c:62 140492393215744: single write -1 of expected 524288
15:13:20 ERROR /home/bsc03/bsc03353/forge/src/dispatcher/posix.c:61 140509573117696: r->filehandle = 35, r->size = 524288, r->offset = 77070336
15:13:20 ERROR /home/bsc03/bsc03353/forge/src/dispatcher/posix.c:62 140509573117696: single write -1 of expected 524288
15:13:21 ERROR /home/bsc03/bsc03353/forge/src/dispatcher/posix.c:61 140496688191232: r->filehandle = 35, r->size = 524288, r->offset = 68681728
15:13:21 ERROR /home/bsc03/bsc03353/forge/src/dispatcher/posix.c:62 140496688191232: single write -1 of expected 524288
15:13:22 ERROR /home/bsc03/bsc03353/forge/src/dispatcher/posix.c:61 140505278142208: r->filehandle = 35, r->size = 524288, r->offset = 83361792
15:13:22 ERROR /home/bsc03/bsc03353/forge/src/dispatcher/posix.c:62 140505278142208: single write -1 of expected 524288
15:13:23 ERROR /home/bsc03/bsc03353/forge/src/dispatcher/posix.c:61 140490245728000: r->filehandle = 35, r->size = 524288, r->offset = 191889408
15:13:23 ERROR /home/bsc03/bsc03353/forge/src/dispatcher/posix.c:62 140490245728000: single write -1 of expected 524288
15:13:25 ERROR /home/bsc03/bsc03353/forge/src/dispatcher/posix.c:61 140503130654464: r->filehandle = 35, r->size = 524288, r->offset = 138936320
15:13:25 ERROR /home/bsc03/bsc03353/forge/src/dispatcher/posix.c:62 140503130654464: single write -1 of expected 524288
15:13:27 ERROR /home/bsc03/bsc03353/forge/src/dispatcher/posix.c:61 140516015580928: r->filehandle = 35, r->size = 524288, r->offset = 524288
15:13:27 ERROR /home/bsc03/bsc03353/forge/src/dispatcher/posix.c:62 140516015580928: single write -1 of expected 524288
15:13:28 ERROR /home/bsc03/bsc03353/forge/src/dispatcher/posix.c:61 140498835678976: r->filehandle = 35, r->size = 524288, r->offset = 197132288
15:13:28 ERROR /home/bsc03/bsc03353/forge/src/dispatcher/posix.c:62 140498835678976: single write -1 of expected 524288
15:13:28 ERROR /home/bsc03/bsc03353/forge/src/dispatcher/posix.c:61 140511720605440: r->filehandle = 35, r->size = 524288, r->offset = 198180864
15:13:28 ERROR /home/bsc03/bsc03353/forge/src/dispatcher/posix.c:62 140511720605440: single write -1 of expected 524288
15:13:29 ERROR /home/bsc03/bsc03353/forge/src/dispatcher/posix.c:61 140507425629952: r->filehandle = 35, r->size = 524288, r->offset = 196608000
15:13:29 ERROR /home/bsc03/bsc03353/forge/src/dispatcher/posix.c:62 140507425629952: single write -1 of expected 524288
15:13:29 ERROR /home/bsc03/bsc03353/forge/src/dispatcher/posix.c:61 140583932667648: r->filehandle = 36, r->size = 524288, r->offset = 385351680
15:13:29 ERROR /home/bsc03/bsc03353/forge/src/dispatcher/posix.c:62 140583932667648: single write -1 of expected 524288
15:13:29 ERROR /home/bsc03/bsc03353/forge/src/dispatcher/posix.c:61 140492393215744: r->filehandle = 35, r->size = 524288, r->offset = 190840832
15:13:29 ERROR /home/bsc03/bsc03353/forge/src/dispatcher/posix.c:62 140492393215744: single write -1 of expected 524288
15:13:30 ERROR /home/bsc03/bsc03353/forge/src/dispatcher/posix.c:61 140571047741184: r->filehandle = 36, r->size = 524288, r->offset = 352845824
15:13:30 ERROR /home/bsc03/bsc03353/forge/src/dispatcher/posix.c:62 140571047741184: single write -1 of expected 524288
15:13:32 ERROR /home/bsc03/bsc03353/forge/src/dispatcher/posix.c:61 140496688191232: r->filehandle = 35, r->size = 524288, r->offset = 72876032
15:13:32 ERROR /home/bsc03/bsc03353/forge/src/dispatcher/posix.c:62 140496688191232: single write -1 of expected 524288
15:13:34 ERROR /home/bsc03/bsc03353/forge/src/dispatcher/posix.c:61 140522458044160: r->filehandle = 35, r->size = 524288, r->offset = 3145728
15:13:34 ERROR /home/bsc03/bsc03353/forge/src/dispatcher/posix.c:62 140522458044160: single write -1 of expected 524288
15:13:36 ERROR /home/bsc03/bsc03353/forge/src/dispatcher/posix.c:61 140498835678976: r->filehandle = 35, r->size = 524288, r->offset = 36700160
15:13:36 ERROR /home/bsc03/bsc03353/forge/src/dispatcher/posix.c:62 140498835678976: single write -1 of expected 524288
15:13:39 ERROR /home/bsc03/bsc03353/forge/src/dispatcher/posix.c:61 140494540703488: r->filehandle = 35, r->size = 524288, r->offset = 41418752
15:13:39 ERROR /home/bsc03/bsc03353/forge/src/dispatcher/posix.c:62 140494540703488: single write -1 of expected 524288
15:13:41 ERROR /home/bsc03/bsc03353/forge/src/dispatcher/posix.c:61 140516015580928: r->filehandle = 35, r->size = 524288, r->offset = 103809024
15:13:41 ERROR /home/bsc03/bsc03353/forge/src/dispatcher/posix.c:62 140516015580928: single write -1 of expected 524288
15:13:42 ERROR /home/bsc03/bsc03353/forge/src/dispatcher/posix.c:61 140520310556416: r->filehandle = 35, r->size = 524288, r->offset = 103284736
15:13:42 ERROR /home/bsc03/bsc03353/forge/src/dispatcher/posix.c:62 140520310556416: single write -1 of expected 524288
15:13:43 ERROR /home/bsc03/bsc03353/forge/src/dispatcher/posix.c:61 140490245728000: r->filehandle = 35, r->size = 524288, r->offset = 89128960
15:13:43 ERROR /home/bsc03/bsc03353/forge/src/dispatcher/posix.c:62 140490245728000: single write -1 of expected 524288
15:13:46 ERROR /home/bsc03/bsc03353/forge/src/dispatcher/posix.c:61 140513868093184: r->filehandle = 35, r->size = 524288, r->offset = 1572864
15:13:46 ERROR /home/bsc03/bsc03353/forge/src/dispatcher/posix.c:62 140513868093184: single write -1 of expected 524288
15:13:46 ERROR /home/bsc03/bsc03353/forge/src/dispatcher/posix.c:61 140509573117696: r->filehandle = 35, r->size = 524288, r->offset = 130547712
15:13:46 ERROR /home/bsc03/bsc03353/forge/src/dispatcher/posix.c:62 140509573117696: single write -1 of expected 524288
15:13:51 ERROR /home/bsc03/bsc03353/forge/src/dispatcher/posix.c:61 140500983166720: r->filehandle = 35, r->size = 524288, r->offset = 79167488
15:13:51 ERROR /home/bsc03/bsc03353/forge/src/dispatcher/posix.c:62 140500983166720: single write -1 of expected 524288
15:13:51 ERROR /home/bsc03/bsc03353/forge/src/dispatcher/posix.c:61 140518163068672: r->filehandle = 35, r->size = 524288, r->offset = 74448896
15:13:51 ERROR /home/bsc03/bsc03353/forge/src/dispatcher/posix.c:62 140518163068672: single write -1 of expected 524288
15:13:52 ERROR /home/bsc03/bsc03353/forge/src/dispatcher/posix.c:61 140505278142208: r->filehandle = 35, r->size = 524288, r->offset = 49807360
15:13:52 ERROR /home/bsc03/bsc03353/forge/src/dispatcher/posix.c:62 140505278142208: single write -1 of expected 524288
15:13:52 ERROR /home/bsc03/bsc03353/forge/src/dispatcher/posix.c:61 140553867839232: r->filehandle = 36, r->size = 524288, r->offset = 236453888
15:13:52 ERROR /home/bsc03/bsc03353/forge/src/dispatcher/posix.c:62 140553867839232: single write -1 of expected 524288
15:13:53 ERROR /home/bsc03/bsc03353/forge/src/dispatcher/posix.c:61 140507425629952: r->filehandle = 35, r->size = 524288, r->offset = 34078720
15:13:53 ERROR /home/bsc03/bsc03353/forge/src/dispatcher/posix.c:62 140507425629952: single write -1 of expected 524288
15:13:54 ERROR /home/bsc03/bsc03353/forge/src/dispatcher/posix.c:61 140575342716672: r->filehandle = 36, r->size = 524288, r->offset = 348651520
15:13:54 ERROR /home/bsc03/bsc03353/forge/src/dispatcher/posix.c:62 140575342716672: single write -1 of expected 524288
15:13:54 ERROR /home/bsc03/bsc03353/forge/src/dispatcher/posix.c:61 140573195228928: r->filehandle = 36, r->size = 524288, r->offset = 359661568
15:13:54 ERROR /home/bsc03/bsc03353/forge/src/dispatcher/posix.c:62 140573195228928: single write -1 of expected 524288
15:13:55 ERROR /home/bsc03/bsc03353/forge/src/dispatcher/posix.c:61 140566752765696: r->filehandle = 36, r->size = 524288, r->offset = 216006656
15:13:55 ERROR /home/bsc03/bsc03353/forge/src/dispatcher/posix.c:62 140566752765696: single write -1 of expected 524288
15:13:58 ERROR /home/bsc03/bsc03353/forge/src/dispatcher/posix.c:61 140560310302464: r->filehandle = 36, r->size = 524288, r->offset = 397410304
15:13:58 ERROR /home/bsc03/bsc03353/forge/src/dispatcher/posix.c:62 140560310302464: single write -1 of expected 524288
15:13:59 ERROR /home/bsc03/bsc03353/forge/src/dispatcher/posix.c:61 140571047741184: r->filehandle = 36, r->size = 524288, r->offset = 257949696
15:13:59 ERROR /home/bsc03/bsc03353/forge/src/dispatcher/posix.c:62 140571047741184: single write -1 of expected 524288
15:14:02 ERROR /home/bsc03/bsc03353/forge/src/dispatcher/posix.c:61 140520310556416: r->filehandle = 35, r->size = 524288, r->offset = 60817408
15:14:02 ERROR /home/bsc03/bsc03353/forge/src/dispatcher/posix.c:62 140520310556416: single write -1 of expected 524288
15:14:02 ERROR /home/bsc03/bsc03353/forge/src/dispatcher/posix.c:61 140516015580928: r->filehandle = 35, r->size = 524288, r->offset = 22020096
15:14:02 ERROR /home/bsc03/bsc03353/forge/src/dispatcher/posix.c:62 140516015580928: single write -1 of expected 524288
15:14:04 ERROR /home/bsc03/bsc03353/forge/src/dispatcher/posix.c:61 140505278142208: r->filehandle = 35, r->size = 524288, r->offset = 70778880
15:14:04 ERROR /home/bsc03/bsc03353/forge/src/dispatcher/posix.c:62 140505278142208: single write -1 of expected 524288
15:14:04 ERROR /home/bsc03/bsc03353/forge/src/dispatcher/posix.c:61 140558162814720: r->filehandle = 36, r->size = 524288, r->offset = 344457216
15:14:04 ERROR /home/bsc03/bsc03353/forge/src/dispatcher/posix.c:62 140558162814720: single write -1 of expected 524288
15:14:05 ERROR /home/bsc03/bsc03353/forge/src/dispatcher/posix.c:61 140586080155392: r->filehandle = 36, r->size = 524288, r->offset = 271056896
15:14:05 ERROR /home/bsc03/bsc03353/forge/src/dispatcher/posix.c:62 140586080155392: single write -1 of expected 524288
15:14:06 ERROR /home/bsc03/bsc03353/forge/src/dispatcher/posix.c:61 140509573117696: r->filehandle = 35, r->size = 524288, r->offset = 108003328
15:14:06 ERROR /home/bsc03/bsc03353/forge/src/dispatcher/posix.c:62 140509573117696: single write -1 of expected 524288
15:14:08 ERROR /home/bsc03/bsc03353/forge/src/dispatcher/posix.c:61 140577490204416: r->filehandle = 36, r->size = 524288, r->offset = 384827392
15:14:08 ERROR /home/bsc03/bsc03353/forge/src/dispatcher/posix.c:62 140577490204416: single write -1 of expected 524288
15:14:09 ERROR /home/bsc03/bsc03353/forge/src/dispatcher/posix.c:61 140571047741184: r->filehandle = 36, r->size = 524288, r->offset = 339738624
15:14:09 ERROR /home/bsc03/bsc03353/forge/src/dispatcher/posix.c:62 140571047741184: single write -1 of expected 524288
15:14:10 ERROR /home/bsc03/bsc03353/forge/src/dispatcher/posix.c:61 140556015326976: r->filehandle = 36, r->size = 524288, r->offset = 387448832
15:14:10 ERROR /home/bsc03/bsc03353/forge/src/dispatcher/posix.c:62 140556015326976: single write -1 of expected 524288
15:14:11 ERROR /home/bsc03/bsc03353/forge/src/dispatcher/posix.c:61 140568900253440: r->filehandle = 36, r->size = 524288, r->offset = 385875968
15:14:11 ERROR /home/bsc03/bsc03353/forge/src/dispatcher/posix.c:62 140568900253440: single write -1 of expected 524288
15:14:12 ERROR /home/bsc03/bsc03353/forge/src/dispatcher/posix.c:61 140496688191232: r->filehandle = 35, r->size = 524288, r->offset = 98566144
15:14:12 ERROR /home/bsc03/bsc03353/forge/src/dispatcher/posix.c:62 140496688191232: single write -1 of expected 524288
15:14:13 ERROR /home/bsc03/bsc03353/forge/src/dispatcher/posix.c:61 140560310302464: r->filehandle = 36, r->size = 524288, r->offset = 260571136
15:14:13 ERROR /home/bsc03/bsc03353/forge/src/dispatcher/posix.c:62 140560310302464: single write -1 of expected 524288
15:14:14 ERROR /home/bsc03/bsc03353/forge/src/dispatcher/posix.c:61 140503130654464: r->filehandle = 35, r->size = 524288, r->offset = 9961472
15:14:14 ERROR /home/bsc03/bsc03353/forge/src/dispatcher/posix.c:62 140503130654464: single write -1 of expected 524288
15:14:15 ERROR /home/bsc03/bsc03353/forge/src/dispatcher/posix.c:61 140511720605440: r->filehandle = 35, r->size = 524288, r->offset = 16777216
15:14:15 ERROR /home/bsc03/bsc03353/forge/src/dispatcher/posix.c:62 140511720605440: single write -1 of expected 524288
15:14:16 ERROR /home/bsc03/bsc03353/forge/src/dispatcher/posix.c:61 140581785179904: r->filehandle = 36, r->size = 524288, r->offset = 354418688
15:14:16 ERROR /home/bsc03/bsc03353/forge/src/dispatcher/posix.c:62 140581785179904: single write -1 of expected 524288
15:14:17 ERROR /home/bsc03/bsc03353/forge/src/dispatcher/posix.c:61 140492393215744: r->filehandle = 35, r->size = 524288, r->offset = 8912896
15:14:17 ERROR /home/bsc03/bsc03353/forge/src/dispatcher/posix.c:62 140492393215744: single write -1 of expected 524288
15:14:17 ERROR /home/bsc03/bsc03353/forge/src/dispatcher/posix.c:61 140583932667648: r->filehandle = 36, r->size = 524288, r->offset = 368050176
15:14:17 ERROR /home/bsc03/bsc03353/forge/src/dispatcher/posix.c:62 140583932667648: single write -1 of expected 524288
15:14:17 ERROR /home/bsc03/bsc03353/forge/src/dispatcher/posix.c:61 140494540703488: r->filehandle = 35, r->size = 524288, r->offset = 41943040
15:14:17 ERROR /home/bsc03/bsc03353/forge/src/dispatcher/posix.c:62 140494540703488: single write -1 of expected 524288
15:14:18 ERROR /home/bsc03/bsc03353/forge/src/dispatcher/posix.c:61 140513868093184: r->filehandle = 35, r->size = 524288, r->offset = 104857600
15:14:18 ERROR /home/bsc03/bsc03353/forge/src/dispatcher/posix.c:62 140513868093184: single write -1 of expected 524288
15:14:19 ERROR /home/bsc03/bsc03353/forge/src/dispatcher/posix.c:61 140490245728000: r->filehandle = 35, r->size = 524288, r->offset = 35651584
15:14:19 ERROR /home/bsc03/bsc03353/forge/src/dispatcher/posix.c:62 140490245728000: single write -1 of expected 524288
15:14:19 ERROR /home/bsc03/bsc03353/forge/src/dispatcher/posix.c:61 140573195228928: r->filehandle = 36, r->size = 524288, r->offset = 373817344
15:14:19 ERROR /home/bsc03/bsc03353/forge/src/dispatcher/posix.c:62 140573195228928: single write -1 of expected 524288
15:14:20 ERROR /home/bsc03/bsc03353/forge/src/dispatcher/posix.c:61 140522458044160: r->filehandle = 35, r->size = 524288, r->offset = 74973184
15:14:20 ERROR /home/bsc03/bsc03353/forge/src/dispatcher/posix.c:62 140522458044160: single write -1 of expected 524288
15:14:20 ERROR /home/bsc03/bsc03353/forge/src/dispatcher/posix.c:61 140564605277952: r->filehandle = 36, r->size = 524288, r->offset = 379060224
15:14:20 ERROR /home/bsc03/bsc03353/forge/src/dispatcher/posix.c:62 140564605277952: single write -1 of expected 524288
15:14:21 ERROR /home/bsc03/bsc03353/forge/src/dispatcher/posix.c:61 140562457790208: r->filehandle = 36, r->size = 524288, r->offset = 387973120
15:14:21 ERROR /home/bsc03/bsc03353/forge/src/dispatcher/posix.c:62 140562457790208: single write -1 of expected 524288
15:14:23 ERROR /home/bsc03/bsc03353/forge/src/dispatcher/posix.c:61 140500983166720: r->filehandle = 35, r->size = 524288, r->offset = 76021760
15:14:23 ERROR /home/bsc03/bsc03353/forge/src/dispatcher/posix.c:62 140500983166720: single write -1 of expected 524288
15:14:24 ERROR /home/bsc03/bsc03353/forge/src/dispatcher/posix.c:61 140509573117696: r->filehandle = 35, r->size = 524288, r->offset = 67108864
15:14:24 ERROR /home/bsc03/bsc03353/forge/src/dispatcher/posix.c:62 140509573117696: single write -1 of expected 524288
15:14:24 ERROR /home/bsc03/bsc03353/forge/src/dispatcher/posix.c:61 140583932667648: r->filehandle = 36, r->size = 524288, r->offset = 223346688
15:14:24 ERROR /home/bsc03/bsc03353/forge/src/dispatcher/posix.c:62 140583932667648: single write -1 of expected 524288
15:14:24 ERROR /home/bsc03/bsc03353/forge/src/dispatcher/posix.c:61 140505278142208: r->filehandle = 35, r->size = 524288, r->offset = 157286400
15:14:24 ERROR /home/bsc03/bsc03353/forge/src/dispatcher/posix.c:62 140505278142208: single write -1 of expected 524288
15:14:25 ERROR /home/bsc03/bsc03353/forge/src/dispatcher/posix.c:61 140503130654464: r->filehandle = 35, r->size = 524288, r->offset = 200802304
15:14:25 ERROR /home/bsc03/bsc03353/forge/src/dispatcher/posix.c:62 140503130654464: single write -1 of expected 524288
15:14:26 ERROR /home/bsc03/bsc03353/forge/src/dispatcher/posix.c:61 140573195228928: r->filehandle = 36, r->size = 524288, r->offset = 251658240
15:14:26 ERROR /home/bsc03/bsc03353/forge/src/dispatcher/posix.c:62 140573195228928: single write -1 of expected 524288
15:14:26 ERROR /home/bsc03/bsc03353/forge/src/dispatcher/posix.c:61 140579637692160: r->filehandle = 36, r->size = 524288, r->offset = 266338304
15:14:26 ERROR /home/bsc03/bsc03353/forge/src/dispatcher/posix.c:62 140579637692160: single write -1 of expected 524288
15:14:27 ERROR /home/bsc03/bsc03353/forge/src/dispatcher/posix.c:61 140520310556416: r->filehandle = 35, r->size = 524288, r->offset = 46661632
15:14:27 ERROR /home/bsc03/bsc03353/forge/src/dispatcher/posix.c:62 140520310556416: single write -1 of expected 524288
15:14:29 ERROR /home/bsc03/bsc03353/forge/src/dispatcher/posix.c:61 140568900253440: r->filehandle = 36, r->size = 524288, r->offset = 400031744
15:14:29 ERROR /home/bsc03/bsc03353/forge/src/dispatcher/posix.c:62 140568900253440: single write -1 of expected 524288
15:14:30 ERROR /home/bsc03/bsc03353/forge/src/dispatcher/posix.c:61 140511720605440: r->filehandle = 35, r->size = 524288, r->offset = 20971520
15:14:30 ERROR /home/bsc03/bsc03353/forge/src/dispatcher/posix.c:62 140511720605440: single write -1 of expected 524288
15:14:31 ERROR /home/bsc03/bsc03353/forge/src/dispatcher/posix.c:61 140496688191232: r->filehandle = 35, r->size = 524288, r->offset = 81788928
15:14:31 ERROR /home/bsc03/bsc03353/forge/src/dispatcher/posix.c:62 140496688191232: single write -1 of expected 524288
15:14:31 ERROR /home/bsc03/bsc03353/forge/src/dispatcher/posix.c:61 140558162814720: r->filehandle = 36, r->size = 524288, r->offset = 371195904
15:14:31 ERROR /home/bsc03/bsc03353/forge/src/dispatcher/posix.c:62 140558162814720: single write -1 of expected 524288
15:14:32 ERROR /home/bsc03/bsc03353/forge/src/dispatcher/posix.c:61 140562457790208: r->filehandle = 36, r->size = 524288, r->offset = 372244480
15:14:32 ERROR /home/bsc03/bsc03353/forge/src/dispatcher/posix.c:62 140562457790208: single write -1 of expected 524288
15:14:33 ERROR /home/bsc03/bsc03353/forge/src/dispatcher/posix.c:61 140498835678976: r->filehandle = 35, r->size = 524288, r->offset = 89653248
15:14:33 ERROR /home/bsc03/bsc03353/forge/src/dispatcher/posix.c:62 140498835678976: single write -1 of expected 524288
15:14:34 ERROR /home/bsc03/bsc03353/forge/src/dispatcher/posix.c:61 140575342716672: r->filehandle = 36, r->size = 524288, r->offset = 396886016
15:14:34 ERROR /home/bsc03/bsc03353/forge/src/dispatcher/posix.c:62 140575342716672: single write -1 of expected 524288
15:14:34 ERROR /home/bsc03/bsc03353/forge/src/dispatcher/posix.c:61 140490245728000: r->filehandle = 35, r->size = 524288, r->offset = 63963136
15:14:34 ERROR /home/bsc03/bsc03353/forge/src/dispatcher/posix.c:62 140490245728000: single write -1 of expected 524288
15:14:35 ERROR /home/bsc03/bsc03353/forge/src/dispatcher/posix.c:61 140507425629952: r->filehandle = 35, r->size = 524288, r->offset = 52953088
15:14:35 ERROR /home/bsc03/bsc03353/forge/src/dispatcher/posix.c:62 140507425629952: single write -1 of expected 524288
15:14:36 ERROR /home/bsc03/bsc03353/forge/src/dispatcher/posix.c:61 140505278142208: r->filehandle = 35, r->size = 524288, r->offset = 67633152
15:14:36 ERROR /home/bsc03/bsc03353/forge/src/dispatcher/posix.c:62 140505278142208: single write -1 of expected 524288
15:14:36 ERROR /home/bsc03/bsc03353/forge/src/dispatcher/posix.c:61 140566752765696: r->filehandle = 36, r->size = 524288, r->offset = 328728576
15:14:36 ERROR /home/bsc03/bsc03353/forge/src/dispatcher/posix.c:62 140566752765696: single write -1 of expected 524288
15:14:38 ERROR /home/bsc03/bsc03353/forge/src/dispatcher/posix.c:61 140577490204416: r->filehandle = 36, r->size = 524288, r->offset = 343408640
15:14:38 ERROR /home/bsc03/bsc03353/forge/src/dispatcher/posix.c:62 140577490204416: single write -1 of expected 524288
15:14:39 ERROR /home/bsc03/bsc03353/forge/src/dispatcher/posix.c:61 140579637692160: r->filehandle = 36, r->size = 524288, r->offset = 386400256
15:14:39 ERROR /home/bsc03/bsc03353/forge/src/dispatcher/posix.c:62 140579637692160: single write -1 of expected 524288
15:14:39 ERROR /home/bsc03/bsc03353/forge/src/dispatcher/posix.c:61 140571047741184: r->filehandle = 36, r->size = 524288, r->offset = 290979840
15:14:39 ERROR /home/bsc03/bsc03353/forge/src/dispatcher/posix.c:62 140571047741184: single write -1 of expected 524288
15:14:40 ERROR /home/bsc03/bsc03353/forge/src/dispatcher/posix.c:61 140513868093184: r->filehandle = 35, r->size = 524288, r->offset = 53477376
15:14:40 ERROR /home/bsc03/bsc03353/forge/src/dispatcher/posix.c:62 140513868093184: single write -1 of expected 524288
15:14:40 ERROR /home/bsc03/bsc03353/forge/src/dispatcher/posix.c:61 140579637692160: r->filehandle = 36, r->size = 524288, r->offset = 383254528
15:14:40 ERROR /home/bsc03/bsc03353/forge/src/dispatcher/posix.c:62 140579637692160: single write -1 of expected 524288
15:14:41 ERROR /home/bsc03/bsc03353/forge/src/dispatcher/posix.c:61 140516015580928: r->filehandle = 35, r->size = 524288, r->offset = 85983232
15:14:41 ERROR /home/bsc03/bsc03353/forge/src/dispatcher/posix.c:62 140516015580928: single write -1 of expected 524288
15:14:43 ERROR /home/bsc03/bsc03353/forge/src/dispatcher/posix.c:61 140490245728000: r->filehandle = 35, r->size = 524288, r->offset = 127401984
15:14:43 ERROR /home/bsc03/bsc03353/forge/src/dispatcher/posix.c:62 140490245728000: single write -1 of expected 524288
15:14:44 ERROR /home/bsc03/bsc03353/forge/src/dispatcher/posix.c:61 140492393215744: r->filehandle = 35, r->size = 524288, r->offset = 38797312
15:14:44 ERROR /home/bsc03/bsc03353/forge/src/dispatcher/posix.c:62 140492393215744: single write -1 of expected 524288
15:14:44 ERROR /home/bsc03/bsc03353/forge/src/dispatcher/posix.c:61 140496688191232: r->filehandle = 35, r->size = 524288, r->offset = 45613056
15:14:44 ERROR /home/bsc03/bsc03353/forge/src/dispatcher/posix.c:62 140496688191232: single write -1 of expected 524288
15:14:46 ERROR /home/bsc03/bsc03353/forge/src/dispatcher/posix.c:61 140507425629952: r->filehandle = 35, r->size = 524288, r->offset = 8388608
15:14:46 ERROR /home/bsc03/bsc03353/forge/src/dispatcher/posix.c:62 140507425629952: single write -1 of expected 524288
15:14:47 ERROR /home/bsc03/bsc03353/forge/src/dispatcher/posix.c:61 140520310556416: r->filehandle = 35, r->size = 524288, r->offset = 45088768
15:14:47 ERROR /home/bsc03/bsc03353/forge/src/dispatcher/posix.c:62 140520310556416: single write -1 of expected 524288
15:14:50 ERROR /home/bsc03/bsc03353/forge/src/dispatcher/posix.c:61 140560310302464: r->filehandle = 36, r->size = 524288, r->offset = 402128896
15:14:50 ERROR /home/bsc03/bsc03353/forge/src/dispatcher/posix.c:62 140560310302464: single write -1 of expected 524288
15:14:52 ERROR /home/bsc03/bsc03353/forge/src/dispatcher/posix.c:61 140522458044160: r->filehandle = 35, r->size = 524288, r->offset = 14155776
15:14:52 ERROR /home/bsc03/bsc03353/forge/src/dispatcher/posix.c:62 140522458044160: single write -1 of expected 524288
15:14:56 ERROR /home/bsc03/bsc03353/forge/src/dispatcher/posix.c:61 140577490204416: r->filehandle = 36, r->size = 524288, r->offset = 264765440
15:14:56 ERROR /home/bsc03/bsc03353/forge/src/dispatcher/posix.c:62 140577490204416: single write -1 of expected 524288
15:14:58 ERROR /home/bsc03/bsc03353/forge/src/dispatcher/posix.c:61 140558162814720: r->filehandle = 36, r->size = 524288, r->offset = 262668288
15:14:58 ERROR /home/bsc03/bsc03353/forge/src/dispatcher/posix.c:62 140558162814720: single write -1 of expected 524288
15:14:59 ERROR /home/bsc03/bsc03353/forge/src/dispatcher/posix.c:61 140505278142208: r->filehandle = 35, r->size = 524288, r->offset = 38273024
15:14:59 ERROR /home/bsc03/bsc03353/forge/src/dispatcher/posix.c:62 140505278142208: single write -1 of expected 524288
15:15:00 ERROR /home/bsc03/bsc03353/forge/src/dispatcher/posix.c:61 140490245728000: r->filehandle = 35, r->size = 524288, r->offset = 133693440
15:15:00 ERROR /home/bsc03/bsc03353/forge/src/dispatcher/posix.c:62 140490245728000: single write -1 of expected 524288
15:15:01 ERROR /home/bsc03/bsc03353/forge/src/dispatcher/posix.c:61 140564605277952: r->filehandle = 36, r->size = 524288, r->offset = 322437120
15:15:01 ERROR /home/bsc03/bsc03353/forge/src/dispatcher/posix.c:62 140564605277952: single write -1 of expected 524288
15:15:03 ERROR /home/bsc03/bsc03353/forge/src/dispatcher/posix.c:61 140494540703488: r->filehandle = 35, r->size = 524288, r->offset = 93847552
15:15:03 ERROR /home/bsc03/bsc03353/forge/src/dispatcher/posix.c:62 140494540703488: single write -1 of expected 524288
15:15:06 ERROR /home/bsc03/bsc03353/forge/src/dispatcher/posix.c:61 140500983166720: r->filehandle = 35, r->size = 524288, r->offset = 100139008
15:15:06 ERROR /home/bsc03/bsc03353/forge/src/dispatcher/posix.c:62 140500983166720: single write -1 of expected 524288
15:15:07 ERROR /home/bsc03/bsc03353/forge/src/dispatcher/posix.c:61 140573195228928: r->filehandle = 36, r->size = 524288, r->offset = 364380160
15:15:07 ERROR /home/bsc03/bsc03353/forge/src/dispatcher/posix.c:62 140573195228928: single write -1 of expected 524288
15:15:10 ERROR /home/bsc03/bsc03353/forge/src/dispatcher/posix.c:61 140496688191232: r->filehandle = 35, r->size = 524288, r->offset = 200278016
15:15:10 ERROR /home/bsc03/bsc03353/forge/src/dispatcher/posix.c:62 140496688191232: single write -1 of expected 524288
15:15:11 ERROR /home/bsc03/bsc03353/forge/src/dispatcher/posix.c:61 140509573117696: r->filehandle = 35, r->size = 524288, r->offset = 147849216
15:15:11 ERROR /home/bsc03/bsc03353/forge/src/dispatcher/posix.c:62 140509573117696: single write -1 of expected 524288
15:15:16 ERROR /home/bsc03/bsc03353/forge/src/dispatcher/posix.c:61 140492393215744: r->filehandle = 35, r->size = 524288, r->offset = 54525952
15:15:16 ERROR /home/bsc03/bsc03353/forge/src/dispatcher/posix.c:62 140492393215744: single write -1 of expected 524288
15:15:25 ERROR /home/bsc03/bsc03353/forge/src/dispatcher/posix.c:61 140498835678976: r->filehandle = 35, r->size = 524288, r->offset = 132120576
15:15:25 ERROR /home/bsc03/bsc03353/forge/src/dispatcher/posix.c:62 140498835678976: single write -1 of expected 524288
15:15:26 ERROR /home/bsc03/bsc03353/forge/src/dispatcher/posix.c:61 140577490204416: r->filehandle = 36, r->size = 524288, r->offset = 229113856
15:15:26 ERROR /home/bsc03/bsc03353/forge/src/dispatcher/posix.c:62 140577490204416: single write -1 of expected 524288
slurmstepd: error: *** JOB 8737178 ON s01r1b04 CANCELLED AT 2020-02-07T15:15:30 DUE TO TIME LIMIT ***
--------------------------------------------------------------------------
ORTE has lost communication with a remote daemon.

  HNP daemon   : [[36017,0],0] on node s01r1b04
  Remote daemon: [[36017,0],1] on node s01r1b16

This is usually due to either a failure of the TCP network
connection to the node, or possibly an internal failure of
the daemon itself. We cannot recover from this failure, and
therefore will terminate the job.
--------------------------------------------------------------------------
