Set GCC compilers as MPI wrappers backend 
remove impi/2017.4 (PATH, MANPATH, LD_LIBRARY_PATH) 
load openmpi/4.0.2_UCX (PATH, MANPATH, LD_LIBRARY_PATH) 
Set GCC compilers as MPI wrappers backend 
load gsl/2.4 (PATH, LD_LIBRARY_PATH, LIBRARY_PATH, MANPATH, INFOPATH,
C_INCLUDE_PATH, CPLUS_INCLUDE_PATH, PKG_CONFIG_PATH, GSL_DIR) 
15:41:18 INFO  /home/bsc03/bsc03353/forge/src/main.c:107 140596968810560: I/O Forwarding Exploration [START]
Will AGIOS generate trace files? NO
Default scheduling algorithm: TO
TWINS window size: 1000000
Will the Prediction Module read information from trace files? NO
File with access time functions: /home/bsc03/bsc03353/forge/agios/access_times.func
AGIOS thinks its user has stripe size of 32768
Will AGIOS generate trace files? NO
Default scheduling algorithm: TO
TWINS window size: 1000000
Will the Prediction Module read information from trace files? NO
File with access time functions: /home/bsc03/bsc03353/forge/agios/access_times.func
AGIOS thinks its user has stripe size of 32768
Will AGIOS generate trace files? NO
Default scheduling algorithm: TO
TWINS window size: 1000000
Will the Prediction Module read information from trace files? NO
File with access time functions: /home/bsc03/bsc03353/forge/agios/access_times.func
AGIOS thinks its user has stripe size of 32768
Will AGIOS generate trace files? NO
Default scheduling algorithm: TO
TWINS window size: 1000000
Will the Prediction Module read information from trace files? NO
File with access time functions: /home/bsc03/bsc03353/forge/agios/access_times.func
AGIOS thinks its user has stripe size of 32768
Will AGIOS generate trace files? NO
Default scheduling algorithm: TO
TWINS window size: 1000000
Will the Prediction Module read information from trace files? NO
File with access time functions: /home/bsc03/bsc03353/forge/agios/access_times.func
AGIOS thinks its user has stripe size of 32768
Will AGIOS generate trace files? NO
Default scheduling algorithm: TO
TWINS window size: 1000000
Will the Prediction Module read information from trace files? NO
File with access time functions: /home/bsc03/bsc03353/forge/agios/access_times.func
AGIOS thinks its user has stripe size of 32768
Will AGIOS generate trace files? NO
Default scheduling algorithm: TO
TWINS window size: 1000000
Will the Prediction Module read information from trace files? NO
File with access time functions: /home/bsc03/bsc03353/forge/agios/access_times.func
AGIOS thinks its user has stripe size of 32768
Will AGIOS generate trace files? NO
Default scheduling algorithm: TO
TWINS window size: 1000000
Will the Prediction Module read information from trace files? NO
File with access time functions: /home/bsc03/bsc03353/forge/agios/access_times.func
AGIOS thinks its user has stripe size of 32768
15:41:49 ERROR /home/bsc03/bsc03353/forge/src/dispatcher/posix.c:61 139952282900224: r->filehandle = 36, r->size = 32768, r->offset = 18611240960
15:41:49 ERROR /home/bsc03/bsc03353/forge/src/dispatcher/posix.c:62 139952282900224: single write -1 of expected 32768
15:41:56 ERROR /home/bsc03/bsc03353/forge/src/dispatcher/posix.c:61 139974146127616: r->filehandle = 36, r->size = 32768, r->offset = 39369932800
15:41:56 ERROR /home/bsc03/bsc03353/forge/src/dispatcher/posix.c:62 139974146127616: single write -1 of expected 32768
15:41:57 ERROR /home/bsc03/bsc03353/forge/src/dispatcher/posix.c:61 140589843375872: r->filehandle = 35, r->size = 32768, r->offset = 7873986560
15:41:57 ERROR /home/bsc03/bsc03353/forge/src/dispatcher/posix.c:62 140589843375872: single write -1 of expected 32768
15:42:05 ERROR /home/bsc03/bsc03353/forge/src/dispatcher/posix.c:61 140282650801920: r->filehandle = 36, r->size = 32768, r->offset = 112383262720
15:42:05 ERROR /home/bsc03/bsc03353/forge/src/dispatcher/posix.c:62 140282650801920: single write -1 of expected 32768
15:42:07 ERROR /home/bsc03/bsc03353/forge/src/dispatcher/posix.c:61 139825296123648: r->filehandle = 36, r->size = 32768, r->offset = 64423526400
15:42:07 ERROR /home/bsc03/bsc03353/forge/src/dispatcher/posix.c:62 139825296123648: single write -1 of expected 32768
15:42:07 ERROR /home/bsc03/bsc03353/forge/src/dispatcher/posix.c:61 140443327555328: r->filehandle = 36, r->size = 32768, r->offset = 74444963840
15:42:07 ERROR /home/bsc03/bsc03353/forge/src/dispatcher/posix.c:62 140443327555328: single write -1 of expected 32768
15:42:07 ERROR /home/bsc03/bsc03353/forge/src/dispatcher/posix.c:61 139641978894080: r->filehandle = 36, r->size = 32768, r->offset = 95919472640
15:42:07 ERROR /home/bsc03/bsc03353/forge/src/dispatcher/posix.c:62 139641978894080: single write -1 of expected 32768
15:42:11 ERROR /home/bsc03/bsc03353/forge/src/dispatcher/posix.c:61 139986653865728: r->filehandle = 36, r->size = 32768, r->offset = 133141954560
15:42:11 ERROR /home/bsc03/bsc03353/forge/src/dispatcher/posix.c:62 139986653865728: single write -1 of expected 32768
15:42:16 ERROR /home/bsc03/bsc03353/forge/src/dispatcher/posix.c:61 140439032579840: r->filehandle = 36, r->size = 32768, r->offset = 82318950400
15:42:16 ERROR /home/bsc03/bsc03353/forge/src/dispatcher/posix.c:62 140439032579840: single write -1 of expected 32768
15:42:18 ERROR /home/bsc03/bsc03353/forge/src/dispatcher/posix.c:61 139990948841216: r->filehandle = 36, r->size = 32768, r->offset = 125267968000
15:42:18 ERROR /home/bsc03/bsc03353/forge/src/dispatcher/posix.c:62 139990948841216: single write -1 of expected 32768
15:42:24 ERROR /home/bsc03/bsc03353/forge/src/dispatcher/posix.c:61 139950523762432: r->filehandle = 36, r->size = 32768, r->offset = 42233200640
15:42:24 ERROR /home/bsc03/bsc03353/forge/src/dispatcher/posix.c:62 139950523762432: single write -1 of expected 32768
15:42:30 ERROR /home/bsc03/bsc03353/forge/src/dispatcher/posix.c:61 140557631059712: r->filehandle = 35, r->size = 32768, r->offset = 3579084800
15:42:30 ERROR /home/bsc03/bsc03353/forge/src/dispatcher/posix.c:62 140557631059712: single write -1 of expected 32768
15:42:30 ERROR /home/bsc03/bsc03353/forge/src/dispatcher/posix.c:61 139626946479872: r->filehandle = 36, r->size = 32768, r->offset = 95203655680
15:42:30 ERROR /home/bsc03/bsc03353/forge/src/dispatcher/posix.c:62 139626946479872: single write -1 of expected 32768
15:42:34 ERROR /home/bsc03/bsc03353/forge/src/dispatcher/posix.c:61 139808116221696: r->filehandle = 36, r->size = 32768, r->offset = 66570977280
15:42:34 ERROR /home/bsc03/bsc03353/forge/src/dispatcher/posix.c:62 139808116221696: single write -1 of expected 32768
15:42:41 ERROR /home/bsc03/bsc03353/forge/src/dispatcher/posix.c:61 140289093265152: r->filehandle = 36, r->size = 32768, r->offset = 118825615360
15:42:41 ERROR /home/bsc03/bsc03353/forge/src/dispatcher/posix.c:62 140289093265152: single write -1 of expected 32768
15:42:41 ERROR /home/bsc03/bsc03353/forge/src/dispatcher/posix.c:61 139945840436992: r->filehandle = 36, r->size = 32768, r->offset = 31495946240
15:42:41 ERROR /home/bsc03/bsc03353/forge/src/dispatcher/posix.c:62 139945840436992: single write -1 of expected 32768
15:42:50 ERROR /home/bsc03/bsc03353/forge/src/dispatcher/posix.c:61 140572663473920: r->filehandle = 35, r->size = 32768, r->offset = 8589803520
15:42:50 ERROR /home/bsc03/bsc03353/forge/src/dispatcher/posix.c:62 140572663473920: single write -1 of expected 32768
15:42:54 ERROR /home/bsc03/bsc03353/forge/src/dispatcher/posix.c:61 140585548400384: r->filehandle = 35, r->size = 32768, r->offset = 14316339200
15:42:54 ERROR /home/bsc03/bsc03353/forge/src/dispatcher/posix.c:62 140585548400384: single write -1 of expected 32768
15:43:00 ERROR /home/bsc03/bsc03353/forge/src/dispatcher/posix.c:61 140566221010688: r->filehandle = 35, r->size = 32768, r->offset = 12884705280
15:43:00 ERROR /home/bsc03/bsc03353/forge/src/dispatcher/posix.c:62 140566221010688: single write -1 of expected 32768
15:43:15 ERROR /home/bsc03/bsc03353/forge/src/dispatcher/posix.c:61 140579105937152: r->filehandle = 35, r->size = 32768, r->offset = 5726535680
15:43:15 ERROR /home/bsc03/bsc03353/forge/src/dispatcher/posix.c:62 140579105937152: single write -1 of expected 32768
15:43:16 ERROR /home/bsc03/bsc03353/forge/src/dispatcher/posix.c:61 140576958449408: r->filehandle = 35, r->size = 32768, r->offset = 2863267840
15:43:16 ERROR /home/bsc03/bsc03353/forge/src/dispatcher/posix.c:62 140576958449408: single write -1 of expected 32768
15:43:21 ERROR /home/bsc03/bsc03353/forge/src/dispatcher/posix.c:61 140559778547456: r->filehandle = 35, r->size = 32768, r->offset = 9305620480
15:43:21 ERROR /home/bsc03/bsc03353/forge/src/dispatcher/posix.c:62 140559778547456: single write -1 of expected 32768
15:43:22 ERROR /home/bsc03/bsc03353/forge/src/dispatcher/posix.c:61 140574810961664: r->filehandle = 35, r->size = 32768, r->offset = 4294901760
15:43:22 ERROR /home/bsc03/bsc03353/forge/src/dispatcher/posix.c:62 140574810961664: single write -1 of expected 32768
15:43:31 ERROR /home/bsc03/bsc03353/forge/src/dispatcher/posix.c:61 140564073522944: r->filehandle = 35, r->size = 32768, r->offset = 15747973120
15:43:31 ERROR /home/bsc03/bsc03353/forge/src/dispatcher/posix.c:62 140564073522944: single write -1 of expected 32768
15:43:41 ERROR /home/bsc03/bsc03353/forge/src/dispatcher/posix.c:61 140587695888128: r->filehandle = 35, r->size = 32768, r->offset = 5010718720
15:43:41 ERROR /home/bsc03/bsc03353/forge/src/dispatcher/posix.c:62 140587695888128: single write -1 of expected 32768
15:43:51 ERROR /home/bsc03/bsc03353/forge/src/dispatcher/posix.c:61 140581253424896: r->filehandle = 35, r->size = 32768, r->offset = 7158169600
15:43:51 ERROR /home/bsc03/bsc03353/forge/src/dispatcher/posix.c:62 140581253424896: single write -1 of expected 32768
15:44:03 ERROR /home/bsc03/bsc03353/forge/src/dispatcher/posix.c:61 140570515986176: r->filehandle = 35, r->size = 32768, r->offset = 1431633920
15:44:03 ERROR /home/bsc03/bsc03353/forge/src/dispatcher/posix.c:62 140570515986176: single write -1 of expected 32768
15:44:06 ERROR /home/bsc03/bsc03353/forge/src/dispatcher/posix.c:61 140568368498432: r->filehandle = 35, r->size = 32768, r->offset = 6442352640
15:44:06 ERROR /home/bsc03/bsc03353/forge/src/dispatcher/posix.c:62 140568368498432: single write -1 of expected 32768
15:44:10 ERROR /home/bsc03/bsc03353/forge/src/dispatcher/posix.c:61 140561926035200: r->filehandle = 35, r->size = 32768, r->offset = 15032156160
15:44:10 ERROR /home/bsc03/bsc03353/forge/src/dispatcher/posix.c:62 140561926035200: single write -1 of expected 32768
15:44:11 ERROR /home/bsc03/bsc03353/forge/src/dispatcher/posix.c:61 140434737604352: r->filehandle = 36, r->size = 32768, r->offset = 70865879040
15:44:11 ERROR /home/bsc03/bsc03353/forge/src/dispatcher/posix.c:62 140434737604352: single write -1 of expected 32768
15:44:16 ERROR /home/bsc03/bsc03353/forge/src/dispatcher/posix.c:61 139982358890240: r->filehandle = 36, r->size = 32768, r->offset = 131710320640
15:44:16 ERROR /home/bsc03/bsc03353/forge/src/dispatcher/posix.c:62 139982358890240: single write -1 of expected 32768
15:44:18 ERROR /home/bsc03/bsc03353/forge/src/dispatcher/posix.c:61 140267618387712: r->filehandle = 36, r->size = 32768, r->offset = 107372544000
15:44:18 ERROR /home/bsc03/bsc03353/forge/src/dispatcher/posix.c:62 140267618387712: single write -1 of expected 32768
15:44:19 ERROR /home/bsc03/bsc03353/forge/src/dispatcher/posix.c:61 139823148635904: r->filehandle = 36, r->size = 32768, r->offset = 59412807680
15:44:19 ERROR /home/bsc03/bsc03353/forge/src/dispatcher/posix.c:62 139823148635904: single write -1 of expected 32768
15:44:21 ERROR /home/bsc03/bsc03353/forge/src/dispatcher/posix.c:61 139620504016640: r->filehandle = 36, r->size = 32768, r->offset = 90908753920
15:44:21 ERROR /home/bsc03/bsc03353/forge/src/dispatcher/posix.c:62 139620504016640: single write -1 of expected 32768
15:44:23 ERROR /home/bsc03/bsc03353/forge/src/dispatcher/posix.c:61 139995243816704: r->filehandle = 36, r->size = 32768, r->offset = 127415418880
15:44:23 ERROR /home/bsc03/bsc03353/forge/src/dispatcher/posix.c:62 139995243816704: single write -1 of expected 32768
15:44:34 ERROR /home/bsc03/bsc03353/forge/src/dispatcher/posix.c:61 140583400912640: r->filehandle = 35, r->size = 32768, r->offset = 10021437440
15:44:34 ERROR /home/bsc03/bsc03353/forge/src/dispatcher/posix.c:62 140583400912640: single write -1 of expected 32768
15:44:37 ERROR /home/bsc03/bsc03353/forge/src/dispatcher/posix.c:61 140585548400384: r->filehandle = 35, r->size = 32768, r->offset = 2147450880
15:44:37 ERROR /home/bsc03/bsc03353/forge/src/dispatcher/posix.c:62 140585548400384: single write -1 of expected 32768
15:44:46 ERROR /home/bsc03/bsc03353/forge/src/dispatcher/posix.c:61 140566221010688: r->filehandle = 35, r->size = 32768, r->offset = 12168888320
15:44:46 ERROR /home/bsc03/bsc03353/forge/src/dispatcher/posix.c:62 140566221010688: single write -1 of expected 32768
15:44:51 ERROR /home/bsc03/bsc03353/forge/src/dispatcher/posix.c:61 140579105937152: r->filehandle = 35, r->size = 32768, r->offset = 11453071360
15:44:51 ERROR /home/bsc03/bsc03353/forge/src/dispatcher/posix.c:62 140579105937152: single write -1 of expected 32768
15:45:07 ERROR /home/bsc03/bsc03353/forge/src/dispatcher/posix.c:61 140557631059712: r->filehandle = 35, r->size = 32768, r->offset = 16463790080
15:45:07 ERROR /home/bsc03/bsc03353/forge/src/dispatcher/posix.c:62 140557631059712: single write -1 of expected 32768
15:45:25 ERROR /home/bsc03/bsc03353/forge/src/dispatcher/posix.c:61 140576958449408: r->filehandle = 35, r->size = 32768, r->offset = 13600522240
15:45:25 ERROR /home/bsc03/bsc03353/forge/src/dispatcher/posix.c:62 140576958449408: single write -1 of expected 32768
15:45:31 ERROR /home/bsc03/bsc03353/forge/src/dispatcher/posix.c:61 140589843375872: r->filehandle = 35, r->size = 32768, r->offset = 10737254400
15:45:31 ERROR /home/bsc03/bsc03353/forge/src/dispatcher/posix.c:62 140589843375872: single write -1 of expected 32768
15:45:48 ERROR /home/bsc03/bsc03353/forge/src/dispatcher/posix.c:61 140572663473920: r->filehandle = 35, r->size = 32768, r->offset = 0
15:45:48 ERROR /home/bsc03/bsc03353/forge/src/dispatcher/posix.c:62 140572663473920: single write -1 of expected 32768
15:46:04 ERROR /home/bsc03/bsc03353/forge/src/dispatcher/posix.c:61 139795231295232: r->filehandle = 36, r->size = 32768, r->offset = 52254638080
15:46:04 ERROR /home/bsc03/bsc03353/forge/src/dispatcher/posix.c:62 139795231295232: single write -1 of expected 32768
15:46:05 ERROR /home/bsc03/bsc03353/forge/src/dispatcher/posix.c:61 139952282900224: r->filehandle = 36, r->size = 32768, r->offset = 19327057920
15:46:05 ERROR /home/bsc03/bsc03353/forge/src/dispatcher/posix.c:62 139952282900224: single write -1 of expected 32768
slurmstepd: error: *** JOB 8737327 ON s01r1b04 CANCELLED AT 2020-02-07T15:46:05 DUE TO TIME LIMIT ***
--------------------------------------------------------------------------
ORTE has lost communication with a remote daemon.

  HNP daemon   : [[39389,0],0] on node s01r1b04
  Remote daemon: [[39389,0],7] on node s05r1b06

This is usually due to either a failure of the TCP network
connection to the node, or possibly an internal failure of
the daemon itself. We cannot recover from this failure, and
therefore will terminate the job.
--------------------------------------------------------------------------
slurmstepd: error: proctrack_p_wait: Unable to destroy container 364361 in cgroup plugin, giving up after 128 sec
