Set GCC compilers as MPI wrappers backend 
remove impi/2017.4 (PATH, MANPATH, LD_LIBRARY_PATH) 
load openmpi/4.0.2_UCX (PATH, MANPATH, LD_LIBRARY_PATH) 
Set GCC compilers as MPI wrappers backend 
load gsl/2.4 (PATH, LD_LIBRARY_PATH, LIBRARY_PATH, MANPATH, INFOPATH,
C_INCLUDE_PATH, CPLUS_INCLUDE_PATH, PKG_CONFIG_PATH, GSL_DIR) 
13:35:26 INFO  /home/bsc03/bsc03353/forge/src/main.c:107 140318810847296: I/O Forwarding Exploration [START]
Will AGIOS generate trace files? NO
Default scheduling algorithm: TO
TWINS window size: 1000000
Will the Prediction Module read information from trace files? NO
File with access time functions: /home/bsc03/bsc03353/forge/agios/access_times.func
AGIOS thinks its user has stripe size of 32768
13:35:31 ERROR /home/bsc03/bsc03353/forge/src/dispatcher/posix.c:61 140309578016512: r->filehandle = 35, r->size = 8388608, r->offset = 22196256768
13:35:31 ERROR /home/bsc03/bsc03353/forge/src/dispatcher/posix.c:62 140309578016512: single write -1 of expected 8388608
13:35:32 ERROR /home/bsc03/bsc03353/forge/src/dispatcher/posix.c:61 140296693090048: r->filehandle = 35, r->size = 8388608, r->offset = 58133053440
13:35:32 ERROR /home/bsc03/bsc03353/forge/src/dispatcher/posix.c:62 140296693090048: single write -1 of expected 8388608
13:35:32 ERROR /home/bsc03/bsc03353/forge/src/dispatcher/posix.c:61 140283808163584: r->filehandle = 35, r->size = 8388608, r->offset = 10921967616
13:35:32 ERROR /home/bsc03/bsc03353/forge/src/dispatcher/posix.c:62 140283808163584: single write -1 of expected 8388608
13:35:34 ERROR /home/bsc03/bsc03353/forge/src/dispatcher/posix.c:61 140285955651328: r->filehandle = 35, r->size = 8388608, r->offset = 103230210048
13:35:34 ERROR /home/bsc03/bsc03353/forge/src/dispatcher/posix.c:62 140285955651328: single write -1 of expected 8388608
13:35:38 ERROR /home/bsc03/bsc03353/forge/src/dispatcher/posix.c:61 140307430528768: r->filehandle = 35, r->size = 8388608, r->offset = 93365207040
13:35:38 ERROR /home/bsc03/bsc03353/forge/src/dispatcher/posix.c:62 140307430528768: single write -1 of expected 8388608
13:35:43 ERROR /home/bsc03/bsc03353/forge/src/dispatcher/posix.c:61 140300988065536: r->filehandle = 35, r->size = 8388608, r->offset = 101116280832
13:35:43 ERROR /home/bsc03/bsc03353/forge/src/dispatcher/posix.c:62 140300988065536: single write -1 of expected 8388608
13:35:44 ERROR /home/bsc03/bsc03353/forge/src/dispatcher/posix.c:61 140279513188096: r->filehandle = 35, r->size = 8388608, r->offset = 127188074496
13:35:44 ERROR /home/bsc03/bsc03353/forge/src/dispatcher/posix.c:62 140279513188096: single write -1 of expected 8388608
13:35:45 ERROR /home/bsc03/bsc03353/forge/src/dispatcher/posix.c:61 140285955651328: r->filehandle = 35, r->size = 8388608, r->offset = 134939148288
13:35:45 ERROR /home/bsc03/bsc03353/forge/src/dispatcher/posix.c:62 140285955651328: single write -1 of expected 8388608
13:35:46 ERROR /home/bsc03/bsc03353/forge/src/dispatcher/posix.c:61 140281660675840: r->filehandle = 35, r->size = 8388608, r->offset = 112390569984
13:35:46 ERROR /home/bsc03/bsc03353/forge/src/dispatcher/posix.c:62 140281660675840: single write -1 of expected 8388608
13:35:49 ERROR /home/bsc03/bsc03353/forge/src/dispatcher/posix.c:61 140292398114560: r->filehandle = 35, r->size = 8388608, r->offset = 99706994688
13:35:49 ERROR /home/bsc03/bsc03353/forge/src/dispatcher/posix.c:62 140292398114560: single write -1 of expected 8388608
13:35:49 ERROR /home/bsc03/bsc03353/forge/src/dispatcher/posix.c:61 140303135553280: r->filehandle = 35, r->size = 8388608, r->offset = 118027714560
13:35:49 ERROR /home/bsc03/bsc03353/forge/src/dispatcher/posix.c:62 140303135553280: single write -1 of expected 8388608
13:35:51 ERROR /home/bsc03/bsc03353/forge/src/dispatcher/posix.c:61 140311725504256: r->filehandle = 35, r->size = 8388608, r->offset = 13035896832
13:35:51 ERROR /home/bsc03/bsc03353/forge/src/dispatcher/posix.c:62 140311725504256: single write -1 of expected 8388608
13:35:54 ERROR /home/bsc03/bsc03353/forge/src/dispatcher/posix.c:61 140298840577792: r->filehandle = 35, r->size = 8388608, r->offset = 59542339584
13:35:54 ERROR /home/bsc03/bsc03353/forge/src/dispatcher/posix.c:62 140298840577792: single write -1 of expected 8388608
13:35:55 ERROR /home/bsc03/bsc03353/forge/src/dispatcher/posix.c:61 140294545602304: r->filehandle = 35, r->size = 8388608, r->offset = 15149826048
13:35:55 ERROR /home/bsc03/bsc03353/forge/src/dispatcher/posix.c:62 140294545602304: single write -1 of expected 8388608
13:35:59 ERROR /home/bsc03/bsc03353/forge/src/dispatcher/posix.c:61 140305283041024: r->filehandle = 35, r->size = 8388608, r->offset = 115913785344
13:35:59 ERROR /home/bsc03/bsc03353/forge/src/dispatcher/posix.c:62 140305283041024: single write -1 of expected 8388608
13:35:59 ERROR /home/bsc03/bsc03353/forge/src/dispatcher/posix.c:61 140292398114560: r->filehandle = 35, r->size = 8388608, r->offset = 106753425408
13:35:59 ERROR /home/bsc03/bsc03353/forge/src/dispatcher/posix.c:62 140292398114560: single write -1 of expected 8388608
13:36:01 ERROR /home/bsc03/bsc03353/forge/src/dispatcher/posix.c:61 140309578016512: r->filehandle = 35, r->size = 8388608, r->offset = 127892717568
13:36:01 ERROR /home/bsc03/bsc03353/forge/src/dispatcher/posix.c:62 140309578016512: single write -1 of expected 8388608
13:36:01 ERROR /home/bsc03/bsc03353/forge/src/dispatcher/posix.c:61 140285955651328: r->filehandle = 35, r->size = 8388608, r->offset = 114504499200
13:36:01 ERROR /home/bsc03/bsc03353/forge/src/dispatcher/posix.c:62 140285955651328: single write -1 of expected 8388608
13:36:03 ERROR /home/bsc03/bsc03353/forge/src/dispatcher/posix.c:61 140290250626816: r->filehandle = 35, r->size = 8388608, r->offset = 104639496192
13:36:03 ERROR /home/bsc03/bsc03353/forge/src/dispatcher/posix.c:62 140290250626816: single write -1 of expected 8388608
13:36:03 ERROR /home/bsc03/bsc03353/forge/src/dispatcher/posix.c:61 140309578016512: r->filehandle = 35, r->size = 8388608, r->offset = 16559112192
13:36:03 ERROR /home/bsc03/bsc03353/forge/src/dispatcher/posix.c:62 140309578016512: single write -1 of expected 8388608
13:36:04 ERROR /home/bsc03/bsc03353/forge/src/dispatcher/posix.c:61 140300988065536: r->filehandle = 35, r->size = 8388608, r->offset = 46858764288
13:36:04 ERROR /home/bsc03/bsc03353/forge/src/dispatcher/posix.c:62 140300988065536: single write -1 of expected 8388608
13:36:05 ERROR /home/bsc03/bsc03353/forge/src/dispatcher/posix.c:61 140290250626816: r->filehandle = 35, r->size = 8388608, r->offset = 5284823040
13:36:05 ERROR /home/bsc03/bsc03353/forge/src/dispatcher/posix.c:62 140290250626816: single write -1 of expected 8388608
13:36:06 ERROR /home/bsc03/bsc03353/forge/src/dispatcher/posix.c:61 140279513188096: r->filehandle = 35, r->size = 8388608, r->offset = 14445182976
13:36:06 ERROR /home/bsc03/bsc03353/forge/src/dispatcher/posix.c:62 140279513188096: single write -1 of expected 8388608
13:36:07 ERROR /home/bsc03/bsc03353/forge/src/dispatcher/posix.c:61 140300988065536: r->filehandle = 35, r->size = 8388608, r->offset = 61656268800
13:36:07 ERROR /home/bsc03/bsc03353/forge/src/dispatcher/posix.c:62 140300988065536: single write -1 of expected 8388608
13:36:07 ERROR /home/bsc03/bsc03353/forge/src/dispatcher/posix.c:61 140290250626816: r->filehandle = 35, r->size = 8388608, r->offset = 103934853120
13:36:07 ERROR /home/bsc03/bsc03353/forge/src/dispatcher/posix.c:62 140290250626816: single write -1 of expected 8388608
13:36:08 ERROR /home/bsc03/bsc03353/forge/src/dispatcher/posix.c:61 140290250626816: r->filehandle = 35, r->size = 8388608, r->offset = 89841991680
13:36:08 ERROR /home/bsc03/bsc03353/forge/src/dispatcher/posix.c:62 140290250626816: single write -1 of expected 8388608
13:36:10 ERROR /home/bsc03/bsc03353/forge/src/dispatcher/posix.c:61 140294545602304: r->filehandle = 35, r->size = 8388608, r->offset = 126483431424
13:36:10 ERROR /home/bsc03/bsc03353/forge/src/dispatcher/posix.c:62 140294545602304: single write -1 of expected 8388608
13:36:13 ERROR /home/bsc03/bsc03353/forge/src/dispatcher/posix.c:61 140283808163584: r->filehandle = 35, r->size = 8388608, r->offset = 125778788352
13:36:13 ERROR /home/bsc03/bsc03353/forge/src/dispatcher/posix.c:62 140283808163584: single write -1 of expected 8388608
13:36:18 ERROR /home/bsc03/bsc03353/forge/src/dispatcher/posix.c:61 140311725504256: r->filehandle = 35, r->size = 8388608, r->offset = 92660563968
13:36:18 ERROR /home/bsc03/bsc03353/forge/src/dispatcher/posix.c:62 140311725504256: single write -1 of expected 8388608
13:36:20 ERROR /home/bsc03/bsc03353/forge/src/dispatcher/posix.c:61 140296693090048: r->filehandle = 35, r->size = 8388608, r->offset = 122255572992
13:36:20 ERROR /home/bsc03/bsc03353/forge/src/dispatcher/posix.c:62 140296693090048: single write -1 of expected 8388608
13:36:21 ERROR /home/bsc03/bsc03353/forge/src/dispatcher/posix.c:61 140298840577792: r->filehandle = 35, r->size = 8388608, r->offset = 115209142272
13:36:21 ERROR /home/bsc03/bsc03353/forge/src/dispatcher/posix.c:62 140298840577792: single write -1 of expected 8388608
13:36:25 ERROR /home/bsc03/bsc03353/forge/src/dispatcher/posix.c:61 140307430528768: r->filehandle = 35, r->size = 8388608, r->offset = 48268050432
13:36:25 ERROR /home/bsc03/bsc03353/forge/src/dispatcher/posix.c:62 140307430528768: single write -1 of expected 8388608
13:36:27 ERROR /home/bsc03/bsc03353/forge/src/dispatcher/posix.c:61 140300988065536: r->filehandle = 35, r->size = 8388608, r->offset = 116618428416
13:36:27 ERROR /home/bsc03/bsc03353/forge/src/dispatcher/posix.c:62 140300988065536: single write -1 of expected 8388608
13:36:28 ERROR /home/bsc03/bsc03353/forge/src/dispatcher/posix.c:61 140294545602304: r->filehandle = 35, r->size = 8388608, r->offset = 82090917888
13:36:28 ERROR /home/bsc03/bsc03353/forge/src/dispatcher/posix.c:62 140294545602304: single write -1 of expected 8388608
13:36:33 ERROR /home/bsc03/bsc03353/forge/src/dispatcher/posix.c:61 140292398114560: r->filehandle = 35, r->size = 8388608, r->offset = 70816628736
13:36:33 ERROR /home/bsc03/bsc03353/forge/src/dispatcher/posix.c:62 140292398114560: single write -1 of expected 8388608
13:36:35 ERROR /home/bsc03/bsc03353/forge/src/dispatcher/posix.c:61 140283808163584: r->filehandle = 35, r->size = 8388608, r->offset = 129302003712
13:36:35 ERROR /home/bsc03/bsc03353/forge/src/dispatcher/posix.c:62 140283808163584: single write -1 of expected 8388608
13:36:36 ERROR /home/bsc03/bsc03353/forge/src/dispatcher/posix.c:61 140279513188096: r->filehandle = 35, r->size = 8388608, r->offset = 3875536896
13:36:36 ERROR /home/bsc03/bsc03353/forge/src/dispatcher/posix.c:62 140279513188096: single write -1 of expected 8388608
13:36:37 ERROR /home/bsc03/bsc03353/forge/src/dispatcher/posix.c:61 140290250626816: r->filehandle = 35, r->size = 8388608, r->offset = 2466250752
13:36:37 ERROR /home/bsc03/bsc03353/forge/src/dispatcher/posix.c:62 140290250626816: single write -1 of expected 8388608
13:36:38 ERROR /home/bsc03/bsc03353/forge/src/dispatcher/posix.c:61 140303135553280: r->filehandle = 35, r->size = 8388608, r->offset = 1761607680
13:36:38 ERROR /home/bsc03/bsc03353/forge/src/dispatcher/posix.c:62 140303135553280: single write -1 of expected 8388608
13:36:38 ERROR /home/bsc03/bsc03353/forge/src/dispatcher/posix.c:61 140305283041024: r->filehandle = 35, r->size = 8388608, r->offset = 25719472128
13:36:38 ERROR /home/bsc03/bsc03353/forge/src/dispatcher/posix.c:62 140305283041024: single write -1 of expected 8388608
13:36:40 ERROR /home/bsc03/bsc03353/forge/src/dispatcher/posix.c:61 140285955651328: r->filehandle = 35, r->size = 8388608, r->offset = 47563407360
13:36:40 ERROR /home/bsc03/bsc03353/forge/src/dispatcher/posix.c:62 140285955651328: single write -1 of expected 8388608
13:36:41 ERROR /home/bsc03/bsc03353/forge/src/dispatcher/posix.c:61 140311725504256: r->filehandle = 35, r->size = 8388608, r->offset = 123664859136
13:36:41 ERROR /home/bsc03/bsc03353/forge/src/dispatcher/posix.c:62 140311725504256: single write -1 of expected 8388608
13:36:42 ERROR /home/bsc03/bsc03353/forge/src/dispatcher/posix.c:61 140281660675840: r->filehandle = 35, r->size = 8388608, r->offset = 36993761280
13:36:42 ERROR /home/bsc03/bsc03353/forge/src/dispatcher/posix.c:62 140281660675840: single write -1 of expected 8388608
13:36:43 ERROR /home/bsc03/bsc03353/forge/src/dispatcher/posix.c:61 140279513188096: r->filehandle = 35, r->size = 8388608, r->offset = 35584475136
13:36:43 ERROR /home/bsc03/bsc03353/forge/src/dispatcher/posix.c:62 140279513188096: single write -1 of expected 8388608
13:36:45 ERROR /home/bsc03/bsc03353/forge/src/dispatcher/posix.c:61 140292398114560: r->filehandle = 35, r->size = 8388608, r->offset = 13740539904
13:36:45 ERROR /home/bsc03/bsc03353/forge/src/dispatcher/posix.c:62 140292398114560: single write -1 of expected 8388608
13:36:46 ERROR /home/bsc03/bsc03353/forge/src/dispatcher/posix.c:61 140311725504256: r->filehandle = 35, r->size = 8388608, r->offset = 25014829056
13:36:46 ERROR /home/bsc03/bsc03353/forge/src/dispatcher/posix.c:62 140311725504256: single write -1 of expected 8388608
13:36:47 ERROR /home/bsc03/bsc03353/forge/src/dispatcher/posix.c:61 140311725504256: r->filehandle = 35, r->size = 8388608, r->offset = 84204847104
13:36:47 ERROR /home/bsc03/bsc03353/forge/src/dispatcher/posix.c:62 140311725504256: single write -1 of expected 8388608
13:36:48 ERROR /home/bsc03/bsc03353/forge/src/dispatcher/posix.c:61 140290250626816: r->filehandle = 35, r->size = 8388608, r->offset = 27833401344
13:36:48 ERROR /home/bsc03/bsc03353/forge/src/dispatcher/posix.c:62 140290250626816: single write -1 of expected 8388608
13:36:49 ERROR /home/bsc03/bsc03353/forge/src/dispatcher/posix.c:61 140298840577792: r->filehandle = 35, r->size = 8388608, r->offset = 95479136256
13:36:49 ERROR /home/bsc03/bsc03353/forge/src/dispatcher/posix.c:62 140298840577792: single write -1 of expected 8388608
13:36:50 ERROR /home/bsc03/bsc03353/forge/src/dispatcher/posix.c:61 140288103139072: r->filehandle = 35, r->size = 8388608, r->offset = 3170893824
13:36:50 ERROR /home/bsc03/bsc03353/forge/src/dispatcher/posix.c:62 140288103139072: single write -1 of expected 8388608
13:36:50 ERROR /home/bsc03/bsc03353/forge/src/dispatcher/posix.c:61 140296693090048: r->filehandle = 35, r->size = 8388608, r->offset = 50381979648
13:36:50 ERROR /home/bsc03/bsc03353/forge/src/dispatcher/posix.c:62 140296693090048: single write -1 of expected 8388608
13:36:51 ERROR /home/bsc03/bsc03353/forge/src/dispatcher/posix.c:61 140285955651328: r->filehandle = 35, r->size = 8388608, r->offset = 69407342592
13:36:51 ERROR /home/bsc03/bsc03353/forge/src/dispatcher/posix.c:62 140285955651328: single write -1 of expected 8388608
13:36:52 ERROR /home/bsc03/bsc03353/forge/src/dispatcher/posix.c:61 140298840577792: r->filehandle = 35, r->size = 8388608, r->offset = 78567702528
13:36:52 ERROR /home/bsc03/bsc03353/forge/src/dispatcher/posix.c:62 140298840577792: single write -1 of expected 8388608
13:36:56 ERROR /home/bsc03/bsc03353/forge/src/dispatcher/posix.c:61 140285955651328: r->filehandle = 35, r->size = 8388608, r->offset = 126131109888
13:36:56 ERROR /home/bsc03/bsc03353/forge/src/dispatcher/posix.c:62 140285955651328: single write -1 of expected 8388608
13:36:56 ERROR /home/bsc03/bsc03353/forge/src/dispatcher/posix.c:61 140303135553280: r->filehandle = 35, r->size = 8388608, r->offset = 110981283840
13:36:56 ERROR /home/bsc03/bsc03353/forge/src/dispatcher/posix.c:62 140303135553280: single write -1 of expected 8388608
13:36:57 ERROR /home/bsc03/bsc03353/forge/src/dispatcher/posix.c:61 140288103139072: r->filehandle = 35, r->size = 8388608, r->offset = 36289118208
13:36:57 ERROR /home/bsc03/bsc03353/forge/src/dispatcher/posix.c:62 140288103139072: single write -1 of expected 8388608
13:36:57 ERROR /home/bsc03/bsc03353/forge/src/dispatcher/posix.c:61 140307430528768: r->filehandle = 35, r->size = 8388608, r->offset = 24310185984
13:36:57 ERROR /home/bsc03/bsc03353/forge/src/dispatcher/posix.c:62 140307430528768: single write -1 of expected 8388608
13:36:59 ERROR /home/bsc03/bsc03353/forge/src/dispatcher/posix.c:61 140281660675840: r->filehandle = 35, r->size = 8388608, r->offset = 33470545920
13:36:59 ERROR /home/bsc03/bsc03353/forge/src/dispatcher/posix.c:62 140281660675840: single write -1 of expected 8388608
13:37:00 ERROR /home/bsc03/bsc03353/forge/src/dispatcher/posix.c:61 140300988065536: r->filehandle = 35, r->size = 8388608, r->offset = 72930557952
13:37:00 ERROR /home/bsc03/bsc03353/forge/src/dispatcher/posix.c:62 140300988065536: single write -1 of expected 8388608
13:37:01 ERROR /home/bsc03/bsc03353/forge/src/dispatcher/posix.c:61 140309578016512: r->filehandle = 35, r->size = 8388608, r->offset = 67293413376
13:37:01 ERROR /home/bsc03/bsc03353/forge/src/dispatcher/posix.c:62 140309578016512: single write -1 of expected 8388608
13:37:02 ERROR /home/bsc03/bsc03353/forge/src/dispatcher/posix.c:61 140292398114560: r->filehandle = 35, r->size = 8388608, r->offset = 39107690496
13:37:02 ERROR /home/bsc03/bsc03353/forge/src/dispatcher/posix.c:62 140292398114560: single write -1 of expected 8388608
13:37:03 ERROR /home/bsc03/bsc03353/forge/src/dispatcher/posix.c:61 140279513188096: r->filehandle = 35, r->size = 8388608, r->offset = 56019124224
13:37:03 ERROR /home/bsc03/bsc03353/forge/src/dispatcher/posix.c:62 140279513188096: single write -1 of expected 8388608
13:37:04 ERROR /home/bsc03/bsc03353/forge/src/dispatcher/posix.c:61 140303135553280: r->filehandle = 35, r->size = 8388608, r->offset = 70111985664
13:37:04 ERROR /home/bsc03/bsc03353/forge/src/dispatcher/posix.c:62 140303135553280: single write -1 of expected 8388608
13:37:04 ERROR /home/bsc03/bsc03353/forge/src/dispatcher/posix.c:61 140300988065536: r->filehandle = 35, r->size = 8388608, r->offset = 24662507520
13:37:04 ERROR /home/bsc03/bsc03353/forge/src/dispatcher/posix.c:62 140300988065536: single write -1 of expected 8388608
13:37:05 ERROR /home/bsc03/bsc03353/forge/src/dispatcher/posix.c:61 140296693090048: r->filehandle = 35, r->size = 8388608, r->offset = 81386274816
13:37:05 ERROR /home/bsc03/bsc03353/forge/src/dispatcher/posix.c:62 140296693090048: single write -1 of expected 8388608
13:37:07 ERROR /home/bsc03/bsc03353/forge/src/dispatcher/posix.c:61 140279513188096: r->filehandle = 35, r->size = 8388608, r->offset = 69759664128
13:37:07 ERROR /home/bsc03/bsc03353/forge/src/dispatcher/posix.c:62 140279513188096: single write -1 of expected 8388608
13:37:08 ERROR /home/bsc03/bsc03353/forge/src/dispatcher/posix.c:61 140288103139072: r->filehandle = 35, r->size = 8388608, r->offset = 2113929216
13:37:08 ERROR /home/bsc03/bsc03353/forge/src/dispatcher/posix.c:62 140288103139072: single write -1 of expected 8388608
13:37:08 ERROR /home/bsc03/bsc03353/forge/src/dispatcher/posix.c:61 140294545602304: r->filehandle = 35, r->size = 8388608, r->offset = 94069850112
13:37:08 ERROR /home/bsc03/bsc03353/forge/src/dispatcher/posix.c:62 140294545602304: single write -1 of expected 8388608
13:37:11 ERROR /home/bsc03/bsc03353/forge/src/dispatcher/posix.c:61 140281660675840: r->filehandle = 35, r->size = 8388608, r->offset = 77158416384
13:37:11 ERROR /home/bsc03/bsc03353/forge/src/dispatcher/posix.c:62 140281660675840: single write -1 of expected 8388608
13:37:13 ERROR /home/bsc03/bsc03353/forge/src/dispatcher/posix.c:61 140298840577792: r->filehandle = 35, r->size = 8388608, r->offset = 105344139264
13:37:13 ERROR /home/bsc03/bsc03353/forge/src/dispatcher/posix.c:62 140298840577792: single write -1 of expected 8388608
13:37:14 ERROR /home/bsc03/bsc03353/forge/src/dispatcher/posix.c:61 140300988065536: r->filehandle = 35, r->size = 8388608, r->offset = 9512681472
13:37:14 ERROR /home/bsc03/bsc03353/forge/src/dispatcher/posix.c:62 140300988065536: single write -1 of expected 8388608
13:37:15 ERROR /home/bsc03/bsc03353/forge/src/dispatcher/posix.c:61 140279513188096: r->filehandle = 35, r->size = 8388608, r->offset = 20786970624
13:37:15 ERROR /home/bsc03/bsc03353/forge/src/dispatcher/posix.c:62 140279513188096: single write -1 of expected 8388608
13:37:16 ERROR /home/bsc03/bsc03353/forge/src/dispatcher/posix.c:61 140305283041024: r->filehandle = 35, r->size = 8388608, r->offset = 91955920896
13:37:16 ERROR /home/bsc03/bsc03353/forge/src/dispatcher/posix.c:62 140305283041024: single write -1 of expected 8388608
13:37:18 ERROR /home/bsc03/bsc03353/forge/src/dispatcher/posix.c:61 140298840577792: r->filehandle = 35, r->size = 8388608, r->offset = 88432705536
13:37:18 ERROR /home/bsc03/bsc03353/forge/src/dispatcher/posix.c:62 140298840577792: single write -1 of expected 8388608
13:37:20 ERROR /home/bsc03/bsc03353/forge/src/dispatcher/posix.c:61 140292398114560: r->filehandle = 35, r->size = 8388608, r->offset = 82795560960
13:37:20 ERROR /home/bsc03/bsc03353/forge/src/dispatcher/posix.c:62 140292398114560: single write -1 of expected 8388608
13:37:22 ERROR /home/bsc03/bsc03353/forge/src/dispatcher/posix.c:61 140311725504256: r->filehandle = 35, r->size = 8388608, r->offset = 65884127232
13:37:22 ERROR /home/bsc03/bsc03353/forge/src/dispatcher/posix.c:62 140311725504256: single write -1 of expected 8388608
13:37:23 ERROR /home/bsc03/bsc03353/forge/src/dispatcher/posix.c:61 140305283041024: r->filehandle = 35, r->size = 8388608, r->offset = 92308242432
13:37:23 ERROR /home/bsc03/bsc03353/forge/src/dispatcher/posix.c:62 140305283041024: single write -1 of expected 8388608
13:37:24 ERROR /home/bsc03/bsc03353/forge/src/dispatcher/posix.c:61 140283808163584: r->filehandle = 35, r->size = 8388608, r->offset = 80681631744
13:37:24 ERROR /home/bsc03/bsc03353/forge/src/dispatcher/posix.c:62 140283808163584: single write -1 of expected 8388608
13:37:25 ERROR /home/bsc03/bsc03353/forge/src/dispatcher/posix.c:61 140303135553280: r->filehandle = 35, r->size = 8388608, r->offset = 133529862144
13:37:25 ERROR /home/bsc03/bsc03353/forge/src/dispatcher/posix.c:62 140303135553280: single write -1 of expected 8388608
13:37:25 ERROR /home/bsc03/bsc03353/forge/src/dispatcher/posix.c:61 140285955651328: r->filehandle = 35, r->size = 8388608, r->offset = 48972693504
13:37:25 ERROR /home/bsc03/bsc03353/forge/src/dispatcher/posix.c:62 140285955651328: single write -1 of expected 8388608
13:37:26 ERROR /home/bsc03/bsc03353/forge/src/dispatcher/posix.c:61 140294545602304: r->filehandle = 35, r->size = 8388608, r->offset = 125426466816
13:37:26 ERROR /home/bsc03/bsc03353/forge/src/dispatcher/posix.c:62 140294545602304: single write -1 of expected 8388608
13:37:28 ERROR /home/bsc03/bsc03353/forge/src/dispatcher/posix.c:61 140311725504256: r->filehandle = 35, r->size = 8388608, r->offset = 71521271808
13:37:28 ERROR /home/bsc03/bsc03353/forge/src/dispatcher/posix.c:62 140311725504256: single write -1 of expected 8388608
13:37:29 ERROR /home/bsc03/bsc03353/forge/src/dispatcher/posix.c:61 140305283041024: r->filehandle = 35, r->size = 8388608, r->offset = 103582531584
13:37:29 ERROR /home/bsc03/bsc03353/forge/src/dispatcher/posix.c:62 140305283041024: single write -1 of expected 8388608
13:37:30 ERROR /home/bsc03/bsc03353/forge/src/dispatcher/posix.c:61 140298840577792: r->filehandle = 35, r->size = 8388608, r->offset = 58485374976
13:37:30 ERROR /home/bsc03/bsc03353/forge/src/dispatcher/posix.c:62 140298840577792: single write -1 of expected 8388608
13:37:31 ERROR /home/bsc03/bsc03353/forge/src/dispatcher/posix.c:61 140283808163584: r->filehandle = 35, r->size = 8388608, r->offset = 58837696512
13:37:31 ERROR /home/bsc03/bsc03353/forge/src/dispatcher/posix.c:62 140283808163584: single write -1 of expected 8388608
13:37:33 ERROR /home/bsc03/bsc03353/forge/src/dispatcher/posix.c:61 140281660675840: r->filehandle = 35, r->size = 8388608, r->offset = 13388218368
13:37:33 ERROR /home/bsc03/bsc03353/forge/src/dispatcher/posix.c:62 140281660675840: single write -1 of expected 8388608
13:37:35 ERROR /home/bsc03/bsc03353/forge/src/dispatcher/posix.c:61 140283808163584: r->filehandle = 35, r->size = 8388608, r->offset = 12683575296
13:37:35 ERROR /home/bsc03/bsc03353/forge/src/dispatcher/posix.c:62 140283808163584: single write -1 of expected 8388608
13:37:36 ERROR /home/bsc03/bsc03353/forge/src/dispatcher/posix.c:61 140279513188096: r->filehandle = 35, r->size = 8388608, r->offset = 37698404352
13:37:36 ERROR /home/bsc03/bsc03353/forge/src/dispatcher/posix.c:62 140279513188096: single write -1 of expected 8388608
13:37:37 ERROR /home/bsc03/bsc03353/forge/src/dispatcher/posix.c:61 140307430528768: r->filehandle = 35, r->size = 8388608, r->offset = 114856820736
13:37:37 ERROR /home/bsc03/bsc03353/forge/src/dispatcher/posix.c:62 140307430528768: single write -1 of expected 8388608
13:37:38 ERROR /home/bsc03/bsc03353/forge/src/dispatcher/posix.c:61 140300988065536: r->filehandle = 35, r->size = 8388608, r->offset = 35936796672
13:37:38 ERROR /home/bsc03/bsc03353/forge/src/dispatcher/posix.c:62 140300988065536: single write -1 of expected 8388608
13:37:39 ERROR /home/bsc03/bsc03353/forge/src/dispatcher/posix.c:61 140288103139072: r->filehandle = 35, r->size = 8388608, r->offset = 60246982656
13:37:39 ERROR /home/bsc03/bsc03353/forge/src/dispatcher/posix.c:62 140288103139072: single write -1 of expected 8388608
13:37:39 ERROR /home/bsc03/bsc03353/forge/src/dispatcher/posix.c:61 140309578016512: r->filehandle = 35, r->size = 8388608, r->offset = 54609838080
13:37:39 ERROR /home/bsc03/bsc03353/forge/src/dispatcher/posix.c:62 140309578016512: single write -1 of expected 8388608
13:37:40 ERROR /home/bsc03/bsc03353/forge/src/dispatcher/posix.c:61 140298840577792: r->filehandle = 35, r->size = 8388608, r->offset = 133882183680
13:37:40 ERROR /home/bsc03/bsc03353/forge/src/dispatcher/posix.c:62 140298840577792: single write -1 of expected 8388608
13:37:43 ERROR /home/bsc03/bsc03353/forge/src/dispatcher/posix.c:61 140283808163584: r->filehandle = 35, r->size = 8388608, r->offset = 111333605376
13:37:43 ERROR /home/bsc03/bsc03353/forge/src/dispatcher/posix.c:62 140283808163584: single write -1 of expected 8388608
13:37:44 ERROR /home/bsc03/bsc03353/forge/src/dispatcher/posix.c:61 140298840577792: r->filehandle = 35, r->size = 8388608, r->offset = 116266106880
13:37:44 ERROR /home/bsc03/bsc03353/forge/src/dispatcher/posix.c:62 140298840577792: single write -1 of expected 8388608
13:37:46 ERROR /home/bsc03/bsc03353/forge/src/dispatcher/posix.c:61 140279513188096: r->filehandle = 35, r->size = 8388608, r->offset = 46506442752
13:37:46 ERROR /home/bsc03/bsc03353/forge/src/dispatcher/posix.c:62 140279513188096: single write -1 of expected 8388608
13:37:46 ERROR /home/bsc03/bsc03353/forge/src/dispatcher/posix.c:61 140305283041024: r->filehandle = 35, r->size = 8388608, r->offset = 1409286144
13:37:46 ERROR /home/bsc03/bsc03353/forge/src/dispatcher/posix.c:62 140305283041024: single write -1 of expected 8388608
13:37:48 ERROR /home/bsc03/bsc03353/forge/src/dispatcher/posix.c:61 140288103139072: r->filehandle = 35, r->size = 8388608, r->offset = 91603599360
13:37:48 ERROR /home/bsc03/bsc03353/forge/src/dispatcher/posix.c:62 140288103139072: single write -1 of expected 8388608
13:37:50 ERROR /home/bsc03/bsc03353/forge/src/dispatcher/posix.c:61 140292398114560: r->filehandle = 35, r->size = 8388608, r->offset = 47211085824
13:37:50 ERROR /home/bsc03/bsc03353/forge/src/dispatcher/posix.c:62 140292398114560: single write -1 of expected 8388608
13:37:50 ERROR /home/bsc03/bsc03353/forge/src/dispatcher/posix.c:61 140294545602304: r->filehandle = 35, r->size = 8388608, r->offset = 35232153600
13:37:50 ERROR /home/bsc03/bsc03353/forge/src/dispatcher/posix.c:62 140294545602304: single write -1 of expected 8388608
13:37:52 ERROR /home/bsc03/bsc03353/forge/src/dispatcher/posix.c:61 140303135553280: r->filehandle = 35, r->size = 8388608, r->offset = 32061259776
13:37:52 ERROR /home/bsc03/bsc03353/forge/src/dispatcher/posix.c:62 140303135553280: single write -1 of expected 8388608
13:37:54 ERROR /home/bsc03/bsc03353/forge/src/dispatcher/posix.c:61 140307430528768: r->filehandle = 35, r->size = 8388608, r->offset = 23957864448
13:37:54 ERROR /home/bsc03/bsc03353/forge/src/dispatcher/posix.c:62 140307430528768: single write -1 of expected 8388608
13:37:55 ERROR /home/bsc03/bsc03353/forge/src/dispatcher/posix.c:61 140292398114560: r->filehandle = 35, r->size = 8388608, r->offset = 110628962304
13:37:55 ERROR /home/bsc03/bsc03353/forge/src/dispatcher/posix.c:62 140292398114560: single write -1 of expected 8388608
13:37:55 ERROR /home/bsc03/bsc03353/forge/src/dispatcher/posix.c:61 140300988065536: r->filehandle = 35, r->size = 8388608, r->offset = 81033953280
13:37:55 ERROR /home/bsc03/bsc03353/forge/src/dispatcher/posix.c:62 140300988065536: single write -1 of expected 8388608
13:37:56 ERROR /home/bsc03/bsc03353/forge/src/dispatcher/posix.c:61 140294545602304: r->filehandle = 35, r->size = 8388608, r->offset = 32413581312
13:37:56 ERROR /home/bsc03/bsc03353/forge/src/dispatcher/posix.c:62 140294545602304: single write -1 of expected 8388608
13:37:56 ERROR /home/bsc03/bsc03353/forge/src/dispatcher/posix.c:61 140288103139072: r->filehandle = 35, r->size = 8388608, r->offset = 9865003008
13:37:56 ERROR /home/bsc03/bsc03353/forge/src/dispatcher/posix.c:62 140288103139072: single write -1 of expected 8388608
13:37:59 ERROR /home/bsc03/bsc03353/forge/src/dispatcher/posix.c:61 140285955651328: r->filehandle = 35, r->size = 8388608, r->offset = 43335548928
13:37:59 ERROR /home/bsc03/bsc03353/forge/src/dispatcher/posix.c:62 140285955651328: single write -1 of expected 8388608
13:37:59 ERROR /home/bsc03/bsc03353/forge/src/dispatcher/posix.c:61 140283808163584: r->filehandle = 35, r->size = 8388608, r->offset = 80329310208
13:37:59 ERROR /home/bsc03/bsc03353/forge/src/dispatcher/posix.c:62 140283808163584: single write -1 of expected 8388608
13:38:00 ERROR /home/bsc03/bsc03353/forge/src/dispatcher/posix.c:61 140279513188096: r->filehandle = 35, r->size = 8388608, r->offset = 128245039104
13:38:00 ERROR /home/bsc03/bsc03353/forge/src/dispatcher/posix.c:62 140279513188096: single write -1 of expected 8388608
13:38:01 ERROR /home/bsc03/bsc03353/forge/src/dispatcher/posix.c:61 140300988065536: r->filehandle = 35, r->size = 8388608, r->offset = 21139292160
13:38:01 ERROR /home/bsc03/bsc03353/forge/src/dispatcher/posix.c:62 140300988065536: single write -1 of expected 8388608
13:38:01 ERROR /home/bsc03/bsc03353/forge/src/dispatcher/posix.c:61 140288103139072: r->filehandle = 35, r->size = 8388608, r->offset = 66236448768
13:38:01 ERROR /home/bsc03/bsc03353/forge/src/dispatcher/posix.c:62 140288103139072: single write -1 of expected 8388608
13:38:02 ERROR /home/bsc03/bsc03353/forge/src/dispatcher/posix.c:61 140290250626816: r->filehandle = 35, r->size = 8388608, r->offset = 44744835072
13:38:02 ERROR /home/bsc03/bsc03353/forge/src/dispatcher/posix.c:62 140290250626816: single write -1 of expected 8388608
13:38:03 ERROR /home/bsc03/bsc03353/forge/src/dispatcher/posix.c:61 140288103139072: r->filehandle = 35, r->size = 8388608, r->offset = 71873593344
13:38:03 ERROR /home/bsc03/bsc03353/forge/src/dispatcher/posix.c:62 140288103139072: single write -1 of expected 8388608
13:38:06 ERROR /home/bsc03/bsc03353/forge/src/dispatcher/posix.c:61 140290250626816: r->filehandle = 35, r->size = 8388608, r->offset = 83147882496
13:38:06 ERROR /home/bsc03/bsc03353/forge/src/dispatcher/posix.c:62 140290250626816: single write -1 of expected 8388608
13:38:07 ERROR /home/bsc03/bsc03353/forge/src/dispatcher/posix.c:61 140311725504256: r->filehandle = 35, r->size = 8388608, r->offset = 114152177664
13:38:07 ERROR /home/bsc03/bsc03353/forge/src/dispatcher/posix.c:62 140311725504256: single write -1 of expected 8388608
13:38:07 ERROR /home/bsc03/bsc03353/forge/src/dispatcher/posix.c:61 140309578016512: r->filehandle = 35, r->size = 8388608, r->offset = 57780731904
13:38:07 ERROR /home/bsc03/bsc03353/forge/src/dispatcher/posix.c:62 140309578016512: single write -1 of expected 8388608
13:38:09 ERROR /home/bsc03/bsc03353/forge/src/dispatcher/posix.c:61 140305283041024: r->filehandle = 35, r->size = 8388608, r->offset = 121903251456
13:38:09 ERROR /home/bsc03/bsc03353/forge/src/dispatcher/posix.c:62 140305283041024: single write -1 of expected 8388608
13:38:10 ERROR /home/bsc03/bsc03353/forge/src/dispatcher/posix.c:61 140294545602304: r->filehandle = 35, r->size = 8388608, r->offset = 133177540608
13:38:10 ERROR /home/bsc03/bsc03353/forge/src/dispatcher/posix.c:62 140294545602304: single write -1 of expected 8388608
13:38:11 ERROR /home/bsc03/bsc03353/forge/src/dispatcher/posix.c:61 140303135553280: r->filehandle = 35, r->size = 8388608, r->offset = 127540396032
13:38:11 ERROR /home/bsc03/bsc03353/forge/src/dispatcher/posix.c:62 140303135553280: single write -1 of expected 8388608
13:38:12 ERROR /home/bsc03/bsc03353/forge/src/dispatcher/posix.c:61 140292398114560: r->filehandle = 35, r->size = 8388608, r->offset = 43687870464
13:38:12 ERROR /home/bsc03/bsc03353/forge/src/dispatcher/posix.c:62 140292398114560: single write -1 of expected 8388608
13:38:12 ERROR /home/bsc03/bsc03353/forge/src/dispatcher/posix.c:61 140290250626816: r->filehandle = 35, r->size = 8388608, r->offset = 71168950272
13:38:12 ERROR /home/bsc03/bsc03353/forge/src/dispatcher/posix.c:62 140290250626816: single write -1 of expected 8388608
13:38:13 ERROR /home/bsc03/bsc03353/forge/src/dispatcher/posix.c:61 140294545602304: r->filehandle = 35, r->size = 8388608, r->offset = 26776436736
13:38:13 ERROR /home/bsc03/bsc03353/forge/src/dispatcher/posix.c:62 140294545602304: single write -1 of expected 8388608
13:38:15 ERROR /home/bsc03/bsc03353/forge/src/dispatcher/posix.c:61 140292398114560: r->filehandle = 35, r->size = 8388608, r->offset = 49325015040
13:38:15 ERROR /home/bsc03/bsc03353/forge/src/dispatcher/posix.c:62 140292398114560: single write -1 of expected 8388608
13:38:17 ERROR /home/bsc03/bsc03353/forge/src/dispatcher/posix.c:61 140294545602304: r->filehandle = 35, r->size = 8388608, r->offset = 105696460800
13:38:17 ERROR /home/bsc03/bsc03353/forge/src/dispatcher/posix.c:62 140294545602304: single write -1 of expected 8388608
13:38:18 ERROR /home/bsc03/bsc03353/forge/src/dispatcher/posix.c:61 140307430528768: r->filehandle = 35, r->size = 8388608, r->offset = 15502147584
13:38:18 ERROR /home/bsc03/bsc03353/forge/src/dispatcher/posix.c:62 140307430528768: single write -1 of expected 8388608
13:38:19 ERROR /home/bsc03/bsc03353/forge/src/dispatcher/posix.c:61 140292398114560: r->filehandle = 35, r->size = 8388608, r->offset = 88080384000
13:38:19 ERROR /home/bsc03/bsc03353/forge/src/dispatcher/posix.c:62 140292398114560: single write -1 of expected 8388608
13:38:20 ERROR /home/bsc03/bsc03353/forge/src/dispatcher/posix.c:61 140296693090048: r->filehandle = 35, r->size = 8388608, r->offset = 26424115200
13:38:20 ERROR /home/bsc03/bsc03353/forge/src/dispatcher/posix.c:62 140296693090048: single write -1 of expected 8388608
13:38:20 ERROR /home/bsc03/bsc03353/forge/src/dispatcher/posix.c:61 140285955651328: r->filehandle = 35, r->size = 8388608, r->offset = 38050725888
13:38:20 ERROR /home/bsc03/bsc03353/forge/src/dispatcher/posix.c:62 140285955651328: single write -1 of expected 8388608
13:38:21 ERROR /home/bsc03/bsc03353/forge/src/dispatcher/posix.c:61 140283808163584: r->filehandle = 35, r->size = 8388608, r->offset = 88785027072
13:38:21 ERROR /home/bsc03/bsc03353/forge/src/dispatcher/posix.c:62 140283808163584: single write -1 of expected 8388608
13:38:22 ERROR /home/bsc03/bsc03353/forge/src/dispatcher/posix.c:61 140279513188096: r->filehandle = 35, r->size = 8388608, r->offset = 20434649088
13:38:22 ERROR /home/bsc03/bsc03353/forge/src/dispatcher/posix.c:62 140279513188096: single write -1 of expected 8388608
13:38:23 ERROR /home/bsc03/bsc03353/forge/src/dispatcher/posix.c:61 140296693090048: r->filehandle = 35, r->size = 8388608, r->offset = 26071793664
13:38:23 ERROR /home/bsc03/bsc03353/forge/src/dispatcher/posix.c:62 140296693090048: single write -1 of expected 8388608
13:38:24 ERROR /home/bsc03/bsc03353/forge/src/dispatcher/posix.c:61 140296693090048: r->filehandle = 35, r->size = 8388608, r->offset = 3523215360
13:38:24 ERROR /home/bsc03/bsc03353/forge/src/dispatcher/posix.c:62 140296693090048: single write -1 of expected 8388608
13:38:26 ERROR /home/bsc03/bsc03353/forge/src/dispatcher/posix.c:61 140311725504256: r->filehandle = 35, r->size = 8388608, r->offset = 14797504512
13:38:26 ERROR /home/bsc03/bsc03353/forge/src/dispatcher/posix.c:62 140311725504256: single write -1 of expected 8388608
13:38:26 ERROR /home/bsc03/bsc03353/forge/src/dispatcher/posix.c:61 140309578016512: r->filehandle = 35, r->size = 8388608, r->offset = 116970749952
13:38:26 ERROR /home/bsc03/bsc03353/forge/src/dispatcher/posix.c:62 140309578016512: single write -1 of expected 8388608
13:38:28 ERROR /home/bsc03/bsc03353/forge/src/dispatcher/posix.c:61 140305283041024: r->filehandle = 35, r->size = 8388608, r->offset = 54962159616
13:38:28 ERROR /home/bsc03/bsc03353/forge/src/dispatcher/posix.c:62 140305283041024: single write -1 of expected 8388608
13:38:29 ERROR /home/bsc03/bsc03353/forge/src/dispatcher/posix.c:61 140283808163584: r->filehandle = 35, r->size = 8388608, r->offset = 59894661120
13:38:29 ERROR /home/bsc03/bsc03353/forge/src/dispatcher/posix.c:62 140283808163584: single write -1 of expected 8388608
13:38:30 ERROR /home/bsc03/bsc03353/forge/src/dispatcher/posix.c:61 140309578016512: r->filehandle = 35, r->size = 8388608, r->offset = 48620371968
13:38:30 ERROR /home/bsc03/bsc03353/forge/src/dispatcher/posix.c:62 140309578016512: single write -1 of expected 8388608
13:38:31 ERROR /home/bsc03/bsc03353/forge/src/dispatcher/posix.c:61 140292398114560: r->filehandle = 35, r->size = 8388608, r->offset = 9160359936
13:38:31 ERROR /home/bsc03/bsc03353/forge/src/dispatcher/posix.c:62 140292398114560: single write -1 of expected 8388608
13:38:32 ERROR /home/bsc03/bsc03353/forge/src/dispatcher/posix.c:61 140290250626816: r->filehandle = 35, r->size = 8388608, r->offset = 4227858432
13:38:32 ERROR /home/bsc03/bsc03353/forge/src/dispatcher/posix.c:62 140290250626816: single write -1 of expected 8388608
13:38:33 ERROR /home/bsc03/bsc03353/forge/src/dispatcher/posix.c:61 140285955651328: r->filehandle = 35, r->size = 8388608, r->offset = 76806094848
13:38:33 ERROR /home/bsc03/bsc03353/forge/src/dispatcher/posix.c:62 140285955651328: single write -1 of expected 8388608
13:38:34 ERROR /home/bsc03/bsc03353/forge/src/dispatcher/posix.c:61 140305283041024: r->filehandle = 35, r->size = 8388608, r->offset = 77510737920
13:38:34 ERROR /home/bsc03/bsc03353/forge/src/dispatcher/posix.c:62 140305283041024: single write -1 of expected 8388608
13:38:35 ERROR /home/bsc03/bsc03353/forge/src/dispatcher/posix.c:61 140294545602304: r->filehandle = 35, r->size = 8388608, r->offset = 94422171648
13:38:35 ERROR /home/bsc03/bsc03353/forge/src/dispatcher/posix.c:62 140294545602304: single write -1 of expected 8388608
13:38:38 ERROR /home/bsc03/bsc03353/forge/src/dispatcher/posix.c:61 140309578016512: r->filehandle = 35, r->size = 8388608, r->offset = 31708938240
13:38:38 ERROR /home/bsc03/bsc03353/forge/src/dispatcher/posix.c:62 140309578016512: single write -1 of expected 8388608
13:38:40 ERROR /home/bsc03/bsc03353/forge/src/dispatcher/posix.c:61 140307430528768: r->filehandle = 35, r->size = 8388608, r->offset = 82443239424
13:38:40 ERROR /home/bsc03/bsc03353/forge/src/dispatcher/posix.c:62 140307430528768: single write -1 of expected 8388608
13:38:41 ERROR /home/bsc03/bsc03353/forge/src/dispatcher/posix.c:61 140288103139072: r->filehandle = 35, r->size = 8388608, r->offset = 100059316224
13:38:41 ERROR /home/bsc03/bsc03353/forge/src/dispatcher/posix.c:62 140288103139072: single write -1 of expected 8388608
13:38:46 ERROR /home/bsc03/bsc03353/forge/src/dispatcher/posix.c:61 140300988065536: r->filehandle = 35, r->size = 8388608, r->offset = 122607894528
13:38:46 ERROR /home/bsc03/bsc03353/forge/src/dispatcher/posix.c:62 140300988065536: single write -1 of expected 8388608
13:38:47 ERROR /home/bsc03/bsc03353/forge/src/dispatcher/posix.c:61 140294545602304: r->filehandle = 35, r->size = 8388608, r->offset = 37346082816
13:38:47 ERROR /home/bsc03/bsc03353/forge/src/dispatcher/posix.c:62 140294545602304: single write -1 of expected 8388608
13:38:48 ERROR /home/bsc03/bsc03353/forge/src/dispatcher/posix.c:61 140311725504256: r->filehandle = 35, r->size = 8388608, r->offset = 115561463808
13:38:48 ERROR /home/bsc03/bsc03353/forge/src/dispatcher/posix.c:62 140311725504256: single write -1 of expected 8388608
13:38:50 ERROR /home/bsc03/bsc03353/forge/src/dispatcher/posix.c:61 140300988065536: r->filehandle = 35, r->size = 8388608, r->offset = 70464307200
13:38:50 ERROR /home/bsc03/bsc03353/forge/src/dispatcher/posix.c:62 140300988065536: single write -1 of expected 8388608
13:38:51 ERROR /home/bsc03/bsc03353/forge/src/dispatcher/posix.c:61 140307430528768: r->filehandle = 35, r->size = 8388608, r->offset = 111685926912
13:38:51 ERROR /home/bsc03/bsc03353/forge/src/dispatcher/posix.c:62 140307430528768: single write -1 of expected 8388608
13:38:53 ERROR /home/bsc03/bsc03353/forge/src/dispatcher/posix.c:61 140290250626816: r->filehandle = 35, r->size = 8388608, r->offset = 126835752960
13:38:53 ERROR /home/bsc03/bsc03353/forge/src/dispatcher/posix.c:62 140290250626816: single write -1 of expected 8388608
13:38:54 ERROR /home/bsc03/bsc03353/forge/src/dispatcher/posix.c:61 140285955651328: r->filehandle = 35, r->size = 8388608, r->offset = 134234505216
13:38:54 ERROR /home/bsc03/bsc03353/forge/src/dispatcher/posix.c:62 140285955651328: single write -1 of expected 8388608
13:38:55 ERROR /home/bsc03/bsc03353/forge/src/dispatcher/posix.c:61 140303135553280: r->filehandle = 35, r->size = 8388608, r->offset = 60599304192
13:38:55 ERROR /home/bsc03/bsc03353/forge/src/dispatcher/posix.c:62 140303135553280: single write -1 of expected 8388608
13:38:58 ERROR /home/bsc03/bsc03353/forge/src/dispatcher/posix.c:61 140292398114560: r->filehandle = 35, r->size = 8388608, r->offset = 42983227392
13:38:58 ERROR /home/bsc03/bsc03353/forge/src/dispatcher/posix.c:62 140292398114560: single write -1 of expected 8388608
13:39:00 ERROR /home/bsc03/bsc03353/forge/src/dispatcher/posix.c:61 140288103139072: r->filehandle = 35, r->size = 8388608, r->offset = 14092861440
13:39:00 ERROR /home/bsc03/bsc03353/forge/src/dispatcher/posix.c:62 140288103139072: single write -1 of expected 8388608
13:39:00 ERROR /home/bsc03/bsc03353/forge/src/dispatcher/posix.c:61 140294545602304: r->filehandle = 35, r->size = 8388608, r->offset = 106048782336
13:39:00 ERROR /home/bsc03/bsc03353/forge/src/dispatcher/posix.c:62 140294545602304: single write -1 of expected 8388608
13:39:01 ERROR /home/bsc03/bsc03353/forge/src/dispatcher/posix.c:61 140300988065536: r->filehandle = 35, r->size = 8388608, r->offset = 25367150592
13:39:01 ERROR /home/bsc03/bsc03353/forge/src/dispatcher/posix.c:62 140300988065536: single write -1 of expected 8388608
13:39:02 ERROR /home/bsc03/bsc03353/forge/src/dispatcher/posix.c:61 140294545602304: r->filehandle = 35, r->size = 8388608, r->offset = 32765902848
13:39:02 ERROR /home/bsc03/bsc03353/forge/src/dispatcher/posix.c:62 140294545602304: single write -1 of expected 8388608
13:39:05 ERROR /home/bsc03/bsc03353/forge/src/dispatcher/posix.c:61 140305283041024: r->filehandle = 35, r->size = 8388608, r->offset = 104991817728
13:39:05 ERROR /home/bsc03/bsc03353/forge/src/dispatcher/posix.c:62 140305283041024: single write -1 of expected 8388608
13:39:05 ERROR /home/bsc03/bsc03353/forge/src/dispatcher/posix.c:61 140292398114560: r->filehandle = 35, r->size = 8388608, r->offset = 93717528576
13:39:05 ERROR /home/bsc03/bsc03353/forge/src/dispatcher/posix.c:62 140292398114560: single write -1 of expected 8388608
13:39:08 ERROR /home/bsc03/bsc03353/forge/src/dispatcher/posix.c:61 140296693090048: r->filehandle = 35, r->size = 8388608, r->offset = 65531805696
13:39:08 ERROR /home/bsc03/bsc03353/forge/src/dispatcher/posix.c:62 140296693090048: single write -1 of expected 8388608
13:39:08 ERROR /home/bsc03/bsc03353/forge/src/dispatcher/posix.c:61 140311725504256: r->filehandle = 35, r->size = 8388608, r->offset = 59190018048
13:39:08 ERROR /home/bsc03/bsc03353/forge/src/dispatcher/posix.c:62 140311725504256: single write -1 of expected 8388608
13:39:14 ERROR /home/bsc03/bsc03353/forge/src/dispatcher/posix.c:61 140300988065536: r->filehandle = 35, r->size = 8388608, r->offset = 27481079808
13:39:14 ERROR /home/bsc03/bsc03353/forge/src/dispatcher/posix.c:62 140300988065536: single write -1 of expected 8388608
13:39:15 ERROR /home/bsc03/bsc03353/forge/src/dispatcher/posix.c:61 140285955651328: r->filehandle = 35, r->size = 8388608, r->offset = 10569646080
13:39:15 ERROR /home/bsc03/bsc03353/forge/src/dispatcher/posix.c:62 140285955651328: single write -1 of expected 8388608
13:39:18 ERROR /home/bsc03/bsc03353/forge/src/dispatcher/posix.c:61 140292398114560: r->filehandle = 35, r->size = 8388608, r->offset = 33118224384
13:39:18 ERROR /home/bsc03/bsc03353/forge/src/dispatcher/posix.c:62 140292398114560: single write -1 of expected 8388608
13:39:19 ERROR /home/bsc03/bsc03353/forge/src/dispatcher/posix.c:61 140296693090048: r->filehandle = 35, r->size = 8388608, r->offset = 100411637760
13:39:19 ERROR /home/bsc03/bsc03353/forge/src/dispatcher/posix.c:62 140296693090048: single write -1 of expected 8388608
13:39:24 ERROR /home/bsc03/bsc03353/forge/src/dispatcher/posix.c:61 140303135553280: r->filehandle = 35, r->size = 8388608, r->offset = 36641439744
13:39:24 ERROR /home/bsc03/bsc03353/forge/src/dispatcher/posix.c:62 140303135553280: single write -1 of expected 8388608
13:39:27 ERROR /home/bsc03/bsc03353/forge/src/dispatcher/posix.c:61 140307430528768: r->filehandle = 35, r->size = 8388608, r->offset = 134586826752
13:39:27 ERROR /home/bsc03/bsc03353/forge/src/dispatcher/posix.c:62 140307430528768: single write -1 of expected 8388608
13:39:28 ERROR /home/bsc03/bsc03353/forge/src/dispatcher/posix.c:61 140311725504256: r->filehandle = 35, r->size = 8388608, r->offset = 81738596352
13:39:28 ERROR /home/bsc03/bsc03353/forge/src/dispatcher/posix.c:62 140311725504256: single write -1 of expected 8388608
13:39:29 ERROR /home/bsc03/bsc03353/forge/src/dispatcher/posix.c:61 140294545602304: r->filehandle = 35, r->size = 8388608, r->offset = 60951625728
13:39:29 ERROR /home/bsc03/bsc03353/forge/src/dispatcher/posix.c:62 140294545602304: single write -1 of expected 8388608
13:39:30 ERROR /home/bsc03/bsc03353/forge/src/dispatcher/posix.c:61 140309578016512: r->filehandle = 35, r->size = 8388608, r->offset = 104287174656
13:39:30 ERROR /home/bsc03/bsc03353/forge/src/dispatcher/posix.c:62 140309578016512: single write -1 of expected 8388608
13:39:34 ERROR /home/bsc03/bsc03353/forge/src/dispatcher/posix.c:61 140281660675840: r->filehandle = 35, r->size = 8388608, r->offset = 69055021056
13:39:34 ERROR /home/bsc03/bsc03353/forge/src/dispatcher/posix.c:62 140281660675840: single write -1 of expected 8388608
13:39:36 ERROR /home/bsc03/bsc03353/forge/src/dispatcher/posix.c:61 140307430528768: r->filehandle = 35, r->size = 8388608, r->offset = 122960216064
13:39:36 ERROR /home/bsc03/bsc03353/forge/src/dispatcher/posix.c:62 140307430528768: single write -1 of expected 8388608
13:39:36 ERROR /home/bsc03/bsc03353/forge/src/dispatcher/posix.c:61 140283808163584: r->filehandle = 35, r->size = 8388608, r->offset = 54257516544
13:39:36 ERROR /home/bsc03/bsc03353/forge/src/dispatcher/posix.c:62 140283808163584: single write -1 of expected 8388608
13:39:38 ERROR /home/bsc03/bsc03353/forge/src/dispatcher/posix.c:61 140307430528768: r->filehandle = 35, r->size = 8388608, r->offset = 15854469120
13:39:38 ERROR /home/bsc03/bsc03353/forge/src/dispatcher/posix.c:62 140307430528768: single write -1 of expected 8388608
13:39:40 ERROR /home/bsc03/bsc03353/forge/src/dispatcher/posix.c:61 140298840577792: r->filehandle = 35, r->size = 8388608, r->offset = 102877888512
13:39:40 ERROR /home/bsc03/bsc03353/forge/src/dispatcher/posix.c:62 140298840577792: single write -1 of expected 8388608
13:39:42 ERROR /home/bsc03/bsc03353/forge/src/dispatcher/posix.c:61 140305283041024: r->filehandle = 35, r->size = 8388608, r->offset = 93012885504
13:39:42 ERROR /home/bsc03/bsc03353/forge/src/dispatcher/posix.c:62 140305283041024: single write -1 of expected 8388608
13:39:43 ERROR /home/bsc03/bsc03353/forge/src/dispatcher/posix.c:61 140281660675840: r->filehandle = 35, r->size = 8388608, r->offset = 128597360640
13:39:43 ERROR /home/bsc03/bsc03353/forge/src/dispatcher/posix.c:62 140281660675840: single write -1 of expected 8388608
13:39:46 ERROR /home/bsc03/bsc03353/forge/src/dispatcher/posix.c:61 140300988065536: r->filehandle = 35, r->size = 8388608, r->offset = 38755368960
13:39:46 ERROR /home/bsc03/bsc03353/forge/src/dispatcher/posix.c:62 140300988065536: single write -1 of expected 8388608
13:39:48 ERROR /home/bsc03/bsc03353/forge/src/dispatcher/posix.c:61 140285955651328: r->filehandle = 35, r->size = 8388608, r->offset = 117323071488
13:39:48 ERROR /home/bsc03/bsc03353/forge/src/dispatcher/posix.c:62 140285955651328: single write -1 of expected 8388608
13:39:49 ERROR /home/bsc03/bsc03353/forge/src/dispatcher/posix.c:61 140307430528768: r->filehandle = 35, r->size = 8388608, r->offset = 4932501504
13:39:49 ERROR /home/bsc03/bsc03353/forge/src/dispatcher/posix.c:62 140307430528768: single write -1 of expected 8388608
13:39:51 ERROR /home/bsc03/bsc03353/forge/src/dispatcher/posix.c:61 140285955651328: r->filehandle = 35, r->size = 8388608, r->offset = 21491613696
13:39:51 ERROR /home/bsc03/bsc03353/forge/src/dispatcher/posix.c:62 140285955651328: single write -1 of expected 8388608
13:39:52 ERROR /home/bsc03/bsc03353/forge/src/dispatcher/posix.c:61 140311725504256: r->filehandle = 35, r->size = 8388608, r->offset = 123312537600
13:39:52 ERROR /home/bsc03/bsc03353/forge/src/dispatcher/posix.c:62 140311725504256: single write -1 of expected 8388608
13:39:53 ERROR /home/bsc03/bsc03353/forge/src/dispatcher/posix.c:61 140298840577792: r->filehandle = 35, r->size = 8388608, r->offset = 49677336576
13:39:53 ERROR /home/bsc03/bsc03353/forge/src/dispatcher/posix.c:62 140298840577792: single write -1 of expected 8388608
13:39:54 ERROR /home/bsc03/bsc03353/forge/src/dispatcher/posix.c:61 140307430528768: r->filehandle = 35, r->size = 8388608, r->offset = 128949682176
13:39:54 ERROR /home/bsc03/bsc03353/forge/src/dispatcher/posix.c:62 140307430528768: single write -1 of expected 8388608
13:39:54 ERROR /home/bsc03/bsc03353/forge/src/dispatcher/posix.c:61 140288103139072: r->filehandle = 35, r->size = 8388608, r->offset = 2818572288
13:39:54 ERROR /home/bsc03/bsc03353/forge/src/dispatcher/posix.c:62 140288103139072: single write -1 of expected 8388608
13:39:57 ERROR /home/bsc03/bsc03353/forge/src/dispatcher/posix.c:61 140296693090048: r->filehandle = 35, r->size = 8388608, r->offset = 4580179968
13:39:57 ERROR /home/bsc03/bsc03353/forge/src/dispatcher/posix.c:62 140296693090048: single write -1 of expected 8388608
13:39:58 ERROR /home/bsc03/bsc03353/forge/src/dispatcher/posix.c:61 140300988065536: r->filehandle = 35, r->size = 8388608, r->offset = 50029658112
13:39:58 ERROR /home/bsc03/bsc03353/forge/src/dispatcher/posix.c:62 140300988065536: single write -1 of expected 8388608
13:39:59 ERROR /home/bsc03/bsc03353/forge/src/dispatcher/posix.c:61 140303135553280: r->filehandle = 35, r->size = 8388608, r->offset = 44392513536
13:39:59 ERROR /home/bsc03/bsc03353/forge/src/dispatcher/posix.c:62 140303135553280: single write -1 of expected 8388608
13:40:02 ERROR /home/bsc03/bsc03353/forge/src/dispatcher/posix.c:61 140290250626816: r->filehandle = 35, r->size = 8388608, r->offset = 47915728896
13:40:02 ERROR /home/bsc03/bsc03353/forge/src/dispatcher/posix.c:62 140290250626816: single write -1 of expected 8388608
13:40:05 ERROR /home/bsc03/bsc03353/forge/src/dispatcher/posix.c:61 140298840577792: r->filehandle = 35, r->size = 8388608, r->offset = 89137348608
13:40:05 ERROR /home/bsc03/bsc03353/forge/src/dispatcher/posix.c:62 140298840577792: single write -1 of expected 8388608
13:40:08 ERROR /home/bsc03/bsc03353/forge/src/dispatcher/posix.c:61 140294545602304: r->filehandle = 35, r->size = 8388608, r->offset = 55314481152
13:40:08 ERROR /home/bsc03/bsc03353/forge/src/dispatcher/posix.c:62 140294545602304: single write -1 of expected 8388608
13:40:09 ERROR /home/bsc03/bsc03353/forge/src/dispatcher/posix.c:61 140285955651328: r->filehandle = 35, r->size = 8388608, r->offset = 16206790656
13:40:09 ERROR /home/bsc03/bsc03353/forge/src/dispatcher/posix.c:62 140285955651328: single write -1 of expected 8388608
13:40:11 ERROR /home/bsc03/bsc03353/forge/src/dispatcher/posix.c:61 140279513188096: r->filehandle = 35, r->size = 8388608, r->offset = 99354673152
13:40:11 ERROR /home/bsc03/bsc03353/forge/src/dispatcher/posix.c:62 140279513188096: single write -1 of expected 8388608
13:40:11 ERROR /home/bsc03/bsc03353/forge/src/dispatcher/posix.c:61 140283808163584: r->filehandle = 35, r->size = 8388608, r->offset = 21843935232
13:40:11 ERROR /home/bsc03/bsc03353/forge/src/dispatcher/posix.c:62 140283808163584: single write -1 of expected 8388608
13:40:11 ERROR /home/bsc03/bsc03353/forge/src/dispatcher/posix.c:61 140281660675840: r->filehandle = 35, r->size = 8388608, r->offset = 72225914880
13:40:11 ERROR /home/bsc03/bsc03353/forge/src/dispatcher/posix.c:62 140281660675840: single write -1 of expected 8388608
13:40:14 ERROR /home/bsc03/bsc03353/forge/src/dispatcher/posix.c:61 140307430528768: r->filehandle = 35, r->size = 8388608, r->offset = 27128758272
13:40:14 ERROR /home/bsc03/bsc03353/forge/src/dispatcher/posix.c:62 140307430528768: single write -1 of expected 8388608
13:40:14 ERROR /home/bsc03/bsc03353/forge/src/dispatcher/posix.c:61 140296693090048: r->filehandle = 35, r->size = 8388608, r->offset = 55666802688
13:40:14 ERROR /home/bsc03/bsc03353/forge/src/dispatcher/posix.c:62 140296693090048: single write -1 of expected 8388608
slurmstepd: error: *** JOB 8730380 ON s03r1b51 CANCELLED AT 2020-02-07T13:40:16 DUE TO TIME LIMIT ***
--------------------------------------------------------------------------
ORTE has lost communication with a remote daemon.

  HNP daemon   : [[39825,0],0] on node s03r1b51
  Remote daemon: [[39825,0],5] on node s05r1b69

This is usually due to either a failure of the TCP network
connection to the node, or possibly an internal failure of
the daemon itself. We cannot recover from this failure, and
therefore will terminate the job.
--------------------------------------------------------------------------
