Set GCC compilers as MPI wrappers backend 
remove impi/2017.4 (PATH, MANPATH, LD_LIBRARY_PATH) 
load openmpi/4.0.2_UCX (PATH, MANPATH, LD_LIBRARY_PATH) 
Set GCC compilers as MPI wrappers backend 
load gsl/2.4 (PATH, LD_LIBRARY_PATH, LIBRARY_PATH, MANPATH, INFOPATH,
C_INCLUDE_PATH, CPLUS_INCLUDE_PATH, PKG_CONFIG_PATH, GSL_DIR) 
15:45:21 INFO  /home/bsc03/bsc03353/forge/src/main.c:107 139979784104000: I/O Forwarding Exploration [START]
Will AGIOS generate trace files? NO
Default scheduling algorithm: TO
TWINS window size: 1000000
Will the Prediction Module read information from trace files? NO
File with access time functions: /home/bsc03/bsc03353/forge/agios/access_times.func
AGIOS thinks its user has stripe size of 32768
15:45:48 ERROR /home/bsc03/bsc03353/forge/src/dispatcher/posix.c:61 139953331316480: r->filehandle = 35, r->size = 524288, r->offset = 7156531200
15:45:48 ERROR /home/bsc03/bsc03353/forge/src/dispatcher/posix.c:62 139953331316480: single write -1 of expected 524288
15:46:12 ERROR /home/bsc03/bsc03353/forge/src/dispatcher/posix.c:61 139949036340992: r->filehandle = 35, r->size = 524288, r->offset = 101622743040
15:46:12 ERROR /home/bsc03/bsc03353/forge/src/dispatcher/posix.c:62 139949036340992: single write -1 of expected 524288
15:46:18 ERROR /home/bsc03/bsc03353/forge/src/dispatcher/posix.c:61 139972658706176: r->filehandle = 35, r->size = 524288, r->offset = 97328824320
15:46:18 ERROR /home/bsc03/bsc03353/forge/src/dispatcher/posix.c:62 139972658706176: single write -1 of expected 524288
15:46:30 ERROR /home/bsc03/bsc03353/forge/src/dispatcher/posix.c:61 139968363730688: r->filehandle = 35, r->size = 524288, r->offset = 98760130560
15:46:30 ERROR /home/bsc03/bsc03353/forge/src/dispatcher/posix.c:62 139968363730688: single write -1 of expected 524288
15:46:46 ERROR /home/bsc03/bsc03353/forge/src/dispatcher/posix.c:61 139955478804224: r->filehandle = 35, r->size = 524288, r->offset = 106632314880
15:46:46 ERROR /home/bsc03/bsc03353/forge/src/dispatcher/posix.c:62 139955478804224: single write -1 of expected 524288
15:46:49 ERROR /home/bsc03/bsc03353/forge/src/dispatcher/posix.c:61 139959773779712: r->filehandle = 35, r->size = 524288, r->offset = 47233105920
15:46:49 ERROR /home/bsc03/bsc03353/forge/src/dispatcher/posix.c:62 139959773779712: single write -1 of expected 524288
15:46:57 ERROR /home/bsc03/bsc03353/forge/src/dispatcher/posix.c:61 139949036340992: r->filehandle = 35, r->size = 524288, r->offset = 78721843200
15:46:57 ERROR /home/bsc03/bsc03353/forge/src/dispatcher/posix.c:62 139949036340992: single write -1 of expected 524288
15:47:06 ERROR /home/bsc03/bsc03353/forge/src/dispatcher/posix.c:61 139968363730688: r->filehandle = 35, r->size = 524288, r->offset = 55820943360
15:47:06 ERROR /home/bsc03/bsc03353/forge/src/dispatcher/posix.c:62 139968363730688: single write -1 of expected 524288
15:47:07 ERROR /home/bsc03/bsc03353/forge/src/dispatcher/posix.c:61 139949036340992: r->filehandle = 35, r->size = 524288, r->offset = 41507880960
15:47:07 ERROR /home/bsc03/bsc03353/forge/src/dispatcher/posix.c:62 139949036340992: single write -1 of expected 524288
15:47:13 ERROR /home/bsc03/bsc03353/forge/src/dispatcher/posix.c:61 139966216242944: r->filehandle = 35, r->size = 524288, r->offset = 115935805440
15:47:13 ERROR /home/bsc03/bsc03353/forge/src/dispatcher/posix.c:62 139966216242944: single write -1 of expected 524288
15:47:19 ERROR /home/bsc03/bsc03353/forge/src/dispatcher/posix.c:61 139964068755200: r->filehandle = 35, r->size = 524288, r->offset = 133111480320
15:47:19 ERROR /home/bsc03/bsc03353/forge/src/dispatcher/posix.c:62 139964068755200: single write -1 of expected 524288
15:47:38 ERROR /home/bsc03/bsc03353/forge/src/dispatcher/posix.c:61 139959773779712: r->filehandle = 35, r->size = 524288, r->offset = 23616552960
15:47:38 ERROR /home/bsc03/bsc03353/forge/src/dispatcher/posix.c:62 139959773779712: single write -1 of expected 524288
15:48:03 ERROR /home/bsc03/bsc03353/forge/src/dispatcher/posix.c:61 139949036340992: r->filehandle = 35, r->size = 524288, r->offset = 32920043520
15:48:03 ERROR /home/bsc03/bsc03353/forge/src/dispatcher/posix.c:62 139949036340992: single write -1 of expected 524288
15:48:09 ERROR /home/bsc03/bsc03353/forge/src/dispatcher/posix.c:61 139970511218432: r->filehandle = 35, r->size = 524288, r->offset = 110210580480
15:48:09 ERROR /home/bsc03/bsc03353/forge/src/dispatcher/posix.c:62 139970511218432: single write -1 of expected 524288
15:48:37 ERROR /home/bsc03/bsc03353/forge/src/dispatcher/posix.c:61 139972658706176: r->filehandle = 35, r->size = 524288, r->offset = 113788846080
15:48:37 ERROR /home/bsc03/bsc03353/forge/src/dispatcher/posix.c:62 139972658706176: single write -1 of expected 524288
15:49:04 ERROR /home/bsc03/bsc03353/forge/src/dispatcher/posix.c:61 139944741365504: r->filehandle = 35, r->size = 524288, r->offset = 68702699520
15:49:04 ERROR /home/bsc03/bsc03353/forge/src/dispatcher/posix.c:62 139944741365504: single write -1 of expected 524288
15:49:26 ERROR /home/bsc03/bsc03353/forge/src/dispatcher/posix.c:61 139940446390016: r->filehandle = 35, r->size = 524288, r->offset = 85878374400
15:49:26 ERROR /home/bsc03/bsc03353/forge/src/dispatcher/posix.c:62 139940446390016: single write -1 of expected 524288
15:49:34 ERROR /home/bsc03/bsc03353/forge/src/dispatcher/posix.c:61 139972658706176: r->filehandle = 35, r->size = 524288, r->offset = 715653120
15:49:34 ERROR /home/bsc03/bsc03353/forge/src/dispatcher/posix.c:62 139972658706176: single write -1 of expected 524288
15:49:43 ERROR /home/bsc03/bsc03353/forge/src/dispatcher/posix.c:61 139949036340992: r->filehandle = 35, r->size = 524288, r->offset = 12166103040
15:49:43 ERROR /home/bsc03/bsc03353/forge/src/dispatcher/posix.c:62 139949036340992: single write -1 of expected 524288
15:49:59 ERROR /home/bsc03/bsc03353/forge/src/dispatcher/posix.c:61 139942593877760: r->filehandle = 35, r->size = 524288, r->offset = 25763512320
15:49:59 ERROR /home/bsc03/bsc03353/forge/src/dispatcher/posix.c:62 139942593877760: single write -1 of expected 524288
15:50:08 ERROR /home/bsc03/bsc03353/forge/src/dispatcher/posix.c:61 139953331316480: r->filehandle = 35, r->size = 524288, r->offset = 111641886720
15:50:08 ERROR /home/bsc03/bsc03353/forge/src/dispatcher/posix.c:62 139953331316480: single write -1 of expected 524288
slurmstepd: error: *** JOB 8737297 ON s09r1b43 CANCELLED AT 2020-02-07T15:50:10 DUE TO TIME LIMIT ***
slurmstepd: error: proctrack_p_wait: Unable to destroy container 205381 in cgroup plugin, giving up after 128 sec
