Set GCC compilers as MPI wrappers backend 
remove impi/2017.4 (PATH, MANPATH, LD_LIBRARY_PATH) 
load openmpi/4.0.2_UCX (PATH, MANPATH, LD_LIBRARY_PATH) 
Set GCC compilers as MPI wrappers backend 
load gsl/2.4 (PATH, LD_LIBRARY_PATH, LIBRARY_PATH, MANPATH, INFOPATH,
C_INCLUDE_PATH, CPLUS_INCLUDE_PATH, PKG_CONFIG_PATH, GSL_DIR) 
10:41:43 INFO  /home/bsc03/bsc03353/forge/src/main.c:107 140163710605376: I/O Forwarding Exploration [START]
Will AGIOS generate trace files? NO
Default scheduling algorithm: TO
TWINS window size: 1000000
Will the Prediction Module read information from trace files? NO
File with access time functions: /home/bsc03/bsc03353/forge/agios/access_times.func
AGIOS thinks its user has stripe size of 32768
10:44:16 ERROR /home/bsc03/bsc03353/forge/src/dispatcher/posix.c:61 140156526917376: r->filehandle = 347, r->size = 6291456, r->offset = 0
10:44:16 ERROR /home/bsc03/bsc03353/forge/src/dispatcher/posix.c:62 140156526917376: single write -1 of expected 6291456
10:44:16 ERROR /home/bsc03/bsc03353/forge/src/dispatcher/posix.c:61 140128609576704: r->filehandle = 414, r->size = 6291456, r->offset = 0
10:44:16 ERROR /home/bsc03/bsc03353/forge/src/dispatcher/posix.c:62 140128609576704: single write -1 of expected 6291456
10:44:17 ERROR /home/bsc03/bsc03353/forge/src/dispatcher/posix.c:61 140152231941888: r->filehandle = 303, r->size = 6291456, r->offset = 0
10:44:17 ERROR /home/bsc03/bsc03353/forge/src/dispatcher/posix.c:62 140152231941888: single write -1 of expected 6291456
10:44:17 ERROR /home/bsc03/bsc03353/forge/src/dispatcher/posix.c:61 140145789478656: r->filehandle = 349, r->size = 6291456, r->offset = 0
10:44:17 ERROR /home/bsc03/bsc03353/forge/src/dispatcher/posix.c:62 140145789478656: single write -1 of expected 6291456
10:44:17 ERROR /home/bsc03/bsc03353/forge/src/dispatcher/posix.c:61 140132904552192: r->filehandle = 250, r->size = 6291456, r->offset = 0
10:44:17 ERROR /home/bsc03/bsc03353/forge/src/dispatcher/posix.c:62 140132904552192: single write -1 of expected 6291456
10:44:17 ERROR /home/bsc03/bsc03353/forge/src/dispatcher/posix.c:61 140141494503168: r->filehandle = 415, r->size = 6291456, r->offset = 0
10:44:17 ERROR /home/bsc03/bsc03353/forge/src/dispatcher/posix.c:62 140141494503168: single write -1 of expected 6291456
10:44:18 ERROR /home/bsc03/bsc03353/forge/src/dispatcher/posix.c:61 140143641990912: r->filehandle = 117, r->size = 6291456, r->offset = 0
10:44:18 ERROR /home/bsc03/bsc03353/forge/src/dispatcher/posix.c:62 140143641990912: single write -1 of expected 6291456
10:44:18 ERROR /home/bsc03/bsc03353/forge/src/dispatcher/posix.c:61 140126462088960: r->filehandle = 417, r->size = 6291456, r->offset = 0
10:44:18 ERROR /home/bsc03/bsc03353/forge/src/dispatcher/posix.c:62 140126462088960: single write -1 of expected 6291456
10:44:18 ERROR /home/bsc03/bsc03353/forge/src/dispatcher/posix.c:61 140124314601216: r->filehandle = 313, r->size = 6291456, r->offset = 0
10:44:18 ERROR /home/bsc03/bsc03353/forge/src/dispatcher/posix.c:62 140124314601216: single write -1 of expected 6291456
10:44:19 ERROR /home/bsc03/bsc03353/forge/src/dispatcher/posix.c:61 140128609576704: r->filehandle = 363, r->size = 6291456, r->offset = 0
10:44:19 ERROR /home/bsc03/bsc03353/forge/src/dispatcher/posix.c:62 140128609576704: single write -1 of expected 6291456
10:44:19 ERROR /home/bsc03/bsc03353/forge/src/dispatcher/posix.c:61 140141494503168: r->filehandle = 306, r->size = 6291456, r->offset = 0
10:44:19 ERROR /home/bsc03/bsc03353/forge/src/dispatcher/posix.c:62 140141494503168: single write -1 of expected 6291456
10:44:19 ERROR /home/bsc03/bsc03353/forge/src/dispatcher/posix.c:61 140139347015424: r->filehandle = 416, r->size = 6291456, r->offset = 0
10:44:19 ERROR /home/bsc03/bsc03353/forge/src/dispatcher/posix.c:62 140139347015424: single write -1 of expected 6291456
10:44:19 ERROR /home/bsc03/bsc03353/forge/src/dispatcher/posix.c:61 140154379429632: r->filehandle = 419, r->size = 6291456, r->offset = 0
10:44:19 ERROR /home/bsc03/bsc03353/forge/src/dispatcher/posix.c:62 140154379429632: single write -1 of expected 6291456
10:44:19 ERROR /home/bsc03/bsc03353/forge/src/dispatcher/posix.c:61 140145789478656: r->filehandle = 141, r->size = 6291456, r->offset = 0
10:44:19 ERROR /home/bsc03/bsc03353/forge/src/dispatcher/posix.c:62 140145789478656: single write -1 of expected 6291456
10:44:20 ERROR /home/bsc03/bsc03353/forge/src/dispatcher/posix.c:61 140128609576704: r->filehandle = 405, r->size = 6291456, r->offset = 0
10:44:20 ERROR /home/bsc03/bsc03353/forge/src/dispatcher/posix.c:62 140128609576704: single write -1 of expected 6291456
10:44:20 ERROR /home/bsc03/bsc03353/forge/src/dispatcher/posix.c:61 140126462088960: r->filehandle = 103, r->size = 6291456, r->offset = 0
10:44:20 ERROR /home/bsc03/bsc03353/forge/src/dispatcher/posix.c:62 140126462088960: single write -1 of expected 6291456
10:44:20 ERROR /home/bsc03/bsc03353/forge/src/dispatcher/posix.c:61 140124314601216: r->filehandle = 345, r->size = 6291456, r->offset = 0
10:44:20 ERROR /home/bsc03/bsc03353/forge/src/dispatcher/posix.c:62 140124314601216: single write -1 of expected 6291456
10:44:21 ERROR /home/bsc03/bsc03353/forge/src/dispatcher/posix.c:61 140152231941888: r->filehandle = 316, r->size = 6291456, r->offset = 0
10:44:21 ERROR /home/bsc03/bsc03353/forge/src/dispatcher/posix.c:62 140152231941888: single write -1 of expected 6291456
10:44:21 ERROR /home/bsc03/bsc03353/forge/src/dispatcher/posix.c:61 140145789478656: r->filehandle = 367, r->size = 6291456, r->offset = 0
10:44:21 ERROR /home/bsc03/bsc03353/forge/src/dispatcher/posix.c:62 140145789478656: single write -1 of expected 6291456
10:44:21 ERROR /home/bsc03/bsc03353/forge/src/dispatcher/posix.c:61 140156526917376: r->filehandle = 392, r->size = 6291456, r->offset = 0
10:44:21 ERROR /home/bsc03/bsc03353/forge/src/dispatcher/posix.c:62 140156526917376: single write -1 of expected 6291456
10:44:22 ERROR /home/bsc03/bsc03353/forge/src/dispatcher/posix.c:61 140154379429632: r->filehandle = 418, r->size = 6291456, r->offset = 0
10:44:22 ERROR /home/bsc03/bsc03353/forge/src/dispatcher/posix.c:62 140154379429632: single write -1 of expected 6291456
10:44:22 ERROR /home/bsc03/bsc03353/forge/src/dispatcher/posix.c:61 140135052039936: r->filehandle = 225, r->size = 6291456, r->offset = 0
10:44:22 ERROR /home/bsc03/bsc03353/forge/src/dispatcher/posix.c:62 140135052039936: single write -1 of expected 6291456
10:44:22 ERROR /home/bsc03/bsc03353/forge/src/dispatcher/posix.c:61 140124314601216: r->filehandle = 94, r->size = 6291456, r->offset = 0
10:44:22 ERROR /home/bsc03/bsc03353/forge/src/dispatcher/posix.c:62 140124314601216: single write -1 of expected 6291456
10:44:22 ERROR /home/bsc03/bsc03353/forge/src/dispatcher/posix.c:61 140147936966400: r->filehandle = 382, r->size = 6291456, r->offset = 0
10:44:22 ERROR /home/bsc03/bsc03353/forge/src/dispatcher/posix.c:62 140147936966400: single write -1 of expected 6291456
10:44:23 ERROR /home/bsc03/bsc03353/forge/src/dispatcher/posix.c:61 140150084454144: r->filehandle = 350, r->size = 6291456, r->offset = 0
10:44:23 ERROR /home/bsc03/bsc03353/forge/src/dispatcher/posix.c:62 140150084454144: single write -1 of expected 6291456
10:44:23 ERROR /home/bsc03/bsc03353/forge/src/dispatcher/posix.c:61 140139347015424: r->filehandle = 207, r->size = 6291456, r->offset = 0
10:44:23 ERROR /home/bsc03/bsc03353/forge/src/dispatcher/posix.c:62 140139347015424: single write -1 of expected 6291456
10:44:23 ERROR /home/bsc03/bsc03353/forge/src/dispatcher/posix.c:61 140137199527680: r->filehandle = 413, r->size = 6291456, r->offset = 0
10:44:23 ERROR /home/bsc03/bsc03353/forge/src/dispatcher/posix.c:62 140137199527680: single write -1 of expected 6291456
10:44:24 ERROR /home/bsc03/bsc03353/forge/src/dispatcher/posix.c:61 140135052039936: r->filehandle = 38, r->size = 6291456, r->offset = 0
10:44:24 ERROR /home/bsc03/bsc03353/forge/src/dispatcher/posix.c:62 140135052039936: single write -1 of expected 6291456
10:44:24 ERROR /home/bsc03/bsc03353/forge/src/dispatcher/posix.c:61 140154379429632: r->filehandle = 105, r->size = 6291456, r->offset = 0
10:44:24 ERROR /home/bsc03/bsc03353/forge/src/dispatcher/posix.c:62 140154379429632: single write -1 of expected 6291456
10:44:24 ERROR /home/bsc03/bsc03353/forge/src/dispatcher/posix.c:61 140156526917376: r->filehandle = 383, r->size = 6291456, r->offset = 0
10:44:24 ERROR /home/bsc03/bsc03353/forge/src/dispatcher/posix.c:62 140156526917376: single write -1 of expected 6291456
10:44:24 ERROR /home/bsc03/bsc03353/forge/src/dispatcher/posix.c:61 140147936966400: r->filehandle = 284, r->size = 6291456, r->offset = 0
10:44:24 ERROR /home/bsc03/bsc03353/forge/src/dispatcher/posix.c:62 140147936966400: single write -1 of expected 6291456
10:44:25 ERROR /home/bsc03/bsc03353/forge/src/dispatcher/posix.c:61 140124314601216: r->filehandle = 168, r->size = 6291456, r->offset = 0
10:44:25 ERROR /home/bsc03/bsc03353/forge/src/dispatcher/posix.c:62 140124314601216: single write -1 of expected 6291456
10:44:25 ERROR /home/bsc03/bsc03353/forge/src/dispatcher/posix.c:61 140135052039936: r->filehandle = 164, r->size = 6291456, r->offset = 0
10:44:25 ERROR /home/bsc03/bsc03353/forge/src/dispatcher/posix.c:62 140135052039936: single write -1 of expected 6291456
10:44:25 ERROR /home/bsc03/bsc03353/forge/src/dispatcher/posix.c:61 140141494503168: r->filehandle = 180, r->size = 6291456, r->offset = 0
10:44:25 ERROR /home/bsc03/bsc03353/forge/src/dispatcher/posix.c:62 140141494503168: single write -1 of expected 6291456
10:44:25 ERROR /home/bsc03/bsc03353/forge/src/dispatcher/posix.c:61 140152231941888: r->filehandle = 331, r->size = 6291456, r->offset = 0
10:44:25 ERROR /home/bsc03/bsc03353/forge/src/dispatcher/posix.c:62 140152231941888: single write -1 of expected 6291456
10:44:26 ERROR /home/bsc03/bsc03353/forge/src/dispatcher/posix.c:61 140128609576704: r->filehandle = 327, r->size = 6291456, r->offset = 0
10:44:26 ERROR /home/bsc03/bsc03353/forge/src/dispatcher/posix.c:62 140128609576704: single write -1 of expected 6291456
10:44:26 ERROR /home/bsc03/bsc03353/forge/src/dispatcher/posix.c:61 140156526917376: r->filehandle = 54, r->size = 6291456, r->offset = 0
10:44:26 ERROR /home/bsc03/bsc03353/forge/src/dispatcher/posix.c:62 140156526917376: single write -1 of expected 6291456
10:44:27 ERROR /home/bsc03/bsc03353/forge/src/dispatcher/posix.c:61 140124314601216: r->filehandle = 265, r->size = 6291456, r->offset = 0
10:44:27 ERROR /home/bsc03/bsc03353/forge/src/dispatcher/posix.c:62 140124314601216: single write -1 of expected 6291456
10:44:27 ERROR /home/bsc03/bsc03353/forge/src/dispatcher/posix.c:61 140154379429632: r->filehandle = 99, r->size = 6291456, r->offset = 0
10:44:27 ERROR /home/bsc03/bsc03353/forge/src/dispatcher/posix.c:62 140154379429632: single write -1 of expected 6291456
10:44:27 ERROR /home/bsc03/bsc03353/forge/src/dispatcher/posix.c:61 140141494503168: r->filehandle = 37, r->size = 6291456, r->offset = 0
10:44:27 ERROR /home/bsc03/bsc03353/forge/src/dispatcher/posix.c:62 140141494503168: single write -1 of expected 6291456
10:44:27 ERROR /home/bsc03/bsc03353/forge/src/dispatcher/posix.c:61 140139347015424: r->filehandle = 57, r->size = 6291456, r->offset = 0
10:44:27 ERROR /home/bsc03/bsc03353/forge/src/dispatcher/posix.c:62 140139347015424: single write -1 of expected 6291456
10:44:28 ERROR /home/bsc03/bsc03353/forge/src/dispatcher/posix.c:61 140132904552192: r->filehandle = 224, r->size = 6291456, r->offset = 0
10:44:28 ERROR /home/bsc03/bsc03353/forge/src/dispatcher/posix.c:62 140132904552192: single write -1 of expected 6291456
10:44:28 ERROR /home/bsc03/bsc03353/forge/src/dispatcher/posix.c:61 140152231941888: r->filehandle = 143, r->size = 6291456, r->offset = 0
10:44:28 ERROR /home/bsc03/bsc03353/forge/src/dispatcher/posix.c:62 140152231941888: single write -1 of expected 6291456
10:44:28 ERROR /home/bsc03/bsc03353/forge/src/dispatcher/posix.c:61 140156526917376: r->filehandle = 40, r->size = 6291456, r->offset = 0
10:44:28 ERROR /home/bsc03/bsc03353/forge/src/dispatcher/posix.c:62 140156526917376: single write -1 of expected 6291456
10:44:28 ERROR /home/bsc03/bsc03353/forge/src/dispatcher/posix.c:61 140147936966400: r->filehandle = 369, r->size = 6291456, r->offset = 0
10:44:28 ERROR /home/bsc03/bsc03353/forge/src/dispatcher/posix.c:62 140147936966400: single write -1 of expected 6291456
10:44:28 ERROR /home/bsc03/bsc03353/forge/src/dispatcher/posix.c:61 140154379429632: r->filehandle = 155, r->size = 6291456, r->offset = 0
10:44:28 ERROR /home/bsc03/bsc03353/forge/src/dispatcher/posix.c:62 140154379429632: single write -1 of expected 6291456
10:44:29 ERROR /home/bsc03/bsc03353/forge/src/dispatcher/posix.c:61 140132904552192: r->filehandle = 113, r->size = 6291456, r->offset = 0
10:44:29 ERROR /home/bsc03/bsc03353/forge/src/dispatcher/posix.c:62 140132904552192: single write -1 of expected 6291456
10:44:29 ERROR /home/bsc03/bsc03353/forge/src/dispatcher/posix.c:61 140141494503168: r->filehandle = 234, r->size = 6291456, r->offset = 0
10:44:29 ERROR /home/bsc03/bsc03353/forge/src/dispatcher/posix.c:62 140141494503168: single write -1 of expected 6291456
10:44:29 ERROR /home/bsc03/bsc03353/forge/src/dispatcher/posix.c:61 140124314601216: r->filehandle = 173, r->size = 6291456, r->offset = 0
10:44:29 ERROR /home/bsc03/bsc03353/forge/src/dispatcher/posix.c:62 140124314601216: single write -1 of expected 6291456
10:44:30 ERROR /home/bsc03/bsc03353/forge/src/dispatcher/posix.c:61 140145789478656: r->filehandle = 153, r->size = 6291456, r->offset = 0
10:44:30 ERROR /home/bsc03/bsc03353/forge/src/dispatcher/posix.c:62 140145789478656: single write -1 of expected 6291456
10:44:30 ERROR /home/bsc03/bsc03353/forge/src/dispatcher/posix.c:61 140135052039936: r->filehandle = 39, r->size = 6291456, r->offset = 0
10:44:30 ERROR /home/bsc03/bsc03353/forge/src/dispatcher/posix.c:62 140135052039936: single write -1 of expected 6291456
10:44:30 ERROR /home/bsc03/bsc03353/forge/src/dispatcher/posix.c:61 140156526917376: r->filehandle = 177, r->size = 6291456, r->offset = 0
10:44:30 ERROR /home/bsc03/bsc03353/forge/src/dispatcher/posix.c:62 140156526917376: single write -1 of expected 6291456
10:44:30 ERROR /home/bsc03/bsc03353/forge/src/dispatcher/posix.c:61 140132904552192: r->filehandle = 191, r->size = 6291456, r->offset = 0
10:44:30 ERROR /home/bsc03/bsc03353/forge/src/dispatcher/posix.c:62 140132904552192: single write -1 of expected 6291456
10:44:31 ERROR /home/bsc03/bsc03353/forge/src/dispatcher/posix.c:61 140154379429632: r->filehandle = 280, r->size = 6291456, r->offset = 0
10:44:31 ERROR /home/bsc03/bsc03353/forge/src/dispatcher/posix.c:62 140154379429632: single write -1 of expected 6291456
10:44:31 ERROR /home/bsc03/bsc03353/forge/src/dispatcher/posix.c:61 140137199527680: r->filehandle = 249, r->size = 6291456, r->offset = 0
10:44:31 ERROR /home/bsc03/bsc03353/forge/src/dispatcher/posix.c:62 140137199527680: single write -1 of expected 6291456
10:44:31 ERROR /home/bsc03/bsc03353/forge/src/dispatcher/posix.c:61 140152231941888: r->filehandle = 136, r->size = 6291456, r->offset = 0
10:44:31 ERROR /home/bsc03/bsc03353/forge/src/dispatcher/posix.c:62 140152231941888: single write -1 of expected 6291456
10:44:31 ERROR /home/bsc03/bsc03353/forge/src/dispatcher/posix.c:61 140145789478656: r->filehandle = 398, r->size = 6291456, r->offset = 0
10:44:31 ERROR /home/bsc03/bsc03353/forge/src/dispatcher/posix.c:62 140145789478656: single write -1 of expected 6291456
10:44:32 ERROR /home/bsc03/bsc03353/forge/src/dispatcher/posix.c:61 140156526917376: r->filehandle = 384, r->size = 6291456, r->offset = 0
10:44:32 ERROR /home/bsc03/bsc03353/forge/src/dispatcher/posix.c:62 140156526917376: single write -1 of expected 6291456
10:44:32 ERROR /home/bsc03/bsc03353/forge/src/dispatcher/posix.c:61 140124314601216: r->filehandle = 116, r->size = 6291456, r->offset = 0
10:44:32 ERROR /home/bsc03/bsc03353/forge/src/dispatcher/posix.c:62 140124314601216: single write -1 of expected 6291456
10:44:32 ERROR /home/bsc03/bsc03353/forge/src/dispatcher/posix.c:61 140137199527680: r->filehandle = 290, r->size = 6291456, r->offset = 0
10:44:32 ERROR /home/bsc03/bsc03353/forge/src/dispatcher/posix.c:62 140137199527680: single write -1 of expected 6291456
10:44:33 ERROR /home/bsc03/bsc03353/forge/src/dispatcher/posix.c:61 140147936966400: r->filehandle = 107, r->size = 6291456, r->offset = 0
10:44:33 ERROR /home/bsc03/bsc03353/forge/src/dispatcher/posix.c:62 140147936966400: single write -1 of expected 6291456
10:44:33 ERROR /home/bsc03/bsc03353/forge/src/dispatcher/posix.c:61 140150084454144: r->filehandle = 337, r->size = 6291456, r->offset = 0
10:44:33 ERROR /home/bsc03/bsc03353/forge/src/dispatcher/posix.c:62 140150084454144: single write -1 of expected 6291456
10:44:33 ERROR /home/bsc03/bsc03353/forge/src/dispatcher/posix.c:61 140152231941888: r->filehandle = 356, r->size = 6291456, r->offset = 0
10:44:33 ERROR /home/bsc03/bsc03353/forge/src/dispatcher/posix.c:62 140152231941888: single write -1 of expected 6291456
10:44:33 ERROR /home/bsc03/bsc03353/forge/src/dispatcher/posix.c:61 140154379429632: r->filehandle = 386, r->size = 6291456, r->offset = 0
10:44:33 ERROR /home/bsc03/bsc03353/forge/src/dispatcher/posix.c:62 140154379429632: single write -1 of expected 6291456
10:44:34 ERROR /home/bsc03/bsc03353/forge/src/dispatcher/posix.c:61 140145789478656: r->filehandle = 174, r->size = 6291456, r->offset = 0
10:44:34 ERROR /home/bsc03/bsc03353/forge/src/dispatcher/posix.c:62 140145789478656: single write -1 of expected 6291456
10:44:34 ERROR /home/bsc03/bsc03353/forge/src/dispatcher/posix.c:61 140130757064448: r->filehandle = 376, r->size = 6291456, r->offset = 0
10:44:34 ERROR /home/bsc03/bsc03353/forge/src/dispatcher/posix.c:62 140130757064448: single write -1 of expected 6291456
10:44:34 ERROR /home/bsc03/bsc03353/forge/src/dispatcher/posix.c:61 140132904552192: r->filehandle = 149, r->size = 6291456, r->offset = 0
10:44:34 ERROR /home/bsc03/bsc03353/forge/src/dispatcher/posix.c:62 140132904552192: single write -1 of expected 6291456
10:44:34 ERROR /home/bsc03/bsc03353/forge/src/dispatcher/posix.c:61 140137199527680: r->filehandle = 65, r->size = 6291456, r->offset = 0
10:44:34 ERROR /home/bsc03/bsc03353/forge/src/dispatcher/posix.c:62 140137199527680: single write -1 of expected 6291456
10:44:35 ERROR /home/bsc03/bsc03353/forge/src/dispatcher/posix.c:61 140154379429632: r->filehandle = 150, r->size = 6291456, r->offset = 0
10:44:35 ERROR /home/bsc03/bsc03353/forge/src/dispatcher/posix.c:62 140154379429632: single write -1 of expected 6291456
10:44:35 ERROR /home/bsc03/bsc03353/forge/src/dispatcher/posix.c:61 140145789478656: r->filehandle = 97, r->size = 6291456, r->offset = 0
10:44:35 ERROR /home/bsc03/bsc03353/forge/src/dispatcher/posix.c:62 140145789478656: single write -1 of expected 6291456
10:44:35 ERROR /home/bsc03/bsc03353/forge/src/dispatcher/posix.c:61 140150084454144: r->filehandle = 243, r->size = 6291456, r->offset = 0
10:44:35 ERROR /home/bsc03/bsc03353/forge/src/dispatcher/posix.c:62 140150084454144: single write -1 of expected 6291456
10:44:35 ERROR /home/bsc03/bsc03353/forge/src/dispatcher/posix.c:61 140156526917376: r->filehandle = 178, r->size = 6291456, r->offset = 0
10:44:35 ERROR /home/bsc03/bsc03353/forge/src/dispatcher/posix.c:62 140156526917376: single write -1 of expected 6291456
10:44:36 ERROR /home/bsc03/bsc03353/forge/src/dispatcher/posix.c:61 140137199527680: r->filehandle = 397, r->size = 6291456, r->offset = 0
10:44:36 ERROR /home/bsc03/bsc03353/forge/src/dispatcher/posix.c:62 140137199527680: single write -1 of expected 6291456
10:44:36 ERROR /home/bsc03/bsc03353/forge/src/dispatcher/posix.c:61 140124314601216: r->filehandle = 389, r->size = 6291456, r->offset = 0
10:44:36 ERROR /home/bsc03/bsc03353/forge/src/dispatcher/posix.c:62 140124314601216: single write -1 of expected 6291456
10:44:36 ERROR /home/bsc03/bsc03353/forge/src/dispatcher/posix.c:61 140139347015424: r->filehandle = 130, r->size = 6291456, r->offset = 0
10:44:36 ERROR /home/bsc03/bsc03353/forge/src/dispatcher/posix.c:62 140139347015424: single write -1 of expected 6291456
10:44:36 ERROR /home/bsc03/bsc03353/forge/src/dispatcher/posix.c:61 140135052039936: r->filehandle = 69, r->size = 6291456, r->offset = 0
10:44:36 ERROR /home/bsc03/bsc03353/forge/src/dispatcher/posix.c:62 140135052039936: single write -1 of expected 6291456
10:44:37 ERROR /home/bsc03/bsc03353/forge/src/dispatcher/posix.c:61 140130757064448: r->filehandle = 102, r->size = 6291456, r->offset = 0
10:44:37 ERROR /home/bsc03/bsc03353/forge/src/dispatcher/posix.c:62 140130757064448: single write -1 of expected 6291456
10:44:37 ERROR /home/bsc03/bsc03353/forge/src/dispatcher/posix.c:61 140132904552192: r->filehandle = 59, r->size = 6291456, r->offset = 0
10:44:37 ERROR /home/bsc03/bsc03353/forge/src/dispatcher/posix.c:62 140132904552192: single write -1 of expected 6291456
10:44:37 ERROR /home/bsc03/bsc03353/forge/src/dispatcher/posix.c:61 140152231941888: r->filehandle = 147, r->size = 6291456, r->offset = 0
10:44:37 ERROR /home/bsc03/bsc03353/forge/src/dispatcher/posix.c:62 140152231941888: single write -1 of expected 6291456
10:44:37 ERROR /home/bsc03/bsc03353/forge/src/dispatcher/posix.c:61 140139347015424: r->filehandle = 161, r->size = 6291456, r->offset = 0
10:44:37 ERROR /home/bsc03/bsc03353/forge/src/dispatcher/posix.c:62 140139347015424: single write -1 of expected 6291456
10:44:38 ERROR /home/bsc03/bsc03353/forge/src/dispatcher/posix.c:61 140154379429632: r->filehandle = 182, r->size = 6291456, r->offset = 0
10:44:38 ERROR /home/bsc03/bsc03353/forge/src/dispatcher/posix.c:62 140154379429632: single write -1 of expected 6291456
10:44:38 ERROR /home/bsc03/bsc03353/forge/src/dispatcher/posix.c:61 140150084454144: r->filehandle = 137, r->size = 6291456, r->offset = 0
10:44:38 ERROR /home/bsc03/bsc03353/forge/src/dispatcher/posix.c:62 140150084454144: single write -1 of expected 6291456
10:44:38 ERROR /home/bsc03/bsc03353/forge/src/dispatcher/posix.c:61 140145789478656: r->filehandle = 223, r->size = 6291456, r->offset = 0
10:44:38 ERROR /home/bsc03/bsc03353/forge/src/dispatcher/posix.c:62 140145789478656: single write -1 of expected 6291456
10:44:38 ERROR /home/bsc03/bsc03353/forge/src/dispatcher/posix.c:61 140156526917376: r->filehandle = 221, r->size = 6291456, r->offset = 0
10:44:38 ERROR /home/bsc03/bsc03353/forge/src/dispatcher/posix.c:62 140156526917376: single write -1 of expected 6291456
10:44:39 ERROR /home/bsc03/bsc03353/forge/src/dispatcher/posix.c:61 140139347015424: r->filehandle = 198, r->size = 6291456, r->offset = 0
10:44:39 ERROR /home/bsc03/bsc03353/forge/src/dispatcher/posix.c:62 140139347015424: single write -1 of expected 6291456
10:44:39 ERROR /home/bsc03/bsc03353/forge/src/dispatcher/posix.c:61 140135052039936: r->filehandle = 160, r->size = 6291456, r->offset = 0
10:44:39 ERROR /home/bsc03/bsc03353/forge/src/dispatcher/posix.c:62 140135052039936: single write -1 of expected 6291456
10:44:40 ERROR /home/bsc03/bsc03353/forge/src/dispatcher/posix.c:61 140152231941888: r->filehandle = 199, r->size = 6291456, r->offset = 0
10:44:40 ERROR /home/bsc03/bsc03353/forge/src/dispatcher/posix.c:62 140152231941888: single write -1 of expected 6291456
10:44:40 ERROR /home/bsc03/bsc03353/forge/src/dispatcher/posix.c:61 140145789478656: r->filehandle = 41, r->size = 6291456, r->offset = 0
10:44:40 ERROR /home/bsc03/bsc03353/forge/src/dispatcher/posix.c:62 140145789478656: single write -1 of expected 6291456
10:44:40 ERROR /home/bsc03/bsc03353/forge/src/dispatcher/posix.c:61 140130757064448: r->filehandle = 127, r->size = 6291456, r->offset = 0
10:44:40 ERROR /home/bsc03/bsc03353/forge/src/dispatcher/posix.c:62 140130757064448: single write -1 of expected 6291456
10:44:40 ERROR /home/bsc03/bsc03353/forge/src/dispatcher/posix.c:61 140137199527680: r->filehandle = 396, r->size = 6291456, r->offset = 0
10:44:40 ERROR /home/bsc03/bsc03353/forge/src/dispatcher/posix.c:62 140137199527680: single write -1 of expected 6291456
10:44:40 ERROR /home/bsc03/bsc03353/forge/src/dispatcher/posix.c:61 140147936966400: r->filehandle = 279, r->size = 6291456, r->offset = 0
10:44:40 ERROR /home/bsc03/bsc03353/forge/src/dispatcher/posix.c:62 140147936966400: single write -1 of expected 6291456
10:44:41 ERROR /home/bsc03/bsc03353/forge/src/dispatcher/posix.c:61 140150084454144: r->filehandle = 138, r->size = 6291456, r->offset = 0
10:44:41 ERROR /home/bsc03/bsc03353/forge/src/dispatcher/posix.c:62 140150084454144: single write -1 of expected 6291456
10:44:41 ERROR /home/bsc03/bsc03353/forge/src/dispatcher/posix.c:61 140152231941888: r->filehandle = 375, r->size = 6291456, r->offset = 0
10:44:41 ERROR /home/bsc03/bsc03353/forge/src/dispatcher/posix.c:62 140152231941888: single write -1 of expected 6291456
10:44:41 ERROR /home/bsc03/bsc03353/forge/src/dispatcher/posix.c:61 140145789478656: r->filehandle = 266, r->size = 6291456, r->offset = 0
10:44:41 ERROR /home/bsc03/bsc03353/forge/src/dispatcher/posix.c:62 140145789478656: single write -1 of expected 6291456
10:44:41 ERROR /home/bsc03/bsc03353/forge/src/dispatcher/posix.c:61 140126462088960: r->filehandle = 125, r->size = 6291456, r->offset = 0
10:44:41 ERROR /home/bsc03/bsc03353/forge/src/dispatcher/posix.c:62 140126462088960: single write -1 of expected 6291456
10:44:42 ERROR /home/bsc03/bsc03353/forge/src/dispatcher/posix.c:61 140143641990912: r->filehandle = 273, r->size = 6291456, r->offset = 0
10:44:42 ERROR /home/bsc03/bsc03353/forge/src/dispatcher/posix.c:62 140143641990912: single write -1 of expected 6291456
10:44:42 ERROR /home/bsc03/bsc03353/forge/src/dispatcher/posix.c:61 140154379429632: r->filehandle = 246, r->size = 6291456, r->offset = 0
10:44:42 ERROR /home/bsc03/bsc03353/forge/src/dispatcher/posix.c:62 140154379429632: single write -1 of expected 6291456
10:44:42 ERROR /home/bsc03/bsc03353/forge/src/dispatcher/posix.c:61 140130757064448: r->filehandle = 86, r->size = 6291456, r->offset = 0
10:44:42 ERROR /home/bsc03/bsc03353/forge/src/dispatcher/posix.c:62 140130757064448: single write -1 of expected 6291456
10:44:43 ERROR /home/bsc03/bsc03353/forge/src/dispatcher/posix.c:61 140152231941888: r->filehandle = 261, r->size = 6291456, r->offset = 0
10:44:43 ERROR /home/bsc03/bsc03353/forge/src/dispatcher/posix.c:62 140152231941888: single write -1 of expected 6291456
10:44:43 ERROR /home/bsc03/bsc03353/forge/src/dispatcher/posix.c:61 140135052039936: r->filehandle = 104, r->size = 6291456, r->offset = 0
10:44:43 ERROR /home/bsc03/bsc03353/forge/src/dispatcher/posix.c:62 140135052039936: single write -1 of expected 6291456
10:44:43 ERROR /home/bsc03/bsc03353/forge/src/dispatcher/posix.c:61 140141494503168: r->filehandle = 348, r->size = 6291456, r->offset = 0
10:44:43 ERROR /home/bsc03/bsc03353/forge/src/dispatcher/posix.c:62 140141494503168: single write -1 of expected 6291456
10:44:43 ERROR /home/bsc03/bsc03353/forge/src/dispatcher/posix.c:61 140137199527680: r->filehandle = 394, r->size = 6291456, r->offset = 0
10:44:43 ERROR /home/bsc03/bsc03353/forge/src/dispatcher/posix.c:62 140137199527680: single write -1 of expected 6291456
10:44:44 ERROR /home/bsc03/bsc03353/forge/src/dispatcher/posix.c:61 140150084454144: r->filehandle = 358, r->size = 6291456, r->offset = 0
10:44:44 ERROR /home/bsc03/bsc03353/forge/src/dispatcher/posix.c:62 140150084454144: single write -1 of expected 6291456
10:44:44 ERROR /home/bsc03/bsc03353/forge/src/dispatcher/posix.c:61 140135052039936: r->filehandle = 381, r->size = 6291456, r->offset = 0
10:44:44 ERROR /home/bsc03/bsc03353/forge/src/dispatcher/posix.c:62 140135052039936: single write -1 of expected 6291456
10:44:44 ERROR /home/bsc03/bsc03353/forge/src/dispatcher/posix.c:61 140147936966400: r->filehandle = 64, r->size = 6291456, r->offset = 0
10:44:44 ERROR /home/bsc03/bsc03353/forge/src/dispatcher/posix.c:62 140147936966400: single write -1 of expected 6291456
10:44:45 ERROR /home/bsc03/bsc03353/forge/src/dispatcher/posix.c:61 140152231941888: r->filehandle = 214, r->size = 6291456, r->offset = 0
10:44:45 ERROR /home/bsc03/bsc03353/forge/src/dispatcher/posix.c:62 140152231941888: single write -1 of expected 6291456
10:44:45 ERROR /home/bsc03/bsc03353/forge/src/dispatcher/posix.c:61 140126462088960: r->filehandle = 346, r->size = 6291456, r->offset = 0
10:44:45 ERROR /home/bsc03/bsc03353/forge/src/dispatcher/posix.c:62 140126462088960: single write -1 of expected 6291456
10:44:45 ERROR /home/bsc03/bsc03353/forge/src/dispatcher/posix.c:61 140141494503168: r->filehandle = 407, r->size = 6291456, r->offset = 0
10:44:45 ERROR /home/bsc03/bsc03353/forge/src/dispatcher/posix.c:62 140141494503168: single write -1 of expected 6291456
10:44:46 ERROR /home/bsc03/bsc03353/forge/src/dispatcher/posix.c:61 140130757064448: r->filehandle = 95, r->size = 6291456, r->offset = 0
10:44:46 ERROR /home/bsc03/bsc03353/forge/src/dispatcher/posix.c:62 140130757064448: single write -1 of expected 6291456
10:44:46 ERROR /home/bsc03/bsc03353/forge/src/dispatcher/posix.c:61 140135052039936: r->filehandle = 293, r->size = 6291456, r->offset = 0
10:44:46 ERROR /home/bsc03/bsc03353/forge/src/dispatcher/posix.c:62 140135052039936: single write -1 of expected 6291456
10:44:47 ERROR /home/bsc03/bsc03353/forge/src/dispatcher/posix.c:61 140156526917376: r->filehandle = 212, r->size = 6291456, r->offset = 0
10:44:47 ERROR /home/bsc03/bsc03353/forge/src/dispatcher/posix.c:62 140156526917376: single write -1 of expected 6291456
10:44:47 ERROR /home/bsc03/bsc03353/forge/src/dispatcher/posix.c:61 140147936966400: r->filehandle = 61, r->size = 6291456, r->offset = 0
10:44:47 ERROR /home/bsc03/bsc03353/forge/src/dispatcher/posix.c:62 140147936966400: single write -1 of expected 6291456
10:44:47 ERROR /home/bsc03/bsc03353/forge/src/dispatcher/posix.c:61 140145789478656: r->filehandle = 245, r->size = 6291456, r->offset = 0
10:44:47 ERROR /home/bsc03/bsc03353/forge/src/dispatcher/posix.c:62 140145789478656: single write -1 of expected 6291456
10:44:48 ERROR /home/bsc03/bsc03353/forge/src/dispatcher/posix.c:61 140124314601216: r->filehandle = 275, r->size = 6291456, r->offset = 0
10:44:48 ERROR /home/bsc03/bsc03353/forge/src/dispatcher/posix.c:62 140124314601216: single write -1 of expected 6291456
10:44:49 ERROR /home/bsc03/bsc03353/forge/src/dispatcher/posix.c:61 140152231941888: r->filehandle = 274, r->size = 6291456, r->offset = 0
10:44:49 ERROR /home/bsc03/bsc03353/forge/src/dispatcher/posix.c:62 140152231941888: single write -1 of expected 6291456
10:44:49 ERROR /home/bsc03/bsc03353/forge/src/dispatcher/posix.c:61 140147936966400: r->filehandle = 368, r->size = 6291456, r->offset = 0
10:44:49 ERROR /home/bsc03/bsc03353/forge/src/dispatcher/posix.c:62 140147936966400: single write -1 of expected 6291456
10:44:50 ERROR /home/bsc03/bsc03353/forge/src/dispatcher/posix.c:61 140124314601216: r->filehandle = 402, r->size = 6291456, r->offset = 0
10:44:50 ERROR /home/bsc03/bsc03353/forge/src/dispatcher/posix.c:62 140124314601216: single write -1 of expected 6291456
10:44:51 ERROR /home/bsc03/bsc03353/forge/src/dispatcher/posix.c:61 140126462088960: r->filehandle = 257, r->size = 6291456, r->offset = 0
10:44:51 ERROR /home/bsc03/bsc03353/forge/src/dispatcher/posix.c:62 140126462088960: single write -1 of expected 6291456
10:44:52 ERROR /home/bsc03/bsc03353/forge/src/dispatcher/posix.c:61 140139347015424: r->filehandle = 395, r->size = 6291456, r->offset = 0
10:44:52 ERROR /home/bsc03/bsc03353/forge/src/dispatcher/posix.c:62 140139347015424: single write -1 of expected 6291456
10:44:53 ERROR /home/bsc03/bsc03353/forge/src/dispatcher/posix.c:61 140128609576704: r->filehandle = 134, r->size = 6291456, r->offset = 0
10:44:53 ERROR /home/bsc03/bsc03353/forge/src/dispatcher/posix.c:62 140128609576704: single write -1 of expected 6291456
10:44:53 ERROR /home/bsc03/bsc03353/forge/src/dispatcher/posix.c:61 140156526917376: r->filehandle = 287, r->size = 6291456, r->offset = 0
10:44:53 ERROR /home/bsc03/bsc03353/forge/src/dispatcher/posix.c:62 140156526917376: single write -1 of expected 6291456
10:44:54 ERROR /home/bsc03/bsc03353/forge/src/dispatcher/posix.c:61 140124314601216: r->filehandle = 79, r->size = 6291456, r->offset = 0
10:44:54 ERROR /home/bsc03/bsc03353/forge/src/dispatcher/posix.c:62 140124314601216: single write -1 of expected 6291456
10:44:54 ERROR /home/bsc03/bsc03353/forge/src/dispatcher/posix.c:61 140141494503168: r->filehandle = 196, r->size = 6291456, r->offset = 0
10:44:54 ERROR /home/bsc03/bsc03353/forge/src/dispatcher/posix.c:62 140141494503168: single write -1 of expected 6291456
10:44:55 ERROR /home/bsc03/bsc03353/forge/src/dispatcher/posix.c:61 140130757064448: r->filehandle = 175, r->size = 6291456, r->offset = 0
10:44:55 ERROR /home/bsc03/bsc03353/forge/src/dispatcher/posix.c:62 140130757064448: single write -1 of expected 6291456
10:44:56 ERROR /home/bsc03/bsc03353/forge/src/dispatcher/posix.c:61 140145789478656: r->filehandle = 192, r->size = 6291456, r->offset = 0
10:44:56 ERROR /home/bsc03/bsc03353/forge/src/dispatcher/posix.c:62 140145789478656: single write -1 of expected 6291456
10:44:56 ERROR /home/bsc03/bsc03353/forge/src/dispatcher/posix.c:61 140128609576704: r->filehandle = 409, r->size = 6291456, r->offset = 0
10:44:56 ERROR /home/bsc03/bsc03353/forge/src/dispatcher/posix.c:62 140128609576704: single write -1 of expected 6291456
10:44:57 ERROR /home/bsc03/bsc03353/forge/src/dispatcher/posix.c:61 140156526917376: r->filehandle = 238, r->size = 6291456, r->offset = 0
10:44:57 ERROR /home/bsc03/bsc03353/forge/src/dispatcher/posix.c:62 140156526917376: single write -1 of expected 6291456
10:44:57 ERROR /home/bsc03/bsc03353/forge/src/dispatcher/posix.c:61 140141494503168: r->filehandle = 372, r->size = 6291456, r->offset = 0
10:44:57 ERROR /home/bsc03/bsc03353/forge/src/dispatcher/posix.c:62 140141494503168: single write -1 of expected 6291456
10:44:58 ERROR /home/bsc03/bsc03353/forge/src/dispatcher/posix.c:61 140139347015424: r->filehandle = 47, r->size = 6291456, r->offset = 0
10:44:58 ERROR /home/bsc03/bsc03353/forge/src/dispatcher/posix.c:62 140139347015424: single write -1 of expected 6291456
10:44:58 ERROR /home/bsc03/bsc03353/forge/src/dispatcher/posix.c:61 140130757064448: r->filehandle = 399, r->size = 6291456, r->offset = 0
10:44:58 ERROR /home/bsc03/bsc03353/forge/src/dispatcher/posix.c:62 140130757064448: single write -1 of expected 6291456
10:44:59 ERROR /home/bsc03/bsc03353/forge/src/dispatcher/posix.c:61 140137199527680: r->filehandle = 135, r->size = 6291456, r->offset = 0
10:44:59 ERROR /home/bsc03/bsc03353/forge/src/dispatcher/posix.c:62 140137199527680: single write -1 of expected 6291456
10:44:59 ERROR /home/bsc03/bsc03353/forge/src/dispatcher/posix.c:61 140124314601216: r->filehandle = 359, r->size = 6291456, r->offset = 0
10:44:59 ERROR /home/bsc03/bsc03353/forge/src/dispatcher/posix.c:62 140124314601216: single write -1 of expected 6291456
10:45:00 ERROR /home/bsc03/bsc03353/forge/src/dispatcher/posix.c:61 140154379429632: r->filehandle = 163, r->size = 6291456, r->offset = 0
10:45:00 ERROR /home/bsc03/bsc03353/forge/src/dispatcher/posix.c:62 140154379429632: single write -1 of expected 6291456
10:45:01 ERROR /home/bsc03/bsc03353/forge/src/dispatcher/posix.c:61 140141494503168: r->filehandle = 247, r->size = 6291456, r->offset = 0
10:45:01 ERROR /home/bsc03/bsc03353/forge/src/dispatcher/posix.c:62 140141494503168: single write -1 of expected 6291456
10:45:01 ERROR /home/bsc03/bsc03353/forge/src/dispatcher/posix.c:61 140147936966400: r->filehandle = 189, r->size = 6291456, r->offset = 0
10:45:01 ERROR /home/bsc03/bsc03353/forge/src/dispatcher/posix.c:62 140147936966400: single write -1 of expected 6291456
10:45:02 ERROR /home/bsc03/bsc03353/forge/src/dispatcher/posix.c:61 140139347015424: r->filehandle = 379, r->size = 6291456, r->offset = 0
10:45:02 ERROR /home/bsc03/bsc03353/forge/src/dispatcher/posix.c:62 140139347015424: single write -1 of expected 6291456
10:45:02 ERROR /home/bsc03/bsc03353/forge/src/dispatcher/posix.c:61 140135052039936: r->filehandle = 144, r->size = 6291456, r->offset = 0
10:45:02 ERROR /home/bsc03/bsc03353/forge/src/dispatcher/posix.c:62 140135052039936: single write -1 of expected 6291456
10:45:03 ERROR /home/bsc03/bsc03353/forge/src/dispatcher/posix.c:61 140156526917376: r->filehandle = 152, r->size = 6291456, r->offset = 0
10:45:03 ERROR /home/bsc03/bsc03353/forge/src/dispatcher/posix.c:62 140156526917376: single write -1 of expected 6291456
10:45:03 ERROR /home/bsc03/bsc03353/forge/src/dispatcher/posix.c:61 140126462088960: r->filehandle = 378, r->size = 6291456, r->offset = 0
10:45:03 ERROR /home/bsc03/bsc03353/forge/src/dispatcher/posix.c:62 140126462088960: single write -1 of expected 6291456
10:45:04 ERROR /home/bsc03/bsc03353/forge/src/dispatcher/posix.c:61 140145789478656: r->filehandle = 282, r->size = 6291456, r->offset = 0
10:45:04 ERROR /home/bsc03/bsc03353/forge/src/dispatcher/posix.c:62 140145789478656: single write -1 of expected 6291456
10:45:04 ERROR /home/bsc03/bsc03353/forge/src/dispatcher/posix.c:61 140150084454144: r->filehandle = 352, r->size = 6291456, r->offset = 0
10:45:04 ERROR /home/bsc03/bsc03353/forge/src/dispatcher/posix.c:62 140150084454144: single write -1 of expected 6291456
10:45:05 ERROR /home/bsc03/bsc03353/forge/src/dispatcher/posix.c:61 140145789478656: r->filehandle = 213, r->size = 6291456, r->offset = 0
10:45:05 ERROR /home/bsc03/bsc03353/forge/src/dispatcher/posix.c:62 140145789478656: single write -1 of expected 6291456
10:45:05 ERROR /home/bsc03/bsc03353/forge/src/dispatcher/posix.c:61 140128609576704: r->filehandle = 142, r->size = 6291456, r->offset = 0
10:45:05 ERROR /home/bsc03/bsc03353/forge/src/dispatcher/posix.c:62 140128609576704: single write -1 of expected 6291456
10:45:06 ERROR /home/bsc03/bsc03353/forge/src/dispatcher/posix.c:61 140156526917376: r->filehandle = 253, r->size = 6291456, r->offset = 0
10:45:06 ERROR /home/bsc03/bsc03353/forge/src/dispatcher/posix.c:62 140156526917376: single write -1 of expected 6291456
10:45:06 ERROR /home/bsc03/bsc03353/forge/src/dispatcher/posix.c:61 140137199527680: r->filehandle = 226, r->size = 6291456, r->offset = 0
10:45:06 ERROR /home/bsc03/bsc03353/forge/src/dispatcher/posix.c:62 140137199527680: single write -1 of expected 6291456
10:45:07 ERROR /home/bsc03/bsc03353/forge/src/dispatcher/posix.c:61 140128609576704: r->filehandle = 385, r->size = 6291456, r->offset = 0
10:45:07 ERROR /home/bsc03/bsc03353/forge/src/dispatcher/posix.c:62 140128609576704: single write -1 of expected 6291456
10:45:07 ERROR /home/bsc03/bsc03353/forge/src/dispatcher/posix.c:61 140135052039936: r->filehandle = 333, r->size = 6291456, r->offset = 0
10:45:07 ERROR /home/bsc03/bsc03353/forge/src/dispatcher/posix.c:62 140135052039936: single write -1 of expected 6291456
10:45:08 ERROR /home/bsc03/bsc03353/forge/src/dispatcher/posix.c:61 140152231941888: r->filehandle = 329, r->size = 6291456, r->offset = 0
10:45:08 ERROR /home/bsc03/bsc03353/forge/src/dispatcher/posix.c:62 140152231941888: single write -1 of expected 6291456
10:45:08 ERROR /home/bsc03/bsc03353/forge/src/dispatcher/posix.c:61 140143641990912: r->filehandle = 114, r->size = 6291456, r->offset = 0
10:45:08 ERROR /home/bsc03/bsc03353/forge/src/dispatcher/posix.c:62 140143641990912: single write -1 of expected 6291456
10:45:09 ERROR /home/bsc03/bsc03353/forge/src/dispatcher/posix.c:61 140141494503168: r->filehandle = 408, r->size = 6291456, r->offset = 0
10:45:09 ERROR /home/bsc03/bsc03353/forge/src/dispatcher/posix.c:62 140141494503168: single write -1 of expected 6291456
10:45:09 ERROR /home/bsc03/bsc03353/forge/src/dispatcher/posix.c:61 140137199527680: r->filehandle = 318, r->size = 6291456, r->offset = 0
10:45:09 ERROR /home/bsc03/bsc03353/forge/src/dispatcher/posix.c:62 140137199527680: single write -1 of expected 6291456
10:45:09 ERROR /home/bsc03/bsc03353/forge/src/dispatcher/posix.c:61 140152231941888: r->filehandle = 365, r->size = 6291456, r->offset = 0
10:45:09 ERROR /home/bsc03/bsc03353/forge/src/dispatcher/posix.c:62 140152231941888: single write -1 of expected 6291456
10:45:10 ERROR /home/bsc03/bsc03353/forge/src/dispatcher/posix.c:61 140132904552192: r->filehandle = 370, r->size = 6291456, r->offset = 0
10:45:10 ERROR /home/bsc03/bsc03353/forge/src/dispatcher/posix.c:62 140132904552192: single write -1 of expected 6291456
10:45:10 ERROR /home/bsc03/bsc03353/forge/src/dispatcher/posix.c:61 140156526917376: r->filehandle = 288, r->size = 6291456, r->offset = 0
10:45:10 ERROR /home/bsc03/bsc03353/forge/src/dispatcher/posix.c:62 140156526917376: single write -1 of expected 6291456
10:45:11 ERROR /home/bsc03/bsc03353/forge/src/dispatcher/posix.c:61 140139347015424: r->filehandle = 139, r->size = 6291456, r->offset = 0
10:45:11 ERROR /home/bsc03/bsc03353/forge/src/dispatcher/posix.c:62 140139347015424: single write -1 of expected 6291456
10:45:11 ERROR /home/bsc03/bsc03353/forge/src/dispatcher/posix.c:61 140141494503168: r->filehandle = 330, r->size = 6291456, r->offset = 0
10:45:11 ERROR /home/bsc03/bsc03353/forge/src/dispatcher/posix.c:62 140141494503168: single write -1 of expected 6291456
10:45:11 ERROR /home/bsc03/bsc03353/forge/src/dispatcher/posix.c:61 140135052039936: r->filehandle = 295, r->size = 6291456, r->offset = 0
10:45:11 ERROR /home/bsc03/bsc03353/forge/src/dispatcher/posix.c:62 140135052039936: single write -1 of expected 6291456
10:45:12 ERROR /home/bsc03/bsc03353/forge/src/dispatcher/posix.c:61 140152231941888: r->filehandle = 230, r->size = 6291456, r->offset = 0
10:45:12 ERROR /home/bsc03/bsc03353/forge/src/dispatcher/posix.c:62 140152231941888: single write -1 of expected 6291456
10:45:12 ERROR /home/bsc03/bsc03353/forge/src/dispatcher/posix.c:61 140139347015424: r->filehandle = 154, r->size = 6291456, r->offset = 0
10:45:12 ERROR /home/bsc03/bsc03353/forge/src/dispatcher/posix.c:62 140139347015424: single write -1 of expected 6291456
10:45:13 ERROR /home/bsc03/bsc03353/forge/src/dispatcher/posix.c:61 140130757064448: r->filehandle = 391, r->size = 6291456, r->offset = 0
10:45:13 ERROR /home/bsc03/bsc03353/forge/src/dispatcher/posix.c:62 140130757064448: single write -1 of expected 6291456
10:45:13 ERROR /home/bsc03/bsc03353/forge/src/dispatcher/posix.c:61 140141494503168: r->filehandle = 92, r->size = 6291456, r->offset = 0
10:45:13 ERROR /home/bsc03/bsc03353/forge/src/dispatcher/posix.c:62 140141494503168: single write -1 of expected 6291456
10:45:14 ERROR /home/bsc03/bsc03353/forge/src/dispatcher/posix.c:61 140126462088960: r->filehandle = 55, r->size = 6291456, r->offset = 0
10:45:14 ERROR /home/bsc03/bsc03353/forge/src/dispatcher/posix.c:62 140126462088960: single write -1 of expected 6291456
10:45:14 ERROR /home/bsc03/bsc03353/forge/src/dispatcher/posix.c:61 140150084454144: r->filehandle = 317, r->size = 6291456, r->offset = 0
10:45:14 ERROR /home/bsc03/bsc03353/forge/src/dispatcher/posix.c:62 140150084454144: single write -1 of expected 6291456
10:45:15 ERROR /home/bsc03/bsc03353/forge/src/dispatcher/posix.c:61 140154379429632: r->filehandle = 229, r->size = 6291456, r->offset = 0
10:45:15 ERROR /home/bsc03/bsc03353/forge/src/dispatcher/posix.c:62 140154379429632: single write -1 of expected 6291456
10:45:15 ERROR /home/bsc03/bsc03353/forge/src/dispatcher/posix.c:61 140130757064448: r->filehandle = 179, r->size = 6291456, r->offset = 0
10:45:15 ERROR /home/bsc03/bsc03353/forge/src/dispatcher/posix.c:62 140130757064448: single write -1 of expected 6291456
10:45:15 ERROR /home/bsc03/bsc03353/forge/src/dispatcher/posix.c:61 140139347015424: r->filehandle = 260, r->size = 6291456, r->offset = 0
10:45:15 ERROR /home/bsc03/bsc03353/forge/src/dispatcher/posix.c:62 140139347015424: single write -1 of expected 6291456
10:45:16 ERROR /home/bsc03/bsc03353/forge/src/dispatcher/posix.c:61 140124314601216: r->filehandle = 111, r->size = 6291456, r->offset = 0
10:45:16 ERROR /home/bsc03/bsc03353/forge/src/dispatcher/posix.c:62 140124314601216: single write -1 of expected 6291456
10:45:16 ERROR /home/bsc03/bsc03353/forge/src/dispatcher/posix.c:61 140137199527680: r->filehandle = 343, r->size = 6291456, r->offset = 0
10:45:16 ERROR /home/bsc03/bsc03353/forge/src/dispatcher/posix.c:62 140137199527680: single write -1 of expected 6291456
10:45:17 ERROR /home/bsc03/bsc03353/forge/src/dispatcher/posix.c:61 140141494503168: r->filehandle = 283, r->size = 6291456, r->offset = 0
10:45:17 ERROR /home/bsc03/bsc03353/forge/src/dispatcher/posix.c:62 140141494503168: single write -1 of expected 6291456
10:45:17 ERROR /home/bsc03/bsc03353/forge/src/dispatcher/posix.c:61 140154379429632: r->filehandle = 312, r->size = 6291456, r->offset = 0
10:45:17 ERROR /home/bsc03/bsc03353/forge/src/dispatcher/posix.c:62 140154379429632: single write -1 of expected 6291456
10:45:18 ERROR /home/bsc03/bsc03353/forge/src/dispatcher/posix.c:61 140139347015424: r->filehandle = 299, r->size = 6291456, r->offset = 0
10:45:18 ERROR /home/bsc03/bsc03353/forge/src/dispatcher/posix.c:62 140139347015424: single write -1 of expected 6291456
10:45:18 ERROR /home/bsc03/bsc03353/forge/src/dispatcher/posix.c:61 140156526917376: r->filehandle = 165, r->size = 6291456, r->offset = 0
10:45:18 ERROR /home/bsc03/bsc03353/forge/src/dispatcher/posix.c:62 140156526917376: single write -1 of expected 6291456
10:45:19 ERROR /home/bsc03/bsc03353/forge/src/dispatcher/posix.c:61 140135052039936: r->filehandle = 321, r->size = 6291456, r->offset = 0
10:45:19 ERROR /home/bsc03/bsc03353/forge/src/dispatcher/posix.c:62 140135052039936: single write -1 of expected 6291456
10:45:19 ERROR /home/bsc03/bsc03353/forge/src/dispatcher/posix.c:61 140143641990912: r->filehandle = 167, r->size = 6291456, r->offset = 0
10:45:19 ERROR /home/bsc03/bsc03353/forge/src/dispatcher/posix.c:62 140143641990912: single write -1 of expected 6291456
10:45:20 ERROR /home/bsc03/bsc03353/forge/src/dispatcher/posix.c:61 140128609576704: r->filehandle = 361, r->size = 6291456, r->offset = 0
10:45:20 ERROR /home/bsc03/bsc03353/forge/src/dispatcher/posix.c:62 140128609576704: single write -1 of expected 6291456
10:45:20 ERROR /home/bsc03/bsc03353/forge/src/dispatcher/posix.c:61 140137199527680: r->filehandle = 73, r->size = 6291456, r->offset = 0
10:45:20 ERROR /home/bsc03/bsc03353/forge/src/dispatcher/posix.c:62 140137199527680: single write -1 of expected 6291456
10:45:20 ERROR /home/bsc03/bsc03353/forge/src/dispatcher/posix.c:61 140154379429632: r->filehandle = 281, r->size = 6291456, r->offset = 0
10:45:20 ERROR /home/bsc03/bsc03353/forge/src/dispatcher/posix.c:62 140154379429632: single write -1 of expected 6291456
10:45:21 ERROR /home/bsc03/bsc03353/forge/src/dispatcher/posix.c:61 140135052039936: r->filehandle = 410, r->size = 6291456, r->offset = 0
10:45:21 ERROR /home/bsc03/bsc03353/forge/src/dispatcher/posix.c:62 140135052039936: single write -1 of expected 6291456
10:45:21 ERROR /home/bsc03/bsc03353/forge/src/dispatcher/posix.c:61 140156526917376: r->filehandle = 220, r->size = 6291456, r->offset = 0
10:45:21 ERROR /home/bsc03/bsc03353/forge/src/dispatcher/posix.c:62 140156526917376: single write -1 of expected 6291456
10:45:21 ERROR /home/bsc03/bsc03353/forge/src/dispatcher/posix.c:61 140143641990912: r->filehandle = 326, r->size = 6291456, r->offset = 0
10:45:21 ERROR /home/bsc03/bsc03353/forge/src/dispatcher/posix.c:62 140143641990912: single write -1 of expected 6291456
10:45:22 ERROR /home/bsc03/bsc03353/forge/src/dispatcher/posix.c:61 140150084454144: r->filehandle = 401, r->size = 6291456, r->offset = 0
10:45:22 ERROR /home/bsc03/bsc03353/forge/src/dispatcher/posix.c:62 140150084454144: single write -1 of expected 6291456
10:45:22 ERROR /home/bsc03/bsc03353/forge/src/dispatcher/posix.c:61 140132904552192: r->filehandle = 197, r->size = 6291456, r->offset = 0
10:45:22 ERROR /home/bsc03/bsc03353/forge/src/dispatcher/posix.c:62 140132904552192: single write -1 of expected 6291456
10:45:23 ERROR /home/bsc03/bsc03353/forge/src/dispatcher/posix.c:61 140139347015424: r->filehandle = 242, r->size = 6291456, r->offset = 0
10:45:23 ERROR /home/bsc03/bsc03353/forge/src/dispatcher/posix.c:62 140139347015424: single write -1 of expected 6291456
10:45:24 ERROR /home/bsc03/bsc03353/forge/src/dispatcher/posix.c:61 140135052039936: r->filehandle = 204, r->size = 6291456, r->offset = 0
10:45:24 ERROR /home/bsc03/bsc03353/forge/src/dispatcher/posix.c:62 140135052039936: single write -1 of expected 6291456
10:45:24 ERROR /home/bsc03/bsc03353/forge/src/dispatcher/posix.c:61 140143641990912: r->filehandle = 262, r->size = 6291456, r->offset = 0
10:45:24 ERROR /home/bsc03/bsc03353/forge/src/dispatcher/posix.c:62 140143641990912: single write -1 of expected 6291456
10:45:24 ERROR /home/bsc03/bsc03353/forge/src/dispatcher/posix.c:61 140156526917376: r->filehandle = 184, r->size = 6291456, r->offset = 0
10:45:24 ERROR /home/bsc03/bsc03353/forge/src/dispatcher/posix.c:62 140156526917376: single write -1 of expected 6291456
10:45:25 ERROR /home/bsc03/bsc03353/forge/src/dispatcher/posix.c:61 140139347015424: r->filehandle = 390, r->size = 6291456, r->offset = 0
10:45:25 ERROR /home/bsc03/bsc03353/forge/src/dispatcher/posix.c:62 140139347015424: single write -1 of expected 6291456
10:45:25 ERROR /home/bsc03/bsc03353/forge/src/dispatcher/posix.c:61 140132904552192: r->filehandle = 60, r->size = 6291456, r->offset = 0
10:45:25 ERROR /home/bsc03/bsc03353/forge/src/dispatcher/posix.c:62 140132904552192: single write -1 of expected 6291456
10:45:25 ERROR /home/bsc03/bsc03353/forge/src/dispatcher/posix.c:61 140135052039936: r->filehandle = 285, r->size = 6291456, r->offset = 0
10:45:25 ERROR /home/bsc03/bsc03353/forge/src/dispatcher/posix.c:62 140135052039936: single write -1 of expected 6291456
10:45:25 ERROR /home/bsc03/bsc03353/forge/src/dispatcher/posix.c:61 140154379429632: r->filehandle = 411, r->size = 6291456, r->offset = 0
10:45:25 ERROR /home/bsc03/bsc03353/forge/src/dispatcher/posix.c:62 140154379429632: single write -1 of expected 6291456
10:45:26 ERROR /home/bsc03/bsc03353/forge/src/dispatcher/posix.c:61 140139347015424: r->filehandle = 374, r->size = 6291456, r->offset = 0
10:45:26 ERROR /home/bsc03/bsc03353/forge/src/dispatcher/posix.c:62 140139347015424: single write -1 of expected 6291456
10:45:26 ERROR /home/bsc03/bsc03353/forge/src/dispatcher/posix.c:61 140141494503168: r->filehandle = 188, r->size = 6291456, r->offset = 0
10:45:26 ERROR /home/bsc03/bsc03353/forge/src/dispatcher/posix.c:62 140141494503168: single write -1 of expected 6291456
10:45:26 ERROR /home/bsc03/bsc03353/forge/src/dispatcher/posix.c:61 140147936966400: r->filehandle = 373, r->size = 6291456, r->offset = 0
10:45:26 ERROR /home/bsc03/bsc03353/forge/src/dispatcher/posix.c:62 140147936966400: single write -1 of expected 6291456
10:45:27 ERROR /home/bsc03/bsc03353/forge/src/dispatcher/posix.c:61 140135052039936: r->filehandle = 259, r->size = 6291456, r->offset = 0
10:45:27 ERROR /home/bsc03/bsc03353/forge/src/dispatcher/posix.c:62 140135052039936: single write -1 of expected 6291456
10:45:27 ERROR /home/bsc03/bsc03353/forge/src/dispatcher/posix.c:61 140130757064448: r->filehandle = 216, r->size = 6291456, r->offset = 0
10:45:27 ERROR /home/bsc03/bsc03353/forge/src/dispatcher/posix.c:62 140130757064448: single write -1 of expected 6291456
10:45:28 ERROR /home/bsc03/bsc03353/forge/src/dispatcher/posix.c:61 140139347015424: r->filehandle = 276, r->size = 6291456, r->offset = 0
10:45:28 ERROR /home/bsc03/bsc03353/forge/src/dispatcher/posix.c:62 140139347015424: single write -1 of expected 6291456
10:45:28 ERROR /home/bsc03/bsc03353/forge/src/dispatcher/posix.c:61 140135052039936: r->filehandle = 300, r->size = 6291456, r->offset = 0
10:45:28 ERROR /home/bsc03/bsc03353/forge/src/dispatcher/posix.c:62 140135052039936: single write -1 of expected 6291456
10:45:29 ERROR /home/bsc03/bsc03353/forge/src/dispatcher/posix.c:61 140132904552192: r->filehandle = 50, r->size = 6291456, r->offset = 0
10:45:29 ERROR /home/bsc03/bsc03353/forge/src/dispatcher/posix.c:62 140132904552192: single write -1 of expected 6291456
10:45:29 ERROR /home/bsc03/bsc03353/forge/src/dispatcher/posix.c:61 140137199527680: r->filehandle = 244, r->size = 6291456, r->offset = 0
10:45:29 ERROR /home/bsc03/bsc03353/forge/src/dispatcher/posix.c:62 140137199527680: single write -1 of expected 6291456
10:45:30 ERROR /home/bsc03/bsc03353/forge/src/dispatcher/posix.c:61 140135052039936: r->filehandle = 172, r->size = 6291456, r->offset = 0
10:45:30 ERROR /home/bsc03/bsc03353/forge/src/dispatcher/posix.c:62 140135052039936: single write -1 of expected 6291456
10:45:30 ERROR /home/bsc03/bsc03353/forge/src/dispatcher/posix.c:61 140154379429632: r->filehandle = 83, r->size = 6291456, r->offset = 0
10:45:30 ERROR /home/bsc03/bsc03353/forge/src/dispatcher/posix.c:62 140154379429632: single write -1 of expected 6291456
10:45:31 ERROR /home/bsc03/bsc03353/forge/src/dispatcher/posix.c:61 140150084454144: r->filehandle = 254, r->size = 6291456, r->offset = 0
10:45:31 ERROR /home/bsc03/bsc03353/forge/src/dispatcher/posix.c:62 140150084454144: single write -1 of expected 6291456
10:45:32 ERROR /home/bsc03/bsc03353/forge/src/dispatcher/posix.c:61 140132904552192: r->filehandle = 108, r->size = 6291456, r->offset = 0
10:45:32 ERROR /home/bsc03/bsc03353/forge/src/dispatcher/posix.c:62 140132904552192: single write -1 of expected 6291456
10:45:32 ERROR /home/bsc03/bsc03353/forge/src/dispatcher/posix.c:61 140139347015424: r->filehandle = 45, r->size = 6291456, r->offset = 0
10:45:32 ERROR /home/bsc03/bsc03353/forge/src/dispatcher/posix.c:62 140139347015424: single write -1 of expected 6291456
10:45:32 ERROR /home/bsc03/bsc03353/forge/src/dispatcher/posix.c:61 140124314601216: r->filehandle = 151, r->size = 6291456, r->offset = 0
10:45:32 ERROR /home/bsc03/bsc03353/forge/src/dispatcher/posix.c:62 140124314601216: single write -1 of expected 6291456
10:45:33 ERROR /home/bsc03/bsc03353/forge/src/dispatcher/posix.c:61 140126462088960: r->filehandle = 319, r->size = 6291456, r->offset = 0
10:45:33 ERROR /home/bsc03/bsc03353/forge/src/dispatcher/posix.c:62 140126462088960: single write -1 of expected 6291456
10:45:33 ERROR /home/bsc03/bsc03353/forge/src/dispatcher/posix.c:61 140154379429632: r->filehandle = 77, r->size = 6291456, r->offset = 0
10:45:33 ERROR /home/bsc03/bsc03353/forge/src/dispatcher/posix.c:62 140154379429632: single write -1 of expected 6291456
10:45:33 ERROR /home/bsc03/bsc03353/forge/src/dispatcher/posix.c:61 140137199527680: r->filehandle = 236, r->size = 6291456, r->offset = 0
10:45:33 ERROR /home/bsc03/bsc03353/forge/src/dispatcher/posix.c:62 140137199527680: single write -1 of expected 6291456
10:45:34 ERROR /home/bsc03/bsc03353/forge/src/dispatcher/posix.c:61 140147936966400: r->filehandle = 185, r->size = 6291456, r->offset = 0
10:45:34 ERROR /home/bsc03/bsc03353/forge/src/dispatcher/posix.c:62 140147936966400: single write -1 of expected 6291456
10:45:34 ERROR /home/bsc03/bsc03353/forge/src/dispatcher/posix.c:61 140124314601216: r->filehandle = 101, r->size = 6291456, r->offset = 0
10:45:34 ERROR /home/bsc03/bsc03353/forge/src/dispatcher/posix.c:62 140124314601216: single write -1 of expected 6291456
10:45:35 ERROR /home/bsc03/bsc03353/forge/src/dispatcher/posix.c:61 140132904552192: r->filehandle = 190, r->size = 6291456, r->offset = 0
10:45:35 ERROR /home/bsc03/bsc03353/forge/src/dispatcher/posix.c:62 140132904552192: single write -1 of expected 6291456
10:45:35 ERROR /home/bsc03/bsc03353/forge/src/dispatcher/posix.c:61 140156526917376: r->filehandle = 294, r->size = 6291456, r->offset = 0
10:45:35 ERROR /home/bsc03/bsc03353/forge/src/dispatcher/posix.c:62 140156526917376: single write -1 of expected 6291456
10:45:35 ERROR /home/bsc03/bsc03353/forge/src/dispatcher/posix.c:61 140143641990912: r->filehandle = 205, r->size = 6291456, r->offset = 0
10:45:35 ERROR /home/bsc03/bsc03353/forge/src/dispatcher/posix.c:62 140143641990912: single write -1 of expected 6291456
10:45:36 ERROR /home/bsc03/bsc03353/forge/src/dispatcher/posix.c:61 140152231941888: r->filehandle = 360, r->size = 6291456, r->offset = 0
10:45:36 ERROR /home/bsc03/bsc03353/forge/src/dispatcher/posix.c:62 140152231941888: single write -1 of expected 6291456
10:45:37 ERROR /home/bsc03/bsc03353/forge/src/dispatcher/posix.c:61 140135052039936: r->filehandle = 268, r->size = 6291456, r->offset = 0
10:45:37 ERROR /home/bsc03/bsc03353/forge/src/dispatcher/posix.c:62 140135052039936: single write -1 of expected 6291456
10:45:37 ERROR /home/bsc03/bsc03353/forge/src/dispatcher/posix.c:61 140141494503168: r->filehandle = 371, r->size = 6291456, r->offset = 0
10:45:37 ERROR /home/bsc03/bsc03353/forge/src/dispatcher/posix.c:62 140141494503168: single write -1 of expected 6291456
10:45:37 ERROR /home/bsc03/bsc03353/forge/src/dispatcher/posix.c:61 140143641990912: r->filehandle = 309, r->size = 6291456, r->offset = 0
10:45:37 ERROR /home/bsc03/bsc03353/forge/src/dispatcher/posix.c:62 140143641990912: single write -1 of expected 6291456
10:45:38 ERROR /home/bsc03/bsc03353/forge/src/dispatcher/posix.c:61 140124314601216: r->filehandle = 36, r->size = 6291456, r->offset = 0
10:45:38 ERROR /home/bsc03/bsc03353/forge/src/dispatcher/posix.c:62 140124314601216: single write -1 of expected 6291456
10:45:38 ERROR /home/bsc03/bsc03353/forge/src/dispatcher/posix.c:61 140141494503168: r->filehandle = 307, r->size = 6291456, r->offset = 0
10:45:38 ERROR /home/bsc03/bsc03353/forge/src/dispatcher/posix.c:62 140141494503168: single write -1 of expected 6291456
10:45:38 ERROR /home/bsc03/bsc03353/forge/src/dispatcher/posix.c:61 140135052039936: r->filehandle = 252, r->size = 6291456, r->offset = 0
10:45:38 ERROR /home/bsc03/bsc03353/forge/src/dispatcher/posix.c:62 140135052039936: single write -1 of expected 6291456
10:45:39 ERROR /home/bsc03/bsc03353/forge/src/dispatcher/posix.c:61 140150084454144: r->filehandle = 75, r->size = 6291456, r->offset = 0
10:45:39 ERROR /home/bsc03/bsc03353/forge/src/dispatcher/posix.c:62 140150084454144: single write -1 of expected 6291456
10:45:40 ERROR /home/bsc03/bsc03353/forge/src/dispatcher/posix.c:61 140156526917376: r->filehandle = 292, r->size = 6291456, r->offset = 0
10:45:40 ERROR /home/bsc03/bsc03353/forge/src/dispatcher/posix.c:62 140156526917376: single write -1 of expected 6291456
10:45:40 ERROR /home/bsc03/bsc03353/forge/src/dispatcher/posix.c:61 140132904552192: r->filehandle = 176, r->size = 6291456, r->offset = 0
10:45:40 ERROR /home/bsc03/bsc03353/forge/src/dispatcher/posix.c:62 140132904552192: single write -1 of expected 6291456
10:45:41 ERROR /home/bsc03/bsc03353/forge/src/dispatcher/posix.c:61 140152231941888: r->filehandle = 304, r->size = 6291456, r->offset = 0
10:45:41 ERROR /home/bsc03/bsc03353/forge/src/dispatcher/posix.c:62 140152231941888: single write -1 of expected 6291456
10:45:41 ERROR /home/bsc03/bsc03353/forge/src/dispatcher/posix.c:61 140128609576704: r->filehandle = 412, r->size = 6291456, r->offset = 0
10:45:41 ERROR /home/bsc03/bsc03353/forge/src/dispatcher/posix.c:62 140128609576704: single write -1 of expected 6291456
10:45:41 ERROR /home/bsc03/bsc03353/forge/src/dispatcher/posix.c:61 140139347015424: r->filehandle = 203, r->size = 6291456, r->offset = 0
10:45:41 ERROR /home/bsc03/bsc03353/forge/src/dispatcher/posix.c:62 140139347015424: single write -1 of expected 6291456
10:45:42 ERROR /home/bsc03/bsc03353/forge/src/dispatcher/posix.c:61 140152231941888: r->filehandle = 256, r->size = 6291456, r->offset = 0
10:45:42 ERROR /home/bsc03/bsc03353/forge/src/dispatcher/posix.c:62 140152231941888: single write -1 of expected 6291456
10:45:42 ERROR /home/bsc03/bsc03353/forge/src/dispatcher/posix.c:61 140130757064448: r->filehandle = 255, r->size = 6291456, r->offset = 0
10:45:42 ERROR /home/bsc03/bsc03353/forge/src/dispatcher/posix.c:62 140130757064448: single write -1 of expected 6291456
10:45:43 ERROR /home/bsc03/bsc03353/forge/src/dispatcher/posix.c:61 140150084454144: r->filehandle = 67, r->size = 6291456, r->offset = 0
10:45:43 ERROR /home/bsc03/bsc03353/forge/src/dispatcher/posix.c:62 140150084454144: single write -1 of expected 6291456
10:45:43 ERROR /home/bsc03/bsc03353/forge/src/dispatcher/posix.c:61 140124314601216: r->filehandle = 48, r->size = 6291456, r->offset = 0
10:45:43 ERROR /home/bsc03/bsc03353/forge/src/dispatcher/posix.c:62 140124314601216: single write -1 of expected 6291456
10:45:44 ERROR /home/bsc03/bsc03353/forge/src/dispatcher/posix.c:61 140147936966400: r->filehandle = 84, r->size = 6291456, r->offset = 0
10:45:44 ERROR /home/bsc03/bsc03353/forge/src/dispatcher/posix.c:62 140147936966400: single write -1 of expected 6291456
10:45:44 ERROR /home/bsc03/bsc03353/forge/src/dispatcher/posix.c:61 140152231941888: r->filehandle = 80, r->size = 6291456, r->offset = 0
10:45:44 ERROR /home/bsc03/bsc03353/forge/src/dispatcher/posix.c:62 140152231941888: single write -1 of expected 6291456
10:45:44 ERROR /home/bsc03/bsc03353/forge/src/dispatcher/posix.c:61 140137199527680: r->filehandle = 181, r->size = 6291456, r->offset = 0
10:45:44 ERROR /home/bsc03/bsc03353/forge/src/dispatcher/posix.c:62 140137199527680: single write -1 of expected 6291456
10:45:45 ERROR /home/bsc03/bsc03353/forge/src/dispatcher/posix.c:61 140139347015424: r->filehandle = 403, r->size = 6291456, r->offset = 0
10:45:45 ERROR /home/bsc03/bsc03353/forge/src/dispatcher/posix.c:62 140139347015424: single write -1 of expected 6291456
10:45:45 ERROR /home/bsc03/bsc03353/forge/src/dispatcher/posix.c:61 140128609576704: r->filehandle = 388, r->size = 6291456, r->offset = 0
10:45:45 ERROR /home/bsc03/bsc03353/forge/src/dispatcher/posix.c:62 140128609576704: single write -1 of expected 6291456
10:45:46 ERROR /home/bsc03/bsc03353/forge/src/dispatcher/posix.c:61 140156526917376: r->filehandle = 311, r->size = 6291456, r->offset = 0
10:45:46 ERROR /home/bsc03/bsc03353/forge/src/dispatcher/posix.c:62 140156526917376: single write -1 of expected 6291456
10:45:46 ERROR /home/bsc03/bsc03353/forge/src/dispatcher/posix.c:61 140135052039936: r->filehandle = 258, r->size = 6291456, r->offset = 0
10:45:46 ERROR /home/bsc03/bsc03353/forge/src/dispatcher/posix.c:62 140135052039936: single write -1 of expected 6291456
10:45:47 ERROR /home/bsc03/bsc03353/forge/src/dispatcher/posix.c:61 140137199527680: r->filehandle = 53, r->size = 6291456, r->offset = 0
10:45:47 ERROR /home/bsc03/bsc03353/forge/src/dispatcher/posix.c:62 140137199527680: single write -1 of expected 6291456
10:45:47 ERROR /home/bsc03/bsc03353/forge/src/dispatcher/posix.c:61 140124314601216: r->filehandle = 270, r->size = 6291456, r->offset = 0
10:45:47 ERROR /home/bsc03/bsc03353/forge/src/dispatcher/posix.c:62 140124314601216: single write -1 of expected 6291456
10:45:47 ERROR /home/bsc03/bsc03353/forge/src/dispatcher/posix.c:61 140152231941888: r->filehandle = 43, r->size = 6291456, r->offset = 0
10:45:47 ERROR /home/bsc03/bsc03353/forge/src/dispatcher/posix.c:62 140152231941888: single write -1 of expected 6291456
10:45:48 ERROR /home/bsc03/bsc03353/forge/src/dispatcher/posix.c:61 140126462088960: r->filehandle = 81, r->size = 6291456, r->offset = 0
10:45:48 ERROR /home/bsc03/bsc03353/forge/src/dispatcher/posix.c:62 140126462088960: single write -1 of expected 6291456
10:45:48 ERROR /home/bsc03/bsc03353/forge/src/dispatcher/posix.c:61 140141494503168: r->filehandle = 126, r->size = 6291456, r->offset = 0
10:45:48 ERROR /home/bsc03/bsc03353/forge/src/dispatcher/posix.c:62 140141494503168: single write -1 of expected 6291456
10:45:49 ERROR /home/bsc03/bsc03353/forge/src/dispatcher/posix.c:61 140132904552192: r->filehandle = 278, r->size = 6291456, r->offset = 0
10:45:49 ERROR /home/bsc03/bsc03353/forge/src/dispatcher/posix.c:62 140132904552192: single write -1 of expected 6291456
10:45:49 ERROR /home/bsc03/bsc03353/forge/src/dispatcher/posix.c:61 140139347015424: r->filehandle = 52, r->size = 6291456, r->offset = 0
10:45:49 ERROR /home/bsc03/bsc03353/forge/src/dispatcher/posix.c:62 140139347015424: single write -1 of expected 6291456
10:45:50 ERROR /home/bsc03/bsc03353/forge/src/dispatcher/posix.c:61 140135052039936: r->filehandle = 166, r->size = 6291456, r->offset = 0
10:45:50 ERROR /home/bsc03/bsc03353/forge/src/dispatcher/posix.c:62 140135052039936: single write -1 of expected 6291456
10:45:50 ERROR /home/bsc03/bsc03353/forge/src/dispatcher/posix.c:61 140150084454144: r->filehandle = 90, r->size = 6291456, r->offset = 0
10:45:50 ERROR /home/bsc03/bsc03353/forge/src/dispatcher/posix.c:62 140150084454144: single write -1 of expected 6291456
10:45:51 ERROR /home/bsc03/bsc03353/forge/src/dispatcher/posix.c:61 140132904552192: r->filehandle = 308, r->size = 6291456, r->offset = 0
10:45:51 ERROR /home/bsc03/bsc03353/forge/src/dispatcher/posix.c:62 140132904552192: single write -1 of expected 6291456
10:45:51 ERROR /home/bsc03/bsc03353/forge/src/dispatcher/posix.c:61 140137199527680: r->filehandle = 328, r->size = 6291456, r->offset = 0
10:45:51 ERROR /home/bsc03/bsc03353/forge/src/dispatcher/posix.c:62 140137199527680: single write -1 of expected 6291456
10:45:52 ERROR /home/bsc03/bsc03353/forge/src/dispatcher/posix.c:61 140152231941888: r->filehandle = 315, r->size = 6291456, r->offset = 0
10:45:52 ERROR /home/bsc03/bsc03353/forge/src/dispatcher/posix.c:62 140152231941888: single write -1 of expected 6291456
10:45:52 ERROR /home/bsc03/bsc03353/forge/src/dispatcher/posix.c:61 140124314601216: r->filehandle = 237, r->size = 6291456, r->offset = 0
10:45:52 ERROR /home/bsc03/bsc03353/forge/src/dispatcher/posix.c:62 140124314601216: single write -1 of expected 6291456
10:45:53 ERROR /home/bsc03/bsc03353/forge/src/dispatcher/posix.c:61 140130757064448: r->filehandle = 353, r->size = 6291456, r->offset = 0
10:45:53 ERROR /home/bsc03/bsc03353/forge/src/dispatcher/posix.c:62 140130757064448: single write -1 of expected 6291456
10:45:53 ERROR /home/bsc03/bsc03353/forge/src/dispatcher/posix.c:61 140137199527680: r->filehandle = 82, r->size = 6291456, r->offset = 0
10:45:53 ERROR /home/bsc03/bsc03353/forge/src/dispatcher/posix.c:62 140137199527680: single write -1 of expected 6291456
10:45:54 ERROR /home/bsc03/bsc03353/forge/src/dispatcher/posix.c:61 140156526917376: r->filehandle = 364, r->size = 6291456, r->offset = 0
10:45:54 ERROR /home/bsc03/bsc03353/forge/src/dispatcher/posix.c:62 140156526917376: single write -1 of expected 6291456
10:45:55 ERROR /home/bsc03/bsc03353/forge/src/dispatcher/posix.c:61 140150084454144: r->filehandle = 377, r->size = 6291456, r->offset = 0
10:45:55 ERROR /home/bsc03/bsc03353/forge/src/dispatcher/posix.c:62 140150084454144: single write -1 of expected 6291456
10:45:56 ERROR /home/bsc03/bsc03353/forge/src/dispatcher/posix.c:61 140126462088960: r->filehandle = 277, r->size = 6291456, r->offset = 0
10:45:56 ERROR /home/bsc03/bsc03353/forge/src/dispatcher/posix.c:62 140126462088960: single write -1 of expected 6291456
10:45:57 ERROR /home/bsc03/bsc03353/forge/src/dispatcher/posix.c:61 140130757064448: r->filehandle = 393, r->size = 6291456, r->offset = 0
10:45:57 ERROR /home/bsc03/bsc03353/forge/src/dispatcher/posix.c:62 140130757064448: single write -1 of expected 6291456
10:45:57 ERROR /home/bsc03/bsc03353/forge/src/dispatcher/posix.c:61 140124314601216: r->filehandle = 215, r->size = 6291456, r->offset = 0
10:45:57 ERROR /home/bsc03/bsc03353/forge/src/dispatcher/posix.c:62 140124314601216: single write -1 of expected 6291456
10:45:58 ERROR /home/bsc03/bsc03353/forge/src/dispatcher/posix.c:61 140141494503168: r->filehandle = 187, r->size = 6291456, r->offset = 0
10:45:58 ERROR /home/bsc03/bsc03353/forge/src/dispatcher/posix.c:62 140141494503168: single write -1 of expected 6291456
10:45:58 ERROR /home/bsc03/bsc03353/forge/src/dispatcher/posix.c:61 140124314601216: r->filehandle = 404, r->size = 6291456, r->offset = 0
10:45:58 ERROR /home/bsc03/bsc03353/forge/src/dispatcher/posix.c:62 140124314601216: single write -1 of expected 6291456
10:45:58 ERROR /home/bsc03/bsc03353/forge/src/dispatcher/posix.c:61 140152231941888: r->filehandle = 78, r->size = 6291456, r->offset = 0
10:45:58 ERROR /home/bsc03/bsc03353/forge/src/dispatcher/posix.c:62 140152231941888: single write -1 of expected 6291456
10:45:59 ERROR /home/bsc03/bsc03353/forge/src/dispatcher/posix.c:61 140128609576704: r->filehandle = 272, r->size = 6291456, r->offset = 0
10:45:59 ERROR /home/bsc03/bsc03353/forge/src/dispatcher/posix.c:62 140128609576704: single write -1 of expected 6291456
10:46:00 ERROR /home/bsc03/bsc03353/forge/src/dispatcher/posix.c:61 140132904552192: r->filehandle = 302, r->size = 6291456, r->offset = 0
10:46:00 ERROR /home/bsc03/bsc03353/forge/src/dispatcher/posix.c:62 140132904552192: single write -1 of expected 6291456
10:46:00 ERROR /home/bsc03/bsc03353/forge/src/dispatcher/posix.c:61 140141494503168: r->filehandle = 366, r->size = 6291456, r->offset = 0
10:46:00 ERROR /home/bsc03/bsc03353/forge/src/dispatcher/posix.c:62 140141494503168: single write -1 of expected 6291456
10:46:00 ERROR /home/bsc03/bsc03353/forge/src/dispatcher/posix.c:61 140154379429632: r->filehandle = 110, r->size = 6291456, r->offset = 0
10:46:00 ERROR /home/bsc03/bsc03353/forge/src/dispatcher/posix.c:62 140154379429632: single write -1 of expected 6291456
10:46:01 ERROR /home/bsc03/bsc03353/forge/src/dispatcher/posix.c:61 140137199527680: r->filehandle = 171, r->size = 6291456, r->offset = 0
10:46:01 ERROR /home/bsc03/bsc03353/forge/src/dispatcher/posix.c:62 140137199527680: single write -1 of expected 6291456
10:46:01 ERROR /home/bsc03/bsc03353/forge/src/dispatcher/posix.c:61 140126462088960: r->filehandle = 239, r->size = 6291456, r->offset = 0
10:46:01 ERROR /home/bsc03/bsc03353/forge/src/dispatcher/posix.c:62 140126462088960: single write -1 of expected 6291456
10:46:02 ERROR /home/bsc03/bsc03353/forge/src/dispatcher/posix.c:61 140130757064448: r->filehandle = 354, r->size = 6291456, r->offset = 0
10:46:02 ERROR /home/bsc03/bsc03353/forge/src/dispatcher/posix.c:62 140130757064448: single write -1 of expected 6291456
10:46:02 ERROR /home/bsc03/bsc03353/forge/src/dispatcher/posix.c:61 140152231941888: r->filehandle = 297, r->size = 6291456, r->offset = 0
10:46:02 ERROR /home/bsc03/bsc03353/forge/src/dispatcher/posix.c:62 140152231941888: single write -1 of expected 6291456
10:46:02 ERROR /home/bsc03/bsc03353/forge/src/dispatcher/posix.c:61 140124314601216: r->filehandle = 231, r->size = 6291456, r->offset = 0
10:46:02 ERROR /home/bsc03/bsc03353/forge/src/dispatcher/posix.c:62 140124314601216: single write -1 of expected 6291456
10:46:03 ERROR /home/bsc03/bsc03353/forge/src/dispatcher/posix.c:61 140135052039936: r->filehandle = 148, r->size = 6291456, r->offset = 0
10:46:03 ERROR /home/bsc03/bsc03353/forge/src/dispatcher/posix.c:62 140135052039936: single write -1 of expected 6291456
10:46:04 ERROR /home/bsc03/bsc03353/forge/src/dispatcher/posix.c:61 140143641990912: r->filehandle = 159, r->size = 6291456, r->offset = 0
10:46:04 ERROR /home/bsc03/bsc03353/forge/src/dispatcher/posix.c:62 140143641990912: single write -1 of expected 6291456
10:46:04 ERROR /home/bsc03/bsc03353/forge/src/dispatcher/posix.c:61 140132904552192: r->filehandle = 340, r->size = 6291456, r->offset = 0
10:46:04 ERROR /home/bsc03/bsc03353/forge/src/dispatcher/posix.c:62 140132904552192: single write -1 of expected 6291456
10:46:05 ERROR /home/bsc03/bsc03353/forge/src/dispatcher/posix.c:61 140150084454144: r->filehandle = 289, r->size = 6291456, r->offset = 0
10:46:05 ERROR /home/bsc03/bsc03353/forge/src/dispatcher/posix.c:62 140150084454144: single write -1 of expected 6291456
10:46:05 ERROR /home/bsc03/bsc03353/forge/src/dispatcher/posix.c:61 140145789478656: r->filehandle = 332, r->size = 6291456, r->offset = 0
10:46:05 ERROR /home/bsc03/bsc03353/forge/src/dispatcher/posix.c:62 140145789478656: single write -1 of expected 6291456
10:46:06 ERROR /home/bsc03/bsc03353/forge/src/dispatcher/posix.c:61 140137199527680: r->filehandle = 271, r->size = 6291456, r->offset = 0
10:46:06 ERROR /home/bsc03/bsc03353/forge/src/dispatcher/posix.c:62 140137199527680: single write -1 of expected 6291456
10:46:07 ERROR /home/bsc03/bsc03353/forge/src/dispatcher/posix.c:61 140126462088960: r->filehandle = 209, r->size = 6291456, r->offset = 0
10:46:07 ERROR /home/bsc03/bsc03353/forge/src/dispatcher/posix.c:62 140126462088960: single write -1 of expected 6291456
10:46:07 ERROR /home/bsc03/bsc03353/forge/src/dispatcher/posix.c:61 140135052039936: r->filehandle = 129, r->size = 6291456, r->offset = 0
10:46:07 ERROR /home/bsc03/bsc03353/forge/src/dispatcher/posix.c:62 140135052039936: single write -1 of expected 6291456
10:46:08 ERROR /home/bsc03/bsc03353/forge/src/dispatcher/posix.c:61 140124314601216: r->filehandle = 87, r->size = 6291456, r->offset = 0
10:46:08 ERROR /home/bsc03/bsc03353/forge/src/dispatcher/posix.c:62 140124314601216: single write -1 of expected 6291456
10:46:08 ERROR /home/bsc03/bsc03353/forge/src/dispatcher/posix.c:61 140128609576704: r->filehandle = 380, r->size = 6291456, r->offset = 0
10:46:08 ERROR /home/bsc03/bsc03353/forge/src/dispatcher/posix.c:62 140128609576704: single write -1 of expected 6291456
10:46:09 ERROR /home/bsc03/bsc03353/forge/src/dispatcher/posix.c:61 140152231941888: r->filehandle = 301, r->size = 6291456, r->offset = 0
10:46:09 ERROR /home/bsc03/bsc03353/forge/src/dispatcher/posix.c:62 140152231941888: single write -1 of expected 6291456
10:46:09 ERROR /home/bsc03/bsc03353/forge/src/dispatcher/posix.c:61 140154379429632: r->filehandle = 269, r->size = 6291456, r->offset = 0
10:46:09 ERROR /home/bsc03/bsc03353/forge/src/dispatcher/posix.c:62 140154379429632: single write -1 of expected 6291456
10:46:10 ERROR /home/bsc03/bsc03353/forge/src/dispatcher/posix.c:61 140132904552192: r->filehandle = 355, r->size = 6291456, r->offset = 0
10:46:10 ERROR /home/bsc03/bsc03353/forge/src/dispatcher/posix.c:62 140132904552192: single write -1 of expected 6291456
10:46:12 ERROR /home/bsc03/bsc03353/forge/src/dispatcher/posix.c:61 140156526917376: r->filehandle = 335, r->size = 6291456, r->offset = 0
10:46:12 ERROR /home/bsc03/bsc03353/forge/src/dispatcher/posix.c:62 140156526917376: single write -1 of expected 6291456
10:46:12 ERROR /home/bsc03/bsc03353/forge/src/dispatcher/posix.c:61 140139347015424: r->filehandle = 240, r->size = 6291456, r->offset = 0
10:46:12 ERROR /home/bsc03/bsc03353/forge/src/dispatcher/posix.c:62 140139347015424: single write -1 of expected 6291456
10:46:13 ERROR /home/bsc03/bsc03353/forge/src/dispatcher/posix.c:61 140145789478656: r->filehandle = 235, r->size = 6291456, r->offset = 0
10:46:13 ERROR /home/bsc03/bsc03353/forge/src/dispatcher/posix.c:62 140145789478656: single write -1 of expected 6291456
10:46:14 ERROR /home/bsc03/bsc03353/forge/src/dispatcher/posix.c:61 140128609576704: r->filehandle = 98, r->size = 6291456, r->offset = 0
10:46:14 ERROR /home/bsc03/bsc03353/forge/src/dispatcher/posix.c:62 140128609576704: single write -1 of expected 6291456
10:46:15 ERROR /home/bsc03/bsc03353/forge/src/dispatcher/posix.c:61 140124314601216: r->filehandle = 338, r->size = 6291456, r->offset = 0
10:46:15 ERROR /home/bsc03/bsc03353/forge/src/dispatcher/posix.c:62 140124314601216: single write -1 of expected 6291456
10:46:15 ERROR /home/bsc03/bsc03353/forge/src/dispatcher/posix.c:61 140141494503168: r->filehandle = 336, r->size = 6291456, r->offset = 0
10:46:15 ERROR /home/bsc03/bsc03353/forge/src/dispatcher/posix.c:62 140141494503168: single write -1 of expected 6291456
10:46:16 ERROR /home/bsc03/bsc03353/forge/src/dispatcher/posix.c:61 140145789478656: r->filehandle = 400, r->size = 6291456, r->offset = 0
10:46:16 ERROR /home/bsc03/bsc03353/forge/src/dispatcher/posix.c:62 140145789478656: single write -1 of expected 6291456
10:46:16 ERROR /home/bsc03/bsc03353/forge/src/dispatcher/posix.c:61 140143641990912: r->filehandle = 211, r->size = 6291456, r->offset = 0
10:46:16 ERROR /home/bsc03/bsc03353/forge/src/dispatcher/posix.c:62 140143641990912: single write -1 of expected 6291456
10:46:17 ERROR /home/bsc03/bsc03353/forge/src/dispatcher/posix.c:61 140130757064448: r->filehandle = 387, r->size = 6291456, r->offset = 0
10:46:17 ERROR /home/bsc03/bsc03353/forge/src/dispatcher/posix.c:62 140130757064448: single write -1 of expected 6291456
10:46:17 ERROR /home/bsc03/bsc03353/forge/src/dispatcher/posix.c:61 140152231941888: r->filehandle = 96, r->size = 6291456, r->offset = 0
10:46:17 ERROR /home/bsc03/bsc03353/forge/src/dispatcher/posix.c:62 140152231941888: single write -1 of expected 6291456
10:46:18 ERROR /home/bsc03/bsc03353/forge/src/dispatcher/posix.c:61 140150084454144: r->filehandle = 169, r->size = 6291456, r->offset = 0
10:46:18 ERROR /home/bsc03/bsc03353/forge/src/dispatcher/posix.c:62 140150084454144: single write -1 of expected 6291456
10:46:19 ERROR /home/bsc03/bsc03353/forge/src/dispatcher/posix.c:61 140137199527680: r->filehandle = 122, r->size = 6291456, r->offset = 0
10:46:19 ERROR /home/bsc03/bsc03353/forge/src/dispatcher/posix.c:62 140137199527680: single write -1 of expected 6291456
10:46:19 ERROR /home/bsc03/bsc03353/forge/src/dispatcher/posix.c:61 140141494503168: r->filehandle = 362, r->size = 6291456, r->offset = 0
10:46:19 ERROR /home/bsc03/bsc03353/forge/src/dispatcher/posix.c:62 140141494503168: single write -1 of expected 6291456
10:46:21 ERROR /home/bsc03/bsc03353/forge/src/dispatcher/posix.c:61 140126462088960: r->filehandle = 44, r->size = 6291456, r->offset = 0
10:46:21 ERROR /home/bsc03/bsc03353/forge/src/dispatcher/posix.c:62 140126462088960: single write -1 of expected 6291456
10:46:22 ERROR /home/bsc03/bsc03353/forge/src/dispatcher/posix.c:61 140145789478656: r->filehandle = 219, r->size = 6291456, r->offset = 0
10:46:22 ERROR /home/bsc03/bsc03353/forge/src/dispatcher/posix.c:62 140145789478656: single write -1 of expected 6291456
10:46:23 ERROR /home/bsc03/bsc03353/forge/src/dispatcher/posix.c:61 140132904552192: r->filehandle = 251, r->size = 6291456, r->offset = 0
10:46:23 ERROR /home/bsc03/bsc03353/forge/src/dispatcher/posix.c:62 140132904552192: single write -1 of expected 6291456
10:46:23 ERROR /home/bsc03/bsc03353/forge/src/dispatcher/posix.c:61 140124314601216: r->filehandle = 357, r->size = 6291456, r->offset = 0
10:46:23 ERROR /home/bsc03/bsc03353/forge/src/dispatcher/posix.c:62 140124314601216: single write -1 of expected 6291456
10:46:24 ERROR /home/bsc03/bsc03353/forge/src/dispatcher/posix.c:61 140135052039936: r->filehandle = 344, r->size = 6291456, r->offset = 0
10:46:24 ERROR /home/bsc03/bsc03353/forge/src/dispatcher/posix.c:62 140135052039936: single write -1 of expected 6291456
10:46:24 ERROR /home/bsc03/bsc03353/forge/src/dispatcher/posix.c:61 140141494503168: r->filehandle = 132, r->size = 6291456, r->offset = 0
10:46:24 ERROR /home/bsc03/bsc03353/forge/src/dispatcher/posix.c:62 140141494503168: single write -1 of expected 6291456
10:46:25 ERROR /home/bsc03/bsc03353/forge/src/dispatcher/posix.c:61 140128609576704: r->filehandle = 183, r->size = 6291456, r->offset = 0
10:46:25 ERROR /home/bsc03/bsc03353/forge/src/dispatcher/posix.c:62 140128609576704: single write -1 of expected 6291456
10:46:26 ERROR /home/bsc03/bsc03353/forge/src/dispatcher/posix.c:61 140147936966400: r->filehandle = 49, r->size = 6291456, r->offset = 0
10:46:26 ERROR /home/bsc03/bsc03353/forge/src/dispatcher/posix.c:62 140147936966400: single write -1 of expected 6291456
10:46:26 ERROR /home/bsc03/bsc03353/forge/src/dispatcher/posix.c:61 140145789478656: r->filehandle = 206, r->size = 6291456, r->offset = 0
10:46:26 ERROR /home/bsc03/bsc03353/forge/src/dispatcher/posix.c:62 140145789478656: single write -1 of expected 6291456
10:46:27 ERROR /home/bsc03/bsc03353/forge/src/dispatcher/posix.c:61 140130757064448: r->filehandle = 334, r->size = 6291456, r->offset = 0
10:46:27 ERROR /home/bsc03/bsc03353/forge/src/dispatcher/posix.c:62 140130757064448: single write -1 of expected 6291456
10:46:28 ERROR /home/bsc03/bsc03353/forge/src/dispatcher/posix.c:61 140132904552192: r->filehandle = 200, r->size = 6291456, r->offset = 0
10:46:28 ERROR /home/bsc03/bsc03353/forge/src/dispatcher/posix.c:62 140132904552192: single write -1 of expected 6291456
10:46:28 ERROR /home/bsc03/bsc03353/forge/src/dispatcher/posix.c:61 140150084454144: r->filehandle = 46, r->size = 6291456, r->offset = 0
10:46:28 ERROR /home/bsc03/bsc03353/forge/src/dispatcher/posix.c:62 140150084454144: single write -1 of expected 6291456
10:46:29 ERROR /home/bsc03/bsc03353/forge/src/dispatcher/posix.c:61 140124314601216: r->filehandle = 72, r->size = 6291456, r->offset = 0
10:46:29 ERROR /home/bsc03/bsc03353/forge/src/dispatcher/posix.c:62 140124314601216: single write -1 of expected 6291456
10:46:30 ERROR /home/bsc03/bsc03353/forge/src/dispatcher/posix.c:61 140130757064448: r->filehandle = 305, r->size = 6291456, r->offset = 0
10:46:30 ERROR /home/bsc03/bsc03353/forge/src/dispatcher/posix.c:62 140130757064448: single write -1 of expected 6291456
10:46:30 ERROR /home/bsc03/bsc03353/forge/src/dispatcher/posix.c:61 140135052039936: r->filehandle = 248, r->size = 6291456, r->offset = 0
10:46:30 ERROR /home/bsc03/bsc03353/forge/src/dispatcher/posix.c:62 140135052039936: single write -1 of expected 6291456
10:46:31 ERROR /home/bsc03/bsc03353/forge/src/dispatcher/posix.c:61 140152231941888: r->filehandle = 296, r->size = 6291456, r->offset = 0
10:46:31 ERROR /home/bsc03/bsc03353/forge/src/dispatcher/posix.c:62 140152231941888: single write -1 of expected 6291456
10:46:32 ERROR /home/bsc03/bsc03353/forge/src/dispatcher/posix.c:61 140143641990912: r->filehandle = 85, r->size = 6291456, r->offset = 0
10:46:32 ERROR /home/bsc03/bsc03353/forge/src/dispatcher/posix.c:62 140143641990912: single write -1 of expected 6291456
10:46:33 ERROR /home/bsc03/bsc03353/forge/src/dispatcher/posix.c:61 140147936966400: r->filehandle = 93, r->size = 6291456, r->offset = 0
10:46:33 ERROR /home/bsc03/bsc03353/forge/src/dispatcher/posix.c:62 140147936966400: single write -1 of expected 6291456
10:46:34 ERROR /home/bsc03/bsc03353/forge/src/dispatcher/posix.c:61 140132904552192: r->filehandle = 51, r->size = 6291456, r->offset = 0
10:46:34 ERROR /home/bsc03/bsc03353/forge/src/dispatcher/posix.c:62 140132904552192: single write -1 of expected 6291456
10:46:34 ERROR /home/bsc03/bsc03353/forge/src/dispatcher/posix.c:61 140154379429632: r->filehandle = 286, r->size = 6291456, r->offset = 0
10:46:34 ERROR /home/bsc03/bsc03353/forge/src/dispatcher/posix.c:62 140154379429632: single write -1 of expected 6291456
slurmstepd: error: *** JOB 8730395 ON s03r1b30 CANCELLED AT 2020-02-07T10:46:35 DUE TO TIME LIMIT ***
--------------------------------------------------------------------------
ORTE has lost communication with a remote daemon.

  HNP daemon   : [[29909,0],0] on node s03r1b30
  Remote daemon: [[29909,0],22] on node s24r1b52

This is usually due to either a failure of the TCP network
connection to the node, or possibly an internal failure of
the daemon itself. We cannot recover from this failure, and
therefore will terminate the job.
--------------------------------------------------------------------------
