Set GCC compilers as MPI wrappers backend 
remove impi/2017.4 (PATH, MANPATH, LD_LIBRARY_PATH) 
load openmpi/4.0.2_UCX (PATH, MANPATH, LD_LIBRARY_PATH) 
Set GCC compilers as MPI wrappers backend 
load gsl/2.4 (PATH, LD_LIBRARY_PATH, LIBRARY_PATH, MANPATH, INFOPATH,
C_INCLUDE_PATH, CPLUS_INCLUDE_PATH, PKG_CONFIG_PATH, GSL_DIR) 
15:49:27 INFO  /home/bsc03/bsc03353/forge/src/main.c:107 139686173247552: I/O Forwarding Exploration [START]
Will AGIOS generate trace files? NO
Default scheduling algorithm: TO
TWINS window size: 1000000
Will the Prediction Module read information from trace files? NO
File with access time functions: /home/bsc03/bsc03353/forge/agios/access_times.func
AGIOS thinks its user has stripe size of 32768
Will AGIOS generate trace files? NO
Default scheduling algorithm: TO
TWINS window size: 1000000
Will the Prediction Module read information from trace files? NO
File with access time functions: /home/bsc03/bsc03353/forge/agios/access_times.func
AGIOS thinks its user has stripe size of 32768
Will AGIOS generate trace files? NO
Default scheduling algorithm: TO
TWINS window size: 1000000
Will the Prediction Module read information from trace files? NO
File with access time functions: /home/bsc03/bsc03353/forge/agios/access_times.func
AGIOS thinks its user has stripe size of 32768
Will AGIOS generate trace files? NO
Default scheduling algorithm: TO
TWINS window size: 1000000
Will the Prediction Module read information from trace files? NO
File with access time functions: /home/bsc03/bsc03353/forge/agios/access_times.func
AGIOS thinks its user has stripe size of 32768
15:50:08 ERROR /home/bsc03/bsc03353/forge/src/dispatcher/posix.c:61 139649022891776: r->filehandle = 35, r->size = 6291456, r->offset = 3875536896
15:50:08 ERROR /home/bsc03/bsc03353/forge/src/dispatcher/posix.c:62 139649022891776: single write -1 of expected 6291456
15:50:14 ERROR /home/bsc03/bsc03353/forge/src/dispatcher/posix.c:61 140461602625280: r->filehandle = 36, r->size = 6291456, r->offset = 94774493184
15:50:14 ERROR /home/bsc03/bsc03353/forge/src/dispatcher/posix.c:62 140461602625280: single write -1 of expected 6291456
15:50:21 ERROR /home/bsc03/bsc03353/forge/src/dispatcher/posix.c:61 140212699494144: r->filehandle = 36, r->size = 6291456, r->offset = 102525566976
15:50:21 ERROR /home/bsc03/bsc03353/forge/src/dispatcher/posix.c:62 140212699494144: single write -1 of expected 6291456
15:50:22 ERROR /home/bsc03/bsc03353/forge/src/dispatcher/posix.c:61 139636559800064: r->filehandle = 36, r->size = 6291456, r->offset = 34879832064
15:50:22 ERROR /home/bsc03/bsc03353/forge/src/dispatcher/posix.c:62 139636559800064: single write -1 of expected 6291456
15:50:25 ERROR /home/bsc03/bsc03353/forge/src/dispatcher/posix.c:61 139649022891776: r->filehandle = 35, r->size = 6291456, r->offset = 26424115200
15:50:25 ERROR /home/bsc03/bsc03353/forge/src/dispatcher/posix.c:62 139649022891776: single write -1 of expected 6291456
15:50:28 ERROR /home/bsc03/bsc03353/forge/src/dispatcher/posix.c:61 139658034677504: r->filehandle = 36, r->size = 6291456, r->offset = 67293413376
15:50:28 ERROR /home/bsc03/bsc03353/forge/src/dispatcher/posix.c:62 139658034677504: single write -1 of expected 6291456
15:50:29 ERROR /home/bsc03/bsc03353/forge/src/dispatcher/posix.c:61 140216994469632: r->filehandle = 36, r->size = 6291456, r->offset = 123664859136
15:50:29 ERROR /home/bsc03/bsc03353/forge/src/dispatcher/posix.c:62 140216994469632: single write -1 of expected 6291456
15:50:31 ERROR /home/bsc03/bsc03353/forge/src/dispatcher/posix.c:61 140448717698816: r->filehandle = 36, r->size = 6291456, r->offset = 91955920896
15:50:31 ERROR /home/bsc03/bsc03353/forge/src/dispatcher/posix.c:62 140448717698816: single write -1 of expected 6291456
15:50:32 ERROR /home/bsc03/bsc03353/forge/src/dispatcher/posix.c:61 140199814567680: r->filehandle = 36, r->size = 6291456, r->offset = 113095213056
15:50:32 ERROR /home/bsc03/bsc03353/forge/src/dispatcher/posix.c:62 140199814567680: single write -1 of expected 6291456
15:50:37 ERROR /home/bsc03/bsc03353/forge/src/dispatcher/posix.c:61 140197667079936: r->filehandle = 36, r->size = 6291456, r->offset = 101820923904
15:50:37 ERROR /home/bsc03/bsc03353/forge/src/dispatcher/posix.c:62 140197667079936: single write -1 of expected 6291456
15:50:39 ERROR /home/bsc03/bsc03353/forge/src/dispatcher/posix.c:61 139638707287808: r->filehandle = 36, r->size = 6291456, r->offset = 43335548928
15:50:39 ERROR /home/bsc03/bsc03353/forge/src/dispatcher/posix.c:61 139655465355008: r->filehandle = 35, r->size = 6291456, r->offset = 23605542912
15:50:39 ERROR /home/bsc03/bsc03353/forge/src/dispatcher/posix.c:62 139638707287808: single write -1 of expected 6291456
15:50:39 ERROR /home/bsc03/bsc03353/forge/src/dispatcher/posix.c:62 139655465355008: single write -1 of expected 6291456
15:50:42 ERROR /home/bsc03/bsc03353/forge/src/dispatcher/posix.c:61 140208404518656: r->filehandle = 36, r->size = 6291456, r->offset = 118027714560
15:50:42 ERROR /home/bsc03/bsc03353/forge/src/dispatcher/posix.c:62 140208404518656: single write -1 of expected 6291456
15:50:51 ERROR /home/bsc03/bsc03353/forge/src/dispatcher/posix.c:61 140210552006400: r->filehandle = 36, r->size = 6291456, r->offset = 125074145280
15:50:51 ERROR /home/bsc03/bsc03353/forge/src/dispatcher/posix.c:62 140210552006400: single write -1 of expected 6291456
15:50:58 ERROR /home/bsc03/bsc03353/forge/src/dispatcher/posix.c:61 139679087720192: r->filehandle = 35, r->size = 6291456, r->offset = 27128758272
15:50:58 ERROR /home/bsc03/bsc03353/forge/src/dispatcher/posix.c:62 139679087720192: single write -1 of expected 6291456
15:51:01 ERROR /home/bsc03/bsc03353/forge/src/dispatcher/posix.c:61 140193372104448: r->filehandle = 36, r->size = 6291456, r->offset = 115913785344
15:51:01 ERROR /home/bsc03/bsc03353/forge/src/dispatcher/posix.c:62 140193372104448: single write -1 of expected 6291456
15:51:08 ERROR /home/bsc03/bsc03353/forge/src/dispatcher/posix.c:61 140214846981888: r->filehandle = 36, r->size = 6291456, r->offset = 122960216064
15:51:08 ERROR /home/bsc03/bsc03353/forge/src/dispatcher/posix.c:62 140214846981888: single write -1 of expected 6291456
15:51:16 ERROR /home/bsc03/bsc03353/forge/src/dispatcher/posix.c:61 139653317867264: r->filehandle = 35, r->size = 6291456, r->offset = 9512681472
15:51:16 ERROR /home/bsc03/bsc03353/forge/src/dispatcher/posix.c:61 140195519592192: r->filehandle = 36, r->size = 6291456, r->offset = 110981283840
15:51:16 ERROR /home/bsc03/bsc03353/forge/src/dispatcher/posix.c:62 140195519592192: single write -1 of expected 6291456
15:51:16 ERROR /home/bsc03/bsc03353/forge/src/dispatcher/posix.c:62 139653317867264: single write -1 of expected 6291456
15:51:18 ERROR /home/bsc03/bsc03353/forge/src/dispatcher/posix.c:61 139627969849088: r->filehandle = 36, r->size = 6291456, r->offset = 37698404352
15:51:18 ERROR /home/bsc03/bsc03353/forge/src/dispatcher/posix.c:62 139627969849088: single write -1 of expected 6291456
15:51:20 ERROR /home/bsc03/bsc03353/forge/src/dispatcher/posix.c:61 139657612842752: r->filehandle = 35, r->size = 6291456, r->offset = 11626610688
15:51:20 ERROR /home/bsc03/bsc03353/forge/src/dispatcher/posix.c:62 139657612842752: single write -1 of expected 6291456
15:51:21 ERROR /home/bsc03/bsc03353/forge/src/dispatcher/posix.c:61 140457307649792: r->filehandle = 36, r->size = 6291456, r->offset = 91251277824
15:51:21 ERROR /home/bsc03/bsc03353/forge/src/dispatcher/posix.c:62 140457307649792: single write -1 of expected 6291456
15:51:23 ERROR /home/bsc03/bsc03353/forge/src/dispatcher/posix.c:61 139640854775552: r->filehandle = 36, r->size = 6291456, r->offset = 48268050432
15:51:23 ERROR /home/bsc03/bsc03353/forge/src/dispatcher/posix.c:62 139640854775552: single write -1 of expected 6291456
15:51:32 ERROR /home/bsc03/bsc03353/forge/src/dispatcher/posix.c:61 139646875404032: r->filehandle = 35, r->size = 6291456, r->offset = 21491613696
15:51:32 ERROR /home/bsc03/bsc03353/forge/src/dispatcher/posix.c:62 139646875404032: single write -1 of expected 6291456
15:51:34 ERROR /home/bsc03/bsc03353/forge/src/dispatcher/posix.c:61 139664055305984: r->filehandle = 35, r->size = 6291456, r->offset = 33470545920
15:51:34 ERROR /home/bsc03/bsc03353/forge/src/dispatcher/posix.c:62 139664055305984: single write -1 of expected 6291456
15:51:45 ERROR /home/bsc03/bsc03353/forge/src/dispatcher/posix.c:61 139651170379520: r->filehandle = 35, r->size = 6291456, r->offset = 28538044416
15:51:45 ERROR /home/bsc03/bsc03353/forge/src/dispatcher/posix.c:62 139651170379520: single write -1 of expected 6291456
15:51:46 ERROR /home/bsc03/bsc03353/forge/src/dispatcher/posix.c:61 139661907818240: r->filehandle = 35, r->size = 6291456, r->offset = 704643072
15:51:46 ERROR /home/bsc03/bsc03353/forge/src/dispatcher/posix.c:62 139661907818240: single write -1 of expected 6291456
15:51:47 ERROR /home/bsc03/bsc03353/forge/src/dispatcher/posix.c:61 139666202793728: r->filehandle = 35, r->size = 6291456, r->offset = 5284823040
15:51:47 ERROR /home/bsc03/bsc03353/forge/src/dispatcher/posix.c:62 139666202793728: single write -1 of expected 6291456
15:51:53 ERROR /home/bsc03/bsc03353/forge/src/dispatcher/posix.c:61 139676940232448: r->filehandle = 35, r->size = 6291456, r->offset = 1761607680
15:51:53 ERROR /home/bsc03/bsc03353/forge/src/dispatcher/posix.c:62 139676940232448: single write -1 of expected 6291456
15:51:59 ERROR /home/bsc03/bsc03353/forge/src/dispatcher/posix.c:61 140212699494144: r->filehandle = 36, r->size = 6291456, r->offset = 127892717568
15:51:59 ERROR /home/bsc03/bsc03353/forge/src/dispatcher/posix.c:62 140212699494144: single write -1 of expected 6291456
15:52:01 ERROR /home/bsc03/bsc03353/forge/src/dispatcher/posix.c:61 140201962055424: r->filehandle = 36, r->size = 6291456, r->offset = 124369502208
15:52:01 ERROR /home/bsc03/bsc03353/forge/src/dispatcher/posix.c:62 140201962055424: single write -1 of expected 6291456
15:52:11 ERROR /home/bsc03/bsc03353/forge/src/dispatcher/posix.c:61 139634412312320: r->filehandle = 36, r->size = 6291456, r->offset = 50381979648
15:52:11 ERROR /home/bsc03/bsc03353/forge/src/dispatcher/posix.c:62 139634412312320: single write -1 of expected 6291456
15:52:12 ERROR /home/bsc03/bsc03353/forge/src/dispatcher/posix.c:61 139630117336832: r->filehandle = 36, r->size = 6291456, r->offset = 34175188992
15:52:12 ERROR /home/bsc03/bsc03353/forge/src/dispatcher/posix.c:62 139630117336832: single write -1 of expected 6291456
15:52:13 ERROR /home/bsc03/bsc03353/forge/src/dispatcher/posix.c:61 139658034677504: r->filehandle = 36, r->size = 6291456, r->offset = 45097156608
15:52:13 ERROR /home/bsc03/bsc03353/forge/src/dispatcher/posix.c:62 139658034677504: single write -1 of expected 6291456
15:52:13 ERROR /home/bsc03/bsc03353/forge/src/dispatcher/posix.c:61 140446570211072: r->filehandle = 36, r->size = 6291456, r->offset = 95479136256
15:52:13 ERROR /home/bsc03/bsc03353/forge/src/dispatcher/posix.c:62 140446570211072: single write -1 of expected 6291456
15:52:23 ERROR /home/bsc03/bsc03353/forge/src/dispatcher/posix.c:61 139651592214272: r->filehandle = 36, r->size = 6291456, r->offset = 56723767296
15:52:23 ERROR /home/bsc03/bsc03353/forge/src/dispatcher/posix.c:62 139651592214272: single write -1 of expected 6291456
15:52:25 ERROR /home/bsc03/bsc03353/forge/src/dispatcher/posix.c:61 139655887189760: r->filehandle = 36, r->size = 6291456, r->offset = 48972693504
15:52:25 ERROR /home/bsc03/bsc03353/forge/src/dispatcher/posix.c:62 139655887189760: single write -1 of expected 6291456
15:52:31 ERROR /home/bsc03/bsc03353/forge/src/dispatcher/posix.c:61 139645149751040: r->filehandle = 36, r->size = 6291456, r->offset = 44040192000
15:52:31 ERROR /home/bsc03/bsc03353/forge/src/dispatcher/posix.c:62 139645149751040: single write -1 of expected 6291456
15:52:34 ERROR /home/bsc03/bsc03353/forge/src/dispatcher/posix.c:61 139625822361344: r->filehandle = 36, r->size = 6291456, r->offset = 45449478144
15:52:34 ERROR /home/bsc03/bsc03353/forge/src/dispatcher/posix.c:62 139625822361344: single write -1 of expected 6291456
15:52:45 ERROR /home/bsc03/bsc03353/forge/src/dispatcher/posix.c:61 139670497769216: r->filehandle = 35, r->size = 6291456, r->offset = 12331253760
15:52:45 ERROR /home/bsc03/bsc03353/forge/src/dispatcher/posix.c:62 139670497769216: single write -1 of expected 6291456
15:52:53 ERROR /home/bsc03/bsc03353/forge/src/dispatcher/posix.c:61 139655465355008: r->filehandle = 35, r->size = 6291456, r->offset = 22196256768
15:52:53 ERROR /home/bsc03/bsc03353/forge/src/dispatcher/posix.c:62 139655465355008: single write -1 of expected 6291456
15:52:54 ERROR /home/bsc03/bsc03353/forge/src/dispatcher/posix.c:61 140219141957376: r->filehandle = 36, r->size = 6291456, r->offset = 116618428416
15:52:54 ERROR /home/bsc03/bsc03353/forge/src/dispatcher/posix.c:62 140219141957376: single write -1 of expected 6291456
15:52:58 ERROR /home/bsc03/bsc03353/forge/src/dispatcher/posix.c:61 139649444726528: r->filehandle = 36, r->size = 6291456, r->offset = 60246982656
15:52:58 ERROR /home/bsc03/bsc03353/forge/src/dispatcher/posix.c:62 139649444726528: single write -1 of expected 6291456
15:53:00 ERROR /home/bsc03/bsc03353/forge/src/dispatcher/posix.c:61 140468045088512: r->filehandle = 36, r->size = 6291456, r->offset = 90898956288
15:53:00 ERROR /home/bsc03/bsc03353/forge/src/dispatcher/posix.c:62 140468045088512: single write -1 of expected 6291456
15:53:03 ERROR /home/bsc03/bsc03353/forge/src/dispatcher/posix.c:61 139668350281472: r->filehandle = 35, r->size = 6291456, r->offset = 352321536
15:53:03 ERROR /home/bsc03/bsc03353/forge/src/dispatcher/posix.c:62 139668350281472: single write -1 of expected 6291456
15:53:04 ERROR /home/bsc03/bsc03353/forge/src/dispatcher/posix.c:61 139676940232448: r->filehandle = 35, r->size = 6291456, r->offset = 29242687488
15:53:04 ERROR /home/bsc03/bsc03353/forge/src/dispatcher/posix.c:62 139676940232448: single write -1 of expected 6291456
15:53:05 ERROR /home/bsc03/bsc03353/forge/src/dispatcher/posix.c:61 139658034677504: r->filehandle = 36, r->size = 6291456, r->offset = 52495908864
15:53:05 ERROR /home/bsc03/bsc03353/forge/src/dispatcher/posix.c:62 139658034677504: single write -1 of expected 6291456
15:53:06 ERROR /home/bsc03/bsc03353/forge/src/dispatcher/posix.c:61 140206257030912: r->filehandle = 36, r->size = 6291456, r->offset = 113799856128
15:53:06 ERROR /home/bsc03/bsc03353/forge/src/dispatcher/posix.c:62 140206257030912: single write -1 of expected 6291456
15:53:08 ERROR /home/bsc03/bsc03353/forge/src/dispatcher/posix.c:61 140446570211072: r->filehandle = 36, r->size = 6291456, r->offset = 89841991680
15:53:08 ERROR /home/bsc03/bsc03353/forge/src/dispatcher/posix.c:62 140446570211072: single write -1 of expected 6291456
15:53:15 ERROR /home/bsc03/bsc03353/forge/src/dispatcher/posix.c:61 140455160162048: r->filehandle = 36, r->size = 6291456, r->offset = 96888422400
15:53:15 ERROR /home/bsc03/bsc03353/forge/src/dispatcher/posix.c:62 140455160162048: single write -1 of expected 6291456
15:53:19 ERROR /home/bsc03/bsc03353/forge/src/dispatcher/posix.c:61 140197667079936: r->filehandle = 36, r->size = 6291456, r->offset = 112742891520
15:53:19 ERROR /home/bsc03/bsc03353/forge/src/dispatcher/posix.c:62 140197667079936: single write -1 of expected 6291456
15:53:20 ERROR /home/bsc03/bsc03353/forge/src/dispatcher/posix.c:61 139659760330496: r->filehandle = 35, r->size = 6291456, r->offset = 25719472128
15:53:20 ERROR /home/bsc03/bsc03353/forge/src/dispatcher/posix.c:62 139659760330496: single write -1 of expected 6291456
15:53:21 ERROR /home/bsc03/bsc03353/forge/src/dispatcher/posix.c:61 140199814567680: r->filehandle = 36, r->size = 6291456, r->offset = 124017180672
15:53:21 ERROR /home/bsc03/bsc03353/forge/src/dispatcher/posix.c:62 140199814567680: single write -1 of expected 6291456
15:53:24 ERROR /home/bsc03/bsc03353/forge/src/dispatcher/posix.c:61 140191224616704: r->filehandle = 36, r->size = 6291456, r->offset = 118732357632
15:53:24 ERROR /home/bsc03/bsc03353/forge/src/dispatcher/posix.c:62 140191224616704: single write -1 of expected 6291456
15:53:28 ERROR /home/bsc03/bsc03353/forge/src/dispatcher/posix.c:61 140223436932864: r->filehandle = 36, r->size = 6291456, r->offset = 105344139264
15:53:28 ERROR /home/bsc03/bsc03353/forge/src/dispatcher/posix.c:62 140223436932864: single write -1 of expected 6291456
15:53:30 ERROR /home/bsc03/bsc03353/forge/src/dispatcher/posix.c:61 140212699494144: r->filehandle = 36, r->size = 6291456, r->offset = 106753425408
15:53:30 ERROR /home/bsc03/bsc03353/forge/src/dispatcher/posix.c:62 140212699494144: single write -1 of expected 6291456
15:53:31 ERROR /home/bsc03/bsc03353/forge/src/dispatcher/posix.c:61 139647297238784: r->filehandle = 36, r->size = 6291456, r->offset = 54609838080
15:53:31 ERROR /home/bsc03/bsc03353/forge/src/dispatcher/posix.c:62 139647297238784: single write -1 of expected 6291456
15:53:34 ERROR /home/bsc03/bsc03353/forge/src/dispatcher/posix.c:61 139664055305984: r->filehandle = 35, r->size = 6291456, r->offset = 15149826048
15:53:34 ERROR /home/bsc03/bsc03353/forge/src/dispatcher/posix.c:62 139664055305984: single write -1 of expected 6291456
15:53:37 ERROR /home/bsc03/bsc03353/forge/src/dispatcher/posix.c:61 140461602625280: r->filehandle = 36, r->size = 6291456, r->offset = 78567702528
15:53:37 ERROR /home/bsc03/bsc03353/forge/src/dispatcher/posix.c:62 140461602625280: single write -1 of expected 6291456
15:53:41 ERROR /home/bsc03/bsc03353/forge/src/dispatcher/posix.c:61 140195519592192: r->filehandle = 36, r->size = 6291456, r->offset = 103230210048
15:53:41 ERROR /home/bsc03/bsc03353/forge/src/dispatcher/posix.c:62 140195519592192: single write -1 of expected 6291456
15:53:50 ERROR /home/bsc03/bsc03353/forge/src/dispatcher/posix.c:61 140221289445120: r->filehandle = 36, r->size = 6291456, r->offset = 122255572992
15:53:50 ERROR /home/bsc03/bsc03353/forge/src/dispatcher/posix.c:62 140221289445120: single write -1 of expected 6291456
15:53:54 ERROR /home/bsc03/bsc03353/forge/src/dispatcher/posix.c:61 140208404518656: r->filehandle = 36, r->size = 6291456, r->offset = 124721823744
15:53:54 ERROR /home/bsc03/bsc03353/forge/src/dispatcher/posix.c:62 140208404518656: single write -1 of expected 6291456
15:53:56 ERROR /home/bsc03/bsc03353/forge/src/dispatcher/posix.c:61 140450865186560: r->filehandle = 36, r->size = 6291456, r->offset = 96183779328
15:53:56 ERROR /home/bsc03/bsc03353/forge/src/dispatcher/posix.c:62 140450865186560: single write -1 of expected 6291456
slurmstepd: error: *** JOB 8737429 ON s15r1b25 CANCELLED AT 2020-02-07T15:54:18 DUE TO TIME LIMIT ***
--------------------------------------------------------------------------
ORTE has lost communication with a remote daemon.

  HNP daemon   : [[1075,0],0] on node s15r1b25
  Remote daemon: [[1075,0],1] on node s15r1b26

This is usually due to either a failure of the TCP network
connection to the node, or possibly an internal failure of
the daemon itself. We cannot recover from this failure, and
therefore will terminate the job.
--------------------------------------------------------------------------
slurmstepd: error: proctrack_p_wait: Unable to destroy container 257907 in cgroup plugin, giving up after 128 sec
