Set GCC compilers as MPI wrappers backend 
remove impi/2017.4 (PATH, MANPATH, LD_LIBRARY_PATH) 
load openmpi/4.0.2_UCX (PATH, MANPATH, LD_LIBRARY_PATH) 
Set GCC compilers as MPI wrappers backend 
load gsl/2.4 (PATH, LD_LIBRARY_PATH, LIBRARY_PATH, MANPATH, INFOPATH,
C_INCLUDE_PATH, CPLUS_INCLUDE_PATH, PKG_CONFIG_PATH, GSL_DIR) 
14:45:58 INFO  /home/bsc03/bsc03353/forge/src/main.c:107 139893895854144: I/O Forwarding Exploration [START]
Will AGIOS generate trace files? NO
Default scheduling algorithm: TO
TWINS window size: 1000000
Will the Prediction Module read information from trace files? NO
File with access time functions: /home/bsc03/bsc03353/forge/agios/access_times.func
AGIOS thinks its user has stripe size of 32768
Will AGIOS generate trace files? NO
Default scheduling algorithm: TO
TWINS window size: 1000000
Will the Prediction Module read information from trace files? NO
File with access time functions: /home/bsc03/bsc03353/forge/agios/access_times.func
AGIOS thinks its user has stripe size of 32768
Will AGIOS generate trace files? NO
Default scheduling algorithm: TO
TWINS window size: 1000000
Will the Prediction Module read information from trace files? NO
File with access time functions: /home/bsc03/bsc03353/forge/agios/access_times.func
AGIOS thinks its user has stripe size of 32768
Will AGIOS generate trace files? NO
Default scheduling algorithm: TO
TWINS window size: 1000000
Will the Prediction Module read information from trace files? NO
File with access time functions: /home/bsc03/bsc03353/forge/agios/access_times.func
AGIOS thinks its user has stripe size of 32768
Will AGIOS generate trace files? NO
Default scheduling algorithm: TO
TWINS window size: 1000000
Will the Prediction Module read information from trace files? NO
File with access time functions: /home/bsc03/bsc03353/forge/agios/access_times.func
AGIOS thinks its user has stripe size of 32768
Will AGIOS generate trace files? NO
Default scheduling algorithm: TO
TWINS window size: 1000000
Will the Prediction Module read information from trace files? NO
File with access time functions: /home/bsc03/bsc03353/forge/agios/access_times.func
AGIOS thinks its user has stripe size of 32768
Will AGIOS generate trace files? NO
Default scheduling algorithm: TO
TWINS window size: 1000000
Will the Prediction Module read information from trace files? NO
File with access time functions: /home/bsc03/bsc03353/forge/agios/access_times.func
AGIOS thinks its user has stripe size of 32768
Will AGIOS generate trace files? NO
Default scheduling algorithm: TO
TWINS window size: 1000000
Will the Prediction Module read information from trace files? NO
File with access time functions: /home/bsc03/bsc03353/forge/agios/access_times.func
AGIOS thinks its user has stripe size of 32768
14:46:03 ERROR /home/bsc03/bsc03353/forge/src/dispatcher/posix.c:61 140277869623040: r->filehandle = 36, r->size = 32768, r->offset = 12648448
14:46:03 ERROR /home/bsc03/bsc03353/forge/src/dispatcher/posix.c:62 140277869623040: single write -1 of expected 32768
14:46:04 ERROR /home/bsc03/bsc03353/forge/src/dispatcher/posix.c:61 140293155677952: r->filehandle = 36, r->size = 32768, r->offset = 34111488
14:46:04 ERROR /home/bsc03/bsc03353/forge/src/dispatcher/posix.c:62 140293155677952: single write -1 of expected 32768
14:46:07 ERROR /home/bsc03/bsc03353/forge/src/dispatcher/posix.c:61 140042277394176: r->filehandle = 36, r->size = 32768, r->offset = 48103424
14:46:07 ERROR /home/bsc03/bsc03353/forge/src/dispatcher/posix.c:62 140042277394176: single write -1 of expected 32768
14:46:07 ERROR /home/bsc03/bsc03353/forge/src/dispatcher/posix.c:61 140525348976384: r->filehandle = 36, r->size = 32768, r->offset = 28835840
14:46:07 ERROR /home/bsc03/bsc03353/forge/src/dispatcher/posix.c:62 140525348976384: single write -1 of expected 32768
14:46:07 ERROR /home/bsc03/bsc03353/forge/src/dispatcher/posix.c:61 140264984696576: r->filehandle = 36, r->size = 32768, r->offset = 14942208
14:46:07 ERROR /home/bsc03/bsc03353/forge/src/dispatcher/posix.c:61 140050867345152: r->filehandle = 36, r->size = 32768, r->offset = 48988160
14:46:07 ERROR /home/bsc03/bsc03353/forge/src/dispatcher/posix.c:62 140264984696576: single write -1 of expected 32768
14:46:07 ERROR /home/bsc03/bsc03353/forge/src/dispatcher/posix.c:62 140050867345152: single write -1 of expected 32768
14:46:08 ERROR /home/bsc03/bsc03353/forge/src/dispatcher/posix.c:61 140046572369664: r->filehandle = 36, r->size = 32768, r->offset = 44105728
14:46:08 ERROR /home/bsc03/bsc03353/forge/src/dispatcher/posix.c:62 140046572369664: single write -1 of expected 32768
14:46:08 ERROR /home/bsc03/bsc03353/forge/src/dispatcher/posix.c:61 140533938927360: r->filehandle = 36, r->size = 32768, r->offset = 31129600
14:46:08 ERROR /home/bsc03/bsc03353/forge/src/dispatcher/posix.c:62 140533938927360: single write -1 of expected 32768
14:46:10 ERROR /home/bsc03/bsc03353/forge/src/dispatcher/posix.c:61 140068047247104: r->filehandle = 36, r->size = 32768, r->offset = 45285376
14:46:10 ERROR /home/bsc03/bsc03353/forge/src/dispatcher/posix.c:62 140068047247104: single write -1 of expected 32768
14:46:11 ERROR /home/bsc03/bsc03353/forge/src/dispatcher/posix.c:61 140040129906432: r->filehandle = 36, r->size = 32768, r->offset = 46039040
14:46:11 ERROR /home/bsc03/bsc03353/forge/src/dispatcher/posix.c:62 140040129906432: single write -1 of expected 32768
14:46:12 ERROR /home/bsc03/bsc03353/forge/src/dispatcher/posix.c:61 140529643951872: r->filehandle = 36, r->size = 32768, r->offset = 26083328
14:46:12 ERROR /home/bsc03/bsc03353/forge/src/dispatcher/posix.c:62 140529643951872: single write -1 of expected 32768
14:46:13 ERROR /home/bsc03/bsc03353/forge/src/dispatcher/posix.c:61 140053014832896: r->filehandle = 36, r->size = 32768, r->offset = 46268416
14:46:13 ERROR /home/bsc03/bsc03353/forge/src/dispatcher/posix.c:62 140053014832896: single write -1 of expected 32768
14:46:21 ERROR /home/bsc03/bsc03353/forge/src/dispatcher/posix.c:61 140044424881920: r->filehandle = 36, r->size = 32768, r->offset = 44236800
14:46:21 ERROR /home/bsc03/bsc03353/forge/src/dispatcher/posix.c:62 140044424881920: single write -1 of expected 32768
14:46:25 ERROR /home/bsc03/bsc03353/forge/src/dispatcher/posix.c:61 140063752271616: r->filehandle = 36, r->size = 32768, r->offset = 49250304
14:46:25 ERROR /home/bsc03/bsc03353/forge/src/dispatcher/posix.c:62 140063752271616: single write -1 of expected 32768
14:46:40 ERROR /home/bsc03/bsc03353/forge/src/dispatcher/posix.c:61 140037982418688: r->filehandle = 36, r->size = 32768, r->offset = 45547520
14:46:40 ERROR /home/bsc03/bsc03353/forge/src/dispatcher/posix.c:62 140037982418688: single write -1 of expected 32768
14:46:41 ERROR /home/bsc03/bsc03353/forge/src/dispatcher/posix.c:61 140065899759360: r->filehandle = 36, r->size = 32768, r->offset = 45187072
14:46:41 ERROR /home/bsc03/bsc03353/forge/src/dispatcher/posix.c:62 140065899759360: single write -1 of expected 32768
14:46:42 ERROR /home/bsc03/bsc03353/forge/src/dispatcher/posix.c:61 140055162320640: r->filehandle = 36, r->size = 32768, r->offset = 44892160
14:46:42 ERROR /home/bsc03/bsc03353/forge/src/dispatcher/posix.c:62 140055162320640: single write -1 of expected 32768
14:46:44 ERROR /home/bsc03/bsc03353/forge/src/dispatcher/posix.c:61 140061604783872: r->filehandle = 36, r->size = 32768, r->offset = 44564480
14:46:44 ERROR /home/bsc03/bsc03353/forge/src/dispatcher/posix.c:62 140061604783872: single write -1 of expected 32768
14:46:46 ERROR /home/bsc03/bsc03353/forge/src/dispatcher/posix.c:61 140059457296128: r->filehandle = 36, r->size = 32768, r->offset = 46366720
14:46:46 ERROR /home/bsc03/bsc03353/forge/src/dispatcher/posix.c:62 140059457296128: single write -1 of expected 32768
14:46:55 ERROR /home/bsc03/bsc03353/forge/src/dispatcher/posix.c:61 140057309808384: r->filehandle = 36, r->size = 32768, r->offset = 47611904
14:46:55 ERROR /home/bsc03/bsc03353/forge/src/dispatcher/posix.c:62 140057309808384: single write -1 of expected 32768
14:46:57 ERROR /home/bsc03/bsc03353/forge/src/dispatcher/posix.c:61 140070194734848: r->filehandle = 36, r->size = 32768, r->offset = 45350912
14:46:57 ERROR /home/bsc03/bsc03353/forge/src/dispatcher/posix.c:62 140070194734848: single write -1 of expected 32768
14:46:58 ERROR /home/bsc03/bsc03353/forge/src/dispatcher/posix.c:61 140048719857408: r->filehandle = 36, r->size = 32768, r->offset = 49020928
14:46:58 ERROR /home/bsc03/bsc03353/forge/src/dispatcher/posix.c:62 140048719857408: single write -1 of expected 32768
14:47:00 ERROR /home/bsc03/bsc03353/forge/src/dispatcher/posix.c:61 139714062485248: r->filehandle = 36, r->size = 32768, r->offset = 41320448
14:47:00 ERROR /home/bsc03/bsc03353/forge/src/dispatcher/posix.c:62 139714062485248: single write -1 of expected 32768
14:47:03 ERROR /home/bsc03/bsc03353/forge/src/dispatcher/posix.c:61 139696882583296: r->filehandle = 36, r->size = 32768, r->offset = 37978112
14:47:03 ERROR /home/bsc03/bsc03353/forge/src/dispatcher/posix.c:62 139696882583296: single write -1 of expected 32768
14:47:06 ERROR /home/bsc03/bsc03353/forge/src/dispatcher/posix.c:61 139694735095552: r->filehandle = 36, r->size = 32768, r->offset = 41287680
14:47:06 ERROR /home/bsc03/bsc03353/forge/src/dispatcher/posix.c:62 139694735095552: single write -1 of expected 32768
14:47:11 ERROR /home/bsc03/bsc03353/forge/src/dispatcher/posix.c:61 139707620022016: r->filehandle = 36, r->size = 32768, r->offset = 39747584
14:47:11 ERROR /home/bsc03/bsc03353/forge/src/dispatcher/posix.c:62 139707620022016: single write -1 of expected 32768
14:47:11 ERROR /home/bsc03/bsc03353/forge/src/dispatcher/posix.c:61 139701177558784: r->filehandle = 36, r->size = 32768, r->offset = 41648128
14:47:11 ERROR /home/bsc03/bsc03353/forge/src/dispatcher/posix.c:62 139701177558784: single write -1 of expected 32768
14:47:13 ERROR /home/bsc03/bsc03353/forge/src/dispatcher/posix.c:61 139688292632320: r->filehandle = 36, r->size = 32768, r->offset = 39616512
14:47:13 ERROR /home/bsc03/bsc03353/forge/src/dispatcher/posix.c:62 139688292632320: single write -1 of expected 32768
14:47:13 ERROR /home/bsc03/bsc03353/forge/src/dispatcher/posix.c:61 139716209972992: r->filehandle = 36, r->size = 32768, r->offset = 40271872
14:47:13 ERROR /home/bsc03/bsc03353/forge/src/dispatcher/posix.c:62 139716209972992: single write -1 of expected 32768
14:47:16 ERROR /home/bsc03/bsc03353/forge/src/dispatcher/posix.c:61 139718357460736: r->filehandle = 36, r->size = 32768, r->offset = 43778048
14:47:16 ERROR /home/bsc03/bsc03353/forge/src/dispatcher/posix.c:62 139718357460736: single write -1 of expected 32768
14:47:17 ERROR /home/bsc03/bsc03353/forge/src/dispatcher/posix.c:61 139705472534272: r->filehandle = 36, r->size = 32768, r->offset = 42958848
14:47:17 ERROR /home/bsc03/bsc03353/forge/src/dispatcher/posix.c:62 139705472534272: single write -1 of expected 32768
14:47:18 ERROR /home/bsc03/bsc03353/forge/src/dispatcher/posix.c:61 139709767509760: r->filehandle = 36, r->size = 32768, r->offset = 39714816
14:47:18 ERROR /home/bsc03/bsc03353/forge/src/dispatcher/posix.c:62 139709767509760: single write -1 of expected 32768
14:47:23 ERROR /home/bsc03/bsc03353/forge/src/dispatcher/posix.c:61 139686145144576: r->filehandle = 36, r->size = 32768, r->offset = 38305792
14:47:23 ERROR /home/bsc03/bsc03353/forge/src/dispatcher/posix.c:62 139686145144576: single write -1 of expected 32768
14:47:24 ERROR /home/bsc03/bsc03353/forge/src/dispatcher/posix.c:61 139692587607808: r->filehandle = 36, r->size = 32768, r->offset = 39288832
14:47:24 ERROR /home/bsc03/bsc03353/forge/src/dispatcher/posix.c:62 139692587607808: single write -1 of expected 32768
14:47:26 ERROR /home/bsc03/bsc03353/forge/src/dispatcher/posix.c:61 139711914997504: r->filehandle = 36, r->size = 32768, r->offset = 40960000
14:47:26 ERROR /home/bsc03/bsc03353/forge/src/dispatcher/posix.c:62 139711914997504: single write -1 of expected 32768
14:47:29 ERROR /home/bsc03/bsc03353/forge/src/dispatcher/posix.c:61 139690440120064: r->filehandle = 36, r->size = 32768, r->offset = 41385984
14:47:29 ERROR /home/bsc03/bsc03353/forge/src/dispatcher/posix.c:62 139690440120064: single write -1 of expected 32768
14:47:30 ERROR /home/bsc03/bsc03353/forge/src/dispatcher/posix.c:61 139703325046528: r->filehandle = 36, r->size = 32768, r->offset = 41025536
14:47:30 ERROR /home/bsc03/bsc03353/forge/src/dispatcher/posix.c:62 139703325046528: single write -1 of expected 32768
14:47:38 ERROR /home/bsc03/bsc03353/forge/src/dispatcher/posix.c:61 139699030071040: r->filehandle = 36, r->size = 32768, r->offset = 39813120
14:47:38 ERROR /home/bsc03/bsc03353/forge/src/dispatcher/posix.c:62 139699030071040: single write -1 of expected 32768
14:47:40 ERROR /home/bsc03/bsc03353/forge/src/dispatcher/posix.c:61 139876072908544: r->filehandle = 35, r->size = 32768, r->offset = 4587520
14:47:40 ERROR /home/bsc03/bsc03353/forge/src/dispatcher/posix.c:62 139876072908544: single write -1 of expected 32768
14:47:43 ERROR /home/bsc03/bsc03353/forge/src/dispatcher/posix.c:61 139873925420800: r->filehandle = 35, r->size = 32768, r->offset = 5275648
14:47:43 ERROR /home/bsc03/bsc03353/forge/src/dispatcher/posix.c:62 139873925420800: single write -1 of expected 32768
14:47:45 ERROR /home/bsc03/bsc03353/forge/src/dispatcher/posix.c:61 139865335469824: r->filehandle = 35, r->size = 32768, r->offset = 3342336
14:47:45 ERROR /home/bsc03/bsc03353/forge/src/dispatcher/posix.c:62 139865335469824: single write -1 of expected 32768
14:47:46 ERROR /home/bsc03/bsc03353/forge/src/dispatcher/posix.c:61 139856745518848: r->filehandle = 35, r->size = 32768, r->offset = 3670016
14:47:46 ERROR /home/bsc03/bsc03353/forge/src/dispatcher/posix.c:62 139856745518848: single write -1 of expected 32768
14:47:47 ERROR /home/bsc03/bsc03353/forge/src/dispatcher/posix.c:61 139869630445312: r->filehandle = 35, r->size = 32768, r->offset = 4751360
14:47:47 ERROR /home/bsc03/bsc03353/forge/src/dispatcher/posix.c:62 139869630445312: single write -1 of expected 32768
14:47:48 ERROR /home/bsc03/bsc03353/forge/src/dispatcher/posix.c:61 139878220396288: r->filehandle = 35, r->size = 32768, r->offset = 5767168
14:47:48 ERROR /home/bsc03/bsc03353/forge/src/dispatcher/posix.c:62 139878220396288: single write -1 of expected 32768
14:47:48 ERROR /home/bsc03/bsc03353/forge/src/dispatcher/posix.c:61 139867482957568: r->filehandle = 35, r->size = 32768, r->offset = 5505024
14:47:48 ERROR /home/bsc03/bsc03353/forge/src/dispatcher/posix.c:62 139867482957568: single write -1 of expected 32768
14:47:49 ERROR /home/bsc03/bsc03353/forge/src/dispatcher/posix.c:61 139884662859520: r->filehandle = 35, r->size = 32768, r->offset = 3407872
14:47:49 ERROR /home/bsc03/bsc03353/forge/src/dispatcher/posix.c:62 139884662859520: single write -1 of expected 32768
14:47:50 ERROR /home/bsc03/bsc03353/forge/src/dispatcher/posix.c:61 139863187982080: r->filehandle = 35, r->size = 32768, r->offset = 3538944
14:47:50 ERROR /home/bsc03/bsc03353/forge/src/dispatcher/posix.c:62 139863187982080: single write -1 of expected 32768
14:47:51 ERROR /home/bsc03/bsc03353/forge/src/dispatcher/posix.c:61 139886810347264: r->filehandle = 35, r->size = 32768, r->offset = 5406720
14:47:51 ERROR /home/bsc03/bsc03353/forge/src/dispatcher/posix.c:62 139886810347264: single write -1 of expected 32768
14:47:53 ERROR /home/bsc03/bsc03353/forge/src/dispatcher/posix.c:61 139880367884032: r->filehandle = 35, r->size = 32768, r->offset = 4423680
14:47:53 ERROR /home/bsc03/bsc03353/forge/src/dispatcher/posix.c:62 139880367884032: single write -1 of expected 32768
14:48:00 ERROR /home/bsc03/bsc03353/forge/src/dispatcher/posix.c:61 139871777933056: r->filehandle = 35, r->size = 32768, r->offset = 4685824
14:48:00 ERROR /home/bsc03/bsc03353/forge/src/dispatcher/posix.c:62 139871777933056: single write -1 of expected 32768
14:48:01 ERROR /home/bsc03/bsc03353/forge/src/dispatcher/posix.c:61 140275975776000: r->filehandle = 36, r->size = 32768, r->offset = 31883264
14:48:01 ERROR /home/bsc03/bsc03353/forge/src/dispatcher/posix.c:62 140275975776000: single write -1 of expected 32768
14:48:01 ERROR /home/bsc03/bsc03353/forge/src/dispatcher/posix.c:61 140267132184320: r->filehandle = 36, r->size = 32768, r->offset = 14155776
14:48:01 ERROR /home/bsc03/bsc03353/forge/src/dispatcher/posix.c:62 140267132184320: single write -1 of expected 32768
14:48:02 ERROR /home/bsc03/bsc03353/forge/src/dispatcher/posix.c:61 140297450653440: r->filehandle = 36, r->size = 32768, r->offset = 32702464
14:48:02 ERROR /home/bsc03/bsc03353/forge/src/dispatcher/posix.c:62 140297450653440: single write -1 of expected 32768
14:48:03 ERROR /home/bsc03/bsc03353/forge/src/dispatcher/posix.c:61 140288860702464: r->filehandle = 36, r->size = 32768, r->offset = 31490048
14:48:03 ERROR /home/bsc03/bsc03353/forge/src/dispatcher/posix.c:62 140288860702464: single write -1 of expected 32768
14:48:04 ERROR /home/bsc03/bsc03353/forge/src/dispatcher/posix.c:61 140280270751488: r->filehandle = 36, r->size = 32768, r->offset = 33488896
14:48:04 ERROR /home/bsc03/bsc03353/forge/src/dispatcher/posix.c:62 140280270751488: single write -1 of expected 32768
14:48:09 ERROR /home/bsc03/bsc03353/forge/src/dispatcher/posix.c:61 140301745628928: r->filehandle = 36, r->size = 32768, r->offset = 32571392
14:48:09 ERROR /home/bsc03/bsc03353/forge/src/dispatcher/posix.c:62 140301745628928: single write -1 of expected 32768
14:48:09 ERROR /home/bsc03/bsc03353/forge/src/dispatcher/posix.c:61 140048719857408: r->filehandle = 36, r->size = 32768, r->offset = 45154304
14:48:09 ERROR /home/bsc03/bsc03353/forge/src/dispatcher/posix.c:62 140048719857408: single write -1 of expected 32768
14:48:10 ERROR /home/bsc03/bsc03353/forge/src/dispatcher/posix.c:61 140512464049920: r->filehandle = 36, r->size = 32768, r->offset = 30900224
14:48:10 ERROR /home/bsc03/bsc03353/forge/src/dispatcher/posix.c:62 140512464049920: single write -1 of expected 32768
14:48:12 ERROR /home/bsc03/bsc03353/forge/src/dispatcher/posix.c:61 140288433055488: r->filehandle = 36, r->size = 32768, r->offset = 22446080
14:48:12 ERROR /home/bsc03/bsc03353/forge/src/dispatcher/posix.c:62 140288433055488: single write -1 of expected 32768
14:48:13 ERROR /home/bsc03/bsc03353/forge/src/dispatcher/posix.c:61 140483661858560: r->filehandle = 36, r->size = 32768, r->offset = 11993088
14:48:13 ERROR /home/bsc03/bsc03353/forge/src/dispatcher/posix.c:62 140483661858560: single write -1 of expected 32768
14:48:14 ERROR /home/bsc03/bsc03353/forge/src/dispatcher/posix.c:61 140279843104512: r->filehandle = 36, r->size = 32768, r->offset = 20578304
14:48:14 ERROR /home/bsc03/bsc03353/forge/src/dispatcher/posix.c:62 140279843104512: single write -1 of expected 32768
14:48:15 ERROR /home/bsc03/bsc03353/forge/src/dispatcher/posix.c:61 140460039493376: r->filehandle = 36, r->size = 32768, r->offset = 12189696
14:48:15 ERROR /home/bsc03/bsc03353/forge/src/dispatcher/posix.c:62 140460039493376: single write -1 of expected 32768
14:48:17 ERROR /home/bsc03/bsc03353/forge/src/dispatcher/posix.c:61 140485809346304: r->filehandle = 36, r->size = 32768, r->offset = 12156928
14:48:17 ERROR /home/bsc03/bsc03353/forge/src/dispatcher/posix.c:62 140485809346304: single write -1 of expected 32768
14:48:17 ERROR /home/bsc03/bsc03353/forge/src/dispatcher/posix.c:61 140307760445184: r->filehandle = 36, r->size = 32768, r->offset = 20840448
14:48:17 ERROR /home/bsc03/bsc03353/forge/src/dispatcher/posix.c:62 140307760445184: single write -1 of expected 32768
14:48:18 ERROR /home/bsc03/bsc03353/forge/src/dispatcher/posix.c:61 140297023006464: r->filehandle = 36, r->size = 32768, r->offset = 24477696
14:48:18 ERROR /home/bsc03/bsc03353/forge/src/dispatcher/posix.c:62 140297023006464: single write -1 of expected 32768
14:48:19 ERROR /home/bsc03/bsc03353/forge/src/dispatcher/posix.c:61 140042277394176: r->filehandle = 36, r->size = 32768, r->offset = 45252608
14:48:19 ERROR /home/bsc03/bsc03353/forge/src/dispatcher/posix.c:61 140470776932096: r->filehandle = 36, r->size = 32768, r->offset = 7634944
14:48:19 ERROR /home/bsc03/bsc03353/forge/src/dispatcher/posix.c:62 140042277394176: single write -1 of expected 32768
14:48:19 ERROR /home/bsc03/bsc03353/forge/src/dispatcher/posix.c:62 140470776932096: single write -1 of expected 32768
14:48:20 ERROR /home/bsc03/bsc03353/forge/src/dispatcher/posix.c:61 140053014832896: r->filehandle = 36, r->size = 32768, r->offset = 45580288
14:48:20 ERROR /home/bsc03/bsc03353/forge/src/dispatcher/posix.c:62 140053014832896: single write -1 of expected 32768
14:48:21 ERROR /home/bsc03/bsc03353/forge/src/dispatcher/posix.c:61 140457892005632: r->filehandle = 36, r->size = 32768, r->offset = 12353536
14:48:21 ERROR /home/bsc03/bsc03353/forge/src/dispatcher/posix.c:62 140457892005632: single write -1 of expected 32768
14:48:22 ERROR /home/bsc03/bsc03353/forge/src/dispatcher/posix.c:61 140309907932928: r->filehandle = 36, r->size = 32768, r->offset = 19038208
14:48:22 ERROR /home/bsc03/bsc03353/forge/src/dispatcher/posix.c:62 140309907932928: single write -1 of expected 32768
14:48:23 ERROR /home/bsc03/bsc03353/forge/src/dispatcher/posix.c:61 140294875518720: r->filehandle = 36, r->size = 32768, r->offset = 22740992
14:48:23 ERROR /home/bsc03/bsc03353/forge/src/dispatcher/posix.c:62 140294875518720: single write -1 of expected 32768
14:48:24 ERROR /home/bsc03/bsc03353/forge/src/dispatcher/posix.c:61 140468629444352: r->filehandle = 36, r->size = 32768, r->offset = 11927552
14:48:24 ERROR /home/bsc03/bsc03353/forge/src/dispatcher/posix.c:62 140468629444352: single write -1 of expected 32768
14:48:25 ERROR /home/bsc03/bsc03353/forge/src/dispatcher/posix.c:61 140472924419840: r->filehandle = 36, r->size = 32768, r->offset = 12025856
14:48:25 ERROR /home/bsc03/bsc03353/forge/src/dispatcher/posix.c:62 140472924419840: single write -1 of expected 32768
14:48:25 ERROR /home/bsc03/bsc03353/forge/src/dispatcher/posix.c:61 140063752271616: r->filehandle = 36, r->size = 32768, r->offset = 46006272
14:48:25 ERROR /home/bsc03/bsc03353/forge/src/dispatcher/posix.c:62 140063752271616: single write -1 of expected 32768
14:48:25 ERROR /home/bsc03/bsc03353/forge/src/dispatcher/posix.c:61 140055162320640: r->filehandle = 36, r->size = 32768, r->offset = 45645824
14:48:25 ERROR /home/bsc03/bsc03353/forge/src/dispatcher/posix.c:62 140055162320640: single write -1 of expected 32768
14:48:26 ERROR /home/bsc03/bsc03353/forge/src/dispatcher/posix.c:61 140299170494208: r->filehandle = 36, r->size = 32768, r->offset = 22282240
14:48:26 ERROR /home/bsc03/bsc03353/forge/src/dispatcher/posix.c:62 140299170494208: single write -1 of expected 32768
14:48:26 ERROR /home/bsc03/bsc03353/forge/src/dispatcher/posix.c:61 140065899759360: r->filehandle = 36, r->size = 32768, r->offset = 47742976
14:48:26 ERROR /home/bsc03/bsc03353/forge/src/dispatcher/posix.c:62 140065899759360: single write -1 of expected 32768
14:48:27 ERROR /home/bsc03/bsc03353/forge/src/dispatcher/posix.c:61 140455744517888: r->filehandle = 36, r->size = 32768, r->offset = 12386304
14:48:27 ERROR /home/bsc03/bsc03353/forge/src/dispatcher/posix.c:62 140455744517888: single write -1 of expected 32768
14:48:28 ERROR /home/bsc03/bsc03353/forge/src/dispatcher/posix.c:61 140303465469696: r->filehandle = 36, r->size = 32768, r->offset = 21135360
14:48:28 ERROR /home/bsc03/bsc03353/forge/src/dispatcher/posix.c:62 140303465469696: single write -1 of expected 32768
14:48:29 ERROR /home/bsc03/bsc03353/forge/src/dispatcher/posix.c:61 140044424881920: r->filehandle = 36, r->size = 32768, r->offset = 46137344
14:48:29 ERROR /home/bsc03/bsc03353/forge/src/dispatcher/posix.c:62 140044424881920: single write -1 of expected 32768
14:48:29 ERROR /home/bsc03/bsc03353/forge/src/dispatcher/posix.c:61 140290580543232: r->filehandle = 36, r->size = 32768, r->offset = 23298048
14:48:29 ERROR /home/bsc03/bsc03353/forge/src/dispatcher/posix.c:62 140290580543232: single write -1 of expected 32768
14:48:30 ERROR /home/bsc03/bsc03353/forge/src/dispatcher/posix.c:61 140475071907584: r->filehandle = 36, r->size = 32768, r->offset = 11730944
14:48:30 ERROR /home/bsc03/bsc03353/forge/src/dispatcher/posix.c:62 140475071907584: single write -1 of expected 32768
14:48:31 ERROR /home/bsc03/bsc03353/forge/src/dispatcher/posix.c:61 140305612957440: r->filehandle = 36, r->size = 32768, r->offset = 20807680
14:48:31 ERROR /home/bsc03/bsc03353/forge/src/dispatcher/posix.c:61 140037982418688: r->filehandle = 36, r->size = 32768, r->offset = 47415296
14:48:31 ERROR /home/bsc03/bsc03353/forge/src/dispatcher/posix.c:62 140305612957440: single write -1 of expected 32768
14:48:31 ERROR /home/bsc03/bsc03353/forge/src/dispatcher/posix.c:62 140037982418688: single write -1 of expected 32768
14:48:32 ERROR /home/bsc03/bsc03353/forge/src/dispatcher/posix.c:61 140284138080000: r->filehandle = 36, r->size = 32768, r->offset = 23887872
14:48:32 ERROR /home/bsc03/bsc03353/forge/src/dispatcher/posix.c:62 140284138080000: single write -1 of expected 32768
14:48:33 ERROR /home/bsc03/bsc03353/forge/src/dispatcher/posix.c:61 140301317981952: r->filehandle = 36, r->size = 32768, r->offset = 23658496
14:48:33 ERROR /home/bsc03/bsc03353/forge/src/dispatcher/posix.c:62 140301317981952: single write -1 of expected 32768
14:48:34 ERROR /home/bsc03/bsc03353/forge/src/dispatcher/posix.c:61 140277695616768: r->filehandle = 36, r->size = 32768, r->offset = 23592960
14:48:34 ERROR /home/bsc03/bsc03353/forge/src/dispatcher/posix.c:62 140277695616768: single write -1 of expected 32768
14:48:34 ERROR /home/bsc03/bsc03353/forge/src/dispatcher/posix.c:61 140487956834048: r->filehandle = 36, r->size = 32768, r->offset = 7733248
14:48:34 ERROR /home/bsc03/bsc03353/forge/src/dispatcher/posix.c:62 140487956834048: single write -1 of expected 32768
14:48:35 ERROR /home/bsc03/bsc03353/forge/src/dispatcher/posix.c:61 140466481956608: r->filehandle = 36, r->size = 32768, r->offset = 11632640
14:48:35 ERROR /home/bsc03/bsc03353/forge/src/dispatcher/posix.c:62 140466481956608: single write -1 of expected 32768
14:48:36 ERROR /home/bsc03/bsc03353/forge/src/dispatcher/posix.c:61 140281990592256: r->filehandle = 36, r->size = 32768, r->offset = 20185088
14:48:36 ERROR /home/bsc03/bsc03353/forge/src/dispatcher/posix.c:62 140281990592256: single write -1 of expected 32768
14:48:38 ERROR /home/bsc03/bsc03353/forge/src/dispatcher/posix.c:61 140481514370816: r->filehandle = 36, r->size = 32768, r->offset = 11829248
14:48:38 ERROR /home/bsc03/bsc03353/forge/src/dispatcher/posix.c:61 140292728030976: r->filehandle = 36, r->size = 32768, r->offset = 24739840
14:48:38 ERROR /home/bsc03/bsc03353/forge/src/dispatcher/posix.c:62 140292728030976: single write -1 of expected 32768
14:48:38 ERROR /home/bsc03/bsc03353/forge/src/dispatcher/posix.c:62 140481514370816: single write -1 of expected 32768
14:48:39 ERROR /home/bsc03/bsc03353/forge/src/dispatcher/posix.c:61 140477219395328: r->filehandle = 36, r->size = 32768, r->offset = 11796480
14:48:39 ERROR /home/bsc03/bsc03353/forge/src/dispatcher/posix.c:62 140477219395328: single write -1 of expected 32768
14:48:40 ERROR /home/bsc03/bsc03353/forge/src/dispatcher/posix.c:61 140286285567744: r->filehandle = 36, r->size = 32768, r->offset = 19988480
14:48:40 ERROR /home/bsc03/bsc03353/forge/src/dispatcher/posix.c:62 140286285567744: single write -1 of expected 32768
14:48:41 ERROR /home/bsc03/bsc03353/forge/src/dispatcher/posix.c:61 140479366883072: r->filehandle = 36, r->size = 32768, r->offset = 12058624
14:48:41 ERROR /home/bsc03/bsc03353/forge/src/dispatcher/posix.c:62 140479366883072: single write -1 of expected 32768
14:48:41 ERROR /home/bsc03/bsc03353/forge/src/dispatcher/posix.c:61 140462186981120: r->filehandle = 36, r->size = 32768, r->offset = 11894784
14:48:41 ERROR /home/bsc03/bsc03353/forge/src/dispatcher/posix.c:62 140462186981120: single write -1 of expected 32768
14:48:43 ERROR /home/bsc03/bsc03353/forge/src/dispatcher/posix.c:61 140464334468864: r->filehandle = 36, r->size = 32768, r->offset = 12288000
14:48:43 ERROR /home/bsc03/bsc03353/forge/src/dispatcher/posix.c:62 140464334468864: single write -1 of expected 32768
14:48:43 ERROR /home/bsc03/bsc03353/forge/src/dispatcher/posix.c:61 140057309808384: r->filehandle = 36, r->size = 32768, r->offset = 47841280
14:48:43 ERROR /home/bsc03/bsc03353/forge/src/dispatcher/posix.c:62 140057309808384: single write -1 of expected 32768
14:48:45 ERROR /home/bsc03/bsc03353/forge/src/dispatcher/posix.c:61 140061604783872: r->filehandle = 36, r->size = 32768, r->offset = 48136192
14:48:45 ERROR /home/bsc03/bsc03353/forge/src/dispatcher/posix.c:62 140061604783872: single write -1 of expected 32768
14:48:48 ERROR /home/bsc03/bsc03353/forge/src/dispatcher/posix.c:61 140040129906432: r->filehandle = 36, r->size = 32768, r->offset = 46399488
14:48:48 ERROR /home/bsc03/bsc03353/forge/src/dispatcher/posix.c:62 140040129906432: single write -1 of expected 32768
14:48:48 ERROR /home/bsc03/bsc03353/forge/src/dispatcher/posix.c:61 140068047247104: r->filehandle = 36, r->size = 32768, r->offset = 45318144
14:48:48 ERROR /home/bsc03/bsc03353/forge/src/dispatcher/posix.c:62 140068047247104: single write -1 of expected 32768
14:48:50 ERROR /home/bsc03/bsc03353/forge/src/dispatcher/posix.c:61 140050867345152: r->filehandle = 36, r->size = 32768, r->offset = 47251456
14:48:50 ERROR /home/bsc03/bsc03353/forge/src/dispatcher/posix.c:62 140050867345152: single write -1 of expected 32768
14:48:51 ERROR /home/bsc03/bsc03353/forge/src/dispatcher/posix.c:61 140059457296128: r->filehandle = 36, r->size = 32768, r->offset = 45613056
14:48:51 ERROR /home/bsc03/bsc03353/forge/src/dispatcher/posix.c:62 140059457296128: single write -1 of expected 32768
14:48:52 ERROR /home/bsc03/bsc03353/forge/src/dispatcher/posix.c:61 140046572369664: r->filehandle = 36, r->size = 32768, r->offset = 49676288
14:48:52 ERROR /home/bsc03/bsc03353/forge/src/dispatcher/posix.c:62 140046572369664: single write -1 of expected 32768
14:48:54 ERROR /home/bsc03/bsc03353/forge/src/dispatcher/posix.c:61 140070194734848: r->filehandle = 36, r->size = 32768, r->offset = 45449216
14:48:54 ERROR /home/bsc03/bsc03353/forge/src/dispatcher/posix.c:62 140070194734848: single write -1 of expected 32768
14:49:03 ERROR /home/bsc03/bsc03353/forge/src/dispatcher/posix.c:61 139694735095552: r->filehandle = 36, r->size = 32768, r->offset = 38207488
14:49:03 ERROR /home/bsc03/bsc03353/forge/src/dispatcher/posix.c:62 139694735095552: single write -1 of expected 32768
14:49:04 ERROR /home/bsc03/bsc03353/forge/src/dispatcher/posix.c:61 139709767509760: r->filehandle = 36, r->size = 32768, r->offset = 38109184
14:49:04 ERROR /home/bsc03/bsc03353/forge/src/dispatcher/posix.c:62 139709767509760: single write -1 of expected 32768
14:49:07 ERROR /home/bsc03/bsc03353/forge/src/dispatcher/posix.c:61 139701177558784: r->filehandle = 36, r->size = 32768, r->offset = 39223296
14:49:07 ERROR /home/bsc03/bsc03353/forge/src/dispatcher/posix.c:62 139701177558784: single write -1 of expected 32768
14:49:09 ERROR /home/bsc03/bsc03353/forge/src/dispatcher/posix.c:61 139696882583296: r->filehandle = 36, r->size = 32768, r->offset = 43974656
14:49:09 ERROR /home/bsc03/bsc03353/forge/src/dispatcher/posix.c:62 139696882583296: single write -1 of expected 32768
14:49:10 ERROR /home/bsc03/bsc03353/forge/src/dispatcher/posix.c:61 139692587607808: r->filehandle = 36, r->size = 32768, r->offset = 41189376
14:49:10 ERROR /home/bsc03/bsc03353/forge/src/dispatcher/posix.c:62 139692587607808: single write -1 of expected 32768
14:49:11 ERROR /home/bsc03/bsc03353/forge/src/dispatcher/posix.c:61 139703325046528: r->filehandle = 36, r->size = 32768, r->offset = 39878656
14:49:11 ERROR /home/bsc03/bsc03353/forge/src/dispatcher/posix.c:62 139703325046528: single write -1 of expected 32768
14:49:16 ERROR /home/bsc03/bsc03353/forge/src/dispatcher/posix.c:61 139705472534272: r->filehandle = 36, r->size = 32768, r->offset = 38633472
14:49:16 ERROR /home/bsc03/bsc03353/forge/src/dispatcher/posix.c:62 139705472534272: single write -1 of expected 32768
14:49:17 ERROR /home/bsc03/bsc03353/forge/src/dispatcher/posix.c:61 139699030071040: r->filehandle = 36, r->size = 32768, r->offset = 40206336
14:49:17 ERROR /home/bsc03/bsc03353/forge/src/dispatcher/posix.c:62 139699030071040: single write -1 of expected 32768
14:49:20 ERROR /home/bsc03/bsc03353/forge/src/dispatcher/posix.c:61 139716209972992: r->filehandle = 36, r->size = 32768, r->offset = 38043648
14:49:20 ERROR /home/bsc03/bsc03353/forge/src/dispatcher/posix.c:62 139716209972992: single write -1 of expected 32768
14:49:25 ERROR /home/bsc03/bsc03353/forge/src/dispatcher/posix.c:61 139711914997504: r->filehandle = 36, r->size = 32768, r->offset = 41451520
14:49:25 ERROR /home/bsc03/bsc03353/forge/src/dispatcher/posix.c:62 139711914997504: single write -1 of expected 32768
14:49:28 ERROR /home/bsc03/bsc03353/forge/src/dispatcher/posix.c:61 139690440120064: r->filehandle = 36, r->size = 32768, r->offset = 38600704
14:49:28 ERROR /home/bsc03/bsc03353/forge/src/dispatcher/posix.c:62 139690440120064: single write -1 of expected 32768
14:49:28 ERROR /home/bsc03/bsc03353/forge/src/dispatcher/posix.c:61 139688292632320: r->filehandle = 36, r->size = 32768, r->offset = 39911424
14:49:28 ERROR /home/bsc03/bsc03353/forge/src/dispatcher/posix.c:62 139688292632320: single write -1 of expected 32768
14:49:30 ERROR /home/bsc03/bsc03353/forge/src/dispatcher/posix.c:61 139714062485248: r->filehandle = 36, r->size = 32768, r->offset = 39026688
14:49:30 ERROR /home/bsc03/bsc03353/forge/src/dispatcher/posix.c:62 139714062485248: single write -1 of expected 32768
14:49:31 ERROR /home/bsc03/bsc03353/forge/src/dispatcher/posix.c:61 139718357460736: r->filehandle = 36, r->size = 32768, r->offset = 41418752
14:49:31 ERROR /home/bsc03/bsc03353/forge/src/dispatcher/posix.c:62 139718357460736: single write -1 of expected 32768
14:49:31 ERROR /home/bsc03/bsc03353/forge/src/dispatcher/posix.c:61 139686145144576: r->filehandle = 36, r->size = 32768, r->offset = 40239104
14:49:31 ERROR /home/bsc03/bsc03353/forge/src/dispatcher/posix.c:62 139686145144576: single write -1 of expected 32768
14:49:33 ERROR /home/bsc03/bsc03353/forge/src/dispatcher/posix.c:61 139707620022016: r->filehandle = 36, r->size = 32768, r->offset = 39419904
14:49:33 ERROR /home/bsc03/bsc03353/forge/src/dispatcher/posix.c:62 139707620022016: single write -1 of expected 32768
14:49:37 ERROR /home/bsc03/bsc03353/forge/src/dispatcher/posix.c:61 140282418239232: r->filehandle = 36, r->size = 32768, r->offset = 37289984
14:49:37 ERROR /home/bsc03/bsc03353/forge/src/dispatcher/posix.c:62 140282418239232: single write -1 of expected 32768
14:49:37 ERROR /home/bsc03/bsc03353/forge/src/dispatcher/posix.c:61 140278123263744: r->filehandle = 36, r->size = 32768, r->offset = 33783808
14:49:37 ERROR /home/bsc03/bsc03353/forge/src/dispatcher/posix.c:62 140278123263744: single write -1 of expected 32768
14:49:38 ERROR /home/bsc03/bsc03353/forge/src/dispatcher/posix.c:61 140299598141184: r->filehandle = 36, r->size = 32768, r->offset = 33947648
14:49:38 ERROR /home/bsc03/bsc03353/forge/src/dispatcher/posix.c:62 140299598141184: single write -1 of expected 32768
14:49:44 ERROR /home/bsc03/bsc03353/forge/src/dispatcher/posix.c:61 139854598031104: r->filehandle = 35, r->size = 32768, r->offset = 4620288
14:49:44 ERROR /home/bsc03/bsc03353/forge/src/dispatcher/posix.c:62 139854598031104: single write -1 of expected 32768
14:49:47 ERROR /home/bsc03/bsc03353/forge/src/dispatcher/posix.c:61 140275722135296: r->filehandle = 36, r->size = 32768, r->offset = 12582912
14:49:47 ERROR /home/bsc03/bsc03353/forge/src/dispatcher/posix.c:62 140275722135296: single write -1 of expected 32768
14:49:50 ERROR /home/bsc03/bsc03353/forge/src/dispatcher/posix.c:61 140273574647552: r->filehandle = 36, r->size = 32768, r->offset = 13139968
14:49:50 ERROR /home/bsc03/bsc03353/forge/src/dispatcher/posix.c:62 140273574647552: single write -1 of expected 32768
14:49:51 ERROR /home/bsc03/bsc03353/forge/src/dispatcher/posix.c:61 140053014832896: r->filehandle = 36, r->size = 32768, r->offset = 45514752
14:49:51 ERROR /home/bsc03/bsc03353/forge/src/dispatcher/posix.c:62 140053014832896: single write -1 of expected 32768
14:49:51 ERROR /home/bsc03/bsc03353/forge/src/dispatcher/posix.c:61 140536086415104: r->filehandle = 36, r->size = 32768, r->offset = 29360128
14:49:51 ERROR /home/bsc03/bsc03353/forge/src/dispatcher/posix.c:62 140536086415104: single write -1 of expected 32768
14:49:52 ERROR /home/bsc03/bsc03353/forge/src/dispatcher/posix.c:61 140483661858560: r->filehandle = 36, r->size = 32768, r->offset = 7241728
14:49:52 ERROR /home/bsc03/bsc03353/forge/src/dispatcher/posix.c:62 140483661858560: single write -1 of expected 32768
14:49:53 ERROR /home/bsc03/bsc03353/forge/src/dispatcher/posix.c:61 140516759025408: r->filehandle = 36, r->size = 32768, r->offset = 28868608
14:49:53 ERROR /home/bsc03/bsc03353/forge/src/dispatcher/posix.c:62 140516759025408: single write -1 of expected 32768
14:49:54 ERROR /home/bsc03/bsc03353/forge/src/dispatcher/posix.c:61 140457892005632: r->filehandle = 36, r->size = 32768, r->offset = 9994240
14:49:54 ERROR /home/bsc03/bsc03353/forge/src/dispatcher/posix.c:62 140457892005632: single write -1 of expected 32768
14:49:55 ERROR /home/bsc03/bsc03353/forge/src/dispatcher/posix.c:61 140525348976384: r->filehandle = 36, r->size = 32768, r->offset = 29163520
14:49:55 ERROR /home/bsc03/bsc03353/forge/src/dispatcher/posix.c:62 140525348976384: single write -1 of expected 32768
14:49:55 ERROR /home/bsc03/bsc03353/forge/src/dispatcher/posix.c:61 140477219395328: r->filehandle = 36, r->size = 32768, r->offset = 12320768
14:49:56 ERROR /home/bsc03/bsc03353/forge/src/dispatcher/posix.c:62 140477219395328: single write -1 of expected 32768
14:49:57 ERROR /home/bsc03/bsc03353/forge/src/dispatcher/posix.c:61 140063752271616: r->filehandle = 36, r->size = 32768, r->offset = 46432256
14:49:57 ERROR /home/bsc03/bsc03353/forge/src/dispatcher/posix.c:62 140063752271616: single write -1 of expected 32768
14:49:58 ERROR /home/bsc03/bsc03353/forge/src/dispatcher/posix.c:61 140040129906432: r->filehandle = 36, r->size = 32768, r->offset = 45711360
14:49:58 ERROR /home/bsc03/bsc03353/forge/src/dispatcher/posix.c:62 140040129906432: single write -1 of expected 32768
14:49:59 ERROR /home/bsc03/bsc03353/forge/src/dispatcher/posix.c:61 140485809346304: r->filehandle = 36, r->size = 32768, r->offset = 6782976
14:49:59 ERROR /home/bsc03/bsc03353/forge/src/dispatcher/posix.c:62 140485809346304: single write -1 of expected 32768
14:49:59 ERROR /home/bsc03/bsc03353/forge/src/dispatcher/posix.c:61 140470776932096: r->filehandle = 36, r->size = 32768, r->offset = 11960320
14:49:59 ERROR /home/bsc03/bsc03353/forge/src/dispatcher/posix.c:62 140470776932096: single write -1 of expected 32768
14:50:00 ERROR /home/bsc03/bsc03353/forge/src/dispatcher/posix.c:61 140281990592256: r->filehandle = 36, r->size = 32768, r->offset = 21397504
14:50:00 ERROR /home/bsc03/bsc03353/forge/src/dispatcher/posix.c:61 140042277394176: r->filehandle = 36, r->size = 32768, r->offset = 47349760
14:50:00 ERROR /home/bsc03/bsc03353/forge/src/dispatcher/posix.c:62 140281990592256: single write -1 of expected 32768
14:50:00 ERROR /home/bsc03/bsc03353/forge/src/dispatcher/posix.c:62 140042277394176: single write -1 of expected 32768
14:50:00 ERROR /home/bsc03/bsc03353/forge/src/dispatcher/posix.c:61 140292728030976: r->filehandle = 36, r->size = 32768, r->offset = 21594112
14:50:00 ERROR /home/bsc03/bsc03353/forge/src/dispatcher/posix.c:62 140292728030976: single write -1 of expected 32768
14:50:02 ERROR /home/bsc03/bsc03353/forge/src/dispatcher/posix.c:61 140299170494208: r->filehandle = 36, r->size = 32768, r->offset = 24674304
14:50:02 ERROR /home/bsc03/bsc03353/forge/src/dispatcher/posix.c:62 140299170494208: single write -1 of expected 32768
14:50:02 ERROR /home/bsc03/bsc03353/forge/src/dispatcher/posix.c:61 140055162320640: r->filehandle = 36, r->size = 32768, r->offset = 46956544
14:50:02 ERROR /home/bsc03/bsc03353/forge/src/dispatcher/posix.c:62 140055162320640: single write -1 of expected 32768
14:50:04 ERROR /home/bsc03/bsc03353/forge/src/dispatcher/posix.c:61 140048719857408: r->filehandle = 36, r->size = 32768, r->offset = 48594944
14:50:04 ERROR /home/bsc03/bsc03353/forge/src/dispatcher/posix.c:62 140048719857408: single write -1 of expected 32768
14:50:04 ERROR /home/bsc03/bsc03353/forge/src/dispatcher/posix.c:61 140475071907584: r->filehandle = 36, r->size = 32768, r->offset = 12484608
14:50:04 ERROR /home/bsc03/bsc03353/forge/src/dispatcher/posix.c:61 140309907932928: r->filehandle = 36, r->size = 32768, r->offset = 23134208
14:50:04 ERROR /home/bsc03/bsc03353/forge/src/dispatcher/posix.c:62 140475071907584: single write -1 of expected 32768
14:50:04 ERROR /home/bsc03/bsc03353/forge/src/dispatcher/posix.c:62 140309907932928: single write -1 of expected 32768
14:50:04 ERROR /home/bsc03/bsc03353/forge/src/dispatcher/posix.c:61 140460039493376: r->filehandle = 36, r->size = 32768, r->offset = 8421376
14:50:04 ERROR /home/bsc03/bsc03353/forge/src/dispatcher/posix.c:62 140460039493376: single write -1 of expected 32768
14:50:06 ERROR /home/bsc03/bsc03353/forge/src/dispatcher/posix.c:61 140288433055488: r->filehandle = 36, r->size = 32768, r->offset = 24346624
14:50:06 ERROR /home/bsc03/bsc03353/forge/src/dispatcher/posix.c:62 140288433055488: single write -1 of expected 32768
14:50:06 ERROR /home/bsc03/bsc03353/forge/src/dispatcher/posix.c:61 140464334468864: r->filehandle = 36, r->size = 32768, r->offset = 11534336
14:50:06 ERROR /home/bsc03/bsc03353/forge/src/dispatcher/posix.c:62 140464334468864: single write -1 of expected 32768
14:50:06 ERROR /home/bsc03/bsc03353/forge/src/dispatcher/posix.c:61 140046572369664: r->filehandle = 36, r->size = 32768, r->offset = 47448064
14:50:06 ERROR /home/bsc03/bsc03353/forge/src/dispatcher/posix.c:62 140046572369664: single write -1 of expected 32768
14:50:08 ERROR /home/bsc03/bsc03353/forge/src/dispatcher/posix.c:61 140059457296128: r->filehandle = 36, r->size = 32768, r->offset = 50102272
14:50:08 ERROR /home/bsc03/bsc03353/forge/src/dispatcher/posix.c:62 140059457296128: single write -1 of expected 32768
14:50:08 ERROR /home/bsc03/bsc03353/forge/src/dispatcher/posix.c:61 140307760445184: r->filehandle = 36, r->size = 32768, r->offset = 20873216
14:50:08 ERROR /home/bsc03/bsc03353/forge/src/dispatcher/posix.c:62 140307760445184: single write -1 of expected 32768
14:50:10 ERROR /home/bsc03/bsc03353/forge/src/dispatcher/posix.c:61 140481514370816: r->filehandle = 36, r->size = 32768, r->offset = 8978432
14:50:10 ERROR /home/bsc03/bsc03353/forge/src/dispatcher/posix.c:62 140481514370816: single write -1 of expected 32768
14:50:10 ERROR /home/bsc03/bsc03353/forge/src/dispatcher/posix.c:61 140455744517888: r->filehandle = 36, r->size = 32768, r->offset = 11665408
14:50:10 ERROR /home/bsc03/bsc03353/forge/src/dispatcher/posix.c:62 140455744517888: single write -1 of expected 32768
14:50:11 ERROR /home/bsc03/bsc03353/forge/src/dispatcher/posix.c:61 140284138080000: r->filehandle = 36, r->size = 32768, r->offset = 20348928
14:50:11 ERROR /home/bsc03/bsc03353/forge/src/dispatcher/posix.c:62 140284138080000: single write -1 of expected 32768
14:50:12 ERROR /home/bsc03/bsc03353/forge/src/dispatcher/posix.c:61 140297023006464: r->filehandle = 36, r->size = 32768, r->offset = 24543232
14:50:12 ERROR /home/bsc03/bsc03353/forge/src/dispatcher/posix.c:62 140297023006464: single write -1 of expected 32768
14:50:13 ERROR /home/bsc03/bsc03353/forge/src/dispatcher/posix.c:61 140487956834048: r->filehandle = 36, r->size = 32768, r->offset = 8912896
14:50:13 ERROR /home/bsc03/bsc03353/forge/src/dispatcher/posix.c:62 140487956834048: single write -1 of expected 32768
14:50:13 ERROR /home/bsc03/bsc03353/forge/src/dispatcher/posix.c:61 140070194734848: r->filehandle = 36, r->size = 32768, r->offset = 47644672
14:50:13 ERROR /home/bsc03/bsc03353/forge/src/dispatcher/posix.c:62 140070194734848: single write -1 of expected 32768
14:50:13 ERROR /home/bsc03/bsc03353/forge/src/dispatcher/posix.c:61 140462186981120: r->filehandle = 36, r->size = 32768, r->offset = 9011200
14:50:13 ERROR /home/bsc03/bsc03353/forge/src/dispatcher/posix.c:62 140462186981120: single write -1 of expected 32768
14:50:14 ERROR /home/bsc03/bsc03353/forge/src/dispatcher/posix.c:61 140037982418688: r->filehandle = 36, r->size = 32768, r->offset = 49545216
14:50:14 ERROR /home/bsc03/bsc03353/forge/src/dispatcher/posix.c:62 140037982418688: single write -1 of expected 32768
14:50:15 ERROR /home/bsc03/bsc03353/forge/src/dispatcher/posix.c:61 140466481956608: r->filehandle = 36, r->size = 32768, r->offset = 6356992
14:50:15 ERROR /home/bsc03/bsc03353/forge/src/dispatcher/posix.c:62 140466481956608: single write -1 of expected 32768
14:50:16 ERROR /home/bsc03/bsc03353/forge/src/dispatcher/posix.c:61 140057309808384: r->filehandle = 36, r->size = 32768, r->offset = 45875200
14:50:16 ERROR /home/bsc03/bsc03353/forge/src/dispatcher/posix.c:61 140472924419840: r->filehandle = 36, r->size = 32768, r->offset = 12419072
14:50:16 ERROR /home/bsc03/bsc03353/forge/src/dispatcher/posix.c:62 140472924419840: single write -1 of expected 32768
14:50:16 ERROR /home/bsc03/bsc03353/forge/src/dispatcher/posix.c:62 140057309808384: single write -1 of expected 32768
14:50:17 ERROR /home/bsc03/bsc03353/forge/src/dispatcher/posix.c:61 140068047247104: r->filehandle = 36, r->size = 32768, r->offset = 46759936
14:50:17 ERROR /home/bsc03/bsc03353/forge/src/dispatcher/posix.c:61 140479366883072: r->filehandle = 36, r->size = 32768, r->offset = 7897088
14:50:17 ERROR /home/bsc03/bsc03353/forge/src/dispatcher/posix.c:62 140068047247104: single write -1 of expected 32768
14:50:17 ERROR /home/bsc03/bsc03353/forge/src/dispatcher/posix.c:62 140479366883072: single write -1 of expected 32768
14:50:18 ERROR /home/bsc03/bsc03353/forge/src/dispatcher/posix.c:61 140061604783872: r->filehandle = 36, r->size = 32768, r->offset = 47054848
14:50:18 ERROR /home/bsc03/bsc03353/forge/src/dispatcher/posix.c:62 140061604783872: single write -1 of expected 32768
14:50:18 ERROR /home/bsc03/bsc03353/forge/src/dispatcher/posix.c:61 140468629444352: r->filehandle = 36, r->size = 32768, r->offset = 12517376
14:50:18 ERROR /home/bsc03/bsc03353/forge/src/dispatcher/posix.c:62 140468629444352: single write -1 of expected 32768
14:50:19 ERROR /home/bsc03/bsc03353/forge/src/dispatcher/posix.c:61 140277695616768: r->filehandle = 36, r->size = 32768, r->offset = 20512768
14:50:19 ERROR /home/bsc03/bsc03353/forge/src/dispatcher/posix.c:62 140277695616768: single write -1 of expected 32768
14:50:20 ERROR /home/bsc03/bsc03353/forge/src/dispatcher/posix.c:61 140303465469696: r->filehandle = 36, r->size = 32768, r->offset = 24117248
14:50:20 ERROR /home/bsc03/bsc03353/forge/src/dispatcher/posix.c:62 140303465469696: single write -1 of expected 32768
14:50:23 ERROR /home/bsc03/bsc03353/forge/src/dispatcher/posix.c:61 140050867345152: r->filehandle = 36, r->size = 32768, r->offset = 46858240
14:50:23 ERROR /home/bsc03/bsc03353/forge/src/dispatcher/posix.c:62 140050867345152: single write -1 of expected 32768
14:50:27 ERROR /home/bsc03/bsc03353/forge/src/dispatcher/posix.c:61 140294875518720: r->filehandle = 36, r->size = 32768, r->offset = 22839296
14:50:27 ERROR /home/bsc03/bsc03353/forge/src/dispatcher/posix.c:62 140294875518720: single write -1 of expected 32768
14:50:27 ERROR /home/bsc03/bsc03353/forge/src/dispatcher/posix.c:61 140065899759360: r->filehandle = 36, r->size = 32768, r->offset = 45088768
14:50:27 ERROR /home/bsc03/bsc03353/forge/src/dispatcher/posix.c:62 140065899759360: single write -1 of expected 32768
14:50:29 ERROR /home/bsc03/bsc03353/forge/src/dispatcher/posix.c:61 140044424881920: r->filehandle = 36, r->size = 32768, r->offset = 46792704
14:50:29 ERROR /home/bsc03/bsc03353/forge/src/dispatcher/posix.c:62 140044424881920: single write -1 of expected 32768
14:50:33 ERROR /home/bsc03/bsc03353/forge/src/dispatcher/posix.c:61 140301317981952: r->filehandle = 36, r->size = 32768, r->offset = 20414464
14:50:33 ERROR /home/bsc03/bsc03353/forge/src/dispatcher/posix.c:62 140301317981952: single write -1 of expected 32768
14:50:35 ERROR /home/bsc03/bsc03353/forge/src/dispatcher/posix.c:61 140290580543232: r->filehandle = 36, r->size = 32768, r->offset = 18907136
14:50:35 ERROR /home/bsc03/bsc03353/forge/src/dispatcher/posix.c:62 140290580543232: single write -1 of expected 32768
14:50:37 ERROR /home/bsc03/bsc03353/forge/src/dispatcher/posix.c:61 140286285567744: r->filehandle = 36, r->size = 32768, r->offset = 20152320
14:50:37 ERROR /home/bsc03/bsc03353/forge/src/dispatcher/posix.c:62 140286285567744: single write -1 of expected 32768
14:50:40 ERROR /home/bsc03/bsc03353/forge/src/dispatcher/posix.c:61 140305612957440: r->filehandle = 36, r->size = 32768, r->offset = 22085632
14:50:40 ERROR /home/bsc03/bsc03353/forge/src/dispatcher/posix.c:62 140305612957440: single write -1 of expected 32768
14:50:40 ERROR /home/bsc03/bsc03353/forge/src/dispatcher/posix.c:61 140279843104512: r->filehandle = 36, r->size = 32768, r->offset = 24313856
14:50:40 ERROR /home/bsc03/bsc03353/forge/src/dispatcher/posix.c:62 140279843104512: single write -1 of expected 32768
14:50:42 ERROR /home/bsc03/bsc03353/forge/src/dispatcher/posix.c:61 139694735095552: r->filehandle = 36, r->size = 32768, r->offset = 38928384
14:50:42 ERROR /home/bsc03/bsc03353/forge/src/dispatcher/posix.c:62 139694735095552: single write -1 of expected 32768
14:50:43 ERROR /home/bsc03/bsc03353/forge/src/dispatcher/posix.c:61 140284565726976: r->filehandle = 36, r->size = 32768, r->offset = 35553280
14:50:43 ERROR /home/bsc03/bsc03353/forge/src/dispatcher/posix.c:62 140284565726976: single write -1 of expected 32768
14:50:44 ERROR /home/bsc03/bsc03353/forge/src/dispatcher/posix.c:61 139858893006592: r->filehandle = 35, r->size = 32768, r->offset = 2392064
14:50:44 ERROR /home/bsc03/bsc03353/forge/src/dispatcher/posix.c:62 139858893006592: single write -1 of expected 32768
14:50:46 ERROR /home/bsc03/bsc03353/forge/src/dispatcher/posix.c:61 139869630445312: r->filehandle = 35, r->size = 32768, r->offset = 4325376
14:50:46 ERROR /home/bsc03/bsc03353/forge/src/dispatcher/posix.c:62 139869630445312: single write -1 of expected 32768
14:50:47 ERROR /home/bsc03/bsc03353/forge/src/dispatcher/posix.c:61 139863187982080: r->filehandle = 35, r->size = 32768, r->offset = 3440640
14:50:47 ERROR /home/bsc03/bsc03353/forge/src/dispatcher/posix.c:62 139863187982080: single write -1 of expected 32768
14:50:48 ERROR /home/bsc03/bsc03353/forge/src/dispatcher/posix.c:61 139861040494336: r->filehandle = 35, r->size = 32768, r->offset = 5734400
14:50:48 ERROR /home/bsc03/bsc03353/forge/src/dispatcher/posix.c:62 139861040494336: single write -1 of expected 32768
14:50:54 ERROR /home/bsc03/bsc03353/forge/src/dispatcher/posix.c:61 139876072908544: r->filehandle = 35, r->size = 32768, r->offset = 1310720
14:50:54 ERROR /home/bsc03/bsc03353/forge/src/dispatcher/posix.c:62 139876072908544: single write -1 of expected 32768
--------------------------------------------------------------------------
ORTE has lost communication with a remote daemon.

  HNP daemon   : [[20835,0],0] on node s03r2b50
  Remote daemon: [[20835,0],4] on node s03r2b57

This is usually due to either a failure of the TCP network
connection to the node, or possibly an internal failure of
the daemon itself. We cannot recover from this failure, and
therefore will terminate the job.
--------------------------------------------------------------------------
slurmstepd: error: *** JOB 8737170 ON s03r2b50 CANCELLED AT 2020-02-07T14:50:57 DUE TO TIME LIMIT ***
slurmstepd: error: proctrack_p_wait: Unable to destroy container 34029 in cgroup plugin, giving up after 128 sec
