Set GCC compilers as MPI wrappers backend 
remove openmpi/4.0.2_UCX (PATH, MANPATH, LD_LIBRARY_PATH) 
load openmpi/4.0.2_UCX (PATH, MANPATH, LD_LIBRARY_PATH) 
Set GCC compilers as MPI wrappers backend 
load gsl/2.4 (PATH, LD_LIBRARY_PATH, LIBRARY_PATH, MANPATH, INFOPATH,
C_INCLUDE_PATH, CPLUS_INCLUDE_PATH, PKG_CONFIG_PATH, GSL_DIR) 
20:37:41 INFO  /home/bsc03/bsc03353/forge/src/main.c:107 140159696496704: I/O Forwarding Exploration [START]
Will AGIOS generate trace files? NO
Default scheduling algorithm: TO
TWINS window size: 1000000
Will the Prediction Module read information from trace files? NO
File with access time functions: /home/bsc03/bsc03353/forge/agios/access_times.func
AGIOS thinks its user has stripe size of 32768
20:41:59 ERROR /home/bsc03/bsc03353/forge/src/dispatcher/posix.c:61 140152611059456: r->filehandle = 303, r->size = 1048576, r->offset = 0
20:41:59 ERROR /home/bsc03/bsc03353/forge/src/dispatcher/posix.c:62 140152611059456: single write -1 of expected 1048576
20:42:00 ERROR /home/bsc03/bsc03353/forge/src/dispatcher/posix.c:61 140124693718784: r->filehandle = 410, r->size = 1048576, r->offset = 0
20:42:00 ERROR /home/bsc03/bsc03353/forge/src/dispatcher/posix.c:62 140124693718784: single write -1 of expected 1048576
20:42:01 ERROR /home/bsc03/bsc03353/forge/src/dispatcher/posix.c:61 140133283669760: r->filehandle = 83, r->size = 1048576, r->offset = 0
20:42:01 ERROR /home/bsc03/bsc03353/forge/src/dispatcher/posix.c:62 140133283669760: single write -1 of expected 1048576
20:42:01 ERROR /home/bsc03/bsc03353/forge/src/dispatcher/posix.c:61 140135431157504: r->filehandle = 127, r->size = 1048576, r->offset = 0
20:42:01 ERROR /home/bsc03/bsc03353/forge/src/dispatcher/posix.c:62 140135431157504: single write -1 of expected 1048576
20:42:02 ERROR /home/bsc03/bsc03353/forge/src/dispatcher/posix.c:61 140120398743296: r->filehandle = 322, r->size = 1048576, r->offset = 0
20:42:02 ERROR /home/bsc03/bsc03353/forge/src/dispatcher/posix.c:62 140120398743296: single write -1 of expected 1048576
20:42:02 ERROR /home/bsc03/bsc03353/forge/src/dispatcher/posix.c:61 140152611059456: r->filehandle = 37, r->size = 1048576, r->offset = 0
20:42:02 ERROR /home/bsc03/bsc03353/forge/src/dispatcher/posix.c:62 140152611059456: single write -1 of expected 1048576
20:42:03 ERROR /home/bsc03/bsc03353/forge/src/dispatcher/posix.c:61 140128988694272: r->filehandle = 249, r->size = 1048576, r->offset = 0
20:42:03 ERROR /home/bsc03/bsc03353/forge/src/dispatcher/posix.c:62 140128988694272: single write -1 of expected 1048576
20:42:04 ERROR /home/bsc03/bsc03353/forge/src/dispatcher/posix.c:61 140150463571712: r->filehandle = 36, r->size = 1048576, r->offset = 0
20:42:04 ERROR /home/bsc03/bsc03353/forge/src/dispatcher/posix.c:62 140150463571712: single write -1 of expected 1048576
20:42:05 ERROR /home/bsc03/bsc03353/forge/src/dispatcher/posix.c:61 140146168596224: r->filehandle = 413, r->size = 1048576, r->offset = 0
20:42:05 ERROR /home/bsc03/bsc03353/forge/src/dispatcher/posix.c:62 140146168596224: single write -1 of expected 1048576
20:42:07 ERROR /home/bsc03/bsc03353/forge/src/dispatcher/posix.c:61 140124693718784: r->filehandle = 166, r->size = 1048576, r->offset = 0
20:42:07 ERROR /home/bsc03/bsc03353/forge/src/dispatcher/posix.c:62 140124693718784: single write -1 of expected 1048576
20:42:07 ERROR /home/bsc03/bsc03353/forge/src/dispatcher/posix.c:61 140150463571712: r->filehandle = 310, r->size = 1048576, r->offset = 0
20:42:07 ERROR /home/bsc03/bsc03353/forge/src/dispatcher/posix.c:62 140150463571712: single write -1 of expected 1048576
20:42:08 ERROR /home/bsc03/bsc03353/forge/src/dispatcher/posix.c:61 140122546231040: r->filehandle = 405, r->size = 1048576, r->offset = 0
20:42:08 ERROR /home/bsc03/bsc03353/forge/src/dispatcher/posix.c:62 140122546231040: single write -1 of expected 1048576
20:42:09 ERROR /home/bsc03/bsc03353/forge/src/dispatcher/posix.c:61 140146168596224: r->filehandle = 266, r->size = 1048576, r->offset = 0
20:42:09 ERROR /home/bsc03/bsc03353/forge/src/dispatcher/posix.c:62 140146168596224: single write -1 of expected 1048576
20:42:09 ERROR /home/bsc03/bsc03353/forge/src/dispatcher/posix.c:61 140152611059456: r->filehandle = 77, r->size = 1048576, r->offset = 0
20:42:09 ERROR /home/bsc03/bsc03353/forge/src/dispatcher/posix.c:62 140152611059456: single write -1 of expected 1048576
20:42:10 ERROR /home/bsc03/bsc03353/forge/src/dispatcher/posix.c:61 140133283669760: r->filehandle = 351, r->size = 1048576, r->offset = 0
20:42:10 ERROR /home/bsc03/bsc03353/forge/src/dispatcher/posix.c:62 140133283669760: single write -1 of expected 1048576
20:42:11 ERROR /home/bsc03/bsc03353/forge/src/dispatcher/posix.c:61 140122546231040: r->filehandle = 282, r->size = 1048576, r->offset = 0
20:42:11 ERROR /home/bsc03/bsc03353/forge/src/dispatcher/posix.c:62 140122546231040: single write -1 of expected 1048576
20:42:12 ERROR /home/bsc03/bsc03353/forge/src/dispatcher/posix.c:61 140128988694272: r->filehandle = 253, r->size = 1048576, r->offset = 0
20:42:12 ERROR /home/bsc03/bsc03353/forge/src/dispatcher/posix.c:62 140128988694272: single write -1 of expected 1048576
20:42:14 ERROR /home/bsc03/bsc03353/forge/src/dispatcher/posix.c:61 140139726132992: r->filehandle = 153, r->size = 1048576, r->offset = 0
20:42:14 ERROR /home/bsc03/bsc03353/forge/src/dispatcher/posix.c:62 140139726132992: single write -1 of expected 1048576
20:42:18 ERROR /home/bsc03/bsc03353/forge/src/dispatcher/posix.c:61 140146168596224: r->filehandle = 301, r->size = 1048576, r->offset = 0
20:42:18 ERROR /home/bsc03/bsc03353/forge/src/dispatcher/posix.c:62 140146168596224: single write -1 of expected 1048576
20:42:19 ERROR /home/bsc03/bsc03353/forge/src/dispatcher/posix.c:61 140126841206528: r->filehandle = 416, r->size = 1048576, r->offset = 0
20:42:19 ERROR /home/bsc03/bsc03353/forge/src/dispatcher/posix.c:62 140126841206528: single write -1 of expected 1048576
20:42:20 ERROR /home/bsc03/bsc03353/forge/src/dispatcher/posix.c:61 140139726132992: r->filehandle = 368, r->size = 1048576, r->offset = 0
20:42:20 ERROR /home/bsc03/bsc03353/forge/src/dispatcher/posix.c:62 140139726132992: single write -1 of expected 1048576
20:42:20 ERROR /home/bsc03/bsc03353/forge/src/dispatcher/posix.c:61 140137578645248: r->filehandle = 418, r->size = 1048576, r->offset = 0
20:42:20 ERROR /home/bsc03/bsc03353/forge/src/dispatcher/posix.c:62 140137578645248: single write -1 of expected 1048576
20:42:21 ERROR /home/bsc03/bsc03353/forge/src/dispatcher/posix.c:61 140148316083968: r->filehandle = 331, r->size = 1048576, r->offset = 0
20:42:21 ERROR /home/bsc03/bsc03353/forge/src/dispatcher/posix.c:62 140148316083968: single write -1 of expected 1048576
20:42:22 ERROR /home/bsc03/bsc03353/forge/src/dispatcher/posix.c:61 140124693718784: r->filehandle = 162, r->size = 1048576, r->offset = 0
20:42:22 ERROR /home/bsc03/bsc03353/forge/src/dispatcher/posix.c:62 140124693718784: single write -1 of expected 1048576
20:42:22 ERROR /home/bsc03/bsc03353/forge/src/dispatcher/posix.c:61 140128988694272: r->filehandle = 35, r->size = 1048576, r->offset = 0
20:42:22 ERROR /home/bsc03/bsc03353/forge/src/dispatcher/posix.c:62 140128988694272: single write -1 of expected 1048576
20:42:23 ERROR /home/bsc03/bsc03353/forge/src/dispatcher/posix.c:61 140141873620736: r->filehandle = 99, r->size = 1048576, r->offset = 0
20:42:23 ERROR /home/bsc03/bsc03353/forge/src/dispatcher/posix.c:62 140141873620736: single write -1 of expected 1048576
20:42:24 ERROR /home/bsc03/bsc03353/forge/src/dispatcher/posix.c:61 140122546231040: r->filehandle = 348, r->size = 1048576, r->offset = 0
20:42:24 ERROR /home/bsc03/bsc03353/forge/src/dispatcher/posix.c:62 140122546231040: single write -1 of expected 1048576
20:42:25 ERROR /home/bsc03/bsc03353/forge/src/dispatcher/posix.c:61 140124693718784: r->filehandle = 221, r->size = 1048576, r->offset = 0
20:42:25 ERROR /home/bsc03/bsc03353/forge/src/dispatcher/posix.c:62 140124693718784: single write -1 of expected 1048576
20:42:25 ERROR /home/bsc03/bsc03353/forge/src/dispatcher/posix.c:61 140120398743296: r->filehandle = 39, r->size = 1048576, r->offset = 0
20:42:25 ERROR /home/bsc03/bsc03353/forge/src/dispatcher/posix.c:62 140120398743296: single write -1 of expected 1048576
20:42:26 ERROR /home/bsc03/bsc03353/forge/src/dispatcher/posix.c:61 140150463571712: r->filehandle = 154, r->size = 1048576, r->offset = 0
20:42:26 ERROR /home/bsc03/bsc03353/forge/src/dispatcher/posix.c:62 140150463571712: single write -1 of expected 1048576
20:42:28 ERROR /home/bsc03/bsc03353/forge/src/dispatcher/posix.c:61 140146168596224: r->filehandle = 41, r->size = 1048576, r->offset = 0
20:42:28 ERROR /home/bsc03/bsc03353/forge/src/dispatcher/posix.c:62 140146168596224: single write -1 of expected 1048576
20:42:29 ERROR /home/bsc03/bsc03353/forge/src/dispatcher/posix.c:61 140152611059456: r->filehandle = 206, r->size = 1048576, r->offset = 0
20:42:29 ERROR /home/bsc03/bsc03353/forge/src/dispatcher/posix.c:62 140152611059456: single write -1 of expected 1048576
slurmstepd: error: *** JOB 8724778 ON s06r1b36 CANCELLED AT 2020-02-06T20:42:30 DUE TO TIME LIMIT ***
--------------------------------------------------------------------------
ORTE has lost communication with a remote daemon.

  HNP daemon   : [[19838,0],0] on node s06r1b36
  Remote daemon: [[19838,0],23] on node s15r1b20

This is usually due to either a failure of the TCP network
connection to the node, or possibly an internal failure of
the daemon itself. We cannot recover from this failure, and
therefore will terminate the job.
--------------------------------------------------------------------------
