Set GCC compilers as MPI wrappers backend 
remove impi/2017.4 (PATH, MANPATH, LD_LIBRARY_PATH) 
load openmpi/4.0.2_UCX (PATH, MANPATH, LD_LIBRARY_PATH) 
Set GCC compilers as MPI wrappers backend 
load gsl/2.4 (PATH, LD_LIBRARY_PATH, LIBRARY_PATH, MANPATH, INFOPATH,
C_INCLUDE_PATH, CPLUS_INCLUDE_PATH, PKG_CONFIG_PATH, GSL_DIR) 
15:20:56 INFO  /home/bsc03/bsc03353/forge/src/main.c:107 140446218266688: I/O Forwarding Exploration [START]
Will AGIOS generate trace files? NO
Default scheduling algorithm: TO
TWINS window size: 1000000
Will the Prediction Module read information from trace files? NO
File with access time functions: /home/bsc03/bsc03353/forge/agios/access_times.func
AGIOS thinks its user has stripe size of 32768
Will AGIOS generate trace files? NO
Default scheduling algorithm: TO
TWINS window size: 1000000
Will the Prediction Module read information from trace files? NO
File with access time functions: /home/bsc03/bsc03353/forge/agios/access_times.func
AGIOS thinks its user has stripe size of 32768
Will AGIOS generate trace files? NO
Default scheduling algorithm: TO
TWINS window size: 1000000
Will the Prediction Module read information from trace files? NO
File with access time functions: /home/bsc03/bsc03353/forge/agios/access_times.func
AGIOS thinks its user has stripe size of 32768
Will AGIOS generate trace files? NO
Default scheduling algorithm: TO
TWINS window size: 1000000
Will the Prediction Module read information from trace files? NO
File with access time functions: /home/bsc03/bsc03353/forge/agios/access_times.func
AGIOS thinks its user has stripe size of 32768
15:25:25 ERROR /home/bsc03/bsc03353/forge/src/dispatcher/posix.c:61 139699372168960: r->filehandle = 81, r->size = 4194304, r->offset = 0
15:25:25 ERROR /home/bsc03/bsc03353/forge/src/dispatcher/posix.c:62 139699372168960: single write -1 of expected 4194304
15:25:26 ERROR /home/bsc03/bsc03353/forge/src/dispatcher/posix.c:61 140434798106368: r->filehandle = 80, r->size = 4194304, r->offset = 0
15:25:26 ERROR /home/bsc03/bsc03353/forge/src/dispatcher/posix.c:62 140434798106368: single write -1 of expected 4194304
15:25:29 ERROR /home/bsc03/bsc03353/forge/src/dispatcher/posix.c:61 140415470716672: r->filehandle = 79, r->size = 4194304, r->offset = 0
15:25:29 ERROR /home/bsc03/bsc03353/forge/src/dispatcher/posix.c:62 140415470716672: single write -1 of expected 4194304
15:25:30 ERROR /home/bsc03/bsc03353/forge/src/dispatcher/posix.c:61 139712257095424: r->filehandle = 40, r->size = 4194304, r->offset = 0
15:25:30 ERROR /home/bsc03/bsc03353/forge/src/dispatcher/posix.c:62 139712257095424: single write -1 of expected 4194304
15:25:30 ERROR /home/bsc03/bsc03353/forge/src/dispatcher/posix.c:61 140417618204416: r->filehandle = 73, r->size = 4194304, r->offset = 0
15:25:30 ERROR /home/bsc03/bsc03353/forge/src/dispatcher/posix.c:62 140417618204416: single write -1 of expected 4194304
15:25:31 ERROR /home/bsc03/bsc03353/forge/src/dispatcher/posix.c:61 139697224681216: r->filehandle = 58, r->size = 4194304, r->offset = 0
15:25:31 ERROR /home/bsc03/bsc03353/forge/src/dispatcher/posix.c:62 139697224681216: single write -1 of expected 4194304
15:25:31 ERROR /home/bsc03/bsc03353/forge/src/dispatcher/posix.c:61 140439093081856: r->filehandle = 43, r->size = 4194304, r->offset = 0
15:25:31 ERROR /home/bsc03/bsc03353/forge/src/dispatcher/posix.c:62 140439093081856: single write -1 of expected 4194304
15:25:32 ERROR /home/bsc03/bsc03353/forge/src/dispatcher/posix.c:61 140492371396352: r->filehandle = 82, r->size = 4194304, r->offset = 0
15:25:32 ERROR /home/bsc03/bsc03353/forge/src/dispatcher/posix.c:62 140492371396352: single write -1 of expected 4194304
15:25:33 ERROR /home/bsc03/bsc03353/forge/src/dispatcher/posix.c:61 140413323228928: r->filehandle = 37, r->size = 4194304, r->offset = 0
15:25:33 ERROR /home/bsc03/bsc03353/forge/src/dispatcher/posix.c:62 140413323228928: single write -1 of expected 4194304
15:25:34 ERROR /home/bsc03/bsc03353/forge/src/dispatcher/posix.c:61 140477338982144: r->filehandle = 73, r->size = 4194304, r->offset = 0
15:25:34 ERROR /home/bsc03/bsc03353/forge/src/dispatcher/posix.c:61 139707962119936: r->filehandle = 77, r->size = 4194304, r->offset = 0
15:25:34 ERROR /home/bsc03/bsc03353/forge/src/dispatcher/posix.c:62 140477338982144: single write -1 of expected 4194304
15:25:34 ERROR /home/bsc03/bsc03353/forge/src/dispatcher/posix.c:62 139707962119936: single write -1 of expected 4194304
15:25:35 ERROR /home/bsc03/bsc03353/forge/src/dispatcher/posix.c:61 140415470716672: r->filehandle = 76, r->size = 4194304, r->offset = 0
15:25:35 ERROR /home/bsc03/bsc03353/forge/src/dispatcher/posix.c:62 140415470716672: single write -1 of expected 4194304
15:25:35 ERROR /home/bsc03/bsc03353/forge/src/dispatcher/posix.c:61 139712257095424: r->filehandle = 38, r->size = 4194304, r->offset = 0
15:25:35 ERROR /home/bsc03/bsc03353/forge/src/dispatcher/posix.c:62 139712257095424: single write -1 of expected 4194304
15:25:37 ERROR /home/bsc03/bsc03353/forge/src/dispatcher/posix.c:61 140542707418880: r->filehandle = 82, r->size = 4194304, r->offset = 0
15:25:37 ERROR /home/bsc03/bsc03353/forge/src/dispatcher/posix.c:62 140542707418880: single write -1 of expected 4194304
15:25:39 ERROR /home/bsc03/bsc03353/forge/src/dispatcher/posix.c:61 140419765692160: r->filehandle = 52, r->size = 4194304, r->offset = 0
15:25:39 ERROR /home/bsc03/bsc03353/forge/src/dispatcher/posix.c:62 140419765692160: single write -1 of expected 4194304
15:25:39 ERROR /home/bsc03/bsc03353/forge/src/dispatcher/posix.c:61 139714404583168: r->filehandle = 74, r->size = 4194304, r->offset = 0
15:25:39 ERROR /home/bsc03/bsc03353/forge/src/dispatcher/posix.c:62 139714404583168: single write -1 of expected 4194304
15:25:39 ERROR /home/bsc03/bsc03353/forge/src/dispatcher/posix.c:61 140481633957632: r->filehandle = 41, r->size = 4194304, r->offset = 0
15:25:39 ERROR /home/bsc03/bsc03353/forge/src/dispatcher/posix.c:62 140481633957632: single write -1 of expected 4194304
15:25:42 ERROR /home/bsc03/bsc03353/forge/src/dispatcher/posix.c:61 140523380029184: r->filehandle = 83, r->size = 4194304, r->offset = 0
15:25:42 ERROR /home/bsc03/bsc03353/forge/src/dispatcher/posix.c:62 140523380029184: single write -1 of expected 4194304
15:25:42 ERROR /home/bsc03/bsc03353/forge/src/dispatcher/posix.c:61 140406880765696: r->filehandle = 75, r->size = 4194304, r->offset = 0
15:25:42 ERROR /home/bsc03/bsc03353/forge/src/dispatcher/posix.c:62 140406880765696: single write -1 of expected 4194304
15:25:43 ERROR /home/bsc03/bsc03353/forge/src/dispatcher/posix.c:61 140527675004672: r->filehandle = 66, r->size = 4194304, r->offset = 0
15:25:43 ERROR /home/bsc03/bsc03353/forge/src/dispatcher/posix.c:61 139720847046400: r->filehandle = 76, r->size = 4194304, r->offset = 0
15:25:43 ERROR /home/bsc03/bsc03353/forge/src/dispatcher/posix.c:62 140527675004672: single write -1 of expected 4194304
15:25:43 ERROR /home/bsc03/bsc03353/forge/src/dispatcher/posix.c:62 139720847046400: single write -1 of expected 4194304
slurmstepd: error: *** JOB 8737366 ON s19r2b51 CANCELLED AT 2020-02-07T15:25:43 DUE TO TIME LIMIT ***
--------------------------------------------------------------------------
ORTE has lost communication with a remote daemon.

  HNP daemon   : [[34474,0],0] on node s19r2b51
  Remote daemon: [[34474,0],3] on node s19r2b54

This is usually due to either a failure of the TCP network
connection to the node, or possibly an internal failure of
the daemon itself. We cannot recover from this failure, and
therefore will terminate the job.
--------------------------------------------------------------------------
