Set GCC compilers as MPI wrappers backend 
remove impi/2017.4 (PATH, MANPATH, LD_LIBRARY_PATH) 
load openmpi/4.0.2_UCX (PATH, MANPATH, LD_LIBRARY_PATH) 
Set GCC compilers as MPI wrappers backend 
load gsl/2.4 (PATH, LD_LIBRARY_PATH, LIBRARY_PATH, MANPATH, INFOPATH,
C_INCLUDE_PATH, CPLUS_INCLUDE_PATH, PKG_CONFIG_PATH, GSL_DIR) 
15:21:02 INFO  /home/bsc03/bsc03353/forge/src/main.c:107 140520460331072: I/O Forwarding Exploration [START]
Will AGIOS generate trace files? NO
Default scheduling algorithm: TO
TWINS window size: 1000000
Will the Prediction Module read information from trace files? NO
File with access time functions: /home/bsc03/bsc03353/forge/agios/access_times.func
AGIOS thinks its user has stripe size of 32768
Will AGIOS generate trace files? NO
Default scheduling algorithm: TO
TWINS window size: 1000000
Will the Prediction Module read information from trace files? NO
File with access time functions: /home/bsc03/bsc03353/forge/agios/access_times.func
AGIOS thinks its user has stripe size of 32768
Will AGIOS generate trace files? NO
Default scheduling algorithm: TO
TWINS window size: 1000000
Will the Prediction Module read information from trace files? NO
File with access time functions: /home/bsc03/bsc03353/forge/agios/access_times.func
AGIOS thinks its user has stripe size of 32768
Will AGIOS generate trace files? NO
Default scheduling algorithm: TO
TWINS window size: 1000000
Will the Prediction Module read information from trace files? NO
File with access time functions: /home/bsc03/bsc03353/forge/agios/access_times.func
AGIOS thinks its user has stripe size of 32768
15:21:37 ERROR /home/bsc03/bsc03353/forge/src/dispatcher/posix.c:61 140399090153216: r->filehandle = 36, r->size = 524288, r->offset = 89391104000
15:21:37 ERROR /home/bsc03/bsc03353/forge/src/dispatcher/posix.c:62 140399090153216: single write -1 of expected 524288
15:21:44 ERROR /home/bsc03/bsc03353/forge/src/dispatcher/posix.c:61 140396942665472: r->filehandle = 36, r->size = 524288, r->offset = 91178926080
15:21:44 ERROR /home/bsc03/bsc03353/forge/src/dispatcher/posix.c:62 140396942665472: single write -1 of expected 524288
15:21:45 ERROR /home/bsc03/bsc03353/forge/src/dispatcher/posix.c:61 139784670947072: r->filehandle = 36, r->size = 524288, r->offset = 60785950720
15:21:45 ERROR /home/bsc03/bsc03353/forge/src/dispatcher/posix.c:62 139784670947072: single write -1 of expected 524288
15:21:48 ERROR /home/bsc03/bsc03353/forge/src/dispatcher/posix.c:61 140502637573888: r->filehandle = 35, r->size = 524288, r->offset = 3575644160
15:21:48 ERROR /home/bsc03/bsc03353/forge/src/dispatcher/posix.c:62 140502637573888: single write -1 of expected 524288
15:21:49 ERROR /home/bsc03/bsc03353/forge/src/dispatcher/posix.c:61 140386205226752: r->filehandle = 36, r->size = 524288, r->offset = 86530588672
15:21:49 ERROR /home/bsc03/bsc03353/forge/src/dispatcher/posix.c:62 140386205226752: single write -1 of expected 524288
15:21:58 ERROR /home/bsc03/bsc03353/forge/src/dispatcher/posix.c:61 140458453747456: r->filehandle = 36, r->size = 524288, r->offset = 136947171328
15:21:58 ERROR /home/bsc03/bsc03353/forge/src/dispatcher/posix.c:62 140458453747456: single write -1 of expected 524288
15:22:05 ERROR /home/bsc03/bsc03353/forge/src/dispatcher/posix.c:61 140436978870016: r->filehandle = 36, r->size = 524288, r->offset = 115135741952
15:22:05 ERROR /home/bsc03/bsc03353/forge/src/dispatcher/posix.c:62 140436978870016: single write -1 of expected 524288
15:22:07 ERROR /home/bsc03/bsc03353/forge/src/dispatcher/posix.c:61 140460601235200: r->filehandle = 36, r->size = 524288, r->offset = 110129840128
15:22:07 ERROR /home/bsc03/bsc03353/forge/src/dispatcher/posix.c:62 140460601235200: single write -1 of expected 524288
15:22:14 ERROR /home/bsc03/bsc03353/forge/src/dispatcher/posix.c:61 140447716308736: r->filehandle = 36, r->size = 524288, r->offset = 130511011840
15:22:14 ERROR /home/bsc03/bsc03353/forge/src/dispatcher/posix.c:62 140447716308736: single write -1 of expected 524288
15:22:17 ERROR /home/bsc03/bsc03353/forge/src/dispatcher/posix.c:61 140439126357760: r->filehandle = 36, r->size = 524288, r->offset = 112275226624
15:22:17 ERROR /home/bsc03/bsc03353/forge/src/dispatcher/posix.c:62 140439126357760: single write -1 of expected 524288
15:22:24 ERROR /home/bsc03/bsc03353/forge/src/dispatcher/posix.c:61 140430536406784: r->filehandle = 36, r->size = 524288, r->offset = 134444220416
15:22:24 ERROR /home/bsc03/bsc03353/forge/src/dispatcher/posix.c:62 140430536406784: single write -1 of expected 524288
15:22:29 ERROR /home/bsc03/bsc03353/forge/src/dispatcher/posix.c:61 140445568820992: r->filehandle = 36, r->size = 524288, r->offset = 135516913664
15:22:29 ERROR /home/bsc03/bsc03353/forge/src/dispatcher/posix.c:62 140445568820992: single write -1 of expected 524288
15:22:40 ERROR /home/bsc03/bsc03353/forge/src/dispatcher/posix.c:61 140428388919040: r->filehandle = 36, r->size = 524288, r->offset = 109414711296
15:22:40 ERROR /home/bsc03/bsc03353/forge/src/dispatcher/posix.c:62 140428388919040: single write -1 of expected 524288
15:22:50 ERROR /home/bsc03/bsc03353/forge/src/dispatcher/posix.c:61 140454158771968: r->filehandle = 36, r->size = 524288, r->offset = 135159349248
15:22:50 ERROR /home/bsc03/bsc03353/forge/src/dispatcher/posix.c:62 140454158771968: single write -1 of expected 524288
15:22:58 ERROR /home/bsc03/bsc03353/forge/src/dispatcher/posix.c:61 140452011284224: r->filehandle = 36, r->size = 524288, r->offset = 134801784832
15:22:58 ERROR /home/bsc03/bsc03353/forge/src/dispatcher/posix.c:62 140452011284224: single write -1 of expected 524288
15:22:59 ERROR /home/bsc03/bsc03353/forge/src/dispatcher/posix.c:61 140432683894528: r->filehandle = 36, r->size = 524288, r->offset = 107626889216
15:22:59 ERROR /home/bsc03/bsc03353/forge/src/dispatcher/posix.c:62 140432683894528: single write -1 of expected 524288
15:23:03 ERROR /home/bsc03/bsc03353/forge/src/dispatcher/posix.c:61 140434831382272: r->filehandle = 36, r->size = 524288, r->offset = 106554195968
15:23:03 ERROR /home/bsc03/bsc03353/forge/src/dispatcher/posix.c:62 140434831382272: single write -1 of expected 524288
15:23:11 ERROR /home/bsc03/bsc03353/forge/src/dispatcher/posix.c:61 140456306259712: r->filehandle = 36, r->size = 524288, r->offset = 136589606912
15:23:11 ERROR /home/bsc03/bsc03353/forge/src/dispatcher/posix.c:62 140456306259712: single write -1 of expected 524288
15:23:13 ERROR /home/bsc03/bsc03353/forge/src/dispatcher/posix.c:61 140443421333248: r->filehandle = 36, r->size = 524288, r->offset = 135874478080
15:23:13 ERROR /home/bsc03/bsc03353/forge/src/dispatcher/posix.c:62 140443421333248: single write -1 of expected 524288
15:23:22 ERROR /home/bsc03/bsc03353/forge/src/dispatcher/posix.c:61 140441273845504: r->filehandle = 36, r->size = 524288, r->offset = 108699582464
15:23:22 ERROR /home/bsc03/bsc03353/forge/src/dispatcher/posix.c:62 140441273845504: single write -1 of expected 524288
15:23:23 ERROR /home/bsc03/bsc03353/forge/src/dispatcher/posix.c:61 140449863796480: r->filehandle = 36, r->size = 524288, r->offset = 129080754176
15:23:23 ERROR /home/bsc03/bsc03353/forge/src/dispatcher/posix.c:62 140449863796480: single write -1 of expected 524288
15:23:26 ERROR /home/bsc03/bsc03353/forge/src/dispatcher/posix.c:61 140409827591936: r->filehandle = 36, r->size = 524288, r->offset = 84385202176
15:23:26 ERROR /home/bsc03/bsc03353/forge/src/dispatcher/posix.c:62 140409827591936: single write -1 of expected 524288
15:23:29 ERROR /home/bsc03/bsc03353/forge/src/dispatcher/posix.c:61 140401237640960: r->filehandle = 36, r->size = 524288, r->offset = 90106232832
15:23:29 ERROR /home/bsc03/bsc03353/forge/src/dispatcher/posix.c:62 140401237640960: single write -1 of expected 524288
15:23:30 ERROR /home/bsc03/bsc03353/forge/src/dispatcher/posix.c:61 140500490086144: r->filehandle = 35, r->size = 524288, r->offset = 27532460032
15:23:30 ERROR /home/bsc03/bsc03353/forge/src/dispatcher/posix.c:62 140500490086144: single write -1 of expected 524288
15:23:35 ERROR /home/bsc03/bsc03353/forge/src/dispatcher/posix.c:61 140381910251264: r->filehandle = 36, r->size = 524288, r->offset = 94754570240
15:23:35 ERROR /home/bsc03/bsc03353/forge/src/dispatcher/posix.c:62 140381910251264: single write -1 of expected 524288
15:23:39 ERROR /home/bsc03/bsc03353/forge/src/dispatcher/posix.c:61 140392647689984: r->filehandle = 36, r->size = 524288, r->offset = 91536490496
15:23:39 ERROR /home/bsc03/bsc03353/forge/src/dispatcher/posix.c:62 140392647689984: single write -1 of expected 524288
15:23:50 ERROR /home/bsc03/bsc03353/forge/src/dispatcher/posix.c:61 140405532616448: r->filehandle = 36, r->size = 524288, r->offset = 88675975168
15:23:50 ERROR /home/bsc03/bsc03353/forge/src/dispatcher/posix.c:62 140405532616448: single write -1 of expected 524288
15:23:54 ERROR /home/bsc03/bsc03353/forge/src/dispatcher/posix.c:61 140403385128704: r->filehandle = 36, r->size = 524288, r->offset = 96899956736
15:23:54 ERROR /home/bsc03/bsc03353/forge/src/dispatcher/posix.c:62 140403385128704: single write -1 of expected 524288
15:23:58 ERROR /home/bsc03/bsc03353/forge/src/dispatcher/posix.c:61 140411975079680: r->filehandle = 36, r->size = 524288, r->offset = 90821361664
15:23:58 ERROR /home/bsc03/bsc03353/forge/src/dispatcher/posix.c:62 140411975079680: single write -1 of expected 524288
15:23:59 ERROR /home/bsc03/bsc03353/forge/src/dispatcher/posix.c:61 140390500202240: r->filehandle = 36, r->size = 524288, r->offset = 77949042688
15:23:59 ERROR /home/bsc03/bsc03353/forge/src/dispatcher/posix.c:62 140390500202240: single write -1 of expected 524288
15:24:04 ERROR /home/bsc03/bsc03353/forge/src/dispatcher/posix.c:61 140384057739008: r->filehandle = 36, r->size = 524288, r->offset = 85100331008
15:24:04 ERROR /home/bsc03/bsc03353/forge/src/dispatcher/posix.c:62 140384057739008: single write -1 of expected 524288
15:24:05 ERROR /home/bsc03/bsc03353/forge/src/dispatcher/posix.c:61 140407680104192: r->filehandle = 36, r->size = 524288, r->offset = 100833165312
15:24:05 ERROR /home/bsc03/bsc03353/forge/src/dispatcher/posix.c:62 140407680104192: single write -1 of expected 524288
15:24:12 ERROR /home/bsc03/bsc03353/forge/src/dispatcher/posix.c:61 140379762763520: r->filehandle = 36, r->size = 524288, r->offset = 102263422976
15:24:12 ERROR /home/bsc03/bsc03353/forge/src/dispatcher/posix.c:62 140379762763520: single write -1 of expected 524288
15:24:14 ERROR /home/bsc03/bsc03353/forge/src/dispatcher/posix.c:61 140396942665472: r->filehandle = 36, r->size = 524288, r->offset = 101190729728
15:24:14 ERROR /home/bsc03/bsc03353/forge/src/dispatcher/posix.c:62 140396942665472: single write -1 of expected 524288
15:24:15 ERROR /home/bsc03/bsc03353/forge/src/dispatcher/posix.c:61 140399090153216: r->filehandle = 36, r->size = 524288, r->offset = 101905858560
15:24:15 ERROR /home/bsc03/bsc03353/forge/src/dispatcher/posix.c:62 140399090153216: single write -1 of expected 524288
15:24:16 ERROR /home/bsc03/bsc03353/forge/src/dispatcher/posix.c:61 140388352714496: r->filehandle = 36, r->size = 524288, r->offset = 95112134656
15:24:16 ERROR /home/bsc03/bsc03353/forge/src/dispatcher/posix.c:62 140388352714496: single write -1 of expected 524288
15:24:16 ERROR /home/bsc03/bsc03353/forge/src/dispatcher/posix.c:61 140394795177728: r->filehandle = 36, r->size = 524288, r->offset = 97257521152
15:24:16 ERROR /home/bsc03/bsc03353/forge/src/dispatcher/posix.c:62 140394795177728: single write -1 of expected 524288
15:24:26 ERROR /home/bsc03/bsc03353/forge/src/dispatcher/posix.c:61 139769638532864: r->filehandle = 36, r->size = 524288, r->offset = 45053116416
15:24:26 ERROR /home/bsc03/bsc03353/forge/src/dispatcher/posix.c:62 139769638532864: single write -1 of expected 524288
15:24:27 ERROR /home/bsc03/bsc03353/forge/src/dispatcher/posix.c:61 140432683894528: r->filehandle = 36, r->size = 524288, r->offset = 125505110016
15:24:27 ERROR /home/bsc03/bsc03353/forge/src/dispatcher/posix.c:62 140432683894528: single write -1 of expected 524288
15:24:31 ERROR /home/bsc03/bsc03353/forge/src/dispatcher/posix.c:61 140491900135168: r->filehandle = 35, r->size = 524288, r->offset = 33253490688
15:24:31 ERROR /home/bsc03/bsc03353/forge/src/dispatcher/posix.c:62 140491900135168: single write -1 of expected 524288
15:24:37 ERROR /home/bsc03/bsc03353/forge/src/dispatcher/posix.c:61 140481162696448: r->filehandle = 35, r->size = 524288, r->offset = 15732834304
15:24:37 ERROR /home/bsc03/bsc03353/forge/src/dispatcher/posix.c:62 140481162696448: single write -1 of expected 524288
15:24:44 ERROR /home/bsc03/bsc03353/forge/src/dispatcher/posix.c:61 140511227524864: r->filehandle = 35, r->size = 524288, r->offset = 21811429376
15:24:44 ERROR /home/bsc03/bsc03353/forge/src/dispatcher/posix.c:62 140511227524864: single write -1 of expected 524288
15:24:51 ERROR /home/bsc03/bsc03353/forge/src/dispatcher/posix.c:61 140509080037120: r->filehandle = 35, r->size = 524288, r->offset = 23241687040
15:24:51 ERROR /home/bsc03/bsc03353/forge/src/dispatcher/posix.c:62 140509080037120: single write -1 of expected 524288
15:24:57 ERROR /home/bsc03/bsc03353/forge/src/dispatcher/posix.c:61 140498342598400: r->filehandle = 35, r->size = 524288, r->offset = 26459766784
15:24:57 ERROR /home/bsc03/bsc03353/forge/src/dispatcher/posix.c:62 140498342598400: single write -1 of expected 524288
15:25:00 ERROR /home/bsc03/bsc03353/forge/src/dispatcher/posix.c:61 140496195110656: r->filehandle = 35, r->size = 524288, r->offset = 32180797440
15:25:00 ERROR /home/bsc03/bsc03353/forge/src/dispatcher/posix.c:62 140496195110656: single write -1 of expected 524288
15:25:04 ERROR /home/bsc03/bsc03353/forge/src/dispatcher/posix.c:61 140487605159680: r->filehandle = 35, r->size = 524288, r->offset = 3933208576
15:25:04 ERROR /home/bsc03/bsc03353/forge/src/dispatcher/posix.c:62 140487605159680: single write -1 of expected 524288
15:25:06 ERROR /home/bsc03/bsc03353/forge/src/dispatcher/posix.c:61 140513375012608: r->filehandle = 35, r->size = 524288, r->offset = 22526558208
15:25:06 ERROR /home/bsc03/bsc03353/forge/src/dispatcher/posix.c:62 140513375012608: single write -1 of expected 524288
15:25:08 ERROR /home/bsc03/bsc03353/forge/src/dispatcher/posix.c:61 140379762763520: r->filehandle = 36, r->size = 524288, r->offset = 96184827904
15:25:08 ERROR /home/bsc03/bsc03353/forge/src/dispatcher/posix.c:62 140379762763520: single write -1 of expected 524288
15:25:12 ERROR /home/bsc03/bsc03353/forge/src/dispatcher/posix.c:61 140405532616448: r->filehandle = 36, r->size = 524288, r->offset = 92251619328
15:25:12 ERROR /home/bsc03/bsc03353/forge/src/dispatcher/posix.c:62 140405532616448: single write -1 of expected 524288
15:25:15 ERROR /home/bsc03/bsc03353/forge/src/dispatcher/posix.c:61 140407680104192: r->filehandle = 36, r->size = 524288, r->offset = 97972649984
15:25:15 ERROR /home/bsc03/bsc03353/forge/src/dispatcher/posix.c:62 140407680104192: single write -1 of expected 524288
15:25:19 ERROR /home/bsc03/bsc03353/forge/src/dispatcher/posix.c:61 140403385128704: r->filehandle = 36, r->size = 524288, r->offset = 94039441408
15:25:19 ERROR /home/bsc03/bsc03353/forge/src/dispatcher/posix.c:62 140403385128704: single write -1 of expected 524288
15:25:23 ERROR /home/bsc03/bsc03353/forge/src/dispatcher/posix.c:61 140399090153216: r->filehandle = 36, r->size = 524288, r->offset = 73300705280
15:25:23 ERROR /home/bsc03/bsc03353/forge/src/dispatcher/posix.c:62 140399090153216: single write -1 of expected 524288
15:25:29 ERROR /home/bsc03/bsc03353/forge/src/dispatcher/posix.c:61 140386205226752: r->filehandle = 36, r->size = 524288, r->offset = 79736864768
15:25:29 ERROR /home/bsc03/bsc03353/forge/src/dispatcher/posix.c:62 140386205226752: single write -1 of expected 524288
15:25:39 ERROR /home/bsc03/bsc03353/forge/src/dispatcher/posix.c:61 140381910251264: r->filehandle = 36, r->size = 524288, r->offset = 83670073344
15:25:39 ERROR /home/bsc03/bsc03353/forge/src/dispatcher/posix.c:62 140381910251264: single write -1 of expected 524288
15:25:41 ERROR /home/bsc03/bsc03353/forge/src/dispatcher/posix.c:61 140384057739008: r->filehandle = 36, r->size = 524288, r->offset = 92609183744
15:25:41 ERROR /home/bsc03/bsc03353/forge/src/dispatcher/posix.c:62 140384057739008: single write -1 of expected 524288
slurmstepd: error: *** JOB 8737408 ON s01r2b28 CANCELLED AT 2020-02-07T15:25:44 DUE TO TIME LIMIT ***
--------------------------------------------------------------------------
ORTE has lost communication with a remote daemon.

  HNP daemon   : [[32886,0],0] on node s01r2b28
  Remote daemon: [[32886,0],2] on node s01r2b45

This is usually due to either a failure of the TCP network
connection to the node, or possibly an internal failure of
the daemon itself. We cannot recover from this failure, and
therefore will terminate the job.
--------------------------------------------------------------------------
