Set GCC compilers as MPI wrappers backend 
remove impi/2017.4 (PATH, MANPATH, LD_LIBRARY_PATH) 
load openmpi/4.0.2_UCX (PATH, MANPATH, LD_LIBRARY_PATH) 
Set GCC compilers as MPI wrappers backend 
load gsl/2.4 (PATH, LD_LIBRARY_PATH, LIBRARY_PATH, MANPATH, INFOPATH,
C_INCLUDE_PATH, CPLUS_INCLUDE_PATH, PKG_CONFIG_PATH, GSL_DIR) 
15:21:05 INFO  /home/bsc03/bsc03353/forge/src/main.c:107 139813183027264: I/O Forwarding Exploration [START]
Will AGIOS generate trace files? NO
Default scheduling algorithm: TO
TWINS window size: 1000000
Will the Prediction Module read information from trace files? NO
File with access time functions: /home/bsc03/bsc03353/forge/agios/access_times.func
AGIOS thinks its user has stripe size of 32768
Will AGIOS generate trace files? NO
Default scheduling algorithm: TO
TWINS window size: 1000000
Will the Prediction Module read information from trace files? NO
File with access time functions: /home/bsc03/bsc03353/forge/agios/access_times.func
AGIOS thinks its user has stripe size of 32768
15:21:38 ERROR /home/bsc03/bsc03353/forge/src/dispatcher/posix.c:61 139782435489536: r->filehandle = 35, r->size = 8388608, r->offset = 16777216
15:21:38 ERROR /home/bsc03/bsc03353/forge/src/dispatcher/posix.c:62 139782435489536: single write -1 of expected 8388608
15:21:51 ERROR /home/bsc03/bsc03353/forge/src/dispatcher/posix.c:61 139795320416000: r->filehandle = 35, r->size = 8388608, r->offset = 41943040
15:21:51 ERROR /home/bsc03/bsc03353/forge/src/dispatcher/posix.c:62 139795320416000: single write -1 of expected 8388608
15:22:00 ERROR /home/bsc03/bsc03353/forge/src/dispatcher/posix.c:61 139791025440512: r->filehandle = 35, r->size = 8388608, r->offset = 25165824
15:22:00 ERROR /home/bsc03/bsc03353/forge/src/dispatcher/posix.c:62 139791025440512: single write -1 of expected 8388608
15:22:01 ERROR /home/bsc03/bsc03353/forge/src/dispatcher/posix.c:61 139803910366976: r->filehandle = 35, r->size = 8388608, r->offset = 184549376
15:22:01 ERROR /home/bsc03/bsc03353/forge/src/dispatcher/posix.c:62 139803910366976: single write -1 of expected 8388608
15:22:03 ERROR /home/bsc03/bsc03353/forge/src/dispatcher/posix.c:61 140417226852096: r->filehandle = 36, r->size = 8388608, r->offset = 1233125376
15:22:03 ERROR /home/bsc03/bsc03353/forge/src/dispatcher/posix.c:62 140417226852096: single write -1 of expected 8388608
15:22:03 ERROR /home/bsc03/bsc03353/forge/src/dispatcher/posix.c:61 139773845538560: r->filehandle = 35, r->size = 8388608, r->offset = 360710144
15:22:03 ERROR /home/bsc03/bsc03353/forge/src/dispatcher/posix.c:62 139773845538560: single write -1 of expected 8388608
15:22:10 ERROR /home/bsc03/bsc03353/forge/src/dispatcher/posix.c:61 140438701729536: r->filehandle = 36, r->size = 8388608, r->offset = 939524096
15:22:10 ERROR /home/bsc03/bsc03353/forge/src/dispatcher/posix.c:62 140438701729536: single write -1 of expected 8388608
15:22:16 ERROR /home/bsc03/bsc03353/forge/src/dispatcher/posix.c:61 139782435489536: r->filehandle = 35, r->size = 8388608, r->offset = 746586112
15:22:16 ERROR /home/bsc03/bsc03353/forge/src/dispatcher/posix.c:62 139782435489536: single write -1 of expected 8388608
15:22:22 ERROR /home/bsc03/bsc03353/forge/src/dispatcher/posix.c:61 139784582977280: r->filehandle = 35, r->size = 8388608, r->offset = 696254464
15:22:22 ERROR /home/bsc03/bsc03353/forge/src/dispatcher/posix.c:62 139784582977280: single write -1 of expected 8388608
15:22:38 ERROR /home/bsc03/bsc03353/forge/src/dispatcher/posix.c:61 139786730465024: r->filehandle = 35, r->size = 8388608, r->offset = 8388608
15:22:38 ERROR /home/bsc03/bsc03353/forge/src/dispatcher/posix.c:62 139786730465024: single write -1 of expected 8388608
15:22:39 ERROR /home/bsc03/bsc03353/forge/src/dispatcher/posix.c:61 139793172928256: r->filehandle = 35, r->size = 8388608, r->offset = 83886080
15:22:39 ERROR /home/bsc03/bsc03353/forge/src/dispatcher/posix.c:62 139793172928256: single write -1 of expected 8388608
15:22:57 ERROR /home/bsc03/bsc03353/forge/src/dispatcher/posix.c:61 139791025440512: r->filehandle = 35, r->size = 8388608, r->offset = 268435456
15:22:57 ERROR /home/bsc03/bsc03353/forge/src/dispatcher/posix.c:62 139791025440512: single write -1 of expected 8388608
15:23:00 ERROR /home/bsc03/bsc03353/forge/src/dispatcher/posix.c:61 139806057854720: r->filehandle = 35, r->size = 8388608, r->offset = 285212672
15:23:00 ERROR /home/bsc03/bsc03353/forge/src/dispatcher/posix.c:62 139806057854720: single write -1 of expected 8388608
15:23:04 ERROR /home/bsc03/bsc03353/forge/src/dispatcher/posix.c:61 140412931876608: r->filehandle = 36, r->size = 8388608, r->offset = 1526726656
15:23:04 ERROR /home/bsc03/bsc03353/forge/src/dispatcher/posix.c:62 140412931876608: single write -1 of expected 8388608
15:23:09 ERROR /home/bsc03/bsc03353/forge/src/dispatcher/posix.c:61 139782435489536: r->filehandle = 35, r->size = 8388608, r->offset = 763363328
15:23:09 ERROR /home/bsc03/bsc03353/forge/src/dispatcher/posix.c:62 139782435489536: single write -1 of expected 8388608
15:23:10 ERROR /home/bsc03/bsc03353/forge/src/dispatcher/posix.c:61 139799615391488: r->filehandle = 35, r->size = 8388608, r->offset = 629145600
15:23:10 ERROR /home/bsc03/bsc03353/forge/src/dispatcher/posix.c:62 139799615391488: single write -1 of expected 8388608
15:23:23 ERROR /home/bsc03/bsc03353/forge/src/dispatcher/posix.c:61 139778140514048: r->filehandle = 35, r->size = 8388608, r->offset = 385875968
15:23:23 ERROR /home/bsc03/bsc03353/forge/src/dispatcher/posix.c:62 139778140514048: single write -1 of expected 8388608
15:23:24 ERROR /home/bsc03/bsc03353/forge/src/dispatcher/posix.c:61 139775993026304: r->filehandle = 35, r->size = 8388608, r->offset = 578813952
15:23:24 ERROR /home/bsc03/bsc03353/forge/src/dispatcher/posix.c:62 139775993026304: single write -1 of expected 8388608
15:23:26 ERROR /home/bsc03/bsc03353/forge/src/dispatcher/posix.c:61 139803910366976: r->filehandle = 35, r->size = 8388608, r->offset = 738197504
15:23:26 ERROR /home/bsc03/bsc03353/forge/src/dispatcher/posix.c:62 139803910366976: single write -1 of expected 8388608
15:23:36 ERROR /home/bsc03/bsc03353/forge/src/dispatcher/posix.c:61 140427964290816: r->filehandle = 36, r->size = 8388608, r->offset = 1577058304
15:23:36 ERROR /home/bsc03/bsc03353/forge/src/dispatcher/posix.c:62 140427964290816: single write -1 of expected 8388608
15:23:38 ERROR /home/bsc03/bsc03353/forge/src/dispatcher/posix.c:61 139788877952768: r->filehandle = 35, r->size = 8388608, r->offset = 796917760
15:23:38 ERROR /home/bsc03/bsc03353/forge/src/dispatcher/posix.c:62 139788877952768: single write -1 of expected 8388608
15:23:39 ERROR /home/bsc03/bsc03353/forge/src/dispatcher/posix.c:61 140432259266304: r->filehandle = 36, r->size = 8388608, r->offset = 1308622848
15:23:39 ERROR /home/bsc03/bsc03353/forge/src/dispatcher/posix.c:62 140432259266304: single write -1 of expected 8388608
15:23:40 ERROR /home/bsc03/bsc03353/forge/src/dispatcher/posix.c:61 140436554241792: r->filehandle = 36, r->size = 8388608, r->offset = 1442840576
15:23:40 ERROR /home/bsc03/bsc03353/forge/src/dispatcher/posix.c:62 140436554241792: single write -1 of expected 8388608
15:23:45 ERROR /home/bsc03/bsc03353/forge/src/dispatcher/posix.c:61 139791025440512: r->filehandle = 35, r->size = 8388608, r->offset = 469762048
15:23:45 ERROR /home/bsc03/bsc03353/forge/src/dispatcher/posix.c:62 139791025440512: single write -1 of expected 8388608
15:23:46 ERROR /home/bsc03/bsc03353/forge/src/dispatcher/posix.c:61 140445144192768: r->filehandle = 36, r->size = 8388608, r->offset = 1384120320
15:23:46 ERROR /home/bsc03/bsc03353/forge/src/dispatcher/posix.c:62 140445144192768: single write -1 of expected 8388608
15:23:49 ERROR /home/bsc03/bsc03353/forge/src/dispatcher/posix.c:61 139803910366976: r->filehandle = 35, r->size = 8388608, r->offset = 536870912
15:23:49 ERROR /home/bsc03/bsc03353/forge/src/dispatcher/posix.c:62 139803910366976: single write -1 of expected 8388608
15:23:53 ERROR /home/bsc03/bsc03353/forge/src/dispatcher/posix.c:61 140415079364352: r->filehandle = 36, r->size = 8388608, r->offset = 1434451968
15:23:53 ERROR /home/bsc03/bsc03353/forge/src/dispatcher/posix.c:62 140415079364352: single write -1 of expected 8388608
15:23:58 ERROR /home/bsc03/bsc03353/forge/src/dispatcher/posix.c:61 140423669315328: r->filehandle = 36, r->size = 8388608, r->offset = 805306368
15:23:58 ERROR /home/bsc03/bsc03353/forge/src/dispatcher/posix.c:62 140423669315328: single write -1 of expected 8388608
15:24:00 ERROR /home/bsc03/bsc03353/forge/src/dispatcher/posix.c:61 140417226852096: r->filehandle = 36, r->size = 8388608, r->offset = 1392508928
15:24:00 ERROR /home/bsc03/bsc03353/forge/src/dispatcher/posix.c:62 140417226852096: single write -1 of expected 8388608
15:24:01 ERROR /home/bsc03/bsc03353/forge/src/dispatcher/posix.c:61 140421521827584: r->filehandle = 36, r->size = 8388608, r->offset = 1199570944
15:24:01 ERROR /home/bsc03/bsc03353/forge/src/dispatcher/posix.c:62 140421521827584: single write -1 of expected 8388608
15:24:04 ERROR /home/bsc03/bsc03353/forge/src/dispatcher/posix.c:61 140440849217280: r->filehandle = 36, r->size = 8388608, r->offset = 1493172224
15:24:04 ERROR /home/bsc03/bsc03353/forge/src/dispatcher/posix.c:62 140440849217280: single write -1 of expected 8388608
15:24:17 ERROR /home/bsc03/bsc03353/forge/src/dispatcher/posix.c:61 139795320416000: r->filehandle = 35, r->size = 8388608, r->offset = 167772160
15:24:17 ERROR /home/bsc03/bsc03353/forge/src/dispatcher/posix.c:62 139795320416000: single write -1 of expected 8388608
15:24:22 ERROR /home/bsc03/bsc03353/forge/src/dispatcher/posix.c:61 139780288001792: r->filehandle = 35, r->size = 8388608, r->offset = 452984832
15:24:22 ERROR /home/bsc03/bsc03353/forge/src/dispatcher/posix.c:62 139780288001792: single write -1 of expected 8388608
15:24:24 ERROR /home/bsc03/bsc03353/forge/src/dispatcher/posix.c:61 140425816803072: r->filehandle = 36, r->size = 8388608, r->offset = 1426063360
15:24:24 ERROR /home/bsc03/bsc03353/forge/src/dispatcher/posix.c:62 140425816803072: single write -1 of expected 8388608
15:24:25 ERROR /home/bsc03/bsc03353/forge/src/dispatcher/posix.c:61 139786730465024: r->filehandle = 35, r->size = 8388608, r->offset = 100663296
15:24:25 ERROR /home/bsc03/bsc03353/forge/src/dispatcher/posix.c:62 139786730465024: single write -1 of expected 8388608
15:24:27 ERROR /home/bsc03/bsc03353/forge/src/dispatcher/posix.c:61 140417226852096: r->filehandle = 36, r->size = 8388608, r->offset = 1082130432
15:24:27 ERROR /home/bsc03/bsc03353/forge/src/dispatcher/posix.c:62 140417226852096: single write -1 of expected 8388608
15:24:29 ERROR /home/bsc03/bsc03353/forge/src/dispatcher/posix.c:61 139801762879232: r->filehandle = 35, r->size = 8388608, r->offset = 654311424
15:24:29 ERROR /home/bsc03/bsc03353/forge/src/dispatcher/posix.c:62 139801762879232: single write -1 of expected 8388608
15:24:29 ERROR /home/bsc03/bsc03353/forge/src/dispatcher/posix.c:61 139803910366976: r->filehandle = 35, r->size = 8388608, r->offset = 402653184
15:24:29 ERROR /home/bsc03/bsc03353/forge/src/dispatcher/posix.c:62 139803910366976: single write -1 of expected 8388608
15:24:32 ERROR /home/bsc03/bsc03353/forge/src/dispatcher/posix.c:61 139795320416000: r->filehandle = 35, r->size = 8388608, r->offset = 603979776
15:24:32 ERROR /home/bsc03/bsc03353/forge/src/dispatcher/posix.c:62 139795320416000: single write -1 of expected 8388608
15:24:44 ERROR /home/bsc03/bsc03353/forge/src/dispatcher/posix.c:61 140419374339840: r->filehandle = 36, r->size = 8388608, r->offset = 1224736768
15:24:44 ERROR /home/bsc03/bsc03353/forge/src/dispatcher/posix.c:62 140419374339840: single write -1 of expected 8388608
15:24:45 ERROR /home/bsc03/bsc03353/forge/src/dispatcher/posix.c:61 140434406754048: r->filehandle = 36, r->size = 8388608, r->offset = 1551892480
15:24:45 ERROR /home/bsc03/bsc03353/forge/src/dispatcher/posix.c:62 140434406754048: single write -1 of expected 8388608
15:24:53 ERROR /home/bsc03/bsc03353/forge/src/dispatcher/posix.c:61 139780288001792: r->filehandle = 35, r->size = 8388608, r->offset = 528482304
15:24:53 ERROR /home/bsc03/bsc03353/forge/src/dispatcher/posix.c:62 139780288001792: single write -1 of expected 8388608
15:24:56 ERROR /home/bsc03/bsc03353/forge/src/dispatcher/posix.c:61 140440849217280: r->filehandle = 36, r->size = 8388608, r->offset = 1484783616
15:24:56 ERROR /home/bsc03/bsc03353/forge/src/dispatcher/posix.c:62 140440849217280: single write -1 of expected 8388608
15:25:01 ERROR /home/bsc03/bsc03353/forge/src/dispatcher/posix.c:61 139784582977280: r->filehandle = 35, r->size = 8388608, r->offset = 721420288
15:25:01 ERROR /home/bsc03/bsc03353/forge/src/dispatcher/posix.c:62 139784582977280: single write -1 of expected 8388608
15:25:01 ERROR /home/bsc03/bsc03353/forge/src/dispatcher/posix.c:61 139793172928256: r->filehandle = 35, r->size = 8388608, r->offset = 134217728
15:25:01 ERROR /home/bsc03/bsc03353/forge/src/dispatcher/posix.c:62 139793172928256: single write -1 of expected 8388608
15:25:03 ERROR /home/bsc03/bsc03353/forge/src/dispatcher/posix.c:61 139786730465024: r->filehandle = 35, r->size = 8388608, r->offset = 335544320
15:25:03 ERROR /home/bsc03/bsc03353/forge/src/dispatcher/posix.c:62 139786730465024: single write -1 of expected 8388608
15:25:05 ERROR /home/bsc03/bsc03353/forge/src/dispatcher/posix.c:61 140438701729536: r->filehandle = 36, r->size = 8388608, r->offset = 872415232
15:25:05 ERROR /home/bsc03/bsc03353/forge/src/dispatcher/posix.c:62 140438701729536: single write -1 of expected 8388608
15:25:08 ERROR /home/bsc03/bsc03353/forge/src/dispatcher/posix.c:61 140442996705024: r->filehandle = 36, r->size = 8388608, r->offset = 1040187392
15:25:08 ERROR /home/bsc03/bsc03353/forge/src/dispatcher/posix.c:62 140442996705024: single write -1 of expected 8388608
15:25:14 ERROR /home/bsc03/bsc03353/forge/src/dispatcher/posix.c:61 139797467903744: r->filehandle = 35, r->size = 8388608, r->offset = 562036736
15:25:14 ERROR /home/bsc03/bsc03353/forge/src/dispatcher/posix.c:62 139797467903744: single write -1 of expected 8388608
15:25:21 ERROR /home/bsc03/bsc03353/forge/src/dispatcher/posix.c:61 140440849217280: r->filehandle = 36, r->size = 8388608, r->offset = 1157627904
15:25:21 ERROR /home/bsc03/bsc03353/forge/src/dispatcher/posix.c:62 140440849217280: single write -1 of expected 8388608
15:25:22 ERROR /home/bsc03/bsc03353/forge/src/dispatcher/posix.c:61 139791025440512: r->filehandle = 35, r->size = 8388608, r->offset = 704643072
15:25:22 ERROR /home/bsc03/bsc03353/forge/src/dispatcher/posix.c:62 139791025440512: single write -1 of expected 8388608
15:25:22 ERROR /home/bsc03/bsc03353/forge/src/dispatcher/posix.c:61 140436554241792: r->filehandle = 36, r->size = 8388608, r->offset = 1509949440
15:25:22 ERROR /home/bsc03/bsc03353/forge/src/dispatcher/posix.c:62 140436554241792: single write -1 of expected 8388608
15:25:27 ERROR /home/bsc03/bsc03353/forge/src/dispatcher/posix.c:61 140421521827584: r->filehandle = 36, r->size = 8388608, r->offset = 931135488
15:25:27 ERROR /home/bsc03/bsc03353/forge/src/dispatcher/posix.c:62 140421521827584: single write -1 of expected 8388608
15:25:30 ERROR /home/bsc03/bsc03353/forge/src/dispatcher/posix.c:61 139793172928256: r->filehandle = 35, r->size = 8388608, r->offset = 671088640
15:25:30 ERROR /home/bsc03/bsc03353/forge/src/dispatcher/posix.c:62 139793172928256: single write -1 of expected 8388608
15:25:33 ERROR /home/bsc03/bsc03353/forge/src/dispatcher/posix.c:61 139801762879232: r->filehandle = 35, r->size = 8388608, r->offset = 67108864
15:25:33 ERROR /home/bsc03/bsc03353/forge/src/dispatcher/posix.c:62 139801762879232: single write -1 of expected 8388608
15:25:42 ERROR /home/bsc03/bsc03353/forge/src/dispatcher/posix.c:61 139795320416000: r->filehandle = 35, r->size = 8388608, r->offset = 771751936
15:25:42 ERROR /home/bsc03/bsc03353/forge/src/dispatcher/posix.c:62 139795320416000: single write -1 of expected 8388608
slurmstepd: error: *** JOB 8737359 ON s01r2b02 CANCELLED AT 2020-02-07T15:25:43 DUE TO TIME LIMIT ***
--------------------------------------------------------------------------
ORTE has lost communication with a remote daemon.

  HNP daemon   : [[41053,0],0] on node s01r2b02
  Remote daemon: [[41053,0],1] on node s01r2b03

This is usually due to either a failure of the TCP network
connection to the node, or possibly an internal failure of
the daemon itself. We cannot recover from this failure, and
therefore will terminate the job.
--------------------------------------------------------------------------
