Set GCC compilers as MPI wrappers backend 
remove impi/2017.4 (PATH, MANPATH, LD_LIBRARY_PATH) 
load openmpi/4.0.2_UCX (PATH, MANPATH, LD_LIBRARY_PATH) 
Set GCC compilers as MPI wrappers backend 
load gsl/2.4 (PATH, LD_LIBRARY_PATH, LIBRARY_PATH, MANPATH, INFOPATH,
C_INCLUDE_PATH, CPLUS_INCLUDE_PATH, PKG_CONFIG_PATH, GSL_DIR) 
03:17:47 INFO  /home/bsc03/bsc03353/forge/src/main.c:107 139985161893952: I/O Forwarding Exploration [START]
Will AGIOS generate trace files? NO
Default scheduling algorithm: TO
TWINS window size: 1000000
Will the Prediction Module read information from trace files? NO
File with access time functions: /home/bsc03/bsc03353/forge/agios/access_times.func
AGIOS thinks its user has stripe size of 32768
Will AGIOS generate trace files? NO
Default scheduling algorithm: TO
TWINS window size: 1000000
Will the Prediction Module read information from trace files? NO
File with access time functions: /home/bsc03/bsc03353/forge/agios/access_times.func
AGIOS thinks its user has stripe size of 32768
Will AGIOS generate trace files? NO
Default scheduling algorithm: TO
TWINS window size: 1000000
Will the Prediction Module read information from trace files? NO
File with access time functions: /home/bsc03/bsc03353/forge/agios/access_times.func
AGIOS thinks its user has stripe size of 32768
Will AGIOS generate trace files? NO
Default scheduling algorithm: TO
TWINS window size: 1000000
Will the Prediction Module read information from trace files? NO
File with access time functions: /home/bsc03/bsc03353/forge/agios/access_times.func
AGIOS thinks its user has stripe size of 32768
03:17:50 ERROR /home/bsc03/bsc03353/forge/src/dispatcher/posix.c:61 139994441807616: r->filehandle = 36, r->size = 32768, r->offset = 6094848
03:17:50 ERROR /home/bsc03/bsc03353/forge/src/dispatcher/posix.c:62 139994441807616: single write -1 of expected 32768
03:17:50 ERROR /home/bsc03/bsc03353/forge/src/dispatcher/posix.c:61 139981556881152: r->filehandle = 36, r->size = 32768, r->offset = 5111808
03:17:50 ERROR /home/bsc03/bsc03353/forge/src/dispatcher/posix.c:62 139981556881152: single write -1 of expected 32768
03:17:50 ERROR /home/bsc03/bsc03353/forge/src/dispatcher/posix.c:61 139972966930176: r->filehandle = 36, r->size = 32768, r->offset = 6160384
03:17:50 ERROR /home/bsc03/bsc03353/forge/src/dispatcher/posix.c:62 139972966930176: single write -1 of expected 32768
03:17:53 ERROR /home/bsc03/bsc03353/forge/src/dispatcher/posix.c:61 139979409393408: r->filehandle = 36, r->size = 32768, r->offset = 4849664
03:17:53 ERROR /home/bsc03/bsc03353/forge/src/dispatcher/posix.c:62 139979409393408: single write -1 of expected 32768
03:17:54 ERROR /home/bsc03/bsc03353/forge/src/dispatcher/posix.c:61 140005179246336: r->filehandle = 36, r->size = 32768, r->offset = 4816896
03:17:54 ERROR /home/bsc03/bsc03353/forge/src/dispatcher/posix.c:62 140005179246336: single write -1 of expected 32768
03:17:54 ERROR /home/bsc03/bsc03353/forge/src/dispatcher/posix.c:61 139983704368896: r->filehandle = 36, r->size = 32768, r->offset = 5242880
03:17:54 ERROR /home/bsc03/bsc03353/forge/src/dispatcher/posix.c:62 139983704368896: single write -1 of expected 32768
03:17:57 ERROR /home/bsc03/bsc03353/forge/src/dispatcher/posix.c:61 139996589295360: r->filehandle = 36, r->size = 32768, r->offset = 4980736
03:17:57 ERROR /home/bsc03/bsc03353/forge/src/dispatcher/posix.c:62 139996589295360: single write -1 of expected 32768
03:17:59 ERROR /home/bsc03/bsc03353/forge/src/dispatcher/posix.c:61 139987999344384: r->filehandle = 36, r->size = 32768, r->offset = 5341184
03:17:59 ERROR /home/bsc03/bsc03353/forge/src/dispatcher/posix.c:62 139987999344384: single write -1 of expected 32768
03:18:00 ERROR /home/bsc03/bsc03353/forge/src/dispatcher/posix.c:61 139990146832128: r->filehandle = 36, r->size = 32768, r->offset = 5636096
03:18:00 ERROR /home/bsc03/bsc03353/forge/src/dispatcher/posix.c:62 139990146832128: single write -1 of expected 32768
03:18:01 ERROR /home/bsc03/bsc03353/forge/src/dispatcher/posix.c:61 139977261905664: r->filehandle = 36, r->size = 32768, r->offset = 5046272
03:18:01 ERROR /home/bsc03/bsc03353/forge/src/dispatcher/posix.c:62 139977261905664: single write -1 of expected 32768
03:18:01 ERROR /home/bsc03/bsc03353/forge/src/dispatcher/posix.c:61 139975114417920: r->filehandle = 36, r->size = 32768, r->offset = 5865472
03:18:01 ERROR /home/bsc03/bsc03353/forge/src/dispatcher/posix.c:62 139975114417920: single write -1 of expected 32768
03:18:02 ERROR /home/bsc03/bsc03353/forge/src/dispatcher/posix.c:61 140000884270848: r->filehandle = 36, r->size = 32768, r->offset = 5505024
03:18:02 ERROR /home/bsc03/bsc03353/forge/src/dispatcher/posix.c:62 140000884270848: single write -1 of expected 32768
03:18:02 ERROR /home/bsc03/bsc03353/forge/src/dispatcher/posix.c:61 139998736783104: r->filehandle = 36, r->size = 32768, r->offset = 5570560
03:18:02 ERROR /home/bsc03/bsc03353/forge/src/dispatcher/posix.c:62 139998736783104: single write -1 of expected 32768
03:18:03 ERROR /home/bsc03/bsc03353/forge/src/dispatcher/posix.c:61 139985851856640: r->filehandle = 36, r->size = 32768, r->offset = 4784128
03:18:03 ERROR /home/bsc03/bsc03353/forge/src/dispatcher/posix.c:62 139985851856640: single write -1 of expected 32768
03:18:06 ERROR /home/bsc03/bsc03353/forge/src/dispatcher/posix.c:61 139992294319872: r->filehandle = 36, r->size = 32768, r->offset = 5767168
03:18:06 ERROR /home/bsc03/bsc03353/forge/src/dispatcher/posix.c:62 139992294319872: single write -1 of expected 32768
03:18:07 ERROR /home/bsc03/bsc03353/forge/src/dispatcher/posix.c:61 140003031758592: r->filehandle = 36, r->size = 32768, r->offset = 5308416
03:18:07 ERROR /home/bsc03/bsc03353/forge/src/dispatcher/posix.c:62 140003031758592: single write -1 of expected 32768
03:18:07 ERROR /home/bsc03/bsc03353/forge/src/dispatcher/posix.c:61 140466294441728: r->filehandle = 36, r->size = 32768, r->offset = 3211264
03:18:07 ERROR /home/bsc03/bsc03353/forge/src/dispatcher/posix.c:62 140466294441728: single write -1 of expected 32768
03:18:08 ERROR /home/bsc03/bsc03353/forge/src/dispatcher/posix.c:61 140005179246336: r->filehandle = 36, r->size = 32768, r->offset = 5603328
03:18:08 ERROR /home/bsc03/bsc03353/forge/src/dispatcher/posix.c:62 140005179246336: single write -1 of expected 32768
03:18:09 ERROR /home/bsc03/bsc03353/forge/src/dispatcher/posix.c:61 139983704368896: r->filehandle = 36, r->size = 32768, r->offset = 5701632
03:18:09 ERROR /home/bsc03/bsc03353/forge/src/dispatcher/posix.c:62 139983704368896: single write -1 of expected 32768
03:18:10 ERROR /home/bsc03/bsc03353/forge/src/dispatcher/posix.c:61 139981556881152: r->filehandle = 36, r->size = 32768, r->offset = 5177344
03:18:10 ERROR /home/bsc03/bsc03353/forge/src/dispatcher/posix.c:62 139981556881152: single write -1 of expected 32768
03:18:11 ERROR /home/bsc03/bsc03353/forge/src/dispatcher/posix.c:61 139992294319872: r->filehandle = 36, r->size = 32768, r->offset = 5734400
03:18:11 ERROR /home/bsc03/bsc03353/forge/src/dispatcher/posix.c:62 139992294319872: single write -1 of expected 32768
03:18:12 ERROR /home/bsc03/bsc03353/forge/src/dispatcher/posix.c:61 139987999344384: r->filehandle = 36, r->size = 32768, r->offset = 5898240
03:18:12 ERROR /home/bsc03/bsc03353/forge/src/dispatcher/posix.c:62 139987999344384: single write -1 of expected 32768
03:18:12 ERROR /home/bsc03/bsc03353/forge/src/dispatcher/posix.c:61 139998736783104: r->filehandle = 36, r->size = 32768, r->offset = 5210112
03:18:12 ERROR /home/bsc03/bsc03353/forge/src/dispatcher/posix.c:62 139998736783104: single write -1 of expected 32768
03:18:13 ERROR /home/bsc03/bsc03353/forge/src/dispatcher/posix.c:61 139979409393408: r->filehandle = 36, r->size = 32768, r->offset = 4915200
03:18:13 ERROR /home/bsc03/bsc03353/forge/src/dispatcher/posix.c:62 139979409393408: single write -1 of expected 32768
03:18:13 ERROR /home/bsc03/bsc03353/forge/src/dispatcher/posix.c:61 139975114417920: r->filehandle = 36, r->size = 32768, r->offset = 6029312
03:18:13 ERROR /home/bsc03/bsc03353/forge/src/dispatcher/posix.c:62 139975114417920: single write -1 of expected 32768
03:18:14 ERROR /home/bsc03/bsc03353/forge/src/dispatcher/posix.c:61 139990146832128: r->filehandle = 36, r->size = 32768, r->offset = 4718592
03:18:14 ERROR /home/bsc03/bsc03353/forge/src/dispatcher/posix.c:62 139990146832128: single write -1 of expected 32768
03:18:14 ERROR /home/bsc03/bsc03353/forge/src/dispatcher/posix.c:61 139972966930176: r->filehandle = 36, r->size = 32768, r->offset = 6225920
03:18:14 ERROR /home/bsc03/bsc03353/forge/src/dispatcher/posix.c:62 139972966930176: single write -1 of expected 32768
03:18:15 ERROR /home/bsc03/bsc03353/forge/src/dispatcher/posix.c:61 140000884270848: r->filehandle = 36, r->size = 32768, r->offset = 5079040
03:18:15 ERROR /home/bsc03/bsc03353/forge/src/dispatcher/posix.c:62 140000884270848: single write -1 of expected 32768
03:18:15 ERROR /home/bsc03/bsc03353/forge/src/dispatcher/posix.c:61 139985851856640: r->filehandle = 36, r->size = 32768, r->offset = 5963776
03:18:15 ERROR /home/bsc03/bsc03353/forge/src/dispatcher/posix.c:62 139985851856640: single write -1 of expected 32768
03:18:15 ERROR /home/bsc03/bsc03353/forge/src/dispatcher/posix.c:61 139994441807616: r->filehandle = 36, r->size = 32768, r->offset = 5439488
03:18:15 ERROR /home/bsc03/bsc03353/forge/src/dispatcher/posix.c:62 139994441807616: single write -1 of expected 32768
03:18:15 ERROR /home/bsc03/bsc03353/forge/src/dispatcher/posix.c:61 139977261905664: r->filehandle = 36, r->size = 32768, r->offset = 5373952
03:18:15 ERROR /home/bsc03/bsc03353/forge/src/dispatcher/posix.c:62 139977261905664: single write -1 of expected 32768
03:18:16 ERROR /home/bsc03/bsc03353/forge/src/dispatcher/posix.c:61 140003031758592: r->filehandle = 36, r->size = 32768, r->offset = 5832704
03:18:16 ERROR /home/bsc03/bsc03353/forge/src/dispatcher/posix.c:62 140003031758592: single write -1 of expected 32768
03:18:16 ERROR /home/bsc03/bsc03353/forge/src/dispatcher/posix.c:61 139996589295360: r->filehandle = 36, r->size = 32768, r->offset = 5275648
03:18:16 ERROR /home/bsc03/bsc03353/forge/src/dispatcher/posix.c:62 139996589295360: single write -1 of expected 32768
03:18:16 ERROR /home/bsc03/bsc03353/forge/src/dispatcher/posix.c:61 140519943235328: r->filehandle = 36, r->size = 32768, r->offset = 2293760
03:18:16 ERROR /home/bsc03/bsc03353/forge/src/dispatcher/posix.c:62 140519943235328: single write -1 of expected 32768
03:18:16 ERROR /home/bsc03/bsc03353/forge/src/dispatcher/posix.c:61 140509205796608: r->filehandle = 36, r->size = 32768, r->offset = 1900544
03:18:16 ERROR /home/bsc03/bsc03353/forge/src/dispatcher/posix.c:62 140509205796608: single write -1 of expected 32768
03:18:17 ERROR /home/bsc03/bsc03353/forge/src/dispatcher/posix.c:61 140502763333376: r->filehandle = 36, r->size = 32768, r->offset = 2686976
03:18:17 ERROR /home/bsc03/bsc03353/forge/src/dispatcher/posix.c:62 140502763333376: single write -1 of expected 32768
03:18:17 ERROR /home/bsc03/bsc03353/forge/src/dispatcher/posix.c:61 140494173382400: r->filehandle = 36, r->size = 32768, r->offset = 2228224
03:18:17 ERROR /home/bsc03/bsc03353/forge/src/dispatcher/posix.c:62 140494173382400: single write -1 of expected 32768
03:18:17 ERROR /home/bsc03/bsc03353/forge/src/dispatcher/posix.c:61 140489878406912: r->filehandle = 36, r->size = 32768, r->offset = 1638400
03:18:17 ERROR /home/bsc03/bsc03353/forge/src/dispatcher/posix.c:62 140489878406912: single write -1 of expected 32768
03:18:18 ERROR /home/bsc03/bsc03353/forge/src/dispatcher/posix.c:61 140515648259840: r->filehandle = 36, r->size = 32768, r->offset = 2162688
03:18:18 ERROR /home/bsc03/bsc03353/forge/src/dispatcher/posix.c:62 140515648259840: single write -1 of expected 32768
03:18:18 ERROR /home/bsc03/bsc03353/forge/src/dispatcher/posix.c:61 140507058308864: r->filehandle = 36, r->size = 32768, r->offset = 2555904
03:18:18 ERROR /home/bsc03/bsc03353/forge/src/dispatcher/posix.c:62 140507058308864: single write -1 of expected 32768
03:18:18 ERROR /home/bsc03/bsc03353/forge/src/dispatcher/posix.c:61 140511353284352: r->filehandle = 36, r->size = 32768, r->offset = 2031616
03:18:18 ERROR /home/bsc03/bsc03353/forge/src/dispatcher/posix.c:62 140511353284352: single write -1 of expected 32768
03:18:18 ERROR /home/bsc03/bsc03353/forge/src/dispatcher/posix.c:61 140517795747584: r->filehandle = 36, r->size = 32768, r->offset = 2424832
03:18:18 ERROR /home/bsc03/bsc03353/forge/src/dispatcher/posix.c:62 140517795747584: single write -1 of expected 32768
03:18:18 ERROR /home/bsc03/bsc03353/forge/src/dispatcher/posix.c:61 140513500772096: r->filehandle = 36, r->size = 32768, r->offset = 3080192
03:18:18 ERROR /home/bsc03/bsc03353/forge/src/dispatcher/posix.c:62 140513500772096: single write -1 of expected 32768
03:18:19 ERROR /home/bsc03/bsc03353/forge/src/dispatcher/posix.c:61 140487730919168: r->filehandle = 36, r->size = 32768, r->offset = 2883584
03:18:19 ERROR /home/bsc03/bsc03353/forge/src/dispatcher/posix.c:62 140487730919168: single write -1 of expected 32768
03:18:19 ERROR /home/bsc03/bsc03353/forge/src/dispatcher/posix.c:61 140500615845632: r->filehandle = 36, r->size = 32768, r->offset = 1703936
03:18:19 ERROR /home/bsc03/bsc03353/forge/src/dispatcher/posix.c:62 140500615845632: single write -1 of expected 32768
03:18:19 ERROR /home/bsc03/bsc03353/forge/src/dispatcher/posix.c:61 140496320870144: r->filehandle = 36, r->size = 32768, r->offset = 2195456
03:18:19 ERROR /home/bsc03/bsc03353/forge/src/dispatcher/posix.c:62 140496320870144: single write -1 of expected 32768
03:18:20 ERROR /home/bsc03/bsc03353/forge/src/dispatcher/posix.c:61 140492025894656: r->filehandle = 36, r->size = 32768, r->offset = 2490368
03:18:20 ERROR /home/bsc03/bsc03353/forge/src/dispatcher/posix.c:62 140492025894656: single write -1 of expected 32768
03:18:20 ERROR /home/bsc03/bsc03353/forge/src/dispatcher/posix.c:61 140504910821120: r->filehandle = 36, r->size = 32768, r->offset = 2621440
03:18:20 ERROR /home/bsc03/bsc03353/forge/src/dispatcher/posix.c:62 140504910821120: single write -1 of expected 32768
03:18:20 ERROR /home/bsc03/bsc03353/forge/src/dispatcher/posix.c:61 140498468357888: r->filehandle = 36, r->size = 32768, r->offset = 2949120
03:18:20 ERROR /home/bsc03/bsc03353/forge/src/dispatcher/posix.c:62 140498468357888: single write -1 of expected 32768
03:18:20 ERROR /home/bsc03/bsc03353/forge/src/dispatcher/posix.c:61 139952266774272: r->filehandle = 35, r->size = 32768, r->offset = 65536
03:18:20 ERROR /home/bsc03/bsc03353/forge/src/dispatcher/posix.c:62 139952266774272: single write -1 of expected 32768
03:18:21 ERROR /home/bsc03/bsc03353/forge/src/dispatcher/posix.c:61 139960856725248: r->filehandle = 35, r->size = 32768, r->offset = 1179648
03:18:21 ERROR /home/bsc03/bsc03353/forge/src/dispatcher/posix.c:62 139960856725248: single write -1 of expected 32768
03:18:21 ERROR /home/bsc03/bsc03353/forge/src/dispatcher/posix.c:61 139947971798784: r->filehandle = 35, r->size = 32768, r->offset = 1048576
03:18:21 ERROR /home/bsc03/bsc03353/forge/src/dispatcher/posix.c:62 139947971798784: single write -1 of expected 32768
03:18:21 ERROR /home/bsc03/bsc03353/forge/src/dispatcher/posix.c:61 139958709237504: r->filehandle = 35, r->size = 32768, r->offset = 524288
03:18:21 ERROR /home/bsc03/bsc03353/forge/src/dispatcher/posix.c:62 139958709237504: single write -1 of expected 32768
03:18:22 ERROR /home/bsc03/bsc03353/forge/src/dispatcher/posix.c:61 139971594163968: r->filehandle = 35, r->size = 32768, r->offset = 393216
03:18:22 ERROR /home/bsc03/bsc03353/forge/src/dispatcher/posix.c:62 139971594163968: single write -1 of expected 32768
03:18:22 ERROR /home/bsc03/bsc03353/forge/src/dispatcher/posix.c:61 139969446676224: r->filehandle = 35, r->size = 32768, r->offset = 360448
03:18:22 ERROR /home/bsc03/bsc03353/forge/src/dispatcher/posix.c:62 139969446676224: single write -1 of expected 32768
03:18:22 ERROR /home/bsc03/bsc03353/forge/src/dispatcher/posix.c:61 139945824311040: r->filehandle = 35, r->size = 32768, r->offset = 196608
03:18:22 ERROR /home/bsc03/bsc03353/forge/src/dispatcher/posix.c:62 139945824311040: single write -1 of expected 32768
03:18:22 ERROR /home/bsc03/bsc03353/forge/src/dispatcher/posix.c:61 139954414262016: r->filehandle = 35, r->size = 32768, r->offset = 1114112
03:18:22 ERROR /home/bsc03/bsc03353/forge/src/dispatcher/posix.c:62 139954414262016: single write -1 of expected 32768
03:18:23 ERROR /home/bsc03/bsc03353/forge/src/dispatcher/posix.c:61 139965151700736: r->filehandle = 35, r->size = 32768, r->offset = 262144
03:18:23 ERROR /home/bsc03/bsc03353/forge/src/dispatcher/posix.c:62 139965151700736: single write -1 of expected 32768
03:18:23 ERROR /home/bsc03/bsc03353/forge/src/dispatcher/posix.c:61 139967299188480: r->filehandle = 35, r->size = 32768, r->offset = 327680
03:18:23 ERROR /home/bsc03/bsc03353/forge/src/dispatcher/posix.c:62 139967299188480: single write -1 of expected 32768
03:18:23 ERROR /home/bsc03/bsc03353/forge/src/dispatcher/posix.c:61 139956561749760: r->filehandle = 35, r->size = 32768, r->offset = 851968
03:18:23 ERROR /home/bsc03/bsc03353/forge/src/dispatcher/posix.c:62 139956561749760: single write -1 of expected 32768
03:18:24 ERROR /home/bsc03/bsc03353/forge/src/dispatcher/posix.c:61 139975889139456: r->filehandle = 35, r->size = 32768, r->offset = 98304
03:18:24 ERROR /home/bsc03/bsc03353/forge/src/dispatcher/posix.c:62 139975889139456: single write -1 of expected 32768
03:18:24 ERROR /home/bsc03/bsc03353/forge/src/dispatcher/posix.c:61 139978036627200: r->filehandle = 35, r->size = 32768, r->offset = 458752
03:18:24 ERROR /home/bsc03/bsc03353/forge/src/dispatcher/posix.c:62 139978036627200: single write -1 of expected 32768
03:18:24 ERROR /home/bsc03/bsc03353/forge/src/dispatcher/posix.c:61 139963004212992: r->filehandle = 35, r->size = 32768, r->offset = 1376256
03:18:24 ERROR /home/bsc03/bsc03353/forge/src/dispatcher/posix.c:62 139963004212992: single write -1 of expected 32768
03:18:24 ERROR /home/bsc03/bsc03353/forge/src/dispatcher/posix.c:61 139973741651712: r->filehandle = 35, r->size = 32768, r->offset = 1441792
03:18:24 ERROR /home/bsc03/bsc03353/forge/src/dispatcher/posix.c:62 139973741651712: single write -1 of expected 32768
03:18:25 ERROR /home/bsc03/bsc03353/forge/src/dispatcher/posix.c:61 139950119286528: r->filehandle = 35, r->size = 32768, r->offset = 622592
03:18:25 ERROR /home/bsc03/bsc03353/forge/src/dispatcher/posix.c:62 139950119286528: single write -1 of expected 32768
03:18:25 ERROR /home/bsc03/bsc03353/forge/src/dispatcher/posix.c:61 140479179368192: r->filehandle = 36, r->size = 32768, r->offset = 4194304
03:18:25 ERROR /home/bsc03/bsc03353/forge/src/dispatcher/posix.c:62 140479179368192: single write -1 of expected 32768
03:18:25 ERROR /home/bsc03/bsc03353/forge/src/dispatcher/posix.c:61 140477031880448: r->filehandle = 36, r->size = 32768, r->offset = 4554752
03:18:25 ERROR /home/bsc03/bsc03353/forge/src/dispatcher/posix.c:62 140477031880448: single write -1 of expected 32768
03:18:25 ERROR /home/bsc03/bsc03353/forge/src/dispatcher/posix.c:61 139981556881152: r->filehandle = 36, r->size = 32768, r->offset = 4947968
03:18:25 ERROR /home/bsc03/bsc03353/forge/src/dispatcher/posix.c:62 139981556881152: single write -1 of expected 32768
03:18:26 ERROR /home/bsc03/bsc03353/forge/src/dispatcher/posix.c:61 139990146832128: r->filehandle = 36, r->size = 32768, r->offset = 5406720
03:18:26 ERROR /home/bsc03/bsc03353/forge/src/dispatcher/posix.c:62 139990146832128: single write -1 of expected 32768
03:18:26 ERROR /home/bsc03/bsc03353/forge/src/dispatcher/posix.c:61 139963004212992: r->filehandle = 35, r->size = 32768, r->offset = 294912
03:18:26 ERROR /home/bsc03/bsc03353/forge/src/dispatcher/posix.c:62 139963004212992: single write -1 of expected 32768
03:18:26 ERROR /home/bsc03/bsc03353/forge/src/dispatcher/posix.c:61 139975889139456: r->filehandle = 35, r->size = 32768, r->offset = 32768
03:18:26 ERROR /home/bsc03/bsc03353/forge/src/dispatcher/posix.c:62 139975889139456: single write -1 of expected 32768
03:18:26 ERROR /home/bsc03/bsc03353/forge/src/dispatcher/posix.c:61 139971594163968: r->filehandle = 35, r->size = 32768, r->offset = 1310720
03:18:26 ERROR /home/bsc03/bsc03353/forge/src/dispatcher/posix.c:62 139971594163968: single write -1 of expected 32768
03:18:27 ERROR /home/bsc03/bsc03353/forge/src/dispatcher/posix.c:61 139954414262016: r->filehandle = 35, r->size = 32768, r->offset = 1081344
03:18:27 ERROR /home/bsc03/bsc03353/forge/src/dispatcher/posix.c:62 139954414262016: single write -1 of expected 32768
03:18:27 ERROR /home/bsc03/bsc03353/forge/src/dispatcher/posix.c:61 139947971798784: r->filehandle = 35, r->size = 32768, r->offset = 1245184
03:18:27 ERROR /home/bsc03/bsc03353/forge/src/dispatcher/posix.c:62 139947971798784: single write -1 of expected 32768
03:18:27 ERROR /home/bsc03/bsc03353/forge/src/dispatcher/posix.c:61 139969446676224: r->filehandle = 35, r->size = 32768, r->offset = 1409024
03:18:27 ERROR /home/bsc03/bsc03353/forge/src/dispatcher/posix.c:62 139969446676224: single write -1 of expected 32768
03:18:28 ERROR /home/bsc03/bsc03353/forge/src/dispatcher/posix.c:61 139973741651712: r->filehandle = 35, r->size = 32768, r->offset = 1540096
03:18:28 ERROR /home/bsc03/bsc03353/forge/src/dispatcher/posix.c:62 139973741651712: single write -1 of expected 32768
03:18:28 ERROR /home/bsc03/bsc03353/forge/src/dispatcher/posix.c:61 139960856725248: r->filehandle = 35, r->size = 32768, r->offset = 131072
03:18:28 ERROR /home/bsc03/bsc03353/forge/src/dispatcher/posix.c:62 139960856725248: single write -1 of expected 32768
03:18:28 ERROR /home/bsc03/bsc03353/forge/src/dispatcher/posix.c:61 139978036627200: r->filehandle = 35, r->size = 32768, r->offset = 983040
03:18:28 ERROR /home/bsc03/bsc03353/forge/src/dispatcher/posix.c:62 139978036627200: single write -1 of expected 32768
03:18:28 ERROR /home/bsc03/bsc03353/forge/src/dispatcher/posix.c:61 139958709237504: r->filehandle = 35, r->size = 32768, r->offset = 786432
03:18:28 ERROR /home/bsc03/bsc03353/forge/src/dispatcher/posix.c:62 139958709237504: single write -1 of expected 32768
03:18:28 ERROR /home/bsc03/bsc03353/forge/src/dispatcher/posix.c:61 139967299188480: r->filehandle = 35, r->size = 32768, r->offset = 1015808
03:18:28 ERROR /home/bsc03/bsc03353/forge/src/dispatcher/posix.c:62 139967299188480: single write -1 of expected 32768
03:18:29 ERROR /home/bsc03/bsc03353/forge/src/dispatcher/posix.c:61 139956561749760: r->filehandle = 35, r->size = 32768, r->offset = 1507328
03:18:29 ERROR /home/bsc03/bsc03353/forge/src/dispatcher/posix.c:62 139956561749760: single write -1 of expected 32768
03:18:29 ERROR /home/bsc03/bsc03353/forge/src/dispatcher/posix.c:61 139952266774272: r->filehandle = 35, r->size = 32768, r->offset = 0
03:18:29 ERROR /home/bsc03/bsc03353/forge/src/dispatcher/posix.c:62 139952266774272: single write -1 of expected 32768
03:18:29 ERROR /home/bsc03/bsc03353/forge/src/dispatcher/posix.c:61 139965151700736: r->filehandle = 35, r->size = 32768, r->offset = 917504
03:18:29 ERROR /home/bsc03/bsc03353/forge/src/dispatcher/posix.c:62 139965151700736: single write -1 of expected 32768
03:18:30 ERROR /home/bsc03/bsc03353/forge/src/dispatcher/posix.c:61 139950119286528: r->filehandle = 35, r->size = 32768, r->offset = 229376
03:18:30 ERROR /home/bsc03/bsc03353/forge/src/dispatcher/posix.c:62 139950119286528: single write -1 of expected 32768
03:18:30 ERROR /home/bsc03/bsc03353/forge/src/dispatcher/posix.c:61 139945824311040: r->filehandle = 35, r->size = 32768, r->offset = 491520
03:18:30 ERROR /home/bsc03/bsc03353/forge/src/dispatcher/posix.c:62 139945824311040: single write -1 of expected 32768
03:18:30 ERROR /home/bsc03/bsc03353/forge/src/dispatcher/posix.c:61 140498468357888: r->filehandle = 36, r->size = 32768, r->offset = 2654208
03:18:30 ERROR /home/bsc03/bsc03353/forge/src/dispatcher/posix.c:62 140498468357888: single write -1 of expected 32768
03:18:30 ERROR /home/bsc03/bsc03353/forge/src/dispatcher/posix.c:61 140457704490752: r->filehandle = 36, r->size = 32768, r->offset = 3604480
03:18:30 ERROR /home/bsc03/bsc03353/forge/src/dispatcher/posix.c:62 140457704490752: single write -1 of expected 32768
03:18:31 ERROR /home/bsc03/bsc03353/forge/src/dispatcher/posix.c:61 140500615845632: r->filehandle = 36, r->size = 32768, r->offset = 1572864
03:18:31 ERROR /home/bsc03/bsc03353/forge/src/dispatcher/posix.c:62 140500615845632: single write -1 of expected 32768
03:18:31 ERROR /home/bsc03/bsc03353/forge/src/dispatcher/posix.c:61 140487730919168: r->filehandle = 36, r->size = 32768, r->offset = 1933312
03:18:31 ERROR /home/bsc03/bsc03353/forge/src/dispatcher/posix.c:62 140487730919168: single write -1 of expected 32768
03:18:31 ERROR /home/bsc03/bsc03353/forge/src/dispatcher/posix.c:61 140517795747584: r->filehandle = 36, r->size = 32768, r->offset = 1802240
03:18:31 ERROR /home/bsc03/bsc03353/forge/src/dispatcher/posix.c:62 140517795747584: single write -1 of expected 32768
03:18:31 ERROR /home/bsc03/bsc03353/forge/src/dispatcher/posix.c:61 140504910821120: r->filehandle = 36, r->size = 32768, r->offset = 2523136
03:18:31 ERROR /home/bsc03/bsc03353/forge/src/dispatcher/posix.c:62 140504910821120: single write -1 of expected 32768
03:18:31 ERROR /home/bsc03/bsc03353/forge/src/dispatcher/posix.c:61 139990146832128: r->filehandle = 36, r->size = 32768, r->offset = 11403264
03:18:31 ERROR /home/bsc03/bsc03353/forge/src/dispatcher/posix.c:62 139990146832128: single write -1 of expected 32768
03:18:32 ERROR /home/bsc03/bsc03353/forge/src/dispatcher/posix.c:61 139978036627200: r->filehandle = 35, r->size = 32768, r->offset = 1474560
03:18:32 ERROR /home/bsc03/bsc03353/forge/src/dispatcher/posix.c:62 139978036627200: single write -1 of expected 32768
03:18:32 ERROR /home/bsc03/bsc03353/forge/src/dispatcher/posix.c:61 139969446676224: r->filehandle = 35, r->size = 32768, r->offset = 819200
03:18:32 ERROR /home/bsc03/bsc03353/forge/src/dispatcher/posix.c:62 139969446676224: single write -1 of expected 32768
03:18:32 ERROR /home/bsc03/bsc03353/forge/src/dispatcher/posix.c:61 139967299188480: r->filehandle = 35, r->size = 32768, r->offset = 6356992
03:18:32 ERROR /home/bsc03/bsc03353/forge/src/dispatcher/posix.c:62 139967299188480: single write -1 of expected 32768
03:18:32 ERROR /home/bsc03/bsc03353/forge/src/dispatcher/posix.c:61 139950119286528: r->filehandle = 35, r->size = 32768, r->offset = 6815744
03:18:32 ERROR /home/bsc03/bsc03353/forge/src/dispatcher/posix.c:62 139950119286528: single write -1 of expected 32768
03:18:33 ERROR /home/bsc03/bsc03353/forge/src/dispatcher/posix.c:61 139954414262016: r->filehandle = 35, r->size = 32768, r->offset = 1277952
03:18:33 ERROR /home/bsc03/bsc03353/forge/src/dispatcher/posix.c:62 139954414262016: single write -1 of expected 32768
03:18:33 ERROR /home/bsc03/bsc03353/forge/src/dispatcher/posix.c:61 139945824311040: r->filehandle = 35, r->size = 32768, r->offset = 6553600
03:18:33 ERROR /home/bsc03/bsc03353/forge/src/dispatcher/posix.c:62 139945824311040: single write -1 of expected 32768
03:18:33 ERROR /home/bsc03/bsc03353/forge/src/dispatcher/posix.c:61 139971594163968: r->filehandle = 35, r->size = 32768, r->offset = 1343488
03:18:33 ERROR /home/bsc03/bsc03353/forge/src/dispatcher/posix.c:62 139971594163968: single write -1 of expected 32768
03:18:33 ERROR /home/bsc03/bsc03353/forge/src/dispatcher/posix.c:61 139952266774272: r->filehandle = 35, r->size = 32768, r->offset = 6684672
03:18:33 ERROR /home/bsc03/bsc03353/forge/src/dispatcher/posix.c:62 139952266774272: single write -1 of expected 32768
03:18:34 ERROR /home/bsc03/bsc03353/forge/src/dispatcher/posix.c:61 139975889139456: r->filehandle = 35, r->size = 32768, r->offset = 655360
03:18:34 ERROR /home/bsc03/bsc03353/forge/src/dispatcher/posix.c:62 139975889139456: single write -1 of expected 32768
03:18:34 ERROR /home/bsc03/bsc03353/forge/src/dispatcher/posix.c:61 139958709237504: r->filehandle = 35, r->size = 32768, r->offset = 1146880
03:18:34 ERROR /home/bsc03/bsc03353/forge/src/dispatcher/posix.c:62 139958709237504: single write -1 of expected 32768
03:18:34 ERROR /home/bsc03/bsc03353/forge/src/dispatcher/posix.c:61 139963004212992: r->filehandle = 35, r->size = 32768, r->offset = 753664
03:18:34 ERROR /home/bsc03/bsc03353/forge/src/dispatcher/posix.c:62 139963004212992: single write -1 of expected 32768
03:18:34 ERROR /home/bsc03/bsc03353/forge/src/dispatcher/posix.c:61 139973741651712: r->filehandle = 35, r->size = 32768, r->offset = 589824
03:18:34 ERROR /home/bsc03/bsc03353/forge/src/dispatcher/posix.c:62 139973741651712: single write -1 of expected 32768
03:18:34 ERROR /home/bsc03/bsc03353/forge/src/dispatcher/posix.c:61 139956561749760: r->filehandle = 35, r->size = 32768, r->offset = 7340032
03:18:34 ERROR /home/bsc03/bsc03353/forge/src/dispatcher/posix.c:62 139956561749760: single write -1 of expected 32768
03:18:35 ERROR /home/bsc03/bsc03353/forge/src/dispatcher/posix.c:61 139947971798784: r->filehandle = 35, r->size = 32768, r->offset = 163840
03:18:35 ERROR /home/bsc03/bsc03353/forge/src/dispatcher/posix.c:62 139947971798784: single write -1 of expected 32768
03:18:35 ERROR /home/bsc03/bsc03353/forge/src/dispatcher/posix.c:61 139960856725248: r->filehandle = 35, r->size = 32768, r->offset = 425984
03:18:35 ERROR /home/bsc03/bsc03353/forge/src/dispatcher/posix.c:62 139960856725248: single write -1 of expected 32768
03:18:35 ERROR /home/bsc03/bsc03353/forge/src/dispatcher/posix.c:61 139965151700736: r->filehandle = 35, r->size = 32768, r->offset = 6488064
03:18:35 ERROR /home/bsc03/bsc03353/forge/src/dispatcher/posix.c:62 139965151700736: single write -1 of expected 32768
03:18:35 ERROR /home/bsc03/bsc03353/forge/src/dispatcher/posix.c:61 140000884270848: r->filehandle = 36, r->size = 32768, r->offset = 5537792
03:18:35 ERROR /home/bsc03/bsc03353/forge/src/dispatcher/posix.c:62 140000884270848: single write -1 of expected 32768
03:18:36 ERROR /home/bsc03/bsc03353/forge/src/dispatcher/posix.c:61 140468441929472: r->filehandle = 36, r->size = 32768, r->offset = 3670016
03:18:36 ERROR /home/bsc03/bsc03353/forge/src/dispatcher/posix.c:62 140468441929472: single write -1 of expected 32768
03:18:36 ERROR /home/bsc03/bsc03353/forge/src/dispatcher/posix.c:61 140509205796608: r->filehandle = 36, r->size = 32768, r->offset = 2359296
03:18:36 ERROR /home/bsc03/bsc03353/forge/src/dispatcher/posix.c:62 140509205796608: single write -1 of expected 32768
03:18:36 ERROR /home/bsc03/bsc03353/forge/src/dispatcher/posix.c:61 139954414262016: r->filehandle = 35, r->size = 32768, r->offset = 6914048
03:18:36 ERROR /home/bsc03/bsc03353/forge/src/dispatcher/posix.c:62 139954414262016: single write -1 of expected 32768
03:18:37 ERROR /home/bsc03/bsc03353/forge/src/dispatcher/posix.c:61 139973741651712: r->filehandle = 35, r->size = 32768, r->offset = 7667712
03:18:37 ERROR /home/bsc03/bsc03353/forge/src/dispatcher/posix.c:62 139973741651712: single write -1 of expected 32768
03:18:37 ERROR /home/bsc03/bsc03353/forge/src/dispatcher/posix.c:61 139963004212992: r->filehandle = 35, r->size = 32768, r->offset = 7536640
03:18:37 ERROR /home/bsc03/bsc03353/forge/src/dispatcher/posix.c:62 139963004212992: single write -1 of expected 32768
03:18:37 ERROR /home/bsc03/bsc03353/forge/src/dispatcher/posix.c:61 139952266774272: r->filehandle = 35, r->size = 32768, r->offset = 7602176
03:18:37 ERROR /home/bsc03/bsc03353/forge/src/dispatcher/posix.c:62 139952266774272: single write -1 of expected 32768
03:18:37 ERROR /home/bsc03/bsc03353/forge/src/dispatcher/posix.c:61 139958709237504: r->filehandle = 35, r->size = 32768, r->offset = 884736
03:18:37 ERROR /home/bsc03/bsc03353/forge/src/dispatcher/posix.c:62 139958709237504: single write -1 of expected 32768
03:18:38 ERROR /home/bsc03/bsc03353/forge/src/dispatcher/posix.c:61 139967299188480: r->filehandle = 35, r->size = 32768, r->offset = 7733248
03:18:38 ERROR /home/bsc03/bsc03353/forge/src/dispatcher/posix.c:62 139967299188480: single write -1 of expected 32768
03:18:38 ERROR /home/bsc03/bsc03353/forge/src/dispatcher/posix.c:61 139945824311040: r->filehandle = 35, r->size = 32768, r->offset = 6389760
03:18:38 ERROR /home/bsc03/bsc03353/forge/src/dispatcher/posix.c:62 139945824311040: single write -1 of expected 32768
03:18:38 ERROR /home/bsc03/bsc03353/forge/src/dispatcher/posix.c:61 139960856725248: r->filehandle = 35, r->size = 32768, r->offset = 950272
03:18:38 ERROR /home/bsc03/bsc03353/forge/src/dispatcher/posix.c:62 139960856725248: single write -1 of expected 32768
03:18:39 ERROR /home/bsc03/bsc03353/forge/src/dispatcher/posix.c:61 139975889139456: r->filehandle = 35, r->size = 32768, r->offset = 720896
03:18:39 ERROR /home/bsc03/bsc03353/forge/src/dispatcher/posix.c:62 139975889139456: single write -1 of expected 32768
03:18:39 ERROR /home/bsc03/bsc03353/forge/src/dispatcher/posix.c:61 139965151700736: r->filehandle = 35, r->size = 32768, r->offset = 6750208
03:18:39 ERROR /home/bsc03/bsc03353/forge/src/dispatcher/posix.c:62 139965151700736: single write -1 of expected 32768
03:18:39 ERROR /home/bsc03/bsc03353/forge/src/dispatcher/posix.c:61 139971594163968: r->filehandle = 35, r->size = 32768, r->offset = 6619136
03:18:39 ERROR /home/bsc03/bsc03353/forge/src/dispatcher/posix.c:62 139971594163968: single write -1 of expected 32768
03:18:39 ERROR /home/bsc03/bsc03353/forge/src/dispatcher/posix.c:61 139950119286528: r->filehandle = 35, r->size = 32768, r->offset = 7405568
03:18:39 ERROR /home/bsc03/bsc03353/forge/src/dispatcher/posix.c:62 139950119286528: single write -1 of expected 32768
03:18:39 ERROR /home/bsc03/bsc03353/forge/src/dispatcher/posix.c:61 139969446676224: r->filehandle = 35, r->size = 32768, r->offset = 1212416
03:18:39 ERROR /home/bsc03/bsc03353/forge/src/dispatcher/posix.c:62 139969446676224: single write -1 of expected 32768
03:18:40 ERROR /home/bsc03/bsc03353/forge/src/dispatcher/posix.c:61 139956561749760: r->filehandle = 35, r->size = 32768, r->offset = 7471104
03:18:40 ERROR /home/bsc03/bsc03353/forge/src/dispatcher/posix.c:62 139956561749760: single write -1 of expected 32768
03:18:40 ERROR /home/bsc03/bsc03353/forge/src/dispatcher/posix.c:61 139978036627200: r->filehandle = 35, r->size = 32768, r->offset = 6651904
03:18:40 ERROR /home/bsc03/bsc03353/forge/src/dispatcher/posix.c:62 139978036627200: single write -1 of expected 32768
03:18:40 ERROR /home/bsc03/bsc03353/forge/src/dispatcher/posix.c:61 139947971798784: r->filehandle = 35, r->size = 32768, r->offset = 6422528
03:18:40 ERROR /home/bsc03/bsc03353/forge/src/dispatcher/posix.c:62 139947971798784: single write -1 of expected 32768
03:18:40 ERROR /home/bsc03/bsc03353/forge/src/dispatcher/posix.c:61 139981556881152: r->filehandle = 36, r->size = 32768, r->offset = 12386304
03:18:40 ERROR /home/bsc03/bsc03353/forge/src/dispatcher/posix.c:62 139981556881152: single write -1 of expected 32768
03:18:41 ERROR /home/bsc03/bsc03353/forge/src/dispatcher/posix.c:61 139979409393408: r->filehandle = 36, r->size = 32768, r->offset = 5144576
03:18:41 ERROR /home/bsc03/bsc03353/forge/src/dispatcher/posix.c:62 139979409393408: single write -1 of expected 32768
03:18:41 ERROR /home/bsc03/bsc03353/forge/src/dispatcher/posix.c:61 140459851978496: r->filehandle = 36, r->size = 32768, r->offset = 4587520
03:18:41 ERROR /home/bsc03/bsc03353/forge/src/dispatcher/posix.c:62 140459851978496: single write -1 of expected 32768
03:18:41 ERROR /home/bsc03/bsc03353/forge/src/dispatcher/posix.c:61 140455557003008: r->filehandle = 36, r->size = 32768, r->offset = 3473408
03:18:41 ERROR /home/bsc03/bsc03353/forge/src/dispatcher/posix.c:62 140455557003008: single write -1 of expected 32768
03:18:41 ERROR /home/bsc03/bsc03353/forge/src/dispatcher/posix.c:61 140498468357888: r->filehandle = 36, r->size = 32768, r->offset = 1736704
03:18:41 ERROR /home/bsc03/bsc03353/forge/src/dispatcher/posix.c:62 140498468357888: single write -1 of expected 32768
03:18:41 ERROR /home/bsc03/bsc03353/forge/src/dispatcher/posix.c:61 140489878406912: r->filehandle = 36, r->size = 32768, r->offset = 1769472
03:18:41 ERROR /home/bsc03/bsc03353/forge/src/dispatcher/posix.c:62 140489878406912: single write -1 of expected 32768
03:18:42 ERROR /home/bsc03/bsc03353/forge/src/dispatcher/posix.c:61 140515648259840: r->filehandle = 36, r->size = 32768, r->offset = 2850816
03:18:42 ERROR /home/bsc03/bsc03353/forge/src/dispatcher/posix.c:62 140515648259840: single write -1 of expected 32768
03:18:42 ERROR /home/bsc03/bsc03353/forge/src/dispatcher/posix.c:61 140509205796608: r->filehandle = 36, r->size = 32768, r->offset = 2719744
03:18:42 ERROR /home/bsc03/bsc03353/forge/src/dispatcher/posix.c:62 140509205796608: single write -1 of expected 32768
03:18:42 ERROR /home/bsc03/bsc03353/forge/src/dispatcher/posix.c:61 140519943235328: r->filehandle = 36, r->size = 32768, r->offset = 3014656
03:18:42 ERROR /home/bsc03/bsc03353/forge/src/dispatcher/posix.c:62 140519943235328: single write -1 of expected 32768
03:18:42 ERROR /home/bsc03/bsc03353/forge/src/dispatcher/posix.c:61 139958709237504: r->filehandle = 35, r->size = 32768, r->offset = 7372800
03:18:42 ERROR /home/bsc03/bsc03353/forge/src/dispatcher/posix.c:62 139958709237504: single write -1 of expected 32768
03:18:43 ERROR /home/bsc03/bsc03353/forge/src/dispatcher/posix.c:61 139975889139456: r->filehandle = 35, r->size = 32768, r->offset = 6291456
03:18:43 ERROR /home/bsc03/bsc03353/forge/src/dispatcher/posix.c:62 139975889139456: single write -1 of expected 32768
03:18:43 ERROR /home/bsc03/bsc03353/forge/src/dispatcher/posix.c:61 139971594163968: r->filehandle = 35, r->size = 32768, r->offset = 13107200
03:18:43 ERROR /home/bsc03/bsc03353/forge/src/dispatcher/posix.c:62 139971594163968: single write -1 of expected 32768
03:18:43 ERROR /home/bsc03/bsc03353/forge/src/dispatcher/posix.c:61 139956561749760: r->filehandle = 35, r->size = 32768, r->offset = 12845056
03:18:43 ERROR /home/bsc03/bsc03353/forge/src/dispatcher/posix.c:62 139956561749760: single write -1 of expected 32768
03:18:43 ERROR /home/bsc03/bsc03353/forge/src/dispatcher/posix.c:61 139967299188480: r->filehandle = 35, r->size = 32768, r->offset = 7798784
03:18:43 ERROR /home/bsc03/bsc03353/forge/src/dispatcher/posix.c:62 139967299188480: single write -1 of expected 32768
03:18:43 ERROR /home/bsc03/bsc03353/forge/src/dispatcher/posix.c:61 139945824311040: r->filehandle = 35, r->size = 32768, r->offset = 7143424
03:18:43 ERROR /home/bsc03/bsc03353/forge/src/dispatcher/posix.c:62 139945824311040: single write -1 of expected 32768
03:18:44 ERROR /home/bsc03/bsc03353/forge/src/dispatcher/posix.c:61 139978036627200: r->filehandle = 35, r->size = 32768, r->offset = 12976128
03:18:44 ERROR /home/bsc03/bsc03353/forge/src/dispatcher/posix.c:62 139978036627200: single write -1 of expected 32768
03:18:44 ERROR /home/bsc03/bsc03353/forge/src/dispatcher/posix.c:61 139954414262016: r->filehandle = 35, r->size = 32768, r->offset = 7700480
03:18:44 ERROR /home/bsc03/bsc03353/forge/src/dispatcher/posix.c:62 139954414262016: single write -1 of expected 32768
03:18:44 ERROR /home/bsc03/bsc03353/forge/src/dispatcher/posix.c:61 139947971798784: r->filehandle = 35, r->size = 32768, r->offset = 6520832
03:18:44 ERROR /home/bsc03/bsc03353/forge/src/dispatcher/posix.c:62 139947971798784: single write -1 of expected 32768
03:18:44 ERROR /home/bsc03/bsc03353/forge/src/dispatcher/posix.c:61 139960856725248: r->filehandle = 35, r->size = 32768, r->offset = 7208960
03:18:44 ERROR /home/bsc03/bsc03353/forge/src/dispatcher/posix.c:62 139960856725248: single write -1 of expected 32768
03:18:45 ERROR /home/bsc03/bsc03353/forge/src/dispatcher/posix.c:61 139963004212992: r->filehandle = 35, r->size = 32768, r->offset = 7274496
03:18:45 ERROR /home/bsc03/bsc03353/forge/src/dispatcher/posix.c:62 139963004212992: single write -1 of expected 32768
03:18:45 ERROR /home/bsc03/bsc03353/forge/src/dispatcher/posix.c:61 139973741651712: r->filehandle = 35, r->size = 32768, r->offset = 7831552
03:18:45 ERROR /home/bsc03/bsc03353/forge/src/dispatcher/posix.c:62 139973741651712: single write -1 of expected 32768
03:18:45 ERROR /home/bsc03/bsc03353/forge/src/dispatcher/posix.c:61 139950119286528: r->filehandle = 35, r->size = 32768, r->offset = 7766016
03:18:45 ERROR /home/bsc03/bsc03353/forge/src/dispatcher/posix.c:62 139950119286528: single write -1 of expected 32768
03:18:45 ERROR /home/bsc03/bsc03353/forge/src/dispatcher/posix.c:61 139965151700736: r->filehandle = 35, r->size = 32768, r->offset = 12648448
03:18:45 ERROR /home/bsc03/bsc03353/forge/src/dispatcher/posix.c:62 139965151700736: single write -1 of expected 32768
03:18:46 ERROR /home/bsc03/bsc03353/forge/src/dispatcher/posix.c:61 139969446676224: r->filehandle = 35, r->size = 32768, r->offset = 557056
03:18:46 ERROR /home/bsc03/bsc03353/forge/src/dispatcher/posix.c:62 139969446676224: single write -1 of expected 32768
03:18:46 ERROR /home/bsc03/bsc03353/forge/src/dispatcher/posix.c:61 139952266774272: r->filehandle = 35, r->size = 32768, r->offset = 7307264
03:18:46 ERROR /home/bsc03/bsc03353/forge/src/dispatcher/posix.c:62 139952266774272: single write -1 of expected 32768
03:18:46 ERROR /home/bsc03/bsc03353/forge/src/dispatcher/posix.c:61 140005179246336: r->filehandle = 36, r->size = 32768, r->offset = 6193152
03:18:46 ERROR /home/bsc03/bsc03353/forge/src/dispatcher/posix.c:62 140005179246336: single write -1 of expected 32768
03:18:46 ERROR /home/bsc03/bsc03353/forge/src/dispatcher/posix.c:61 139987999344384: r->filehandle = 36, r->size = 32768, r->offset = 4751360
03:18:46 ERROR /home/bsc03/bsc03353/forge/src/dispatcher/posix.c:62 139987999344384: single write -1 of expected 32768
03:18:46 ERROR /home/bsc03/bsc03353/forge/src/dispatcher/posix.c:61 139998736783104: r->filehandle = 36, r->size = 32768, r->offset = 5472256
03:18:46 ERROR /home/bsc03/bsc03353/forge/src/dispatcher/posix.c:62 139998736783104: single write -1 of expected 32768
03:18:47 ERROR /home/bsc03/bsc03353/forge/src/dispatcher/posix.c:61 139972966930176: r->filehandle = 36, r->size = 32768, r->offset = 4882432
03:18:47 ERROR /home/bsc03/bsc03353/forge/src/dispatcher/posix.c:62 139972966930176: single write -1 of expected 32768
03:18:47 ERROR /home/bsc03/bsc03353/forge/src/dispatcher/posix.c:61 139994441807616: r->filehandle = 36, r->size = 32768, r->offset = 5996544
03:18:47 ERROR /home/bsc03/bsc03353/forge/src/dispatcher/posix.c:62 139994441807616: single write -1 of expected 32768
03:18:47 ERROR /home/bsc03/bsc03353/forge/src/dispatcher/posix.c:61 140455557003008: r->filehandle = 36, r->size = 32768, r->offset = 4620288
03:18:47 ERROR /home/bsc03/bsc03353/forge/src/dispatcher/posix.c:62 140455557003008: single write -1 of expected 32768
03:18:47 ERROR /home/bsc03/bsc03353/forge/src/dispatcher/posix.c:61 139960856725248: r->filehandle = 35, r->size = 32768, r->offset = 13959168
03:18:47 ERROR /home/bsc03/bsc03353/forge/src/dispatcher/posix.c:62 139960856725248: single write -1 of expected 32768
03:18:48 ERROR /home/bsc03/bsc03353/forge/src/dispatcher/posix.c:61 139967299188480: r->filehandle = 35, r->size = 32768, r->offset = 7569408
03:18:48 ERROR /home/bsc03/bsc03353/forge/src/dispatcher/posix.c:62 139967299188480: single write -1 of expected 32768
03:18:48 ERROR /home/bsc03/bsc03353/forge/src/dispatcher/posix.c:61 139973741651712: r->filehandle = 35, r->size = 32768, r->offset = 13828096
03:18:48 ERROR /home/bsc03/bsc03353/forge/src/dispatcher/posix.c:62 139973741651712: single write -1 of expected 32768
03:18:48 ERROR /home/bsc03/bsc03353/forge/src/dispatcher/posix.c:61 139958709237504: r->filehandle = 35, r->size = 32768, r->offset = 13631488
03:18:48 ERROR /home/bsc03/bsc03353/forge/src/dispatcher/posix.c:62 139958709237504: single write -1 of expected 32768
03:18:48 ERROR /home/bsc03/bsc03353/forge/src/dispatcher/posix.c:61 139954414262016: r->filehandle = 35, r->size = 32768, r->offset = 6782976
03:18:48 ERROR /home/bsc03/bsc03353/forge/src/dispatcher/posix.c:62 139954414262016: single write -1 of expected 32768
03:18:48 ERROR /home/bsc03/bsc03353/forge/src/dispatcher/posix.c:61 139975889139456: r->filehandle = 35, r->size = 32768, r->offset = 12779520
03:18:48 ERROR /home/bsc03/bsc03353/forge/src/dispatcher/posix.c:62 139975889139456: single write -1 of expected 32768
03:18:49 ERROR /home/bsc03/bsc03353/forge/src/dispatcher/posix.c:61 139978036627200: r->filehandle = 35, r->size = 32768, r->offset = 6455296
03:18:49 ERROR /home/bsc03/bsc03353/forge/src/dispatcher/posix.c:62 139978036627200: single write -1 of expected 32768
03:18:49 ERROR /home/bsc03/bsc03353/forge/src/dispatcher/posix.c:61 139950119286528: r->filehandle = 35, r->size = 32768, r->offset = 13893632
03:18:49 ERROR /home/bsc03/bsc03353/forge/src/dispatcher/posix.c:62 139950119286528: single write -1 of expected 32768
03:18:49 ERROR /home/bsc03/bsc03353/forge/src/dispatcher/posix.c:61 139952266774272: r->filehandle = 35, r->size = 32768, r->offset = 7077888
03:18:49 ERROR /home/bsc03/bsc03353/forge/src/dispatcher/posix.c:62 139952266774272: single write -1 of expected 32768
03:18:49 ERROR /home/bsc03/bsc03353/forge/src/dispatcher/posix.c:61 139945824311040: r->filehandle = 35, r->size = 32768, r->offset = 7634944
03:18:49 ERROR /home/bsc03/bsc03353/forge/src/dispatcher/posix.c:62 139945824311040: single write -1 of expected 32768
03:18:50 ERROR /home/bsc03/bsc03353/forge/src/dispatcher/posix.c:61 139965151700736: r->filehandle = 35, r->size = 32768, r->offset = 14024704
03:18:50 ERROR /home/bsc03/bsc03353/forge/src/dispatcher/posix.c:62 139965151700736: single write -1 of expected 32768
03:18:50 ERROR /home/bsc03/bsc03353/forge/src/dispatcher/posix.c:61 139969446676224: r->filehandle = 35, r->size = 32768, r->offset = 688128
03:18:50 ERROR /home/bsc03/bsc03353/forge/src/dispatcher/posix.c:62 139969446676224: single write -1 of expected 32768
03:18:50 ERROR /home/bsc03/bsc03353/forge/src/dispatcher/posix.c:61 139947971798784: r->filehandle = 35, r->size = 32768, r->offset = 13205504
03:18:50 ERROR /home/bsc03/bsc03353/forge/src/dispatcher/posix.c:62 139947971798784: single write -1 of expected 32768
03:18:50 ERROR /home/bsc03/bsc03353/forge/src/dispatcher/posix.c:61 139971594163968: r->filehandle = 35, r->size = 32768, r->offset = 6586368
03:18:50 ERROR /home/bsc03/bsc03353/forge/src/dispatcher/posix.c:62 139971594163968: single write -1 of expected 32768
03:18:50 ERROR /home/bsc03/bsc03353/forge/src/dispatcher/posix.c:61 139956561749760: r->filehandle = 35, r->size = 32768, r->offset = 7045120
03:18:50 ERROR /home/bsc03/bsc03353/forge/src/dispatcher/posix.c:62 139956561749760: single write -1 of expected 32768
03:18:51 ERROR /home/bsc03/bsc03353/forge/src/dispatcher/posix.c:61 139963004212992: r->filehandle = 35, r->size = 32768, r->offset = 6881280
03:18:51 ERROR /home/bsc03/bsc03353/forge/src/dispatcher/posix.c:62 139963004212992: single write -1 of expected 32768
03:18:51 ERROR /home/bsc03/bsc03353/forge/src/dispatcher/posix.c:61 140519943235328: r->filehandle = 36, r->size = 32768, r->offset = 2129920
03:18:51 ERROR /home/bsc03/bsc03353/forge/src/dispatcher/posix.c:62 140519943235328: single write -1 of expected 32768
03:18:51 ERROR /home/bsc03/bsc03353/forge/src/dispatcher/posix.c:61 140511353284352: r->filehandle = 36, r->size = 32768, r->offset = 1966080
03:18:51 ERROR /home/bsc03/bsc03353/forge/src/dispatcher/posix.c:62 140511353284352: single write -1 of expected 32768
03:18:51 ERROR /home/bsc03/bsc03353/forge/src/dispatcher/posix.c:61 140492025894656: r->filehandle = 36, r->size = 32768, r->offset = 2097152
03:18:51 ERROR /home/bsc03/bsc03353/forge/src/dispatcher/posix.c:62 140492025894656: single write -1 of expected 32768
03:18:52 ERROR /home/bsc03/bsc03353/forge/src/dispatcher/posix.c:61 140507058308864: r->filehandle = 36, r->size = 32768, r->offset = 3112960
03:18:52 ERROR /home/bsc03/bsc03353/forge/src/dispatcher/posix.c:62 140507058308864: single write -1 of expected 32768
03:18:52 ERROR /home/bsc03/bsc03353/forge/src/dispatcher/posix.c:61 140494173382400: r->filehandle = 36, r->size = 32768, r->offset = 2064384
03:18:52 ERROR /home/bsc03/bsc03353/forge/src/dispatcher/posix.c:62 140494173382400: single write -1 of expected 32768
03:18:52 ERROR /home/bsc03/bsc03353/forge/src/dispatcher/posix.c:61 139983704368896: r->filehandle = 36, r->size = 32768, r->offset = 5799936
03:18:52 ERROR /home/bsc03/bsc03353/forge/src/dispatcher/posix.c:62 139983704368896: single write -1 of expected 32768
03:18:52 ERROR /home/bsc03/bsc03353/forge/src/dispatcher/posix.c:61 140459851978496: r->filehandle = 36, r->size = 32768, r->offset = 4259840
03:18:52 ERROR /home/bsc03/bsc03353/forge/src/dispatcher/posix.c:62 140459851978496: single write -1 of expected 32768
03:18:53 ERROR /home/bsc03/bsc03353/forge/src/dispatcher/posix.c:61 140496320870144: r->filehandle = 36, r->size = 32768, r->offset = 2916352
03:18:53 ERROR /home/bsc03/bsc03353/forge/src/dispatcher/posix.c:62 140496320870144: single write -1 of expected 32768
03:18:53 ERROR /home/bsc03/bsc03353/forge/src/dispatcher/posix.c:61 139952266774272: r->filehandle = 35, r->size = 32768, r->offset = 13697024
03:18:53 ERROR /home/bsc03/bsc03353/forge/src/dispatcher/posix.c:62 139952266774272: single write -1 of expected 32768
03:18:53 ERROR /home/bsc03/bsc03353/forge/src/dispatcher/posix.c:61 139975114417920: r->filehandle = 36, r->size = 32768, r->offset = 6258688
03:18:53 ERROR /home/bsc03/bsc03353/forge/src/dispatcher/posix.c:62 139975114417920: single write -1 of expected 32768
03:18:53 ERROR /home/bsc03/bsc03353/forge/src/dispatcher/posix.c:61 139981556881152: r->filehandle = 36, r->size = 32768, r->offset = 11108352
03:18:53 ERROR /home/bsc03/bsc03353/forge/src/dispatcher/posix.c:62 139981556881152: single write -1 of expected 32768
03:18:53 ERROR /home/bsc03/bsc03353/forge/src/dispatcher/posix.c:61 140000884270848: r->filehandle = 36, r->size = 32768, r->offset = 11141120
03:18:53 ERROR /home/bsc03/bsc03353/forge/src/dispatcher/posix.c:62 140000884270848: single write -1 of expected 32768
03:18:54 ERROR /home/bsc03/bsc03353/forge/src/dispatcher/posix.c:61 140003031758592: r->filehandle = 36, r->size = 32768, r->offset = 5668864
03:18:54 ERROR /home/bsc03/bsc03353/forge/src/dispatcher/posix.c:62 140003031758592: single write -1 of expected 32768
03:18:54 ERROR /home/bsc03/bsc03353/forge/src/dispatcher/posix.c:61 139987999344384: r->filehandle = 36, r->size = 32768, r->offset = 12156928
03:18:54 ERROR /home/bsc03/bsc03353/forge/src/dispatcher/posix.c:62 139987999344384: single write -1 of expected 32768
03:18:54 ERROR /home/bsc03/bsc03353/forge/src/dispatcher/posix.c:61 140509205796608: r->filehandle = 36, r->size = 32768, r->offset = 2457600
03:18:54 ERROR /home/bsc03/bsc03353/forge/src/dispatcher/posix.c:62 140509205796608: single write -1 of expected 32768
03:18:54 ERROR /home/bsc03/bsc03353/forge/src/dispatcher/posix.c:61 140487730919168: r->filehandle = 36, r->size = 32768, r->offset = 1835008
03:18:54 ERROR /home/bsc03/bsc03353/forge/src/dispatcher/posix.c:62 140487730919168: single write -1 of expected 32768
03:18:55 ERROR /home/bsc03/bsc03353/forge/src/dispatcher/posix.c:61 140502763333376: r->filehandle = 36, r->size = 32768, r->offset = 1998848
03:18:55 ERROR /home/bsc03/bsc03353/forge/src/dispatcher/posix.c:62 140502763333376: single write -1 of expected 32768
03:18:55 ERROR /home/bsc03/bsc03353/forge/src/dispatcher/posix.c:61 139950119286528: r->filehandle = 35, r->size = 32768, r->offset = 6324224
03:18:55 ERROR /home/bsc03/bsc03353/forge/src/dispatcher/posix.c:62 139950119286528: single write -1 of expected 32768
03:18:55 ERROR /home/bsc03/bsc03353/forge/src/dispatcher/posix.c:61 139960856725248: r->filehandle = 35, r->size = 32768, r->offset = 7176192
03:18:55 ERROR /home/bsc03/bsc03353/forge/src/dispatcher/posix.c:62 139960856725248: single write -1 of expected 32768
03:18:55 ERROR /home/bsc03/bsc03353/forge/src/dispatcher/posix.c:61 140468441929472: r->filehandle = 36, r->size = 32768, r->offset = 4227072
03:18:55 ERROR /home/bsc03/bsc03353/forge/src/dispatcher/posix.c:62 140468441929472: single write -1 of expected 32768
03:18:56 ERROR /home/bsc03/bsc03353/forge/src/dispatcher/posix.c:61 140455557003008: r->filehandle = 36, r->size = 32768, r->offset = 4685824
03:18:56 ERROR /home/bsc03/bsc03353/forge/src/dispatcher/posix.c:62 140455557003008: single write -1 of expected 32768
03:18:56 ERROR /home/bsc03/bsc03353/forge/src/dispatcher/posix.c:61 139996589295360: r->filehandle = 36, r->size = 32768, r->offset = 5931008
03:18:56 ERROR /home/bsc03/bsc03353/forge/src/dispatcher/posix.c:62 139996589295360: single write -1 of expected 32768
03:18:56 ERROR /home/bsc03/bsc03353/forge/src/dispatcher/posix.c:61 140494173382400: r->filehandle = 36, r->size = 32768, r->offset = 8978432
03:18:56 ERROR /home/bsc03/bsc03353/forge/src/dispatcher/posix.c:62 140494173382400: single write -1 of expected 32768
03:18:56 ERROR /home/bsc03/bsc03353/forge/src/dispatcher/posix.c:61 140504910821120: r->filehandle = 36, r->size = 32768, r->offset = 2981888
03:18:56 ERROR /home/bsc03/bsc03353/forge/src/dispatcher/posix.c:62 140504910821120: single write -1 of expected 32768
03:18:56 ERROR /home/bsc03/bsc03353/forge/src/dispatcher/posix.c:61 140511353284352: r->filehandle = 36, r->size = 32768, r->offset = 8519680
03:18:56 ERROR /home/bsc03/bsc03353/forge/src/dispatcher/posix.c:62 140511353284352: single write -1 of expected 32768
03:18:57 ERROR /home/bsc03/bsc03353/forge/src/dispatcher/posix.c:61 139965151700736: r->filehandle = 35, r->size = 32768, r->offset = 13041664
03:18:57 ERROR /home/bsc03/bsc03353/forge/src/dispatcher/posix.c:62 139965151700736: single write -1 of expected 32768
03:18:57 ERROR /home/bsc03/bsc03353/forge/src/dispatcher/posix.c:61 140485621831424: r->filehandle = 36, r->size = 32768, r->offset = 4653056
03:18:57 ERROR /home/bsc03/bsc03353/forge/src/dispatcher/posix.c:62 140485621831424: single write -1 of expected 32768
03:18:57 ERROR /home/bsc03/bsc03353/forge/src/dispatcher/posix.c:61 140517795747584: r->filehandle = 36, r->size = 32768, r->offset = 1867776
03:18:57 ERROR /home/bsc03/bsc03353/forge/src/dispatcher/posix.c:62 140517795747584: single write -1 of expected 32768
03:18:57 ERROR /home/bsc03/bsc03353/forge/src/dispatcher/posix.c:61 140507058308864: r->filehandle = 36, r->size = 32768, r->offset = 8192000
03:18:57 ERROR /home/bsc03/bsc03353/forge/src/dispatcher/posix.c:62 140507058308864: single write -1 of expected 32768
03:18:58 ERROR /home/bsc03/bsc03353/forge/src/dispatcher/posix.c:61 140492025894656: r->filehandle = 36, r->size = 32768, r->offset = 8847360
03:18:58 ERROR /home/bsc03/bsc03353/forge/src/dispatcher/posix.c:62 140492025894656: single write -1 of expected 32768
03:18:58 ERROR /home/bsc03/bsc03353/forge/src/dispatcher/posix.c:61 139956561749760: r->filehandle = 35, r->size = 32768, r->offset = 14090240
03:18:58 ERROR /home/bsc03/bsc03353/forge/src/dispatcher/posix.c:62 139956561749760: single write -1 of expected 32768
03:18:58 ERROR /home/bsc03/bsc03353/forge/src/dispatcher/posix.c:61 139954414262016: r->filehandle = 35, r->size = 32768, r->offset = 7241728
03:18:58 ERROR /home/bsc03/bsc03353/forge/src/dispatcher/posix.c:62 139954414262016: single write -1 of expected 32768
03:18:58 ERROR /home/bsc03/bsc03353/forge/src/dispatcher/posix.c:61 139963004212992: r->filehandle = 35, r->size = 32768, r->offset = 12582912
03:18:58 ERROR /home/bsc03/bsc03353/forge/src/dispatcher/posix.c:62 139963004212992: single write -1 of expected 32768
03:18:58 ERROR /home/bsc03/bsc03353/forge/src/dispatcher/posix.c:61 139945824311040: r->filehandle = 35, r->size = 32768, r->offset = 13762560
03:18:58 ERROR /home/bsc03/bsc03353/forge/src/dispatcher/posix.c:62 139945824311040: single write -1 of expected 32768
03:18:59 ERROR /home/bsc03/bsc03353/forge/src/dispatcher/posix.c:61 139975889139456: r->filehandle = 35, r->size = 32768, r->offset = 6946816
03:18:59 ERROR /home/bsc03/bsc03353/forge/src/dispatcher/posix.c:62 139975889139456: single write -1 of expected 32768
03:18:59 ERROR /home/bsc03/bsc03353/forge/src/dispatcher/posix.c:61 139969446676224: r->filehandle = 35, r->size = 32768, r->offset = 12910592
03:18:59 ERROR /home/bsc03/bsc03353/forge/src/dispatcher/posix.c:62 139969446676224: single write -1 of expected 32768
03:18:59 ERROR /home/bsc03/bsc03353/forge/src/dispatcher/posix.c:61 139998736783104: r->filehandle = 36, r->size = 32768, r->offset = 11796480
03:18:59 ERROR /home/bsc03/bsc03353/forge/src/dispatcher/posix.c:62 139998736783104: single write -1 of expected 32768
03:18:59 ERROR /home/bsc03/bsc03353/forge/src/dispatcher/posix.c:61 139977261905664: r->filehandle = 36, r->size = 32768, r->offset = 6062080
03:18:59 ERROR /home/bsc03/bsc03353/forge/src/dispatcher/posix.c:62 139977261905664: single write -1 of expected 32768
03:19:00 ERROR /home/bsc03/bsc03353/forge/src/dispatcher/posix.c:61 139950119286528: r->filehandle = 35, r->size = 32768, r->offset = 19267584
03:19:00 ERROR /home/bsc03/bsc03353/forge/src/dispatcher/posix.c:62 139950119286528: single write -1 of expected 32768
03:19:00 ERROR /home/bsc03/bsc03353/forge/src/dispatcher/posix.c:61 140474884392704: r->filehandle = 36, r->size = 32768, r->offset = 4063232
03:19:00 ERROR /home/bsc03/bsc03353/forge/src/dispatcher/posix.c:62 140474884392704: single write -1 of expected 32768
03:19:00 ERROR /home/bsc03/bsc03353/forge/src/dispatcher/posix.c:61 140500615845632: r->filehandle = 36, r->size = 32768, r->offset = 2785280
03:19:00 ERROR /home/bsc03/bsc03353/forge/src/dispatcher/posix.c:62 140500615845632: single write -1 of expected 32768
03:19:00 ERROR /home/bsc03/bsc03353/forge/src/dispatcher/posix.c:61 139998736783104: r->filehandle = 36, r->size = 32768, r->offset = 11501568
03:19:00 ERROR /home/bsc03/bsc03353/forge/src/dispatcher/posix.c:62 139998736783104: single write -1 of expected 32768
03:19:01 ERROR /home/bsc03/bsc03353/forge/src/dispatcher/posix.c:61 139972966930176: r->filehandle = 36, r->size = 32768, r->offset = 11862016
03:19:01 ERROR /home/bsc03/bsc03353/forge/src/dispatcher/posix.c:62 139972966930176: single write -1 of expected 32768
03:19:01 ERROR /home/bsc03/bsc03353/forge/src/dispatcher/posix.c:61 139994441807616: r->filehandle = 36, r->size = 32768, r->offset = 11075584
03:19:01 ERROR /home/bsc03/bsc03353/forge/src/dispatcher/posix.c:62 139994441807616: single write -1 of expected 32768
03:19:01 ERROR /home/bsc03/bsc03353/forge/src/dispatcher/posix.c:61 139987999344384: r->filehandle = 36, r->size = 32768, r->offset = 11468800
03:19:01 ERROR /home/bsc03/bsc03353/forge/src/dispatcher/posix.c:62 139987999344384: single write -1 of expected 32768
03:19:01 ERROR /home/bsc03/bsc03353/forge/src/dispatcher/posix.c:61 139965151700736: r->filehandle = 35, r->size = 32768, r->offset = 13664256
03:19:01 ERROR /home/bsc03/bsc03353/forge/src/dispatcher/posix.c:62 139965151700736: single write -1 of expected 32768
03:19:01 ERROR /home/bsc03/bsc03353/forge/src/dispatcher/posix.c:61 139967299188480: r->filehandle = 35, r->size = 32768, r->offset = 7438336
03:19:01 ERROR /home/bsc03/bsc03353/forge/src/dispatcher/posix.c:62 139967299188480: single write -1 of expected 32768
03:19:02 ERROR /home/bsc03/bsc03353/forge/src/dispatcher/posix.c:61 139958709237504: r->filehandle = 35, r->size = 32768, r->offset = 6717440
03:19:02 ERROR /home/bsc03/bsc03353/forge/src/dispatcher/posix.c:62 139958709237504: single write -1 of expected 32768
03:19:02 ERROR /home/bsc03/bsc03353/forge/src/dispatcher/posix.c:61 139947971798784: r->filehandle = 35, r->size = 32768, r->offset = 19136512
03:19:02 ERROR /home/bsc03/bsc03353/forge/src/dispatcher/posix.c:62 139947971798784: single write -1 of expected 32768
03:19:02 ERROR /home/bsc03/bsc03353/forge/src/dispatcher/posix.c:61 139978036627200: r->filehandle = 35, r->size = 32768, r->offset = 7012352
03:19:02 ERROR /home/bsc03/bsc03353/forge/src/dispatcher/posix.c:62 139978036627200: single write -1 of expected 32768
03:19:02 ERROR /home/bsc03/bsc03353/forge/src/dispatcher/posix.c:61 139963004212992: r->filehandle = 35, r->size = 32768, r->offset = 12812288
03:19:02 ERROR /home/bsc03/bsc03353/forge/src/dispatcher/posix.c:62 139963004212992: single write -1 of expected 32768
03:19:03 ERROR /home/bsc03/bsc03353/forge/src/dispatcher/posix.c:61 139954414262016: r->filehandle = 35, r->size = 32768, r->offset = 13991936
03:19:03 ERROR /home/bsc03/bsc03353/forge/src/dispatcher/posix.c:62 139954414262016: single write -1 of expected 32768
03:19:03 ERROR /home/bsc03/bsc03353/forge/src/dispatcher/posix.c:61 139952266774272: r->filehandle = 35, r->size = 32768, r->offset = 19398656
03:19:03 ERROR /home/bsc03/bsc03353/forge/src/dispatcher/posix.c:62 139952266774272: single write -1 of expected 32768
03:19:03 ERROR /home/bsc03/bsc03353/forge/src/dispatcher/posix.c:61 139971594163968: r->filehandle = 35, r->size = 32768, r->offset = 12713984
03:19:03 ERROR /home/bsc03/bsc03353/forge/src/dispatcher/posix.c:62 139971594163968: single write -1 of expected 32768
03:19:03 ERROR /home/bsc03/bsc03353/forge/src/dispatcher/posix.c:61 139950119286528: r->filehandle = 35, r->size = 32768, r->offset = 14057472
03:19:03 ERROR /home/bsc03/bsc03353/forge/src/dispatcher/posix.c:62 139950119286528: single write -1 of expected 32768
03:19:04 ERROR /home/bsc03/bsc03353/forge/src/dispatcher/posix.c:61 139975889139456: r->filehandle = 35, r->size = 32768, r->offset = 13434880
03:19:04 ERROR /home/bsc03/bsc03353/forge/src/dispatcher/posix.c:62 139975889139456: single write -1 of expected 32768
03:19:04 ERROR /home/bsc03/bsc03353/forge/src/dispatcher/posix.c:61 139956561749760: r->filehandle = 35, r->size = 32768, r->offset = 13500416
03:19:04 ERROR /home/bsc03/bsc03353/forge/src/dispatcher/posix.c:62 139956561749760: single write -1 of expected 32768
03:19:04 ERROR /home/bsc03/bsc03353/forge/src/dispatcher/posix.c:61 139969446676224: r->filehandle = 35, r->size = 32768, r->offset = 14123008
03:19:04 ERROR /home/bsc03/bsc03353/forge/src/dispatcher/posix.c:62 139969446676224: single write -1 of expected 32768
03:19:04 ERROR /home/bsc03/bsc03353/forge/src/dispatcher/posix.c:61 139960856725248: r->filehandle = 35, r->size = 32768, r->offset = 12943360
03:19:04 ERROR /home/bsc03/bsc03353/forge/src/dispatcher/posix.c:62 139960856725248: single write -1 of expected 32768
03:19:05 ERROR /home/bsc03/bsc03353/forge/src/dispatcher/posix.c:61 139945824311040: r->filehandle = 35, r->size = 32768, r->offset = 13565952
03:19:05 ERROR /home/bsc03/bsc03353/forge/src/dispatcher/posix.c:62 139945824311040: single write -1 of expected 32768
03:19:05 ERROR /home/bsc03/bsc03353/forge/src/dispatcher/posix.c:61 139973741651712: r->filehandle = 35, r->size = 32768, r->offset = 12681216
03:19:05 ERROR /home/bsc03/bsc03353/forge/src/dispatcher/posix.c:62 139973741651712: single write -1 of expected 32768
03:19:05 ERROR /home/bsc03/bsc03353/forge/src/dispatcher/posix.c:61 140459851978496: r->filehandle = 36, r->size = 32768, r->offset = 3506176
03:19:05 ERROR /home/bsc03/bsc03353/forge/src/dispatcher/posix.c:62 140459851978496: single write -1 of expected 32768
03:19:05 ERROR /home/bsc03/bsc03353/forge/src/dispatcher/posix.c:61 140466294441728: r->filehandle = 36, r->size = 32768, r->offset = 3276800
03:19:05 ERROR /home/bsc03/bsc03353/forge/src/dispatcher/posix.c:62 140466294441728: single write -1 of expected 32768
03:19:05 ERROR /home/bsc03/bsc03353/forge/src/dispatcher/posix.c:61 140494173382400: r->filehandle = 36, r->size = 32768, r->offset = 8716288
03:19:05 ERROR /home/bsc03/bsc03353/forge/src/dispatcher/posix.c:62 140494173382400: single write -1 of expected 32768
03:19:06 ERROR /home/bsc03/bsc03353/forge/src/dispatcher/posix.c:61 140502763333376: r->filehandle = 36, r->size = 32768, r->offset = 8912896
03:19:06 ERROR /home/bsc03/bsc03353/forge/src/dispatcher/posix.c:62 140502763333376: single write -1 of expected 32768
03:19:06 ERROR /home/bsc03/bsc03353/forge/src/dispatcher/posix.c:61 139983704368896: r->filehandle = 36, r->size = 32768, r->offset = 12058624
03:19:06 ERROR /home/bsc03/bsc03353/forge/src/dispatcher/posix.c:62 139983704368896: single write -1 of expected 32768
03:19:06 ERROR /home/bsc03/bsc03353/forge/src/dispatcher/posix.c:61 139985851856640: r->filehandle = 36, r->size = 32768, r->offset = 5013504
03:19:06 ERROR /home/bsc03/bsc03353/forge/src/dispatcher/posix.c:62 139985851856640: single write -1 of expected 32768
03:19:06 ERROR /home/bsc03/bsc03353/forge/src/dispatcher/posix.c:61 139996589295360: r->filehandle = 36, r->size = 32768, r->offset = 12189696
03:19:06 ERROR /home/bsc03/bsc03353/forge/src/dispatcher/posix.c:62 139996589295360: single write -1 of expected 32768
03:19:07 ERROR /home/bsc03/bsc03353/forge/src/dispatcher/posix.c:61 139979409393408: r->filehandle = 36, r->size = 32768, r->offset = 11272192
03:19:07 ERROR /home/bsc03/bsc03353/forge/src/dispatcher/posix.c:62 139979409393408: single write -1 of expected 32768
03:19:07 ERROR /home/bsc03/bsc03353/forge/src/dispatcher/posix.c:61 139947971798784: r->filehandle = 35, r->size = 32768, r->offset = 20119552
03:19:07 ERROR /home/bsc03/bsc03353/forge/src/dispatcher/posix.c:62 139947971798784: single write -1 of expected 32768
03:19:07 ERROR /home/bsc03/bsc03353/forge/src/dispatcher/posix.c:61 139978036627200: r->filehandle = 35, r->size = 32768, r->offset = 13860864
03:19:07 ERROR /home/bsc03/bsc03353/forge/src/dispatcher/posix.c:62 139978036627200: single write -1 of expected 32768
03:19:07 ERROR /home/bsc03/bsc03353/forge/src/dispatcher/posix.c:61 139967299188480: r->filehandle = 35, r->size = 32768, r->offset = 13598720
03:19:07 ERROR /home/bsc03/bsc03353/forge/src/dispatcher/posix.c:62 139967299188480: single write -1 of expected 32768
03:19:08 ERROR /home/bsc03/bsc03353/forge/src/dispatcher/posix.c:61 139958709237504: r->filehandle = 35, r->size = 32768, r->offset = 20250624
03:19:08 ERROR /home/bsc03/bsc03353/forge/src/dispatcher/posix.c:62 139958709237504: single write -1 of expected 32768
03:19:08 ERROR /home/bsc03/bsc03353/forge/src/dispatcher/posix.c:61 139965151700736: r->filehandle = 35, r->size = 32768, r->offset = 18939904
03:19:08 ERROR /home/bsc03/bsc03353/forge/src/dispatcher/posix.c:62 139965151700736: single write -1 of expected 32768
03:19:08 ERROR /home/bsc03/bsc03353/forge/src/dispatcher/posix.c:61 140457704490752: r->filehandle = 36, r->size = 32768, r->offset = 3997696
03:19:08 ERROR /home/bsc03/bsc03353/forge/src/dispatcher/posix.c:62 140457704490752: single write -1 of expected 32768
03:19:08 ERROR /home/bsc03/bsc03353/forge/src/dispatcher/posix.c:61 140513500772096: r->filehandle = 36, r->size = 32768, r->offset = 3047424
03:19:08 ERROR /home/bsc03/bsc03353/forge/src/dispatcher/posix.c:62 140513500772096: single write -1 of expected 32768
03:19:08 ERROR /home/bsc03/bsc03353/forge/src/dispatcher/posix.c:61 140509205796608: r->filehandle = 36, r->size = 32768, r->offset = 1671168
03:19:08 ERROR /home/bsc03/bsc03353/forge/src/dispatcher/posix.c:62 140509205796608: single write -1 of expected 32768
03:19:09 ERROR /home/bsc03/bsc03353/forge/src/dispatcher/posix.c:61 140494173382400: r->filehandle = 36, r->size = 32768, r->offset = 8028160
03:19:09 ERROR /home/bsc03/bsc03353/forge/src/dispatcher/posix.c:62 140494173382400: single write -1 of expected 32768
03:19:09 ERROR /home/bsc03/bsc03353/forge/src/dispatcher/posix.c:61 140003031758592: r->filehandle = 36, r->size = 32768, r->offset = 12025856
03:19:09 ERROR /home/bsc03/bsc03353/forge/src/dispatcher/posix.c:62 140003031758592: single write -1 of expected 32768
03:19:09 ERROR /home/bsc03/bsc03353/forge/src/dispatcher/posix.c:61 140461999466240: r->filehandle = 36, r->size = 32768, r->offset = 3538944
03:19:09 ERROR /home/bsc03/bsc03353/forge/src/dispatcher/posix.c:62 140461999466240: single write -1 of expected 32768
03:19:09 ERROR /home/bsc03/bsc03353/forge/src/dispatcher/posix.c:61 139981556881152: r->filehandle = 36, r->size = 32768, r->offset = 11534336
03:19:09 ERROR /home/bsc03/bsc03353/forge/src/dispatcher/posix.c:62 139981556881152: single write -1 of expected 32768
03:19:10 ERROR /home/bsc03/bsc03353/forge/src/dispatcher/posix.c:61 140492025894656: r->filehandle = 36, r->size = 32768, r->offset = 8945664
03:19:10 ERROR /home/bsc03/bsc03353/forge/src/dispatcher/posix.c:62 140492025894656: single write -1 of expected 32768
03:19:10 ERROR /home/bsc03/bsc03353/forge/src/dispatcher/posix.c:61 140487730919168: r->filehandle = 36, r->size = 32768, r->offset = 9175040
03:19:10 ERROR /home/bsc03/bsc03353/forge/src/dispatcher/posix.c:62 140487730919168: single write -1 of expected 32768
03:19:10 ERROR /home/bsc03/bsc03353/forge/src/dispatcher/posix.c:61 140472736904960: r->filehandle = 36, r->size = 32768, r->offset = 4390912
03:19:10 ERROR /home/bsc03/bsc03353/forge/src/dispatcher/posix.c:62 140472736904960: single write -1 of expected 32768
03:19:10 ERROR /home/bsc03/bsc03353/forge/src/dispatcher/posix.c:61 140515648259840: r->filehandle = 36, r->size = 32768, r->offset = 8454144
03:19:10 ERROR /home/bsc03/bsc03353/forge/src/dispatcher/posix.c:62 140515648259840: single write -1 of expected 32768
03:19:11 ERROR /home/bsc03/bsc03353/forge/src/dispatcher/posix.c:61 140496320870144: r->filehandle = 36, r->size = 32768, r->offset = 1605632
03:19:11 ERROR /home/bsc03/bsc03353/forge/src/dispatcher/posix.c:62 140496320870144: single write -1 of expected 32768
03:19:11 ERROR /home/bsc03/bsc03353/forge/src/dispatcher/posix.c:61 140498468357888: r->filehandle = 36, r->size = 32768, r->offset = 8585216
03:19:11 ERROR /home/bsc03/bsc03353/forge/src/dispatcher/posix.c:62 140498468357888: single write -1 of expected 32768
03:19:11 ERROR /home/bsc03/bsc03353/forge/src/dispatcher/posix.c:61 140500615845632: r->filehandle = 36, r->size = 32768, r->offset = 8093696
03:19:11 ERROR /home/bsc03/bsc03353/forge/src/dispatcher/posix.c:62 140500615845632: single write -1 of expected 32768
03:19:11 ERROR /home/bsc03/bsc03353/forge/src/dispatcher/posix.c:61 140000884270848: r->filehandle = 36, r->size = 32768, r->offset = 11993088
03:19:11 ERROR /home/bsc03/bsc03353/forge/src/dispatcher/posix.c:62 140000884270848: single write -1 of expected 32768
03:19:11 ERROR /home/bsc03/bsc03353/forge/src/dispatcher/posix.c:61 139992294319872: r->filehandle = 36, r->size = 32768, r->offset = 6127616
03:19:11 ERROR /home/bsc03/bsc03353/forge/src/dispatcher/posix.c:62 139992294319872: single write -1 of expected 32768
03:19:12 ERROR /home/bsc03/bsc03353/forge/src/dispatcher/posix.c:61 139996589295360: r->filehandle = 36, r->size = 32768, r->offset = 11730944
03:19:12 ERROR /home/bsc03/bsc03353/forge/src/dispatcher/posix.c:62 139996589295360: single write -1 of expected 32768
03:19:12 ERROR /home/bsc03/bsc03353/forge/src/dispatcher/posix.c:61 140000884270848: r->filehandle = 36, r->size = 32768, r->offset = 11599872
03:19:12 ERROR /home/bsc03/bsc03353/forge/src/dispatcher/posix.c:62 140000884270848: single write -1 of expected 32768
03:19:12 ERROR /home/bsc03/bsc03353/forge/src/dispatcher/posix.c:61 139977261905664: r->filehandle = 36, r->size = 32768, r->offset = 11206656
03:19:12 ERROR /home/bsc03/bsc03353/forge/src/dispatcher/posix.c:62 139977261905664: single write -1 of expected 32768
03:19:12 ERROR /home/bsc03/bsc03353/forge/src/dispatcher/posix.c:61 140489878406912: r->filehandle = 36, r->size = 32768, r->offset = 7929856
03:19:12 ERROR /home/bsc03/bsc03353/forge/src/dispatcher/posix.c:62 140489878406912: single write -1 of expected 32768
03:19:13 ERROR /home/bsc03/bsc03353/forge/src/dispatcher/posix.c:61 140504910821120: r->filehandle = 36, r->size = 32768, r->offset = 9371648
03:19:13 ERROR /home/bsc03/bsc03353/forge/src/dispatcher/posix.c:62 140504910821120: single write -1 of expected 32768
03:19:13 ERROR /home/bsc03/bsc03353/forge/src/dispatcher/posix.c:61 140519943235328: r->filehandle = 36, r->size = 32768, r->offset = 2818048
03:19:13 ERROR /home/bsc03/bsc03353/forge/src/dispatcher/posix.c:62 140519943235328: single write -1 of expected 32768
03:19:13 ERROR /home/bsc03/bsc03353/forge/src/dispatcher/posix.c:61 140477031880448: r->filehandle = 36, r->size = 32768, r->offset = 4456448
03:19:13 ERROR /home/bsc03/bsc03353/forge/src/dispatcher/posix.c:62 140477031880448: single write -1 of expected 32768
03:19:13 ERROR /home/bsc03/bsc03353/forge/src/dispatcher/posix.c:61 139983704368896: r->filehandle = 36, r->size = 32768, r->offset = 11370496
03:19:13 ERROR /home/bsc03/bsc03353/forge/src/dispatcher/posix.c:62 139983704368896: single write -1 of expected 32768
03:19:13 ERROR /home/bsc03/bsc03353/forge/src/dispatcher/posix.c:61 139972966930176: r->filehandle = 36, r->size = 32768, r->offset = 11010048
03:19:13 ERROR /home/bsc03/bsc03353/forge/src/dispatcher/posix.c:62 139972966930176: single write -1 of expected 32768
03:19:14 ERROR /home/bsc03/bsc03353/forge/src/dispatcher/posix.c:61 139998736783104: r->filehandle = 36, r->size = 32768, r->offset = 11927552
03:19:14 ERROR /home/bsc03/bsc03353/forge/src/dispatcher/posix.c:62 139998736783104: single write -1 of expected 32768
03:19:14 ERROR /home/bsc03/bsc03353/forge/src/dispatcher/posix.c:61 140474884392704: r->filehandle = 36, r->size = 32768, r->offset = 3866624
03:19:14 ERROR /home/bsc03/bsc03353/forge/src/dispatcher/posix.c:62 140474884392704: single write -1 of expected 32768
03:19:14 ERROR /home/bsc03/bsc03353/forge/src/dispatcher/posix.c:61 140468441929472: r->filehandle = 36, r->size = 32768, r->offset = 4489216
03:19:14 ERROR /home/bsc03/bsc03353/forge/src/dispatcher/posix.c:62 140468441929472: single write -1 of expected 32768
03:19:14 ERROR /home/bsc03/bsc03353/forge/src/dispatcher/posix.c:61 140511353284352: r->filehandle = 36, r->size = 32768, r->offset = 7864320
03:19:14 ERROR /home/bsc03/bsc03353/forge/src/dispatcher/posix.c:62 140511353284352: single write -1 of expected 32768
03:19:15 ERROR /home/bsc03/bsc03353/forge/src/dispatcher/posix.c:61 140502763333376: r->filehandle = 36, r->size = 32768, r->offset = 9240576
03:19:15 ERROR /home/bsc03/bsc03353/forge/src/dispatcher/posix.c:62 140502763333376: single write -1 of expected 32768
03:19:15 ERROR /home/bsc03/bsc03353/forge/src/dispatcher/posix.c:61 140005179246336: r->filehandle = 36, r->size = 32768, r->offset = 11632640
03:19:15 ERROR /home/bsc03/bsc03353/forge/src/dispatcher/posix.c:62 140005179246336: single write -1 of expected 32768
03:19:15 ERROR /home/bsc03/bsc03353/forge/src/dispatcher/posix.c:61 139975114417920: r->filehandle = 36, r->size = 32768, r->offset = 11894784
03:19:15 ERROR /home/bsc03/bsc03353/forge/src/dispatcher/posix.c:62 139975114417920: single write -1 of expected 32768
03:19:15 ERROR /home/bsc03/bsc03353/forge/src/dispatcher/posix.c:61 139987999344384: r->filehandle = 36, r->size = 32768, r->offset = 12320768
03:19:15 ERROR /home/bsc03/bsc03353/forge/src/dispatcher/posix.c:62 139987999344384: single write -1 of expected 32768
03:19:16 ERROR /home/bsc03/bsc03353/forge/src/dispatcher/posix.c:61 139981556881152: r->filehandle = 36, r->size = 32768, r->offset = 11337728
03:19:16 ERROR /home/bsc03/bsc03353/forge/src/dispatcher/posix.c:62 139981556881152: single write -1 of expected 32768
03:19:16 ERROR /home/bsc03/bsc03353/forge/src/dispatcher/posix.c:61 140481326855936: r->filehandle = 36, r->size = 32768, r->offset = 3145728
03:19:16 ERROR /home/bsc03/bsc03353/forge/src/dispatcher/posix.c:62 140481326855936: single write -1 of expected 32768
03:19:16 ERROR /home/bsc03/bsc03353/forge/src/dispatcher/posix.c:61 140496320870144: r->filehandle = 36, r->size = 32768, r->offset = 2392064
03:19:16 ERROR /home/bsc03/bsc03353/forge/src/dispatcher/posix.c:62 140496320870144: single write -1 of expected 32768
03:19:16 ERROR /home/bsc03/bsc03353/forge/src/dispatcher/posix.c:61 140519943235328: r->filehandle = 36, r->size = 32768, r->offset = 2752512
03:19:16 ERROR /home/bsc03/bsc03353/forge/src/dispatcher/posix.c:62 140519943235328: single write -1 of expected 32768
03:19:16 ERROR /home/bsc03/bsc03353/forge/src/dispatcher/posix.c:61 140509205796608: r->filehandle = 36, r->size = 32768, r->offset = 2588672
03:19:16 ERROR /home/bsc03/bsc03353/forge/src/dispatcher/posix.c:62 140509205796608: single write -1 of expected 32768
03:19:17 ERROR /home/bsc03/bsc03353/forge/src/dispatcher/posix.c:61 140507058308864: r->filehandle = 36, r->size = 32768, r->offset = 7995392
03:19:17 ERROR /home/bsc03/bsc03353/forge/src/dispatcher/posix.c:62 140507058308864: single write -1 of expected 32768
03:19:17 ERROR /home/bsc03/bsc03353/forge/src/dispatcher/posix.c:61 140513500772096: r->filehandle = 36, r->size = 32768, r->offset = 2326528
03:19:17 ERROR /home/bsc03/bsc03353/forge/src/dispatcher/posix.c:62 140513500772096: single write -1 of expected 32768
03:19:17 ERROR /home/bsc03/bsc03353/forge/src/dispatcher/posix.c:61 140517795747584: r->filehandle = 36, r->size = 32768, r->offset = 8486912
03:19:17 ERROR /home/bsc03/bsc03353/forge/src/dispatcher/posix.c:62 140517795747584: single write -1 of expected 32768
03:19:17 ERROR /home/bsc03/bsc03353/forge/src/dispatcher/posix.c:61 139994441807616: r->filehandle = 36, r->size = 32768, r->offset = 12517376
03:19:17 ERROR /home/bsc03/bsc03353/forge/src/dispatcher/posix.c:62 139994441807616: single write -1 of expected 32768
03:19:18 ERROR /home/bsc03/bsc03353/forge/src/dispatcher/posix.c:61 139990146832128: r->filehandle = 36, r->size = 32768, r->offset = 12451840
03:19:18 ERROR /home/bsc03/bsc03353/forge/src/dispatcher/posix.c:62 139990146832128: single write -1 of expected 32768
03:19:18 ERROR /home/bsc03/bsc03353/forge/src/dispatcher/posix.c:61 139985851856640: r->filehandle = 36, r->size = 32768, r->offset = 12255232
03:19:18 ERROR /home/bsc03/bsc03353/forge/src/dispatcher/posix.c:62 139985851856640: single write -1 of expected 32768
03:19:18 ERROR /home/bsc03/bsc03353/forge/src/dispatcher/posix.c:61 139996589295360: r->filehandle = 36, r->size = 32768, r->offset = 11239424
03:19:18 ERROR /home/bsc03/bsc03353/forge/src/dispatcher/posix.c:62 139996589295360: single write -1 of expected 32768
03:19:18 ERROR /home/bsc03/bsc03353/forge/src/dispatcher/posix.c:61 140466294441728: r->filehandle = 36, r->size = 32768, r->offset = 3768320
03:19:18 ERROR /home/bsc03/bsc03353/forge/src/dispatcher/posix.c:62 140466294441728: single write -1 of expected 32768
03:19:19 ERROR /home/bsc03/bsc03353/forge/src/dispatcher/posix.c:61 140496320870144: r->filehandle = 36, r->size = 32768, r->offset = 2260992
03:19:19 ERROR /home/bsc03/bsc03353/forge/src/dispatcher/posix.c:62 140496320870144: single write -1 of expected 32768
03:19:19 ERROR /home/bsc03/bsc03353/forge/src/dispatcher/posix.c:61 139992294319872: r->filehandle = 36, r->size = 32768, r->offset = 11567104
03:19:19 ERROR /home/bsc03/bsc03353/forge/src/dispatcher/posix.c:62 139992294319872: single write -1 of expected 32768
03:19:19 ERROR /home/bsc03/bsc03353/forge/src/dispatcher/posix.c:61 139979409393408: r->filehandle = 36, r->size = 32768, r->offset = 12124160
03:19:19 ERROR /home/bsc03/bsc03353/forge/src/dispatcher/posix.c:62 139979409393408: single write -1 of expected 32768
03:19:19 ERROR /home/bsc03/bsc03353/forge/src/dispatcher/posix.c:61 140474884392704: r->filehandle = 36, r->size = 32768, r->offset = 4096000
03:19:19 ERROR /home/bsc03/bsc03353/forge/src/dispatcher/posix.c:62 140474884392704: single write -1 of expected 32768
03:19:19 ERROR /home/bsc03/bsc03353/forge/src/dispatcher/posix.c:61 140479179368192: r->filehandle = 36, r->size = 32768, r->offset = 4423680
03:19:19 ERROR /home/bsc03/bsc03353/forge/src/dispatcher/posix.c:62 140479179368192: single write -1 of expected 32768
03:19:20 ERROR /home/bsc03/bsc03353/forge/src/dispatcher/posix.c:61 140466294441728: r->filehandle = 36, r->size = 32768, r->offset = 3571712
03:19:20 ERROR /home/bsc03/bsc03353/forge/src/dispatcher/posix.c:62 140466294441728: single write -1 of expected 32768
03:19:20 ERROR /home/bsc03/bsc03353/forge/src/dispatcher/posix.c:61 140483474343680: r->filehandle = 36, r->size = 32768, r->offset = 4521984
03:19:20 ERROR /home/bsc03/bsc03353/forge/src/dispatcher/posix.c:62 140483474343680: single write -1 of expected 32768
03:19:20 ERROR /home/bsc03/bsc03353/forge/src/dispatcher/posix.c:61 140003031758592: r->filehandle = 36, r->size = 32768, r->offset = 11665408
03:19:20 ERROR /home/bsc03/bsc03353/forge/src/dispatcher/posix.c:62 140003031758592: single write -1 of expected 32768
03:19:20 ERROR /home/bsc03/bsc03353/forge/src/dispatcher/posix.c:61 140472736904960: r->filehandle = 36, r->size = 32768, r->offset = 4030464
03:19:20 ERROR /home/bsc03/bsc03353/forge/src/dispatcher/posix.c:62 140472736904960: single write -1 of expected 32768
03:19:21 ERROR /home/bsc03/bsc03353/forge/src/dispatcher/posix.c:61 140461999466240: r->filehandle = 36, r->size = 32768, r->offset = 3375104
03:19:21 ERROR /home/bsc03/bsc03353/forge/src/dispatcher/posix.c:62 140461999466240: single write -1 of expected 32768
03:19:21 ERROR /home/bsc03/bsc03353/forge/src/dispatcher/posix.c:61 140455557003008: r->filehandle = 36, r->size = 32768, r->offset = 3801088
03:19:21 ERROR /home/bsc03/bsc03353/forge/src/dispatcher/posix.c:62 140455557003008: single write -1 of expected 32768
03:19:21 ERROR /home/bsc03/bsc03353/forge/src/dispatcher/posix.c:61 140468441929472: r->filehandle = 36, r->size = 32768, r->offset = 3702784
03:19:21 ERROR /home/bsc03/bsc03353/forge/src/dispatcher/posix.c:62 140468441929472: single write -1 of expected 32768
03:19:21 ERROR /home/bsc03/bsc03353/forge/src/dispatcher/posix.c:61 140474884392704: r->filehandle = 36, r->size = 32768, r->offset = 3309568
03:19:21 ERROR /home/bsc03/bsc03353/forge/src/dispatcher/posix.c:62 140474884392704: single write -1 of expected 32768
03:19:22 ERROR /home/bsc03/bsc03353/forge/src/dispatcher/posix.c:61 140457704490752: r->filehandle = 36, r->size = 32768, r->offset = 3899392
03:19:22 ERROR /home/bsc03/bsc03353/forge/src/dispatcher/posix.c:62 140457704490752: single write -1 of expected 32768
03:19:22 ERROR /home/bsc03/bsc03353/forge/src/dispatcher/posix.c:61 140479179368192: r->filehandle = 36, r->size = 32768, r->offset = 3833856
03:19:22 ERROR /home/bsc03/bsc03353/forge/src/dispatcher/posix.c:62 140479179368192: single write -1 of expected 32768
03:19:22 ERROR /home/bsc03/bsc03353/forge/src/dispatcher/posix.c:61 140470589417216: r->filehandle = 36, r->size = 32768, r->offset = 4292608
03:19:22 ERROR /home/bsc03/bsc03353/forge/src/dispatcher/posix.c:62 140470589417216: single write -1 of expected 32768
03:19:22 ERROR /home/bsc03/bsc03353/forge/src/dispatcher/posix.c:61 140455557003008: r->filehandle = 36, r->size = 32768, r->offset = 3407872
03:19:22 ERROR /home/bsc03/bsc03353/forge/src/dispatcher/posix.c:62 140455557003008: single write -1 of expected 32768
03:19:22 ERROR /home/bsc03/bsc03353/forge/src/dispatcher/posix.c:61 140485621831424: r->filehandle = 36, r->size = 32768, r->offset = 3178496
03:19:22 ERROR /home/bsc03/bsc03353/forge/src/dispatcher/posix.c:62 140485621831424: single write -1 of expected 32768
03:19:23 ERROR /home/bsc03/bsc03353/forge/src/dispatcher/posix.c:61 140457704490752: r->filehandle = 36, r->size = 32768, r->offset = 3637248
03:19:23 ERROR /home/bsc03/bsc03353/forge/src/dispatcher/posix.c:62 140457704490752: single write -1 of expected 32768
03:19:23 ERROR /home/bsc03/bsc03353/forge/src/dispatcher/posix.c:61 140468441929472: r->filehandle = 36, r->size = 32768, r->offset = 3932160
03:19:23 ERROR /home/bsc03/bsc03353/forge/src/dispatcher/posix.c:62 140468441929472: single write -1 of expected 32768
03:19:23 ERROR /home/bsc03/bsc03353/forge/src/dispatcher/posix.c:61 140453409515264: r->filehandle = 36, r->size = 32768, r->offset = 3735552
03:19:23 ERROR /home/bsc03/bsc03353/forge/src/dispatcher/posix.c:62 140453409515264: single write -1 of expected 32768
03:19:23 ERROR /home/bsc03/bsc03353/forge/src/dispatcher/posix.c:61 140474884392704: r->filehandle = 36, r->size = 32768, r->offset = 3440640
03:19:23 ERROR /home/bsc03/bsc03353/forge/src/dispatcher/posix.c:62 140474884392704: single write -1 of expected 32768
03:19:24 ERROR /home/bsc03/bsc03353/forge/src/dispatcher/posix.c:61 140464146953984: r->filehandle = 36, r->size = 32768, r->offset = 4325376
03:19:24 ERROR /home/bsc03/bsc03353/forge/src/dispatcher/posix.c:62 140464146953984: single write -1 of expected 32768
03:19:24 ERROR /home/bsc03/bsc03353/forge/src/dispatcher/posix.c:61 140477031880448: r->filehandle = 36, r->size = 32768, r->offset = 4128768
03:19:24 ERROR /home/bsc03/bsc03353/forge/src/dispatcher/posix.c:62 140477031880448: single write -1 of expected 32768
03:19:24 ERROR /home/bsc03/bsc03353/forge/src/dispatcher/posix.c:61 140455557003008: r->filehandle = 36, r->size = 32768, r->offset = 3342336
03:19:24 ERROR /home/bsc03/bsc03353/forge/src/dispatcher/posix.c:62 140455557003008: single write -1 of expected 32768
03:19:24 ERROR /home/bsc03/bsc03353/forge/src/dispatcher/posix.c:61 140455557003008: r->filehandle = 36, r->size = 32768, r->offset = 3244032
03:19:24 ERROR /home/bsc03/bsc03353/forge/src/dispatcher/posix.c:62 140455557003008: single write -1 of expected 32768
03:19:24 ERROR /home/bsc03/bsc03353/forge/src/dispatcher/posix.c:61 140481326855936: r->filehandle = 36, r->size = 32768, r->offset = 4358144
03:19:24 ERROR /home/bsc03/bsc03353/forge/src/dispatcher/posix.c:62 140481326855936: single write -1 of expected 32768
03:19:25 ERROR /home/bsc03/bsc03353/forge/src/dispatcher/posix.c:61 140474884392704: r->filehandle = 36, r->size = 32768, r->offset = 3964928
03:19:25 ERROR /home/bsc03/bsc03353/forge/src/dispatcher/posix.c:62 140474884392704: single write -1 of expected 32768
03:19:25 ERROR /home/bsc03/bsc03353/forge/src/dispatcher/posix.c:61 140459851978496: r->filehandle = 36, r->size = 32768, r->offset = 4161536
03:19:25 ERROR /home/bsc03/bsc03353/forge/src/dispatcher/posix.c:62 140459851978496: single write -1 of expected 32768
03:19:25 WARN  /home/bsc03/bsc03353/forge/src/main.c:789 140245253019712: hit stone wall at 96.212267 seconds!
AGIOS: stopped for this client. It can already be used by calling agios_init

AGIOS: stopped for this client. It can already be used by calling agios_init

AGIOS: stopped for this client. It can already be used by calling agios_init

03:19:25 INFO  /home/bsc03/bsc03353/forge/src/main.c:1158 139985161893952: I/O Forwarding Exploration [COMPLETE]
AGIOS: stopped for this client. It can already be used by calling agios_init

