Set GCC compilers as MPI wrappers backend 
remove openmpi/4.0.2_UCX (PATH, MANPATH, LD_LIBRARY_PATH) 
load openmpi/4.0.2_UCX (PATH, MANPATH, LD_LIBRARY_PATH) 
Set GCC compilers as MPI wrappers backend 
load gsl/2.4 (PATH, LD_LIBRARY_PATH, LIBRARY_PATH, MANPATH, INFOPATH,
C_INCLUDE_PATH, CPLUS_INCLUDE_PATH, PKG_CONFIG_PATH, GSL_DIR) 
23:38:41 INFO  /home/bsc03/bsc03353/forge/src/main.c:107 140627791243328: I/O Forwarding Exploration [START]
Will AGIOS generate trace files? NO
Default scheduling algorithm: TO
TWINS window size: 1000000
Will the Prediction Module read information from trace files? NO
File with access time functions: /home/bsc03/bsc03353/forge/agios/access_times.func
AGIOS thinks its user has stripe size of 32768
Will AGIOS generate trace files? NO
Default scheduling algorithm: TO
TWINS window size: 1000000
Will the Prediction Module read information from trace files? NO
File with access time functions: /home/bsc03/bsc03353/forge/agios/access_times.func
AGIOS thinks its user has stripe size of 32768
Will AGIOS generate trace files? NO
Default scheduling algorithm: TO
TWINS window size: 1000000
Will the Prediction Module read information from trace files? NO
File with access time functions: /home/bsc03/bsc03353/forge/agios/access_times.func
AGIOS thinks its user has stripe size of 32768
Will AGIOS generate trace files? NO
Default scheduling algorithm: TO
TWINS window size: 1000000
Will the Prediction Module read information from trace files? NO
File with access time functions: /home/bsc03/bsc03353/forge/agios/access_times.func
AGIOS thinks its user has stripe size of 32768
Will AGIOS generate trace files? NO
Default scheduling algorithm: TO
TWINS window size: 1000000
Will the Prediction Module read information from trace files? NO
File with access time functions: /home/bsc03/bsc03353/forge/agios/access_times.func
AGIOS thinks its user has stripe size of 32768
Will AGIOS generate trace files? NO
Default scheduling algorithm: TO
TWINS window size: 1000000
Will the Prediction Module read information from trace files? NO
File with access time functions: /home/bsc03/bsc03353/forge/agios/access_times.func
AGIOS thinks its user has stripe size of 32768
Will AGIOS generate trace files? NO
Default scheduling algorithm: TO
TWINS window size: 1000000
Will the Prediction Module read information from trace files? NO
File with access time functions: /home/bsc03/bsc03353/forge/agios/access_times.func
AGIOS thinks its user has stripe size of 32768
Will AGIOS generate trace files? NO
Default scheduling algorithm: TO
TWINS window size: 1000000
Will the Prediction Module read information from trace files? NO
File with access time functions: /home/bsc03/bsc03353/forge/agios/access_times.func
AGIOS thinks its user has stripe size of 32768
23:38:42 ERROR /home/bsc03/bsc03353/forge/src/dispatcher/posix.c:61 140603485931264: r->filehandle = 35, r->size = 131072, r->offset = 6442057728
23:38:42 ERROR /home/bsc03/bsc03353/forge/src/dispatcher/posix.c:62 140603485931264: single write -1 of expected 131072
23:38:42 ERROR /home/bsc03/bsc03353/forge/src/dispatcher/posix.c:61 139840462399232: r->filehandle = 36, r->size = 131072, r->offset = 112378118144
23:38:42 ERROR /home/bsc03/bsc03353/forge/src/dispatcher/posix.c:62 139840462399232: single write -1 of expected 131072
23:38:43 ERROR /home/bsc03/bsc03353/forge/src/dispatcher/posix.c:61 139921652537088: r->filehandle = 36, r->size = 131072, r->offset = 59410087936
23:38:43 ERROR /home/bsc03/bsc03353/forge/src/dispatcher/posix.c:62 139921652537088: single write -1 of expected 131072
23:38:43 ERROR /home/bsc03/bsc03353/forge/src/dispatcher/posix.c:61 140624735254272: r->filehandle = 36, r->size = 131072, r->offset = 71578419200
23:38:43 ERROR /home/bsc03/bsc03353/forge/src/dispatcher/posix.c:62 140624735254272: single write -1 of expected 131072
23:38:43 ERROR /home/bsc03/bsc03353/forge/src/dispatcher/posix.c:61 140001373857536: r->filehandle = 36, r->size = 131072, r->offset = 122399096832
23:38:43 ERROR /home/bsc03/bsc03353/forge/src/dispatcher/posix.c:62 140001373857536: single write -1 of expected 131072
23:38:43 ERROR /home/bsc03/bsc03353/forge/src/dispatcher/posix.c:61 139829827036928: r->filehandle = 36, r->size = 131072, r->offset = 50820677632
23:38:43 ERROR /home/bsc03/bsc03353/forge/src/dispatcher/posix.c:62 139829827036928: single write -1 of expected 131072
23:38:44 ERROR /home/bsc03/bsc03353/forge/src/dispatcher/posix.c:61 139945274902272: r->filehandle = 36, r->size = 131072, r->offset = 52252246016
23:38:44 ERROR /home/bsc03/bsc03353/forge/src/dispatcher/posix.c:62 139945274902272: single write -1 of expected 131072
23:38:44 ERROR /home/bsc03/bsc03353/forge/src/dispatcher/posix.c:61 139947422390016: r->filehandle = 36, r->size = 131072, r->offset = 56546951168
23:38:44 ERROR /home/bsc03/bsc03353/forge/src/dispatcher/posix.c:62 139947422390016: single write -1 of expected 131072
23:38:44 ERROR /home/bsc03/bsc03353/forge/src/dispatcher/posix.c:61 139932389975808: r->filehandle = 36, r->size = 131072, r->offset = 67999498240
23:38:44 ERROR /home/bsc03/bsc03353/forge/src/dispatcher/posix.c:62 139932389975808: single write -1 of expected 131072
23:38:45 ERROR /home/bsc03/bsc03353/forge/src/dispatcher/posix.c:61 139936684951296: r->filehandle = 36, r->size = 131072, r->offset = 60125872128
23:38:45 ERROR /home/bsc03/bsc03353/forge/src/dispatcher/posix.c:62 139936684951296: single write -1 of expected 131072
23:38:45 ERROR /home/bsc03/bsc03353/forge/src/dispatcher/posix.c:61 139917357561600: r->filehandle = 36, r->size = 131072, r->offset = 55115382784
23:38:45 ERROR /home/bsc03/bsc03353/forge/src/dispatcher/posix.c:62 139917357561600: single write -1 of expected 131072
23:38:47 ERROR /home/bsc03/bsc03353/forge/src/dispatcher/posix.c:61 139923800024832: r->filehandle = 36, r->size = 131072, r->offset = 65852145664
23:38:47 ERROR /home/bsc03/bsc03353/forge/src/dispatcher/posix.c:62 139923800024832: single write -1 of expected 131072
23:38:47 ERROR /home/bsc03/bsc03353/forge/src/dispatcher/posix.c:61 139930242488064: r->filehandle = 36, r->size = 131072, r->offset = 55831166976
23:38:47 ERROR /home/bsc03/bsc03353/forge/src/dispatcher/posix.c:62 139930242488064: single write -1 of expected 131072
23:38:47 ERROR /home/bsc03/bsc03353/forge/src/dispatcher/posix.c:61 139940979926784: r->filehandle = 36, r->size = 131072, r->offset = 65136361472
23:38:47 ERROR /home/bsc03/bsc03353/forge/src/dispatcher/posix.c:62 139940979926784: single write -1 of expected 131072
23:38:48 ERROR /home/bsc03/bsc03353/forge/src/dispatcher/posix.c:61 139949569877760: r->filehandle = 36, r->size = 131072, r->offset = 62273224704
23:38:48 ERROR /home/bsc03/bsc03353/forge/src/dispatcher/posix.c:62 139949569877760: single write -1 of expected 131072
23:38:49 ERROR /home/bsc03/bsc03353/forge/src/dispatcher/posix.c:61 140592748492544: r->filehandle = 35, r->size = 131072, r->offset = 15747252224
23:38:49 ERROR /home/bsc03/bsc03353/forge/src/dispatcher/posix.c:61 140379396077312: r->filehandle = 36, r->size = 131072, r->offset = 91620376576
23:38:49 ERROR /home/bsc03/bsc03353/forge/src/dispatcher/posix.c:62 140592748492544: single write -1 of expected 131072
23:38:49 ERROR /home/bsc03/bsc03353/forge/src/dispatcher/posix.c:62 140379396077312: single write -1 of expected 131072
23:38:49 ERROR /home/bsc03/bsc03353/forge/src/dispatcher/posix.c:61 140601083680512: r->filehandle = 36, r->size = 131072, r->offset = 31494504448
23:38:49 ERROR /home/bsc03/bsc03353/forge/src/dispatcher/posix.c:62 140601083680512: single write -1 of expected 131072
23:38:50 ERROR /home/bsc03/bsc03353/forge/src/dispatcher/posix.c:61 139840564475648: r->filehandle = 36, r->size = 131072, r->offset = 45810188288
23:38:50 ERROR /home/bsc03/bsc03353/forge/src/dispatcher/posix.c:62 139840564475648: single write -1 of expected 131072
23:38:50 ERROR /home/bsc03/bsc03353/forge/src/dispatcher/posix.c:61 139857642301184: r->filehandle = 36, r->size = 131072, r->offset = 104504492032
23:38:50 ERROR /home/bsc03/bsc03353/forge/src/dispatcher/posix.c:62 139857642301184: single write -1 of expected 131072
23:38:50 ERROR /home/bsc03/bsc03353/forge/src/dispatcher/posix.c:61 140009963808512: r->filehandle = 36, r->size = 131072, r->offset = 125978017792
23:38:50 ERROR /home/bsc03/bsc03353/forge/src/dispatcher/posix.c:62 140009963808512: single write -1 of expected 131072
23:38:50 ERROR /home/bsc03/bsc03353/forge/src/dispatcher/posix.c:61 139821237085952: r->filehandle = 36, r->size = 131072, r->offset = 45094404096
23:38:50 ERROR /home/bsc03/bsc03353/forge/src/dispatcher/posix.c:62 139821237085952: single write -1 of expected 131072
23:38:51 ERROR /home/bsc03/bsc03353/forge/src/dispatcher/posix.c:61 140607555352320: r->filehandle = 36, r->size = 131072, r->offset = 78020476928
23:38:51 ERROR /home/bsc03/bsc03353/forge/src/dispatcher/posix.c:62 140607555352320: single write -1 of expected 131072
23:38:52 ERROR /home/bsc03/bsc03353/forge/src/dispatcher/posix.c:61 139844859451136: r->filehandle = 36, r->size = 131072, r->offset = 47957540864
23:38:52 ERROR /home/bsc03/bsc03353/forge/src/dispatcher/posix.c:62 139844859451136: single write -1 of expected 131072
23:38:53 ERROR /home/bsc03/bsc03353/forge/src/dispatcher/posix.c:61 139831974524672: r->filehandle = 36, r->size = 131072, r->offset = 42947051520
23:38:53 ERROR /home/bsc03/bsc03353/forge/src/dispatcher/posix.c:62 139831974524672: single write -1 of expected 131072
23:38:53 ERROR /home/bsc03/bsc03353/forge/src/dispatcher/posix.c:61 139836269500160: r->filehandle = 36, r->size = 131072, r->offset = 38652346368
23:38:53 ERROR /home/bsc03/bsc03353/forge/src/dispatcher/posix.c:62 139836269500160: single write -1 of expected 131072
23:38:54 ERROR /home/bsc03/bsc03353/forge/src/dispatcher/posix.c:61 139943127414528: r->filehandle = 36, r->size = 131072, r->offset = 62989008896
23:38:54 ERROR /home/bsc03/bsc03353/forge/src/dispatcher/posix.c:62 139943127414528: single write -1 of expected 131072
23:38:55 ERROR /home/bsc03/bsc03353/forge/src/dispatcher/posix.c:61 140403018442496: r->filehandle = 36, r->size = 131072, r->offset = 88041455616
23:38:55 ERROR /home/bsc03/bsc03353/forge/src/dispatcher/posix.c:62 140403018442496: single write -1 of expected 131072
23:38:55 ERROR /home/bsc03/bsc03353/forge/src/dispatcher/posix.c:61 140375101101824: r->filehandle = 36, r->size = 131072, r->offset = 93767729152
23:38:55 ERROR /home/bsc03/bsc03353/forge/src/dispatcher/posix.c:62 140375101101824: single write -1 of expected 131072
23:38:55 ERROR /home/bsc03/bsc03353/forge/src/dispatcher/posix.c:61 140618263582464: r->filehandle = 36, r->size = 131072, r->offset = 27199799296
23:38:55 ERROR /home/bsc03/bsc03353/forge/src/dispatcher/posix.c:62 140618263582464: single write -1 of expected 131072
23:38:56 ERROR /home/bsc03/bsc03353/forge/src/dispatcher/posix.c:61 140370806126336: r->filehandle = 36, r->size = 131072, r->offset = 101641355264
23:38:56 ERROR /home/bsc03/bsc03353/forge/src/dispatcher/posix.c:62 140370806126336: single write -1 of expected 131072
23:38:57 ERROR /home/bsc03/bsc03353/forge/src/dispatcher/posix.c:61 140381543565056: r->filehandle = 36, r->size = 131072, r->offset = 95915081728
23:38:57 ERROR /home/bsc03/bsc03353/forge/src/dispatcher/posix.c:62 140381543565056: single write -1 of expected 131072
23:38:57 ERROR /home/bsc03/bsc03353/forge/src/dispatcher/posix.c:61 139994931394304: r->filehandle = 36, r->size = 131072, r->offset = 121683312640
23:38:57 ERROR /home/bsc03/bsc03353/forge/src/dispatcher/posix.c:62 139994931394304: single write -1 of expected 131072
23:38:58 ERROR /home/bsc03/bsc03353/forge/src/dispatcher/posix.c:61 140629030229760: r->filehandle = 36, r->size = 131072, r->offset = 78736261120
23:38:58 ERROR /home/bsc03/bsc03353/forge/src/dispatcher/posix.c:62 140629030229760: single write -1 of expected 131072
23:38:58 ERROR /home/bsc03/bsc03353/forge/src/dispatcher/posix.c:61 140598965401344: r->filehandle = 36, r->size = 131072, r->offset = 73009987584
23:38:58 ERROR /home/bsc03/bsc03353/forge/src/dispatcher/posix.c:62 140598965401344: single write -1 of expected 131072
23:38:59 ERROR /home/bsc03/bsc03353/forge/src/dispatcher/posix.c:61 140601112889088: r->filehandle = 36, r->size = 131072, r->offset = 83030966272
23:38:59 ERROR /home/bsc03/bsc03353/forge/src/dispatcher/posix.c:62 140601112889088: single write -1 of expected 131072
23:38:59 ERROR /home/bsc03/bsc03353/forge/src/dispatcher/posix.c:61 140613997815552: r->filehandle = 36, r->size = 131072, r->offset = 85178318848
23:38:59 ERROR /home/bsc03/bsc03353/forge/src/dispatcher/posix.c:62 140613997815552: single write -1 of expected 131072
23:39:00 ERROR /home/bsc03/bsc03353/forge/src/dispatcher/posix.c:61 140611850327808: r->filehandle = 36, r->size = 131072, r->offset = 76588908544
23:39:00 ERROR /home/bsc03/bsc03353/forge/src/dispatcher/posix.c:62 140611850327808: single write -1 of expected 131072
23:39:00 ERROR /home/bsc03/bsc03353/forge/src/dispatcher/posix.c:61 140616145303296: r->filehandle = 36, r->size = 131072, r->offset = 68715282432
23:39:00 ERROR /home/bsc03/bsc03353/forge/src/dispatcher/posix.c:62 140616145303296: single write -1 of expected 131072
23:39:01 ERROR /home/bsc03/bsc03353/forge/src/dispatcher/posix.c:61 140620665833216: r->filehandle = 35, r->size = 131072, r->offset = 14315683840
23:39:01 ERROR /home/bsc03/bsc03353/forge/src/dispatcher/posix.c:62 140620665833216: single write -1 of expected 131072
23:39:01 ERROR /home/bsc03/bsc03353/forge/src/dispatcher/posix.c:61 140594895980288: r->filehandle = 35, r->size = 131072, r->offset = 715784192
23:39:01 ERROR /home/bsc03/bsc03353/forge/src/dispatcher/posix.c:62 140594895980288: single write -1 of expected 131072
23:39:01 ERROR /home/bsc03/bsc03353/forge/src/dispatcher/posix.c:61 140609928394496: r->filehandle = 35, r->size = 131072, r->offset = 4294705152
23:39:01 ERROR /home/bsc03/bsc03353/forge/src/dispatcher/posix.c:62 140609928394496: single write -1 of expected 131072
23:39:02 ERROR /home/bsc03/bsc03353/forge/src/dispatcher/posix.c:61 139823384573696: r->filehandle = 36, r->size = 131072, r->offset = 50104893440
23:39:02 ERROR /home/bsc03/bsc03353/forge/src/dispatcher/posix.c:62 139823384573696: single write -1 of expected 131072
23:39:02 ERROR /home/bsc03/bsc03353/forge/src/dispatcher/posix.c:61 139936684951296: r->filehandle = 36, r->size = 131072, r->offset = 57262735360
23:39:02 ERROR /home/bsc03/bsc03353/forge/src/dispatcher/posix.c:62 139936684951296: single write -1 of expected 131072
23:39:02 ERROR /home/bsc03/bsc03353/forge/src/dispatcher/posix.c:61 140624706045696: r->filehandle = 36, r->size = 131072, r->offset = 32926072832
23:39:02 ERROR /home/bsc03/bsc03353/forge/src/dispatcher/posix.c:62 140624706045696: single write -1 of expected 131072
23:39:04 ERROR /home/bsc03/bsc03353/forge/src/dispatcher/posix.c:61 140607526143744: r->filehandle = 36, r->size = 131072, r->offset = 22189309952
23:39:04 ERROR /home/bsc03/bsc03353/forge/src/dispatcher/posix.c:62 140607526143744: single write -1 of expected 131072
23:39:04 ERROR /home/bsc03/bsc03353/forge/src/dispatcher/posix.c:61 139982046467840: r->filehandle = 36, r->size = 131072, r->offset = 130272722944
23:39:04 ERROR /home/bsc03/bsc03353/forge/src/dispatcher/posix.c:62 139982046467840: single write -1 of expected 131072
23:39:05 ERROR /home/bsc03/bsc03353/forge/src/dispatcher/posix.c:61 139844757374720: r->filehandle = 36, r->size = 131072, r->offset = 110946549760
23:39:05 ERROR /home/bsc03/bsc03353/forge/src/dispatcher/posix.c:62 139844757374720: single write -1 of expected 131072
23:39:06 ERROR /home/bsc03/bsc03353/forge/src/dispatcher/posix.c:61 139992783906560: r->filehandle = 36, r->size = 131072, r->offset = 135998996480
23:39:06 ERROR /home/bsc03/bsc03353/forge/src/dispatcher/posix.c:62 139992783906560: single write -1 of expected 131072
23:39:06 ERROR /home/bsc03/bsc03353/forge/src/dispatcher/posix.c:61 140003521345280: r->filehandle = 36, r->size = 131072, r->offset = 133851643904
23:39:06 ERROR /home/bsc03/bsc03353/forge/src/dispatcher/posix.c:62 140003521345280: single write -1 of expected 131072
23:39:06 ERROR /home/bsc03/bsc03353/forge/src/dispatcher/posix.c:61 139979898980096: r->filehandle = 36, r->size = 131072, r->offset = 129556938752
23:39:06 ERROR /home/bsc03/bsc03353/forge/src/dispatcher/posix.c:62 139979898980096: single write -1 of expected 131072
23:39:07 ERROR /home/bsc03/bsc03353/forge/src/dispatcher/posix.c:61 139986341443328: r->filehandle = 36, r->size = 131072, r->offset = 133135859712
23:39:07 ERROR /home/bsc03/bsc03353/forge/src/dispatcher/posix.c:62 139986341443328: single write -1 of expected 131072
23:39:08 ERROR /home/bsc03/bsc03353/forge/src/dispatcher/posix.c:61 140383691052800: r->filehandle = 36, r->size = 131072, r->offset = 89473024000
23:39:08 ERROR /home/bsc03/bsc03353/forge/src/dispatcher/posix.c:62 140383691052800: single write -1 of expected 131072
23:39:09 ERROR /home/bsc03/bsc03353/forge/src/dispatcher/posix.c:61 140379396077312: r->filehandle = 36, r->size = 131072, r->offset = 92336160768
23:39:09 ERROR /home/bsc03/bsc03353/forge/src/dispatcher/posix.c:62 140379396077312: single write -1 of expected 131072
23:39:09 ERROR /home/bsc03/bsc03353/forge/src/dispatcher/posix.c:61 140387986028288: r->filehandle = 36, r->size = 131072, r->offset = 100209786880
23:39:09 ERROR /home/bsc03/bsc03353/forge/src/dispatcher/posix.c:62 140387986028288: single write -1 of expected 131072
23:39:10 ERROR /home/bsc03/bsc03353/forge/src/dispatcher/posix.c:61 140377248589568: r->filehandle = 36, r->size = 131072, r->offset = 98062434304
23:39:10 ERROR /home/bsc03/bsc03353/forge/src/dispatcher/posix.c:62 140377248589568: single write -1 of expected 131072
23:39:11 ERROR /home/bsc03/bsc03353/forge/src/dispatcher/posix.c:61 139851301914368: r->filehandle = 36, r->size = 131072, r->offset = 37936562176
23:39:11 ERROR /home/bsc03/bsc03353/forge/src/dispatcher/posix.c:62 139851301914368: single write -1 of expected 131072
23:39:11 ERROR /home/bsc03/bsc03353/forge/src/dispatcher/posix.c:61 140618292791040: r->filehandle = 36, r->size = 131072, r->offset = 77304692736
23:39:11 ERROR /home/bsc03/bsc03353/forge/src/dispatcher/posix.c:61 139919505049344: r->filehandle = 36, r->size = 131072, r->offset = 60841656320
23:39:11 ERROR /home/bsc03/bsc03353/forge/src/dispatcher/posix.c:62 140618292791040: single write -1 of expected 131072
23:39:11 ERROR /home/bsc03/bsc03353/forge/src/dispatcher/posix.c:62 139919505049344: single write -1 of expected 131072
23:39:12 ERROR /home/bsc03/bsc03353/forge/src/dispatcher/posix.c:61 139925947512576: r->filehandle = 36, r->size = 131072, r->offset = 67283714048
23:39:12 ERROR /home/bsc03/bsc03353/forge/src/dispatcher/posix.c:62 139925947512576: single write -1 of expected 131072
23:39:13 ERROR /home/bsc03/bsc03353/forge/src/dispatcher/posix.c:61 140618518345472: r->filehandle = 35, r->size = 131072, r->offset = 7873626112
23:39:13 ERROR /home/bsc03/bsc03353/forge/src/dispatcher/posix.c:62 140618518345472: single write -1 of expected 131072
23:39:14 ERROR /home/bsc03/bsc03353/forge/src/dispatcher/posix.c:61 139825429985024: r->filehandle = 36, r->size = 131072, r->offset = 105936060416
23:39:14 ERROR /home/bsc03/bsc03353/forge/src/dispatcher/posix.c:62 139825429985024: single write -1 of expected 131072
23:39:15 ERROR /home/bsc03/bsc03353/forge/src/dispatcher/posix.c:61 139849052350208: r->filehandle = 36, r->size = 131072, r->offset = 114525470720
23:39:15 ERROR /home/bsc03/bsc03353/forge/src/dispatcher/posix.c:62 139849052350208: single write -1 of expected 131072
23:39:16 ERROR /home/bsc03/bsc03353/forge/src/dispatcher/posix.c:61 140626853533440: r->filehandle = 36, r->size = 131072, r->offset = 20041957376
23:39:16 ERROR /home/bsc03/bsc03353/forge/src/dispatcher/posix.c:62 140626853533440: single write -1 of expected 131072
23:39:16 ERROR /home/bsc03/bsc03353/forge/src/dispatcher/posix.c:61 140601083680512: r->filehandle = 36, r->size = 131072, r->offset = 19326173184
23:39:16 ERROR /home/bsc03/bsc03353/forge/src/dispatcher/posix.c:62 140601083680512: single write -1 of expected 131072
23:39:17 ERROR /home/bsc03/bsc03353/forge/src/dispatcher/posix.c:61 140622558557952: r->filehandle = 36, r->size = 131072, r->offset = 20757741568
23:39:17 ERROR /home/bsc03/bsc03353/forge/src/dispatcher/posix.c:62 140622558557952: single write -1 of expected 131072
23:39:18 ERROR /home/bsc03/bsc03353/forge/src/dispatcher/posix.c:61 140616116094720: r->filehandle = 36, r->size = 131072, r->offset = 24336662528
23:39:18 ERROR /home/bsc03/bsc03353/forge/src/dispatcher/posix.c:62 140616116094720: single write -1 of expected 131072
23:39:18 ERROR /home/bsc03/bsc03353/forge/src/dispatcher/posix.c:61 140605378656000: r->filehandle = 36, r->size = 131072, r->offset = 17894604800
23:39:18 ERROR /home/bsc03/bsc03353/forge/src/dispatcher/posix.c:62 140605378656000: single write -1 of expected 131072
23:39:19 ERROR /home/bsc03/bsc03353/forge/src/dispatcher/posix.c:61 140609673631488: r->filehandle = 36, r->size = 131072, r->offset = 28631367680
23:39:19 ERROR /home/bsc03/bsc03353/forge/src/dispatcher/posix.c:62 140609673631488: single write -1 of expected 131072
23:39:20 ERROR /home/bsc03/bsc03353/forge/src/dispatcher/posix.c:61 140631148508928: r->filehandle = 36, r->size = 131072, r->offset = 22905094144
23:39:20 ERROR /home/bsc03/bsc03353/forge/src/dispatcher/posix.c:62 140631148508928: single write -1 of expected 131072
23:39:21 ERROR /home/bsc03/bsc03353/forge/src/dispatcher/posix.c:61 140613968606976: r->filehandle = 36, r->size = 131072, r->offset = 18610388992
23:39:21 ERROR /home/bsc03/bsc03353/forge/src/dispatcher/posix.c:62 140613968606976: single write -1 of expected 131072
23:39:21 ERROR /home/bsc03/bsc03353/forge/src/dispatcher/posix.c:61 140005668833024: r->filehandle = 36, r->size = 131072, r->offset = 131704291328
23:39:21 ERROR /home/bsc03/bsc03353/forge/src/dispatcher/posix.c:61 140603260376832: r->filehandle = 36, r->size = 131072, r->offset = 79452045312
23:39:21 ERROR /home/bsc03/bsc03353/forge/src/dispatcher/posix.c:62 140005668833024: single write -1 of expected 131072
23:39:21 ERROR /home/bsc03/bsc03353/forge/src/dispatcher/posix.c:62 140603260376832: single write -1 of expected 131072
23:39:21 ERROR /home/bsc03/bsc03353/forge/src/dispatcher/posix.c:61 139849154426624: r->filehandle = 36, r->size = 131072, r->offset = 40083914752
23:39:21 ERROR /home/bsc03/bsc03353/forge/src/dispatcher/posix.c:62 139849154426624: single write -1 of expected 131072
23:39:22 ERROR /home/bsc03/bsc03353/forge/src/dispatcher/posix.c:61 139842711963392: r->filehandle = 36, r->size = 131072, r->offset = 35789209600
23:39:22 ERROR /home/bsc03/bsc03353/forge/src/dispatcher/posix.c:62 139842711963392: single write -1 of expected 131072
23:39:23 ERROR /home/bsc03/bsc03353/forge/src/dispatcher/posix.c:61 140392281003776: r->filehandle = 36, r->size = 131072, r->offset = 99494002688
23:39:23 ERROR /home/bsc03/bsc03353/forge/src/dispatcher/posix.c:62 140392281003776: single write -1 of expected 131072
23:39:23 ERROR /home/bsc03/bsc03353/forge/src/dispatcher/posix.c:61 139936684951296: r->filehandle = 36, r->size = 131072, r->offset = 55115513856
23:39:23 ERROR /home/bsc03/bsc03353/forge/src/dispatcher/posix.c:62 139936684951296: single write -1 of expected 131072
23:39:23 ERROR /home/bsc03/bsc03353/forge/src/dispatcher/posix.c:61 139928095000320: r->filehandle = 36, r->size = 131072, r->offset = 66567929856
23:39:23 ERROR /home/bsc03/bsc03353/forge/src/dispatcher/posix.c:62 139928095000320: single write -1 of expected 131072
23:39:24 ERROR /home/bsc03/bsc03353/forge/src/dispatcher/posix.c:61 139829724960512: r->filehandle = 36, r->size = 131072, r->offset = 118104391680
23:39:24 ERROR /home/bsc03/bsc03353/forge/src/dispatcher/posix.c:62 139829724960512: single write -1 of expected 131072
23:39:26 ERROR /home/bsc03/bsc03353/forge/src/dispatcher/posix.c:61 140599190955776: r->filehandle = 35, r->size = 131072, r->offset = 5726273536
23:39:26 ERROR /home/bsc03/bsc03353/forge/src/dispatcher/posix.c:61 139853347325696: r->filehandle = 36, r->size = 131072, r->offset = 113809686528
23:39:26 ERROR /home/bsc03/bsc03353/forge/src/dispatcher/posix.c:62 140599190955776: single write -1 of expected 131072
23:39:26 ERROR /home/bsc03/bsc03353/forge/src/dispatcher/posix.c:62 139853347325696: single write -1 of expected 131072
23:39:26 ERROR /home/bsc03/bsc03353/forge/src/dispatcher/posix.c:61 140633295996672: r->filehandle = 36, r->size = 131072, r->offset = 33641857024
23:39:26 ERROR /home/bsc03/bsc03353/forge/src/dispatcher/posix.c:62 140633295996672: single write -1 of expected 131072
23:39:27 ERROR /home/bsc03/bsc03353/forge/src/dispatcher/posix.c:61 140611821119232: r->filehandle = 36, r->size = 131072, r->offset = 23620878336
23:39:27 ERROR /home/bsc03/bsc03353/forge/src/dispatcher/posix.c:62 140611821119232: single write -1 of expected 131072
23:39:28 ERROR /home/bsc03/bsc03353/forge/src/dispatcher/posix.c:61 140012111296256: r->filehandle = 36, r->size = 131072, r->offset = 127409586176
23:39:28 ERROR /home/bsc03/bsc03353/forge/src/dispatcher/posix.c:62 140012111296256: single write -1 of expected 131072
23:39:28 ERROR /home/bsc03/bsc03353/forge/src/dispatcher/posix.c:61 139834122012416: r->filehandle = 36, r->size = 131072, r->offset = 40799698944
23:39:28 ERROR /home/bsc03/bsc03353/forge/src/dispatcher/posix.c:61 140622587766528: r->filehandle = 36, r->size = 131072, r->offset = 74441555968
23:39:28 ERROR /home/bsc03/bsc03353/forge/src/dispatcher/posix.c:62 139834122012416: single write -1 of expected 131072
23:39:28 ERROR /home/bsc03/bsc03353/forge/src/dispatcher/posix.c:62 140622587766528: single write -1 of expected 131072
23:39:29 ERROR /home/bsc03/bsc03353/forge/src/dispatcher/posix.c:61 139838416987904: r->filehandle = 36, r->size = 131072, r->offset = 44378619904
23:39:29 ERROR /home/bsc03/bsc03353/forge/src/dispatcher/posix.c:62 139838416987904: single write -1 of expected 131072
23:39:29 ERROR /home/bsc03/bsc03353/forge/src/dispatcher/posix.c:61 139829827036928: r->filehandle = 36, r->size = 131072, r->offset = 42231267328
23:39:29 ERROR /home/bsc03/bsc03353/forge/src/dispatcher/posix.c:62 139829827036928: single write -1 of expected 131072
23:39:30 ERROR /home/bsc03/bsc03353/forge/src/dispatcher/posix.c:61 139849154426624: r->filehandle = 36, r->size = 131072, r->offset = 42947182592
23:39:30 ERROR /home/bsc03/bsc03353/forge/src/dispatcher/posix.c:62 139849154426624: single write -1 of expected 131072
23:39:31 ERROR /home/bsc03/bsc03353/forge/src/dispatcher/posix.c:61 139819089598208: r->filehandle = 36, r->size = 131072, r->offset = 35073425408
23:39:31 ERROR /home/bsc03/bsc03353/forge/src/dispatcher/posix.c:62 139819089598208: single write -1 of expected 131072
23:39:32 ERROR /home/bsc03/bsc03353/forge/src/dispatcher/posix.c:61 140396575979264: r->filehandle = 36, r->size = 131072, r->offset = 102357139456
23:39:32 ERROR /home/bsc03/bsc03353/forge/src/dispatcher/posix.c:62 140396575979264: single write -1 of expected 131072
23:39:34 ERROR /home/bsc03/bsc03353/forge/src/dispatcher/posix.c:61 140379396077312: r->filehandle = 36, r->size = 131072, r->offset = 88041586688
23:39:34 ERROR /home/bsc03/bsc03353/forge/src/dispatcher/posix.c:62 140379396077312: single write -1 of expected 131072
23:39:35 ERROR /home/bsc03/bsc03353/forge/src/dispatcher/posix.c:61 139938832439040: r->filehandle = 36, r->size = 131072, r->offset = 61557440512
23:39:35 ERROR /home/bsc03/bsc03353/forge/src/dispatcher/posix.c:62 139938832439040: single write -1 of expected 131072
23:39:36 ERROR /home/bsc03/bsc03353/forge/src/dispatcher/posix.c:61 139919505049344: r->filehandle = 36, r->size = 131072, r->offset = 65852276736
23:39:36 ERROR /home/bsc03/bsc03353/forge/src/dispatcher/posix.c:62 139919505049344: single write -1 of expected 131072
23:39:36 ERROR /home/bsc03/bsc03353/forge/src/dispatcher/posix.c:61 139934537463552: r->filehandle = 36, r->size = 131072, r->offset = 51536461824
23:39:36 ERROR /home/bsc03/bsc03353/forge/src/dispatcher/posix.c:62 139934537463552: single write -1 of expected 131072
23:39:36 ERROR /home/bsc03/bsc03353/forge/src/dispatcher/posix.c:61 140607780906752: r->filehandle = 35, r->size = 131072, r->offset = 11452547072
23:39:36 ERROR /home/bsc03/bsc03353/forge/src/dispatcher/posix.c:62 140607780906752: single write -1 of expected 131072
23:39:36 ERROR /home/bsc03/bsc03353/forge/src/dispatcher/posix.c:61 140618292791040: r->filehandle = 36, r->size = 131072, r->offset = 73725771776
23:39:36 ERROR /home/bsc03/bsc03353/forge/src/dispatcher/posix.c:62 140618292791040: single write -1 of expected 131072
23:39:37 ERROR /home/bsc03/bsc03353/forge/src/dispatcher/posix.c:61 139849052350208: r->filehandle = 36, r->size = 131072, r->offset = 119535960064
23:39:37 ERROR /home/bsc03/bsc03353/forge/src/dispatcher/posix.c:62 139849052350208: single write -1 of expected 131072
23:39:37 ERROR /home/bsc03/bsc03353/forge/src/dispatcher/posix.c:61 139986341443328: r->filehandle = 36, r->size = 131072, r->offset = 133135990784
23:39:37 ERROR /home/bsc03/bsc03353/forge/src/dispatcher/posix.c:62 139986341443328: single write -1 of expected 131072
23:39:38 ERROR /home/bsc03/bsc03353/forge/src/dispatcher/posix.c:61 140603231168256: r->filehandle = 36, r->size = 131072, r->offset = 21473525760
23:39:38 ERROR /home/bsc03/bsc03353/forge/src/dispatcher/posix.c:62 140603231168256: single write -1 of expected 131072
23:39:39 ERROR /home/bsc03/bsc03353/forge/src/dispatcher/posix.c:61 140622558557952: r->filehandle = 36, r->size = 131072, r->offset = 32926203904
23:39:39 ERROR /home/bsc03/bsc03353/forge/src/dispatcher/posix.c:62 140622558557952: single write -1 of expected 131072
23:39:40 ERROR /home/bsc03/bsc03353/forge/src/dispatcher/posix.c:61 140607526143744: r->filehandle = 36, r->size = 131072, r->offset = 29347151872
23:39:40 ERROR /home/bsc03/bsc03353/forge/src/dispatcher/posix.c:62 140607526143744: single write -1 of expected 131072
23:39:41 ERROR /home/bsc03/bsc03353/forge/src/dispatcher/posix.c:61 140611821119232: r->filehandle = 36, r->size = 131072, r->offset = 17894735872
23:39:41 ERROR /home/bsc03/bsc03353/forge/src/dispatcher/posix.c:62 140611821119232: single write -1 of expected 131072
23:39:41 ERROR /home/bsc03/bsc03353/forge/src/dispatcher/posix.c:61 139825532061440: r->filehandle = 36, r->size = 131072, r->offset = 43662835712
23:39:41 ERROR /home/bsc03/bsc03353/forge/src/dispatcher/posix.c:62 139825532061440: single write -1 of expected 131072
23:39:42 ERROR /home/bsc03/bsc03353/forge/src/dispatcher/posix.c:61 139821237085952: r->filehandle = 36, r->size = 131072, r->offset = 50820808704
23:39:42 ERROR /home/bsc03/bsc03353/forge/src/dispatcher/posix.c:62 139821237085952: single write -1 of expected 131072
23:39:42 ERROR /home/bsc03/bsc03353/forge/src/dispatcher/posix.c:61 140396575979264: r->filehandle = 36, r->size = 131072, r->offset = 92336291840
23:39:42 ERROR /home/bsc03/bsc03353/forge/src/dispatcher/posix.c:62 140396575979264: single write -1 of expected 131072
23:39:43 ERROR /home/bsc03/bsc03353/forge/src/dispatcher/posix.c:61 140392281003776: r->filehandle = 36, r->size = 131072, r->offset = 95915212800
23:39:43 ERROR /home/bsc03/bsc03353/forge/src/dispatcher/posix.c:62 140392281003776: single write -1 of expected 131072
23:39:44 ERROR /home/bsc03/bsc03353/forge/src/dispatcher/posix.c:61 140377248589568: r->filehandle = 36, r->size = 131072, r->offset = 89473155072
23:39:44 ERROR /home/bsc03/bsc03353/forge/src/dispatcher/posix.c:62 140377248589568: single write -1 of expected 131072
23:39:45 ERROR /home/bsc03/bsc03353/forge/src/dispatcher/posix.c:61 139932389975808: r->filehandle = 36, r->size = 131072, r->offset = 63704793088
23:39:45 ERROR /home/bsc03/bsc03353/forge/src/dispatcher/posix.c:62 139932389975808: single write -1 of expected 131072
23:39:45 ERROR /home/bsc03/bsc03353/forge/src/dispatcher/posix.c:61 140001373857536: r->filehandle = 36, r->size = 131072, r->offset = 125262233600
23:39:45 ERROR /home/bsc03/bsc03353/forge/src/dispatcher/posix.c:62 140001373857536: single write -1 of expected 131072
23:39:46 ERROR /home/bsc03/bsc03353/forge/src/dispatcher/posix.c:61 139838314911488: r->filehandle = 36, r->size = 131072, r->offset = 103072923648
23:39:46 ERROR /home/bsc03/bsc03353/forge/src/dispatcher/posix.c:62 139838314911488: single write -1 of expected 131072
23:39:46 ERROR /home/bsc03/bsc03353/forge/src/dispatcher/posix.c:61 140594895980288: r->filehandle = 35, r->size = 131072, r->offset = 7157841920
23:39:46 ERROR /home/bsc03/bsc03353/forge/src/dispatcher/posix.c:62 140594895980288: single write -1 of expected 131072
23:39:46 ERROR /home/bsc03/bsc03353/forge/src/dispatcher/posix.c:61 140618292791040: r->filehandle = 36, r->size = 131072, r->offset = 76589039616
23:39:46 ERROR /home/bsc03/bsc03353/forge/src/dispatcher/posix.c:62 140618292791040: single write -1 of expected 131072
23:39:46 ERROR /home/bsc03/bsc03353/forge/src/dispatcher/posix.c:61 140626882742016: r->filehandle = 36, r->size = 131072, r->offset = 70146850816
23:39:46 ERROR /home/bsc03/bsc03353/forge/src/dispatcher/posix.c:62 140626882742016: single write -1 of expected 131072
23:39:47 ERROR /home/bsc03/bsc03353/forge/src/dispatcher/posix.c:61 140609673631488: r->filehandle = 36, r->size = 131072, r->offset = 25052446720
23:39:47 ERROR /home/bsc03/bsc03353/forge/src/dispatcher/posix.c:62 140609673631488: single write -1 of expected 131072
23:39:48 ERROR /home/bsc03/bsc03353/forge/src/dispatcher/posix.c:61 139836269500160: r->filehandle = 36, r->size = 131072, r->offset = 46525972480
23:39:48 ERROR /home/bsc03/bsc03353/forge/src/dispatcher/posix.c:62 139836269500160: single write -1 of expected 131072
23:39:49 ERROR /home/bsc03/bsc03353/forge/src/dispatcher/posix.c:61 139844859451136: r->filehandle = 36, r->size = 131072, r->offset = 45094535168
23:39:49 ERROR /home/bsc03/bsc03353/forge/src/dispatcher/posix.c:62 139844859451136: single write -1 of expected 131072
23:39:49 ERROR /home/bsc03/bsc03353/forge/src/dispatcher/posix.c:61 140394428491520: r->filehandle = 36, r->size = 131072, r->offset = 100925571072
23:39:49 ERROR /home/bsc03/bsc03353/forge/src/dispatcher/posix.c:62 140394428491520: single write -1 of expected 131072
23:39:51 ERROR /home/bsc03/bsc03353/forge/src/dispatcher/posix.c:61 140385838540544: r->filehandle = 36, r->size = 131072, r->offset = 94483513344
23:39:51 ERROR /home/bsc03/bsc03353/forge/src/dispatcher/posix.c:62 140385838540544: single write -1 of expected 131072
23:39:53 ERROR /home/bsc03/bsc03353/forge/src/dispatcher/posix.c:61 139949569877760: r->filehandle = 36, r->size = 131072, r->offset = 59410219008
23:39:53 ERROR /home/bsc03/bsc03353/forge/src/dispatcher/posix.c:62 139949569877760: single write -1 of expected 131072
23:39:54 ERROR /home/bsc03/bsc03353/forge/src/dispatcher/posix.c:61 139945274902272: r->filehandle = 36, r->size = 131072, r->offset = 52968030208
23:39:54 ERROR /home/bsc03/bsc03353/forge/src/dispatcher/posix.c:62 139945274902272: single write -1 of expected 131072
23:39:54 ERROR /home/bsc03/bsc03353/forge/src/dispatcher/posix.c:61 140624735254272: r->filehandle = 36, r->size = 131072, r->offset = 75157340160
23:39:54 ERROR /home/bsc03/bsc03353/forge/src/dispatcher/posix.c:62 140624735254272: single write -1 of expected 131072
23:39:54 ERROR /home/bsc03/bsc03353/forge/src/dispatcher/posix.c:61 140009963808512: r->filehandle = 36, r->size = 131072, r->offset = 124546449408
23:39:54 ERROR /home/bsc03/bsc03353/forge/src/dispatcher/posix.c:62 140009963808512: single write -1 of expected 131072
23:39:55 ERROR /home/bsc03/bsc03353/forge/src/dispatcher/posix.c:61 139831872448256: r->filehandle = 36, r->size = 131072, r->offset = 111662333952
23:39:55 ERROR /home/bsc03/bsc03353/forge/src/dispatcher/posix.c:62 139831872448256: single write -1 of expected 131072
23:39:56 ERROR /home/bsc03/bsc03353/forge/src/dispatcher/posix.c:61 140607780906752: r->filehandle = 35, r->size = 131072, r->offset = 715915264
23:39:56 ERROR /home/bsc03/bsc03353/forge/src/dispatcher/posix.c:62 140607780906752: single write -1 of expected 131072
23:39:56 ERROR /home/bsc03/bsc03353/forge/src/dispatcher/posix.c:61 140616116094720: r->filehandle = 36, r->size = 131072, r->offset = 27199930368
23:39:56 ERROR /home/bsc03/bsc03353/forge/src/dispatcher/posix.c:62 140616116094720: single write -1 of expected 131072
23:39:57 ERROR /home/bsc03/bsc03353/forge/src/dispatcher/posix.c:61 140601083680512: r->filehandle = 36, r->size = 131072, r->offset = 31494635520
23:39:57 ERROR /home/bsc03/bsc03353/forge/src/dispatcher/posix.c:62 140601083680512: single write -1 of expected 131072
23:39:57 ERROR /home/bsc03/bsc03353/forge/src/dispatcher/posix.c:61 140605378656000: r->filehandle = 36, r->size = 131072, r->offset = 22189441024
23:39:57 ERROR /home/bsc03/bsc03353/forge/src/dispatcher/posix.c:62 140605378656000: single write -1 of expected 131072
23:39:59 ERROR /home/bsc03/bsc03353/forge/src/dispatcher/posix.c:61 139829827036928: r->filehandle = 36, r->size = 131072, r->offset = 40799830016
23:39:59 ERROR /home/bsc03/bsc03353/forge/src/dispatcher/posix.c:62 139829827036928: single write -1 of expected 131072
23:40:00 ERROR /home/bsc03/bsc03353/forge/src/dispatcher/posix.c:61 139838416987904: r->filehandle = 36, r->size = 131072, r->offset = 35789340672
23:40:00 ERROR /home/bsc03/bsc03353/forge/src/dispatcher/posix.c:62 139838416987904: single write -1 of expected 131072
23:40:01 ERROR /home/bsc03/bsc03353/forge/src/dispatcher/posix.c:61 139836269500160: r->filehandle = 36, r->size = 131072, r->offset = 39368130560
23:40:01 ERROR /home/bsc03/bsc03353/forge/src/dispatcher/posix.c:62 139836269500160: single write -1 of expected 131072
23:40:02 ERROR /home/bsc03/bsc03353/forge/src/dispatcher/posix.c:61 139840564475648: r->filehandle = 36, r->size = 131072, r->offset = 34357641216
23:40:02 ERROR /home/bsc03/bsc03353/forge/src/dispatcher/posix.c:62 139840564475648: single write -1 of expected 131072
23:40:03 ERROR /home/bsc03/bsc03353/forge/src/dispatcher/posix.c:61 140003521345280: r->filehandle = 36, r->size = 131072, r->offset = 133851774976
23:40:03 ERROR /home/bsc03/bsc03353/forge/src/dispatcher/posix.c:62 140003521345280: single write -1 of expected 131072
23:40:03 ERROR /home/bsc03/bsc03353/forge/src/dispatcher/posix.c:61 140403018442496: r->filehandle = 36, r->size = 131072, r->offset = 85894103040
23:40:03 ERROR /home/bsc03/bsc03353/forge/src/dispatcher/posix.c:62 140403018442496: single write -1 of expected 131072
23:40:03 ERROR /home/bsc03/bsc03353/forge/src/dispatcher/posix.c:61 140605633419008: r->filehandle = 35, r->size = 131072, r->offset = 16463036416
23:40:03 ERROR /home/bsc03/bsc03353/forge/src/dispatcher/posix.c:62 140605633419008: single write -1 of expected 131072
23:40:04 ERROR /home/bsc03/bsc03353/forge/src/dispatcher/posix.c:61 139943127414528: r->filehandle = 36, r->size = 131072, r->offset = 56547082240
23:40:04 ERROR /home/bsc03/bsc03353/forge/src/dispatcher/posix.c:62 139943127414528: single write -1 of expected 131072
23:40:05 ERROR /home/bsc03/bsc03353/forge/src/dispatcher/posix.c:61 139928095000320: r->filehandle = 36, r->size = 131072, r->offset = 62989139968
23:40:05 ERROR /home/bsc03/bsc03353/forge/src/dispatcher/posix.c:62 139928095000320: single write -1 of expected 131072
23:40:05 ERROR /home/bsc03/bsc03353/forge/src/dispatcher/posix.c:61 139923800024832: r->filehandle = 36, r->size = 131072, r->offset = 52252377088
23:40:05 ERROR /home/bsc03/bsc03353/forge/src/dispatcher/posix.c:62 139923800024832: single write -1 of expected 131072
23:40:05 ERROR /home/bsc03/bsc03353/forge/src/dispatcher/posix.c:61 139921652537088: r->filehandle = 36, r->size = 131072, r->offset = 53683814400
23:40:05 ERROR /home/bsc03/bsc03353/forge/src/dispatcher/posix.c:62 139921652537088: single write -1 of expected 131072
23:40:06 ERROR /home/bsc03/bsc03353/forge/src/dispatcher/posix.c:61 140629030229760: r->filehandle = 36, r->size = 131072, r->offset = 80883613696
23:40:06 ERROR /home/bsc03/bsc03353/forge/src/dispatcher/posix.c:62 140629030229760: single write -1 of expected 131072
23:40:07 ERROR /home/bsc03/bsc03353/forge/src/dispatcher/posix.c:61 140603260376832: r->filehandle = 36, r->size = 131072, r->offset = 78736392192
23:40:07 ERROR /home/bsc03/bsc03353/forge/src/dispatcher/posix.c:62 140603260376832: single write -1 of expected 131072
23:40:07 ERROR /home/bsc03/bsc03353/forge/src/dispatcher/posix.c:61 139836167423744: r->filehandle = 36, r->size = 131072, r->offset = 108799197184
23:40:07 ERROR /home/bsc03/bsc03353/forge/src/dispatcher/posix.c:62 139836167423744: single write -1 of expected 131072
23:40:08 ERROR /home/bsc03/bsc03353/forge/src/dispatcher/posix.c:61 140624706045696: r->filehandle = 36, r->size = 131072, r->offset = 30062936064
23:40:08 ERROR /home/bsc03/bsc03353/forge/src/dispatcher/posix.c:62 140624706045696: single write -1 of expected 131072
23:40:09 ERROR /home/bsc03/bsc03353/forge/src/dispatcher/posix.c:61 140392281003776: r->filehandle = 36, r->size = 131072, r->offset = 98062565376
23:40:09 ERROR /home/bsc03/bsc03353/forge/src/dispatcher/posix.c:62 140392281003776: single write -1 of expected 131072
23:40:09 ERROR /home/bsc03/bsc03353/forge/src/dispatcher/posix.c:61 140603485931264: r->filehandle = 35, r->size = 131072, r->offset = 12884115456
23:40:09 ERROR /home/bsc03/bsc03353/forge/src/dispatcher/posix.c:62 140603485931264: single write -1 of expected 131072
23:40:10 ERROR /home/bsc03/bsc03353/forge/src/dispatcher/posix.c:61 140609928394496: r->filehandle = 35, r->size = 131072, r->offset = 6442188800
23:40:10 ERROR /home/bsc03/bsc03353/forge/src/dispatcher/posix.c:62 140609928394496: single write -1 of expected 131072
23:40:11 ERROR /home/bsc03/bsc03353/forge/src/dispatcher/posix.c:61 140618518345472: r->filehandle = 35, r->size = 131072, r->offset = 15747383296
23:40:11 ERROR /home/bsc03/bsc03353/forge/src/dispatcher/posix.c:62 140618518345472: single write -1 of expected 131072
23:40:11 ERROR /home/bsc03/bsc03353/forge/src/dispatcher/posix.c:61 139849154426624: r->filehandle = 36, r->size = 131072, r->offset = 44378750976
23:40:11 ERROR /home/bsc03/bsc03353/forge/src/dispatcher/posix.c:62 139849154426624: single write -1 of expected 131072
23:40:12 ERROR /home/bsc03/bsc03353/forge/src/dispatcher/posix.c:61 139847006938880: r->filehandle = 36, r->size = 131072, r->offset = 41515483136
23:40:12 ERROR /home/bsc03/bsc03353/forge/src/dispatcher/posix.c:62 139847006938880: single write -1 of expected 131072
23:40:12 ERROR /home/bsc03/bsc03353/forge/src/dispatcher/posix.c:61 139840564475648: r->filehandle = 36, r->size = 131072, r->offset = 47241756672
23:40:12 ERROR /home/bsc03/bsc03353/forge/src/dispatcher/posix.c:62 139840564475648: single write -1 of expected 131072
23:40:14 ERROR /home/bsc03/bsc03353/forge/src/dispatcher/posix.c:61 139992783906560: r->filehandle = 36, r->size = 131072, r->offset = 128125370368
23:40:14 ERROR /home/bsc03/bsc03353/forge/src/dispatcher/posix.c:62 139992783906560: single write -1 of expected 131072
23:40:14 ERROR /home/bsc03/bsc03353/forge/src/dispatcher/posix.c:61 139990636418816: r->filehandle = 36, r->size = 131072, r->offset = 135283212288
23:40:14 ERROR /home/bsc03/bsc03353/forge/src/dispatcher/posix.c:62 139990636418816: single write -1 of expected 131072
23:40:15 ERROR /home/bsc03/bsc03353/forge/src/dispatcher/posix.c:61 139988488931072: r->filehandle = 36, r->size = 131072, r->offset = 120251744256
23:40:15 ERROR /home/bsc03/bsc03353/forge/src/dispatcher/posix.c:62 139988488931072: single write -1 of expected 131072
23:40:16 ERROR /home/bsc03/bsc03353/forge/src/dispatcher/posix.c:61 139925947512576: r->filehandle = 36, r->size = 131072, r->offset = 62273355776
23:40:16 ERROR /home/bsc03/bsc03353/forge/src/dispatcher/posix.c:62 139925947512576: single write -1 of expected 131072
23:40:16 ERROR /home/bsc03/bsc03353/forge/src/dispatcher/posix.c:61 140633295996672: r->filehandle = 36, r->size = 131072, r->offset = 24336793600
23:40:16 ERROR /home/bsc03/bsc03353/forge/src/dispatcher/posix.c:62 140633295996672: single write -1 of expected 131072
23:40:17 ERROR /home/bsc03/bsc03353/forge/src/dispatcher/posix.c:61 140622587766528: r->filehandle = 36, r->size = 131072, r->offset = 79452176384
23:40:17 ERROR /home/bsc03/bsc03353/forge/src/dispatcher/posix.c:61 139846904862464: r->filehandle = 36, r->size = 131072, r->offset = 105220276224
23:40:17 ERROR /home/bsc03/bsc03353/forge/src/dispatcher/posix.c:62 139846904862464: single write -1 of expected 131072
23:40:17 ERROR /home/bsc03/bsc03353/forge/src/dispatcher/posix.c:62 140622587766528: single write -1 of expected 131072
23:40:18 ERROR /home/bsc03/bsc03353/forge/src/dispatcher/posix.c:61 140400870954752: r->filehandle = 36, r->size = 131072, r->offset = 97346650112
23:40:18 ERROR /home/bsc03/bsc03353/forge/src/dispatcher/posix.c:62 140400870954752: single write -1 of expected 131072
23:40:18 ERROR /home/bsc03/bsc03353/forge/src/dispatcher/posix.c:61 140616370857728: r->filehandle = 35, r->size = 131072, r->offset = 10736762880
23:40:18 ERROR /home/bsc03/bsc03353/forge/src/dispatcher/posix.c:62 140616370857728: single write -1 of expected 131072
23:40:18 ERROR /home/bsc03/bsc03353/forge/src/dispatcher/posix.c:61 139821237085952: r->filehandle = 36, r->size = 131072, r->offset = 50820939776
23:40:18 ERROR /home/bsc03/bsc03353/forge/src/dispatcher/posix.c:62 139821237085952: single write -1 of expected 131072
23:40:19 ERROR /home/bsc03/bsc03353/forge/src/dispatcher/posix.c:61 139938832439040: r->filehandle = 36, r->size = 131072, r->offset = 67283845120
23:40:19 ERROR /home/bsc03/bsc03353/forge/src/dispatcher/posix.c:62 139938832439040: single write -1 of expected 131072
23:40:20 ERROR /home/bsc03/bsc03353/forge/src/dispatcher/posix.c:61 139936684951296: r->filehandle = 36, r->size = 131072, r->offset = 55831298048
23:40:20 ERROR /home/bsc03/bsc03353/forge/src/dispatcher/posix.c:62 139936684951296: single write -1 of expected 131072
23:40:20 ERROR /home/bsc03/bsc03353/forge/src/dispatcher/posix.c:61 139919505049344: r->filehandle = 36, r->size = 131072, r->offset = 57262866432
23:40:20 ERROR /home/bsc03/bsc03353/forge/src/dispatcher/posix.c:62 139919505049344: single write -1 of expected 131072
23:40:21 ERROR /home/bsc03/bsc03353/forge/src/dispatcher/posix.c:61 139930242488064: r->filehandle = 36, r->size = 131072, r->offset = 60126003200
23:40:21 ERROR /home/bsc03/bsc03353/forge/src/dispatcher/posix.c:62 139930242488064: single write -1 of expected 131072
23:40:22 ERROR /home/bsc03/bsc03353/forge/src/dispatcher/posix.c:61 139979898980096: r->filehandle = 36, r->size = 131072, r->offset = 128841154560
23:40:22 ERROR /home/bsc03/bsc03353/forge/src/dispatcher/posix.c:62 139979898980096: single write -1 of expected 131072
23:40:22 ERROR /home/bsc03/bsc03353/forge/src/dispatcher/posix.c:61 140629030229760: r->filehandle = 36, r->size = 131072, r->offset = 75873124352
23:40:22 ERROR /home/bsc03/bsc03353/forge/src/dispatcher/posix.c:62 140629030229760: single write -1 of expected 131072
23:40:23 ERROR /home/bsc03/bsc03353/forge/src/dispatcher/posix.c:61 140613997815552: r->filehandle = 36, r->size = 131072, r->offset = 78020608000
23:40:23 ERROR /home/bsc03/bsc03353/forge/src/dispatcher/posix.c:62 140613997815552: single write -1 of expected 131072
23:40:23 ERROR /home/bsc03/bsc03353/forge/src/dispatcher/posix.c:61 140609702840064: r->filehandle = 36, r->size = 131072, r->offset = 82315182080
23:40:23 ERROR /home/bsc03/bsc03353/forge/src/dispatcher/posix.c:62 140609702840064: single write -1 of expected 131072
23:40:23 ERROR /home/bsc03/bsc03353/forge/src/dispatcher/posix.c:61 140605407864576: r->filehandle = 36, r->size = 131072, r->offset = 83746750464
23:40:23 ERROR /home/bsc03/bsc03353/forge/src/dispatcher/posix.c:62 140605407864576: single write -1 of expected 131072
23:40:24 ERROR /home/bsc03/bsc03353/forge/src/dispatcher/posix.c:61 140607555352320: r->filehandle = 36, r->size = 131072, r->offset = 69431066624
23:40:24 ERROR /home/bsc03/bsc03353/forge/src/dispatcher/posix.c:62 140607555352320: single write -1 of expected 131072
23:40:25 ERROR /home/bsc03/bsc03353/forge/src/dispatcher/posix.c:61 140626882742016: r->filehandle = 36, r->size = 131072, r->offset = 68715413504
23:40:25 ERROR /home/bsc03/bsc03353/forge/src/dispatcher/posix.c:62 140626882742016: single write -1 of expected 131072
23:40:25 ERROR /home/bsc03/bsc03353/forge/src/dispatcher/posix.c:61 140601112889088: r->filehandle = 36, r->size = 131072, r->offset = 71578550272
23:40:25 ERROR /home/bsc03/bsc03353/forge/src/dispatcher/posix.c:62 140601112889088: single write -1 of expected 131072
23:40:28 ERROR /home/bsc03/bsc03353/forge/src/dispatcher/posix.c:61 140620440278784: r->filehandle = 36, r->size = 131072, r->offset = 70862635008
23:40:28 ERROR /home/bsc03/bsc03353/forge/src/dispatcher/posix.c:62 140620440278784: single write -1 of expected 131072
23:40:29 ERROR /home/bsc03/bsc03353/forge/src/dispatcher/posix.c:61 140370806126336: r->filehandle = 36, r->size = 131072, r->offset = 95199297536
23:40:29 ERROR /home/bsc03/bsc03353/forge/src/dispatcher/posix.c:62 140370806126336: single write -1 of expected 131072
23:40:29 ERROR /home/bsc03/bsc03353/forge/src/dispatcher/posix.c:61 140611821119232: r->filehandle = 36, r->size = 131072, r->offset = 33641988096
23:40:29 ERROR /home/bsc03/bsc03353/forge/src/dispatcher/posix.c:62 140611821119232: single write -1 of expected 131072
23:40:30 ERROR /home/bsc03/bsc03353/forge/src/dispatcher/posix.c:61 140387986028288: r->filehandle = 36, r->size = 131072, r->offset = 93767860224
23:40:30 ERROR /home/bsc03/bsc03353/forge/src/dispatcher/posix.c:62 140387986028288: single write -1 of expected 131072
23:40:31 ERROR /home/bsc03/bsc03353/forge/src/dispatcher/posix.c:61 139855494813440: r->filehandle = 36, r->size = 131072, r->offset = 107367628800
23:40:31 ERROR /home/bsc03/bsc03353/forge/src/dispatcher/posix.c:62 139855494813440: single write -1 of expected 131072
23:40:32 ERROR /home/bsc03/bsc03353/forge/src/dispatcher/posix.c:61 139823384573696: r->filehandle = 36, r->size = 131072, r->offset = 47957671936
23:40:32 ERROR /home/bsc03/bsc03353/forge/src/dispatcher/posix.c:62 139823384573696: single write -1 of expected 131072
23:40:33 ERROR /home/bsc03/bsc03353/forge/src/dispatcher/posix.c:61 139842711963392: r->filehandle = 36, r->size = 131072, r->offset = 50105024512
23:40:33 ERROR /home/bsc03/bsc03353/forge/src/dispatcher/posix.c:62 139842711963392: single write -1 of expected 131072
23:40:33 ERROR /home/bsc03/bsc03353/forge/src/dispatcher/posix.c:61 139819089598208: r->filehandle = 36, r->size = 131072, r->offset = 42947313664
23:40:33 ERROR /home/bsc03/bsc03353/forge/src/dispatcher/posix.c:62 139819089598208: single write -1 of expected 131072
23:40:34 ERROR /home/bsc03/bsc03353/forge/src/dispatcher/posix.c:61 139827679549184: r->filehandle = 36, r->size = 131072, r->offset = 37220777984
23:40:34 ERROR /home/bsc03/bsc03353/forge/src/dispatcher/posix.c:62 139827679549184: single write -1 of expected 131072
23:40:34 ERROR /home/bsc03/bsc03353/forge/src/dispatcher/posix.c:61 139825532061440: r->filehandle = 36, r->size = 131072, r->offset = 42231398400
23:40:34 ERROR /home/bsc03/bsc03353/forge/src/dispatcher/posix.c:62 139825532061440: single write -1 of expected 131072
23:40:35 ERROR /home/bsc03/bsc03353/forge/src/dispatcher/posix.c:61 139999226369792: r->filehandle = 36, r->size = 131072, r->offset = 123114881024
23:40:35 ERROR /home/bsc03/bsc03353/forge/src/dispatcher/posix.c:62 139999226369792: single write -1 of expected 131072
23:40:35 ERROR /home/bsc03/bsc03353/forge/src/dispatcher/posix.c:61 139982046467840: r->filehandle = 36, r->size = 131072, r->offset = 130272854016
23:40:35 ERROR /home/bsc03/bsc03353/forge/src/dispatcher/posix.c:62 139982046467840: single write -1 of expected 131072
23:40:36 ERROR /home/bsc03/bsc03353/forge/src/dispatcher/posix.c:61 140612075882240: r->filehandle = 35, r->size = 131072, r->offset = 2147352576
23:40:36 ERROR /home/bsc03/bsc03353/forge/src/dispatcher/posix.c:62 140612075882240: single write -1 of expected 131072
23:40:36 ERROR /home/bsc03/bsc03353/forge/src/dispatcher/posix.c:61 140005668833024: r->filehandle = 36, r->size = 131072, r->offset = 120967528448
23:40:36 ERROR /home/bsc03/bsc03353/forge/src/dispatcher/posix.c:62 140005668833024: single write -1 of expected 131072
23:40:37 ERROR /home/bsc03/bsc03353/forge/src/dispatcher/posix.c:61 139917357561600: r->filehandle = 36, r->size = 131072, r->offset = 57978519552
23:40:37 ERROR /home/bsc03/bsc03353/forge/src/dispatcher/posix.c:62 139917357561600: single write -1 of expected 131072
23:40:37 ERROR /home/bsc03/bsc03353/forge/src/dispatcher/posix.c:61 139934537463552: r->filehandle = 36, r->size = 131072, r->offset = 60841787392
23:40:37 ERROR /home/bsc03/bsc03353/forge/src/dispatcher/posix.c:62 139934537463552: single write -1 of expected 131072
23:40:38 ERROR /home/bsc03/bsc03353/forge/src/dispatcher/posix.c:61 139947422390016: r->filehandle = 36, r->size = 131072, r->offset = 64420577280
23:40:38 ERROR /home/bsc03/bsc03353/forge/src/dispatcher/posix.c:62 139947422390016: single write -1 of expected 131072
23:40:38 ERROR /home/bsc03/bsc03353/forge/src/dispatcher/posix.c:61 139940979926784: r->filehandle = 36, r->size = 131072, r->offset = 54399598592
23:40:38 ERROR /home/bsc03/bsc03353/forge/src/dispatcher/posix.c:62 139940979926784: single write -1 of expected 131072
23:40:39 ERROR /home/bsc03/bsc03353/forge/src/dispatcher/posix.c:61 140631177717504: r->filehandle = 36, r->size = 131072, r->offset = 84462534656
23:40:39 ERROR /home/bsc03/bsc03353/forge/src/dispatcher/posix.c:62 140631177717504: single write -1 of expected 131072
23:40:39 ERROR /home/bsc03/bsc03353/forge/src/dispatcher/posix.c:61 140624735254272: r->filehandle = 36, r->size = 131072, r->offset = 74441687040
23:40:39 ERROR /home/bsc03/bsc03353/forge/src/dispatcher/posix.c:62 140624735254272: single write -1 of expected 131072
23:40:39 ERROR /home/bsc03/bsc03353/forge/src/dispatcher/posix.c:61 140616145303296: r->filehandle = 36, r->size = 131072, r->offset = 73010118656
23:40:39 ERROR /home/bsc03/bsc03353/forge/src/dispatcher/posix.c:62 140616145303296: single write -1 of expected 131072
23:40:39 ERROR /home/bsc03/bsc03353/forge/src/dispatcher/posix.c:61 140611850327808: r->filehandle = 36, r->size = 131072, r->offset = 83031097344
23:40:39 ERROR /home/bsc03/bsc03353/forge/src/dispatcher/posix.c:62 140611850327808: single write -1 of expected 131072
23:40:40 ERROR /home/bsc03/bsc03353/forge/src/dispatcher/posix.c:61 140372953614080: r->filehandle = 36, r->size = 131072, r->offset = 88757239808
23:40:40 ERROR /home/bsc03/bsc03353/forge/src/dispatcher/posix.c:62 140372953614080: single write -1 of expected 131072
23:40:40 ERROR /home/bsc03/bsc03353/forge/src/dispatcher/posix.c:61 140601338443520: r->filehandle = 35, r->size = 131072, r->offset = 3578920960
23:40:40 ERROR /home/bsc03/bsc03353/forge/src/dispatcher/posix.c:61 140618263582464: r->filehandle = 36, r->size = 131072, r->offset = 17178820608
23:40:40 ERROR /home/bsc03/bsc03353/forge/src/dispatcher/posix.c:62 140618263582464: single write -1 of expected 131072
23:40:40 ERROR /home/bsc03/bsc03353/forge/src/dispatcher/posix.c:62 140601338443520: single write -1 of expected 131072
23:40:40 ERROR /home/bsc03/bsc03353/forge/src/dispatcher/posix.c:61 139829827036928: r->filehandle = 36, r->size = 131072, r->offset = 35073556480
23:40:40 ERROR /home/bsc03/bsc03353/forge/src/dispatcher/posix.c:62 139829827036928: single write -1 of expected 131072
23:40:41 ERROR /home/bsc03/bsc03353/forge/src/dispatcher/posix.c:61 139849052350208: r->filehandle = 36, r->size = 131072, r->offset = 112378249216
23:40:41 ERROR /home/bsc03/bsc03353/forge/src/dispatcher/posix.c:62 139849052350208: single write -1 of expected 131072
23:40:41 ERROR /home/bsc03/bsc03353/forge/src/dispatcher/posix.c:61 139840564475648: r->filehandle = 36, r->size = 131072, r->offset = 48673325056
23:40:41 ERROR /home/bsc03/bsc03353/forge/src/dispatcher/posix.c:62 139840564475648: single write -1 of expected 131072
23:40:41 ERROR /home/bsc03/bsc03353/forge/src/dispatcher/posix.c:61 139834122012416: r->filehandle = 36, r->size = 131072, r->offset = 40084045824
23:40:41 ERROR /home/bsc03/bsc03353/forge/src/dispatcher/posix.c:62 139834122012416: single write -1 of expected 131072
23:40:42 ERROR /home/bsc03/bsc03353/forge/src/dispatcher/posix.c:61 139851301914368: r->filehandle = 36, r->size = 131072, r->offset = 36504993792
23:40:42 ERROR /home/bsc03/bsc03353/forge/src/dispatcher/posix.c:62 139851301914368: single write -1 of expected 131072
23:40:42 ERROR /home/bsc03/bsc03353/forge/src/dispatcher/posix.c:61 139831974524672: r->filehandle = 36, r->size = 131072, r->offset = 45810319360
23:40:42 ERROR /home/bsc03/bsc03353/forge/src/dispatcher/posix.c:62 139831974524672: single write -1 of expected 131072
23:40:42 ERROR /home/bsc03/bsc03353/forge/src/dispatcher/posix.c:61 139844859451136: r->filehandle = 36, r->size = 131072, r->offset = 43662966784
23:40:42 ERROR /home/bsc03/bsc03353/forge/src/dispatcher/posix.c:62 139844859451136: single write -1 of expected 131072
23:40:43 ERROR /home/bsc03/bsc03353/forge/src/dispatcher/posix.c:61 140631148508928: r->filehandle = 36, r->size = 131072, r->offset = 19326304256
23:40:43 ERROR /home/bsc03/bsc03353/forge/src/dispatcher/posix.c:62 140631148508928: single write -1 of expected 131072
23:40:43 ERROR /home/bsc03/bsc03353/forge/src/dispatcher/posix.c:61 139947422390016: r->filehandle = 36, r->size = 131072, r->offset = 58694303744
23:40:43 ERROR /home/bsc03/bsc03353/forge/src/dispatcher/posix.c:61 140618292791040: r->filehandle = 36, r->size = 131072, r->offset = 85178449920
23:40:43 ERROR /home/bsc03/bsc03353/forge/src/dispatcher/posix.c:61 140396575979264: r->filehandle = 36, r->size = 131072, r->offset = 102357270528
23:40:43 ERROR /home/bsc03/bsc03353/forge/src/dispatcher/posix.c:61 139979898980096: r->filehandle = 36, r->size = 131072, r->offset = 132420075520
23:40:43 ERROR /home/bsc03/bsc03353/forge/src/dispatcher/posix.c:62 139947422390016: single write -1 of expected 131072
23:40:43 ERROR /home/bsc03/bsc03353/forge/src/dispatcher/posix.c:62 140618292791040: single write -1 of expected 131072
23:40:43 ERROR /home/bsc03/bsc03353/forge/src/dispatcher/posix.c:62 140396575979264: single write -1 of expected 131072
23:40:43 ERROR /home/bsc03/bsc03353/forge/src/dispatcher/posix.c:62 139979898980096: single write -1 of expected 131072
23:40:44 ERROR /home/bsc03/bsc03353/forge/src/dispatcher/posix.c:61 139994931394304: r->filehandle = 36, r->size = 131072, r->offset = 121683443712
23:40:44 ERROR /home/bsc03/bsc03353/forge/src/dispatcher/posix.c:62 139994931394304: single write -1 of expected 131072
23:40:44 ERROR /home/bsc03/bsc03353/forge/src/dispatcher/posix.c:61 140598965401344: r->filehandle = 36, r->size = 131072, r->offset = 81599397888
23:40:44 ERROR /home/bsc03/bsc03353/forge/src/dispatcher/posix.c:62 140598965401344: single write -1 of expected 131072
23:40:44 ERROR /home/bsc03/bsc03353/forge/src/dispatcher/posix.c:61 140629001021184: r->filehandle = 36, r->size = 131072, r->offset = 27915583488
23:40:44 ERROR /home/bsc03/bsc03353/forge/src/dispatcher/posix.c:62 140629001021184: single write -1 of expected 131072
23:40:44 ERROR /home/bsc03/bsc03353/forge/src/dispatcher/posix.c:61 140631177717504: r->filehandle = 36, r->size = 131072, r->offset = 72294203392
23:40:44 ERROR /home/bsc03/bsc03353/forge/src/dispatcher/posix.c:62 140631177717504: single write -1 of expected 131072
23:40:45 ERROR /home/bsc03/bsc03353/forge/src/dispatcher/posix.c:61 140001373857536: r->filehandle = 36, r->size = 131072, r->offset = 126693801984
23:40:45 ERROR /home/bsc03/bsc03353/forge/src/dispatcher/posix.c:61 139829724960512: r->filehandle = 36, r->size = 131072, r->offset = 108083412992
23:40:45 ERROR /home/bsc03/bsc03353/forge/src/dispatcher/posix.c:62 140001373857536: single write -1 of expected 131072
23:40:45 ERROR /home/bsc03/bsc03353/forge/src/dispatcher/posix.c:62 139829724960512: single write -1 of expected 131072
23:40:45 ERROR /home/bsc03/bsc03353/forge/src/dispatcher/posix.c:61 140590601004800: r->filehandle = 35, r->size = 131072, r->offset = 8589410304
23:40:45 ERROR /home/bsc03/bsc03353/forge/src/dispatcher/posix.c:61 139840564475648: r->filehandle = 36, r->size = 131072, r->offset = 49389109248
23:40:45 ERROR /home/bsc03/bsc03353/forge/src/dispatcher/posix.c:62 139840564475648: single write -1 of expected 131072
23:40:45 ERROR /home/bsc03/bsc03353/forge/src/dispatcher/posix.c:62 140590601004800: single write -1 of expected 131072
23:40:46 ERROR /home/bsc03/bsc03353/forge/src/dispatcher/posix.c:61 139857642301184: r->filehandle = 36, r->size = 131072, r->offset = 117388607488
23:40:46 ERROR /home/bsc03/bsc03353/forge/src/dispatcher/posix.c:62 139857642301184: single write -1 of expected 131072
23:40:46 ERROR /home/bsc03/bsc03353/forge/src/dispatcher/posix.c:61 139842609886976: r->filehandle = 36, r->size = 131072, r->offset = 118820175872
23:40:46 ERROR /home/bsc03/bsc03353/forge/src/dispatcher/posix.c:62 139842609886976: single write -1 of expected 131072
23:40:46 ERROR /home/bsc03/bsc03353/forge/src/dispatcher/posix.c:61 140379396077312: r->filehandle = 36, r->size = 131072, r->offset = 99494133760
23:40:46 ERROR /home/bsc03/bsc03353/forge/src/dispatcher/posix.c:62 140379396077312: single write -1 of expected 131072
23:40:46 ERROR /home/bsc03/bsc03353/forge/src/dispatcher/posix.c:61 140375101101824: r->filehandle = 36, r->size = 131072, r->offset = 98778218496
23:40:46 ERROR /home/bsc03/bsc03353/forge/src/dispatcher/posix.c:62 140375101101824: single write -1 of expected 131072
23:40:47 ERROR /home/bsc03/bsc03353/forge/src/dispatcher/posix.c:61 140398723467008: r->filehandle = 36, r->size = 131072, r->offset = 90904592384
23:40:47 ERROR /home/bsc03/bsc03353/forge/src/dispatcher/posix.c:62 140398723467008: single write -1 of expected 131072
23:40:47 ERROR /home/bsc03/bsc03353/forge/src/dispatcher/posix.c:61 140383691052800: r->filehandle = 36, r->size = 131072, r->offset = 91620507648
23:40:47 ERROR /home/bsc03/bsc03353/forge/src/dispatcher/posix.c:62 140383691052800: single write -1 of expected 131072
23:40:47 ERROR /home/bsc03/bsc03353/forge/src/dispatcher/posix.c:61 140592748492544: r->filehandle = 35, r->size = 131072, r->offset = 1431568384
23:40:47 ERROR /home/bsc03/bsc03353/forge/src/dispatcher/posix.c:62 140592748492544: single write -1 of expected 131072
23:40:48 ERROR /home/bsc03/bsc03353/forge/src/dispatcher/posix.c:61 140588453517056: r->filehandle = 35, r->size = 131072, r->offset = 0
23:40:48 ERROR /home/bsc03/bsc03353/forge/src/dispatcher/posix.c:62 140588453517056: single write -1 of expected 131072
23:40:48 ERROR /home/bsc03/bsc03353/forge/src/dispatcher/posix.c:61 140603231168256: r->filehandle = 36, r->size = 131072, r->offset = 18610520064
23:40:48 ERROR /home/bsc03/bsc03353/forge/src/dispatcher/posix.c:62 140603231168256: single write -1 of expected 131072
23:40:48 ERROR /home/bsc03/bsc03353/forge/src/dispatcher/posix.c:61 140622558557952: r->filehandle = 36, r->size = 131072, r->offset = 22905225216
23:40:48 ERROR /home/bsc03/bsc03353/forge/src/dispatcher/posix.c:62 140622558557952: single write -1 of expected 131072
23:40:49 ERROR /home/bsc03/bsc03353/forge/src/dispatcher/posix.c:61 140620411070208: r->filehandle = 36, r->size = 131072, r->offset = 25768230912
23:40:49 ERROR /home/bsc03/bsc03353/forge/src/dispatcher/posix.c:62 140620411070208: single write -1 of expected 131072
23:40:49 ERROR /home/bsc03/bsc03353/forge/src/dispatcher/posix.c:61 140607526143744: r->filehandle = 36, r->size = 131072, r->offset = 20757872640
23:40:49 ERROR /home/bsc03/bsc03353/forge/src/dispatcher/posix.c:62 140607526143744: single write -1 of expected 131072
23:40:49 ERROR /home/bsc03/bsc03353/forge/src/dispatcher/posix.c:61 140626853533440: r->filehandle = 36, r->size = 131072, r->offset = 26484015104
23:40:49 ERROR /home/bsc03/bsc03353/forge/src/dispatcher/posix.c:62 140626853533440: single write -1 of expected 131072
23:40:49 ERROR /home/bsc03/bsc03353/forge/src/dispatcher/posix.c:61 140613968606976: r->filehandle = 36, r->size = 131072, r->offset = 20042088448
23:40:49 ERROR /home/bsc03/bsc03353/forge/src/dispatcher/posix.c:62 140613968606976: single write -1 of expected 131072
23:40:50 ERROR /home/bsc03/bsc03353/forge/src/dispatcher/posix.c:61 139984193955584: r->filehandle = 36, r->size = 131072, r->offset = 136714780672
23:40:50 ERROR /home/bsc03/bsc03353/forge/src/dispatcher/posix.c:62 139984193955584: single write -1 of expected 131072
23:40:50 ERROR /home/bsc03/bsc03353/forge/src/dispatcher/posix.c:61 139851199837952: r->filehandle = 36, r->size = 131072, r->offset = 106651844608
23:40:50 ERROR /home/bsc03/bsc03353/forge/src/dispatcher/posix.c:62 139851199837952: single write -1 of expected 131072
23:40:50 ERROR /home/bsc03/bsc03353/forge/src/dispatcher/posix.c:61 140631177717504: r->filehandle = 36, r->size = 131072, r->offset = 80167829504
23:40:50 ERROR /home/bsc03/bsc03353/forge/src/dispatcher/posix.c:62 140631177717504: single write -1 of expected 131072
23:40:50 ERROR /home/bsc03/bsc03353/forge/src/dispatcher/posix.c:61 140390133516032: r->filehandle = 36, r->size = 131072, r->offset = 90188808192
23:40:50 ERROR /home/bsc03/bsc03353/forge/src/dispatcher/posix.c:62 140390133516032: single write -1 of expected 131072
23:40:51 ERROR /home/bsc03/bsc03353/forge/src/dispatcher/posix.c:61 140377248589568: r->filehandle = 36, r->size = 131072, r->offset = 100209917952
23:40:51 ERROR /home/bsc03/bsc03353/forge/src/dispatcher/posix.c:62 140377248589568: single write -1 of expected 131072
23:40:51 ERROR /home/bsc03/bsc03353/forge/src/dispatcher/posix.c:61 140381543565056: r->filehandle = 36, r->size = 131072, r->offset = 93051944960
23:40:51 ERROR /home/bsc03/bsc03353/forge/src/dispatcher/posix.c:62 140381543565056: single write -1 of expected 131072
23:40:52 ERROR /home/bsc03/bsc03353/forge/src/dispatcher/posix.c:61 140597043468032: r->filehandle = 35, r->size = 131072, r->offset = 12168331264
23:40:52 ERROR /home/bsc03/bsc03353/forge/src/dispatcher/posix.c:62 140597043468032: single write -1 of expected 131072
23:40:52 ERROR /home/bsc03/bsc03353/forge/src/dispatcher/posix.c:61 140614223369984: r->filehandle = 35, r->size = 131072, r->offset = 15031468032
23:40:52 ERROR /home/bsc03/bsc03353/forge/src/dispatcher/posix.c:62 140614223369984: single write -1 of expected 131072
23:40:52 ERROR /home/bsc03/bsc03353/forge/src/dispatcher/posix.c:61 140626853533440: r->filehandle = 36, r->size = 131072, r->offset = 30778720256
23:40:52 ERROR /home/bsc03/bsc03353/forge/src/dispatcher/posix.c:62 140626853533440: single write -1 of expected 131072
23:40:53 ERROR /home/bsc03/bsc03353/forge/src/dispatcher/posix.c:61 140594895980288: r->filehandle = 35, r->size = 131072, r->offset = 14315814912
23:40:53 ERROR /home/bsc03/bsc03353/forge/src/dispatcher/posix.c:62 140594895980288: single write -1 of expected 131072
23:40:53 ERROR /home/bsc03/bsc03353/forge/src/dispatcher/posix.c:61 140599190955776: r->filehandle = 35, r->size = 131072, r->offset = 10020978688
23:40:53 ERROR /home/bsc03/bsc03353/forge/src/dispatcher/posix.c:62 140599190955776: single write -1 of expected 131072
23:40:53 ERROR /home/bsc03/bsc03353/forge/src/dispatcher/posix.c:61 139986341443328: r->filehandle = 36, r->size = 131072, r->offset = 133136121856
23:40:53 ERROR /home/bsc03/bsc03353/forge/src/dispatcher/posix.c:61 139838314911488: r->filehandle = 36, r->size = 131072, r->offset = 104504623104
23:40:53 ERROR /home/bsc03/bsc03353/forge/src/dispatcher/posix.c:62 139838314911488: single write -1 of expected 131072
23:40:53 ERROR /home/bsc03/bsc03353/forge/src/dispatcher/posix.c:62 139986341443328: single write -1 of expected 131072
23:40:54 ERROR /home/bsc03/bsc03353/forge/src/dispatcher/posix.c:61 139844757374720: r->filehandle = 36, r->size = 131072, r->offset = 115241254912
23:40:54 ERROR /home/bsc03/bsc03353/forge/src/dispatcher/posix.c:62 139844757374720: single write -1 of expected 131072
23:40:54 ERROR /home/bsc03/bsc03353/forge/src/dispatcher/posix.c:61 140381543565056: r->filehandle = 36, r->size = 131072, r->offset = 86609887232
23:40:54 ERROR /home/bsc03/bsc03353/forge/src/dispatcher/posix.c:62 140381543565056: single write -1 of expected 131072
23:40:55 ERROR /home/bsc03/bsc03353/forge/src/dispatcher/posix.c:61 140605633419008: r->filehandle = 35, r->size = 131072, r->offset = 2863136768
23:40:55 ERROR /home/bsc03/bsc03353/forge/src/dispatcher/posix.c:62 140605633419008: single write -1 of expected 131072
23:40:55 ERROR /home/bsc03/bsc03353/forge/src/dispatcher/posix.c:61 140626853533440: r->filehandle = 36, r->size = 131072, r->offset = 32210288640
23:40:55 ERROR /home/bsc03/bsc03353/forge/src/dispatcher/posix.c:61 139999226369792: r->filehandle = 36, r->size = 131072, r->offset = 123830665216
23:40:55 ERROR /home/bsc03/bsc03353/forge/src/dispatcher/posix.c:61 139825429985024: r->filehandle = 36, r->size = 131072, r->offset = 116672823296
23:40:55 ERROR /home/bsc03/bsc03353/forge/src/dispatcher/posix.c:62 140626853533440: single write -1 of expected 131072
23:40:55 ERROR /home/bsc03/bsc03353/forge/src/dispatcher/posix.c:62 139999226369792: single write -1 of expected 131072
23:40:55 ERROR /home/bsc03/bsc03353/forge/src/dispatcher/posix.c:62 139825429985024: single write -1 of expected 131072
23:40:55 ERROR /home/bsc03/bsc03353/forge/src/dispatcher/posix.c:61 140012111296256: r->filehandle = 36, r->size = 131072, r->offset = 127409717248
23:40:55 ERROR /home/bsc03/bsc03353/forge/src/dispatcher/posix.c:62 140012111296256: single write -1 of expected 131072
23:40:56 ERROR /home/bsc03/bsc03353/forge/src/dispatcher/posix.c:61 139979898980096: r->filehandle = 36, r->size = 131072, r->offset = 134567428096
23:40:56 ERROR /home/bsc03/bsc03353/forge/src/dispatcher/posix.c:62 139979898980096: single write -1 of expected 131072
23:40:56 ERROR /home/bsc03/bsc03353/forge/src/dispatcher/posix.c:61 140620665833216: r->filehandle = 35, r->size = 131072, r->offset = 5010489344
23:40:56 ERROR /home/bsc03/bsc03353/forge/src/dispatcher/posix.c:62 140620665833216: single write -1 of expected 131072
23:40:56 ERROR /home/bsc03/bsc03353/forge/src/dispatcher/posix.c:61 139846904862464: r->filehandle = 36, r->size = 131072, r->offset = 119536091136
23:40:56 ERROR /home/bsc03/bsc03353/forge/src/dispatcher/posix.c:62 139846904862464: single write -1 of expected 131072
23:40:56 ERROR /home/bsc03/bsc03353/forge/src/dispatcher/posix.c:61 140601338443520: r->filehandle = 35, r->size = 131072, r->offset = 9305194496
23:40:56 ERROR /home/bsc03/bsc03353/forge/src/dispatcher/posix.c:62 140601338443520: single write -1 of expected 131072
23:40:57 ERROR /home/bsc03/bsc03353/forge/src/dispatcher/posix.c:61 140612075882240: r->filehandle = 35, r->size = 131072, r->offset = 13599899648
23:40:57 ERROR /home/bsc03/bsc03353/forge/src/dispatcher/posix.c:62 140612075882240: single write -1 of expected 131072
23:40:57 ERROR /home/bsc03/bsc03353/forge/src/dispatcher/posix.c:61 140001373857536: r->filehandle = 36, r->size = 131072, r->offset = 130988507136
23:40:57 ERROR /home/bsc03/bsc03353/forge/src/dispatcher/posix.c:62 140001373857536: single write -1 of expected 131072
23:40:58 ERROR /home/bsc03/bsc03353/forge/src/dispatcher/posix.c:61 139827577472768: r->filehandle = 36, r->size = 131072, r->offset = 115957039104
23:40:58 ERROR /home/bsc03/bsc03353/forge/src/dispatcher/posix.c:62 139827577472768: single write -1 of expected 131072
23:40:58 ERROR /home/bsc03/bsc03353/forge/src/dispatcher/posix.c:61 140607780906752: r->filehandle = 35, r->size = 131072, r->offset = 4294836224
23:40:58 ERROR /home/bsc03/bsc03353/forge/src/dispatcher/posix.c:62 140607780906752: single write -1 of expected 131072
23:40:58 ERROR /home/bsc03/bsc03353/forge/src/dispatcher/posix.c:61 140381543565056: r->filehandle = 36, r->size = 131072, r->offset = 96630865920
23:40:58 ERROR /home/bsc03/bsc03353/forge/src/dispatcher/posix.c:62 140381543565056: single write -1 of expected 131072
23:40:58 ERROR /home/bsc03/bsc03353/forge/src/dispatcher/posix.c:61 139840462399232: r->filehandle = 36, r->size = 131072, r->offset = 103788707840
23:40:58 ERROR /home/bsc03/bsc03353/forge/src/dispatcher/posix.c:62 139840462399232: single write -1 of expected 131072
23:40:59 ERROR /home/bsc03/bsc03353/forge/src/dispatcher/posix.c:61 139831872448256: r->filehandle = 36, r->size = 131072, r->offset = 114525601792
23:40:59 ERROR /home/bsc03/bsc03353/forge/src/dispatcher/posix.c:62 139831872448256: single write -1 of expected 131072
23:40:59 ERROR /home/bsc03/bsc03353/forge/src/dispatcher/posix.c:61 140381543565056: r->filehandle = 36, r->size = 131072, r->offset = 87325671424
23:40:59 ERROR /home/bsc03/bsc03353/forge/src/dispatcher/posix.c:62 140381543565056: single write -1 of expected 131072
23:40:59 ERROR /home/bsc03/bsc03353/forge/src/dispatcher/posix.c:61 139853347325696: r->filehandle = 36, r->size = 131072, r->offset = 110230765568
23:40:59 ERROR /home/bsc03/bsc03353/forge/src/dispatcher/posix.c:62 139853347325696: single write -1 of expected 131072
23:40:59 ERROR /home/bsc03/bsc03353/forge/src/dispatcher/posix.c:61 139834019936000: r->filehandle = 36, r->size = 131072, r->offset = 113093902336
23:40:59 ERROR /home/bsc03/bsc03353/forge/src/dispatcher/posix.c:62 139834019936000: single write -1 of expected 131072
23:41:00 ERROR /home/bsc03/bsc03353/forge/src/dispatcher/posix.c:61 139836167423744: r->filehandle = 36, r->size = 131072, r->offset = 110946680832
23:41:00 ERROR /home/bsc03/bsc03353/forge/src/dispatcher/posix.c:62 139836167423744: single write -1 of expected 131072
23:41:00 ERROR /home/bsc03/bsc03353/forge/src/dispatcher/posix.c:61 139844757374720: r->filehandle = 36, r->size = 131072, r->offset = 109514981376
23:41:00 ERROR /home/bsc03/bsc03353/forge/src/dispatcher/posix.c:62 139844757374720: single write -1 of expected 131072
23:41:00 WARN  /home/bsc03/bsc03353/forge/src/main.c:789 140409382352960: hit stone wall at 138.096847 seconds!
AGIOS: stopped for this client. It can already be used by calling agios_init

AGIOS: stopped for this client. It can already be used by calling agios_init

AGIOS: stopped for this client. It can already be used by calling agios_init

AGIOS: stopped for this client. It can already be used by calling agios_init

AGIOS: stopped for this client. It can already be used by calling agios_init

AGIOS: stopped for this client. It can already be used by calling agios_init

23:41:00 INFO  /home/bsc03/bsc03353/forge/src/main.c:1158 140627791243328: I/O Forwarding Exploration [COMPLETE]
AGIOS: stopped for this client. It can already be used by calling agios_init

AGIOS: stopped for this client. It can already be used by calling agios_init

