Set GCC compilers as MPI wrappers backend 
remove impi/2017.4 (PATH, MANPATH, LD_LIBRARY_PATH) 
load openmpi/4.0.2_UCX (PATH, MANPATH, LD_LIBRARY_PATH) 
Set GCC compilers as MPI wrappers backend 
load gsl/2.4 (PATH, LD_LIBRARY_PATH, LIBRARY_PATH, MANPATH, INFOPATH,
C_INCLUDE_PATH, CPLUS_INCLUDE_PATH, PKG_CONFIG_PATH, GSL_DIR) 
19:34:31 INFO  /home/bsc03/bsc03353/forge/src/main.c:107 140070701168704: I/O Forwarding Exploration [START]
Will AGIOS generate trace files? NO
Default scheduling algorithm: TO
TWINS window size: 1000000
Will the Prediction Module read information from trace files? NO
File with access time functions: /home/bsc03/bsc03353/forge/agios/access_times.func
AGIOS thinks its user has stripe size of 32768
Will AGIOS generate trace files? NO
Default scheduling algorithm: TO
TWINS window size: 1000000
Will the Prediction Module read information from trace files? NO
File with access time functions: /home/bsc03/bsc03353/forge/agios/access_times.func
AGIOS thinks its user has stripe size of 32768
19:34:35 ERROR /home/bsc03/bsc03353/forge/src/dispatcher/posix.c:61 140061468272384: r->filehandle = 35, r->size = 1048576, r->offset = 471859200
19:34:35 ERROR /home/bsc03/bsc03353/forge/src/dispatcher/posix.c:62 140061468272384: single write -1 of expected 1048576
19:34:36 ERROR /home/bsc03/bsc03353/forge/src/dispatcher/posix.c:61 140508709316352: r->filehandle = 36, r->size = 1048576, r->offset = 1142947840
19:34:36 ERROR /home/bsc03/bsc03353/forge/src/dispatcher/posix.c:62 140508709316352: single write -1 of expected 1048576
19:34:40 ERROR /home/bsc03/bsc03353/forge/src/dispatcher/posix.c:61 140063615760128: r->filehandle = 35, r->size = 1048576, r->offset = 253755392
19:34:40 ERROR /home/bsc03/bsc03353/forge/src/dispatcher/posix.c:62 140063615760128: single write -1 of expected 1048576
19:34:41 ERROR /home/bsc03/bsc03353/forge/src/dispatcher/posix.c:61 140528036706048: r->filehandle = 36, r->size = 1048576, r->offset = 1327497216
19:34:41 ERROR /home/bsc03/bsc03353/forge/src/dispatcher/posix.c:62 140528036706048: single write -1 of expected 1048576
19:34:41 ERROR /home/bsc03/bsc03353/forge/src/dispatcher/posix.c:61 140519446755072: r->filehandle = 36, r->size = 1048576, r->offset = 1293942784
19:34:41 ERROR /home/bsc03/bsc03353/forge/src/dispatcher/posix.c:62 140519446755072: single write -1 of expected 1048576
19:34:42 ERROR /home/bsc03/bsc03353/forge/src/dispatcher/posix.c:61 140039993394944: r->filehandle = 35, r->size = 1048576, r->offset = 615514112
19:34:42 ERROR /home/bsc03/bsc03353/forge/src/dispatcher/posix.c:62 140039993394944: single write -1 of expected 1048576
19:34:43 ERROR /home/bsc03/bsc03353/forge/src/dispatcher/posix.c:61 140530184193792: r->filehandle = 36, r->size = 1048576, r->offset = 1075838976
19:34:43 ERROR /home/bsc03/bsc03353/forge/src/dispatcher/posix.c:62 140530184193792: single write -1 of expected 1048576
19:34:46 ERROR /home/bsc03/bsc03353/forge/src/dispatcher/posix.c:61 140504414340864: r->filehandle = 36, r->size = 1048576, r->offset = 1297088512
19:34:46 ERROR /home/bsc03/bsc03353/forge/src/dispatcher/posix.c:62 140504414340864: single write -1 of expected 1048576
19:34:47 ERROR /home/bsc03/bsc03353/forge/src/dispatcher/posix.c:61 140033550931712: r->filehandle = 35, r->size = 1048576, r->offset = 69206016
19:34:47 ERROR /home/bsc03/bsc03353/forge/src/dispatcher/posix.c:62 140033550931712: single write -1 of expected 1048576
19:34:49 ERROR /home/bsc03/bsc03353/forge/src/dispatcher/posix.c:61 140037845907200: r->filehandle = 35, r->size = 1048576, r->offset = 70254592
19:34:49 ERROR /home/bsc03/bsc03353/forge/src/dispatcher/posix.c:62 140037845907200: single write -1 of expected 1048576
19:34:50 ERROR /home/bsc03/bsc03353/forge/src/dispatcher/posix.c:61 140528036706048: r->filehandle = 36, r->size = 1048576, r->offset = 1336934400
19:34:50 ERROR /home/bsc03/bsc03353/forge/src/dispatcher/posix.c:62 140528036706048: single write -1 of expected 1048576
19:34:50 ERROR /home/bsc03/bsc03353/forge/src/dispatcher/posix.c:61 140044288370432: r->filehandle = 35, r->size = 1048576, r->offset = 475004928
19:34:50 ERROR /home/bsc03/bsc03353/forge/src/dispatcher/posix.c:62 140044288370432: single write -1 of expected 1048576
19:34:53 ERROR /home/bsc03/bsc03353/forge/src/dispatcher/posix.c:61 140534479169280: r->filehandle = 36, r->size = 1048576, r->offset = 1337982976
19:34:53 ERROR /home/bsc03/bsc03353/forge/src/dispatcher/posix.c:62 140534479169280: single write -1 of expected 1048576
19:34:55 ERROR /home/bsc03/bsc03353/forge/src/dispatcher/posix.c:61 140513004291840: r->filehandle = 36, r->size = 1048576, r->offset = 1334837248
19:34:55 ERROR /home/bsc03/bsc03353/forge/src/dispatcher/posix.c:62 140513004291840: single write -1 of expected 1048576
19:34:58 ERROR /home/bsc03/bsc03353/forge/src/dispatcher/posix.c:61 140506561828608: r->filehandle = 36, r->size = 1048576, r->offset = 1330642944
19:34:58 ERROR /home/bsc03/bsc03353/forge/src/dispatcher/posix.c:62 140506561828608: single write -1 of expected 1048576
19:34:59 ERROR /home/bsc03/bsc03353/forge/src/dispatcher/posix.c:61 140508709316352: r->filehandle = 36, r->size = 1048576, r->offset = 1146093568
19:34:59 ERROR /home/bsc03/bsc03353/forge/src/dispatcher/posix.c:62 140508709316352: single write -1 of expected 1048576
19:35:00 ERROR /home/bsc03/bsc03353/forge/src/dispatcher/posix.c:61 140035698419456: r->filehandle = 35, r->size = 1048576, r->offset = 505413632
19:35:00 ERROR /home/bsc03/bsc03353/forge/src/dispatcher/posix.c:62 140035698419456: single write -1 of expected 1048576
19:35:01 ERROR /home/bsc03/bsc03353/forge/src/dispatcher/posix.c:61 140523741730560: r->filehandle = 36, r->size = 1048576, r->offset = 1196425216
19:35:01 ERROR /home/bsc03/bsc03353/forge/src/dispatcher/posix.c:62 140523741730560: single write -1 of expected 1048576
19:35:01 ERROR /home/bsc03/bsc03353/forge/src/dispatcher/posix.c:61 140046435858176: r->filehandle = 35, r->size = 1048576, r->offset = 531628032
19:35:01 ERROR /home/bsc03/bsc03353/forge/src/dispatcher/posix.c:62 140046435858176: single write -1 of expected 1048576
19:35:02 ERROR /home/bsc03/bsc03353/forge/src/dispatcher/posix.c:61 140055025809152: r->filehandle = 35, r->size = 1048576, r->offset = 506462208
19:35:02 ERROR /home/bsc03/bsc03353/forge/src/dispatcher/posix.c:62 140055025809152: single write -1 of expected 1048576
19:35:05 ERROR /home/bsc03/bsc03353/forge/src/dispatcher/posix.c:61 140525889218304: r->filehandle = 36, r->size = 1048576, r->offset = 1344274432
19:35:05 ERROR /home/bsc03/bsc03353/forge/src/dispatcher/posix.c:62 140525889218304: single write -1 of expected 1048576
19:35:06 ERROR /home/bsc03/bsc03353/forge/src/dispatcher/posix.c:61 140515151779584: r->filehandle = 36, r->size = 1048576, r->offset = 1345323008
19:35:06 ERROR /home/bsc03/bsc03353/forge/src/dispatcher/posix.c:62 140515151779584: single write -1 of expected 1048576
19:35:08 ERROR /home/bsc03/bsc03353/forge/src/dispatcher/posix.c:61 140517299267328: r->filehandle = 36, r->size = 1048576, r->offset = 1200619520
19:35:08 ERROR /home/bsc03/bsc03353/forge/src/dispatcher/posix.c:62 140517299267328: single write -1 of expected 1048576
19:35:09 ERROR /home/bsc03/bsc03353/forge/src/dispatcher/posix.c:61 140057173296896: r->filehandle = 35, r->size = 1048576, r->offset = 606076928
19:35:09 ERROR /home/bsc03/bsc03353/forge/src/dispatcher/posix.c:62 140057173296896: single write -1 of expected 1048576
19:35:10 ERROR /home/bsc03/bsc03353/forge/src/dispatcher/posix.c:61 140504414340864: r->filehandle = 36, r->size = 1048576, r->offset = 1204813824
19:35:10 ERROR /home/bsc03/bsc03353/forge/src/dispatcher/posix.c:62 140504414340864: single write -1 of expected 1048576
19:35:10 ERROR /home/bsc03/bsc03353/forge/src/dispatcher/posix.c:61 140532331681536: r->filehandle = 36, r->size = 1048576, r->offset = 1294991360
19:35:10 ERROR /home/bsc03/bsc03353/forge/src/dispatcher/posix.c:62 140532331681536: single write -1 of expected 1048576
19:35:14 ERROR /home/bsc03/bsc03353/forge/src/dispatcher/posix.c:61 140506561828608: r->filehandle = 36, r->size = 1048576, r->offset = 1303379968
19:35:14 ERROR /home/bsc03/bsc03353/forge/src/dispatcher/posix.c:62 140506561828608: single write -1 of expected 1048576
19:35:15 ERROR /home/bsc03/bsc03353/forge/src/dispatcher/posix.c:61 140525889218304: r->filehandle = 36, r->size = 1048576, r->offset = 1296039936
19:35:15 ERROR /home/bsc03/bsc03353/forge/src/dispatcher/posix.c:62 140525889218304: single write -1 of expected 1048576
19:35:15 ERROR /home/bsc03/bsc03353/forge/src/dispatcher/posix.c:61 140048583345920: r->filehandle = 35, r->size = 1048576, r->offset = 472907776
19:35:15 ERROR /home/bsc03/bsc03353/forge/src/dispatcher/posix.c:62 140048583345920: single write -1 of expected 1048576
19:35:15 ERROR /home/bsc03/bsc03353/forge/src/dispatcher/posix.c:61 140504414340864: r->filehandle = 36, r->size = 1048576, r->offset = 1329594368
19:35:15 ERROR /home/bsc03/bsc03353/forge/src/dispatcher/posix.c:62 140504414340864: single write -1 of expected 1048576
19:35:17 ERROR /home/bsc03/bsc03353/forge/src/dispatcher/posix.c:61 140055025809152: r->filehandle = 35, r->size = 1048576, r->offset = 521142272
19:35:17 ERROR /home/bsc03/bsc03353/forge/src/dispatcher/posix.c:62 140055025809152: single write -1 of expected 1048576
19:35:18 ERROR /home/bsc03/bsc03353/forge/src/dispatcher/posix.c:61 140039993394944: r->filehandle = 35, r->size = 1048576, r->offset = 607125504
19:35:18 ERROR /home/bsc03/bsc03353/forge/src/dispatcher/posix.c:62 140039993394944: single write -1 of expected 1048576
19:35:19 ERROR /home/bsc03/bsc03353/forge/src/dispatcher/posix.c:61 140530184193792: r->filehandle = 36, r->size = 1048576, r->offset = 1339031552
19:35:19 ERROR /home/bsc03/bsc03353/forge/src/dispatcher/posix.c:62 140530184193792: single write -1 of expected 1048576
19:35:19 ERROR /home/bsc03/bsc03353/forge/src/dispatcher/posix.c:61 140519446755072: r->filehandle = 36, r->size = 1048576, r->offset = 1328545792
19:35:19 ERROR /home/bsc03/bsc03353/forge/src/dispatcher/posix.c:62 140519446755072: single write -1 of expected 1048576
19:35:21 ERROR /home/bsc03/bsc03353/forge/src/dispatcher/posix.c:61 140042140882688: r->filehandle = 35, r->size = 1048576, r->offset = 523239424
19:35:21 ERROR /home/bsc03/bsc03353/forge/src/dispatcher/posix.c:62 140042140882688: single write -1 of expected 1048576
19:35:22 ERROR /home/bsc03/bsc03353/forge/src/dispatcher/posix.c:61 140063615760128: r->filehandle = 35, r->size = 1048576, r->offset = 524288000
19:35:22 ERROR /home/bsc03/bsc03353/forge/src/dispatcher/posix.c:62 140063615760128: single write -1 of expected 1048576
19:35:22 ERROR /home/bsc03/bsc03353/forge/src/dispatcher/posix.c:61 140502266853120: r->filehandle = 36, r->size = 1048576, r->offset = 1078984704
19:35:22 ERROR /home/bsc03/bsc03353/forge/src/dispatcher/posix.c:62 140502266853120: single write -1 of expected 1048576
19:35:22 ERROR /home/bsc03/bsc03353/forge/src/dispatcher/posix.c:61 140523741730560: r->filehandle = 36, r->size = 1048576, r->offset = 1194328064
19:35:22 ERROR /home/bsc03/bsc03353/forge/src/dispatcher/posix.c:62 140523741730560: single write -1 of expected 1048576
19:35:24 ERROR /home/bsc03/bsc03353/forge/src/dispatcher/posix.c:61 140510856804096: r->filehandle = 36, r->size = 1048576, r->offset = 1193279488
19:35:24 ERROR /home/bsc03/bsc03353/forge/src/dispatcher/posix.c:62 140510856804096: single write -1 of expected 1048576
19:35:24 ERROR /home/bsc03/bsc03353/forge/src/dispatcher/posix.c:61 140515151779584: r->filehandle = 36, r->size = 1048576, r->offset = 1347420160
19:35:24 ERROR /home/bsc03/bsc03353/forge/src/dispatcher/posix.c:62 140515151779584: single write -1 of expected 1048576
19:35:27 ERROR /home/bsc03/bsc03353/forge/src/dispatcher/posix.c:61 140061468272384: r->filehandle = 35, r->size = 1048576, r->offset = 509607936
19:35:27 ERROR /home/bsc03/bsc03353/forge/src/dispatcher/posix.c:62 140061468272384: single write -1 of expected 1048576
19:35:28 ERROR /home/bsc03/bsc03353/forge/src/dispatcher/posix.c:61 140521594242816: r->filehandle = 36, r->size = 1048576, r->offset = 1310720000
19:35:28 ERROR /home/bsc03/bsc03353/forge/src/dispatcher/posix.c:62 140521594242816: single write -1 of expected 1048576
19:35:30 ERROR /home/bsc03/bsc03353/forge/src/dispatcher/posix.c:61 140050730833664: r->filehandle = 35, r->size = 1048576, r->offset = 68157440
19:35:30 ERROR /home/bsc03/bsc03353/forge/src/dispatcher/posix.c:62 140050730833664: single write -1 of expected 1048576
19:35:30 ERROR /home/bsc03/bsc03353/forge/src/dispatcher/posix.c:61 140519446755072: r->filehandle = 36, r->size = 1048576, r->offset = 1225785344
19:35:30 ERROR /home/bsc03/bsc03353/forge/src/dispatcher/posix.c:62 140519446755072: single write -1 of expected 1048576
19:35:31 ERROR /home/bsc03/bsc03353/forge/src/dispatcher/posix.c:61 140042140882688: r->filehandle = 35, r->size = 1048576, r->offset = 3145728
19:35:31 ERROR /home/bsc03/bsc03353/forge/src/dispatcher/posix.c:62 140042140882688: single write -1 of expected 1048576
19:35:33 ERROR /home/bsc03/bsc03353/forge/src/dispatcher/posix.c:61 140513004291840: r->filehandle = 36, r->size = 1048576, r->offset = 1332740096
19:35:33 ERROR /home/bsc03/bsc03353/forge/src/dispatcher/posix.c:62 140513004291840: single write -1 of expected 1048576
19:35:34 ERROR /home/bsc03/bsc03353/forge/src/dispatcher/posix.c:61 140510856804096: r->filehandle = 36, r->size = 1048576, r->offset = 1318060032
19:35:34 ERROR /home/bsc03/bsc03353/forge/src/dispatcher/posix.c:62 140510856804096: single write -1 of expected 1048576
19:35:36 ERROR /home/bsc03/bsc03353/forge/src/dispatcher/posix.c:61 140061468272384: r->filehandle = 35, r->size = 1048576, r->offset = 482344960
19:35:36 ERROR /home/bsc03/bsc03353/forge/src/dispatcher/posix.c:62 140061468272384: single write -1 of expected 1048576
19:35:36 ERROR /home/bsc03/bsc03353/forge/src/dispatcher/posix.c:61 140063615760128: r->filehandle = 35, r->size = 1048576, r->offset = 538968064
19:35:36 ERROR /home/bsc03/bsc03353/forge/src/dispatcher/posix.c:62 140063615760128: single write -1 of expected 1048576
19:35:38 ERROR /home/bsc03/bsc03353/forge/src/dispatcher/posix.c:61 140517299267328: r->filehandle = 36, r->size = 1048576, r->offset = 1080033280
19:35:38 ERROR /home/bsc03/bsc03353/forge/src/dispatcher/posix.c:62 140517299267328: single write -1 of expected 1048576
19:35:38 ERROR /home/bsc03/bsc03353/forge/src/dispatcher/posix.c:61 140044288370432: r->filehandle = 35, r->size = 1048576, r->offset = 525336576
19:35:38 ERROR /home/bsc03/bsc03353/forge/src/dispatcher/posix.c:62 140044288370432: single write -1 of expected 1048576
19:35:39 ERROR /home/bsc03/bsc03353/forge/src/dispatcher/posix.c:61 140048583345920: r->filehandle = 35, r->size = 1048576, r->offset = 271581184
19:35:39 ERROR /home/bsc03/bsc03353/forge/src/dispatcher/posix.c:62 140048583345920: single write -1 of expected 1048576
19:35:40 ERROR /home/bsc03/bsc03353/forge/src/dispatcher/posix.c:61 140534479169280: r->filehandle = 36, r->size = 1048576, r->offset = 1331691520
19:35:40 ERROR /home/bsc03/bsc03353/forge/src/dispatcher/posix.c:62 140534479169280: single write -1 of expected 1048576
19:35:41 ERROR /home/bsc03/bsc03353/forge/src/dispatcher/posix.c:61 140035698419456: r->filehandle = 35, r->size = 1048576, r->offset = 238026752
19:35:41 ERROR /home/bsc03/bsc03353/forge/src/dispatcher/posix.c:62 140035698419456: single write -1 of expected 1048576
19:35:42 ERROR /home/bsc03/bsc03353/forge/src/dispatcher/posix.c:61 140508709316352: r->filehandle = 36, r->size = 1048576, r->offset = 1333788672
19:35:42 ERROR /home/bsc03/bsc03353/forge/src/dispatcher/posix.c:62 140508709316352: single write -1 of expected 1048576
19:35:45 ERROR /home/bsc03/bsc03353/forge/src/dispatcher/posix.c:61 140050730833664: r->filehandle = 35, r->size = 1048576, r->offset = 512753664
19:35:45 ERROR /home/bsc03/bsc03353/forge/src/dispatcher/posix.c:62 140050730833664: single write -1 of expected 1048576
19:35:46 ERROR /home/bsc03/bsc03353/forge/src/dispatcher/posix.c:61 140063615760128: r->filehandle = 35, r->size = 1048576, r->offset = 527433728
19:35:46 ERROR /home/bsc03/bsc03353/forge/src/dispatcher/posix.c:62 140063615760128: single write -1 of expected 1048576
19:35:48 ERROR /home/bsc03/bsc03353/forge/src/dispatcher/posix.c:61 140528036706048: r->filehandle = 36, r->size = 1048576, r->offset = 1143996416
19:35:48 ERROR /home/bsc03/bsc03353/forge/src/dispatcher/posix.c:62 140528036706048: single write -1 of expected 1048576
19:35:49 ERROR /home/bsc03/bsc03353/forge/src/dispatcher/posix.c:61 140037845907200: r->filehandle = 35, r->size = 1048576, r->offset = 236978176
19:35:49 ERROR /home/bsc03/bsc03353/forge/src/dispatcher/posix.c:62 140037845907200: single write -1 of expected 1048576
19:35:53 ERROR /home/bsc03/bsc03353/forge/src/dispatcher/posix.c:61 140519446755072: r->filehandle = 36, r->size = 1048576, r->offset = 1298137088
19:35:53 ERROR /home/bsc03/bsc03353/forge/src/dispatcher/posix.c:62 140519446755072: single write -1 of expected 1048576
19:35:56 ERROR /home/bsc03/bsc03353/forge/src/dispatcher/posix.c:61 140050730833664: r->filehandle = 35, r->size = 1048576, r->offset = 773849088
19:35:56 ERROR /home/bsc03/bsc03353/forge/src/dispatcher/posix.c:62 140050730833664: single write -1 of expected 1048576
19:35:56 ERROR /home/bsc03/bsc03353/forge/src/dispatcher/posix.c:61 140513004291840: r->filehandle = 36, r->size = 1048576, r->offset = 1148190720
19:35:56 ERROR /home/bsc03/bsc03353/forge/src/dispatcher/posix.c:62 140513004291840: single write -1 of expected 1048576
19:35:57 ERROR /home/bsc03/bsc03353/forge/src/dispatcher/posix.c:61 140052878321408: r->filehandle = 35, r->size = 1048576, r->offset = 2097152
19:35:57 ERROR /home/bsc03/bsc03353/forge/src/dispatcher/posix.c:61 140502266853120: r->filehandle = 36, r->size = 1048576, r->offset = 1348468736
19:35:57 ERROR /home/bsc03/bsc03353/forge/src/dispatcher/posix.c:62 140502266853120: single write -1 of expected 1048576
19:35:57 ERROR /home/bsc03/bsc03353/forge/src/dispatcher/posix.c:62 140052878321408: single write -1 of expected 1048576
19:35:58 ERROR /home/bsc03/bsc03353/forge/src/dispatcher/posix.c:61 140515151779584: r->filehandle = 36, r->size = 1048576, r->offset = 1152385024
19:35:58 ERROR /home/bsc03/bsc03353/forge/src/dispatcher/posix.c:62 140515151779584: single write -1 of expected 1048576
19:36:00 ERROR /home/bsc03/bsc03353/forge/src/dispatcher/posix.c:61 140506561828608: r->filehandle = 36, r->size = 1048576, r->offset = 1192230912
19:36:00 ERROR /home/bsc03/bsc03353/forge/src/dispatcher/posix.c:62 140506561828608: single write -1 of expected 1048576
19:36:00 ERROR /home/bsc03/bsc03353/forge/src/dispatcher/posix.c:61 140510856804096: r->filehandle = 36, r->size = 1048576, r->offset = 1301282816
19:36:00 ERROR /home/bsc03/bsc03353/forge/src/dispatcher/posix.c:62 140510856804096: single write -1 of expected 1048576
19:36:03 ERROR /home/bsc03/bsc03353/forge/src/dispatcher/posix.c:61 140525889218304: r->filehandle = 36, r->size = 1048576, r->offset = 1141899264
19:36:03 ERROR /home/bsc03/bsc03353/forge/src/dispatcher/posix.c:62 140525889218304: single write -1 of expected 1048576
19:36:04 ERROR /home/bsc03/bsc03353/forge/src/dispatcher/posix.c:61 140517299267328: r->filehandle = 36, r->size = 1048576, r->offset = 1311768576
19:36:04 ERROR /home/bsc03/bsc03353/forge/src/dispatcher/posix.c:62 140517299267328: single write -1 of expected 1048576
19:36:06 ERROR /home/bsc03/bsc03353/forge/src/dispatcher/posix.c:61 140519446755072: r->filehandle = 36, r->size = 1048576, r->offset = 1145044992
19:36:06 ERROR /home/bsc03/bsc03353/forge/src/dispatcher/posix.c:62 140519446755072: single write -1 of expected 1048576
19:36:07 ERROR /home/bsc03/bsc03353/forge/src/dispatcher/posix.c:61 140521594242816: r->filehandle = 36, r->size = 1048576, r->offset = 1343225856
19:36:07 ERROR /home/bsc03/bsc03353/forge/src/dispatcher/posix.c:62 140521594242816: single write -1 of expected 1048576
19:36:08 ERROR /home/bsc03/bsc03353/forge/src/dispatcher/posix.c:61 140057173296896: r->filehandle = 35, r->size = 1048576, r->offset = 270532608
19:36:08 ERROR /home/bsc03/bsc03353/forge/src/dispatcher/posix.c:62 140057173296896: single write -1 of expected 1048576
19:36:08 ERROR /home/bsc03/bsc03353/forge/src/dispatcher/posix.c:61 140530184193792: r->filehandle = 36, r->size = 1048576, r->offset = 1147142144
19:36:08 ERROR /home/bsc03/bsc03353/forge/src/dispatcher/posix.c:62 140530184193792: single write -1 of expected 1048576
19:36:09 ERROR /home/bsc03/bsc03353/forge/src/dispatcher/posix.c:61 140534479169280: r->filehandle = 36, r->size = 1048576, r->offset = 1313865728
19:36:09 ERROR /home/bsc03/bsc03353/forge/src/dispatcher/posix.c:62 140534479169280: single write -1 of expected 1048576
19:36:11 ERROR /home/bsc03/bsc03353/forge/src/dispatcher/posix.c:61 140504414340864: r->filehandle = 36, r->size = 1048576, r->offset = 1202716672
19:36:11 ERROR /home/bsc03/bsc03353/forge/src/dispatcher/posix.c:62 140504414340864: single write -1 of expected 1048576
19:36:14 ERROR /home/bsc03/bsc03353/forge/src/dispatcher/posix.c:61 140035698419456: r->filehandle = 35, r->size = 1048576, r->offset = 609222656
19:36:14 ERROR /home/bsc03/bsc03353/forge/src/dispatcher/posix.c:62 140035698419456: single write -1 of expected 1048576
19:36:17 ERROR /home/bsc03/bsc03353/forge/src/dispatcher/posix.c:61 140039993394944: r->filehandle = 35, r->size = 1048576, r->offset = 528482304
19:36:17 ERROR /home/bsc03/bsc03353/forge/src/dispatcher/posix.c:62 140039993394944: single write -1 of expected 1048576
19:36:18 ERROR /home/bsc03/bsc03353/forge/src/dispatcher/posix.c:61 140044288370432: r->filehandle = 35, r->size = 1048576, r->offset = 535822336
19:36:18 ERROR /home/bsc03/bsc03353/forge/src/dispatcher/posix.c:62 140044288370432: single write -1 of expected 1048576
19:36:18 ERROR /home/bsc03/bsc03353/forge/src/dispatcher/posix.c:61 140042140882688: r->filehandle = 35, r->size = 1048576, r->offset = 476053504
19:36:18 ERROR /home/bsc03/bsc03353/forge/src/dispatcher/posix.c:62 140042140882688: single write -1 of expected 1048576
19:36:20 ERROR /home/bsc03/bsc03353/forge/src/dispatcher/posix.c:61 140046435858176: r->filehandle = 35, r->size = 1048576, r->offset = 73400320
19:36:20 ERROR /home/bsc03/bsc03353/forge/src/dispatcher/posix.c:62 140046435858176: single write -1 of expected 1048576
19:36:21 ERROR /home/bsc03/bsc03353/forge/src/dispatcher/posix.c:61 140055025809152: r->filehandle = 35, r->size = 1048576, r->offset = 78643200
19:36:21 ERROR /home/bsc03/bsc03353/forge/src/dispatcher/posix.c:62 140055025809152: single write -1 of expected 1048576
19:36:23 ERROR /home/bsc03/bsc03353/forge/src/dispatcher/posix.c:61 140050730833664: r->filehandle = 35, r->size = 1048576, r->offset = 387973120
19:36:23 ERROR /home/bsc03/bsc03353/forge/src/dispatcher/posix.c:62 140050730833664: single write -1 of expected 1048576
19:36:23 ERROR /home/bsc03/bsc03353/forge/src/dispatcher/posix.c:61 140532331681536: r->filehandle = 36, r->size = 1048576, r->offset = 1076887552
19:36:23 ERROR /home/bsc03/bsc03353/forge/src/dispatcher/posix.c:62 140532331681536: single write -1 of expected 1048576
19:36:24 ERROR /home/bsc03/bsc03353/forge/src/dispatcher/posix.c:61 140031403443968: r->filehandle = 35, r->size = 1048576, r->offset = 72351744
19:36:24 ERROR /home/bsc03/bsc03353/forge/src/dispatcher/posix.c:61 140517299267328: r->filehandle = 36, r->size = 1048576, r->offset = 1314914304
19:36:24 ERROR /home/bsc03/bsc03353/forge/src/dispatcher/posix.c:62 140517299267328: single write -1 of expected 1048576
19:36:24 ERROR /home/bsc03/bsc03353/forge/src/dispatcher/posix.c:62 140031403443968: single write -1 of expected 1048576
19:36:24 ERROR /home/bsc03/bsc03353/forge/src/dispatcher/posix.c:61 140523741730560: r->filehandle = 36, r->size = 1048576, r->offset = 1197473792
19:36:24 ERROR /home/bsc03/bsc03353/forge/src/dispatcher/posix.c:62 140523741730560: single write -1 of expected 1048576
19:36:25 ERROR /home/bsc03/bsc03353/forge/src/dispatcher/posix.c:61 140039993394944: r->filehandle = 35, r->size = 1048576, r->offset = 74448896
19:36:25 ERROR /home/bsc03/bsc03353/forge/src/dispatcher/posix.c:62 140039993394944: single write -1 of expected 1048576
19:36:27 ERROR /home/bsc03/bsc03353/forge/src/dispatcher/posix.c:61 140063615760128: r->filehandle = 35, r->size = 1048576, r->offset = 75497472
19:36:27 ERROR /home/bsc03/bsc03353/forge/src/dispatcher/posix.c:62 140063615760128: single write -1 of expected 1048576
19:36:27 ERROR /home/bsc03/bsc03353/forge/src/dispatcher/posix.c:61 140059320784640: r->filehandle = 35, r->size = 1048576, r->offset = 347078656
19:36:27 ERROR /home/bsc03/bsc03353/forge/src/dispatcher/posix.c:62 140059320784640: single write -1 of expected 1048576
19:36:28 ERROR /home/bsc03/bsc03353/forge/src/dispatcher/posix.c:61 140521594242816: r->filehandle = 36, r->size = 1048576, r->offset = 1305477120
19:36:28 ERROR /home/bsc03/bsc03353/forge/src/dispatcher/posix.c:62 140521594242816: single write -1 of expected 1048576
19:36:29 ERROR /home/bsc03/bsc03353/forge/src/dispatcher/posix.c:61 140506561828608: r->filehandle = 36, r->size = 1048576, r->offset = 1304428544
19:36:29 ERROR /home/bsc03/bsc03353/forge/src/dispatcher/posix.c:62 140506561828608: single write -1 of expected 1048576
19:36:29 ERROR /home/bsc03/bsc03353/forge/src/dispatcher/posix.c:61 140035698419456: r->filehandle = 35, r->size = 1048576, r->offset = 263192576
19:36:29 ERROR /home/bsc03/bsc03353/forge/src/dispatcher/posix.c:62 140035698419456: single write -1 of expected 1048576
19:36:30 ERROR /home/bsc03/bsc03353/forge/src/dispatcher/posix.c:61 140525889218304: r->filehandle = 36, r->size = 1048576, r->offset = 1309671424
19:36:30 ERROR /home/bsc03/bsc03353/forge/src/dispatcher/posix.c:62 140525889218304: single write -1 of expected 1048576
19:36:31 ERROR /home/bsc03/bsc03353/forge/src/dispatcher/posix.c:61 140055025809152: r->filehandle = 35, r->size = 1048576, r->offset = 256901120
19:36:31 ERROR /home/bsc03/bsc03353/forge/src/dispatcher/posix.c:62 140055025809152: single write -1 of expected 1048576
19:36:33 ERROR /home/bsc03/bsc03353/forge/src/dispatcher/posix.c:61 140037845907200: r->filehandle = 35, r->size = 1048576, r->offset = 489684992
19:36:33 ERROR /home/bsc03/bsc03353/forge/src/dispatcher/posix.c:62 140037845907200: single write -1 of expected 1048576
19:36:33 ERROR /home/bsc03/bsc03353/forge/src/dispatcher/posix.c:61 140530184193792: r->filehandle = 36, r->size = 1048576, r->offset = 1340080128
19:36:33 ERROR /home/bsc03/bsc03353/forge/src/dispatcher/posix.c:62 140530184193792: single write -1 of expected 1048576
19:36:34 ERROR /home/bsc03/bsc03353/forge/src/dispatcher/posix.c:61 140534479169280: r->filehandle = 36, r->size = 1048576, r->offset = 1169162240
19:36:34 ERROR /home/bsc03/bsc03353/forge/src/dispatcher/posix.c:62 140534479169280: single write -1 of expected 1048576
19:36:35 ERROR /home/bsc03/bsc03353/forge/src/dispatcher/posix.c:61 140510856804096: r->filehandle = 36, r->size = 1048576, r->offset = 1341128704
19:36:35 ERROR /home/bsc03/bsc03353/forge/src/dispatcher/posix.c:62 140510856804096: single write -1 of expected 1048576
19:36:37 ERROR /home/bsc03/bsc03353/forge/src/dispatcher/posix.c:61 140063615760128: r->filehandle = 35, r->size = 1048576, r->offset = 500170752
19:36:37 ERROR /home/bsc03/bsc03353/forge/src/dispatcher/posix.c:62 140063615760128: single write -1 of expected 1048576
19:36:37 ERROR /home/bsc03/bsc03353/forge/src/dispatcher/posix.c:61 140042140882688: r->filehandle = 35, r->size = 1048576, r->offset = 498073600
19:36:37 ERROR /home/bsc03/bsc03353/forge/src/dispatcher/posix.c:62 140042140882688: single write -1 of expected 1048576
19:36:39 ERROR /home/bsc03/bsc03353/forge/src/dispatcher/posix.c:61 140052878321408: r->filehandle = 35, r->size = 1048576, r->offset = 495976448
19:36:39 ERROR /home/bsc03/bsc03353/forge/src/dispatcher/posix.c:62 140052878321408: single write -1 of expected 1048576
19:36:40 ERROR /home/bsc03/bsc03353/forge/src/dispatcher/posix.c:61 140508709316352: r->filehandle = 36, r->size = 1048576, r->offset = 1326448640
19:36:40 ERROR /home/bsc03/bsc03353/forge/src/dispatcher/posix.c:62 140508709316352: single write -1 of expected 1048576
19:36:41 ERROR /home/bsc03/bsc03353/forge/src/dispatcher/posix.c:61 140510856804096: r->filehandle = 36, r->size = 1048576, r->offset = 1149239296
19:36:41 ERROR /home/bsc03/bsc03353/forge/src/dispatcher/posix.c:62 140510856804096: single write -1 of expected 1048576
19:36:42 ERROR /home/bsc03/bsc03353/forge/src/dispatcher/posix.c:61 140513004291840: r->filehandle = 36, r->size = 1048576, r->offset = 1195376640
19:36:42 ERROR /home/bsc03/bsc03353/forge/src/dispatcher/posix.c:62 140513004291840: single write -1 of expected 1048576
19:36:43 ERROR /home/bsc03/bsc03353/forge/src/dispatcher/posix.c:61 140528036706048: r->filehandle = 36, r->size = 1048576, r->offset = 1320157184
19:36:43 ERROR /home/bsc03/bsc03353/forge/src/dispatcher/posix.c:62 140528036706048: single write -1 of expected 1048576
19:36:43 ERROR /home/bsc03/bsc03353/forge/src/dispatcher/posix.c:61 140046435858176: r->filehandle = 35, r->size = 1048576, r->offset = 508559360
19:36:43 ERROR /home/bsc03/bsc03353/forge/src/dispatcher/posix.c:62 140046435858176: single write -1 of expected 1048576
19:36:49 ERROR /home/bsc03/bsc03353/forge/src/dispatcher/posix.c:61 140504414340864: r->filehandle = 36, r->size = 1048576, r->offset = 1435500544
19:36:49 ERROR /home/bsc03/bsc03353/forge/src/dispatcher/posix.c:62 140504414340864: single write -1 of expected 1048576
19:36:50 ERROR /home/bsc03/bsc03353/forge/src/dispatcher/posix.c:61 140521594242816: r->filehandle = 36, r->size = 1048576, r->offset = 1059061760
19:36:50 ERROR /home/bsc03/bsc03353/forge/src/dispatcher/posix.c:62 140521594242816: single write -1 of expected 1048576
19:36:51 ERROR /home/bsc03/bsc03353/forge/src/dispatcher/posix.c:61 140050730833664: r->filehandle = 35, r->size = 1048576, r->offset = 529530880
19:36:51 ERROR /home/bsc03/bsc03353/forge/src/dispatcher/posix.c:62 140050730833664: single write -1 of expected 1048576
19:36:53 ERROR /home/bsc03/bsc03353/forge/src/dispatcher/posix.c:61 140515151779584: r->filehandle = 36, r->size = 1048576, r->offset = 1199570944
19:36:53 ERROR /home/bsc03/bsc03353/forge/src/dispatcher/posix.c:62 140515151779584: single write -1 of expected 1048576
19:36:53 ERROR /home/bsc03/bsc03353/forge/src/dispatcher/posix.c:61 140517299267328: r->filehandle = 36, r->size = 1048576, r->offset = 1206910976
19:36:53 ERROR /home/bsc03/bsc03353/forge/src/dispatcher/posix.c:62 140517299267328: single write -1 of expected 1048576
19:36:54 ERROR /home/bsc03/bsc03353/forge/src/dispatcher/posix.c:61 140513004291840: r->filehandle = 36, r->size = 1048576, r->offset = 1074790400
19:36:54 ERROR /home/bsc03/bsc03353/forge/src/dispatcher/posix.c:62 140513004291840: single write -1 of expected 1048576
19:36:54 ERROR /home/bsc03/bsc03353/forge/src/dispatcher/posix.c:61 140048583345920: r->filehandle = 35, r->size = 1048576, r->offset = 273678336
19:36:54 ERROR /home/bsc03/bsc03353/forge/src/dispatcher/posix.c:62 140048583345920: single write -1 of expected 1048576
19:36:55 ERROR /home/bsc03/bsc03353/forge/src/dispatcher/posix.c:61 140532331681536: r->filehandle = 36, r->size = 1048576, r->offset = 1063256064
19:36:55 ERROR /home/bsc03/bsc03353/forge/src/dispatcher/posix.c:62 140532331681536: single write -1 of expected 1048576
19:36:58 ERROR /home/bsc03/bsc03353/forge/src/dispatcher/posix.c:61 140521594242816: r->filehandle = 36, r->size = 1048576, r->offset = 1428160512
19:36:58 ERROR /home/bsc03/bsc03353/forge/src/dispatcher/posix.c:62 140521594242816: single write -1 of expected 1048576
19:36:59 ERROR /home/bsc03/bsc03353/forge/src/dispatcher/posix.c:61 140506561828608: r->filehandle = 36, r->size = 1048576, r->offset = 1062207488
19:36:59 ERROR /home/bsc03/bsc03353/forge/src/dispatcher/posix.c:62 140506561828608: single write -1 of expected 1048576
19:37:03 ERROR /home/bsc03/bsc03353/forge/src/dispatcher/posix.c:61 140031403443968: r->filehandle = 35, r->size = 1048576, r->offset = 522190848
19:37:03 ERROR /home/bsc03/bsc03353/forge/src/dispatcher/posix.c:62 140031403443968: single write -1 of expected 1048576
19:37:03 ERROR /home/bsc03/bsc03353/forge/src/dispatcher/posix.c:61 140046435858176: r->filehandle = 35, r->size = 1048576, r->offset = 483393536
19:37:03 ERROR /home/bsc03/bsc03353/forge/src/dispatcher/posix.c:62 140046435858176: single write -1 of expected 1048576
19:37:05 ERROR /home/bsc03/bsc03353/forge/src/dispatcher/posix.c:61 140508709316352: r->filehandle = 36, r->size = 1048576, r->offset = 1198522368
19:37:05 ERROR /home/bsc03/bsc03353/forge/src/dispatcher/posix.c:62 140508709316352: single write -1 of expected 1048576
19:37:06 ERROR /home/bsc03/bsc03353/forge/src/dispatcher/posix.c:61 140039993394944: r->filehandle = 35, r->size = 1048576, r->offset = 71303168
19:37:06 ERROR /home/bsc03/bsc03353/forge/src/dispatcher/posix.c:62 140039993394944: single write -1 of expected 1048576
19:37:07 ERROR /home/bsc03/bsc03353/forge/src/dispatcher/posix.c:61 140534479169280: r->filehandle = 36, r->size = 1048576, r->offset = 1307574272
19:37:07 ERROR /home/bsc03/bsc03353/forge/src/dispatcher/posix.c:62 140534479169280: single write -1 of expected 1048576
19:37:08 ERROR /home/bsc03/bsc03353/forge/src/dispatcher/posix.c:61 140035698419456: r->filehandle = 35, r->size = 1048576, r->offset = 255852544
19:37:08 ERROR /home/bsc03/bsc03353/forge/src/dispatcher/posix.c:61 140521594242816: r->filehandle = 36, r->size = 1048576, r->offset = 1322254336
19:37:08 ERROR /home/bsc03/bsc03353/forge/src/dispatcher/posix.c:62 140521594242816: single write -1 of expected 1048576
19:37:08 ERROR /home/bsc03/bsc03353/forge/src/dispatcher/posix.c:62 140035698419456: single write -1 of expected 1048576
19:37:11 ERROR /home/bsc03/bsc03353/forge/src/dispatcher/posix.c:61 140532331681536: r->filehandle = 36, r->size = 1048576, r->offset = 1444937728
19:37:11 ERROR /home/bsc03/bsc03353/forge/src/dispatcher/posix.c:62 140532331681536: single write -1 of expected 1048576
19:37:12 ERROR /home/bsc03/bsc03353/forge/src/dispatcher/posix.c:61 140039993394944: r->filehandle = 35, r->size = 1048576, r->offset = 533725184
19:37:12 ERROR /home/bsc03/bsc03353/forge/src/dispatcher/posix.c:62 140039993394944: single write -1 of expected 1048576
19:37:13 ERROR /home/bsc03/bsc03353/forge/src/dispatcher/posix.c:61 140517299267328: r->filehandle = 36, r->size = 1048576, r->offset = 1138753536
19:37:13 ERROR /home/bsc03/bsc03353/forge/src/dispatcher/posix.c:62 140517299267328: single write -1 of expected 1048576
19:37:14 ERROR /home/bsc03/bsc03353/forge/src/dispatcher/posix.c:61 140063615760128: r->filehandle = 35, r->size = 1048576, r->offset = 510656512
19:37:14 ERROR /home/bsc03/bsc03353/forge/src/dispatcher/posix.c:61 140506561828608: r->filehandle = 36, r->size = 1048576, r->offset = 1299185664
19:37:14 ERROR /home/bsc03/bsc03353/forge/src/dispatcher/posix.c:62 140063615760128: single write -1 of expected 1048576
19:37:14 ERROR /home/bsc03/bsc03353/forge/src/dispatcher/posix.c:62 140506561828608: single write -1 of expected 1048576
19:37:19 ERROR /home/bsc03/bsc03353/forge/src/dispatcher/posix.c:61 140502266853120: r->filehandle = 36, r->size = 1048576, r->offset = 1292894208
19:37:19 ERROR /home/bsc03/bsc03353/forge/src/dispatcher/posix.c:62 140502266853120: single write -1 of expected 1048576
19:37:23 ERROR /home/bsc03/bsc03353/forge/src/dispatcher/posix.c:61 140523741730560: r->filehandle = 36, r->size = 1048576, r->offset = 1140850688
19:37:23 ERROR /home/bsc03/bsc03353/forge/src/dispatcher/posix.c:62 140523741730560: single write -1 of expected 1048576
19:37:23 ERROR /home/bsc03/bsc03353/forge/src/dispatcher/posix.c:61 140061468272384: r->filehandle = 35, r->size = 1048576, r->offset = 612368384
19:37:23 ERROR /home/bsc03/bsc03353/forge/src/dispatcher/posix.c:62 140061468272384: single write -1 of expected 1048576
19:37:24 ERROR /home/bsc03/bsc03353/forge/src/dispatcher/posix.c:61 140035698419456: r->filehandle = 35, r->size = 1048576, r->offset = 477102080
19:37:24 ERROR /home/bsc03/bsc03353/forge/src/dispatcher/posix.c:62 140035698419456: single write -1 of expected 1048576
19:37:26 ERROR /home/bsc03/bsc03353/forge/src/dispatcher/posix.c:61 140528036706048: r->filehandle = 36, r->size = 1048576, r->offset = 1429209088
19:37:26 ERROR /home/bsc03/bsc03353/forge/src/dispatcher/posix.c:62 140528036706048: single write -1 of expected 1048576
19:37:28 ERROR /home/bsc03/bsc03353/forge/src/dispatcher/posix.c:61 140502266853120: r->filehandle = 36, r->size = 1048576, r->offset = 1312817152
19:37:28 ERROR /home/bsc03/bsc03353/forge/src/dispatcher/posix.c:62 140502266853120: single write -1 of expected 1048576
19:37:31 ERROR /home/bsc03/bsc03353/forge/src/dispatcher/posix.c:61 140039993394944: r->filehandle = 35, r->size = 1048576, r->offset = 785383424
19:37:31 ERROR /home/bsc03/bsc03353/forge/src/dispatcher/posix.c:62 140039993394944: single write -1 of expected 1048576
19:37:33 ERROR /home/bsc03/bsc03353/forge/src/dispatcher/posix.c:61 140525889218304: r->filehandle = 36, r->size = 1048576, r->offset = 1061158912
19:37:33 ERROR /home/bsc03/bsc03353/forge/src/dispatcher/posix.c:62 140525889218304: single write -1 of expected 1048576
19:37:34 ERROR /home/bsc03/bsc03353/forge/src/dispatcher/posix.c:61 140055025809152: r->filehandle = 35, r->size = 1048576, r->offset = 404750336
19:37:34 ERROR /home/bsc03/bsc03353/forge/src/dispatcher/posix.c:62 140055025809152: single write -1 of expected 1048576
19:37:36 ERROR /home/bsc03/bsc03353/forge/src/dispatcher/posix.c:61 140057173296896: r->filehandle = 35, r->size = 1048576, r->offset = 526385152
19:37:36 ERROR /home/bsc03/bsc03353/forge/src/dispatcher/posix.c:62 140057173296896: single write -1 of expected 1048576
19:37:37 ERROR /home/bsc03/bsc03353/forge/src/dispatcher/posix.c:61 140044288370432: r->filehandle = 35, r->size = 1048576, r->offset = 532676608
19:37:37 ERROR /home/bsc03/bsc03353/forge/src/dispatcher/posix.c:62 140044288370432: single write -1 of expected 1048576
19:37:37 ERROR /home/bsc03/bsc03353/forge/src/dispatcher/posix.c:61 140534479169280: r->filehandle = 36, r->size = 1048576, r->offset = 1308622848
19:37:37 ERROR /home/bsc03/bsc03353/forge/src/dispatcher/posix.c:62 140534479169280: single write -1 of expected 1048576
19:37:38 ERROR /home/bsc03/bsc03353/forge/src/dispatcher/posix.c:61 140046435858176: r->filehandle = 35, r->size = 1048576, r->offset = 485490688
19:37:38 ERROR /home/bsc03/bsc03353/forge/src/dispatcher/posix.c:62 140046435858176: single write -1 of expected 1048576
19:37:39 ERROR /home/bsc03/bsc03353/forge/src/dispatcher/posix.c:61 140504414340864: r->filehandle = 36, r->size = 1048576, r->offset = 1073741824
19:37:39 ERROR /home/bsc03/bsc03353/forge/src/dispatcher/posix.c:62 140504414340864: single write -1 of expected 1048576
19:37:40 ERROR /home/bsc03/bsc03353/forge/src/dispatcher/posix.c:61 140059320784640: r->filehandle = 35, r->size = 1048576, r->offset = 257949696
19:37:40 ERROR /home/bsc03/bsc03353/forge/src/dispatcher/posix.c:62 140059320784640: single write -1 of expected 1048576
19:37:40 ERROR /home/bsc03/bsc03353/forge/src/dispatcher/posix.c:61 140037845907200: r->filehandle = 35, r->size = 1048576, r->offset = 511705088
19:37:40 ERROR /home/bsc03/bsc03353/forge/src/dispatcher/posix.c:62 140037845907200: single write -1 of expected 1048576
19:37:41 ERROR /home/bsc03/bsc03353/forge/src/dispatcher/posix.c:61 140510856804096: r->filehandle = 36, r->size = 1048576, r->offset = 1139802112
19:37:41 ERROR /home/bsc03/bsc03353/forge/src/dispatcher/posix.c:62 140510856804096: single write -1 of expected 1048576
19:37:41 ERROR /home/bsc03/bsc03353/forge/src/dispatcher/posix.c:61 140057173296896: r->filehandle = 35, r->size = 1048576, r->offset = 5242880
19:37:41 ERROR /home/bsc03/bsc03353/forge/src/dispatcher/posix.c:62 140057173296896: single write -1 of expected 1048576
19:37:42 ERROR /home/bsc03/bsc03353/forge/src/dispatcher/posix.c:61 140033550931712: r->filehandle = 35, r->size = 1048576, r->offset = 481296384
19:37:42 ERROR /home/bsc03/bsc03353/forge/src/dispatcher/posix.c:62 140033550931712: single write -1 of expected 1048576
19:37:43 ERROR /home/bsc03/bsc03353/forge/src/dispatcher/posix.c:61 140031403443968: r->filehandle = 35, r->size = 1048576, r->offset = 395313152
19:37:43 ERROR /home/bsc03/bsc03353/forge/src/dispatcher/posix.c:62 140031403443968: single write -1 of expected 1048576
19:37:45 ERROR /home/bsc03/bsc03353/forge/src/dispatcher/posix.c:61 140052878321408: r->filehandle = 35, r->size = 1048576, r->offset = 792723456
19:37:45 ERROR /home/bsc03/bsc03353/forge/src/dispatcher/posix.c:62 140052878321408: single write -1 of expected 1048576
19:37:47 ERROR /home/bsc03/bsc03353/forge/src/dispatcher/posix.c:61 140046435858176: r->filehandle = 35, r->size = 1048576, r->offset = 438304768
19:37:47 ERROR /home/bsc03/bsc03353/forge/src/dispatcher/posix.c:62 140046435858176: single write -1 of expected 1048576
19:37:51 ERROR /home/bsc03/bsc03353/forge/src/dispatcher/posix.c:61 140048583345920: r->filehandle = 35, r->size = 1048576, r->offset = 611319808
19:37:51 ERROR /home/bsc03/bsc03353/forge/src/dispatcher/posix.c:62 140048583345920: single write -1 of expected 1048576
19:37:51 ERROR /home/bsc03/bsc03353/forge/src/dispatcher/posix.c:61 140513004291840: r->filehandle = 36, r->size = 1048576, r->offset = 1160773632
19:37:51 ERROR /home/bsc03/bsc03353/forge/src/dispatcher/posix.c:62 140513004291840: single write -1 of expected 1048576
19:37:51 ERROR /home/bsc03/bsc03353/forge/src/dispatcher/posix.c:61 140055025809152: r->filehandle = 35, r->size = 1048576, r->offset = 490733568
19:37:51 ERROR /home/bsc03/bsc03353/forge/src/dispatcher/posix.c:62 140055025809152: single write -1 of expected 1048576
19:37:52 ERROR /home/bsc03/bsc03353/forge/src/dispatcher/posix.c:61 140517299267328: r->filehandle = 36, r->size = 1048576, r->offset = 1081081856
19:37:52 ERROR /home/bsc03/bsc03353/forge/src/dispatcher/posix.c:62 140517299267328: single write -1 of expected 1048576
19:37:53 ERROR /home/bsc03/bsc03353/forge/src/dispatcher/posix.c:61 140050730833664: r->filehandle = 35, r->size = 1048576, r->offset = 248512512
19:37:53 ERROR /home/bsc03/bsc03353/forge/src/dispatcher/posix.c:62 140050730833664: single write -1 of expected 1048576
19:37:54 ERROR /home/bsc03/bsc03353/forge/src/dispatcher/posix.c:61 140063615760128: r->filehandle = 35, r->size = 1048576, r->offset = 385875968
19:37:54 ERROR /home/bsc03/bsc03353/forge/src/dispatcher/posix.c:61 140519446755072: r->filehandle = 36, r->size = 1048576, r->offset = 1300234240
19:37:54 ERROR /home/bsc03/bsc03353/forge/src/dispatcher/posix.c:62 140063615760128: single write -1 of expected 1048576
19:37:54 ERROR /home/bsc03/bsc03353/forge/src/dispatcher/posix.c:62 140519446755072: single write -1 of expected 1048576
19:37:55 ERROR /home/bsc03/bsc03353/forge/src/dispatcher/posix.c:61 140061468272384: r->filehandle = 35, r->size = 1048576, r->offset = 479199232
19:37:55 ERROR /home/bsc03/bsc03353/forge/src/dispatcher/posix.c:62 140061468272384: single write -1 of expected 1048576
19:37:55 ERROR /home/bsc03/bsc03353/forge/src/dispatcher/posix.c:61 140037845907200: r->filehandle = 35, r->size = 1048576, r->offset = 247463936
19:37:55 ERROR /home/bsc03/bsc03353/forge/src/dispatcher/posix.c:62 140037845907200: single write -1 of expected 1048576
19:37:58 ERROR /home/bsc03/bsc03353/forge/src/dispatcher/posix.c:61 140059320784640: r->filehandle = 35, r->size = 1048576, r->offset = 265289728
19:37:58 ERROR /home/bsc03/bsc03353/forge/src/dispatcher/posix.c:62 140059320784640: single write -1 of expected 1048576
19:37:58 ERROR /home/bsc03/bsc03353/forge/src/dispatcher/posix.c:61 140504414340864: r->filehandle = 36, r->size = 1048576, r->offset = 1068498944
19:37:58 ERROR /home/bsc03/bsc03353/forge/src/dispatcher/posix.c:62 140504414340864: single write -1 of expected 1048576
19:37:59 ERROR /home/bsc03/bsc03353/forge/src/dispatcher/posix.c:61 140044288370432: r->filehandle = 35, r->size = 1048576, r->offset = 802160640
19:37:59 ERROR /home/bsc03/bsc03353/forge/src/dispatcher/posix.c:62 140044288370432: single write -1 of expected 1048576
19:37:59 ERROR /home/bsc03/bsc03353/forge/src/dispatcher/posix.c:61 140530184193792: r->filehandle = 36, r->size = 1048576, r->offset = 1203765248
19:37:59 ERROR /home/bsc03/bsc03353/forge/src/dispatcher/posix.c:62 140530184193792: single write -1 of expected 1048576
19:38:00 ERROR /home/bsc03/bsc03353/forge/src/dispatcher/posix.c:61 140523741730560: r->filehandle = 36, r->size = 1048576, r->offset = 1342177280
19:38:00 ERROR /home/bsc03/bsc03353/forge/src/dispatcher/posix.c:62 140523741730560: single write -1 of expected 1048576
19:38:02 ERROR /home/bsc03/bsc03353/forge/src/dispatcher/posix.c:61 140506561828608: r->filehandle = 36, r->size = 1048576, r->offset = 1448083456
19:38:02 ERROR /home/bsc03/bsc03353/forge/src/dispatcher/posix.c:62 140506561828608: single write -1 of expected 1048576
19:38:03 ERROR /home/bsc03/bsc03353/forge/src/dispatcher/posix.c:61 140048583345920: r->filehandle = 35, r->size = 1048576, r->offset = 258998272
19:38:03 ERROR /home/bsc03/bsc03353/forge/src/dispatcher/posix.c:62 140048583345920: single write -1 of expected 1048576
19:38:03 ERROR /home/bsc03/bsc03353/forge/src/dispatcher/posix.c:61 140046435858176: r->filehandle = 35, r->size = 1048576, r->offset = 517996544
19:38:03 ERROR /home/bsc03/bsc03353/forge/src/dispatcher/posix.c:62 140046435858176: single write -1 of expected 1048576
19:38:05 ERROR /home/bsc03/bsc03353/forge/src/dispatcher/posix.c:61 140050730833664: r->filehandle = 35, r->size = 1048576, r->offset = 484442112
19:38:05 ERROR /home/bsc03/bsc03353/forge/src/dispatcher/posix.c:62 140050730833664: single write -1 of expected 1048576
19:38:06 ERROR /home/bsc03/bsc03353/forge/src/dispatcher/posix.c:61 140039993394944: r->filehandle = 35, r->size = 1048576, r->offset = 610271232
19:38:06 ERROR /home/bsc03/bsc03353/forge/src/dispatcher/posix.c:62 140039993394944: single write -1 of expected 1048576
19:38:06 ERROR /home/bsc03/bsc03353/forge/src/dispatcher/posix.c:61 140059320784640: r->filehandle = 35, r->size = 1048576, r->offset = 274726912
19:38:06 ERROR /home/bsc03/bsc03353/forge/src/dispatcher/posix.c:62 140059320784640: single write -1 of expected 1048576
19:38:06 ERROR /home/bsc03/bsc03353/forge/src/dispatcher/posix.c:61 140528036706048: r->filehandle = 36, r->size = 1048576, r->offset = 1260388352
19:38:06 ERROR /home/bsc03/bsc03353/forge/src/dispatcher/posix.c:62 140528036706048: single write -1 of expected 1048576
19:38:07 ERROR /home/bsc03/bsc03353/forge/src/dispatcher/posix.c:61 140521594242816: r->filehandle = 36, r->size = 1048576, r->offset = 1259339776
19:38:07 ERROR /home/bsc03/bsc03353/forge/src/dispatcher/posix.c:62 140521594242816: single write -1 of expected 1048576
19:38:07 ERROR /home/bsc03/bsc03353/forge/src/dispatcher/posix.c:61 140502266853120: r->filehandle = 36, r->size = 1048576, r->offset = 1600126976
19:38:07 ERROR /home/bsc03/bsc03353/forge/src/dispatcher/posix.c:62 140502266853120: single write -1 of expected 1048576
19:38:07 ERROR /home/bsc03/bsc03353/forge/src/dispatcher/posix.c:61 140031403443968: r->filehandle = 35, r->size = 1048576, r->offset = 267386880
19:38:07 ERROR /home/bsc03/bsc03353/forge/src/dispatcher/posix.c:62 140031403443968: single write -1 of expected 1048576
19:38:08 ERROR /home/bsc03/bsc03353/forge/src/dispatcher/posix.c:61 140052878321408: r->filehandle = 35, r->size = 1048576, r->offset = 264241152
19:38:08 ERROR /home/bsc03/bsc03353/forge/src/dispatcher/posix.c:62 140052878321408: single write -1 of expected 1048576
19:38:08 ERROR /home/bsc03/bsc03353/forge/src/dispatcher/posix.c:61 140055025809152: r->filehandle = 35, r->size = 1048576, r->offset = 260046848
19:38:08 ERROR /home/bsc03/bsc03353/forge/src/dispatcher/posix.c:62 140055025809152: single write -1 of expected 1048576
19:38:09 ERROR /home/bsc03/bsc03353/forge/src/dispatcher/posix.c:61 140515151779584: r->filehandle = 36, r->size = 1048576, r->offset = 1205862400
19:38:09 ERROR /home/bsc03/bsc03353/forge/src/dispatcher/posix.c:62 140515151779584: single write -1 of expected 1048576
19:38:10 ERROR /home/bsc03/bsc03353/forge/src/dispatcher/posix.c:61 140523741730560: r->filehandle = 36, r->size = 1048576, r->offset = 1185939456
19:38:10 ERROR /home/bsc03/bsc03353/forge/src/dispatcher/posix.c:62 140523741730560: single write -1 of expected 1048576
19:38:10 ERROR /home/bsc03/bsc03353/forge/src/dispatcher/posix.c:61 140508709316352: r->filehandle = 36, r->size = 1048576, r->offset = 1346371584
19:38:10 ERROR /home/bsc03/bsc03353/forge/src/dispatcher/posix.c:62 140508709316352: single write -1 of expected 1048576
19:38:10 ERROR /home/bsc03/bsc03353/forge/src/dispatcher/posix.c:61 140035698419456: r->filehandle = 35, r->size = 1048576, r->offset = 503316480
19:38:10 ERROR /home/bsc03/bsc03353/forge/src/dispatcher/posix.c:62 140035698419456: single write -1 of expected 1048576
19:38:10 ERROR /home/bsc03/bsc03353/forge/src/dispatcher/posix.c:61 140532331681536: r->filehandle = 36, r->size = 1048576, r->offset = 1176502272
19:38:10 ERROR /home/bsc03/bsc03353/forge/src/dispatcher/posix.c:62 140532331681536: single write -1 of expected 1048576
19:38:11 ERROR /home/bsc03/bsc03353/forge/src/dispatcher/posix.c:61 140515151779584: r->filehandle = 36, r->size = 1048576, r->offset = 1213202432
19:38:11 ERROR /home/bsc03/bsc03353/forge/src/dispatcher/posix.c:62 140515151779584: single write -1 of expected 1048576
19:38:12 ERROR /home/bsc03/bsc03353/forge/src/dispatcher/posix.c:61 140513004291840: r->filehandle = 36, r->size = 1048576, r->offset = 1411383296
19:38:12 ERROR /home/bsc03/bsc03353/forge/src/dispatcher/posix.c:62 140513004291840: single write -1 of expected 1048576
19:38:12 ERROR /home/bsc03/bsc03353/forge/src/dispatcher/posix.c:61 140504414340864: r->filehandle = 36, r->size = 1048576, r->offset = 1179648000
19:38:12 ERROR /home/bsc03/bsc03353/forge/src/dispatcher/posix.c:62 140504414340864: single write -1 of expected 1048576
19:38:13 ERROR /home/bsc03/bsc03353/forge/src/dispatcher/posix.c:61 140517299267328: r->filehandle = 36, r->size = 1048576, r->offset = 1210056704
19:38:13 ERROR /home/bsc03/bsc03353/forge/src/dispatcher/posix.c:62 140517299267328: single write -1 of expected 1048576
19:38:13 ERROR /home/bsc03/bsc03353/forge/src/dispatcher/posix.c:61 140048583345920: r->filehandle = 35, r->size = 1048576, r->offset = 67108864
19:38:13 ERROR /home/bsc03/bsc03353/forge/src/dispatcher/posix.c:62 140048583345920: single write -1 of expected 1048576
19:38:13 ERROR /home/bsc03/bsc03353/forge/src/dispatcher/posix.c:61 140528036706048: r->filehandle = 36, r->size = 1048576, r->offset = 1177550848
19:38:13 ERROR /home/bsc03/bsc03353/forge/src/dispatcher/posix.c:62 140528036706048: single write -1 of expected 1048576
19:38:14 ERROR /home/bsc03/bsc03353/forge/src/dispatcher/posix.c:61 140525889218304: r->filehandle = 36, r->size = 1048576, r->offset = 1459617792
19:38:14 ERROR /home/bsc03/bsc03353/forge/src/dispatcher/posix.c:62 140525889218304: single write -1 of expected 1048576
19:38:14 ERROR /home/bsc03/bsc03353/forge/src/dispatcher/posix.c:61 140042140882688: r->filehandle = 35, r->size = 1048576, r->offset = 392167424
19:38:14 ERROR /home/bsc03/bsc03353/forge/src/dispatcher/posix.c:62 140042140882688: single write -1 of expected 1048576
19:38:15 ERROR /home/bsc03/bsc03353/forge/src/dispatcher/posix.c:61 140050730833664: r->filehandle = 35, r->size = 1048576, r->offset = 393216000
19:38:15 ERROR /home/bsc03/bsc03353/forge/src/dispatcher/posix.c:62 140050730833664: single write -1 of expected 1048576
19:38:15 ERROR /home/bsc03/bsc03353/forge/src/dispatcher/posix.c:61 140530184193792: r->filehandle = 36, r->size = 1048576, r->offset = 1175453696
19:38:15 ERROR /home/bsc03/bsc03353/forge/src/dispatcher/posix.c:62 140530184193792: single write -1 of expected 1048576
19:38:15 ERROR /home/bsc03/bsc03353/forge/src/dispatcher/posix.c:61 140044288370432: r->filehandle = 35, r->size = 1048576, r->offset = 390070272
19:38:15 ERROR /home/bsc03/bsc03353/forge/src/dispatcher/posix.c:62 140044288370432: single write -1 of expected 1048576
19:38:16 ERROR /home/bsc03/bsc03353/forge/src/dispatcher/posix.c:61 140510856804096: r->filehandle = 36, r->size = 1048576, r->offset = 1291845632
19:38:16 ERROR /home/bsc03/bsc03353/forge/src/dispatcher/posix.c:62 140510856804096: single write -1 of expected 1048576
19:38:16 ERROR /home/bsc03/bsc03353/forge/src/dispatcher/posix.c:61 140519446755072: r->filehandle = 36, r->size = 1048576, r->offset = 1209008128
19:38:16 ERROR /home/bsc03/bsc03353/forge/src/dispatcher/posix.c:62 140519446755072: single write -1 of expected 1048576
19:38:17 ERROR /home/bsc03/bsc03353/forge/src/dispatcher/posix.c:61 140517299267328: r->filehandle = 36, r->size = 1048576, r->offset = 1065353216
19:38:17 ERROR /home/bsc03/bsc03353/forge/src/dispatcher/posix.c:62 140517299267328: single write -1 of expected 1048576
19:38:17 ERROR /home/bsc03/bsc03353/forge/src/dispatcher/posix.c:61 140532331681536: r->filehandle = 36, r->size = 1048576, r->offset = 1317011456
19:38:17 ERROR /home/bsc03/bsc03353/forge/src/dispatcher/posix.c:62 140532331681536: single write -1 of expected 1048576
19:38:18 ERROR /home/bsc03/bsc03353/forge/src/dispatcher/posix.c:61 140052878321408: r->filehandle = 35, r->size = 1048576, r->offset = 801112064
19:38:18 ERROR /home/bsc03/bsc03353/forge/src/dispatcher/posix.c:62 140052878321408: single write -1 of expected 1048576
19:38:18 ERROR /home/bsc03/bsc03353/forge/src/dispatcher/posix.c:61 140521594242816: r->filehandle = 36, r->size = 1048576, r->offset = 1228931072
19:38:18 ERROR /home/bsc03/bsc03353/forge/src/dispatcher/posix.c:62 140521594242816: single write -1 of expected 1048576
19:38:19 ERROR /home/bsc03/bsc03353/forge/src/dispatcher/posix.c:61 140059320784640: r->filehandle = 35, r->size = 1048576, r->offset = 411041792
19:38:19 ERROR /home/bsc03/bsc03353/forge/src/dispatcher/posix.c:62 140059320784640: single write -1 of expected 1048576
19:38:19 ERROR /home/bsc03/bsc03353/forge/src/dispatcher/posix.c:61 140035698419456: r->filehandle = 35, r->size = 1048576, r->offset = 519045120
19:38:19 ERROR /home/bsc03/bsc03353/forge/src/dispatcher/posix.c:62 140035698419456: single write -1 of expected 1048576
19:38:20 ERROR /home/bsc03/bsc03353/forge/src/dispatcher/posix.c:61 140061468272384: r->filehandle = 35, r->size = 1048576, r->offset = 478150656
19:38:20 ERROR /home/bsc03/bsc03353/forge/src/dispatcher/posix.c:62 140061468272384: single write -1 of expected 1048576
19:38:20 ERROR /home/bsc03/bsc03353/forge/src/dispatcher/posix.c:61 140508709316352: r->filehandle = 36, r->size = 1048576, r->offset = 1077936128
19:38:20 ERROR /home/bsc03/bsc03353/forge/src/dispatcher/posix.c:62 140508709316352: single write -1 of expected 1048576
19:38:21 ERROR /home/bsc03/bsc03353/forge/src/dispatcher/posix.c:61 140033550931712: r->filehandle = 35, r->size = 1048576, r->offset = 789577728
19:38:21 ERROR /home/bsc03/bsc03353/forge/src/dispatcher/posix.c:62 140033550931712: single write -1 of expected 1048576
19:38:21 ERROR /home/bsc03/bsc03353/forge/src/dispatcher/posix.c:61 140039993394944: r->filehandle = 35, r->size = 1048576, r->offset = 266338304
19:38:21 ERROR /home/bsc03/bsc03353/forge/src/dispatcher/posix.c:62 140039993394944: single write -1 of expected 1048576
19:38:22 ERROR /home/bsc03/bsc03353/forge/src/dispatcher/posix.c:61 140528036706048: r->filehandle = 36, r->size = 1048576, r->offset = 1445986304
19:38:22 ERROR /home/bsc03/bsc03353/forge/src/dispatcher/posix.c:62 140528036706048: single write -1 of expected 1048576
19:38:23 ERROR /home/bsc03/bsc03353/forge/src/dispatcher/posix.c:61 140046435858176: r->filehandle = 35, r->size = 1048576, r->offset = 507510784
19:38:23 ERROR /home/bsc03/bsc03353/forge/src/dispatcher/posix.c:62 140046435858176: single write -1 of expected 1048576
19:38:24 ERROR /home/bsc03/bsc03353/forge/src/dispatcher/posix.c:61 140063615760128: r->filehandle = 35, r->size = 1048576, r->offset = 243269632
19:38:24 ERROR /home/bsc03/bsc03353/forge/src/dispatcher/posix.c:62 140063615760128: single write -1 of expected 1048576
19:38:24 ERROR /home/bsc03/bsc03353/forge/src/dispatcher/posix.c:61 140515151779584: r->filehandle = 36, r->size = 1048576, r->offset = 1191182336
19:38:24 ERROR /home/bsc03/bsc03353/forge/src/dispatcher/posix.c:62 140515151779584: single write -1 of expected 1048576
19:38:24 ERROR /home/bsc03/bsc03353/forge/src/dispatcher/posix.c:61 140510856804096: r->filehandle = 36, r->size = 1048576, r->offset = 1349517312
19:38:24 ERROR /home/bsc03/bsc03353/forge/src/dispatcher/posix.c:62 140510856804096: single write -1 of expected 1048576
19:38:24 ERROR /home/bsc03/bsc03353/forge/src/dispatcher/posix.c:61 140055025809152: r->filehandle = 35, r->size = 1048576, r->offset = 249561088
19:38:24 ERROR /home/bsc03/bsc03353/forge/src/dispatcher/posix.c:62 140055025809152: single write -1 of expected 1048576
19:38:25 ERROR /home/bsc03/bsc03353/forge/src/dispatcher/posix.c:61 140502266853120: r->filehandle = 36, r->size = 1048576, r->offset = 1306525696
19:38:25 ERROR /home/bsc03/bsc03353/forge/src/dispatcher/posix.c:62 140502266853120: single write -1 of expected 1048576
19:38:25 ERROR /home/bsc03/bsc03353/forge/src/dispatcher/posix.c:61 140530184193792: r->filehandle = 36, r->size = 1048576, r->offset = 1069547520
19:38:25 ERROR /home/bsc03/bsc03353/forge/src/dispatcher/posix.c:62 140530184193792: single write -1 of expected 1048576
19:38:26 ERROR /home/bsc03/bsc03353/forge/src/dispatcher/posix.c:61 140039993394944: r->filehandle = 35, r->size = 1048576, r->offset = 780140544
19:38:26 ERROR /home/bsc03/bsc03353/forge/src/dispatcher/posix.c:62 140039993394944: single write -1 of expected 1048576
19:38:26 ERROR /home/bsc03/bsc03353/forge/src/dispatcher/posix.c:61 140517299267328: r->filehandle = 36, r->size = 1048576, r->offset = 1456472064
19:38:26 ERROR /home/bsc03/bsc03353/forge/src/dispatcher/posix.c:62 140517299267328: single write -1 of expected 1048576
19:38:26 ERROR /home/bsc03/bsc03353/forge/src/dispatcher/posix.c:61 140519446755072: r->filehandle = 36, r->size = 1048576, r->offset = 1407188992
19:38:26 ERROR /home/bsc03/bsc03353/forge/src/dispatcher/posix.c:62 140519446755072: single write -1 of expected 1048576
19:38:27 ERROR /home/bsc03/bsc03353/forge/src/dispatcher/posix.c:61 140525889218304: r->filehandle = 36, r->size = 1048576, r->offset = 1262485504
19:38:27 ERROR /home/bsc03/bsc03353/forge/src/dispatcher/posix.c:62 140525889218304: single write -1 of expected 1048576
19:38:27 ERROR /home/bsc03/bsc03353/forge/src/dispatcher/posix.c:61 140534479169280: r->filehandle = 36, r->size = 1048576, r->offset = 1315962880
19:38:27 ERROR /home/bsc03/bsc03353/forge/src/dispatcher/posix.c:62 140534479169280: single write -1 of expected 1048576
19:38:28 ERROR /home/bsc03/bsc03353/forge/src/dispatcher/posix.c:61 140523741730560: r->filehandle = 36, r->size = 1048576, r->offset = 1064304640
19:38:28 ERROR /home/bsc03/bsc03353/forge/src/dispatcher/posix.c:62 140523741730560: single write -1 of expected 1048576
19:38:29 ERROR /home/bsc03/bsc03353/forge/src/dispatcher/posix.c:61 140532331681536: r->filehandle = 36, r->size = 1048576, r->offset = 1070596096
19:38:29 ERROR /home/bsc03/bsc03353/forge/src/dispatcher/posix.c:62 140532331681536: single write -1 of expected 1048576
19:38:29 ERROR /home/bsc03/bsc03353/forge/src/dispatcher/posix.c:61 140031403443968: r->filehandle = 35, r->size = 1048576, r->offset = 796917760
19:38:29 ERROR /home/bsc03/bsc03353/forge/src/dispatcher/posix.c:61 140534479169280: r->filehandle = 36, r->size = 1048576, r->offset = 1217396736
19:38:29 ERROR /home/bsc03/bsc03353/forge/src/dispatcher/posix.c:62 140534479169280: single write -1 of expected 1048576
19:38:29 ERROR /home/bsc03/bsc03353/forge/src/dispatcher/posix.c:62 140031403443968: single write -1 of expected 1048576
19:38:30 ERROR /home/bsc03/bsc03353/forge/src/dispatcher/posix.c:61 140506561828608: r->filehandle = 36, r->size = 1048576, r->offset = 1325400064
19:38:30 ERROR /home/bsc03/bsc03353/forge/src/dispatcher/posix.c:62 140506561828608: single write -1 of expected 1048576
19:38:30 ERROR /home/bsc03/bsc03353/forge/src/dispatcher/posix.c:61 140521594242816: r->filehandle = 36, r->size = 1048576, r->offset = 1072693248
19:38:30 ERROR /home/bsc03/bsc03353/forge/src/dispatcher/posix.c:62 140521594242816: single write -1 of expected 1048576
19:38:31 ERROR /home/bsc03/bsc03353/forge/src/dispatcher/posix.c:61 140513004291840: r->filehandle = 36, r->size = 1048576, r->offset = 1071644672
19:38:31 ERROR /home/bsc03/bsc03353/forge/src/dispatcher/posix.c:62 140513004291840: single write -1 of expected 1048576
19:38:31 ERROR /home/bsc03/bsc03353/forge/src/dispatcher/posix.c:61 140044288370432: r->filehandle = 35, r->size = 1048576, r->offset = 401604608
19:38:31 ERROR /home/bsc03/bsc03353/forge/src/dispatcher/posix.c:62 140044288370432: single write -1 of expected 1048576
19:38:32 ERROR /home/bsc03/bsc03353/forge/src/dispatcher/posix.c:61 140057173296896: r->filehandle = 35, r->size = 1048576, r->offset = 254803968
19:38:32 ERROR /home/bsc03/bsc03353/forge/src/dispatcher/posix.c:62 140057173296896: single write -1 of expected 1048576
19:38:32 ERROR /home/bsc03/bsc03353/forge/src/dispatcher/posix.c:61 140523741730560: r->filehandle = 36, r->size = 1048576, r->offset = 1606418432
19:38:32 ERROR /home/bsc03/bsc03353/forge/src/dispatcher/posix.c:62 140523741730560: single write -1 of expected 1048576
19:38:32 ERROR /home/bsc03/bsc03353/forge/src/dispatcher/posix.c:61 140532331681536: r->filehandle = 36, r->size = 1048576, r->offset = 1464860672
19:38:32 ERROR /home/bsc03/bsc03353/forge/src/dispatcher/posix.c:62 140532331681536: single write -1 of expected 1048576
19:38:33 ERROR /home/bsc03/bsc03353/forge/src/dispatcher/posix.c:61 140504414340864: r->filehandle = 36, r->size = 1048576, r->offset = 1595932672
19:38:33 ERROR /home/bsc03/bsc03353/forge/src/dispatcher/posix.c:62 140504414340864: single write -1 of expected 1048576
19:38:34 ERROR /home/bsc03/bsc03353/forge/src/dispatcher/posix.c:61 140031403443968: r->filehandle = 35, r->size = 1048576, r->offset = 123731968
19:38:34 ERROR /home/bsc03/bsc03353/forge/src/dispatcher/posix.c:62 140031403443968: single write -1 of expected 1048576
19:38:34 ERROR /home/bsc03/bsc03353/forge/src/dispatcher/posix.c:61 140046435858176: r->filehandle = 35, r->size = 1048576, r->offset = 229638144
19:38:34 ERROR /home/bsc03/bsc03353/forge/src/dispatcher/posix.c:62 140046435858176: single write -1 of expected 1048576
19:38:35 ERROR /home/bsc03/bsc03353/forge/src/dispatcher/posix.c:61 140508709316352: r->filehandle = 36, r->size = 1048576, r->offset = 1264582656
19:38:35 ERROR /home/bsc03/bsc03353/forge/src/dispatcher/posix.c:62 140508709316352: single write -1 of expected 1048576
19:38:35 ERROR /home/bsc03/bsc03353/forge/src/dispatcher/posix.c:61 140530184193792: r->filehandle = 36, r->size = 1048576, r->offset = 1608515584
19:38:35 ERROR /home/bsc03/bsc03353/forge/src/dispatcher/posix.c:62 140530184193792: single write -1 of expected 1048576
19:38:36 ERROR /home/bsc03/bsc03353/forge/src/dispatcher/posix.c:61 140517299267328: r->filehandle = 36, r->size = 1048576, r->offset = 1602224128
19:38:36 ERROR /home/bsc03/bsc03353/forge/src/dispatcher/posix.c:62 140517299267328: single write -1 of expected 1048576
19:38:36 ERROR /home/bsc03/bsc03353/forge/src/dispatcher/posix.c:61 140039993394944: r->filehandle = 35, r->size = 1048576, r->offset = 394264576
19:38:36 ERROR /home/bsc03/bsc03353/forge/src/dispatcher/posix.c:62 140039993394944: single write -1 of expected 1048576
19:38:37 ERROR /home/bsc03/bsc03353/forge/src/dispatcher/posix.c:61 140050730833664: r->filehandle = 35, r->size = 1048576, r->offset = 804257792
19:38:37 ERROR /home/bsc03/bsc03353/forge/src/dispatcher/posix.c:62 140050730833664: single write -1 of expected 1048576
19:38:38 ERROR /home/bsc03/bsc03353/forge/src/dispatcher/posix.c:61 140052878321408: r->filehandle = 35, r->size = 1048576, r->offset = 499122176
19:38:38 ERROR /home/bsc03/bsc03353/forge/src/dispatcher/posix.c:62 140052878321408: single write -1 of expected 1048576
19:38:39 ERROR /home/bsc03/bsc03353/forge/src/dispatcher/posix.c:61 140046435858176: r->filehandle = 35, r->size = 1048576, r->offset = 794820608
19:38:39 ERROR /home/bsc03/bsc03353/forge/src/dispatcher/posix.c:62 140046435858176: single write -1 of expected 1048576
19:38:40 ERROR /home/bsc03/bsc03353/forge/src/dispatcher/posix.c:61 140519446755072: r->filehandle = 36, r->size = 1048576, r->offset = 1255145472
19:38:40 ERROR /home/bsc03/bsc03353/forge/src/dispatcher/posix.c:62 140519446755072: single write -1 of expected 1048576
19:38:43 ERROR /home/bsc03/bsc03353/forge/src/dispatcher/posix.c:61 140510856804096: r->filehandle = 36, r->size = 1048576, r->offset = 1009778688
19:38:43 ERROR /home/bsc03/bsc03353/forge/src/dispatcher/posix.c:62 140510856804096: single write -1 of expected 1048576
19:38:46 ERROR /home/bsc03/bsc03353/forge/src/dispatcher/posix.c:61 140513004291840: r->filehandle = 36, r->size = 1048576, r->offset = 1153433600
19:38:46 ERROR /home/bsc03/bsc03353/forge/src/dispatcher/posix.c:62 140513004291840: single write -1 of expected 1048576
19:38:47 ERROR /home/bsc03/bsc03353/forge/src/dispatcher/posix.c:61 140035698419456: r->filehandle = 35, r->size = 1048576, r->offset = 261095424
19:38:47 ERROR /home/bsc03/bsc03353/forge/src/dispatcher/posix.c:62 140035698419456: single write -1 of expected 1048576
19:38:49 ERROR /home/bsc03/bsc03353/forge/src/dispatcher/posix.c:61 140523741730560: r->filehandle = 36, r->size = 1048576, r->offset = 1321205760
19:38:49 ERROR /home/bsc03/bsc03353/forge/src/dispatcher/posix.c:62 140523741730560: single write -1 of expected 1048576
19:38:54 ERROR /home/bsc03/bsc03353/forge/src/dispatcher/posix.c:61 140048583345920: r->filehandle = 35, r->size = 1048576, r->offset = 7340032
19:38:54 ERROR /home/bsc03/bsc03353/forge/src/dispatcher/posix.c:62 140048583345920: single write -1 of expected 1048576
19:38:58 ERROR /home/bsc03/bsc03353/forge/src/dispatcher/posix.c:61 140528036706048: r->filehandle = 36, r->size = 1048576, r->offset = 1438646272
19:38:58 ERROR /home/bsc03/bsc03353/forge/src/dispatcher/posix.c:62 140528036706048: single write -1 of expected 1048576
19:39:05 ERROR /home/bsc03/bsc03353/forge/src/dispatcher/posix.c:61 140532331681536: r->filehandle = 36, r->size = 1048576, r->offset = 1181745152
19:39:05 ERROR /home/bsc03/bsc03353/forge/src/dispatcher/posix.c:62 140532331681536: single write -1 of expected 1048576
19:39:06 ERROR /home/bsc03/bsc03353/forge/src/dispatcher/posix.c:61 140530184193792: r->filehandle = 36, r->size = 1048576, r->offset = 1220542464
19:39:06 ERROR /home/bsc03/bsc03353/forge/src/dispatcher/posix.c:62 140530184193792: single write -1 of expected 1048576
19:39:09 ERROR /home/bsc03/bsc03353/forge/src/dispatcher/posix.c:61 140504414340864: r->filehandle = 36, r->size = 1048576, r->offset = 1221591040
19:39:09 ERROR /home/bsc03/bsc03353/forge/src/dispatcher/posix.c:62 140504414340864: single write -1 of expected 1048576
19:39:11 ERROR /home/bsc03/bsc03353/forge/src/dispatcher/posix.c:61 140063615760128: r->filehandle = 35, r->size = 1048576, r->offset = 502267904
19:39:11 ERROR /home/bsc03/bsc03353/forge/src/dispatcher/posix.c:62 140063615760128: single write -1 of expected 1048576
19:39:12 ERROR /home/bsc03/bsc03353/forge/src/dispatcher/posix.c:61 140525889218304: r->filehandle = 36, r->size = 1048576, r->offset = 1215299584
19:39:12 ERROR /home/bsc03/bsc03353/forge/src/dispatcher/posix.c:62 140525889218304: single write -1 of expected 1048576
19:39:15 ERROR /home/bsc03/bsc03353/forge/src/dispatcher/posix.c:61 140037845907200: r->filehandle = 35, r->size = 1048576, r->offset = 488636416
19:39:15 ERROR /home/bsc03/bsc03353/forge/src/dispatcher/posix.c:62 140037845907200: single write -1 of expected 1048576
19:39:17 ERROR /home/bsc03/bsc03353/forge/src/dispatcher/posix.c:61 140042140882688: r->filehandle = 35, r->size = 1048576, r->offset = 492830720
19:39:17 ERROR /home/bsc03/bsc03353/forge/src/dispatcher/posix.c:62 140042140882688: single write -1 of expected 1048576
19:39:19 ERROR /home/bsc03/bsc03353/forge/src/dispatcher/posix.c:61 140039993394944: r->filehandle = 35, r->size = 1048576, r->offset = 234881024
19:39:19 ERROR /home/bsc03/bsc03353/forge/src/dispatcher/posix.c:62 140039993394944: single write -1 of expected 1048576
19:39:21 ERROR /home/bsc03/bsc03353/forge/src/dispatcher/posix.c:61 140508709316352: r->filehandle = 36, r->size = 1048576, r->offset = 807403520
19:39:21 ERROR /home/bsc03/bsc03353/forge/src/dispatcher/posix.c:62 140508709316352: single write -1 of expected 1048576
19:39:22 ERROR /home/bsc03/bsc03353/forge/src/dispatcher/posix.c:61 140048583345920: r->filehandle = 35, r->size = 1048576, r->offset = 449839104
19:39:22 ERROR /home/bsc03/bsc03353/forge/src/dispatcher/posix.c:62 140048583345920: single write -1 of expected 1048576
19:39:25 ERROR /home/bsc03/bsc03353/forge/src/dispatcher/posix.c:61 140521594242816: r->filehandle = 36, r->size = 1048576, r->offset = 1216348160
19:39:25 ERROR /home/bsc03/bsc03353/forge/src/dispatcher/posix.c:62 140521594242816: single write -1 of expected 1048576
slurmstepd: error: *** JOB 8737352 ON s01r1b46 CANCELLED AT 2020-02-07T19:39:26 DUE TO TIME LIMIT ***
