Set GCC compilers as MPI wrappers backend 
remove openmpi/4.0.2_UCX (PATH, MANPATH, LD_LIBRARY_PATH) 
load openmpi/4.0.2_UCX (PATH, MANPATH, LD_LIBRARY_PATH) 
Set GCC compilers as MPI wrappers backend 
load gsl/2.4 (PATH, LD_LIBRARY_PATH, LIBRARY_PATH, MANPATH, INFOPATH,
C_INCLUDE_PATH, CPLUS_INCLUDE_PATH, PKG_CONFIG_PATH, GSL_DIR) 
16:03:18 INFO  /home/bsc03/bsc03353/forge/src/main.c:107 140211105306688: I/O Forwarding Exploration [START]
Will AGIOS generate trace files? NO
Default scheduling algorithm: TO
TWINS window size: 1000000
Will the Prediction Module read information from trace files? NO
File with access time functions: /home/bsc03/bsc03353/forge/agios/access_times.func
AGIOS thinks its user has stripe size of 32768
Will AGIOS generate trace files? NO
Default scheduling algorithm: TO
TWINS window size: 1000000
Will the Prediction Module read information from trace files? NO
File with access time functions: /home/bsc03/bsc03353/forge/agios/access_times.func
AGIOS thinks its user has stripe size of 32768
Will AGIOS generate trace files? NO
Default scheduling algorithm: TO
TWINS window size: 1000000
Will the Prediction Module read information from trace files? NO
File with access time functions: /home/bsc03/bsc03353/forge/agios/access_times.func
AGIOS thinks its user has stripe size of 32768
Will AGIOS generate trace files? NO
Default scheduling algorithm: TO
TWINS window size: 1000000
Will the Prediction Module read information from trace files? NO
File with access time functions: /home/bsc03/bsc03353/forge/agios/access_times.func
AGIOS thinks its user has stripe size of 32768
16:03:27 ERROR /home/bsc03/bsc03353/forge/src/dispatcher/posix.c:61 140660144178944: r->filehandle = 36, r->size = 32768, r->offset = 71475855360
16:03:27 ERROR /home/bsc03/bsc03353/forge/src/dispatcher/posix.c:62 140660144178944: single write -1 of expected 32768
16:03:29 ERROR /home/bsc03/bsc03353/forge/src/dispatcher/posix.c:61 140640816789248: r->filehandle = 36, r->size = 32768, r->offset = 84536524800
16:03:29 ERROR /home/bsc03/bsc03353/forge/src/dispatcher/posix.c:62 140640816789248: single write -1 of expected 32768
16:03:32 ERROR /home/bsc03/bsc03353/forge/src/dispatcher/posix.c:61 140670881617664: r->filehandle = 36, r->size = 32768, r->offset = 72907161600
16:03:32 ERROR /home/bsc03/bsc03353/forge/src/dispatcher/posix.c:62 140670881617664: single write -1 of expected 32768
16:03:35 ERROR /home/bsc03/bsc03353/forge/src/dispatcher/posix.c:61 140668734129920: r->filehandle = 36, r->size = 32768, r->offset = 100191436800
16:03:35 ERROR /home/bsc03/bsc03353/forge/src/dispatcher/posix.c:62 140668734129920: single write -1 of expected 32768
16:03:36 ERROR /home/bsc03/bsc03353/forge/src/dispatcher/posix.c:61 140197577295616: r->filehandle = 35, r->size = 32768, r->offset = 5277941760
16:03:36 ERROR /home/bsc03/bsc03353/forge/src/dispatcher/posix.c:62 140197577295616: single write -1 of expected 32768
16:03:37 ERROR /home/bsc03/bsc03353/forge/src/dispatcher/posix.c:61 140673029105408: r->filehandle = 36, r->size = 32768, r->offset = 102070026240
16:03:37 ERROR /home/bsc03/bsc03353/forge/src/dispatcher/posix.c:62 140673029105408: single write -1 of expected 32768
16:03:38 ERROR /home/bsc03/bsc03353/forge/src/dispatcher/posix.c:61 140651554227968: r->filehandle = 36, r->size = 32768, r->offset = 70044549120
16:03:38 ERROR /home/bsc03/bsc03353/forge/src/dispatcher/posix.c:62 140651554227968: single write -1 of expected 32768
16:03:42 ERROR /home/bsc03/bsc03353/forge/src/dispatcher/posix.c:61 140649406740224: r->filehandle = 36, r->size = 32768, r->offset = 74606837760
16:03:42 ERROR /home/bsc03/bsc03353/forge/src/dispatcher/posix.c:62 140649406740224: single write -1 of expected 32768
16:03:44 ERROR /home/bsc03/bsc03353/forge/src/dispatcher/posix.c:61 140292442412800: r->filehandle = 36, r->size = 32768, r->offset = 60651601920
16:03:44 ERROR /home/bsc03/bsc03353/forge/src/dispatcher/posix.c:62 140292442412800: single write -1 of expected 32768
16:03:44 ERROR /home/bsc03/bsc03353/forge/src/dispatcher/posix.c:61 140107849352960: r->filehandle = 36, r->size = 32768, r->offset = 123271249920
16:03:44 ERROR /home/bsc03/bsc03353/forge/src/dispatcher/posix.c:62 140107849352960: single write -1 of expected 32768
16:03:45 ERROR /home/bsc03/bsc03353/forge/src/dispatcher/posix.c:61 140125029254912: r->filehandle = 36, r->size = 32768, r->offset = 103143505920
16:03:45 ERROR /home/bsc03/bsc03353/forge/src/dispatcher/posix.c:62 140125029254912: single write -1 of expected 32768
16:03:46 ERROR /home/bsc03/bsc03353/forge/src/dispatcher/posix.c:61 140313917290240: r->filehandle = 36, r->size = 32768, r->offset = 54210723840
16:03:46 ERROR /home/bsc03/bsc03353/forge/src/dispatcher/posix.c:62 140313917290240: single write -1 of expected 32768
16:03:47 ERROR /home/bsc03/bsc03353/forge/src/dispatcher/posix.c:61 140201872271104: r->filehandle = 35, r->size = 32768, r->offset = 2146959360
16:03:47 ERROR /home/bsc03/bsc03353/forge/src/dispatcher/posix.c:62 140201872271104: single write -1 of expected 32768
16:03:47 ERROR /home/bsc03/bsc03353/forge/src/dispatcher/posix.c:61 140173954930432: r->filehandle = 35, r->size = 32768, r->offset = 7335444480
16:03:47 ERROR /home/bsc03/bsc03353/forge/src/dispatcher/posix.c:62 140173954930432: single write -1 of expected 32768
16:03:48 ERROR /home/bsc03/bsc03353/forge/src/dispatcher/posix.c:61 140670881617664: r->filehandle = 36, r->size = 32768, r->offset = 71565312000
16:03:48 ERROR /home/bsc03/bsc03353/forge/src/dispatcher/posix.c:62 140670881617664: single write -1 of expected 32768
16:03:48 ERROR /home/bsc03/bsc03353/forge/src/dispatcher/posix.c:61 140182544881408: r->filehandle = 35, r->size = 32768, r->offset = 7514357760
16:03:48 ERROR /home/bsc03/bsc03353/forge/src/dispatcher/posix.c:62 140182544881408: single write -1 of expected 32768
16:03:49 ERROR /home/bsc03/bsc03353/forge/src/dispatcher/posix.c:61 140171807442688: r->filehandle = 35, r->size = 32768, r->offset = 15923281920
16:03:49 ERROR /home/bsc03/bsc03353/forge/src/dispatcher/posix.c:62 140171807442688: single write -1 of expected 32768
16:03:51 ERROR /home/bsc03/bsc03353/forge/src/dispatcher/posix.c:61 140178249905920: r->filehandle = 35, r->size = 32768, r->offset = 4204462080
16:03:51 ERROR /home/bsc03/bsc03353/forge/src/dispatcher/posix.c:62 140178249905920: single write -1 of expected 32768
16:03:52 ERROR /home/bsc03/bsc03353/forge/src/dispatcher/posix.c:61 140316064777984: r->filehandle = 36, r->size = 32768, r->offset = 57252249600
16:03:52 ERROR /home/bsc03/bsc03353/forge/src/dispatcher/posix.c:62 140316064777984: single write -1 of expected 32768
16:03:54 ERROR /home/bsc03/bsc03353/forge/src/dispatcher/posix.c:61 140114291816192: r->filehandle = 36, r->size = 32768, r->offset = 126402232320
16:03:54 ERROR /home/bsc03/bsc03353/forge/src/dispatcher/posix.c:62 140114291816192: single write -1 of expected 32768
16:03:58 ERROR /home/bsc03/bsc03353/forge/src/dispatcher/posix.c:61 140120734279424: r->filehandle = 36, r->size = 32768, r->offset = 107526881280
16:03:58 ERROR /home/bsc03/bsc03353/forge/src/dispatcher/posix.c:62 140120734279424: single write -1 of expected 32768
16:03:59 ERROR /home/bsc03/bsc03353/forge/src/dispatcher/posix.c:61 140127176742656: r->filehandle = 36, r->size = 32768, r->offset = 105290465280
16:03:59 ERROR /home/bsc03/bsc03353/forge/src/dispatcher/posix.c:62 140127176742656: single write -1 of expected 32768
16:04:01 ERROR /home/bsc03/bsc03353/forge/src/dispatcher/posix.c:61 140094964426496: r->filehandle = 36, r->size = 32768, r->offset = 120408637440
16:04:01 ERROR /home/bsc03/bsc03353/forge/src/dispatcher/posix.c:62 140094964426496: single write -1 of expected 32768
16:04:03 ERROR /home/bsc03/bsc03353/forge/src/dispatcher/posix.c:61 140116439303936: r->filehandle = 36, r->size = 32768, r->offset = 110657863680
16:04:03 ERROR /home/bsc03/bsc03353/forge/src/dispatcher/posix.c:62 140116439303936: single write -1 of expected 32768
16:04:04 ERROR /home/bsc03/bsc03353/forge/src/dispatcher/posix.c:61 140103554377472: r->filehandle = 36, r->size = 32768, r->offset = 104574812160
16:04:04 ERROR /home/bsc03/bsc03353/forge/src/dispatcher/posix.c:62 140103554377472: single write -1 of expected 32768
16:04:07 ERROR /home/bsc03/bsc03353/forge/src/dispatcher/posix.c:61 140097111914240: r->filehandle = 36, r->size = 32768, r->offset = 104753725440
16:04:07 ERROR /home/bsc03/bsc03353/forge/src/dispatcher/posix.c:62 140097111914240: single write -1 of expected 32768
16:04:09 ERROR /home/bsc03/bsc03353/forge/src/dispatcher/posix.c:61 140101406889728: r->filehandle = 36, r->size = 32768, r->offset = 105827205120
16:04:09 ERROR /home/bsc03/bsc03353/forge/src/dispatcher/posix.c:62 140101406889728: single write -1 of expected 32768
16:04:09 ERROR /home/bsc03/bsc03353/forge/src/dispatcher/posix.c:61 140099259401984: r->filehandle = 36, r->size = 32768, r->offset = 110836776960
16:04:09 ERROR /home/bsc03/bsc03353/forge/src/dispatcher/posix.c:62 140099259401984: single write -1 of expected 32768
16:04:11 ERROR /home/bsc03/bsc03353/forge/src/dispatcher/posix.c:61 140105701865216: r->filehandle = 36, r->size = 32768, r->offset = 104932638720
16:04:11 ERROR /home/bsc03/bsc03353/forge/src/dispatcher/posix.c:62 140105701865216: single write -1 of expected 32768
16:04:15 ERROR /home/bsc03/bsc03353/forge/src/dispatcher/posix.c:61 140109996840704: r->filehandle = 36, r->size = 32768, r->offset = 103054049280
16:04:15 ERROR /home/bsc03/bsc03353/forge/src/dispatcher/posix.c:62 140109996840704: single write -1 of expected 32768
16:04:15 ERROR /home/bsc03/bsc03353/forge/src/dispatcher/posix.c:61 140186839856896: r->filehandle = 35, r->size = 32768, r->offset = 178913280
16:04:15 ERROR /home/bsc03/bsc03353/forge/src/dispatcher/posix.c:62 140186839856896: single write -1 of expected 32768
16:04:16 ERROR /home/bsc03/bsc03353/forge/src/dispatcher/posix.c:61 140193282320128: r->filehandle = 35, r->size = 32768, r->offset = 715653120
16:04:16 ERROR /home/bsc03/bsc03353/forge/src/dispatcher/posix.c:62 140193282320128: single write -1 of expected 32768
16:04:17 ERROR /home/bsc03/bsc03353/forge/src/dispatcher/posix.c:61 140668734129920: r->filehandle = 36, r->size = 32768, r->offset = 79526952960
16:04:17 ERROR /home/bsc03/bsc03353/forge/src/dispatcher/posix.c:62 140668734129920: single write -1 of expected 32768
16:04:17 ERROR /home/bsc03/bsc03353/forge/src/dispatcher/posix.c:61 140298884876032: r->filehandle = 36, r->size = 32768, r->offset = 51705937920
16:04:17 ERROR /home/bsc03/bsc03353/forge/src/dispatcher/posix.c:62 140298884876032: single write -1 of expected 32768
16:04:18 ERROR /home/bsc03/bsc03353/forge/src/dispatcher/posix.c:61 140318212265728: r->filehandle = 36, r->size = 32768, r->offset = 53405614080
16:04:18 ERROR /home/bsc03/bsc03353/forge/src/dispatcher/posix.c:62 140318212265728: single write -1 of expected 32768
16:04:19 ERROR /home/bsc03/bsc03353/forge/src/dispatcher/posix.c:61 140320359753472: r->filehandle = 36, r->size = 32768, r->offset = 59130839040
16:04:19 ERROR /home/bsc03/bsc03353/forge/src/dispatcher/posix.c:62 140320359753472: single write -1 of expected 32768
16:04:23 ERROR /home/bsc03/bsc03353/forge/src/dispatcher/posix.c:61 140324654728960: r->filehandle = 36, r->size = 32768, r->offset = 61456711680
16:04:23 ERROR /home/bsc03/bsc03353/forge/src/dispatcher/posix.c:62 140324654728960: single write -1 of expected 32768
16:04:24 ERROR /home/bsc03/bsc03353/forge/src/dispatcher/posix.c:61 140305327339264: r->filehandle = 36, r->size = 32768, r->offset = 55999856640
16:04:24 ERROR /home/bsc03/bsc03353/forge/src/dispatcher/posix.c:62 140305327339264: single write -1 of expected 32768
16:04:26 ERROR /home/bsc03/bsc03353/forge/src/dispatcher/posix.c:61 140296737388288: r->filehandle = 36, r->size = 32768, r->offset = 58862469120
16:04:26 ERROR /home/bsc03/bsc03353/forge/src/dispatcher/posix.c:62 140296737388288: single write -1 of expected 32768
16:04:27 ERROR /home/bsc03/bsc03353/forge/src/dispatcher/posix.c:61 140307474827008: r->filehandle = 36, r->size = 32768, r->offset = 48038215680
16:04:27 ERROR /home/bsc03/bsc03353/forge/src/dispatcher/posix.c:62 140307474827008: single write -1 of expected 32768
16:04:28 ERROR /home/bsc03/bsc03353/forge/src/dispatcher/posix.c:61 140127176742656: r->filehandle = 36, r->size = 32768, r->offset = 119156244480
16:04:28 ERROR /home/bsc03/bsc03353/forge/src/dispatcher/posix.c:62 140127176742656: single write -1 of expected 32768
16:04:30 ERROR /home/bsc03/bsc03353/forge/src/dispatcher/posix.c:61 140112144328448: r->filehandle = 36, r->size = 32768, r->offset = 127833538560
16:04:30 ERROR /home/bsc03/bsc03353/forge/src/dispatcher/posix.c:62 140112144328448: single write -1 of expected 32768
16:04:31 ERROR /home/bsc03/bsc03353/forge/src/dispatcher/posix.c:61 140657996691200: r->filehandle = 36, r->size = 32768, r->offset = 101980569600
16:04:31 ERROR /home/bsc03/bsc03353/forge/src/dispatcher/posix.c:62 140657996691200: single write -1 of expected 32768
16:04:33 ERROR /home/bsc03/bsc03353/forge/src/dispatcher/posix.c:61 140651554227968: r->filehandle = 36, r->size = 32768, r->offset = 82926305280
16:04:33 ERROR /home/bsc03/bsc03353/forge/src/dispatcher/posix.c:62 140651554227968: single write -1 of expected 32768
16:04:34 ERROR /home/bsc03/bsc03353/forge/src/dispatcher/posix.c:61 140653701715712: r->filehandle = 36, r->size = 32768, r->offset = 102606766080
16:04:34 ERROR /home/bsc03/bsc03353/forge/src/dispatcher/posix.c:62 140653701715712: single write -1 of expected 32768
16:04:34 ERROR /home/bsc03/bsc03353/forge/src/dispatcher/posix.c:61 140197577295616: r->filehandle = 35, r->size = 32768, r->offset = 7603814400
16:04:34 ERROR /home/bsc03/bsc03353/forge/src/dispatcher/posix.c:62 140197577295616: single write -1 of expected 32768
16:04:35 ERROR /home/bsc03/bsc03353/forge/src/dispatcher/posix.c:61 140642964276992: r->filehandle = 36, r->size = 32768, r->offset = 85431091200
16:04:35 ERROR /home/bsc03/bsc03353/forge/src/dispatcher/posix.c:62 140642964276992: single write -1 of expected 32768
16:04:36 ERROR /home/bsc03/bsc03353/forge/src/dispatcher/posix.c:61 140322507241216: r->filehandle = 36, r->size = 32768, r->offset = 44549406720
16:04:36 ERROR /home/bsc03/bsc03353/forge/src/dispatcher/posix.c:62 140322507241216: single write -1 of expected 32768
16:04:37 ERROR /home/bsc03/bsc03353/forge/src/dispatcher/posix.c:61 140324654728960: r->filehandle = 36, r->size = 32768, r->offset = 49201152000
16:04:37 ERROR /home/bsc03/bsc03353/forge/src/dispatcher/posix.c:62 140324654728960: single write -1 of expected 32768
16:04:37 ERROR /home/bsc03/bsc03353/forge/src/dispatcher/posix.c:61 140188987344640: r->filehandle = 35, r->size = 32768, r->offset = 30504714240
16:04:37 ERROR /home/bsc03/bsc03353/forge/src/dispatcher/posix.c:62 140188987344640: single write -1 of expected 32768
16:04:39 ERROR /home/bsc03/bsc03353/forge/src/dispatcher/posix.c:61 140120734279424: r->filehandle = 36, r->size = 32768, r->offset = 104127528960
16:04:39 ERROR /home/bsc03/bsc03353/forge/src/dispatcher/posix.c:62 140120734279424: single write -1 of expected 32768
16:04:41 ERROR /home/bsc03/bsc03353/forge/src/dispatcher/posix.c:61 140670881617664: r->filehandle = 36, r->size = 32768, r->offset = 70223462400
16:04:41 ERROR /home/bsc03/bsc03353/forge/src/dispatcher/posix.c:62 140670881617664: single write -1 of expected 32768
16:04:42 ERROR /home/bsc03/bsc03353/forge/src/dispatcher/posix.c:61 140647259252480: r->filehandle = 36, r->size = 32768, r->offset = 82747392000
16:04:42 ERROR /home/bsc03/bsc03353/forge/src/dispatcher/posix.c:62 140647259252480: single write -1 of expected 32768
16:04:43 ERROR /home/bsc03/bsc03353/forge/src/dispatcher/posix.c:61 140292442412800: r->filehandle = 36, r->size = 32768, r->offset = 39987118080
16:04:43 ERROR /home/bsc03/bsc03353/forge/src/dispatcher/posix.c:62 140292442412800: single write -1 of expected 32768
16:04:44 ERROR /home/bsc03/bsc03353/forge/src/dispatcher/posix.c:61 140099259401984: r->filehandle = 36, r->size = 32768, r->offset = 108958187520
16:04:44 ERROR /home/bsc03/bsc03353/forge/src/dispatcher/posix.c:62 140099259401984: single write -1 of expected 32768
16:04:44 ERROR /home/bsc03/bsc03353/forge/src/dispatcher/posix.c:61 140191134832384: r->filehandle = 35, r->size = 32768, r->offset = 4472832000
16:04:44 ERROR /home/bsc03/bsc03353/forge/src/dispatcher/posix.c:62 140191134832384: single write -1 of expected 32768
16:04:47 ERROR /home/bsc03/bsc03353/forge/src/dispatcher/posix.c:61 140204019758848: r->filehandle = 35, r->size = 32768, r->offset = 28805038080
16:04:47 ERROR /home/bsc03/bsc03353/forge/src/dispatcher/posix.c:62 140204019758848: single write -1 of expected 32768
16:04:47 ERROR /home/bsc03/bsc03353/forge/src/dispatcher/posix.c:61 140651554227968: r->filehandle = 36, r->size = 32768, r->offset = 84089241600
16:04:47 ERROR /home/bsc03/bsc03353/forge/src/dispatcher/posix.c:62 140651554227968: single write -1 of expected 32768
16:04:48 ERROR /home/bsc03/bsc03353/forge/src/dispatcher/posix.c:61 140301032363776: r->filehandle = 36, r->size = 32768, r->offset = 63424757760
16:04:48 ERROR /home/bsc03/bsc03353/forge/src/dispatcher/posix.c:62 140301032363776: single write -1 of expected 32768
16:04:51 ERROR /home/bsc03/bsc03353/forge/src/dispatcher/posix.c:61 140316064777984: r->filehandle = 36, r->size = 32768, r->offset = 37124505600
16:04:51 ERROR /home/bsc03/bsc03353/forge/src/dispatcher/posix.c:62 140316064777984: single write -1 of expected 32768
16:04:52 ERROR /home/bsc03/bsc03353/forge/src/dispatcher/posix.c:61 140311769802496: r->filehandle = 36, r->size = 32768, r->offset = 37840158720
16:04:52 ERROR /home/bsc03/bsc03353/forge/src/dispatcher/posix.c:62 140311769802496: single write -1 of expected 32768
16:04:52 ERROR /home/bsc03/bsc03353/forge/src/dispatcher/posix.c:61 140112144328448: r->filehandle = 36, r->size = 32768, r->offset = 108689817600
16:04:52 ERROR /home/bsc03/bsc03353/forge/src/dispatcher/posix.c:62 140112144328448: single write -1 of expected 32768
16:04:53 ERROR /home/bsc03/bsc03353/forge/src/dispatcher/posix.c:61 140127176742656: r->filehandle = 36, r->size = 32768, r->offset = 122197770240
16:04:53 ERROR /home/bsc03/bsc03353/forge/src/dispatcher/posix.c:62 140127176742656: single write -1 of expected 32768
16:04:55 ERROR /home/bsc03/bsc03353/forge/src/dispatcher/posix.c:61 140182544881408: r->filehandle = 35, r->size = 32768, r->offset = 7872184320
16:04:55 ERROR /home/bsc03/bsc03353/forge/src/dispatcher/posix.c:62 140182544881408: single write -1 of expected 32768
16:04:58 ERROR /home/bsc03/bsc03353/forge/src/dispatcher/posix.c:61 140655849203456: r->filehandle = 36, r->size = 32768, r->offset = 94466211840
16:04:58 ERROR /home/bsc03/bsc03353/forge/src/dispatcher/posix.c:62 140655849203456: single write -1 of expected 32768
16:05:02 ERROR /home/bsc03/bsc03353/forge/src/dispatcher/posix.c:61 140303179851520: r->filehandle = 36, r->size = 32768, r->offset = 34977546240
16:05:02 ERROR /home/bsc03/bsc03353/forge/src/dispatcher/posix.c:62 140303179851520: single write -1 of expected 32768
16:05:06 ERROR /home/bsc03/bsc03353/forge/src/dispatcher/posix.c:61 140094964426496: r->filehandle = 36, r->size = 32768, r->offset = 124434186240
16:05:06 ERROR /home/bsc03/bsc03353/forge/src/dispatcher/posix.c:62 140094964426496: single write -1 of expected 32768
16:05:06 ERROR /home/bsc03/bsc03353/forge/src/dispatcher/posix.c:61 140107849352960: r->filehandle = 36, r->size = 32768, r->offset = 105379921920
16:05:06 ERROR /home/bsc03/bsc03353/forge/src/dispatcher/posix.c:62 140107849352960: single write -1 of expected 32768
16:05:09 ERROR /home/bsc03/bsc03353/forge/src/dispatcher/posix.c:61 140103554377472: r->filehandle = 36, r->size = 32768, r->offset = 125239296000
16:05:09 ERROR /home/bsc03/bsc03353/forge/src/dispatcher/posix.c:62 140103554377472: single write -1 of expected 32768
16:05:10 ERROR /home/bsc03/bsc03353/forge/src/dispatcher/posix.c:61 140101406889728: r->filehandle = 36, r->size = 32768, r->offset = 126670602240
16:05:10 ERROR /home/bsc03/bsc03353/forge/src/dispatcher/posix.c:62 140101406889728: single write -1 of expected 32768
16:05:11 ERROR /home/bsc03/bsc03353/forge/src/dispatcher/posix.c:61 140197577295616: r->filehandle = 35, r->size = 32768, r->offset = 14491975680
16:05:11 ERROR /home/bsc03/bsc03353/forge/src/dispatcher/posix.c:62 140197577295616: single write -1 of expected 32768
16:05:12 ERROR /home/bsc03/bsc03353/forge/src/dispatcher/posix.c:61 140668734129920: r->filehandle = 36, r->size = 32768, r->offset = 82031738880
16:05:12 ERROR /home/bsc03/bsc03353/forge/src/dispatcher/posix.c:62 140668734129920: single write -1 of expected 32768
16:05:13 ERROR /home/bsc03/bsc03353/forge/src/dispatcher/posix.c:61 140305327339264: r->filehandle = 36, r->size = 32768, r->offset = 60114862080
16:05:13 ERROR /home/bsc03/bsc03353/forge/src/dispatcher/posix.c:62 140305327339264: single write -1 of expected 32768
16:05:15 ERROR /home/bsc03/bsc03353/forge/src/dispatcher/posix.c:61 140316064777984: r->filehandle = 36, r->size = 32768, r->offset = 37929615360
16:05:15 ERROR /home/bsc03/bsc03353/forge/src/dispatcher/posix.c:62 140316064777984: single write -1 of expected 32768
16:05:16 ERROR /home/bsc03/bsc03353/forge/src/dispatcher/posix.c:61 140105701865216: r->filehandle = 36, r->size = 32768, r->offset = 119961354240
16:05:16 ERROR /home/bsc03/bsc03353/forge/src/dispatcher/posix.c:62 140105701865216: single write -1 of expected 32768
16:05:16 ERROR /home/bsc03/bsc03353/forge/src/dispatcher/posix.c:61 140201872271104: r->filehandle = 35, r->size = 32768, r->offset = 27105361920
16:05:16 ERROR /home/bsc03/bsc03353/forge/src/dispatcher/posix.c:62 140201872271104: single write -1 of expected 32768
16:05:17 ERROR /home/bsc03/bsc03353/forge/src/dispatcher/posix.c:61 140184692369152: r->filehandle = 35, r->size = 32768, r->offset = 8408924160
16:05:17 ERROR /home/bsc03/bsc03353/forge/src/dispatcher/posix.c:62 140184692369152: single write -1 of expected 32768
16:05:22 ERROR /home/bsc03/bsc03353/forge/src/dispatcher/posix.c:61 140655849203456: r->filehandle = 36, r->size = 32768, r->offset = 90798489600
16:05:22 ERROR /home/bsc03/bsc03353/forge/src/dispatcher/posix.c:62 140655849203456: single write -1 of expected 32768
16:05:22 ERROR /home/bsc03/bsc03353/forge/src/dispatcher/posix.c:61 140657996691200: r->filehandle = 36, r->size = 32768, r->offset = 73354444800
16:05:22 ERROR /home/bsc03/bsc03353/forge/src/dispatcher/posix.c:62 140657996691200: single write -1 of expected 32768
16:05:23 ERROR /home/bsc03/bsc03353/forge/src/dispatcher/posix.c:61 140114291816192: r->filehandle = 36, r->size = 32768, r->offset = 108510904320
16:05:23 ERROR /home/bsc03/bsc03353/forge/src/dispatcher/posix.c:62 140114291816192: single write -1 of expected 32768
16:05:24 ERROR /home/bsc03/bsc03353/forge/src/dispatcher/posix.c:61 140313917290240: r->filehandle = 36, r->size = 32768, r->offset = 35067002880
16:05:24 ERROR /home/bsc03/bsc03353/forge/src/dispatcher/posix.c:62 140313917290240: single write -1 of expected 32768
16:05:25 ERROR /home/bsc03/bsc03353/forge/src/dispatcher/posix.c:61 140176102418176: r->filehandle = 35, r->size = 32768, r->offset = 3578265600
16:05:25 ERROR /home/bsc03/bsc03353/forge/src/dispatcher/posix.c:62 140176102418176: single write -1 of expected 32768
16:05:34 ERROR /home/bsc03/bsc03353/forge/src/dispatcher/posix.c:61 140642964276992: r->filehandle = 36, r->size = 32768, r->offset = 85610004480
16:05:34 ERROR /home/bsc03/bsc03353/forge/src/dispatcher/posix.c:62 140642964276992: single write -1 of expected 32768
16:05:35 ERROR /home/bsc03/bsc03353/forge/src/dispatcher/posix.c:61 140309622314752: r->filehandle = 36, r->size = 32768, r->offset = 37482332160
16:05:35 ERROR /home/bsc03/bsc03353/forge/src/dispatcher/posix.c:62 140309622314752: single write -1 of expected 32768
16:05:41 ERROR /home/bsc03/bsc03353/forge/src/dispatcher/posix.c:61 140109996840704: r->filehandle = 36, r->size = 32768, r->offset = 105469378560
16:05:41 ERROR /home/bsc03/bsc03353/forge/src/dispatcher/posix.c:62 140109996840704: single write -1 of expected 32768
16:05:45 ERROR /home/bsc03/bsc03353/forge/src/dispatcher/posix.c:61 140101406889728: r->filehandle = 36, r->size = 32768, r->offset = 109852753920
16:05:45 ERROR /home/bsc03/bsc03353/forge/src/dispatcher/posix.c:62 140101406889728: single write -1 of expected 32768
16:05:54 ERROR /home/bsc03/bsc03353/forge/src/dispatcher/posix.c:61 140114291816192: r->filehandle = 36, r->size = 32768, r->offset = 120498094080
16:05:54 ERROR /home/bsc03/bsc03353/forge/src/dispatcher/posix.c:62 140114291816192: single write -1 of expected 32768
16:05:55 ERROR /home/bsc03/bsc03353/forge/src/dispatcher/posix.c:61 140112144328448: r->filehandle = 36, r->size = 32768, r->offset = 105022095360
16:05:55 ERROR /home/bsc03/bsc03353/forge/src/dispatcher/posix.c:62 140112144328448: single write -1 of expected 32768
16:05:59 ERROR /home/bsc03/bsc03353/forge/src/dispatcher/posix.c:61 140195429807872: r->filehandle = 35, r->size = 32768, r->offset = 16460021760
16:05:59 ERROR /home/bsc03/bsc03353/forge/src/dispatcher/posix.c:62 140195429807872: single write -1 of expected 32768
16:06:01 ERROR /home/bsc03/bsc03353/forge/src/dispatcher/posix.c:61 140188987344640: r->filehandle = 35, r->size = 32768, r->offset = 6440878080
16:06:01 ERROR /home/bsc03/bsc03353/forge/src/dispatcher/posix.c:62 140188987344640: single write -1 of expected 32768
16:06:06 ERROR /home/bsc03/bsc03353/forge/src/dispatcher/posix.c:61 140180397393664: r->filehandle = 35, r->size = 32768, r->offset = 18785894400
16:06:06 ERROR /home/bsc03/bsc03353/forge/src/dispatcher/posix.c:62 140180397393664: single write -1 of expected 32768
16:06:07 ERROR /home/bsc03/bsc03353/forge/src/dispatcher/posix.c:61 140311769802496: r->filehandle = 36, r->size = 32768, r->offset = 61814538240
16:06:07 ERROR /home/bsc03/bsc03353/forge/src/dispatcher/posix.c:62 140311769802496: single write -1 of expected 32768
16:06:09 ERROR /home/bsc03/bsc03353/forge/src/dispatcher/posix.c:61 140640816789248: r->filehandle = 36, r->size = 32768, r->offset = 87756963840
16:06:09 ERROR /home/bsc03/bsc03353/forge/src/dispatcher/posix.c:62 140640816789248: single write -1 of expected 32768
16:06:09 ERROR /home/bsc03/bsc03353/forge/src/dispatcher/posix.c:61 140324654728960: r->filehandle = 36, r->size = 32768, r->offset = 68076503040
16:06:10 ERROR /home/bsc03/bsc03353/forge/src/dispatcher/posix.c:62 140324654728960: single write -1 of expected 32768
16:06:10 ERROR /home/bsc03/bsc03353/forge/src/dispatcher/posix.c:61 140318212265728: r->filehandle = 36, r->size = 32768, r->offset = 38913638400
16:06:10 ERROR /home/bsc03/bsc03353/forge/src/dispatcher/posix.c:62 140318212265728: single write -1 of expected 32768
16:06:10 ERROR /home/bsc03/bsc03353/forge/src/dispatcher/posix.c:61 140301032363776: r->filehandle = 36, r->size = 32768, r->offset = 47143649280
16:06:10 ERROR /home/bsc03/bsc03353/forge/src/dispatcher/posix.c:62 140301032363776: single write -1 of expected 32768
16:06:11 ERROR /home/bsc03/bsc03353/forge/src/dispatcher/posix.c:61 140322507241216: r->filehandle = 36, r->size = 32768, r->offset = 56626053120
16:06:11 ERROR /home/bsc03/bsc03353/forge/src/dispatcher/posix.c:62 140322507241216: single write -1 of expected 32768
16:06:12 ERROR /home/bsc03/bsc03353/forge/src/dispatcher/posix.c:61 140097111914240: r->filehandle = 36, r->size = 32768, r->offset = 116293632000
16:06:12 ERROR /home/bsc03/bsc03353/forge/src/dispatcher/posix.c:62 140097111914240: single write -1 of expected 32768
16:06:16 ERROR /home/bsc03/bsc03353/forge/src/dispatcher/posix.c:61 140122881767168: r->filehandle = 36, r->size = 32768, r->offset = 128370278400
16:06:16 ERROR /home/bsc03/bsc03353/forge/src/dispatcher/posix.c:62 140122881767168: single write -1 of expected 32768
16:06:17 ERROR /home/bsc03/bsc03353/forge/src/dispatcher/posix.c:61 140125029254912: r->filehandle = 36, r->size = 32768, r->offset = 128101908480
16:06:17 ERROR /home/bsc03/bsc03353/forge/src/dispatcher/posix.c:62 140125029254912: single write -1 of expected 32768
16:06:18 ERROR /home/bsc03/bsc03353/forge/src/dispatcher/posix.c:61 140201872271104: r->filehandle = 35, r->size = 32768, r->offset = 5188485120
16:06:18 ERROR /home/bsc03/bsc03353/forge/src/dispatcher/posix.c:62 140201872271104: single write -1 of expected 32768
16:06:24 ERROR /home/bsc03/bsc03353/forge/src/dispatcher/posix.c:61 140173954930432: r->filehandle = 35, r->size = 32768, r->offset = 10466426880
16:06:24 ERROR /home/bsc03/bsc03353/forge/src/dispatcher/posix.c:62 140173954930432: single write -1 of expected 32768
16:06:26 ERROR /home/bsc03/bsc03353/forge/src/dispatcher/posix.c:61 140645111764736: r->filehandle = 36, r->size = 32768, r->offset = 82836848640
16:06:26 ERROR /home/bsc03/bsc03353/forge/src/dispatcher/posix.c:61 140294589900544: r->filehandle = 36, r->size = 32768, r->offset = 36229939200
16:06:26 ERROR /home/bsc03/bsc03353/forge/src/dispatcher/posix.c:62 140294589900544: single write -1 of expected 32768
16:06:26 ERROR /home/bsc03/bsc03353/forge/src/dispatcher/posix.c:62 140645111764736: single write -1 of expected 32768
16:06:28 ERROR /home/bsc03/bsc03353/forge/src/dispatcher/posix.c:61 140105701865216: r->filehandle = 36, r->size = 32768, r->offset = 107258511360
16:06:28 ERROR /home/bsc03/bsc03353/forge/src/dispatcher/posix.c:62 140105701865216: single write -1 of expected 32768
16:06:29 ERROR /home/bsc03/bsc03353/forge/src/dispatcher/posix.c:61 140178249905920: r->filehandle = 35, r->size = 32768, r->offset = 1520762880
16:06:29 ERROR /home/bsc03/bsc03353/forge/src/dispatcher/posix.c:62 140178249905920: single write -1 of expected 32768
16:06:31 ERROR /home/bsc03/bsc03353/forge/src/dispatcher/posix.c:61 140664439154432: r->filehandle = 36, r->size = 32768, r->offset = 72191508480
16:06:31 ERROR /home/bsc03/bsc03353/forge/src/dispatcher/posix.c:62 140664439154432: single write -1 of expected 32768
16:06:32 ERROR /home/bsc03/bsc03353/forge/src/dispatcher/posix.c:61 140655849203456: r->filehandle = 36, r->size = 32768, r->offset = 90977402880
16:06:32 ERROR /home/bsc03/bsc03353/forge/src/dispatcher/posix.c:62 140655849203456: single write -1 of expected 32768
16:06:32 ERROR /home/bsc03/bsc03353/forge/src/dispatcher/posix.c:61 140660144178944: r->filehandle = 36, r->size = 32768, r->offset = 73801728000
16:06:32 ERROR /home/bsc03/bsc03353/forge/src/dispatcher/posix.c:62 140660144178944: single write -1 of expected 32768
16:06:33 ERROR /home/bsc03/bsc03353/forge/src/dispatcher/posix.c:61 140311769802496: r->filehandle = 36, r->size = 32768, r->offset = 56178769920
16:06:33 ERROR /home/bsc03/bsc03353/forge/src/dispatcher/posix.c:62 140311769802496: single write -1 of expected 32768
16:06:34 ERROR /home/bsc03/bsc03353/forge/src/dispatcher/posix.c:61 140307474827008: r->filehandle = 36, r->size = 32768, r->offset = 51437568000
16:06:34 ERROR /home/bsc03/bsc03353/forge/src/dispatcher/posix.c:62 140307474827008: single write -1 of expected 32768
16:06:36 ERROR /home/bsc03/bsc03353/forge/src/dispatcher/posix.c:61 140114291816192: r->filehandle = 36, r->size = 32768, r->offset = 106542858240
16:06:36 ERROR /home/bsc03/bsc03353/forge/src/dispatcher/posix.c:62 140114291816192: single write -1 of expected 32768
16:06:39 ERROR /home/bsc03/bsc03353/forge/src/dispatcher/posix.c:61 140118586791680: r->filehandle = 36, r->size = 32768, r->offset = 104485355520
16:06:39 ERROR /home/bsc03/bsc03353/forge/src/dispatcher/posix.c:62 140118586791680: single write -1 of expected 32768
16:06:46 ERROR /home/bsc03/bsc03353/forge/src/dispatcher/posix.c:61 140127176742656: r->filehandle = 36, r->size = 32768, r->offset = 132395827200
16:06:46 ERROR /home/bsc03/bsc03353/forge/src/dispatcher/posix.c:62 140127176742656: single write -1 of expected 32768
16:06:49 ERROR /home/bsc03/bsc03353/forge/src/dispatcher/posix.c:61 140094964426496: r->filehandle = 36, r->size = 32768, r->offset = 115935805440
16:06:49 ERROR /home/bsc03/bsc03353/forge/src/dispatcher/posix.c:62 140094964426496: single write -1 of expected 32768
16:06:51 ERROR /home/bsc03/bsc03353/forge/src/dispatcher/posix.c:61 140099259401984: r->filehandle = 36, r->size = 32768, r->offset = 104038072320
16:06:51 ERROR /home/bsc03/bsc03353/forge/src/dispatcher/posix.c:62 140099259401984: single write -1 of expected 32768
16:06:53 ERROR /home/bsc03/bsc03353/forge/src/dispatcher/posix.c:61 140120734279424: r->filehandle = 36, r->size = 32768, r->offset = 107169054720
16:06:53 ERROR /home/bsc03/bsc03353/forge/src/dispatcher/posix.c:62 140120734279424: single write -1 of expected 32768
16:06:58 ERROR /home/bsc03/bsc03353/forge/src/dispatcher/posix.c:61 140193282320128: r->filehandle = 35, r->size = 32768, r->offset = 10287513600
16:06:58 ERROR /home/bsc03/bsc03353/forge/src/dispatcher/posix.c:62 140193282320128: single write -1 of expected 32768
16:07:03 ERROR /home/bsc03/bsc03353/forge/src/dispatcher/posix.c:61 140640816789248: r->filehandle = 36, r->size = 32768, r->offset = 94376755200
16:07:03 ERROR /home/bsc03/bsc03353/forge/src/dispatcher/posix.c:62 140640816789248: single write -1 of expected 32768
16:07:17 ERROR /home/bsc03/bsc03353/forge/src/dispatcher/posix.c:61 140305327339264: r->filehandle = 36, r->size = 32768, r->offset = 42491904000
16:07:17 ERROR /home/bsc03/bsc03353/forge/src/dispatcher/posix.c:62 140305327339264: single write -1 of expected 32768
16:07:24 ERROR /home/bsc03/bsc03353/forge/src/dispatcher/posix.c:61 140303179851520: r->filehandle = 36, r->size = 32768, r->offset = 58594099200
16:07:24 ERROR /home/bsc03/bsc03353/forge/src/dispatcher/posix.c:62 140303179851520: single write -1 of expected 32768
16:07:25 ERROR /home/bsc03/bsc03353/forge/src/dispatcher/posix.c:61 140116439303936: r->filehandle = 36, r->size = 32768, r->offset = 127386255360
16:07:25 ERROR /home/bsc03/bsc03353/forge/src/dispatcher/posix.c:62 140116439303936: single write -1 of expected 32768
16:07:27 ERROR /home/bsc03/bsc03353/forge/src/dispatcher/posix.c:61 140645111764736: r->filehandle = 36, r->size = 32768, r->offset = 100728176640
16:07:27 ERROR /home/bsc03/bsc03353/forge/src/dispatcher/posix.c:62 140645111764736: single write -1 of expected 32768
16:07:28 ERROR /home/bsc03/bsc03353/forge/src/dispatcher/posix.c:61 140173954930432: r->filehandle = 35, r->size = 32768, r->offset = 27284275200
16:07:28 ERROR /home/bsc03/bsc03353/forge/src/dispatcher/posix.c:62 140173954930432: single write -1 of expected 32768
16:07:29 ERROR /home/bsc03/bsc03353/forge/src/dispatcher/posix.c:61 140309622314752: r->filehandle = 36, r->size = 32768, r->offset = 65034977280
16:07:29 ERROR /home/bsc03/bsc03353/forge/src/dispatcher/posix.c:62 140309622314752: single write -1 of expected 32768
16:07:32 ERROR /home/bsc03/bsc03353/forge/src/dispatcher/posix.c:61 140103554377472: r->filehandle = 36, r->size = 32768, r->offset = 107079598080
16:07:32 ERROR /home/bsc03/bsc03353/forge/src/dispatcher/posix.c:62 140103554377472: single write -1 of expected 32768
16:07:35 ERROR /home/bsc03/bsc03353/forge/src/dispatcher/posix.c:61 140191134832384: r->filehandle = 35, r->size = 32768, r->offset = 18606981120
16:07:35 ERROR /home/bsc03/bsc03353/forge/src/dispatcher/posix.c:62 140191134832384: single write -1 of expected 32768
16:07:36 ERROR /home/bsc03/bsc03353/forge/src/dispatcher/posix.c:61 140647259252480: r->filehandle = 36, r->size = 32768, r->offset = 70939115520
16:07:36 ERROR /home/bsc03/bsc03353/forge/src/dispatcher/posix.c:62 140647259252480: single write -1 of expected 32768
16:07:39 ERROR /home/bsc03/bsc03353/forge/src/dispatcher/posix.c:61 140640816789248: r->filehandle = 36, r->size = 32768, r->offset = 94645125120
16:07:39 ERROR /home/bsc03/bsc03353/forge/src/dispatcher/posix.c:62 140640816789248: single write -1 of expected 32768
16:07:46 ERROR /home/bsc03/bsc03353/forge/src/dispatcher/posix.c:61 140666586642176: r->filehandle = 36, r->size = 32768, r->offset = 76485427200
16:07:46 ERROR /home/bsc03/bsc03353/forge/src/dispatcher/posix.c:62 140666586642176: single write -1 of expected 32768
16:07:48 ERROR /home/bsc03/bsc03353/forge/src/dispatcher/posix.c:61 140313917290240: r->filehandle = 36, r->size = 32768, r->offset = 48574955520
16:07:48 ERROR /home/bsc03/bsc03353/forge/src/dispatcher/posix.c:62 140313917290240: single write -1 of expected 32768
16:07:58 ERROR /home/bsc03/bsc03353/forge/src/dispatcher/posix.c:61 140186839856896: r->filehandle = 35, r->size = 32768, r->offset = 5009571840
16:07:58 ERROR /home/bsc03/bsc03353/forge/src/dispatcher/posix.c:62 140186839856896: single write -1 of expected 32768
16:08:00 ERROR /home/bsc03/bsc03353/forge/src/dispatcher/posix.c:61 140122881767168: r->filehandle = 36, r->size = 32768, r->offset = 135258439680
16:08:00 ERROR /home/bsc03/bsc03353/forge/src/dispatcher/posix.c:62 140122881767168: single write -1 of expected 32768
16:08:15 ERROR /home/bsc03/bsc03353/forge/src/dispatcher/posix.c:61 140197577295616: r->filehandle = 35, r->size = 32768, r->offset = 19591004160
16:08:15 ERROR /home/bsc03/bsc03353/forge/src/dispatcher/posix.c:62 140197577295616: single write -1 of expected 32768
16:08:17 ERROR /home/bsc03/bsc03353/forge/src/dispatcher/posix.c:61 140199724783360: r->filehandle = 35, r->size = 32768, r->offset = 17086218240
16:08:17 ERROR /home/bsc03/bsc03353/forge/src/dispatcher/posix.c:62 140199724783360: single write -1 of expected 32768
16:08:19 ERROR /home/bsc03/bsc03353/forge/src/dispatcher/posix.c:61 140178249905920: r->filehandle = 35, r->size = 32768, r->offset = 1699676160
16:08:19 ERROR /home/bsc03/bsc03353/forge/src/dispatcher/posix.c:62 140178249905920: single write -1 of expected 32768
16:08:20 ERROR /home/bsc03/bsc03353/forge/src/dispatcher/posix.c:61 140670881617664: r->filehandle = 36, r->size = 32768, r->offset = 73086074880
16:08:20 ERROR /home/bsc03/bsc03353/forge/src/dispatcher/posix.c:62 140670881617664: single write -1 of expected 32768
16:08:23 ERROR /home/bsc03/bsc03353/forge/src/dispatcher/posix.c:61 140305327339264: r->filehandle = 36, r->size = 32768, r->offset = 49380065280
16:08:23 ERROR /home/bsc03/bsc03353/forge/src/dispatcher/posix.c:62 140305327339264: single write -1 of expected 32768
16:08:33 ERROR /home/bsc03/bsc03353/forge/src/dispatcher/posix.c:61 140301032363776: r->filehandle = 36, r->size = 32768, r->offset = 61993451520
16:08:33 ERROR /home/bsc03/bsc03353/forge/src/dispatcher/posix.c:62 140301032363776: single write -1 of expected 32768
16:08:35 ERROR /home/bsc03/bsc03353/forge/src/dispatcher/posix.c:61 140184692369152: r->filehandle = 35, r->size = 32768, r->offset = 13329039360
16:08:35 ERROR /home/bsc03/bsc03353/forge/src/dispatcher/posix.c:62 140184692369152: single write -1 of expected 32768
--------------------------------------------------------------------------
ORTE has lost communication with a remote daemon.

  HNP daemon   : [[15684,0],0] on node s03r2b50
  Remote daemon: [[15684,0],2] on node s03r2b53

This is usually due to either a failure of the TCP network
connection to the node, or possibly an internal failure of
the daemon itself. We cannot recover from this failure, and
therefore will terminate the job.
--------------------------------------------------------------------------
slurmstepd: error: *** JOB 8724781 ON s03r2b50 CANCELLED AT 2020-02-06T16:08:36 DUE TO TIME LIMIT ***
