Set GCC compilers as MPI wrappers backend 
remove impi/2017.4 (PATH, MANPATH, LD_LIBRARY_PATH) 
load openmpi/4.0.2_UCX (PATH, MANPATH, LD_LIBRARY_PATH) 
Set GCC compilers as MPI wrappers backend 
load gsl/2.4 (PATH, LD_LIBRARY_PATH, LIBRARY_PATH, MANPATH, INFOPATH,
C_INCLUDE_PATH, CPLUS_INCLUDE_PATH, PKG_CONFIG_PATH, GSL_DIR) 
17:08:41 INFO  /home/bsc03/bsc03353/forge/src/main.c:107 140436092078144: I/O Forwarding Exploration [START]
Will AGIOS generate trace files? NO
Default scheduling algorithm: TO
TWINS window size: 1000000
Will the Prediction Module read information from trace files? NO
File with access time functions: /home/bsc03/bsc03353/forge/agios/access_times.func
AGIOS thinks its user has stripe size of 32768
Will AGIOS generate trace files? NO
Default scheduling algorithm: TO
TWINS window size: 1000000
Will the Prediction Module read information from trace files? NO
File with access time functions: /home/bsc03/bsc03353/forge/agios/access_times.func
AGIOS thinks its user has stripe size of 32768
Will AGIOS generate trace files? NO
Default scheduling algorithm: TO
TWINS window size: 1000000
Will the Prediction Module read information from trace files? NO
File with access time functions: /home/bsc03/bsc03353/forge/agios/access_times.func
AGIOS thinks its user has stripe size of 32768
Will AGIOS generate trace files? NO
Default scheduling algorithm: TO
TWINS window size: 1000000
Will the Prediction Module read information from trace files? NO
File with access time functions: /home/bsc03/bsc03353/forge/agios/access_times.func
AGIOS thinks its user has stripe size of 32768
Will AGIOS generate trace files? NO
Default scheduling algorithm: TO
TWINS window size: 1000000
Will the Prediction Module read information from trace files? NO
File with access time functions: /home/bsc03/bsc03353/forge/agios/access_times.func
AGIOS thinks its user has stripe size of 32768
Will AGIOS generate trace files? NO
Default scheduling algorithm: TO
TWINS window size: 1000000
Will the Prediction Module read information from trace files? NO
File with access time functions: /home/bsc03/bsc03353/forge/agios/access_times.func
AGIOS thinks its user has stripe size of 32768
Will AGIOS generate trace files? NO
Default scheduling algorithm: TO
TWINS window size: 1000000
Will the Prediction Module read information from trace files? NO
File with access time functions: /home/bsc03/bsc03353/forge/agios/access_times.func
AGIOS thinks its user has stripe size of 32768
Will AGIOS generate trace files? NO
Default scheduling algorithm: TO
TWINS window size: 1000000
Will the Prediction Module read information from trace files? NO
File with access time functions: /home/bsc03/bsc03353/forge/agios/access_times.func
AGIOS thinks its user has stripe size of 32768
17:08:45 ERROR /home/bsc03/bsc03353/forge/src/dispatcher/posix.c:61 140088988813056: r->filehandle = 36, r->size = 32768, r->offset = 83034767360
17:08:45 ERROR /home/bsc03/bsc03353/forge/src/dispatcher/posix.c:62 140088988813056: single write -1 of expected 32768
17:08:45 ERROR /home/bsc03/bsc03353/forge/src/dispatcher/posix.c:61 140065366447872: r->filehandle = 36, r->size = 32768, r->offset = 68718428160
17:08:45 ERROR /home/bsc03/bsc03353/forge/src/dispatcher/posix.c:62 140065366447872: single write -1 of expected 32768
17:08:46 ERROR /home/bsc03/bsc03353/forge/src/dispatcher/posix.c:61 140069661423360: r->filehandle = 36, r->size = 32768, r->offset = 75876597760
17:08:46 ERROR /home/bsc03/bsc03353/forge/src/dispatcher/posix.c:62 140069661423360: single write -1 of expected 32768
17:08:47 ERROR /home/bsc03/bsc03353/forge/src/dispatcher/posix.c:61 139701830948608: r->filehandle = 36, r->size = 32768, r->offset = 125983784960
17:08:47 ERROR /home/bsc03/bsc03353/forge/src/dispatcher/posix.c:62 139701830948608: single write -1 of expected 32768
17:08:47 ERROR /home/bsc03/bsc03353/forge/src/dispatcher/posix.c:61 140065366447872: r->filehandle = 36, r->size = 32768, r->offset = 74444963840
17:08:47 ERROR /home/bsc03/bsc03353/forge/src/dispatcher/posix.c:62 140065366447872: single write -1 of expected 32768
17:08:47 ERROR /home/bsc03/bsc03353/forge/src/dispatcher/posix.c:61 140555403572992: r->filehandle = 36, r->size = 32768, r->offset = 113099079680
17:08:47 ERROR /home/bsc03/bsc03353/forge/src/dispatcher/posix.c:61 140094971287296: r->filehandle = 36, r->size = 32768, r->offset = 91624570880
17:08:47 ERROR /home/bsc03/bsc03353/forge/src/dispatcher/posix.c:62 140094971287296: single write -1 of expected 32768
17:08:47 ERROR /home/bsc03/bsc03353/forge/src/dispatcher/posix.c:62 140555403572992: single write -1 of expected 32768
17:08:47 ERROR /home/bsc03/bsc03353/forge/src/dispatcher/posix.c:61 140411786802944: r->filehandle = 35, r->size = 32768, r->offset = 11453071360
17:08:47 ERROR /home/bsc03/bsc03353/forge/src/dispatcher/posix.c:61 140325785155328: r->filehandle = 36, r->size = 32768, r->offset = 18611240960
17:08:47 ERROR /home/bsc03/bsc03353/forge/src/dispatcher/posix.c:61 140013496321792: r->filehandle = 36, r->size = 32768, r->offset = 60128624640
17:08:47 ERROR /home/bsc03/bsc03353/forge/src/dispatcher/posix.c:62 140411786802944: single write -1 of expected 32768
17:08:47 ERROR /home/bsc03/bsc03353/forge/src/dispatcher/posix.c:62 140013496321792: single write -1 of expected 32768
17:08:47 ERROR /home/bsc03/bsc03353/forge/src/dispatcher/posix.c:62 140325785155328: single write -1 of expected 32768
17:08:48 ERROR /home/bsc03/bsc03353/forge/src/dispatcher/posix.c:61 140066868963072: r->filehandle = 36, r->size = 32768, r->offset = 44380651520
17:08:48 ERROR /home/bsc03/bsc03353/forge/src/dispatcher/posix.c:62 140066868963072: single write -1 of expected 32768
17:08:49 ERROR /home/bsc03/bsc03353/forge/src/dispatcher/posix.c:61 140032823711488: r->filehandle = 36, r->size = 32768, r->offset = 51538821120
17:08:49 ERROR /home/bsc03/bsc03353/forge/src/dispatcher/posix.c:61 139721158338304: r->filehandle = 36, r->size = 32768, r->offset = 123120517120
17:08:49 ERROR /home/bsc03/bsc03353/forge/src/dispatcher/posix.c:61 140084233848576: r->filehandle = 36, r->size = 32768, r->offset = 97351106560
17:08:49 ERROR /home/bsc03/bsc03353/forge/src/dispatcher/posix.c:62 140032823711488: single write -1 of expected 32768
17:08:49 ERROR /home/bsc03/bsc03353/forge/src/dispatcher/posix.c:62 140084233848576: single write -1 of expected 32768
17:08:49 ERROR /home/bsc03/bsc03353/forge/src/dispatcher/posix.c:62 139721158338304: single write -1 of expected 32768
17:08:49 ERROR /home/bsc03/bsc03353/forge/src/dispatcher/posix.c:61 140086381336320: r->filehandle = 36, r->size = 32768, r->offset = 88761303040
17:08:49 ERROR /home/bsc03/bsc03353/forge/src/dispatcher/posix.c:61 140297867814656: r->filehandle = 36, r->size = 32768, r->offset = 20042874880
17:08:49 ERROR /home/bsc03/bsc03353/forge/src/dispatcher/posix.c:62 140086381336320: single write -1 of expected 32768
17:08:49 ERROR /home/bsc03/bsc03353/forge/src/dispatcher/posix.c:62 140297867814656: single write -1 of expected 32768
17:08:50 ERROR /home/bsc03/bsc03353/forge/src/dispatcher/posix.c:61 140086196352768: r->filehandle = 36, r->size = 32768, r->offset = 34359214080
17:08:50 ERROR /home/bsc03/bsc03353/forge/src/dispatcher/posix.c:62 140086196352768: single write -1 of expected 32768
17:08:50 ERROR /home/bsc03/bsc03353/forge/src/dispatcher/posix.c:61 140065366447872: r->filehandle = 36, r->size = 32768, r->offset = 70150062080
17:08:50 ERROR /home/bsc03/bsc03353/forge/src/dispatcher/posix.c:62 140065366447872: single write -1 of expected 32768
17:08:50 ERROR /home/bsc03/bsc03353/forge/src/dispatcher/posix.c:61 140007053858560: r->filehandle = 36, r->size = 32768, r->offset = 57265356800
17:08:50 ERROR /home/bsc03/bsc03353/forge/src/dispatcher/posix.c:61 140551108597504: r->filehandle = 36, r->size = 32768, r->offset = 103077642240
17:08:50 ERROR /home/bsc03/bsc03353/forge/src/dispatcher/posix.c:62 140007053858560: single write -1 of expected 32768
17:08:50 ERROR /home/bsc03/bsc03353/forge/src/dispatcher/posix.c:62 140551108597504: single write -1 of expected 32768
17:08:50 ERROR /home/bsc03/bsc03353/forge/src/dispatcher/posix.c:61 139703978436352: r->filehandle = 36, r->size = 32768, r->offset = 121688883200
17:08:50 ERROR /home/bsc03/bsc03353/forge/src/dispatcher/posix.c:62 139703978436352: single write -1 of expected 32768
17:08:51 ERROR /home/bsc03/bsc03353/forge/src/dispatcher/posix.c:61 140424671729408: r->filehandle = 35, r->size = 32768, r->offset = 10021437440
17:08:51 ERROR /home/bsc03/bsc03353/forge/src/dispatcher/posix.c:62 140424671729408: single write -1 of expected 32768
17:08:51 ERROR /home/bsc03/bsc03353/forge/src/dispatcher/posix.c:61 140561846036224: r->filehandle = 36, r->size = 32768, r->offset = 118825615360
17:08:51 ERROR /home/bsc03/bsc03353/forge/src/dispatcher/posix.c:61 140304310277888: r->filehandle = 36, r->size = 32768, r->offset = 28632678400
17:08:51 ERROR /home/bsc03/bsc03353/forge/src/dispatcher/posix.c:62 140304310277888: single write -1 of expected 32768
17:08:51 ERROR /home/bsc03/bsc03353/forge/src/dispatcher/posix.c:62 140561846036224: single write -1 of expected 32768
17:08:51 ERROR /home/bsc03/bsc03353/forge/src/dispatcher/posix.c:61 140090491328256: r->filehandle = 36, r->size = 32768, r->offset = 41517383680
17:08:51 ERROR /home/bsc03/bsc03353/forge/src/dispatcher/posix.c:62 140090491328256: single write -1 of expected 32768
17:08:52 ERROR /home/bsc03/bsc03353/forge/src/dispatcher/posix.c:61 140396754388736: r->filehandle = 35, r->size = 32768, r->offset = 5726535680
17:08:52 ERROR /home/bsc03/bsc03353/forge/src/dispatcher/posix.c:61 140069661423360: r->filehandle = 36, r->size = 32768, r->offset = 71581696000
17:08:52 ERROR /home/bsc03/bsc03353/forge/src/dispatcher/posix.c:62 140396754388736: single write -1 of expected 32768
17:08:52 ERROR /home/bsc03/bsc03353/forge/src/dispatcher/posix.c:62 140069661423360: single write -1 of expected 32768
17:08:52 ERROR /home/bsc03/bsc03353/forge/src/dispatcher/posix.c:61 140064721475328: r->filehandle = 36, r->size = 32768, r->offset = 48675553280
17:08:52 ERROR /home/bsc03/bsc03353/forge/src/dispatcher/posix.c:62 140064721475328: single write -1 of expected 32768
17:08:53 ERROR /home/bsc03/bsc03353/forge/src/dispatcher/posix.c:61 140094786303744: r->filehandle = 36, r->size = 32768, r->offset = 47243919360
17:08:53 ERROR /home/bsc03/bsc03353/forge/src/dispatcher/posix.c:62 140094786303744: single write -1 of expected 32768
17:08:53 ERROR /home/bsc03/bsc03353/forge/src/dispatcher/posix.c:61 140077606401792: r->filehandle = 36, r->size = 32768, r->offset = 45812285440
17:08:53 ERROR /home/bsc03/bsc03353/forge/src/dispatcher/posix.c:62 140077606401792: single write -1 of expected 32768
17:08:54 ERROR /home/bsc03/bsc03353/forge/src/dispatcher/posix.c:61 140069016450816: r->filehandle = 36, r->size = 32768, r->offset = 40085749760
17:08:54 ERROR /home/bsc03/bsc03353/forge/src/dispatcher/posix.c:62 140069016450816: single write -1 of expected 32768
17:08:54 ERROR /home/bsc03/bsc03353/forge/src/dispatcher/posix.c:61 140079753889536: r->filehandle = 36, r->size = 32768, r->offset = 37222481920
17:08:54 ERROR /home/bsc03/bsc03353/forge/src/dispatcher/posix.c:62 140079753889536: single write -1 of expected 32768
17:08:55 ERROR /home/bsc03/bsc03353/forge/src/dispatcher/posix.c:61 140075458914048: r->filehandle = 36, r->size = 32768, r->offset = 50107187200
17:08:55 ERROR /home/bsc03/bsc03353/forge/src/dispatcher/posix.c:62 140075458914048: single write -1 of expected 32768
17:08:55 ERROR /home/bsc03/bsc03353/forge/src/dispatcher/posix.c:61 140428966704896: r->filehandle = 35, r->size = 32768, r->offset = 7158169600
17:08:55 ERROR /home/bsc03/bsc03353/forge/src/dispatcher/posix.c:62 140428966704896: single write -1 of expected 32768
17:08:55 ERROR /home/bsc03/bsc03353/forge/src/dispatcher/posix.c:61 140103561238272: r->filehandle = 36, r->size = 32768, r->offset = 94487838720
17:08:55 ERROR /home/bsc03/bsc03353/forge/src/dispatcher/posix.c:62 140103561238272: single write -1 of expected 32768
17:08:56 ERROR /home/bsc03/bsc03353/forge/src/dispatcher/posix.c:61 140557551060736: r->filehandle = 36, r->size = 32768, r->offset = 105940910080
17:08:56 ERROR /home/bsc03/bsc03353/forge/src/dispatcher/posix.c:62 140557551060736: single write -1 of expected 32768
17:08:56 ERROR /home/bsc03/bsc03353/forge/src/dispatcher/posix.c:61 140302162790144: r->filehandle = 36, r->size = 32768, r->offset = 17179607040
17:08:56 ERROR /home/bsc03/bsc03353/forge/src/dispatcher/posix.c:62 140302162790144: single write -1 of expected 32768
17:08:56 ERROR /home/bsc03/bsc03353/forge/src/dispatcher/posix.c:61 140017791297280: r->filehandle = 36, r->size = 32768, r->offset = 64423526400
17:08:56 ERROR /home/bsc03/bsc03353/forge/src/dispatcher/posix.c:62 140017791297280: single write -1 of expected 32768
17:08:56 ERROR /home/bsc03/bsc03353/forge/src/dispatcher/posix.c:61 140066868963072: r->filehandle = 36, r->size = 32768, r->offset = 38654115840
17:08:56 ERROR /home/bsc03/bsc03353/forge/src/dispatcher/posix.c:62 140066868963072: single write -1 of expected 32768
17:08:57 ERROR /home/bsc03/bsc03353/forge/src/dispatcher/posix.c:61 139695388485376: r->filehandle = 36, r->size = 32768, r->offset = 120257249280
17:08:57 ERROR /home/bsc03/bsc03353/forge/src/dispatcher/posix.c:62 139695388485376: single write -1 of expected 32768
17:08:57 ERROR /home/bsc03/bsc03353/forge/src/dispatcher/posix.c:61 140088988813056: r->filehandle = 36, r->size = 32768, r->offset = 80171499520
17:08:57 ERROR /home/bsc03/bsc03353/forge/src/dispatcher/posix.c:62 140088988813056: single write -1 of expected 32768
17:08:58 ERROR /home/bsc03/bsc03353/forge/src/dispatcher/posix.c:61 140413934290688: r->filehandle = 35, r->size = 32768, r->offset = 8589803520
17:08:58 ERROR /home/bsc03/bsc03353/forge/src/dispatcher/posix.c:62 140413934290688: single write -1 of expected 32768
17:08:58 ERROR /home/bsc03/bsc03353/forge/src/dispatcher/posix.c:61 140407491827456: r->filehandle = 35, r->size = 32768, r->offset = 14316339200
17:08:58 ERROR /home/bsc03/bsc03353/forge/src/dispatcher/posix.c:62 140407491827456: single write -1 of expected 32768
17:09:00 ERROR /home/bsc03/bsc03353/forge/src/dispatcher/posix.c:61 140420376753920: r->filehandle = 35, r->size = 32768, r->offset = 1431633920
17:09:00 ERROR /home/bsc03/bsc03353/forge/src/dispatcher/posix.c:62 140420376753920: single write -1 of expected 32768
17:09:01 ERROR /home/bsc03/bsc03353/forge/src/dispatcher/posix.c:61 140403196851968: r->filehandle = 35, r->size = 32768, r->offset = 15747973120
17:09:01 ERROR /home/bsc03/bsc03353/forge/src/dispatcher/posix.c:62 140403196851968: single write -1 of expected 32768
17:09:01 ERROR /home/bsc03/bsc03353/forge/src/dispatcher/posix.c:61 140398901876480: r->filehandle = 35, r->size = 32768, r->offset = 12884705280
17:09:01 ERROR /home/bsc03/bsc03353/forge/src/dispatcher/posix.c:62 140398901876480: single write -1 of expected 32768
17:09:02 ERROR /home/bsc03/bsc03353/forge/src/dispatcher/posix.c:61 140002758883072: r->filehandle = 36, r->size = 32768, r->offset = 65855160320
17:09:02 ERROR /home/bsc03/bsc03353/forge/src/dispatcher/posix.c:62 140002758883072: single write -1 of expected 32768
17:09:02 ERROR /home/bsc03/bsc03353/forge/src/dispatcher/posix.c:61 139708273411840: r->filehandle = 36, r->size = 32768, r->offset = 134573588480
17:09:02 ERROR /home/bsc03/bsc03353/forge/src/dispatcher/posix.c:62 139708273411840: single write -1 of expected 32768
17:09:04 ERROR /home/bsc03/bsc03353/forge/src/dispatcher/posix.c:61 140096933791488: r->filehandle = 36, r->size = 32768, r->offset = 50107219968
17:09:04 ERROR /home/bsc03/bsc03353/forge/src/dispatcher/posix.c:62 140096933791488: single write -1 of expected 32768
17:09:04 ERROR /home/bsc03/bsc03353/forge/src/dispatcher/posix.c:61 140079753889536: r->filehandle = 36, r->size = 32768, r->offset = 35790848000
17:09:04 ERROR /home/bsc03/bsc03353/forge/src/dispatcher/posix.c:62 140079753889536: single write -1 of expected 32768
17:09:05 ERROR /home/bsc03/bsc03353/forge/src/dispatcher/posix.c:61 140315047716608: r->filehandle = 36, r->size = 32768, r->offset = 30064312320
17:09:05 ERROR /home/bsc03/bsc03353/forge/src/dispatcher/posix.c:62 140315047716608: single write -1 of expected 32768
17:09:05 ERROR /home/bsc03/bsc03353/forge/src/dispatcher/posix.c:61 140069661423360: r->filehandle = 36, r->size = 32768, r->offset = 84466401280
17:09:05 ERROR /home/bsc03/bsc03353/forge/src/dispatcher/posix.c:61 140097118775040: r->filehandle = 36, r->size = 32768, r->offset = 101646008320
17:09:05 ERROR /home/bsc03/bsc03353/forge/src/dispatcher/posix.c:62 140069661423360: single write -1 of expected 32768
17:09:05 ERROR /home/bsc03/bsc03353/forge/src/dispatcher/posix.c:62 140097118775040: single write -1 of expected 32768
17:09:05 ERROR /home/bsc03/bsc03353/forge/src/dispatcher/posix.c:61 140542518646528: r->filehandle = 36, r->size = 32768, r->offset = 111667445760
17:09:05 ERROR /home/bsc03/bsc03353/forge/src/dispatcher/posix.c:62 140542518646528: single write -1 of expected 32768
17:09:06 ERROR /home/bsc03/bsc03353/forge/src/dispatcher/posix.c:61 140422524241664: r->filehandle = 35, r->size = 32768, r->offset = 0
17:09:06 ERROR /home/bsc03/bsc03353/forge/src/dispatcher/posix.c:62 140422524241664: single write -1 of expected 32768
17:09:06 ERROR /home/bsc03/bsc03353/forge/src/dispatcher/posix.c:61 140088528824064: r->filehandle = 36, r->size = 32768, r->offset = 91624603648
17:09:06 ERROR /home/bsc03/bsc03353/forge/src/dispatcher/posix.c:62 140088528824064: single write -1 of expected 32768
17:09:07 ERROR /home/bsc03/bsc03353/forge/src/dispatcher/posix.c:61 140082086360832: r->filehandle = 36, r->size = 32768, r->offset = 88761335808
17:09:07 ERROR /home/bsc03/bsc03353/forge/src/dispatcher/posix.c:62 140082086360832: single write -1 of expected 32768
17:09:07 ERROR /home/bsc03/bsc03353/forge/src/dispatcher/posix.c:61 140105708726016: r->filehandle = 36, r->size = 32768, r->offset = 95919472640
17:09:07 ERROR /home/bsc03/bsc03353/forge/src/dispatcher/posix.c:62 140105708726016: single write -1 of expected 32768
17:09:08 ERROR /home/bsc03/bsc03353/forge/src/dispatcher/posix.c:61 139721158338304: r->filehandle = 36, r->size = 32768, r->offset = 136005222400
17:09:08 ERROR /home/bsc03/bsc03353/forge/src/dispatcher/posix.c:62 139721158338304: single write -1 of expected 32768
17:09:08 ERROR /home/bsc03/bsc03353/forge/src/dispatcher/posix.c:61 140073311426304: r->filehandle = 36, r->size = 32768, r->offset = 47243952128
17:09:08 ERROR /home/bsc03/bsc03353/forge/src/dispatcher/posix.c:62 140073311426304: single write -1 of expected 32768
17:09:09 ERROR /home/bsc03/bsc03353/forge/src/dispatcher/posix.c:61 140559698548480: r->filehandle = 36, r->size = 32768, r->offset = 118825648128
17:09:09 ERROR /home/bsc03/bsc03353/forge/src/dispatcher/posix.c:62 140559698548480: single write -1 of expected 32768
17:09:09 ERROR /home/bsc03/bsc03353/forge/src/dispatcher/posix.c:61 140011348834048: r->filehandle = 36, r->size = 32768, r->offset = 54402088960
17:09:09 ERROR /home/bsc03/bsc03353/forge/src/dispatcher/posix.c:62 140011348834048: single write -1 of expected 32768
17:09:10 ERROR /home/bsc03/bsc03353/forge/src/dispatcher/posix.c:61 140300015302400: r->filehandle = 36, r->size = 32768, r->offset = 20042907648
17:09:10 ERROR /home/bsc03/bsc03353/forge/src/dispatcher/posix.c:62 140300015302400: single write -1 of expected 32768
17:09:10 ERROR /home/bsc03/bsc03353/forge/src/dispatcher/posix.c:61 140310752741120: r->filehandle = 36, r->size = 32768, r->offset = 25769410560
17:09:10 ERROR /home/bsc03/bsc03353/forge/src/dispatcher/posix.c:62 140310752741120: single write -1 of expected 32768
17:09:11 ERROR /home/bsc03/bsc03353/forge/src/dispatcher/posix.c:61 140306457765632: r->filehandle = 36, r->size = 32768, r->offset = 24337776640
17:09:11 ERROR /home/bsc03/bsc03353/forge/src/dispatcher/posix.c:62 140306457765632: single write -1 of expected 32768
17:09:12 ERROR /home/bsc03/bsc03353/forge/src/dispatcher/posix.c:61 140321490179840: r->filehandle = 36, r->size = 32768, r->offset = 18611273728
17:09:12 ERROR /home/bsc03/bsc03353/forge/src/dispatcher/posix.c:62 140321490179840: single write -1 of expected 32768
17:09:13 ERROR /home/bsc03/bsc03353/forge/src/dispatcher/posix.c:61 140091136300800: r->filehandle = 36, r->size = 32768, r->offset = 80171532288
17:09:13 ERROR /home/bsc03/bsc03353/forge/src/dispatcher/posix.c:62 140091136300800: single write -1 of expected 32768
17:09:13 ERROR /home/bsc03/bsc03353/forge/src/dispatcher/posix.c:61 140094786303744: r->filehandle = 36, r->size = 32768, r->offset = 40085782528
17:09:13 ERROR /home/bsc03/bsc03353/forge/src/dispatcher/posix.c:62 140094786303744: single write -1 of expected 32768
17:09:14 ERROR /home/bsc03/bsc03353/forge/src/dispatcher/posix.c:61 140081901377280: r->filehandle = 36, r->size = 32768, r->offset = 45812318208
17:09:14 ERROR /home/bsc03/bsc03353/forge/src/dispatcher/posix.c:62 140081901377280: single write -1 of expected 32768
17:09:15 ERROR /home/bsc03/bsc03353/forge/src/dispatcher/posix.c:61 140071163938560: r->filehandle = 36, r->size = 32768, r->offset = 48675586048
17:09:15 ERROR /home/bsc03/bsc03353/forge/src/dispatcher/posix.c:62 140071163938560: single write -1 of expected 32768
17:09:15 ERROR /home/bsc03/bsc03353/forge/src/dispatcher/posix.c:61 140424671729408: r->filehandle = 35, r->size = 32768, r->offset = 7158202368
17:09:15 ERROR /home/bsc03/bsc03353/forge/src/dispatcher/posix.c:62 140424671729408: single write -1 of expected 32768
17:09:16 ERROR /home/bsc03/bsc03353/forge/src/dispatcher/posix.c:61 140092823799552: r->filehandle = 36, r->size = 32768, r->offset = 100214374400
17:09:16 ERROR /home/bsc03/bsc03353/forge/src/dispatcher/posix.c:62 140092823799552: single write -1 of expected 32768
17:09:16 ERROR /home/bsc03/bsc03353/forge/src/dispatcher/posix.c:61 140114298676992: r->filehandle = 36, r->size = 32768, r->offset = 97351139328
17:09:16 ERROR /home/bsc03/bsc03353/forge/src/dispatcher/posix.c:62 140114298676992: single write -1 of expected 32768
17:09:17 ERROR /home/bsc03/bsc03353/forge/src/dispatcher/posix.c:61 140107856213760: r->filehandle = 36, r->size = 32768, r->offset = 98782740480
17:09:17 ERROR /home/bsc03/bsc03353/forge/src/dispatcher/posix.c:62 140107856213760: single write -1 of expected 32768
17:09:18 ERROR /home/bsc03/bsc03353/forge/src/dispatcher/posix.c:61 140531781207808: r->filehandle = 36, r->size = 32768, r->offset = 110235811840
17:09:18 ERROR /home/bsc03/bsc03353/forge/src/dispatcher/posix.c:62 140531781207808: single write -1 of expected 32768
17:09:18 ERROR /home/bsc03/bsc03353/forge/src/dispatcher/posix.c:61 140022086272768: r->filehandle = 36, r->size = 32768, r->offset = 61560258560
17:09:18 ERROR /home/bsc03/bsc03353/forge/src/dispatcher/posix.c:61 139693240997632: r->filehandle = 36, r->size = 32768, r->offset = 128847052800
17:09:18 ERROR /home/bsc03/bsc03353/forge/src/dispatcher/posix.c:62 140022086272768: single write -1 of expected 32768
17:09:18 ERROR /home/bsc03/bsc03353/forge/src/dispatcher/posix.c:62 139693240997632: single write -1 of expected 32768
17:09:19 ERROR /home/bsc03/bsc03353/forge/src/dispatcher/posix.c:61 140308605253376: r->filehandle = 36, r->size = 32768, r->offset = 21474508800
17:09:19 ERROR /home/bsc03/bsc03353/forge/src/dispatcher/posix.c:62 140308605253376: single write -1 of expected 32768
17:09:21 ERROR /home/bsc03/bsc03353/forge/src/dispatcher/posix.c:61 140315047716608: r->filehandle = 36, r->size = 32768, r->offset = 27201044480
17:09:21 ERROR /home/bsc03/bsc03353/forge/src/dispatcher/posix.c:62 140315047716608: single write -1 of expected 32768
17:09:21 ERROR /home/bsc03/bsc03353/forge/src/dispatcher/posix.c:61 140093283788544: r->filehandle = 36, r->size = 32768, r->offset = 83034800128
17:09:21 ERROR /home/bsc03/bsc03353/forge/src/dispatcher/posix.c:62 140093283788544: single write -1 of expected 32768
17:09:21 ERROR /home/bsc03/bsc03353/forge/src/dispatcher/posix.c:61 140088343840512: r->filehandle = 36, r->size = 32768, r->offset = 34359246848
17:09:22 ERROR /home/bsc03/bsc03353/forge/src/dispatcher/posix.c:62 140088343840512: single write -1 of expected 32768
17:09:22 ERROR /home/bsc03/bsc03353/forge/src/dispatcher/posix.c:61 140066868963072: r->filehandle = 36, r->size = 32768, r->offset = 50107252736
17:09:22 ERROR /home/bsc03/bsc03353/forge/src/dispatcher/posix.c:62 140066868963072: single write -1 of expected 32768
17:09:23 ERROR /home/bsc03/bsc03353/forge/src/dispatcher/posix.c:61 140075458914048: r->filehandle = 36, r->size = 32768, r->offset = 44380684288
17:09:23 ERROR /home/bsc03/bsc03353/forge/src/dispatcher/posix.c:62 140075458914048: single write -1 of expected 32768
17:09:23 ERROR /home/bsc03/bsc03353/forge/src/dispatcher/posix.c:61 140079753889536: r->filehandle = 36, r->size = 32768, r->offset = 42949017600
17:09:23 ERROR /home/bsc03/bsc03353/forge/src/dispatcher/posix.c:62 140079753889536: single write -1 of expected 32768
17:09:24 ERROR /home/bsc03/bsc03353/forge/src/dispatcher/posix.c:61 140405344339712: r->filehandle = 35, r->size = 32768, r->offset = 8589836288
17:09:24 ERROR /home/bsc03/bsc03353/forge/src/dispatcher/posix.c:62 140405344339712: single write -1 of expected 32768
17:09:25 ERROR /home/bsc03/bsc03353/forge/src/dispatcher/posix.c:61 140396754388736: r->filehandle = 35, r->size = 32768, r->offset = 4294901760
17:09:25 ERROR /home/bsc03/bsc03353/forge/src/dispatcher/posix.c:62 140396754388736: single write -1 of expected 32768
17:09:25 ERROR /home/bsc03/bsc03353/forge/src/dispatcher/posix.c:61 140418229266176: r->filehandle = 35, r->size = 32768, r->offset = 2863267840
17:09:25 ERROR /home/bsc03/bsc03353/forge/src/dispatcher/posix.c:62 140418229266176: single write -1 of expected 32768
17:09:27 ERROR /home/bsc03/bsc03353/forge/src/dispatcher/posix.c:61 140403196851968: r->filehandle = 35, r->size = 32768, r->offset = 12884738048
17:09:27 ERROR /home/bsc03/bsc03353/forge/src/dispatcher/posix.c:62 140403196851968: single write -1 of expected 32768
17:09:28 ERROR /home/bsc03/bsc03353/forge/src/dispatcher/posix.c:61 140411786802944: r->filehandle = 35, r->size = 32768, r->offset = 10021470208
17:09:28 ERROR /home/bsc03/bsc03353/forge/src/dispatcher/posix.c:62 140411786802944: single write -1 of expected 32768
17:09:29 ERROR /home/bsc03/bsc03353/forge/src/dispatcher/posix.c:61 140094971287296: r->filehandle = 36, r->size = 32768, r->offset = 88761368576
17:09:29 ERROR /home/bsc03/bsc03353/forge/src/dispatcher/posix.c:62 140094971287296: single write -1 of expected 32768
17:09:29 ERROR /home/bsc03/bsc03353/forge/src/dispatcher/posix.c:61 140084233848576: r->filehandle = 36, r->size = 32768, r->offset = 98782773248
17:09:29 ERROR /home/bsc03/bsc03353/forge/src/dispatcher/posix.c:62 140084233848576: single write -1 of expected 32768
17:09:32 ERROR /home/bsc03/bsc03353/forge/src/dispatcher/posix.c:61 140103561238272: r->filehandle = 36, r->size = 32768, r->offset = 100214407168
17:09:32 ERROR /home/bsc03/bsc03353/forge/src/dispatcher/posix.c:62 140103561238272: single write -1 of expected 32768
17:09:32 ERROR /home/bsc03/bsc03353/forge/src/dispatcher/posix.c:61 140112151189248: r->filehandle = 36, r->size = 32768, r->offset = 94487871488
17:09:32 ERROR /home/bsc03/bsc03353/forge/src/dispatcher/posix.c:62 140112151189248: single write -1 of expected 32768
17:09:34 ERROR /home/bsc03/bsc03353/forge/src/dispatcher/posix.c:61 140105708726016: r->filehandle = 36, r->size = 32768, r->offset = 87329669120
17:09:34 ERROR /home/bsc03/bsc03353/forge/src/dispatcher/posix.c:62 140105708726016: single write -1 of expected 32768
17:09:34 ERROR /home/bsc03/bsc03353/forge/src/dispatcher/posix.c:61 140090676311808: r->filehandle = 36, r->size = 32768, r->offset = 85898035200
17:09:34 ERROR /home/bsc03/bsc03353/forge/src/dispatcher/posix.c:62 140090676311808: single write -1 of expected 32768
17:09:35 ERROR /home/bsc03/bsc03353/forge/src/dispatcher/posix.c:61 140557551060736: r->filehandle = 36, r->size = 32768, r->offset = 115962347520
17:09:35 ERROR /home/bsc03/bsc03353/forge/src/dispatcher/posix.c:62 140557551060736: single write -1 of expected 32768
17:09:36 ERROR /home/bsc03/bsc03353/forge/src/dispatcher/posix.c:61 140536076183296: r->filehandle = 36, r->size = 32768, r->offset = 111667478528
17:09:36 ERROR /home/bsc03/bsc03353/forge/src/dispatcher/posix.c:62 140536076183296: single write -1 of expected 32768
17:09:36 ERROR /home/bsc03/bsc03353/forge/src/dispatcher/posix.c:61 140551108597504: r->filehandle = 36, r->size = 32768, r->offset = 107372544000
17:09:36 ERROR /home/bsc03/bsc03353/forge/src/dispatcher/posix.c:62 140551108597504: single write -1 of expected 32768
17:09:37 ERROR /home/bsc03/bsc03353/forge/src/dispatcher/posix.c:61 140032823711488: r->filehandle = 36, r->size = 32768, r->offset = 52970455040
17:09:37 ERROR /home/bsc03/bsc03353/forge/src/dispatcher/posix.c:62 140032823711488: single write -1 of expected 32768
17:09:37 ERROR /home/bsc03/bsc03353/forge/src/dispatcher/posix.c:61 139703978436352: r->filehandle = 36, r->size = 32768, r->offset = 124552151040
17:09:37 ERROR /home/bsc03/bsc03353/forge/src/dispatcher/posix.c:62 139703978436352: single write -1 of expected 32768
17:09:38 ERROR /home/bsc03/bsc03353/forge/src/dispatcher/posix.c:61 139714715875072: r->filehandle = 36, r->size = 32768, r->offset = 128847085568
17:09:38 ERROR /home/bsc03/bsc03353/forge/src/dispatcher/posix.c:62 139714715875072: single write -1 of expected 32768
17:09:38 ERROR /home/bsc03/bsc03353/forge/src/dispatcher/posix.c:61 139712568387328: r->filehandle = 36, r->size = 32768, r->offset = 130278686720
17:09:38 ERROR /home/bsc03/bsc03353/forge/src/dispatcher/posix.c:62 139712568387328: single write -1 of expected 32768
17:09:39 ERROR /home/bsc03/bsc03353/forge/src/dispatcher/posix.c:61 139721158338304: r->filehandle = 36, r->size = 32768, r->offset = 131710320640
17:09:39 ERROR /home/bsc03/bsc03353/forge/src/dispatcher/posix.c:62 139721158338304: single write -1 of expected 32768
17:09:40 ERROR /home/bsc03/bsc03353/forge/src/dispatcher/posix.c:61 139699683460864: r->filehandle = 36, r->size = 32768, r->offset = 127415418880
17:09:40 ERROR /home/bsc03/bsc03353/forge/src/dispatcher/posix.c:62 139699683460864: single write -1 of expected 32768
17:09:40 ERROR /home/bsc03/bsc03353/forge/src/dispatcher/posix.c:61 140312900228864: r->filehandle = 36, r->size = 32768, r->offset = 28632711168
17:09:40 ERROR /home/bsc03/bsc03353/forge/src/dispatcher/posix.c:62 140312900228864: single write -1 of expected 32768
17:09:41 ERROR /home/bsc03/bsc03353/forge/src/dispatcher/posix.c:61 140325785155328: r->filehandle = 36, r->size = 32768, r->offset = 24337809408
17:09:41 ERROR /home/bsc03/bsc03353/forge/src/dispatcher/posix.c:62 140325785155328: single write -1 of expected 32768
17:09:41 ERROR /home/bsc03/bsc03353/forge/src/dispatcher/posix.c:61 140310752741120: r->filehandle = 36, r->size = 32768, r->offset = 22906142720
17:09:41 ERROR /home/bsc03/bsc03353/forge/src/dispatcher/posix.c:62 140310752741120: single write -1 of expected 32768
17:09:42 ERROR /home/bsc03/bsc03353/forge/src/dispatcher/posix.c:61 140063218960128: r->filehandle = 36, r->size = 32768, r->offset = 80171565056
17:09:42 ERROR /home/bsc03/bsc03353/forge/src/dispatcher/posix.c:62 140063218960128: single write -1 of expected 32768
17:09:43 ERROR /home/bsc03/bsc03353/forge/src/dispatcher/posix.c:61 140069016450816: r->filehandle = 36, r->size = 32768, r->offset = 47243984896
17:09:43 ERROR /home/bsc03/bsc03353/forge/src/dispatcher/posix.c:62 140069016450816: single write -1 of expected 32768
17:09:43 ERROR /home/bsc03/bsc03353/forge/src/dispatcher/posix.c:61 140073311426304: r->filehandle = 36, r->size = 32768, r->offset = 45812350976
17:09:43 ERROR /home/bsc03/bsc03353/forge/src/dispatcher/posix.c:62 140073311426304: single write -1 of expected 32768
17:09:44 ERROR /home/bsc03/bsc03353/forge/src/dispatcher/posix.c:61 140426819217152: r->filehandle = 35, r->size = 32768, r->offset = 11453104128
17:09:44 ERROR /home/bsc03/bsc03353/forge/src/dispatcher/posix.c:61 140019938785024: r->filehandle = 36, r->size = 32768, r->offset = 61560291328
17:09:44 ERROR /home/bsc03/bsc03353/forge/src/dispatcher/posix.c:62 140019938785024: single write -1 of expected 32768
17:09:44 ERROR /home/bsc03/bsc03353/forge/src/dispatcher/posix.c:62 140426819217152: single write -1 of expected 32768
17:09:44 ERROR /home/bsc03/bsc03353/forge/src/dispatcher/posix.c:61 140034971199232: r->filehandle = 36, r->size = 32768, r->offset = 54402121728
17:09:44 ERROR /home/bsc03/bsc03353/forge/src/dispatcher/posix.c:62 140034971199232: single write -1 of expected 32768
17:09:44 ERROR /home/bsc03/bsc03353/forge/src/dispatcher/posix.c:61 140028528736000: r->filehandle = 36, r->size = 32768, r->offset = 57265389568
17:09:44 ERROR /home/bsc03/bsc03353/forge/src/dispatcher/posix.c:62 140028528736000: single write -1 of expected 32768
17:09:45 ERROR /home/bsc03/bsc03353/forge/src/dispatcher/posix.c:61 140030676223744: r->filehandle = 36, r->size = 32768, r->offset = 67286794240
17:09:45 ERROR /home/bsc03/bsc03353/forge/src/dispatcher/posix.c:62 140030676223744: single write -1 of expected 32768
17:09:46 ERROR /home/bsc03/bsc03353/forge/src/dispatcher/posix.c:61 140015643809536: r->filehandle = 36, r->size = 32768, r->offset = 60128657408
17:09:46 ERROR /home/bsc03/bsc03353/forge/src/dispatcher/posix.c:62 140015643809536: single write -1 of expected 32768
17:09:47 ERROR /home/bsc03/bsc03353/forge/src/dispatcher/posix.c:61 140110003701504: r->filehandle = 36, r->size = 32768, r->offset = 93056204800
17:09:47 ERROR /home/bsc03/bsc03353/forge/src/dispatcher/posix.c:62 140110003701504: single write -1 of expected 32768
17:09:48 ERROR /home/bsc03/bsc03353/forge/src/dispatcher/posix.c:61 140090676311808: r->filehandle = 36, r->size = 32768, r->offset = 90192936960
17:09:48 ERROR /home/bsc03/bsc03353/forge/src/dispatcher/posix.c:62 140090676311808: single write -1 of expected 32768
17:09:49 ERROR /home/bsc03/bsc03353/forge/src/dispatcher/posix.c:61 140099266262784: r->filehandle = 36, r->size = 32768, r->offset = 91624636416
17:09:49 ERROR /home/bsc03/bsc03353/forge/src/dispatcher/posix.c:62 140099266262784: single write -1 of expected 32768
17:09:50 ERROR /home/bsc03/bsc03353/forge/src/dispatcher/posix.c:61 140097118775040: r->filehandle = 36, r->size = 32768, r->offset = 100214439936
17:09:50 ERROR /home/bsc03/bsc03353/forge/src/dispatcher/posix.c:62 140097118775040: single write -1 of expected 32768
17:09:50 ERROR /home/bsc03/bsc03353/forge/src/dispatcher/posix.c:61 140082086360832: r->filehandle = 36, r->size = 32768, r->offset = 88761401344
17:09:50 ERROR /home/bsc03/bsc03353/forge/src/dispatcher/posix.c:62 140082086360832: single write -1 of expected 32768
17:09:51 ERROR /home/bsc03/bsc03353/forge/src/dispatcher/posix.c:61 140553256085248: r->filehandle = 36, r->size = 32768, r->offset = 113099112448
17:09:51 ERROR /home/bsc03/bsc03353/forge/src/dispatcher/posix.c:62 140553256085248: single write -1 of expected 32768
17:09:52 ERROR /home/bsc03/bsc03353/forge/src/dispatcher/posix.c:61 140563993523968: r->filehandle = 36, r->size = 32768, r->offset = 104509276160
17:09:52 ERROR /home/bsc03/bsc03353/forge/src/dispatcher/posix.c:62 140563993523968: single write -1 of expected 32768
17:09:53 ERROR /home/bsc03/bsc03353/forge/src/dispatcher/posix.c:61 140540371158784: r->filehandle = 36, r->size = 32768, r->offset = 118825680896
17:09:53 ERROR /home/bsc03/bsc03353/forge/src/dispatcher/posix.c:62 140540371158784: single write -1 of expected 32768
17:09:54 ERROR /home/bsc03/bsc03353/forge/src/dispatcher/posix.c:61 139716863362816: r->filehandle = 36, r->size = 32768, r->offset = 125983817728
17:09:54 ERROR /home/bsc03/bsc03353/forge/src/dispatcher/posix.c:62 139716863362816: single write -1 of expected 32768
17:09:55 ERROR /home/bsc03/bsc03353/forge/src/dispatcher/posix.c:61 140401049364224: r->filehandle = 35, r->size = 32768, r->offset = 2863300608
17:09:55 ERROR /home/bsc03/bsc03353/forge/src/dispatcher/posix.c:62 140401049364224: single write -1 of expected 32768
17:09:55 ERROR /home/bsc03/bsc03353/forge/src/dispatcher/posix.c:61 140295720326912: r->filehandle = 36, r->size = 32768, r->offset = 20042940416
17:09:55 ERROR /home/bsc03/bsc03353/forge/src/dispatcher/posix.c:62 140295720326912: single write -1 of expected 32768
17:09:56 ERROR /home/bsc03/bsc03353/forge/src/dispatcher/posix.c:61 140065366447872: r->filehandle = 36, r->size = 32768, r->offset = 73013329920
17:09:56 ERROR /home/bsc03/bsc03353/forge/src/dispatcher/posix.c:62 140065366447872: single write -1 of expected 32768
17:09:57 ERROR /home/bsc03/bsc03353/forge/src/dispatcher/posix.c:61 140075458914048: r->filehandle = 36, r->size = 32768, r->offset = 38654148608
17:09:57 ERROR /home/bsc03/bsc03353/forge/src/dispatcher/posix.c:62 140075458914048: single write -1 of expected 32768
17:09:58 ERROR /home/bsc03/bsc03353/forge/src/dispatcher/posix.c:61 140077606401792: r->filehandle = 36, r->size = 32768, r->offset = 47244017664
17:09:58 ERROR /home/bsc03/bsc03353/forge/src/dispatcher/posix.c:62 140077606401792: single write -1 of expected 32768
17:09:58 ERROR /home/bsc03/bsc03353/forge/src/dispatcher/posix.c:61 140084048865024: r->filehandle = 36, r->size = 32768, r->offset = 50107285504
17:09:58 ERROR /home/bsc03/bsc03353/forge/src/dispatcher/posix.c:62 140084048865024: single write -1 of expected 32768
17:09:59 ERROR /home/bsc03/bsc03353/forge/src/dispatcher/posix.c:61 140004906370816: r->filehandle = 36, r->size = 32768, r->offset = 65855193088
17:09:59 ERROR /home/bsc03/bsc03353/forge/src/dispatcher/posix.c:62 140004906370816: single write -1 of expected 32768
17:09:59 ERROR /home/bsc03/bsc03353/forge/src/dispatcher/posix.c:61 140032823711488: r->filehandle = 36, r->size = 32768, r->offset = 62991892480
17:09:59 ERROR /home/bsc03/bsc03353/forge/src/dispatcher/posix.c:62 140032823711488: single write -1 of expected 32768
17:10:00 ERROR /home/bsc03/bsc03353/forge/src/dispatcher/posix.c:61 140092823799552: r->filehandle = 36, r->size = 32768, r->offset = 94487904256
17:10:00 ERROR /home/bsc03/bsc03353/forge/src/dispatcher/posix.c:61 140315047716608: r->filehandle = 36, r->size = 32768, r->offset = 31495946240
17:10:00 ERROR /home/bsc03/bsc03353/forge/src/dispatcher/posix.c:62 140092823799552: single write -1 of expected 32768
17:10:00 ERROR /home/bsc03/bsc03353/forge/src/dispatcher/posix.c:62 140315047716608: single write -1 of expected 32768
17:10:01 ERROR /home/bsc03/bsc03353/forge/src/dispatcher/posix.c:61 140308605253376: r->filehandle = 36, r->size = 32768, r->offset = 24337842176
17:10:01 ERROR /home/bsc03/bsc03353/forge/src/dispatcher/posix.c:62 140308605253376: single write -1 of expected 32768
17:10:01 ERROR /home/bsc03/bsc03353/forge/src/dispatcher/posix.c:61 140319342692096: r->filehandle = 36, r->size = 32768, r->offset = 17179639808
17:10:01 ERROR /home/bsc03/bsc03353/forge/src/dispatcher/posix.c:62 140319342692096: single write -1 of expected 32768
17:10:02 ERROR /home/bsc03/bsc03353/forge/src/dispatcher/posix.c:61 140300015302400: r->filehandle = 36, r->size = 32768, r->offset = 18611306496
17:10:02 ERROR /home/bsc03/bsc03353/forge/src/dispatcher/posix.c:62 140300015302400: single write -1 of expected 32768
17:10:03 ERROR /home/bsc03/bsc03353/forge/src/dispatcher/posix.c:61 140306457765632: r->filehandle = 36, r->size = 32768, r->offset = 21474541568
17:10:03 ERROR /home/bsc03/bsc03353/forge/src/dispatcher/posix.c:62 140306457765632: single write -1 of expected 32768
17:10:03 ERROR /home/bsc03/bsc03353/forge/src/dispatcher/posix.c:61 140321490179840: r->filehandle = 36, r->size = 32768, r->offset = 28632743936
17:10:03 ERROR /home/bsc03/bsc03353/forge/src/dispatcher/posix.c:62 140321490179840: single write -1 of expected 32768
17:10:04 ERROR /home/bsc03/bsc03353/forge/src/dispatcher/posix.c:61 140327932643072: r->filehandle = 36, r->size = 32768, r->offset = 22906175488
17:10:04 ERROR /home/bsc03/bsc03353/forge/src/dispatcher/posix.c:62 140327932643072: single write -1 of expected 32768
17:10:05 ERROR /home/bsc03/bsc03353/forge/src/dispatcher/posix.c:61 140533928695552: r->filehandle = 36, r->size = 32768, r->offset = 110235844608
17:10:05 ERROR /home/bsc03/bsc03353/forge/src/dispatcher/posix.c:62 140533928695552: single write -1 of expected 32768
17:10:06 ERROR /home/bsc03/bsc03353/forge/src/dispatcher/posix.c:61 140531781207808: r->filehandle = 36, r->size = 32768, r->offset = 107372576768
17:10:06 ERROR /home/bsc03/bsc03353/forge/src/dispatcher/posix.c:62 140531781207808: single write -1 of expected 32768
17:10:07 ERROR /home/bsc03/bsc03353/forge/src/dispatcher/posix.c:61 139688946022144: r->filehandle = 36, r->size = 32768, r->offset = 128847118336
17:10:07 ERROR /home/bsc03/bsc03353/forge/src/dispatcher/posix.c:62 139688946022144: single write -1 of expected 32768
17:10:08 ERROR /home/bsc03/bsc03353/forge/src/dispatcher/posix.c:61 139697535973120: r->filehandle = 36, r->size = 32768, r->offset = 133141954560
17:10:08 ERROR /home/bsc03/bsc03353/forge/src/dispatcher/posix.c:62 139697535973120: single write -1 of expected 32768
17:10:09 ERROR /home/bsc03/bsc03353/forge/src/dispatcher/posix.c:61 139703978436352: r->filehandle = 36, r->size = 32768, r->offset = 136005255168
17:10:09 ERROR /home/bsc03/bsc03353/forge/src/dispatcher/posix.c:62 139703978436352: single write -1 of expected 32768
17:10:09 ERROR /home/bsc03/bsc03353/forge/src/dispatcher/posix.c:61 139693240997632: r->filehandle = 36, r->size = 32768, r->offset = 130278719488
17:10:09 ERROR /home/bsc03/bsc03353/forge/src/dispatcher/posix.c:62 139693240997632: single write -1 of expected 32768
17:10:09 ERROR /home/bsc03/bsc03353/forge/src/dispatcher/posix.c:61 139701830948608: r->filehandle = 36, r->size = 32768, r->offset = 124552183808
17:10:09 ERROR /home/bsc03/bsc03353/forge/src/dispatcher/posix.c:62 139701830948608: single write -1 of expected 32768
17:10:10 ERROR /home/bsc03/bsc03353/forge/src/dispatcher/posix.c:61 140428966704896: r->filehandle = 35, r->size = 32768, r->offset = 4294934528
17:10:10 ERROR /home/bsc03/bsc03353/forge/src/dispatcher/posix.c:62 140428966704896: single write -1 of expected 32768
17:10:11 ERROR /home/bsc03/bsc03353/forge/src/dispatcher/posix.c:61 140086381336320: r->filehandle = 36, r->size = 32768, r->offset = 97351172096
17:10:11 ERROR /home/bsc03/bsc03353/forge/src/dispatcher/posix.c:62 140086381336320: single write -1 of expected 32768
17:10:11 ERROR /home/bsc03/bsc03353/forge/src/dispatcher/posix.c:61 140092638816000: r->filehandle = 36, r->size = 32768, r->offset = 41517416448
17:10:11 ERROR /home/bsc03/bsc03353/forge/src/dispatcher/posix.c:62 140092638816000: single write -1 of expected 32768
17:10:12 ERROR /home/bsc03/bsc03353/forge/src/dispatcher/posix.c:61 140327932643072: r->filehandle = 36, r->size = 32768, r->offset = 25769443328
17:10:12 ERROR /home/bsc03/bsc03353/forge/src/dispatcher/posix.c:62 140327932643072: single write -1 of expected 32768
17:10:12 ERROR /home/bsc03/bsc03353/forge/src/dispatcher/posix.c:61 140076103886592: r->filehandle = 36, r->size = 32768, r->offset = 83034832896
17:10:12 ERROR /home/bsc03/bsc03353/forge/src/dispatcher/posix.c:62 140076103886592: single write -1 of expected 32768
17:10:14 ERROR /home/bsc03/bsc03353/forge/src/dispatcher/posix.c:61 140032823711488: r->filehandle = 36, r->size = 32768, r->offset = 58696990720
17:10:14 ERROR /home/bsc03/bsc03353/forge/src/dispatcher/posix.c:62 140032823711488: single write -1 of expected 32768
17:10:15 ERROR /home/bsc03/bsc03353/forge/src/dispatcher/posix.c:61 140013496321792: r->filehandle = 36, r->size = 32768, r->offset = 64423559168
17:10:15 ERROR /home/bsc03/bsc03353/forge/src/dispatcher/posix.c:62 140013496321792: single write -1 of expected 32768
17:10:17 ERROR /home/bsc03/bsc03353/forge/src/dispatcher/posix.c:61 140101413750528: r->filehandle = 36, r->size = 32768, r->offset = 101646041088
17:10:17 ERROR /home/bsc03/bsc03353/forge/src/dispatcher/posix.c:62 140101413750528: single write -1 of expected 32768
17:10:18 ERROR /home/bsc03/bsc03353/forge/src/dispatcher/posix.c:61 140088528824064: r->filehandle = 36, r->size = 32768, r->offset = 98782806016
17:10:18 ERROR /home/bsc03/bsc03353/forge/src/dispatcher/posix.c:62 140088528824064: single write -1 of expected 32768
17:10:19 ERROR /home/bsc03/bsc03353/forge/src/dispatcher/posix.c:61 140107856213760: r->filehandle = 36, r->size = 32768, r->offset = 95919505408
17:10:19 ERROR /home/bsc03/bsc03353/forge/src/dispatcher/posix.c:62 140107856213760: single write -1 of expected 32768
17:10:19 ERROR /home/bsc03/bsc03353/forge/src/dispatcher/posix.c:61 140103561238272: r->filehandle = 36, r->size = 32768, r->offset = 87329701888
17:10:19 ERROR /home/bsc03/bsc03353/forge/src/dispatcher/posix.c:62 140103561238272: single write -1 of expected 32768
17:10:20 ERROR /home/bsc03/bsc03353/forge/src/dispatcher/posix.c:61 139719010850560: r->filehandle = 36, r->size = 32768, r->offset = 121688915968
17:10:20 ERROR /home/bsc03/bsc03353/forge/src/dispatcher/posix.c:62 139719010850560: single write -1 of expected 32768
17:10:20 ERROR /home/bsc03/bsc03353/forge/src/dispatcher/posix.c:61 140315047716608: r->filehandle = 36, r->size = 32768, r->offset = 32927580160
17:10:20 ERROR /home/bsc03/bsc03353/forge/src/dispatcher/posix.c:62 140315047716608: single write -1 of expected 32768
17:10:20 ERROR /home/bsc03/bsc03353/forge/src/dispatcher/posix.c:61 140079753889536: r->filehandle = 36, r->size = 32768, r->offset = 35790880768
17:10:20 ERROR /home/bsc03/bsc03353/forge/src/dispatcher/posix.c:62 140079753889536: single write -1 of expected 32768
17:10:21 ERROR /home/bsc03/bsc03353/forge/src/dispatcher/posix.c:61 140407491827456: r->filehandle = 35, r->size = 32768, r->offset = 1431666688
17:10:21 ERROR /home/bsc03/bsc03353/forge/src/dispatcher/posix.c:62 140407491827456: single write -1 of expected 32768
17:10:21 ERROR /home/bsc03/bsc03353/forge/src/dispatcher/posix.c:61 139721158338304: r->filehandle = 36, r->size = 32768, r->offset = 127415451648
17:10:21 ERROR /home/bsc03/bsc03353/forge/src/dispatcher/posix.c:62 139721158338304: single write -1 of expected 32768
17:10:21 ERROR /home/bsc03/bsc03353/forge/src/dispatcher/posix.c:61 140069661423360: r->filehandle = 36, r->size = 32768, r->offset = 77308231680
17:10:21 ERROR /home/bsc03/bsc03353/forge/src/dispatcher/posix.c:62 140069661423360: single write -1 of expected 32768
17:10:21 ERROR /home/bsc03/bsc03353/forge/src/dispatcher/posix.c:61 140071163938560: r->filehandle = 36, r->size = 32768, r->offset = 45812383744
17:10:21 ERROR /home/bsc03/bsc03353/forge/src/dispatcher/posix.c:62 140071163938560: single write -1 of expected 32768
17:10:22 ERROR /home/bsc03/bsc03353/forge/src/dispatcher/posix.c:61 140032823711488: r->filehandle = 36, r->size = 32768, r->offset = 55833722880
17:10:22 ERROR /home/bsc03/bsc03353/forge/src/dispatcher/posix.c:62 140032823711488: single write -1 of expected 32768
17:10:22 ERROR /home/bsc03/bsc03353/forge/src/dispatcher/posix.c:61 140557551060736: r->filehandle = 36, r->size = 32768, r->offset = 114530713600
17:10:22 ERROR /home/bsc03/bsc03353/forge/src/dispatcher/posix.c:62 140557551060736: single write -1 of expected 32768
17:10:23 ERROR /home/bsc03/bsc03353/forge/src/dispatcher/posix.c:61 140561846036224: r->filehandle = 36, r->size = 32768, r->offset = 103077675008
17:10:23 ERROR /home/bsc03/bsc03353/forge/src/dispatcher/posix.c:62 140561846036224: single write -1 of expected 32768
17:10:23 ERROR /home/bsc03/bsc03353/forge/src/dispatcher/posix.c:61 140088988813056: r->filehandle = 36, r->size = 32768, r->offset = 80171597824
17:10:23 ERROR /home/bsc03/bsc03353/forge/src/dispatcher/posix.c:62 140088988813056: single write -1 of expected 32768
17:10:23 ERROR /home/bsc03/bsc03353/forge/src/dispatcher/posix.c:61 139691093509888: r->filehandle = 36, r->size = 32768, r->offset = 134573621248
17:10:23 ERROR /home/bsc03/bsc03353/forge/src/dispatcher/posix.c:62 139691093509888: single write -1 of expected 32768
17:10:24 ERROR /home/bsc03/bsc03353/forge/src/dispatcher/posix.c:61 140420376753920: r->filehandle = 35, r->size = 32768, r->offset = 15748005888
17:10:24 ERROR /home/bsc03/bsc03353/forge/src/dispatcher/posix.c:62 140420376753920: single write -1 of expected 32768
17:10:24 ERROR /home/bsc03/bsc03353/forge/src/dispatcher/posix.c:61 140081901377280: r->filehandle = 36, r->size = 32768, r->offset = 34359279616
17:10:24 ERROR /home/bsc03/bsc03353/forge/src/dispatcher/posix.c:62 140081901377280: single write -1 of expected 32768
17:10:25 ERROR /home/bsc03/bsc03353/forge/src/dispatcher/posix.c:61 140546813622016: r->filehandle = 36, r->size = 32768, r->offset = 111667511296
17:10:25 ERROR /home/bsc03/bsc03353/forge/src/dispatcher/posix.c:62 140546813622016: single write -1 of expected 32768
17:10:26 ERROR /home/bsc03/bsc03353/forge/src/dispatcher/posix.c:61 140069661423360: r->filehandle = 36, r->size = 32768, r->offset = 78739865600
17:10:26 ERROR /home/bsc03/bsc03353/forge/src/dispatcher/posix.c:62 140069661423360: single write -1 of expected 32768
17:10:28 ERROR /home/bsc03/bsc03353/forge/src/dispatcher/posix.c:61 140413934290688: r->filehandle = 35, r->size = 32768, r->offset = 14316371968
17:10:28 ERROR /home/bsc03/bsc03353/forge/src/dispatcher/posix.c:62 140413934290688: single write -1 of expected 32768
17:10:29 ERROR /home/bsc03/bsc03353/forge/src/dispatcher/posix.c:61 140416081778432: r->filehandle = 35, r->size = 32768, r->offset = 5726568448
17:10:29 ERROR /home/bsc03/bsc03353/forge/src/dispatcher/posix.c:62 140416081778432: single write -1 of expected 32768
17:10:29 ERROR /home/bsc03/bsc03353/forge/src/dispatcher/posix.c:61 140418229266176: r->filehandle = 35, r->size = 32768, r->offset = 12884770816
17:10:29 ERROR /home/bsc03/bsc03353/forge/src/dispatcher/posix.c:62 140418229266176: single write -1 of expected 32768
17:10:30 ERROR /home/bsc03/bsc03353/forge/src/dispatcher/posix.c:61 139710420899584: r->filehandle = 36, r->size = 32768, r->offset = 120257282048
17:10:30 ERROR /home/bsc03/bsc03353/forge/src/dispatcher/posix.c:62 139710420899584: single write -1 of expected 32768
17:10:30 ERROR /home/bsc03/bsc03353/forge/src/dispatcher/posix.c:61 140086196352768: r->filehandle = 36, r->size = 32768, r->offset = 48675618816
17:10:30 ERROR /home/bsc03/bsc03353/forge/src/dispatcher/posix.c:62 140086196352768: single write -1 of expected 32768
17:10:30 ERROR /home/bsc03/bsc03353/forge/src/dispatcher/posix.c:61 140557551060736: r->filehandle = 36, r->size = 32768, r->offset = 108804177920
17:10:30 ERROR /home/bsc03/bsc03353/forge/src/dispatcher/posix.c:62 140557551060736: single write -1 of expected 32768
17:10:31 ERROR /home/bsc03/bsc03353/forge/src/dispatcher/posix.c:61 140398901876480: r->filehandle = 35, r->size = 32768, r->offset = 32768
17:10:31 ERROR /home/bsc03/bsc03353/forge/src/dispatcher/posix.c:62 140398901876480: single write -1 of expected 32768
17:10:31 ERROR /home/bsc03/bsc03353/forge/src/dispatcher/posix.c:61 140069661423360: r->filehandle = 36, r->size = 32768, r->offset = 81603133440
17:10:31 ERROR /home/bsc03/bsc03353/forge/src/dispatcher/posix.c:62 140069661423360: single write -1 of expected 32768
17:10:31 ERROR /home/bsc03/bsc03353/forge/src/dispatcher/posix.c:61 139714715875072: r->filehandle = 36, r->size = 32768, r->offset = 131710353408
17:10:31 ERROR /home/bsc03/bsc03353/forge/src/dispatcher/posix.c:61 140096933791488: r->filehandle = 36, r->size = 32768, r->offset = 40085815296
17:10:31 ERROR /home/bsc03/bsc03353/forge/src/dispatcher/posix.c:62 139714715875072: single write -1 of expected 32768
17:10:31 ERROR /home/bsc03/bsc03353/forge/src/dispatcher/posix.c:62 140096933791488: single write -1 of expected 32768
17:10:32 ERROR /home/bsc03/bsc03353/forge/src/dispatcher/posix.c:61 140422524241664: r->filehandle = 35, r->size = 32768, r->offset = 7158235136
17:10:32 ERROR /home/bsc03/bsc03353/forge/src/dispatcher/posix.c:62 140422524241664: single write -1 of expected 32768
17:10:32 ERROR /home/bsc03/bsc03353/forge/src/dispatcher/posix.c:61 140066868963072: r->filehandle = 36, r->size = 32768, r->offset = 37222514688
17:10:32 ERROR /home/bsc03/bsc03353/forge/src/dispatcher/posix.c:62 140066868963072: single write -1 of expected 32768
17:10:33 ERROR /home/bsc03/bsc03353/forge/src/dispatcher/posix.c:61 140409639315200: r->filehandle = 35, r->size = 32768, r->offset = 8589869056
17:10:33 ERROR /home/bsc03/bsc03353/forge/src/dispatcher/posix.c:62 140409639315200: single write -1 of expected 32768
17:10:34 ERROR /home/bsc03/bsc03353/forge/src/dispatcher/posix.c:61 140405344339712: r->filehandle = 35, r->size = 32768, r->offset = 10021502976
17:10:34 ERROR /home/bsc03/bsc03353/forge/src/dispatcher/posix.c:62 140405344339712: single write -1 of expected 32768
17:10:34 ERROR /home/bsc03/bsc03353/forge/src/dispatcher/posix.c:61 139708273411840: r->filehandle = 36, r->size = 32768, r->offset = 123120549888
17:10:34 ERROR /home/bsc03/bsc03353/forge/src/dispatcher/posix.c:62 139708273411840: single write -1 of expected 32768
17:10:34 ERROR /home/bsc03/bsc03353/forge/src/dispatcher/posix.c:61 140557551060736: r->filehandle = 36, r->size = 32768, r->offset = 117393981440
17:10:34 ERROR /home/bsc03/bsc03353/forge/src/dispatcher/posix.c:62 140557551060736: single write -1 of expected 32768
17:10:35 ERROR /home/bsc03/bsc03353/forge/src/dispatcher/posix.c:61 140066868963072: r->filehandle = 36, r->size = 32768, r->offset = 42949050368
17:10:35 ERROR /home/bsc03/bsc03353/forge/src/dispatcher/posix.c:62 140066868963072: single write -1 of expected 32768
17:10:35 WARN  /home/bsc03/bsc03353/forge/src/main.c:789 140685982218304: hit stone wall at 111.173138 seconds!
AGIOS: stopped for this client. It can already be used by calling agios_init

AGIOS: stopped for this client. It can already be used by calling agios_init

AGIOS: stopped for this client. It can already be used by calling agios_init

AGIOS: stopped for this client. It can already be used by calling agios_init

AGIOS: stopped for this client. It can already be used by calling agios_init

AGIOS: stopped for this client. It can already be used by calling agios_init

17:10:35 INFO  /home/bsc03/bsc03353/forge/src/main.c:1158 140436092078144: I/O Forwarding Exploration [COMPLETE]
AGIOS: stopped for this client. It can already be used by calling agios_init

AGIOS: stopped for this client. It can already be used by calling agios_init

