Set GCC compilers as MPI wrappers backend 
remove openmpi/4.0.2_UCX (PATH, MANPATH, LD_LIBRARY_PATH) 
load openmpi/4.0.2_UCX (PATH, MANPATH, LD_LIBRARY_PATH) 
Set GCC compilers as MPI wrappers backend 
load gsl/2.4 (PATH, LD_LIBRARY_PATH, LIBRARY_PATH, MANPATH, INFOPATH,
C_INCLUDE_PATH, CPLUS_INCLUDE_PATH, PKG_CONFIG_PATH, GSL_DIR) 
16:03:16 INFO  /home/bsc03/bsc03353/forge/src/main.c:107 139845949548608: I/O Forwarding Exploration [START]
Will AGIOS generate trace files? NO
Default scheduling algorithm: TO
TWINS window size: 1000000
Will the Prediction Module read information from trace files? NO
File with access time functions: /home/bsc03/bsc03353/forge/agios/access_times.func
AGIOS thinks its user has stripe size of 32768
Will AGIOS generate trace files? NO
Default scheduling algorithm: TO
TWINS window size: 1000000
Will the Prediction Module read information from trace files? NO
File with access time functions: /home/bsc03/bsc03353/forge/agios/access_times.func
AGIOS thinks its user has stripe size of 32768
Will AGIOS generate trace files? NO
Default scheduling algorithm: TO
TWINS window size: 1000000
Will the Prediction Module read information from trace files? NO
File with access time functions: /home/bsc03/bsc03353/forge/agios/access_times.func
AGIOS thinks its user has stripe size of 32768
Will AGIOS generate trace files? NO
Default scheduling algorithm: TO
TWINS window size: 1000000
Will the Prediction Module read information from trace files? NO
File with access time functions: /home/bsc03/bsc03353/forge/agios/access_times.func
AGIOS thinks its user has stripe size of 32768
16:04:55 ERROR /home/bsc03/bsc03353/forge/src/dispatcher/posix.c:61 139825979217664: r->filehandle = 67, r->size = 6291456, r->offset = 0
16:04:55 ERROR /home/bsc03/bsc03353/forge/src/dispatcher/posix.c:62 139825979217664: single write -1 of expected 6291456
16:04:56 ERROR /home/bsc03/bsc03353/forge/src/dispatcher/posix.c:61 139810229446400: r->filehandle = 36, r->size = 6291456, r->offset = 0
16:04:56 ERROR /home/bsc03/bsc03353/forge/src/dispatcher/posix.c:62 139810229446400: single write -1 of expected 6291456
16:04:56 ERROR /home/bsc03/bsc03353/forge/src/dispatcher/posix.c:61 139838864144128: r->filehandle = 61, r->size = 6291456, r->offset = 0
16:04:56 ERROR /home/bsc03/bsc03353/forge/src/dispatcher/posix.c:62 139838864144128: single write -1 of expected 6291456
16:04:57 ERROR /home/bsc03/bsc03353/forge/src/dispatcher/posix.c:61 139820966885120: r->filehandle = 169, r->size = 6291456, r->offset = 0
16:04:57 ERROR /home/bsc03/bsc03353/forge/src/dispatcher/posix.c:61 140692400031488: r->filehandle = 64, r->size = 6291456, r->offset = 0
16:04:57 ERROR /home/bsc03/bsc03353/forge/src/dispatcher/posix.c:62 139820966885120: single write -1 of expected 6291456
16:04:57 ERROR /home/bsc03/bsc03353/forge/src/dispatcher/posix.c:62 140692400031488: single write -1 of expected 6291456
16:04:58 ERROR /home/bsc03/bsc03353/forge/src/dispatcher/posix.c:61 139836716656384: r->filehandle = 156, r->size = 6291456, r->offset = 0
16:04:58 ERROR /home/bsc03/bsc03353/forge/src/dispatcher/posix.c:62 139836716656384: single write -1 of expected 6291456
16:04:59 ERROR /home/bsc03/bsc03353/forge/src/dispatcher/posix.c:61 140705284957952: r->filehandle = 89, r->size = 6291456, r->offset = 0
16:04:59 ERROR /home/bsc03/bsc03353/forge/src/dispatcher/posix.c:62 140705284957952: single write -1 of expected 6291456
16:05:00 ERROR /home/bsc03/bsc03353/forge/src/dispatcher/posix.c:61 139815241778944: r->filehandle = 166, r->size = 6291456, r->offset = 0
16:05:00 ERROR /home/bsc03/bsc03353/forge/src/dispatcher/posix.c:62 139815241778944: single write -1 of expected 6291456
16:05:01 ERROR /home/bsc03/bsc03353/forge/src/dispatcher/posix.c:61 140272354756352: r->filehandle = 178, r->size = 6291456, r->offset = 0
16:05:01 ERROR /home/bsc03/bsc03353/forge/src/dispatcher/posix.c:62 140272354756352: single write -1 of expected 6291456
16:05:01 ERROR /home/bsc03/bsc03353/forge/src/dispatcher/posix.c:61 139821684242176: r->filehandle = 48, r->size = 6291456, r->offset = 0
16:05:01 ERROR /home/bsc03/bsc03353/forge/src/dispatcher/posix.c:62 139821684242176: single write -1 of expected 6291456
16:05:02 ERROR /home/bsc03/bsc03353/forge/src/dispatcher/posix.c:61 139808799315712: r->filehandle = 59, r->size = 6291456, r->offset = 0
16:05:02 ERROR /home/bsc03/bsc03353/forge/src/dispatcher/posix.c:62 139808799315712: single write -1 of expected 6291456
16:05:02 ERROR /home/bsc03/bsc03353/forge/src/dispatcher/posix.c:61 140255174854400: r->filehandle = 44, r->size = 6291456, r->offset = 0
16:05:02 ERROR /home/bsc03/bsc03353/forge/src/dispatcher/posix.c:62 140255174854400: single write -1 of expected 6291456
16:05:02 ERROR /home/bsc03/bsc03353/forge/src/dispatcher/posix.c:61 140263764805376: r->filehandle = 81, r->size = 6291456, r->offset = 0
16:05:02 ERROR /home/bsc03/bsc03353/forge/src/dispatcher/posix.c:62 140263764805376: single write -1 of expected 6291456
16:05:02 ERROR /home/bsc03/bsc03353/forge/src/dispatcher/posix.c:61 140679515105024: r->filehandle = 43, r->size = 6291456, r->offset = 0
16:05:02 ERROR /home/bsc03/bsc03353/forge/src/dispatcher/posix.c:62 140679515105024: single write -1 of expected 6291456
16:05:03 ERROR /home/bsc03/bsc03353/forge/src/dispatcher/posix.c:61 140261617317632: r->filehandle = 41, r->size = 6291456, r->offset = 0
16:05:03 ERROR /home/bsc03/bsc03353/forge/src/dispatcher/posix.c:62 140261617317632: single write -1 of expected 6291456
16:05:03 ERROR /home/bsc03/bsc03353/forge/src/dispatcher/posix.c:61 140675220129536: r->filehandle = 213, r->size = 6291456, r->offset = 0
16:05:03 ERROR /home/bsc03/bsc03353/forge/src/dispatcher/posix.c:62 140675220129536: single write -1 of expected 6291456
16:05:04 ERROR /home/bsc03/bsc03353/forge/src/dispatcher/posix.c:61 140250879878912: r->filehandle = 162, r->size = 6291456, r->offset = 0
16:05:04 ERROR /home/bsc03/bsc03353/forge/src/dispatcher/posix.c:62 140250879878912: single write -1 of expected 6291456
16:05:05 ERROR /home/bsc03/bsc03353/forge/src/dispatcher/posix.c:61 140240142440192: r->filehandle = 69, r->size = 6291456, r->offset = 0
16:05:05 ERROR /home/bsc03/bsc03353/forge/src/dispatcher/posix.c:62 140240142440192: single write -1 of expected 6291456
16:05:05 ERROR /home/bsc03/bsc03353/forge/src/dispatcher/posix.c:61 139823831729920: r->filehandle = 74, r->size = 6291456, r->offset = 0
16:05:05 ERROR /home/bsc03/bsc03353/forge/src/dispatcher/posix.c:62 139823831729920: single write -1 of expected 6291456
16:05:05 ERROR /home/bsc03/bsc03353/forge/src/dispatcher/posix.c:61 139836716656384: r->filehandle = 133, r->size = 6291456, r->offset = 0
16:05:05 ERROR /home/bsc03/bsc03353/forge/src/dispatcher/posix.c:62 139836716656384: single write -1 of expected 6291456
16:05:05 ERROR /home/bsc03/bsc03353/forge/src/dispatcher/posix.c:61 140700989982464: r->filehandle = 50, r->size = 6291456, r->offset = 0
16:05:05 ERROR /home/bsc03/bsc03353/forge/src/dispatcher/posix.c:62 140700989982464: single write -1 of expected 6291456
16:05:06 ERROR /home/bsc03/bsc03353/forge/src/dispatcher/posix.c:61 139808081958656: r->filehandle = 161, r->size = 6291456, r->offset = 0
16:05:06 ERROR /home/bsc03/bsc03353/forge/src/dispatcher/posix.c:62 139808081958656: single write -1 of expected 6291456
16:05:06 ERROR /home/bsc03/bsc03353/forge/src/dispatcher/posix.c:61 140242289927936: r->filehandle = 192, r->size = 6291456, r->offset = 0
16:05:06 ERROR /home/bsc03/bsc03353/forge/src/dispatcher/posix.c:61 140685957568256: r->filehandle = 46, r->size = 6291456, r->offset = 0
16:05:06 ERROR /home/bsc03/bsc03353/forge/src/dispatcher/posix.c:62 140242289927936: single write -1 of expected 6291456
16:05:06 ERROR /home/bsc03/bsc03353/forge/src/dispatcher/posix.c:62 140685957568256: single write -1 of expected 6291456
16:05:07 ERROR /home/bsc03/bsc03353/forge/src/dispatcher/posix.c:61 139814524421888: r->filehandle = 37, r->size = 6291456, r->offset = 0
16:05:07 ERROR /home/bsc03/bsc03353/forge/src/dispatcher/posix.c:62 139814524421888: single write -1 of expected 6291456
16:05:08 ERROR /home/bsc03/bsc03353/forge/src/dispatcher/posix.c:61 140698842494720: r->filehandle = 165, r->size = 6291456, r->offset = 0
16:05:08 ERROR /home/bsc03/bsc03353/forge/src/dispatcher/posix.c:62 140698842494720: single write -1 of expected 6291456
16:05:08 ERROR /home/bsc03/bsc03353/forge/src/dispatcher/posix.c:61 139803786983168: r->filehandle = 140, r->size = 6291456, r->offset = 0
16:05:08 ERROR /home/bsc03/bsc03353/forge/src/dispatcher/posix.c:62 139803786983168: single write -1 of expected 6291456
16:05:08 ERROR /home/bsc03/bsc03353/forge/src/dispatcher/posix.c:61 140692400031488: r->filehandle = 128, r->size = 6291456, r->offset = 0
16:05:08 ERROR /home/bsc03/bsc03353/forge/src/dispatcher/posix.c:61 139813094291200: r->filehandle = 210, r->size = 6291456, r->offset = 0
16:05:08 ERROR /home/bsc03/bsc03353/forge/src/dispatcher/posix.c:62 140692400031488: single write -1 of expected 6291456
16:05:08 ERROR /home/bsc03/bsc03353/forge/src/dispatcher/posix.c:62 139813094291200: single write -1 of expected 6291456
16:05:10 ERROR /home/bsc03/bsc03353/forge/src/dispatcher/posix.c:61 140255174854400: r->filehandle = 74, r->size = 6291456, r->offset = 0
16:05:10 ERROR /home/bsc03/bsc03353/forge/src/dispatcher/posix.c:62 140255174854400: single write -1 of expected 6291456
16:05:10 ERROR /home/bsc03/bsc03353/forge/src/dispatcher/posix.c:61 139812376934144: r->filehandle = 227, r->size = 6291456, r->offset = 0
16:05:10 ERROR /home/bsc03/bsc03353/forge/src/dispatcher/posix.c:62 139812376934144: single write -1 of expected 6291456
16:05:10 ERROR /home/bsc03/bsc03353/forge/src/dispatcher/posix.c:61 139806651827968: r->filehandle = 98, r->size = 6291456, r->offset = 0
16:05:10 ERROR /home/bsc03/bsc03353/forge/src/dispatcher/posix.c:62 139806651827968: single write -1 of expected 6291456
16:05:11 ERROR /home/bsc03/bsc03353/forge/src/dispatcher/posix.c:61 140248732391168: r->filehandle = 215, r->size = 6291456, r->offset = 0
16:05:11 ERROR /home/bsc03/bsc03353/forge/src/dispatcher/posix.c:62 140248732391168: single write -1 of expected 6291456
16:05:14 ERROR /home/bsc03/bsc03353/forge/src/dispatcher/posix.c:61 139814524421888: r->filehandle = 123, r->size = 6291456, r->offset = 0
16:05:14 ERROR /home/bsc03/bsc03353/forge/src/dispatcher/posix.c:62 139814524421888: single write -1 of expected 6291456
16:05:14 ERROR /home/bsc03/bsc03353/forge/src/dispatcher/posix.c:61 139819536754432: r->filehandle = 96, r->size = 6291456, r->offset = 0
16:05:14 ERROR /home/bsc03/bsc03353/forge/src/dispatcher/posix.c:61 140240142440192: r->filehandle = 77, r->size = 6291456, r->offset = 0
16:05:14 ERROR /home/bsc03/bsc03353/forge/src/dispatcher/posix.c:62 139819536754432: single write -1 of expected 6291456
16:05:14 ERROR /home/bsc03/bsc03353/forge/src/dispatcher/posix.c:62 140240142440192: single write -1 of expected 6291456
16:05:16 ERROR /home/bsc03/bsc03353/forge/src/dispatcher/posix.c:61 139831704323840: r->filehandle = 124, r->size = 6291456, r->offset = 0
16:05:16 ERROR /home/bsc03/bsc03353/forge/src/dispatcher/posix.c:62 139831704323840: single write -1 of expected 6291456
16:05:16 ERROR /home/bsc03/bsc03353/forge/src/dispatcher/posix.c:61 140265912293120: r->filehandle = 214, r->size = 6291456, r->offset = 0
16:05:16 ERROR /home/bsc03/bsc03353/forge/src/dispatcher/posix.c:62 140265912293120: single write -1 of expected 6291456
16:05:17 ERROR /home/bsc03/bsc03353/forge/src/dispatcher/posix.c:61 140700989982464: r->filehandle = 143, r->size = 6291456, r->offset = 0
16:05:17 ERROR /home/bsc03/bsc03353/forge/src/dispatcher/posix.c:62 140700989982464: single write -1 of expected 6291456
16:05:17 ERROR /home/bsc03/bsc03353/forge/src/dispatcher/posix.c:61 139823114372864: r->filehandle = 102, r->size = 6291456, r->offset = 0
16:05:17 ERROR /home/bsc03/bsc03353/forge/src/dispatcher/posix.c:62 139823114372864: single write -1 of expected 6291456
16:05:18 ERROR /home/bsc03/bsc03353/forge/src/dispatcher/posix.c:61 139825979217664: r->filehandle = 75, r->size = 6291456, r->offset = 0
16:05:18 ERROR /home/bsc03/bsc03353/forge/src/dispatcher/posix.c:62 139825979217664: single write -1 of expected 6291456
16:05:19 ERROR /home/bsc03/bsc03353/forge/src/dispatcher/posix.c:61 139819536754432: r->filehandle = 106, r->size = 6291456, r->offset = 0
16:05:19 ERROR /home/bsc03/bsc03353/forge/src/dispatcher/posix.c:62 139819536754432: single write -1 of expected 6291456
16:05:20 ERROR /home/bsc03/bsc03353/forge/src/dispatcher/posix.c:61 139838864144128: r->filehandle = 167, r->size = 6291456, r->offset = 0
16:05:20 ERROR /home/bsc03/bsc03353/forge/src/dispatcher/posix.c:62 139838864144128: single write -1 of expected 6291456
16:05:20 ERROR /home/bsc03/bsc03353/forge/src/dispatcher/posix.c:61 140242289927936: r->filehandle = 161, r->size = 6291456, r->offset = 0
16:05:20 ERROR /home/bsc03/bsc03353/forge/src/dispatcher/posix.c:61 139814524421888: r->filehandle = 172, r->size = 6291456, r->offset = 0
16:05:20 ERROR /home/bsc03/bsc03353/forge/src/dispatcher/posix.c:62 140242289927936: single write -1 of expected 6291456
16:05:20 ERROR /home/bsc03/bsc03353/forge/src/dispatcher/posix.c:62 139814524421888: single write -1 of expected 6291456
16:05:20 ERROR /home/bsc03/bsc03353/forge/src/dispatcher/posix.c:61 140272354756352: r->filehandle = 164, r->size = 6291456, r->offset = 0
16:05:20 ERROR /home/bsc03/bsc03353/forge/src/dispatcher/posix.c:62 140272354756352: single write -1 of expected 6291456
16:05:22 ERROR /home/bsc03/bsc03353/forge/src/dispatcher/posix.c:61 139815241778944: r->filehandle = 194, r->size = 6291456, r->offset = 0
16:05:22 ERROR /home/bsc03/bsc03353/forge/src/dispatcher/posix.c:62 139815241778944: single write -1 of expected 6291456
16:05:22 ERROR /home/bsc03/bsc03353/forge/src/dispatcher/posix.c:61 140263764805376: r->filehandle = 156, r->size = 6291456, r->offset = 0
16:05:22 ERROR /home/bsc03/bsc03353/forge/src/dispatcher/posix.c:62 140263764805376: single write -1 of expected 6291456
16:05:22 ERROR /home/bsc03/bsc03353/forge/src/dispatcher/posix.c:61 139810946803456: r->filehandle = 63, r->size = 6291456, r->offset = 0
16:05:22 ERROR /home/bsc03/bsc03353/forge/src/dispatcher/posix.c:62 139810946803456: single write -1 of expected 6291456
16:05:23 ERROR /home/bsc03/bsc03353/forge/src/dispatcher/posix.c:61 139819536754432: r->filehandle = 137, r->size = 6291456, r->offset = 0
16:05:23 ERROR /home/bsc03/bsc03353/forge/src/dispatcher/posix.c:62 139819536754432: single write -1 of expected 6291456
16:05:24 ERROR /home/bsc03/bsc03353/forge/src/dispatcher/posix.c:61 139834569168640: r->filehandle = 45, r->size = 6291456, r->offset = 0
16:05:24 ERROR /home/bsc03/bsc03353/forge/src/dispatcher/posix.c:62 139834569168640: single write -1 of expected 6291456
16:05:24 ERROR /home/bsc03/bsc03353/forge/src/dispatcher/posix.c:61 139817389266688: r->filehandle = 77, r->size = 6291456, r->offset = 0
16:05:24 ERROR /home/bsc03/bsc03353/forge/src/dispatcher/posix.c:62 139817389266688: single write -1 of expected 6291456
16:05:25 ERROR /home/bsc03/bsc03353/forge/src/dispatcher/posix.c:61 140703137470208: r->filehandle = 70, r->size = 6291456, r->offset = 0
16:05:25 ERROR /home/bsc03/bsc03353/forge/src/dispatcher/posix.c:62 140703137470208: single write -1 of expected 6291456
16:05:25 ERROR /home/bsc03/bsc03353/forge/src/dispatcher/posix.c:61 140248732391168: r->filehandle = 174, r->size = 6291456, r->offset = 0
16:05:25 ERROR /home/bsc03/bsc03353/forge/src/dispatcher/posix.c:61 139835999299328: r->filehandle = 92, r->size = 6291456, r->offset = 0
16:05:25 ERROR /home/bsc03/bsc03353/forge/src/dispatcher/posix.c:62 140248732391168: single write -1 of expected 6291456
16:05:25 ERROR /home/bsc03/bsc03353/forge/src/dispatcher/posix.c:62 139835999299328: single write -1 of expected 6291456
16:05:26 ERROR /home/bsc03/bsc03353/forge/src/dispatcher/posix.c:61 139814524421888: r->filehandle = 114, r->size = 6291456, r->offset = 0
16:05:26 ERROR /home/bsc03/bsc03353/forge/src/dispatcher/posix.c:62 139814524421888: single write -1 of expected 6291456
16:05:26 ERROR /home/bsc03/bsc03353/forge/src/dispatcher/posix.c:61 140272354756352: r->filehandle = 143, r->size = 6291456, r->offset = 0
16:05:26 ERROR /home/bsc03/bsc03353/forge/src/dispatcher/posix.c:62 140272354756352: single write -1 of expected 6291456
16:05:27 ERROR /home/bsc03/bsc03353/forge/src/dispatcher/posix.c:61 139806651827968: r->filehandle = 125, r->size = 6291456, r->offset = 0
16:05:27 ERROR /home/bsc03/bsc03353/forge/src/dispatcher/posix.c:62 139806651827968: single write -1 of expected 6291456
16:05:27 ERROR /home/bsc03/bsc03353/forge/src/dispatcher/posix.c:61 140685957568256: r->filehandle = 207, r->size = 6291456, r->offset = 0
16:05:27 ERROR /home/bsc03/bsc03353/forge/src/dispatcher/posix.c:62 140685957568256: single write -1 of expected 6291456
16:05:28 ERROR /home/bsc03/bsc03353/forge/src/dispatcher/posix.c:61 140694547519232: r->filehandle = 134, r->size = 6291456, r->offset = 0
16:05:28 ERROR /home/bsc03/bsc03353/forge/src/dispatcher/posix.c:62 140694547519232: single write -1 of expected 6291456
16:05:29 ERROR /home/bsc03/bsc03353/forge/src/dispatcher/posix.c:61 140240142440192: r->filehandle = 163, r->size = 6291456, r->offset = 0
16:05:29 ERROR /home/bsc03/bsc03353/forge/src/dispatcher/posix.c:62 140240142440192: single write -1 of expected 6291456
16:05:30 ERROR /home/bsc03/bsc03353/forge/src/dispatcher/posix.c:61 139810229446400: r->filehandle = 217, r->size = 6291456, r->offset = 0
16:05:30 ERROR /home/bsc03/bsc03353/forge/src/dispatcher/posix.c:62 139810229446400: single write -1 of expected 6291456
16:05:32 ERROR /home/bsc03/bsc03353/forge/src/dispatcher/posix.c:61 140255174854400: r->filehandle = 108, r->size = 6291456, r->offset = 0
16:05:32 ERROR /home/bsc03/bsc03353/forge/src/dispatcher/posix.c:62 140255174854400: single write -1 of expected 6291456
16:05:32 ERROR /home/bsc03/bsc03353/forge/src/dispatcher/posix.c:61 139825261860608: r->filehandle = 53, r->size = 6291456, r->offset = 0
16:05:32 ERROR /home/bsc03/bsc03353/forge/src/dispatcher/posix.c:62 139825261860608: single write -1 of expected 6291456
16:05:33 ERROR /home/bsc03/bsc03353/forge/src/dispatcher/posix.c:61 140265912293120: r->filehandle = 194, r->size = 6291456, r->offset = 0
16:05:33 ERROR /home/bsc03/bsc03353/forge/src/dispatcher/posix.c:62 140265912293120: single write -1 of expected 6291456
16:05:34 ERROR /home/bsc03/bsc03353/forge/src/dispatcher/posix.c:61 140272354756352: r->filehandle = 138, r->size = 6291456, r->offset = 0
16:05:34 ERROR /home/bsc03/bsc03353/forge/src/dispatcher/posix.c:61 139808081958656: r->filehandle = 174, r->size = 6291456, r->offset = 0
16:05:34 ERROR /home/bsc03/bsc03353/forge/src/dispatcher/posix.c:62 140272354756352: single write -1 of expected 6291456
16:05:34 ERROR /home/bsc03/bsc03353/forge/src/dispatcher/posix.c:61 140692400031488: r->filehandle = 106, r->size = 6291456, r->offset = 0
16:05:34 ERROR /home/bsc03/bsc03353/forge/src/dispatcher/posix.c:62 139808081958656: single write -1 of expected 6291456
16:05:34 ERROR /home/bsc03/bsc03353/forge/src/dispatcher/posix.c:62 140692400031488: single write -1 of expected 6291456
16:05:34 ERROR /home/bsc03/bsc03353/forge/src/dispatcher/posix.c:61 139821684242176: r->filehandle = 62, r->size = 6291456, r->offset = 0
16:05:34 ERROR /home/bsc03/bsc03353/forge/src/dispatcher/posix.c:62 139821684242176: single write -1 of expected 6291456
16:05:36 ERROR /home/bsc03/bsc03353/forge/src/dispatcher/posix.c:61 140242289927936: r->filehandle = 73, r->size = 6291456, r->offset = 0
16:05:36 ERROR /home/bsc03/bsc03353/forge/src/dispatcher/posix.c:62 140242289927936: single write -1 of expected 6291456
16:05:39 ERROR /home/bsc03/bsc03353/forge/src/dispatcher/posix.c:61 139827409348352: r->filehandle = 67, r->size = 6291456, r->offset = 0
16:05:39 ERROR /home/bsc03/bsc03353/forge/src/dispatcher/posix.c:61 140683810080512: r->filehandle = 36, r->size = 6291456, r->offset = 0
16:05:39 ERROR /home/bsc03/bsc03353/forge/src/dispatcher/posix.c:62 139827409348352: single write -1 of expected 6291456
16:05:39 ERROR /home/bsc03/bsc03353/forge/src/dispatcher/posix.c:62 140683810080512: single write -1 of expected 6291456
16:05:39 ERROR /home/bsc03/bsc03353/forge/src/dispatcher/posix.c:61 139817389266688: r->filehandle = 92, r->size = 6291456, r->offset = 0
16:05:39 ERROR /home/bsc03/bsc03353/forge/src/dispatcher/posix.c:61 139820966885120: r->filehandle = 39, r->size = 6291456, r->offset = 0
16:05:39 ERROR /home/bsc03/bsc03353/forge/src/dispatcher/posix.c:62 139817389266688: single write -1 of expected 6291456
16:05:39 ERROR /home/bsc03/bsc03353/forge/src/dispatcher/posix.c:62 139820966885120: single write -1 of expected 6291456
16:05:40 ERROR /home/bsc03/bsc03353/forge/src/dispatcher/posix.c:61 140261617317632: r->filehandle = 184, r->size = 6291456, r->offset = 0
16:05:40 ERROR /home/bsc03/bsc03353/forge/src/dispatcher/posix.c:62 140261617317632: single write -1 of expected 6291456
16:05:41 ERROR /home/bsc03/bsc03353/forge/src/dispatcher/posix.c:61 140675220129536: r->filehandle = 164, r->size = 6291456, r->offset = 0
16:05:41 ERROR /home/bsc03/bsc03353/forge/src/dispatcher/posix.c:62 140675220129536: single write -1 of expected 6291456
16:05:41 ERROR /home/bsc03/bsc03353/forge/src/dispatcher/posix.c:61 140685957568256: r->filehandle = 117, r->size = 6291456, r->offset = 0
16:05:41 ERROR /home/bsc03/bsc03353/forge/src/dispatcher/posix.c:62 140685957568256: single write -1 of expected 6291456
16:05:41 ERROR /home/bsc03/bsc03353/forge/src/dispatcher/posix.c:61 140259469829888: r->filehandle = 96, r->size = 6291456, r->offset = 0
16:05:41 ERROR /home/bsc03/bsc03353/forge/src/dispatcher/posix.c:62 140259469829888: single write -1 of expected 6291456
16:05:42 ERROR /home/bsc03/bsc03353/forge/src/dispatcher/posix.c:61 139828126705408: r->filehandle = 135, r->size = 6291456, r->offset = 0
16:05:42 ERROR /home/bsc03/bsc03353/forge/src/dispatcher/posix.c:61 140250879878912: r->filehandle = 95, r->size = 6291456, r->offset = 0
16:05:42 ERROR /home/bsc03/bsc03353/forge/src/dispatcher/posix.c:62 140250879878912: single write -1 of expected 6291456
16:05:42 ERROR /home/bsc03/bsc03353/forge/src/dispatcher/posix.c:62 139828126705408: single write -1 of expected 6291456
16:05:43 ERROR /home/bsc03/bsc03353/forge/src/dispatcher/posix.c:61 139810946803456: r->filehandle = 140, r->size = 6291456, r->offset = 0
16:05:43 ERROR /home/bsc03/bsc03353/forge/src/dispatcher/posix.c:62 139810946803456: single write -1 of expected 6291456
16:05:44 ERROR /home/bsc03/bsc03353/forge/src/dispatcher/posix.c:61 139825979217664: r->filehandle = 200, r->size = 6291456, r->offset = 0
16:05:44 ERROR /home/bsc03/bsc03353/forge/src/dispatcher/posix.c:62 139825979217664: single write -1 of expected 6291456
16:05:44 ERROR /home/bsc03/bsc03353/forge/src/dispatcher/posix.c:61 139823114372864: r->filehandle = 222, r->size = 6291456, r->offset = 0
16:05:44 ERROR /home/bsc03/bsc03353/forge/src/dispatcher/posix.c:62 139823114372864: single write -1 of expected 6291456
16:05:45 ERROR /home/bsc03/bsc03353/forge/src/dispatcher/posix.c:61 139805934470912: r->filehandle = 153, r->size = 6291456, r->offset = 0
16:05:45 ERROR /home/bsc03/bsc03353/forge/src/dispatcher/posix.c:62 139805934470912: single write -1 of expected 6291456
16:05:45 ERROR /home/bsc03/bsc03353/forge/src/dispatcher/posix.c:61 140696695006976: r->filehandle = 47, r->size = 6291456, r->offset = 0
16:05:45 ERROR /home/bsc03/bsc03353/forge/src/dispatcher/posix.c:62 140696695006976: single write -1 of expected 6291456
16:05:45 ERROR /home/bsc03/bsc03353/forge/src/dispatcher/posix.c:61 139819536754432: r->filehandle = 50, r->size = 6291456, r->offset = 0
16:05:45 ERROR /home/bsc03/bsc03353/forge/src/dispatcher/posix.c:62 139819536754432: single write -1 of expected 6291456
16:05:46 ERROR /home/bsc03/bsc03353/forge/src/dispatcher/posix.c:61 140683810080512: r->filehandle = 160, r->size = 6291456, r->offset = 0
16:05:46 ERROR /home/bsc03/bsc03353/forge/src/dispatcher/posix.c:62 140683810080512: single write -1 of expected 6291456
16:05:48 ERROR /home/bsc03/bsc03353/forge/src/dispatcher/posix.c:61 139829556836096: r->filehandle = 137, r->size = 6291456, r->offset = 0
16:05:48 ERROR /home/bsc03/bsc03353/forge/src/dispatcher/posix.c:62 139829556836096: single write -1 of expected 6291456
16:05:48 ERROR /home/bsc03/bsc03353/forge/src/dispatcher/posix.c:61 140246584903424: r->filehandle = 128, r->size = 6291456, r->offset = 0
16:05:48 ERROR /home/bsc03/bsc03353/forge/src/dispatcher/posix.c:62 140246584903424: single write -1 of expected 6291456
16:05:48 ERROR /home/bsc03/bsc03353/forge/src/dispatcher/posix.c:61 139834569168640: r->filehandle = 206, r->size = 6291456, r->offset = 0
16:05:48 ERROR /home/bsc03/bsc03353/forge/src/dispatcher/posix.c:61 140677367617280: r->filehandle = 74, r->size = 6291456, r->offset = 0
16:05:48 ERROR /home/bsc03/bsc03353/forge/src/dispatcher/posix.c:62 140677367617280: single write -1 of expected 6291456
16:05:48 ERROR /home/bsc03/bsc03353/forge/src/dispatcher/posix.c:62 139834569168640: single write -1 of expected 6291456
16:05:49 ERROR /home/bsc03/bsc03353/forge/src/dispatcher/posix.c:61 140270207268608: r->filehandle = 136, r->size = 6291456, r->offset = 0
16:05:49 ERROR /home/bsc03/bsc03353/forge/src/dispatcher/posix.c:62 140270207268608: single write -1 of expected 6291456
16:05:49 ERROR /home/bsc03/bsc03353/forge/src/dispatcher/posix.c:61 139833851811584: r->filehandle = 185, r->size = 6291456, r->offset = 0
16:05:49 ERROR /home/bsc03/bsc03353/forge/src/dispatcher/posix.c:62 139833851811584: single write -1 of expected 6291456
16:05:50 ERROR /home/bsc03/bsc03353/forge/src/dispatcher/posix.c:61 139823831729920: r->filehandle = 68, r->size = 6291456, r->offset = 0
16:05:50 ERROR /home/bsc03/bsc03353/forge/src/dispatcher/posix.c:62 139823831729920: single write -1 of expected 6291456
16:05:50 ERROR /home/bsc03/bsc03353/forge/src/dispatcher/posix.c:61 140698842494720: r->filehandle = 38, r->size = 6291456, r->offset = 0
16:05:50 ERROR /home/bsc03/bsc03353/forge/src/dispatcher/posix.c:62 140698842494720: single write -1 of expected 6291456
16:05:51 ERROR /home/bsc03/bsc03353/forge/src/dispatcher/posix.c:61 139832421680896: r->filehandle = 47, r->size = 6291456, r->offset = 0
16:05:51 ERROR /home/bsc03/bsc03353/forge/src/dispatcher/posix.c:62 139832421680896: single write -1 of expected 6291456
16:05:51 ERROR /home/bsc03/bsc03353/forge/src/dispatcher/posix.c:61 140683810080512: r->filehandle = 84, r->size = 6291456, r->offset = 0
16:05:51 ERROR /home/bsc03/bsc03353/forge/src/dispatcher/posix.c:62 140683810080512: single write -1 of expected 6291456
16:05:52 ERROR /home/bsc03/bsc03353/forge/src/dispatcher/posix.c:61 140244437415680: r->filehandle = 157, r->size = 6291456, r->offset = 0
16:05:52 ERROR /home/bsc03/bsc03353/forge/src/dispatcher/posix.c:61 139814524421888: r->filehandle = 111, r->size = 6291456, r->offset = 0
16:05:52 ERROR /home/bsc03/bsc03353/forge/src/dispatcher/posix.c:62 140244437415680: single write -1 of expected 6291456
16:05:52 ERROR /home/bsc03/bsc03353/forge/src/dispatcher/posix.c:62 139814524421888: single write -1 of expected 6291456
16:05:52 ERROR /home/bsc03/bsc03353/forge/src/dispatcher/posix.c:61 139810946803456: r->filehandle = 88, r->size = 6291456, r->offset = 0
16:05:52 ERROR /home/bsc03/bsc03353/forge/src/dispatcher/posix.c:61 140268059780864: r->filehandle = 127, r->size = 6291456, r->offset = 0
16:05:52 ERROR /home/bsc03/bsc03353/forge/src/dispatcher/posix.c:62 140268059780864: single write -1 of expected 6291456
16:05:52 ERROR /home/bsc03/bsc03353/forge/src/dispatcher/posix.c:62 139810946803456: single write -1 of expected 6291456
16:05:54 ERROR /home/bsc03/bsc03353/forge/src/dispatcher/posix.c:61 140265912293120: r->filehandle = 171, r->size = 6291456, r->offset = 0
16:05:54 ERROR /home/bsc03/bsc03353/forge/src/dispatcher/posix.c:62 140265912293120: single write -1 of expected 6291456
16:05:55 ERROR /home/bsc03/bsc03353/forge/src/dispatcher/posix.c:61 139821684242176: r->filehandle = 199, r->size = 6291456, r->offset = 0
16:05:55 ERROR /home/bsc03/bsc03353/forge/src/dispatcher/posix.c:61 139829556836096: r->filehandle = 98, r->size = 6291456, r->offset = 0
16:05:55 ERROR /home/bsc03/bsc03353/forge/src/dispatcher/posix.c:62 139829556836096: single write -1 of expected 6291456
16:05:55 ERROR /home/bsc03/bsc03353/forge/src/dispatcher/posix.c:62 139821684242176: single write -1 of expected 6291456
16:05:56 ERROR /home/bsc03/bsc03353/forge/src/dispatcher/posix.c:61 140261617317632: r->filehandle = 98, r->size = 6291456, r->offset = 0
16:05:56 ERROR /home/bsc03/bsc03353/forge/src/dispatcher/posix.c:62 140261617317632: single write -1 of expected 6291456
16:05:57 ERROR /home/bsc03/bsc03353/forge/src/dispatcher/posix.c:61 140268059780864: r->filehandle = 196, r->size = 6291456, r->offset = 0
16:05:57 ERROR /home/bsc03/bsc03353/forge/src/dispatcher/posix.c:62 140268059780864: single write -1 of expected 6291456
16:05:58 ERROR /home/bsc03/bsc03353/forge/src/dispatcher/posix.c:61 140675220129536: r->filehandle = 168, r->size = 6291456, r->offset = 0
16:05:58 ERROR /home/bsc03/bsc03353/forge/src/dispatcher/posix.c:62 140675220129536: single write -1 of expected 6291456
16:05:59 ERROR /home/bsc03/bsc03353/forge/src/dispatcher/posix.c:61 140692400031488: r->filehandle = 42, r->size = 6291456, r->offset = 0
16:05:59 ERROR /home/bsc03/bsc03353/forge/src/dispatcher/posix.c:62 140692400031488: single write -1 of expected 6291456
16:06:01 ERROR /home/bsc03/bsc03353/forge/src/dispatcher/posix.c:61 140673072641792: r->filehandle = 85, r->size = 6291456, r->offset = 0
16:06:01 ERROR /home/bsc03/bsc03353/forge/src/dispatcher/posix.c:62 140673072641792: single write -1 of expected 6291456
16:06:01 ERROR /home/bsc03/bsc03353/forge/src/dispatcher/posix.c:61 139823831729920: r->filehandle = 82, r->size = 6291456, r->offset = 0
16:06:01 ERROR /home/bsc03/bsc03353/forge/src/dispatcher/posix.c:62 139823831729920: single write -1 of expected 6291456
16:06:02 ERROR /home/bsc03/bsc03353/forge/src/dispatcher/posix.c:61 140698842494720: r->filehandle = 45, r->size = 6291456, r->offset = 0
16:06:02 ERROR /home/bsc03/bsc03353/forge/src/dispatcher/posix.c:62 140698842494720: single write -1 of expected 6291456
16:06:02 ERROR /home/bsc03/bsc03353/forge/src/dispatcher/posix.c:61 140250879878912: r->filehandle = 144, r->size = 6291456, r->offset = 0
16:06:02 ERROR /home/bsc03/bsc03353/forge/src/dispatcher/posix.c:62 140250879878912: single write -1 of expected 6291456
16:06:02 ERROR /home/bsc03/bsc03353/forge/src/dispatcher/posix.c:61 139830274193152: r->filehandle = 176, r->size = 6291456, r->offset = 0
16:06:02 ERROR /home/bsc03/bsc03353/forge/src/dispatcher/posix.c:61 139835999299328: r->filehandle = 87, r->size = 6291456, r->offset = 0
16:06:02 ERROR /home/bsc03/bsc03353/forge/src/dispatcher/posix.c:62 139830274193152: single write -1 of expected 6291456
16:06:02 ERROR /home/bsc03/bsc03353/forge/src/dispatcher/posix.c:62 139835999299328: single write -1 of expected 6291456
16:06:03 ERROR /home/bsc03/bsc03353/forge/src/dispatcher/posix.c:61 140688105056000: r->filehandle = 77, r->size = 6291456, r->offset = 0
16:06:03 ERROR /home/bsc03/bsc03353/forge/src/dispatcher/posix.c:62 140688105056000: single write -1 of expected 6291456
16:06:03 ERROR /home/bsc03/bsc03353/forge/src/dispatcher/posix.c:61 139833851811584: r->filehandle = 40, r->size = 6291456, r->offset = 0
16:06:03 ERROR /home/bsc03/bsc03353/forge/src/dispatcher/posix.c:62 139833851811584: single write -1 of expected 6291456
16:06:04 ERROR /home/bsc03/bsc03353/forge/src/dispatcher/posix.c:61 139823114372864: r->filehandle = 41, r->size = 6291456, r->offset = 0
16:06:04 ERROR /home/bsc03/bsc03353/forge/src/dispatcher/posix.c:62 139823114372864: single write -1 of expected 6291456
16:06:05 ERROR /home/bsc03/bsc03353/forge/src/dispatcher/posix.c:61 140268059780864: r->filehandle = 105, r->size = 6291456, r->offset = 0
16:06:05 ERROR /home/bsc03/bsc03353/forge/src/dispatcher/posix.c:62 140268059780864: single write -1 of expected 6291456
16:06:05 ERROR /home/bsc03/bsc03353/forge/src/dispatcher/posix.c:61 139819536754432: r->filehandle = 157, r->size = 6291456, r->offset = 0
16:06:05 ERROR /home/bsc03/bsc03353/forge/src/dispatcher/posix.c:62 139819536754432: single write -1 of expected 6291456
16:06:05 ERROR /home/bsc03/bsc03353/forge/src/dispatcher/posix.c:61 139814524421888: r->filehandle = 57, r->size = 6291456, r->offset = 0
16:06:05 ERROR /home/bsc03/bsc03353/forge/src/dispatcher/posix.c:62 139814524421888: single write -1 of expected 6291456
16:06:06 ERROR /home/bsc03/bsc03353/forge/src/dispatcher/posix.c:61 140261617317632: r->filehandle = 93, r->size = 6291456, r->offset = 0
16:06:06 ERROR /home/bsc03/bsc03353/forge/src/dispatcher/posix.c:62 140261617317632: single write -1 of expected 6291456
16:06:07 ERROR /home/bsc03/bsc03353/forge/src/dispatcher/posix.c:61 139827409348352: r->filehandle = 171, r->size = 6291456, r->offset = 0
16:06:07 ERROR /home/bsc03/bsc03353/forge/src/dispatcher/posix.c:61 140681662592768: r->filehandle = 94, r->size = 6291456, r->offset = 0
16:06:07 ERROR /home/bsc03/bsc03353/forge/src/dispatcher/posix.c:62 139827409348352: single write -1 of expected 6291456
16:06:07 ERROR /home/bsc03/bsc03353/forge/src/dispatcher/posix.c:62 140681662592768: single write -1 of expected 6291456
16:06:08 ERROR /home/bsc03/bsc03353/forge/src/dispatcher/posix.c:61 140257322342144: r->filehandle = 176, r->size = 6291456, r->offset = 0
16:06:08 ERROR /home/bsc03/bsc03353/forge/src/dispatcher/posix.c:62 140257322342144: single write -1 of expected 6291456
16:06:10 ERROR /home/bsc03/bsc03353/forge/src/dispatcher/posix.c:61 139825979217664: r->filehandle = 94, r->size = 6291456, r->offset = 0
16:06:10 ERROR /home/bsc03/bsc03353/forge/src/dispatcher/posix.c:61 140265912293120: r->filehandle = 94, r->size = 6291456, r->offset = 0
16:06:10 ERROR /home/bsc03/bsc03353/forge/src/dispatcher/posix.c:62 140265912293120: single write -1 of expected 6291456
16:06:10 ERROR /home/bsc03/bsc03353/forge/src/dispatcher/posix.c:61 139835999299328: r->filehandle = 214, r->size = 6291456, r->offset = 0
16:06:10 ERROR /home/bsc03/bsc03353/forge/src/dispatcher/posix.c:62 139825979217664: single write -1 of expected 6291456
16:06:10 ERROR /home/bsc03/bsc03353/forge/src/dispatcher/posix.c:62 139835999299328: single write -1 of expected 6291456
16:06:10 ERROR /home/bsc03/bsc03353/forge/src/dispatcher/posix.c:61 140703137470208: r->filehandle = 163, r->size = 6291456, r->offset = 0
16:06:10 ERROR /home/bsc03/bsc03353/forge/src/dispatcher/posix.c:62 140703137470208: single write -1 of expected 6291456
16:06:10 ERROR /home/bsc03/bsc03353/forge/src/dispatcher/posix.c:61 139834569168640: r->filehandle = 170, r->size = 6291456, r->offset = 0
16:06:10 ERROR /home/bsc03/bsc03353/forge/src/dispatcher/posix.c:62 139834569168640: single write -1 of expected 6291456
16:06:11 ERROR /home/bsc03/bsc03353/forge/src/dispatcher/posix.c:61 139823114372864: r->filehandle = 69, r->size = 6291456, r->offset = 0
16:06:11 ERROR /home/bsc03/bsc03353/forge/src/dispatcher/posix.c:62 139823114372864: single write -1 of expected 6291456
16:06:12 ERROR /home/bsc03/bsc03353/forge/src/dispatcher/posix.c:61 139813094291200: r->filehandle = 111, r->size = 6291456, r->offset = 0
16:06:12 ERROR /home/bsc03/bsc03353/forge/src/dispatcher/posix.c:62 139813094291200: single write -1 of expected 6291456
16:06:12 ERROR /home/bsc03/bsc03353/forge/src/dispatcher/posix.c:61 140250879878912: r->filehandle = 185, r->size = 6291456, r->offset = 0
16:06:12 ERROR /home/bsc03/bsc03353/forge/src/dispatcher/posix.c:62 140250879878912: single write -1 of expected 6291456
16:06:12 ERROR /home/bsc03/bsc03353/forge/src/dispatcher/posix.c:61 139810946803456: r->filehandle = 217, r->size = 6291456, r->offset = 0
16:06:12 ERROR /home/bsc03/bsc03353/forge/src/dispatcher/posix.c:62 139810946803456: single write -1 of expected 6291456
16:06:14 ERROR /home/bsc03/bsc03353/forge/src/dispatcher/posix.c:61 140690252543744: r->filehandle = 127, r->size = 6291456, r->offset = 0
16:06:14 ERROR /home/bsc03/bsc03353/forge/src/dispatcher/posix.c:62 140690252543744: single write -1 of expected 6291456
16:06:14 ERROR /home/bsc03/bsc03353/forge/src/dispatcher/posix.c:61 140248732391168: r->filehandle = 147, r->size = 6291456, r->offset = 0
16:06:14 ERROR /home/bsc03/bsc03353/forge/src/dispatcher/posix.c:61 139812376934144: r->filehandle = 82, r->size = 6291456, r->offset = 0
16:06:14 ERROR /home/bsc03/bsc03353/forge/src/dispatcher/posix.c:62 140248732391168: single write -1 of expected 6291456
16:06:14 ERROR /home/bsc03/bsc03353/forge/src/dispatcher/posix.c:62 139812376934144: single write -1 of expected 6291456
16:06:15 ERROR /home/bsc03/bsc03353/forge/src/dispatcher/posix.c:61 140272354756352: r->filehandle = 213, r->size = 6291456, r->offset = 0
16:06:15 ERROR /home/bsc03/bsc03353/forge/src/dispatcher/posix.c:62 140272354756352: single write -1 of expected 6291456
16:06:15 ERROR /home/bsc03/bsc03353/forge/src/dispatcher/posix.c:61 139818819397376: r->filehandle = 145, r->size = 6291456, r->offset = 0
16:06:15 ERROR /home/bsc03/bsc03353/forge/src/dispatcher/posix.c:62 139818819397376: single write -1 of expected 6291456
16:06:17 ERROR /home/bsc03/bsc03353/forge/src/dispatcher/posix.c:61 139817389266688: r->filehandle = 101, r->size = 6291456, r->offset = 0
16:06:17 ERROR /home/bsc03/bsc03353/forge/src/dispatcher/posix.c:62 139817389266688: single write -1 of expected 6291456
16:06:18 ERROR /home/bsc03/bsc03353/forge/src/dispatcher/posix.c:61 139827409348352: r->filehandle = 42, r->size = 6291456, r->offset = 0
16:06:18 ERROR /home/bsc03/bsc03353/forge/src/dispatcher/posix.c:62 139827409348352: single write -1 of expected 6291456
16:06:19 ERROR /home/bsc03/bsc03353/forge/src/dispatcher/posix.c:61 140705284957952: r->filehandle = 185, r->size = 6291456, r->offset = 0
16:06:19 ERROR /home/bsc03/bsc03353/forge/src/dispatcher/posix.c:62 140705284957952: single write -1 of expected 6291456
16:06:20 ERROR /home/bsc03/bsc03353/forge/src/dispatcher/posix.c:61 140703137470208: r->filehandle = 83, r->size = 6291456, r->offset = 0
16:06:20 ERROR /home/bsc03/bsc03353/forge/src/dispatcher/posix.c:62 140703137470208: single write -1 of expected 6291456
16:06:20 ERROR /home/bsc03/bsc03353/forge/src/dispatcher/posix.c:61 139813094291200: r->filehandle = 86, r->size = 6291456, r->offset = 0
16:06:20 ERROR /home/bsc03/bsc03353/forge/src/dispatcher/posix.c:62 139813094291200: single write -1 of expected 6291456
16:06:21 ERROR /home/bsc03/bsc03353/forge/src/dispatcher/posix.c:61 140242289927936: r->filehandle = 165, r->size = 6291456, r->offset = 0
16:06:21 ERROR /home/bsc03/bsc03353/forge/src/dispatcher/posix.c:62 140242289927936: single write -1 of expected 6291456
16:06:21 ERROR /home/bsc03/bsc03353/forge/src/dispatcher/posix.c:61 139820966885120: r->filehandle = 85, r->size = 6291456, r->offset = 0
16:06:21 ERROR /home/bsc03/bsc03353/forge/src/dispatcher/posix.c:62 139820966885120: single write -1 of expected 6291456
16:06:22 ERROR /home/bsc03/bsc03353/forge/src/dispatcher/posix.c:61 140675220129536: r->filehandle = 166, r->size = 6291456, r->offset = 0
16:06:22 ERROR /home/bsc03/bsc03353/forge/src/dispatcher/posix.c:62 140675220129536: single write -1 of expected 6291456
16:06:22 ERROR /home/bsc03/bsc03353/forge/src/dispatcher/posix.c:61 140685957568256: r->filehandle = 191, r->size = 6291456, r->offset = 0
16:06:22 ERROR /home/bsc03/bsc03353/forge/src/dispatcher/posix.c:62 140685957568256: single write -1 of expected 6291456
16:06:24 ERROR /home/bsc03/bsc03353/forge/src/dispatcher/posix.c:61 139808081958656: r->filehandle = 132, r->size = 6291456, r->offset = 0
16:06:24 ERROR /home/bsc03/bsc03353/forge/src/dispatcher/posix.c:62 139808081958656: single write -1 of expected 6291456
16:06:24 ERROR /home/bsc03/bsc03353/forge/src/dispatcher/posix.c:61 139823831729920: r->filehandle = 226, r->size = 6291456, r->offset = 0
16:06:24 ERROR /home/bsc03/bsc03353/forge/src/dispatcher/posix.c:62 139823831729920: single write -1 of expected 6291456
16:06:25 ERROR /home/bsc03/bsc03353/forge/src/dispatcher/posix.c:61 139825261860608: r->filehandle = 51, r->size = 6291456, r->offset = 0
16:06:25 ERROR /home/bsc03/bsc03353/forge/src/dispatcher/posix.c:61 140253027366656: r->filehandle = 59, r->size = 6291456, r->offset = 0
16:06:25 ERROR /home/bsc03/bsc03353/forge/src/dispatcher/posix.c:62 139825261860608: single write -1 of expected 6291456
16:06:25 ERROR /home/bsc03/bsc03353/forge/src/dispatcher/posix.c:62 140253027366656: single write -1 of expected 6291456
16:06:25 ERROR /home/bsc03/bsc03353/forge/src/dispatcher/posix.c:61 139810946803456: r->filehandle = 99, r->size = 6291456, r->offset = 0
16:06:25 ERROR /home/bsc03/bsc03353/forge/src/dispatcher/posix.c:61 139831704323840: r->filehandle = 81, r->size = 6291456, r->offset = 0
16:06:25 ERROR /home/bsc03/bsc03353/forge/src/dispatcher/posix.c:62 139810946803456: single write -1 of expected 6291456
16:06:25 ERROR /home/bsc03/bsc03353/forge/src/dispatcher/posix.c:62 139831704323840: single write -1 of expected 6291456
16:06:26 ERROR /home/bsc03/bsc03353/forge/src/dispatcher/posix.c:61 139835999299328: r->filehandle = 86, r->size = 6291456, r->offset = 0
16:06:26 ERROR /home/bsc03/bsc03353/forge/src/dispatcher/posix.c:62 139835999299328: single write -1 of expected 6291456
16:06:27 ERROR /home/bsc03/bsc03353/forge/src/dispatcher/posix.c:61 140244437415680: r->filehandle = 112, r->size = 6291456, r->offset = 0
16:06:27 ERROR /home/bsc03/bsc03353/forge/src/dispatcher/posix.c:62 140244437415680: single write -1 of expected 6291456
16:06:27 ERROR /home/bsc03/bsc03353/forge/src/dispatcher/posix.c:61 139806651827968: r->filehandle = 190, r->size = 6291456, r->offset = 0
16:06:27 ERROR /home/bsc03/bsc03353/forge/src/dispatcher/posix.c:62 139806651827968: single write -1 of expected 6291456
16:06:28 ERROR /home/bsc03/bsc03353/forge/src/dispatcher/posix.c:61 140673072641792: r->filehandle = 93, r->size = 6291456, r->offset = 0
16:06:28 ERROR /home/bsc03/bsc03353/forge/src/dispatcher/posix.c:62 140673072641792: single write -1 of expected 6291456
16:06:29 ERROR /home/bsc03/bsc03353/forge/src/dispatcher/posix.c:61 140681662592768: r->filehandle = 82, r->size = 6291456, r->offset = 0
16:06:29 ERROR /home/bsc03/bsc03353/forge/src/dispatcher/posix.c:62 140681662592768: single write -1 of expected 6291456
16:06:29 ERROR /home/bsc03/bsc03353/forge/src/dispatcher/posix.c:61 140268059780864: r->filehandle = 225, r->size = 6291456, r->offset = 0
16:06:29 ERROR /home/bsc03/bsc03353/forge/src/dispatcher/posix.c:62 140268059780864: single write -1 of expected 6291456
16:06:31 ERROR /home/bsc03/bsc03353/forge/src/dispatcher/posix.c:61 139828126705408: r->filehandle = 97, r->size = 6291456, r->offset = 0
16:06:31 ERROR /home/bsc03/bsc03353/forge/src/dispatcher/posix.c:62 139828126705408: single write -1 of expected 6291456
16:06:32 ERROR /home/bsc03/bsc03353/forge/src/dispatcher/posix.c:61 140265912293120: r->filehandle = 180, r->size = 6291456, r->offset = 0
16:06:32 ERROR /home/bsc03/bsc03353/forge/src/dispatcher/posix.c:62 140265912293120: single write -1 of expected 6291456
16:06:32 ERROR /home/bsc03/bsc03353/forge/src/dispatcher/posix.c:61 139815241778944: r->filehandle = 105, r->size = 6291456, r->offset = 0
16:06:32 ERROR /home/bsc03/bsc03353/forge/src/dispatcher/posix.c:62 139815241778944: single write -1 of expected 6291456
16:06:33 ERROR /home/bsc03/bsc03353/forge/src/dispatcher/posix.c:61 139829556836096: r->filehandle = 149, r->size = 6291456, r->offset = 0
16:06:33 ERROR /home/bsc03/bsc03353/forge/src/dispatcher/posix.c:62 139829556836096: single write -1 of expected 6291456
16:06:34 ERROR /home/bsc03/bsc03353/forge/src/dispatcher/posix.c:61 140690252543744: r->filehandle = 92, r->size = 6291456, r->offset = 0
16:06:34 ERROR /home/bsc03/bsc03353/forge/src/dispatcher/posix.c:62 140690252543744: single write -1 of expected 6291456
16:06:34 ERROR /home/bsc03/bsc03353/forge/src/dispatcher/posix.c:61 140677367617280: r->filehandle = 88, r->size = 6291456, r->offset = 0
16:06:34 ERROR /home/bsc03/bsc03353/forge/src/dispatcher/posix.c:62 140677367617280: single write -1 of expected 6291456
16:06:35 ERROR /home/bsc03/bsc03353/forge/src/dispatcher/posix.c:61 139838864144128: r->filehandle = 85, r->size = 6291456, r->offset = 0
16:06:35 ERROR /home/bsc03/bsc03353/forge/src/dispatcher/posix.c:62 139838864144128: single write -1 of expected 6291456
16:06:35 ERROR /home/bsc03/bsc03353/forge/src/dispatcher/posix.c:61 139814524421888: r->filehandle = 65, r->size = 6291456, r->offset = 0
16:06:35 ERROR /home/bsc03/bsc03353/forge/src/dispatcher/posix.c:62 139814524421888: single write -1 of expected 6291456
16:06:35 ERROR /home/bsc03/bsc03353/forge/src/dispatcher/posix.c:61 139806651827968: r->filehandle = 191, r->size = 6291456, r->offset = 0
16:06:35 ERROR /home/bsc03/bsc03353/forge/src/dispatcher/posix.c:62 139806651827968: single write -1 of expected 6291456
16:06:36 ERROR /home/bsc03/bsc03353/forge/src/dispatcher/posix.c:61 139828126705408: r->filehandle = 162, r->size = 6291456, r->offset = 0
16:06:36 ERROR /home/bsc03/bsc03353/forge/src/dispatcher/posix.c:62 139828126705408: single write -1 of expected 6291456
16:06:38 ERROR /home/bsc03/bsc03353/forge/src/dispatcher/posix.c:61 140250879878912: r->filehandle = 45, r->size = 6291456, r->offset = 0
16:06:38 ERROR /home/bsc03/bsc03353/forge/src/dispatcher/posix.c:62 140250879878912: single write -1 of expected 6291456
16:06:38 ERROR /home/bsc03/bsc03353/forge/src/dispatcher/posix.c:61 140685957568256: r->filehandle = 222, r->size = 6291456, r->offset = 0
16:06:38 ERROR /home/bsc03/bsc03353/forge/src/dispatcher/posix.c:62 140685957568256: single write -1 of expected 6291456
16:06:40 ERROR /home/bsc03/bsc03353/forge/src/dispatcher/posix.c:61 140261617317632: r->filehandle = 114, r->size = 6291456, r->offset = 0
16:06:40 ERROR /home/bsc03/bsc03353/forge/src/dispatcher/posix.c:61 140681662592768: r->filehandle = 51, r->size = 6291456, r->offset = 0
16:06:40 ERROR /home/bsc03/bsc03353/forge/src/dispatcher/posix.c:62 140681662592768: single write -1 of expected 6291456
16:06:40 ERROR /home/bsc03/bsc03353/forge/src/dispatcher/posix.c:61 139805934470912: r->filehandle = 166, r->size = 6291456, r->offset = 0
16:06:40 ERROR /home/bsc03/bsc03353/forge/src/dispatcher/posix.c:62 139805934470912: single write -1 of expected 6291456
16:06:40 ERROR /home/bsc03/bsc03353/forge/src/dispatcher/posix.c:62 140261617317632: single write -1 of expected 6291456
16:06:40 ERROR /home/bsc03/bsc03353/forge/src/dispatcher/posix.c:61 139821684242176: r->filehandle = 112, r->size = 6291456, r->offset = 0
16:06:40 ERROR /home/bsc03/bsc03353/forge/src/dispatcher/posix.c:62 139821684242176: single write -1 of expected 6291456
16:06:42 ERROR /home/bsc03/bsc03353/forge/src/dispatcher/posix.c:61 139835999299328: r->filehandle = 60, r->size = 6291456, r->offset = 0
16:06:42 ERROR /home/bsc03/bsc03353/forge/src/dispatcher/posix.c:62 139835999299328: single write -1 of expected 6291456
16:06:42 ERROR /home/bsc03/bsc03353/forge/src/dispatcher/posix.c:61 140683810080512: r->filehandle = 174, r->size = 6291456, r->offset = 0
16:06:42 ERROR /home/bsc03/bsc03353/forge/src/dispatcher/posix.c:62 140683810080512: single write -1 of expected 6291456
16:06:43 ERROR /home/bsc03/bsc03353/forge/src/dispatcher/posix.c:61 139808799315712: r->filehandle = 136, r->size = 6291456, r->offset = 0
16:06:43 ERROR /home/bsc03/bsc03353/forge/src/dispatcher/posix.c:61 140272354756352: r->filehandle = 86, r->size = 6291456, r->offset = 0
16:06:43 ERROR /home/bsc03/bsc03353/forge/src/dispatcher/posix.c:62 139808799315712: single write -1 of expected 6291456
16:06:43 ERROR /home/bsc03/bsc03353/forge/src/dispatcher/posix.c:62 140272354756352: single write -1 of expected 6291456
16:06:44 ERROR /home/bsc03/bsc03353/forge/src/dispatcher/posix.c:61 140270207268608: r->filehandle = 134, r->size = 6291456, r->offset = 0
16:06:44 ERROR /home/bsc03/bsc03353/forge/src/dispatcher/posix.c:62 140270207268608: single write -1 of expected 6291456
16:06:44 ERROR /home/bsc03/bsc03353/forge/src/dispatcher/posix.c:61 140692400031488: r->filehandle = 116, r->size = 6291456, r->offset = 0
16:06:44 ERROR /home/bsc03/bsc03353/forge/src/dispatcher/posix.c:62 140692400031488: single write -1 of expected 6291456
16:06:45 ERROR /home/bsc03/bsc03353/forge/src/dispatcher/posix.c:61 140675220129536: r->filehandle = 209, r->size = 6291456, r->offset = 0
16:06:45 ERROR /home/bsc03/bsc03353/forge/src/dispatcher/posix.c:62 140675220129536: single write -1 of expected 6291456
16:06:45 ERROR /home/bsc03/bsc03353/forge/src/dispatcher/posix.c:61 139827409348352: r->filehandle = 162, r->size = 6291456, r->offset = 0
16:06:45 ERROR /home/bsc03/bsc03353/forge/src/dispatcher/posix.c:62 139827409348352: single write -1 of expected 6291456
16:06:46 ERROR /home/bsc03/bsc03353/forge/src/dispatcher/posix.c:61 140242289927936: r->filehandle = 181, r->size = 6291456, r->offset = 0
16:06:46 ERROR /home/bsc03/bsc03353/forge/src/dispatcher/posix.c:61 139813094291200: r->filehandle = 216, r->size = 6291456, r->offset = 0
16:06:46 ERROR /home/bsc03/bsc03353/forge/src/dispatcher/posix.c:62 140242289927936: single write -1 of expected 6291456
16:06:46 ERROR /home/bsc03/bsc03353/forge/src/dispatcher/posix.c:62 139813094291200: single write -1 of expected 6291456
16:06:46 ERROR /home/bsc03/bsc03353/forge/src/dispatcher/posix.c:61 140681662592768: r->filehandle = 194, r->size = 6291456, r->offset = 0
16:06:46 ERROR /home/bsc03/bsc03353/forge/src/dispatcher/posix.c:62 140681662592768: single write -1 of expected 6291456
16:06:47 ERROR /home/bsc03/bsc03353/forge/src/dispatcher/posix.c:61 140255174854400: r->filehandle = 122, r->size = 6291456, r->offset = 0
16:06:47 ERROR /home/bsc03/bsc03353/forge/src/dispatcher/posix.c:62 140255174854400: single write -1 of expected 6291456
16:06:47 ERROR /home/bsc03/bsc03353/forge/src/dispatcher/posix.c:61 139829556836096: r->filehandle = 58, r->size = 6291456, r->offset = 0
16:06:47 ERROR /home/bsc03/bsc03353/forge/src/dispatcher/posix.c:62 139829556836096: single write -1 of expected 6291456
16:06:47 ERROR /home/bsc03/bsc03353/forge/src/dispatcher/posix.c:61 139832421680896: r->filehandle = 172, r->size = 6291456, r->offset = 0
16:06:47 ERROR /home/bsc03/bsc03353/forge/src/dispatcher/posix.c:62 139832421680896: single write -1 of expected 6291456
16:06:48 ERROR /home/bsc03/bsc03353/forge/src/dispatcher/posix.c:61 139812376934144: r->filehandle = 83, r->size = 6291456, r->offset = 0
16:06:48 ERROR /home/bsc03/bsc03353/forge/src/dispatcher/posix.c:62 139812376934144: single write -1 of expected 6291456
16:06:50 ERROR /home/bsc03/bsc03353/forge/src/dispatcher/posix.c:61 139810946803456: r->filehandle = 42, r->size = 6291456, r->offset = 0
16:06:50 ERROR /home/bsc03/bsc03353/forge/src/dispatcher/posix.c:61 139805934470912: r->filehandle = 64, r->size = 6291456, r->offset = 0
16:06:50 ERROR /home/bsc03/bsc03353/forge/src/dispatcher/posix.c:62 139805934470912: single write -1 of expected 6291456
16:06:50 ERROR /home/bsc03/bsc03353/forge/src/dispatcher/posix.c:62 139810946803456: single write -1 of expected 6291456
16:06:50 ERROR /home/bsc03/bsc03353/forge/src/dispatcher/posix.c:61 140244437415680: r->filehandle = 209, r->size = 6291456, r->offset = 0
16:06:50 ERROR /home/bsc03/bsc03353/forge/src/dispatcher/posix.c:62 140244437415680: single write -1 of expected 6291456
16:06:51 ERROR /home/bsc03/bsc03353/forge/src/dispatcher/posix.c:61 139808799315712: r->filehandle = 89, r->size = 6291456, r->offset = 0
16:06:51 ERROR /home/bsc03/bsc03353/forge/src/dispatcher/posix.c:62 139808799315712: single write -1 of expected 6291456
16:06:51 ERROR /home/bsc03/bsc03353/forge/src/dispatcher/posix.c:61 139820966885120: r->filehandle = 100, r->size = 6291456, r->offset = 0
16:06:51 ERROR /home/bsc03/bsc03353/forge/src/dispatcher/posix.c:62 139820966885120: single write -1 of expected 6291456
16:06:52 ERROR /home/bsc03/bsc03353/forge/src/dispatcher/posix.c:61 139823831729920: r->filehandle = 181, r->size = 6291456, r->offset = 0
16:06:52 ERROR /home/bsc03/bsc03353/forge/src/dispatcher/posix.c:62 139823831729920: single write -1 of expected 6291456
16:06:52 ERROR /home/bsc03/bsc03353/forge/src/dispatcher/posix.c:61 140270207268608: r->filehandle = 91, r->size = 6291456, r->offset = 0
16:06:52 ERROR /home/bsc03/bsc03353/forge/src/dispatcher/posix.c:62 140270207268608: single write -1 of expected 6291456
16:06:53 ERROR /home/bsc03/bsc03353/forge/src/dispatcher/posix.c:61 139819536754432: r->filehandle = 40, r->size = 6291456, r->offset = 0
16:06:53 ERROR /home/bsc03/bsc03353/forge/src/dispatcher/posix.c:62 139819536754432: single write -1 of expected 6291456
16:06:53 ERROR /home/bsc03/bsc03353/forge/src/dispatcher/posix.c:61 140250879878912: r->filehandle = 92, r->size = 6291456, r->offset = 0
16:06:53 ERROR /home/bsc03/bsc03353/forge/src/dispatcher/posix.c:62 140250879878912: single write -1 of expected 6291456
16:06:56 ERROR /home/bsc03/bsc03353/forge/src/dispatcher/posix.c:61 140690252543744: r->filehandle = 81, r->size = 6291456, r->offset = 0
16:06:56 ERROR /home/bsc03/bsc03353/forge/src/dispatcher/posix.c:62 140690252543744: single write -1 of expected 6291456
16:06:57 ERROR /home/bsc03/bsc03353/forge/src/dispatcher/posix.c:61 139831704323840: r->filehandle = 50, r->size = 6291456, r->offset = 0
16:06:57 ERROR /home/bsc03/bsc03353/forge/src/dispatcher/posix.c:62 139831704323840: single write -1 of expected 6291456
16:06:57 ERROR /home/bsc03/bsc03353/forge/src/dispatcher/posix.c:61 139806651827968: r->filehandle = 214, r->size = 6291456, r->offset = 0
16:06:57 ERROR /home/bsc03/bsc03353/forge/src/dispatcher/posix.c:62 139806651827968: single write -1 of expected 6291456
16:06:58 ERROR /home/bsc03/bsc03353/forge/src/dispatcher/posix.c:61 140700989982464: r->filehandle = 214, r->size = 6291456, r->offset = 0
16:06:58 ERROR /home/bsc03/bsc03353/forge/src/dispatcher/posix.c:62 140700989982464: single write -1 of expected 6291456
16:07:02 ERROR /home/bsc03/bsc03353/forge/src/dispatcher/posix.c:61 140703137470208: r->filehandle = 210, r->size = 6291456, r->offset = 0
16:07:02 ERROR /home/bsc03/bsc03353/forge/src/dispatcher/posix.c:62 140703137470208: single write -1 of expected 6291456
16:07:03 ERROR /home/bsc03/bsc03353/forge/src/dispatcher/posix.c:61 140261617317632: r->filehandle = 65, r->size = 6291456, r->offset = 0
16:07:03 ERROR /home/bsc03/bsc03353/forge/src/dispatcher/posix.c:62 140261617317632: single write -1 of expected 6291456
16:07:08 ERROR /home/bsc03/bsc03353/forge/src/dispatcher/posix.c:61 139813094291200: r->filehandle = 78, r->size = 6291456, r->offset = 0
16:07:08 ERROR /home/bsc03/bsc03353/forge/src/dispatcher/posix.c:62 139813094291200: single write -1 of expected 6291456
16:07:11 ERROR /home/bsc03/bsc03353/forge/src/dispatcher/posix.c:61 139806651827968: r->filehandle = 189, r->size = 6291456, r->offset = 0
16:07:11 ERROR /home/bsc03/bsc03353/forge/src/dispatcher/posix.c:62 139806651827968: single write -1 of expected 6291456
16:07:11 ERROR /home/bsc03/bsc03353/forge/src/dispatcher/posix.c:61 140705284957952: r->filehandle = 100, r->size = 6291456, r->offset = 0
16:07:11 ERROR /home/bsc03/bsc03353/forge/src/dispatcher/posix.c:62 140705284957952: single write -1 of expected 6291456
16:07:14 ERROR /home/bsc03/bsc03353/forge/src/dispatcher/posix.c:61 139830274193152: r->filehandle = 38, r->size = 6291456, r->offset = 0
16:07:14 ERROR /home/bsc03/bsc03353/forge/src/dispatcher/posix.c:62 139830274193152: single write -1 of expected 6291456
16:07:15 ERROR /home/bsc03/bsc03353/forge/src/dispatcher/posix.c:61 140268059780864: r->filehandle = 172, r->size = 6291456, r->offset = 0
16:07:15 ERROR /home/bsc03/bsc03353/forge/src/dispatcher/posix.c:62 140268059780864: single write -1 of expected 6291456
16:07:18 ERROR /home/bsc03/bsc03353/forge/src/dispatcher/posix.c:61 139803786983168: r->filehandle = 74, r->size = 6291456, r->offset = 0
16:07:18 ERROR /home/bsc03/bsc03353/forge/src/dispatcher/posix.c:62 139803786983168: single write -1 of expected 6291456
16:07:19 ERROR /home/bsc03/bsc03353/forge/src/dispatcher/posix.c:61 139834569168640: r->filehandle = 114, r->size = 6291456, r->offset = 0
16:07:19 ERROR /home/bsc03/bsc03353/forge/src/dispatcher/posix.c:61 140259469829888: r->filehandle = 166, r->size = 6291456, r->offset = 0
16:07:19 ERROR /home/bsc03/bsc03353/forge/src/dispatcher/posix.c:62 139834569168640: single write -1 of expected 6291456
16:07:19 ERROR /home/bsc03/bsc03353/forge/src/dispatcher/posix.c:62 140259469829888: single write -1 of expected 6291456
16:07:19 ERROR /home/bsc03/bsc03353/forge/src/dispatcher/posix.c:61 140685957568256: r->filehandle = 204, r->size = 6291456, r->offset = 0
16:07:19 ERROR /home/bsc03/bsc03353/forge/src/dispatcher/posix.c:62 140685957568256: single write -1 of expected 6291456
16:07:19 ERROR /home/bsc03/bsc03353/forge/src/dispatcher/posix.c:61 139825979217664: r->filehandle = 81, r->size = 6291456, r->offset = 0
16:07:19 ERROR /home/bsc03/bsc03353/forge/src/dispatcher/posix.c:62 139825979217664: single write -1 of expected 6291456
16:07:20 ERROR /home/bsc03/bsc03353/forge/src/dispatcher/posix.c:61 140679515105024: r->filehandle = 148, r->size = 6291456, r->offset = 0
16:07:20 ERROR /home/bsc03/bsc03353/forge/src/dispatcher/posix.c:62 140679515105024: single write -1 of expected 6291456
16:07:21 ERROR /home/bsc03/bsc03353/forge/src/dispatcher/posix.c:61 140240142440192: r->filehandle = 43, r->size = 6291456, r->offset = 0
16:07:21 ERROR /home/bsc03/bsc03353/forge/src/dispatcher/posix.c:62 140240142440192: single write -1 of expected 6291456
16:07:23 ERROR /home/bsc03/bsc03353/forge/src/dispatcher/posix.c:61 140681662592768: r->filehandle = 205, r->size = 6291456, r->offset = 0
16:07:23 ERROR /home/bsc03/bsc03353/forge/src/dispatcher/posix.c:62 140681662592768: single write -1 of expected 6291456
16:07:23 ERROR /home/bsc03/bsc03353/forge/src/dispatcher/posix.c:61 139815241778944: r->filehandle = 102, r->size = 6291456, r->offset = 0
16:07:23 ERROR /home/bsc03/bsc03353/forge/src/dispatcher/posix.c:61 140257322342144: r->filehandle = 170, r->size = 6291456, r->offset = 0
16:07:23 ERROR /home/bsc03/bsc03353/forge/src/dispatcher/posix.c:62 139815241778944: single write -1 of expected 6291456
16:07:23 ERROR /home/bsc03/bsc03353/forge/src/dispatcher/posix.c:62 140257322342144: single write -1 of expected 6291456
16:07:25 ERROR /home/bsc03/bsc03353/forge/src/dispatcher/posix.c:61 139823114372864: r->filehandle = 189, r->size = 6291456, r->offset = 0
16:07:25 ERROR /home/bsc03/bsc03353/forge/src/dispatcher/posix.c:62 139823114372864: single write -1 of expected 6291456
16:07:25 ERROR /home/bsc03/bsc03353/forge/src/dispatcher/posix.c:61 139832421680896: r->filehandle = 39, r->size = 6291456, r->offset = 0
16:07:25 ERROR /home/bsc03/bsc03353/forge/src/dispatcher/posix.c:62 139832421680896: single write -1 of expected 6291456
16:07:27 ERROR /home/bsc03/bsc03353/forge/src/dispatcher/posix.c:61 139835999299328: r->filehandle = 216, r->size = 6291456, r->offset = 0
16:07:27 ERROR /home/bsc03/bsc03353/forge/src/dispatcher/posix.c:62 139835999299328: single write -1 of expected 6291456
16:07:27 ERROR /home/bsc03/bsc03353/forge/src/dispatcher/posix.c:61 140679515105024: r->filehandle = 150, r->size = 6291456, r->offset = 0
16:07:27 ERROR /home/bsc03/bsc03353/forge/src/dispatcher/posix.c:62 140679515105024: single write -1 of expected 6291456
16:07:30 ERROR /home/bsc03/bsc03353/forge/src/dispatcher/posix.c:61 140253027366656: r->filehandle = 52, r->size = 6291456, r->offset = 0
16:07:30 ERROR /home/bsc03/bsc03353/forge/src/dispatcher/posix.c:62 140253027366656: single write -1 of expected 6291456
16:07:33 ERROR /home/bsc03/bsc03353/forge/src/dispatcher/posix.c:61 139828126705408: r->filehandle = 225, r->size = 6291456, r->offset = 0
16:07:34 ERROR /home/bsc03/bsc03353/forge/src/dispatcher/posix.c:62 139828126705408: single write -1 of expected 6291456
16:07:34 ERROR /home/bsc03/bsc03353/forge/src/dispatcher/posix.c:61 140265912293120: r->filehandle = 208, r->size = 6291456, r->offset = 0
16:07:34 ERROR /home/bsc03/bsc03353/forge/src/dispatcher/posix.c:62 140265912293120: single write -1 of expected 6291456
16:07:35 ERROR /home/bsc03/bsc03353/forge/src/dispatcher/posix.c:61 140268059780864: r->filehandle = 89, r->size = 6291456, r->offset = 0
16:07:35 ERROR /home/bsc03/bsc03353/forge/src/dispatcher/posix.c:62 140268059780864: single write -1 of expected 6291456
16:07:35 ERROR /home/bsc03/bsc03353/forge/src/dispatcher/posix.c:61 139813094291200: r->filehandle = 37, r->size = 6291456, r->offset = 0
16:07:35 ERROR /home/bsc03/bsc03353/forge/src/dispatcher/posix.c:62 139813094291200: single write -1 of expected 6291456
16:07:35 ERROR /home/bsc03/bsc03353/forge/src/dispatcher/posix.c:61 140692400031488: r->filehandle = 75, r->size = 6291456, r->offset = 0
16:07:35 ERROR /home/bsc03/bsc03353/forge/src/dispatcher/posix.c:62 140692400031488: single write -1 of expected 6291456
16:07:36 ERROR /home/bsc03/bsc03353/forge/src/dispatcher/posix.c:61 140675220129536: r->filehandle = 57, r->size = 6291456, r->offset = 0
16:07:36 ERROR /home/bsc03/bsc03353/forge/src/dispatcher/posix.c:62 140675220129536: single write -1 of expected 6291456
16:07:36 ERROR /home/bsc03/bsc03353/forge/src/dispatcher/posix.c:61 139805934470912: r->filehandle = 121, r->size = 6291456, r->offset = 0
16:07:36 ERROR /home/bsc03/bsc03353/forge/src/dispatcher/posix.c:62 139805934470912: single write -1 of expected 6291456
16:07:36 ERROR /home/bsc03/bsc03353/forge/src/dispatcher/posix.c:61 140244437415680: r->filehandle = 121, r->size = 6291456, r->offset = 0
16:07:36 ERROR /home/bsc03/bsc03353/forge/src/dispatcher/posix.c:62 140244437415680: single write -1 of expected 6291456
16:07:37 ERROR /home/bsc03/bsc03353/forge/src/dispatcher/posix.c:61 139834569168640: r->filehandle = 76, r->size = 6291456, r->offset = 0
16:07:37 ERROR /home/bsc03/bsc03353/forge/src/dispatcher/posix.c:62 139834569168640: single write -1 of expected 6291456
16:07:37 ERROR /home/bsc03/bsc03353/forge/src/dispatcher/posix.c:61 140700989982464: r->filehandle = 48, r->size = 6291456, r->offset = 0
16:07:37 ERROR /home/bsc03/bsc03353/forge/src/dispatcher/posix.c:62 140700989982464: single write -1 of expected 6291456
16:07:37 ERROR /home/bsc03/bsc03353/forge/src/dispatcher/posix.c:61 139821684242176: r->filehandle = 80, r->size = 6291456, r->offset = 0
16:07:37 ERROR /home/bsc03/bsc03353/forge/src/dispatcher/posix.c:62 139821684242176: single write -1 of expected 6291456
16:07:38 ERROR /home/bsc03/bsc03353/forge/src/dispatcher/posix.c:61 140696695006976: r->filehandle = 219, r->size = 6291456, r->offset = 0
16:07:38 ERROR /home/bsc03/bsc03353/forge/src/dispatcher/posix.c:62 140696695006976: single write -1 of expected 6291456
16:07:38 ERROR /home/bsc03/bsc03353/forge/src/dispatcher/posix.c:61 139813094291200: r->filehandle = 205, r->size = 6291456, r->offset = 0
16:07:38 ERROR /home/bsc03/bsc03353/forge/src/dispatcher/posix.c:62 139813094291200: single write -1 of expected 6291456
16:07:40 ERROR /home/bsc03/bsc03353/forge/src/dispatcher/posix.c:61 140261617317632: r->filehandle = 80, r->size = 6291456, r->offset = 0
16:07:40 ERROR /home/bsc03/bsc03353/forge/src/dispatcher/posix.c:62 140261617317632: single write -1 of expected 6291456
16:07:40 ERROR /home/bsc03/bsc03353/forge/src/dispatcher/posix.c:61 140242289927936: r->filehandle = 71, r->size = 6291456, r->offset = 0
16:07:40 ERROR /home/bsc03/bsc03353/forge/src/dispatcher/posix.c:61 139808799315712: r->filehandle = 57, r->size = 6291456, r->offset = 0
16:07:40 ERROR /home/bsc03/bsc03353/forge/src/dispatcher/posix.c:62 140242289927936: single write -1 of expected 6291456
16:07:40 ERROR /home/bsc03/bsc03353/forge/src/dispatcher/posix.c:62 139808799315712: single write -1 of expected 6291456
16:07:42 ERROR /home/bsc03/bsc03353/forge/src/dispatcher/posix.c:61 139819536754432: r->filehandle = 52, r->size = 6291456, r->offset = 0
16:07:42 ERROR /home/bsc03/bsc03353/forge/src/dispatcher/posix.c:62 139819536754432: single write -1 of expected 6291456
16:07:43 ERROR /home/bsc03/bsc03353/forge/src/dispatcher/posix.c:61 139813094291200: r->filehandle = 201, r->size = 6291456, r->offset = 0
16:07:43 ERROR /home/bsc03/bsc03353/forge/src/dispatcher/posix.c:62 139813094291200: single write -1 of expected 6291456
16:07:44 ERROR /home/bsc03/bsc03353/forge/src/dispatcher/posix.c:61 139808799315712: r->filehandle = 153, r->size = 6291456, r->offset = 0
16:07:44 ERROR /home/bsc03/bsc03353/forge/src/dispatcher/posix.c:62 139808799315712: single write -1 of expected 6291456
16:07:44 ERROR /home/bsc03/bsc03353/forge/src/dispatcher/posix.c:61 140246584903424: r->filehandle = 107, r->size = 6291456, r->offset = 0
16:07:44 ERROR /home/bsc03/bsc03353/forge/src/dispatcher/posix.c:62 140246584903424: single write -1 of expected 6291456
16:07:45 ERROR /home/bsc03/bsc03353/forge/src/dispatcher/posix.c:61 140679515105024: r->filehandle = 112, r->size = 6291456, r->offset = 0
16:07:45 ERROR /home/bsc03/bsc03353/forge/src/dispatcher/posix.c:62 140679515105024: single write -1 of expected 6291456
16:07:46 ERROR /home/bsc03/bsc03353/forge/src/dispatcher/posix.c:61 140270207268608: r->filehandle = 153, r->size = 6291456, r->offset = 0
16:07:46 ERROR /home/bsc03/bsc03353/forge/src/dispatcher/posix.c:62 140270207268608: single write -1 of expected 6291456
16:07:46 ERROR /home/bsc03/bsc03353/forge/src/dispatcher/posix.c:61 140688105056000: r->filehandle = 216, r->size = 6291456, r->offset = 0
16:07:46 ERROR /home/bsc03/bsc03353/forge/src/dispatcher/posix.c:61 139820966885120: r->filehandle = 178, r->size = 6291456, r->offset = 0
16:07:46 ERROR /home/bsc03/bsc03353/forge/src/dispatcher/posix.c:62 140688105056000: single write -1 of expected 6291456
16:07:46 ERROR /home/bsc03/bsc03353/forge/src/dispatcher/posix.c:62 139820966885120: single write -1 of expected 6291456
16:07:47 ERROR /home/bsc03/bsc03353/forge/src/dispatcher/posix.c:61 140263764805376: r->filehandle = 60, r->size = 6291456, r->offset = 0
16:07:47 ERROR /home/bsc03/bsc03353/forge/src/dispatcher/posix.c:62 140263764805376: single write -1 of expected 6291456
16:07:47 ERROR /home/bsc03/bsc03353/forge/src/dispatcher/posix.c:61 139819536754432: r->filehandle = 90, r->size = 6291456, r->offset = 0
16:07:47 ERROR /home/bsc03/bsc03353/forge/src/dispatcher/posix.c:62 139819536754432: single write -1 of expected 6291456
16:07:48 ERROR /home/bsc03/bsc03353/forge/src/dispatcher/posix.c:61 140694547519232: r->filehandle = 78, r->size = 6291456, r->offset = 0
16:07:48 ERROR /home/bsc03/bsc03353/forge/src/dispatcher/posix.c:62 140694547519232: single write -1 of expected 6291456
16:07:48 ERROR /home/bsc03/bsc03353/forge/src/dispatcher/posix.c:61 139806651827968: r->filehandle = 93, r->size = 6291456, r->offset = 0
16:07:48 ERROR /home/bsc03/bsc03353/forge/src/dispatcher/posix.c:62 139806651827968: single write -1 of expected 6291456
16:07:49 ERROR /home/bsc03/bsc03353/forge/src/dispatcher/posix.c:61 140685957568256: r->filehandle = 101, r->size = 6291456, r->offset = 0
16:07:49 ERROR /home/bsc03/bsc03353/forge/src/dispatcher/posix.c:62 140685957568256: single write -1 of expected 6291456
16:07:50 ERROR /home/bsc03/bsc03353/forge/src/dispatcher/posix.c:61 139817389266688: r->filehandle = 66, r->size = 6291456, r->offset = 0
16:07:50 ERROR /home/bsc03/bsc03353/forge/src/dispatcher/posix.c:62 139817389266688: single write -1 of expected 6291456
16:07:51 ERROR /home/bsc03/bsc03353/forge/src/dispatcher/posix.c:61 140688105056000: r->filehandle = 49, r->size = 6291456, r->offset = 0
16:07:51 ERROR /home/bsc03/bsc03353/forge/src/dispatcher/posix.c:61 139803786983168: r->filehandle = 103, r->size = 6291456, r->offset = 0
16:07:51 ERROR /home/bsc03/bsc03353/forge/src/dispatcher/posix.c:62 140688105056000: single write -1 of expected 6291456
16:07:51 ERROR /home/bsc03/bsc03353/forge/src/dispatcher/posix.c:62 139803786983168: single write -1 of expected 6291456
16:07:52 ERROR /home/bsc03/bsc03353/forge/src/dispatcher/posix.c:61 140685957568256: r->filehandle = 167, r->size = 6291456, r->offset = 0
16:07:52 ERROR /home/bsc03/bsc03353/forge/src/dispatcher/posix.c:62 140685957568256: single write -1 of expected 6291456
16:07:53 ERROR /home/bsc03/bsc03353/forge/src/dispatcher/posix.c:61 139823114372864: r->filehandle = 78, r->size = 6291456, r->offset = 0
16:07:53 ERROR /home/bsc03/bsc03353/forge/src/dispatcher/posix.c:62 139823114372864: single write -1 of expected 6291456
16:07:53 ERROR /home/bsc03/bsc03353/forge/src/dispatcher/posix.c:61 140255174854400: r->filehandle = 104, r->size = 6291456, r->offset = 0
16:07:53 ERROR /home/bsc03/bsc03353/forge/src/dispatcher/posix.c:62 140255174854400: single write -1 of expected 6291456
16:07:58 ERROR /home/bsc03/bsc03353/forge/src/dispatcher/posix.c:61 139828126705408: r->filehandle = 87, r->size = 6291456, r->offset = 0
16:07:58 ERROR /home/bsc03/bsc03353/forge/src/dispatcher/posix.c:62 139828126705408: single write -1 of expected 6291456
16:08:00 ERROR /home/bsc03/bsc03353/forge/src/dispatcher/posix.c:61 140698842494720: r->filehandle = 107, r->size = 6291456, r->offset = 0
16:08:00 ERROR /home/bsc03/bsc03353/forge/src/dispatcher/posix.c:62 140698842494720: single write -1 of expected 6291456
16:08:04 ERROR /home/bsc03/bsc03353/forge/src/dispatcher/posix.c:61 140679515105024: r->filehandle = 119, r->size = 6291456, r->offset = 0
16:08:04 ERROR /home/bsc03/bsc03353/forge/src/dispatcher/posix.c:62 140679515105024: single write -1 of expected 6291456
16:08:05 ERROR /home/bsc03/bsc03353/forge/src/dispatcher/posix.c:61 139803786983168: r->filehandle = 226, r->size = 6291456, r->offset = 0
16:08:05 ERROR /home/bsc03/bsc03353/forge/src/dispatcher/posix.c:62 139803786983168: single write -1 of expected 6291456
16:08:08 ERROR /home/bsc03/bsc03353/forge/src/dispatcher/posix.c:61 139810946803456: r->filehandle = 83, r->size = 6291456, r->offset = 0
16:08:08 ERROR /home/bsc03/bsc03353/forge/src/dispatcher/posix.c:62 139810946803456: single write -1 of expected 6291456
16:08:09 ERROR /home/bsc03/bsc03353/forge/src/dispatcher/posix.c:61 140265912293120: r->filehandle = 64, r->size = 6291456, r->offset = 0
16:08:09 ERROR /home/bsc03/bsc03353/forge/src/dispatcher/posix.c:62 140265912293120: single write -1 of expected 6291456
16:08:13 ERROR /home/bsc03/bsc03353/forge/src/dispatcher/posix.c:61 139820966885120: r->filehandle = 43, r->size = 6291456, r->offset = 0
16:08:13 ERROR /home/bsc03/bsc03353/forge/src/dispatcher/posix.c:62 139820966885120: single write -1 of expected 6291456
16:08:15 ERROR /home/bsc03/bsc03353/forge/src/dispatcher/posix.c:61 140259469829888: r->filehandle = 87, r->size = 6291456, r->offset = 0
16:08:15 ERROR /home/bsc03/bsc03353/forge/src/dispatcher/posix.c:62 140259469829888: single write -1 of expected 6291456
16:08:17 ERROR /home/bsc03/bsc03353/forge/src/dispatcher/posix.c:61 140690252543744: r->filehandle = 59, r->size = 6291456, r->offset = 0
16:08:17 ERROR /home/bsc03/bsc03353/forge/src/dispatcher/posix.c:62 140690252543744: single write -1 of expected 6291456
16:08:17 ERROR /home/bsc03/bsc03353/forge/src/dispatcher/posix.c:61 139808081958656: r->filehandle = 61, r->size = 6291456, r->offset = 0
16:08:17 ERROR /home/bsc03/bsc03353/forge/src/dispatcher/posix.c:62 139808081958656: single write -1 of expected 6291456
16:08:18 ERROR /home/bsc03/bsc03353/forge/src/dispatcher/posix.c:61 139818819397376: r->filehandle = 90, r->size = 6291456, r->offset = 0
16:08:18 ERROR /home/bsc03/bsc03353/forge/src/dispatcher/posix.c:62 139818819397376: single write -1 of expected 6291456
16:08:18 ERROR /home/bsc03/bsc03353/forge/src/dispatcher/posix.c:61 140696695006976: r->filehandle = 192, r->size = 6291456, r->offset = 0
16:08:18 ERROR /home/bsc03/bsc03353/forge/src/dispatcher/posix.c:62 140696695006976: single write -1 of expected 6291456
16:08:19 ERROR /home/bsc03/bsc03353/forge/src/dispatcher/posix.c:61 139830274193152: r->filehandle = 227, r->size = 6291456, r->offset = 0
16:08:19 ERROR /home/bsc03/bsc03353/forge/src/dispatcher/posix.c:62 139830274193152: single write -1 of expected 6291456
16:08:20 ERROR /home/bsc03/bsc03353/forge/src/dispatcher/posix.c:61 140257322342144: r->filehandle = 56, r->size = 6291456, r->offset = 0
16:08:20 ERROR /home/bsc03/bsc03353/forge/src/dispatcher/posix.c:61 139812376934144: r->filehandle = 120, r->size = 6291456, r->offset = 0
16:08:20 ERROR /home/bsc03/bsc03353/forge/src/dispatcher/posix.c:62 140257322342144: single write -1 of expected 6291456
16:08:20 ERROR /home/bsc03/bsc03353/forge/src/dispatcher/posix.c:62 139812376934144: single write -1 of expected 6291456
16:08:20 ERROR /home/bsc03/bsc03353/forge/src/dispatcher/posix.c:61 140255174854400: r->filehandle = 227, r->size = 6291456, r->offset = 0
16:08:20 ERROR /home/bsc03/bsc03353/forge/src/dispatcher/posix.c:62 140255174854400: single write -1 of expected 6291456
16:08:20 ERROR /home/bsc03/bsc03353/forge/src/dispatcher/posix.c:61 140246584903424: r->filehandle = 211, r->size = 6291456, r->offset = 0
16:08:20 ERROR /home/bsc03/bsc03353/forge/src/dispatcher/posix.c:62 140246584903424: single write -1 of expected 6291456
16:08:21 ERROR /home/bsc03/bsc03353/forge/src/dispatcher/posix.c:61 139808081958656: r->filehandle = 200, r->size = 6291456, r->offset = 0
16:08:21 ERROR /home/bsc03/bsc03353/forge/src/dispatcher/posix.c:62 139808081958656: single write -1 of expected 6291456
16:08:21 ERROR /home/bsc03/bsc03353/forge/src/dispatcher/posix.c:61 140270207268608: r->filehandle = 63, r->size = 6291456, r->offset = 0
16:08:21 ERROR /home/bsc03/bsc03353/forge/src/dispatcher/posix.c:62 140270207268608: single write -1 of expected 6291456
16:08:23 ERROR /home/bsc03/bsc03353/forge/src/dispatcher/posix.c:61 140261617317632: r->filehandle = 188, r->size = 6291456, r->offset = 0
16:08:23 ERROR /home/bsc03/bsc03353/forge/src/dispatcher/posix.c:62 140261617317632: single write -1 of expected 6291456
16:08:26 ERROR /home/bsc03/bsc03353/forge/src/dispatcher/posix.c:61 139810946803456: r->filehandle = 55, r->size = 6291456, r->offset = 0
16:08:26 ERROR /home/bsc03/bsc03353/forge/src/dispatcher/posix.c:62 139810946803456: single write -1 of expected 6291456
16:08:27 ERROR /home/bsc03/bsc03353/forge/src/dispatcher/posix.c:61 140679515105024: r->filehandle = 182, r->size = 6291456, r->offset = 0
16:08:27 ERROR /home/bsc03/bsc03353/forge/src/dispatcher/posix.c:62 140679515105024: single write -1 of expected 6291456
16:08:28 ERROR /home/bsc03/bsc03353/forge/src/dispatcher/posix.c:61 139827409348352: r->filehandle = 101, r->size = 6291456, r->offset = 0
16:08:28 ERROR /home/bsc03/bsc03353/forge/src/dispatcher/posix.c:62 139827409348352: single write -1 of expected 6291456
16:08:29 ERROR /home/bsc03/bsc03353/forge/src/dispatcher/posix.c:61 140242289927936: r->filehandle = 90, r->size = 6291456, r->offset = 0
16:08:29 ERROR /home/bsc03/bsc03353/forge/src/dispatcher/posix.c:62 140242289927936: single write -1 of expected 6291456
16:08:29 ERROR /home/bsc03/bsc03353/forge/src/dispatcher/posix.c:61 140685957568256: r->filehandle = 190, r->size = 6291456, r->offset = 0
16:08:29 ERROR /home/bsc03/bsc03353/forge/src/dispatcher/posix.c:62 140685957568256: single write -1 of expected 6291456
16:08:30 ERROR /home/bsc03/bsc03353/forge/src/dispatcher/posix.c:61 140272354756352: r->filehandle = 85, r->size = 6291456, r->offset = 0
16:08:30 ERROR /home/bsc03/bsc03353/forge/src/dispatcher/posix.c:62 140272354756352: single write -1 of expected 6291456
16:08:30 ERROR /home/bsc03/bsc03353/forge/src/dispatcher/posix.c:61 140688105056000: r->filehandle = 171, r->size = 6291456, r->offset = 0
16:08:30 ERROR /home/bsc03/bsc03353/forge/src/dispatcher/posix.c:62 140688105056000: single write -1 of expected 6291456
slurmstepd: error: *** JOB 8724760 ON s04r2b35 CANCELLED AT 2020-02-06T16:08:32 DUE TO TIME LIMIT ***
--------------------------------------------------------------------------
ORTE has lost communication with a remote daemon.

  HNP daemon   : [[3046,0],0] on node s04r2b35
  Remote daemon: [[3046,0],2] on node s04r2b41

This is usually due to either a failure of the TCP network
connection to the node, or possibly an internal failure of
the daemon itself. We cannot recover from this failure, and
therefore will terminate the job.
--------------------------------------------------------------------------
