Set GCC compilers as MPI wrappers backend 
remove impi/2017.4 (PATH, MANPATH, LD_LIBRARY_PATH) 
load openmpi/4.0.2_UCX (PATH, MANPATH, LD_LIBRARY_PATH) 
Set GCC compilers as MPI wrappers backend 
load gsl/2.4 (PATH, LD_LIBRARY_PATH, LIBRARY_PATH, MANPATH, INFOPATH,
C_INCLUDE_PATH, CPLUS_INCLUDE_PATH, PKG_CONFIG_PATH, GSL_DIR) 
14:58:48 INFO  /home/bsc03/bsc03353/forge/src/main.c:107 139836848080960: I/O Forwarding Exploration [START]
Will AGIOS generate trace files? NO
Default scheduling algorithm: TO
TWINS window size: 1000000
Will the Prediction Module read information from trace files? NO
File with access time functions: /home/bsc03/bsc03353/forge/agios/access_times.func
AGIOS thinks its user has stripe size of 32768
Will AGIOS generate trace files? NO
Default scheduling algorithm: TO
TWINS window size: 1000000
Will the Prediction Module read information from trace files? NO
File with access time functions: /home/bsc03/bsc03353/forge/agios/access_times.func
AGIOS thinks its user has stripe size of 32768
Will AGIOS generate trace files? NO
Default scheduling algorithm: TO
TWINS window size: 1000000
Will the Prediction Module read information from trace files? NO
File with access time functions: /home/bsc03/bsc03353/forge/agios/access_times.func
AGIOS thinks its user has stripe size of 32768
Will AGIOS generate trace files? NO
Default scheduling algorithm: TO
TWINS window size: 1000000
Will the Prediction Module read information from trace files? NO
File with access time functions: /home/bsc03/bsc03353/forge/agios/access_times.func
AGIOS thinks its user has stripe size of 32768
15:03:47 ERROR /home/bsc03/bsc03353/forge/src/dispatcher/posix.c:61 139816877651712: r->filehandle = 306, r->size = 1048576, r->offset = 0
15:03:47 ERROR /home/bsc03/bsc03353/forge/src/dispatcher/posix.c:62 139816877651712: single write -1 of expected 1048576
15:03:47 ERROR /home/bsc03/bsc03353/forge/src/dispatcher/posix.c:61 140100364371712: r->filehandle = 412, r->size = 1048576, r->offset = 0
15:03:47 ERROR /home/bsc03/bsc03353/forge/src/dispatcher/posix.c:61 140685412792064: r->filehandle = 106, r->size = 1048576, r->offset = 0
15:03:47 ERROR /home/bsc03/bsc03353/forge/src/dispatcher/posix.c:62 140100364371712: single write -1 of expected 1048576
15:03:47 ERROR /home/bsc03/bsc03353/forge/src/dispatcher/posix.c:62 140685412792064: single write -1 of expected 1048576
15:03:48 ERROR /home/bsc03/bsc03353/forge/src/dispatcher/posix.c:61 139812582676224: r->filehandle = 261, r->size = 1048576, r->offset = 0
15:03:48 ERROR /home/bsc03/bsc03353/forge/src/dispatcher/posix.c:61 139641565546240: r->filehandle = 156, r->size = 1048576, r->offset = 0
15:03:48 ERROR /home/bsc03/bsc03353/forge/src/dispatcher/posix.c:62 139812582676224: single write -1 of expected 1048576
15:03:48 ERROR /home/bsc03/bsc03353/forge/src/dispatcher/posix.c:62 139641565546240: single write -1 of expected 1048576
15:03:48 ERROR /home/bsc03/bsc03353/forge/src/dispatcher/posix.c:61 140683265304320: r->filehandle = 404, r->size = 1048576, r->offset = 0
15:03:48 ERROR /home/bsc03/bsc03353/forge/src/dispatcher/posix.c:62 140683265304320: single write -1 of expected 1048576
15:03:48 ERROR /home/bsc03/bsc03353/forge/src/dispatcher/posix.c:61 139821172627200: r->filehandle = 91, r->size = 1048576, r->offset = 0
15:03:48 ERROR /home/bsc03/bsc03353/forge/src/dispatcher/posix.c:62 139821172627200: single write -1 of expected 1048576
15:03:48 ERROR /home/bsc03/bsc03353/forge/src/dispatcher/posix.c:61 139812582676224: r->filehandle = 136, r->size = 1048576, r->offset = 0
15:03:48 ERROR /home/bsc03/bsc03353/forge/src/dispatcher/posix.c:62 139812582676224: single write -1 of expected 1048576
15:03:48 ERROR /home/bsc03/bsc03353/forge/src/dispatcher/posix.c:61 140681117816576: r->filehandle = 154, r->size = 1048576, r->offset = 0
15:03:48 ERROR /home/bsc03/bsc03353/forge/src/dispatcher/posix.c:62 140681117816576: single write -1 of expected 1048576
15:03:48 ERROR /home/bsc03/bsc03353/forge/src/dispatcher/posix.c:61 140089626932992: r->filehandle = 400, r->size = 1048576, r->offset = 0
15:03:48 ERROR /home/bsc03/bsc03353/forge/src/dispatcher/posix.c:61 139628680619776: r->filehandle = 396, r->size = 1048576, r->offset = 0
15:03:48 ERROR /home/bsc03/bsc03353/forge/src/dispatcher/posix.c:62 140089626932992: single write -1 of expected 1048576
15:03:48 ERROR /home/bsc03/bsc03353/forge/src/dispatcher/posix.c:62 139628680619776: single write -1 of expected 1048576
15:03:49 ERROR /home/bsc03/bsc03353/forge/src/dispatcher/posix.c:61 140091774420736: r->filehandle = 299, r->size = 1048576, r->offset = 0
15:03:49 ERROR /home/bsc03/bsc03353/forge/src/dispatcher/posix.c:62 140091774420736: single write -1 of expected 1048576
15:03:49 ERROR /home/bsc03/bsc03353/forge/src/dispatcher/posix.c:61 140700445206272: r->filehandle = 45, r->size = 1048576, r->offset = 0
15:03:49 ERROR /home/bsc03/bsc03353/forge/src/dispatcher/posix.c:62 140700445206272: single write -1 of expected 1048576
15:03:49 ERROR /home/bsc03/bsc03353/forge/src/dispatcher/posix.c:61 140076742006528: r->filehandle = 97, r->size = 1048576, r->offset = 0
15:03:49 ERROR /home/bsc03/bsc03353/forge/src/dispatcher/posix.c:62 140076742006528: single write -1 of expected 1048576
15:03:49 ERROR /home/bsc03/bsc03353/forge/src/dispatcher/posix.c:61 139810435188480: r->filehandle = 183, r->size = 1048576, r->offset = 0
15:03:49 ERROR /home/bsc03/bsc03353/forge/src/dispatcher/posix.c:61 140670380377856: r->filehandle = 50, r->size = 1048576, r->offset = 0
15:03:49 ERROR /home/bsc03/bsc03353/forge/src/dispatcher/posix.c:62 139810435188480: single write -1 of expected 1048576
15:03:49 ERROR /home/bsc03/bsc03353/forge/src/dispatcher/posix.c:62 140670380377856: single write -1 of expected 1048576
15:03:50 ERROR /home/bsc03/bsc03353/forge/src/dispatcher/posix.c:61 139814730163968: r->filehandle = 198, r->size = 1048576, r->offset = 0
15:03:50 ERROR /home/bsc03/bsc03353/forge/src/dispatcher/posix.c:61 140098216883968: r->filehandle = 107, r->size = 1048576, r->offset = 0
15:03:50 ERROR /home/bsc03/bsc03353/forge/src/dispatcher/posix.c:62 139814730163968: single write -1 of expected 1048576
15:03:50 ERROR /home/bsc03/bsc03353/forge/src/dispatcher/posix.c:62 140098216883968: single write -1 of expected 1048576
15:03:50 ERROR /home/bsc03/bsc03353/forge/src/dispatcher/posix.c:61 139816877651712: r->filehandle = 174, r->size = 1048576, r->offset = 0
15:03:50 ERROR /home/bsc03/bsc03353/forge/src/dispatcher/posix.c:62 139816877651712: single write -1 of expected 1048576
15:03:50 ERROR /home/bsc03/bsc03353/forge/src/dispatcher/posix.c:61 140089626932992: r->filehandle = 375, r->size = 1048576, r->offset = 0
15:03:50 ERROR /home/bsc03/bsc03353/forge/src/dispatcher/posix.c:61 139648008009472: r->filehandle = 127, r->size = 1048576, r->offset = 0
15:03:50 ERROR /home/bsc03/bsc03353/forge/src/dispatcher/posix.c:61 140698297718528: r->filehandle = 215, r->size = 1048576, r->offset = 0
15:03:50 ERROR /home/bsc03/bsc03353/forge/src/dispatcher/posix.c:62 140089626932992: single write -1 of expected 1048576
15:03:50 ERROR /home/bsc03/bsc03353/forge/src/dispatcher/posix.c:62 139648008009472: single write -1 of expected 1048576
15:03:50 ERROR /home/bsc03/bsc03353/forge/src/dispatcher/posix.c:62 140698297718528: single write -1 of expected 1048576
15:03:50 ERROR /home/bsc03/bsc03353/forge/src/dispatcher/posix.c:61 139803992725248: r->filehandle = 367, r->size = 1048576, r->offset = 0
15:03:50 ERROR /home/bsc03/bsc03353/forge/src/dispatcher/posix.c:62 139803992725248: single write -1 of expected 1048576
15:03:51 ERROR /home/bsc03/bsc03353/forge/src/dispatcher/posix.c:61 139635123083008: r->filehandle = 413, r->size = 1048576, r->offset = 0
15:03:51 ERROR /home/bsc03/bsc03353/forge/src/dispatcher/posix.c:62 139635123083008: single write -1 of expected 1048576
15:03:51 ERROR /home/bsc03/bsc03353/forge/src/dispatcher/posix.c:61 139819025139456: r->filehandle = 332, r->size = 1048576, r->offset = 0
15:03:51 ERROR /home/bsc03/bsc03353/forge/src/dispatcher/posix.c:61 140104659347200: r->filehandle = 154, r->size = 1048576, r->offset = 0
15:03:51 ERROR /home/bsc03/bsc03353/forge/src/dispatcher/posix.c:62 139819025139456: single write -1 of expected 1048576
15:03:51 ERROR /home/bsc03/bsc03353/forge/src/dispatcher/posix.c:62 140104659347200: single write -1 of expected 1048576
15:03:52 ERROR /home/bsc03/bsc03353/forge/src/dispatcher/posix.c:61 139810435188480: r->filehandle = 319, r->size = 1048576, r->offset = 0
15:03:52 ERROR /home/bsc03/bsc03353/forge/src/dispatcher/posix.c:62 139810435188480: single write -1 of expected 1048576
15:03:52 ERROR /home/bsc03/bsc03353/forge/src/dispatcher/posix.c:61 140081036982016: r->filehandle = 410, r->size = 1048576, r->offset = 0
15:03:52 ERROR /home/bsc03/bsc03353/forge/src/dispatcher/posix.c:61 140672527865600: r->filehandle = 251, r->size = 1048576, r->offset = 0
15:03:52 ERROR /home/bsc03/bsc03353/forge/src/dispatcher/posix.c:62 140081036982016: single write -1 of expected 1048576
15:03:52 ERROR /home/bsc03/bsc03353/forge/src/dispatcher/posix.c:62 140672527865600: single write -1 of expected 1048576
15:03:52 ERROR /home/bsc03/bsc03353/forge/src/dispatcher/posix.c:61 139648008009472: r->filehandle = 182, r->size = 1048576, r->offset = 0
15:03:52 ERROR /home/bsc03/bsc03353/forge/src/dispatcher/posix.c:62 139648008009472: single write -1 of expected 1048576
15:03:52 ERROR /home/bsc03/bsc03353/forge/src/dispatcher/posix.c:61 139632975595264: r->filehandle = 153, r->size = 1048576, r->offset = 0
15:03:52 ERROR /home/bsc03/bsc03353/forge/src/dispatcher/posix.c:62 139632975595264: single write -1 of expected 1048576
15:03:52 ERROR /home/bsc03/bsc03353/forge/src/dispatcher/posix.c:61 140108954322688: r->filehandle = 419, r->size = 1048576, r->offset = 0
15:03:52 ERROR /home/bsc03/bsc03353/forge/src/dispatcher/posix.c:62 140108954322688: single write -1 of expected 1048576
15:03:52 ERROR /home/bsc03/bsc03353/forge/src/dispatcher/posix.c:61 139816877651712: r->filehandle = 272, r->size = 1048576, r->offset = 0
15:03:52 ERROR /home/bsc03/bsc03353/forge/src/dispatcher/posix.c:62 139816877651712: single write -1 of expected 1048576
15:03:53 ERROR /home/bsc03/bsc03353/forge/src/dispatcher/posix.c:61 140687560279808: r->filehandle = 228, r->size = 1048576, r->offset = 0
15:03:53 ERROR /home/bsc03/bsc03353/forge/src/dispatcher/posix.c:62 140687560279808: single write -1 of expected 1048576
15:03:53 ERROR /home/bsc03/bsc03353/forge/src/dispatcher/posix.c:61 139814730163968: r->filehandle = 151, r->size = 1048576, r->offset = 0
15:03:53 ERROR /home/bsc03/bsc03353/forge/src/dispatcher/posix.c:61 140093921908480: r->filehandle = 318, r->size = 1048576, r->offset = 0
15:03:53 ERROR /home/bsc03/bsc03353/forge/src/dispatcher/posix.c:61 139626533132032: r->filehandle = 197, r->size = 1048576, r->offset = 0
15:03:53 ERROR /home/bsc03/bsc03353/forge/src/dispatcher/posix.c:61 140700445206272: r->filehandle = 205, r->size = 1048576, r->offset = 0
15:03:53 ERROR /home/bsc03/bsc03353/forge/src/dispatcher/posix.c:62 140700445206272: single write -1 of expected 1048576
15:03:53 ERROR /home/bsc03/bsc03353/forge/src/dispatcher/posix.c:62 140093921908480: single write -1 of expected 1048576
15:03:53 ERROR /home/bsc03/bsc03353/forge/src/dispatcher/posix.c:62 139814730163968: single write -1 of expected 1048576
15:03:53 ERROR /home/bsc03/bsc03353/forge/src/dispatcher/posix.c:62 139626533132032: single write -1 of expected 1048576
15:03:53 ERROR /home/bsc03/bsc03353/forge/src/dispatcher/posix.c:61 139630828107520: r->filehandle = 417, r->size = 1048576, r->offset = 0
15:03:53 ERROR /home/bsc03/bsc03353/forge/src/dispatcher/posix.c:62 139630828107520: single write -1 of expected 1048576
15:03:54 ERROR /home/bsc03/bsc03353/forge/src/dispatcher/posix.c:61 140083184469760: r->filehandle = 37, r->size = 1048576, r->offset = 0
15:03:54 ERROR /home/bsc03/bsc03353/forge/src/dispatcher/posix.c:62 140083184469760: single write -1 of expected 1048576
15:03:54 ERROR /home/bsc03/bsc03353/forge/src/dispatcher/posix.c:61 140670380377856: r->filehandle = 83, r->size = 1048576, r->offset = 0
15:03:54 ERROR /home/bsc03/bsc03353/forge/src/dispatcher/posix.c:62 140670380377856: single write -1 of expected 1048576
15:03:54 ERROR /home/bsc03/bsc03353/forge/src/dispatcher/posix.c:61 140696150230784: r->filehandle = 120, r->size = 1048576, r->offset = 0
15:03:54 ERROR /home/bsc03/bsc03353/forge/src/dispatcher/posix.c:62 140696150230784: single write -1 of expected 1048576
15:03:54 ERROR /home/bsc03/bsc03353/forge/src/dispatcher/posix.c:61 140106806834944: r->filehandle = 270, r->size = 1048576, r->offset = 0
15:03:55 ERROR /home/bsc03/bsc03353/forge/src/dispatcher/posix.c:62 140106806834944: single write -1 of expected 1048576
15:03:55 ERROR /home/bsc03/bsc03353/forge/src/dispatcher/posix.c:61 139816877651712: r->filehandle = 378, r->size = 1048576, r->offset = 0
15:03:55 ERROR /home/bsc03/bsc03353/forge/src/dispatcher/posix.c:62 139816877651712: single write -1 of expected 1048576
15:03:55 ERROR /home/bsc03/bsc03353/forge/src/dispatcher/posix.c:61 140687560279808: r->filehandle = 207, r->size = 1048576, r->offset = 0
15:03:55 ERROR /home/bsc03/bsc03353/forge/src/dispatcher/posix.c:62 140687560279808: single write -1 of expected 1048576
--------------------------------------------------------------------------
ORTE has lost communication with a remote daemon.

  HNP daemon   : [[1793,0],0] on node s15r1b26
  Remote daemon: [[1793,0],2] on node s15r1b31

This is usually due to either a failure of the TCP network
connection to the node, or possibly an internal failure of
the daemon itself. We cannot recover from this failure, and
therefore will terminate the job.
--------------------------------------------------------------------------
slurmstepd: error: *** JOB 8749087 ON s15r1b26 CANCELLED AT 2020-02-08T15:03:55 DUE TO TIME LIMIT ***
