Set GCC compilers as MPI wrappers backend 
remove impi/2017.4 (PATH, MANPATH, LD_LIBRARY_PATH) 
load openmpi/4.0.2_UCX (PATH, MANPATH, LD_LIBRARY_PATH) 
Set GCC compilers as MPI wrappers backend 
load gsl/2.4 (PATH, LD_LIBRARY_PATH, LIBRARY_PATH, MANPATH, INFOPATH,
C_INCLUDE_PATH, CPLUS_INCLUDE_PATH, PKG_CONFIG_PATH, GSL_DIR) 
15:43:25 INFO  /home/bsc03/bsc03353/forge/src/main.c:107 139899265087552: I/O Forwarding Exploration [START]
Will AGIOS generate trace files? NO
Default scheduling algorithm: TO
TWINS window size: 1000000
Will the Prediction Module read information from trace files? NO
File with access time functions: /home/bsc03/bsc03353/forge/agios/access_times.func
AGIOS thinks its user has stripe size of 32768
15:43:33 ERROR /home/bsc03/bsc03353/forge/src/dispatcher/posix.c:61 139892179691264: r->filehandle = 35, r->size = 8388608, r->offset = 1937768448
15:43:33 ERROR /home/bsc03/bsc03353/forge/src/dispatcher/posix.c:62 139892179691264: single write -1 of expected 8388608
15:43:40 ERROR /home/bsc03/bsc03353/forge/src/dispatcher/posix.c:61 139872852301568: r->filehandle = 35, r->size = 8388608, r->offset = 3347054592
15:43:40 ERROR /home/bsc03/bsc03353/forge/src/dispatcher/posix.c:62 139872852301568: single write -1 of expected 8388608
15:43:42 ERROR /home/bsc03/bsc03353/forge/src/dispatcher/posix.c:61 139864262350592: r->filehandle = 35, r->size = 8388608, r->offset = 93541367808
15:43:42 ERROR /home/bsc03/bsc03353/forge/src/dispatcher/posix.c:62 139864262350592: single write -1 of expected 8388608
15:43:48 ERROR /home/bsc03/bsc03353/forge/src/dispatcher/posix.c:61 139862114862848: r->filehandle = 35, r->size = 8388608, r->offset = 101997084672
15:43:48 ERROR /home/bsc03/bsc03353/forge/src/dispatcher/posix.c:62 139862114862848: single write -1 of expected 8388608
15:43:57 ERROR /home/bsc03/bsc03353/forge/src/dispatcher/posix.c:61 139874999789312: r->filehandle = 35, r->size = 8388608, r->offset = 92132081664
15:43:57 ERROR /home/bsc03/bsc03353/forge/src/dispatcher/posix.c:62 139874999789312: single write -1 of expected 8388608
15:43:58 ERROR /home/bsc03/bsc03353/forge/src/dispatcher/posix.c:61 139879294764800: r->filehandle = 35, r->size = 8388608, r->offset = 126659592192
15:43:58 ERROR /home/bsc03/bsc03353/forge/src/dispatcher/posix.c:62 139879294764800: single write -1 of expected 8388608
15:44:10 ERROR /home/bsc03/bsc03353/forge/src/dispatcher/posix.c:61 139868557326080: r->filehandle = 35, r->size = 8388608, r->offset = 92836724736
15:44:10 ERROR /home/bsc03/bsc03353/forge/src/dispatcher/posix.c:62 139868557326080: single write -1 of expected 8388608
15:44:15 ERROR /home/bsc03/bsc03353/forge/src/dispatcher/posix.c:61 139859967375104: r->filehandle = 35, r->size = 8388608, r->offset = 114856820736
15:44:15 ERROR /home/bsc03/bsc03353/forge/src/dispatcher/posix.c:62 139859967375104: single write -1 of expected 8388608
15:44:21 ERROR /home/bsc03/bsc03353/forge/src/dispatcher/posix.c:61 139883589740288: r->filehandle = 35, r->size = 8388608, r->offset = 115385303040
15:44:21 ERROR /home/bsc03/bsc03353/forge/src/dispatcher/posix.c:62 139883589740288: single write -1 of expected 8388608
15:44:35 ERROR /home/bsc03/bsc03353/forge/src/dispatcher/posix.c:61 139862114862848: r->filehandle = 35, r->size = 8388608, r->offset = 13212057600
15:44:35 ERROR /home/bsc03/bsc03353/forge/src/dispatcher/posix.c:62 139862114862848: single write -1 of expected 8388608
15:44:37 ERROR /home/bsc03/bsc03353/forge/src/dispatcher/posix.c:61 139859967375104: r->filehandle = 35, r->size = 8388608, r->offset = 35760635904
15:44:37 ERROR /home/bsc03/bsc03353/forge/src/dispatcher/posix.c:62 139859967375104: single write -1 of expected 8388608
15:44:42 ERROR /home/bsc03/bsc03353/forge/src/dispatcher/posix.c:61 139881442252544: r->filehandle = 35, r->size = 8388608, r->offset = 7574913024
15:44:42 ERROR /home/bsc03/bsc03353/forge/src/dispatcher/posix.c:62 139881442252544: single write -1 of expected 8388608
15:44:47 ERROR /home/bsc03/bsc03353/forge/src/dispatcher/posix.c:61 139874999789312: r->filehandle = 35, r->size = 8388608, r->offset = 121727090688
15:44:47 ERROR /home/bsc03/bsc03353/forge/src/dispatcher/posix.c:62 139874999789312: single write -1 of expected 8388608
15:44:49 ERROR /home/bsc03/bsc03353/forge/src/dispatcher/posix.c:61 139870704813824: r->filehandle = 35, r->size = 8388608, r->offset = 127364235264
15:44:49 ERROR /home/bsc03/bsc03353/forge/src/dispatcher/posix.c:62 139870704813824: single write -1 of expected 8388608
15:44:51 ERROR /home/bsc03/bsc03353/forge/src/dispatcher/posix.c:61 139877147277056: r->filehandle = 35, r->size = 8388608, r->offset = 126131109888
15:44:51 ERROR /home/bsc03/bsc03353/forge/src/dispatcher/posix.c:62 139877147277056: single write -1 of expected 8388608
15:44:56 ERROR /home/bsc03/bsc03353/forge/src/dispatcher/posix.c:61 139866409838336: r->filehandle = 35, r->size = 8388608, r->offset = 114680659968
15:44:56 ERROR /home/bsc03/bsc03353/forge/src/dispatcher/posix.c:62 139866409838336: single write -1 of expected 8388608
15:45:08 ERROR /home/bsc03/bsc03353/forge/src/dispatcher/posix.c:61 139868557326080: r->filehandle = 35, r->size = 8388608, r->offset = 7751073792
15:45:08 ERROR /home/bsc03/bsc03353/forge/src/dispatcher/posix.c:62 139868557326080: single write -1 of expected 8388608
15:45:16 ERROR /home/bsc03/bsc03353/forge/src/dispatcher/posix.c:61 139872852301568: r->filehandle = 35, r->size = 8388608, r->offset = 92484403200
15:45:16 ERROR /home/bsc03/bsc03353/forge/src/dispatcher/posix.c:62 139872852301568: single write -1 of expected 8388608
15:45:27 ERROR /home/bsc03/bsc03353/forge/src/dispatcher/posix.c:61 139879294764800: r->filehandle = 35, r->size = 8388608, r->offset = 109043515392
15:45:27 ERROR /home/bsc03/bsc03353/forge/src/dispatcher/posix.c:62 139879294764800: single write -1 of expected 8388608
15:45:43 ERROR /home/bsc03/bsc03353/forge/src/dispatcher/posix.c:61 139892179691264: r->filehandle = 35, r->size = 8388608, r->offset = 115737624576
15:45:43 ERROR /home/bsc03/bsc03353/forge/src/dispatcher/posix.c:62 139892179691264: single write -1 of expected 8388608
15:45:51 ERROR /home/bsc03/bsc03353/forge/src/dispatcher/posix.c:61 139890032203520: r->filehandle = 35, r->size = 8388608, r->offset = 103406370816
15:45:51 ERROR /home/bsc03/bsc03353/forge/src/dispatcher/posix.c:62 139890032203520: single write -1 of expected 8388608
15:46:15 ERROR /home/bsc03/bsc03353/forge/src/dispatcher/posix.c:61 139864262350592: r->filehandle = 35, r->size = 8388608, r->offset = 99178512384
15:46:15 ERROR /home/bsc03/bsc03353/forge/src/dispatcher/posix.c:62 139864262350592: single write -1 of expected 8388608
15:46:16 ERROR /home/bsc03/bsc03353/forge/src/dispatcher/posix.c:61 139870704813824: r->filehandle = 35, r->size = 8388608, r->offset = 93189046272
15:46:16 ERROR /home/bsc03/bsc03353/forge/src/dispatcher/posix.c:62 139870704813824: single write -1 of expected 8388608
15:46:18 ERROR /home/bsc03/bsc03353/forge/src/dispatcher/posix.c:61 139879294764800: r->filehandle = 35, r->size = 8388608, r->offset = 97769226240
15:46:18 ERROR /home/bsc03/bsc03353/forge/src/dispatcher/posix.c:62 139879294764800: single write -1 of expected 8388608
15:46:19 ERROR /home/bsc03/bsc03353/forge/src/dispatcher/posix.c:61 139872852301568: r->filehandle = 35, r->size = 8388608, r->offset = 2290089984
15:46:19 ERROR /home/bsc03/bsc03353/forge/src/dispatcher/posix.c:62 139872852301568: single write -1 of expected 8388608
15:46:37 ERROR /home/bsc03/bsc03353/forge/src/dispatcher/posix.c:61 139890032203520: r->filehandle = 35, r->size = 8388608, r->offset = 112742891520
15:46:37 ERROR /home/bsc03/bsc03353/forge/src/dispatcher/posix.c:62 139890032203520: single write -1 of expected 8388608
15:46:44 ERROR /home/bsc03/bsc03353/forge/src/dispatcher/posix.c:61 139864262350592: r->filehandle = 35, r->size = 8388608, r->offset = 95126814720
15:46:44 ERROR /home/bsc03/bsc03353/forge/src/dispatcher/posix.c:62 139864262350592: single write -1 of expected 8388608
15:46:50 ERROR /home/bsc03/bsc03353/forge/src/dispatcher/posix.c:61 139885737228032: r->filehandle = 35, r->size = 8388608, r->offset = 125954949120
15:46:50 ERROR /home/bsc03/bsc03353/forge/src/dispatcher/posix.c:62 139885737228032: single write -1 of expected 8388608
15:47:08 ERROR /home/bsc03/bsc03353/forge/src/dispatcher/posix.c:61 139890032203520: r->filehandle = 35, r->size = 8388608, r->offset = 116794589184
15:47:08 ERROR /home/bsc03/bsc03353/forge/src/dispatcher/posix.c:62 139890032203520: single write -1 of expected 8388608
15:47:10 ERROR /home/bsc03/bsc03353/forge/src/dispatcher/posix.c:61 139862114862848: r->filehandle = 35, r->size = 8388608, r->offset = 117675393024
15:47:10 ERROR /home/bsc03/bsc03353/forge/src/dispatcher/posix.c:62 139862114862848: single write -1 of expected 8388608
15:47:15 ERROR /home/bsc03/bsc03353/forge/src/dispatcher/posix.c:61 139864262350592: r->filehandle = 35, r->size = 8388608, r->offset = 116266106880
15:47:15 ERROR /home/bsc03/bsc03353/forge/src/dispatcher/posix.c:62 139864262350592: single write -1 of expected 8388608
15:47:19 ERROR /home/bsc03/bsc03353/forge/src/dispatcher/posix.c:61 139877147277056: r->filehandle = 35, r->size = 8388608, r->offset = 94950653952
15:47:19 ERROR /home/bsc03/bsc03353/forge/src/dispatcher/posix.c:62 139877147277056: single write -1 of expected 8388608
15:47:36 ERROR /home/bsc03/bsc03353/forge/src/dispatcher/posix.c:61 139887884715776: r->filehandle = 35, r->size = 8388608, r->offset = 124545662976
15:47:36 ERROR /home/bsc03/bsc03353/forge/src/dispatcher/posix.c:62 139887884715776: single write -1 of expected 8388608
15:48:01 ERROR /home/bsc03/bsc03353/forge/src/dispatcher/posix.c:61 139872852301568: r->filehandle = 35, r->size = 8388608, r->offset = 116089946112
15:48:01 ERROR /home/bsc03/bsc03353/forge/src/dispatcher/posix.c:62 139872852301568: single write -1 of expected 8388608
15:48:28 ERROR /home/bsc03/bsc03353/forge/src/dispatcher/posix.c:61 139874999789312: r->filehandle = 35, r->size = 8388608, r->offset = 123136376832
15:48:28 ERROR /home/bsc03/bsc03353/forge/src/dispatcher/posix.c:62 139874999789312: single write -1 of expected 8388608
slurmstepd: error: *** JOB 8737185 ON s02r1b31 CANCELLED AT 2020-02-07T15:48:43 DUE TO TIME LIMIT ***
--------------------------------------------------------------------------
ORTE has lost communication with a remote daemon.

  HNP daemon   : [[32853,0],0] on node s02r1b31
  Remote daemon: [[32853,0],26] on node s20r2b61

This is usually due to either a failure of the TCP network
connection to the node, or possibly an internal failure of
the daemon itself. We cannot recover from this failure, and
therefore will terminate the job.
--------------------------------------------------------------------------
slurmstepd: error: proctrack_p_wait: Unable to destroy container 152468 in cgroup plugin, giving up after 128 sec
