Set GCC compilers as MPI wrappers backend 
remove openmpi/4.0.2_UCX (PATH, MANPATH, LD_LIBRARY_PATH) 
load openmpi/4.0.2_UCX (PATH, MANPATH, LD_LIBRARY_PATH) 
Set GCC compilers as MPI wrappers backend 
load gsl/2.4 (PATH, LD_LIBRARY_PATH, LIBRARY_PATH, MANPATH, INFOPATH,
C_INCLUDE_PATH, CPLUS_INCLUDE_PATH, PKG_CONFIG_PATH, GSL_DIR) 
22:46:50 INFO  /home/bsc03/bsc03353/forge/src/main.c:107 140699405994048: I/O Forwarding Exploration [START]
Will AGIOS generate trace files? NO
Default scheduling algorithm: TO
TWINS window size: 1000000
Will the Prediction Module read information from trace files? NO
File with access time functions: /home/bsc03/bsc03353/forge/agios/access_times.func
AGIOS thinks its user has stripe size of 32768
22:46:51 ERROR /home/bsc03/bsc03353/forge/src/dispatcher/posix.c:61 140685838173952: r->filehandle = 35, r->size = 4194304, r->offset = 138412032
22:46:51 ERROR /home/bsc03/bsc03353/forge/src/dispatcher/posix.c:62 140685838173952: single write -1 of expected 4194304
22:46:51 ERROR /home/bsc03/bsc03353/forge/src/dispatcher/posix.c:61 140675100735232: r->filehandle = 35, r->size = 4194304, r->offset = 188743680
22:46:51 ERROR /home/bsc03/bsc03353/forge/src/dispatcher/posix.c:62 140675100735232: single write -1 of expected 4194304
22:46:52 ERROR /home/bsc03/bsc03353/forge/src/dispatcher/posix.c:61 140683690686208: r->filehandle = 35, r->size = 4194304, r->offset = 226492416
22:46:52 ERROR /home/bsc03/bsc03353/forge/src/dispatcher/posix.c:62 140683690686208: single write -1 of expected 4194304
22:46:52 ERROR /home/bsc03/bsc03353/forge/src/dispatcher/posix.c:61 140677248222976: r->filehandle = 35, r->size = 4194304, r->offset = 348127232
22:46:52 ERROR /home/bsc03/bsc03353/forge/src/dispatcher/posix.c:62 140677248222976: single write -1 of expected 4194304
22:46:52 ERROR /home/bsc03/bsc03353/forge/src/dispatcher/posix.c:61 140664363296512: r->filehandle = 35, r->size = 4194304, r->offset = 297795584
22:46:52 ERROR /home/bsc03/bsc03353/forge/src/dispatcher/posix.c:62 140664363296512: single write -1 of expected 4194304
22:46:52 ERROR /home/bsc03/bsc03353/forge/src/dispatcher/posix.c:61 140666510784256: r->filehandle = 35, r->size = 4194304, r->offset = 373293056
22:46:52 ERROR /home/bsc03/bsc03353/forge/src/dispatcher/posix.c:62 140666510784256: single write -1 of expected 4194304
22:46:52 ERROR /home/bsc03/bsc03353/forge/src/dispatcher/posix.c:61 140677248222976: r->filehandle = 35, r->size = 4194304, r->offset = 364904448
22:46:52 ERROR /home/bsc03/bsc03353/forge/src/dispatcher/posix.c:62 140677248222976: single write -1 of expected 4194304
22:46:53 ERROR /home/bsc03/bsc03353/forge/src/dispatcher/posix.c:61 140666510784256: r->filehandle = 35, r->size = 4194304, r->offset = 218103808
22:46:53 ERROR /home/bsc03/bsc03353/forge/src/dispatcher/posix.c:62 140666510784256: single write -1 of expected 4194304
22:46:53 ERROR /home/bsc03/bsc03353/forge/src/dispatcher/posix.c:61 140664363296512: r->filehandle = 35, r->size = 4194304, r->offset = 163577856
22:46:53 ERROR /home/bsc03/bsc03353/forge/src/dispatcher/posix.c:62 140664363296512: single write -1 of expected 4194304
22:46:53 ERROR /home/bsc03/bsc03353/forge/src/dispatcher/posix.c:61 140683690686208: r->filehandle = 35, r->size = 4194304, r->offset = 260046848
22:46:53 ERROR /home/bsc03/bsc03353/forge/src/dispatcher/posix.c:62 140683690686208: single write -1 of expected 4194304
22:46:53 ERROR /home/bsc03/bsc03353/forge/src/dispatcher/posix.c:61 140692280637184: r->filehandle = 35, r->size = 4194304, r->offset = 251658240
22:46:53 ERROR /home/bsc03/bsc03353/forge/src/dispatcher/posix.c:62 140692280637184: single write -1 of expected 4194304
22:46:54 ERROR /home/bsc03/bsc03353/forge/src/dispatcher/posix.c:61 140685838173952: r->filehandle = 35, r->size = 4194304, r->offset = 272629760
22:46:54 ERROR /home/bsc03/bsc03353/forge/src/dispatcher/posix.c:62 140685838173952: single write -1 of expected 4194304
22:46:54 ERROR /home/bsc03/bsc03353/forge/src/dispatcher/posix.c:61 140675100735232: r->filehandle = 35, r->size = 4194304, r->offset = 54525952
22:46:54 ERROR /home/bsc03/bsc03353/forge/src/dispatcher/posix.c:62 140675100735232: single write -1 of expected 4194304
22:46:54 ERROR /home/bsc03/bsc03353/forge/src/dispatcher/posix.c:61 140679395710720: r->filehandle = 35, r->size = 4194304, r->offset = 775946240
22:46:54 ERROR /home/bsc03/bsc03353/forge/src/dispatcher/posix.c:62 140679395710720: single write -1 of expected 4194304
22:46:55 ERROR /home/bsc03/bsc03353/forge/src/dispatcher/posix.c:61 140668658272000: r->filehandle = 35, r->size = 4194304, r->offset = 104857600
22:46:55 ERROR /home/bsc03/bsc03353/forge/src/dispatcher/posix.c:62 140668658272000: single write -1 of expected 4194304
22:46:55 ERROR /home/bsc03/bsc03353/forge/src/dispatcher/posix.c:61 140677248222976: r->filehandle = 35, r->size = 4194304, r->offset = 130023424
22:46:55 ERROR /home/bsc03/bsc03353/forge/src/dispatcher/posix.c:62 140677248222976: single write -1 of expected 4194304
22:46:55 ERROR /home/bsc03/bsc03353/forge/src/dispatcher/posix.c:61 140690133149440: r->filehandle = 35, r->size = 4194304, r->offset = 620756992
22:46:55 ERROR /home/bsc03/bsc03353/forge/src/dispatcher/posix.c:62 140690133149440: single write -1 of expected 4194304
22:46:56 ERROR /home/bsc03/bsc03353/forge/src/dispatcher/posix.c:61 140683690686208: r->filehandle = 35, r->size = 4194304, r->offset = 0
22:46:56 ERROR /home/bsc03/bsc03353/forge/src/dispatcher/posix.c:62 140683690686208: single write -1 of expected 4194304
22:46:56 ERROR /home/bsc03/bsc03353/forge/src/dispatcher/posix.c:61 140664363296512: r->filehandle = 35, r->size = 4194304, r->offset = 352321536
22:46:56 ERROR /home/bsc03/bsc03353/forge/src/dispatcher/posix.c:62 140664363296512: single write -1 of expected 4194304
22:46:56 ERROR /home/bsc03/bsc03353/forge/src/dispatcher/posix.c:61 140687985661696: r->filehandle = 35, r->size = 4194304, r->offset = 171966464
22:46:56 ERROR /home/bsc03/bsc03353/forge/src/dispatcher/posix.c:62 140687985661696: single write -1 of expected 4194304
22:46:56 ERROR /home/bsc03/bsc03353/forge/src/dispatcher/posix.c:61 140679395710720: r->filehandle = 35, r->size = 4194304, r->offset = 507510784
22:46:56 ERROR /home/bsc03/bsc03353/forge/src/dispatcher/posix.c:62 140679395710720: single write -1 of expected 4194304
22:46:56 ERROR /home/bsc03/bsc03353/forge/src/dispatcher/posix.c:61 140677248222976: r->filehandle = 35, r->size = 4194304, r->offset = 213909504
22:46:56 ERROR /home/bsc03/bsc03353/forge/src/dispatcher/posix.c:62 140677248222976: single write -1 of expected 4194304
22:46:57 ERROR /home/bsc03/bsc03353/forge/src/dispatcher/posix.c:61 140666510784256: r->filehandle = 35, r->size = 4194304, r->offset = 1178599424
22:46:57 ERROR /home/bsc03/bsc03353/forge/src/dispatcher/posix.c:62 140666510784256: single write -1 of expected 4194304
22:46:57 ERROR /home/bsc03/bsc03353/forge/src/dispatcher/posix.c:61 140687985661696: r->filehandle = 35, r->size = 4194304, r->offset = 285212672
22:46:57 ERROR /home/bsc03/bsc03353/forge/src/dispatcher/posix.c:62 140687985661696: single write -1 of expected 4194304
22:46:57 ERROR /home/bsc03/bsc03353/forge/src/dispatcher/posix.c:61 140668658272000: r->filehandle = 35, r->size = 4194304, r->offset = 1023410176
22:46:57 ERROR /home/bsc03/bsc03353/forge/src/dispatcher/posix.c:62 140668658272000: single write -1 of expected 4194304
22:46:57 ERROR /home/bsc03/bsc03353/forge/src/dispatcher/posix.c:61 140690133149440: r->filehandle = 35, r->size = 4194304, r->offset = 910163968
22:46:57 ERROR /home/bsc03/bsc03353/forge/src/dispatcher/posix.c:62 140690133149440: single write -1 of expected 4194304
22:46:58 ERROR /home/bsc03/bsc03353/forge/src/dispatcher/posix.c:61 140670805759744: r->filehandle = 35, r->size = 4194304, r->offset = 41943040
22:46:58 ERROR /home/bsc03/bsc03353/forge/src/dispatcher/posix.c:62 140670805759744: single write -1 of expected 4194304
22:46:58 ERROR /home/bsc03/bsc03353/forge/src/dispatcher/posix.c:61 140685838173952: r->filehandle = 35, r->size = 4194304, r->offset = 4194304
22:46:58 ERROR /home/bsc03/bsc03353/forge/src/dispatcher/posix.c:62 140685838173952: single write -1 of expected 4194304
22:46:58 ERROR /home/bsc03/bsc03353/forge/src/dispatcher/posix.c:61 140675100735232: r->filehandle = 35, r->size = 4194304, r->offset = 222298112
22:46:58 ERROR /home/bsc03/bsc03353/forge/src/dispatcher/posix.c:62 140675100735232: single write -1 of expected 4194304
22:46:59 ERROR /home/bsc03/bsc03353/forge/src/dispatcher/posix.c:61 140677248222976: r->filehandle = 35, r->size = 4194304, r->offset = 46137344
22:46:59 ERROR /home/bsc03/bsc03353/forge/src/dispatcher/posix.c:62 140677248222976: single write -1 of expected 4194304
22:46:59 ERROR /home/bsc03/bsc03353/forge/src/dispatcher/posix.c:61 140662215808768: r->filehandle = 35, r->size = 4194304, r->offset = 1581252608
22:46:59 ERROR /home/bsc03/bsc03353/forge/src/dispatcher/posix.c:62 140662215808768: single write -1 of expected 4194304
22:46:59 ERROR /home/bsc03/bsc03353/forge/src/dispatcher/posix.c:61 140683690686208: r->filehandle = 35, r->size = 4194304, r->offset = 243269632
22:46:59 ERROR /home/bsc03/bsc03353/forge/src/dispatcher/posix.c:62 140683690686208: single write -1 of expected 4194304
22:46:59 ERROR /home/bsc03/bsc03353/forge/src/dispatcher/posix.c:61 140664363296512: r->filehandle = 35, r->size = 4194304, r->offset = 146800640
22:46:59 ERROR /home/bsc03/bsc03353/forge/src/dispatcher/posix.c:62 140664363296512: single write -1 of expected 4194304
22:46:59 ERROR /home/bsc03/bsc03353/forge/src/dispatcher/posix.c:61 140672953247488: r->filehandle = 35, r->size = 4194304, r->offset = 1426063360
22:46:59 ERROR /home/bsc03/bsc03353/forge/src/dispatcher/posix.c:62 140672953247488: single write -1 of expected 4194304
22:47:00 ERROR /home/bsc03/bsc03353/forge/src/dispatcher/posix.c:61 140668658272000: r->filehandle = 35, r->size = 4194304, r->offset = 1312817152
22:47:00 ERROR /home/bsc03/bsc03353/forge/src/dispatcher/posix.c:62 140668658272000: single write -1 of expected 4194304
22:47:00 ERROR /home/bsc03/bsc03353/forge/src/dispatcher/posix.c:61 140677248222976: r->filehandle = 35, r->size = 4194304, r->offset = 180355072
22:47:00 ERROR /home/bsc03/bsc03353/forge/src/dispatcher/posix.c:62 140677248222976: single write -1 of expected 4194304
22:47:00 ERROR /home/bsc03/bsc03353/forge/src/dispatcher/posix.c:61 140670805759744: r->filehandle = 35, r->size = 4194304, r->offset = 176160768
22:47:00 ERROR /home/bsc03/bsc03353/forge/src/dispatcher/posix.c:62 140670805759744: single write -1 of expected 4194304
22:47:00 ERROR /home/bsc03/bsc03353/forge/src/dispatcher/posix.c:61 140672953247488: r->filehandle = 35, r->size = 4194304, r->offset = 1715470336
22:47:00 ERROR /home/bsc03/bsc03353/forge/src/dispatcher/posix.c:62 140672953247488: single write -1 of expected 4194304
22:47:01 ERROR /home/bsc03/bsc03353/forge/src/dispatcher/posix.c:61 140692280637184: r->filehandle = 35, r->size = 4194304, r->offset = 16777216
22:47:01 ERROR /home/bsc03/bsc03353/forge/src/dispatcher/posix.c:62 140692280637184: single write -1 of expected 4194304
22:47:01 ERROR /home/bsc03/bsc03353/forge/src/dispatcher/posix.c:61 140675100735232: r->filehandle = 35, r->size = 4194304, r->offset = 155189248
22:47:01 ERROR /home/bsc03/bsc03353/forge/src/dispatcher/posix.c:62 140675100735232: single write -1 of expected 4194304
22:47:01 ERROR /home/bsc03/bsc03353/forge/src/dispatcher/posix.c:61 140687985661696: r->filehandle = 35, r->size = 4194304, r->offset = 318767104
22:47:01 ERROR /home/bsc03/bsc03353/forge/src/dispatcher/posix.c:62 140687985661696: single write -1 of expected 4194304
22:47:01 ERROR /home/bsc03/bsc03353/forge/src/dispatcher/posix.c:61 140664363296512: r->filehandle = 35, r->size = 4194304, r->offset = 117440512
22:47:01 ERROR /home/bsc03/bsc03353/forge/src/dispatcher/posix.c:62 140664363296512: single write -1 of expected 4194304
22:47:02 ERROR /home/bsc03/bsc03353/forge/src/dispatcher/posix.c:61 140679395710720: r->filehandle = 35, r->size = 4194304, r->offset = 2118123520
22:47:02 ERROR /home/bsc03/bsc03353/forge/src/dispatcher/posix.c:62 140679395710720: single write -1 of expected 4194304
22:47:02 ERROR /home/bsc03/bsc03353/forge/src/dispatcher/posix.c:61 140662215808768: r->filehandle = 35, r->size = 4194304, r->offset = 1828716544
22:47:02 ERROR /home/bsc03/bsc03353/forge/src/dispatcher/posix.c:62 140662215808768: single write -1 of expected 4194304
22:47:02 ERROR /home/bsc03/bsc03353/forge/src/dispatcher/posix.c:61 140687985661696: r->filehandle = 35, r->size = 4194304, r->offset = 306184192
22:47:02 ERROR /home/bsc03/bsc03353/forge/src/dispatcher/posix.c:62 140687985661696: single write -1 of expected 4194304
22:47:02 ERROR /home/bsc03/bsc03353/forge/src/dispatcher/posix.c:61 140685838173952: r->filehandle = 35, r->size = 4194304, r->offset = 322961408
22:47:02 ERROR /home/bsc03/bsc03353/forge/src/dispatcher/posix.c:62 140685838173952: single write -1 of expected 4194304
22:47:03 ERROR /home/bsc03/bsc03353/forge/src/dispatcher/posix.c:61 140670805759744: r->filehandle = 35, r->size = 4194304, r->offset = 335544320
22:47:03 ERROR /home/bsc03/bsc03353/forge/src/dispatcher/posix.c:62 140670805759744: single write -1 of expected 4194304
22:47:03 ERROR /home/bsc03/bsc03353/forge/src/dispatcher/posix.c:61 140668658272000: r->filehandle = 35, r->size = 4194304, r->offset = 654311424
22:47:03 ERROR /home/bsc03/bsc03353/forge/src/dispatcher/posix.c:62 140668658272000: single write -1 of expected 4194304
22:47:03 ERROR /home/bsc03/bsc03353/forge/src/dispatcher/posix.c:61 140677248222976: r->filehandle = 35, r->size = 4194304, r->offset = 247463936
22:47:03 ERROR /home/bsc03/bsc03353/forge/src/dispatcher/posix.c:62 140677248222976: single write -1 of expected 4194304
22:47:03 ERROR /home/bsc03/bsc03353/forge/src/dispatcher/posix.c:61 140677248222976: r->filehandle = 35, r->size = 4194304, r->offset = 264241152
22:47:03 ERROR /home/bsc03/bsc03353/forge/src/dispatcher/posix.c:62 140677248222976: single write -1 of expected 4194304
22:47:03 ERROR /home/bsc03/bsc03353/forge/src/dispatcher/posix.c:61 140690133149440: r->filehandle = 35, r->size = 4194304, r->offset = 1983905792
22:47:03 ERROR /home/bsc03/bsc03353/forge/src/dispatcher/posix.c:62 140690133149440: single write -1 of expected 4194304
22:47:04 ERROR /home/bsc03/bsc03353/forge/src/dispatcher/posix.c:61 140679395710720: r->filehandle = 35, r->size = 4194304, r->offset = 2231369728
22:47:04 ERROR /home/bsc03/bsc03353/forge/src/dispatcher/posix.c:62 140679395710720: single write -1 of expected 4194304
22:47:04 ERROR /home/bsc03/bsc03353/forge/src/dispatcher/posix.c:61 140687985661696: r->filehandle = 35, r->size = 4194304, r->offset = 37748736
22:47:04 ERROR /home/bsc03/bsc03353/forge/src/dispatcher/posix.c:62 140687985661696: single write -1 of expected 4194304
22:47:04 ERROR /home/bsc03/bsc03353/forge/src/dispatcher/posix.c:61 140670805759744: r->filehandle = 35, r->size = 4194304, r->offset = 377487360
22:47:04 ERROR /home/bsc03/bsc03353/forge/src/dispatcher/posix.c:62 140670805759744: single write -1 of expected 4194304
22:47:04 ERROR /home/bsc03/bsc03353/forge/src/dispatcher/posix.c:61 140681543198464: r->filehandle = 35, r->size = 4194304, r->offset = 1056964608
22:47:04 ERROR /home/bsc03/bsc03353/forge/src/dispatcher/posix.c:62 140681543198464: single write -1 of expected 4194304
22:47:05 ERROR /home/bsc03/bsc03353/forge/src/dispatcher/posix.c:61 140692280637184: r->filehandle = 35, r->size = 4194304, r->offset = 2634022912
22:47:05 ERROR /home/bsc03/bsc03353/forge/src/dispatcher/posix.c:62 140692280637184: single write -1 of expected 4194304
22:47:05 ERROR /home/bsc03/bsc03353/forge/src/dispatcher/posix.c:61 140670805759744: r->filehandle = 35, r->size = 4194304, r->offset = 159383552
22:47:05 ERROR /home/bsc03/bsc03353/forge/src/dispatcher/posix.c:62 140670805759744: single write -1 of expected 4194304
22:47:05 ERROR /home/bsc03/bsc03353/forge/src/dispatcher/posix.c:61 140675100735232: r->filehandle = 35, r->size = 4194304, r->offset = 276824064
22:47:05 ERROR /home/bsc03/bsc03353/forge/src/dispatcher/posix.c:62 140675100735232: single write -1 of expected 4194304
22:47:05 ERROR /home/bsc03/bsc03353/forge/src/dispatcher/posix.c:61 140675100735232: r->filehandle = 35, r->size = 4194304, r->offset = 343932928
22:47:05 ERROR /home/bsc03/bsc03353/forge/src/dispatcher/posix.c:62 140675100735232: single write -1 of expected 4194304
22:47:06 ERROR /home/bsc03/bsc03353/forge/src/dispatcher/posix.c:61 140672953247488: r->filehandle = 35, r->size = 4194304, r->offset = 3036676096
22:47:06 ERROR /home/bsc03/bsc03353/forge/src/dispatcher/posix.c:62 140672953247488: single write -1 of expected 4194304
22:47:06 ERROR /home/bsc03/bsc03353/forge/src/dispatcher/posix.c:61 140685838173952: r->filehandle = 35, r->size = 4194304, r->offset = 121634816
22:47:06 ERROR /home/bsc03/bsc03353/forge/src/dispatcher/posix.c:62 140685838173952: single write -1 of expected 4194304
22:47:06 ERROR /home/bsc03/bsc03353/forge/src/dispatcher/posix.c:61 140666510784256: r->filehandle = 35, r->size = 4194304, r->offset = 2520776704
22:47:06 ERROR /home/bsc03/bsc03353/forge/src/dispatcher/posix.c:62 140666510784256: single write -1 of expected 4194304
22:47:06 ERROR /home/bsc03/bsc03353/forge/src/dispatcher/posix.c:61 140670805759744: r->filehandle = 35, r->size = 4194304, r->offset = 92274688
22:47:06 ERROR /home/bsc03/bsc03353/forge/src/dispatcher/posix.c:62 140670805759744: single write -1 of expected 4194304
22:47:07 ERROR /home/bsc03/bsc03353/forge/src/dispatcher/posix.c:61 140687985661696: r->filehandle = 35, r->size = 4194304, r->offset = 239075328
22:47:07 ERROR /home/bsc03/bsc03353/forge/src/dispatcher/posix.c:62 140687985661696: single write -1 of expected 4194304
22:47:07 ERROR /home/bsc03/bsc03353/forge/src/dispatcher/posix.c:61 140660068321024: r->filehandle = 35, r->size = 4194304, r->offset = 419430400
22:47:07 ERROR /home/bsc03/bsc03353/forge/src/dispatcher/posix.c:62 140660068321024: single write -1 of expected 4194304
22:47:07 ERROR /home/bsc03/bsc03353/forge/src/dispatcher/posix.c:61 140683690686208: r->filehandle = 35, r->size = 4194304, r->offset = 125829120
22:47:07 ERROR /home/bsc03/bsc03353/forge/src/dispatcher/posix.c:62 140683690686208: single write -1 of expected 4194304
22:47:07 ERROR /home/bsc03/bsc03353/forge/src/dispatcher/posix.c:61 140679395710720: r->filehandle = 35, r->size = 4194304, r->offset = 1459617792
22:47:07 ERROR /home/bsc03/bsc03353/forge/src/dispatcher/posix.c:62 140679395710720: single write -1 of expected 4194304
22:47:08 ERROR /home/bsc03/bsc03353/forge/src/dispatcher/posix.c:61 140685838173952: r->filehandle = 35, r->size = 4194304, r->offset = 339738624
22:47:08 ERROR /home/bsc03/bsc03353/forge/src/dispatcher/posix.c:62 140685838173952: single write -1 of expected 4194304
22:47:08 ERROR /home/bsc03/bsc03353/forge/src/dispatcher/posix.c:61 140675100735232: r->filehandle = 35, r->size = 4194304, r->offset = 327155712
22:47:08 ERROR /home/bsc03/bsc03353/forge/src/dispatcher/posix.c:62 140675100735232: single write -1 of expected 4194304
22:47:08 ERROR /home/bsc03/bsc03353/forge/src/dispatcher/posix.c:61 140683690686208: r->filehandle = 35, r->size = 4194304, r->offset = 301989888
22:47:08 ERROR /home/bsc03/bsc03353/forge/src/dispatcher/posix.c:62 140683690686208: single write -1 of expected 4194304
22:47:08 ERROR /home/bsc03/bsc03353/forge/src/dispatcher/posix.c:61 140668658272000: r->filehandle = 35, r->size = 4194304, r->offset = 2386558976
22:47:08 ERROR /home/bsc03/bsc03353/forge/src/dispatcher/posix.c:62 140668658272000: single write -1 of expected 4194304
22:47:08 ERROR /home/bsc03/bsc03353/forge/src/dispatcher/posix.c:61 140664363296512: r->filehandle = 35, r->size = 4194304, r->offset = 83886080
22:47:08 ERROR /home/bsc03/bsc03353/forge/src/dispatcher/posix.c:62 140664363296512: single write -1 of expected 4194304
22:47:09 ERROR /home/bsc03/bsc03353/forge/src/dispatcher/posix.c:61 140666510784256: r->filehandle = 35, r->size = 4194304, r->offset = 721420288
22:47:09 ERROR /home/bsc03/bsc03353/forge/src/dispatcher/posix.c:62 140666510784256: single write -1 of expected 4194304
22:47:09 ERROR /home/bsc03/bsc03353/forge/src/dispatcher/posix.c:61 140662215808768: r->filehandle = 35, r->size = 4194304, r->offset = 2923429888
22:47:09 ERROR /home/bsc03/bsc03353/forge/src/dispatcher/posix.c:62 140662215808768: single write -1 of expected 4194304
22:47:10 ERROR /home/bsc03/bsc03353/forge/src/dispatcher/posix.c:61 140677248222976: r->filehandle = 35, r->size = 4194304, r->offset = 96468992
22:47:10 ERROR /home/bsc03/bsc03353/forge/src/dispatcher/posix.c:62 140677248222976: single write -1 of expected 4194304
22:47:10 ERROR /home/bsc03/bsc03353/forge/src/dispatcher/posix.c:61 140681543198464: r->filehandle = 35, r->size = 4194304, r->offset = 574619648
22:47:10 ERROR /home/bsc03/bsc03353/forge/src/dispatcher/posix.c:62 140681543198464: single write -1 of expected 4194304
22:47:10 ERROR /home/bsc03/bsc03353/forge/src/dispatcher/posix.c:61 140687985661696: r->filehandle = 35, r->size = 4194304, r->offset = 687865856
22:47:10 ERROR /home/bsc03/bsc03353/forge/src/dispatcher/posix.c:62 140687985661696: single write -1 of expected 4194304
22:47:11 ERROR /home/bsc03/bsc03353/forge/src/dispatcher/posix.c:61 140660068321024: r->filehandle = 35, r->size = 4194304, r->offset = 822083584
22:47:11 ERROR /home/bsc03/bsc03353/forge/src/dispatcher/posix.c:62 140660068321024: single write -1 of expected 4194304
22:47:11 ERROR /home/bsc03/bsc03353/forge/src/dispatcher/posix.c:61 140683690686208: r->filehandle = 35, r->size = 4194304, r->offset = 167772160
22:47:11 ERROR /home/bsc03/bsc03353/forge/src/dispatcher/posix.c:62 140683690686208: single write -1 of expected 4194304
22:47:11 ERROR /home/bsc03/bsc03353/forge/src/dispatcher/posix.c:61 140666510784256: r->filehandle = 35, r->size = 4194304, r->offset = 1124073472
22:47:11 ERROR /home/bsc03/bsc03353/forge/src/dispatcher/posix.c:62 140666510784256: single write -1 of expected 4194304
22:47:12 ERROR /home/bsc03/bsc03353/forge/src/dispatcher/posix.c:61 140681543198464: r->filehandle = 35, r->size = 4194304, r->offset = 977272832
22:47:12 ERROR /home/bsc03/bsc03353/forge/src/dispatcher/posix.c:62 140681543198464: single write -1 of expected 4194304
22:47:12 ERROR /home/bsc03/bsc03353/forge/src/dispatcher/posix.c:61 140690133149440: r->filehandle = 35, r->size = 4194304, r->offset = 3439329280
22:47:12 ERROR /home/bsc03/bsc03353/forge/src/dispatcher/posix.c:62 140690133149440: single write -1 of expected 4194304
22:47:13 ERROR /home/bsc03/bsc03353/forge/src/dispatcher/posix.c:61 140664363296512: r->filehandle = 35, r->size = 4194304, r->offset = 150994944
22:47:13 ERROR /home/bsc03/bsc03353/forge/src/dispatcher/posix.c:62 140664363296512: single write -1 of expected 4194304
22:47:13 ERROR /home/bsc03/bsc03353/forge/src/dispatcher/posix.c:61 140670805759744: r->filehandle = 35, r->size = 4194304, r->offset = 201326592
22:47:13 ERROR /home/bsc03/bsc03353/forge/src/dispatcher/posix.c:62 140670805759744: single write -1 of expected 4194304
22:47:13 ERROR /home/bsc03/bsc03353/forge/src/dispatcher/posix.c:61 140683690686208: r->filehandle = 35, r->size = 4194304, r->offset = 381681664
22:47:13 ERROR /home/bsc03/bsc03353/forge/src/dispatcher/posix.c:62 140683690686208: single write -1 of expected 4194304
22:47:14 ERROR /home/bsc03/bsc03353/forge/src/dispatcher/posix.c:61 140672953247488: r->filehandle = 35, r->size = 4194304, r->offset = 641728512
22:47:14 ERROR /home/bsc03/bsc03353/forge/src/dispatcher/posix.c:62 140672953247488: single write -1 of expected 4194304
22:47:14 ERROR /home/bsc03/bsc03353/forge/src/dispatcher/posix.c:61 140675100735232: r->filehandle = 35, r->size = 4194304, r->offset = 75497472
22:47:14 ERROR /home/bsc03/bsc03353/forge/src/dispatcher/posix.c:62 140675100735232: single write -1 of expected 4194304
22:47:14 ERROR /home/bsc03/bsc03353/forge/src/dispatcher/posix.c:61 140677248222976: r->filehandle = 35, r->size = 4194304, r->offset = 197132288
22:47:14 ERROR /home/bsc03/bsc03353/forge/src/dispatcher/posix.c:62 140677248222976: single write -1 of expected 4194304
22:47:14 ERROR /home/bsc03/bsc03353/forge/src/dispatcher/posix.c:61 140685838173952: r->filehandle = 35, r->size = 4194304, r->offset = 255852544
22:47:14 ERROR /home/bsc03/bsc03353/forge/src/dispatcher/posix.c:62 140685838173952: single write -1 of expected 4194304
22:47:15 ERROR /home/bsc03/bsc03353/forge/src/dispatcher/posix.c:61 140690133149440: r->filehandle = 35, r->size = 4194304, r->offset = 3841982464
22:47:15 ERROR /home/bsc03/bsc03353/forge/src/dispatcher/posix.c:62 140690133149440: single write -1 of expected 4194304
22:47:15 ERROR /home/bsc03/bsc03353/forge/src/dispatcher/posix.c:61 140664363296512: r->filehandle = 35, r->size = 4194304, r->offset = 385875968
22:47:15 ERROR /home/bsc03/bsc03353/forge/src/dispatcher/posix.c:62 140664363296512: single write -1 of expected 4194304
22:47:15 ERROR /home/bsc03/bsc03353/forge/src/dispatcher/posix.c:61 140660068321024: r->filehandle = 35, r->size = 4194304, r->offset = 1224736768
22:47:15 ERROR /home/bsc03/bsc03353/forge/src/dispatcher/posix.c:62 140660068321024: single write -1 of expected 4194304
22:47:16 ERROR /home/bsc03/bsc03353/forge/src/dispatcher/posix.c:61 140681543198464: r->filehandle = 35, r->size = 4194304, r->offset = 1379926016
22:47:16 ERROR /home/bsc03/bsc03353/forge/src/dispatcher/posix.c:62 140681543198464: single write -1 of expected 4194304
22:47:16 ERROR /home/bsc03/bsc03353/forge/src/dispatcher/posix.c:61 140668658272000: r->filehandle = 35, r->size = 4194304, r->offset = 2789212160
22:47:16 ERROR /home/bsc03/bsc03353/forge/src/dispatcher/posix.c:62 140668658272000: single write -1 of expected 4194304
22:47:17 ERROR /home/bsc03/bsc03353/forge/src/dispatcher/posix.c:61 140683690686208: r->filehandle = 35, r->size = 4194304, r->offset = 100663296
22:47:17 ERROR /home/bsc03/bsc03353/forge/src/dispatcher/posix.c:62 140683690686208: single write -1 of expected 4194304
22:47:19 ERROR /home/bsc03/bsc03353/forge/src/dispatcher/posix.c:61 140662215808768: r->filehandle = 35, r->size = 4194304, r->offset = 3326083072
22:47:19 ERROR /home/bsc03/bsc03353/forge/src/dispatcher/posix.c:62 140662215808768: single write -1 of expected 4194304
22:47:20 ERROR /home/bsc03/bsc03353/forge/src/dispatcher/posix.c:61 140679395710720: r->filehandle = 35, r->size = 4194304, r->offset = 1862270976
22:47:20 ERROR /home/bsc03/bsc03353/forge/src/dispatcher/posix.c:62 140679395710720: single write -1 of expected 4194304
22:47:20 ERROR /home/bsc03/bsc03353/forge/src/dispatcher/posix.c:61 140670805759744: r->filehandle = 35, r->size = 4194304, r->offset = 192937984
22:47:20 ERROR /home/bsc03/bsc03353/forge/src/dispatcher/posix.c:62 140670805759744: single write -1 of expected 4194304
22:47:20 ERROR /home/bsc03/bsc03353/forge/src/dispatcher/posix.c:61 140677248222976: r->filehandle = 35, r->size = 4194304, r->offset = 331350016
22:47:20 ERROR /home/bsc03/bsc03353/forge/src/dispatcher/posix.c:62 140677248222976: single write -1 of expected 4194304
22:47:21 ERROR /home/bsc03/bsc03353/forge/src/dispatcher/posix.c:61 140692280637184: r->filehandle = 35, r->size = 4194304, r->offset = 708837376
22:47:21 ERROR /home/bsc03/bsc03353/forge/src/dispatcher/posix.c:62 140692280637184: single write -1 of expected 4194304
22:47:21 ERROR /home/bsc03/bsc03353/forge/src/dispatcher/posix.c:61 140672953247488: r->filehandle = 35, r->size = 4194304, r->offset = 1044381696
22:47:21 ERROR /home/bsc03/bsc03353/forge/src/dispatcher/posix.c:62 140672953247488: single write -1 of expected 4194304
22:47:21 ERROR /home/bsc03/bsc03353/forge/src/dispatcher/posix.c:61 140666510784256: r->filehandle = 35, r->size = 4194304, r->offset = 1526726656
22:47:21 ERROR /home/bsc03/bsc03353/forge/src/dispatcher/posix.c:62 140666510784256: single write -1 of expected 4194304
22:47:21 ERROR /home/bsc03/bsc03353/forge/src/dispatcher/posix.c:61 140675100735232: r->filehandle = 35, r->size = 4194304, r->offset = 25165824
22:47:21 ERROR /home/bsc03/bsc03353/forge/src/dispatcher/posix.c:62 140675100735232: single write -1 of expected 4194304
22:47:22 ERROR /home/bsc03/bsc03353/forge/src/dispatcher/posix.c:61 140679395710720: r->filehandle = 35, r->size = 4194304, r->offset = 2264924160
22:47:22 ERROR /home/bsc03/bsc03353/forge/src/dispatcher/posix.c:62 140679395710720: single write -1 of expected 4194304
22:47:22 ERROR /home/bsc03/bsc03353/forge/src/dispatcher/posix.c:61 140687985661696: r->filehandle = 35, r->size = 4194304, r->offset = 440401920
22:47:22 ERROR /home/bsc03/bsc03353/forge/src/dispatcher/posix.c:62 140687985661696: single write -1 of expected 4194304
22:47:22 ERROR /home/bsc03/bsc03353/forge/src/dispatcher/posix.c:61 140670805759744: r->filehandle = 35, r->size = 4194304, r->offset = 209715200
22:47:22 ERROR /home/bsc03/bsc03353/forge/src/dispatcher/posix.c:62 140670805759744: single write -1 of expected 4194304
22:47:22 ERROR /home/bsc03/bsc03353/forge/src/dispatcher/posix.c:61 140664363296512: r->filehandle = 35, r->size = 4194304, r->offset = 50331648
22:47:22 ERROR /home/bsc03/bsc03353/forge/src/dispatcher/posix.c:62 140664363296512: single write -1 of expected 4194304
22:47:23 ERROR /home/bsc03/bsc03353/forge/src/dispatcher/posix.c:61 140660068321024: r->filehandle = 35, r->size = 4194304, r->offset = 1627389952
22:47:23 ERROR /home/bsc03/bsc03353/forge/src/dispatcher/posix.c:62 140660068321024: single write -1 of expected 4194304
22:47:23 ERROR /home/bsc03/bsc03353/forge/src/dispatcher/posix.c:61 140664363296512: r->filehandle = 35, r->size = 4194304, r->offset = 184549376
22:47:23 ERROR /home/bsc03/bsc03353/forge/src/dispatcher/posix.c:62 140664363296512: single write -1 of expected 4194304
22:47:23 ERROR /home/bsc03/bsc03353/forge/src/dispatcher/posix.c:61 140683690686208: r->filehandle = 35, r->size = 4194304, r->offset = 398458880
22:47:23 ERROR /home/bsc03/bsc03353/forge/src/dispatcher/posix.c:62 140683690686208: single write -1 of expected 4194304
22:47:23 ERROR /home/bsc03/bsc03353/forge/src/dispatcher/posix.c:61 140675100735232: r->filehandle = 35, r->size = 4194304, r->offset = 268435456
22:47:23 ERROR /home/bsc03/bsc03353/forge/src/dispatcher/posix.c:62 140675100735232: single write -1 of expected 4194304
22:47:24 ERROR /home/bsc03/bsc03353/forge/src/dispatcher/posix.c:61 140666510784256: r->filehandle = 35, r->size = 4194304, r->offset = 1929379840
22:47:24 ERROR /home/bsc03/bsc03353/forge/src/dispatcher/posix.c:62 140666510784256: single write -1 of expected 4194304
22:47:24 ERROR /home/bsc03/bsc03353/forge/src/dispatcher/posix.c:61 140685838173952: r->filehandle = 35, r->size = 4194304, r->offset = 390070272
22:47:24 ERROR /home/bsc03/bsc03353/forge/src/dispatcher/posix.c:62 140685838173952: single write -1 of expected 4194304
22:47:24 ERROR /home/bsc03/bsc03353/forge/src/dispatcher/posix.c:61 140685838173952: r->filehandle = 35, r->size = 4194304, r->offset = 356515840
22:47:24 ERROR /home/bsc03/bsc03353/forge/src/dispatcher/posix.c:62 140685838173952: single write -1 of expected 4194304
22:47:24 ERROR /home/bsc03/bsc03353/forge/src/dispatcher/posix.c:61 140662215808768: r->filehandle = 35, r->size = 4194304, r->offset = 3728736256
22:47:24 ERROR /home/bsc03/bsc03353/forge/src/dispatcher/posix.c:62 140662215808768: single write -1 of expected 4194304
22:47:25 ERROR /home/bsc03/bsc03353/forge/src/dispatcher/posix.c:61 140690133149440: r->filehandle = 35, r->size = 4194304, r->offset = 4244635648
22:47:25 ERROR /home/bsc03/bsc03353/forge/src/dispatcher/posix.c:62 140690133149440: single write -1 of expected 4194304
22:47:25 ERROR /home/bsc03/bsc03353/forge/src/dispatcher/posix.c:61 140664363296512: r->filehandle = 35, r->size = 4194304, r->offset = 2030043136
22:47:25 ERROR /home/bsc03/bsc03353/forge/src/dispatcher/posix.c:62 140664363296512: single write -1 of expected 4194304
22:47:25 ERROR /home/bsc03/bsc03353/forge/src/dispatcher/posix.c:61 140670805759744: r->filehandle = 35, r->size = 4194304, r->offset = 33554432
22:47:25 ERROR /home/bsc03/bsc03353/forge/src/dispatcher/posix.c:62 140670805759744: single write -1 of expected 4194304
22:47:25 ERROR /home/bsc03/bsc03353/forge/src/dispatcher/posix.c:61 140681543198464: r->filehandle = 35, r->size = 4194304, r->offset = 1782579200
22:47:25 ERROR /home/bsc03/bsc03353/forge/src/dispatcher/posix.c:62 140681543198464: single write -1 of expected 4194304
22:47:25 ERROR /home/bsc03/bsc03353/forge/src/dispatcher/posix.c:61 140692280637184: r->filehandle = 35, r->size = 4194304, r->offset = 1111490560
22:47:25 ERROR /home/bsc03/bsc03353/forge/src/dispatcher/posix.c:62 140692280637184: single write -1 of expected 4194304
22:47:26 ERROR /home/bsc03/bsc03353/forge/src/dispatcher/posix.c:61 140690133149440: r->filehandle = 35, r->size = 4194304, r->offset = 520093696
22:47:26 ERROR /home/bsc03/bsc03353/forge/src/dispatcher/posix.c:62 140690133149440: single write -1 of expected 4194304
22:47:26 ERROR /home/bsc03/bsc03353/forge/src/dispatcher/posix.c:61 140685838173952: r->filehandle = 35, r->size = 4194304, r->offset = 88080384
22:47:26 ERROR /home/bsc03/bsc03353/forge/src/dispatcher/posix.c:62 140685838173952: single write -1 of expected 4194304
22:47:26 ERROR /home/bsc03/bsc03353/forge/src/dispatcher/posix.c:61 140675100735232: r->filehandle = 35, r->size = 4194304, r->offset = 369098752
22:47:26 ERROR /home/bsc03/bsc03353/forge/src/dispatcher/posix.c:62 140675100735232: single write -1 of expected 4194304
22:47:26 ERROR /home/bsc03/bsc03353/forge/src/dispatcher/posix.c:61 140687985661696: r->filehandle = 35, r->size = 4194304, r->offset = 1090519040
22:47:26 ERROR /home/bsc03/bsc03353/forge/src/dispatcher/posix.c:62 140687985661696: single write -1 of expected 4194304
22:47:27 ERROR /home/bsc03/bsc03353/forge/src/dispatcher/posix.c:61 140664363296512: r->filehandle = 35, r->size = 4194304, r->offset = 549453824
22:47:27 ERROR /home/bsc03/bsc03353/forge/src/dispatcher/posix.c:62 140664363296512: single write -1 of expected 4194304
22:47:27 ERROR /home/bsc03/bsc03353/forge/src/dispatcher/posix.c:61 140662215808768: r->filehandle = 35, r->size = 4194304, r->offset = 566231040
22:47:27 ERROR /home/bsc03/bsc03353/forge/src/dispatcher/posix.c:62 140662215808768: single write -1 of expected 4194304
22:47:27 ERROR /home/bsc03/bsc03353/forge/src/dispatcher/posix.c:61 140675100735232: r->filehandle = 35, r->size = 4194304, r->offset = 58720256
22:47:27 ERROR /home/bsc03/bsc03353/forge/src/dispatcher/posix.c:62 140675100735232: single write -1 of expected 4194304
22:47:27 ERROR /home/bsc03/bsc03353/forge/src/dispatcher/posix.c:61 140662215808768: r->filehandle = 35, r->size = 4194304, r->offset = 452984832
22:47:27 ERROR /home/bsc03/bsc03353/forge/src/dispatcher/posix.c:62 140662215808768: single write -1 of expected 4194304
22:47:28 ERROR /home/bsc03/bsc03353/forge/src/dispatcher/posix.c:61 140685838173952: r->filehandle = 35, r->size = 4194304, r->offset = 71303168
22:47:28 ERROR /home/bsc03/bsc03353/forge/src/dispatcher/posix.c:62 140685838173952: single write -1 of expected 4194304
22:47:28 ERROR /home/bsc03/bsc03353/forge/src/dispatcher/posix.c:61 140666510784256: r->filehandle = 35, r->size = 4194304, r->offset = 700448768
22:47:28 ERROR /home/bsc03/bsc03353/forge/src/dispatcher/posix.c:62 140666510784256: single write -1 of expected 4194304
22:47:28 ERROR /home/bsc03/bsc03353/forge/src/dispatcher/posix.c:61 140692280637184: r->filehandle = 35, r->size = 4194304, r->offset = 553648128
22:47:28 ERROR /home/bsc03/bsc03353/forge/src/dispatcher/posix.c:62 140692280637184: single write -1 of expected 4194304
22:47:28 ERROR /home/bsc03/bsc03353/forge/src/dispatcher/posix.c:61 140670805759744: r->filehandle = 35, r->size = 4194304, r->offset = 360710144
22:47:28 ERROR /home/bsc03/bsc03353/forge/src/dispatcher/posix.c:62 140670805759744: single write -1 of expected 4194304
22:47:29 ERROR /home/bsc03/bsc03353/forge/src/dispatcher/posix.c:61 140660068321024: r->filehandle = 35, r->size = 4194304, r->offset = 843055104
22:47:29 ERROR /home/bsc03/bsc03353/forge/src/dispatcher/posix.c:62 140660068321024: single write -1 of expected 4194304
22:47:30 ERROR /home/bsc03/bsc03353/forge/src/dispatcher/posix.c:61 140672953247488: r->filehandle = 35, r->size = 4194304, r->offset = 1447034880
22:47:30 ERROR /home/bsc03/bsc03353/forge/src/dispatcher/posix.c:62 140672953247488: single write -1 of expected 4194304
22:47:31 ERROR /home/bsc03/bsc03353/forge/src/dispatcher/posix.c:61 140692280637184: r->filehandle = 35, r->size = 4194304, r->offset = 2432696320
22:47:31 ERROR /home/bsc03/bsc03353/forge/src/dispatcher/posix.c:62 140692280637184: single write -1 of expected 4194304
22:47:32 ERROR /home/bsc03/bsc03353/forge/src/dispatcher/posix.c:61 140679395710720: r->filehandle = 35, r->size = 4194304, r->offset = 2667577344
22:47:32 ERROR /home/bsc03/bsc03353/forge/src/dispatcher/posix.c:62 140679395710720: single write -1 of expected 4194304
22:47:33 ERROR /home/bsc03/bsc03353/forge/src/dispatcher/posix.c:61 140675100735232: r->filehandle = 35, r->size = 4194304, r->offset = 293601280
22:47:33 ERROR /home/bsc03/bsc03353/forge/src/dispatcher/posix.c:62 140675100735232: single write -1 of expected 4194304
22:47:34 ERROR /home/bsc03/bsc03353/forge/src/dispatcher/posix.c:61 140670805759744: r->filehandle = 35, r->size = 4194304, r->offset = 142606336
22:47:34 ERROR /home/bsc03/bsc03353/forge/src/dispatcher/posix.c:62 140670805759744: single write -1 of expected 4194304
22:47:34 ERROR /home/bsc03/bsc03353/forge/src/dispatcher/posix.c:61 140664363296512: r->filehandle = 35, r->size = 4194304, r->offset = 788529152
22:47:34 ERROR /home/bsc03/bsc03353/forge/src/dispatcher/posix.c:62 140664363296512: single write -1 of expected 4194304
22:47:35 ERROR /home/bsc03/bsc03353/forge/src/dispatcher/posix.c:61 140685838173952: r->filehandle = 35, r->size = 4194304, r->offset = 289406976
22:47:35 ERROR /home/bsc03/bsc03353/forge/src/dispatcher/posix.c:62 140685838173952: single write -1 of expected 4194304
22:47:35 ERROR /home/bsc03/bsc03353/forge/src/dispatcher/posix.c:61 140681543198464: r->filehandle = 35, r->size = 4194304, r->offset = 754974720
22:47:35 ERROR /home/bsc03/bsc03353/forge/src/dispatcher/posix.c:62 140681543198464: single write -1 of expected 4194304
22:47:35 ERROR /home/bsc03/bsc03353/forge/src/dispatcher/posix.c:61 140662215808768: r->filehandle = 35, r->size = 4194304, r->offset = 2332033024
22:47:35 ERROR /home/bsc03/bsc03353/forge/src/dispatcher/posix.c:62 140662215808768: single write -1 of expected 4194304
22:47:35 ERROR /home/bsc03/bsc03353/forge/src/dispatcher/posix.c:61 140692280637184: r->filehandle = 35, r->size = 4194304, r->offset = 922746880
22:47:35 ERROR /home/bsc03/bsc03353/forge/src/dispatcher/posix.c:62 140692280637184: single write -1 of expected 4194304
22:47:36 ERROR /home/bsc03/bsc03353/forge/src/dispatcher/posix.c:61 140668658272000: r->filehandle = 35, r->size = 4194304, r->offset = 3191865344
22:47:36 ERROR /home/bsc03/bsc03353/forge/src/dispatcher/posix.c:62 140668658272000: single write -1 of expected 4194304
22:47:36 ERROR /home/bsc03/bsc03353/forge/src/dispatcher/posix.c:61 140670805759744: r->filehandle = 35, r->size = 4194304, r->offset = 109051904
22:47:36 ERROR /home/bsc03/bsc03353/forge/src/dispatcher/posix.c:62 140670805759744: single write -1 of expected 4194304
22:47:36 ERROR /home/bsc03/bsc03353/forge/src/dispatcher/posix.c:61 140679395710720: r->filehandle = 35, r->size = 4194304, r->offset = 1493172224
22:47:36 ERROR /home/bsc03/bsc03353/forge/src/dispatcher/posix.c:62 140679395710720: single write -1 of expected 4194304
22:47:37 ERROR /home/bsc03/bsc03353/forge/src/dispatcher/posix.c:61 140685838173952: r->filehandle = 35, r->size = 4194304, r->offset = 20971520
22:47:37 ERROR /home/bsc03/bsc03353/forge/src/dispatcher/posix.c:62 140685838173952: single write -1 of expected 4194304
22:47:37 ERROR /home/bsc03/bsc03353/forge/src/dispatcher/posix.c:61 140692280637184: r->filehandle = 35, r->size = 4194304, r->offset = 952107008
22:47:37 ERROR /home/bsc03/bsc03353/forge/src/dispatcher/posix.c:62 140692280637184: single write -1 of expected 4194304
22:47:37 ERROR /home/bsc03/bsc03353/forge/src/dispatcher/posix.c:61 140687985661696: r->filehandle = 35, r->size = 4194304, r->offset = 587202560
22:47:37 ERROR /home/bsc03/bsc03353/forge/src/dispatcher/posix.c:62 140687985661696: single write -1 of expected 4194304
22:47:38 ERROR /home/bsc03/bsc03353/forge/src/dispatcher/posix.c:61 140672953247488: r->filehandle = 35, r->size = 4194304, r->offset = 1514143744
22:47:38 ERROR /home/bsc03/bsc03353/forge/src/dispatcher/posix.c:62 140672953247488: single write -1 of expected 4194304
22:47:38 ERROR /home/bsc03/bsc03353/forge/src/dispatcher/posix.c:61 140681543198464: r->filehandle = 35, r->size = 4194304, r->offset = 968884224
22:47:38 ERROR /home/bsc03/bsc03353/forge/src/dispatcher/posix.c:62 140681543198464: single write -1 of expected 4194304
22:47:38 ERROR /home/bsc03/bsc03353/forge/src/dispatcher/posix.c:61 140677248222976: r->filehandle = 35, r->size = 4194304, r->offset = 314572800
22:47:38 ERROR /home/bsc03/bsc03353/forge/src/dispatcher/posix.c:62 140677248222976: single write -1 of expected 4194304
22:47:38 ERROR /home/bsc03/bsc03353/forge/src/dispatcher/posix.c:61 140668658272000: r->filehandle = 35, r->size = 4194304, r->offset = 1103101952
22:47:38 ERROR /home/bsc03/bsc03353/forge/src/dispatcher/posix.c:62 140668658272000: single write -1 of expected 4194304
22:47:39 ERROR /home/bsc03/bsc03353/forge/src/dispatcher/posix.c:61 140681543198464: r->filehandle = 35, r->size = 4194304, r->offset = 2835349504
22:47:39 ERROR /home/bsc03/bsc03353/forge/src/dispatcher/posix.c:62 140681543198464: single write -1 of expected 4194304
22:47:39 ERROR /home/bsc03/bsc03353/forge/src/dispatcher/posix.c:61 140666510784256: r->filehandle = 35, r->size = 4194304, r->offset = 4131389440
22:47:39 ERROR /home/bsc03/bsc03353/forge/src/dispatcher/posix.c:62 140666510784256: single write -1 of expected 4194304
22:47:40 ERROR /home/bsc03/bsc03353/forge/src/dispatcher/posix.c:61 140660068321024: r->filehandle = 35, r->size = 4194304, r->offset = 2185232384
22:47:40 ERROR /home/bsc03/bsc03353/forge/src/dispatcher/posix.c:62 140660068321024: single write -1 of expected 4194304
22:47:40 ERROR /home/bsc03/bsc03353/forge/src/dispatcher/posix.c:61 140675100735232: r->filehandle = 35, r->size = 4194304, r->offset = 394264576
22:47:40 ERROR /home/bsc03/bsc03353/forge/src/dispatcher/posix.c:62 140675100735232: single write -1 of expected 4194304
22:47:40 ERROR /home/bsc03/bsc03353/forge/src/dispatcher/posix.c:61 140692280637184: r->filehandle = 35, r->size = 4194304, r->offset = 1849688064
22:47:40 ERROR /home/bsc03/bsc03353/forge/src/dispatcher/posix.c:62 140692280637184: single write -1 of expected 4194304
22:47:41 ERROR /home/bsc03/bsc03353/forge/src/dispatcher/posix.c:61 140681543198464: r->filehandle = 35, r->size = 4194304, r->offset = 1191182336
22:47:41 ERROR /home/bsc03/bsc03353/forge/src/dispatcher/posix.c:62 140681543198464: single write -1 of expected 4194304
22:47:41 ERROR /home/bsc03/bsc03353/forge/src/dispatcher/posix.c:61 140664363296512: r->filehandle = 35, r->size = 4194304, r->offset = 4647288832
22:47:41 ERROR /home/bsc03/bsc03353/forge/src/dispatcher/posix.c:62 140664363296512: single write -1 of expected 4194304
22:47:41 ERROR /home/bsc03/bsc03353/forge/src/dispatcher/posix.c:61 140666510784256: r->filehandle = 35, r->size = 4194304, r->offset = 1325400064
22:47:41 ERROR /home/bsc03/bsc03353/forge/src/dispatcher/posix.c:62 140666510784256: single write -1 of expected 4194304
22:47:41 ERROR /home/bsc03/bsc03353/forge/src/dispatcher/posix.c:61 140683690686208: r->filehandle = 35, r->size = 4194304, r->offset = 62914560
22:47:41 ERROR /home/bsc03/bsc03353/forge/src/dispatcher/posix.c:62 140683690686208: single write -1 of expected 4194304
22:47:42 ERROR /home/bsc03/bsc03353/forge/src/dispatcher/posix.c:61 140685838173952: r->filehandle = 35, r->size = 4194304, r->offset = 205520896
22:47:42 ERROR /home/bsc03/bsc03353/forge/src/dispatcher/posix.c:62 140685838173952: single write -1 of expected 4194304
22:47:42 ERROR /home/bsc03/bsc03353/forge/src/dispatcher/posix.c:61 140690133149440: r->filehandle = 35, r->size = 4194304, r->offset = 486539264
22:47:42 ERROR /home/bsc03/bsc03353/forge/src/dispatcher/posix.c:62 140690133149440: single write -1 of expected 4194304
22:47:42 ERROR /home/bsc03/bsc03353/forge/src/dispatcher/posix.c:61 140668658272000: r->filehandle = 35, r->size = 4194304, r->offset = 2734686208
22:47:42 ERROR /home/bsc03/bsc03353/forge/src/dispatcher/posix.c:62 140668658272000: single write -1 of expected 4194304
22:47:42 ERROR /home/bsc03/bsc03353/forge/src/dispatcher/posix.c:61 140683690686208: r->filehandle = 35, r->size = 4194304, r->offset = 12582912
22:47:42 ERROR /home/bsc03/bsc03353/forge/src/dispatcher/posix.c:62 140683690686208: single write -1 of expected 4194304
22:47:43 ERROR /home/bsc03/bsc03353/forge/src/dispatcher/posix.c:61 140687985661696: r->filehandle = 35, r->size = 4194304, r->offset = 1245708288
22:47:43 ERROR /home/bsc03/bsc03353/forge/src/dispatcher/posix.c:62 140687985661696: single write -1 of expected 4194304
22:47:43 ERROR /home/bsc03/bsc03353/forge/src/dispatcher/posix.c:61 140666510784256: r->filehandle = 35, r->size = 4194304, r->offset = 1916796928
22:47:43 ERROR /home/bsc03/bsc03353/forge/src/dispatcher/posix.c:62 140666510784256: single write -1 of expected 4194304
22:47:43 ERROR /home/bsc03/bsc03353/forge/src/dispatcher/posix.c:61 140681543198464: r->filehandle = 35, r->size = 4194304, r->offset = 1895825408
22:47:43 ERROR /home/bsc03/bsc03353/forge/src/dispatcher/posix.c:62 140681543198464: single write -1 of expected 4194304
22:47:43 ERROR /home/bsc03/bsc03353/forge/src/dispatcher/posix.c:61 140690133149440: r->filehandle = 35, r->size = 4194304, r->offset = 1371537408
22:47:43 ERROR /home/bsc03/bsc03353/forge/src/dispatcher/posix.c:62 140690133149440: single write -1 of expected 4194304
22:47:44 ERROR /home/bsc03/bsc03353/forge/src/dispatcher/posix.c:61 140666510784256: r->filehandle = 35, r->size = 4194304, r->offset = 2252341248
22:47:44 ERROR /home/bsc03/bsc03353/forge/src/dispatcher/posix.c:62 140666510784256: single write -1 of expected 4194304
22:47:44 ERROR /home/bsc03/bsc03353/forge/src/dispatcher/posix.c:61 140664363296512: r->filehandle = 35, r->size = 4194304, r->offset = 1505755136
22:47:44 ERROR /home/bsc03/bsc03353/forge/src/dispatcher/posix.c:62 140664363296512: single write -1 of expected 4194304
22:47:44 ERROR /home/bsc03/bsc03353/forge/src/dispatcher/posix.c:61 140677248222976: r->filehandle = 35, r->size = 4194304, r->offset = 29360128
22:47:44 ERROR /home/bsc03/bsc03353/forge/src/dispatcher/posix.c:62 140677248222976: single write -1 of expected 4194304
22:47:44 ERROR /home/bsc03/bsc03353/forge/src/dispatcher/posix.c:61 140666510784256: r->filehandle = 35, r->size = 4194304, r->offset = 1593835520
22:47:44 ERROR /home/bsc03/bsc03353/forge/src/dispatcher/posix.c:62 140666510784256: single write -1 of expected 4194304
22:47:45 ERROR /home/bsc03/bsc03353/forge/src/dispatcher/posix.c:61 140690133149440: r->filehandle = 35, r->size = 4194304, r->offset = 2587885568
22:47:45 ERROR /home/bsc03/bsc03353/forge/src/dispatcher/posix.c:62 140690133149440: single write -1 of expected 4194304
22:47:45 ERROR /home/bsc03/bsc03353/forge/src/dispatcher/posix.c:61 140670805759744: r->filehandle = 35, r->size = 4194304, r->offset = 67108864
22:47:45 ERROR /home/bsc03/bsc03353/forge/src/dispatcher/posix.c:62 140670805759744: single write -1 of expected 4194304
22:47:45 ERROR /home/bsc03/bsc03353/forge/src/dispatcher/posix.c:61 140675100735232: r->filehandle = 35, r->size = 4194304, r->offset = 310378496
22:47:45 ERROR /home/bsc03/bsc03353/forge/src/dispatcher/posix.c:62 140675100735232: single write -1 of expected 4194304
22:47:45 ERROR /home/bsc03/bsc03353/forge/src/dispatcher/posix.c:61 140681543198464: r->filehandle = 35, r->size = 4194304, r->offset = 989855744
22:47:45 ERROR /home/bsc03/bsc03353/forge/src/dispatcher/posix.c:62 140681543198464: single write -1 of expected 4194304
22:47:46 ERROR /home/bsc03/bsc03353/forge/src/dispatcher/posix.c:61 140660068321024: r->filehandle = 35, r->size = 4194304, r->offset = 3594518528
22:47:46 ERROR /home/bsc03/bsc03353/forge/src/dispatcher/posix.c:62 140660068321024: single write -1 of expected 4194304
22:47:46 ERROR /home/bsc03/bsc03353/forge/src/dispatcher/posix.c:61 140687985661696: r->filehandle = 35, r->size = 4194304, r->offset = 4534042624
22:47:46 ERROR /home/bsc03/bsc03353/forge/src/dispatcher/posix.c:62 140687985661696: single write -1 of expected 4194304
22:47:46 ERROR /home/bsc03/bsc03353/forge/src/dispatcher/posix.c:61 140664363296512: r->filehandle = 35, r->size = 4194304, r->offset = 1728053248
22:47:46 ERROR /home/bsc03/bsc03353/forge/src/dispatcher/posix.c:62 140664363296512: single write -1 of expected 4194304
22:47:48 ERROR /home/bsc03/bsc03353/forge/src/dispatcher/posix.c:61 140683690686208: r->filehandle = 35, r->size = 4194304, r->offset = 234881024
22:47:48 ERROR /home/bsc03/bsc03353/forge/src/dispatcher/posix.c:62 140683690686208: single write -1 of expected 4194304
22:47:48 ERROR /home/bsc03/bsc03353/forge/src/dispatcher/posix.c:61 140677248222976: r->filehandle = 35, r->size = 4194304, r->offset = 281018368
22:47:48 ERROR /home/bsc03/bsc03353/forge/src/dispatcher/posix.c:62 140677248222976: single write -1 of expected 4194304
22:47:49 ERROR /home/bsc03/bsc03353/forge/src/dispatcher/posix.c:61 140675100735232: r->filehandle = 35, r->size = 4194304, r->offset = 675282944
22:47:49 ERROR /home/bsc03/bsc03353/forge/src/dispatcher/posix.c:62 140675100735232: single write -1 of expected 4194304
22:47:50 ERROR /home/bsc03/bsc03353/forge/src/dispatcher/posix.c:61 140679395710720: r->filehandle = 35, r->size = 4194304, r->offset = 956301312
22:47:50 ERROR /home/bsc03/bsc03353/forge/src/dispatcher/posix.c:62 140679395710720: single write -1 of expected 4194304
22:47:50 ERROR /home/bsc03/bsc03353/forge/src/dispatcher/posix.c:61 140660068321024: r->filehandle = 35, r->size = 4194304, r->offset = 742391808
22:47:50 ERROR /home/bsc03/bsc03353/forge/src/dispatcher/posix.c:62 140660068321024: single write -1 of expected 4194304
22:47:50 ERROR /home/bsc03/bsc03353/forge/src/dispatcher/posix.c:61 140670805759744: r->filehandle = 35, r->size = 4194304, r->offset = 8388608
22:47:50 ERROR /home/bsc03/bsc03353/forge/src/dispatcher/posix.c:62 140670805759744: single write -1 of expected 4194304
22:47:50 ERROR /home/bsc03/bsc03353/forge/src/dispatcher/posix.c:61 140677248222976: r->filehandle = 35, r->size = 4194304, r->offset = 230686720
22:47:50 ERROR /home/bsc03/bsc03353/forge/src/dispatcher/posix.c:62 140677248222976: single write -1 of expected 4194304
22:47:51 ERROR /home/bsc03/bsc03353/forge/src/dispatcher/posix.c:61 140687985661696: r->filehandle = 35, r->size = 4194304, r->offset = 658505728
22:47:51 ERROR /home/bsc03/bsc03353/forge/src/dispatcher/posix.c:62 140687985661696: single write -1 of expected 4194304
22:47:51 ERROR /home/bsc03/bsc03353/forge/src/dispatcher/posix.c:61 140672953247488: r->filehandle = 35, r->size = 4194304, r->offset = 3070230528
22:47:51 ERROR /home/bsc03/bsc03353/forge/src/dispatcher/posix.c:62 140672953247488: single write -1 of expected 4194304
22:47:51 ERROR /home/bsc03/bsc03353/forge/src/dispatcher/posix.c:61 140675100735232: r->filehandle = 35, r->size = 4194304, r->offset = 524288000
22:47:51 ERROR /home/bsc03/bsc03353/forge/src/dispatcher/posix.c:62 140675100735232: single write -1 of expected 4194304
22:47:51 ERROR /home/bsc03/bsc03353/forge/src/dispatcher/posix.c:61 140685838173952: r->filehandle = 35, r->size = 4194304, r->offset = 3238002688
22:47:51 ERROR /home/bsc03/bsc03353/forge/src/dispatcher/posix.c:62 140685838173952: single write -1 of expected 4194304
22:47:52 ERROR /home/bsc03/bsc03353/forge/src/dispatcher/posix.c:61 140681543198464: r->filehandle = 35, r->size = 4194304, r->offset = 406847488
22:47:52 ERROR /home/bsc03/bsc03353/forge/src/dispatcher/posix.c:62 140681543198464: single write -1 of expected 4194304
22:47:52 ERROR /home/bsc03/bsc03353/forge/src/dispatcher/posix.c:61 140690133149440: r->filehandle = 35, r->size = 4194304, r->offset = 541065216
22:47:52 ERROR /home/bsc03/bsc03353/forge/src/dispatcher/posix.c:62 140690133149440: single write -1 of expected 4194304
22:47:52 ERROR /home/bsc03/bsc03353/forge/src/dispatcher/posix.c:61 140685838173952: r->filehandle = 35, r->size = 4194304, r->offset = 792723456
22:47:52 ERROR /home/bsc03/bsc03353/forge/src/dispatcher/posix.c:62 140685838173952: single write -1 of expected 4194304
22:47:52 ERROR /home/bsc03/bsc03353/forge/src/dispatcher/posix.c:61 140683690686208: r->filehandle = 35, r->size = 4194304, r->offset = 134217728
22:47:52 ERROR /home/bsc03/bsc03353/forge/src/dispatcher/posix.c:62 140683690686208: single write -1 of expected 4194304
22:47:52 ERROR /home/bsc03/bsc03353/forge/src/dispatcher/posix.c:61 140681543198464: r->filehandle = 35, r->size = 4194304, r->offset = 2319450112
22:47:52 ERROR /home/bsc03/bsc03353/forge/src/dispatcher/posix.c:62 140681543198464: single write -1 of expected 4194304
22:47:53 ERROR /home/bsc03/bsc03353/forge/src/dispatcher/posix.c:61 140675100735232: r->filehandle = 35, r->size = 4194304, r->offset = 1648361472
22:47:53 ERROR /home/bsc03/bsc03353/forge/src/dispatcher/posix.c:62 140675100735232: single write -1 of expected 4194304
22:47:53 ERROR /home/bsc03/bsc03353/forge/src/dispatcher/posix.c:61 140692280637184: r->filehandle = 35, r->size = 4194304, r->offset = 1157627904
22:47:53 ERROR /home/bsc03/bsc03353/forge/src/dispatcher/posix.c:62 140692280637184: single write -1 of expected 4194304
22:47:53 ERROR /home/bsc03/bsc03353/forge/src/dispatcher/posix.c:61 140660068321024: r->filehandle = 35, r->size = 4194304, r->offset = 490733568
22:47:53 ERROR /home/bsc03/bsc03353/forge/src/dispatcher/posix.c:62 140660068321024: single write -1 of expected 4194304
22:47:53 ERROR /home/bsc03/bsc03353/forge/src/dispatcher/posix.c:61 140685838173952: r->filehandle = 35, r->size = 4194304, r->offset = 692060160
22:47:53 ERROR /home/bsc03/bsc03353/forge/src/dispatcher/posix.c:62 140685838173952: single write -1 of expected 4194304
22:47:54 ERROR /home/bsc03/bsc03353/forge/src/dispatcher/posix.c:61 140666510784256: r->filehandle = 35, r->size = 4194304, r->offset = 5049942016
22:47:54 ERROR /home/bsc03/bsc03353/forge/src/dispatcher/posix.c:62 140666510784256: single write -1 of expected 4194304
22:47:54 ERROR /home/bsc03/bsc03353/forge/src/dispatcher/posix.c:61 140679395710720: r->filehandle = 35, r->size = 4194304, r->offset = 473956352
22:47:54 ERROR /home/bsc03/bsc03353/forge/src/dispatcher/posix.c:62 140679395710720: single write -1 of expected 4194304
22:47:54 ERROR /home/bsc03/bsc03353/forge/src/dispatcher/posix.c:61 140672953247488: r->filehandle = 35, r->size = 4194304, r->offset = 3137339392
22:47:54 ERROR /home/bsc03/bsc03353/forge/src/dispatcher/posix.c:62 140672953247488: single write -1 of expected 4194304
22:47:55 ERROR /home/bsc03/bsc03353/forge/src/dispatcher/posix.c:61 140664363296512: r->filehandle = 35, r->size = 4194304, r->offset = 725614592
22:47:55 ERROR /home/bsc03/bsc03353/forge/src/dispatcher/posix.c:62 140664363296512: single write -1 of expected 4194304
22:47:55 ERROR /home/bsc03/bsc03353/forge/src/dispatcher/posix.c:61 140668658272000: r->filehandle = 35, r->size = 4194304, r->offset = 1354760192
22:47:55 ERROR /home/bsc03/bsc03353/forge/src/dispatcher/posix.c:62 140668658272000: single write -1 of expected 4194304
22:47:55 ERROR /home/bsc03/bsc03353/forge/src/dispatcher/posix.c:61 140662215808768: r->filehandle = 35, r->size = 4194304, r->offset = 855638016
22:47:55 ERROR /home/bsc03/bsc03353/forge/src/dispatcher/posix.c:62 140662215808768: single write -1 of expected 4194304
22:47:55 ERROR /home/bsc03/bsc03353/forge/src/dispatcher/posix.c:61 140692280637184: r->filehandle = 35, r->size = 4194304, r->offset = 2654994432
22:47:55 ERROR /home/bsc03/bsc03353/forge/src/dispatcher/posix.c:62 140692280637184: single write -1 of expected 4194304
22:47:55 ERROR /home/bsc03/bsc03353/forge/src/dispatcher/posix.c:61 140675100735232: r->filehandle = 35, r->size = 4194304, r->offset = 1774190592
22:47:55 ERROR /home/bsc03/bsc03353/forge/src/dispatcher/posix.c:62 140675100735232: single write -1 of expected 4194304
22:47:56 ERROR /home/bsc03/bsc03353/forge/src/dispatcher/posix.c:61 140690133149440: r->filehandle = 35, r->size = 4194304, r->offset = 2298478592
22:47:56 ERROR /home/bsc03/bsc03353/forge/src/dispatcher/posix.c:62 140690133149440: single write -1 of expected 4194304
22:47:56 ERROR /home/bsc03/bsc03353/forge/src/dispatcher/posix.c:61 140687985661696: r->filehandle = 35, r->size = 4194304, r->offset = 889192448
22:47:56 ERROR /home/bsc03/bsc03353/forge/src/dispatcher/posix.c:62 140687985661696: single write -1 of expected 4194304
22:47:56 ERROR /home/bsc03/bsc03353/forge/src/dispatcher/posix.c:61 140681543198464: r->filehandle = 35, r->size = 4194304, r->offset = 423624704
22:47:56 ERROR /home/bsc03/bsc03353/forge/src/dispatcher/posix.c:62 140681543198464: single write -1 of expected 4194304
22:47:56 ERROR /home/bsc03/bsc03353/forge/src/dispatcher/posix.c:61 140677248222976: r->filehandle = 35, r->size = 4194304, r->offset = 608174080
22:47:56 ERROR /home/bsc03/bsc03353/forge/src/dispatcher/posix.c:62 140677248222976: single write -1 of expected 4194304
22:47:57 ERROR /home/bsc03/bsc03353/forge/src/dispatcher/posix.c:61 140683690686208: r->filehandle = 35, r->size = 4194304, r->offset = 113246208
22:47:57 ERROR /home/bsc03/bsc03353/forge/src/dispatcher/posix.c:62 140683690686208: single write -1 of expected 4194304
22:47:57 ERROR /home/bsc03/bsc03353/forge/src/dispatcher/posix.c:61 140670805759744: r->filehandle = 35, r->size = 4194304, r->offset = 759169024
22:47:57 ERROR /home/bsc03/bsc03353/forge/src/dispatcher/posix.c:62 140670805759744: single write -1 of expected 4194304
22:47:57 ERROR /home/bsc03/bsc03353/forge/src/dispatcher/posix.c:61 140683690686208: r->filehandle = 35, r->size = 4194304, r->offset = 79691776
22:47:57 ERROR /home/bsc03/bsc03353/forge/src/dispatcher/posix.c:62 140683690686208: single write -1 of expected 4194304
22:47:57 ERROR /home/bsc03/bsc03353/forge/src/dispatcher/posix.c:61 140660068321024: r->filehandle = 35, r->size = 4194304, r->offset = 1908408320
22:47:57 ERROR /home/bsc03/bsc03353/forge/src/dispatcher/posix.c:62 140660068321024: single write -1 of expected 4194304
22:47:57 WARN  /home/bsc03/bsc03353/forge/src/main.c:789 140382006962240: hit stone wall at 66.755531 seconds!
AGIOS: stopped for this client. It can already be used by calling agios_init

22:47:57 INFO  /home/bsc03/bsc03353/forge/src/main.c:1158 140699405994048: I/O Forwarding Exploration [COMPLETE]
