Set GCC compilers as MPI wrappers backend 
remove impi/2017.4 (PATH, MANPATH, LD_LIBRARY_PATH) 
load openmpi/4.0.2_UCX (PATH, MANPATH, LD_LIBRARY_PATH) 
Set GCC compilers as MPI wrappers backend 
load gsl/2.4 (PATH, LD_LIBRARY_PATH, LIBRARY_PATH, MANPATH, INFOPATH,
C_INCLUDE_PATH, CPLUS_INCLUDE_PATH, PKG_CONFIG_PATH, GSL_DIR) 
13:28:41 INFO  /home/bsc03/bsc03353/forge/src/main.c:107 140603808905280: I/O Forwarding Exploration [START]
Will AGIOS generate trace files? NO
Default scheduling algorithm: TO
TWINS window size: 1000000
Will the Prediction Module read information from trace files? NO
File with access time functions: /home/bsc03/bsc03353/forge/agios/access_times.func
AGIOS thinks its user has stripe size of 32768
13:31:38 ERROR /home/bsc03/bsc03353/forge/src/dispatcher/posix.c:61 140596723476224: r->filehandle = 78, r->size = 32768, r->offset = 0
13:31:38 ERROR /home/bsc03/bsc03353/forge/src/dispatcher/posix.c:62 140596723476224: single write -1 of expected 32768
13:31:39 ERROR /home/bsc03/bsc03353/forge/src/dispatcher/posix.c:61 140568806135552: r->filehandle = 390, r->size = 32768, r->offset = 0
13:31:39 ERROR /home/bsc03/bsc03353/forge/src/dispatcher/posix.c:62 140568806135552: single write -1 of expected 32768
13:31:39 ERROR /home/bsc03/bsc03353/forge/src/dispatcher/posix.c:61 140594575988480: r->filehandle = 380, r->size = 32768, r->offset = 0
13:31:39 ERROR /home/bsc03/bsc03353/forge/src/dispatcher/posix.c:62 140594575988480: single write -1 of expected 32768
13:31:39 ERROR /home/bsc03/bsc03353/forge/src/dispatcher/posix.c:61 140575248598784: r->filehandle = 418, r->size = 32768, r->offset = 0
13:31:39 ERROR /home/bsc03/bsc03353/forge/src/dispatcher/posix.c:62 140575248598784: single write -1 of expected 32768
13:31:40 ERROR /home/bsc03/bsc03353/forge/src/dispatcher/posix.c:61 140588133525248: r->filehandle = 405, r->size = 32768, r->offset = 0
13:31:40 ERROR /home/bsc03/bsc03353/forge/src/dispatcher/posix.c:62 140588133525248: single write -1 of expected 32768
13:31:41 ERROR /home/bsc03/bsc03353/forge/src/dispatcher/posix.c:61 140581691062016: r->filehandle = 400, r->size = 32768, r->offset = 0
13:31:41 ERROR /home/bsc03/bsc03353/forge/src/dispatcher/posix.c:62 140581691062016: single write -1 of expected 32768
13:31:42 ERROR /home/bsc03/bsc03353/forge/src/dispatcher/posix.c:61 140566658647808: r->filehandle = 124, r->size = 32768, r->offset = 0
13:31:42 ERROR /home/bsc03/bsc03353/forge/src/dispatcher/posix.c:62 140566658647808: single write -1 of expected 32768
13:31:44 ERROR /home/bsc03/bsc03353/forge/src/dispatcher/posix.c:61 140588133525248: r->filehandle = 358, r->size = 32768, r->offset = 0
13:31:44 ERROR /home/bsc03/bsc03353/forge/src/dispatcher/posix.c:62 140588133525248: single write -1 of expected 32768
13:31:45 ERROR /home/bsc03/bsc03353/forge/src/dispatcher/posix.c:61 140568806135552: r->filehandle = 309, r->size = 32768, r->offset = 0
13:31:45 ERROR /home/bsc03/bsc03353/forge/src/dispatcher/posix.c:62 140568806135552: single write -1 of expected 32768
13:31:46 ERROR /home/bsc03/bsc03353/forge/src/dispatcher/posix.c:61 140594575988480: r->filehandle = 408, r->size = 32768, r->offset = 0
13:31:46 ERROR /home/bsc03/bsc03353/forge/src/dispatcher/posix.c:62 140594575988480: single write -1 of expected 32768
13:31:47 ERROR /home/bsc03/bsc03353/forge/src/dispatcher/posix.c:61 140566658647808: r->filehandle = 110, r->size = 32768, r->offset = 0
13:31:47 ERROR /home/bsc03/bsc03353/forge/src/dispatcher/posix.c:62 140566658647808: single write -1 of expected 32768
13:31:48 ERROR /home/bsc03/bsc03353/forge/src/dispatcher/posix.c:61 140590281012992: r->filehandle = 365, r->size = 32768, r->offset = 0
13:31:48 ERROR /home/bsc03/bsc03353/forge/src/dispatcher/posix.c:62 140590281012992: single write -1 of expected 32768
13:31:48 ERROR /home/bsc03/bsc03353/forge/src/dispatcher/posix.c:61 140596723476224: r->filehandle = 225, r->size = 32768, r->offset = 0
13:31:48 ERROR /home/bsc03/bsc03353/forge/src/dispatcher/posix.c:62 140596723476224: single write -1 of expected 32768
13:31:48 ERROR /home/bsc03/bsc03353/forge/src/dispatcher/posix.c:61 140581691062016: r->filehandle = 288, r->size = 32768, r->offset = 0
13:31:48 ERROR /home/bsc03/bsc03353/forge/src/dispatcher/posix.c:62 140581691062016: single write -1 of expected 32768
13:31:49 ERROR /home/bsc03/bsc03353/forge/src/dispatcher/posix.c:61 140588133525248: r->filehandle = 267, r->size = 32768, r->offset = 0
13:31:49 ERROR /home/bsc03/bsc03353/forge/src/dispatcher/posix.c:62 140588133525248: single write -1 of expected 32768
13:31:49 ERROR /home/bsc03/bsc03353/forge/src/dispatcher/posix.c:61 140596723476224: r->filehandle = 316, r->size = 32768, r->offset = 0
13:31:49 ERROR /home/bsc03/bsc03353/forge/src/dispatcher/posix.c:62 140596723476224: single write -1 of expected 32768
13:31:50 ERROR /home/bsc03/bsc03353/forge/src/dispatcher/posix.c:61 140564511160064: r->filehandle = 297, r->size = 32768, r->offset = 0
13:31:50 ERROR /home/bsc03/bsc03353/forge/src/dispatcher/posix.c:62 140564511160064: single write -1 of expected 32768
13:31:51 ERROR /home/bsc03/bsc03353/forge/src/dispatcher/posix.c:61 140568806135552: r->filehandle = 102, r->size = 32768, r->offset = 0
13:31:51 ERROR /home/bsc03/bsc03353/forge/src/dispatcher/posix.c:62 140568806135552: single write -1 of expected 32768
13:31:51 ERROR /home/bsc03/bsc03353/forge/src/dispatcher/posix.c:61 140577396086528: r->filehandle = 331, r->size = 32768, r->offset = 0
13:31:51 ERROR /home/bsc03/bsc03353/forge/src/dispatcher/posix.c:62 140577396086528: single write -1 of expected 32768
13:31:52 ERROR /home/bsc03/bsc03353/forge/src/dispatcher/posix.c:61 140575248598784: r->filehandle = 221, r->size = 32768, r->offset = 0
13:31:52 ERROR /home/bsc03/bsc03353/forge/src/dispatcher/posix.c:62 140575248598784: single write -1 of expected 32768
13:31:52 ERROR /home/bsc03/bsc03353/forge/src/dispatcher/posix.c:61 140588133525248: r->filehandle = 292, r->size = 32768, r->offset = 0
13:31:52 ERROR /home/bsc03/bsc03353/forge/src/dispatcher/posix.c:62 140588133525248: single write -1 of expected 32768
13:31:54 ERROR /home/bsc03/bsc03353/forge/src/dispatcher/posix.c:61 140583838549760: r->filehandle = 192, r->size = 32768, r->offset = 0
13:31:54 ERROR /home/bsc03/bsc03353/forge/src/dispatcher/posix.c:62 140583838549760: single write -1 of expected 32768
13:31:54 ERROR /home/bsc03/bsc03353/forge/src/dispatcher/posix.c:61 140573101111040: r->filehandle = 122, r->size = 32768, r->offset = 0
13:31:54 ERROR /home/bsc03/bsc03353/forge/src/dispatcher/posix.c:62 140573101111040: single write -1 of expected 32768
13:31:54 ERROR /home/bsc03/bsc03353/forge/src/dispatcher/posix.c:61 140590281012992: r->filehandle = 324, r->size = 32768, r->offset = 0
13:31:54 ERROR /home/bsc03/bsc03353/forge/src/dispatcher/posix.c:62 140590281012992: single write -1 of expected 32768
13:31:55 ERROR /home/bsc03/bsc03353/forge/src/dispatcher/posix.c:61 140596723476224: r->filehandle = 407, r->size = 32768, r->offset = 0
13:31:55 ERROR /home/bsc03/bsc03353/forge/src/dispatcher/posix.c:62 140596723476224: single write -1 of expected 32768
13:31:55 ERROR /home/bsc03/bsc03353/forge/src/dispatcher/posix.c:61 140577396086528: r->filehandle = 108, r->size = 32768, r->offset = 0
13:31:55 ERROR /home/bsc03/bsc03353/forge/src/dispatcher/posix.c:62 140577396086528: single write -1 of expected 32768
13:31:55 ERROR /home/bsc03/bsc03353/forge/src/dispatcher/posix.c:61 140570953623296: r->filehandle = 105, r->size = 32768, r->offset = 0
13:31:55 ERROR /home/bsc03/bsc03353/forge/src/dispatcher/posix.c:62 140570953623296: single write -1 of expected 32768
13:31:57 ERROR /home/bsc03/bsc03353/forge/src/dispatcher/posix.c:61 140583838549760: r->filehandle = 76, r->size = 32768, r->offset = 0
13:31:57 ERROR /home/bsc03/bsc03353/forge/src/dispatcher/posix.c:62 140583838549760: single write -1 of expected 32768
13:31:58 ERROR /home/bsc03/bsc03353/forge/src/dispatcher/posix.c:61 140566658647808: r->filehandle = 385, r->size = 32768, r->offset = 0
13:31:58 ERROR /home/bsc03/bsc03353/forge/src/dispatcher/posix.c:62 140566658647808: single write -1 of expected 32768
13:32:00 ERROR /home/bsc03/bsc03353/forge/src/dispatcher/posix.c:61 140575248598784: r->filehandle = 144, r->size = 32768, r->offset = 0
13:32:00 ERROR /home/bsc03/bsc03353/forge/src/dispatcher/posix.c:62 140575248598784: single write -1 of expected 32768
13:32:00 ERROR /home/bsc03/bsc03353/forge/src/dispatcher/posix.c:61 140566658647808: r->filehandle = 387, r->size = 32768, r->offset = 0
13:32:00 ERROR /home/bsc03/bsc03353/forge/src/dispatcher/posix.c:62 140566658647808: single write -1 of expected 32768
13:32:01 ERROR /home/bsc03/bsc03353/forge/src/dispatcher/posix.c:61 140564511160064: r->filehandle = 371, r->size = 32768, r->offset = 0
13:32:01 ERROR /home/bsc03/bsc03353/forge/src/dispatcher/posix.c:62 140564511160064: single write -1 of expected 32768
13:32:01 ERROR /home/bsc03/bsc03353/forge/src/dispatcher/posix.c:61 140596723476224: r->filehandle = 120, r->size = 32768, r->offset = 0
13:32:01 ERROR /home/bsc03/bsc03353/forge/src/dispatcher/posix.c:62 140596723476224: single write -1 of expected 32768
13:32:02 ERROR /home/bsc03/bsc03353/forge/src/dispatcher/posix.c:61 140594575988480: r->filehandle = 396, r->size = 32768, r->offset = 0
13:32:02 ERROR /home/bsc03/bsc03353/forge/src/dispatcher/posix.c:62 140594575988480: single write -1 of expected 32768
13:32:03 ERROR /home/bsc03/bsc03353/forge/src/dispatcher/posix.c:61 140577396086528: r->filehandle = 403, r->size = 32768, r->offset = 0
13:32:03 ERROR /home/bsc03/bsc03353/forge/src/dispatcher/posix.c:62 140577396086528: single write -1 of expected 32768
13:32:05 ERROR /home/bsc03/bsc03353/forge/src/dispatcher/posix.c:61 140585986037504: r->filehandle = 416, r->size = 32768, r->offset = 0
13:32:05 ERROR /home/bsc03/bsc03353/forge/src/dispatcher/posix.c:62 140585986037504: single write -1 of expected 32768
13:32:06 ERROR /home/bsc03/bsc03353/forge/src/dispatcher/posix.c:61 140577396086528: r->filehandle = 320, r->size = 32768, r->offset = 0
13:32:06 ERROR /home/bsc03/bsc03353/forge/src/dispatcher/posix.c:62 140577396086528: single write -1 of expected 32768
13:32:08 ERROR /home/bsc03/bsc03353/forge/src/dispatcher/posix.c:61 140596723476224: r->filehandle = 262, r->size = 32768, r->offset = 0
13:32:08 ERROR /home/bsc03/bsc03353/forge/src/dispatcher/posix.c:62 140596723476224: single write -1 of expected 32768
13:32:08 ERROR /home/bsc03/bsc03353/forge/src/dispatcher/posix.c:61 140590281012992: r->filehandle = 372, r->size = 32768, r->offset = 0
13:32:08 ERROR /home/bsc03/bsc03353/forge/src/dispatcher/posix.c:62 140590281012992: single write -1 of expected 32768
13:32:12 ERROR /home/bsc03/bsc03353/forge/src/dispatcher/posix.c:61 140594575988480: r->filehandle = 217, r->size = 32768, r->offset = 0
13:32:12 ERROR /home/bsc03/bsc03353/forge/src/dispatcher/posix.c:62 140594575988480: single write -1 of expected 32768
13:32:14 ERROR /home/bsc03/bsc03353/forge/src/dispatcher/posix.c:61 140573101111040: r->filehandle = 82, r->size = 32768, r->offset = 0
13:32:14 ERROR /home/bsc03/bsc03353/forge/src/dispatcher/posix.c:62 140573101111040: single write -1 of expected 32768
13:32:16 ERROR /home/bsc03/bsc03353/forge/src/dispatcher/posix.c:61 140581691062016: r->filehandle = 376, r->size = 32768, r->offset = 0
13:32:16 ERROR /home/bsc03/bsc03353/forge/src/dispatcher/posix.c:62 140581691062016: single write -1 of expected 32768
13:32:16 ERROR /home/bsc03/bsc03353/forge/src/dispatcher/posix.c:61 140594575988480: r->filehandle = 315, r->size = 32768, r->offset = 0
13:32:16 ERROR /home/bsc03/bsc03353/forge/src/dispatcher/posix.c:62 140594575988480: single write -1 of expected 32768
13:32:19 ERROR /home/bsc03/bsc03353/forge/src/dispatcher/posix.c:61 140592428500736: r->filehandle = 273, r->size = 32768, r->offset = 0
13:32:19 ERROR /home/bsc03/bsc03353/forge/src/dispatcher/posix.c:62 140592428500736: single write -1 of expected 32768
13:32:20 ERROR /home/bsc03/bsc03353/forge/src/dispatcher/posix.c:61 140579543574272: r->filehandle = 234, r->size = 32768, r->offset = 0
13:32:20 ERROR /home/bsc03/bsc03353/forge/src/dispatcher/posix.c:62 140579543574272: single write -1 of expected 32768
13:32:21 ERROR /home/bsc03/bsc03353/forge/src/dispatcher/posix.c:61 140570953623296: r->filehandle = 306, r->size = 32768, r->offset = 0
13:32:21 ERROR /home/bsc03/bsc03353/forge/src/dispatcher/posix.c:62 140570953623296: single write -1 of expected 32768
13:32:23 ERROR /home/bsc03/bsc03353/forge/src/dispatcher/posix.c:61 140588133525248: r->filehandle = 228, r->size = 32768, r->offset = 0
13:32:23 ERROR /home/bsc03/bsc03353/forge/src/dispatcher/posix.c:62 140588133525248: single write -1 of expected 32768
13:32:26 ERROR /home/bsc03/bsc03353/forge/src/dispatcher/posix.c:61 140573101111040: r->filehandle = 417, r->size = 32768, r->offset = 0
13:32:26 ERROR /home/bsc03/bsc03353/forge/src/dispatcher/posix.c:62 140573101111040: single write -1 of expected 32768
13:32:29 ERROR /home/bsc03/bsc03353/forge/src/dispatcher/posix.c:61 140577396086528: r->filehandle = 156, r->size = 32768, r->offset = 0
13:32:29 ERROR /home/bsc03/bsc03353/forge/src/dispatcher/posix.c:62 140577396086528: single write -1 of expected 32768
13:32:31 ERROR /home/bsc03/bsc03353/forge/src/dispatcher/posix.c:61 140592428500736: r->filehandle = 366, r->size = 32768, r->offset = 0
13:32:31 ERROR /home/bsc03/bsc03353/forge/src/dispatcher/posix.c:62 140592428500736: single write -1 of expected 32768
13:32:32 ERROR /home/bsc03/bsc03353/forge/src/dispatcher/posix.c:61 140588133525248: r->filehandle = 65, r->size = 32768, r->offset = 0
13:32:32 ERROR /home/bsc03/bsc03353/forge/src/dispatcher/posix.c:62 140588133525248: single write -1 of expected 32768
13:32:33 ERROR /home/bsc03/bsc03353/forge/src/dispatcher/posix.c:61 140590281012992: r->filehandle = 118, r->size = 32768, r->offset = 0
13:32:33 ERROR /home/bsc03/bsc03353/forge/src/dispatcher/posix.c:62 140590281012992: single write -1 of expected 32768
13:32:33 ERROR /home/bsc03/bsc03353/forge/src/dispatcher/posix.c:61 140573101111040: r->filehandle = 348, r->size = 32768, r->offset = 0
13:32:33 ERROR /home/bsc03/bsc03353/forge/src/dispatcher/posix.c:62 140573101111040: single write -1 of expected 32768
13:32:34 ERROR /home/bsc03/bsc03353/forge/src/dispatcher/posix.c:61 140579543574272: r->filehandle = 300, r->size = 32768, r->offset = 0
13:32:34 ERROR /home/bsc03/bsc03353/forge/src/dispatcher/posix.c:62 140579543574272: single write -1 of expected 32768
13:32:34 ERROR /home/bsc03/bsc03353/forge/src/dispatcher/posix.c:61 140577396086528: r->filehandle = 301, r->size = 32768, r->offset = 0
13:32:34 ERROR /home/bsc03/bsc03353/forge/src/dispatcher/posix.c:62 140577396086528: single write -1 of expected 32768
13:32:36 ERROR /home/bsc03/bsc03353/forge/src/dispatcher/posix.c:61 140592428500736: r->filehandle = 359, r->size = 32768, r->offset = 0
13:32:36 ERROR /home/bsc03/bsc03353/forge/src/dispatcher/posix.c:62 140592428500736: single write -1 of expected 32768
13:32:39 ERROR /home/bsc03/bsc03353/forge/src/dispatcher/posix.c:61 140590281012992: r->filehandle = 201, r->size = 32768, r->offset = 0
13:32:39 ERROR /home/bsc03/bsc03353/forge/src/dispatcher/posix.c:62 140590281012992: single write -1 of expected 32768
13:32:39 ERROR /home/bsc03/bsc03353/forge/src/dispatcher/posix.c:61 140577396086528: r->filehandle = 227, r->size = 32768, r->offset = 0
13:32:39 ERROR /home/bsc03/bsc03353/forge/src/dispatcher/posix.c:62 140577396086528: single write -1 of expected 32768
13:32:41 ERROR /home/bsc03/bsc03353/forge/src/dispatcher/posix.c:61 140566658647808: r->filehandle = 115, r->size = 32768, r->offset = 0
13:32:41 ERROR /home/bsc03/bsc03353/forge/src/dispatcher/posix.c:62 140566658647808: single write -1 of expected 32768
13:32:42 ERROR /home/bsc03/bsc03353/forge/src/dispatcher/posix.c:61 140596723476224: r->filehandle = 250, r->size = 32768, r->offset = 0
13:32:42 ERROR /home/bsc03/bsc03353/forge/src/dispatcher/posix.c:62 140596723476224: single write -1 of expected 32768
13:32:43 ERROR /home/bsc03/bsc03353/forge/src/dispatcher/posix.c:61 140568806135552: r->filehandle = 345, r->size = 32768, r->offset = 0
13:32:43 ERROR /home/bsc03/bsc03353/forge/src/dispatcher/posix.c:62 140568806135552: single write -1 of expected 32768
13:32:44 ERROR /home/bsc03/bsc03353/forge/src/dispatcher/posix.c:61 140581691062016: r->filehandle = 412, r->size = 32768, r->offset = 0
13:32:44 ERROR /home/bsc03/bsc03353/forge/src/dispatcher/posix.c:62 140581691062016: single write -1 of expected 32768
13:32:50 ERROR /home/bsc03/bsc03353/forge/src/dispatcher/posix.c:61 140594575988480: r->filehandle = 198, r->size = 32768, r->offset = 0
13:32:50 ERROR /home/bsc03/bsc03353/forge/src/dispatcher/posix.c:62 140594575988480: single write -1 of expected 32768
13:32:55 ERROR /home/bsc03/bsc03353/forge/src/dispatcher/posix.c:61 140577396086528: r->filehandle = 235, r->size = 32768, r->offset = 0
13:32:55 ERROR /home/bsc03/bsc03353/forge/src/dispatcher/posix.c:62 140577396086528: single write -1 of expected 32768
13:32:56 ERROR /home/bsc03/bsc03353/forge/src/dispatcher/posix.c:61 140592428500736: r->filehandle = 373, r->size = 32768, r->offset = 0
13:32:56 ERROR /home/bsc03/bsc03353/forge/src/dispatcher/posix.c:62 140592428500736: single write -1 of expected 32768
13:32:57 ERROR /home/bsc03/bsc03353/forge/src/dispatcher/posix.c:61 140570953623296: r->filehandle = 328, r->size = 32768, r->offset = 0
13:32:57 ERROR /home/bsc03/bsc03353/forge/src/dispatcher/posix.c:62 140570953623296: single write -1 of expected 32768
13:32:58 ERROR /home/bsc03/bsc03353/forge/src/dispatcher/posix.c:61 140588133525248: r->filehandle = 177, r->size = 32768, r->offset = 0
13:32:58 ERROR /home/bsc03/bsc03353/forge/src/dispatcher/posix.c:62 140588133525248: single write -1 of expected 32768
13:33:00 ERROR /home/bsc03/bsc03353/forge/src/dispatcher/posix.c:61 140564511160064: r->filehandle = 229, r->size = 32768, r->offset = 0
13:33:00 ERROR /home/bsc03/bsc03353/forge/src/dispatcher/posix.c:62 140564511160064: single write -1 of expected 32768
13:33:04 ERROR /home/bsc03/bsc03353/forge/src/dispatcher/posix.c:61 140594575988480: r->filehandle = 222, r->size = 32768, r->offset = 0
13:33:04 ERROR /home/bsc03/bsc03353/forge/src/dispatcher/posix.c:62 140594575988480: single write -1 of expected 32768
13:33:05 ERROR /home/bsc03/bsc03353/forge/src/dispatcher/posix.c:61 140573101111040: r->filehandle = 100, r->size = 32768, r->offset = 0
13:33:05 ERROR /home/bsc03/bsc03353/forge/src/dispatcher/posix.c:62 140573101111040: single write -1 of expected 32768
13:33:08 ERROR /home/bsc03/bsc03353/forge/src/dispatcher/posix.c:61 140588133525248: r->filehandle = 190, r->size = 32768, r->offset = 0
13:33:08 ERROR /home/bsc03/bsc03353/forge/src/dispatcher/posix.c:62 140588133525248: single write -1 of expected 32768
13:33:09 ERROR /home/bsc03/bsc03353/forge/src/dispatcher/posix.c:61 140579543574272: r->filehandle = 375, r->size = 32768, r->offset = 0
13:33:09 ERROR /home/bsc03/bsc03353/forge/src/dispatcher/posix.c:62 140579543574272: single write -1 of expected 32768
13:33:10 ERROR /home/bsc03/bsc03353/forge/src/dispatcher/posix.c:61 140592428500736: r->filehandle = 51, r->size = 32768, r->offset = 0
13:33:10 ERROR /home/bsc03/bsc03353/forge/src/dispatcher/posix.c:62 140592428500736: single write -1 of expected 32768
13:33:13 ERROR /home/bsc03/bsc03353/forge/src/dispatcher/posix.c:61 140575248598784: r->filehandle = 419, r->size = 32768, r->offset = 0
13:33:13 ERROR /home/bsc03/bsc03353/forge/src/dispatcher/posix.c:62 140575248598784: single write -1 of expected 32768
13:33:13 ERROR /home/bsc03/bsc03353/forge/src/dispatcher/posix.c:61 140566658647808: r->filehandle = 308, r->size = 32768, r->offset = 0
13:33:13 ERROR /home/bsc03/bsc03353/forge/src/dispatcher/posix.c:62 140566658647808: single write -1 of expected 32768
13:33:16 ERROR /home/bsc03/bsc03353/forge/src/dispatcher/posix.c:61 140579543574272: r->filehandle = 321, r->size = 32768, r->offset = 0
13:33:16 ERROR /home/bsc03/bsc03353/forge/src/dispatcher/posix.c:62 140579543574272: single write -1 of expected 32768
13:33:16 ERROR /home/bsc03/bsc03353/forge/src/dispatcher/posix.c:61 140583838549760: r->filehandle = 332, r->size = 32768, r->offset = 0
13:33:16 ERROR /home/bsc03/bsc03353/forge/src/dispatcher/posix.c:62 140583838549760: single write -1 of expected 32768
13:33:20 ERROR /home/bsc03/bsc03353/forge/src/dispatcher/posix.c:61 140594575988480: r->filehandle = 44, r->size = 32768, r->offset = 0
13:33:20 ERROR /home/bsc03/bsc03353/forge/src/dispatcher/posix.c:62 140594575988480: single write -1 of expected 32768
13:33:21 ERROR /home/bsc03/bsc03353/forge/src/dispatcher/posix.c:61 140579543574272: r->filehandle = 195, r->size = 32768, r->offset = 0
13:33:21 ERROR /home/bsc03/bsc03353/forge/src/dispatcher/posix.c:62 140579543574272: single write -1 of expected 32768
13:33:25 ERROR /home/bsc03/bsc03353/forge/src/dispatcher/posix.c:61 140577396086528: r->filehandle = 243, r->size = 32768, r->offset = 0
13:33:25 ERROR /home/bsc03/bsc03353/forge/src/dispatcher/posix.c:62 140577396086528: single write -1 of expected 32768
13:33:26 ERROR /home/bsc03/bsc03353/forge/src/dispatcher/posix.c:61 140570953623296: r->filehandle = 361, r->size = 32768, r->offset = 0
13:33:26 ERROR /home/bsc03/bsc03353/forge/src/dispatcher/posix.c:62 140570953623296: single write -1 of expected 32768
13:33:28 ERROR /home/bsc03/bsc03353/forge/src/dispatcher/posix.c:61 140596723476224: r->filehandle = 280, r->size = 32768, r->offset = 0
13:33:28 ERROR /home/bsc03/bsc03353/forge/src/dispatcher/posix.c:62 140596723476224: single write -1 of expected 32768
13:33:29 ERROR /home/bsc03/bsc03353/forge/src/dispatcher/posix.c:61 140579543574272: r->filehandle = 64, r->size = 32768, r->offset = 0
13:33:29 ERROR /home/bsc03/bsc03353/forge/src/dispatcher/posix.c:62 140579543574272: single write -1 of expected 32768
13:33:30 ERROR /home/bsc03/bsc03353/forge/src/dispatcher/posix.c:61 140588133525248: r->filehandle = 246, r->size = 32768, r->offset = 0
13:33:30 ERROR /home/bsc03/bsc03353/forge/src/dispatcher/posix.c:62 140588133525248: single write -1 of expected 32768
13:33:30 ERROR /home/bsc03/bsc03353/forge/src/dispatcher/posix.c:61 140573101111040: r->filehandle = 205, r->size = 32768, r->offset = 0
13:33:30 ERROR /home/bsc03/bsc03353/forge/src/dispatcher/posix.c:62 140573101111040: single write -1 of expected 32768
13:33:31 ERROR /home/bsc03/bsc03353/forge/src/dispatcher/posix.c:61 140594575988480: r->filehandle = 208, r->size = 32768, r->offset = 0
13:33:31 ERROR /home/bsc03/bsc03353/forge/src/dispatcher/posix.c:62 140594575988480: single write -1 of expected 32768
13:33:32 ERROR /home/bsc03/bsc03353/forge/src/dispatcher/posix.c:61 140592428500736: r->filehandle = 52, r->size = 32768, r->offset = 0
13:33:32 ERROR /home/bsc03/bsc03353/forge/src/dispatcher/posix.c:62 140592428500736: single write -1 of expected 32768
13:33:33 ERROR /home/bsc03/bsc03353/forge/src/dispatcher/posix.c:61 140579543574272: r->filehandle = 140, r->size = 32768, r->offset = 0
13:33:33 ERROR /home/bsc03/bsc03353/forge/src/dispatcher/posix.c:62 140579543574272: single write -1 of expected 32768
13:33:34 ERROR /home/bsc03/bsc03353/forge/src/dispatcher/posix.c:61 140570953623296: r->filehandle = 325, r->size = 32768, r->offset = 0
13:33:34 ERROR /home/bsc03/bsc03353/forge/src/dispatcher/posix.c:62 140570953623296: single write -1 of expected 32768
13:33:35 ERROR /home/bsc03/bsc03353/forge/src/dispatcher/posix.c:61 140590281012992: r->filehandle = 319, r->size = 32768, r->offset = 0
13:33:35 ERROR /home/bsc03/bsc03353/forge/src/dispatcher/posix.c:62 140590281012992: single write -1 of expected 32768
13:33:35 ERROR /home/bsc03/bsc03353/forge/src/dispatcher/posix.c:61 140573101111040: r->filehandle = 119, r->size = 32768, r->offset = 0
13:33:35 ERROR /home/bsc03/bsc03353/forge/src/dispatcher/posix.c:62 140573101111040: single write -1 of expected 32768
13:33:36 ERROR /home/bsc03/bsc03353/forge/src/dispatcher/posix.c:61 140579543574272: r->filehandle = 282, r->size = 32768, r->offset = 0
13:33:36 ERROR /home/bsc03/bsc03353/forge/src/dispatcher/posix.c:62 140579543574272: single write -1 of expected 32768
13:33:38 ERROR /home/bsc03/bsc03353/forge/src/dispatcher/posix.c:61 140573101111040: r->filehandle = 279, r->size = 32768, r->offset = 0
13:33:38 ERROR /home/bsc03/bsc03353/forge/src/dispatcher/posix.c:62 140573101111040: single write -1 of expected 32768
slurmstepd: error: *** JOB 8730318 ON s02r1b30 CANCELLED AT 2020-02-07T13:33:39 DUE TO TIME LIMIT ***
