Set GCC compilers as MPI wrappers backend 
remove impi/2017.4 (PATH, MANPATH, LD_LIBRARY_PATH) 
load openmpi/4.0.2_UCX (PATH, MANPATH, LD_LIBRARY_PATH) 
Set GCC compilers as MPI wrappers backend 
load gsl/2.4 (PATH, LD_LIBRARY_PATH, LIBRARY_PATH, MANPATH, INFOPATH,
C_INCLUDE_PATH, CPLUS_INCLUDE_PATH, PKG_CONFIG_PATH, GSL_DIR) 
20:12:28 INFO  /home/bsc03/bsc03353/forge/src/main.c:107 140384054282304: I/O Forwarding Exploration [START]
Will AGIOS generate trace files? NO
Default scheduling algorithm: TO
TWINS window size: 1000000
Will the Prediction Module read information from trace files? NO
File with access time functions: /home/bsc03/bsc03353/forge/agios/access_times.func
AGIOS thinks its user has stripe size of 32768
Will AGIOS generate trace files? NO
Default scheduling algorithm: TO
TWINS window size: 1000000
Will the Prediction Module read information from trace files? NO
File with access time functions: /home/bsc03/bsc03353/forge/agios/access_times.func
AGIOS thinks its user has stripe size of 32768
20:14:05 WARN  /home/bsc03/bsc03353/forge/src/main.c:789 140212665043008: hit stone wall at 96.268516 seconds!
AGIOS: stopped for this client. It can already be used by calling agios_init

AGIOS: stopped for this client. It can already be used by calling agios_init

20:14:05 INFO  /home/bsc03/bsc03353/forge/src/main.c:1158 140384054282304: I/O Forwarding Exploration [COMPLETE]
