Set GCC compilers as MPI wrappers backend 
remove impi/2017.4 (PATH, MANPATH, LD_LIBRARY_PATH) 
load openmpi/4.0.2_UCX (PATH, MANPATH, LD_LIBRARY_PATH) 
Set GCC compilers as MPI wrappers backend 
load gsl/2.4 (PATH, LD_LIBRARY_PATH, LIBRARY_PATH, MANPATH, INFOPATH,
C_INCLUDE_PATH, CPLUS_INCLUDE_PATH, PKG_CONFIG_PATH, GSL_DIR) 
19:14:26 INFO  /home/bsc03/bsc03353/forge/src/main.c:107 140550459566144: I/O Forwarding Exploration [START]
Will AGIOS generate trace files? NO
Default scheduling algorithm: TO
TWINS window size: 1000000
Will the Prediction Module read information from trace files? NO
File with access time functions: /home/bsc03/bsc03353/forge/agios/access_times.func
AGIOS thinks its user has stripe size of 32768
19:14:29 ERROR /home/bsc03/bsc03353/forge/src/dispatcher/posix.c:61 140517604361984: r->filehandle = 35, r->size = 6291456, r->offset = 1654652928
19:14:29 ERROR /home/bsc03/bsc03353/forge/src/dispatcher/posix.c:62 140517604361984: single write -1 of expected 6291456
19:14:30 ERROR /home/bsc03/bsc03353/forge/src/dispatcher/posix.c:61 140532636776192: r->filehandle = 35, r->size = 6291456, r->offset = 2290089984
19:14:30 ERROR /home/bsc03/bsc03353/forge/src/dispatcher/posix.c:62 140532636776192: single write -1 of expected 6291456
19:14:31 ERROR /home/bsc03/bsc03353/forge/src/dispatcher/posix.c:61 140530489288448: r->filehandle = 35, r->size = 6291456, r->offset = 75497472
19:14:31 ERROR /home/bsc03/bsc03353/forge/src/dispatcher/posix.c:62 140530489288448: single write -1 of expected 6291456
19:14:35 ERROR /home/bsc03/bsc03353/forge/src/dispatcher/posix.c:61 140521899337472: r->filehandle = 35, r->size = 6291456, r->offset = 276824064
19:14:35 ERROR /home/bsc03/bsc03353/forge/src/dispatcher/posix.c:62 140521899337472: single write -1 of expected 6291456
19:14:36 ERROR /home/bsc03/bsc03353/forge/src/dispatcher/posix.c:61 140517604361984: r->filehandle = 35, r->size = 6291456, r->offset = 2271215616
19:14:36 ERROR /home/bsc03/bsc03353/forge/src/dispatcher/posix.c:62 140517604361984: single write -1 of expected 6291456
19:14:39 ERROR /home/bsc03/bsc03353/forge/src/dispatcher/posix.c:61 140539079239424: r->filehandle = 35, r->size = 6291456, r->offset = 1881145344
19:14:39 ERROR /home/bsc03/bsc03353/forge/src/dispatcher/posix.c:62 140539079239424: single write -1 of expected 6291456
19:14:41 ERROR /home/bsc03/bsc03353/forge/src/dispatcher/posix.c:61 140511161898752: r->filehandle = 35, r->size = 6291456, r->offset = 1686110208
19:14:41 ERROR /home/bsc03/bsc03353/forge/src/dispatcher/posix.c:62 140511161898752: single write -1 of expected 6291456
19:14:42 ERROR /home/bsc03/bsc03353/forge/src/dispatcher/posix.c:61 140521899337472: r->filehandle = 35, r->size = 6291456, r->offset = 25165824
19:14:42 ERROR /home/bsc03/bsc03353/forge/src/dispatcher/posix.c:62 140521899337472: single write -1 of expected 6291456
19:14:42 ERROR /home/bsc03/bsc03353/forge/src/dispatcher/posix.c:61 140511161898752: r->filehandle = 35, r->size = 6291456, r->offset = 2283798528
19:14:42 ERROR /home/bsc03/bsc03353/forge/src/dispatcher/posix.c:62 140511161898752: single write -1 of expected 6291456
19:14:44 ERROR /home/bsc03/bsc03353/forge/src/dispatcher/posix.c:61 140536931751680: r->filehandle = 35, r->size = 6291456, r->offset = 2107637760
19:14:44 ERROR /home/bsc03/bsc03353/forge/src/dispatcher/posix.c:62 140536931751680: single write -1 of expected 6291456
19:14:46 ERROR /home/bsc03/bsc03353/forge/src/dispatcher/posix.c:61 140543374214912: r->filehandle = 35, r->size = 6291456, r->offset = 1887436800
19:14:46 ERROR /home/bsc03/bsc03353/forge/src/dispatcher/posix.c:62 140543374214912: single write -1 of expected 6291456
19:14:48 ERROR /home/bsc03/bsc03353/forge/src/dispatcher/posix.c:61 140541226727168: r->filehandle = 35, r->size = 6291456, r->offset = 1931476992
19:14:48 ERROR /home/bsc03/bsc03353/forge/src/dispatcher/posix.c:62 140541226727168: single write -1 of expected 6291456
19:14:50 ERROR /home/bsc03/bsc03353/forge/src/dispatcher/posix.c:61 140524046825216: r->filehandle = 35, r->size = 6291456, r->offset = 1755316224
19:14:50 ERROR /home/bsc03/bsc03353/forge/src/dispatcher/posix.c:62 140524046825216: single write -1 of expected 6291456
19:14:54 ERROR /home/bsc03/bsc03353/forge/src/dispatcher/posix.c:61 140543374214912: r->filehandle = 35, r->size = 6291456, r->offset = 2384461824
19:14:54 ERROR /home/bsc03/bsc03353/forge/src/dispatcher/posix.c:62 140543374214912: single write -1 of expected 6291456
19:14:54 ERROR /home/bsc03/bsc03353/forge/src/dispatcher/posix.c:61 140513309386496: r->filehandle = 35, r->size = 6291456, r->offset = 679477248
19:14:54 ERROR /home/bsc03/bsc03353/forge/src/dispatcher/posix.c:62 140513309386496: single write -1 of expected 6291456
19:14:55 ERROR /home/bsc03/bsc03353/forge/src/dispatcher/posix.c:61 140539079239424: r->filehandle = 35, r->size = 6291456, r->offset = 2296381440
19:14:55 ERROR /home/bsc03/bsc03353/forge/src/dispatcher/posix.c:62 140539079239424: single write -1 of expected 6291456
19:14:57 ERROR /home/bsc03/bsc03353/forge/src/dispatcher/posix.c:61 140536931751680: r->filehandle = 35, r->size = 6291456, r->offset = 1862270976
19:14:57 ERROR /home/bsc03/bsc03353/forge/src/dispatcher/posix.c:62 140536931751680: single write -1 of expected 6291456
19:14:58 ERROR /home/bsc03/bsc03353/forge/src/dispatcher/posix.c:61 140521899337472: r->filehandle = 35, r->size = 6291456, r->offset = 1082130432
19:14:58 ERROR /home/bsc03/bsc03353/forge/src/dispatcher/posix.c:62 140521899337472: single write -1 of expected 6291456
19:14:59 ERROR /home/bsc03/bsc03353/forge/src/dispatcher/posix.c:61 140541226727168: r->filehandle = 35, r->size = 6291456, r->offset = 1918894080
19:14:59 ERROR /home/bsc03/bsc03353/forge/src/dispatcher/posix.c:62 140541226727168: single write -1 of expected 6291456
19:15:00 ERROR /home/bsc03/bsc03353/forge/src/dispatcher/posix.c:61 140526194312960: r->filehandle = 35, r->size = 6291456, r->offset = 1837105152
19:15:00 ERROR /home/bsc03/bsc03353/forge/src/dispatcher/posix.c:62 140526194312960: single write -1 of expected 6291456
19:15:00 ERROR /home/bsc03/bsc03353/forge/src/dispatcher/posix.c:61 140526194312960: r->filehandle = 35, r->size = 6291456, r->offset = 106954752
19:15:00 ERROR /home/bsc03/bsc03353/forge/src/dispatcher/posix.c:62 140526194312960: single write -1 of expected 6291456
19:15:02 ERROR /home/bsc03/bsc03353/forge/src/dispatcher/posix.c:61 140530489288448: r->filehandle = 35, r->size = 6291456, r->offset = 226492416
19:15:02 ERROR /home/bsc03/bsc03353/forge/src/dispatcher/posix.c:62 140530489288448: single write -1 of expected 6291456
19:15:05 ERROR /home/bsc03/bsc03353/forge/src/dispatcher/posix.c:61 140539079239424: r->filehandle = 35, r->size = 6291456, r->offset = 2214592512
19:15:05 ERROR /home/bsc03/bsc03353/forge/src/dispatcher/posix.c:62 140539079239424: single write -1 of expected 6291456
19:15:05 ERROR /home/bsc03/bsc03353/forge/src/dispatcher/posix.c:61 140532636776192: r->filehandle = 35, r->size = 6291456, r->offset = 2013265920
19:15:05 ERROR /home/bsc03/bsc03353/forge/src/dispatcher/posix.c:62 140532636776192: single write -1 of expected 6291456
19:15:09 ERROR /home/bsc03/bsc03353/forge/src/dispatcher/posix.c:61 140517604361984: r->filehandle = 35, r->size = 6291456, r->offset = 2239758336
19:15:09 ERROR /home/bsc03/bsc03353/forge/src/dispatcher/posix.c:62 140517604361984: single write -1 of expected 6291456
19:15:11 ERROR /home/bsc03/bsc03353/forge/src/dispatcher/posix.c:61 140517604361984: r->filehandle = 35, r->size = 6291456, r->offset = 2321547264
19:15:11 ERROR /home/bsc03/bsc03353/forge/src/dispatcher/posix.c:62 140517604361984: single write -1 of expected 6291456
19:15:13 ERROR /home/bsc03/bsc03353/forge/src/dispatcher/posix.c:61 140521899337472: r->filehandle = 35, r->size = 6291456, r->offset = 2088763392
19:15:13 ERROR /home/bsc03/bsc03353/forge/src/dispatcher/posix.c:62 140521899337472: single write -1 of expected 6291456
19:15:14 ERROR /home/bsc03/bsc03353/forge/src/dispatcher/posix.c:61 140539079239424: r->filehandle = 35, r->size = 6291456, r->offset = 2334130176
19:15:14 ERROR /home/bsc03/bsc03353/forge/src/dispatcher/posix.c:62 140539079239424: single write -1 of expected 6291456
19:15:16 ERROR /home/bsc03/bsc03353/forge/src/dispatcher/posix.c:61 140513309386496: r->filehandle = 35, r->size = 6291456, r->offset = 2359296000
19:15:16 ERROR /home/bsc03/bsc03353/forge/src/dispatcher/posix.c:62 140513309386496: single write -1 of expected 6291456
19:15:17 ERROR /home/bsc03/bsc03353/forge/src/dispatcher/posix.c:61 140515456874240: r->filehandle = 35, r->size = 6291456, r->offset = 1635778560
19:15:17 ERROR /home/bsc03/bsc03353/forge/src/dispatcher/posix.c:62 140515456874240: single write -1 of expected 6291456
19:15:19 ERROR /home/bsc03/bsc03353/forge/src/dispatcher/posix.c:61 140517604361984: r->filehandle = 35, r->size = 6291456, r->offset = 1031798784
19:15:19 ERROR /home/bsc03/bsc03353/forge/src/dispatcher/posix.c:62 140517604361984: single write -1 of expected 6291456
19:15:20 ERROR /home/bsc03/bsc03353/forge/src/dispatcher/posix.c:61 140524046825216: r->filehandle = 35, r->size = 6291456, r->offset = 2044723200
19:15:20 ERROR /home/bsc03/bsc03353/forge/src/dispatcher/posix.c:62 140524046825216: single write -1 of expected 6291456
19:15:21 ERROR /home/bsc03/bsc03353/forge/src/dispatcher/posix.c:61 140539079239424: r->filehandle = 35, r->size = 6291456, r->offset = 2038431744
19:15:21 ERROR /home/bsc03/bsc03353/forge/src/dispatcher/posix.c:62 140539079239424: single write -1 of expected 6291456
19:15:21 ERROR /home/bsc03/bsc03353/forge/src/dispatcher/posix.c:61 140511161898752: r->filehandle = 35, r->size = 6291456, r->offset = 2365587456
19:15:21 ERROR /home/bsc03/bsc03353/forge/src/dispatcher/posix.c:62 140511161898752: single write -1 of expected 6291456
19:15:22 ERROR /home/bsc03/bsc03353/forge/src/dispatcher/posix.c:61 140536931751680: r->filehandle = 35, r->size = 6291456, r->offset = 2277507072
19:15:22 ERROR /home/bsc03/bsc03353/forge/src/dispatcher/posix.c:62 140536931751680: single write -1 of expected 6291456
19:15:25 ERROR /home/bsc03/bsc03353/forge/src/dispatcher/posix.c:61 140519751849728: r->filehandle = 35, r->size = 6291456, r->offset = 1906311168
19:15:25 ERROR /home/bsc03/bsc03353/forge/src/dispatcher/posix.c:62 140519751849728: single write -1 of expected 6291456
19:15:26 ERROR /home/bsc03/bsc03353/forge/src/dispatcher/posix.c:61 140541226727168: r->filehandle = 35, r->size = 6291456, r->offset = 283115520
19:15:26 ERROR /home/bsc03/bsc03353/forge/src/dispatcher/posix.c:62 140541226727168: single write -1 of expected 6291456
19:15:29 ERROR /home/bsc03/bsc03353/forge/src/dispatcher/posix.c:61 140534784263936: r->filehandle = 35, r->size = 6291456, r->offset = 1704984576
19:15:29 ERROR /home/bsc03/bsc03353/forge/src/dispatcher/posix.c:62 140534784263936: single write -1 of expected 6291456
19:15:31 ERROR /home/bsc03/bsc03353/forge/src/dispatcher/posix.c:61 140511161898752: r->filehandle = 35, r->size = 6291456, r->offset = 1981808640
19:15:31 ERROR /home/bsc03/bsc03353/forge/src/dispatcher/posix.c:62 140511161898752: single write -1 of expected 6291456
19:15:32 ERROR /home/bsc03/bsc03353/forge/src/dispatcher/posix.c:61 140543374214912: r->filehandle = 35, r->size = 6291456, r->offset = 2308964352
19:15:32 ERROR /home/bsc03/bsc03353/forge/src/dispatcher/posix.c:62 140543374214912: single write -1 of expected 6291456
19:15:38 ERROR /home/bsc03/bsc03353/forge/src/dispatcher/posix.c:61 140517604361984: r->filehandle = 35, r->size = 6291456, r->offset = 1484783616
19:15:38 ERROR /home/bsc03/bsc03353/forge/src/dispatcher/posix.c:62 140517604361984: single write -1 of expected 6291456
19:15:39 ERROR /home/bsc03/bsc03353/forge/src/dispatcher/posix.c:61 140519751849728: r->filehandle = 35, r->size = 6291456, r->offset = 2189426688
19:15:39 ERROR /home/bsc03/bsc03353/forge/src/dispatcher/posix.c:62 140519751849728: single write -1 of expected 6291456
19:15:40 ERROR /home/bsc03/bsc03353/forge/src/dispatcher/posix.c:61 140532636776192: r->filehandle = 35, r->size = 6291456, r->offset = 1673527296
19:15:40 ERROR /home/bsc03/bsc03353/forge/src/dispatcher/posix.c:62 140532636776192: single write -1 of expected 6291456
19:15:41 ERROR /home/bsc03/bsc03353/forge/src/dispatcher/posix.c:61 140536931751680: r->filehandle = 35, r->size = 6291456, r->offset = 1893728256
19:15:41 ERROR /home/bsc03/bsc03353/forge/src/dispatcher/posix.c:62 140536931751680: single write -1 of expected 6291456
19:15:43 ERROR /home/bsc03/bsc03353/forge/src/dispatcher/posix.c:61 140513309386496: r->filehandle = 35, r->size = 6291456, r->offset = 1855979520
19:15:43 ERROR /home/bsc03/bsc03353/forge/src/dispatcher/posix.c:62 140513309386496: single write -1 of expected 6291456
19:15:44 ERROR /home/bsc03/bsc03353/forge/src/dispatcher/posix.c:61 140530489288448: r->filehandle = 35, r->size = 6291456, r->offset = 830472192
19:15:44 ERROR /home/bsc03/bsc03353/forge/src/dispatcher/posix.c:62 140530489288448: single write -1 of expected 6291456
19:15:46 ERROR /home/bsc03/bsc03353/forge/src/dispatcher/posix.c:61 140541226727168: r->filehandle = 35, r->size = 6291456, r->offset = 1824522240
19:15:46 ERROR /home/bsc03/bsc03353/forge/src/dispatcher/posix.c:62 140541226727168: single write -1 of expected 6291456
19:15:47 ERROR /home/bsc03/bsc03353/forge/src/dispatcher/posix.c:61 140524046825216: r->filehandle = 35, r->size = 6291456, r->offset = 1327497216
19:15:47 ERROR /home/bsc03/bsc03353/forge/src/dispatcher/posix.c:62 140524046825216: single write -1 of expected 6291456
19:15:50 ERROR /home/bsc03/bsc03353/forge/src/dispatcher/posix.c:61 140528341800704: r->filehandle = 35, r->size = 6291456, r->offset = 2095054848
19:15:50 ERROR /home/bsc03/bsc03353/forge/src/dispatcher/posix.c:62 140528341800704: single write -1 of expected 6291456
19:15:50 ERROR /home/bsc03/bsc03353/forge/src/dispatcher/posix.c:61 140519751849728: r->filehandle = 35, r->size = 6291456, r->offset = 2082471936
19:15:50 ERROR /home/bsc03/bsc03353/forge/src/dispatcher/posix.c:62 140519751849728: single write -1 of expected 6291456
19:15:51 ERROR /home/bsc03/bsc03353/forge/src/dispatcher/posix.c:61 140534784263936: r->filehandle = 35, r->size = 6291456, r->offset = 2264924160
19:15:51 ERROR /home/bsc03/bsc03353/forge/src/dispatcher/posix.c:62 140534784263936: single write -1 of expected 6291456
19:15:53 ERROR /home/bsc03/bsc03353/forge/src/dispatcher/posix.c:61 140517604361984: r->filehandle = 35, r->size = 6291456, r->offset = 1805647872
19:15:53 ERROR /home/bsc03/bsc03353/forge/src/dispatcher/posix.c:62 140517604361984: single write -1 of expected 6291456
19:15:55 ERROR /home/bsc03/bsc03353/forge/src/dispatcher/posix.c:61 140521899337472: r->filehandle = 35, r->size = 6291456, r->offset = 81788928
19:15:55 ERROR /home/bsc03/bsc03353/forge/src/dispatcher/posix.c:62 140521899337472: single write -1 of expected 6291456
19:15:56 ERROR /home/bsc03/bsc03353/forge/src/dispatcher/posix.c:61 140511161898752: r->filehandle = 35, r->size = 6291456, r->offset = 1944059904
19:15:56 ERROR /home/bsc03/bsc03353/forge/src/dispatcher/posix.c:62 140511161898752: single write -1 of expected 6291456
19:15:57 ERROR /home/bsc03/bsc03353/forge/src/dispatcher/posix.c:61 140515456874240: r->filehandle = 35, r->size = 6291456, r->offset = 308281344
19:15:57 ERROR /home/bsc03/bsc03353/forge/src/dispatcher/posix.c:62 140515456874240: single write -1 of expected 6291456
19:15:58 ERROR /home/bsc03/bsc03353/forge/src/dispatcher/posix.c:61 140526194312960: r->filehandle = 35, r->size = 6291456, r->offset = 1774190592
19:15:58 ERROR /home/bsc03/bsc03353/forge/src/dispatcher/posix.c:62 140526194312960: single write -1 of expected 6291456
19:15:59 ERROR /home/bsc03/bsc03353/forge/src/dispatcher/posix.c:61 140513309386496: r->filehandle = 35, r->size = 6291456, r->offset = 18874368
19:15:59 ERROR /home/bsc03/bsc03353/forge/src/dispatcher/posix.c:62 140513309386496: single write -1 of expected 6291456
19:16:00 ERROR /home/bsc03/bsc03353/forge/src/dispatcher/posix.c:61 140543374214912: r->filehandle = 35, r->size = 6291456, r->offset = 1874853888
19:16:00 ERROR /home/bsc03/bsc03353/forge/src/dispatcher/posix.c:62 140543374214912: single write -1 of expected 6291456
19:16:01 ERROR /home/bsc03/bsc03353/forge/src/dispatcher/posix.c:61 140515456874240: r->filehandle = 35, r->size = 6291456, r->offset = 1006632960
19:16:01 ERROR /home/bsc03/bsc03353/forge/src/dispatcher/posix.c:62 140515456874240: single write -1 of expected 6291456
19:16:03 ERROR /home/bsc03/bsc03353/forge/src/dispatcher/posix.c:61 140541226727168: r->filehandle = 35, r->size = 6291456, r->offset = 2258632704
19:16:03 ERROR /home/bsc03/bsc03353/forge/src/dispatcher/posix.c:62 140541226727168: single write -1 of expected 6291456
19:16:03 ERROR /home/bsc03/bsc03353/forge/src/dispatcher/posix.c:61 140526194312960: r->filehandle = 35, r->size = 6291456, r->offset = 2353004544
19:16:03 ERROR /home/bsc03/bsc03353/forge/src/dispatcher/posix.c:62 140526194312960: single write -1 of expected 6291456
19:16:05 ERROR /home/bsc03/bsc03353/forge/src/dispatcher/posix.c:61 140515456874240: r->filehandle = 35, r->size = 6291456, r->offset = 1340080128
19:16:05 ERROR /home/bsc03/bsc03353/forge/src/dispatcher/posix.c:62 140515456874240: single write -1 of expected 6291456
19:16:06 ERROR /home/bsc03/bsc03353/forge/src/dispatcher/posix.c:61 140530489288448: r->filehandle = 35, r->size = 6291456, r->offset = 2195718144
19:16:06 ERROR /home/bsc03/bsc03353/forge/src/dispatcher/posix.c:62 140530489288448: single write -1 of expected 6291456
19:16:07 ERROR /home/bsc03/bsc03353/forge/src/dispatcher/posix.c:61 140536931751680: r->filehandle = 35, r->size = 6291456, r->offset = 421527552
19:16:07 ERROR /home/bsc03/bsc03353/forge/src/dispatcher/posix.c:62 140536931751680: single write -1 of expected 6291456
19:16:10 ERROR /home/bsc03/bsc03353/forge/src/dispatcher/posix.c:61 140532636776192: r->filehandle = 35, r->size = 6291456, r->offset = 880803840
19:16:10 ERROR /home/bsc03/bsc03353/forge/src/dispatcher/posix.c:62 140532636776192: single write -1 of expected 6291456
19:16:12 ERROR /home/bsc03/bsc03353/forge/src/dispatcher/posix.c:61 140511161898752: r->filehandle = 35, r->size = 6291456, r->offset = 1786773504
19:16:12 ERROR /home/bsc03/bsc03353/forge/src/dispatcher/posix.c:62 140511161898752: single write -1 of expected 6291456
19:16:14 ERROR /home/bsc03/bsc03353/forge/src/dispatcher/posix.c:61 140513309386496: r->filehandle = 35, r->size = 6291456, r->offset = 1107296256
19:16:14 ERROR /home/bsc03/bsc03353/forge/src/dispatcher/posix.c:62 140513309386496: single write -1 of expected 6291456
19:16:19 ERROR /home/bsc03/bsc03353/forge/src/dispatcher/posix.c:61 140543374214912: r->filehandle = 35, r->size = 6291456, r->offset = 213909504
19:16:19 ERROR /home/bsc03/bsc03353/forge/src/dispatcher/posix.c:62 140543374214912: single write -1 of expected 6291456
19:16:23 ERROR /home/bsc03/bsc03353/forge/src/dispatcher/posix.c:61 140513309386496: r->filehandle = 35, r->size = 6291456, r->offset = 163577856
19:16:23 ERROR /home/bsc03/bsc03353/forge/src/dispatcher/posix.c:62 140513309386496: single write -1 of expected 6291456
19:16:31 ERROR /home/bsc03/bsc03353/forge/src/dispatcher/posix.c:61 140524046825216: r->filehandle = 35, r->size = 6291456, r->offset = 471859200
19:16:31 ERROR /home/bsc03/bsc03353/forge/src/dispatcher/posix.c:62 140524046825216: single write -1 of expected 6291456
19:16:33 ERROR /home/bsc03/bsc03353/forge/src/dispatcher/posix.c:61 140539079239424: r->filehandle = 35, r->size = 6291456, r->offset = 2057306112
19:16:33 ERROR /home/bsc03/bsc03353/forge/src/dispatcher/posix.c:62 140539079239424: single write -1 of expected 6291456
19:16:35 ERROR /home/bsc03/bsc03353/forge/src/dispatcher/posix.c:61 140519751849728: r->filehandle = 35, r->size = 6291456, r->offset = 1969225728
19:16:35 ERROR /home/bsc03/bsc03353/forge/src/dispatcher/posix.c:62 140519751849728: single write -1 of expected 6291456
19:16:36 ERROR /home/bsc03/bsc03353/forge/src/dispatcher/posix.c:61 140521899337472: r->filehandle = 35, r->size = 6291456, r->offset = 1459617792
19:16:36 ERROR /home/bsc03/bsc03353/forge/src/dispatcher/posix.c:62 140521899337472: single write -1 of expected 6291456
19:16:38 ERROR /home/bsc03/bsc03353/forge/src/dispatcher/posix.c:61 140515456874240: r->filehandle = 35, r->size = 6291456, r->offset = 1226833920
19:16:38 ERROR /home/bsc03/bsc03353/forge/src/dispatcher/posix.c:62 140515456874240: single write -1 of expected 6291456
19:16:43 ERROR /home/bsc03/bsc03353/forge/src/dispatcher/posix.c:61 140511161898752: r->filehandle = 35, r->size = 6291456, r->offset = 937426944
19:16:43 ERROR /home/bsc03/bsc03353/forge/src/dispatcher/posix.c:62 140511161898752: single write -1 of expected 6291456
19:16:49 ERROR /home/bsc03/bsc03353/forge/src/dispatcher/posix.c:61 140526194312960: r->filehandle = 35, r->size = 6291456, r->offset = 2157969408
19:16:49 ERROR /home/bsc03/bsc03353/forge/src/dispatcher/posix.c:62 140526194312960: single write -1 of expected 6291456
19:16:49 ERROR /home/bsc03/bsc03353/forge/src/dispatcher/posix.c:61 140541226727168: r->filehandle = 35, r->size = 6291456, r->offset = 1692401664
19:16:49 ERROR /home/bsc03/bsc03353/forge/src/dispatcher/posix.c:62 140541226727168: single write -1 of expected 6291456
19:16:51 ERROR /home/bsc03/bsc03353/forge/src/dispatcher/posix.c:61 140543374214912: r->filehandle = 35, r->size = 6291456, r->offset = 2006974464
19:16:51 ERROR /home/bsc03/bsc03353/forge/src/dispatcher/posix.c:62 140543374214912: single write -1 of expected 6291456
19:16:54 ERROR /home/bsc03/bsc03353/forge/src/dispatcher/posix.c:61 140541226727168: r->filehandle = 35, r->size = 6291456, r->offset = 408944640
19:16:54 ERROR /home/bsc03/bsc03353/forge/src/dispatcher/posix.c:62 140541226727168: single write -1 of expected 6291456
19:16:58 ERROR /home/bsc03/bsc03353/forge/src/dispatcher/posix.c:61 140532636776192: r->filehandle = 35, r->size = 6291456, r->offset = 2202009600
19:16:58 ERROR /home/bsc03/bsc03353/forge/src/dispatcher/posix.c:62 140532636776192: single write -1 of expected 6291456
19:16:58 ERROR /home/bsc03/bsc03353/forge/src/dispatcher/posix.c:61 140536931751680: r->filehandle = 35, r->size = 6291456, r->offset = 371195904
19:16:58 ERROR /home/bsc03/bsc03353/forge/src/dispatcher/posix.c:62 140536931751680: single write -1 of expected 6291456
19:16:59 ERROR /home/bsc03/bsc03353/forge/src/dispatcher/posix.c:61 140526194312960: r->filehandle = 35, r->size = 6291456, r->offset = 478150656
19:16:59 ERROR /home/bsc03/bsc03353/forge/src/dispatcher/posix.c:62 140526194312960: single write -1 of expected 6291456
19:17:00 ERROR /home/bsc03/bsc03353/forge/src/dispatcher/posix.c:61 140543374214912: r->filehandle = 35, r->size = 6291456, r->offset = 2246049792
19:17:00 ERROR /home/bsc03/bsc03353/forge/src/dispatcher/posix.c:62 140543374214912: single write -1 of expected 6291456
19:17:01 ERROR /home/bsc03/bsc03353/forge/src/dispatcher/posix.c:61 140517604361984: r->filehandle = 35, r->size = 6291456, r->offset = 2120220672
19:17:01 ERROR /home/bsc03/bsc03353/forge/src/dispatcher/posix.c:62 140517604361984: single write -1 of expected 6291456
19:17:02 ERROR /home/bsc03/bsc03353/forge/src/dispatcher/posix.c:61 140526194312960: r->filehandle = 35, r->size = 6291456, r->offset = 1277165568
19:17:02 ERROR /home/bsc03/bsc03353/forge/src/dispatcher/posix.c:62 140526194312960: single write -1 of expected 6291456
19:17:05 ERROR /home/bsc03/bsc03353/forge/src/dispatcher/posix.c:61 140524046825216: r->filehandle = 35, r->size = 6291456, r->offset = 773849088
19:17:05 ERROR /home/bsc03/bsc03353/forge/src/dispatcher/posix.c:62 140524046825216: single write -1 of expected 6291456
19:17:08 ERROR /home/bsc03/bsc03353/forge/src/dispatcher/posix.c:61 140519751849728: r->filehandle = 35, r->size = 6291456, r->offset = 1950351360
19:17:08 ERROR /home/bsc03/bsc03353/forge/src/dispatcher/posix.c:62 140519751849728: single write -1 of expected 6291456
19:17:08 ERROR /home/bsc03/bsc03353/forge/src/dispatcher/posix.c:61 140511161898752: r->filehandle = 35, r->size = 6291456, r->offset = 2063597568
19:17:08 ERROR /home/bsc03/bsc03353/forge/src/dispatcher/posix.c:62 140511161898752: single write -1 of expected 6291456
19:17:11 ERROR /home/bsc03/bsc03353/forge/src/dispatcher/posix.c:61 140517604361984: r->filehandle = 35, r->size = 6291456, r->offset = 1956642816
19:17:11 ERROR /home/bsc03/bsc03353/forge/src/dispatcher/posix.c:62 140517604361984: single write -1 of expected 6291456
19:17:11 ERROR /home/bsc03/bsc03353/forge/src/dispatcher/posix.c:61 140539079239424: r->filehandle = 35, r->size = 6291456, r->offset = 2076180480
19:17:11 ERROR /home/bsc03/bsc03353/forge/src/dispatcher/posix.c:62 140539079239424: single write -1 of expected 6291456
19:17:12 ERROR /home/bsc03/bsc03353/forge/src/dispatcher/posix.c:61 140511161898752: r->filehandle = 35, r->size = 6291456, r->offset = 629145600
19:17:12 ERROR /home/bsc03/bsc03353/forge/src/dispatcher/posix.c:62 140511161898752: single write -1 of expected 6291456
19:17:14 ERROR /home/bsc03/bsc03353/forge/src/dispatcher/posix.c:61 140513309386496: r->filehandle = 35, r->size = 6291456, r->offset = 1994391552
19:17:14 ERROR /home/bsc03/bsc03353/forge/src/dispatcher/posix.c:62 140513309386496: single write -1 of expected 6291456
19:17:14 ERROR /home/bsc03/bsc03353/forge/src/dispatcher/posix.c:61 140539079239424: r->filehandle = 35, r->size = 6291456, r->offset = 320864256
19:17:14 ERROR /home/bsc03/bsc03353/forge/src/dispatcher/posix.c:62 140539079239424: single write -1 of expected 6291456
19:17:15 ERROR /home/bsc03/bsc03353/forge/src/dispatcher/posix.c:61 140530489288448: r->filehandle = 35, r->size = 6291456, r->offset = 446693376
19:17:15 ERROR /home/bsc03/bsc03353/forge/src/dispatcher/posix.c:62 140530489288448: single write -1 of expected 6291456
19:17:17 ERROR /home/bsc03/bsc03353/forge/src/dispatcher/posix.c:61 140528341800704: r->filehandle = 35, r->size = 6291456, r->offset = 1629487104
19:17:17 ERROR /home/bsc03/bsc03353/forge/src/dispatcher/posix.c:62 140528341800704: single write -1 of expected 6291456
19:17:21 ERROR /home/bsc03/bsc03353/forge/src/dispatcher/posix.c:61 140511161898752: r->filehandle = 35, r->size = 6291456, r->offset = 2176843776
19:17:21 ERROR /home/bsc03/bsc03353/forge/src/dispatcher/posix.c:62 140511161898752: single write -1 of expected 6291456
19:17:23 ERROR /home/bsc03/bsc03353/forge/src/dispatcher/posix.c:61 140534784263936: r->filehandle = 35, r->size = 6291456, r->offset = 2000683008
19:17:23 ERROR /home/bsc03/bsc03353/forge/src/dispatcher/posix.c:62 140534784263936: single write -1 of expected 6291456
19:17:24 ERROR /home/bsc03/bsc03353/forge/src/dispatcher/posix.c:61 140513309386496: r->filehandle = 35, r->size = 6291456, r->offset = 648019968
19:17:24 ERROR /home/bsc03/bsc03353/forge/src/dispatcher/posix.c:62 140513309386496: single write -1 of expected 6291456
19:17:25 ERROR /home/bsc03/bsc03353/forge/src/dispatcher/posix.c:61 140519751849728: r->filehandle = 35, r->size = 6291456, r->offset = 503316480
19:17:25 ERROR /home/bsc03/bsc03353/forge/src/dispatcher/posix.c:62 140519751849728: single write -1 of expected 6291456
19:17:26 ERROR /home/bsc03/bsc03353/forge/src/dispatcher/posix.c:61 140524046825216: r->filehandle = 35, r->size = 6291456, r->offset = 1717567488
19:17:26 ERROR /home/bsc03/bsc03353/forge/src/dispatcher/posix.c:62 140524046825216: single write -1 of expected 6291456
19:17:30 ERROR /home/bsc03/bsc03353/forge/src/dispatcher/posix.c:61 140515456874240: r->filehandle = 35, r->size = 6291456, r->offset = 1799356416
19:17:30 ERROR /home/bsc03/bsc03353/forge/src/dispatcher/posix.c:62 140515456874240: single write -1 of expected 6291456
19:17:30 ERROR /home/bsc03/bsc03353/forge/src/dispatcher/posix.c:61 140539079239424: r->filehandle = 35, r->size = 6291456, r->offset = 622854144
19:17:30 ERROR /home/bsc03/bsc03353/forge/src/dispatcher/posix.c:62 140539079239424: single write -1 of expected 6291456
19:17:31 ERROR /home/bsc03/bsc03353/forge/src/dispatcher/posix.c:61 140519751849728: r->filehandle = 35, r->size = 6291456, r->offset = 981467136
19:17:31 ERROR /home/bsc03/bsc03353/forge/src/dispatcher/posix.c:62 140519751849728: single write -1 of expected 6291456
19:17:32 ERROR /home/bsc03/bsc03353/forge/src/dispatcher/posix.c:61 140517604361984: r->filehandle = 35, r->size = 6291456, r->offset = 874512384
19:17:32 ERROR /home/bsc03/bsc03353/forge/src/dispatcher/posix.c:62 140517604361984: single write -1 of expected 6291456
19:17:34 ERROR /home/bsc03/bsc03353/forge/src/dispatcher/posix.c:61 140524046825216: r->filehandle = 35, r->size = 6291456, r->offset = 2151677952
19:17:34 ERROR /home/bsc03/bsc03353/forge/src/dispatcher/posix.c:62 140524046825216: single write -1 of expected 6291456
19:17:35 ERROR /home/bsc03/bsc03353/forge/src/dispatcher/posix.c:61 140521899337472: r->filehandle = 35, r->size = 6291456, r->offset = 1088421888
19:17:35 ERROR /home/bsc03/bsc03353/forge/src/dispatcher/posix.c:62 140521899337472: single write -1 of expected 6291456
19:17:36 ERROR /home/bsc03/bsc03353/forge/src/dispatcher/posix.c:61 140519751849728: r->filehandle = 35, r->size = 6291456, r->offset = 1119879168
19:17:36 ERROR /home/bsc03/bsc03353/forge/src/dispatcher/posix.c:62 140519751849728: single write -1 of expected 6291456
19:17:38 ERROR /home/bsc03/bsc03353/forge/src/dispatcher/posix.c:61 140511161898752: r->filehandle = 35, r->size = 6291456, r->offset = 1075838976
19:17:38 ERROR /home/bsc03/bsc03353/forge/src/dispatcher/posix.c:62 140511161898752: single write -1 of expected 6291456
19:17:39 ERROR /home/bsc03/bsc03353/forge/src/dispatcher/posix.c:61 140536931751680: r->filehandle = 35, r->size = 6291456, r->offset = 2019557376
19:17:39 ERROR /home/bsc03/bsc03353/forge/src/dispatcher/posix.c:62 140536931751680: single write -1 of expected 6291456
19:17:41 ERROR /home/bsc03/bsc03353/forge/src/dispatcher/posix.c:61 140528341800704: r->filehandle = 35, r->size = 6291456, r->offset = 2409627648
19:17:41 ERROR /home/bsc03/bsc03353/forge/src/dispatcher/posix.c:62 140528341800704: single write -1 of expected 6291456
19:17:43 ERROR /home/bsc03/bsc03353/forge/src/dispatcher/posix.c:61 140528341800704: r->filehandle = 35, r->size = 6291456, r->offset = 195035136
19:17:43 ERROR /home/bsc03/bsc03353/forge/src/dispatcher/posix.c:62 140528341800704: single write -1 of expected 6291456
19:17:44 ERROR /home/bsc03/bsc03353/forge/src/dispatcher/posix.c:61 140519751849728: r->filehandle = 35, r->size = 6291456, r->offset = 1220542464
19:17:44 ERROR /home/bsc03/bsc03353/forge/src/dispatcher/posix.c:62 140519751849728: single write -1 of expected 6291456
19:17:48 ERROR /home/bsc03/bsc03353/forge/src/dispatcher/posix.c:61 140532636776192: r->filehandle = 35, r->size = 6291456, r->offset = 685768704
19:17:48 ERROR /home/bsc03/bsc03353/forge/src/dispatcher/posix.c:62 140532636776192: single write -1 of expected 6291456
19:17:51 ERROR /home/bsc03/bsc03353/forge/src/dispatcher/posix.c:61 140543374214912: r->filehandle = 35, r->size = 6291456, r->offset = 497025024
19:17:51 ERROR /home/bsc03/bsc03353/forge/src/dispatcher/posix.c:62 140543374214912: single write -1 of expected 6291456
19:17:51 ERROR /home/bsc03/bsc03353/forge/src/dispatcher/posix.c:61 140526194312960: r->filehandle = 35, r->size = 6291456, r->offset = 2397044736
19:17:51 ERROR /home/bsc03/bsc03353/forge/src/dispatcher/posix.c:62 140526194312960: single write -1 of expected 6291456
19:17:53 ERROR /home/bsc03/bsc03353/forge/src/dispatcher/posix.c:61 140519751849728: r->filehandle = 35, r->size = 6291456, r->offset = 1428160512
19:17:53 ERROR /home/bsc03/bsc03353/forge/src/dispatcher/posix.c:62 140519751849728: single write -1 of expected 6291456
19:17:54 ERROR /home/bsc03/bsc03353/forge/src/dispatcher/posix.c:61 140521899337472: r->filehandle = 35, r->size = 6291456, r->offset = 2139095040
19:17:54 ERROR /home/bsc03/bsc03353/forge/src/dispatcher/posix.c:62 140521899337472: single write -1 of expected 6291456
19:17:55 ERROR /home/bsc03/bsc03353/forge/src/dispatcher/posix.c:61 140528341800704: r->filehandle = 35, r->size = 6291456, r->offset = 301989888
19:17:55 ERROR /home/bsc03/bsc03353/forge/src/dispatcher/posix.c:62 140528341800704: single write -1 of expected 6291456
19:17:59 ERROR /home/bsc03/bsc03353/forge/src/dispatcher/posix.c:61 140517604361984: r->filehandle = 35, r->size = 6291456, r->offset = 69206016
19:17:59 ERROR /home/bsc03/bsc03353/forge/src/dispatcher/posix.c:62 140517604361984: single write -1 of expected 6291456
19:17:59 ERROR /home/bsc03/bsc03353/forge/src/dispatcher/posix.c:61 140515456874240: r->filehandle = 35, r->size = 6291456, r->offset = 2378170368
19:17:59 ERROR /home/bsc03/bsc03353/forge/src/dispatcher/posix.c:62 140515456874240: single write -1 of expected 6291456
19:18:01 ERROR /home/bsc03/bsc03353/forge/src/dispatcher/posix.c:61 140536931751680: r->filehandle = 35, r->size = 6291456, r->offset = 723517440
19:18:01 ERROR /home/bsc03/bsc03353/forge/src/dispatcher/posix.c:62 140536931751680: single write -1 of expected 6291456
19:18:04 ERROR /home/bsc03/bsc03353/forge/src/dispatcher/posix.c:61 140539079239424: r->filehandle = 35, r->size = 6291456, r->offset = 427819008
19:18:04 ERROR /home/bsc03/bsc03353/forge/src/dispatcher/posix.c:62 140539079239424: single write -1 of expected 6291456
19:18:04 ERROR /home/bsc03/bsc03353/forge/src/dispatcher/posix.c:61 140532636776192: r->filehandle = 35, r->size = 6291456, r->offset = 2164260864
19:18:04 ERROR /home/bsc03/bsc03353/forge/src/dispatcher/posix.c:62 140532636776192: single write -1 of expected 6291456
19:18:05 ERROR /home/bsc03/bsc03353/forge/src/dispatcher/posix.c:61 140524046825216: r->filehandle = 35, r->size = 6291456, r->offset = 1975517184
19:18:05 ERROR /home/bsc03/bsc03353/forge/src/dispatcher/posix.c:62 140524046825216: single write -1 of expected 6291456
19:18:07 ERROR /home/bsc03/bsc03353/forge/src/dispatcher/posix.c:61 140526194312960: r->filehandle = 35, r->size = 6291456, r->offset = 1679818752
19:18:07 ERROR /home/bsc03/bsc03353/forge/src/dispatcher/posix.c:62 140526194312960: single write -1 of expected 6291456
19:18:08 ERROR /home/bsc03/bsc03353/forge/src/dispatcher/posix.c:61 140534784263936: r->filehandle = 35, r->size = 6291456, r->offset = 245366784
19:18:08 ERROR /home/bsc03/bsc03353/forge/src/dispatcher/posix.c:62 140534784263936: single write -1 of expected 6291456
19:18:09 ERROR /home/bsc03/bsc03353/forge/src/dispatcher/posix.c:61 140530489288448: r->filehandle = 35, r->size = 6291456, r->offset = 1793064960
19:18:09 ERROR /home/bsc03/bsc03353/forge/src/dispatcher/posix.c:62 140530489288448: single write -1 of expected 6291456
19:18:12 ERROR /home/bsc03/bsc03353/forge/src/dispatcher/posix.c:61 140528341800704: r->filehandle = 35, r->size = 6291456, r->offset = 786432000
19:18:12 ERROR /home/bsc03/bsc03353/forge/src/dispatcher/posix.c:62 140528341800704: single write -1 of expected 6291456
19:18:14 ERROR /home/bsc03/bsc03353/forge/src/dispatcher/posix.c:61 140511161898752: r->filehandle = 35, r->size = 6291456, r->offset = 887095296
19:18:14 ERROR /home/bsc03/bsc03353/forge/src/dispatcher/posix.c:62 140511161898752: single write -1 of expected 6291456
19:18:15 ERROR /home/bsc03/bsc03353/forge/src/dispatcher/posix.c:61 140513309386496: r->filehandle = 35, r->size = 6291456, r->offset = 1962934272
19:18:15 ERROR /home/bsc03/bsc03353/forge/src/dispatcher/posix.c:62 140513309386496: single write -1 of expected 6291456
19:18:16 ERROR /home/bsc03/bsc03353/forge/src/dispatcher/posix.c:61 140532636776192: r->filehandle = 35, r->size = 6291456, r->offset = 1642070016
19:18:16 ERROR /home/bsc03/bsc03353/forge/src/dispatcher/posix.c:62 140532636776192: single write -1 of expected 6291456
19:18:17 ERROR /home/bsc03/bsc03353/forge/src/dispatcher/posix.c:61 140521899337472: r->filehandle = 35, r->size = 6291456, r->offset = 673185792
19:18:17 ERROR /home/bsc03/bsc03353/forge/src/dispatcher/posix.c:62 140521899337472: single write -1 of expected 6291456
19:18:20 ERROR /home/bsc03/bsc03353/forge/src/dispatcher/posix.c:61 140539079239424: r->filehandle = 35, r->size = 6291456, r->offset = 861929472
19:18:20 ERROR /home/bsc03/bsc03353/forge/src/dispatcher/posix.c:62 140539079239424: single write -1 of expected 6291456
19:18:22 ERROR /home/bsc03/bsc03353/forge/src/dispatcher/posix.c:61 140528341800704: r->filehandle = 35, r->size = 6291456, r->offset = 2315255808
19:18:22 ERROR /home/bsc03/bsc03353/forge/src/dispatcher/posix.c:62 140528341800704: single write -1 of expected 6291456
19:18:24 ERROR /home/bsc03/bsc03353/forge/src/dispatcher/posix.c:61 140524046825216: r->filehandle = 35, r->size = 6291456, r->offset = 603979776
19:18:24 ERROR /home/bsc03/bsc03353/forge/src/dispatcher/posix.c:62 140524046825216: single write -1 of expected 6291456
19:18:25 ERROR /home/bsc03/bsc03353/forge/src/dispatcher/posix.c:61 140536931751680: r->filehandle = 35, r->size = 6291456, r->offset = 1176502272
19:18:25 ERROR /home/bsc03/bsc03353/forge/src/dispatcher/posix.c:62 140536931751680: single write -1 of expected 6291456
19:18:26 ERROR /home/bsc03/bsc03353/forge/src/dispatcher/posix.c:61 140534784263936: r->filehandle = 35, r->size = 6291456, r->offset = 1988100096
19:18:26 ERROR /home/bsc03/bsc03353/forge/src/dispatcher/posix.c:62 140534784263936: single write -1 of expected 6291456
19:18:26 ERROR /home/bsc03/bsc03353/forge/src/dispatcher/posix.c:61 140513309386496: r->filehandle = 35, r->size = 6291456, r->offset = 1189085184
19:18:26 ERROR /home/bsc03/bsc03353/forge/src/dispatcher/posix.c:62 140513309386496: single write -1 of expected 6291456
19:18:30 ERROR /home/bsc03/bsc03353/forge/src/dispatcher/posix.c:61 140526194312960: r->filehandle = 35, r->size = 6291456, r->offset = 666894336
19:18:30 ERROR /home/bsc03/bsc03353/forge/src/dispatcher/posix.c:62 140526194312960: single write -1 of expected 6291456
19:18:31 ERROR /home/bsc03/bsc03353/forge/src/dispatcher/posix.c:61 140530489288448: r->filehandle = 35, r->size = 6291456, r->offset = 509607936
19:18:31 ERROR /home/bsc03/bsc03353/forge/src/dispatcher/posix.c:62 140530489288448: single write -1 of expected 6291456
19:18:33 ERROR /home/bsc03/bsc03353/forge/src/dispatcher/posix.c:61 140532636776192: r->filehandle = 35, r->size = 6291456, r->offset = 761266176
19:18:33 ERROR /home/bsc03/bsc03353/forge/src/dispatcher/posix.c:62 140532636776192: single write -1 of expected 6291456
19:18:34 ERROR /home/bsc03/bsc03353/forge/src/dispatcher/posix.c:61 140526194312960: r->filehandle = 35, r->size = 6291456, r->offset = 578813952
19:18:34 ERROR /home/bsc03/bsc03353/forge/src/dispatcher/posix.c:62 140526194312960: single write -1 of expected 6291456
19:18:36 ERROR /home/bsc03/bsc03353/forge/src/dispatcher/posix.c:61 140543374214912: r->filehandle = 35, r->size = 6291456, r->offset = 1434451968
19:18:36 ERROR /home/bsc03/bsc03353/forge/src/dispatcher/posix.c:62 140543374214912: single write -1 of expected 6291456
19:18:38 ERROR /home/bsc03/bsc03353/forge/src/dispatcher/posix.c:61 140539079239424: r->filehandle = 35, r->size = 6291456, r->offset = 88080384
19:18:38 ERROR /home/bsc03/bsc03353/forge/src/dispatcher/posix.c:62 140539079239424: single write -1 of expected 6291456
19:18:39 ERROR /home/bsc03/bsc03353/forge/src/dispatcher/posix.c:61 140513309386496: r->filehandle = 35, r->size = 6291456, r->offset = 1151336448
19:18:39 ERROR /home/bsc03/bsc03353/forge/src/dispatcher/posix.c:62 140513309386496: single write -1 of expected 6291456
19:18:40 ERROR /home/bsc03/bsc03353/forge/src/dispatcher/posix.c:61 140536931751680: r->filehandle = 35, r->size = 6291456, r->offset = 1478492160
19:18:40 ERROR /home/bsc03/bsc03353/forge/src/dispatcher/posix.c:62 140536931751680: single write -1 of expected 6291456
19:18:40 ERROR /home/bsc03/bsc03353/forge/src/dispatcher/posix.c:61 140517604361984: r->filehandle = 35, r->size = 6291456, r->offset = 1233125376
19:18:40 ERROR /home/bsc03/bsc03353/forge/src/dispatcher/posix.c:62 140517604361984: single write -1 of expected 6291456
19:18:42 ERROR /home/bsc03/bsc03353/forge/src/dispatcher/posix.c:61 140536931751680: r->filehandle = 35, r->size = 6291456, r->offset = 2390753280
19:18:42 ERROR /home/bsc03/bsc03353/forge/src/dispatcher/posix.c:62 140536931751680: single write -1 of expected 6291456
19:18:43 ERROR /home/bsc03/bsc03353/forge/src/dispatcher/posix.c:61 140513309386496: r->filehandle = 35, r->size = 6291456, r->offset = 2132803584
19:18:43 ERROR /home/bsc03/bsc03353/forge/src/dispatcher/posix.c:62 140513309386496: single write -1 of expected 6291456
19:18:44 ERROR /home/bsc03/bsc03353/forge/src/dispatcher/posix.c:61 140532636776192: r->filehandle = 35, r->size = 6291456, r->offset = 2183135232
19:18:44 ERROR /home/bsc03/bsc03353/forge/src/dispatcher/posix.c:62 140532636776192: single write -1 of expected 6291456
19:18:44 ERROR /home/bsc03/bsc03353/forge/src/dispatcher/posix.c:61 140517604361984: r->filehandle = 35, r->size = 6291456, r->offset = 1453326336
19:18:44 ERROR /home/bsc03/bsc03353/forge/src/dispatcher/posix.c:62 140517604361984: single write -1 of expected 6291456
19:18:46 ERROR /home/bsc03/bsc03353/forge/src/dispatcher/posix.c:61 140521899337472: r->filehandle = 35, r->size = 6291456, r->offset = 717225984
19:18:46 ERROR /home/bsc03/bsc03353/forge/src/dispatcher/posix.c:62 140521899337472: single write -1 of expected 6291456
19:18:49 ERROR /home/bsc03/bsc03353/forge/src/dispatcher/posix.c:61 140511161898752: r->filehandle = 35, r->size = 6291456, r->offset = 1283457024
19:18:49 ERROR /home/bsc03/bsc03353/forge/src/dispatcher/posix.c:62 140511161898752: single write -1 of expected 6291456
19:18:50 ERROR /home/bsc03/bsc03353/forge/src/dispatcher/posix.c:61 140536931751680: r->filehandle = 35, r->size = 6291456, r->offset = 1541406720
19:18:50 ERROR /home/bsc03/bsc03353/forge/src/dispatcher/posix.c:62 140536931751680: single write -1 of expected 6291456
19:18:52 ERROR /home/bsc03/bsc03353/forge/src/dispatcher/posix.c:61 140524046825216: r->filehandle = 35, r->size = 6291456, r->offset = 710934528
19:18:52 ERROR /home/bsc03/bsc03353/forge/src/dispatcher/posix.c:62 140524046825216: single write -1 of expected 6291456
19:18:54 ERROR /home/bsc03/bsc03353/forge/src/dispatcher/posix.c:61 140543374214912: r->filehandle = 35, r->size = 6291456, r->offset = 962592768
19:18:54 ERROR /home/bsc03/bsc03353/forge/src/dispatcher/posix.c:62 140543374214912: single write -1 of expected 6291456
19:18:54 ERROR /home/bsc03/bsc03353/forge/src/dispatcher/posix.c:61 140539079239424: r->filehandle = 35, r->size = 6291456, r->offset = 1566572544
19:18:54 ERROR /home/bsc03/bsc03353/forge/src/dispatcher/posix.c:62 140539079239424: single write -1 of expected 6291456
19:18:54 ERROR /home/bsc03/bsc03353/forge/src/dispatcher/posix.c:61 140515456874240: r->filehandle = 35, r->size = 6291456, r->offset = 2101346304
19:18:54 ERROR /home/bsc03/bsc03353/forge/src/dispatcher/posix.c:62 140515456874240: single write -1 of expected 6291456
19:18:56 ERROR /home/bsc03/bsc03353/forge/src/dispatcher/posix.c:61 140530489288448: r->filehandle = 35, r->size = 6291456, r->offset = 1390411776
19:18:56 ERROR /home/bsc03/bsc03353/forge/src/dispatcher/posix.c:62 140530489288448: single write -1 of expected 6291456
19:18:59 ERROR /home/bsc03/bsc03353/forge/src/dispatcher/posix.c:61 140524046825216: r->filehandle = 35, r->size = 6291456, r->offset = 1201668096
19:18:59 ERROR /home/bsc03/bsc03353/forge/src/dispatcher/posix.c:62 140524046825216: single write -1 of expected 6291456
19:19:00 ERROR /home/bsc03/bsc03353/forge/src/dispatcher/posix.c:61 140519751849728: r->filehandle = 35, r->size = 6291456, r->offset = 44040192
19:19:00 ERROR /home/bsc03/bsc03353/forge/src/dispatcher/posix.c:62 140519751849728: single write -1 of expected 6291456
19:19:03 ERROR /home/bsc03/bsc03353/forge/src/dispatcher/posix.c:61 140513309386496: r->filehandle = 35, r->size = 6291456, r->offset = 465567744
19:19:03 ERROR /home/bsc03/bsc03353/forge/src/dispatcher/posix.c:62 140513309386496: single write -1 of expected 6291456
19:19:04 ERROR /home/bsc03/bsc03353/forge/src/dispatcher/posix.c:61 140511161898752: r->filehandle = 35, r->size = 6291456, r->offset = 264241152
19:19:04 ERROR /home/bsc03/bsc03353/forge/src/dispatcher/posix.c:62 140511161898752: single write -1 of expected 6291456
19:19:05 ERROR /home/bsc03/bsc03353/forge/src/dispatcher/posix.c:61 140513309386496: r->filehandle = 35, r->size = 6291456, r->offset = 1384120320
19:19:05 ERROR /home/bsc03/bsc03353/forge/src/dispatcher/posix.c:62 140513309386496: single write -1 of expected 6291456
19:19:05 ERROR /home/bsc03/bsc03353/forge/src/dispatcher/posix.c:61 140536931751680: r->filehandle = 35, r->size = 6291456, r->offset = 176160768
19:19:05 ERROR /home/bsc03/bsc03353/forge/src/dispatcher/posix.c:62 140536931751680: single write -1 of expected 6291456
19:19:06 ERROR /home/bsc03/bsc03353/forge/src/dispatcher/posix.c:61 140515456874240: r->filehandle = 35, r->size = 6291456, r->offset = 251658240
19:19:06 ERROR /home/bsc03/bsc03353/forge/src/dispatcher/posix.c:62 140515456874240: single write -1 of expected 6291456
19:19:08 ERROR /home/bsc03/bsc03353/forge/src/dispatcher/posix.c:61 140515456874240: r->filehandle = 35, r->size = 6291456, r->offset = 515899392
19:19:08 ERROR /home/bsc03/bsc03353/forge/src/dispatcher/posix.c:62 140515456874240: single write -1 of expected 6291456
19:19:08 ERROR /home/bsc03/bsc03353/forge/src/dispatcher/posix.c:61 140517604361984: r->filehandle = 35, r->size = 6291456, r->offset = 270532608
19:19:08 ERROR /home/bsc03/bsc03353/forge/src/dispatcher/posix.c:62 140517604361984: single write -1 of expected 6291456
19:19:10 ERROR /home/bsc03/bsc03353/forge/src/dispatcher/posix.c:61 140532636776192: r->filehandle = 35, r->size = 6291456, r->offset = 2208301056
19:19:10 ERROR /home/bsc03/bsc03353/forge/src/dispatcher/posix.c:62 140532636776192: single write -1 of expected 6291456
19:19:10 ERROR /home/bsc03/bsc03353/forge/src/dispatcher/posix.c:61 140541226727168: r->filehandle = 35, r->size = 6291456, r->offset = 1711276032
19:19:10 ERROR /home/bsc03/bsc03353/forge/src/dispatcher/posix.c:62 140541226727168: single write -1 of expected 6291456
19:19:12 ERROR /home/bsc03/bsc03353/forge/src/dispatcher/posix.c:61 140539079239424: r->filehandle = 35, r->size = 6291456, r->offset = 402653184
19:19:12 ERROR /home/bsc03/bsc03353/forge/src/dispatcher/posix.c:62 140539079239424: single write -1 of expected 6291456
19:19:13 ERROR /home/bsc03/bsc03353/forge/src/dispatcher/posix.c:61 140519751849728: r->filehandle = 35, r->size = 6291456, r->offset = 2346713088
19:19:13 ERROR /home/bsc03/bsc03353/forge/src/dispatcher/posix.c:62 140519751849728: single write -1 of expected 6291456
19:19:14 ERROR /home/bsc03/bsc03353/forge/src/dispatcher/posix.c:61 140543374214912: r->filehandle = 35, r->size = 6291456, r->offset = 484442112
19:19:14 ERROR /home/bsc03/bsc03353/forge/src/dispatcher/posix.c:62 140543374214912: single write -1 of expected 6291456
19:19:15 ERROR /home/bsc03/bsc03353/forge/src/dispatcher/posix.c:61 140519751849728: r->filehandle = 35, r->size = 6291456, r->offset = 125829120
19:19:15 ERROR /home/bsc03/bsc03353/forge/src/dispatcher/posix.c:62 140519751849728: single write -1 of expected 6291456
19:19:16 ERROR /home/bsc03/bsc03353/forge/src/dispatcher/posix.c:61 140543374214912: r->filehandle = 35, r->size = 6291456, r->offset = 1579155456
19:19:16 ERROR /home/bsc03/bsc03353/forge/src/dispatcher/posix.c:62 140543374214912: single write -1 of expected 6291456
19:19:17 ERROR /home/bsc03/bsc03353/forge/src/dispatcher/posix.c:61 140515456874240: r->filehandle = 35, r->size = 6291456, r->offset = 383778816
19:19:17 ERROR /home/bsc03/bsc03353/forge/src/dispatcher/posix.c:62 140515456874240: single write -1 of expected 6291456
19:19:18 ERROR /home/bsc03/bsc03353/forge/src/dispatcher/posix.c:61 140528341800704: r->filehandle = 35, r->size = 6291456, r->offset = 754974720
19:19:18 ERROR /home/bsc03/bsc03353/forge/src/dispatcher/posix.c:62 140528341800704: single write -1 of expected 6291456
19:19:19 ERROR /home/bsc03/bsc03353/forge/src/dispatcher/posix.c:61 140532636776192: r->filehandle = 35, r->size = 6291456, r->offset = 1849688064
19:19:19 ERROR /home/bsc03/bsc03353/forge/src/dispatcher/posix.c:62 140532636776192: single write -1 of expected 6291456
19:19:21 ERROR /home/bsc03/bsc03353/forge/src/dispatcher/posix.c:61 140511161898752: r->filehandle = 35, r->size = 6291456, r->offset = 1113587712
19:19:21 ERROR /home/bsc03/bsc03353/forge/src/dispatcher/posix.c:62 140511161898752: single write -1 of expected 6291456
19:19:21 ERROR /home/bsc03/bsc03353/forge/src/dispatcher/posix.c:61 140530489288448: r->filehandle = 35, r->size = 6291456, r->offset = 1736441856
19:19:21 ERROR /home/bsc03/bsc03353/forge/src/dispatcher/posix.c:62 140530489288448: single write -1 of expected 6291456
19:19:22 ERROR /home/bsc03/bsc03353/forge/src/dispatcher/posix.c:61 140543374214912: r->filehandle = 35, r->size = 6291456, r->offset = 314572800
19:19:22 ERROR /home/bsc03/bsc03353/forge/src/dispatcher/posix.c:62 140543374214912: single write -1 of expected 6291456
19:19:22 ERROR /home/bsc03/bsc03353/forge/src/dispatcher/posix.c:61 140524046825216: r->filehandle = 35, r->size = 6291456, r->offset = 2252341248
19:19:22 ERROR /home/bsc03/bsc03353/forge/src/dispatcher/posix.c:62 140524046825216: single write -1 of expected 6291456
19:19:25 ERROR /home/bsc03/bsc03353/forge/src/dispatcher/posix.c:61 140519751849728: r->filehandle = 35, r->size = 6291456, r->offset = 6291456
19:19:25 ERROR /home/bsc03/bsc03353/forge/src/dispatcher/posix.c:62 140519751849728: single write -1 of expected 6291456
19:19:26 ERROR /home/bsc03/bsc03353/forge/src/dispatcher/posix.c:61 140521899337472: r->filehandle = 35, r->size = 6291456, r->offset = 1522532352
19:19:26 ERROR /home/bsc03/bsc03353/forge/src/dispatcher/posix.c:62 140521899337472: single write -1 of expected 6291456
19:19:26 ERROR /home/bsc03/bsc03353/forge/src/dispatcher/posix.c:61 140534784263936: r->filehandle = 35, r->size = 6291456, r->offset = 2302672896
19:19:26 ERROR /home/bsc03/bsc03353/forge/src/dispatcher/posix.c:62 140534784263936: single write -1 of expected 6291456
19:19:28 ERROR /home/bsc03/bsc03353/forge/src/dispatcher/posix.c:61 140519751849728: r->filehandle = 35, r->size = 6291456, r->offset = 352321536
19:19:28 ERROR /home/bsc03/bsc03353/forge/src/dispatcher/posix.c:62 140519751849728: single write -1 of expected 6291456
19:19:29 ERROR /home/bsc03/bsc03353/forge/src/dispatcher/posix.c:61 140539079239424: r->filehandle = 35, r->size = 6291456, r->offset = 1289748480
19:19:29 ERROR /home/bsc03/bsc03353/forge/src/dispatcher/posix.c:62 140539079239424: single write -1 of expected 6291456
19:19:30 ERROR /home/bsc03/bsc03353/forge/src/dispatcher/posix.c:61 140543374214912: r->filehandle = 35, r->size = 6291456, r->offset = 169869312
19:19:30 ERROR /home/bsc03/bsc03353/forge/src/dispatcher/posix.c:62 140543374214912: single write -1 of expected 6291456
19:19:32 ERROR /home/bsc03/bsc03353/forge/src/dispatcher/posix.c:61 140539079239424: r->filehandle = 35, r->size = 6291456, r->offset = 528482304
19:19:32 ERROR /home/bsc03/bsc03353/forge/src/dispatcher/posix.c:62 140539079239424: single write -1 of expected 6291456
19:19:32 ERROR /home/bsc03/bsc03353/forge/src/dispatcher/posix.c:61 140530489288448: r->filehandle = 35, r->size = 6291456, r->offset = 119537664
19:19:32 ERROR /home/bsc03/bsc03353/forge/src/dispatcher/posix.c:62 140530489288448: single write -1 of expected 6291456
19:19:33 ERROR /home/bsc03/bsc03353/forge/src/dispatcher/posix.c:61 140541226727168: r->filehandle = 35, r->size = 6291456, r->offset = 1616904192
19:19:33 ERROR /home/bsc03/bsc03353/forge/src/dispatcher/posix.c:62 140541226727168: single write -1 of expected 6291456
19:19:34 ERROR /home/bsc03/bsc03353/forge/src/dispatcher/posix.c:61 140539079239424: r->filehandle = 35, r->size = 6291456, r->offset = 654311424
19:19:34 ERROR /home/bsc03/bsc03353/forge/src/dispatcher/posix.c:62 140539079239424: single write -1 of expected 6291456
19:19:35 ERROR /home/bsc03/bsc03353/forge/src/dispatcher/posix.c:61 140532636776192: r->filehandle = 35, r->size = 6291456, r->offset = 364904448
19:19:35 ERROR /home/bsc03/bsc03353/forge/src/dispatcher/posix.c:62 140532636776192: single write -1 of expected 6291456
19:19:36 ERROR /home/bsc03/bsc03353/forge/src/dispatcher/posix.c:61 140534784263936: r->filehandle = 35, r->size = 6291456, r->offset = 1749024768
19:19:36 ERROR /home/bsc03/bsc03353/forge/src/dispatcher/posix.c:62 140534784263936: single write -1 of expected 6291456
19:19:36 ERROR /home/bsc03/bsc03353/forge/src/dispatcher/posix.c:61 140534784263936: r->filehandle = 35, r->size = 6291456, r->offset = 1170210816
19:19:36 ERROR /home/bsc03/bsc03353/forge/src/dispatcher/posix.c:62 140534784263936: single write -1 of expected 6291456
19:19:37 ERROR /home/bsc03/bsc03353/forge/src/dispatcher/posix.c:61 140513309386496: r->filehandle = 35, r->size = 6291456, r->offset = 1604321280
19:19:37 ERROR /home/bsc03/bsc03353/forge/src/dispatcher/posix.c:62 140513309386496: single write -1 of expected 6291456
19:19:38 ERROR /home/bsc03/bsc03353/forge/src/dispatcher/posix.c:61 140526194312960: r->filehandle = 35, r->size = 6291456, r->offset = 805306368
19:19:38 ERROR /home/bsc03/bsc03353/forge/src/dispatcher/posix.c:62 140526194312960: single write -1 of expected 6291456
slurmstepd: error: *** JOB 8737184 ON s01r1b43 CANCELLED AT 2020-02-07T19:19:39 DUE TO TIME LIMIT ***
--------------------------------------------------------------------------
ORTE has lost communication with a remote daemon.

  HNP daemon   : [[59242,0],0] on node s01r1b43
  Remote daemon: [[59242,0],5] on node s03r2b27

This is usually due to either a failure of the TCP network
connection to the node, or possibly an internal failure of
the daemon itself. We cannot recover from this failure, and
therefore will terminate the job.
--------------------------------------------------------------------------
