Set GCC compilers as MPI wrappers backend 
remove impi/2017.4 (PATH, MANPATH, LD_LIBRARY_PATH) 
load openmpi/4.0.2_UCX (PATH, MANPATH, LD_LIBRARY_PATH) 
Set GCC compilers as MPI wrappers backend 
load gsl/2.4 (PATH, LD_LIBRARY_PATH, LIBRARY_PATH, MANPATH, INFOPATH,
C_INCLUDE_PATH, CPLUS_INCLUDE_PATH, PKG_CONFIG_PATH, GSL_DIR) 
19:38:37 INFO  /home/bsc03/bsc03353/forge/src/main.c:107 139988746106944: I/O Forwarding Exploration [START]
Will AGIOS generate trace files? NO
Default scheduling algorithm: TO
TWINS window size: 1000000
Will the Prediction Module read information from trace files? NO
File with access time functions: /home/bsc03/bsc03353/forge/agios/access_times.func
AGIOS thinks its user has stripe size of 32768
Will AGIOS generate trace files? NO
Default scheduling algorithm: TO
TWINS window size: 1000000
Will the Prediction Module read information from trace files? NO
File with access time functions: /home/bsc03/bsc03353/forge/agios/access_times.func
AGIOS thinks its user has stripe size of 32768
19:38:39 ERROR /home/bsc03/bsc03353/forge/src/dispatcher/posix.c:61 139753744377600: r->filehandle = 36, r->size = 6291456, r->offset = 70382518272
19:38:39 ERROR /home/bsc03/bsc03353/forge/src/dispatcher/posix.c:62 139753744377600: single write -1 of expected 6291456
19:38:42 ERROR /home/bsc03/bsc03353/forge/src/dispatcher/posix.c:61 139755891865344: r->filehandle = 36, r->size = 6291456, r->offset = 132944756736
19:38:42 ERROR /home/bsc03/bsc03353/forge/src/dispatcher/posix.c:62 139755891865344: single write -1 of expected 6291456
19:38:42 ERROR /home/bsc03/bsc03353/forge/src/dispatcher/posix.c:61 139775219255040: r->filehandle = 36, r->size = 6291456, r->offset = 127257280512
19:38:42 ERROR /home/bsc03/bsc03353/forge/src/dispatcher/posix.c:62 139775219255040: single write -1 of expected 6291456
19:38:43 ERROR /home/bsc03/bsc03353/forge/src/dispatcher/posix.c:61 139758039353088: r->filehandle = 36, r->size = 6291456, r->offset = 91710554112
19:38:43 ERROR /home/bsc03/bsc03353/forge/src/dispatcher/posix.c:62 139758039353088: single write -1 of expected 6291456
19:38:43 ERROR /home/bsc03/bsc03353/forge/src/dispatcher/posix.c:61 139953703397120: r->filehandle = 35, r->size = 6291456, r->offset = 14929625088
19:38:43 ERROR /home/bsc03/bsc03353/forge/src/dispatcher/posix.c:62 139953703397120: single write -1 of expected 6291456
19:38:47 ERROR /home/bsc03/bsc03353/forge/src/dispatcher/posix.c:61 139770924279552: r->filehandle = 36, r->size = 6291456, r->offset = 131522887680
19:38:47 ERROR /home/bsc03/bsc03353/forge/src/dispatcher/posix.c:62 139770924279552: single write -1 of expected 6291456
19:38:49 ERROR /home/bsc03/bsc03353/forge/src/dispatcher/posix.c:61 139966588323584: r->filehandle = 35, r->size = 6291456, r->offset = 16351494144
19:38:49 ERROR /home/bsc03/bsc03353/forge/src/dispatcher/posix.c:62 139966588323584: single write -1 of expected 6291456
19:38:56 ERROR /home/bsc03/bsc03353/forge/src/dispatcher/posix.c:61 139751596889856: r->filehandle = 36, r->size = 6291456, r->offset = 108062048256
19:38:56 ERROR /home/bsc03/bsc03353/forge/src/dispatcher/posix.c:62 139751596889856: single write -1 of expected 6291456
19:38:58 ERROR /home/bsc03/bsc03353/forge/src/dispatcher/posix.c:61 139758039353088: r->filehandle = 36, r->size = 6291456, r->offset = 73226256384
19:38:58 ERROR /home/bsc03/bsc03353/forge/src/dispatcher/posix.c:62 139758039353088: single write -1 of expected 6291456
19:38:58 ERROR /home/bsc03/bsc03353/forge/src/dispatcher/posix.c:61 139762334328576: r->filehandle = 36, r->size = 6291456, r->offset = 101663637504
19:38:58 ERROR /home/bsc03/bsc03353/forge/src/dispatcher/posix.c:62 139762334328576: single write -1 of expected 6291456
19:39:02 ERROR /home/bsc03/bsc03353/forge/src/dispatcher/posix.c:61 139970883299072: r->filehandle = 35, r->size = 6291456, r->offset = 67538780160
19:39:02 ERROR /home/bsc03/bsc03353/forge/src/dispatcher/posix.c:62 139970883299072: single write -1 of expected 6291456
19:39:06 ERROR /home/bsc03/bsc03353/forge/src/dispatcher/posix.c:61 139770924279552: r->filehandle = 36, r->size = 6291456, r->offset = 84601208832
19:39:06 ERROR /home/bsc03/bsc03353/forge/src/dispatcher/posix.c:62 139770924279552: single write -1 of expected 6291456
19:39:13 ERROR /home/bsc03/bsc03353/forge/src/dispatcher/posix.c:61 139973030786816: r->filehandle = 35, r->size = 6291456, r->offset = 51898220544
19:39:13 ERROR /home/bsc03/bsc03353/forge/src/dispatcher/posix.c:62 139973030786816: single write -1 of expected 6291456
19:39:19 ERROR /home/bsc03/bsc03353/forge/src/dispatcher/posix.c:61 139755891865344: r->filehandle = 36, r->size = 6291456, r->offset = 121569804288
19:39:19 ERROR /home/bsc03/bsc03353/forge/src/dispatcher/posix.c:62 139755891865344: single write -1 of expected 6291456
19:39:21 ERROR /home/bsc03/bsc03353/forge/src/dispatcher/posix.c:61 139975178274560: r->filehandle = 35, r->size = 6291456, r->offset = 2132803584
19:39:21 ERROR /home/bsc03/bsc03353/forge/src/dispatcher/posix.c:62 139975178274560: single write -1 of expected 6291456
19:39:26 ERROR /home/bsc03/bsc03353/forge/src/dispatcher/posix.c:61 139758039353088: r->filehandle = 36, r->size = 6291456, r->offset = 91716845568
19:39:26 ERROR /home/bsc03/bsc03353/forge/src/dispatcher/posix.c:62 139758039353088: single write -1 of expected 6291456
19:39:29 ERROR /home/bsc03/bsc03353/forge/src/dispatcher/posix.c:61 139979473250048: r->filehandle = 35, r->size = 6291456, r->offset = 6398410752
19:39:29 ERROR /home/bsc03/bsc03353/forge/src/dispatcher/posix.c:62 139979473250048: single write -1 of expected 6291456
19:39:36 ERROR /home/bsc03/bsc03353/forge/src/dispatcher/posix.c:61 139951555909376: r->filehandle = 35, r->size = 6291456, r->offset = 37679529984
19:39:36 ERROR /home/bsc03/bsc03353/forge/src/dispatcher/posix.c:62 139951555909376: single write -1 of expected 6291456
19:39:37 ERROR /home/bsc03/bsc03353/forge/src/dispatcher/posix.c:61 139957998372608: r->filehandle = 35, r->size = 6291456, r->offset = 66116911104
19:39:37 ERROR /home/bsc03/bsc03353/forge/src/dispatcher/posix.c:62 139957998372608: single write -1 of expected 6291456
19:39:41 ERROR /home/bsc03/bsc03353/forge/src/dispatcher/posix.c:61 139773071767296: r->filehandle = 36, r->size = 6291456, r->offset = 74648125440
19:39:41 ERROR /home/bsc03/bsc03353/forge/src/dispatcher/posix.c:62 139773071767296: single write -1 of expected 6291456
19:39:43 ERROR /home/bsc03/bsc03353/forge/src/dispatcher/posix.c:61 139768776791808: r->filehandle = 36, r->size = 6291456, r->offset = 107351113728
19:39:43 ERROR /home/bsc03/bsc03353/forge/src/dispatcher/posix.c:62 139768776791808: single write -1 of expected 6291456
19:39:43 ERROR /home/bsc03/bsc03353/forge/src/dispatcher/posix.c:61 139960145860352: r->filehandle = 35, r->size = 6291456, r->offset = 52609155072
19:39:43 ERROR /home/bsc03/bsc03353/forge/src/dispatcher/posix.c:62 139960145860352: single write -1 of expected 6291456
19:39:46 ERROR /home/bsc03/bsc03353/forge/src/dispatcher/posix.c:61 139975178274560: r->filehandle = 35, r->size = 6291456, r->offset = 41945137152
19:39:46 ERROR /home/bsc03/bsc03353/forge/src/dispatcher/posix.c:62 139975178274560: single write -1 of expected 6291456
19:39:48 ERROR /home/bsc03/bsc03353/forge/src/dispatcher/posix.c:61 139749449402112: r->filehandle = 36, r->size = 6291456, r->offset = 69671583744
19:39:48 ERROR /home/bsc03/bsc03353/forge/src/dispatcher/posix.c:62 139749449402112: single write -1 of expected 6291456
19:39:50 ERROR /home/bsc03/bsc03353/forge/src/dispatcher/posix.c:61 139979473250048: r->filehandle = 35, r->size = 6291456, r->offset = 6404702208
19:39:50 ERROR /home/bsc03/bsc03353/forge/src/dispatcher/posix.c:62 139979473250048: single write -1 of expected 6291456
19:39:52 ERROR /home/bsc03/bsc03353/forge/src/dispatcher/posix.c:61 139955850884864: r->filehandle = 35, r->size = 6291456, r->offset = 59718500352
19:39:52 ERROR /home/bsc03/bsc03353/forge/src/dispatcher/posix.c:62 139955850884864: single write -1 of expected 6291456
19:39:57 ERROR /home/bsc03/bsc03353/forge/src/dispatcher/posix.c:61 139964440835840: r->filehandle = 35, r->size = 6291456, r->offset = 34124857344
19:39:57 ERROR /home/bsc03/bsc03353/forge/src/dispatcher/posix.c:62 139964440835840: single write -1 of expected 6291456
19:39:59 ERROR /home/bsc03/bsc03353/forge/src/dispatcher/posix.c:61 139962293348096: r->filehandle = 35, r->size = 6291456, r->offset = 24171773952
19:39:59 ERROR /home/bsc03/bsc03353/forge/src/dispatcher/posix.c:62 139962293348096: single write -1 of expected 6291456
19:40:00 ERROR /home/bsc03/bsc03353/forge/src/dispatcher/posix.c:61 139777366742784: r->filehandle = 36, r->size = 6291456, r->offset = 127968215040
19:40:00 ERROR /home/bsc03/bsc03353/forge/src/dispatcher/posix.c:62 139777366742784: single write -1 of expected 6291456
19:40:08 ERROR /home/bsc03/bsc03353/forge/src/dispatcher/posix.c:61 139953703397120: r->filehandle = 35, r->size = 6291456, r->offset = 14935916544
19:40:08 ERROR /home/bsc03/bsc03353/forge/src/dispatcher/posix.c:62 139953703397120: single write -1 of expected 6291456
19:40:08 ERROR /home/bsc03/bsc03353/forge/src/dispatcher/posix.c:61 139770924279552: r->filehandle = 36, r->size = 6291456, r->offset = 108772982784
19:40:08 ERROR /home/bsc03/bsc03353/forge/src/dispatcher/posix.c:62 139770924279552: single write -1 of expected 6291456
19:40:09 ERROR /home/bsc03/bsc03353/forge/src/dispatcher/posix.c:61 139966588323584: r->filehandle = 35, r->size = 6291456, r->offset = 50476351488
19:40:09 ERROR /home/bsc03/bsc03353/forge/src/dispatcher/posix.c:62 139966588323584: single write -1 of expected 6291456
19:40:09 ERROR /home/bsc03/bsc03353/forge/src/dispatcher/posix.c:61 139760186840832: r->filehandle = 36, r->size = 6291456, r->offset = 99530833920
19:40:09 ERROR /home/bsc03/bsc03353/forge/src/dispatcher/posix.c:62 139760186840832: single write -1 of expected 6291456
19:40:10 ERROR /home/bsc03/bsc03353/forge/src/dispatcher/posix.c:61 139747301914368: r->filehandle = 36, r->size = 6291456, r->offset = 120858869760
19:40:10 ERROR /home/bsc03/bsc03353/forge/src/dispatcher/posix.c:62 139747301914368: single write -1 of expected 6291456
19:40:15 ERROR /home/bsc03/bsc03353/forge/src/dispatcher/posix.c:61 139949408421632: r->filehandle = 35, r->size = 6291456, r->offset = 23460839424
19:40:15 ERROR /home/bsc03/bsc03353/forge/src/dispatcher/posix.c:62 139949408421632: single write -1 of expected 6291456
19:40:19 ERROR /home/bsc03/bsc03353/forge/src/dispatcher/posix.c:61 139760186840832: r->filehandle = 36, r->size = 6291456, r->offset = 76780929024
19:40:19 ERROR /home/bsc03/bsc03353/forge/src/dispatcher/posix.c:62 139760186840832: single write -1 of expected 6291456
19:40:21 ERROR /home/bsc03/bsc03353/forge/src/dispatcher/posix.c:61 139968735811328: r->filehandle = 35, r->size = 6291456, r->offset = 2843738112
19:40:21 ERROR /home/bsc03/bsc03353/forge/src/dispatcher/posix.c:62 139968735811328: single write -1 of expected 6291456
19:40:23 ERROR /home/bsc03/bsc03353/forge/src/dispatcher/posix.c:61 139775219255040: r->filehandle = 36, r->size = 6291456, r->offset = 128679149568
19:40:23 ERROR /home/bsc03/bsc03353/forge/src/dispatcher/posix.c:62 139775219255040: single write -1 of expected 6291456
19:40:31 ERROR /home/bsc03/bsc03353/forge/src/dispatcher/posix.c:61 139745154426624: r->filehandle = 36, r->size = 6291456, r->offset = 116593262592
19:40:31 ERROR /home/bsc03/bsc03353/forge/src/dispatcher/posix.c:62 139745154426624: single write -1 of expected 6291456
19:40:32 ERROR /home/bsc03/bsc03353/forge/src/dispatcher/posix.c:61 139764481816320: r->filehandle = 36, r->size = 6291456, r->offset = 119437000704
19:40:32 ERROR /home/bsc03/bsc03353/forge/src/dispatcher/posix.c:62 139764481816320: single write -1 of expected 6291456
19:40:35 ERROR /home/bsc03/bsc03353/forge/src/dispatcher/posix.c:61 139766629304064: r->filehandle = 36, r->size = 6291456, r->offset = 112327655424
19:40:35 ERROR /home/bsc03/bsc03353/forge/src/dispatcher/posix.c:62 139766629304064: single write -1 of expected 6291456
19:40:39 ERROR /home/bsc03/bsc03353/forge/src/dispatcher/posix.c:61 139753744377600: r->filehandle = 36, r->size = 6291456, r->offset = 134366625792
19:40:39 ERROR /home/bsc03/bsc03353/forge/src/dispatcher/posix.c:62 139753744377600: single write -1 of expected 6291456
19:40:40 ERROR /home/bsc03/bsc03353/forge/src/dispatcher/posix.c:61 139973030786816: r->filehandle = 35, r->size = 6291456, r->offset = 17773363200
19:40:40 ERROR /home/bsc03/bsc03353/forge/src/dispatcher/posix.c:62 139973030786816: single write -1 of expected 6291456
19:40:49 ERROR /home/bsc03/bsc03353/forge/src/dispatcher/posix.c:61 139951555909376: r->filehandle = 35, r->size = 6291456, r->offset = 37685821440
19:40:49 ERROR /home/bsc03/bsc03353/forge/src/dispatcher/posix.c:62 139951555909376: single write -1 of expected 6291456
19:40:51 ERROR /home/bsc03/bsc03353/forge/src/dispatcher/posix.c:61 139957998372608: r->filehandle = 35, r->size = 6291456, r->offset = 54741958656
19:40:51 ERROR /home/bsc03/bsc03353/forge/src/dispatcher/posix.c:62 139957998372608: single write -1 of expected 6291456
19:40:53 ERROR /home/bsc03/bsc03353/forge/src/dispatcher/posix.c:61 139975178274560: r->filehandle = 35, r->size = 6291456, r->offset = 9242148864
19:40:53 ERROR /home/bsc03/bsc03353/forge/src/dispatcher/posix.c:62 139975178274560: single write -1 of expected 6291456
19:40:57 ERROR /home/bsc03/bsc03353/forge/src/dispatcher/posix.c:61 139764481816320: r->filehandle = 36, r->size = 6291456, r->offset = 123702607872
19:40:57 ERROR /home/bsc03/bsc03353/forge/src/dispatcher/posix.c:62 139764481816320: single write -1 of expected 6291456
19:40:58 ERROR /home/bsc03/bsc03353/forge/src/dispatcher/posix.c:61 139960145860352: r->filehandle = 35, r->size = 6291456, r->offset = 29859250176
19:40:58 ERROR /home/bsc03/bsc03353/forge/src/dispatcher/posix.c:62 139960145860352: single write -1 of expected 6291456
19:40:58 ERROR /home/bsc03/bsc03353/forge/src/dispatcher/posix.c:61 139775219255040: r->filehandle = 36, r->size = 6291456, r->offset = 104507375616
19:40:58 ERROR /home/bsc03/bsc03353/forge/src/dispatcher/posix.c:62 139775219255040: single write -1 of expected 6291456
19:41:01 ERROR /home/bsc03/bsc03353/forge/src/dispatcher/posix.c:61 139949408421632: r->filehandle = 35, r->size = 6291456, r->offset = 10664017920
19:41:01 ERROR /home/bsc03/bsc03353/forge/src/dispatcher/posix.c:62 139949408421632: single write -1 of expected 6291456
19:41:03 ERROR /home/bsc03/bsc03353/forge/src/dispatcher/posix.c:61 139762334328576: r->filehandle = 36, r->size = 6291456, r->offset = 113038589952
19:41:03 ERROR /home/bsc03/bsc03353/forge/src/dispatcher/posix.c:62 139762334328576: single write -1 of expected 6291456
19:41:10 ERROR /home/bsc03/bsc03353/forge/src/dispatcher/posix.c:61 139977325762304: r->filehandle = 35, r->size = 6291456, r->offset = 63273172992
19:41:10 ERROR /home/bsc03/bsc03353/forge/src/dispatcher/posix.c:62 139977325762304: single write -1 of expected 6291456
19:41:11 ERROR /home/bsc03/bsc03353/forge/src/dispatcher/posix.c:61 139753744377600: r->filehandle = 36, r->size = 6291456, r->offset = 105929244672
19:41:11 ERROR /home/bsc03/bsc03353/forge/src/dispatcher/posix.c:62 139753744377600: single write -1 of expected 6291456
19:41:11 ERROR /home/bsc03/bsc03353/forge/src/dispatcher/posix.c:61 139968735811328: r->filehandle = 35, r->size = 6291456, r->offset = 56874762240
19:41:11 ERROR /home/bsc03/bsc03353/forge/src/dispatcher/posix.c:62 139968735811328: single write -1 of expected 6291456
19:41:12 ERROR /home/bsc03/bsc03353/forge/src/dispatcher/posix.c:61 139751596889856: r->filehandle = 36, r->size = 6291456, r->offset = 73937190912
19:41:12 ERROR /home/bsc03/bsc03353/forge/src/dispatcher/posix.c:62 139751596889856: single write -1 of expected 6291456
19:41:14 ERROR /home/bsc03/bsc03353/forge/src/dispatcher/posix.c:61 139981620737792: r->filehandle = 35, r->size = 6291456, r->offset = 4265607168
19:41:14 ERROR /home/bsc03/bsc03353/forge/src/dispatcher/posix.c:62 139981620737792: single write -1 of expected 6291456
19:41:23 ERROR /home/bsc03/bsc03353/forge/src/dispatcher/posix.c:61 139758039353088: r->filehandle = 36, r->size = 6291456, r->offset = 73232547840
19:41:23 ERROR /home/bsc03/bsc03353/forge/src/dispatcher/posix.c:62 139758039353088: single write -1 of expected 6291456
19:41:25 ERROR /home/bsc03/bsc03353/forge/src/dispatcher/posix.c:61 139970883299072: r->filehandle = 35, r->size = 6291456, r->offset = 9953083392
19:41:25 ERROR /home/bsc03/bsc03353/forge/src/dispatcher/posix.c:62 139970883299072: single write -1 of expected 6291456
19:41:27 ERROR /home/bsc03/bsc03353/forge/src/dispatcher/posix.c:61 139755891865344: r->filehandle = 36, r->size = 6291456, r->offset = 111616720896
19:41:27 ERROR /home/bsc03/bsc03353/forge/src/dispatcher/posix.c:62 139755891865344: single write -1 of expected 6291456
19:41:30 ERROR /home/bsc03/bsc03353/forge/src/dispatcher/posix.c:61 139753744377600: r->filehandle = 36, r->size = 6291456, r->offset = 76069994496
19:41:30 ERROR /home/bsc03/bsc03353/forge/src/dispatcher/posix.c:62 139753744377600: single write -1 of expected 6291456
19:41:35 ERROR /home/bsc03/bsc03353/forge/src/dispatcher/posix.c:61 139775219255040: r->filehandle = 36, r->size = 6291456, r->offset = 92421488640
19:41:35 ERROR /home/bsc03/bsc03353/forge/src/dispatcher/posix.c:62 139775219255040: single write -1 of expected 6291456
19:41:37 ERROR /home/bsc03/bsc03353/forge/src/dispatcher/posix.c:61 139957998372608: r->filehandle = 35, r->size = 6291456, r->offset = 64695042048
19:41:37 ERROR /home/bsc03/bsc03353/forge/src/dispatcher/posix.c:62 139957998372608: single write -1 of expected 6291456
19:41:38 ERROR /home/bsc03/bsc03353/forge/src/dispatcher/posix.c:61 139751596889856: r->filehandle = 36, r->size = 6291456, r->offset = 88155881472
19:41:38 ERROR /home/bsc03/bsc03353/forge/src/dispatcher/posix.c:62 139751596889856: single write -1 of expected 6291456
19:41:40 ERROR /home/bsc03/bsc03353/forge/src/dispatcher/posix.c:61 139968735811328: r->filehandle = 35, r->size = 6291456, r->offset = 19906166784
19:41:40 ERROR /home/bsc03/bsc03353/forge/src/dispatcher/posix.c:62 139968735811328: single write -1 of expected 6291456
19:41:40 ERROR /home/bsc03/bsc03353/forge/src/dispatcher/posix.c:61 139753744377600: r->filehandle = 36, r->size = 6291456, r->offset = 135788494848
19:41:40 ERROR /home/bsc03/bsc03353/forge/src/dispatcher/posix.c:62 139753744377600: single write -1 of expected 6291456
19:41:43 ERROR /home/bsc03/bsc03353/forge/src/dispatcher/posix.c:61 139973030786816: r->filehandle = 35, r->size = 6291456, r->offset = 14218690560
19:41:43 ERROR /home/bsc03/bsc03353/forge/src/dispatcher/posix.c:62 139973030786816: single write -1 of expected 6291456
19:41:44 ERROR /home/bsc03/bsc03353/forge/src/dispatcher/posix.c:61 139975178274560: r->filehandle = 35, r->size = 6291456, r->offset = 26304577536
19:41:44 ERROR /home/bsc03/bsc03353/forge/src/dispatcher/posix.c:62 139975178274560: single write -1 of expected 6291456
19:41:46 ERROR /home/bsc03/bsc03353/forge/src/dispatcher/posix.c:61 139764481816320: r->filehandle = 36, r->size = 6291456, r->offset = 109483917312
19:41:46 ERROR /home/bsc03/bsc03353/forge/src/dispatcher/posix.c:62 139764481816320: single write -1 of expected 6291456
19:41:51 ERROR /home/bsc03/bsc03353/forge/src/dispatcher/posix.c:61 139960145860352: r->filehandle = 35, r->size = 6291456, r->offset = 63984107520
19:41:51 ERROR /home/bsc03/bsc03353/forge/src/dispatcher/posix.c:62 139960145860352: single write -1 of expected 6291456
19:41:53 ERROR /home/bsc03/bsc03353/forge/src/dispatcher/posix.c:61 139760186840832: r->filehandle = 36, r->size = 6291456, r->offset = 78202798080
19:41:53 ERROR /home/bsc03/bsc03353/forge/src/dispatcher/posix.c:62 139760186840832: single write -1 of expected 6291456
19:41:56 ERROR /home/bsc03/bsc03353/forge/src/dispatcher/posix.c:61 139762334328576: r->filehandle = 36, r->size = 6291456, r->offset = 87444946944
19:41:56 ERROR /home/bsc03/bsc03353/forge/src/dispatcher/posix.c:62 139762334328576: single write -1 of expected 6291456
19:42:07 ERROR /home/bsc03/bsc03353/forge/src/dispatcher/posix.c:61 139981620737792: r->filehandle = 35, r->size = 6291456, r->offset = 61140369408
19:42:07 ERROR /home/bsc03/bsc03353/forge/src/dispatcher/posix.c:62 139981620737792: single write -1 of expected 6291456
19:42:07 ERROR /home/bsc03/bsc03353/forge/src/dispatcher/posix.c:61 139766629304064: r->filehandle = 36, r->size = 6291456, r->offset = 129390084096
19:42:07 ERROR /home/bsc03/bsc03353/forge/src/dispatcher/posix.c:62 139766629304064: single write -1 of expected 6291456
19:42:08 ERROR /home/bsc03/bsc03353/forge/src/dispatcher/posix.c:61 139753744377600: r->filehandle = 36, r->size = 6291456, r->offset = 115171393536
19:42:08 ERROR /home/bsc03/bsc03353/forge/src/dispatcher/posix.c:62 139753744377600: single write -1 of expected 6291456
19:42:10 ERROR /home/bsc03/bsc03353/forge/src/dispatcher/posix.c:61 139957998372608: r->filehandle = 35, r->size = 6291456, r->offset = 60429434880
19:42:10 ERROR /home/bsc03/bsc03353/forge/src/dispatcher/posix.c:62 139957998372608: single write -1 of expected 6291456
19:42:13 ERROR /home/bsc03/bsc03353/forge/src/dispatcher/posix.c:61 139975178274560: r->filehandle = 35, r->size = 6291456, r->offset = 710934528
19:42:13 ERROR /home/bsc03/bsc03353/forge/src/dispatcher/posix.c:62 139975178274560: single write -1 of expected 6291456
19:42:15 ERROR /home/bsc03/bsc03353/forge/src/dispatcher/posix.c:61 139770924279552: r->filehandle = 36, r->size = 6291456, r->offset = 105218310144
19:42:15 ERROR /home/bsc03/bsc03353/forge/src/dispatcher/posix.c:62 139770924279552: single write -1 of expected 6291456
19:42:20 ERROR /home/bsc03/bsc03353/forge/src/dispatcher/posix.c:61 139949408421632: r->filehandle = 35, r->size = 6291456, r->offset = 20617101312
19:42:20 ERROR /home/bsc03/bsc03353/forge/src/dispatcher/posix.c:62 139949408421632: single write -1 of expected 6291456
19:42:22 ERROR /home/bsc03/bsc03353/forge/src/dispatcher/posix.c:61 139970883299072: r->filehandle = 35, r->size = 6291456, r->offset = 44788875264
19:42:22 ERROR /home/bsc03/bsc03353/forge/src/dispatcher/posix.c:62 139970883299072: single write -1 of expected 6291456
19:42:22 ERROR /home/bsc03/bsc03353/forge/src/dispatcher/posix.c:61 139760186840832: r->filehandle = 36, r->size = 6291456, r->offset = 68249714688
19:42:22 ERROR /home/bsc03/bsc03353/forge/src/dispatcher/posix.c:62 139760186840832: single write -1 of expected 6291456
19:42:23 ERROR /home/bsc03/bsc03353/forge/src/dispatcher/posix.c:61 139981620737792: r->filehandle = 35, r->size = 6291456, r->offset = 61851303936
19:42:23 ERROR /home/bsc03/bsc03353/forge/src/dispatcher/posix.c:62 139981620737792: single write -1 of expected 6291456
19:42:34 ERROR /home/bsc03/bsc03353/forge/src/dispatcher/posix.c:61 139755891865344: r->filehandle = 36, r->size = 6291456, r->offset = 103085506560
19:42:34 ERROR /home/bsc03/bsc03353/forge/src/dispatcher/posix.c:62 139755891865344: single write -1 of expected 6291456
19:42:38 ERROR /home/bsc03/bsc03353/forge/src/dispatcher/posix.c:61 139957998372608: r->filehandle = 35, r->size = 6291456, r->offset = 13507756032
19:42:38 ERROR /home/bsc03/bsc03353/forge/src/dispatcher/posix.c:62 139957998372608: single write -1 of expected 6291456
19:42:41 ERROR /home/bsc03/bsc03353/forge/src/dispatcher/posix.c:61 139753744377600: r->filehandle = 36, r->size = 6291456, r->offset = 88866816000
19:42:41 ERROR /home/bsc03/bsc03353/forge/src/dispatcher/posix.c:62 139753744377600: single write -1 of expected 6291456
19:42:42 ERROR /home/bsc03/bsc03353/forge/src/dispatcher/posix.c:61 139973030786816: r->filehandle = 35, r->size = 6291456, r->offset = 29148315648
19:42:42 ERROR /home/bsc03/bsc03353/forge/src/dispatcher/posix.c:62 139973030786816: single write -1 of expected 6291456
19:42:43 ERROR /home/bsc03/bsc03353/forge/src/dispatcher/posix.c:61 139960145860352: r->filehandle = 35, r->size = 6291456, r->offset = 41234202624
19:42:43 ERROR /home/bsc03/bsc03353/forge/src/dispatcher/posix.c:62 139960145860352: single write -1 of expected 6291456
19:42:45 ERROR /home/bsc03/bsc03353/forge/src/dispatcher/posix.c:61 139766629304064: r->filehandle = 36, r->size = 6291456, r->offset = 118015131648
19:42:45 ERROR /home/bsc03/bsc03353/forge/src/dispatcher/posix.c:62 139766629304064: single write -1 of expected 6291456
19:42:46 ERROR /home/bsc03/bsc03353/forge/src/dispatcher/posix.c:61 139949408421632: r->filehandle = 35, r->size = 6291456, r->offset = 43367006208
19:42:46 ERROR /home/bsc03/bsc03353/forge/src/dispatcher/posix.c:62 139949408421632: single write -1 of expected 6291456
19:42:54 ERROR /home/bsc03/bsc03353/forge/src/dispatcher/posix.c:61 139968735811328: r->filehandle = 35, r->size = 6291456, r->offset = 35546726400
19:42:54 ERROR /home/bsc03/bsc03353/forge/src/dispatcher/posix.c:62 139968735811328: single write -1 of expected 6291456
19:42:58 ERROR /home/bsc03/bsc03353/forge/src/dispatcher/posix.c:61 139981620737792: r->filehandle = 35, r->size = 6291456, r->offset = 27015512064
19:42:58 ERROR /home/bsc03/bsc03353/forge/src/dispatcher/posix.c:62 139981620737792: single write -1 of expected 6291456
19:43:00 ERROR /home/bsc03/bsc03353/forge/src/dispatcher/posix.c:61 139973030786816: r->filehandle = 35, r->size = 6291456, r->offset = 36968595456
19:43:00 ERROR /home/bsc03/bsc03353/forge/src/dispatcher/posix.c:62 139973030786816: single write -1 of expected 6291456
19:43:01 ERROR /home/bsc03/bsc03353/forge/src/dispatcher/posix.c:61 139760186840832: r->filehandle = 36, r->size = 6291456, r->offset = 125124476928
19:43:01 ERROR /home/bsc03/bsc03353/forge/src/dispatcher/posix.c:62 139760186840832: single write -1 of expected 6291456
19:43:04 ERROR /home/bsc03/bsc03353/forge/src/dispatcher/posix.c:61 139981620737792: r->filehandle = 35, r->size = 6291456, r->offset = 4976541696
19:43:04 ERROR /home/bsc03/bsc03353/forge/src/dispatcher/posix.c:62 139981620737792: single write -1 of expected 6291456
19:43:05 ERROR /home/bsc03/bsc03353/forge/src/dispatcher/posix.c:61 139970883299072: r->filehandle = 35, r->size = 6291456, r->offset = 44077940736
19:43:05 ERROR /home/bsc03/bsc03353/forge/src/dispatcher/posix.c:62 139970883299072: single write -1 of expected 6291456
19:43:18 ERROR /home/bsc03/bsc03353/forge/src/dispatcher/posix.c:61 139968735811328: r->filehandle = 35, r->size = 6291456, r->offset = 28437381120
19:43:18 ERROR /home/bsc03/bsc03353/forge/src/dispatcher/posix.c:62 139968735811328: single write -1 of expected 6291456
19:43:22 ERROR /home/bsc03/bsc03353/forge/src/dispatcher/posix.c:61 139960145860352: r->filehandle = 35, r->size = 6291456, r->offset = 33413922816
19:43:22 ERROR /home/bsc03/bsc03353/forge/src/dispatcher/posix.c:62 139960145860352: single write -1 of expected 6291456
19:43:24 ERROR /home/bsc03/bsc03353/forge/src/dispatcher/posix.c:61 139949408421632: r->filehandle = 35, r->size = 6291456, r->offset = 1421869056
19:43:24 ERROR /home/bsc03/bsc03353/forge/src/dispatcher/posix.c:62 139949408421632: single write -1 of expected 6291456
19:43:25 ERROR /home/bsc03/bsc03353/forge/src/dispatcher/posix.c:61 139957998372608: r->filehandle = 35, r->size = 6291456, r->offset = 59007565824
19:43:25 ERROR /home/bsc03/bsc03353/forge/src/dispatcher/posix.c:62 139957998372608: single write -1 of expected 6291456
19:43:27 ERROR /home/bsc03/bsc03353/forge/src/dispatcher/posix.c:61 139762334328576: r->filehandle = 36, r->size = 6291456, r->offset = 103796441088
19:43:27 ERROR /home/bsc03/bsc03353/forge/src/dispatcher/posix.c:62 139762334328576: single write -1 of expected 6291456
19:43:27 ERROR /home/bsc03/bsc03353/forge/src/dispatcher/posix.c:61 139764481816320: r->filehandle = 36, r->size = 6291456, r->offset = 75359059968
19:43:27 ERROR /home/bsc03/bsc03353/forge/src/dispatcher/posix.c:62 139764481816320: single write -1 of expected 6291456
19:43:29 ERROR /home/bsc03/bsc03353/forge/src/dispatcher/posix.c:61 139975178274560: r->filehandle = 35, r->size = 6291456, r->offset = 49054482432
19:43:29 ERROR /home/bsc03/bsc03353/forge/src/dispatcher/posix.c:62 139975178274560: single write -1 of expected 6291456
slurmstepd: error: *** JOB 8737365 ON s03r1b32 CANCELLED AT 2020-02-07T19:43:30 DUE TO TIME LIMIT ***
--------------------------------------------------------------------------
ORTE has lost communication with a remote daemon.

  HNP daemon   : [[36679,0],0] on node s03r1b32
  Remote daemon: [[36679,0],9] on node s12r2b57

This is usually due to either a failure of the TCP network
connection to the node, or possibly an internal failure of
the daemon itself. We cannot recover from this failure, and
therefore will terminate the job.
--------------------------------------------------------------------------
