Set GCC compilers as MPI wrappers backend 
remove impi/2017.4 (PATH, MANPATH, LD_LIBRARY_PATH) 
load openmpi/4.0.2_UCX (PATH, MANPATH, LD_LIBRARY_PATH) 
Set GCC compilers as MPI wrappers backend 
load gsl/2.4 (PATH, LD_LIBRARY_PATH, LIBRARY_PATH, MANPATH, INFOPATH,
C_INCLUDE_PATH, CPLUS_INCLUDE_PATH, PKG_CONFIG_PATH, GSL_DIR) 
15:49:27 INFO  /home/bsc03/bsc03353/forge/src/main.c:107 140076870522944: I/O Forwarding Exploration [START]
Will AGIOS generate trace files? NO
Default scheduling algorithm: TO
TWINS window size: 1000000
Will the Prediction Module read information from trace files? NO
File with access time functions: /home/bsc03/bsc03353/forge/agios/access_times.func
AGIOS thinks its user has stripe size of 32768
Will AGIOS generate trace files? NO
Default scheduling algorithm: TO
TWINS window size: 1000000
Will the Prediction Module read information from trace files? NO
File with access time functions: /home/bsc03/bsc03353/forge/agios/access_times.func
AGIOS thinks its user has stripe size of 32768
15:49:38 ERROR /home/bsc03/bsc03353/forge/src/dispatcher/posix.c:61 140063302862592: r->filehandle = 35, r->size = 4194304, r->offset = 20677918720
15:49:38 ERROR /home/bsc03/bsc03353/forge/src/dispatcher/posix.c:62 140063302862592: single write -1 of expected 4194304
15:49:40 ERROR /home/bsc03/bsc03353/forge/src/dispatcher/posix.c:61 140054712911616: r->filehandle = 35, r->size = 4194304, r->offset = 45634027520
15:49:40 ERROR /home/bsc03/bsc03353/forge/src/dispatcher/posix.c:62 140054712911616: single write -1 of expected 4194304
15:50:02 ERROR /home/bsc03/bsc03353/forge/src/dispatcher/posix.c:61 140041827985152: r->filehandle = 35, r->size = 4194304, r->offset = 4278190080
15:50:02 ERROR /home/bsc03/bsc03353/forge/src/dispatcher/posix.c:62 140041827985152: single write -1 of expected 4194304
15:50:05 ERROR /home/bsc03/bsc03353/forge/src/dispatcher/posix.c:61 140043975472896: r->filehandle = 35, r->size = 4194304, r->offset = 67024977920
15:50:05 ERROR /home/bsc03/bsc03353/forge/src/dispatcher/posix.c:62 140043975472896: single write -1 of expected 4194304
15:50:08 ERROR /home/bsc03/bsc03353/forge/src/dispatcher/posix.c:61 140052565423872: r->filehandle = 35, r->size = 4194304, r->offset = 17825792000
15:50:08 ERROR /home/bsc03/bsc03353/forge/src/dispatcher/posix.c:62 140052565423872: single write -1 of expected 4194304
15:50:23 ERROR /home/bsc03/bsc03353/forge/src/dispatcher/posix.c:61 140056860399360: r->filehandle = 35, r->size = 4194304, r->offset = 58468597760
15:50:23 ERROR /home/bsc03/bsc03353/forge/src/dispatcher/posix.c:62 140056860399360: single write -1 of expected 4194304
15:50:37 ERROR /home/bsc03/bsc03353/forge/src/dispatcher/posix.c:61 140061155374848: r->filehandle = 35, r->size = 4194304, r->offset = 25669140480
15:50:37 ERROR /home/bsc03/bsc03353/forge/src/dispatcher/posix.c:62 140061155374848: single write -1 of expected 4194304
15:50:50 ERROR /home/bsc03/bsc03353/forge/src/dispatcher/posix.c:61 140039680497408: r->filehandle = 35, r->size = 4194304, r->offset = 50625249280
15:50:50 ERROR /home/bsc03/bsc03353/forge/src/dispatcher/posix.c:62 140039680497408: single write -1 of expected 4194304
15:50:54 ERROR /home/bsc03/bsc03353/forge/src/dispatcher/posix.c:61 140059007887104: r->filehandle = 35, r->size = 4194304, r->offset = 26382172160
15:50:54 ERROR /home/bsc03/bsc03353/forge/src/dispatcher/posix.c:62 140059007887104: single write -1 of expected 4194304
15:50:58 ERROR /home/bsc03/bsc03353/forge/src/dispatcher/posix.c:61 140043975472896: r->filehandle = 35, r->size = 4194304, r->offset = 38503710720
15:50:58 ERROR /home/bsc03/bsc03353/forge/src/dispatcher/posix.c:62 140043975472896: single write -1 of expected 4194304
15:51:01 ERROR /home/bsc03/bsc03353/forge/src/dispatcher/posix.c:61 140300740171520: r->filehandle = 36, r->size = 4194304, r->offset = 114798100480
15:51:01 ERROR /home/bsc03/bsc03353/forge/src/dispatcher/posix.c:62 140300740171520: single write -1 of expected 4194304
15:51:03 ERROR /home/bsc03/bsc03353/forge/src/dispatcher/posix.c:61 140069745325824: r->filehandle = 35, r->size = 4194304, r->offset = 32799457280
15:51:03 ERROR /home/bsc03/bsc03353/forge/src/dispatcher/posix.c:62 140069745325824: single write -1 of expected 4194304
15:51:08 ERROR /home/bsc03/bsc03353/forge/src/dispatcher/posix.c:61 140037533009664: r->filehandle = 35, r->size = 4194304, r->offset = 42068869120
15:51:08 ERROR /home/bsc03/bsc03353/forge/src/dispatcher/posix.c:62 140037533009664: single write -1 of expected 4194304
15:51:12 ERROR /home/bsc03/bsc03353/forge/src/dispatcher/posix.c:61 140052565423872: r->filehandle = 35, r->size = 4194304, r->offset = 54903439360
15:51:12 ERROR /home/bsc03/bsc03353/forge/src/dispatcher/posix.c:62 140052565423872: single write -1 of expected 4194304
15:51:15 ERROR /home/bsc03/bsc03353/forge/src/dispatcher/posix.c:61 140292150220544: r->filehandle = 36, r->size = 4194304, r->offset = 135476019200
15:51:15 ERROR /home/bsc03/bsc03353/forge/src/dispatcher/posix.c:62 140292150220544: single write -1 of expected 4194304
15:51:15 ERROR /home/bsc03/bsc03353/forge/src/dispatcher/posix.c:61 140065450350336: r->filehandle = 35, r->size = 4194304, r->offset = 40642805760
15:51:15 ERROR /home/bsc03/bsc03353/forge/src/dispatcher/posix.c:62 140065450350336: single write -1 of expected 4194304
15:51:20 ERROR /home/bsc03/bsc03353/forge/src/dispatcher/posix.c:61 140056860399360: r->filehandle = 35, r->size = 4194304, r->offset = 64885882880
15:51:20 ERROR /home/bsc03/bsc03353/forge/src/dispatcher/posix.c:62 140056860399360: single write -1 of expected 4194304
15:51:28 ERROR /home/bsc03/bsc03353/forge/src/dispatcher/posix.c:61 140046122960640: r->filehandle = 35, r->size = 4194304, r->offset = 66311946240
15:51:28 ERROR /home/bsc03/bsc03353/forge/src/dispatcher/posix.c:62 140046122960640: single write -1 of expected 4194304
15:51:39 ERROR /home/bsc03/bsc03353/forge/src/dispatcher/posix.c:61 140054712911616: r->filehandle = 35, r->size = 4194304, r->offset = 51338280960
15:51:39 ERROR /home/bsc03/bsc03353/forge/src/dispatcher/posix.c:62 140054712911616: single write -1 of expected 4194304
15:51:41 ERROR /home/bsc03/bsc03353/forge/src/dispatcher/posix.c:61 140050417936128: r->filehandle = 35, r->size = 4194304, r->offset = 36364615680
15:51:41 ERROR /home/bsc03/bsc03353/forge/src/dispatcher/posix.c:62 140050417936128: single write -1 of expected 4194304
15:51:47 ERROR /home/bsc03/bsc03353/forge/src/dispatcher/posix.c:61 140059007887104: r->filehandle = 35, r->size = 4194304, r->offset = 53477376000
15:51:47 ERROR /home/bsc03/bsc03353/forge/src/dispatcher/posix.c:62 140059007887104: single write -1 of expected 4194304
15:51:56 ERROR /home/bsc03/bsc03353/forge/src/dispatcher/posix.c:61 140317920073472: r->filehandle = 36, r->size = 4194304, r->offset = 89128960000
15:51:56 ERROR /home/bsc03/bsc03353/forge/src/dispatcher/posix.c:62 140317920073472: single write -1 of expected 4194304
15:52:05 ERROR /home/bsc03/bsc03353/forge/src/dispatcher/posix.c:61 140305035147008: r->filehandle = 36, r->size = 4194304, r->offset = 126919639040
15:52:05 ERROR /home/bsc03/bsc03353/forge/src/dispatcher/posix.c:62 140305035147008: single write -1 of expected 4194304
15:52:10 ERROR /home/bsc03/bsc03353/forge/src/dispatcher/posix.c:61 140067597838080: r->filehandle = 35, r->size = 4194304, r->offset = 34225520640
15:52:10 ERROR /home/bsc03/bsc03353/forge/src/dispatcher/posix.c:62 140067597838080: single write -1 of expected 4194304
15:52:13 ERROR /home/bsc03/bsc03353/forge/src/dispatcher/posix.c:61 140061155374848: r->filehandle = 35, r->size = 4194304, r->offset = 57755566080
15:52:13 ERROR /home/bsc03/bsc03353/forge/src/dispatcher/posix.c:62 140061155374848: single write -1 of expected 4194304
15:52:15 ERROR /home/bsc03/bsc03353/forge/src/dispatcher/posix.c:61 140296445196032: r->filehandle = 36, r->size = 4194304, r->offset = 69877104640
15:52:15 ERROR /home/bsc03/bsc03353/forge/src/dispatcher/posix.c:62 140296445196032: single write -1 of expected 4194304
15:52:17 ERROR /home/bsc03/bsc03353/forge/src/dispatcher/posix.c:61 140294297708288: r->filehandle = 36, r->size = 4194304, r->offset = 134049955840
15:52:17 ERROR /home/bsc03/bsc03353/forge/src/dispatcher/posix.c:62 140294297708288: single write -1 of expected 4194304
15:52:18 ERROR /home/bsc03/bsc03353/forge/src/dispatcher/posix.c:61 140063302862592: r->filehandle = 35, r->size = 4194304, r->offset = 19251855360
15:52:18 ERROR /home/bsc03/bsc03353/forge/src/dispatcher/posix.c:62 140063302862592: single write -1 of expected 4194304
15:52:23 ERROR /home/bsc03/bsc03353/forge/src/dispatcher/posix.c:61 140037533009664: r->filehandle = 35, r->size = 4194304, r->offset = 32086425600
15:52:23 ERROR /home/bsc03/bsc03353/forge/src/dispatcher/posix.c:62 140037533009664: single write -1 of expected 4194304
15:52:25 ERROR /home/bsc03/bsc03353/forge/src/dispatcher/posix.c:61 140043975472896: r->filehandle = 35, r->size = 4194304, r->offset = 37790679040
15:52:25 ERROR /home/bsc03/bsc03353/forge/src/dispatcher/posix.c:62 140043975472896: single write -1 of expected 4194304
15:52:29 ERROR /home/bsc03/bsc03353/forge/src/dispatcher/posix.c:61 140069745325824: r->filehandle = 35, r->size = 4194304, r->offset = 41355837440
15:52:29 ERROR /home/bsc03/bsc03353/forge/src/dispatcher/posix.c:62 140069745325824: single write -1 of expected 4194304
15:52:38 ERROR /home/bsc03/bsc03353/forge/src/dispatcher/posix.c:61 140307182634752: r->filehandle = 36, r->size = 4194304, r->offset = 99824435200
15:52:38 ERROR /home/bsc03/bsc03353/forge/src/dispatcher/posix.c:62 140307182634752: single write -1 of expected 4194304
15:52:40 ERROR /home/bsc03/bsc03353/forge/src/dispatcher/posix.c:61 140056860399360: r->filehandle = 35, r->size = 4194304, r->offset = 30660362240
15:52:40 ERROR /home/bsc03/bsc03353/forge/src/dispatcher/posix.c:62 140056860399360: single write -1 of expected 4194304
15:52:57 ERROR /home/bsc03/bsc03353/forge/src/dispatcher/posix.c:61 140305035147008: r->filehandle = 36, r->size = 4194304, r->offset = 129771765760
15:52:57 ERROR /home/bsc03/bsc03353/forge/src/dispatcher/posix.c:62 140305035147008: single write -1 of expected 4194304
15:52:59 ERROR /home/bsc03/bsc03353/forge/src/dispatcher/posix.c:61 140311477610240: r->filehandle = 36, r->size = 4194304, r->offset = 105528688640
15:52:59 ERROR /home/bsc03/bsc03353/forge/src/dispatcher/posix.c:62 140311477610240: single write -1 of expected 4194304
15:53:00 ERROR /home/bsc03/bsc03353/forge/src/dispatcher/posix.c:61 140298592683776: r->filehandle = 36, r->size = 4194304, r->offset = 94120181760
15:53:00 ERROR /home/bsc03/bsc03353/forge/src/dispatcher/posix.c:62 140298592683776: single write -1 of expected 4194304
15:53:04 ERROR /home/bsc03/bsc03353/forge/src/dispatcher/posix.c:61 140315772585728: r->filehandle = 36, r->size = 4194304, r->offset = 91981086720
15:53:04 ERROR /home/bsc03/bsc03353/forge/src/dispatcher/posix.c:62 140315772585728: single write -1 of expected 4194304
15:53:04 ERROR /home/bsc03/bsc03353/forge/src/dispatcher/posix.c:61 140048270448384: r->filehandle = 35, r->size = 4194304, r->offset = 61320724480
15:53:04 ERROR /home/bsc03/bsc03353/forge/src/dispatcher/posix.c:62 140048270448384: single write -1 of expected 4194304
15:53:05 ERROR /home/bsc03/bsc03353/forge/src/dispatcher/posix.c:61 140294297708288: r->filehandle = 36, r->size = 4194304, r->offset = 132623892480
15:53:05 ERROR /home/bsc03/bsc03353/forge/src/dispatcher/posix.c:62 140294297708288: single write -1 of expected 4194304
15:53:06 ERROR /home/bsc03/bsc03353/forge/src/dispatcher/posix.c:61 140311477610240: r->filehandle = 36, r->size = 4194304, r->offset = 117650227200
15:53:06 ERROR /home/bsc03/bsc03353/forge/src/dispatcher/posix.c:62 140311477610240: single write -1 of expected 4194304
15:53:07 ERROR /home/bsc03/bsc03353/forge/src/dispatcher/posix.c:61 140043975472896: r->filehandle = 35, r->size = 4194304, r->offset = 62746787840
15:53:07 ERROR /home/bsc03/bsc03353/forge/src/dispatcher/posix.c:62 140043975472896: single write -1 of expected 4194304
15:53:07 ERROR /home/bsc03/bsc03353/forge/src/dispatcher/posix.c:61 140290002732800: r->filehandle = 36, r->size = 4194304, r->offset = 106954752000
15:53:07 ERROR /home/bsc03/bsc03353/forge/src/dispatcher/posix.c:62 140290002732800: single write -1 of expected 4194304
15:53:11 ERROR /home/bsc03/bsc03353/forge/src/dispatcher/posix.c:61 140305035147008: r->filehandle = 36, r->size = 4194304, r->offset = 128345702400
15:53:11 ERROR /home/bsc03/bsc03353/forge/src/dispatcher/posix.c:62 140305035147008: single write -1 of expected 4194304
15:53:18 ERROR /home/bsc03/bsc03353/forge/src/dispatcher/posix.c:61 140292150220544: r->filehandle = 36, r->size = 4194304, r->offset = 111945973760
15:53:18 ERROR /home/bsc03/bsc03353/forge/src/dispatcher/posix.c:62 140292150220544: single write -1 of expected 4194304
15:53:21 ERROR /home/bsc03/bsc03353/forge/src/dispatcher/posix.c:61 140054712911616: r->filehandle = 35, r->size = 4194304, r->offset = 43494932480
15:53:21 ERROR /home/bsc03/bsc03353/forge/src/dispatcher/posix.c:62 140054712911616: single write -1 of expected 4194304
15:53:24 ERROR /home/bsc03/bsc03353/forge/src/dispatcher/posix.c:61 140300740171520: r->filehandle = 36, r->size = 4194304, r->offset = 106241720320
15:53:24 ERROR /home/bsc03/bsc03353/forge/src/dispatcher/posix.c:62 140300740171520: single write -1 of expected 4194304
15:53:26 ERROR /home/bsc03/bsc03353/forge/src/dispatcher/posix.c:61 140046122960640: r->filehandle = 35, r->size = 4194304, r->offset = 42781900800
15:53:26 ERROR /home/bsc03/bsc03353/forge/src/dispatcher/posix.c:62 140046122960640: single write -1 of expected 4194304
15:53:27 ERROR /home/bsc03/bsc03353/forge/src/dispatcher/posix.c:61 140050417936128: r->filehandle = 35, r->size = 4194304, r->offset = 35651584000
15:53:27 ERROR /home/bsc03/bsc03353/forge/src/dispatcher/posix.c:62 140050417936128: single write -1 of expected 4194304
15:53:28 ERROR /home/bsc03/bsc03353/forge/src/dispatcher/posix.c:61 140311477610240: r->filehandle = 36, r->size = 4194304, r->offset = 104102625280
15:53:28 ERROR /home/bsc03/bsc03353/forge/src/dispatcher/posix.c:62 140311477610240: single write -1 of expected 4194304
15:53:31 ERROR /home/bsc03/bsc03353/forge/src/dispatcher/posix.c:61 140292150220544: r->filehandle = 36, r->size = 4194304, r->offset = 131910860800
15:53:31 ERROR /home/bsc03/bsc03353/forge/src/dispatcher/posix.c:62 140292150220544: single write -1 of expected 4194304
15:53:42 ERROR /home/bsc03/bsc03353/forge/src/dispatcher/posix.c:61 140059007887104: r->filehandle = 35, r->size = 4194304, r->offset = 12121538560
15:53:42 ERROR /home/bsc03/bsc03353/forge/src/dispatcher/posix.c:62 140059007887104: single write -1 of expected 4194304
15:53:46 ERROR /home/bsc03/bsc03353/forge/src/dispatcher/posix.c:61 140307182634752: r->filehandle = 36, r->size = 4194304, r->offset = 91268055040
15:53:46 ERROR /home/bsc03/bsc03353/forge/src/dispatcher/posix.c:62 140307182634752: single write -1 of expected 4194304
15:53:48 ERROR /home/bsc03/bsc03353/forge/src/dispatcher/posix.c:61 140039680497408: r->filehandle = 35, r->size = 4194304, r->offset = 10695475200
15:53:48 ERROR /home/bsc03/bsc03353/forge/src/dispatcher/posix.c:62 140039680497408: single write -1 of expected 4194304
15:53:49 ERROR /home/bsc03/bsc03353/forge/src/dispatcher/posix.c:61 140065450350336: r->filehandle = 35, r->size = 4194304, r->offset = 34938552320
15:53:49 ERROR /home/bsc03/bsc03353/forge/src/dispatcher/posix.c:62 140065450350336: single write -1 of expected 4194304
15:53:56 ERROR /home/bsc03/bsc03353/forge/src/dispatcher/posix.c:61 140041827985152: r->filehandle = 35, r->size = 4194304, r->offset = 713031680
15:53:56 ERROR /home/bsc03/bsc03353/forge/src/dispatcher/posix.c:62 140041827985152: single write -1 of expected 4194304
15:54:16 ERROR /home/bsc03/bsc03353/forge/src/dispatcher/posix.c:61 140315772585728: r->filehandle = 36, r->size = 4194304, r->offset = 118363258880
15:54:16 ERROR /home/bsc03/bsc03353/forge/src/dispatcher/posix.c:62 140315772585728: single write -1 of expected 4194304
slurmstepd: error: *** JOB 8737214 ON s19r2b49 CANCELLED AT 2020-02-07T15:54:18 DUE TO TIME LIMIT ***
--------------------------------------------------------------------------
ORTE has lost communication with a remote daemon.

  HNP daemon   : [[19447,0],0] on node s19r2b49
  Remote daemon: [[19447,0],2] on node s19r2b51

This is usually due to either a failure of the TCP network
connection to the node, or possibly an internal failure of
the daemon itself. We cannot recover from this failure, and
therefore will terminate the job.
--------------------------------------------------------------------------
slurmstepd: error: proctrack_p_wait: Unable to destroy container 305774 in cgroup plugin, giving up after 128 sec
