Set GCC compilers as MPI wrappers backend 
remove impi/2017.4 (PATH, MANPATH, LD_LIBRARY_PATH) 
load openmpi/4.0.2_UCX (PATH, MANPATH, LD_LIBRARY_PATH) 
Set GCC compilers as MPI wrappers backend 
load gsl/2.4 (PATH, LD_LIBRARY_PATH, LIBRARY_PATH, MANPATH, INFOPATH,
C_INCLUDE_PATH, CPLUS_INCLUDE_PATH, PKG_CONFIG_PATH, GSL_DIR) 
19:14:25 INFO  /home/bsc03/bsc03353/forge/src/main.c:107 139620995561536: I/O Forwarding Exploration [START]
Will AGIOS generate trace files? NO
Default scheduling algorithm: TO
TWINS window size: 1000000
Will the Prediction Module read information from trace files? NO
File with access time functions: /home/bsc03/bsc03353/forge/agios/access_times.func
AGIOS thinks its user has stripe size of 32768
Will AGIOS generate trace files? NO
Default scheduling algorithm: TO
TWINS window size: 1000000
Will the Prediction Module read information from trace files? NO
File with access time functions: /home/bsc03/bsc03353/forge/agios/access_times.func
AGIOS thinks its user has stripe size of 32768
Will AGIOS generate trace files? NO
Default scheduling algorithm: TO
TWINS window size: 1000000
Will the Prediction Module read information from trace files? NO
File with access time functions: /home/bsc03/bsc03353/forge/agios/access_times.func
AGIOS thinks its user has stripe size of 32768
Will AGIOS generate trace files? NO
Default scheduling algorithm: TO
TWINS window size: 1000000
Will the Prediction Module read information from trace files? NO
File with access time functions: /home/bsc03/bsc03353/forge/agios/access_times.func
AGIOS thinks its user has stripe size of 32768
19:14:29 ERROR /home/bsc03/bsc03353/forge/src/dispatcher/posix.c:61 140078041011968: r->filehandle = 36, r->size = 4194304, r->offset = 4693426176
19:14:29 ERROR /home/bsc03/bsc03353/forge/src/dispatcher/posix.c:62 140078041011968: single write -1 of expected 4194304
19:14:29 ERROR /home/bsc03/bsc03353/forge/src/dispatcher/posix.c:61 140006993716992: r->filehandle = 36, r->size = 4194304, r->offset = 2126512128
19:14:29 ERROR /home/bsc03/bsc03353/forge/src/dispatcher/posix.c:62 140006993716992: single write -1 of expected 4194304
19:14:31 ERROR /home/bsc03/bsc03353/forge/src/dispatcher/posix.c:61 140362281842432: r->filehandle = 36, r->size = 4194304, r->offset = 5276434432
19:14:31 ERROR /home/bsc03/bsc03353/forge/src/dispatcher/posix.c:62 140362281842432: single write -1 of expected 4194304
19:14:33 ERROR /home/bsc03/bsc03353/forge/src/dispatcher/posix.c:61 140390199183104: r->filehandle = 36, r->size = 4194304, r->offset = 5268045824
19:14:33 ERROR /home/bsc03/bsc03353/forge/src/dispatcher/posix.c:62 140390199183104: single write -1 of expected 4194304
19:14:33 ERROR /home/bsc03/bsc03353/forge/src/dispatcher/posix.c:61 140084483475200: r->filehandle = 36, r->size = 4194304, r->offset = 4559208448
19:14:33 ERROR /home/bsc03/bsc03353/forge/src/dispatcher/posix.c:62 140084483475200: single write -1 of expected 4194304
19:14:34 ERROR /home/bsc03/bsc03353/forge/src/dispatcher/posix.c:61 140002698741504: r->filehandle = 36, r->size = 4194304, r->offset = 2113929216
19:14:34 ERROR /home/bsc03/bsc03353/forge/src/dispatcher/posix.c:62 140002698741504: single write -1 of expected 4194304
19:14:34 ERROR /home/bsc03/bsc03353/forge/src/dispatcher/posix.c:61 139611762558720: r->filehandle = 35, r->size = 4194304, r->offset = 947912704
19:14:34 ERROR /home/bsc03/bsc03353/forge/src/dispatcher/posix.c:62 139611762558720: single write -1 of expected 4194304
19:14:36 ERROR /home/bsc03/bsc03353/forge/src/dispatcher/posix.c:61 139598877632256: r->filehandle = 35, r->size = 4194304, r->offset = 939524096
19:14:36 ERROR /home/bsc03/bsc03353/forge/src/dispatcher/posix.c:62 139598877632256: single write -1 of expected 4194304
19:14:36 ERROR /home/bsc03/bsc03353/forge/src/dispatcher/posix.c:61 140370871793408: r->filehandle = 36, r->size = 4194304, r->offset = 5221908480
19:14:36 ERROR /home/bsc03/bsc03353/forge/src/dispatcher/posix.c:62 140370871793408: single write -1 of expected 4194304
19:14:37 ERROR /home/bsc03/bsc03353/forge/src/dispatcher/posix.c:61 140015583667968: r->filehandle = 36, r->size = 4194304, r->offset = 2051014656
19:14:37 ERROR /home/bsc03/bsc03353/forge/src/dispatcher/posix.c:62 140015583667968: single write -1 of expected 4194304
19:14:37 ERROR /home/bsc03/bsc03353/forge/src/dispatcher/posix.c:61 140011288692480: r->filehandle = 36, r->size = 4194304, r->offset = 1992294400
19:14:37 ERROR /home/bsc03/bsc03353/forge/src/dispatcher/posix.c:62 140011288692480: single write -1 of expected 4194304
19:14:37 ERROR /home/bsc03/bsc03353/forge/src/dispatcher/posix.c:61 140381609232128: r->filehandle = 36, r->size = 4194304, r->offset = 5125439488
19:14:37 ERROR /home/bsc03/bsc03353/forge/src/dispatcher/posix.c:62 140381609232128: single write -1 of expected 4194304
19:14:38 ERROR /home/bsc03/bsc03353/forge/src/dispatcher/posix.c:61 139592435169024: r->filehandle = 35, r->size = 4194304, r->offset = 981467136
19:14:38 ERROR /home/bsc03/bsc03353/forge/src/dispatcher/posix.c:62 139592435169024: single write -1 of expected 4194304
19:14:39 ERROR /home/bsc03/bsc03353/forge/src/dispatcher/posix.c:61 140373019281152: r->filehandle = 36, r->size = 4194304, r->offset = 5230297088
19:14:39 ERROR /home/bsc03/bsc03353/forge/src/dispatcher/posix.c:62 140373019281152: single write -1 of expected 4194304
19:14:40 ERROR /home/bsc03/bsc03353/forge/src/dispatcher/posix.c:61 140000551253760: r->filehandle = 36, r->size = 4194304, r->offset = 2046820352
19:14:40 ERROR /home/bsc03/bsc03353/forge/src/dispatcher/posix.c:62 140000551253760: single write -1 of expected 4194304
19:14:41 ERROR /home/bsc03/bsc03353/forge/src/dispatcher/posix.c:61 139607467583232: r->filehandle = 35, r->size = 4194304, r->offset = 973078528
19:14:41 ERROR /home/bsc03/bsc03353/forge/src/dispatcher/posix.c:62 139607467583232: single write -1 of expected 4194304
19:14:42 ERROR /home/bsc03/bsc03353/forge/src/dispatcher/posix.c:61 139991961302784: r->filehandle = 36, r->size = 4194304, r->offset = 2009071616
19:14:42 ERROR /home/bsc03/bsc03353/forge/src/dispatcher/posix.c:62 139991961302784: single write -1 of expected 4194304
19:14:45 ERROR /home/bsc03/bsc03353/forge/src/dispatcher/posix.c:61 139983371351808: r->filehandle = 36, r->size = 4194304, r->offset = 2063597568
19:14:45 ERROR /home/bsc03/bsc03353/forge/src/dispatcher/posix.c:62 139983371351808: single write -1 of expected 4194304
19:14:47 ERROR /home/bsc03/bsc03353/forge/src/dispatcher/posix.c:61 140009141204736: r->filehandle = 36, r->size = 4194304, r->offset = 2025848832
19:14:47 ERROR /home/bsc03/bsc03353/forge/src/dispatcher/posix.c:62 140009141204736: single write -1 of expected 4194304
19:14:48 ERROR /home/bsc03/bsc03353/forge/src/dispatcher/posix.c:61 140090925938432: r->filehandle = 36, r->size = 4194304, r->offset = 4685037568
19:14:48 ERROR /home/bsc03/bsc03353/forge/src/dispatcher/posix.c:62 140090925938432: single write -1 of expected 4194304
19:14:48 ERROR /home/bsc03/bsc03353/forge/src/dispatcher/posix.c:61 139985518839552: r->filehandle = 36, r->size = 4194304, r->offset = 2143289344
19:14:48 ERROR /home/bsc03/bsc03353/forge/src/dispatcher/posix.c:62 139985518839552: single write -1 of expected 4194304
19:14:48 ERROR /home/bsc03/bsc03353/forge/src/dispatcher/posix.c:61 140379461744384: r->filehandle = 36, r->size = 4194304, r->offset = 5263851520
19:14:48 ERROR /home/bsc03/bsc03353/forge/src/dispatcher/posix.c:62 140379461744384: single write -1 of expected 4194304
19:14:49 ERROR /home/bsc03/bsc03353/forge/src/dispatcher/posix.c:61 139590287681280: r->filehandle = 35, r->size = 4194304, r->offset = 1577058304
19:14:49 ERROR /home/bsc03/bsc03353/forge/src/dispatcher/posix.c:62 139590287681280: single write -1 of expected 4194304
19:14:49 ERROR /home/bsc03/bsc03353/forge/src/dispatcher/posix.c:61 140366576817920: r->filehandle = 36, r->size = 4194304, r->offset = 5259657216
19:14:49 ERROR /home/bsc03/bsc03353/forge/src/dispatcher/posix.c:62 140366576817920: single write -1 of expected 4194304
19:14:51 ERROR /home/bsc03/bsc03353/forge/src/dispatcher/posix.c:61 139601025120000: r->filehandle = 35, r->size = 4194304, r->offset = 931135488
19:14:51 ERROR /home/bsc03/bsc03353/forge/src/dispatcher/posix.c:62 139601025120000: single write -1 of expected 4194304
19:14:52 ERROR /home/bsc03/bsc03353/forge/src/dispatcher/posix.c:61 140394494158592: r->filehandle = 36, r->size = 4194304, r->offset = 5293211648
19:14:52 ERROR /home/bsc03/bsc03353/forge/src/dispatcher/posix.c:62 140394494158592: single write -1 of expected 4194304
19:14:52 ERROR /home/bsc03/bsc03353/forge/src/dispatcher/posix.c:61 140099515889408: r->filehandle = 36, r->size = 4194304, r->offset = 4626317312
19:14:52 ERROR /home/bsc03/bsc03353/forge/src/dispatcher/posix.c:62 140099515889408: single write -1 of expected 4194304
19:14:53 ERROR /home/bsc03/bsc03353/forge/src/dispatcher/posix.c:61 139987666327296: r->filehandle = 36, r->size = 4194304, r->offset = 1979711488
19:14:53 ERROR /home/bsc03/bsc03353/forge/src/dispatcher/posix.c:62 139987666327296: single write -1 of expected 4194304
19:14:53 ERROR /home/bsc03/bsc03353/forge/src/dispatcher/posix.c:61 139989813815040: r->filehandle = 36, r->size = 4194304, r->offset = 3053453312
19:14:53 ERROR /home/bsc03/bsc03353/forge/src/dispatcher/posix.c:62 139989813815040: single write -1 of expected 4194304
19:14:54 ERROR /home/bsc03/bsc03353/forge/src/dispatcher/posix.c:61 140375166768896: r->filehandle = 36, r->size = 4194304, r->offset = 5213519872
19:14:54 ERROR /home/bsc03/bsc03353/forge/src/dispatcher/posix.c:62 140375166768896: single write -1 of expected 4194304
19:14:54 ERROR /home/bsc03/bsc03353/forge/src/dispatcher/posix.c:61 139583845218048: r->filehandle = 35, r->size = 4194304, r->offset = 935329792
19:14:54 ERROR /home/bsc03/bsc03353/forge/src/dispatcher/posix.c:62 139583845218048: single write -1 of expected 4194304
19:14:55 ERROR /home/bsc03/bsc03353/forge/src/dispatcher/posix.c:61 139613910046464: r->filehandle = 35, r->size = 4194304, r->offset = 1442840576
19:14:55 ERROR /home/bsc03/bsc03353/forge/src/dispatcher/posix.c:62 139613910046464: single write -1 of expected 4194304
19:14:57 ERROR /home/bsc03/bsc03353/forge/src/dispatcher/posix.c:61 139585992705792: r->filehandle = 35, r->size = 4194304, r->offset = 998244352
19:14:57 ERROR /home/bsc03/bsc03353/forge/src/dispatcher/posix.c:62 139585992705792: single write -1 of expected 4194304
19:14:58 ERROR /home/bsc03/bsc03353/forge/src/dispatcher/posix.c:61 139609615070976: r->filehandle = 35, r->size = 4194304, r->offset = 989855744
19:14:58 ERROR /home/bsc03/bsc03353/forge/src/dispatcher/posix.c:62 139609615070976: single write -1 of expected 4194304
19:14:58 ERROR /home/bsc03/bsc03353/forge/src/dispatcher/posix.c:61 140110253328128: r->filehandle = 36, r->size = 4194304, r->offset = 4710203392
19:14:58 ERROR /home/bsc03/bsc03353/forge/src/dispatcher/posix.c:62 140110253328128: single write -1 of expected 4194304
19:15:05 ERROR /home/bsc03/bsc03353/forge/src/dispatcher/posix.c:61 140084483475200: r->filehandle = 36, r->size = 4194304, r->offset = 4148166656
19:15:05 ERROR /home/bsc03/bsc03353/forge/src/dispatcher/posix.c:62 140084483475200: single write -1 of expected 4194304
19:15:06 ERROR /home/bsc03/bsc03353/forge/src/dispatcher/posix.c:61 140377314256640: r->filehandle = 36, r->size = 4194304, r->offset = 5108662272
19:15:06 ERROR /home/bsc03/bsc03353/forge/src/dispatcher/posix.c:62 140377314256640: single write -1 of expected 4194304
19:15:06 ERROR /home/bsc03/bsc03353/forge/src/dispatcher/posix.c:61 140383756719872: r->filehandle = 36, r->size = 4194304, r->offset = 5335154688
19:15:06 ERROR /home/bsc03/bsc03353/forge/src/dispatcher/posix.c:62 140383756719872: single write -1 of expected 4194304
19:15:07 ERROR /home/bsc03/bsc03353/forge/src/dispatcher/posix.c:61 140392346670848: r->filehandle = 36, r->size = 4194304, r->offset = 5200936960
19:15:07 ERROR /home/bsc03/bsc03353/forge/src/dispatcher/posix.c:62 140392346670848: single write -1 of expected 4194304
19:15:08 ERROR /home/bsc03/bsc03353/forge/src/dispatcher/posix.c:61 140379461744384: r->filehandle = 36, r->size = 4194304, r->offset = 5247074304
19:15:08 ERROR /home/bsc03/bsc03353/forge/src/dispatcher/posix.c:62 140379461744384: single write -1 of expected 4194304
19:15:10 ERROR /home/bsc03/bsc03353/forge/src/dispatcher/posix.c:61 139996256278272: r->filehandle = 36, r->size = 4194304, r->offset = 2055208960
19:15:10 ERROR /home/bsc03/bsc03353/forge/src/dispatcher/posix.c:62 139996256278272: single write -1 of expected 4194304
19:15:11 ERROR /home/bsc03/bsc03353/forge/src/dispatcher/posix.c:61 139985518839552: r->filehandle = 36, r->size = 4194304, r->offset = 2059403264
19:15:11 ERROR /home/bsc03/bsc03353/forge/src/dispatcher/posix.c:62 139985518839552: single write -1 of expected 4194304
19:15:13 ERROR /home/bsc03/bsc03353/forge/src/dispatcher/posix.c:61 139596730144512: r->filehandle = 35, r->size = 4194304, r->offset = 1535115264
19:15:13 ERROR /home/bsc03/bsc03353/forge/src/dispatcher/posix.c:62 139596730144512: single write -1 of expected 4194304
19:15:17 ERROR /home/bsc03/bsc03353/forge/src/dispatcher/posix.c:61 139603172607744: r->filehandle = 35, r->size = 4194304, r->offset = 1509949440
19:15:17 ERROR /home/bsc03/bsc03353/forge/src/dispatcher/posix.c:62 139603172607744: single write -1 of expected 4194304
19:15:19 ERROR /home/bsc03/bsc03353/forge/src/dispatcher/posix.c:61 139588140193536: r->filehandle = 35, r->size = 4194304, r->offset = 1040187392
19:15:19 ERROR /home/bsc03/bsc03353/forge/src/dispatcher/posix.c:62 139588140193536: single write -1 of expected 4194304
19:15:19 ERROR /home/bsc03/bsc03353/forge/src/dispatcher/posix.c:61 139598877632256: r->filehandle = 35, r->size = 4194304, r->offset = 943718400
19:15:19 ERROR /home/bsc03/bsc03353/forge/src/dispatcher/posix.c:62 139598877632256: single write -1 of expected 4194304
19:15:21 ERROR /home/bsc03/bsc03353/forge/src/dispatcher/posix.c:61 140086630962944: r->filehandle = 36, r->size = 4194304, r->offset = 4659871744
19:15:21 ERROR /home/bsc03/bsc03353/forge/src/dispatcher/posix.c:62 140086630962944: single write -1 of expected 4194304
19:15:24 ERROR /home/bsc03/bsc03353/forge/src/dispatcher/posix.c:61 140097368401664: r->filehandle = 36, r->size = 4194304, r->offset = 4827643904
19:15:24 ERROR /home/bsc03/bsc03353/forge/src/dispatcher/posix.c:62 140097368401664: single write -1 of expected 4194304
19:15:24 ERROR /home/bsc03/bsc03353/forge/src/dispatcher/posix.c:61 140009141204736: r->filehandle = 36, r->size = 4194304, r->offset = 2034237440
19:15:24 ERROR /home/bsc03/bsc03353/forge/src/dispatcher/posix.c:62 140009141204736: single write -1 of expected 4194304
19:15:25 ERROR /home/bsc03/bsc03353/forge/src/dispatcher/posix.c:61 140385904207616: r->filehandle = 36, r->size = 4194304, r->offset = 5347737600
19:15:25 ERROR /home/bsc03/bsc03353/forge/src/dispatcher/posix.c:62 140385904207616: single write -1 of expected 4194304
19:15:26 ERROR /home/bsc03/bsc03353/forge/src/dispatcher/posix.c:61 139594582656768: r->filehandle = 35, r->size = 4194304, r->offset = 327155712
19:15:26 ERROR /home/bsc03/bsc03353/forge/src/dispatcher/posix.c:62 139594582656768: single write -1 of expected 4194304
19:15:29 ERROR /home/bsc03/bsc03353/forge/src/dispatcher/posix.c:61 140095220913920: r->filehandle = 36, r->size = 4194304, r->offset = 4634705920
19:15:29 ERROR /home/bsc03/bsc03353/forge/src/dispatcher/posix.c:62 140095220913920: single write -1 of expected 4194304
19:15:30 ERROR /home/bsc03/bsc03353/forge/src/dispatcher/posix.c:61 140002698741504: r->filehandle = 36, r->size = 4194304, r->offset = 2134900736
19:15:30 ERROR /home/bsc03/bsc03353/forge/src/dispatcher/posix.c:62 140002698741504: single write -1 of expected 4194304
19:15:32 ERROR /home/bsc03/bsc03353/forge/src/dispatcher/posix.c:61 140388051695360: r->filehandle = 36, r->size = 4194304, r->offset = 5242880000
19:15:32 ERROR /home/bsc03/bsc03353/forge/src/dispatcher/posix.c:62 140388051695360: single write -1 of expected 4194304
19:15:32 ERROR /home/bsc03/bsc03353/forge/src/dispatcher/posix.c:61 139609615070976: r->filehandle = 35, r->size = 4194304, r->offset = 1002438656
19:15:32 ERROR /home/bsc03/bsc03353/forge/src/dispatcher/posix.c:62 139609615070976: single write -1 of expected 4194304
19:15:34 ERROR /home/bsc03/bsc03353/forge/src/dispatcher/posix.c:61 139605320095488: r->filehandle = 35, r->size = 4194304, r->offset = 926941184
19:15:34 ERROR /home/bsc03/bsc03353/forge/src/dispatcher/posix.c:62 139605320095488: single write -1 of expected 4194304
19:15:35 ERROR /home/bsc03/bsc03353/forge/src/dispatcher/posix.c:61 139581697730304: r->filehandle = 35, r->size = 4194304, r->offset = 918552576
19:15:35 ERROR /home/bsc03/bsc03353/forge/src/dispatcher/posix.c:62 139581697730304: single write -1 of expected 4194304
19:15:36 ERROR /home/bsc03/bsc03353/forge/src/dispatcher/posix.c:61 140090925938432: r->filehandle = 36, r->size = 4194304, r->offset = 4726980608
19:15:36 ERROR /home/bsc03/bsc03353/forge/src/dispatcher/posix.c:62 140090925938432: single write -1 of expected 4194304
19:15:38 ERROR /home/bsc03/bsc03353/forge/src/dispatcher/posix.c:61 140377314256640: r->filehandle = 36, r->size = 4194304, r->offset = 5255462912
19:15:38 ERROR /home/bsc03/bsc03353/forge/src/dispatcher/posix.c:62 140377314256640: single write -1 of expected 4194304
19:15:39 ERROR /home/bsc03/bsc03353/forge/src/dispatcher/posix.c:61 139989813815040: r->filehandle = 36, r->size = 4194304, r->offset = 3137339392
19:15:39 ERROR /home/bsc03/bsc03353/forge/src/dispatcher/posix.c:62 139989813815040: single write -1 of expected 4194304
19:15:39 ERROR /home/bsc03/bsc03353/forge/src/dispatcher/posix.c:61 139601025120000: r->filehandle = 35, r->size = 4194304, r->offset = 1069547520
19:15:39 ERROR /home/bsc03/bsc03353/forge/src/dispatcher/posix.c:62 139601025120000: single write -1 of expected 4194304
19:15:40 ERROR /home/bsc03/bsc03353/forge/src/dispatcher/posix.c:61 140086630962944: r->filehandle = 36, r->size = 4194304, r->offset = 4819255296
19:15:40 ERROR /home/bsc03/bsc03353/forge/src/dispatcher/posix.c:62 140086630962944: single write -1 of expected 4194304
19:15:42 ERROR /home/bsc03/bsc03353/forge/src/dispatcher/posix.c:61 140015583667968: r->filehandle = 36, r->size = 4194304, r->offset = 2071986176
19:15:42 ERROR /home/bsc03/bsc03353/forge/src/dispatcher/posix.c:62 140015583667968: single write -1 of expected 4194304
19:15:45 ERROR /home/bsc03/bsc03353/forge/src/dispatcher/posix.c:61 140009141204736: r->filehandle = 36, r->size = 4194304, r->offset = 2122317824
19:15:45 ERROR /home/bsc03/bsc03353/forge/src/dispatcher/posix.c:62 140009141204736: single write -1 of expected 4194304
19:15:45 ERROR /home/bsc03/bsc03353/forge/src/dispatcher/posix.c:61 140362281842432: r->filehandle = 36, r->size = 4194304, r->offset = 5112856576
19:15:45 ERROR /home/bsc03/bsc03353/forge/src/dispatcher/posix.c:62 140362281842432: single write -1 of expected 4194304
19:15:49 ERROR /home/bsc03/bsc03353/forge/src/dispatcher/posix.c:61 139611762558720: r->filehandle = 35, r->size = 4194304, r->offset = 964689920
19:15:49 ERROR /home/bsc03/bsc03353/forge/src/dispatcher/posix.c:62 139611762558720: single write -1 of expected 4194304
19:15:50 ERROR /home/bsc03/bsc03353/forge/src/dispatcher/posix.c:61 139590287681280: r->filehandle = 35, r->size = 4194304, r->offset = 952107008
19:15:50 ERROR /home/bsc03/bsc03353/forge/src/dispatcher/posix.c:62 139590287681280: single write -1 of expected 4194304
19:15:51 ERROR /home/bsc03/bsc03353/forge/src/dispatcher/posix.c:61 139603172607744: r->filehandle = 35, r->size = 4194304, r->offset = 1484783616
19:15:51 ERROR /home/bsc03/bsc03353/forge/src/dispatcher/posix.c:62 139603172607744: single write -1 of expected 4194304
19:15:52 ERROR /home/bsc03/bsc03353/forge/src/dispatcher/posix.c:61 140013436180224: r->filehandle = 36, r->size = 4194304, r->offset = 2038431744
19:15:52 ERROR /home/bsc03/bsc03353/forge/src/dispatcher/posix.c:62 140013436180224: single write -1 of expected 4194304
19:15:53 ERROR /home/bsc03/bsc03353/forge/src/dispatcher/posix.c:61 140103810864896: r->filehandle = 36, r->size = 4194304, r->offset = 4622123008
19:15:53 ERROR /home/bsc03/bsc03353/forge/src/dispatcher/posix.c:62 140103810864896: single write -1 of expected 4194304
19:15:55 ERROR /home/bsc03/bsc03353/forge/src/dispatcher/posix.c:61 140379461744384: r->filehandle = 36, r->size = 4194304, r->offset = 5297405952
19:15:55 ERROR /home/bsc03/bsc03353/forge/src/dispatcher/posix.c:62 140379461744384: single write -1 of expected 4194304
19:15:56 ERROR /home/bsc03/bsc03353/forge/src/dispatcher/posix.c:61 140366576817920: r->filehandle = 36, r->size = 4194304, r->offset = 5309988864
19:15:56 ERROR /home/bsc03/bsc03353/forge/src/dispatcher/posix.c:62 140366576817920: single write -1 of expected 4194304
19:15:57 ERROR /home/bsc03/bsc03353/forge/src/dispatcher/posix.c:61 139588140193536: r->filehandle = 35, r->size = 4194304, r->offset = 905969664
19:15:57 ERROR /home/bsc03/bsc03353/forge/src/dispatcher/posix.c:62 139588140193536: single write -1 of expected 4194304
19:15:59 ERROR /home/bsc03/bsc03353/forge/src/dispatcher/posix.c:61 139607467583232: r->filehandle = 35, r->size = 4194304, r->offset = 1052770304
19:15:59 ERROR /home/bsc03/bsc03353/forge/src/dispatcher/posix.c:62 139607467583232: single write -1 of expected 4194304
19:16:00 ERROR /home/bsc03/bsc03353/forge/src/dispatcher/posix.c:61 139581697730304: r->filehandle = 35, r->size = 4194304, r->offset = 322961408
19:16:00 ERROR /home/bsc03/bsc03353/forge/src/dispatcher/posix.c:62 139581697730304: single write -1 of expected 4194304
19:16:00 ERROR /home/bsc03/bsc03353/forge/src/dispatcher/posix.c:61 140099515889408: r->filehandle = 36, r->size = 4194304, r->offset = 4718592000
19:16:00 ERROR /home/bsc03/bsc03353/forge/src/dispatcher/posix.c:62 140099515889408: single write -1 of expected 4194304
19:16:01 ERROR /home/bsc03/bsc03353/forge/src/dispatcher/posix.c:61 140015583667968: r->filehandle = 36, r->size = 4194304, r->offset = 2474639360
19:16:01 ERROR /home/bsc03/bsc03353/forge/src/dispatcher/posix.c:62 140015583667968: single write -1 of expected 4194304
19:16:02 ERROR /home/bsc03/bsc03353/forge/src/dispatcher/posix.c:61 139998403766016: r->filehandle = 36, r->size = 4194304, r->offset = 2000683008
19:16:02 ERROR /home/bsc03/bsc03353/forge/src/dispatcher/posix.c:62 139998403766016: single write -1 of expected 4194304
19:16:03 ERROR /home/bsc03/bsc03353/forge/src/dispatcher/posix.c:61 139996256278272: r->filehandle = 36, r->size = 4194304, r->offset = 3074424832
19:16:03 ERROR /home/bsc03/bsc03353/forge/src/dispatcher/posix.c:62 139996256278272: single write -1 of expected 4194304
19:16:04 ERROR /home/bsc03/bsc03353/forge/src/dispatcher/posix.c:61 140388051695360: r->filehandle = 36, r->size = 4194304, r->offset = 5314183168
19:16:04 ERROR /home/bsc03/bsc03353/forge/src/dispatcher/posix.c:62 140388051695360: single write -1 of expected 4194304
19:16:05 ERROR /home/bsc03/bsc03353/forge/src/dispatcher/posix.c:61 139581697730304: r->filehandle = 35, r->size = 4194304, r->offset = 805306368
19:16:05 ERROR /home/bsc03/bsc03353/forge/src/dispatcher/posix.c:62 139581697730304: single write -1 of expected 4194304
19:16:06 ERROR /home/bsc03/bsc03353/forge/src/dispatcher/posix.c:61 139601025120000: r->filehandle = 35, r->size = 4194304, r->offset = 1463812096
19:16:06 ERROR /home/bsc03/bsc03353/forge/src/dispatcher/posix.c:62 139601025120000: single write -1 of expected 4194304
19:16:09 ERROR /home/bsc03/bsc03353/forge/src/dispatcher/posix.c:61 139596730144512: r->filehandle = 35, r->size = 4194304, r->offset = 1526726656
19:16:09 ERROR /home/bsc03/bsc03353/forge/src/dispatcher/posix.c:62 139596730144512: single write -1 of expected 4194304
19:16:10 ERROR /home/bsc03/bsc03353/forge/src/dispatcher/posix.c:61 139585992705792: r->filehandle = 35, r->size = 4194304, r->offset = 1598029824
19:16:10 ERROR /home/bsc03/bsc03353/forge/src/dispatcher/posix.c:62 139585992705792: single write -1 of expected 4194304
19:16:10 ERROR /home/bsc03/bsc03353/forge/src/dispatcher/posix.c:61 140006993716992: r->filehandle = 36, r->size = 4194304, r->offset = 3082813440
19:16:10 ERROR /home/bsc03/bsc03353/forge/src/dispatcher/posix.c:62 140006993716992: single write -1 of expected 4194304
19:16:13 ERROR /home/bsc03/bsc03353/forge/src/dispatcher/posix.c:61 140110253328128: r->filehandle = 36, r->size = 4194304, r->offset = 4261412864
19:16:13 ERROR /home/bsc03/bsc03353/forge/src/dispatcher/posix.c:62 140110253328128: single write -1 of expected 4194304
19:16:14 ERROR /home/bsc03/bsc03353/forge/src/dispatcher/posix.c:61 140088778450688: r->filehandle = 36, r->size = 4194304, r->offset = 4173332480
19:16:14 ERROR /home/bsc03/bsc03353/forge/src/dispatcher/posix.c:62 140088778450688: single write -1 of expected 4194304
19:16:15 ERROR /home/bsc03/bsc03353/forge/src/dispatcher/posix.c:61 140084483475200: r->filehandle = 36, r->size = 4194304, r->offset = 4701814784
19:16:15 ERROR /home/bsc03/bsc03353/forge/src/dispatcher/posix.c:62 140084483475200: single write -1 of expected 4194304
19:16:16 ERROR /home/bsc03/bsc03353/forge/src/dispatcher/posix.c:61 140086630962944: r->filehandle = 36, r->size = 4194304, r->offset = 4127195136
19:16:16 ERROR /home/bsc03/bsc03353/forge/src/dispatcher/posix.c:62 140086630962944: single write -1 of expected 4194304
19:16:19 ERROR /home/bsc03/bsc03353/forge/src/dispatcher/posix.c:61 140392346670848: r->filehandle = 36, r->size = 4194304, r->offset = 5234491392
19:16:19 ERROR /home/bsc03/bsc03353/forge/src/dispatcher/posix.c:62 140392346670848: single write -1 of expected 4194304
19:16:21 ERROR /home/bsc03/bsc03353/forge/src/dispatcher/posix.c:61 140385904207616: r->filehandle = 36, r->size = 4194304, r->offset = 6320816128
19:16:21 ERROR /home/bsc03/bsc03353/forge/src/dispatcher/posix.c:62 140385904207616: single write -1 of expected 4194304
19:16:21 ERROR /home/bsc03/bsc03353/forge/src/dispatcher/posix.c:61 140002698741504: r->filehandle = 36, r->size = 4194304, r->offset = 3187671040
19:16:21 ERROR /home/bsc03/bsc03353/forge/src/dispatcher/posix.c:62 140002698741504: single write -1 of expected 4194304
19:16:22 ERROR /home/bsc03/bsc03353/forge/src/dispatcher/posix.c:61 140013436180224: r->filehandle = 36, r->size = 4194304, r->offset = 3149922304
19:16:22 ERROR /home/bsc03/bsc03353/forge/src/dispatcher/posix.c:62 140013436180224: single write -1 of expected 4194304
19:16:23 ERROR /home/bsc03/bsc03353/forge/src/dispatcher/posix.c:61 139592435169024: r->filehandle = 35, r->size = 4194304, r->offset = 1572864000
19:16:23 ERROR /home/bsc03/bsc03353/forge/src/dispatcher/posix.c:62 139592435169024: single write -1 of expected 4194304
19:16:25 ERROR /home/bsc03/bsc03353/forge/src/dispatcher/posix.c:61 140108105840384: r->filehandle = 36, r->size = 4194304, r->offset = 4638900224
19:16:25 ERROR /home/bsc03/bsc03353/forge/src/dispatcher/posix.c:62 140108105840384: single write -1 of expected 4194304
19:16:30 ERROR /home/bsc03/bsc03353/forge/src/dispatcher/posix.c:61 140105958352640: r->filehandle = 36, r->size = 4194304, r->offset = 4722786304
19:16:30 ERROR /home/bsc03/bsc03353/forge/src/dispatcher/posix.c:62 140105958352640: single write -1 of expected 4194304
19:16:31 ERROR /home/bsc03/bsc03353/forge/src/dispatcher/posix.c:61 139583845218048: r->filehandle = 35, r->size = 4194304, r->offset = 956301312
19:16:31 ERROR /home/bsc03/bsc03353/forge/src/dispatcher/posix.c:62 139583845218048: single write -1 of expected 4194304
19:16:32 ERROR /home/bsc03/bsc03353/forge/src/dispatcher/posix.c:61 139605320095488: r->filehandle = 35, r->size = 4194304, r->offset = 838860800
19:16:32 ERROR /home/bsc03/bsc03353/forge/src/dispatcher/posix.c:62 139605320095488: single write -1 of expected 4194304
19:16:33 ERROR /home/bsc03/bsc03353/forge/src/dispatcher/posix.c:61 140368724305664: r->filehandle = 36, r->size = 4194304, r->offset = 5364514816
19:16:33 ERROR /home/bsc03/bsc03353/forge/src/dispatcher/posix.c:62 140368724305664: single write -1 of expected 4194304
19:16:34 ERROR /home/bsc03/bsc03353/forge/src/dispatcher/posix.c:61 140011288692480: r->filehandle = 36, r->size = 4194304, r->offset = 2013265920
19:16:34 ERROR /home/bsc03/bsc03353/forge/src/dispatcher/posix.c:62 140011288692480: single write -1 of expected 4194304
19:16:35 ERROR /home/bsc03/bsc03353/forge/src/dispatcher/posix.c:61 139991961302784: r->filehandle = 36, r->size = 4194304, r->offset = 1904214016
19:16:35 ERROR /home/bsc03/bsc03353/forge/src/dispatcher/posix.c:62 139991961302784: single write -1 of expected 4194304
19:16:35 ERROR /home/bsc03/bsc03353/forge/src/dispatcher/posix.c:61 140009141204736: r->filehandle = 36, r->size = 4194304, r->offset = 1891631104
19:16:35 ERROR /home/bsc03/bsc03353/forge/src/dispatcher/posix.c:62 140009141204736: single write -1 of expected 4194304
19:16:37 ERROR /home/bsc03/bsc03353/forge/src/dispatcher/posix.c:61 140084483475200: r->filehandle = 36, r->size = 4194304, r->offset = 4118806528
19:16:37 ERROR /home/bsc03/bsc03353/forge/src/dispatcher/posix.c:62 140084483475200: single write -1 of expected 4194304
19:16:38 ERROR /home/bsc03/bsc03353/forge/src/dispatcher/posix.c:61 140392346670848: r->filehandle = 36, r->size = 4194304, r->offset = 6274678784
19:16:38 ERROR /home/bsc03/bsc03353/forge/src/dispatcher/posix.c:62 140392346670848: single write -1 of expected 4194304
19:16:40 ERROR /home/bsc03/bsc03353/forge/src/dispatcher/posix.c:61 140381609232128: r->filehandle = 36, r->size = 4194304, r->offset = 5280628736
19:16:40 ERROR /home/bsc03/bsc03353/forge/src/dispatcher/posix.c:62 140381609232128: single write -1 of expected 4194304
19:16:43 ERROR /home/bsc03/bsc03353/forge/src/dispatcher/posix.c:61 139607467583232: r->filehandle = 35, r->size = 4194304, r->offset = 348127232
19:16:43 ERROR /home/bsc03/bsc03353/forge/src/dispatcher/posix.c:62 139607467583232: single write -1 of expected 4194304
19:16:43 ERROR /home/bsc03/bsc03353/forge/src/dispatcher/posix.c:61 139583845218048: r->filehandle = 35, r->size = 4194304, r->offset = 524288000
19:16:43 ERROR /home/bsc03/bsc03353/forge/src/dispatcher/posix.c:62 139583845218048: single write -1 of expected 4194304
19:16:44 ERROR /home/bsc03/bsc03353/forge/src/dispatcher/posix.c:61 139998403766016: r->filehandle = 36, r->size = 4194304, r->offset = 1983905792
19:16:44 ERROR /home/bsc03/bsc03353/forge/src/dispatcher/posix.c:62 139998403766016: single write -1 of expected 4194304
19:16:45 ERROR /home/bsc03/bsc03353/forge/src/dispatcher/posix.c:61 139985518839552: r->filehandle = 36, r->size = 4194304, r->offset = 3120562176
19:16:45 ERROR /home/bsc03/bsc03353/forge/src/dispatcher/posix.c:62 139985518839552: single write -1 of expected 4194304
19:16:46 ERROR /home/bsc03/bsc03353/forge/src/dispatcher/posix.c:61 140013436180224: r->filehandle = 36, r->size = 4194304, r->offset = 3133145088
19:16:46 ERROR /home/bsc03/bsc03353/forge/src/dispatcher/posix.c:62 140013436180224: single write -1 of expected 4194304
19:16:48 ERROR /home/bsc03/bsc03353/forge/src/dispatcher/posix.c:61 139987666327296: r->filehandle = 36, r->size = 4194304, r->offset = 2030043136
19:16:48 ERROR /home/bsc03/bsc03353/forge/src/dispatcher/posix.c:62 139987666327296: single write -1 of expected 4194304
19:16:48 ERROR /home/bsc03/bsc03353/forge/src/dispatcher/posix.c:61 140088778450688: r->filehandle = 36, r->size = 4194304, r->offset = 4227858432
19:16:48 ERROR /home/bsc03/bsc03353/forge/src/dispatcher/posix.c:62 140088778450688: single write -1 of expected 4194304
19:16:51 ERROR /home/bsc03/bsc03353/forge/src/dispatcher/posix.c:61 140394494158592: r->filehandle = 36, r->size = 4194304, r->offset = 5238685696
19:16:51 ERROR /home/bsc03/bsc03353/forge/src/dispatcher/posix.c:62 140394494158592: single write -1 of expected 4194304
19:16:52 ERROR /home/bsc03/bsc03353/forge/src/dispatcher/posix.c:61 139611762558720: r->filehandle = 35, r->size = 4194304, r->offset = 415236096
19:16:52 ERROR /home/bsc03/bsc03353/forge/src/dispatcher/posix.c:62 139611762558720: single write -1 of expected 4194304
19:16:52 ERROR /home/bsc03/bsc03353/forge/src/dispatcher/posix.c:61 139983371351808: r->filehandle = 36, r->size = 4194304, r->offset = 2076180480
19:16:52 ERROR /home/bsc03/bsc03353/forge/src/dispatcher/posix.c:62 139983371351808: single write -1 of expected 4194304
19:16:56 ERROR /home/bsc03/bsc03353/forge/src/dispatcher/posix.c:61 139998403766016: r->filehandle = 36, r->size = 4194304, r->offset = 2088763392
19:16:56 ERROR /home/bsc03/bsc03353/forge/src/dispatcher/posix.c:62 139998403766016: single write -1 of expected 4194304
19:16:57 ERROR /home/bsc03/bsc03353/forge/src/dispatcher/posix.c:61 140086630962944: r->filehandle = 36, r->size = 4194304, r->offset = 4034920448
19:16:57 ERROR /home/bsc03/bsc03353/forge/src/dispatcher/posix.c:62 140086630962944: single write -1 of expected 4194304
19:16:57 ERROR /home/bsc03/bsc03353/forge/src/dispatcher/posix.c:61 140388051695360: r->filehandle = 36, r->size = 4194304, r->offset = 6295650304
19:16:57 ERROR /home/bsc03/bsc03353/forge/src/dispatcher/posix.c:62 140388051695360: single write -1 of expected 4194304
19:16:59 ERROR /home/bsc03/bsc03353/forge/src/dispatcher/posix.c:61 140370871793408: r->filehandle = 36, r->size = 4194304, r->offset = 5272240128
19:16:59 ERROR /home/bsc03/bsc03353/forge/src/dispatcher/posix.c:62 140370871793408: single write -1 of expected 4194304
19:17:01 ERROR /home/bsc03/bsc03353/forge/src/dispatcher/posix.c:61 140385904207616: r->filehandle = 36, r->size = 4194304, r->offset = 5305794560
19:17:01 ERROR /home/bsc03/bsc03353/forge/src/dispatcher/posix.c:62 140385904207616: single write -1 of expected 4194304
19:17:02 ERROR /home/bsc03/bsc03353/forge/src/dispatcher/posix.c:61 139596730144512: r->filehandle = 35, r->size = 4194304, r->offset = 1015021568
19:17:02 ERROR /home/bsc03/bsc03353/forge/src/dispatcher/posix.c:62 139596730144512: single write -1 of expected 4194304
19:17:02 ERROR /home/bsc03/bsc03353/forge/src/dispatcher/posix.c:61 139598877632256: r->filehandle = 35, r->size = 4194304, r->offset = 1488977920
19:17:02 ERROR /home/bsc03/bsc03353/forge/src/dispatcher/posix.c:62 139598877632256: single write -1 of expected 4194304
19:17:07 ERROR /home/bsc03/bsc03353/forge/src/dispatcher/posix.c:61 139581697730304: r->filehandle = 35, r->size = 4194304, r->offset = 1023410176
19:17:07 ERROR /home/bsc03/bsc03353/forge/src/dispatcher/posix.c:62 139581697730304: single write -1 of expected 4194304
19:17:10 ERROR /home/bsc03/bsc03353/forge/src/dispatcher/posix.c:61 139583845218048: r->filehandle = 35, r->size = 4194304, r->offset = 1379926016
19:17:10 ERROR /home/bsc03/bsc03353/forge/src/dispatcher/posix.c:62 139583845218048: single write -1 of expected 4194304
19:17:11 ERROR /home/bsc03/bsc03353/forge/src/dispatcher/posix.c:61 139609615070976: r->filehandle = 35, r->size = 4194304, r->offset = 1010827264
19:17:11 ERROR /home/bsc03/bsc03353/forge/src/dispatcher/posix.c:62 139609615070976: single write -1 of expected 4194304
19:17:11 ERROR /home/bsc03/bsc03353/forge/src/dispatcher/posix.c:61 139994108790528: r->filehandle = 36, r->size = 4194304, r->offset = 2080374784
19:17:11 ERROR /home/bsc03/bsc03353/forge/src/dispatcher/posix.c:62 139994108790528: single write -1 of expected 4194304
19:17:14 ERROR /home/bsc03/bsc03353/forge/src/dispatcher/posix.c:61 140097368401664: r->filehandle = 36, r->size = 4194304, r->offset = 4211081216
19:17:14 ERROR /home/bsc03/bsc03353/forge/src/dispatcher/posix.c:62 140097368401664: single write -1 of expected 4194304
19:17:17 ERROR /home/bsc03/bsc03353/forge/src/dispatcher/posix.c:61 140379461744384: r->filehandle = 36, r->size = 4194304, r->offset = 6421479424
19:17:17 ERROR /home/bsc03/bsc03353/forge/src/dispatcher/posix.c:62 140379461744384: single write -1 of expected 4194304
19:17:19 ERROR /home/bsc03/bsc03353/forge/src/dispatcher/posix.c:61 140375166768896: r->filehandle = 36, r->size = 4194304, r->offset = 5301600256
19:17:19 ERROR /home/bsc03/bsc03353/forge/src/dispatcher/posix.c:62 140375166768896: single write -1 of expected 4194304
19:17:19 ERROR /home/bsc03/bsc03353/forge/src/dispatcher/posix.c:61 139991961302784: r->filehandle = 36, r->size = 4194304, r->offset = 2067791872
19:17:19 ERROR /home/bsc03/bsc03353/forge/src/dispatcher/posix.c:62 139991961302784: single write -1 of expected 4194304
19:17:19 ERROR /home/bsc03/bsc03353/forge/src/dispatcher/posix.c:61 139996256278272: r->filehandle = 36, r->size = 4194304, r->offset = 1887436800
19:17:19 ERROR /home/bsc03/bsc03353/forge/src/dispatcher/posix.c:62 139996256278272: single write -1 of expected 4194304
19:17:20 ERROR /home/bsc03/bsc03353/forge/src/dispatcher/posix.c:61 139605320095488: r->filehandle = 35, r->size = 4194304, r->offset = 381681664
19:17:20 ERROR /home/bsc03/bsc03353/forge/src/dispatcher/posix.c:62 139605320095488: single write -1 of expected 4194304
19:17:20 ERROR /home/bsc03/bsc03353/forge/src/dispatcher/posix.c:61 140099515889408: r->filehandle = 36, r->size = 4194304, r->offset = 4169138176
19:17:21 ERROR /home/bsc03/bsc03353/forge/src/dispatcher/posix.c:62 140099515889408: single write -1 of expected 4194304
19:17:22 ERROR /home/bsc03/bsc03353/forge/src/dispatcher/posix.c:61 140366576817920: r->filehandle = 36, r->size = 4194304, r->offset = 5117050880
19:17:22 ERROR /home/bsc03/bsc03353/forge/src/dispatcher/posix.c:62 140366576817920: single write -1 of expected 4194304
19:17:22 ERROR /home/bsc03/bsc03353/forge/src/dispatcher/posix.c:61 140364429330176: r->filehandle = 36, r->size = 4194304, r->offset = 5133828096
19:17:22 ERROR /home/bsc03/bsc03353/forge/src/dispatcher/posix.c:62 140364429330176: single write -1 of expected 4194304
19:17:24 ERROR /home/bsc03/bsc03353/forge/src/dispatcher/posix.c:61 140394494158592: r->filehandle = 36, r->size = 4194304, r->offset = 5121245184
19:17:24 ERROR /home/bsc03/bsc03353/forge/src/dispatcher/posix.c:62 140394494158592: single write -1 of expected 4194304
19:17:24 ERROR /home/bsc03/bsc03353/forge/src/dispatcher/posix.c:61 139583845218048: r->filehandle = 35, r->size = 4194304, r->offset = 1581252608
19:17:24 ERROR /home/bsc03/bsc03353/forge/src/dispatcher/posix.c:62 139583845218048: single write -1 of expected 4194304
19:17:26 ERROR /home/bsc03/bsc03353/forge/src/dispatcher/posix.c:61 139592435169024: r->filehandle = 35, r->size = 4194304, r->offset = 1589641216
19:17:26 ERROR /home/bsc03/bsc03353/forge/src/dispatcher/posix.c:62 139592435169024: single write -1 of expected 4194304
19:17:26 ERROR /home/bsc03/bsc03353/forge/src/dispatcher/posix.c:61 139991961302784: r->filehandle = 36, r->size = 4194304, r->offset = 2462056448
19:17:26 ERROR /home/bsc03/bsc03353/forge/src/dispatcher/posix.c:62 139991961302784: single write -1 of expected 4194304
19:17:28 ERROR /home/bsc03/bsc03353/forge/src/dispatcher/posix.c:61 140006993716992: r->filehandle = 36, r->size = 4194304, r->offset = 1845493760
19:17:28 ERROR /home/bsc03/bsc03353/forge/src/dispatcher/posix.c:62 140006993716992: single write -1 of expected 4194304
19:17:30 ERROR /home/bsc03/bsc03353/forge/src/dispatcher/posix.c:61 140078041011968: r->filehandle = 36, r->size = 4194304, r->offset = 4219469824
19:17:30 ERROR /home/bsc03/bsc03353/forge/src/dispatcher/posix.c:62 140078041011968: single write -1 of expected 4194304
19:17:31 ERROR /home/bsc03/bsc03353/forge/src/dispatcher/posix.c:61 140086630962944: r->filehandle = 36, r->size = 4194304, r->offset = 3682598912
19:17:31 ERROR /home/bsc03/bsc03353/forge/src/dispatcher/posix.c:62 140086630962944: single write -1 of expected 4194304
19:17:31 ERROR /home/bsc03/bsc03353/forge/src/dispatcher/posix.c:61 140385904207616: r->filehandle = 36, r->size = 4194304, r->offset = 5695864832
19:17:31 ERROR /home/bsc03/bsc03353/forge/src/dispatcher/posix.c:62 140385904207616: single write -1 of expected 4194304
19:17:33 ERROR /home/bsc03/bsc03353/forge/src/dispatcher/posix.c:61 139601025120000: r->filehandle = 35, r->size = 4194304, r->offset = 1027604480
19:17:33 ERROR /home/bsc03/bsc03353/forge/src/dispatcher/posix.c:62 139601025120000: single write -1 of expected 4194304
19:17:34 ERROR /home/bsc03/bsc03353/forge/src/dispatcher/posix.c:61 139989813815040: r->filehandle = 36, r->size = 4194304, r->offset = 3095396352
19:17:34 ERROR /home/bsc03/bsc03353/forge/src/dispatcher/posix.c:62 139989813815040: single write -1 of expected 4194304
19:17:37 ERROR /home/bsc03/bsc03353/forge/src/dispatcher/posix.c:61 140381609232128: r->filehandle = 36, r->size = 4194304, r->offset = 5318377472
19:17:37 ERROR /home/bsc03/bsc03353/forge/src/dispatcher/posix.c:62 140381609232128: single write -1 of expected 4194304
19:17:39 ERROR /home/bsc03/bsc03353/forge/src/dispatcher/posix.c:61 140082335987456: r->filehandle = 36, r->size = 4194304, r->offset = 4676648960
19:17:39 ERROR /home/bsc03/bsc03353/forge/src/dispatcher/posix.c:62 140082335987456: single write -1 of expected 4194304
19:17:40 ERROR /home/bsc03/bsc03353/forge/src/dispatcher/posix.c:61 139583845218048: r->filehandle = 35, r->size = 4194304, r->offset = 264241152
19:17:40 ERROR /home/bsc03/bsc03353/forge/src/dispatcher/posix.c:62 139583845218048: single write -1 of expected 4194304
19:17:40 ERROR /home/bsc03/bsc03353/forge/src/dispatcher/posix.c:61 139603172607744: r->filehandle = 35, r->size = 4194304, r->offset = 1400897536
19:17:40 ERROR /home/bsc03/bsc03353/forge/src/dispatcher/posix.c:62 139603172607744: single write -1 of expected 4194304
19:17:42 ERROR /home/bsc03/bsc03353/forge/src/dispatcher/posix.c:61 139592435169024: r->filehandle = 35, r->size = 4194304, r->offset = 1455423488
19:17:42 ERROR /home/bsc03/bsc03353/forge/src/dispatcher/posix.c:62 139592435169024: single write -1 of expected 4194304
19:17:45 ERROR /home/bsc03/bsc03353/forge/src/dispatcher/posix.c:61 139596730144512: r->filehandle = 35, r->size = 4194304, r->offset = 339738624
19:17:45 ERROR /home/bsc03/bsc03353/forge/src/dispatcher/posix.c:62 139596730144512: single write -1 of expected 4194304
19:17:45 ERROR /home/bsc03/bsc03353/forge/src/dispatcher/posix.c:61 139607467583232: r->filehandle = 35, r->size = 4194304, r->offset = 331350016
19:17:45 ERROR /home/bsc03/bsc03353/forge/src/dispatcher/posix.c:62 139607467583232: single write -1 of expected 4194304
19:17:46 ERROR /home/bsc03/bsc03353/forge/src/dispatcher/posix.c:61 140080188499712: r->filehandle = 36, r->size = 4194304, r->offset = 4605345792
19:17:46 ERROR /home/bsc03/bsc03353/forge/src/dispatcher/posix.c:61 140000551253760: r->filehandle = 36, r->size = 4194304, r->offset = 1912602624
19:17:46 ERROR /home/bsc03/bsc03353/forge/src/dispatcher/posix.c:62 140080188499712: single write -1 of expected 4194304
19:17:46 ERROR /home/bsc03/bsc03353/forge/src/dispatcher/posix.c:62 140000551253760: single write -1 of expected 4194304
19:17:46 ERROR /home/bsc03/bsc03353/forge/src/dispatcher/posix.c:61 140105958352640: r->filehandle = 36, r->size = 4194304, r->offset = 4060086272
19:17:46 ERROR /home/bsc03/bsc03353/forge/src/dispatcher/posix.c:62 140105958352640: single write -1 of expected 4194304
19:17:46 ERROR /home/bsc03/bsc03353/forge/src/dispatcher/posix.c:61 140002698741504: r->filehandle = 36, r->size = 4194304, r->offset = 1920991232
19:17:46 ERROR /home/bsc03/bsc03353/forge/src/dispatcher/posix.c:62 140002698741504: single write -1 of expected 4194304
19:17:50 ERROR /home/bsc03/bsc03353/forge/src/dispatcher/posix.c:61 140090925938432: r->filehandle = 36, r->size = 4194304, r->offset = 4290772992
19:17:50 ERROR /home/bsc03/bsc03353/forge/src/dispatcher/posix.c:62 140090925938432: single write -1 of expected 4194304
19:17:50 ERROR /home/bsc03/bsc03353/forge/src/dispatcher/posix.c:61 140362281842432: r->filehandle = 36, r->size = 4194304, r->offset = 6408896512
19:17:50 ERROR /home/bsc03/bsc03353/forge/src/dispatcher/posix.c:62 140362281842432: single write -1 of expected 4194304
19:17:52 ERROR /home/bsc03/bsc03353/forge/src/dispatcher/posix.c:61 140004846229248: r->filehandle = 36, r->size = 4194304, r->offset = 2021654528
19:17:52 ERROR /home/bsc03/bsc03353/forge/src/dispatcher/posix.c:62 140004846229248: single write -1 of expected 4194304
19:17:56 ERROR /home/bsc03/bsc03353/forge/src/dispatcher/posix.c:61 139598877632256: r->filehandle = 35, r->size = 4194304, r->offset = 352321536
19:17:56 ERROR /home/bsc03/bsc03353/forge/src/dispatcher/posix.c:62 139598877632256: single write -1 of expected 4194304
19:17:56 ERROR /home/bsc03/bsc03353/forge/src/dispatcher/posix.c:61 140078041011968: r->filehandle = 36, r->size = 4194304, r->offset = 4529848320
19:17:56 ERROR /home/bsc03/bsc03353/forge/src/dispatcher/posix.c:62 140078041011968: single write -1 of expected 4194304
19:17:59 ERROR /home/bsc03/bsc03353/forge/src/dispatcher/posix.c:61 140375166768896: r->filehandle = 36, r->size = 4194304, r->offset = 6400507904
19:17:59 ERROR /home/bsc03/bsc03353/forge/src/dispatcher/posix.c:62 140375166768896: single write -1 of expected 4194304
19:17:59 ERROR /home/bsc03/bsc03353/forge/src/dispatcher/posix.c:61 140381609232128: r->filehandle = 36, r->size = 4194304, r->offset = 5356126208
19:17:59 ERROR /home/bsc03/bsc03353/forge/src/dispatcher/posix.c:62 140381609232128: single write -1 of expected 4194304
19:18:01 ERROR /home/bsc03/bsc03353/forge/src/dispatcher/posix.c:61 139985518839552: r->filehandle = 36, r->size = 4194304, r->offset = 1937768448
19:18:01 ERROR /home/bsc03/bsc03353/forge/src/dispatcher/posix.c:62 139985518839552: single write -1 of expected 4194304
19:18:01 ERROR /home/bsc03/bsc03353/forge/src/dispatcher/posix.c:61 139585992705792: r->filehandle = 35, r->size = 4194304, r->offset = 1006632960
19:18:01 ERROR /home/bsc03/bsc03353/forge/src/dispatcher/posix.c:62 139585992705792: single write -1 of expected 4194304
19:18:04 ERROR /home/bsc03/bsc03353/forge/src/dispatcher/posix.c:61 139998403766016: r->filehandle = 36, r->size = 4194304, r->offset = 3091202048
19:18:04 ERROR /home/bsc03/bsc03353/forge/src/dispatcher/posix.c:62 139998403766016: single write -1 of expected 4194304
19:18:04 ERROR /home/bsc03/bsc03353/forge/src/dispatcher/posix.c:61 140000551253760: r->filehandle = 36, r->size = 4194304, r->offset = 2986344448
19:18:04 ERROR /home/bsc03/bsc03353/forge/src/dispatcher/posix.c:62 140000551253760: single write -1 of expected 4194304
19:18:05 ERROR /home/bsc03/bsc03353/forge/src/dispatcher/posix.c:61 140006993716992: r->filehandle = 36, r->size = 4194304, r->offset = 2109734912
19:18:05 ERROR /home/bsc03/bsc03353/forge/src/dispatcher/posix.c:62 140006993716992: single write -1 of expected 4194304
19:18:08 ERROR /home/bsc03/bsc03353/forge/src/dispatcher/posix.c:61 139991961302784: r->filehandle = 36, r->size = 4194304, r->offset = 1929379840
19:18:08 ERROR /home/bsc03/bsc03353/forge/src/dispatcher/posix.c:62 139991961302784: single write -1 of expected 4194304
19:18:09 ERROR /home/bsc03/bsc03353/forge/src/dispatcher/posix.c:61 140086630962944: r->filehandle = 36, r->size = 4194304, r->offset = 4232052736
19:18:09 ERROR /home/bsc03/bsc03353/forge/src/dispatcher/posix.c:62 140086630962944: single write -1 of expected 4194304
19:18:11 ERROR /home/bsc03/bsc03353/forge/src/dispatcher/posix.c:61 140392346670848: r->filehandle = 36, r->size = 4194304, r->offset = 5100273664
19:18:11 ERROR /home/bsc03/bsc03353/forge/src/dispatcher/posix.c:62 140392346670848: single write -1 of expected 4194304
19:18:14 ERROR /home/bsc03/bsc03353/forge/src/dispatcher/posix.c:61 139596730144512: r->filehandle = 35, r->size = 4194304, r->offset = 1547698176
19:18:14 ERROR /home/bsc03/bsc03353/forge/src/dispatcher/posix.c:62 139596730144512: single write -1 of expected 4194304
19:18:15 ERROR /home/bsc03/bsc03353/forge/src/dispatcher/posix.c:61 139983371351808: r->filehandle = 36, r->size = 4194304, r->offset = 3087007744
19:18:15 ERROR /home/bsc03/bsc03353/forge/src/dispatcher/posix.c:62 139983371351808: single write -1 of expected 4194304
19:18:17 ERROR /home/bsc03/bsc03353/forge/src/dispatcher/posix.c:61 140105958352640: r->filehandle = 36, r->size = 4194304, r->offset = 4643094528
19:18:17 ERROR /home/bsc03/bsc03353/forge/src/dispatcher/posix.c:62 140105958352640: single write -1 of expected 4194304
19:18:18 ERROR /home/bsc03/bsc03353/forge/src/dispatcher/posix.c:61 140362281842432: r->filehandle = 36, r->size = 4194304, r->offset = 5670699008
19:18:18 ERROR /home/bsc03/bsc03353/forge/src/dispatcher/posix.c:62 140362281842432: single write -1 of expected 4194304
19:18:20 ERROR /home/bsc03/bsc03353/forge/src/dispatcher/posix.c:61 140373019281152: r->filehandle = 36, r->size = 4194304, r->offset = 5226102784
19:18:20 ERROR /home/bsc03/bsc03353/forge/src/dispatcher/posix.c:62 140373019281152: single write -1 of expected 4194304
19:18:21 ERROR /home/bsc03/bsc03353/forge/src/dispatcher/posix.c:61 140394494158592: r->filehandle = 36, r->size = 4194304, r->offset = 6358564864
19:18:21 ERROR /home/bsc03/bsc03353/forge/src/dispatcher/posix.c:62 140394494158592: single write -1 of expected 4194304
19:18:22 ERROR /home/bsc03/bsc03353/forge/src/dispatcher/posix.c:61 139590287681280: r->filehandle = 35, r->size = 4194304, r->offset = 813694976
19:18:22 ERROR /home/bsc03/bsc03353/forge/src/dispatcher/posix.c:61 140368724305664: r->filehandle = 36, r->size = 4194304, r->offset = 4890558464
19:18:22 ERROR /home/bsc03/bsc03353/forge/src/dispatcher/posix.c:62 140368724305664: single write -1 of expected 4194304
19:18:22 ERROR /home/bsc03/bsc03353/forge/src/dispatcher/posix.c:62 139590287681280: single write -1 of expected 4194304
19:18:24 ERROR /home/bsc03/bsc03353/forge/src/dispatcher/posix.c:61 140009141204736: r->filehandle = 36, r->size = 4194304, r->offset = 2105540608
19:18:24 ERROR /home/bsc03/bsc03353/forge/src/dispatcher/posix.c:62 140009141204736: single write -1 of expected 4194304
19:18:25 ERROR /home/bsc03/bsc03353/forge/src/dispatcher/posix.c:61 140011288692480: r->filehandle = 36, r->size = 4194304, r->offset = 3145728000
19:18:25 ERROR /home/bsc03/bsc03353/forge/src/dispatcher/posix.c:62 140011288692480: single write -1 of expected 4194304
19:18:25 ERROR /home/bsc03/bsc03353/forge/src/dispatcher/posix.c:61 140097368401664: r->filehandle = 36, r->size = 4194304, r->offset = 4651483136
19:18:25 ERROR /home/bsc03/bsc03353/forge/src/dispatcher/posix.c:62 140097368401664: single write -1 of expected 4194304
19:18:27 ERROR /home/bsc03/bsc03353/forge/src/dispatcher/posix.c:61 139588140193536: r->filehandle = 35, r->size = 4194304, r->offset = 1480589312
19:18:28 ERROR /home/bsc03/bsc03353/forge/src/dispatcher/posix.c:62 139588140193536: single write -1 of expected 4194304
19:18:28 ERROR /home/bsc03/bsc03353/forge/src/dispatcher/posix.c:61 140383756719872: r->filehandle = 36, r->size = 4194304, r->offset = 5284823040
19:18:28 ERROR /home/bsc03/bsc03353/forge/src/dispatcher/posix.c:62 140383756719872: single write -1 of expected 4194304
19:18:30 ERROR /home/bsc03/bsc03353/forge/src/dispatcher/posix.c:61 140375166768896: r->filehandle = 36, r->size = 4194304, r->offset = 5104467968
19:18:30 ERROR /home/bsc03/bsc03353/forge/src/dispatcher/posix.c:62 140375166768896: single write -1 of expected 4194304
19:18:34 ERROR /home/bsc03/bsc03353/forge/src/dispatcher/posix.c:61 140364429330176: r->filehandle = 36, r->size = 4194304, r->offset = 6308233216
19:18:34 ERROR /home/bsc03/bsc03353/forge/src/dispatcher/posix.c:62 140364429330176: single write -1 of expected 4194304
19:18:36 ERROR /home/bsc03/bsc03353/forge/src/dispatcher/posix.c:61 140381609232128: r->filehandle = 36, r->size = 4194304, r->offset = 6371147776
19:18:36 ERROR /home/bsc03/bsc03353/forge/src/dispatcher/posix.c:62 140381609232128: single write -1 of expected 4194304
19:18:38 ERROR /home/bsc03/bsc03353/forge/src/dispatcher/posix.c:61 140366576817920: r->filehandle = 36, r->size = 4194304, r->offset = 6375342080
19:18:38 ERROR /home/bsc03/bsc03353/forge/src/dispatcher/posix.c:62 140366576817920: single write -1 of expected 4194304
19:18:39 ERROR /home/bsc03/bsc03353/forge/src/dispatcher/posix.c:61 140000551253760: r->filehandle = 36, r->size = 4194304, r->offset = 2562719744
19:18:39 ERROR /home/bsc03/bsc03353/forge/src/dispatcher/posix.c:62 140000551253760: single write -1 of expected 4194304
19:18:42 ERROR /home/bsc03/bsc03353/forge/src/dispatcher/posix.c:61 139989813815040: r->filehandle = 36, r->size = 4194304, r->offset = 3128950784
19:18:42 ERROR /home/bsc03/bsc03353/forge/src/dispatcher/posix.c:62 139989813815040: single write -1 of expected 4194304
19:18:42 ERROR /home/bsc03/bsc03353/forge/src/dispatcher/posix.c:61 139601025120000: r->filehandle = 35, r->size = 4194304, r->offset = 1497366528
19:18:42 ERROR /home/bsc03/bsc03353/forge/src/dispatcher/posix.c:62 139601025120000: single write -1 of expected 4194304
19:18:44 ERROR /home/bsc03/bsc03353/forge/src/dispatcher/posix.c:61 140110253328128: r->filehandle = 36, r->size = 4194304, r->offset = 3590324224
19:18:44 ERROR /home/bsc03/bsc03353/forge/src/dispatcher/posix.c:62 140110253328128: single write -1 of expected 4194304
19:18:45 ERROR /home/bsc03/bsc03353/forge/src/dispatcher/posix.c:61 140390199183104: r->filehandle = 36, r->size = 4194304, r->offset = 5251268608
19:18:45 ERROR /home/bsc03/bsc03353/forge/src/dispatcher/posix.c:62 140390199183104: single write -1 of expected 4194304
19:18:49 ERROR /home/bsc03/bsc03353/forge/src/dispatcher/posix.c:61 140377314256640: r->filehandle = 36, r->size = 4194304, r->offset = 6366953472
19:18:49 ERROR /home/bsc03/bsc03353/forge/src/dispatcher/posix.c:62 140377314256640: single write -1 of expected 4194304
19:18:49 ERROR /home/bsc03/bsc03353/forge/src/dispatcher/posix.c:61 140388051695360: r->filehandle = 36, r->size = 4194304, r->offset = 6354370560
19:18:49 ERROR /home/bsc03/bsc03353/forge/src/dispatcher/posix.c:62 140388051695360: single write -1 of expected 4194304
19:18:51 ERROR /home/bsc03/bsc03353/forge/src/dispatcher/posix.c:61 140392346670848: r->filehandle = 36, r->size = 4194304, r->offset = 6341787648
19:18:51 ERROR /home/bsc03/bsc03353/forge/src/dispatcher/posix.c:62 140392346670848: single write -1 of expected 4194304
19:18:52 ERROR /home/bsc03/bsc03353/forge/src/dispatcher/posix.c:61 140015583667968: r->filehandle = 36, r->size = 4194304, r->offset = 3103784960
19:18:52 ERROR /home/bsc03/bsc03353/forge/src/dispatcher/posix.c:62 140015583667968: single write -1 of expected 4194304
19:18:53 ERROR /home/bsc03/bsc03353/forge/src/dispatcher/posix.c:61 140088778450688: r->filehandle = 36, r->size = 4194304, r->offset = 4647288832
19:18:53 ERROR /home/bsc03/bsc03353/forge/src/dispatcher/posix.c:62 140088778450688: single write -1 of expected 4194304
19:18:54 ERROR /home/bsc03/bsc03353/forge/src/dispatcher/posix.c:61 139611762558720: r->filehandle = 35, r->size = 4194304, r->offset = 817889280
19:18:54 ERROR /home/bsc03/bsc03353/forge/src/dispatcher/posix.c:62 139611762558720: single write -1 of expected 4194304
19:18:56 ERROR /home/bsc03/bsc03353/forge/src/dispatcher/posix.c:61 140381609232128: r->filehandle = 36, r->size = 4194304, r->offset = 6383730688
19:18:56 ERROR /home/bsc03/bsc03353/forge/src/dispatcher/posix.c:62 140381609232128: single write -1 of expected 4194304
19:18:56 ERROR /home/bsc03/bsc03353/forge/src/dispatcher/posix.c:61 140370871793408: r->filehandle = 36, r->size = 4194304, r->offset = 5330960384
19:18:56 ERROR /home/bsc03/bsc03353/forge/src/dispatcher/posix.c:62 140370871793408: single write -1 of expected 4194304
19:18:58 ERROR /home/bsc03/bsc03353/forge/src/dispatcher/posix.c:61 139996256278272: r->filehandle = 36, r->size = 4194304, r->offset = 1803550720
19:18:58 ERROR /home/bsc03/bsc03353/forge/src/dispatcher/posix.c:62 139996256278272: single write -1 of expected 4194304
19:18:58 ERROR /home/bsc03/bsc03353/forge/src/dispatcher/posix.c:61 140095220913920: r->filehandle = 36, r->size = 4194304, r->offset = 4714397696
19:18:58 ERROR /home/bsc03/bsc03353/forge/src/dispatcher/posix.c:62 140095220913920: single write -1 of expected 4194304
19:19:00 ERROR /home/bsc03/bsc03353/forge/src/dispatcher/posix.c:61 139611762558720: r->filehandle = 35, r->size = 4194304, r->offset = 532676608
19:19:00 ERROR /home/bsc03/bsc03353/forge/src/dispatcher/posix.c:62 139611762558720: single write -1 of expected 4194304
19:19:02 ERROR /home/bsc03/bsc03353/forge/src/dispatcher/posix.c:61 139592435169024: r->filehandle = 35, r->size = 4194304, r->offset = 398458880
19:19:02 ERROR /home/bsc03/bsc03353/forge/src/dispatcher/posix.c:62 139592435169024: single write -1 of expected 4194304
19:19:02 ERROR /home/bsc03/bsc03353/forge/src/dispatcher/posix.c:61 139594582656768: r->filehandle = 35, r->size = 4194304, r->offset = 960495616
19:19:02 ERROR /home/bsc03/bsc03353/forge/src/dispatcher/posix.c:62 139594582656768: single write -1 of expected 4194304
19:19:03 ERROR /home/bsc03/bsc03353/forge/src/dispatcher/posix.c:61 139588140193536: r->filehandle = 35, r->size = 4194304, r->offset = 427819008
19:19:03 ERROR /home/bsc03/bsc03353/forge/src/dispatcher/posix.c:62 139588140193536: single write -1 of expected 4194304
19:19:05 ERROR /home/bsc03/bsc03353/forge/src/dispatcher/posix.c:61 139601025120000: r->filehandle = 35, r->size = 4194304, r->offset = 595591168
19:19:05 ERROR /home/bsc03/bsc03353/forge/src/dispatcher/posix.c:62 139601025120000: single write -1 of expected 4194304
19:19:08 ERROR /home/bsc03/bsc03353/forge/src/dispatcher/posix.c:61 139585992705792: r->filehandle = 35, r->size = 4194304, r->offset = 994050048
19:19:08 ERROR /home/bsc03/bsc03353/forge/src/dispatcher/posix.c:62 139585992705792: single write -1 of expected 4194304
19:19:11 ERROR /home/bsc03/bsc03353/forge/src/dispatcher/posix.c:61 139605320095488: r->filehandle = 35, r->size = 4194304, r->offset = 419430400
19:19:11 ERROR /home/bsc03/bsc03353/forge/src/dispatcher/posix.c:62 139605320095488: single write -1 of expected 4194304
19:19:12 ERROR /home/bsc03/bsc03353/forge/src/dispatcher/posix.c:61 140385904207616: r->filehandle = 36, r->size = 4194304, r->offset = 6316621824
19:19:12 ERROR /home/bsc03/bsc03353/forge/src/dispatcher/posix.c:62 140385904207616: single write -1 of expected 4194304
19:19:14 ERROR /home/bsc03/bsc03353/forge/src/dispatcher/posix.c:61 140368724305664: r->filehandle = 36, r->size = 4194304, r->offset = 6438256640
19:19:14 ERROR /home/bsc03/bsc03353/forge/src/dispatcher/posix.c:62 140368724305664: single write -1 of expected 4194304
19:19:14 ERROR /home/bsc03/bsc03353/forge/src/dispatcher/posix.c:61 140377314256640: r->filehandle = 36, r->size = 4194304, r->offset = 5687476224
19:19:14 ERROR /home/bsc03/bsc03353/forge/src/dispatcher/posix.c:62 140377314256640: single write -1 of expected 4194304
19:19:15 ERROR /home/bsc03/bsc03353/forge/src/dispatcher/posix.c:61 140080188499712: r->filehandle = 36, r->size = 4194304, r->offset = 4156555264
19:19:15 ERROR /home/bsc03/bsc03353/forge/src/dispatcher/posix.c:62 140080188499712: single write -1 of expected 4194304
19:19:17 ERROR /home/bsc03/bsc03353/forge/src/dispatcher/posix.c:61 140000551253760: r->filehandle = 36, r->size = 4194304, r->offset = 1866465280
19:19:17 ERROR /home/bsc03/bsc03353/forge/src/dispatcher/posix.c:62 140000551253760: single write -1 of expected 4194304
19:19:19 ERROR /home/bsc03/bsc03353/forge/src/dispatcher/posix.c:61 140090925938432: r->filehandle = 36, r->size = 4194304, r->offset = 4609540096
19:19:19 ERROR /home/bsc03/bsc03353/forge/src/dispatcher/posix.c:62 140090925938432: single write -1 of expected 4194304
19:19:22 ERROR /home/bsc03/bsc03353/forge/src/dispatcher/posix.c:61 140086630962944: r->filehandle = 36, r->size = 4194304, r->offset = 4571791360
19:19:22 ERROR /home/bsc03/bsc03353/forge/src/dispatcher/posix.c:62 140086630962944: single write -1 of expected 4194304
19:19:24 ERROR /home/bsc03/bsc03353/forge/src/dispatcher/posix.c:61 139603172607744: r->filehandle = 35, r->size = 4194304, r->offset = 423624704
19:19:24 ERROR /home/bsc03/bsc03353/forge/src/dispatcher/posix.c:62 139603172607744: single write -1 of expected 4194304
19:19:24 ERROR /home/bsc03/bsc03353/forge/src/dispatcher/posix.c:61 139611762558720: r->filehandle = 35, r->size = 4194304, r->offset = 658505728
19:19:24 ERROR /home/bsc03/bsc03353/forge/src/dispatcher/posix.c:62 139611762558720: single write -1 of expected 4194304
19:19:25 ERROR /home/bsc03/bsc03353/forge/src/dispatcher/posix.c:61 140015583667968: r->filehandle = 36, r->size = 4194304, r->offset = 1795162112
19:19:25 ERROR /home/bsc03/bsc03353/forge/src/dispatcher/posix.c:61 140381609232128: r->filehandle = 36, r->size = 4194304, r->offset = 6325010432
19:19:25 ERROR /home/bsc03/bsc03353/forge/src/dispatcher/posix.c:62 140015583667968: single write -1 of expected 4194304
19:19:25 ERROR /home/bsc03/bsc03353/forge/src/dispatcher/posix.c:62 140381609232128: single write -1 of expected 4194304
19:19:26 ERROR /home/bsc03/bsc03353/forge/src/dispatcher/posix.c:61 140090925938432: r->filehandle = 36, r->size = 4194304, r->offset = 4223664128
19:19:26 ERROR /home/bsc03/bsc03353/forge/src/dispatcher/posix.c:62 140090925938432: single write -1 of expected 4194304
19:19:29 ERROR /home/bsc03/bsc03353/forge/src/dispatcher/posix.c:61 140095220913920: r->filehandle = 36, r->size = 4194304, r->offset = 4194304000
19:19:29 ERROR /home/bsc03/bsc03353/forge/src/dispatcher/posix.c:62 140095220913920: single write -1 of expected 4194304
19:19:29 ERROR /home/bsc03/bsc03353/forge/src/dispatcher/posix.c:61 140390199183104: r->filehandle = 36, r->size = 4194304, r->offset = 4882169856
19:19:29 ERROR /home/bsc03/bsc03353/forge/src/dispatcher/posix.c:62 140390199183104: single write -1 of expected 4194304
19:19:31 ERROR /home/bsc03/bsc03353/forge/src/dispatcher/posix.c:61 139590287681280: r->filehandle = 35, r->size = 4194304, r->offset = 373293056
19:19:31 ERROR /home/bsc03/bsc03353/forge/src/dispatcher/posix.c:62 139590287681280: single write -1 of expected 4194304
19:19:31 ERROR /home/bsc03/bsc03353/forge/src/dispatcher/posix.c:61 139994108790528: r->filehandle = 36, r->size = 4194304, r->offset = 1975517184
19:19:31 ERROR /home/bsc03/bsc03353/forge/src/dispatcher/posix.c:62 139994108790528: single write -1 of expected 4194304
19:19:32 ERROR /home/bsc03/bsc03353/forge/src/dispatcher/posix.c:61 139592435169024: r->filehandle = 35, r->size = 4194304, r->offset = 293601280
19:19:32 ERROR /home/bsc03/bsc03353/forge/src/dispatcher/posix.c:62 139592435169024: single write -1 of expected 4194304
19:19:32 ERROR /home/bsc03/bsc03353/forge/src/dispatcher/posix.c:61 139609615070976: r->filehandle = 35, r->size = 4194304, r->offset = 1539309568
19:19:32 ERROR /home/bsc03/bsc03353/forge/src/dispatcher/posix.c:62 139609615070976: single write -1 of expected 4194304
19:19:32 ERROR /home/bsc03/bsc03353/forge/src/dispatcher/posix.c:61 140103810864896: r->filehandle = 36, r->size = 4194304, r->offset = 4282384384
19:19:32 ERROR /home/bsc03/bsc03353/forge/src/dispatcher/posix.c:62 140103810864896: single write -1 of expected 4194304
19:19:33 ERROR /home/bsc03/bsc03353/forge/src/dispatcher/posix.c:61 139581697730304: r->filehandle = 35, r->size = 4194304, r->offset = 1493172224
19:19:33 ERROR /home/bsc03/bsc03353/forge/src/dispatcher/posix.c:62 139581697730304: single write -1 of expected 4194304
19:19:35 ERROR /home/bsc03/bsc03353/forge/src/dispatcher/posix.c:61 140373019281152: r->filehandle = 36, r->size = 4194304, r->offset = 4865392640
19:19:35 ERROR /home/bsc03/bsc03353/forge/src/dispatcher/posix.c:62 140373019281152: single write -1 of expected 4194304
19:19:36 ERROR /home/bsc03/bsc03353/forge/src/dispatcher/posix.c:61 140375166768896: r->filehandle = 36, r->size = 4194304, r->offset = 6404702208
19:19:36 ERROR /home/bsc03/bsc03353/forge/src/dispatcher/posix.c:62 140375166768896: single write -1 of expected 4194304
19:19:39 ERROR /home/bsc03/bsc03353/forge/src/dispatcher/posix.c:61 139985518839552: r->filehandle = 36, r->size = 4194304, r->offset = 3107979264
19:19:39 ERROR /home/bsc03/bsc03353/forge/src/dispatcher/posix.c:62 139985518839552: single write -1 of expected 4194304
--------------------------------------------------------------------------
ORTE has lost communication with a remote daemon.

  HNP daemon   : [[32726,0],0] on node s05r2b49
  Remote daemon: [[32726,0],3] on node s05r2b54

This is usually due to either a failure of the TCP network
connection to the node, or possibly an internal failure of
the daemon itself. We cannot recover from this failure, and
therefore will terminate the job.
--------------------------------------------------------------------------
slurmstepd: error: *** JOB 8737357 ON s05r2b49 CANCELLED AT 2020-02-07T19:19:42 DUE TO TIME LIMIT ***
