Set GCC compilers as MPI wrappers backend 
remove openmpi/4.0.2_UCX (PATH, MANPATH, LD_LIBRARY_PATH) 
load openmpi/4.0.2_UCX (PATH, MANPATH, LD_LIBRARY_PATH) 
Set GCC compilers as MPI wrappers backend 
load gsl/2.4 (PATH, LD_LIBRARY_PATH, LIBRARY_PATH, MANPATH, INFOPATH,
C_INCLUDE_PATH, CPLUS_INCLUDE_PATH, PKG_CONFIG_PATH, GSL_DIR) 
15:32:01 INFO  /home/bsc03/bsc03353/forge/src/main.c:107 139714076563520: I/O Forwarding Exploration [START]
Will AGIOS generate trace files? NO
Default scheduling algorithm: TO
TWINS window size: 1000000
Will the Prediction Module read information from trace files? NO
File with access time functions: /home/bsc03/bsc03353/forge/agios/access_times.func
AGIOS thinks its user has stripe size of 32768
Will AGIOS generate trace files? NO
Default scheduling algorithm: TO
TWINS window size: 1000000
Will the Prediction Module read information from trace files? NO
File with access time functions: /home/bsc03/bsc03353/forge/agios/access_times.func
AGIOS thinks its user has stripe size of 32768
Will AGIOS generate trace files? NO
Default scheduling algorithm: TO
TWINS window size: 1000000
Will the Prediction Module read information from trace files? NO
File with access time functions: /home/bsc03/bsc03353/forge/agios/access_times.func
AGIOS thinks its user has stripe size of 32768
Will AGIOS generate trace files? NO
Default scheduling algorithm: TO
TWINS window size: 1000000
Will the Prediction Module read information from trace files? NO
File with access time functions: /home/bsc03/bsc03353/forge/agios/access_times.func
AGIOS thinks its user has stripe size of 32768
15:32:03 ERROR /home/bsc03/bsc03353/forge/src/dispatcher/posix.c:61 139942160180992: r->filehandle = 36, r->size = 1048576, r->offset = 84583383040
15:32:03 ERROR /home/bsc03/bsc03353/forge/src/dispatcher/posix.c:62 139942160180992: single write -1 of expected 1048576
15:32:03 ERROR /home/bsc03/bsc03353/forge/src/dispatcher/posix.c:61 139961487570688: r->filehandle = 36, r->size = 1048576, r->offset = 85920317440
15:32:03 ERROR /home/bsc03/bsc03353/forge/src/dispatcher/posix.c:62 139961487570688: single write -1 of expected 1048576
15:32:04 ERROR /home/bsc03/bsc03353/forge/src/dispatcher/posix.c:61 139946455156480: r->filehandle = 36, r->size = 1048576, r->offset = 72283586560
15:32:04 ERROR /home/bsc03/bsc03353/forge/src/dispatcher/posix.c:62 139946455156480: single write -1 of expected 1048576
15:32:04 ERROR /home/bsc03/bsc03353/forge/src/dispatcher/posix.c:61 139704843622144: r->filehandle = 35, r->size = 1048576, r->offset = 356515840
15:32:04 ERROR /home/bsc03/bsc03353/forge/src/dispatcher/posix.c:62 139704843622144: single write -1 of expected 1048576
15:32:05 ERROR /home/bsc03/bsc03353/forge/src/dispatcher/posix.c:61 140125458241280: r->filehandle = 36, r->size = 1048576, r->offset = 63727206400
15:32:05 ERROR /home/bsc03/bsc03353/forge/src/dispatcher/posix.c:62 140125458241280: single write -1 of expected 1048576
15:32:05 ERROR /home/bsc03/bsc03353/forge/src/dispatcher/posix.c:61 140055852250880: r->filehandle = 36, r->size = 1048576, r->offset = 135030374400
15:32:05 ERROR /home/bsc03/bsc03353/forge/src/dispatcher/posix.c:62 140055852250880: single write -1 of expected 1048576
15:32:06 ERROR /home/bsc03/bsc03353/forge/src/dispatcher/posix.c:61 140068737177344: r->filehandle = 36, r->size = 1048576, r->offset = 123621867520
15:32:06 ERROR /home/bsc03/bsc03353/forge/src/dispatcher/posix.c:62 140068737177344: single write -1 of expected 1048576
15:32:07 ERROR /home/bsc03/bsc03353/forge/src/dispatcher/posix.c:61 140060147226368: r->filehandle = 36, r->size = 1048576, r->offset = 133693440000
15:32:07 ERROR /home/bsc03/bsc03353/forge/src/dispatcher/posix.c:62 140060147226368: single write -1 of expected 1048576
15:32:09 ERROR /home/bsc03/bsc03353/forge/src/dispatcher/posix.c:61 140062294714112: r->filehandle = 36, r->size = 1048576, r->offset = 132713021440
15:32:09 ERROR /home/bsc03/bsc03353/forge/src/dispatcher/posix.c:62 140062294714112: single write -1 of expected 1048576
15:32:10 ERROR /home/bsc03/bsc03353/forge/src/dispatcher/posix.c:61 140057999738624: r->filehandle = 36, r->size = 1048576, r->offset = 134317342720
15:32:10 ERROR /home/bsc03/bsc03353/forge/src/dispatcher/posix.c:62 140057999738624: single write -1 of expected 1048576
15:32:12 ERROR /home/bsc03/bsc03353/forge/src/dispatcher/posix.c:61 140051557275392: r->filehandle = 36, r->size = 1048576, r->offset = 122284933120
15:32:12 ERROR /home/bsc03/bsc03353/forge/src/dispatcher/posix.c:62 140051557275392: single write -1 of expected 1048576
15:32:14 ERROR /home/bsc03/bsc03353/forge/src/dispatcher/posix.c:61 140045114812160: r->filehandle = 36, r->size = 1048576, r->offset = 134406471680
15:32:14 ERROR /home/bsc03/bsc03353/forge/src/dispatcher/posix.c:62 140045114812160: single write -1 of expected 1048576
15:32:15 ERROR /home/bsc03/bsc03353/forge/src/dispatcher/posix.c:61 140070884665088: r->filehandle = 36, r->size = 1048576, r->offset = 129860894720
15:32:15 ERROR /home/bsc03/bsc03353/forge/src/dispatcher/posix.c:62 140070884665088: single write -1 of expected 1048576
15:32:17 ERROR /home/bsc03/bsc03353/forge/src/dispatcher/posix.c:61 140040819836672: r->filehandle = 36, r->size = 1048576, r->offset = 123265351680
15:32:17 ERROR /home/bsc03/bsc03353/forge/src/dispatcher/posix.c:62 140040819836672: single write -1 of expected 1048576
15:32:18 ERROR /home/bsc03/bsc03353/forge/src/dispatcher/posix.c:61 140049409787648: r->filehandle = 36, r->size = 1048576, r->offset = 130841313280
15:32:18 ERROR /home/bsc03/bsc03353/forge/src/dispatcher/posix.c:62 140049409787648: single write -1 of expected 1048576
15:32:18 ERROR /home/bsc03/bsc03353/forge/src/dispatcher/posix.c:61 140047262299904: r->filehandle = 36, r->size = 1048576, r->offset = 127989186560
15:32:18 ERROR /home/bsc03/bsc03353/forge/src/dispatcher/posix.c:62 140047262299904: single write -1 of expected 1048576
15:32:18 ERROR /home/bsc03/bsc03353/forge/src/dispatcher/posix.c:61 140042967324416: r->filehandle = 36, r->size = 1048576, r->offset = 125137059840
15:32:18 ERROR /home/bsc03/bsc03353/forge/src/dispatcher/posix.c:62 140042967324416: single write -1 of expected 1048576
15:32:20 ERROR /home/bsc03/bsc03353/forge/src/dispatcher/posix.c:61 140053704763136: r->filehandle = 36, r->size = 1048576, r->offset = 123087093760
15:32:20 ERROR /home/bsc03/bsc03353/forge/src/dispatcher/posix.c:62 140053704763136: single write -1 of expected 1048576
15:32:20 ERROR /home/bsc03/bsc03353/forge/src/dispatcher/posix.c:61 140066589689600: r->filehandle = 36, r->size = 1048576, r->offset = 122195804160
15:32:20 ERROR /home/bsc03/bsc03353/forge/src/dispatcher/posix.c:62 140066589689600: single write -1 of expected 1048576
15:32:21 ERROR /home/bsc03/bsc03353/forge/src/dispatcher/posix.c:61 140064442201856: r->filehandle = 36, r->size = 1048576, r->offset = 136545566720
15:32:21 ERROR /home/bsc03/bsc03353/forge/src/dispatcher/posix.c:62 140064442201856: single write -1 of expected 1048576
15:32:22 ERROR /home/bsc03/bsc03353/forge/src/dispatcher/posix.c:61 140073032152832: r->filehandle = 36, r->size = 1048576, r->offset = 122908835840
15:32:22 ERROR /home/bsc03/bsc03353/forge/src/dispatcher/posix.c:62 140073032152832: single write -1 of expected 1048576
15:32:23 ERROR /home/bsc03/bsc03353/forge/src/dispatcher/posix.c:61 139700548646656: r->filehandle = 35, r->size = 1048576, r->offset = 12923699200
15:32:23 ERROR /home/bsc03/bsc03353/forge/src/dispatcher/posix.c:62 139700548646656: single write -1 of expected 1048576
15:32:23 ERROR /home/bsc03/bsc03353/forge/src/dispatcher/posix.c:61 139681221256960: r->filehandle = 35, r->size = 1048576, r->offset = 26649559040
15:32:23 ERROR /home/bsc03/bsc03353/forge/src/dispatcher/posix.c:62 139681221256960: single write -1 of expected 1048576
15:32:24 ERROR /home/bsc03/bsc03353/forge/src/dispatcher/posix.c:61 139691958695680: r->filehandle = 35, r->size = 1048576, r->offset = 31729909760
15:32:24 ERROR /home/bsc03/bsc03353/forge/src/dispatcher/posix.c:62 139691958695680: single write -1 of expected 1048576
15:32:24 ERROR /home/bsc03/bsc03353/forge/src/dispatcher/posix.c:61 139942160180992: r->filehandle = 36, r->size = 1048576, r->offset = 69253201920
15:32:24 ERROR /home/bsc03/bsc03353/forge/src/dispatcher/posix.c:62 139942160180992: single write -1 of expected 1048576
15:32:24 ERROR /home/bsc03/bsc03353/forge/src/dispatcher/posix.c:61 139676926281472: r->filehandle = 35, r->size = 1048576, r->offset = 28610396160
15:32:24 ERROR /home/bsc03/bsc03353/forge/src/dispatcher/posix.c:62 139676926281472: single write -1 of expected 1048576
15:32:27 ERROR /home/bsc03/bsc03353/forge/src/dispatcher/posix.c:61 139689811207936: r->filehandle = 35, r->size = 1048576, r->offset = 8823767040
15:32:27 ERROR /home/bsc03/bsc03353/forge/src/dispatcher/posix.c:62 139689811207936: single write -1 of expected 1048576
15:32:27 ERROR /home/bsc03/bsc03353/forge/src/dispatcher/posix.c:61 139706991109888: r->filehandle = 35, r->size = 1048576, r->offset = 26382172160
15:32:27 ERROR /home/bsc03/bsc03353/forge/src/dispatcher/posix.c:62 139706991109888: single write -1 of expected 1048576
15:32:28 ERROR /home/bsc03/bsc03353/forge/src/dispatcher/posix.c:61 139687663720192: r->filehandle = 35, r->size = 1048576, r->offset = 28877783040
15:32:28 ERROR /home/bsc03/bsc03353/forge/src/dispatcher/posix.c:62 139687663720192: single write -1 of expected 1048576
15:32:29 ERROR /home/bsc03/bsc03353/forge/src/dispatcher/posix.c:61 139685516232448: r->filehandle = 35, r->size = 1048576, r->offset = 2495610880
15:32:29 ERROR /home/bsc03/bsc03353/forge/src/dispatcher/posix.c:62 139685516232448: single write -1 of expected 1048576
15:32:30 ERROR /home/bsc03/bsc03353/forge/src/dispatcher/posix.c:61 140123310753536: r->filehandle = 36, r->size = 1048576, r->offset = 35384197120
15:32:30 ERROR /home/bsc03/bsc03353/forge/src/dispatcher/posix.c:62 140123310753536: single write -1 of expected 1048576
15:32:31 ERROR /home/bsc03/bsc03353/forge/src/dispatcher/posix.c:61 140040819836672: r->filehandle = 36, r->size = 1048576, r->offset = 136812953600
15:32:31 ERROR /home/bsc03/bsc03353/forge/src/dispatcher/posix.c:62 140040819836672: single write -1 of expected 1048576
15:32:32 ERROR /home/bsc03/bsc03353/forge/src/dispatcher/posix.c:61 139967930033920: r->filehandle = 36, r->size = 1048576, r->offset = 70857523200
15:32:32 ERROR /home/bsc03/bsc03353/forge/src/dispatcher/posix.c:62 139967930033920: single write -1 of expected 1048576
15:32:33 ERROR /home/bsc03/bsc03353/forge/src/dispatcher/posix.c:61 139955045107456: r->filehandle = 36, r->size = 1048576, r->offset = 91089797120
15:32:33 ERROR /home/bsc03/bsc03353/forge/src/dispatcher/posix.c:62 139955045107456: single write -1 of expected 1048576
15:32:35 ERROR /home/bsc03/bsc03353/forge/src/dispatcher/posix.c:61 139950750131968: r->filehandle = 36, r->size = 1048576, r->offset = 76472647680
15:32:35 ERROR /home/bsc03/bsc03353/forge/src/dispatcher/posix.c:62 139950750131968: single write -1 of expected 1048576
15:32:36 ERROR /home/bsc03/bsc03353/forge/src/dispatcher/posix.c:61 139957192595200: r->filehandle = 36, r->size = 1048576, r->offset = 95991889920
15:32:36 ERROR /home/bsc03/bsc03353/forge/src/dispatcher/posix.c:62 139957192595200: single write -1 of expected 1048576
15:32:38 ERROR /home/bsc03/bsc03353/forge/src/dispatcher/posix.c:61 139972225009408: r->filehandle = 36, r->size = 1048576, r->offset = 76829163520
15:32:38 ERROR /home/bsc03/bsc03353/forge/src/dispatcher/posix.c:62 139972225009408: single write -1 of expected 1048576
15:32:39 ERROR /home/bsc03/bsc03353/forge/src/dispatcher/posix.c:61 139944307668736: r->filehandle = 36, r->size = 1048576, r->offset = 85385543680
15:32:39 ERROR /home/bsc03/bsc03353/forge/src/dispatcher/posix.c:62 139944307668736: single write -1 of expected 1048576
15:32:39 ERROR /home/bsc03/bsc03353/forge/src/dispatcher/posix.c:61 139963635058432: r->filehandle = 36, r->size = 1048576, r->offset = 93407150080
15:32:39 ERROR /home/bsc03/bsc03353/forge/src/dispatcher/posix.c:62 139963635058432: single write -1 of expected 1048576
15:32:42 ERROR /home/bsc03/bsc03353/forge/src/dispatcher/posix.c:61 139674778793728: r->filehandle = 35, r->size = 1048576, r->offset = 25045237760
15:32:42 ERROR /home/bsc03/bsc03353/forge/src/dispatcher/posix.c:62 139674778793728: single write -1 of expected 1048576
15:32:43 ERROR /home/bsc03/bsc03353/forge/src/dispatcher/posix.c:61 139700548646656: r->filehandle = 35, r->size = 1048576, r->offset = 9180282880
15:32:43 ERROR /home/bsc03/bsc03353/forge/src/dispatcher/posix.c:62 139700548646656: single write -1 of expected 1048576
15:32:43 ERROR /home/bsc03/bsc03353/forge/src/dispatcher/posix.c:61 140055852250880: r->filehandle = 36, r->size = 1048576, r->offset = 133247795200
15:32:43 ERROR /home/bsc03/bsc03353/forge/src/dispatcher/posix.c:62 140055852250880: single write -1 of expected 1048576
15:32:43 ERROR /home/bsc03/bsc03353/forge/src/dispatcher/posix.c:61 140129753216768: r->filehandle = 36, r->size = 1048576, r->offset = 41979740160
15:32:43 ERROR /home/bsc03/bsc03353/forge/src/dispatcher/posix.c:62 140129753216768: single write -1 of expected 1048576
15:32:44 ERROR /home/bsc03/bsc03353/forge/src/dispatcher/posix.c:61 140053704763136: r->filehandle = 36, r->size = 1048576, r->offset = 130306539520
15:32:44 ERROR /home/bsc03/bsc03353/forge/src/dispatcher/posix.c:62 140053704763136: single write -1 of expected 1048576
15:32:45 ERROR /home/bsc03/bsc03353/forge/src/dispatcher/posix.c:61 139942160180992: r->filehandle = 36, r->size = 1048576, r->offset = 71570554880
15:32:45 ERROR /home/bsc03/bsc03353/forge/src/dispatcher/posix.c:62 139942160180992: single write -1 of expected 1048576
15:32:47 ERROR /home/bsc03/bsc03353/forge/src/dispatcher/posix.c:61 139970077521664: r->filehandle = 36, r->size = 1048576, r->offset = 87168122880
15:32:47 ERROR /home/bsc03/bsc03353/forge/src/dispatcher/posix.c:62 139970077521664: single write -1 of expected 1048576
15:32:48 ERROR /home/bsc03/bsc03353/forge/src/dispatcher/posix.c:61 140125458241280: r->filehandle = 36, r->size = 1048576, r->offset = 37879808000
15:32:48 ERROR /home/bsc03/bsc03353/forge/src/dispatcher/posix.c:62 140125458241280: single write -1 of expected 1048576
15:32:49 ERROR /home/bsc03/bsc03353/forge/src/dispatcher/posix.c:61 139698401158912: r->filehandle = 35, r->size = 1048576, r->offset = 2762997760
15:32:49 ERROR /home/bsc03/bsc03353/forge/src/dispatcher/posix.c:62 139698401158912: single write -1 of expected 1048576
15:32:50 ERROR /home/bsc03/bsc03353/forge/src/dispatcher/posix.c:61 140138343167744: r->filehandle = 36, r->size = 1048576, r->offset = 57488179200
15:32:50 ERROR /home/bsc03/bsc03353/forge/src/dispatcher/posix.c:62 140138343167744: single write -1 of expected 1048576
15:32:51 ERROR /home/bsc03/bsc03353/forge/src/dispatcher/posix.c:61 140045114812160: r->filehandle = 36, r->size = 1048576, r->offset = 127632670720
15:32:51 ERROR /home/bsc03/bsc03353/forge/src/dispatcher/posix.c:62 140045114812160: single write -1 of expected 1048576
15:32:51 ERROR /home/bsc03/bsc03353/forge/src/dispatcher/posix.c:61 140060147226368: r->filehandle = 36, r->size = 1048576, r->offset = 136099921920
15:32:51 ERROR /home/bsc03/bsc03353/forge/src/dispatcher/posix.c:62 140060147226368: single write -1 of expected 1048576
15:32:52 ERROR /home/bsc03/bsc03353/forge/src/dispatcher/posix.c:61 139952897619712: r->filehandle = 36, r->size = 1048576, r->offset = 73442263040
15:32:52 ERROR /home/bsc03/bsc03353/forge/src/dispatcher/posix.c:62 139952897619712: single write -1 of expected 1048576
15:32:53 ERROR /home/bsc03/bsc03353/forge/src/dispatcher/posix.c:61 139694106183424: r->filehandle = 35, r->size = 1048576, r->offset = 25401753600
15:32:53 ERROR /home/bsc03/bsc03353/forge/src/dispatcher/posix.c:62 139694106183424: single write -1 of expected 1048576
15:32:53 ERROR /home/bsc03/bsc03353/forge/src/dispatcher/posix.c:61 140138343167744: r->filehandle = 36, r->size = 1048576, r->offset = 39840645120
15:32:53 ERROR /home/bsc03/bsc03353/forge/src/dispatcher/posix.c:62 140138343167744: single write -1 of expected 1048576
15:32:54 ERROR /home/bsc03/bsc03353/forge/src/dispatcher/posix.c:61 140127605729024: r->filehandle = 36, r->size = 1048576, r->offset = 50357862400
15:32:54 ERROR /home/bsc03/bsc03353/forge/src/dispatcher/posix.c:62 140127605729024: single write -1 of expected 1048576
15:32:56 ERROR /home/bsc03/bsc03353/forge/src/dispatcher/posix.c:61 140131900704512: r->filehandle = 36, r->size = 1048576, r->offset = 57309921280
15:32:56 ERROR /home/bsc03/bsc03353/forge/src/dispatcher/posix.c:62 140131900704512: single write -1 of expected 1048576
15:32:57 ERROR /home/bsc03/bsc03353/forge/src/dispatcher/posix.c:61 140051557275392: r->filehandle = 36, r->size = 1048576, r->offset = 130395668480
15:32:57 ERROR /home/bsc03/bsc03353/forge/src/dispatcher/posix.c:62 140051557275392: single write -1 of expected 1048576
15:32:58 ERROR /home/bsc03/bsc03353/forge/src/dispatcher/posix.c:61 140066589689600: r->filehandle = 36, r->size = 1048576, r->offset = 123710996480
15:32:58 ERROR /home/bsc03/bsc03353/forge/src/dispatcher/posix.c:62 140066589689600: single write -1 of expected 1048576
15:32:59 ERROR /home/bsc03/bsc03353/forge/src/dispatcher/posix.c:61 140047262299904: r->filehandle = 36, r->size = 1048576, r->offset = 125226188800
15:32:59 ERROR /home/bsc03/bsc03353/forge/src/dispatcher/posix.c:62 140047262299904: single write -1 of expected 1048576
15:33:00 ERROR /home/bsc03/bsc03353/forge/src/dispatcher/posix.c:61 140055852250880: r->filehandle = 36, r->size = 1048576, r->offset = 135565148160
15:33:00 ERROR /home/bsc03/bsc03353/forge/src/dispatcher/posix.c:62 140055852250880: single write -1 of expected 1048576
15:33:01 ERROR /home/bsc03/bsc03353/forge/src/dispatcher/posix.c:61 140070884665088: r->filehandle = 36, r->size = 1048576, r->offset = 121393643520
15:33:01 ERROR /home/bsc03/bsc03353/forge/src/dispatcher/posix.c:62 140070884665088: single write -1 of expected 1048576
15:33:01 ERROR /home/bsc03/bsc03353/forge/src/dispatcher/posix.c:61 139681221256960: r->filehandle = 35, r->size = 1048576, r->offset = 9536798720
15:33:01 ERROR /home/bsc03/bsc03353/forge/src/dispatcher/posix.c:62 139681221256960: single write -1 of expected 1048576
15:33:03 ERROR /home/bsc03/bsc03353/forge/src/dispatcher/posix.c:61 139696253671168: r->filehandle = 35, r->size = 1048576, r->offset = 14617149440
15:33:03 ERROR /home/bsc03/bsc03353/forge/src/dispatcher/posix.c:62 139696253671168: single write -1 of expected 1048576
15:33:03 ERROR /home/bsc03/bsc03353/forge/src/dispatcher/posix.c:61 139972225009408: r->filehandle = 36, r->size = 1048576, r->offset = 74511810560
15:33:03 ERROR /home/bsc03/bsc03353/forge/src/dispatcher/posix.c:62 139972225009408: single write -1 of expected 1048576
15:33:04 ERROR /home/bsc03/bsc03353/forge/src/dispatcher/posix.c:61 140144785630976: r->filehandle = 36, r->size = 1048576, r->offset = 45277511680
15:33:04 ERROR /home/bsc03/bsc03353/forge/src/dispatcher/posix.c:62 140144785630976: single write -1 of expected 1048576
15:33:05 ERROR /home/bsc03/bsc03353/forge/src/dispatcher/posix.c:61 140146933118720: r->filehandle = 36, r->size = 1048576, r->offset = 56062115840
15:33:05 ERROR /home/bsc03/bsc03353/forge/src/dispatcher/posix.c:62 140146933118720: single write -1 of expected 1048576
15:33:06 ERROR /home/bsc03/bsc03353/forge/src/dispatcher/posix.c:61 140068737177344: r->filehandle = 36, r->size = 1048576, r->offset = 131108700160
15:33:06 ERROR /home/bsc03/bsc03353/forge/src/dispatcher/posix.c:62 140068737177344: single write -1 of expected 1048576
15:33:07 ERROR /home/bsc03/bsc03353/forge/src/dispatcher/posix.c:61 139974372497152: r->filehandle = 36, r->size = 1048576, r->offset = 73353134080
15:33:07 ERROR /home/bsc03/bsc03353/forge/src/dispatcher/posix.c:62 139974372497152: single write -1 of expected 1048576
15:33:10 ERROR /home/bsc03/bsc03353/forge/src/dispatcher/posix.c:61 139694106183424: r->filehandle = 35, r->size = 1048576, r->offset = 10071572480
15:33:10 ERROR /home/bsc03/bsc03353/forge/src/dispatcher/posix.c:62 139694106183424: single write -1 of expected 1048576
15:33:11 ERROR /home/bsc03/bsc03353/forge/src/dispatcher/posix.c:61 139679073769216: r->filehandle = 35, r->size = 1048576, r->offset = 31016878080
15:33:11 ERROR /home/bsc03/bsc03353/forge/src/dispatcher/posix.c:62 139679073769216: single write -1 of expected 1048576
15:33:12 ERROR /home/bsc03/bsc03353/forge/src/dispatcher/posix.c:61 140119015778048: r->filehandle = 36, r->size = 1048576, r->offset = 52140441600
15:33:12 ERROR /home/bsc03/bsc03353/forge/src/dispatcher/posix.c:62 140119015778048: single write -1 of expected 1048576
15:33:12 ERROR /home/bsc03/bsc03353/forge/src/dispatcher/posix.c:61 139965782546176: r->filehandle = 36, r->size = 1048576, r->offset = 71659683840
15:33:12 ERROR /home/bsc03/bsc03353/forge/src/dispatcher/posix.c:61 140062294714112: r->filehandle = 36, r->size = 1048576, r->offset = 135208632320
15:33:12 ERROR /home/bsc03/bsc03353/forge/src/dispatcher/posix.c:62 140062294714112: single write -1 of expected 1048576
15:33:12 ERROR /home/bsc03/bsc03353/forge/src/dispatcher/posix.c:62 139965782546176: single write -1 of expected 1048576
15:33:13 ERROR /home/bsc03/bsc03353/forge/src/dispatcher/posix.c:61 139957192595200: r->filehandle = 36, r->size = 1048576, r->offset = 73709649920
15:33:13 ERROR /home/bsc03/bsc03353/forge/src/dispatcher/posix.c:62 139957192595200: single write -1 of expected 1048576
15:33:16 ERROR /home/bsc03/bsc03353/forge/src/dispatcher/posix.c:61 139689811207936: r->filehandle = 35, r->size = 1048576, r->offset = 27986493440
15:33:16 ERROR /home/bsc03/bsc03353/forge/src/dispatcher/posix.c:62 139689811207936: single write -1 of expected 1048576
15:33:17 ERROR /home/bsc03/bsc03353/forge/src/dispatcher/posix.c:61 140129753216768: r->filehandle = 36, r->size = 1048576, r->offset = 39127613440
15:33:17 ERROR /home/bsc03/bsc03353/forge/src/dispatcher/posix.c:62 140129753216768: single write -1 of expected 1048576
15:33:18 ERROR /home/bsc03/bsc03353/forge/src/dispatcher/posix.c:61 140042967324416: r->filehandle = 36, r->size = 1048576, r->offset = 121482772480
15:33:18 ERROR /home/bsc03/bsc03353/forge/src/dispatcher/posix.c:62 140042967324416: single write -1 of expected 1048576
15:33:19 ERROR /home/bsc03/bsc03353/forge/src/dispatcher/posix.c:61 139955045107456: r->filehandle = 36, r->size = 1048576, r->offset = 93852794880
15:33:19 ERROR /home/bsc03/bsc03353/forge/src/dispatcher/posix.c:62 139955045107456: single write -1 of expected 1048576
15:33:21 ERROR /home/bsc03/bsc03353/forge/src/dispatcher/posix.c:61 140053704763136: r->filehandle = 36, r->size = 1048576, r->offset = 128791347200
15:33:21 ERROR /home/bsc03/bsc03353/forge/src/dispatcher/posix.c:62 140053704763136: single write -1 of expected 1048576
15:33:24 ERROR /home/bsc03/bsc03353/forge/src/dispatcher/posix.c:61 140047262299904: r->filehandle = 36, r->size = 1048576, r->offset = 128613089280
15:33:24 ERROR /home/bsc03/bsc03353/forge/src/dispatcher/posix.c:62 140047262299904: single write -1 of expected 1048576
15:33:25 ERROR /home/bsc03/bsc03353/forge/src/dispatcher/posix.c:61 140066589689600: r->filehandle = 36, r->size = 1048576, r->offset = 134852116480
15:33:25 ERROR /home/bsc03/bsc03353/forge/src/dispatcher/posix.c:62 140066589689600: single write -1 of expected 1048576
15:33:28 ERROR /home/bsc03/bsc03353/forge/src/dispatcher/posix.c:61 140073032152832: r->filehandle = 36, r->size = 1048576, r->offset = 108113428480
15:33:28 ERROR /home/bsc03/bsc03353/forge/src/dispatcher/posix.c:62 140073032152832: single write -1 of expected 1048576
15:33:28 ERROR /home/bsc03/bsc03353/forge/src/dispatcher/posix.c:61 140049409787648: r->filehandle = 36, r->size = 1048576, r->offset = 121661030400
15:33:28 ERROR /home/bsc03/bsc03353/forge/src/dispatcher/posix.c:62 140049409787648: single write -1 of expected 1048576
15:33:30 ERROR /home/bsc03/bsc03353/forge/src/dispatcher/posix.c:61 139702696134400: r->filehandle = 35, r->size = 1048576, r->offset = 23975690240
15:33:30 ERROR /home/bsc03/bsc03353/forge/src/dispatcher/posix.c:62 139702696134400: single write -1 of expected 1048576
15:33:32 ERROR /home/bsc03/bsc03353/forge/src/dispatcher/posix.c:61 139700548646656: r->filehandle = 35, r->size = 1048576, r->offset = 4010803200
15:33:32 ERROR /home/bsc03/bsc03353/forge/src/dispatcher/posix.c:62 139700548646656: single write -1 of expected 1048576
15:33:33 ERROR /home/bsc03/bsc03353/forge/src/dispatcher/posix.c:61 139970077521664: r->filehandle = 36, r->size = 1048576, r->offset = 73977036800
15:33:33 ERROR /home/bsc03/bsc03353/forge/src/dispatcher/posix.c:62 139970077521664: single write -1 of expected 1048576
15:33:34 ERROR /home/bsc03/bsc03353/forge/src/dispatcher/posix.c:61 139948602644224: r->filehandle = 36, r->size = 1048576, r->offset = 84850769920
15:33:34 ERROR /home/bsc03/bsc03353/forge/src/dispatcher/posix.c:62 139948602644224: single write -1 of expected 1048576
15:33:36 ERROR /home/bsc03/bsc03353/forge/src/dispatcher/posix.c:61 140121163265792: r->filehandle = 36, r->size = 1048576, r->offset = 38592839680
15:33:36 ERROR /home/bsc03/bsc03353/forge/src/dispatcher/posix.c:62 140121163265792: single write -1 of expected 1048576
15:33:39 ERROR /home/bsc03/bsc03353/forge/src/dispatcher/posix.c:61 140060147226368: r->filehandle = 36, r->size = 1048576, r->offset = 128345702400
15:33:39 ERROR /home/bsc03/bsc03353/forge/src/dispatcher/posix.c:62 140060147226368: single write -1 of expected 1048576
15:33:40 ERROR /home/bsc03/bsc03353/forge/src/dispatcher/posix.c:61 139679073769216: r->filehandle = 35, r->size = 1048576, r->offset = 28164751360
15:33:40 ERROR /home/bsc03/bsc03353/forge/src/dispatcher/posix.c:62 139679073769216: single write -1 of expected 1048576
15:33:40 ERROR /home/bsc03/bsc03353/forge/src/dispatcher/posix.c:61 139700548646656: r->filehandle = 35, r->size = 1048576, r->offset = 11051991040
15:33:40 ERROR /home/bsc03/bsc03353/forge/src/dispatcher/posix.c:62 139700548646656: single write -1 of expected 1048576
15:33:41 ERROR /home/bsc03/bsc03353/forge/src/dispatcher/posix.c:61 139959340082944: r->filehandle = 36, r->size = 1048576, r->offset = 102230917120
15:33:41 ERROR /home/bsc03/bsc03353/forge/src/dispatcher/posix.c:62 139959340082944: single write -1 of expected 1048576
15:33:42 ERROR /home/bsc03/bsc03353/forge/src/dispatcher/posix.c:61 140149080606464: r->filehandle = 36, r->size = 1048576, r->offset = 37345034240
15:33:42 ERROR /home/bsc03/bsc03353/forge/src/dispatcher/posix.c:62 140149080606464: single write -1 of expected 1048576
15:33:42 ERROR /home/bsc03/bsc03353/forge/src/dispatcher/posix.c:61 140066589689600: r->filehandle = 36, r->size = 1048576, r->offset = 126384865280
15:33:42 ERROR /home/bsc03/bsc03353/forge/src/dispatcher/posix.c:62 140066589689600: single write -1 of expected 1048576
15:33:45 ERROR /home/bsc03/bsc03353/forge/src/dispatcher/posix.c:61 140051557275392: r->filehandle = 36, r->size = 1048576, r->offset = 126652252160
15:33:45 ERROR /home/bsc03/bsc03353/forge/src/dispatcher/posix.c:62 140051557275392: single write -1 of expected 1048576
15:33:46 ERROR /home/bsc03/bsc03353/forge/src/dispatcher/posix.c:61 140070884665088: r->filehandle = 36, r->size = 1048576, r->offset = 112213360640
15:33:46 ERROR /home/bsc03/bsc03353/forge/src/dispatcher/posix.c:62 140070884665088: single write -1 of expected 1048576
15:33:46 ERROR /home/bsc03/bsc03353/forge/src/dispatcher/posix.c:61 139676926281472: r->filehandle = 35, r->size = 1048576, r->offset = 24688721920
15:33:46 ERROR /home/bsc03/bsc03353/forge/src/dispatcher/posix.c:62 139676926281472: single write -1 of expected 1048576
15:33:47 ERROR /home/bsc03/bsc03353/forge/src/dispatcher/posix.c:61 139694106183424: r->filehandle = 35, r->size = 1048576, r->offset = 28432138240
15:33:47 ERROR /home/bsc03/bsc03353/forge/src/dispatcher/posix.c:62 139694106183424: single write -1 of expected 1048576
15:33:48 ERROR /home/bsc03/bsc03353/forge/src/dispatcher/posix.c:61 139970077521664: r->filehandle = 36, r->size = 1048576, r->offset = 85474672640
15:33:48 ERROR /home/bsc03/bsc03353/forge/src/dispatcher/posix.c:62 139970077521664: single write -1 of expected 1048576
15:33:48 ERROR /home/bsc03/bsc03353/forge/src/dispatcher/posix.c:61 140121163265792: r->filehandle = 36, r->size = 1048576, r->offset = 42336256000
15:33:48 ERROR /home/bsc03/bsc03353/forge/src/dispatcher/posix.c:62 140121163265792: single write -1 of expected 1048576
15:33:49 ERROR /home/bsc03/bsc03353/forge/src/dispatcher/posix.c:61 139948602644224: r->filehandle = 36, r->size = 1048576, r->offset = 86722478080
15:33:49 ERROR /home/bsc03/bsc03353/forge/src/dispatcher/posix.c:62 139948602644224: single write -1 of expected 1048576
15:33:50 ERROR /home/bsc03/bsc03353/forge/src/dispatcher/posix.c:61 140073032152832: r->filehandle = 36, r->size = 1048576, r->offset = 133069537280
15:33:50 ERROR /home/bsc03/bsc03353/forge/src/dispatcher/posix.c:62 140073032152832: single write -1 of expected 1048576
15:33:50 ERROR /home/bsc03/bsc03353/forge/src/dispatcher/posix.c:61 140062294714112: r->filehandle = 36, r->size = 1048576, r->offset = 124424028160
15:33:50 ERROR /home/bsc03/bsc03353/forge/src/dispatcher/posix.c:62 140062294714112: single write -1 of expected 1048576
15:33:51 ERROR /home/bsc03/bsc03353/forge/src/dispatcher/posix.c:61 140140490655488: r->filehandle = 36, r->size = 1048576, r->offset = 51427409920
15:33:51 ERROR /home/bsc03/bsc03353/forge/src/dispatcher/posix.c:62 140140490655488: single write -1 of expected 1048576
15:33:52 ERROR /home/bsc03/bsc03353/forge/src/dispatcher/posix.c:61 139706991109888: r->filehandle = 35, r->size = 1048576, r->offset = 23619174400
15:33:52 ERROR /home/bsc03/bsc03353/forge/src/dispatcher/posix.c:62 139706991109888: single write -1 of expected 1048576
15:33:53 ERROR /home/bsc03/bsc03353/forge/src/dispatcher/posix.c:61 139952897619712: r->filehandle = 36, r->size = 1048576, r->offset = 74244423680
15:33:53 ERROR /home/bsc03/bsc03353/forge/src/dispatcher/posix.c:62 139952897619712: single write -1 of expected 1048576
15:33:54 ERROR /home/bsc03/bsc03353/forge/src/dispatcher/posix.c:61 139955045107456: r->filehandle = 36, r->size = 1048576, r->offset = 88683315200
15:33:54 ERROR /home/bsc03/bsc03353/forge/src/dispatcher/posix.c:62 139955045107456: single write -1 of expected 1048576
15:33:56 ERROR /home/bsc03/bsc03353/forge/src/dispatcher/posix.c:61 139970077521664: r->filehandle = 36, r->size = 1048576, r->offset = 84226867200
15:33:56 ERROR /home/bsc03/bsc03353/forge/src/dispatcher/posix.c:62 139970077521664: single write -1 of expected 1048576
15:33:58 ERROR /home/bsc03/bsc03353/forge/src/dispatcher/posix.c:61 139974372497152: r->filehandle = 36, r->size = 1048576, r->offset = 71124910080
15:33:58 ERROR /home/bsc03/bsc03353/forge/src/dispatcher/posix.c:62 139974372497152: single write -1 of expected 1048576
15:33:58 ERROR /home/bsc03/bsc03353/forge/src/dispatcher/posix.c:61 139963635058432: r->filehandle = 36, r->size = 1048576, r->offset = 73264005120
15:33:58 ERROR /home/bsc03/bsc03353/forge/src/dispatcher/posix.c:62 139963635058432: single write -1 of expected 1048576
15:34:00 ERROR /home/bsc03/bsc03353/forge/src/dispatcher/posix.c:61 139700548646656: r->filehandle = 35, r->size = 1048576, r->offset = 25580011520
15:34:00 ERROR /home/bsc03/bsc03353/forge/src/dispatcher/posix.c:62 139700548646656: single write -1 of expected 1048576
15:34:01 ERROR /home/bsc03/bsc03353/forge/src/dispatcher/posix.c:61 140042967324416: r->filehandle = 36, r->size = 1048576, r->offset = 121215385600
15:34:01 ERROR /home/bsc03/bsc03353/forge/src/dispatcher/posix.c:62 140042967324416: single write -1 of expected 1048576
15:34:04 ERROR /home/bsc03/bsc03353/forge/src/dispatcher/posix.c:61 140149080606464: r->filehandle = 36, r->size = 1048576, r->offset = 35295068160
15:34:04 ERROR /home/bsc03/bsc03353/forge/src/dispatcher/posix.c:62 140149080606464: single write -1 of expected 1048576
15:34:05 ERROR /home/bsc03/bsc03353/forge/src/dispatcher/posix.c:61 139967930033920: r->filehandle = 36, r->size = 1048576, r->offset = 79413903360
15:34:05 ERROR /home/bsc03/bsc03353/forge/src/dispatcher/posix.c:62 139967930033920: single write -1 of expected 1048576
15:34:06 ERROR /home/bsc03/bsc03353/forge/src/dispatcher/posix.c:61 139681221256960: r->filehandle = 35, r->size = 1048576, r->offset = 22906142720
15:34:06 ERROR /home/bsc03/bsc03353/forge/src/dispatcher/posix.c:62 139681221256960: single write -1 of expected 1048576
15:34:07 ERROR /home/bsc03/bsc03353/forge/src/dispatcher/posix.c:61 139706991109888: r->filehandle = 35, r->size = 1048576, r->offset = 27629977600
15:34:07 ERROR /home/bsc03/bsc03353/forge/src/dispatcher/posix.c:62 139706991109888: single write -1 of expected 1048576
15:34:08 ERROR /home/bsc03/bsc03353/forge/src/dispatcher/posix.c:61 140057999738624: r->filehandle = 36, r->size = 1048576, r->offset = 127008768000
15:34:08 ERROR /home/bsc03/bsc03353/forge/src/dispatcher/posix.c:62 140057999738624: single write -1 of expected 1048576
15:34:09 ERROR /home/bsc03/bsc03353/forge/src/dispatcher/posix.c:61 139698401158912: r->filehandle = 35, r->size = 1048576, r->offset = 31819038720
15:34:09 ERROR /home/bsc03/bsc03353/forge/src/dispatcher/posix.c:62 139698401158912: single write -1 of expected 1048576
15:34:13 ERROR /home/bsc03/bsc03353/forge/src/dispatcher/posix.c:61 140121163265792: r->filehandle = 36, r->size = 1048576, r->offset = 42692771840
15:34:13 ERROR /home/bsc03/bsc03353/forge/src/dispatcher/posix.c:62 140121163265792: single write -1 of expected 1048576
15:34:24 ERROR /home/bsc03/bsc03353/forge/src/dispatcher/posix.c:61 140129753216768: r->filehandle = 36, r->size = 1048576, r->offset = 44653608960
15:34:24 ERROR /home/bsc03/bsc03353/forge/src/dispatcher/posix.c:62 140129753216768: single write -1 of expected 1048576
15:34:25 ERROR /home/bsc03/bsc03353/forge/src/dispatcher/posix.c:61 140045114812160: r->filehandle = 36, r->size = 1048576, r->offset = 128969605120
15:34:25 ERROR /home/bsc03/bsc03353/forge/src/dispatcher/posix.c:62 140045114812160: single write -1 of expected 1048576
15:34:26 ERROR /home/bsc03/bsc03353/forge/src/dispatcher/posix.c:61 139696253671168: r->filehandle = 35, r->size = 1048576, r->offset = 3297771520
15:34:26 ERROR /home/bsc03/bsc03353/forge/src/dispatcher/posix.c:62 139696253671168: single write -1 of expected 1048576
15:34:26 ERROR /home/bsc03/bsc03353/forge/src/dispatcher/posix.c:61 139942160180992: r->filehandle = 36, r->size = 1048576, r->offset = 94565826560
15:34:26 ERROR /home/bsc03/bsc03353/forge/src/dispatcher/posix.c:62 139942160180992: single write -1 of expected 1048576
15:34:26 ERROR /home/bsc03/bsc03353/forge/src/dispatcher/posix.c:61 140125458241280: r->filehandle = 36, r->size = 1048576, r->offset = 64351109120
15:34:26 ERROR /home/bsc03/bsc03353/forge/src/dispatcher/posix.c:62 140125458241280: single write -1 of expected 1048576
15:34:27 ERROR /home/bsc03/bsc03353/forge/src/dispatcher/posix.c:61 139691958695680: r->filehandle = 35, r->size = 1048576, r->offset = 20588789760
15:34:27 ERROR /home/bsc03/bsc03353/forge/src/dispatcher/posix.c:62 139691958695680: single write -1 of expected 1048576
15:34:27 ERROR /home/bsc03/bsc03353/forge/src/dispatcher/posix.c:61 140055852250880: r->filehandle = 36, r->size = 1048576, r->offset = 122819706880
15:34:27 ERROR /home/bsc03/bsc03353/forge/src/dispatcher/posix.c:62 140055852250880: single write -1 of expected 1048576
15:34:28 ERROR /home/bsc03/bsc03353/forge/src/dispatcher/posix.c:61 140066589689600: r->filehandle = 36, r->size = 1048576, r->offset = 126295736320
15:34:28 ERROR /home/bsc03/bsc03353/forge/src/dispatcher/posix.c:62 140066589689600: single write -1 of expected 1048576
15:34:29 ERROR /home/bsc03/bsc03353/forge/src/dispatcher/posix.c:61 140049409787648: r->filehandle = 36, r->size = 1048576, r->offset = 133960826880
15:34:29 ERROR /home/bsc03/bsc03353/forge/src/dispatcher/posix.c:62 140049409787648: single write -1 of expected 1048576
15:34:29 ERROR /home/bsc03/bsc03353/forge/src/dispatcher/posix.c:61 139965782546176: r->filehandle = 36, r->size = 1048576, r->offset = 81374740480
15:34:29 ERROR /home/bsc03/bsc03353/forge/src/dispatcher/posix.c:62 139965782546176: single write -1 of expected 1048576
15:34:30 ERROR /home/bsc03/bsc03353/forge/src/dispatcher/posix.c:61 139950750131968: r->filehandle = 36, r->size = 1048576, r->offset = 72105328640
15:34:30 ERROR /home/bsc03/bsc03353/forge/src/dispatcher/posix.c:62 139950750131968: single write -1 of expected 1048576
15:34:31 ERROR /home/bsc03/bsc03353/forge/src/dispatcher/posix.c:61 139952897619712: r->filehandle = 36, r->size = 1048576, r->offset = 92694118400
15:34:31 ERROR /home/bsc03/bsc03353/forge/src/dispatcher/posix.c:62 139952897619712: single write -1 of expected 1048576
15:34:31 ERROR /home/bsc03/bsc03353/forge/src/dispatcher/posix.c:61 139963635058432: r->filehandle = 36, r->size = 1048576, r->offset = 78166097920
15:34:31 ERROR /home/bsc03/bsc03353/forge/src/dispatcher/posix.c:62 139963635058432: single write -1 of expected 1048576
15:34:32 ERROR /home/bsc03/bsc03353/forge/src/dispatcher/posix.c:61 140119015778048: r->filehandle = 36, r->size = 1048576, r->offset = 52051312640
15:34:32 ERROR /home/bsc03/bsc03353/forge/src/dispatcher/posix.c:62 140119015778048: single write -1 of expected 1048576
15:34:33 ERROR /home/bsc03/bsc03353/forge/src/dispatcher/posix.c:61 139681221256960: r->filehandle = 35, r->size = 1048576, r->offset = 21034434560
15:34:33 ERROR /home/bsc03/bsc03353/forge/src/dispatcher/posix.c:62 139681221256960: single write -1 of expected 1048576
15:34:33 ERROR /home/bsc03/bsc03353/forge/src/dispatcher/posix.c:61 139679073769216: r->filehandle = 35, r->size = 1048576, r->offset = 3119513600
15:34:33 ERROR /home/bsc03/bsc03353/forge/src/dispatcher/posix.c:62 139679073769216: single write -1 of expected 1048576
15:34:34 ERROR /home/bsc03/bsc03353/forge/src/dispatcher/posix.c:61 140062294714112: r->filehandle = 36, r->size = 1048576, r->offset = 133604311040
15:34:34 ERROR /home/bsc03/bsc03353/forge/src/dispatcher/posix.c:62 140062294714112: single write -1 of expected 1048576
15:34:35 ERROR /home/bsc03/bsc03353/forge/src/dispatcher/posix.c:61 140060147226368: r->filehandle = 36, r->size = 1048576, r->offset = 110341652480
15:34:35 ERROR /home/bsc03/bsc03353/forge/src/dispatcher/posix.c:62 140060147226368: single write -1 of expected 1048576
15:34:36 ERROR /home/bsc03/bsc03353/forge/src/dispatcher/posix.c:61 139957192595200: r->filehandle = 36, r->size = 1048576, r->offset = 79057387520
15:34:36 ERROR /home/bsc03/bsc03353/forge/src/dispatcher/posix.c:62 139957192595200: single write -1 of expected 1048576
15:34:36 ERROR /home/bsc03/bsc03353/forge/src/dispatcher/posix.c:61 140125458241280: r->filehandle = 36, r->size = 1048576, r->offset = 43405803520
15:34:36 ERROR /home/bsc03/bsc03353/forge/src/dispatcher/posix.c:62 140125458241280: single write -1 of expected 1048576
15:34:37 ERROR /home/bsc03/bsc03353/forge/src/dispatcher/posix.c:61 139689811207936: r->filehandle = 35, r->size = 1048576, r->offset = 0
15:34:37 ERROR /home/bsc03/bsc03353/forge/src/dispatcher/posix.c:62 139689811207936: single write -1 of expected 1048576
15:34:38 ERROR /home/bsc03/bsc03353/forge/src/dispatcher/posix.c:61 139681221256960: r->filehandle = 35, r->size = 1048576, r->offset = 32532070400
15:34:38 ERROR /home/bsc03/bsc03353/forge/src/dispatcher/posix.c:62 139681221256960: single write -1 of expected 1048576
15:34:39 ERROR /home/bsc03/bsc03353/forge/src/dispatcher/posix.c:61 139674778793728: r->filehandle = 35, r->size = 1048576, r->offset = 19519242240
15:34:39 ERROR /home/bsc03/bsc03353/forge/src/dispatcher/posix.c:62 139674778793728: single write -1 of expected 1048576
15:34:40 ERROR /home/bsc03/bsc03353/forge/src/dispatcher/posix.c:61 140070884665088: r->filehandle = 36, r->size = 1048576, r->offset = 133426053120
15:34:40 ERROR /home/bsc03/bsc03353/forge/src/dispatcher/posix.c:62 140070884665088: single write -1 of expected 1048576
15:34:40 ERROR /home/bsc03/bsc03353/forge/src/dispatcher/posix.c:61 140040819836672: r->filehandle = 36, r->size = 1048576, r->offset = 126028349440
15:34:40 ERROR /home/bsc03/bsc03353/forge/src/dispatcher/posix.c:62 140040819836672: single write -1 of expected 1048576
15:34:41 ERROR /home/bsc03/bsc03353/forge/src/dispatcher/posix.c:61 140042967324416: r->filehandle = 36, r->size = 1048576, r->offset = 128167444480
15:34:41 ERROR /home/bsc03/bsc03353/forge/src/dispatcher/posix.c:62 140042967324416: single write -1 of expected 1048576
15:34:42 ERROR /home/bsc03/bsc03353/forge/src/dispatcher/posix.c:61 139955045107456: r->filehandle = 36, r->size = 1048576, r->offset = 88505057280
15:34:42 ERROR /home/bsc03/bsc03353/forge/src/dispatcher/posix.c:62 139955045107456: single write -1 of expected 1048576
15:34:43 ERROR /home/bsc03/bsc03353/forge/src/dispatcher/posix.c:61 139952897619712: r->filehandle = 36, r->size = 1048576, r->offset = 73174876160
15:34:43 ERROR /home/bsc03/bsc03353/forge/src/dispatcher/posix.c:62 139952897619712: single write -1 of expected 1048576
15:34:44 ERROR /home/bsc03/bsc03353/forge/src/dispatcher/posix.c:61 139970077521664: r->filehandle = 36, r->size = 1048576, r->offset = 84761640960
15:34:44 ERROR /home/bsc03/bsc03353/forge/src/dispatcher/posix.c:62 139970077521664: single write -1 of expected 1048576
15:34:45 ERROR /home/bsc03/bsc03353/forge/src/dispatcher/posix.c:61 139974372497152: r->filehandle = 36, r->size = 1048576, r->offset = 71927070720
15:34:45 ERROR /home/bsc03/bsc03353/forge/src/dispatcher/posix.c:62 139974372497152: single write -1 of expected 1048576
15:34:45 ERROR /home/bsc03/bsc03353/forge/src/dispatcher/posix.c:61 139957192595200: r->filehandle = 36, r->size = 1048576, r->offset = 72016199680
15:34:45 ERROR /home/bsc03/bsc03353/forge/src/dispatcher/posix.c:62 139957192595200: single write -1 of expected 1048576
15:34:46 ERROR /home/bsc03/bsc03353/forge/src/dispatcher/posix.c:61 139961487570688: r->filehandle = 36, r->size = 1048576, r->offset = 72461844480
15:34:46 ERROR /home/bsc03/bsc03353/forge/src/dispatcher/posix.c:62 139961487570688: single write -1 of expected 1048576
15:34:47 ERROR /home/bsc03/bsc03353/forge/src/dispatcher/posix.c:61 139676926281472: r->filehandle = 35, r->size = 1048576, r->offset = 22103982080
15:34:47 ERROR /home/bsc03/bsc03353/forge/src/dispatcher/posix.c:61 140134048192256: r->filehandle = 36, r->size = 1048576, r->offset = 47060090880
15:34:47 ERROR /home/bsc03/bsc03353/forge/src/dispatcher/posix.c:62 139676926281472: single write -1 of expected 1048576
15:34:47 ERROR /home/bsc03/bsc03353/forge/src/dispatcher/posix.c:62 140134048192256: single write -1 of expected 1048576
15:34:49 ERROR /home/bsc03/bsc03353/forge/src/dispatcher/posix.c:61 140121163265792: r->filehandle = 36, r->size = 1048576, r->offset = 42068869120
15:34:49 ERROR /home/bsc03/bsc03353/forge/src/dispatcher/posix.c:62 140121163265792: single write -1 of expected 1048576
15:34:51 ERROR /home/bsc03/bsc03353/forge/src/dispatcher/posix.c:61 140060147226368: r->filehandle = 36, r->size = 1048576, r->offset = 134139084800
15:34:51 ERROR /home/bsc03/bsc03353/forge/src/dispatcher/posix.c:62 140060147226368: single write -1 of expected 1048576
15:34:51 ERROR /home/bsc03/bsc03353/forge/src/dispatcher/posix.c:61 140057999738624: r->filehandle = 36, r->size = 1048576, r->offset = 120858869760
15:34:51 ERROR /home/bsc03/bsc03353/forge/src/dispatcher/posix.c:62 140057999738624: single write -1 of expected 1048576
15:34:52 ERROR /home/bsc03/bsc03353/forge/src/dispatcher/posix.c:61 139700548646656: r->filehandle = 35, r->size = 1048576, r->offset = 20232273920
15:34:52 ERROR /home/bsc03/bsc03353/forge/src/dispatcher/posix.c:62 139700548646656: single write -1 of expected 1048576
15:34:53 ERROR /home/bsc03/bsc03353/forge/src/dispatcher/posix.c:61 139944307668736: r->filehandle = 36, r->size = 1048576, r->offset = 76740034560
15:34:53 ERROR /home/bsc03/bsc03353/forge/src/dispatcher/posix.c:62 139944307668736: single write -1 of expected 1048576
15:34:53 ERROR /home/bsc03/bsc03353/forge/src/dispatcher/posix.c:61 139689811207936: r->filehandle = 35, r->size = 1048576, r->offset = 23440916480
15:34:53 ERROR /home/bsc03/bsc03353/forge/src/dispatcher/posix.c:62 139689811207936: single write -1 of expected 1048576
15:34:56 ERROR /home/bsc03/bsc03353/forge/src/dispatcher/posix.c:61 140142638143232: r->filehandle = 36, r->size = 1048576, r->offset = 46436188160
15:34:56 ERROR /home/bsc03/bsc03353/forge/src/dispatcher/posix.c:62 140142638143232: single write -1 of expected 1048576
15:34:57 ERROR /home/bsc03/bsc03353/forge/src/dispatcher/posix.c:61 140134048192256: r->filehandle = 36, r->size = 1048576, r->offset = 35740712960
15:34:57 ERROR /home/bsc03/bsc03353/forge/src/dispatcher/posix.c:62 140134048192256: single write -1 of expected 1048576
15:34:57 ERROR /home/bsc03/bsc03353/forge/src/dispatcher/posix.c:61 139702696134400: r->filehandle = 35, r->size = 1048576, r->offset = 24332206080
15:34:57 ERROR /home/bsc03/bsc03353/forge/src/dispatcher/posix.c:62 139702696134400: single write -1 of expected 1048576
15:34:58 ERROR /home/bsc03/bsc03353/forge/src/dispatcher/posix.c:61 139965782546176: r->filehandle = 36, r->size = 1048576, r->offset = 83870351360
15:34:58 ERROR /home/bsc03/bsc03353/forge/src/dispatcher/posix.c:62 139965782546176: single write -1 of expected 1048576
15:34:58 ERROR /home/bsc03/bsc03353/forge/src/dispatcher/posix.c:61 140070884665088: r->filehandle = 36, r->size = 1048576, r->offset = 126117478400
15:34:58 ERROR /home/bsc03/bsc03353/forge/src/dispatcher/posix.c:62 140070884665088: single write -1 of expected 1048576
15:34:59 ERROR /home/bsc03/bsc03353/forge/src/dispatcher/posix.c:61 140073032152832: r->filehandle = 36, r->size = 1048576, r->offset = 132356505600
15:34:59 ERROR /home/bsc03/bsc03353/forge/src/dispatcher/posix.c:62 140073032152832: single write -1 of expected 1048576
15:35:00 ERROR /home/bsc03/bsc03353/forge/src/dispatcher/posix.c:61 140131900704512: r->filehandle = 36, r->size = 1048576, r->offset = 40286289920
15:35:00 ERROR /home/bsc03/bsc03353/forge/src/dispatcher/posix.c:62 140131900704512: single write -1 of expected 1048576
15:35:00 ERROR /home/bsc03/bsc03353/forge/src/dispatcher/posix.c:61 139706991109888: r->filehandle = 35, r->size = 1048576, r->offset = 15775825920
15:35:00 ERROR /home/bsc03/bsc03353/forge/src/dispatcher/posix.c:62 139706991109888: single write -1 of expected 1048576
15:35:01 ERROR /home/bsc03/bsc03353/forge/src/dispatcher/posix.c:61 139946455156480: r->filehandle = 36, r->size = 1048576, r->offset = 75313971200
15:35:01 ERROR /home/bsc03/bsc03353/forge/src/dispatcher/posix.c:62 139946455156480: single write -1 of expected 1048576
15:35:02 ERROR /home/bsc03/bsc03353/forge/src/dispatcher/posix.c:61 139950750131968: r->filehandle = 36, r->size = 1048576, r->offset = 73798778880
15:35:02 ERROR /home/bsc03/bsc03353/forge/src/dispatcher/posix.c:62 139950750131968: single write -1 of expected 1048576
15:35:02 ERROR /home/bsc03/bsc03353/forge/src/dispatcher/posix.c:61 139959340082944: r->filehandle = 36, r->size = 1048576, r->offset = 69877104640
15:35:02 ERROR /home/bsc03/bsc03353/forge/src/dispatcher/posix.c:62 139959340082944: single write -1 of expected 1048576
15:35:03 ERROR /home/bsc03/bsc03353/forge/src/dispatcher/posix.c:61 140129753216768: r->filehandle = 36, r->size = 1048576, r->offset = 34403778560
15:35:03 ERROR /home/bsc03/bsc03353/forge/src/dispatcher/posix.c:62 140129753216768: single write -1 of expected 1048576
15:35:03 ERROR /home/bsc03/bsc03353/forge/src/dispatcher/posix.c:61 140047262299904: r->filehandle = 36, r->size = 1048576, r->offset = 104548270080
15:35:04 ERROR /home/bsc03/bsc03353/forge/src/dispatcher/posix.c:62 140047262299904: single write -1 of expected 1048576
15:35:04 ERROR /home/bsc03/bsc03353/forge/src/dispatcher/posix.c:61 140070884665088: r->filehandle = 36, r->size = 1048576, r->offset = 107400396800
15:35:04 ERROR /home/bsc03/bsc03353/forge/src/dispatcher/posix.c:62 140070884665088: single write -1 of expected 1048576
15:35:06 ERROR /home/bsc03/bsc03353/forge/src/dispatcher/posix.c:61 140068737177344: r->filehandle = 36, r->size = 1048576, r->offset = 134673858560
15:35:06 ERROR /home/bsc03/bsc03353/forge/src/dispatcher/posix.c:62 140068737177344: single write -1 of expected 1048576
15:35:07 ERROR /home/bsc03/bsc03353/forge/src/dispatcher/posix.c:61 140045114812160: r->filehandle = 36, r->size = 1048576, r->offset = 127900057600
15:35:07 ERROR /home/bsc03/bsc03353/forge/src/dispatcher/posix.c:62 140045114812160: single write -1 of expected 1048576
15:35:08 ERROR /home/bsc03/bsc03353/forge/src/dispatcher/posix.c:61 140064442201856: r->filehandle = 36, r->size = 1048576, r->offset = 125760962560
15:35:08 ERROR /home/bsc03/bsc03353/forge/src/dispatcher/posix.c:62 140064442201856: single write -1 of expected 1048576
15:35:09 ERROR /home/bsc03/bsc03353/forge/src/dispatcher/posix.c:61 139685516232448: r->filehandle = 35, r->size = 1048576, r->offset = 7754219520
15:35:09 ERROR /home/bsc03/bsc03353/forge/src/dispatcher/posix.c:62 139685516232448: single write -1 of expected 1048576
15:35:09 ERROR /home/bsc03/bsc03353/forge/src/dispatcher/posix.c:61 140136195680000: r->filehandle = 36, r->size = 1048576, r->offset = 65064140800
15:35:09 ERROR /home/bsc03/bsc03353/forge/src/dispatcher/posix.c:62 140136195680000: single write -1 of expected 1048576
15:35:10 ERROR /home/bsc03/bsc03353/forge/src/dispatcher/posix.c:61 139942160180992: r->filehandle = 36, r->size = 1048576, r->offset = 82711674880
15:35:10 ERROR /home/bsc03/bsc03353/forge/src/dispatcher/posix.c:62 139942160180992: single write -1 of expected 1048576
15:35:11 ERROR /home/bsc03/bsc03353/forge/src/dispatcher/posix.c:61 140062294714112: r->filehandle = 36, r->size = 1048576, r->offset = 130930442240
15:35:11 ERROR /home/bsc03/bsc03353/forge/src/dispatcher/posix.c:62 140062294714112: single write -1 of expected 1048576
15:35:12 ERROR /home/bsc03/bsc03353/forge/src/dispatcher/posix.c:61 140066589689600: r->filehandle = 36, r->size = 1048576, r->offset = 106598236160
15:35:12 ERROR /home/bsc03/bsc03353/forge/src/dispatcher/posix.c:62 140066589689600: single write -1 of expected 1048576
15:35:14 ERROR /home/bsc03/bsc03353/forge/src/dispatcher/posix.c:61 139706991109888: r->filehandle = 35, r->size = 1048576, r->offset = 2406481920
15:35:14 ERROR /home/bsc03/bsc03353/forge/src/dispatcher/posix.c:62 139706991109888: single write -1 of expected 1048576
15:35:14 ERROR /home/bsc03/bsc03353/forge/src/dispatcher/posix.c:61 140127605729024: r->filehandle = 36, r->size = 1048576, r->offset = 48129638400
15:35:14 ERROR /home/bsc03/bsc03353/forge/src/dispatcher/posix.c:62 140127605729024: single write -1 of expected 1048576
15:35:15 ERROR /home/bsc03/bsc03353/forge/src/dispatcher/posix.c:61 139948602644224: r->filehandle = 36, r->size = 1048576, r->offset = 79859548160
15:35:15 ERROR /home/bsc03/bsc03353/forge/src/dispatcher/posix.c:62 139948602644224: single write -1 of expected 1048576
15:35:16 ERROR /home/bsc03/bsc03353/forge/src/dispatcher/posix.c:61 140149080606464: r->filehandle = 36, r->size = 1048576, r->offset = 43762319360
15:35:16 ERROR /home/bsc03/bsc03353/forge/src/dispatcher/posix.c:62 140149080606464: single write -1 of expected 1048576
15:35:18 ERROR /home/bsc03/bsc03353/forge/src/dispatcher/posix.c:61 140042967324416: r->filehandle = 36, r->size = 1048576, r->offset = 120324096000
15:35:18 ERROR /home/bsc03/bsc03353/forge/src/dispatcher/posix.c:62 140042967324416: single write -1 of expected 1048576
15:35:18 ERROR /home/bsc03/bsc03353/forge/src/dispatcher/posix.c:61 139706991109888: r->filehandle = 35, r->size = 1048576, r->offset = 10428088320
15:35:18 ERROR /home/bsc03/bsc03353/forge/src/dispatcher/posix.c:62 139706991109888: single write -1 of expected 1048576
15:35:20 ERROR /home/bsc03/bsc03353/forge/src/dispatcher/posix.c:61 139679073769216: r->filehandle = 35, r->size = 1048576, r->offset = 3208642560
15:35:20 ERROR /home/bsc03/bsc03353/forge/src/dispatcher/posix.c:62 139679073769216: single write -1 of expected 1048576
15:35:21 ERROR /home/bsc03/bsc03353/forge/src/dispatcher/posix.c:61 139691958695680: r->filehandle = 35, r->size = 1048576, r->offset = 32888586240
15:35:21 ERROR /home/bsc03/bsc03353/forge/src/dispatcher/posix.c:62 139691958695680: single write -1 of expected 1048576
15:35:23 ERROR /home/bsc03/bsc03353/forge/src/dispatcher/posix.c:61 139702696134400: r->filehandle = 35, r->size = 1048576, r->offset = 21747466240
15:35:23 ERROR /home/bsc03/bsc03353/forge/src/dispatcher/posix.c:62 139702696134400: single write -1 of expected 1048576
15:35:24 ERROR /home/bsc03/bsc03353/forge/src/dispatcher/posix.c:61 139961487570688: r->filehandle = 36, r->size = 1048576, r->offset = 97417953280
15:35:24 ERROR /home/bsc03/bsc03353/forge/src/dispatcher/posix.c:62 139961487570688: single write -1 of expected 1048576
15:35:25 ERROR /home/bsc03/bsc03353/forge/src/dispatcher/posix.c:61 140051557275392: r->filehandle = 36, r->size = 1048576, r->offset = 136634695680
15:35:25 ERROR /home/bsc03/bsc03353/forge/src/dispatcher/posix.c:62 140051557275392: single write -1 of expected 1048576
15:35:27 ERROR /home/bsc03/bsc03353/forge/src/dispatcher/posix.c:61 140151228094208: r->filehandle = 36, r->size = 1048576, r->offset = 58914242560
15:35:27 ERROR /home/bsc03/bsc03353/forge/src/dispatcher/posix.c:62 140151228094208: single write -1 of expected 1048576
15:35:28 ERROR /home/bsc03/bsc03353/forge/src/dispatcher/posix.c:61 139689811207936: r->filehandle = 35, r->size = 1048576, r->offset = 1515192320
15:35:28 ERROR /home/bsc03/bsc03353/forge/src/dispatcher/posix.c:62 139689811207936: single write -1 of expected 1048576
15:35:29 ERROR /home/bsc03/bsc03353/forge/src/dispatcher/posix.c:61 140066589689600: r->filehandle = 36, r->size = 1048576, r->offset = 125582704640
15:35:29 ERROR /home/bsc03/bsc03353/forge/src/dispatcher/posix.c:62 140066589689600: single write -1 of expected 1048576
15:35:31 ERROR /home/bsc03/bsc03353/forge/src/dispatcher/posix.c:61 139970077521664: r->filehandle = 36, r->size = 1048576, r->offset = 87970283520
15:35:31 ERROR /home/bsc03/bsc03353/forge/src/dispatcher/posix.c:62 139970077521664: single write -1 of expected 1048576
15:35:31 ERROR /home/bsc03/bsc03353/forge/src/dispatcher/posix.c:61 139948602644224: r->filehandle = 36, r->size = 1048576, r->offset = 69520588800
15:35:31 ERROR /home/bsc03/bsc03353/forge/src/dispatcher/posix.c:62 139948602644224: single write -1 of expected 1048576
15:35:34 ERROR /home/bsc03/bsc03353/forge/src/dispatcher/posix.c:61 139952897619712: r->filehandle = 36, r->size = 1048576, r->offset = 69609717760
15:35:34 ERROR /home/bsc03/bsc03353/forge/src/dispatcher/posix.c:62 139952897619712: single write -1 of expected 1048576
15:35:34 ERROR /home/bsc03/bsc03353/forge/src/dispatcher/posix.c:61 140136195680000: r->filehandle = 36, r->size = 1048576, r->offset = 36097228800
15:35:34 ERROR /home/bsc03/bsc03353/forge/src/dispatcher/posix.c:62 140136195680000: single write -1 of expected 1048576
15:35:36 ERROR /home/bsc03/bsc03353/forge/src/dispatcher/posix.c:61 140119015778048: r->filehandle = 36, r->size = 1048576, r->offset = 43138416640
15:35:36 ERROR /home/bsc03/bsc03353/forge/src/dispatcher/posix.c:62 140119015778048: single write -1 of expected 1048576
15:35:36 ERROR /home/bsc03/bsc03353/forge/src/dispatcher/posix.c:61 140045114812160: r->filehandle = 36, r->size = 1048576, r->offset = 125047930880
15:35:36 ERROR /home/bsc03/bsc03353/forge/src/dispatcher/posix.c:62 140045114812160: single write -1 of expected 1048576
15:35:37 ERROR /home/bsc03/bsc03353/forge/src/dispatcher/posix.c:61 139687663720192: r->filehandle = 35, r->size = 1048576, r->offset = 20945305600
15:35:37 ERROR /home/bsc03/bsc03353/forge/src/dispatcher/posix.c:62 139687663720192: single write -1 of expected 1048576
15:35:39 ERROR /home/bsc03/bsc03353/forge/src/dispatcher/posix.c:61 139950750131968: r->filehandle = 36, r->size = 1048576, r->offset = 90733281280
15:35:39 ERROR /home/bsc03/bsc03353/forge/src/dispatcher/posix.c:62 139950750131968: single write -1 of expected 1048576
15:35:39 ERROR /home/bsc03/bsc03353/forge/src/dispatcher/posix.c:61 139967930033920: r->filehandle = 36, r->size = 1048576, r->offset = 72907489280
15:35:39 ERROR /home/bsc03/bsc03353/forge/src/dispatcher/posix.c:62 139967930033920: single write -1 of expected 1048576
15:35:41 ERROR /home/bsc03/bsc03353/forge/src/dispatcher/posix.c:61 139965782546176: r->filehandle = 36, r->size = 1048576, r->offset = 83335577600
15:35:41 ERROR /home/bsc03/bsc03353/forge/src/dispatcher/posix.c:62 139965782546176: single write -1 of expected 1048576
15:35:43 ERROR /home/bsc03/bsc03353/forge/src/dispatcher/posix.c:61 139942160180992: r->filehandle = 36, r->size = 1048576, r->offset = 71214039040
15:35:43 ERROR /home/bsc03/bsc03353/forge/src/dispatcher/posix.c:62 139942160180992: single write -1 of expected 1048576
15:35:44 ERROR /home/bsc03/bsc03353/forge/src/dispatcher/posix.c:61 140142638143232: r->filehandle = 36, r->size = 1048576, r->offset = 43049287680
15:35:44 ERROR /home/bsc03/bsc03353/forge/src/dispatcher/posix.c:62 140142638143232: single write -1 of expected 1048576
15:35:44 ERROR /home/bsc03/bsc03353/forge/src/dispatcher/posix.c:61 140134048192256: r->filehandle = 36, r->size = 1048576, r->offset = 35205939200
15:35:44 ERROR /home/bsc03/bsc03353/forge/src/dispatcher/posix.c:62 140134048192256: single write -1 of expected 1048576
15:35:46 ERROR /home/bsc03/bsc03353/forge/src/dispatcher/posix.c:61 139704843622144: r->filehandle = 35, r->size = 1048576, r->offset = 27719106560
15:35:46 ERROR /home/bsc03/bsc03353/forge/src/dispatcher/posix.c:62 139704843622144: single write -1 of expected 1048576
15:35:46 ERROR /home/bsc03/bsc03353/forge/src/dispatcher/posix.c:61 140057999738624: r->filehandle = 36, r->size = 1048576, r->offset = 133782568960
15:35:46 ERROR /home/bsc03/bsc03353/forge/src/dispatcher/posix.c:62 140057999738624: single write -1 of expected 1048576
15:35:47 ERROR /home/bsc03/bsc03353/forge/src/dispatcher/posix.c:61 140049409787648: r->filehandle = 36, r->size = 1048576, r->offset = 107311267840
15:35:47 ERROR /home/bsc03/bsc03353/forge/src/dispatcher/posix.c:62 140049409787648: single write -1 of expected 1048576
15:35:48 ERROR /home/bsc03/bsc03353/forge/src/dispatcher/posix.c:61 140073032152832: r->filehandle = 36, r->size = 1048576, r->offset = 127454412800
15:35:48 ERROR /home/bsc03/bsc03353/forge/src/dispatcher/posix.c:62 140073032152832: single write -1 of expected 1048576
15:35:49 ERROR /home/bsc03/bsc03353/forge/src/dispatcher/posix.c:61 139959340082944: r->filehandle = 36, r->size = 1048576, r->offset = 91624570880
15:35:49 ERROR /home/bsc03/bsc03353/forge/src/dispatcher/posix.c:62 139959340082944: single write -1 of expected 1048576
15:35:50 ERROR /home/bsc03/bsc03353/forge/src/dispatcher/posix.c:61 140121163265792: r->filehandle = 36, r->size = 1048576, r->offset = 34492907520
15:35:50 ERROR /home/bsc03/bsc03353/forge/src/dispatcher/posix.c:62 140121163265792: single write -1 of expected 1048576
15:35:50 ERROR /home/bsc03/bsc03353/forge/src/dispatcher/posix.c:61 139691958695680: r->filehandle = 35, r->size = 1048576, r->offset = 15062794240
15:35:50 ERROR /home/bsc03/bsc03353/forge/src/dispatcher/posix.c:62 139691958695680: single write -1 of expected 1048576
15:35:51 ERROR /home/bsc03/bsc03353/forge/src/dispatcher/posix.c:61 139698401158912: r->filehandle = 35, r->size = 1048576, r->offset = 24777850880
15:35:51 ERROR /home/bsc03/bsc03353/forge/src/dispatcher/posix.c:62 139698401158912: single write -1 of expected 1048576
15:35:52 ERROR /home/bsc03/bsc03353/forge/src/dispatcher/posix.c:61 139706991109888: r->filehandle = 35, r->size = 1048576, r->offset = 16756244480
15:35:52 ERROR /home/bsc03/bsc03353/forge/src/dispatcher/posix.c:62 139706991109888: single write -1 of expected 1048576
15:35:53 ERROR /home/bsc03/bsc03353/forge/src/dispatcher/posix.c:61 139674778793728: r->filehandle = 35, r->size = 1048576, r->offset = 14528020480
15:35:53 ERROR /home/bsc03/bsc03353/forge/src/dispatcher/posix.c:62 139674778793728: single write -1 of expected 1048576
15:35:54 ERROR /home/bsc03/bsc03353/forge/src/dispatcher/posix.c:61 140070884665088: r->filehandle = 36, r->size = 1048576, r->offset = 128078315520
15:35:54 ERROR /home/bsc03/bsc03353/forge/src/dispatcher/posix.c:62 140070884665088: single write -1 of expected 1048576
15:35:55 ERROR /home/bsc03/bsc03353/forge/src/dispatcher/posix.c:61 140066589689600: r->filehandle = 36, r->size = 1048576, r->offset = 117917614080
15:35:55 ERROR /home/bsc03/bsc03353/forge/src/dispatcher/posix.c:62 140066589689600: single write -1 of expected 1048576
15:35:57 ERROR /home/bsc03/bsc03353/forge/src/dispatcher/posix.c:61 140051557275392: r->filehandle = 36, r->size = 1048576, r->offset = 135654277120
15:35:57 ERROR /home/bsc03/bsc03353/forge/src/dispatcher/posix.c:62 140051557275392: single write -1 of expected 1048576
15:35:59 ERROR /home/bsc03/bsc03353/forge/src/dispatcher/posix.c:61 140053704763136: r->filehandle = 36, r->size = 1048576, r->offset = 121839288320
15:35:59 ERROR /home/bsc03/bsc03353/forge/src/dispatcher/posix.c:62 140053704763136: single write -1 of expected 1048576
15:36:01 ERROR /home/bsc03/bsc03353/forge/src/dispatcher/posix.c:61 140047262299904: r->filehandle = 36, r->size = 1048576, r->offset = 125493575680
15:36:01 ERROR /home/bsc03/bsc03353/forge/src/dispatcher/posix.c:62 140047262299904: single write -1 of expected 1048576
15:36:02 ERROR /home/bsc03/bsc03353/forge/src/dispatcher/posix.c:61 140144785630976: r->filehandle = 36, r->size = 1048576, r->offset = 43227545600
15:36:02 ERROR /home/bsc03/bsc03353/forge/src/dispatcher/posix.c:62 140144785630976: single write -1 of expected 1048576
15:36:02 ERROR /home/bsc03/bsc03353/forge/src/dispatcher/posix.c:61 139957192595200: r->filehandle = 36, r->size = 1048576, r->offset = 69966233600
15:36:02 ERROR /home/bsc03/bsc03353/forge/src/dispatcher/posix.c:62 139957192595200: single write -1 of expected 1048576
15:36:04 ERROR /home/bsc03/bsc03353/forge/src/dispatcher/posix.c:61 139942160180992: r->filehandle = 36, r->size = 1048576, r->offset = 70946652160
15:36:04 ERROR /home/bsc03/bsc03353/forge/src/dispatcher/posix.c:62 139942160180992: single write -1 of expected 1048576
15:36:04 ERROR /home/bsc03/bsc03353/forge/src/dispatcher/posix.c:61 140040819836672: r->filehandle = 36, r->size = 1048576, r->offset = 133515182080
15:36:04 ERROR /home/bsc03/bsc03353/forge/src/dispatcher/posix.c:62 140040819836672: single write -1 of expected 1048576
15:36:04 ERROR /home/bsc03/bsc03353/forge/src/dispatcher/posix.c:61 139696253671168: r->filehandle = 35, r->size = 1048576, r->offset = 15241052160
15:36:04 ERROR /home/bsc03/bsc03353/forge/src/dispatcher/posix.c:62 139696253671168: single write -1 of expected 1048576
15:36:04 ERROR /home/bsc03/bsc03353/forge/src/dispatcher/posix.c:61 139948602644224: r->filehandle = 36, r->size = 1048576, r->offset = 83692093440
15:36:04 ERROR /home/bsc03/bsc03353/forge/src/dispatcher/posix.c:62 139948602644224: single write -1 of expected 1048576
15:36:06 ERROR /home/bsc03/bsc03353/forge/src/dispatcher/posix.c:61 139679073769216: r->filehandle = 35, r->size = 1048576, r->offset = 17558405120
15:36:06 ERROR /home/bsc03/bsc03353/forge/src/dispatcher/posix.c:62 139679073769216: single write -1 of expected 1048576
15:36:07 ERROR /home/bsc03/bsc03353/forge/src/dispatcher/posix.c:61 140131900704512: r->filehandle = 36, r->size = 1048576, r->offset = 42514513920
15:36:07 ERROR /home/bsc03/bsc03353/forge/src/dispatcher/posix.c:62 140131900704512: single write -1 of expected 1048576
15:36:08 ERROR /home/bsc03/bsc03353/forge/src/dispatcher/posix.c:61 140142638143232: r->filehandle = 36, r->size = 1048576, r->offset = 37523292160
15:36:08 ERROR /home/bsc03/bsc03353/forge/src/dispatcher/posix.c:62 140142638143232: single write -1 of expected 1048576
15:36:10 ERROR /home/bsc03/bsc03353/forge/src/dispatcher/posix.c:61 139946455156480: r->filehandle = 36, r->size = 1048576, r->offset = 77363937280
15:36:10 ERROR /home/bsc03/bsc03353/forge/src/dispatcher/posix.c:62 139946455156480: single write -1 of expected 1048576
15:36:10 ERROR /home/bsc03/bsc03353/forge/src/dispatcher/posix.c:61 139700548646656: r->filehandle = 35, r->size = 1048576, r->offset = 28788654080
15:36:10 ERROR /home/bsc03/bsc03353/forge/src/dispatcher/posix.c:62 139700548646656: single write -1 of expected 1048576
15:36:10 ERROR /home/bsc03/bsc03353/forge/src/dispatcher/posix.c:61 139694106183424: r->filehandle = 35, r->size = 1048576, r->offset = 623902720
15:36:10 ERROR /home/bsc03/bsc03353/forge/src/dispatcher/posix.c:62 139694106183424: single write -1 of expected 1048576
15:36:11 ERROR /home/bsc03/bsc03353/forge/src/dispatcher/posix.c:61 139676926281472: r->filehandle = 35, r->size = 1048576, r->offset = 26738688000
15:36:11 ERROR /home/bsc03/bsc03353/forge/src/dispatcher/posix.c:62 139676926281472: single write -1 of expected 1048576
15:36:11 ERROR /home/bsc03/bsc03353/forge/src/dispatcher/posix.c:61 139683368744704: r->filehandle = 35, r->size = 1048576, r->offset = 26293043200
15:36:11 ERROR /home/bsc03/bsc03353/forge/src/dispatcher/posix.c:62 139683368744704: single write -1 of expected 1048576
15:36:13 ERROR /home/bsc03/bsc03353/forge/src/dispatcher/posix.c:61 140062294714112: r->filehandle = 36, r->size = 1048576, r->offset = 122106675200
15:36:13 ERROR /home/bsc03/bsc03353/forge/src/dispatcher/posix.c:62 140062294714112: single write -1 of expected 1048576
15:36:15 ERROR /home/bsc03/bsc03353/forge/src/dispatcher/posix.c:61 140068737177344: r->filehandle = 36, r->size = 1048576, r->offset = 110876426240
15:36:15 ERROR /home/bsc03/bsc03353/forge/src/dispatcher/posix.c:62 140068737177344: single write -1 of expected 1048576
15:36:17 ERROR /home/bsc03/bsc03353/forge/src/dispatcher/posix.c:61 140073032152832: r->filehandle = 36, r->size = 1048576, r->offset = 123532738560
15:36:17 ERROR /home/bsc03/bsc03353/forge/src/dispatcher/posix.c:62 140073032152832: single write -1 of expected 1048576
15:36:18 ERROR /home/bsc03/bsc03353/forge/src/dispatcher/posix.c:61 139957192595200: r->filehandle = 36, r->size = 1048576, r->offset = 90376765440
15:36:18 ERROR /home/bsc03/bsc03353/forge/src/dispatcher/posix.c:61 140121163265792: r->filehandle = 36, r->size = 1048576, r->offset = 36186357760
15:36:18 ERROR /home/bsc03/bsc03353/forge/src/dispatcher/posix.c:62 139957192595200: single write -1 of expected 1048576
15:36:18 ERROR /home/bsc03/bsc03353/forge/src/dispatcher/posix.c:62 140121163265792: single write -1 of expected 1048576
15:36:18 ERROR /home/bsc03/bsc03353/forge/src/dispatcher/posix.c:61 139944307668736: r->filehandle = 36, r->size = 1048576, r->offset = 87078993920
15:36:18 ERROR /home/bsc03/bsc03353/forge/src/dispatcher/posix.c:62 139944307668736: single write -1 of expected 1048576
15:36:19 ERROR /home/bsc03/bsc03353/forge/src/dispatcher/posix.c:61 139687663720192: r->filehandle = 35, r->size = 1048576, r->offset = 6773800960
15:36:19 ERROR /home/bsc03/bsc03353/forge/src/dispatcher/posix.c:62 139687663720192: single write -1 of expected 1048576
15:36:20 ERROR /home/bsc03/bsc03353/forge/src/dispatcher/posix.c:61 140045114812160: r->filehandle = 36, r->size = 1048576, r->offset = 136367308800
15:36:20 ERROR /home/bsc03/bsc03353/forge/src/dispatcher/posix.c:62 140045114812160: single write -1 of expected 1048576
15:36:20 ERROR /home/bsc03/bsc03353/forge/src/dispatcher/posix.c:61 140125458241280: r->filehandle = 36, r->size = 1048576, r->offset = 43851448320
15:36:20 ERROR /home/bsc03/bsc03353/forge/src/dispatcher/posix.c:62 140125458241280: single write -1 of expected 1048576
15:36:20 ERROR /home/bsc03/bsc03353/forge/src/dispatcher/posix.c:61 139974372497152: r->filehandle = 36, r->size = 1048576, r->offset = 89931120640
15:36:20 ERROR /home/bsc03/bsc03353/forge/src/dispatcher/posix.c:62 139974372497152: single write -1 of expected 1048576
15:36:21 ERROR /home/bsc03/bsc03353/forge/src/dispatcher/posix.c:61 139955045107456: r->filehandle = 36, r->size = 1048576, r->offset = 83513835520
15:36:21 ERROR /home/bsc03/bsc03353/forge/src/dispatcher/posix.c:62 139955045107456: single write -1 of expected 1048576
15:36:22 ERROR /home/bsc03/bsc03353/forge/src/dispatcher/posix.c:61 139681221256960: r->filehandle = 35, r->size = 1048576, r->offset = 11319377920
15:36:22 ERROR /home/bsc03/bsc03353/forge/src/dispatcher/posix.c:62 139681221256960: single write -1 of expected 1048576
15:36:22 ERROR /home/bsc03/bsc03353/forge/src/dispatcher/posix.c:61 140134048192256: r->filehandle = 36, r->size = 1048576, r->offset = 66311946240
15:36:22 ERROR /home/bsc03/bsc03353/forge/src/dispatcher/posix.c:62 140134048192256: single write -1 of expected 1048576
15:36:23 ERROR /home/bsc03/bsc03353/forge/src/dispatcher/posix.c:61 140064442201856: r->filehandle = 36, r->size = 1048576, r->offset = 120591482880
15:36:23 ERROR /home/bsc03/bsc03353/forge/src/dispatcher/posix.c:62 140064442201856: single write -1 of expected 1048576
15:36:23 ERROR /home/bsc03/bsc03353/forge/src/dispatcher/posix.c:61 139961487570688: r->filehandle = 36, r->size = 1048576, r->offset = 77987840000
15:36:23 ERROR /home/bsc03/bsc03353/forge/src/dispatcher/posix.c:62 139961487570688: single write -1 of expected 1048576
15:36:23 ERROR /home/bsc03/bsc03353/forge/src/dispatcher/posix.c:61 140073032152832: r->filehandle = 36, r->size = 1048576, r->offset = 126206607360
15:36:23 ERROR /home/bsc03/bsc03353/forge/src/dispatcher/posix.c:62 140073032152832: single write -1 of expected 1048576
15:36:24 ERROR /home/bsc03/bsc03353/forge/src/dispatcher/posix.c:61 140042967324416: r->filehandle = 36, r->size = 1048576, r->offset = 125671833600
15:36:24 ERROR /home/bsc03/bsc03353/forge/src/dispatcher/posix.c:62 140042967324416: single write -1 of expected 1048576
15:36:24 ERROR /home/bsc03/bsc03353/forge/src/dispatcher/posix.c:61 139706991109888: r->filehandle = 35, r->size = 1048576, r->offset = 34136391680
15:36:24 ERROR /home/bsc03/bsc03353/forge/src/dispatcher/posix.c:62 139706991109888: single write -1 of expected 1048576
15:36:25 ERROR /home/bsc03/bsc03353/forge/src/dispatcher/posix.c:61 140134048192256: r->filehandle = 36, r->size = 1048576, r->offset = 37434163200
15:36:25 ERROR /home/bsc03/bsc03353/forge/src/dispatcher/posix.c:62 140134048192256: single write -1 of expected 1048576
15:36:25 ERROR /home/bsc03/bsc03353/forge/src/dispatcher/posix.c:61 139946455156480: r->filehandle = 36, r->size = 1048576, r->offset = 75135713280
15:36:25 ERROR /home/bsc03/bsc03353/forge/src/dispatcher/posix.c:62 139946455156480: single write -1 of expected 1048576
15:36:25 ERROR /home/bsc03/bsc03353/forge/src/dispatcher/posix.c:61 139965782546176: r->filehandle = 36, r->size = 1048576, r->offset = 95635374080
15:36:25 ERROR /home/bsc03/bsc03353/forge/src/dispatcher/posix.c:62 139965782546176: single write -1 of expected 1048576
15:36:26 ERROR /home/bsc03/bsc03353/forge/src/dispatcher/posix.c:61 139698401158912: r->filehandle = 35, r->size = 1048576, r->offset = 30036459520
15:36:26 ERROR /home/bsc03/bsc03353/forge/src/dispatcher/posix.c:61 140066589689600: r->filehandle = 36, r->size = 1048576, r->offset = 122017546240
15:36:26 ERROR /home/bsc03/bsc03353/forge/src/dispatcher/posix.c:62 140066589689600: single write -1 of expected 1048576
15:36:26 ERROR /home/bsc03/bsc03353/forge/src/dispatcher/posix.c:62 139698401158912: single write -1 of expected 1048576
15:36:26 ERROR /home/bsc03/bsc03353/forge/src/dispatcher/posix.c:61 140144785630976: r->filehandle = 36, r->size = 1048576, r->offset = 40197160960
15:36:26 ERROR /home/bsc03/bsc03353/forge/src/dispatcher/posix.c:62 140144785630976: single write -1 of expected 1048576
15:36:27 ERROR /home/bsc03/bsc03353/forge/src/dispatcher/posix.c:61 140140490655488: r->filehandle = 36, r->size = 1048576, r->offset = 39573258240
15:36:27 ERROR /home/bsc03/bsc03353/forge/src/dispatcher/posix.c:62 140140490655488: single write -1 of expected 1048576
15:36:28 ERROR /home/bsc03/bsc03353/forge/src/dispatcher/posix.c:61 139972225009408: r->filehandle = 36, r->size = 1048576, r->offset = 76650905600
15:36:28 ERROR /home/bsc03/bsc03353/forge/src/dispatcher/posix.c:62 139972225009408: single write -1 of expected 1048576
15:36:28 ERROR /home/bsc03/bsc03353/forge/src/dispatcher/posix.c:61 140049409787648: r->filehandle = 36, r->size = 1048576, r->offset = 134049955840
15:36:28 ERROR /home/bsc03/bsc03353/forge/src/dispatcher/posix.c:62 140049409787648: single write -1 of expected 1048576
15:36:29 ERROR /home/bsc03/bsc03353/forge/src/dispatcher/posix.c:61 140064442201856: r->filehandle = 36, r->size = 1048576, r->offset = 133158666240
15:36:29 ERROR /home/bsc03/bsc03353/forge/src/dispatcher/posix.c:62 140064442201856: single write -1 of expected 1048576
15:36:30 ERROR /home/bsc03/bsc03353/forge/src/dispatcher/posix.c:61 139689811207936: r->filehandle = 35, r->size = 1048576, r->offset = 17914920960
15:36:30 ERROR /home/bsc03/bsc03353/forge/src/dispatcher/posix.c:62 139689811207936: single write -1 of expected 1048576
15:36:31 ERROR /home/bsc03/bsc03353/forge/src/dispatcher/posix.c:61 140129753216768: r->filehandle = 36, r->size = 1048576, r->offset = 40910192640
15:36:31 ERROR /home/bsc03/bsc03353/forge/src/dispatcher/posix.c:62 140129753216768: single write -1 of expected 1048576
15:36:31 ERROR /home/bsc03/bsc03353/forge/src/dispatcher/posix.c:61 139942160180992: r->filehandle = 36, r->size = 1048576, r->offset = 72818360320
15:36:31 ERROR /home/bsc03/bsc03353/forge/src/dispatcher/posix.c:62 139942160180992: single write -1 of expected 1048576
15:36:31 ERROR /home/bsc03/bsc03353/forge/src/dispatcher/posix.c:61 140040819836672: r->filehandle = 36, r->size = 1048576, r->offset = 122463191040
15:36:31 ERROR /home/bsc03/bsc03353/forge/src/dispatcher/posix.c:62 140040819836672: single write -1 of expected 1048576
15:36:32 ERROR /home/bsc03/bsc03353/forge/src/dispatcher/posix.c:61 140070884665088: r->filehandle = 36, r->size = 1048576, r->offset = 124156641280
15:36:32 ERROR /home/bsc03/bsc03353/forge/src/dispatcher/posix.c:62 140070884665088: single write -1 of expected 1048576
15:36:32 ERROR /home/bsc03/bsc03353/forge/src/dispatcher/posix.c:61 140051557275392: r->filehandle = 36, r->size = 1048576, r->offset = 135476019200
15:36:32 ERROR /home/bsc03/bsc03353/forge/src/dispatcher/posix.c:62 140051557275392: single write -1 of expected 1048576
15:36:33 ERROR /home/bsc03/bsc03353/forge/src/dispatcher/posix.c:61 139706991109888: r->filehandle = 35, r->size = 1048576, r->offset = 18717081600
15:36:33 ERROR /home/bsc03/bsc03353/forge/src/dispatcher/posix.c:62 139706991109888: single write -1 of expected 1048576
15:36:33 ERROR /home/bsc03/bsc03353/forge/src/dispatcher/posix.c:61 139694106183424: r->filehandle = 35, r->size = 1048576, r->offset = 31373393920
15:36:33 ERROR /home/bsc03/bsc03353/forge/src/dispatcher/posix.c:62 139694106183424: single write -1 of expected 1048576
15:36:33 ERROR /home/bsc03/bsc03353/forge/src/dispatcher/posix.c:61 139687663720192: r->filehandle = 35, r->size = 1048576, r->offset = 6149898240
15:36:33 ERROR /home/bsc03/bsc03353/forge/src/dispatcher/posix.c:62 139687663720192: single write -1 of expected 1048576
15:36:36 ERROR /home/bsc03/bsc03353/forge/src/dispatcher/posix.c:61 139691958695680: r->filehandle = 35, r->size = 1048576, r->offset = 10517217280
15:36:36 ERROR /home/bsc03/bsc03353/forge/src/dispatcher/posix.c:62 139691958695680: single write -1 of expected 1048576
15:36:36 ERROR /home/bsc03/bsc03353/forge/src/dispatcher/posix.c:61 139963635058432: r->filehandle = 36, r->size = 1048576, r->offset = 89039831040
15:36:36 ERROR /home/bsc03/bsc03353/forge/src/dispatcher/posix.c:62 139963635058432: single write -1 of expected 1048576
15:36:37 ERROR /home/bsc03/bsc03353/forge/src/dispatcher/posix.c:61 140144785630976: r->filehandle = 36, r->size = 1048576, r->offset = 39038484480
15:36:37 ERROR /home/bsc03/bsc03353/forge/src/dispatcher/posix.c:62 140144785630976: single write -1 of expected 1048576
15:36:38 ERROR /home/bsc03/bsc03353/forge/src/dispatcher/posix.c:61 140045114812160: r->filehandle = 36, r->size = 1048576, r->offset = 124334899200
15:36:38 ERROR /home/bsc03/bsc03353/forge/src/dispatcher/posix.c:62 140045114812160: single write -1 of expected 1048576
15:36:38 ERROR /home/bsc03/bsc03353/forge/src/dispatcher/posix.c:61 140073032152832: r->filehandle = 36, r->size = 1048576, r->offset = 116848066560
15:36:38 ERROR /home/bsc03/bsc03353/forge/src/dispatcher/posix.c:62 140073032152832: single write -1 of expected 1048576
15:36:39 ERROR /home/bsc03/bsc03353/forge/src/dispatcher/posix.c:61 140064442201856: r->filehandle = 36, r->size = 1048576, r->offset = 118452387840
15:36:39 ERROR /home/bsc03/bsc03353/forge/src/dispatcher/posix.c:62 140064442201856: single write -1 of expected 1048576
15:36:40 ERROR /home/bsc03/bsc03353/forge/src/dispatcher/posix.c:61 139683368744704: r->filehandle = 35, r->size = 1048576, r->offset = 13547601920
15:36:40 ERROR /home/bsc03/bsc03353/forge/src/dispatcher/posix.c:62 139683368744704: single write -1 of expected 1048576
15:36:40 ERROR /home/bsc03/bsc03353/forge/src/dispatcher/posix.c:61 139955045107456: r->filehandle = 36, r->size = 1048576, r->offset = 91891957760
15:36:40 ERROR /home/bsc03/bsc03353/forge/src/dispatcher/posix.c:62 139955045107456: single write -1 of expected 1048576
15:36:40 ERROR /home/bsc03/bsc03353/forge/src/dispatcher/posix.c:61 140144785630976: r->filehandle = 36, r->size = 1048576, r->offset = 42425384960
15:36:40 ERROR /home/bsc03/bsc03353/forge/src/dispatcher/posix.c:61 139950750131968: r->filehandle = 36, r->size = 1048576, r->offset = 70768394240
15:36:40 ERROR /home/bsc03/bsc03353/forge/src/dispatcher/posix.c:62 139950750131968: single write -1 of expected 1048576
15:36:40 ERROR /home/bsc03/bsc03353/forge/src/dispatcher/posix.c:62 140144785630976: single write -1 of expected 1048576
15:36:42 ERROR /home/bsc03/bsc03353/forge/src/dispatcher/posix.c:61 140055852250880: r->filehandle = 36, r->size = 1048576, r->offset = 122374062080
15:36:42 ERROR /home/bsc03/bsc03353/forge/src/dispatcher/posix.c:62 140055852250880: single write -1 of expected 1048576
15:36:42 ERROR /home/bsc03/bsc03353/forge/src/dispatcher/posix.c:61 139685516232448: r->filehandle = 35, r->size = 1048576, r->offset = 31106007040
15:36:42 ERROR /home/bsc03/bsc03353/forge/src/dispatcher/posix.c:62 139685516232448: single write -1 of expected 1048576
15:36:42 ERROR /home/bsc03/bsc03353/forge/src/dispatcher/posix.c:61 139691958695680: r->filehandle = 35, r->size = 1048576, r->offset = 18182307840
15:36:42 ERROR /home/bsc03/bsc03353/forge/src/dispatcher/posix.c:62 139691958695680: single write -1 of expected 1048576
15:36:43 ERROR /home/bsc03/bsc03353/forge/src/dispatcher/posix.c:61 139679073769216: r->filehandle = 35, r->size = 1048576, r->offset = 18895339520
15:36:43 ERROR /home/bsc03/bsc03353/forge/src/dispatcher/posix.c:62 139679073769216: single write -1 of expected 1048576
15:36:43 ERROR /home/bsc03/bsc03353/forge/src/dispatcher/posix.c:61 140146933118720: r->filehandle = 36, r->size = 1048576, r->offset = 34582036480
15:36:43 ERROR /home/bsc03/bsc03353/forge/src/dispatcher/posix.c:62 140146933118720: single write -1 of expected 1048576
15:36:44 ERROR /home/bsc03/bsc03353/forge/src/dispatcher/posix.c:61 139948602644224: r->filehandle = 36, r->size = 1048576, r->offset = 89218088960
15:36:44 ERROR /home/bsc03/bsc03353/forge/src/dispatcher/posix.c:62 139948602644224: single write -1 of expected 1048576
15:36:44 ERROR /home/bsc03/bsc03353/forge/src/dispatcher/posix.c:61 140066589689600: r->filehandle = 36, r->size = 1048576, r->offset = 130663055360
15:36:44 ERROR /home/bsc03/bsc03353/forge/src/dispatcher/posix.c:62 140066589689600: single write -1 of expected 1048576
15:36:44 ERROR /home/bsc03/bsc03353/forge/src/dispatcher/posix.c:61 139952897619712: r->filehandle = 36, r->size = 1048576, r->offset = 78076968960
15:36:44 ERROR /home/bsc03/bsc03353/forge/src/dispatcher/posix.c:62 139952897619712: single write -1 of expected 1048576
15:36:45 ERROR /home/bsc03/bsc03353/forge/src/dispatcher/posix.c:61 139702696134400: r->filehandle = 35, r->size = 1048576, r->offset = 30571233280
15:36:45 ERROR /home/bsc03/bsc03353/forge/src/dispatcher/posix.c:62 139702696134400: single write -1 of expected 1048576
15:36:45 ERROR /home/bsc03/bsc03353/forge/src/dispatcher/posix.c:61 140144785630976: r->filehandle = 36, r->size = 1048576, r->offset = 39395000320
15:36:45 ERROR /home/bsc03/bsc03353/forge/src/dispatcher/posix.c:62 140144785630976: single write -1 of expected 1048576
15:36:46 ERROR /home/bsc03/bsc03353/forge/src/dispatcher/posix.c:61 139679073769216: r->filehandle = 35, r->size = 1048576, r->offset = 21480079360
15:36:46 ERROR /home/bsc03/bsc03353/forge/src/dispatcher/posix.c:62 139679073769216: single write -1 of expected 1048576
15:36:46 ERROR /home/bsc03/bsc03353/forge/src/dispatcher/posix.c:61 139687663720192: r->filehandle = 35, r->size = 1048576, r->offset = 17023631360
15:36:46 ERROR /home/bsc03/bsc03353/forge/src/dispatcher/posix.c:62 139687663720192: single write -1 of expected 1048576
15:36:46 ERROR /home/bsc03/bsc03353/forge/src/dispatcher/posix.c:61 140047262299904: r->filehandle = 36, r->size = 1048576, r->offset = 121928417280
15:36:46 ERROR /home/bsc03/bsc03353/forge/src/dispatcher/posix.c:62 140047262299904: single write -1 of expected 1048576
15:36:47 ERROR /home/bsc03/bsc03353/forge/src/dispatcher/posix.c:61 139698401158912: r->filehandle = 35, r->size = 1048576, r->offset = 27184332800
15:36:47 ERROR /home/bsc03/bsc03353/forge/src/dispatcher/posix.c:62 139698401158912: single write -1 of expected 1048576
15:36:47 ERROR /home/bsc03/bsc03353/forge/src/dispatcher/posix.c:61 139696253671168: r->filehandle = 35, r->size = 1048576, r->offset = 22014853120
15:36:47 ERROR /home/bsc03/bsc03353/forge/src/dispatcher/posix.c:62 139696253671168: single write -1 of expected 1048576
15:36:48 ERROR /home/bsc03/bsc03353/forge/src/dispatcher/posix.c:61 139706991109888: r->filehandle = 35, r->size = 1048576, r->offset = 802160640
15:36:48 ERROR /home/bsc03/bsc03353/forge/src/dispatcher/posix.c:62 139706991109888: single write -1 of expected 1048576
15:36:49 ERROR /home/bsc03/bsc03353/forge/src/dispatcher/posix.c:61 139974372497152: r->filehandle = 36, r->size = 1048576, r->offset = 73085747200
15:36:49 ERROR /home/bsc03/bsc03353/forge/src/dispatcher/posix.c:62 139974372497152: single write -1 of expected 1048576
15:36:49 ERROR /home/bsc03/bsc03353/forge/src/dispatcher/posix.c:61 139948602644224: r->filehandle = 36, r->size = 1048576, r->offset = 86365962240
15:36:49 ERROR /home/bsc03/bsc03353/forge/src/dispatcher/posix.c:62 139948602644224: single write -1 of expected 1048576
15:36:49 ERROR /home/bsc03/bsc03353/forge/src/dispatcher/posix.c:61 140123310753536: r->filehandle = 36, r->size = 1048576, r->offset = 41444966400
15:36:49 ERROR /home/bsc03/bsc03353/forge/src/dispatcher/posix.c:62 140123310753536: single write -1 of expected 1048576
--------------------------------------------------------------------------
ORTE has lost communication with a remote daemon.

  HNP daemon   : [[26821,0],0] on node s01r2b54
  Remote daemon: [[26821,0],1] on node s01r2b56

This is usually due to either a failure of the TCP network
connection to the node, or possibly an internal failure of
the daemon itself. We cannot recover from this failure, and
therefore will terminate the job.
--------------------------------------------------------------------------
slurmstepd: error: *** JOB 8724673 ON s01r2b54 CANCELLED AT 2020-02-06T15:36:50 DUE TO TIME LIMIT ***
