Set GCC compilers as MPI wrappers backend 
remove impi/2017.4 (PATH, MANPATH, LD_LIBRARY_PATH) 
load openmpi/4.0.2_UCX (PATH, MANPATH, LD_LIBRARY_PATH) 
Set GCC compilers as MPI wrappers backend 
load gsl/2.4 (PATH, LD_LIBRARY_PATH, LIBRARY_PATH, MANPATH, INFOPATH,
C_INCLUDE_PATH, CPLUS_INCLUDE_PATH, PKG_CONFIG_PATH, GSL_DIR) 
14:19:22 INFO  /home/bsc03/bsc03353/forge/src/main.c:107 140559092758592: I/O Forwarding Exploration [START]
Will AGIOS generate trace files? NO
Default scheduling algorithm: TO
TWINS window size: 1000000
Will the Prediction Module read information from trace files? NO
File with access time functions: /home/bsc03/bsc03353/forge/agios/access_times.func
AGIOS thinks its user has stripe size of 32768
Will AGIOS generate trace files? NO
Default scheduling algorithm: TO
TWINS window size: 1000000
Will the Prediction Module read information from trace files? NO
File with access time functions: /home/bsc03/bsc03353/forge/agios/access_times.func
AGIOS thinks its user has stripe size of 32768
Will AGIOS generate trace files? NO
Default scheduling algorithm: TO
TWINS window size: 1000000
Will the Prediction Module read information from trace files? NO
File with access time functions: /home/bsc03/bsc03353/forge/agios/access_times.func
AGIOS thinks its user has stripe size of 32768
Will AGIOS generate trace files? NO
Default scheduling algorithm: TO
TWINS window size: 1000000
Will the Prediction Module read information from trace files? NO
File with access time functions: /home/bsc03/bsc03353/forge/agios/access_times.func
AGIOS thinks its user has stripe size of 32768
14:19:36 ERROR /home/bsc03/bsc03353/forge/src/dispatcher/posix.c:61 140519755175680: r->filehandle = 35, r->size = 524288, r->offset = 20971520
14:19:36 ERROR /home/bsc03/bsc03353/forge/src/dispatcher/posix.c:62 140519755175680: single write -1 of expected 524288
14:19:47 ERROR /home/bsc03/bsc03353/forge/src/dispatcher/posix.c:61 140549820004096: r->filehandle = 35, r->size = 524288, r->offset = 3145728
14:19:47 ERROR /home/bsc03/bsc03353/forge/src/dispatcher/posix.c:62 140549820004096: single write -1 of expected 524288
14:19:51 ERROR /home/bsc03/bsc03353/forge/src/dispatcher/posix.c:61 140526197638912: r->filehandle = 35, r->size = 524288, r->offset = 19398656
14:19:51 ERROR /home/bsc03/bsc03353/forge/src/dispatcher/posix.c:62 140526197638912: single write -1 of expected 524288
14:19:52 ERROR /home/bsc03/bsc03353/forge/src/dispatcher/posix.c:61 139962989491968: r->filehandle = 36, r->size = 524288, r->offset = 59244544
14:19:52 ERROR /home/bsc03/bsc03353/forge/src/dispatcher/posix.c:62 139962989491968: single write -1 of expected 524288
14:19:52 ERROR /home/bsc03/bsc03353/forge/src/dispatcher/posix.c:61 139751440385792: r->filehandle = 36, r->size = 524288, r->offset = 98041856
14:19:52 ERROR /home/bsc03/bsc03353/forge/src/dispatcher/posix.c:62 139751440385792: single write -1 of expected 524288
14:19:55 ERROR /home/bsc03/bsc03353/forge/src/dispatcher/posix.c:61 139963876685568: r->filehandle = 36, r->size = 524288, r->offset = 39321600
14:19:55 ERROR /home/bsc03/bsc03353/forge/src/dispatcher/posix.c:62 139963876685568: single write -1 of expected 524288
14:19:57 ERROR /home/bsc03/bsc03353/forge/src/dispatcher/posix.c:61 139972466636544: r->filehandle = 36, r->size = 524288, r->offset = 39845888
14:19:57 ERROR /home/bsc03/bsc03353/forge/src/dispatcher/posix.c:62 139972466636544: single write -1 of expected 524288
14:20:02 ERROR /home/bsc03/bsc03353/forge/src/dispatcher/posix.c:61 139744997922560: r->filehandle = 36, r->size = 524288, r->offset = 99614720
14:20:02 ERROR /home/bsc03/bsc03353/forge/src/dispatcher/posix.c:62 139744997922560: single write -1 of expected 524288
14:20:02 ERROR /home/bsc03/bsc03353/forge/src/dispatcher/posix.c:61 139957434222336: r->filehandle = 36, r->size = 524288, r->offset = 48234496
14:20:03 ERROR /home/bsc03/bsc03353/forge/src/dispatcher/posix.c:62 139957434222336: single write -1 of expected 524288
14:20:04 ERROR /home/bsc03/bsc03353/forge/src/dispatcher/posix.c:61 139959581710080: r->filehandle = 36, r->size = 524288, r->offset = 49283072
14:20:04 ERROR /home/bsc03/bsc03353/forge/src/dispatcher/posix.c:62 139959581710080: single write -1 of expected 524288
14:20:06 ERROR /home/bsc03/bsc03353/forge/src/dispatcher/posix.c:61 139760030336768: r->filehandle = 36, r->size = 524288, r->offset = 96468992
14:20:06 ERROR /home/bsc03/bsc03353/forge/src/dispatcher/posix.c:62 139760030336768: single write -1 of expected 524288
14:20:07 ERROR /home/bsc03/bsc03353/forge/src/dispatcher/posix.c:61 139985351563008: r->filehandle = 36, r->size = 524288, r->offset = 37224448
14:20:07 ERROR /home/bsc03/bsc03353/forge/src/dispatcher/posix.c:62 139985351563008: single write -1 of expected 524288
14:20:07 ERROR /home/bsc03/bsc03353/forge/src/dispatcher/posix.c:61 139973726930688: r->filehandle = 36, r->size = 524288, r->offset = 58195968
14:20:07 ERROR /home/bsc03/bsc03353/forge/src/dispatcher/posix.c:62 139973726930688: single write -1 of expected 524288
14:20:07 ERROR /home/bsc03/bsc03353/forge/src/dispatcher/posix.c:61 139955286734592: r->filehandle = 36, r->size = 524288, r->offset = 46137344
14:20:07 ERROR /home/bsc03/bsc03353/forge/src/dispatcher/posix.c:62 139955286734592: single write -1 of expected 524288
14:20:09 ERROR /home/bsc03/bsc03353/forge/src/dispatcher/posix.c:61 139961729197824: r->filehandle = 36, r->size = 524288, r->offset = 35127296
14:20:09 ERROR /home/bsc03/bsc03353/forge/src/dispatcher/posix.c:62 139961729197824: single write -1 of expected 524288
14:20:12 ERROR /home/bsc03/bsc03353/forge/src/dispatcher/posix.c:61 139981056587520: r->filehandle = 36, r->size = 524288, r->offset = 47185920
14:20:12 ERROR /home/bsc03/bsc03353/forge/src/dispatcher/posix.c:62 139981056587520: single write -1 of expected 524288
14:20:12 ERROR /home/bsc03/bsc03353/forge/src/dispatcher/posix.c:61 139742850434816: r->filehandle = 36, r->size = 524288, r->offset = 92798976
14:20:12 ERROR /home/bsc03/bsc03353/forge/src/dispatcher/posix.c:62 139742850434816: single write -1 of expected 524288
14:20:14 ERROR /home/bsc03/bsc03353/forge/src/dispatcher/posix.c:61 139947957077760: r->filehandle = 36, r->size = 524288, r->offset = 60817408
14:20:14 ERROR /home/bsc03/bsc03353/forge/src/dispatcher/posix.c:62 139947957077760: single write -1 of expected 524288
14:20:14 ERROR /home/bsc03/bsc03353/forge/src/dispatcher/posix.c:61 139987499050752: r->filehandle = 36, r->size = 524288, r->offset = 40894464
14:20:14 ERROR /home/bsc03/bsc03353/forge/src/dispatcher/posix.c:62 139987499050752: single write -1 of expected 524288
14:20:18 ERROR /home/bsc03/bsc03353/forge/src/dispatcher/posix.c:61 139965136979712: r->filehandle = 36, r->size = 524288, r->offset = 61865984
14:20:18 ERROR /home/bsc03/bsc03353/forge/src/dispatcher/posix.c:62 139965136979712: single write -1 of expected 524288
14:20:19 ERROR /home/bsc03/bsc03353/forge/src/dispatcher/posix.c:61 139734260483840: r->filehandle = 36, r->size = 524288, r->offset = 88080384
14:20:19 ERROR /home/bsc03/bsc03353/forge/src/dispatcher/posix.c:62 139734260483840: single write -1 of expected 524288
14:20:21 ERROR /home/bsc03/bsc03353/forge/src/dispatcher/posix.c:61 139976761612032: r->filehandle = 36, r->size = 524288, r->offset = 41943040
14:20:21 ERROR /home/bsc03/bsc03353/forge/src/dispatcher/posix.c:62 139976761612032: single write -1 of expected 524288
14:20:22 ERROR /home/bsc03/bsc03353/forge/src/dispatcher/posix.c:61 139967284467456: r->filehandle = 36, r->size = 524288, r->offset = 62390272
14:20:22 ERROR /home/bsc03/bsc03353/forge/src/dispatcher/posix.c:62 139967284467456: single write -1 of expected 524288
14:20:25 ERROR /home/bsc03/bsc03353/forge/src/dispatcher/posix.c:61 139757882849024: r->filehandle = 36, r->size = 524288, r->offset = 91226112
14:20:25 ERROR /home/bsc03/bsc03353/forge/src/dispatcher/posix.c:62 139757882849024: single write -1 of expected 524288
14:20:28 ERROR /home/bsc03/bsc03353/forge/src/dispatcher/posix.c:61 139978021906176: r->filehandle = 36, r->size = 524288, r->offset = 51380224
14:20:28 ERROR /home/bsc03/bsc03353/forge/src/dispatcher/posix.c:62 139978021906176: single write -1 of expected 524288
14:20:29 ERROR /home/bsc03/bsc03353/forge/src/dispatcher/posix.c:61 139975874418432: r->filehandle = 36, r->size = 524288, r->offset = 56098816
14:20:29 ERROR /home/bsc03/bsc03353/forge/src/dispatcher/posix.c:62 139975874418432: single write -1 of expected 524288
14:20:32 ERROR /home/bsc03/bsc03353/forge/src/dispatcher/posix.c:61 139956547028736: r->filehandle = 36, r->size = 524288, r->offset = 57671680
14:20:32 ERROR /home/bsc03/bsc03353/forge/src/dispatcher/posix.c:62 139956547028736: single write -1 of expected 524288
14:20:38 ERROR /home/bsc03/bsc03353/forge/src/dispatcher/posix.c:61 139747145410304: r->filehandle = 36, r->size = 524288, r->offset = 99090432
14:20:38 ERROR /home/bsc03/bsc03353/forge/src/dispatcher/posix.c:62 139747145410304: single write -1 of expected 524288
14:20:43 ERROR /home/bsc03/bsc03353/forge/src/dispatcher/posix.c:61 139971579442944: r->filehandle = 36, r->size = 524288, r->offset = 66060288
14:20:43 ERROR /home/bsc03/bsc03353/forge/src/dispatcher/posix.c:62 139971579442944: single write -1 of expected 524288
14:20:46 ERROR /home/bsc03/bsc03353/forge/src/dispatcher/posix.c:61 139736407971584: r->filehandle = 36, r->size = 524288, r->offset = 90177536
14:20:46 ERROR /home/bsc03/bsc03353/forge/src/dispatcher/posix.c:62 139736407971584: single write -1 of expected 524288
14:20:48 ERROR /home/bsc03/bsc03353/forge/src/dispatcher/posix.c:61 139732112996096: r->filehandle = 36, r->size = 524288, r->offset = 92274688
14:20:48 ERROR /home/bsc03/bsc03353/forge/src/dispatcher/posix.c:62 139732112996096: single write -1 of expected 524288
14:20:50 ERROR /home/bsc03/bsc03353/forge/src/dispatcher/posix.c:61 139753587873536: r->filehandle = 36, r->size = 524288, r->offset = 87556096
14:20:50 ERROR /home/bsc03/bsc03353/forge/src/dispatcher/posix.c:62 139753587873536: single write -1 of expected 524288
14:20:57 ERROR /home/bsc03/bsc03353/forge/src/dispatcher/posix.c:61 139755735361280: r->filehandle = 36, r->size = 524288, r->offset = 90701824
14:20:57 ERROR /home/bsc03/bsc03353/forge/src/dispatcher/posix.c:62 139755735361280: single write -1 of expected 524288
14:21:01 ERROR /home/bsc03/bsc03353/forge/src/dispatcher/posix.c:61 139729965508352: r->filehandle = 36, r->size = 524288, r->offset = 89128960
14:21:01 ERROR /home/bsc03/bsc03353/forge/src/dispatcher/posix.c:62 139729965508352: single write -1 of expected 524288
14:21:01 ERROR /home/bsc03/bsc03353/forge/src/dispatcher/posix.c:61 139749292898048: r->filehandle = 36, r->size = 524288, r->offset = 87031808
14:21:01 ERROR /home/bsc03/bsc03353/forge/src/dispatcher/posix.c:62 139749292898048: single write -1 of expected 524288
14:21:08 ERROR /home/bsc03/bsc03353/forge/src/dispatcher/posix.c:61 139738555459328: r->filehandle = 36, r->size = 524288, r->offset = 85458944
14:21:08 ERROR /home/bsc03/bsc03353/forge/src/dispatcher/posix.c:62 139738555459328: single write -1 of expected 524288
14:21:16 ERROR /home/bsc03/bsc03353/forge/src/dispatcher/posix.c:61 139740702947072: r->filehandle = 36, r->size = 524288, r->offset = 79691776
14:21:16 ERROR /home/bsc03/bsc03353/forge/src/dispatcher/posix.c:62 139740702947072: single write -1 of expected 524288
14:21:19 ERROR /home/bsc03/bsc03353/forge/src/dispatcher/posix.c:61 139969431955200: r->filehandle = 36, r->size = 524288, r->offset = 67633152
14:21:19 ERROR /home/bsc03/bsc03353/forge/src/dispatcher/posix.c:62 139969431955200: single write -1 of expected 524288
14:21:19 ERROR /home/bsc03/bsc03353/forge/src/dispatcher/posix.c:61 140551967491840: r->filehandle = 35, r->size = 524288, r->offset = 15204352
14:21:19 ERROR /home/bsc03/bsc03353/forge/src/dispatcher/posix.c:62 140551967491840: single write -1 of expected 524288
14:21:19 ERROR /home/bsc03/bsc03353/forge/src/dispatcher/posix.c:61 139983204075264: r->filehandle = 36, r->size = 524288, r->offset = 25690112
14:21:19 ERROR /home/bsc03/bsc03353/forge/src/dispatcher/posix.c:62 139983204075264: single write -1 of expected 524288
14:21:20 ERROR /home/bsc03/bsc03353/forge/src/dispatcher/posix.c:61 139960842004224: r->filehandle = 36, r->size = 524288, r->offset = 72351744
14:21:20 ERROR /home/bsc03/bsc03353/forge/src/dispatcher/posix.c:62 139960842004224: single write -1 of expected 524288
14:21:22 ERROR /home/bsc03/bsc03353/forge/src/dispatcher/posix.c:61 139727818020608: r->filehandle = 36, r->size = 524288, r->offset = 80216064
14:21:22 ERROR /home/bsc03/bsc03353/forge/src/dispatcher/posix.c:62 139727818020608: single write -1 of expected 524288
14:21:27 ERROR /home/bsc03/bsc03353/forge/src/dispatcher/posix.c:61 140521902663424: r->filehandle = 35, r->size = 524288, r->offset = 22544384
14:21:27 ERROR /home/bsc03/bsc03353/forge/src/dispatcher/posix.c:62 140521902663424: single write -1 of expected 524288
14:21:29 ERROR /home/bsc03/bsc03353/forge/src/dispatcher/posix.c:61 139985351563008: r->filehandle = 36, r->size = 524288, r->offset = 25165824
14:21:29 ERROR /home/bsc03/bsc03353/forge/src/dispatcher/posix.c:62 139985351563008: single write -1 of expected 524288
14:21:30 ERROR /home/bsc03/bsc03353/forge/src/dispatcher/posix.c:61 139974614124288: r->filehandle = 36, r->size = 524288, r->offset = 26738688
14:21:30 ERROR /home/bsc03/bsc03353/forge/src/dispatcher/posix.c:62 139974614124288: single write -1 of expected 524288
14:21:31 ERROR /home/bsc03/bsc03353/forge/src/dispatcher/posix.c:61 139962989491968: r->filehandle = 36, r->size = 524288, r->offset = 63438848
14:21:31 ERROR /home/bsc03/bsc03353/forge/src/dispatcher/posix.c:62 139962989491968: single write -1 of expected 524288
14:21:33 ERROR /home/bsc03/bsc03353/forge/src/dispatcher/posix.c:61 139970319148800: r->filehandle = 36, r->size = 524288, r->offset = 32505856
14:21:33 ERROR /home/bsc03/bsc03353/forge/src/dispatcher/posix.c:62 139970319148800: single write -1 of expected 524288
14:21:35 ERROR /home/bsc03/bsc03353/forge/src/dispatcher/posix.c:61 139965136979712: r->filehandle = 36, r->size = 524288, r->offset = 53477376
14:21:35 ERROR /home/bsc03/bsc03353/forge/src/dispatcher/posix.c:62 139965136979712: single write -1 of expected 524288
14:21:37 ERROR /home/bsc03/bsc03353/forge/src/dispatcher/posix.c:61 139973726930688: r->filehandle = 36, r->size = 524288, r->offset = 64487424
14:21:37 ERROR /home/bsc03/bsc03353/forge/src/dispatcher/posix.c:62 139973726930688: single write -1 of expected 524288
14:21:43 ERROR /home/bsc03/bsc03353/forge/src/dispatcher/posix.c:61 139968171661056: r->filehandle = 36, r->size = 524288, r->offset = 33030144
14:21:43 ERROR /home/bsc03/bsc03353/forge/src/dispatcher/posix.c:62 139968171661056: single write -1 of expected 524288
14:21:46 ERROR /home/bsc03/bsc03353/forge/src/dispatcher/posix.c:61 139966024173312: r->filehandle = 36, r->size = 524288, r->offset = 29884416
14:21:46 ERROR /home/bsc03/bsc03353/forge/src/dispatcher/posix.c:62 139966024173312: single write -1 of expected 524288
14:21:53 ERROR /home/bsc03/bsc03353/forge/src/dispatcher/posix.c:61 139978909099776: r->filehandle = 36, r->size = 524288, r->offset = 30932992
14:21:53 ERROR /home/bsc03/bsc03353/forge/src/dispatcher/posix.c:62 139978909099776: single write -1 of expected 524288
14:21:54 ERROR /home/bsc03/bsc03353/forge/src/dispatcher/posix.c:61 140526197638912: r->filehandle = 35, r->size = 524288, r->offset = 7864320
14:21:54 ERROR /home/bsc03/bsc03353/forge/src/dispatcher/posix.c:62 140526197638912: single write -1 of expected 524288
14:21:59 ERROR /home/bsc03/bsc03353/forge/src/dispatcher/posix.c:61 139971579442944: r->filehandle = 36, r->size = 524288, r->offset = 69730304
14:21:59 ERROR /home/bsc03/bsc03353/forge/src/dispatcher/posix.c:62 139971579442944: single write -1 of expected 524288
14:21:59 ERROR /home/bsc03/bsc03353/forge/src/dispatcher/posix.c:61 139987499050752: r->filehandle = 36, r->size = 524288, r->offset = 147849216
14:21:59 ERROR /home/bsc03/bsc03353/forge/src/dispatcher/posix.c:62 139987499050752: single write -1 of expected 524288
14:22:05 ERROR /home/bsc03/bsc03353/forge/src/dispatcher/posix.c:61 139757882849024: r->filehandle = 36, r->size = 524288, r->offset = 76021760
14:22:05 ERROR /home/bsc03/bsc03353/forge/src/dispatcher/posix.c:62 139757882849024: single write -1 of expected 524288
14:22:14 ERROR /home/bsc03/bsc03353/forge/src/dispatcher/posix.c:61 139755735361280: r->filehandle = 36, r->size = 524288, r->offset = 77594624
14:22:14 ERROR /home/bsc03/bsc03353/forge/src/dispatcher/posix.c:62 139755735361280: single write -1 of expected 524288
14:22:15 ERROR /home/bsc03/bsc03353/forge/src/dispatcher/posix.c:61 140547672516352: r->filehandle = 35, r->size = 524288, r->offset = 0
14:22:15 ERROR /home/bsc03/bsc03353/forge/src/dispatcher/posix.c:62 140547672516352: single write -1 of expected 524288
14:22:19 ERROR /home/bsc03/bsc03353/forge/src/dispatcher/posix.c:61 139972466636544: r->filehandle = 36, r->size = 524288, r->offset = 139984896
14:22:19 ERROR /home/bsc03/bsc03353/forge/src/dispatcher/posix.c:62 139972466636544: single write -1 of expected 524288
14:22:20 ERROR /home/bsc03/bsc03353/forge/src/dispatcher/posix.c:61 139976761612032: r->filehandle = 36, r->size = 524288, r->offset = 141557760
14:22:20 ERROR /home/bsc03/bsc03353/forge/src/dispatcher/posix.c:62 139976761612032: single write -1 of expected 524288
14:22:21 ERROR /home/bsc03/bsc03353/forge/src/dispatcher/posix.c:61 139981056587520: r->filehandle = 36, r->size = 524288, r->offset = 149946368
14:22:21 ERROR /home/bsc03/bsc03353/forge/src/dispatcher/posix.c:62 139981056587520: single write -1 of expected 524288
14:22:22 ERROR /home/bsc03/bsc03353/forge/src/dispatcher/posix.c:61 139969431955200: r->filehandle = 36, r->size = 524288, r->offset = 74448896
14:22:22 ERROR /home/bsc03/bsc03353/forge/src/dispatcher/posix.c:62 139969431955200: single write -1 of expected 524288
14:22:29 ERROR /home/bsc03/bsc03353/forge/src/dispatcher/posix.c:61 139959581710080: r->filehandle = 36, r->size = 524288, r->offset = 140509184
14:22:29 ERROR /home/bsc03/bsc03353/forge/src/dispatcher/posix.c:62 139959581710080: single write -1 of expected 524288
14:22:30 ERROR /home/bsc03/bsc03353/forge/src/dispatcher/posix.c:61 140526197638912: r->filehandle = 35, r->size = 524288, r->offset = 5767168
14:22:30 ERROR /home/bsc03/bsc03353/forge/src/dispatcher/posix.c:62 140526197638912: single write -1 of expected 524288
14:22:33 ERROR /home/bsc03/bsc03353/forge/src/dispatcher/posix.c:61 139947957077760: r->filehandle = 36, r->size = 524288, r->offset = 69206016
14:22:33 ERROR /home/bsc03/bsc03353/forge/src/dispatcher/posix.c:62 139947957077760: single write -1 of expected 524288
14:22:42 ERROR /home/bsc03/bsc03353/forge/src/dispatcher/posix.c:61 139973726930688: r->filehandle = 36, r->size = 524288, r->offset = 52428800
14:22:42 ERROR /home/bsc03/bsc03353/forge/src/dispatcher/posix.c:62 139973726930688: single write -1 of expected 524288
14:22:44 ERROR /home/bsc03/bsc03353/forge/src/dispatcher/posix.c:61 139970319148800: r->filehandle = 36, r->size = 524288, r->offset = 45613056
14:22:44 ERROR /home/bsc03/bsc03353/forge/src/dispatcher/posix.c:62 139970319148800: single write -1 of expected 524288
14:22:45 ERROR /home/bsc03/bsc03353/forge/src/dispatcher/posix.c:61 139961729197824: r->filehandle = 36, r->size = 524288, r->offset = 36700160
14:22:45 ERROR /home/bsc03/bsc03353/forge/src/dispatcher/posix.c:62 139961729197824: single write -1 of expected 524288
14:22:56 ERROR /home/bsc03/bsc03353/forge/src/dispatcher/posix.c:61 139955286734592: r->filehandle = 36, r->size = 524288, r->offset = 35651584
14:22:56 ERROR /home/bsc03/bsc03353/forge/src/dispatcher/posix.c:62 139955286734592: single write -1 of expected 524288
14:23:08 ERROR /home/bsc03/bsc03353/forge/src/dispatcher/posix.c:61 139963876685568: r->filehandle = 36, r->size = 524288, r->offset = 43515904
14:23:08 ERROR /home/bsc03/bsc03353/forge/src/dispatcher/posix.c:62 139963876685568: single write -1 of expected 524288
14:23:10 ERROR /home/bsc03/bsc03353/forge/src/dispatcher/posix.c:61 139968171661056: r->filehandle = 36, r->size = 524288, r->offset = 44040192
14:23:10 ERROR /home/bsc03/bsc03353/forge/src/dispatcher/posix.c:62 139968171661056: single write -1 of expected 524288
14:23:10 ERROR /home/bsc03/bsc03353/forge/src/dispatcher/posix.c:61 139734260483840: r->filehandle = 36, r->size = 524288, r->offset = 85983232
14:23:10 ERROR /home/bsc03/bsc03353/forge/src/dispatcher/posix.c:62 139734260483840: single write -1 of expected 524288
14:23:14 ERROR /home/bsc03/bsc03353/forge/src/dispatcher/posix.c:61 139751440385792: r->filehandle = 36, r->size = 524288, r->offset = 98566144
14:23:14 ERROR /home/bsc03/bsc03353/forge/src/dispatcher/posix.c:62 139751440385792: single write -1 of expected 524288
14:23:15 ERROR /home/bsc03/bsc03353/forge/src/dispatcher/posix.c:61 139732112996096: r->filehandle = 36, r->size = 524288, r->offset = 79167488
14:23:15 ERROR /home/bsc03/bsc03353/forge/src/dispatcher/posix.c:62 139732112996096: single write -1 of expected 524288
14:23:24 ERROR /home/bsc03/bsc03353/forge/src/dispatcher/posix.c:61 139736407971584: r->filehandle = 36, r->size = 524288, r->offset = 91750400
14:23:24 ERROR /home/bsc03/bsc03353/forge/src/dispatcher/posix.c:62 139736407971584: single write -1 of expected 524288
14:23:38 ERROR /home/bsc03/bsc03353/forge/src/dispatcher/posix.c:61 139753587873536: r->filehandle = 36, r->size = 524288, r->offset = 100139008
14:23:38 ERROR /home/bsc03/bsc03353/forge/src/dispatcher/posix.c:62 139753587873536: single write -1 of expected 524288
14:23:45 ERROR /home/bsc03/bsc03353/forge/src/dispatcher/posix.c:61 139957434222336: r->filehandle = 36, r->size = 524288, r->offset = 28311552
14:23:45 ERROR /home/bsc03/bsc03353/forge/src/dispatcher/posix.c:62 139957434222336: single write -1 of expected 524288
14:23:46 ERROR /home/bsc03/bsc03353/forge/src/dispatcher/posix.c:61 140530492614400: r->filehandle = 35, r->size = 524288, r->offset = 14680064
14:23:46 ERROR /home/bsc03/bsc03353/forge/src/dispatcher/posix.c:62 140530492614400: single write -1 of expected 524288
14:23:49 ERROR /home/bsc03/bsc03353/forge/src/dispatcher/posix.c:61 140545525028608: r->filehandle = 35, r->size = 524288, r->offset = 16252928
14:23:49 ERROR /home/bsc03/bsc03353/forge/src/dispatcher/posix.c:62 140545525028608: single write -1 of expected 524288
14:24:02 ERROR /home/bsc03/bsc03353/forge/src/dispatcher/posix.c:61 140534787589888: r->filehandle = 35, r->size = 524288, r->offset = 15728640
14:24:02 ERROR /home/bsc03/bsc03353/forge/src/dispatcher/posix.c:62 140534787589888: single write -1 of expected 524288
14:24:02 ERROR /home/bsc03/bsc03353/forge/src/dispatcher/posix.c:61 139978021906176: r->filehandle = 36, r->size = 524288, r->offset = 156762112
14:24:02 ERROR /home/bsc03/bsc03353/forge/src/dispatcher/posix.c:62 139978021906176: single write -1 of expected 524288
14:24:04 ERROR /home/bsc03/bsc03353/forge/src/dispatcher/posix.c:61 139952252053248: r->filehandle = 36, r->size = 524288, r->offset = 152043520
14:24:04 ERROR /home/bsc03/bsc03353/forge/src/dispatcher/posix.c:62 139952252053248: single write -1 of expected 524288
14:24:10 ERROR /home/bsc03/bsc03353/forge/src/dispatcher/posix.c:61 139971579442944: r->filehandle = 36, r->size = 524288, r->offset = 59768832
14:24:10 ERROR /home/bsc03/bsc03353/forge/src/dispatcher/posix.c:62 139971579442944: single write -1 of expected 524288
14:24:14 ERROR /home/bsc03/bsc03353/forge/src/dispatcher/posix.c:61 139965136979712: r->filehandle = 36, r->size = 524288, r->offset = 67108864
14:24:14 ERROR /home/bsc03/bsc03353/forge/src/dispatcher/posix.c:62 139965136979712: single write -1 of expected 524288
14:24:18 ERROR /home/bsc03/bsc03353/forge/src/dispatcher/posix.c:61 139969431955200: r->filehandle = 36, r->size = 524288, r->offset = 58720256
14:24:18 ERROR /home/bsc03/bsc03353/forge/src/dispatcher/posix.c:62 139969431955200: single write -1 of expected 524288
14:24:19 ERROR /home/bsc03/bsc03353/forge/src/dispatcher/posix.c:61 139973726930688: r->filehandle = 36, r->size = 524288, r->offset = 51904512
14:24:19 ERROR /home/bsc03/bsc03353/forge/src/dispatcher/posix.c:62 139973726930688: single write -1 of expected 524288
14:24:21 ERROR /home/bsc03/bsc03353/forge/src/dispatcher/posix.c:61 139960842004224: r->filehandle = 36, r->size = 524288, r->offset = 52953088
14:24:21 ERROR /home/bsc03/bsc03353/forge/src/dispatcher/posix.c:62 139960842004224: single write -1 of expected 524288
14:24:21 ERROR /home/bsc03/bsc03353/forge/src/dispatcher/posix.c:61 139947957077760: r->filehandle = 36, r->size = 524288, r->offset = 71303168
14:24:21 ERROR /home/bsc03/bsc03353/forge/src/dispatcher/posix.c:62 139947957077760: single write -1 of expected 524288
14:24:22 ERROR /home/bsc03/bsc03353/forge/src/dispatcher/posix.c:61 139958694516480: r->filehandle = 36, r->size = 524288, r->offset = 163053568
14:24:22 ERROR /home/bsc03/bsc03353/forge/src/dispatcher/posix.c:62 139958694516480: single write -1 of expected 524288
14:24:24 ERROR /home/bsc03/bsc03353/forge/src/dispatcher/posix.c:61 139975874418432: r->filehandle = 36, r->size = 524288, r->offset = 158334976
14:24:24 ERROR /home/bsc03/bsc03353/forge/src/dispatcher/posix.c:62 139975874418432: single write -1 of expected 524288
14:24:25 ERROR /home/bsc03/bsc03353/forge/src/dispatcher/posix.c:61 139760030336768: r->filehandle = 36, r->size = 524288, r->offset = 88604672
14:24:25 ERROR /home/bsc03/bsc03353/forge/src/dispatcher/posix.c:62 139760030336768: single write -1 of expected 524288
14:24:28 ERROR /home/bsc03/bsc03353/forge/src/dispatcher/posix.c:61 139742850434816: r->filehandle = 36, r->size = 524288, r->offset = 78118912
14:24:28 ERROR /home/bsc03/bsc03353/forge/src/dispatcher/posix.c:62 139742850434816: single write -1 of expected 524288
slurmstepd: error: *** JOB 8737273 ON s01r1b18 CANCELLED AT 2020-02-07T14:24:29 DUE TO TIME LIMIT ***
