Set GCC compilers as MPI wrappers backend 
remove openmpi/4.0.2_UCX (PATH, MANPATH, LD_LIBRARY_PATH) 
load openmpi/4.0.2_UCX (PATH, MANPATH, LD_LIBRARY_PATH) 
Set GCC compilers as MPI wrappers backend 
load gsl/2.4 (PATH, LD_LIBRARY_PATH, LIBRARY_PATH, MANPATH, INFOPATH,
C_INCLUDE_PATH, CPLUS_INCLUDE_PATH, PKG_CONFIG_PATH, GSL_DIR) 
21:46:25 INFO  /home/bsc03/bsc03353/forge/src/main.c:107 140183919941696: I/O Forwarding Exploration [START]
Will AGIOS generate trace files? NO
Default scheduling algorithm: TO
TWINS window size: 1000000
Will the Prediction Module read information from trace files? NO
File with access time functions: /home/bsc03/bsc03353/forge/agios/access_times.func
AGIOS thinks its user has stripe size of 32768
Will AGIOS generate trace files? NO
Default scheduling algorithm: TO
TWINS window size: 1000000
Will the Prediction Module read information from trace files? NO
File with access time functions: /home/bsc03/bsc03353/forge/agios/access_times.func
AGIOS thinks its user has stripe size of 32768
Will AGIOS generate trace files? NO
Default scheduling algorithm: TO
TWINS window size: 1000000
Will the Prediction Module read information from trace files? NO
File with access time functions: /home/bsc03/bsc03353/forge/agios/access_times.func
AGIOS thinks its user has stripe size of 32768
Will AGIOS generate trace files? NO
Default scheduling algorithm: TO
TWINS window size: 1000000
Will the Prediction Module read information from trace files? NO
File with access time functions: /home/bsc03/bsc03353/forge/agios/access_times.func
AGIOS thinks its user has stripe size of 32768
21:46:44 ERROR /home/bsc03/bsc03353/forge/src/dispatcher/posix.c:61 140475645990656: r->filehandle = 40, r->size = 32768, r->offset = 0
21:46:44 ERROR /home/bsc03/bsc03353/forge/src/dispatcher/posix.c:62 140475645990656: single write -1 of expected 32768
21:46:44 ERROR /home/bsc03/bsc03353/forge/src/dispatcher/posix.c:61 140097353303808: r->filehandle = 59, r->size = 32768, r->offset = 0
21:46:44 ERROR /home/bsc03/bsc03353/forge/src/dispatcher/posix.c:62 140097353303808: single write -1 of expected 32768
21:46:45 ERROR /home/bsc03/bsc03353/forge/src/dispatcher/posix.c:61 140116680693504: r->filehandle = 41, r->size = 32768, r->offset = 0
21:46:45 ERROR /home/bsc03/bsc03353/forge/src/dispatcher/posix.c:62 140116680693504: single write -1 of expected 32768
21:46:45 ERROR /home/bsc03/bsc03353/forge/src/dispatcher/posix.c:61 140144582432512: r->filehandle = 38, r->size = 32768, r->offset = 0
21:46:45 ERROR /home/bsc03/bsc03353/forge/src/dispatcher/posix.c:62 140144582432512: single write -1 of expected 32768
21:46:45 ERROR /home/bsc03/bsc03353/forge/src/dispatcher/posix.c:61 140456318600960: r->filehandle = 45, r->size = 32768, r->offset = 0
21:46:45 ERROR /home/bsc03/bsc03353/forge/src/dispatcher/posix.c:62 140456318600960: single write -1 of expected 32768
21:46:46 ERROR /home/bsc03/bsc03353/forge/src/dispatcher/posix.c:61 140088763352832: r->filehandle = 55, r->size = 32768, r->offset = 0
21:46:46 ERROR /home/bsc03/bsc03353/forge/src/dispatcher/posix.c:62 140088763352832: single write -1 of expected 32768
21:46:46 ERROR /home/bsc03/bsc03353/forge/src/dispatcher/posix.c:61 140462761064192: r->filehandle = 38, r->size = 32768, r->offset = 0
21:46:46 ERROR /home/bsc03/bsc03353/forge/src/dispatcher/posix.c:62 140462761064192: single write -1 of expected 32768
21:46:47 ERROR /home/bsc03/bsc03353/forge/src/dispatcher/posix.c:61 140105943254784: r->filehandle = 50, r->size = 32768, r->offset = 0
21:46:47 ERROR /home/bsc03/bsc03353/forge/src/dispatcher/posix.c:62 140105943254784: single write -1 of expected 32768
21:46:47 ERROR /home/bsc03/bsc03353/forge/src/dispatcher/posix.c:61 140116680693504: r->filehandle = 49, r->size = 32768, r->offset = 0
21:46:47 ERROR /home/bsc03/bsc03353/forge/src/dispatcher/posix.c:62 140116680693504: single write -1 of expected 32768
21:46:48 ERROR /home/bsc03/bsc03353/forge/src/dispatcher/posix.c:61 139695499007744: r->filehandle = 52, r->size = 32768, r->offset = 0
21:46:48 ERROR /home/bsc03/bsc03353/forge/src/dispatcher/posix.c:62 139695499007744: single write -1 of expected 32768
21:46:49 ERROR /home/bsc03/bsc03353/forge/src/dispatcher/posix.c:61 140475645990656: r->filehandle = 55, r->size = 32768, r->offset = 0
21:46:49 ERROR /home/bsc03/bsc03353/forge/src/dispatcher/posix.c:61 140103795767040: r->filehandle = 42, r->size = 32768, r->offset = 0
21:46:49 ERROR /home/bsc03/bsc03353/forge/src/dispatcher/posix.c:62 140475645990656: single write -1 of expected 32768
21:46:49 ERROR /home/bsc03/bsc03353/forge/src/dispatcher/posix.c:62 140103795767040: single write -1 of expected 32768
21:46:50 ERROR /home/bsc03/bsc03353/forge/src/dispatcher/posix.c:61 139691204032256: r->filehandle = 59, r->size = 32768, r->offset = 0
21:46:50 ERROR /home/bsc03/bsc03353/forge/src/dispatcher/posix.c:62 139691204032256: single write -1 of expected 32768
21:46:50 ERROR /home/bsc03/bsc03353/forge/src/dispatcher/posix.c:61 140114533205760: r->filehandle = 36, r->size = 32768, r->offset = 0
21:46:50 ERROR /home/bsc03/bsc03353/forge/src/dispatcher/posix.c:62 140114533205760: single write -1 of expected 32768
21:46:51 ERROR /home/bsc03/bsc03353/forge/src/dispatcher/posix.c:61 140146729920256: r->filehandle = 39, r->size = 32768, r->offset = 0
21:46:51 ERROR /home/bsc03/bsc03353/forge/src/dispatcher/posix.c:62 140146729920256: single write -1 of expected 32768
21:46:51 ERROR /home/bsc03/bsc03353/forge/src/dispatcher/posix.c:61 139676171618048: r->filehandle = 53, r->size = 32768, r->offset = 0
21:46:51 ERROR /home/bsc03/bsc03353/forge/src/dispatcher/posix.c:61 140454171113216: r->filehandle = 36, r->size = 32768, r->offset = 0
21:46:51 ERROR /home/bsc03/bsc03353/forge/src/dispatcher/posix.c:62 140454171113216: single write -1 of expected 32768
21:46:51 ERROR /home/bsc03/bsc03353/forge/src/dispatcher/posix.c:62 139676171618048: single write -1 of expected 32768
21:46:51 ERROR /home/bsc03/bsc03353/forge/src/dispatcher/posix.c:61 140471351015168: r->filehandle = 43, r->size = 32768, r->offset = 0
21:46:51 ERROR /home/bsc03/bsc03353/forge/src/dispatcher/posix.c:62 140471351015168: single write -1 of expected 32768
21:46:52 ERROR /home/bsc03/bsc03353/forge/src/dispatcher/posix.c:61 140144582432512: r->filehandle = 55, r->size = 32768, r->offset = 0
21:46:52 ERROR /home/bsc03/bsc03353/forge/src/dispatcher/posix.c:61 139674024130304: r->filehandle = 54, r->size = 32768, r->offset = 0
21:46:52 ERROR /home/bsc03/bsc03353/forge/src/dispatcher/posix.c:62 140144582432512: single write -1 of expected 32768
21:46:52 ERROR /home/bsc03/bsc03353/forge/src/dispatcher/posix.c:62 139674024130304: single write -1 of expected 32768
21:46:53 ERROR /home/bsc03/bsc03353/forge/src/dispatcher/posix.c:61 140148877408000: r->filehandle = 57, r->size = 32768, r->offset = 0
21:46:53 ERROR /home/bsc03/bsc03353/forge/src/dispatcher/posix.c:62 140148877408000: single write -1 of expected 32768
21:46:53 ERROR /home/bsc03/bsc03353/forge/src/dispatcher/posix.c:61 140112385718016: r->filehandle = 38, r->size = 32768, r->offset = 0
21:46:53 ERROR /home/bsc03/bsc03353/forge/src/dispatcher/posix.c:61 140464908551936: r->filehandle = 51, r->size = 32768, r->offset = 0
21:46:53 ERROR /home/bsc03/bsc03353/forge/src/dispatcher/posix.c:62 140112385718016: single write -1 of expected 32768
21:46:53 ERROR /home/bsc03/bsc03353/forge/src/dispatcher/posix.c:62 140464908551936: single write -1 of expected 32768
21:46:53 ERROR /home/bsc03/bsc03353/forge/src/dispatcher/posix.c:61 140471351015168: r->filehandle = 50, r->size = 32768, r->offset = 0
21:46:53 ERROR /home/bsc03/bsc03353/forge/src/dispatcher/posix.c:62 140471351015168: single write -1 of expected 32768
21:46:54 ERROR /home/bsc03/bsc03353/forge/src/dispatcher/posix.c:61 139695499007744: r->filehandle = 45, r->size = 32768, r->offset = 0
21:46:54 ERROR /home/bsc03/bsc03353/forge/src/dispatcher/posix.c:62 139695499007744: single write -1 of expected 32768
21:46:54 ERROR /home/bsc03/bsc03353/forge/src/dispatcher/posix.c:61 140146729920256: r->filehandle = 40, r->size = 32768, r->offset = 0
21:46:54 ERROR /home/bsc03/bsc03353/forge/src/dispatcher/posix.c:62 140146729920256: single write -1 of expected 32768
21:46:56 ERROR /home/bsc03/bsc03353/forge/src/dispatcher/posix.c:61 140090910840576: r->filehandle = 56, r->size = 32768, r->offset = 0
21:46:56 ERROR /home/bsc03/bsc03353/forge/src/dispatcher/posix.c:62 140090910840576: single write -1 of expected 32768
21:46:56 ERROR /home/bsc03/bsc03353/forge/src/dispatcher/posix.c:61 140099500791552: r->filehandle = 52, r->size = 32768, r->offset = 0
21:46:56 ERROR /home/bsc03/bsc03353/forge/src/dispatcher/posix.c:62 140099500791552: single write -1 of expected 32768
21:46:56 ERROR /home/bsc03/bsc03353/forge/src/dispatcher/posix.c:61 140479940966144: r->filehandle = 44, r->size = 32768, r->offset = 0
21:46:56 ERROR /home/bsc03/bsc03353/forge/src/dispatcher/posix.c:62 140479940966144: single write -1 of expected 32768
21:46:57 ERROR /home/bsc03/bsc03353/forge/src/dispatcher/posix.c:61 140088763352832: r->filehandle = 46, r->size = 32768, r->offset = 0
21:46:57 ERROR /home/bsc03/bsc03353/forge/src/dispatcher/posix.c:62 140088763352832: single write -1 of expected 32768
21:46:58 ERROR /home/bsc03/bsc03353/forge/src/dispatcher/posix.c:61 140093058328320: r->filehandle = 58, r->size = 32768, r->offset = 0
21:46:58 ERROR /home/bsc03/bsc03353/forge/src/dispatcher/posix.c:62 140093058328320: single write -1 of expected 32768
21:46:58 ERROR /home/bsc03/bsc03353/forge/src/dispatcher/posix.c:61 139691204032256: r->filehandle = 37, r->size = 32768, r->offset = 0
21:46:58 ERROR /home/bsc03/bsc03353/forge/src/dispatcher/posix.c:61 140458466088704: r->filehandle = 56, r->size = 32768, r->offset = 0
21:46:58 ERROR /home/bsc03/bsc03353/forge/src/dispatcher/posix.c:62 139691204032256: single write -1 of expected 32768
21:46:58 ERROR /home/bsc03/bsc03353/forge/src/dispatcher/posix.c:62 140458466088704: single write -1 of expected 32768
21:46:58 ERROR /home/bsc03/bsc03353/forge/src/dispatcher/posix.c:61 140090910840576: r->filehandle = 59, r->size = 32768, r->offset = 32768
21:46:58 ERROR /home/bsc03/bsc03353/forge/src/dispatcher/posix.c:62 140090910840576: single write -1 of expected 32768
21:47:02 ERROR /home/bsc03/bsc03353/forge/src/dispatcher/posix.c:61 140456318600960: r->filehandle = 49, r->size = 32768, r->offset = 0
21:47:02 ERROR /home/bsc03/bsc03353/forge/src/dispatcher/posix.c:62 140456318600960: single write -1 of expected 32768
21:47:02 ERROR /home/bsc03/bsc03353/forge/src/dispatcher/posix.c:61 140103795767040: r->filehandle = 53, r->size = 32768, r->offset = 0
21:47:02 ERROR /home/bsc03/bsc03353/forge/src/dispatcher/posix.c:62 140103795767040: single write -1 of expected 32768
21:47:02 ERROR /home/bsc03/bsc03353/forge/src/dispatcher/posix.c:61 140157467358976: r->filehandle = 49, r->size = 32768, r->offset = 0
21:47:02 ERROR /home/bsc03/bsc03353/forge/src/dispatcher/posix.c:61 139667581667072: r->filehandle = 56, r->size = 32768, r->offset = 0
21:47:02 ERROR /home/bsc03/bsc03353/forge/src/dispatcher/posix.c:62 140157467358976: single write -1 of expected 32768
21:47:02 ERROR /home/bsc03/bsc03353/forge/src/dispatcher/posix.c:62 139667581667072: single write -1 of expected 32768
21:47:03 ERROR /home/bsc03/bsc03353/forge/src/dispatcher/posix.c:61 140161762334464: r->filehandle = 58, r->size = 32768, r->offset = 0
21:47:03 ERROR /home/bsc03/bsc03353/forge/src/dispatcher/posix.c:62 140161762334464: single write -1 of expected 32768
21:47:03 ERROR /home/bsc03/bsc03353/forge/src/dispatcher/posix.c:61 140118828181248: r->filehandle = 43, r->size = 32768, r->offset = 0
21:47:03 ERROR /home/bsc03/bsc03353/forge/src/dispatcher/posix.c:62 140118828181248: single write -1 of expected 32768
21:47:03 ERROR /home/bsc03/bsc03353/forge/src/dispatcher/posix.c:61 139680466593536: r->filehandle = 55, r->size = 32768, r->offset = 0
21:47:03 ERROR /home/bsc03/bsc03353/forge/src/dispatcher/posix.c:62 139680466593536: single write -1 of expected 32768
21:47:04 ERROR /home/bsc03/bsc03353/forge/src/dispatcher/posix.c:61 140172499773184: r->filehandle = 52, r->size = 32768, r->offset = 0
21:47:04 ERROR /home/bsc03/bsc03353/forge/src/dispatcher/posix.c:62 140172499773184: single write -1 of expected 32768
21:47:05 ERROR /home/bsc03/bsc03353/forge/src/dispatcher/posix.c:61 140155319871232: r->filehandle = 44, r->size = 32768, r->offset = 0
21:47:05 ERROR /home/bsc03/bsc03353/forge/src/dispatcher/posix.c:62 140155319871232: single write -1 of expected 32768
21:47:05 ERROR /home/bsc03/bsc03353/forge/src/dispatcher/posix.c:61 140095205816064: r->filehandle = 39, r->size = 32768, r->offset = 0
21:47:05 ERROR /home/bsc03/bsc03353/forge/src/dispatcher/posix.c:61 139693351520000: r->filehandle = 48, r->size = 32768, r->offset = 0
21:47:05 ERROR /home/bsc03/bsc03353/forge/src/dispatcher/posix.c:61 140475645990656: r->filehandle = 47, r->size = 32768, r->offset = 0
21:47:05 ERROR /home/bsc03/bsc03353/forge/src/dispatcher/posix.c:62 140095205816064: single write -1 of expected 32768
21:47:05 ERROR /home/bsc03/bsc03353/forge/src/dispatcher/posix.c:62 139693351520000: single write -1 of expected 32768
21:47:05 ERROR /home/bsc03/bsc03353/forge/src/dispatcher/posix.c:62 140475645990656: single write -1 of expected 32768
21:47:05 ERROR /home/bsc03/bsc03353/forge/src/dispatcher/posix.c:61 140473498502912: r->filehandle = 59, r->size = 32768, r->offset = 0
21:47:05 ERROR /home/bsc03/bsc03353/forge/src/dispatcher/posix.c:62 140473498502912: single write -1 of expected 32768
21:47:05 ERROR /home/bsc03/bsc03353/forge/src/dispatcher/posix.c:61 140093058328320: r->filehandle = 42, r->size = 32768, r->offset = 32768
21:47:05 ERROR /home/bsc03/bsc03353/forge/src/dispatcher/posix.c:62 140093058328320: single write -1 of expected 32768
21:47:06 ERROR /home/bsc03/bsc03353/forge/src/dispatcher/posix.c:61 140105943254784: r->filehandle = 45, r->size = 32768, r->offset = 0
21:47:06 ERROR /home/bsc03/bsc03353/forge/src/dispatcher/posix.c:62 140105943254784: single write -1 of expected 32768
21:47:06 ERROR /home/bsc03/bsc03353/forge/src/dispatcher/posix.c:61 140462761064192: r->filehandle = 41, r->size = 32768, r->offset = 0
21:47:06 ERROR /home/bsc03/bsc03353/forge/src/dispatcher/posix.c:62 140462761064192: single write -1 of expected 32768
21:47:07 ERROR /home/bsc03/bsc03353/forge/src/dispatcher/posix.c:61 140086615865088: r->filehandle = 54, r->size = 32768, r->offset = 0
21:47:07 ERROR /home/bsc03/bsc03353/forge/src/dispatcher/posix.c:62 140086615865088: single write -1 of expected 32768
21:47:08 ERROR /home/bsc03/bsc03353/forge/src/dispatcher/posix.c:61 139674024130304: r->filehandle = 38, r->size = 32768, r->offset = 0
21:47:08 ERROR /home/bsc03/bsc03353/forge/src/dispatcher/posix.c:62 139674024130304: single write -1 of expected 32768
21:47:09 ERROR /home/bsc03/bsc03353/forge/src/dispatcher/posix.c:61 140157467358976: r->filehandle = 41, r->size = 32768, r->offset = 0
21:47:09 ERROR /home/bsc03/bsc03353/forge/src/dispatcher/posix.c:62 140157467358976: single write -1 of expected 32768
21:47:10 ERROR /home/bsc03/bsc03353/forge/src/dispatcher/posix.c:61 140473498502912: r->filehandle = 50, r->size = 32768, r->offset = 32768
21:47:10 ERROR /home/bsc03/bsc03353/forge/src/dispatcher/posix.c:62 140473498502912: single write -1 of expected 32768
21:47:11 ERROR /home/bsc03/bsc03353/forge/src/dispatcher/posix.c:61 140159614846720: r->filehandle = 37, r->size = 32768, r->offset = 0
21:47:11 ERROR /home/bsc03/bsc03353/forge/src/dispatcher/posix.c:61 139684761569024: r->filehandle = 46, r->size = 32768, r->offset = 0
21:47:11 ERROR /home/bsc03/bsc03353/forge/src/dispatcher/posix.c:61 140486383429376: r->filehandle = 58, r->size = 32768, r->offset = 0
21:47:11 ERROR /home/bsc03/bsc03353/forge/src/dispatcher/posix.c:62 140486383429376: single write -1 of expected 32768
21:47:11 ERROR /home/bsc03/bsc03353/forge/src/dispatcher/posix.c:62 140159614846720: single write -1 of expected 32768
21:47:11 ERROR /home/bsc03/bsc03353/forge/src/dispatcher/posix.c:62 139684761569024: single write -1 of expected 32768
21:47:11 ERROR /home/bsc03/bsc03353/forge/src/dispatcher/posix.c:61 140166057309952: r->filehandle = 53, r->size = 32768, r->offset = 0
21:47:11 ERROR /home/bsc03/bsc03353/forge/src/dispatcher/posix.c:61 140112385718016: r->filehandle = 48, r->size = 32768, r->offset = 0
21:47:11 ERROR /home/bsc03/bsc03353/forge/src/dispatcher/posix.c:62 140166057309952: single write -1 of expected 32768
21:47:11 ERROR /home/bsc03/bsc03353/forge/src/dispatcher/posix.c:62 140112385718016: single write -1 of expected 32768
21:47:12 ERROR /home/bsc03/bsc03353/forge/src/dispatcher/posix.c:61 140103795767040: r->filehandle = 38, r->size = 32768, r->offset = 32768
21:47:12 ERROR /home/bsc03/bsc03353/forge/src/dispatcher/posix.c:62 140103795767040: single write -1 of expected 32768
21:47:12 ERROR /home/bsc03/bsc03353/forge/src/dispatcher/posix.c:61 140118828181248: r->filehandle = 49, r->size = 32768, r->offset = 32768
21:47:12 ERROR /home/bsc03/bsc03353/forge/src/dispatcher/posix.c:62 140118828181248: single write -1 of expected 32768
21:47:13 ERROR /home/bsc03/bsc03353/forge/src/dispatcher/posix.c:61 140116680693504: r->filehandle = 44, r->size = 32768, r->offset = 0
21:47:13 ERROR /home/bsc03/bsc03353/forge/src/dispatcher/posix.c:62 140116680693504: single write -1 of expected 32768
21:47:13 ERROR /home/bsc03/bsc03353/forge/src/dispatcher/posix.c:61 139665434179328: r->filehandle = 40, r->size = 32768, r->offset = 0
21:47:13 ERROR /home/bsc03/bsc03353/forge/src/dispatcher/posix.c:62 139665434179328: single write -1 of expected 32768
21:47:13 ERROR /home/bsc03/bsc03353/forge/src/dispatcher/posix.c:61 139695499007744: r->filehandle = 51, r->size = 32768, r->offset = 0
21:47:13 ERROR /home/bsc03/bsc03353/forge/src/dispatcher/posix.c:62 139695499007744: single write -1 of expected 32768
21:47:13 ERROR /home/bsc03/bsc03353/forge/src/dispatcher/posix.c:61 140153172383488: r->filehandle = 43, r->size = 32768, r->offset = 0
21:47:13 ERROR /home/bsc03/bsc03353/forge/src/dispatcher/posix.c:62 140153172383488: single write -1 of expected 32768
21:47:14 ERROR /home/bsc03/bsc03353/forge/src/dispatcher/posix.c:61 139693351520000: r->filehandle = 52, r->size = 32768, r->offset = 32768
21:47:14 ERROR /home/bsc03/bsc03353/forge/src/dispatcher/posix.c:62 139693351520000: single write -1 of expected 32768
21:47:14 ERROR /home/bsc03/bsc03353/forge/src/dispatcher/posix.c:61 139686909056768: r->filehandle = 41, r->size = 32768, r->offset = 0
21:47:14 ERROR /home/bsc03/bsc03353/forge/src/dispatcher/posix.c:62 139686909056768: single write -1 of expected 32768
21:47:15 ERROR /home/bsc03/bsc03353/forge/src/dispatcher/posix.c:61 140101648279296: r->filehandle = 40, r->size = 32768, r->offset = 0
21:47:15 ERROR /home/bsc03/bsc03353/forge/src/dispatcher/posix.c:61 139680466593536: r->filehandle = 44, r->size = 32768, r->offset = 0
21:47:15 ERROR /home/bsc03/bsc03353/forge/src/dispatcher/posix.c:62 139680466593536: single write -1 of expected 32768
21:47:15 ERROR /home/bsc03/bsc03353/forge/src/dispatcher/posix.c:61 140454171113216: r->filehandle = 52, r->size = 32768, r->offset = 0
21:47:15 ERROR /home/bsc03/bsc03353/forge/src/dispatcher/posix.c:62 140101648279296: single write -1 of expected 32768
21:47:15 ERROR /home/bsc03/bsc03353/forge/src/dispatcher/posix.c:62 140454171113216: single write -1 of expected 32768
21:47:16 ERROR /home/bsc03/bsc03353/forge/src/dispatcher/posix.c:61 139667581667072: r->filehandle = 43, r->size = 32768, r->offset = 0
21:47:16 ERROR /home/bsc03/bsc03353/forge/src/dispatcher/posix.c:62 139667581667072: single write -1 of expected 32768
21:47:17 ERROR /home/bsc03/bsc03353/forge/src/dispatcher/posix.c:61 140157467358976: r->filehandle = 55, r->size = 32768, r->offset = 32768
21:47:17 ERROR /home/bsc03/bsc03353/forge/src/dispatcher/posix.c:62 140157467358976: single write -1 of expected 32768
21:47:17 ERROR /home/bsc03/bsc03353/forge/src/dispatcher/posix.c:61 140088763352832: r->filehandle = 55, r->size = 32768, r->offset = 32768
21:47:17 ERROR /home/bsc03/bsc03353/forge/src/dispatcher/posix.c:62 140088763352832: single write -1 of expected 32768
21:47:18 ERROR /home/bsc03/bsc03353/forge/src/dispatcher/posix.c:61 139676171618048: r->filehandle = 58, r->size = 32768, r->offset = 0
21:47:18 ERROR /home/bsc03/bsc03353/forge/src/dispatcher/posix.c:62 139676171618048: single write -1 of expected 32768
21:47:18 ERROR /home/bsc03/bsc03353/forge/src/dispatcher/posix.c:61 140116680693504: r->filehandle = 43, r->size = 32768, r->offset = 32768
21:47:18 ERROR /home/bsc03/bsc03353/forge/src/dispatcher/posix.c:62 140116680693504: single write -1 of expected 32768
21:47:19 ERROR /home/bsc03/bsc03353/forge/src/dispatcher/posix.c:61 140103795767040: r->filehandle = 46, r->size = 32768, r->offset = 32768
21:47:19 ERROR /home/bsc03/bsc03353/forge/src/dispatcher/posix.c:62 140103795767040: single write -1 of expected 32768
21:47:19 ERROR /home/bsc03/bsc03353/forge/src/dispatcher/posix.c:61 139695499007744: r->filehandle = 59, r->size = 32768, r->offset = 32768
21:47:19 ERROR /home/bsc03/bsc03353/forge/src/dispatcher/posix.c:62 139695499007744: single write -1 of expected 32768
21:47:19 ERROR /home/bsc03/bsc03353/forge/src/dispatcher/posix.c:61 140088763352832: r->filehandle = 39, r->size = 32768, r->offset = 32768
21:47:19 ERROR /home/bsc03/bsc03353/forge/src/dispatcher/posix.c:62 140088763352832: single write -1 of expected 32768
21:47:20 ERROR /home/bsc03/bsc03353/forge/src/dispatcher/posix.c:61 140458466088704: r->filehandle = 51, r->size = 32768, r->offset = 32768
21:47:20 ERROR /home/bsc03/bsc03353/forge/src/dispatcher/posix.c:62 140458466088704: single write -1 of expected 32768
21:47:21 ERROR /home/bsc03/bsc03353/forge/src/dispatcher/posix.c:61 140464908551936: r->filehandle = 48, r->size = 32768, r->offset = 0
21:47:21 ERROR /home/bsc03/bsc03353/forge/src/dispatcher/posix.c:62 140464908551936: single write -1 of expected 32768
21:47:23 ERROR /home/bsc03/bsc03353/forge/src/dispatcher/posix.c:61 139663286691584: r->filehandle = 47, r->size = 32768, r->offset = 0
21:47:23 ERROR /home/bsc03/bsc03353/forge/src/dispatcher/posix.c:62 139663286691584: single write -1 of expected 32768
21:47:24 ERROR /home/bsc03/bsc03353/forge/src/dispatcher/posix.c:61 139665434179328: r->filehandle = 45, r->size = 32768, r->offset = 32768
21:47:24 ERROR /home/bsc03/bsc03353/forge/src/dispatcher/posix.c:62 139665434179328: single write -1 of expected 32768
21:47:24 ERROR /home/bsc03/bsc03353/forge/src/dispatcher/posix.c:61 140105943254784: r->filehandle = 52, r->size = 32768, r->offset = 32768
21:47:24 ERROR /home/bsc03/bsc03353/forge/src/dispatcher/posix.c:62 140105943254784: single write -1 of expected 32768
21:47:25 ERROR /home/bsc03/bsc03353/forge/src/dispatcher/posix.c:61 140454171113216: r->filehandle = 44, r->size = 32768, r->offset = 32768
21:47:25 ERROR /home/bsc03/bsc03353/forge/src/dispatcher/posix.c:62 140454171113216: single write -1 of expected 32768
21:47:26 ERROR /home/bsc03/bsc03353/forge/src/dispatcher/posix.c:61 140477793478400: r->filehandle = 54, r->size = 32768, r->offset = 0
21:47:26 ERROR /home/bsc03/bsc03353/forge/src/dispatcher/posix.c:62 140477793478400: single write -1 of expected 32768
21:47:26 ERROR /home/bsc03/bsc03353/forge/src/dispatcher/posix.c:61 140086615865088: r->filehandle = 59, r->size = 32768, r->offset = 65536
21:47:26 ERROR /home/bsc03/bsc03353/forge/src/dispatcher/posix.c:62 140086615865088: single write -1 of expected 32768
21:47:26 ERROR /home/bsc03/bsc03353/forge/src/dispatcher/posix.c:61 140473498502912: r->filehandle = 38, r->size = 32768, r->offset = 32768
21:47:26 ERROR /home/bsc03/bsc03353/forge/src/dispatcher/posix.c:62 140473498502912: single write -1 of expected 32768
21:47:28 ERROR /home/bsc03/bsc03353/forge/src/dispatcher/posix.c:61 140462761064192: r->filehandle = 36, r->size = 32768, r->offset = 32768
21:47:28 ERROR /home/bsc03/bsc03353/forge/src/dispatcher/posix.c:62 140462761064192: single write -1 of expected 32768
21:47:28 ERROR /home/bsc03/bsc03353/forge/src/dispatcher/posix.c:61 140482088453888: r->filehandle = 46, r->size = 32768, r->offset = 0
21:47:28 ERROR /home/bsc03/bsc03353/forge/src/dispatcher/posix.c:62 140482088453888: single write -1 of expected 32768
21:47:28 ERROR /home/bsc03/bsc03353/forge/src/dispatcher/posix.c:61 140105943254784: r->filehandle = 38, r->size = 32768, r->offset = 65536
21:47:28 ERROR /home/bsc03/bsc03353/forge/src/dispatcher/posix.c:61 139693351520000: r->filehandle = 37, r->size = 32768, r->offset = 32768
21:47:28 ERROR /home/bsc03/bsc03353/forge/src/dispatcher/posix.c:62 140105943254784: single write -1 of expected 32768
21:47:28 ERROR /home/bsc03/bsc03353/forge/src/dispatcher/posix.c:62 139693351520000: single write -1 of expected 32768
21:47:29 ERROR /home/bsc03/bsc03353/forge/src/dispatcher/posix.c:61 140458466088704: r->filehandle = 50, r->size = 32768, r->offset = 65536
21:47:29 ERROR /home/bsc03/bsc03353/forge/src/dispatcher/posix.c:62 140458466088704: single write -1 of expected 32768
21:47:29 ERROR /home/bsc03/bsc03353/forge/src/dispatcher/posix.c:61 139678319105792: r->filehandle = 50, r->size = 32768, r->offset = 0
21:47:29 ERROR /home/bsc03/bsc03353/forge/src/dispatcher/posix.c:61 140159614846720: r->filehandle = 39, r->size = 32768, r->offset = 32768
21:47:29 ERROR /home/bsc03/bsc03353/forge/src/dispatcher/posix.c:62 139678319105792: single write -1 of expected 32768
21:47:29 ERROR /home/bsc03/bsc03353/forge/src/dispatcher/posix.c:62 140159614846720: single write -1 of expected 32768
21:47:29 ERROR /home/bsc03/bsc03353/forge/src/dispatcher/posix.c:61 140460613576448: r->filehandle = 57, r->size = 32768, r->offset = 0
21:47:29 ERROR /home/bsc03/bsc03353/forge/src/dispatcher/posix.c:62 140460613576448: single write -1 of expected 32768
21:47:29 ERROR /home/bsc03/bsc03353/forge/src/dispatcher/posix.c:61 140110238230272: r->filehandle = 57, r->size = 32768, r->offset = 0
21:47:29 ERROR /home/bsc03/bsc03353/forge/src/dispatcher/posix.c:61 139676171618048: r->filehandle = 38, r->size = 32768, r->offset = 32768
21:47:29 ERROR /home/bsc03/bsc03353/forge/src/dispatcher/posix.c:62 140110238230272: single write -1 of expected 32768
21:47:29 ERROR /home/bsc03/bsc03353/forge/src/dispatcher/posix.c:62 139676171618048: single write -1 of expected 32768
21:47:30 ERROR /home/bsc03/bsc03353/forge/src/dispatcher/posix.c:61 139667581667072: r->filehandle = 48, r->size = 32768, r->offset = 32768
21:47:30 ERROR /home/bsc03/bsc03353/forge/src/dispatcher/posix.c:62 139667581667072: single write -1 of expected 32768
21:47:30 ERROR /home/bsc03/bsc03353/forge/src/dispatcher/posix.c:61 139684761569024: r->filehandle = 53, r->size = 32768, r->offset = 32768
21:47:30 ERROR /home/bsc03/bsc03353/forge/src/dispatcher/posix.c:62 139684761569024: single write -1 of expected 32768
21:47:30 ERROR /home/bsc03/bsc03353/forge/src/dispatcher/posix.c:61 140093058328320: r->filehandle = 56, r->size = 32768, r->offset = 32768
21:47:30 ERROR /home/bsc03/bsc03353/forge/src/dispatcher/posix.c:62 140093058328320: single write -1 of expected 32768
21:47:31 ERROR /home/bsc03/bsc03353/forge/src/dispatcher/posix.c:61 140090910840576: r->filehandle = 50, r->size = 32768, r->offset = 32768
21:47:31 ERROR /home/bsc03/bsc03353/forge/src/dispatcher/posix.c:62 140090910840576: single write -1 of expected 32768
21:47:32 ERROR /home/bsc03/bsc03353/forge/src/dispatcher/posix.c:61 140103795767040: r->filehandle = 54, r->size = 32768, r->offset = 32768
21:47:32 ERROR /home/bsc03/bsc03353/forge/src/dispatcher/posix.c:62 140103795767040: single write -1 of expected 32768
21:47:32 ERROR /home/bsc03/bsc03353/forge/src/dispatcher/posix.c:61 139665434179328: r->filehandle = 40, r->size = 32768, r->offset = 32768
21:47:32 ERROR /home/bsc03/bsc03353/forge/src/dispatcher/posix.c:62 139665434179328: single write -1 of expected 32768
21:47:33 ERROR /home/bsc03/bsc03353/forge/src/dispatcher/posix.c:61 140116680693504: r->filehandle = 45, r->size = 32768, r->offset = 32768
21:47:33 ERROR /home/bsc03/bsc03353/forge/src/dispatcher/posix.c:61 140469203527424: r->filehandle = 39, r->size = 32768, r->offset = 0
21:47:33 ERROR /home/bsc03/bsc03353/forge/src/dispatcher/posix.c:62 140469203527424: single write -1 of expected 32768
21:47:33 ERROR /home/bsc03/bsc03353/forge/src/dispatcher/posix.c:62 140116680693504: single write -1 of expected 32768
21:47:34 ERROR /home/bsc03/bsc03353/forge/src/dispatcher/posix.c:61 140151024895744: r->filehandle = 48, r->size = 32768, r->offset = 0
21:47:34 ERROR /home/bsc03/bsc03353/forge/src/dispatcher/posix.c:62 140151024895744: single write -1 of expected 32768
21:47:35 ERROR /home/bsc03/bsc03353/forge/src/dispatcher/posix.c:61 140101648279296: r->filehandle = 42, r->size = 32768, r->offset = 65536
21:47:35 ERROR /home/bsc03/bsc03353/forge/src/dispatcher/posix.c:62 140101648279296: single write -1 of expected 32768
21:47:36 ERROR /home/bsc03/bsc03353/forge/src/dispatcher/posix.c:61 140097353303808: r->filehandle = 47, r->size = 32768, r->offset = 0
21:47:36 ERROR /home/bsc03/bsc03353/forge/src/dispatcher/posix.c:62 140097353303808: single write -1 of expected 32768
21:47:37 ERROR /home/bsc03/bsc03353/forge/src/dispatcher/posix.c:61 140479940966144: r->filehandle = 40, r->size = 32768, r->offset = 32768
21:47:37 ERROR /home/bsc03/bsc03353/forge/src/dispatcher/posix.c:62 140479940966144: single write -1 of expected 32768
21:47:37 ERROR /home/bsc03/bsc03353/forge/src/dispatcher/posix.c:61 140166057309952: r->filehandle = 57, r->size = 32768, r->offset = 32768
21:47:37 ERROR /home/bsc03/bsc03353/forge/src/dispatcher/posix.c:62 140166057309952: single write -1 of expected 32768
21:47:37 ERROR /home/bsc03/bsc03353/forge/src/dispatcher/posix.c:61 140460613576448: r->filehandle = 58, r->size = 32768, r->offset = 32768
21:47:37 ERROR /home/bsc03/bsc03353/forge/src/dispatcher/posix.c:62 140460613576448: single write -1 of expected 32768
21:47:38 ERROR /home/bsc03/bsc03353/forge/src/dispatcher/posix.c:61 140482088453888: r->filehandle = 59, r->size = 32768, r->offset = 32768
21:47:38 ERROR /home/bsc03/bsc03353/forge/src/dispatcher/posix.c:62 140482088453888: single write -1 of expected 32768
21:47:39 ERROR /home/bsc03/bsc03353/forge/src/dispatcher/posix.c:61 140093058328320: r->filehandle = 40, r->size = 32768, r->offset = 32768
21:47:39 ERROR /home/bsc03/bsc03353/forge/src/dispatcher/posix.c:61 140462761064192: r->filehandle = 52, r->size = 32768, r->offset = 32768
21:47:39 ERROR /home/bsc03/bsc03353/forge/src/dispatcher/posix.c:62 140462761064192: single write -1 of expected 32768
21:47:39 ERROR /home/bsc03/bsc03353/forge/src/dispatcher/posix.c:62 140093058328320: single write -1 of expected 32768
21:47:40 ERROR /home/bsc03/bsc03353/forge/src/dispatcher/posix.c:61 140163909822208: r->filehandle = 46, r->size = 32768, r->offset = 0
21:47:40 ERROR /home/bsc03/bsc03353/forge/src/dispatcher/posix.c:61 139678319105792: r->filehandle = 41, r->size = 32768, r->offset = 32768
21:47:40 ERROR /home/bsc03/bsc03353/forge/src/dispatcher/posix.c:62 140163909822208: single write -1 of expected 32768
21:47:40 ERROR /home/bsc03/bsc03353/forge/src/dispatcher/posix.c:62 139678319105792: single write -1 of expected 32768
21:47:41 ERROR /home/bsc03/bsc03353/forge/src/dispatcher/posix.c:61 140454171113216: r->filehandle = 49, r->size = 32768, r->offset = 32768
21:47:41 ERROR /home/bsc03/bsc03353/forge/src/dispatcher/posix.c:62 140454171113216: single write -1 of expected 32768
21:47:41 ERROR /home/bsc03/bsc03353/forge/src/dispatcher/posix.c:61 140170352285440: r->filehandle = 35, r->size = 32768, r->offset = 0
21:47:41 ERROR /home/bsc03/bsc03353/forge/src/dispatcher/posix.c:62 140170352285440: single write -1 of expected 32768
21:47:41 ERROR /home/bsc03/bsc03353/forge/src/dispatcher/posix.c:61 139669729154816: r->filehandle = 36, r->size = 32768, r->offset = 0
21:47:41 ERROR /home/bsc03/bsc03353/forge/src/dispatcher/posix.c:61 140110238230272: r->filehandle = 55, r->size = 32768, r->offset = 65536
21:47:41 ERROR /home/bsc03/bsc03353/forge/src/dispatcher/posix.c:62 139669729154816: single write -1 of expected 32768
21:47:41 ERROR /home/bsc03/bsc03353/forge/src/dispatcher/posix.c:62 140110238230272: single write -1 of expected 32768
21:47:42 ERROR /home/bsc03/bsc03353/forge/src/dispatcher/posix.c:61 140105943254784: r->filehandle = 44, r->size = 32768, r->offset = 32768
21:47:42 ERROR /home/bsc03/bsc03353/forge/src/dispatcher/posix.c:62 140105943254784: single write -1 of expected 32768
21:47:43 ERROR /home/bsc03/bsc03353/forge/src/dispatcher/posix.c:61 140155319871232: r->filehandle = 38, r->size = 32768, r->offset = 32768
21:47:43 ERROR /home/bsc03/bsc03353/forge/src/dispatcher/posix.c:62 140155319871232: single write -1 of expected 32768
21:47:43 ERROR /home/bsc03/bsc03353/forge/src/dispatcher/posix.c:61 139682614081280: r->filehandle = 42, r->size = 32768, r->offset = 0
21:47:43 ERROR /home/bsc03/bsc03353/forge/src/dispatcher/posix.c:61 140112385718016: r->filehandle = 58, r->size = 32768, r->offset = 32768
21:47:43 ERROR /home/bsc03/bsc03353/forge/src/dispatcher/posix.c:62 139682614081280: single write -1 of expected 32768
21:47:43 ERROR /home/bsc03/bsc03353/forge/src/dispatcher/posix.c:62 140112385718016: single write -1 of expected 32768
21:47:44 ERROR /home/bsc03/bsc03353/forge/src/dispatcher/posix.c:61 140482088453888: r->filehandle = 50, r->size = 32768, r->offset = 98304
21:47:44 ERROR /home/bsc03/bsc03353/forge/src/dispatcher/posix.c:62 140482088453888: single write -1 of expected 32768
21:47:44 ERROR /home/bsc03/bsc03353/forge/src/dispatcher/posix.c:61 140161762334464: r->filehandle = 50, r->size = 32768, r->offset = 0
21:47:44 ERROR /home/bsc03/bsc03353/forge/src/dispatcher/posix.c:62 140161762334464: single write -1 of expected 32768
21:47:44 ERROR /home/bsc03/bsc03353/forge/src/dispatcher/posix.c:61 140108090742528: r->filehandle = 37, r->size = 32768, r->offset = 0
21:47:44 ERROR /home/bsc03/bsc03353/forge/src/dispatcher/posix.c:62 140108090742528: single write -1 of expected 32768
21:47:45 ERROR /home/bsc03/bsc03353/forge/src/dispatcher/posix.c:61 139680466593536: r->filehandle = 56, r->size = 32768, r->offset = 32768
21:47:45 ERROR /home/bsc03/bsc03353/forge/src/dispatcher/posix.c:62 139680466593536: single write -1 of expected 32768
21:47:45 ERROR /home/bsc03/bsc03353/forge/src/dispatcher/posix.c:61 140166057309952: r->filehandle = 44, r->size = 32768, r->offset = 32768
21:47:45 ERROR /home/bsc03/bsc03353/forge/src/dispatcher/posix.c:61 140114533205760: r->filehandle = 51, r->size = 32768, r->offset = 0
21:47:45 ERROR /home/bsc03/bsc03353/forge/src/dispatcher/posix.c:62 140166057309952: single write -1 of expected 32768
21:47:45 ERROR /home/bsc03/bsc03353/forge/src/dispatcher/posix.c:62 140114533205760: single write -1 of expected 32768
21:47:46 ERROR /home/bsc03/bsc03353/forge/src/dispatcher/posix.c:61 140101648279296: r->filehandle = 52, r->size = 32768, r->offset = 65536
21:47:46 ERROR /home/bsc03/bsc03353/forge/src/dispatcher/posix.c:62 140101648279296: single write -1 of expected 32768
21:47:46 ERROR /home/bsc03/bsc03353/forge/src/dispatcher/posix.c:61 140151024895744: r->filehandle = 52, r->size = 32768, r->offset = 32768
21:47:46 ERROR /home/bsc03/bsc03353/forge/src/dispatcher/posix.c:62 140151024895744: single write -1 of expected 32768
21:47:46 ERROR /home/bsc03/bsc03353/forge/src/dispatcher/posix.c:61 139684761569024: r->filehandle = 58, r->size = 32768, r->offset = 32768
21:47:46 ERROR /home/bsc03/bsc03353/forge/src/dispatcher/posix.c:62 139684761569024: single write -1 of expected 32768
21:47:47 ERROR /home/bsc03/bsc03353/forge/src/dispatcher/posix.c:61 140170352285440: r->filehandle = 55, r->size = 32768, r->offset = 65536
21:47:47 ERROR /home/bsc03/bsc03353/forge/src/dispatcher/posix.c:61 139693351520000: r->filehandle = 51, r->size = 32768, r->offset = 32768
21:47:47 ERROR /home/bsc03/bsc03353/forge/src/dispatcher/posix.c:62 139693351520000: single write -1 of expected 32768
21:47:47 ERROR /home/bsc03/bsc03353/forge/src/dispatcher/posix.c:62 140170352285440: single write -1 of expected 32768
21:47:47 ERROR /home/bsc03/bsc03353/forge/src/dispatcher/posix.c:61 139663286691584: r->filehandle = 46, r->size = 32768, r->offset = 32768
21:47:47 ERROR /home/bsc03/bsc03353/forge/src/dispatcher/posix.c:62 139663286691584: single write -1 of expected 32768
21:47:47 ERROR /home/bsc03/bsc03353/forge/src/dispatcher/posix.c:61 140479940966144: r->filehandle = 48, r->size = 32768, r->offset = 32768
21:47:47 ERROR /home/bsc03/bsc03353/forge/src/dispatcher/posix.c:62 140479940966144: single write -1 of expected 32768
21:47:48 ERROR /home/bsc03/bsc03353/forge/src/dispatcher/posix.c:61 139686909056768: r->filehandle = 55, r->size = 32768, r->offset = 32768
21:47:48 ERROR /home/bsc03/bsc03353/forge/src/dispatcher/posix.c:62 139686909056768: single write -1 of expected 32768
21:47:48 ERROR /home/bsc03/bsc03353/forge/src/dispatcher/posix.c:61 140477793478400: r->filehandle = 51, r->size = 32768, r->offset = 65536
21:47:48 ERROR /home/bsc03/bsc03353/forge/src/dispatcher/posix.c:62 140477793478400: single write -1 of expected 32768
21:47:49 ERROR /home/bsc03/bsc03353/forge/src/dispatcher/posix.c:61 139695499007744: r->filehandle = 52, r->size = 32768, r->offset = 65536
21:47:49 ERROR /home/bsc03/bsc03353/forge/src/dispatcher/posix.c:62 139695499007744: single write -1 of expected 32768
21:47:49 ERROR /home/bsc03/bsc03353/forge/src/dispatcher/posix.c:61 139665434179328: r->filehandle = 59, r->size = 32768, r->offset = 65536
21:47:49 ERROR /home/bsc03/bsc03353/forge/src/dispatcher/posix.c:62 139665434179328: single write -1 of expected 32768
21:47:50 ERROR /home/bsc03/bsc03353/forge/src/dispatcher/posix.c:61 140144582432512: r->filehandle = 36, r->size = 32768, r->offset = 0
21:47:50 ERROR /home/bsc03/bsc03353/forge/src/dispatcher/posix.c:62 140144582432512: single write -1 of expected 32768
21:47:51 ERROR /home/bsc03/bsc03353/forge/src/dispatcher/posix.c:61 140161762334464: r->filehandle = 37, r->size = 32768, r->offset = 32768
21:47:51 ERROR /home/bsc03/bsc03353/forge/src/dispatcher/posix.c:62 140161762334464: single write -1 of expected 32768
21:47:51 ERROR /home/bsc03/bsc03353/forge/src/dispatcher/posix.c:61 140090910840576: r->filehandle = 46, r->size = 32768, r->offset = 65536
21:47:51 ERROR /home/bsc03/bsc03353/forge/src/dispatcher/posix.c:62 140090910840576: single write -1 of expected 32768
21:47:52 ERROR /home/bsc03/bsc03353/forge/src/dispatcher/posix.c:61 140460613576448: r->filehandle = 54, r->size = 32768, r->offset = 32768
21:47:52 ERROR /home/bsc03/bsc03353/forge/src/dispatcher/posix.c:62 140460613576448: single write -1 of expected 32768
21:47:52 ERROR /home/bsc03/bsc03353/forge/src/dispatcher/posix.c:61 140151024895744: r->filehandle = 39, r->size = 32768, r->offset = 65536
21:47:52 ERROR /home/bsc03/bsc03353/forge/src/dispatcher/posix.c:62 140151024895744: single write -1 of expected 32768
21:47:53 ERROR /home/bsc03/bsc03353/forge/src/dispatcher/posix.c:61 140163909822208: r->filehandle = 41, r->size = 32768, r->offset = 32768
21:47:53 ERROR /home/bsc03/bsc03353/forge/src/dispatcher/posix.c:62 140163909822208: single write -1 of expected 32768
21:47:53 ERROR /home/bsc03/bsc03353/forge/src/dispatcher/posix.c:61 140454171113216: r->filehandle = 46, r->size = 32768, r->offset = 32768
21:47:53 ERROR /home/bsc03/bsc03353/forge/src/dispatcher/posix.c:62 140454171113216: single write -1 of expected 32768
21:47:54 ERROR /home/bsc03/bsc03353/forge/src/dispatcher/posix.c:61 140176794748672: r->filehandle = 47, r->size = 32768, r->offset = 0
21:47:54 ERROR /home/bsc03/bsc03353/forge/src/dispatcher/posix.c:61 139682614081280: r->filehandle = 38, r->size = 32768, r->offset = 65536
21:47:54 ERROR /home/bsc03/bsc03353/forge/src/dispatcher/posix.c:62 140176794748672: single write -1 of expected 32768
21:47:54 ERROR /home/bsc03/bsc03353/forge/src/dispatcher/posix.c:62 139682614081280: single write -1 of expected 32768
21:47:54 ERROR /home/bsc03/bsc03353/forge/src/dispatcher/posix.c:61 140095205816064: r->filehandle = 36, r->size = 32768, r->offset = 32768
21:47:54 ERROR /home/bsc03/bsc03353/forge/src/dispatcher/posix.c:62 140095205816064: single write -1 of expected 32768
21:47:54 ERROR /home/bsc03/bsc03353/forge/src/dispatcher/posix.c:61 139676171618048: r->filehandle = 44, r->size = 32768, r->offset = 32768
21:47:54 ERROR /home/bsc03/bsc03353/forge/src/dispatcher/posix.c:62 139676171618048: single write -1 of expected 32768
21:47:56 ERROR /home/bsc03/bsc03353/forge/src/dispatcher/posix.c:61 140458466088704: r->filehandle = 41, r->size = 32768, r->offset = 32768
21:47:56 ERROR /home/bsc03/bsc03353/forge/src/dispatcher/posix.c:62 140458466088704: single write -1 of expected 32768
21:47:56 ERROR /home/bsc03/bsc03353/forge/src/dispatcher/posix.c:61 139680466593536: r->filehandle = 37, r->size = 32768, r->offset = 65536
21:47:56 ERROR /home/bsc03/bsc03353/forge/src/dispatcher/posix.c:62 139680466593536: single write -1 of expected 32768
21:47:56 ERROR /home/bsc03/bsc03353/forge/src/dispatcher/posix.c:61 140479940966144: r->filehandle = 39, r->size = 32768, r->offset = 32768
21:47:56 ERROR /home/bsc03/bsc03353/forge/src/dispatcher/posix.c:62 140479940966144: single write -1 of expected 32768
21:47:57 ERROR /home/bsc03/bsc03353/forge/src/dispatcher/posix.c:61 140482088453888: r->filehandle = 38, r->size = 32768, r->offset = 65536
21:47:57 ERROR /home/bsc03/bsc03353/forge/src/dispatcher/posix.c:62 140482088453888: single write -1 of expected 32768
21:47:57 ERROR /home/bsc03/bsc03353/forge/src/dispatcher/posix.c:61 140086615865088: r->filehandle = 49, r->size = 32768, r->offset = 65536
21:47:57 ERROR /home/bsc03/bsc03353/forge/src/dispatcher/posix.c:62 140086615865088: single write -1 of expected 32768
21:47:57 ERROR /home/bsc03/bsc03353/forge/src/dispatcher/posix.c:61 140148877408000: r->filehandle = 51, r->size = 32768, r->offset = 0
21:47:57 ERROR /home/bsc03/bsc03353/forge/src/dispatcher/posix.c:62 140148877408000: single write -1 of expected 32768
21:47:58 ERROR /home/bsc03/bsc03353/forge/src/dispatcher/posix.c:61 140473498502912: r->filehandle = 47, r->size = 32768, r->offset = 32768
21:47:58 ERROR /home/bsc03/bsc03353/forge/src/dispatcher/posix.c:62 140473498502912: single write -1 of expected 32768
21:47:59 ERROR /home/bsc03/bsc03353/forge/src/dispatcher/posix.c:61 140159614846720: r->filehandle = 58, r->size = 32768, r->offset = 32768
21:47:59 ERROR /home/bsc03/bsc03353/forge/src/dispatcher/posix.c:62 140159614846720: single write -1 of expected 32768
21:47:59 ERROR /home/bsc03/bsc03353/forge/src/dispatcher/posix.c:61 140172499773184: r->filehandle = 42, r->size = 32768, r->offset = 0
21:47:59 ERROR /home/bsc03/bsc03353/forge/src/dispatcher/posix.c:62 140172499773184: single write -1 of expected 32768
21:47:59 ERROR /home/bsc03/bsc03353/forge/src/dispatcher/posix.c:61 140471351015168: r->filehandle = 42, r->size = 32768, r->offset = 0
21:47:59 ERROR /home/bsc03/bsc03353/forge/src/dispatcher/posix.c:62 140471351015168: single write -1 of expected 32768
21:48:00 ERROR /home/bsc03/bsc03353/forge/src/dispatcher/posix.c:61 140146729920256: r->filehandle = 54, r->size = 32768, r->offset = 0
21:48:00 ERROR /home/bsc03/bsc03353/forge/src/dispatcher/posix.c:62 140146729920256: single write -1 of expected 32768
21:48:00 ERROR /home/bsc03/bsc03353/forge/src/dispatcher/posix.c:61 139674024130304: r->filehandle = 54, r->size = 32768, r->offset = 32768
21:48:00 ERROR /home/bsc03/bsc03353/forge/src/dispatcher/posix.c:62 139674024130304: single write -1 of expected 32768
21:48:01 ERROR /home/bsc03/bsc03353/forge/src/dispatcher/posix.c:61 140153172383488: r->filehandle = 49, r->size = 32768, r->offset = 32768
21:48:01 ERROR /home/bsc03/bsc03353/forge/src/dispatcher/posix.c:62 140153172383488: single write -1 of expected 32768
21:48:01 ERROR /home/bsc03/bsc03353/forge/src/dispatcher/posix.c:61 139686909056768: r->filehandle = 40, r->size = 32768, r->offset = 65536
21:48:01 ERROR /home/bsc03/bsc03353/forge/src/dispatcher/posix.c:61 140469203527424: r->filehandle = 44, r->size = 32768, r->offset = 65536
21:48:01 ERROR /home/bsc03/bsc03353/forge/src/dispatcher/posix.c:62 139686909056768: single write -1 of expected 32768
21:48:01 ERROR /home/bsc03/bsc03353/forge/src/dispatcher/posix.c:62 140469203527424: single write -1 of expected 32768
21:48:01 ERROR /home/bsc03/bsc03353/forge/src/dispatcher/posix.c:61 140174647260928: r->filehandle = 59, r->size = 32768, r->offset = 0
21:48:01 ERROR /home/bsc03/bsc03353/forge/src/dispatcher/posix.c:62 140174647260928: single write -1 of expected 32768
21:48:02 ERROR /home/bsc03/bsc03353/forge/src/dispatcher/posix.c:61 140166057309952: r->filehandle = 53, r->size = 32768, r->offset = 32768
21:48:02 ERROR /home/bsc03/bsc03353/forge/src/dispatcher/posix.c:62 140166057309952: single write -1 of expected 32768
21:48:02 ERROR /home/bsc03/bsc03353/forge/src/dispatcher/posix.c:61 140105943254784: r->filehandle = 56, r->size = 32768, r->offset = 65536
21:48:02 ERROR /home/bsc03/bsc03353/forge/src/dispatcher/posix.c:61 140456318600960: r->filehandle = 55, r->size = 32768, r->offset = 32768
21:48:02 ERROR /home/bsc03/bsc03353/forge/src/dispatcher/posix.c:62 140105943254784: single write -1 of expected 32768
21:48:02 ERROR /home/bsc03/bsc03353/forge/src/dispatcher/posix.c:62 140456318600960: single write -1 of expected 32768
21:48:03 ERROR /home/bsc03/bsc03353/forge/src/dispatcher/posix.c:61 140168204797696: r->filehandle = 56, r->size = 32768, r->offset = 0
21:48:03 ERROR /home/bsc03/bsc03353/forge/src/dispatcher/posix.c:62 140168204797696: single write -1 of expected 32768
21:48:03 ERROR /home/bsc03/bsc03353/forge/src/dispatcher/posix.c:61 140118828181248: r->filehandle = 53, r->size = 32768, r->offset = 32768
21:48:03 ERROR /home/bsc03/bsc03353/forge/src/dispatcher/posix.c:62 140118828181248: single write -1 of expected 32768
21:48:03 ERROR /home/bsc03/bsc03353/forge/src/dispatcher/posix.c:61 140099500791552: r->filehandle = 41, r->size = 32768, r->offset = 32768
21:48:03 ERROR /home/bsc03/bsc03353/forge/src/dispatcher/posix.c:62 140099500791552: single write -1 of expected 32768
21:48:04 ERROR /home/bsc03/bsc03353/forge/src/dispatcher/posix.c:61 140108090742528: r->filehandle = 54, r->size = 32768, r->offset = 65536
21:48:04 ERROR /home/bsc03/bsc03353/forge/src/dispatcher/posix.c:62 140108090742528: single write -1 of expected 32768
21:48:04 ERROR /home/bsc03/bsc03353/forge/src/dispatcher/posix.c:61 140464908551936: r->filehandle = 56, r->size = 32768, r->offset = 32768
21:48:04 ERROR /home/bsc03/bsc03353/forge/src/dispatcher/posix.c:62 140464908551936: single write -1 of expected 32768
21:48:04 ERROR /home/bsc03/bsc03353/forge/src/dispatcher/posix.c:61 140144582432512: r->filehandle = 48, r->size = 32768, r->offset = 32768
21:48:04 ERROR /home/bsc03/bsc03353/forge/src/dispatcher/posix.c:62 140144582432512: single write -1 of expected 32768
21:48:04 ERROR /home/bsc03/bsc03353/forge/src/dispatcher/posix.c:61 140484235941632: r->filehandle = 53, r->size = 32768, r->offset = 0
21:48:04 ERROR /home/bsc03/bsc03353/forge/src/dispatcher/posix.c:62 140484235941632: single write -1 of expected 32768
21:48:05 ERROR /home/bsc03/bsc03353/forge/src/dispatcher/posix.c:61 140170352285440: r->filehandle = 57, r->size = 32768, r->offset = 65536
21:48:05 ERROR /home/bsc03/bsc03353/forge/src/dispatcher/posix.c:62 140170352285440: single write -1 of expected 32768
21:48:05 ERROR /home/bsc03/bsc03353/forge/src/dispatcher/posix.c:61 139693351520000: r->filehandle = 48, r->size = 32768, r->offset = 65536
21:48:05 ERROR /home/bsc03/bsc03353/forge/src/dispatcher/posix.c:62 139693351520000: single write -1 of expected 32768
21:48:05 ERROR /home/bsc03/bsc03353/forge/src/dispatcher/posix.c:61 139667581667072: r->filehandle = 43, r->size = 32768, r->offset = 32768
21:48:05 ERROR /home/bsc03/bsc03353/forge/src/dispatcher/posix.c:62 139667581667072: single write -1 of expected 32768
21:48:06 ERROR /home/bsc03/bsc03353/forge/src/dispatcher/posix.c:61 140157467358976: r->filehandle = 40, r->size = 32768, r->offset = 32768
21:48:06 ERROR /home/bsc03/bsc03353/forge/src/dispatcher/posix.c:61 139689056544512: r->filehandle = 39, r->size = 32768, r->offset = 0
21:48:06 ERROR /home/bsc03/bsc03353/forge/src/dispatcher/posix.c:62 139689056544512: single write -1 of expected 32768
21:48:06 ERROR /home/bsc03/bsc03353/forge/src/dispatcher/posix.c:62 140157467358976: single write -1 of expected 32768
21:48:07 ERROR /home/bsc03/bsc03353/forge/src/dispatcher/posix.c:61 140467056039680: r->filehandle = 37, r->size = 32768, r->offset = 0
21:48:07 ERROR /home/bsc03/bsc03353/forge/src/dispatcher/posix.c:62 140467056039680: single write -1 of expected 32768
21:48:07 ERROR /home/bsc03/bsc03353/forge/src/dispatcher/posix.c:61 140161762334464: r->filehandle = 46, r->size = 32768, r->offset = 32768
21:48:07 ERROR /home/bsc03/bsc03353/forge/src/dispatcher/posix.c:62 140161762334464: single write -1 of expected 32768
21:48:07 ERROR /home/bsc03/bsc03353/forge/src/dispatcher/posix.c:61 140486383429376: r->filehandle = 43, r->size = 32768, r->offset = 32768
21:48:07 ERROR /home/bsc03/bsc03353/forge/src/dispatcher/posix.c:62 140486383429376: single write -1 of expected 32768
21:48:08 ERROR /home/bsc03/bsc03353/forge/src/dispatcher/posix.c:61 140462761064192: r->filehandle = 36, r->size = 32768, r->offset = 65536
21:48:08 ERROR /home/bsc03/bsc03353/forge/src/dispatcher/posix.c:62 140462761064192: single write -1 of expected 32768
21:48:09 ERROR /home/bsc03/bsc03353/forge/src/dispatcher/posix.c:61 139669729154816: r->filehandle = 47, r->size = 32768, r->offset = 32768
21:48:09 ERROR /home/bsc03/bsc03353/forge/src/dispatcher/posix.c:62 139669729154816: single write -1 of expected 32768
21:48:09 ERROR /home/bsc03/bsc03353/forge/src/dispatcher/posix.c:61 140093058328320: r->filehandle = 59, r->size = 32768, r->offset = 98304
21:48:09 ERROR /home/bsc03/bsc03353/forge/src/dispatcher/posix.c:62 140093058328320: single write -1 of expected 32768
21:48:09 ERROR /home/bsc03/bsc03353/forge/src/dispatcher/posix.c:61 140475645990656: r->filehandle = 45, r->size = 32768, r->offset = 32768
21:48:09 ERROR /home/bsc03/bsc03353/forge/src/dispatcher/posix.c:62 140475645990656: single write -1 of expected 32768
21:48:09 ERROR /home/bsc03/bsc03353/forge/src/dispatcher/posix.c:61 140155319871232: r->filehandle = 43, r->size = 32768, r->offset = 32768
21:48:09 ERROR /home/bsc03/bsc03353/forge/src/dispatcher/posix.c:61 139684761569024: r->filehandle = 50, r->size = 32768, r->offset = 32768
21:48:09 ERROR /home/bsc03/bsc03353/forge/src/dispatcher/posix.c:62 140155319871232: single write -1 of expected 32768
21:48:09 ERROR /home/bsc03/bsc03353/forge/src/dispatcher/posix.c:62 139684761569024: single write -1 of expected 32768
21:48:10 ERROR /home/bsc03/bsc03353/forge/src/dispatcher/posix.c:61 139671876642560: r->filehandle = 49, r->size = 32768, r->offset = 0
21:48:10 ERROR /home/bsc03/bsc03353/forge/src/dispatcher/posix.c:62 139671876642560: single write -1 of expected 32768
21:48:10 ERROR /home/bsc03/bsc03353/forge/src/dispatcher/posix.c:61 140477793478400: r->filehandle = 57, r->size = 32768, r->offset = 32768
21:48:10 ERROR /home/bsc03/bsc03353/forge/src/dispatcher/posix.c:62 140477793478400: single write -1 of expected 32768
21:48:11 ERROR /home/bsc03/bsc03353/forge/src/dispatcher/posix.c:61 139691204032256: r->filehandle = 57, r->size = 32768, r->offset = 0
21:48:11 ERROR /home/bsc03/bsc03353/forge/src/dispatcher/posix.c:62 139691204032256: single write -1 of expected 32768
21:48:12 ERROR /home/bsc03/bsc03353/forge/src/dispatcher/posix.c:61 140110238230272: r->filehandle = 57, r->size = 32768, r->offset = 32768
21:48:12 ERROR /home/bsc03/bsc03353/forge/src/dispatcher/posix.c:61 139678319105792: r->filehandle = 45, r->size = 32768, r->offset = 65536
21:48:12 ERROR /home/bsc03/bsc03353/forge/src/dispatcher/posix.c:62 139678319105792: single write -1 of expected 32768
21:48:12 ERROR /home/bsc03/bsc03353/forge/src/dispatcher/posix.c:62 140110238230272: single write -1 of expected 32768
21:48:12 ERROR /home/bsc03/bsc03353/forge/src/dispatcher/posix.c:61 139663286691584: r->filehandle = 53, r->size = 32768, r->offset = 65536
21:48:12 ERROR /home/bsc03/bsc03353/forge/src/dispatcher/posix.c:62 139663286691584: single write -1 of expected 32768
21:48:12 ERROR /home/bsc03/bsc03353/forge/src/dispatcher/posix.c:61 140101648279296: r->filehandle = 42, r->size = 32768, r->offset = 98304
21:48:12 ERROR /home/bsc03/bsc03353/forge/src/dispatcher/posix.c:62 140101648279296: single write -1 of expected 32768
21:48:13 ERROR /home/bsc03/bsc03353/forge/src/dispatcher/posix.c:61 140103795767040: r->filehandle = 43, r->size = 32768, r->offset = 65536
21:48:13 ERROR /home/bsc03/bsc03353/forge/src/dispatcher/posix.c:62 140103795767040: single write -1 of expected 32768
21:48:14 ERROR /home/bsc03/bsc03353/forge/src/dispatcher/posix.c:61 140112385718016: r->filehandle = 50, r->size = 32768, r->offset = 65536
21:48:14 ERROR /home/bsc03/bsc03353/forge/src/dispatcher/posix.c:62 140112385718016: single write -1 of expected 32768
21:48:14 ERROR /home/bsc03/bsc03353/forge/src/dispatcher/posix.c:61 140097353303808: r->filehandle = 38, r->size = 32768, r->offset = 98304
21:48:14 ERROR /home/bsc03/bsc03353/forge/src/dispatcher/posix.c:62 140097353303808: single write -1 of expected 32768
21:48:14 ERROR /home/bsc03/bsc03353/forge/src/dispatcher/posix.c:61 140114533205760: r->filehandle = 45, r->size = 32768, r->offset = 65536
21:48:14 ERROR /home/bsc03/bsc03353/forge/src/dispatcher/posix.c:62 140114533205760: single write -1 of expected 32768
21:48:15 ERROR /home/bsc03/bsc03353/forge/src/dispatcher/posix.c:61 140116680693504: r->filehandle = 39, r->size = 32768, r->offset = 65536
21:48:15 ERROR /home/bsc03/bsc03353/forge/src/dispatcher/posix.c:62 140116680693504: single write -1 of expected 32768
21:48:15 ERROR /home/bsc03/bsc03353/forge/src/dispatcher/posix.c:61 140088763352832: r->filehandle = 48, r->size = 32768, r->offset = 32768
21:48:15 ERROR /home/bsc03/bsc03353/forge/src/dispatcher/posix.c:62 140088763352832: single write -1 of expected 32768
21:48:15 WARN  /home/bsc03/bsc03353/forge/src/main.c:789 140448259053632: hit stone wall at 92.663530 seconds!
AGIOS: stopped for this client. It can already be used by calling agios_init

AGIOS: stopped for this client. It can already be used by calling agios_init

AGIOS: stopped for this client. It can already be used by calling agios_init

AGIOS: stopped for this client. It can already be used by calling agios_init

21:48:15 INFO  /home/bsc03/bsc03353/forge/src/main.c:1158 140183919941696: I/O Forwarding Exploration [COMPLETE]
