Set GCC compilers as MPI wrappers backend 
remove openmpi/4.0.2_UCX (PATH, MANPATH, LD_LIBRARY_PATH) 
load openmpi/4.0.2_UCX (PATH, MANPATH, LD_LIBRARY_PATH) 
Set GCC compilers as MPI wrappers backend 
load gsl/2.4 (PATH, LD_LIBRARY_PATH, LIBRARY_PATH, MANPATH, INFOPATH,
C_INCLUDE_PATH, CPLUS_INCLUDE_PATH, PKG_CONFIG_PATH, GSL_DIR) 
15:38:27 INFO  /home/bsc03/bsc03353/forge/src/main.c:107 140538722498624: I/O Forwarding Exploration [START]
Will AGIOS generate trace files? NO
Default scheduling algorithm: TO
TWINS window size: 1000000
Will the Prediction Module read information from trace files? NO
File with access time functions: /home/bsc03/bsc03353/forge/agios/access_times.func
AGIOS thinks its user has stripe size of 32768
Will AGIOS generate trace files? NO
Default scheduling algorithm: TO
TWINS window size: 1000000
Will the Prediction Module read information from trace files? NO
File with access time functions: /home/bsc03/bsc03353/forge/agios/access_times.func
AGIOS thinks its user has stripe size of 32768
Will AGIOS generate trace files? NO
Default scheduling algorithm: TO
TWINS window size: 1000000
Will the Prediction Module read information from trace files? NO
File with access time functions: /home/bsc03/bsc03353/forge/agios/access_times.func
AGIOS thinks its user has stripe size of 32768
Will AGIOS generate trace files? NO
Default scheduling algorithm: TO
TWINS window size: 1000000
Will the Prediction Module read information from trace files? NO
File with access time functions: /home/bsc03/bsc03353/forge/agios/access_times.func
AGIOS thinks its user has stripe size of 32768
Will AGIOS generate trace files? NO
Default scheduling algorithm: TO
TWINS window size: 1000000
Will the Prediction Module read information from trace files? NO
File with access time functions: /home/bsc03/bsc03353/forge/agios/access_times.func
AGIOS thinks its user has stripe size of 32768
Will AGIOS generate trace files? NO
Default scheduling algorithm: TO
TWINS window size: 1000000
Will the Prediction Module read information from trace files? NO
File with access time functions: /home/bsc03/bsc03353/forge/agios/access_times.func
AGIOS thinks its user has stripe size of 32768
Will AGIOS generate trace files? NO
Default scheduling algorithm: TO
TWINS window size: 1000000
Will the Prediction Module read information from trace files? NO
File with access time functions: /home/bsc03/bsc03353/forge/agios/access_times.func
AGIOS thinks its user has stripe size of 32768
Will AGIOS generate trace files? NO
Default scheduling algorithm: TO
TWINS window size: 1000000
Will the Prediction Module read information from trace files? NO
File with access time functions: /home/bsc03/bsc03353/forge/agios/access_times.func
AGIOS thinks its user has stripe size of 32768
15:38:46 ERROR /home/bsc03/bsc03353/forge/src/dispatcher/posix.c:61 140501466420992: r->filehandle = 35, r->size = 1048576, r->offset = 2860515328
15:38:46 ERROR /home/bsc03/bsc03353/forge/src/dispatcher/posix.c:62 140501466420992: single write -1 of expected 1048576
15:38:49 ERROR /home/bsc03/bsc03353/forge/src/dispatcher/posix.c:61 140266495436544: r->filehandle = 36, r->size = 1048576, r->offset = 112275226624
15:38:49 ERROR /home/bsc03/bsc03353/forge/src/dispatcher/posix.c:62 140266495436544: single write -1 of expected 1048576
15:38:51 ERROR /home/bsc03/bsc03353/forge/src/dispatcher/posix.c:61 140531531249408: r->filehandle = 35, r->size = 1048576, r->offset = 3575644160
15:38:51 ERROR /home/bsc03/bsc03353/forge/src/dispatcher/posix.c:62 140531531249408: single write -1 of expected 1048576
15:38:51 ERROR /home/bsc03/bsc03353/forge/src/dispatcher/posix.c:61 140401475200768: r->filehandle = 36, r->size = 1048576, r->offset = 134444220416
15:38:51 ERROR /home/bsc03/bsc03353/forge/src/dispatcher/posix.c:62 140401475200768: single write -1 of expected 1048576
15:38:54 ERROR /home/bsc03/bsc03353/forge/src/dispatcher/posix.c:61 140268642924288: r->filehandle = 36, r->size = 1048576, r->offset = 111560097792
15:38:54 ERROR /home/bsc03/bsc03353/forge/src/dispatcher/posix.c:62 140268642924288: single write -1 of expected 1048576
15:38:56 ERROR /home/bsc03/bsc03353/forge/src/dispatcher/posix.c:61 140279877711616: r->filehandle = 36, r->size = 1048576, r->offset = 58998128640
15:38:56 ERROR /home/bsc03/bsc03353/forge/src/dispatcher/posix.c:62 140279877711616: single write -1 of expected 1048576
15:38:57 ERROR /home/bsc03/bsc03353/forge/src/dispatcher/posix.c:61 140503613908736: r->filehandle = 35, r->size = 1048576, r->offset = 12157190144
15:38:57 ERROR /home/bsc03/bsc03353/forge/src/dispatcher/posix.c:61 140417174456064: r->filehandle = 36, r->size = 1048576, r->offset = 101905858560
15:38:57 ERROR /home/bsc03/bsc03353/forge/src/dispatcher/posix.c:62 140503613908736: single write -1 of expected 1048576
15:38:57 ERROR /home/bsc03/bsc03353/forge/src/dispatcher/posix.c:62 140417174456064: single write -1 of expected 1048576
15:38:58 ERROR /home/bsc03/bsc03353/forge/src/dispatcher/posix.c:61 140427045496576: r->filehandle = 36, r->size = 1048576, r->offset = 71512883200
15:38:58 ERROR /home/bsc03/bsc03353/forge/src/dispatcher/posix.c:62 140427045496576: single write -1 of expected 1048576
15:38:58 ERROR /home/bsc03/bsc03353/forge/src/dispatcher/posix.c:61 140412212639488: r->filehandle = 36, r->size = 1048576, r->offset = 128723189760
15:38:58 ERROR /home/bsc03/bsc03353/forge/src/dispatcher/posix.c:62 140412212639488: single write -1 of expected 1048576
15:38:59 ERROR /home/bsc03/bsc03353/forge/src/dispatcher/posix.c:61 140465311782656: r->filehandle = 36, r->size = 1048576, r->offset = 38616956928
15:38:59 ERROR /home/bsc03/bsc03353/forge/src/dispatcher/posix.c:62 140465311782656: single write -1 of expected 1048576
15:38:59 ERROR /home/bsc03/bsc03353/forge/src/dispatcher/posix.c:61 140413745645312: r->filehandle = 36, r->size = 1048576, r->offset = 31465668608
15:38:59 ERROR /home/bsc03/bsc03353/forge/src/dispatcher/posix.c:62 140413745645312: single write -1 of expected 1048576
15:39:00 ERROR /home/bsc03/bsc03353/forge/src/dispatcher/posix.c:61 140382147811072: r->filehandle = 36, r->size = 1048576, r->offset = 125505110016
15:39:00 ERROR /home/bsc03/bsc03353/forge/src/dispatcher/posix.c:62 140382147811072: single write -1 of expected 1048576
15:39:02 ERROR /home/bsc03/bsc03353/forge/src/dispatcher/posix.c:61 140412879480576: r->filehandle = 36, r->size = 1048576, r->offset = 101548294144
15:39:02 ERROR /home/bsc03/bsc03353/forge/src/dispatcher/posix.c:62 140412879480576: single write -1 of expected 1048576
15:39:02 ERROR /home/bsc03/bsc03353/forge/src/dispatcher/posix.c:61 140404289529600: r->filehandle = 36, r->size = 1048576, r->offset = 97257521152
15:39:02 ERROR /home/bsc03/bsc03353/forge/src/dispatcher/posix.c:62 140404289529600: single write -1 of expected 1048576
15:39:02 ERROR /home/bsc03/bsc03353/forge/src/dispatcher/posix.c:61 140253610510080: r->filehandle = 36, r->size = 1048576, r->offset = 111917662208
15:39:02 ERROR /home/bsc03/bsc03353/forge/src/dispatcher/posix.c:62 140253610510080: single write -1 of expected 1048576
15:39:03 ERROR /home/bsc03/bsc03353/forge/src/dispatcher/posix.c:61 140397847066368: r->filehandle = 36, r->size = 1048576, r->offset = 97972649984
15:39:03 ERROR /home/bsc03/bsc03353/forge/src/dispatcher/posix.c:62 140397847066368: single write -1 of expected 1048576
15:39:03 ERROR /home/bsc03/bsc03353/forge/src/dispatcher/posix.c:61 140269140272896: r->filehandle = 36, r->size = 1048576, r->offset = 61858643968
15:39:03 ERROR /home/bsc03/bsc03353/forge/src/dispatcher/posix.c:62 140269140272896: single write -1 of expected 1048576
15:39:04 ERROR /home/bsc03/bsc03353/forge/src/dispatcher/posix.c:61 140399994554112: r->filehandle = 36, r->size = 1048576, r->offset = 90821361664
15:39:04 ERROR /home/bsc03/bsc03353/forge/src/dispatcher/posix.c:62 140399994554112: single write -1 of expected 1048576
15:39:04 ERROR /home/bsc03/bsc03353/forge/src/dispatcher/posix.c:61 140391404603136: r->filehandle = 36, r->size = 1048576, r->offset = 100118036480
15:39:04 ERROR /home/bsc03/bsc03353/forge/src/dispatcher/posix.c:62 140391404603136: single write -1 of expected 1048576
15:39:06 ERROR /home/bsc03/bsc03353/forge/src/dispatcher/posix.c:61 140408584505088: r->filehandle = 36, r->size = 1048576, r->offset = 89033539584
15:39:06 ERROR /home/bsc03/bsc03353/forge/src/dispatcher/posix.c:62 140408584505088: single write -1 of expected 1048576
15:39:08 ERROR /home/bsc03/bsc03353/forge/src/dispatcher/posix.c:61 140387109627648: r->filehandle = 36, r->size = 1048576, r->offset = 90106232832
15:39:08 ERROR /home/bsc03/bsc03353/forge/src/dispatcher/posix.c:62 140387109627648: single write -1 of expected 1048576
15:39:08 ERROR /home/bsc03/bsc03353/forge/src/dispatcher/posix.c:61 140406437017344: r->filehandle = 36, r->size = 1048576, r->offset = 101190729728
15:39:08 ERROR /home/bsc03/bsc03353/forge/src/dispatcher/posix.c:62 140406437017344: single write -1 of expected 1048576
15:39:10 ERROR /home/bsc03/bsc03353/forge/src/dispatcher/posix.c:61 140402142041856: r->filehandle = 36, r->size = 1048576, r->offset = 99045343232
15:39:10 ERROR /home/bsc03/bsc03353/forge/src/dispatcher/posix.c:62 140402142041856: single write -1 of expected 1048576
15:39:17 ERROR /home/bsc03/bsc03353/forge/src/dispatcher/posix.c:61 140393552090880: r->filehandle = 36, r->size = 1048576, r->offset = 95112134656
15:39:17 ERROR /home/bsc03/bsc03353/forge/src/dispatcher/posix.c:62 140393552090880: single write -1 of expected 1048576
15:39:20 ERROR /home/bsc03/bsc03353/forge/src/dispatcher/posix.c:61 140410731992832: r->filehandle = 36, r->size = 1048576, r->offset = 92966748160
15:39:20 ERROR /home/bsc03/bsc03353/forge/src/dispatcher/posix.c:62 140410731992832: single write -1 of expected 1048576
15:39:26 ERROR /home/bsc03/bsc03353/forge/src/dispatcher/posix.c:61 140395699578624: r->filehandle = 36, r->size = 1048576, r->offset = 100475600896
15:39:26 ERROR /home/bsc03/bsc03353/forge/src/dispatcher/posix.c:62 140395699578624: single write -1 of expected 1048576
15:39:37 ERROR /home/bsc03/bsc03353/forge/src/dispatcher/posix.c:61 140389257115392: r->filehandle = 36, r->size = 1048576, r->offset = 102263422976
15:39:37 ERROR /home/bsc03/bsc03353/forge/src/dispatcher/posix.c:62 140389257115392: single write -1 of expected 1048576
15:39:40 ERROR /home/bsc03/bsc03353/forge/src/dispatcher/posix.c:61 140419321943808: r->filehandle = 36, r->size = 1048576, r->offset = 100833165312
15:39:40 ERROR /home/bsc03/bsc03353/forge/src/dispatcher/posix.c:62 140419321943808: single write -1 of expected 1048576
15:39:44 ERROR /home/bsc03/bsc03353/forge/src/dispatcher/posix.c:61 140486786660096: r->filehandle = 36, r->size = 1048576, r->offset = 50059018240
15:39:44 ERROR /home/bsc03/bsc03353/forge/src/dispatcher/posix.c:62 140486786660096: single write -1 of expected 1048576
15:39:45 ERROR /home/bsc03/bsc03353/forge/src/dispatcher/posix.c:61 140429192984320: r->filehandle = 36, r->size = 1048576, r->offset = 80809558016
15:39:45 ERROR /home/bsc03/bsc03353/forge/src/dispatcher/posix.c:62 140429192984320: single write -1 of expected 1048576
15:39:46 ERROR /home/bsc03/bsc03353/forge/src/dispatcher/posix.c:61 140409450669824: r->filehandle = 36, r->size = 1048576, r->offset = 22168993792
15:39:46 ERROR /home/bsc03/bsc03353/forge/src/dispatcher/posix.c:62 140409450669824: single write -1 of expected 1048576
15:39:48 ERROR /home/bsc03/bsc03353/forge/src/dispatcher/posix.c:61 140527236273920: r->filehandle = 35, r->size = 1048576, r->offset = 15732834304
15:39:48 ERROR /home/bsc03/bsc03353/forge/src/dispatcher/posix.c:62 140527236273920: single write -1 of expected 1048576
15:40:02 ERROR /home/bsc03/bsc03353/forge/src/dispatcher/posix.c:61 140412013082368: r->filehandle = 36, r->size = 1048576, r->offset = 81524686848
15:40:02 ERROR /home/bsc03/bsc03353/forge/src/dispatcher/posix.c:62 140412013082368: single write -1 of expected 1048576
15:40:03 ERROR /home/bsc03/bsc03353/forge/src/dispatcher/posix.c:61 140414160570112: r->filehandle = 36, r->size = 1048576, r->offset = 69367496704
15:40:03 ERROR /home/bsc03/bsc03353/forge/src/dispatcher/posix.c:62 140414160570112: single write -1 of expected 1048576
15:40:04 ERROR /home/bsc03/bsc03353/forge/src/dispatcher/posix.c:61 140435635447552: r->filehandle = 36, r->size = 1048576, r->offset = 76161220608
15:40:04 ERROR /home/bsc03/bsc03353/forge/src/dispatcher/posix.c:62 140435635447552: single write -1 of expected 1048576
15:40:07 ERROR /home/bsc03/bsc03353/forge/src/dispatcher/posix.c:61 140439930423040: r->filehandle = 36, r->size = 1048576, r->offset = 76876349440
15:40:07 ERROR /home/bsc03/bsc03353/forge/src/dispatcher/posix.c:62 140439930423040: single write -1 of expected 1048576
15:40:14 ERROR /home/bsc03/bsc03353/forge/src/dispatcher/posix.c:61 140409865594624: r->filehandle = 36, r->size = 1048576, r->offset = 83670073344
15:40:14 ERROR /home/bsc03/bsc03353/forge/src/dispatcher/posix.c:62 140409865594624: single write -1 of expected 1048576
15:40:17 ERROR /home/bsc03/bsc03353/forge/src/dispatcher/posix.c:61 140433487959808: r->filehandle = 36, r->size = 1048576, r->offset = 77233913856
15:40:17 ERROR /home/bsc03/bsc03353/forge/src/dispatcher/posix.c:62 140433487959808: single write -1 of expected 1048576
15:40:21 ERROR /home/bsc03/bsc03353/forge/src/dispatcher/posix.c:61 140437782935296: r->filehandle = 36, r->size = 1048576, r->offset = 78306607104
15:40:21 ERROR /home/bsc03/bsc03353/forge/src/dispatcher/posix.c:62 140437782935296: single write -1 of expected 1048576
15:40:22 ERROR /home/bsc03/bsc03353/forge/src/dispatcher/posix.c:61 140260052973312: r->filehandle = 36, r->size = 1048576, r->offset = 115135741952
15:40:22 ERROR /home/bsc03/bsc03353/forge/src/dispatcher/posix.c:62 140260052973312: single write -1 of expected 1048576
15:40:23 ERROR /home/bsc03/bsc03353/forge/src/dispatcher/posix.c:61 140273435248384: r->filehandle = 36, r->size = 1048576, r->offset = 67222110208
15:40:23 ERROR /home/bsc03/bsc03353/forge/src/dispatcher/posix.c:62 140273435248384: single write -1 of expected 1048576
15:40:26 ERROR /home/bsc03/bsc03353/forge/src/dispatcher/posix.c:61 140390737762048: r->filehandle = 36, r->size = 1048576, r->offset = 124432416768
15:40:26 ERROR /home/bsc03/bsc03353/forge/src/dispatcher/posix.c:62 140390737762048: single write -1 of expected 1048576
15:40:30 ERROR /home/bsc03/bsc03353/forge/src/dispatcher/posix.c:61 140262697809664: r->filehandle = 36, r->size = 1048576, r->offset = 63288901632
15:40:30 ERROR /home/bsc03/bsc03353/forge/src/dispatcher/posix.c:62 140262697809664: single write -1 of expected 1048576
15:40:31 ERROR /home/bsc03/bsc03353/forge/src/dispatcher/posix.c:61 140251960370944: r->filehandle = 36, r->size = 1048576, r->offset = 62573772800
15:40:31 ERROR /home/bsc03/bsc03353/forge/src/dispatcher/posix.c:62 140251960370944: single write -1 of expected 1048576
15:40:39 ERROR /home/bsc03/bsc03353/forge/src/dispatcher/posix.c:61 140282025199360: r->filehandle = 36, r->size = 1048576, r->offset = 67579674624
15:40:39 ERROR /home/bsc03/bsc03353/forge/src/dispatcher/posix.c:62 140282025199360: single write -1 of expected 1048576
15:40:42 ERROR /home/bsc03/bsc03353/forge/src/dispatcher/posix.c:61 140275582736128: r->filehandle = 36, r->size = 1048576, r->offset = 56495177728
15:40:42 ERROR /home/bsc03/bsc03353/forge/src/dispatcher/posix.c:62 140275582736128: single write -1 of expected 1048576
15:40:43 ERROR /home/bsc03/bsc03353/forge/src/dispatcher/posix.c:61 140271287760640: r->filehandle = 36, r->size = 1048576, r->offset = 67937239040
15:40:43 ERROR /home/bsc03/bsc03353/forge/src/dispatcher/posix.c:62 140271287760640: single write -1 of expected 1048576
15:40:46 ERROR /home/bsc03/bsc03353/forge/src/dispatcher/posix.c:61 140264845297408: r->filehandle = 36, r->size = 1048576, r->offset = 51846840320
15:40:46 ERROR /home/bsc03/bsc03353/forge/src/dispatcher/posix.c:62 140264845297408: single write -1 of expected 1048576
15:40:50 ERROR /home/bsc03/bsc03353/forge/src/dispatcher/posix.c:61 140277730223872: r->filehandle = 36, r->size = 1048576, r->offset = 60070821888
15:40:50 ERROR /home/bsc03/bsc03353/forge/src/dispatcher/posix.c:62 140277730223872: single write -1 of expected 1048576
15:40:52 ERROR /home/bsc03/bsc03353/forge/src/dispatcher/posix.c:61 140461016807168: r->filehandle = 36, r->size = 1048576, r->offset = 42907729920
15:40:52 ERROR /home/bsc03/bsc03353/forge/src/dispatcher/posix.c:62 140461016807168: single write -1 of expected 1048576
15:40:53 ERROR /home/bsc03/bsc03353/forge/src/dispatcher/posix.c:61 140407303182080: r->filehandle = 36, r->size = 1048576, r->offset = 31108104192
15:40:53 ERROR /home/bsc03/bsc03353/forge/src/dispatcher/posix.c:62 140407303182080: single write -1 of expected 1048576
15:40:55 ERROR /home/bsc03/bsc03353/forge/src/dispatcher/posix.c:61 140428778059520: r->filehandle = 36, r->size = 1048576, r->offset = 29320282112
15:40:55 ERROR /home/bsc03/bsc03353/forge/src/dispatcher/posix.c:62 140428778059520: single write -1 of expected 1048576
15:40:59 ERROR /home/bsc03/bsc03353/forge/src/dispatcher/posix.c:61 140398713231104: r->filehandle = 36, r->size = 1048576, r->offset = 30392975360
15:40:59 ERROR /home/bsc03/bsc03353/forge/src/dispatcher/posix.c:62 140398713231104: single write -1 of expected 1048576
15:41:05 ERROR /home/bsc03/bsc03353/forge/src/dispatcher/posix.c:61 140403008206592: r->filehandle = 36, r->size = 1048576, r->offset = 23599251456
15:41:05 ERROR /home/bsc03/bsc03353/forge/src/dispatcher/posix.c:62 140403008206592: single write -1 of expected 1048576
15:41:07 ERROR /home/bsc03/bsc03353/forge/src/dispatcher/posix.c:61 140396565743360: r->filehandle = 36, r->size = 1048576, r->offset = 32895926272
15:41:07 ERROR /home/bsc03/bsc03353/forge/src/dispatcher/posix.c:62 140396565743360: single write -1 of expected 1048576
15:41:09 ERROR /home/bsc03/bsc03353/forge/src/dispatcher/posix.c:61 140400860718848: r->filehandle = 36, r->size = 1048576, r->offset = 20738736128
15:41:09 ERROR /home/bsc03/bsc03353/forge/src/dispatcher/posix.c:62 140400860718848: single write -1 of expected 1048576
15:41:10 ERROR /home/bsc03/bsc03353/forge/src/dispatcher/posix.c:61 140415893133056: r->filehandle = 36, r->size = 1048576, r->offset = 17878220800
15:41:10 ERROR /home/bsc03/bsc03353/forge/src/dispatcher/posix.c:62 140415893133056: single write -1 of expected 1048576
15:41:14 ERROR /home/bsc03/bsc03353/forge/src/dispatcher/posix.c:61 140418040620800: r->filehandle = 36, r->size = 1048576, r->offset = 25744637952
15:41:14 ERROR /home/bsc03/bsc03353/forge/src/dispatcher/posix.c:62 140418040620800: single write -1 of expected 1048576
15:41:20 ERROR /home/bsc03/bsc03353/forge/src/dispatcher/posix.c:61 140415026968320: r->filehandle = 36, r->size = 1048576, r->offset = 94397005824
15:41:20 ERROR /home/bsc03/bsc03353/forge/src/dispatcher/posix.c:62 140415026968320: single write -1 of expected 1048576
15:41:21 ERROR /home/bsc03/bsc03353/forge/src/dispatcher/posix.c:61 140251463022336: r->filehandle = 36, r->size = 1048576, r->offset = 117281128448
15:41:21 ERROR /home/bsc03/bsc03353/forge/src/dispatcher/posix.c:62 140251463022336: single write -1 of expected 1048576
15:41:23 ERROR /home/bsc03/bsc03353/forge/src/dispatcher/posix.c:61 140416308057856: r->filehandle = 36, r->size = 1048576, r->offset = 69725061120
15:41:23 ERROR /home/bsc03/bsc03353/forge/src/dispatcher/posix.c:62 140416308057856: single write -1 of expected 1048576
15:41:25 ERROR /home/bsc03/bsc03353/forge/src/dispatcher/posix.c:61 140275085387520: r->filehandle = 36, r->size = 1048576, r->offset = 106911760384
15:41:25 ERROR /home/bsc03/bsc03353/forge/src/dispatcher/posix.c:62 140275085387520: single write -1 of expected 1048576
15:41:30 ERROR /home/bsc03/bsc03353/forge/src/dispatcher/posix.c:61 140401475200768: r->filehandle = 36, r->size = 1048576, r->offset = 130153447424
15:41:30 ERROR /home/bsc03/bsc03353/forge/src/dispatcher/posix.c:62 140401475200768: single write -1 of expected 1048576
15:41:33 ERROR /home/bsc03/bsc03353/forge/src/dispatcher/posix.c:61 140255757997824: r->filehandle = 36, r->size = 1048576, r->offset = 106554195968
15:41:33 ERROR /home/bsc03/bsc03353/forge/src/dispatcher/posix.c:62 140255757997824: single write -1 of expected 1048576
15:41:37 ERROR /home/bsc03/bsc03353/forge/src/dispatcher/posix.c:61 140249315534592: r->filehandle = 36, r->size = 1048576, r->offset = 111202533376
15:41:37 ERROR /home/bsc03/bsc03353/forge/src/dispatcher/posix.c:62 140249315534592: single write -1 of expected 1048576
15:41:37 ERROR /home/bsc03/bsc03353/forge/src/dispatcher/posix.c:61 140264347948800: r->filehandle = 36, r->size = 1048576, r->offset = 117996257280
15:41:37 ERROR /home/bsc03/bsc03353/forge/src/dispatcher/posix.c:62 140264347948800: single write -1 of expected 1048576
15:41:47 ERROR /home/bsc03/bsc03353/forge/src/dispatcher/posix.c:61 140247168046848: r->filehandle = 36, r->size = 1048576, r->offset = 113705484288
15:41:47 ERROR /home/bsc03/bsc03353/forge/src/dispatcher/posix.c:62 140247168046848: single write -1 of expected 1048576
15:41:50 ERROR /home/bsc03/bsc03353/forge/src/dispatcher/posix.c:61 140469606758144: r->filehandle = 36, r->size = 1048576, r->offset = 40047214592
15:41:50 ERROR /home/bsc03/bsc03353/forge/src/dispatcher/posix.c:62 140469606758144: single write -1 of expected 1048576
15:41:53 ERROR /home/bsc03/bsc03353/forge/src/dispatcher/posix.c:61 140456721831680: r->filehandle = 36, r->size = 1048576, r->offset = 44337987584
15:41:53 ERROR /home/bsc03/bsc03353/forge/src/dispatcher/posix.c:62 140456721831680: single write -1 of expected 1048576
15:41:58 ERROR /home/bsc03/bsc03353/forge/src/dispatcher/posix.c:61 140482491684608: r->filehandle = 36, r->size = 1048576, r->offset = 35041312768
15:41:58 ERROR /home/bsc03/bsc03353/forge/src/dispatcher/posix.c:62 140482491684608: single write -1 of expected 1048576
15:42:00 ERROR /home/bsc03/bsc03353/forge/src/dispatcher/posix.c:61 140510056371968: r->filehandle = 35, r->size = 1048576, r->offset = 8581545984
15:42:00 ERROR /home/bsc03/bsc03353/forge/src/dispatcher/posix.c:62 140510056371968: single write -1 of expected 1048576
15:42:03 ERROR /home/bsc03/bsc03353/forge/src/dispatcher/posix.c:61 140254107858688: r->filehandle = 36, r->size = 1048576, r->offset = 66149416960
15:42:03 ERROR /home/bsc03/bsc03353/forge/src/dispatcher/posix.c:62 140254107858688: single write -1 of expected 1048576
15:42:04 ERROR /home/bsc03/bsc03353/forge/src/dispatcher/posix.c:61 140442077910784: r->filehandle = 36, r->size = 1048576, r->offset = 80094429184
15:42:04 ERROR /home/bsc03/bsc03353/forge/src/dispatcher/posix.c:62 140442077910784: single write -1 of expected 1048576
15:42:06 ERROR /home/bsc03/bsc03353/forge/src/dispatcher/posix.c:61 140420603033344: r->filehandle = 36, r->size = 1048576, r->offset = 79379300352
15:42:06 ERROR /home/bsc03/bsc03353/forge/src/dispatcher/posix.c:62 140420603033344: single write -1 of expected 1048576
15:42:08 ERROR /home/bsc03/bsc03353/forge/src/dispatcher/posix.c:61 140422335596288: r->filehandle = 36, r->size = 1048576, r->offset = 33253490688
15:42:08 ERROR /home/bsc03/bsc03353/forge/src/dispatcher/posix.c:62 140422335596288: single write -1 of expected 1048576
15:42:14 ERROR /home/bsc03/bsc03353/forge/src/dispatcher/posix.c:61 140395699578624: r->filehandle = 36, r->size = 1048576, r->offset = 89748668416
15:42:14 ERROR /home/bsc03/bsc03353/forge/src/dispatcher/posix.c:62 140395699578624: single write -1 of expected 1048576
15:42:16 ERROR /home/bsc03/bsc03353/forge/src/dispatcher/posix.c:61 140417174456064: r->filehandle = 36, r->size = 1048576, r->offset = 95827263488
15:42:16 ERROR /home/bsc03/bsc03353/forge/src/dispatcher/posix.c:62 140417174456064: single write -1 of expected 1048576
15:42:20 ERROR /home/bsc03/bsc03353/forge/src/dispatcher/posix.c:61 140399327713024: r->filehandle = 36, r->size = 1048576, r->offset = 123717287936
15:42:20 ERROR /home/bsc03/bsc03353/forge/src/dispatcher/posix.c:62 140399327713024: single write -1 of expected 1048576
15:42:21 ERROR /home/bsc03/bsc03353/forge/src/dispatcher/posix.c:61 140268642924288: r->filehandle = 36, r->size = 1048576, r->offset = 110487404544
15:42:21 ERROR /home/bsc03/bsc03353/forge/src/dispatcher/posix.c:62 140268642924288: single write -1 of expected 1048576
15:42:24 ERROR /home/bsc03/bsc03353/forge/src/dispatcher/posix.c:61 140245020559104: r->filehandle = 36, r->size = 1048576, r->offset = 118711386112
15:42:24 ERROR /home/bsc03/bsc03353/forge/src/dispatcher/posix.c:62 140245020559104: single write -1 of expected 1048576
15:42:27 ERROR /home/bsc03/bsc03353/forge/src/dispatcher/posix.c:61 140503613908736: r->filehandle = 35, r->size = 1048576, r->offset = 12872318976
15:42:27 ERROR /home/bsc03/bsc03353/forge/src/dispatcher/posix.c:62 140503613908736: single write -1 of expected 1048576
15:42:32 ERROR /home/bsc03/bsc03353/forge/src/dispatcher/posix.c:61 140471754245888: r->filehandle = 36, r->size = 1048576, r->offset = 50774147072
15:42:32 ERROR /home/bsc03/bsc03353/forge/src/dispatcher/posix.c:62 140471754245888: single write -1 of expected 1048576
15:42:33 ERROR /home/bsc03/bsc03353/forge/src/dispatcher/posix.c:61 140400860718848: r->filehandle = 36, r->size = 1048576, r->offset = 27890024448
15:42:33 ERROR /home/bsc03/bsc03353/forge/src/dispatcher/posix.c:62 140400860718848: single write -1 of expected 1048576
15:42:34 ERROR /home/bsc03/bsc03353/forge/src/dispatcher/posix.c:61 140405155694336: r->filehandle = 36, r->size = 1048576, r->offset = 26459766784
15:42:34 ERROR /home/bsc03/bsc03353/forge/src/dispatcher/posix.c:62 140405155694336: single write -1 of expected 1048576
15:42:35 ERROR /home/bsc03/bsc03353/forge/src/dispatcher/posix.c:61 140266992785152: r->filehandle = 36, r->size = 1048576, r->offset = 52204404736
15:42:35 ERROR /home/bsc03/bsc03353/forge/src/dispatcher/posix.c:62 140266992785152: single write -1 of expected 1048576
15:42:41 ERROR /home/bsc03/bsc03353/forge/src/dispatcher/posix.c:61 140254107858688: r->filehandle = 36, r->size = 1048576, r->offset = 61501079552
15:42:41 ERROR /home/bsc03/bsc03353/forge/src/dispatcher/posix.c:62 140254107858688: single write -1 of expected 1048576
15:42:46 ERROR /home/bsc03/bsc03353/forge/src/dispatcher/posix.c:61 140431340472064: r->filehandle = 36, r->size = 1048576, r->offset = 78664171520
15:42:46 ERROR /home/bsc03/bsc03353/forge/src/dispatcher/posix.c:62 140431340472064: single write -1 of expected 1048576
15:42:50 ERROR /home/bsc03/bsc03353/forge/src/dispatcher/posix.c:61 140397180225280: r->filehandle = 36, r->size = 1048576, r->offset = 121214337024
15:42:50 ERROR /home/bsc03/bsc03353/forge/src/dispatcher/posix.c:62 140397180225280: single write -1 of expected 1048576
15:42:51 ERROR /home/bsc03/bsc03353/forge/src/dispatcher/posix.c:61 140386442786560: r->filehandle = 36, r->size = 1048576, r->offset = 135874478080
15:42:51 ERROR /home/bsc03/bsc03353/forge/src/dispatcher/posix.c:62 140386442786560: single write -1 of expected 1048576
15:42:52 ERROR /home/bsc03/bsc03353/forge/src/dispatcher/posix.c:61 140397847066368: r->filehandle = 36, r->size = 1048576, r->offset = 91536490496
15:42:52 ERROR /home/bsc03/bsc03353/forge/src/dispatcher/posix.c:62 140397847066368: single write -1 of expected 1048576
15:42:52 ERROR /home/bsc03/bsc03353/forge/src/dispatcher/posix.c:61 140478196709120: r->filehandle = 36, r->size = 1048576, r->offset = 38974521344
15:42:52 ERROR /home/bsc03/bsc03353/forge/src/dispatcher/posix.c:62 140478196709120: single write -1 of expected 1048576
15:42:53 ERROR /home/bsc03/bsc03353/forge/src/dispatcher/posix.c:61 140499318933248: r->filehandle = 35, r->size = 1048576, r->offset = 16447963136
15:42:53 ERROR /home/bsc03/bsc03353/forge/src/dispatcher/posix.c:62 140499318933248: single write -1 of expected 1048576
15:42:55 ERROR /home/bsc03/bsc03353/forge/src/dispatcher/posix.c:61 140253610510080: r->filehandle = 36, r->size = 1048576, r->offset = 119068950528
15:42:55 ERROR /home/bsc03/bsc03353/forge/src/dispatcher/posix.c:62 140253610510080: single write -1 of expected 1048576
15:42:57 ERROR /home/bsc03/bsc03353/forge/src/dispatcher/posix.c:61 140411598157568: r->filehandle = 36, r->size = 1048576, r->offset = 29677846528
15:42:57 ERROR /home/bsc03/bsc03353/forge/src/dispatcher/posix.c:62 140411598157568: single write -1 of expected 1048576
15:43:05 ERROR /home/bsc03/bsc03353/forge/src/dispatcher/posix.c:61 140396565743360: r->filehandle = 36, r->size = 1048576, r->offset = 33968619520
15:43:05 ERROR /home/bsc03/bsc03353/forge/src/dispatcher/posix.c:62 140396565743360: single write -1 of expected 1048576
15:43:05 ERROR /home/bsc03/bsc03353/forge/src/dispatcher/posix.c:61 140424483084032: r->filehandle = 36, r->size = 1048576, r->offset = 24671944704
15:43:05 ERROR /home/bsc03/bsc03353/forge/src/dispatcher/posix.c:62 140424483084032: single write -1 of expected 1048576
15:43:10 ERROR /home/bsc03/bsc03353/forge/src/dispatcher/posix.c:61 140426630571776: r->filehandle = 36, r->size = 1048576, r->offset = 32538361856
15:43:10 ERROR /home/bsc03/bsc03353/forge/src/dispatcher/posix.c:62 140426630571776: single write -1 of expected 1048576
15:43:14 ERROR /home/bsc03/bsc03353/forge/src/dispatcher/posix.c:61 140488934147840: r->filehandle = 36, r->size = 1048576, r->offset = 41119907840
15:43:14 ERROR /home/bsc03/bsc03353/forge/src/dispatcher/posix.c:62 140488934147840: single write -1 of expected 1048576
15:43:18 ERROR /home/bsc03/bsc03353/forge/src/dispatcher/posix.c:61 140467459270400: r->filehandle = 36, r->size = 1048576, r->offset = 39332085760
15:43:18 ERROR /home/bsc03/bsc03353/forge/src/dispatcher/posix.c:62 140467459270400: single write -1 of expected 1048576
15:43:19 ERROR /home/bsc03/bsc03353/forge/src/dispatcher/posix.c:61 140458869319424: r->filehandle = 36, r->size = 1048576, r->offset = 40762343424
15:43:19 ERROR /home/bsc03/bsc03353/forge/src/dispatcher/posix.c:62 140458869319424: single write -1 of expected 1048576
15:43:24 ERROR /home/bsc03/bsc03353/forge/src/dispatcher/posix.c:61 140269140272896: r->filehandle = 36, r->size = 1048576, r->offset = 65791852544
15:43:24 ERROR /home/bsc03/bsc03353/forge/src/dispatcher/posix.c:62 140269140272896: single write -1 of expected 1048576
15:43:27 ERROR /home/bsc03/bsc03353/forge/src/dispatcher/posix.c:61 140392885249792: r->filehandle = 36, r->size = 1048576, r->offset = 124074852352
15:43:27 ERROR /home/bsc03/bsc03353/forge/src/dispatcher/posix.c:62 140392885249792: single write -1 of expected 1048576
15:43:31 ERROR /home/bsc03/bsc03353/forge/src/dispatcher/posix.c:61 140422750521088: r->filehandle = 36, r->size = 1048576, r->offset = 73658269696
15:43:31 ERROR /home/bsc03/bsc03353/forge/src/dispatcher/posix.c:62 140422750521088: single write -1 of expected 1048576
15:43:35 ERROR /home/bsc03/bsc03353/forge/src/dispatcher/posix.c:61 140520793810688: r->filehandle = 35, r->size = 1048576, r->offset = 7508852736
15:43:35 ERROR /home/bsc03/bsc03353/forge/src/dispatcher/posix.c:62 140520793810688: single write -1 of expected 1048576
slurmstepd: error: *** JOB 8724766 ON s04r1b51 CANCELLED AT 2020-02-06T15:43:36 DUE TO TIME LIMIT ***
--------------------------------------------------------------------------
ORTE has lost communication with a remote daemon.

  HNP daemon   : [[13675,0],0] on node s04r1b51
  Remote daemon: [[13675,0],7] on node s12r1b23

This is usually due to either a failure of the TCP network
connection to the node, or possibly an internal failure of
the daemon itself. We cannot recover from this failure, and
therefore will terminate the job.
--------------------------------------------------------------------------
