Set GCC compilers as MPI wrappers backend 
remove impi/2017.4 (PATH, MANPATH, LD_LIBRARY_PATH) 
load openmpi/4.0.2_UCX (PATH, MANPATH, LD_LIBRARY_PATH) 
Set GCC compilers as MPI wrappers backend 
load gsl/2.4 (PATH, LD_LIBRARY_PATH, LIBRARY_PATH, MANPATH, INFOPATH,
C_INCLUDE_PATH, CPLUS_INCLUDE_PATH, PKG_CONFIG_PATH, GSL_DIR) 
13:41:59 INFO  /home/bsc03/bsc03353/forge/src/main.c:107 139789049837632: I/O Forwarding Exploration [START]
Will AGIOS generate trace files? NO
Default scheduling algorithm: TO
TWINS window size: 1000000
Will the Prediction Module read information from trace files? NO
File with access time functions: /home/bsc03/bsc03353/forge/agios/access_times.func
AGIOS thinks its user has stripe size of 32768
Will AGIOS generate trace files? NO
Default scheduling algorithm: TO
TWINS window size: 1000000
Will the Prediction Module read information from trace files? NO
File with access time functions: /home/bsc03/bsc03353/forge/agios/access_times.func
AGIOS thinks its user has stripe size of 32768
Will AGIOS generate trace files? NO
Default scheduling algorithm: TO
TWINS window size: 1000000
Will the Prediction Module read information from trace files? NO
File with access time functions: /home/bsc03/bsc03353/forge/agios/access_times.func
AGIOS thinks its user has stripe size of 32768
Will AGIOS generate trace files? NO
Default scheduling algorithm: TO
TWINS window size: 1000000
Will the Prediction Module read information from trace files? NO
File with access time functions: /home/bsc03/bsc03353/forge/agios/access_times.func
AGIOS thinks its user has stripe size of 32768
Will AGIOS generate trace files? NO
Default scheduling algorithm: TO
TWINS window size: 1000000
Will the Prediction Module read information from trace files? NO
File with access time functions: /home/bsc03/bsc03353/forge/agios/access_times.func
AGIOS thinks its user has stripe size of 32768
Will AGIOS generate trace files? NO
Default scheduling algorithm: TO
TWINS window size: 1000000
Will the Prediction Module read information from trace files? NO
File with access time functions: /home/bsc03/bsc03353/forge/agios/access_times.func
AGIOS thinks its user has stripe size of 32768
Will AGIOS generate trace files? NO
Default scheduling algorithm: TO
TWINS window size: 1000000
Will the Prediction Module read information from trace files? NO
File with access time functions: /home/bsc03/bsc03353/forge/agios/access_times.func
AGIOS thinks its user has stripe size of 32768
Will AGIOS generate trace files? NO
Default scheduling algorithm: TO
TWINS window size: 1000000
Will the Prediction Module read information from trace files? NO
File with access time functions: /home/bsc03/bsc03353/forge/agios/access_times.func
AGIOS thinks its user has stripe size of 32768
13:42:06 ERROR /home/bsc03/bsc03353/forge/src/dispatcher/posix.c:61 140482794518272: r->filehandle = 36, r->size = 524288, r->offset = 65536000
13:42:06 ERROR /home/bsc03/bsc03353/forge/src/dispatcher/posix.c:62 140482794518272: single write -1 of expected 524288
13:42:07 ERROR /home/bsc03/bsc03353/forge/src/dispatcher/posix.c:61 140465614616320: r->filehandle = 36, r->size = 524288, r->offset = 65011712
13:42:07 ERROR /home/bsc03/bsc03353/forge/src/dispatcher/posix.c:62 140465614616320: single write -1 of expected 524288
13:42:08 ERROR /home/bsc03/bsc03353/forge/src/dispatcher/posix.c:61 140670294013696: r->filehandle = 36, r->size = 524288, r->offset = 141033472
13:42:08 ERROR /home/bsc03/bsc03353/forge/src/dispatcher/posix.c:62 140670294013696: single write -1 of expected 524288
13:42:08 ERROR /home/bsc03/bsc03353/forge/src/dispatcher/posix.c:61 139895549892352: r->filehandle = 36, r->size = 524288, r->offset = 161480704
13:42:08 ERROR /home/bsc03/bsc03353/forge/src/dispatcher/posix.c:62 139895549892352: single write -1 of expected 524288
13:42:10 ERROR /home/bsc03/bsc03353/forge/src/dispatcher/posix.c:61 140117925525248: r->filehandle = 36, r->size = 524288, r->offset = 271581184
13:42:10 ERROR /home/bsc03/bsc03353/forge/src/dispatcher/posix.c:62 140117925525248: single write -1 of expected 524288
13:42:10 ERROR /home/bsc03/bsc03353/forge/src/dispatcher/posix.c:61 139600522340096: r->filehandle = 36, r->size = 524288, r->offset = 387973120
13:42:10 ERROR /home/bsc03/bsc03353/forge/src/dispatcher/posix.c:62 139600522340096: single write -1 of expected 524288
13:42:12 ERROR /home/bsc03/bsc03353/forge/src/dispatcher/posix.c:61 139908434818816: r->filehandle = 36, r->size = 524288, r->offset = 157810688
13:42:12 ERROR /home/bsc03/bsc03353/forge/src/dispatcher/posix.c:61 139621997217536: r->filehandle = 36, r->size = 524288, r->offset = 396361728
13:42:12 ERROR /home/bsc03/bsc03353/forge/src/dispatcher/posix.c:62 139621997217536: single write -1 of expected 524288
13:42:12 ERROR /home/bsc03/bsc03353/forge/src/dispatcher/posix.c:62 139908434818816: single write -1 of expected 524288
13:42:13 ERROR /home/bsc03/bsc03353/forge/src/dispatcher/posix.c:61 139891254916864: r->filehandle = 36, r->size = 524288, r->offset = 164102144
13:42:13 ERROR /home/bsc03/bsc03353/forge/src/dispatcher/posix.c:62 139891254916864: single write -1 of expected 524288
13:42:14 ERROR /home/bsc03/bsc03353/forge/src/dispatcher/posix.c:61 140657409087232: r->filehandle = 36, r->size = 524288, r->offset = 134742016
13:42:14 ERROR /home/bsc03/bsc03353/forge/src/dispatcher/posix.c:62 140657409087232: single write -1 of expected 524288
13:42:15 ERROR /home/bsc03/bsc03353/forge/src/dispatcher/posix.c:61 140469909591808: r->filehandle = 36, r->size = 524288, r->offset = 66060288
13:42:15 ERROR /home/bsc03/bsc03353/forge/src/dispatcher/posix.c:61 139912644851456: r->filehandle = 36, r->size = 524288, r->offset = 236978176
13:42:15 ERROR /home/bsc03/bsc03353/forge/src/dispatcher/posix.c:62 140469909591808: single write -1 of expected 524288
13:42:15 ERROR /home/bsc03/bsc03353/forge/src/dispatcher/posix.c:62 139912644851456: single write -1 of expected 524288
13:42:15 ERROR /home/bsc03/bsc03353/forge/src/dispatcher/posix.c:61 139769079432960: r->filehandle = 35, r->size = 524288, r->offset = 1048576
13:42:15 ERROR /home/bsc03/bsc03353/forge/src/dispatcher/posix.c:62 139769079432960: single write -1 of expected 524288
13:42:16 ERROR /home/bsc03/bsc03353/forge/src/dispatcher/posix.c:61 139891169974016: r->filehandle = 36, r->size = 524288, r->offset = 245891072
13:42:16 ERROR /home/bsc03/bsc03353/forge/src/dispatcher/posix.c:62 139891169974016: single write -1 of expected 524288
13:42:17 ERROR /home/bsc03/bsc03353/forge/src/dispatcher/posix.c:61 140653114111744: r->filehandle = 36, r->size = 524288, r->offset = 148897792
13:42:17 ERROR /home/bsc03/bsc03353/forge/src/dispatcher/posix.c:62 140653114111744: single write -1 of expected 524288
13:42:17 ERROR /home/bsc03/bsc03353/forge/src/dispatcher/posix.c:61 140472057079552: r->filehandle = 36, r->size = 524288, r->offset = 53477376
13:42:17 ERROR /home/bsc03/bsc03353/forge/src/dispatcher/posix.c:62 140472057079552: single write -1 of expected 524288
13:42:20 ERROR /home/bsc03/bsc03353/forge/src/dispatcher/posix.c:61 139760489481984: r->filehandle = 35, r->size = 524288, r->offset = 15204352
13:42:20 ERROR /home/bsc03/bsc03353/forge/src/dispatcher/posix.c:62 139760489481984: single write -1 of expected 524288
13:42:21 ERROR /home/bsc03/bsc03353/forge/src/dispatcher/posix.c:61 139893402404608: r->filehandle = 36, r->size = 524288, r->offset = 165675008
13:42:21 ERROR /home/bsc03/bsc03353/forge/src/dispatcher/posix.c:61 140408992376576: r->filehandle = 36, r->size = 524288, r->offset = 305135616
13:42:21 ERROR /home/bsc03/bsc03353/forge/src/dispatcher/posix.c:62 139893402404608: single write -1 of expected 524288
13:42:21 ERROR /home/bsc03/bsc03353/forge/src/dispatcher/posix.c:62 140408992376576: single write -1 of expected 524288
13:42:21 ERROR /home/bsc03/bsc03353/forge/src/dispatcher/posix.c:61 140674588989184: r->filehandle = 36, r->size = 524288, r->offset = 144703488
13:42:21 ERROR /home/bsc03/bsc03353/forge/src/dispatcher/posix.c:62 140674588989184: single write -1 of expected 524288
13:42:21 ERROR /home/bsc03/bsc03353/forge/src/dispatcher/posix.c:61 140659556574976: r->filehandle = 36, r->size = 524288, r->offset = 135266304
13:42:21 ERROR /home/bsc03/bsc03353/forge/src/dispatcher/posix.c:62 140659556574976: single write -1 of expected 524288
13:42:22 ERROR /home/bsc03/bsc03353/forge/src/dispatcher/posix.c:61 139771226920704: r->filehandle = 35, r->size = 524288, r->offset = 13107200
13:42:22 ERROR /home/bsc03/bsc03353/forge/src/dispatcher/posix.c:62 139771226920704: single write -1 of expected 524288
13:42:23 ERROR /home/bsc03/bsc03353/forge/src/dispatcher/posix.c:61 140413287352064: r->filehandle = 36, r->size = 524288, r->offset = 304611328
13:42:23 ERROR /home/bsc03/bsc03353/forge/src/dispatcher/posix.c:62 140413287352064: single write -1 of expected 524288
13:42:24 ERROR /home/bsc03/bsc03353/forge/src/dispatcher/posix.c:61 139611259778816: r->filehandle = 36, r->size = 524288, r->offset = 401604608
13:42:24 ERROR /home/bsc03/bsc03353/forge/src/dispatcher/posix.c:62 139611259778816: single write -1 of expected 524288
13:42:25 ERROR /home/bsc03/bsc03353/forge/src/dispatcher/posix.c:61 139910582306560: r->filehandle = 36, r->size = 524288, r->offset = 151519232
13:42:25 ERROR /home/bsc03/bsc03353/forge/src/dispatcher/posix.c:62 139910582306560: single write -1 of expected 524288
13:42:25 ERROR /home/bsc03/bsc03353/forge/src/dispatcher/posix.c:61 140655261599488: r->filehandle = 36, r->size = 524288, r->offset = 145227776
13:42:25 ERROR /home/bsc03/bsc03353/forge/src/dispatcher/posix.c:62 140655261599488: single write -1 of expected 524288
13:42:25 ERROR /home/bsc03/bsc03353/forge/src/dispatcher/posix.c:61 139598374852352: r->filehandle = 36, r->size = 524288, r->offset = 401080320
13:42:25 ERROR /home/bsc03/bsc03353/forge/src/dispatcher/posix.c:62 139598374852352: single write -1 of expected 524288
13:42:29 ERROR /home/bsc03/bsc03353/forge/src/dispatcher/posix.c:61 139764784457472: r->filehandle = 35, r->size = 524288, r->offset = 6291456
13:42:29 ERROR /home/bsc03/bsc03353/forge/src/dispatcher/posix.c:62 139764784457472: single write -1 of expected 524288
13:42:30 ERROR /home/bsc03/bsc03353/forge/src/dispatcher/posix.c:61 140478499542784: r->filehandle = 36, r->size = 524288, r->offset = 63963136
13:42:30 ERROR /home/bsc03/bsc03353/forge/src/dispatcher/posix.c:62 140478499542784: single write -1 of expected 524288
13:42:30 ERROR /home/bsc03/bsc03353/forge/src/dispatcher/posix.c:61 140663851550464: r->filehandle = 36, r->size = 524288, r->offset = 136314880
13:42:30 ERROR /home/bsc03/bsc03353/forge/src/dispatcher/posix.c:62 140663851550464: single write -1 of expected 524288
13:42:31 ERROR /home/bsc03/bsc03353/forge/src/dispatcher/posix.c:61 139886959941376: r->filehandle = 36, r->size = 524288, r->offset = 154664960
13:42:31 ERROR /home/bsc03/bsc03353/forge/src/dispatcher/posix.c:62 139886959941376: single write -1 of expected 524288
13:42:32 ERROR /home/bsc03/bsc03353/forge/src/dispatcher/posix.c:61 140421877303040: r->filehandle = 36, r->size = 524288, r->offset = 309329920
13:42:32 ERROR /home/bsc03/bsc03353/forge/src/dispatcher/posix.c:62 140421877303040: single write -1 of expected 524288
13:42:34 ERROR /home/bsc03/bsc03353/forge/src/dispatcher/posix.c:61 139779816871680: r->filehandle = 35, r->size = 524288, r->offset = 2621440
13:42:34 ERROR /home/bsc03/bsc03353/forge/src/dispatcher/posix.c:62 139779816871680: single write -1 of expected 524288
13:42:34 ERROR /home/bsc03/bsc03353/forge/src/dispatcher/posix.c:61 140396107450112: r->filehandle = 36, r->size = 524288, r->offset = 304087040
13:42:34 ERROR /home/bsc03/bsc03353/forge/src/dispatcher/posix.c:62 140396107450112: single write -1 of expected 524288
13:42:37 ERROR /home/bsc03/bsc03353/forge/src/dispatcher/posix.c:61 139773374408448: r->filehandle = 35, r->size = 524288, r->offset = 3145728
13:42:37 ERROR /home/bsc03/bsc03353/forge/src/dispatcher/posix.c:61 139919172257536: r->filehandle = 36, r->size = 524288, r->offset = 153092096
13:42:37 ERROR /home/bsc03/bsc03353/forge/src/dispatcher/posix.c:62 139773374408448: single write -1 of expected 524288
13:42:37 ERROR /home/bsc03/bsc03353/forge/src/dispatcher/posix.c:62 139919172257536: single write -1 of expected 524288
13:42:37 ERROR /home/bsc03/bsc03353/forge/src/dispatcher/posix.c:61 140676736476928: r->filehandle = 36, r->size = 524288, r->offset = 148373504
13:42:37 ERROR /home/bsc03/bsc03353/forge/src/dispatcher/posix.c:62 140676736476928: single write -1 of expected 524288
13:42:38 ERROR /home/bsc03/bsc03353/forge/src/dispatcher/posix.c:61 139899844867840: r->filehandle = 36, r->size = 524288, r->offset = 166199296
13:42:38 ERROR /home/bsc03/bsc03353/forge/src/dispatcher/posix.c:62 139899844867840: single write -1 of expected 524288
13:42:39 ERROR /home/bsc03/bsc03353/forge/src/dispatcher/posix.c:61 140683178940160: r->filehandle = 36, r->size = 524288, r->offset = 136839168
13:42:39 ERROR /home/bsc03/bsc03353/forge/src/dispatcher/posix.c:62 140683178940160: single write -1 of expected 524288
13:42:40 ERROR /home/bsc03/bsc03353/forge/src/dispatcher/posix.c:61 139777669383936: r->filehandle = 35, r->size = 524288, r->offset = 14680064
13:42:40 ERROR /home/bsc03/bsc03353/forge/src/dispatcher/posix.c:62 139777669383936: single write -1 of expected 524288
13:42:41 ERROR /home/bsc03/bsc03353/forge/src/dispatcher/posix.c:61 140402549913344: r->filehandle = 36, r->size = 524288, r->offset = 308281344
13:42:41 ERROR /home/bsc03/bsc03353/forge/src/dispatcher/posix.c:62 140402549913344: single write -1 of expected 524288
13:42:42 ERROR /home/bsc03/bsc03353/forge/src/dispatcher/posix.c:61 139749752043264: r->filehandle = 35, r->size = 524288, r->offset = 15728640
13:42:42 ERROR /home/bsc03/bsc03353/forge/src/dispatcher/posix.c:62 139749752043264: single write -1 of expected 524288
13:42:42 ERROR /home/bsc03/bsc03353/forge/src/dispatcher/posix.c:61 140681031452416: r->filehandle = 36, r->size = 524288, r->offset = 141557760
13:42:42 ERROR /home/bsc03/bsc03353/forge/src/dispatcher/posix.c:62 140681031452416: single write -1 of expected 524288
13:42:44 ERROR /home/bsc03/bsc03353/forge/src/dispatcher/posix.c:61 139781964359424: r->filehandle = 35, r->size = 524288, r->offset = 11534336
13:42:44 ERROR /home/bsc03/bsc03353/forge/src/dispatcher/posix.c:62 139781964359424: single write -1 of expected 524288
13:42:46 ERROR /home/bsc03/bsc03353/forge/src/dispatcher/posix.c:61 140668146525952: r->filehandle = 36, r->size = 524288, r->offset = 137363456
13:42:46 ERROR /home/bsc03/bsc03353/forge/src/dispatcher/posix.c:62 140668146525952: single write -1 of expected 524288
13:42:48 ERROR /home/bsc03/bsc03353/forge/src/dispatcher/posix.c:61 139901992355584: r->filehandle = 36, r->size = 524288, r->offset = 164626432
13:42:48 ERROR /home/bsc03/bsc03353/forge/src/dispatcher/posix.c:62 139901992355584: single write -1 of expected 524288
13:42:51 ERROR /home/bsc03/bsc03353/forge/src/dispatcher/posix.c:61 139906287331072: r->filehandle = 36, r->size = 524288, r->offset = 162529280
13:42:51 ERROR /home/bsc03/bsc03353/forge/src/dispatcher/posix.c:62 139906287331072: single write -1 of expected 524288
13:42:52 ERROR /home/bsc03/bsc03353/forge/src/dispatcher/posix.c:61 140650966624000: r->filehandle = 36, r->size = 524288, r->offset = 137887744
13:42:52 ERROR /home/bsc03/bsc03353/forge/src/dispatcher/posix.c:62 140650966624000: single write -1 of expected 524288
13:42:52 ERROR /home/bsc03/bsc03353/forge/src/dispatcher/posix.c:61 139914877282048: r->filehandle = 36, r->size = 524288, r->offset = 158334976
13:42:52 ERROR /home/bsc03/bsc03353/forge/src/dispatcher/posix.c:62 139914877282048: single write -1 of expected 524288
13:42:52 ERROR /home/bsc03/bsc03353/forge/src/dispatcher/posix.c:61 140672441501440: r->filehandle = 36, r->size = 524288, r->offset = 147849216
13:42:52 ERROR /home/bsc03/bsc03353/forge/src/dispatcher/posix.c:62 140672441501440: single write -1 of expected 524288
13:42:53 ERROR /home/bsc03/bsc03353/forge/src/dispatcher/posix.c:61 139766931945216: r->filehandle = 35, r->size = 524288, r->offset = 10485760
13:42:53 ERROR /home/bsc03/bsc03353/forge/src/dispatcher/posix.c:62 139766931945216: single write -1 of expected 524288
13:42:56 ERROR /home/bsc03/bsc03353/forge/src/dispatcher/posix.c:61 140661704062720: r->filehandle = 36, r->size = 524288, r->offset = 149422080
13:42:56 ERROR /home/bsc03/bsc03353/forge/src/dispatcher/posix.c:62 140661704062720: single write -1 of expected 524288
13:42:56 ERROR /home/bsc03/bsc03353/forge/src/dispatcher/posix.c:61 139762636969728: r->filehandle = 35, r->size = 524288, r->offset = 2097152
13:42:56 ERROR /home/bsc03/bsc03353/forge/src/dispatcher/posix.c:62 139762636969728: single write -1 of expected 524288
13:43:02 ERROR /home/bsc03/bsc03353/forge/src/dispatcher/posix.c:61 140391812474624: r->filehandle = 36, r->size = 524288, r->offset = 308805632
13:43:02 ERROR /home/bsc03/bsc03353/forge/src/dispatcher/posix.c:62 140391812474624: single write -1 of expected 524288
13:43:04 ERROR /home/bsc03/bsc03353/forge/src/dispatcher/posix.c:61 140678883964672: r->filehandle = 36, r->size = 524288, r->offset = 147324928
13:43:04 ERROR /home/bsc03/bsc03353/forge/src/dispatcher/posix.c:62 140678883964672: single write -1 of expected 524288
13:43:06 ERROR /home/bsc03/bsc03353/forge/src/dispatcher/posix.c:61 140665999038208: r->filehandle = 36, r->size = 524288, r->offset = 145752064
13:43:06 ERROR /home/bsc03/bsc03353/forge/src/dispatcher/posix.c:62 140665999038208: single write -1 of expected 524288
13:43:06 ERROR /home/bsc03/bsc03353/forge/src/dispatcher/posix.c:61 139754047018752: r->filehandle = 35, r->size = 524288, r->offset = 13631488
13:43:06 ERROR /home/bsc03/bsc03353/forge/src/dispatcher/posix.c:62 139754047018752: single write -1 of expected 524288
13:43:06 ERROR /home/bsc03/bsc03353/forge/src/dispatcher/posix.c:61 139591932389120: r->filehandle = 36, r->size = 524288, r->offset = 375914496
13:43:06 ERROR /home/bsc03/bsc03353/forge/src/dispatcher/posix.c:62 139591932389120: single write -1 of expected 524288
13:43:09 ERROR /home/bsc03/bsc03353/forge/src/dispatcher/posix.c:61 139615554754304: r->filehandle = 36, r->size = 524288, r->offset = 375390208
13:43:09 ERROR /home/bsc03/bsc03353/forge/src/dispatcher/posix.c:62 139615554754304: single write -1 of expected 524288
13:43:10 ERROR /home/bsc03/bsc03353/forge/src/dispatcher/posix.c:61 139751899531008: r->filehandle = 35, r->size = 524288, r->offset = 30408704
13:43:10 ERROR /home/bsc03/bsc03353/forge/src/dispatcher/posix.c:61 139602669827840: r->filehandle = 36, r->size = 524288, r->offset = 383778816
13:43:10 ERROR /home/bsc03/bsc03353/forge/src/dispatcher/posix.c:62 139602669827840: single write -1 of expected 524288
13:43:10 ERROR /home/bsc03/bsc03353/forge/src/dispatcher/posix.c:62 139751899531008: single write -1 of expected 524288
13:43:13 ERROR /home/bsc03/bsc03353/forge/src/dispatcher/posix.c:61 139897697380096: r->filehandle = 36, r->size = 524288, r->offset = 170917888
13:43:13 ERROR /home/bsc03/bsc03353/forge/src/dispatcher/posix.c:62 139897697380096: single write -1 of expected 524288
13:43:17 ERROR /home/bsc03/bsc03353/forge/src/dispatcher/posix.c:61 140457024665344: r->filehandle = 36, r->size = 524288, r->offset = 68681728
13:43:17 ERROR /home/bsc03/bsc03353/forge/src/dispatcher/posix.c:62 140457024665344: single write -1 of expected 524288
13:43:20 ERROR /home/bsc03/bsc03353/forge/src/dispatcher/posix.c:61 139619849729792: r->filehandle = 36, r->size = 524288, r->offset = 376438784
13:43:20 ERROR /home/bsc03/bsc03353/forge/src/dispatcher/posix.c:62 139619849729792: single write -1 of expected 524288
13:43:22 ERROR /home/bsc03/bsc03353/forge/src/dispatcher/posix.c:61 139596227364608: r->filehandle = 36, r->size = 524288, r->offset = 379584512
13:43:22 ERROR /home/bsc03/bsc03353/forge/src/dispatcher/posix.c:62 139596227364608: single write -1 of expected 524288
13:43:22 ERROR /home/bsc03/bsc03353/forge/src/dispatcher/posix.c:61 139899759924992: r->filehandle = 36, r->size = 524288, r->offset = 208142336
13:43:22 ERROR /home/bsc03/bsc03353/forge/src/dispatcher/posix.c:62 139899759924992: single write -1 of expected 524288
13:43:22 ERROR /home/bsc03/bsc03353/forge/src/dispatcher/posix.c:61 139589784901376: r->filehandle = 36, r->size = 524288, r->offset = 380108800
13:43:22 ERROR /home/bsc03/bsc03353/forge/src/dispatcher/posix.c:62 139589784901376: single write -1 of expected 524288
13:43:23 ERROR /home/bsc03/bsc03353/forge/src/dispatcher/posix.c:61 140393959962368: r->filehandle = 36, r->size = 524288, r->offset = 333971456
13:43:23 ERROR /home/bsc03/bsc03353/forge/src/dispatcher/posix.c:62 140393959962368: single write -1 of expected 524288
13:43:27 ERROR /home/bsc03/bsc03353/forge/src/dispatcher/posix.c:61 140417582327552: r->filehandle = 36, r->size = 524288, r->offset = 334495744
13:43:27 ERROR /home/bsc03/bsc03353/forge/src/dispatcher/posix.c:62 140417582327552: single write -1 of expected 524288
13:43:30 ERROR /home/bsc03/bsc03353/forge/src/dispatcher/posix.c:61 139897612437248: r->filehandle = 36, r->size = 524288, r->offset = 208666624
13:43:30 ERROR /home/bsc03/bsc03353/forge/src/dispatcher/posix.c:62 139897612437248: single write -1 of expected 524288
13:43:30 ERROR /home/bsc03/bsc03353/forge/src/dispatcher/posix.c:61 139919087314688: r->filehandle = 36, r->size = 524288, r->offset = 202375168
13:43:30 ERROR /home/bsc03/bsc03353/forge/src/dispatcher/posix.c:62 139919087314688: single write -1 of expected 524288
13:43:31 ERROR /home/bsc03/bsc03353/forge/src/dispatcher/posix.c:61 140419729815296: r->filehandle = 36, r->size = 524288, r->offset = 333447168
13:43:31 ERROR /home/bsc03/bsc03353/forge/src/dispatcher/posix.c:62 140419729815296: single write -1 of expected 524288
13:43:37 ERROR /home/bsc03/bsc03353/forge/src/dispatcher/posix.c:61 139921234802432: r->filehandle = 36, r->size = 524288, r->offset = 211812352
13:43:37 ERROR /home/bsc03/bsc03353/forge/src/dispatcher/posix.c:62 139921234802432: single write -1 of expected 524288
13:43:44 ERROR /home/bsc03/bsc03353/forge/src/dispatcher/posix.c:61 139923382290176: r->filehandle = 36, r->size = 524288, r->offset = 214433792
13:43:44 ERROR /home/bsc03/bsc03353/forge/src/dispatcher/posix.c:62 139923382290176: single write -1 of expected 524288
13:43:46 ERROR /home/bsc03/bsc03353/forge/src/dispatcher/posix.c:61 139895464949504: r->filehandle = 36, r->size = 524288, r->offset = 207093760
13:43:46 ERROR /home/bsc03/bsc03353/forge/src/dispatcher/posix.c:62 139895464949504: single write -1 of expected 524288
13:43:47 ERROR /home/bsc03/bsc03353/forge/src/dispatcher/posix.c:61 139893317461760: r->filehandle = 36, r->size = 524288, r->offset = 212860928
13:43:47 ERROR /home/bsc03/bsc03353/forge/src/dispatcher/posix.c:62 139893317461760: single write -1 of expected 524288
13:43:47 ERROR /home/bsc03/bsc03353/forge/src/dispatcher/posix.c:61 139904054900480: r->filehandle = 36, r->size = 524288, r->offset = 216530944
13:43:47 ERROR /home/bsc03/bsc03353/forge/src/dispatcher/posix.c:62 139904054900480: single write -1 of expected 524288
13:43:49 ERROR /home/bsc03/bsc03353/forge/src/dispatcher/posix.c:61 139908349875968: r->filehandle = 36, r->size = 524288, r->offset = 203948032
13:43:49 ERROR /home/bsc03/bsc03353/forge/src/dispatcher/posix.c:62 139908349875968: single write -1 of expected 524288
13:43:51 ERROR /home/bsc03/bsc03353/forge/src/dispatcher/posix.c:61 139914792339200: r->filehandle = 36, r->size = 524288, r->offset = 203423744
13:43:51 ERROR /home/bsc03/bsc03353/forge/src/dispatcher/posix.c:62 139914792339200: single write -1 of expected 524288
13:43:52 ERROR /home/bsc03/bsc03353/forge/src/dispatcher/posix.c:61 139910497363712: r->filehandle = 36, r->size = 524288, r->offset = 201850880
13:43:52 ERROR /home/bsc03/bsc03353/forge/src/dispatcher/posix.c:62 139910497363712: single write -1 of expected 524288
13:43:53 ERROR /home/bsc03/bsc03353/forge/src/dispatcher/posix.c:61 139916939826944: r->filehandle = 36, r->size = 524288, r->offset = 212336640
13:43:53 ERROR /home/bsc03/bsc03353/forge/src/dispatcher/posix.c:62 139916939826944: single write -1 of expected 524288
13:43:53 ERROR /home/bsc03/bsc03353/forge/src/dispatcher/posix.c:61 139901907412736: r->filehandle = 36, r->size = 524288, r->offset = 207618048
13:43:53 ERROR /home/bsc03/bsc03353/forge/src/dispatcher/posix.c:62 139901907412736: single write -1 of expected 524288
13:43:56 ERROR /home/bsc03/bsc03353/forge/src/dispatcher/posix.c:61 140117925525248: r->filehandle = 36, r->size = 524288, r->offset = 298319872
13:43:56 ERROR /home/bsc03/bsc03353/forge/src/dispatcher/posix.c:62 140117925525248: single write -1 of expected 524288
13:44:01 ERROR /home/bsc03/bsc03353/forge/src/dispatcher/posix.c:61 140415434839808: r->filehandle = 36, r->size = 524288, r->offset = 338165760
13:44:01 ERROR /home/bsc03/bsc03353/forge/src/dispatcher/posix.c:62 140415434839808: single write -1 of expected 524288
13:44:04 ERROR /home/bsc03/bsc03353/forge/src/dispatcher/posix.c:61 139609112291072: r->filehandle = 36, r->size = 524288, r->offset = 354418688
13:44:04 ERROR /home/bsc03/bsc03353/forge/src/dispatcher/posix.c:62 139609112291072: single write -1 of expected 524288
13:44:09 ERROR /home/bsc03/bsc03353/forge/src/dispatcher/posix.c:61 140398254937856: r->filehandle = 36, r->size = 524288, r->offset = 336592896
13:44:09 ERROR /home/bsc03/bsc03353/forge/src/dispatcher/posix.c:62 140398254937856: single write -1 of expected 524288
13:44:10 ERROR /home/bsc03/bsc03353/forge/src/dispatcher/posix.c:61 139906202388224: r->filehandle = 36, r->size = 524288, r->offset = 232783872
13:44:10 ERROR /home/bsc03/bsc03353/forge/src/dispatcher/posix.c:62 139906202388224: single write -1 of expected 524288
13:44:14 ERROR /home/bsc03/bsc03353/forge/src/dispatcher/posix.c:61 140650966624000: r->filehandle = 36, r->size = 524288, r->offset = 132120576
13:44:14 ERROR /home/bsc03/bsc03353/forge/src/dispatcher/posix.c:62 140650966624000: single write -1 of expected 524288
13:44:18 ERROR /home/bsc03/bsc03353/forge/src/dispatcher/posix.c:61 140678883964672: r->filehandle = 36, r->size = 524288, r->offset = 119537664
13:44:18 ERROR /home/bsc03/bsc03353/forge/src/dispatcher/posix.c:62 140678883964672: single write -1 of expected 524288
13:44:23 ERROR /home/bsc03/bsc03353/forge/src/dispatcher/posix.c:61 140676736476928: r->filehandle = 36, r->size = 524288, r->offset = 133169152
13:44:23 ERROR /home/bsc03/bsc03353/forge/src/dispatcher/posix.c:62 140676736476928: single write -1 of expected 524288
13:44:23 ERROR /home/bsc03/bsc03353/forge/src/dispatcher/posix.c:61 140482794518272: r->filehandle = 36, r->size = 524288, r->offset = 98566144
13:44:23 ERROR /home/bsc03/bsc03353/forge/src/dispatcher/posix.c:62 140482794518272: single write -1 of expected 524288
13:44:27 ERROR /home/bsc03/bsc03353/forge/src/dispatcher/posix.c:61 139917024769792: r->filehandle = 36, r->size = 524288, r->offset = 170393600
13:44:27 ERROR /home/bsc03/bsc03353/forge/src/dispatcher/posix.c:62 139917024769792: single write -1 of expected 524288
13:44:30 ERROR /home/bsc03/bsc03353/forge/src/dispatcher/posix.c:61 139906287331072: r->filehandle = 36, r->size = 524288, r->offset = 174063616
13:44:30 ERROR /home/bsc03/bsc03353/forge/src/dispatcher/posix.c:62 139906287331072: single write -1 of expected 524288
13:44:33 ERROR /home/bsc03/bsc03353/forge/src/dispatcher/posix.c:61 139912729794304: r->filehandle = 36, r->size = 524288, r->offset = 169869312
13:44:33 ERROR /home/bsc03/bsc03353/forge/src/dispatcher/posix.c:62 139912729794304: single write -1 of expected 524288
13:44:36 ERROR /home/bsc03/bsc03353/forge/src/dispatcher/posix.c:61 139904139843328: r->filehandle = 36, r->size = 524288, r->offset = 175112192
13:44:36 ERROR /home/bsc03/bsc03353/forge/src/dispatcher/posix.c:62 139904139843328: single write -1 of expected 524288
13:44:41 ERROR /home/bsc03/bsc03353/forge/src/dispatcher/posix.c:61 139762636969728: r->filehandle = 35, r->size = 524288, r->offset = 21495808
13:44:41 ERROR /home/bsc03/bsc03353/forge/src/dispatcher/posix.c:62 139762636969728: single write -1 of expected 524288
13:44:43 ERROR /home/bsc03/bsc03353/forge/src/dispatcher/posix.c:61 139777669383936: r->filehandle = 35, r->size = 524288, r->offset = 3670016
13:44:43 ERROR /home/bsc03/bsc03353/forge/src/dispatcher/posix.c:62 139777669383936: single write -1 of expected 524288
13:44:44 ERROR /home/bsc03/bsc03353/forge/src/dispatcher/posix.c:61 139766931945216: r->filehandle = 35, r->size = 524288, r->offset = 524288
13:44:44 ERROR /home/bsc03/bsc03353/forge/src/dispatcher/posix.c:62 139766931945216: single write -1 of expected 524288
13:44:47 ERROR /home/bsc03/bsc03353/forge/src/dispatcher/posix.c:61 139773374408448: r->filehandle = 35, r->size = 524288, r->offset = 4718592
13:44:47 ERROR /home/bsc03/bsc03353/forge/src/dispatcher/posix.c:62 139773374408448: single write -1 of expected 524288
13:44:48 ERROR /home/bsc03/bsc03353/forge/src/dispatcher/posix.c:61 139754047018752: r->filehandle = 35, r->size = 524288, r->offset = 16252928
13:44:48 ERROR /home/bsc03/bsc03353/forge/src/dispatcher/posix.c:62 139754047018752: single write -1 of expected 524288
13:44:59 ERROR /home/bsc03/bsc03353/forge/src/dispatcher/posix.c:61 139760489481984: r->filehandle = 35, r->size = 524288, r->offset = 17825792
13:44:59 ERROR /home/bsc03/bsc03353/forge/src/dispatcher/posix.c:62 139760489481984: single write -1 of expected 524288
13:45:02 ERROR /home/bsc03/bsc03353/forge/src/dispatcher/posix.c:61 139781964359424: r->filehandle = 35, r->size = 524288, r->offset = 29884416
13:45:02 ERROR /home/bsc03/bsc03353/forge/src/dispatcher/posix.c:62 139781964359424: single write -1 of expected 524288
13:45:04 ERROR /home/bsc03/bsc03353/forge/src/dispatcher/posix.c:61 139779816871680: r->filehandle = 35, r->size = 524288, r->offset = 23068672
13:45:04 ERROR /home/bsc03/bsc03353/forge/src/dispatcher/posix.c:62 139779816871680: single write -1 of expected 524288
13:45:05 ERROR /home/bsc03/bsc03353/forge/src/dispatcher/posix.c:61 139775521896192: r->filehandle = 35, r->size = 524288, r->offset = 19922944
13:45:05 ERROR /home/bsc03/bsc03353/forge/src/dispatcher/posix.c:62 139775521896192: single write -1 of expected 524288
13:45:09 ERROR /home/bsc03/bsc03353/forge/src/dispatcher/posix.c:61 139756194506496: r->filehandle = 35, r->size = 524288, r->offset = 18874368
13:45:09 ERROR /home/bsc03/bsc03353/forge/src/dispatcher/posix.c:62 139756194506496: single write -1 of expected 524288
13:45:12 ERROR /home/bsc03/bsc03353/forge/src/dispatcher/posix.c:61 140659556574976: r->filehandle = 36, r->size = 524288, r->offset = 143130624
13:45:12 ERROR /home/bsc03/bsc03353/forge/src/dispatcher/posix.c:62 140659556574976: single write -1 of expected 524288
13:45:14 ERROR /home/bsc03/bsc03353/forge/src/dispatcher/posix.c:61 140132957939456: r->filehandle = 36, r->size = 524288, r->offset = 300941312
13:45:14 ERROR /home/bsc03/bsc03353/forge/src/dispatcher/posix.c:62 140132957939456: single write -1 of expected 524288
13:45:15 ERROR /home/bsc03/bsc03353/forge/src/dispatcher/posix.c:61 140130810451712: r->filehandle = 36, r->size = 524288, r->offset = 299892736
13:45:15 ERROR /home/bsc03/bsc03353/forge/src/dispatcher/posix.c:62 140130810451712: single write -1 of expected 524288
13:45:16 ERROR /home/bsc03/bsc03353/forge/src/dispatcher/posix.c:61 140137252914944: r->filehandle = 36, r->size = 524288, r->offset = 286261248
13:45:16 ERROR /home/bsc03/bsc03353/forge/src/dispatcher/posix.c:62 140137252914944: single write -1 of expected 524288
13:45:18 ERROR /home/bsc03/bsc03353/forge/src/dispatcher/posix.c:61 140406844888832: r->filehandle = 36, r->size = 524288, r->offset = 342884352
13:45:18 ERROR /home/bsc03/bsc03353/forge/src/dispatcher/posix.c:62 140406844888832: single write -1 of expected 524288
13:45:18 ERROR /home/bsc03/bsc03353/forge/src/dispatcher/posix.c:61 139919172257536: r->filehandle = 36, r->size = 524288, r->offset = 200278016
13:45:18 ERROR /home/bsc03/bsc03353/forge/src/dispatcher/posix.c:62 139919172257536: single write -1 of expected 524288
13:45:21 ERROR /home/bsc03/bsc03353/forge/src/dispatcher/posix.c:61 139604817315584: r->filehandle = 36, r->size = 524288, r->offset = 367525888
13:45:21 ERROR /home/bsc03/bsc03353/forge/src/dispatcher/posix.c:62 139604817315584: single write -1 of expected 524288
13:45:26 ERROR /home/bsc03/bsc03353/forge/src/dispatcher/posix.c:61 139912644851456: r->filehandle = 36, r->size = 524288, r->offset = 204472320
13:45:26 ERROR /home/bsc03/bsc03353/forge/src/dispatcher/posix.c:62 139912644851456: single write -1 of expected 524288
13:45:31 ERROR /home/bsc03/bsc03353/forge/src/dispatcher/posix.c:61 139910497363712: r->filehandle = 36, r->size = 524288, r->offset = 235929600
13:45:31 ERROR /home/bsc03/bsc03353/forge/src/dispatcher/posix.c:62 139910497363712: single write -1 of expected 524288
13:45:34 ERROR /home/bsc03/bsc03353/forge/src/dispatcher/posix.c:61 139904054900480: r->filehandle = 36, r->size = 524288, r->offset = 241172480
13:45:34 ERROR /home/bsc03/bsc03353/forge/src/dispatcher/posix.c:62 139904054900480: single write -1 of expected 524288
13:45:38 ERROR /home/bsc03/bsc03353/forge/src/dispatcher/posix.c:61 139895464949504: r->filehandle = 36, r->size = 524288, r->offset = 248512512
13:45:38 ERROR /home/bsc03/bsc03353/forge/src/dispatcher/posix.c:62 139895464949504: single write -1 of expected 524288
13:45:39 ERROR /home/bsc03/bsc03353/forge/src/dispatcher/posix.c:61 139919087314688: r->filehandle = 36, r->size = 524288, r->offset = 249561088
13:45:39 ERROR /home/bsc03/bsc03353/forge/src/dispatcher/posix.c:62 139919087314688: single write -1 of expected 524288
13:45:43 ERROR /home/bsc03/bsc03353/forge/src/dispatcher/posix.c:61 139923382290176: r->filehandle = 36, r->size = 524288, r->offset = 233832448
13:45:43 ERROR /home/bsc03/bsc03353/forge/src/dispatcher/posix.c:62 139923382290176: single write -1 of expected 524288
13:45:47 ERROR /home/bsc03/bsc03353/forge/src/dispatcher/posix.c:61 139916939826944: r->filehandle = 36, r->size = 524288, r->offset = 237502464
13:45:47 ERROR /home/bsc03/bsc03353/forge/src/dispatcher/posix.c:62 139916939826944: single write -1 of expected 524288
13:45:50 ERROR /home/bsc03/bsc03353/forge/src/dispatcher/posix.c:61 139899759924992: r->filehandle = 36, r->size = 524288, r->offset = 238026752
13:45:50 ERROR /home/bsc03/bsc03353/forge/src/dispatcher/posix.c:62 139899759924992: single write -1 of expected 524288
13:45:56 ERROR /home/bsc03/bsc03353/forge/src/dispatcher/posix.c:61 139908349875968: r->filehandle = 36, r->size = 524288, r->offset = 220725248
13:45:56 ERROR /home/bsc03/bsc03353/forge/src/dispatcher/posix.c:62 139908349875968: single write -1 of expected 524288
13:45:59 ERROR /home/bsc03/bsc03353/forge/src/dispatcher/posix.c:61 139897612437248: r->filehandle = 36, r->size = 524288, r->offset = 250609664
13:45:59 ERROR /home/bsc03/bsc03353/forge/src/dispatcher/posix.c:62 139897612437248: single write -1 of expected 524288
13:46:01 ERROR /home/bsc03/bsc03353/forge/src/dispatcher/posix.c:61 139901907412736: r->filehandle = 36, r->size = 524288, r->offset = 241696768
13:46:01 ERROR /home/bsc03/bsc03353/forge/src/dispatcher/posix.c:62 139901907412736: single write -1 of expected 524288
13:46:04 ERROR /home/bsc03/bsc03353/forge/src/dispatcher/posix.c:61 139921234802432: r->filehandle = 36, r->size = 524288, r->offset = 223870976
13:46:04 ERROR /home/bsc03/bsc03353/forge/src/dispatcher/posix.c:62 139921234802432: single write -1 of expected 524288
13:46:06 ERROR /home/bsc03/bsc03353/forge/src/dispatcher/posix.c:61 139891169974016: r->filehandle = 36, r->size = 524288, r->offset = 214958080
13:46:06 ERROR /home/bsc03/bsc03353/forge/src/dispatcher/posix.c:62 139891169974016: single write -1 of expected 524288
13:46:09 ERROR /home/bsc03/bsc03353/forge/src/dispatcher/posix.c:61 139906202388224: r->filehandle = 36, r->size = 524288, r->offset = 213385216
13:46:09 ERROR /home/bsc03/bsc03353/forge/src/dispatcher/posix.c:62 139906202388224: single write -1 of expected 524288
13:46:25 ERROR /home/bsc03/bsc03353/forge/src/dispatcher/posix.c:61 139914792339200: r->filehandle = 36, r->size = 524288, r->offset = 204996608
13:46:25 ERROR /home/bsc03/bsc03353/forge/src/dispatcher/posix.c:62 139914792339200: single write -1 of expected 524288
13:46:27 ERROR /home/bsc03/bsc03353/forge/src/dispatcher/posix.c:61 139893317461760: r->filehandle = 36, r->size = 524288, r->offset = 206569472
13:46:27 ERROR /home/bsc03/bsc03353/forge/src/dispatcher/posix.c:62 139893317461760: single write -1 of expected 524288
13:46:33 ERROR /home/bsc03/bsc03353/forge/src/dispatcher/posix.c:61 140139400402688: r->filehandle = 36, r->size = 524288, r->offset = 283639808
13:46:33 ERROR /home/bsc03/bsc03353/forge/src/dispatcher/posix.c:62 140139400402688: single write -1 of expected 524288
13:46:34 ERROR /home/bsc03/bsc03353/forge/src/dispatcher/posix.c:61 140487089493760: r->filehandle = 36, r->size = 524288, r->offset = 78118912
13:46:34 ERROR /home/bsc03/bsc03353/forge/src/dispatcher/posix.c:62 140487089493760: single write -1 of expected 524288
13:46:35 ERROR /home/bsc03/bsc03353/forge/src/dispatcher/posix.c:61 140467762104064: r->filehandle = 36, r->size = 524288, r->offset = 69206016
13:46:35 ERROR /home/bsc03/bsc03353/forge/src/dispatcher/posix.c:62 140467762104064: single write -1 of expected 524288
13:46:37 ERROR /home/bsc03/bsc03353/forge/src/dispatcher/posix.c:61 139751899531008: r->filehandle = 35, r->size = 524288, r->offset = 7340032
13:46:37 ERROR /home/bsc03/bsc03353/forge/src/dispatcher/posix.c:62 139751899531008: single write -1 of expected 524288
13:46:38 ERROR /home/bsc03/bsc03353/forge/src/dispatcher/posix.c:61 139754047018752: r->filehandle = 35, r->size = 524288, r->offset = 32505856
13:46:38 ERROR /home/bsc03/bsc03353/forge/src/dispatcher/posix.c:62 139754047018752: single write -1 of expected 524288
13:46:39 ERROR /home/bsc03/bsc03353/forge/src/dispatcher/posix.c:61 140653114111744: r->filehandle = 36, r->size = 524288, r->offset = 149946368
13:46:39 ERROR /home/bsc03/bsc03353/forge/src/dispatcher/posix.c:62 140653114111744: single write -1 of expected 524288
13:46:41 ERROR /home/bsc03/bsc03353/forge/src/dispatcher/posix.c:61 140655261599488: r->filehandle = 36, r->size = 524288, r->offset = 106954752
13:46:41 ERROR /home/bsc03/bsc03353/forge/src/dispatcher/posix.c:62 140655261599488: single write -1 of expected 524288
13:46:44 ERROR /home/bsc03/bsc03353/forge/src/dispatcher/posix.c:61 140657409087232: r->filehandle = 36, r->size = 524288, r->offset = 146276352
13:46:44 ERROR /home/bsc03/bsc03353/forge/src/dispatcher/posix.c:62 140657409087232: single write -1 of expected 524288
13:46:52 ERROR /home/bsc03/bsc03353/forge/src/dispatcher/posix.c:61 140668146525952: r->filehandle = 36, r->size = 524288, r->offset = 135790592
13:46:52 ERROR /home/bsc03/bsc03353/forge/src/dispatcher/posix.c:62 140668146525952: single write -1 of expected 524288
13:46:53 ERROR /home/bsc03/bsc03353/forge/src/dispatcher/posix.c:61 140424024790784: r->filehandle = 36, r->size = 524288, r->offset = 342360064
13:46:53 ERROR /home/bsc03/bsc03353/forge/src/dispatcher/posix.c:62 140424024790784: single write -1 of expected 524288
13:46:54 ERROR /home/bsc03/bsc03353/forge/src/dispatcher/posix.c:61 139912729794304: r->filehandle = 36, r->size = 524288, r->offset = 152043520
13:46:54 ERROR /home/bsc03/bsc03353/forge/src/dispatcher/posix.c:62 139912729794304: single write -1 of expected 524288
13:46:58 ERROR /home/bsc03/bsc03353/forge/src/dispatcher/posix.c:61 139906287331072: r->filehandle = 36, r->size = 524288, r->offset = 180879360
13:46:58 ERROR /home/bsc03/bsc03353/forge/src/dispatcher/posix.c:62 139906287331072: single write -1 of expected 524288
slurmstepd: error: *** JOB 8737428 ON s03r1b51 CANCELLED AT 2020-02-07T13:46:58 DUE TO TIME LIMIT ***
--------------------------------------------------------------------------
ORTE has lost communication with a remote daemon.

  HNP daemon   : [[25019,0],0] on node s03r1b51
  Remote daemon: [[25019,0],6] on node s03r1b63

This is usually due to either a failure of the TCP network
connection to the node, or possibly an internal failure of
the daemon itself. We cannot recover from this failure, and
therefore will terminate the job.
--------------------------------------------------------------------------
