Set GCC compilers as MPI wrappers backend 
remove impi/2017.4 (PATH, MANPATH, LD_LIBRARY_PATH) 
load openmpi/4.0.2_UCX (PATH, MANPATH, LD_LIBRARY_PATH) 
Set GCC compilers as MPI wrappers backend 
load gsl/2.4 (PATH, LD_LIBRARY_PATH, LIBRARY_PATH, MANPATH, INFOPATH,
C_INCLUDE_PATH, CPLUS_INCLUDE_PATH, PKG_CONFIG_PATH, GSL_DIR) 
07:35:18 INFO  /home/bsc03/bsc03353/forge/src/main.c:107 140637368227904: I/O Forwarding Exploration [START]
Will AGIOS generate trace files? NO
Default scheduling algorithm: TO
TWINS window size: 1000000
Will the Prediction Module read information from trace files? NO
File with access time functions: /home/bsc03/bsc03353/forge/agios/access_times.func
AGIOS thinks its user has stripe size of 32768
Will AGIOS generate trace files? NO
Default scheduling algorithm: TO
TWINS window size: 1000000
Will the Prediction Module read information from trace files? NO
File with access time functions: /home/bsc03/bsc03353/forge/agios/access_times.func
AGIOS thinks its user has stripe size of 32768
07:35:28 ERROR /home/bsc03/bsc03353/forge/src/dispatcher/posix.c:61 140090120746752: r->filehandle = 36, r->size = 6291456, r->offset = 95265226752
07:35:28 ERROR /home/bsc03/bsc03353/forge/src/dispatcher/posix.c:62 140090120746752: single write -1 of expected 6291456
07:35:29 ERROR /home/bsc03/bsc03353/forge/src/dispatcher/posix.c:61 140087973259008: r->filehandle = 36, r->size = 6291456, r->offset = 87444946944
07:35:29 ERROR /home/bsc03/bsc03353/forge/src/dispatcher/posix.c:62 140087973259008: single write -1 of expected 6291456
07:35:34 ERROR /home/bsc03/bsc03353/forge/src/dispatcher/posix.c:61 140072940844800: r->filehandle = 36, r->size = 6291456, r->offset = 123702607872
07:35:34 ERROR /home/bsc03/bsc03353/forge/src/dispatcher/posix.c:62 140072940844800: single write -1 of expected 6291456
07:35:41 ERROR /home/bsc03/bsc03353/forge/src/dispatcher/posix.c:61 140081530795776: r->filehandle = 36, r->size = 6291456, r->offset = 106640179200
07:35:41 ERROR /home/bsc03/bsc03353/forge/src/dispatcher/posix.c:62 140081530795776: single write -1 of expected 6291456
07:35:45 ERROR /home/bsc03/bsc03353/forge/src/dispatcher/posix.c:61 140630242912000: r->filehandle = 35, r->size = 6291456, r->offset = 3554672640
07:35:45 ERROR /home/bsc03/bsc03353/forge/src/dispatcher/posix.c:62 140630242912000: single write -1 of expected 6291456
07:35:48 ERROR /home/bsc03/bsc03353/forge/src/dispatcher/posix.c:61 140094415722240: r->filehandle = 36, r->size = 6291456, r->offset = 114460459008
07:35:48 ERROR /home/bsc03/bsc03353/forge/src/dispatcher/posix.c:62 140094415722240: single write -1 of expected 6291456
07:35:52 ERROR /home/bsc03/bsc03353/forge/src/dispatcher/posix.c:61 140087973259008: r->filehandle = 36, r->size = 6291456, r->offset = 127257280512
07:35:52 ERROR /home/bsc03/bsc03353/forge/src/dispatcher/posix.c:62 140087973259008: single write -1 of expected 6291456
07:35:53 ERROR /home/bsc03/bsc03353/forge/src/dispatcher/posix.c:61 140083678283520: r->filehandle = 36, r->size = 6291456, r->offset = 127968215040
07:35:53 ERROR /home/bsc03/bsc03353/forge/src/dispatcher/posix.c:62 140083678283520: single write -1 of expected 6291456
07:35:53 ERROR /home/bsc03/bsc03353/forge/src/dispatcher/posix.c:61 140617357985536: r->filehandle = 35, r->size = 6291456, r->offset = 13507756032
07:35:53 ERROR /home/bsc03/bsc03353/forge/src/dispatcher/posix.c:62 140617357985536: single write -1 of expected 6291456
07:35:55 ERROR /home/bsc03/bsc03353/forge/src/dispatcher/posix.c:61 140070793357056: r->filehandle = 36, r->size = 6291456, r->offset = 104507375616
07:35:55 ERROR /home/bsc03/bsc03353/forge/src/dispatcher/posix.c:62 140070793357056: single write -1 of expected 6291456
07:35:56 ERROR /home/bsc03/bsc03353/forge/src/dispatcher/posix.c:61 140077235820288: r->filehandle = 36, r->size = 6291456, r->offset = 93132423168
07:35:56 ERROR /home/bsc03/bsc03353/forge/src/dispatcher/posix.c:62 140077235820288: single write -1 of expected 6291456
07:35:57 ERROR /home/bsc03/bsc03353/forge/src/dispatcher/posix.c:61 140064350893824: r->filehandle = 36, r->size = 6291456, r->offset = 121569804288
07:35:57 ERROR /home/bsc03/bsc03353/forge/src/dispatcher/posix.c:62 140064350893824: single write -1 of expected 6291456
07:35:59 ERROR /home/bsc03/bsc03353/forge/src/dispatcher/posix.c:61 140072940844800: r->filehandle = 36, r->size = 6291456, r->offset = 112327655424
07:35:59 ERROR /home/bsc03/bsc03353/forge/src/dispatcher/posix.c:62 140072940844800: single write -1 of expected 6291456
07:36:00 ERROR /home/bsc03/bsc03353/forge/src/dispatcher/posix.c:61 140066498381568: r->filehandle = 36, r->size = 6291456, r->offset = 134366625792
07:36:00 ERROR /home/bsc03/bsc03353/forge/src/dispatcher/posix.c:62 140066498381568: single write -1 of expected 6291456
07:36:03 ERROR /home/bsc03/bsc03353/forge/src/dispatcher/posix.c:61 140090120746752: r->filehandle = 36, r->size = 6291456, r->offset = 122280738816
07:36:03 ERROR /home/bsc03/bsc03353/forge/src/dispatcher/posix.c:62 140090120746752: single write -1 of expected 6291456
07:36:04 ERROR /home/bsc03/bsc03353/forge/src/dispatcher/posix.c:61 140081530795776: r->filehandle = 36, r->size = 6291456, r->offset = 110194851840
07:36:04 ERROR /home/bsc03/bsc03353/forge/src/dispatcher/posix.c:62 140081530795776: single write -1 of expected 6291456
07:36:05 ERROR /home/bsc03/bsc03353/forge/src/dispatcher/posix.c:61 140068645869312: r->filehandle = 36, r->size = 6291456, r->offset = 111616720896
07:36:05 ERROR /home/bsc03/bsc03353/forge/src/dispatcher/posix.c:62 140068645869312: single write -1 of expected 6291456
07:36:08 ERROR /home/bsc03/bsc03353/forge/src/dispatcher/posix.c:61 140085825771264: r->filehandle = 36, r->size = 6291456, r->offset = 80335601664
07:36:08 ERROR /home/bsc03/bsc03353/forge/src/dispatcher/posix.c:62 140085825771264: single write -1 of expected 6291456
07:36:11 ERROR /home/bsc03/bsc03353/forge/src/dispatcher/posix.c:61 140075088332544: r->filehandle = 36, r->size = 6291456, r->offset = 133655691264
07:36:11 ERROR /home/bsc03/bsc03353/forge/src/dispatcher/posix.c:62 140075088332544: single write -1 of expected 6291456
07:36:13 ERROR /home/bsc03/bsc03353/forge/src/dispatcher/posix.c:61 140096563209984: r->filehandle = 36, r->size = 6291456, r->offset = 71804387328
07:36:13 ERROR /home/bsc03/bsc03353/forge/src/dispatcher/posix.c:62 140096563209984: single write -1 of expected 6291456
07:36:16 ERROR /home/bsc03/bsc03353/forge/src/dispatcher/posix.c:61 140092268234496: r->filehandle = 36, r->size = 6291456, r->offset = 86023077888
07:36:16 ERROR /home/bsc03/bsc03353/forge/src/dispatcher/posix.c:62 140092268234496: single write -1 of expected 6291456
07:36:19 ERROR /home/bsc03/bsc03353/forge/src/dispatcher/posix.c:61 140079383308032: r->filehandle = 36, r->size = 6291456, r->offset = 99530833920
07:36:19 ERROR /home/bsc03/bsc03353/forge/src/dispatcher/posix.c:62 140079383308032: single write -1 of expected 6291456
07:36:20 ERROR /home/bsc03/bsc03353/forge/src/dispatcher/posix.c:61 140628095424256: r->filehandle = 35, r->size = 6291456, r->offset = 38390464512
07:36:20 ERROR /home/bsc03/bsc03353/forge/src/dispatcher/posix.c:62 140628095424256: single write -1 of expected 6291456
07:36:21 ERROR /home/bsc03/bsc03353/forge/src/dispatcher/posix.c:61 140077235820288: r->filehandle = 36, r->size = 6291456, r->offset = 77491863552
07:36:21 ERROR /home/bsc03/bsc03353/forge/src/dispatcher/posix.c:62 140077235820288: single write -1 of expected 6291456
07:36:22 ERROR /home/bsc03/bsc03353/forge/src/dispatcher/posix.c:61 140623800448768: r->filehandle = 35, r->size = 6291456, r->offset = 1421869056
07:36:22 ERROR /home/bsc03/bsc03353/forge/src/dispatcher/posix.c:62 140623800448768: single write -1 of expected 6291456
07:36:28 ERROR /home/bsc03/bsc03353/forge/src/dispatcher/posix.c:61 140615210497792: r->filehandle = 35, r->size = 6291456, r->offset = 53320089600
07:36:28 ERROR /home/bsc03/bsc03353/forge/src/dispatcher/posix.c:62 140615210497792: single write -1 of expected 6291456
07:36:29 ERROR /home/bsc03/bsc03353/forge/src/dispatcher/posix.c:61 140623800448768: r->filehandle = 35, r->size = 6291456, r->offset = 67538780160
07:36:29 ERROR /home/bsc03/bsc03353/forge/src/dispatcher/posix.c:62 140623800448768: single write -1 of expected 6291456
07:36:36 ERROR /home/bsc03/bsc03353/forge/src/dispatcher/posix.c:61 140072940844800: r->filehandle = 36, r->size = 6291456, r->offset = 89577750528
07:36:36 ERROR /home/bsc03/bsc03353/forge/src/dispatcher/posix.c:62 140072940844800: single write -1 of expected 6291456
07:36:36 ERROR /home/bsc03/bsc03353/forge/src/dispatcher/posix.c:61 140628095424256: r->filehandle = 35, r->size = 6291456, r->offset = 21328035840
07:36:36 ERROR /home/bsc03/bsc03353/forge/src/dispatcher/posix.c:62 140628095424256: single write -1 of expected 6291456
07:36:37 ERROR /home/bsc03/bsc03353/forge/src/dispatcher/posix.c:61 140066498381568: r->filehandle = 36, r->size = 6291456, r->offset = 76780929024
07:36:37 ERROR /home/bsc03/bsc03353/forge/src/dispatcher/posix.c:62 140066498381568: single write -1 of expected 6291456
07:36:38 ERROR /home/bsc03/bsc03353/forge/src/dispatcher/posix.c:61 140610915522304: r->filehandle = 35, r->size = 6291456, r->offset = 32702988288
07:36:38 ERROR /home/bsc03/bsc03353/forge/src/dispatcher/posix.c:62 140610915522304: single write -1 of expected 6291456
07:36:41 ERROR /home/bsc03/bsc03353/forge/src/dispatcher/posix.c:61 140604473059072: r->filehandle = 35, r->size = 6291456, r->offset = 42656071680
07:36:41 ERROR /home/bsc03/bsc03353/forge/src/dispatcher/posix.c:62 140604473059072: single write -1 of expected 6291456
07:36:41 ERROR /home/bsc03/bsc03353/forge/src/dispatcher/posix.c:61 140630242912000: r->filehandle = 35, r->size = 6291456, r->offset = 63273172992
07:36:41 ERROR /home/bsc03/bsc03353/forge/src/dispatcher/posix.c:62 140630242912000: single write -1 of expected 6291456
07:36:43 ERROR /home/bsc03/bsc03353/forge/src/dispatcher/posix.c:61 140075088332544: r->filehandle = 36, r->size = 6291456, r->offset = 105218310144
07:36:43 ERROR /home/bsc03/bsc03353/forge/src/dispatcher/posix.c:62 140075088332544: single write -1 of expected 6291456
07:36:43 ERROR /home/bsc03/bsc03353/forge/src/dispatcher/posix.c:61 140064350893824: r->filehandle = 36, r->size = 6291456, r->offset = 81757470720
07:36:43 ERROR /home/bsc03/bsc03353/forge/src/dispatcher/posix.c:62 140064350893824: single write -1 of expected 6291456
07:36:44 ERROR /home/bsc03/bsc03353/forge/src/dispatcher/posix.c:61 140070793357056: r->filehandle = 36, r->size = 6291456, r->offset = 75359059968
07:36:44 ERROR /home/bsc03/bsc03353/forge/src/dispatcher/posix.c:62 140070793357056: single write -1 of expected 6291456
07:36:45 ERROR /home/bsc03/bsc03353/forge/src/dispatcher/posix.c:61 140083678283520: r->filehandle = 36, r->size = 6291456, r->offset = 93843357696
07:36:45 ERROR /home/bsc03/bsc03353/forge/src/dispatcher/posix.c:62 140083678283520: single write -1 of expected 6291456
07:36:49 ERROR /home/bsc03/bsc03353/forge/src/dispatcher/posix.c:61 140079383308032: r->filehandle = 36, r->size = 6291456, r->offset = 79624667136
07:36:49 ERROR /home/bsc03/bsc03353/forge/src/dispatcher/posix.c:62 140079383308032: single write -1 of expected 6291456
07:36:51 ERROR /home/bsc03/bsc03353/forge/src/dispatcher/posix.c:61 140087973259008: r->filehandle = 36, r->size = 6291456, r->offset = 126546345984
07:36:51 ERROR /home/bsc03/bsc03353/forge/src/dispatcher/posix.c:62 140087973259008: single write -1 of expected 6291456
07:36:52 ERROR /home/bsc03/bsc03353/forge/src/dispatcher/posix.c:61 140628095424256: r->filehandle = 35, r->size = 6291456, r->offset = 27015512064
07:36:52 ERROR /home/bsc03/bsc03353/forge/src/dispatcher/posix.c:62 140628095424256: single write -1 of expected 6291456
07:36:52 ERROR /home/bsc03/bsc03353/forge/src/dispatcher/posix.c:61 140081530795776: r->filehandle = 36, r->size = 6291456, r->offset = 78202798080
07:36:52 ERROR /home/bsc03/bsc03353/forge/src/dispatcher/posix.c:62 140081530795776: single write -1 of expected 6291456
07:36:53 ERROR /home/bsc03/bsc03353/forge/src/dispatcher/posix.c:61 140068645869312: r->filehandle = 36, r->size = 6291456, r->offset = 116593262592
07:36:53 ERROR /home/bsc03/bsc03353/forge/src/dispatcher/posix.c:62 140068645869312: single write -1 of expected 6291456
07:36:58 ERROR /home/bsc03/bsc03353/forge/src/dispatcher/posix.c:61 140598030595840: r->filehandle = 35, r->size = 6291456, r->offset = 54741958656
07:36:58 ERROR /home/bsc03/bsc03353/forge/src/dispatcher/posix.c:62 140598030595840: single write -1 of expected 6291456
07:36:59 ERROR /home/bsc03/bsc03353/forge/src/dispatcher/posix.c:61 140075088332544: r->filehandle = 36, r->size = 6291456, r->offset = 130101018624
07:36:59 ERROR /home/bsc03/bsc03353/forge/src/dispatcher/posix.c:62 140075088332544: single write -1 of expected 6291456
07:37:00 ERROR /home/bsc03/bsc03353/forge/src/dispatcher/posix.c:61 140608768034560: r->filehandle = 35, r->size = 6291456, r->offset = 66827845632
07:37:00 ERROR /home/bsc03/bsc03353/forge/src/dispatcher/posix.c:62 140608768034560: single write -1 of expected 6291456
07:37:00 ERROR /home/bsc03/bsc03353/forge/src/dispatcher/posix.c:61 140096563209984: r->filehandle = 36, r->size = 6291456, r->offset = 90999619584
07:37:00 ERROR /home/bsc03/bsc03353/forge/src/dispatcher/posix.c:62 140096563209984: single write -1 of expected 6291456
07:37:01 ERROR /home/bsc03/bsc03353/forge/src/dispatcher/posix.c:61 140602325571328: r->filehandle = 35, r->size = 6291456, r->offset = 15640559616
07:37:01 ERROR /home/bsc03/bsc03353/forge/src/dispatcher/posix.c:62 140602325571328: single write -1 of expected 6291456
07:37:03 ERROR /home/bsc03/bsc03353/forge/src/dispatcher/posix.c:61 140094415722240: r->filehandle = 36, r->size = 6291456, r->offset = 122991673344
07:37:03 ERROR /home/bsc03/bsc03353/forge/src/dispatcher/posix.c:62 140094415722240: single write -1 of expected 6291456
07:37:04 ERROR /home/bsc03/bsc03353/forge/src/dispatcher/posix.c:61 140066498381568: r->filehandle = 36, r->size = 6291456, r->offset = 71093452800
07:37:04 ERROR /home/bsc03/bsc03353/forge/src/dispatcher/posix.c:62 140066498381568: single write -1 of expected 6291456
07:37:05 ERROR /home/bsc03/bsc03353/forge/src/dispatcher/posix.c:61 140619505473280: r->filehandle = 35, r->size = 6291456, r->offset = 20617101312
07:37:05 ERROR /home/bsc03/bsc03353/forge/src/dispatcher/posix.c:62 140619505473280: single write -1 of expected 6291456
07:37:07 ERROR /home/bsc03/bsc03353/forge/src/dispatcher/posix.c:61 140064350893824: r->filehandle = 36, r->size = 6291456, r->offset = 81046536192
07:37:07 ERROR /home/bsc03/bsc03353/forge/src/dispatcher/posix.c:62 140064350893824: single write -1 of expected 6291456
07:37:08 ERROR /home/bsc03/bsc03353/forge/src/dispatcher/posix.c:61 140090120746752: r->filehandle = 36, r->size = 6291456, r->offset = 74648125440
07:37:08 ERROR /home/bsc03/bsc03353/forge/src/dispatcher/posix.c:62 140090120746752: single write -1 of expected 6291456
07:37:18 ERROR /home/bsc03/bsc03353/forge/src/dispatcher/posix.c:61 140606620546816: r->filehandle = 35, r->size = 6291456, r->offset = 65405976576
07:37:18 ERROR /home/bsc03/bsc03353/forge/src/dispatcher/posix.c:62 140606620546816: single write -1 of expected 6291456
07:37:21 ERROR /home/bsc03/bsc03353/forge/src/dispatcher/posix.c:61 140087973259008: r->filehandle = 36, r->size = 6291456, r->offset = 115882328064
07:37:21 ERROR /home/bsc03/bsc03353/forge/src/dispatcher/posix.c:62 140087973259008: single write -1 of expected 6291456
07:37:23 ERROR /home/bsc03/bsc03353/forge/src/dispatcher/posix.c:61 140623800448768: r->filehandle = 35, r->size = 6291456, r->offset = 59718500352
07:37:23 ERROR /home/bsc03/bsc03353/forge/src/dispatcher/posix.c:62 140623800448768: single write -1 of expected 6291456
07:37:23 ERROR /home/bsc03/bsc03353/forge/src/dispatcher/posix.c:61 140606620546816: r->filehandle = 35, r->size = 6291456, r->offset = 22749904896
07:37:23 ERROR /home/bsc03/bsc03353/forge/src/dispatcher/posix.c:62 140606620546816: single write -1 of expected 6291456
07:37:24 ERROR /home/bsc03/bsc03353/forge/src/dispatcher/posix.c:61 140075088332544: r->filehandle = 36, r->size = 6291456, r->offset = 113749524480
07:37:24 ERROR /home/bsc03/bsc03353/forge/src/dispatcher/posix.c:62 140075088332544: single write -1 of expected 6291456
07:37:24 ERROR /home/bsc03/bsc03353/forge/src/dispatcher/posix.c:61 140072940844800: r->filehandle = 36, r->size = 6291456, r->offset = 108062048256
07:37:24 ERROR /home/bsc03/bsc03353/forge/src/dispatcher/posix.c:62 140072940844800: single write -1 of expected 6291456
07:37:25 ERROR /home/bsc03/bsc03353/forge/src/dispatcher/posix.c:61 140628095424256: r->filehandle = 35, r->size = 6291456, r->offset = 55452893184
07:37:25 ERROR /home/bsc03/bsc03353/forge/src/dispatcher/posix.c:62 140628095424256: single write -1 of expected 6291456
07:37:27 ERROR /home/bsc03/bsc03353/forge/src/dispatcher/posix.c:61 140608768034560: r->filehandle = 35, r->size = 6291456, r->offset = 62562238464
07:37:27 ERROR /home/bsc03/bsc03353/forge/src/dispatcher/posix.c:62 140608768034560: single write -1 of expected 6291456
07:37:29 ERROR /home/bsc03/bsc03353/forge/src/dispatcher/posix.c:61 140085825771264: r->filehandle = 36, r->size = 6291456, r->offset = 90288685056
07:37:29 ERROR /home/bsc03/bsc03353/forge/src/dispatcher/posix.c:62 140085825771264: single write -1 of expected 6291456
07:37:30 ERROR /home/bsc03/bsc03353/forge/src/dispatcher/posix.c:61 140081530795776: r->filehandle = 36, r->size = 6291456, r->offset = 92421488640
07:37:30 ERROR /home/bsc03/bsc03353/forge/src/dispatcher/posix.c:62 140081530795776: single write -1 of expected 6291456
07:37:31 ERROR /home/bsc03/bsc03353/forge/src/dispatcher/posix.c:61 140619505473280: r->filehandle = 35, r->size = 6291456, r->offset = 710934528
07:37:31 ERROR /home/bsc03/bsc03353/forge/src/dispatcher/posix.c:62 140619505473280: single write -1 of expected 6291456
07:37:34 ERROR /home/bsc03/bsc03353/forge/src/dispatcher/posix.c:61 140066498381568: r->filehandle = 36, r->size = 6291456, r->offset = 73226256384
07:37:34 ERROR /home/bsc03/bsc03353/forge/src/dispatcher/posix.c:62 140066498381568: single write -1 of expected 6291456
07:37:36 ERROR /home/bsc03/bsc03353/forge/src/dispatcher/posix.c:61 140092268234496: r->filehandle = 36, r->size = 6291456, r->offset = 120147935232
07:37:36 ERROR /home/bsc03/bsc03353/forge/src/dispatcher/posix.c:62 140092268234496: single write -1 of expected 6291456
07:37:36 ERROR /home/bsc03/bsc03353/forge/src/dispatcher/posix.c:61 140077235820288: r->filehandle = 36, r->size = 6291456, r->offset = 103085506560
07:37:36 ERROR /home/bsc03/bsc03353/forge/src/dispatcher/posix.c:62 140077235820288: single write -1 of expected 6291456
07:37:38 ERROR /home/bsc03/bsc03353/forge/src/dispatcher/posix.c:61 140630242912000: r->filehandle = 35, r->size = 6291456, r->offset = 16351494144
07:37:38 ERROR /home/bsc03/bsc03353/forge/src/dispatcher/posix.c:62 140630242912000: single write -1 of expected 6291456
07:37:39 ERROR /home/bsc03/bsc03353/forge/src/dispatcher/posix.c:61 140068645869312: r->filehandle = 36, r->size = 6291456, r->offset = 118726066176
07:37:39 ERROR /home/bsc03/bsc03353/forge/src/dispatcher/posix.c:62 140068645869312: single write -1 of expected 6291456
07:37:39 ERROR /home/bsc03/bsc03353/forge/src/dispatcher/posix.c:61 140610915522304: r->filehandle = 35, r->size = 6291456, r->offset = 61140369408
07:37:39 ERROR /home/bsc03/bsc03353/forge/src/dispatcher/posix.c:62 140610915522304: single write -1 of expected 6291456
07:37:40 ERROR /home/bsc03/bsc03353/forge/src/dispatcher/posix.c:61 140600178083584: r->filehandle = 35, r->size = 6291456, r->offset = 57585696768
07:37:40 ERROR /home/bsc03/bsc03353/forge/src/dispatcher/posix.c:62 140600178083584: single write -1 of expected 6291456
07:37:41 ERROR /home/bsc03/bsc03353/forge/src/dispatcher/posix.c:61 140623800448768: r->filehandle = 35, r->size = 6291456, r->offset = 45499809792
07:37:41 ERROR /home/bsc03/bsc03353/forge/src/dispatcher/posix.c:62 140623800448768: single write -1 of expected 6291456
07:37:42 ERROR /home/bsc03/bsc03353/forge/src/dispatcher/posix.c:61 140625947936512: r->filehandle = 35, r->size = 6291456, r->offset = 58296631296
07:37:42 ERROR /home/bsc03/bsc03353/forge/src/dispatcher/posix.c:62 140625947936512: single write -1 of expected 6291456
07:37:42 ERROR /home/bsc03/bsc03353/forge/src/dispatcher/posix.c:61 140072940844800: r->filehandle = 36, r->size = 6291456, r->offset = 102374572032
07:37:42 ERROR /home/bsc03/bsc03353/forge/src/dispatcher/posix.c:62 140072940844800: single write -1 of expected 6291456
07:37:43 ERROR /home/bsc03/bsc03353/forge/src/dispatcher/posix.c:61 140094415722240: r->filehandle = 36, r->size = 6291456, r->offset = 83179339776
07:37:43 ERROR /home/bsc03/bsc03353/forge/src/dispatcher/posix.c:62 140094415722240: single write -1 of expected 6291456
07:37:43 ERROR /home/bsc03/bsc03353/forge/src/dispatcher/posix.c:61 140615210497792: r->filehandle = 35, r->size = 6291456, r->offset = 63984107520
07:37:43 ERROR /home/bsc03/bsc03353/forge/src/dispatcher/posix.c:62 140615210497792: single write -1 of expected 6291456
07:37:45 ERROR /home/bsc03/bsc03353/forge/src/dispatcher/posix.c:61 140081530795776: r->filehandle = 36, r->size = 6291456, r->offset = 72515321856
07:37:45 ERROR /home/bsc03/bsc03353/forge/src/dispatcher/posix.c:62 140081530795776: single write -1 of expected 6291456
07:37:46 ERROR /home/bsc03/bsc03353/forge/src/dispatcher/posix.c:61 140087973259008: r->filehandle = 36, r->size = 6291456, r->offset = 98108964864
07:37:46 ERROR /home/bsc03/bsc03353/forge/src/dispatcher/posix.c:62 140087973259008: single write -1 of expected 6291456
07:37:46 ERROR /home/bsc03/bsc03353/forge/src/dispatcher/posix.c:61 140613063010048: r->filehandle = 35, r->size = 6291456, r->offset = 51898220544
07:37:46 ERROR /home/bsc03/bsc03353/forge/src/dispatcher/posix.c:62 140613063010048: single write -1 of expected 6291456
07:37:46 ERROR /home/bsc03/bsc03353/forge/src/dispatcher/posix.c:61 140077235820288: r->filehandle = 36, r->size = 6291456, r->offset = 105929244672
07:37:46 ERROR /home/bsc03/bsc03353/forge/src/dispatcher/posix.c:62 140077235820288: single write -1 of expected 6291456
07:37:47 ERROR /home/bsc03/bsc03353/forge/src/dispatcher/posix.c:61 140083678283520: r->filehandle = 36, r->size = 6291456, r->offset = 68249714688
07:37:47 ERROR /home/bsc03/bsc03353/forge/src/dispatcher/posix.c:62 140083678283520: single write -1 of expected 6291456
07:37:47 ERROR /home/bsc03/bsc03353/forge/src/dispatcher/posix.c:61 140615210497792: r->filehandle = 35, r->size = 6291456, r->offset = 46921678848
07:37:47 ERROR /home/bsc03/bsc03353/forge/src/dispatcher/posix.c:62 140615210497792: single write -1 of expected 6291456
07:37:48 ERROR /home/bsc03/bsc03353/forge/src/dispatcher/posix.c:61 140075088332544: r->filehandle = 36, r->size = 6291456, r->offset = 130811953152
07:37:48 ERROR /home/bsc03/bsc03353/forge/src/dispatcher/posix.c:62 140075088332544: single write -1 of expected 6291456
07:37:50 ERROR /home/bsc03/bsc03353/forge/src/dispatcher/posix.c:61 140606620546816: r->filehandle = 35, r->size = 6291456, r->offset = 28437381120
07:37:50 ERROR /home/bsc03/bsc03353/forge/src/dispatcher/posix.c:62 140606620546816: single write -1 of expected 6291456
07:37:51 ERROR /home/bsc03/bsc03353/forge/src/dispatcher/posix.c:61 140621652961024: r->filehandle = 35, r->size = 6291456, r->offset = 2132803584
07:37:51 ERROR /home/bsc03/bsc03353/forge/src/dispatcher/posix.c:62 140621652961024: single write -1 of expected 6291456
07:37:51 ERROR /home/bsc03/bsc03353/forge/src/dispatcher/posix.c:61 140085825771264: r->filehandle = 36, r->size = 6291456, r->offset = 113038589952
07:37:51 ERROR /home/bsc03/bsc03353/forge/src/dispatcher/posix.c:62 140085825771264: single write -1 of expected 6291456
07:37:52 ERROR /home/bsc03/bsc03353/forge/src/dispatcher/posix.c:61 140070793357056: r->filehandle = 36, r->size = 6291456, r->offset = 120858869760
07:37:52 ERROR /home/bsc03/bsc03353/forge/src/dispatcher/posix.c:62 140070793357056: single write -1 of expected 6291456
07:37:53 ERROR /home/bsc03/bsc03353/forge/src/dispatcher/posix.c:61 140630242912000: r->filehandle = 35, r->size = 6291456, r->offset = 11374952448
07:37:53 ERROR /home/bsc03/bsc03353/forge/src/dispatcher/posix.c:62 140630242912000: single write -1 of expected 6291456
07:37:53 ERROR /home/bsc03/bsc03353/forge/src/dispatcher/posix.c:61 140628095424256: r->filehandle = 35, r->size = 6291456, r->offset = 41945137152
07:37:53 ERROR /home/bsc03/bsc03353/forge/src/dispatcher/posix.c:62 140628095424256: single write -1 of expected 6291456
07:37:55 ERROR /home/bsc03/bsc03353/forge/src/dispatcher/posix.c:61 140615210497792: r->filehandle = 35, r->size = 6291456, r->offset = 19195232256
07:37:55 ERROR /home/bsc03/bsc03353/forge/src/dispatcher/posix.c:62 140615210497792: single write -1 of expected 6291456
07:37:55 ERROR /home/bsc03/bsc03353/forge/src/dispatcher/posix.c:61 140079383308032: r->filehandle = 36, r->size = 6291456, r->offset = 85312143360
07:37:55 ERROR /home/bsc03/bsc03353/forge/src/dispatcher/posix.c:62 140079383308032: single write -1 of expected 6291456
07:37:56 ERROR /home/bsc03/bsc03353/forge/src/dispatcher/posix.c:61 140068645869312: r->filehandle = 36, r->size = 6291456, r->offset = 135788494848
07:37:56 ERROR /home/bsc03/bsc03353/forge/src/dispatcher/posix.c:62 140068645869312: single write -1 of expected 6291456
07:37:58 ERROR /home/bsc03/bsc03353/forge/src/dispatcher/posix.c:61 140602325571328: r->filehandle = 35, r->size = 6291456, r->offset = 44077940736
07:37:58 ERROR /home/bsc03/bsc03353/forge/src/dispatcher/posix.c:62 140602325571328: single write -1 of expected 6291456
07:37:58 ERROR /home/bsc03/bsc03353/forge/src/dispatcher/posix.c:61 140087973259008: r->filehandle = 36, r->size = 6291456, r->offset = 118015131648
07:37:58 ERROR /home/bsc03/bsc03353/forge/src/dispatcher/posix.c:62 140087973259008: single write -1 of expected 6291456
07:37:58 ERROR /home/bsc03/bsc03353/forge/src/dispatcher/posix.c:61 140081530795776: r->filehandle = 36, r->size = 6291456, r->offset = 100952702976
07:37:58 ERROR /home/bsc03/bsc03353/forge/src/dispatcher/posix.c:62 140081530795776: single write -1 of expected 6291456
07:37:59 ERROR /home/bsc03/bsc03353/forge/src/dispatcher/posix.c:61 140619505473280: r->filehandle = 35, r->size = 6291456, r->offset = 35546726400
07:37:59 ERROR /home/bsc03/bsc03353/forge/src/dispatcher/posix.c:62 140619505473280: single write -1 of expected 6291456
07:37:59 ERROR /home/bsc03/bsc03353/forge/src/dispatcher/posix.c:61 140094415722240: r->filehandle = 36, r->size = 6291456, r->offset = 97398030336
07:37:59 ERROR /home/bsc03/bsc03353/forge/src/dispatcher/posix.c:62 140094415722240: single write -1 of expected 6291456
07:38:00 ERROR /home/bsc03/bsc03353/forge/src/dispatcher/posix.c:61 140090120746752: r->filehandle = 36, r->size = 6291456, r->offset = 88155881472
07:38:00 ERROR /home/bsc03/bsc03353/forge/src/dispatcher/posix.c:62 140090120746752: single write -1 of expected 6291456
07:38:01 ERROR /home/bsc03/bsc03353/forge/src/dispatcher/posix.c:61 140070793357056: r->filehandle = 36, r->size = 6291456, r->offset = 70382518272
07:38:01 ERROR /home/bsc03/bsc03353/forge/src/dispatcher/posix.c:62 140070793357056: single write -1 of expected 6291456
07:38:02 ERROR /home/bsc03/bsc03353/forge/src/dispatcher/posix.c:61 140075088332544: r->filehandle = 36, r->size = 6291456, r->offset = 96687095808
07:38:02 ERROR /home/bsc03/bsc03353/forge/src/dispatcher/posix.c:62 140075088332544: single write -1 of expected 6291456
07:38:03 ERROR /home/bsc03/bsc03353/forge/src/dispatcher/posix.c:61 140615210497792: r->filehandle = 35, r->size = 6291456, r->offset = 7109345280
07:38:03 ERROR /home/bsc03/bsc03353/forge/src/dispatcher/posix.c:62 140615210497792: single write -1 of expected 6291456
07:38:04 ERROR /home/bsc03/bsc03353/forge/src/dispatcher/posix.c:61 140610915522304: r->filehandle = 35, r->size = 6291456, r->offset = 49765416960
07:38:04 ERROR /home/bsc03/bsc03353/forge/src/dispatcher/posix.c:62 140610915522304: single write -1 of expected 6291456
07:38:05 ERROR /home/bsc03/bsc03353/forge/src/dispatcher/posix.c:61 140623800448768: r->filehandle = 35, r->size = 6291456, r->offset = 51187286016
07:38:05 ERROR /home/bsc03/bsc03353/forge/src/dispatcher/posix.c:62 140623800448768: single write -1 of expected 6291456
07:38:06 ERROR /home/bsc03/bsc03353/forge/src/dispatcher/posix.c:61 140090120746752: r->filehandle = 36, r->size = 6291456, r->offset = 68960649216
07:38:06 ERROR /home/bsc03/bsc03353/forge/src/dispatcher/posix.c:62 140090120746752: single write -1 of expected 6291456
07:38:07 ERROR /home/bsc03/bsc03353/forge/src/dispatcher/posix.c:61 140617357985536: r->filehandle = 35, r->size = 6291456, r->offset = 44788875264
07:38:07 ERROR /home/bsc03/bsc03353/forge/src/dispatcher/posix.c:62 140617357985536: single write -1 of expected 6291456
07:38:08 ERROR /home/bsc03/bsc03353/forge/src/dispatcher/posix.c:61 140081530795776: r->filehandle = 36, r->size = 6291456, r->offset = 103796441088
07:38:08 ERROR /home/bsc03/bsc03353/forge/src/dispatcher/posix.c:62 140081530795776: single write -1 of expected 6291456
07:38:09 ERROR /home/bsc03/bsc03353/forge/src/dispatcher/posix.c:61 140630242912000: r->filehandle = 35, r->size = 6291456, r->offset = 27726446592
07:38:09 ERROR /home/bsc03/bsc03353/forge/src/dispatcher/posix.c:62 140630242912000: single write -1 of expected 6291456
07:38:10 ERROR /home/bsc03/bsc03353/forge/src/dispatcher/posix.c:61 140087973259008: r->filehandle = 36, r->size = 6291456, r->offset = 129390084096
07:38:10 ERROR /home/bsc03/bsc03353/forge/src/dispatcher/posix.c:62 140087973259008: single write -1 of expected 6291456
07:38:11 ERROR /home/bsc03/bsc03353/forge/src/dispatcher/posix.c:61 140628095424256: r->filehandle = 35, r->size = 6291456, r->offset = 9953083392
07:38:11 ERROR /home/bsc03/bsc03353/forge/src/dispatcher/posix.c:62 140628095424256: single write -1 of expected 6291456
07:38:12 ERROR /home/bsc03/bsc03353/forge/src/dispatcher/posix.c:61 140085825771264: r->filehandle = 36, r->size = 6291456, r->offset = 107351113728
07:38:12 ERROR /home/bsc03/bsc03353/forge/src/dispatcher/posix.c:62 140085825771264: single write -1 of expected 6291456
07:38:12 ERROR /home/bsc03/bsc03353/forge/src/dispatcher/posix.c:61 140621652961024: r->filehandle = 35, r->size = 6291456, r->offset = 64695042048
07:38:12 ERROR /home/bsc03/bsc03353/forge/src/dispatcher/posix.c:61 140094415722240: r->filehandle = 36, r->size = 6291456, r->offset = 131522887680
07:38:12 ERROR /home/bsc03/bsc03353/forge/src/dispatcher/posix.c:62 140094415722240: single write -1 of expected 6291456
07:38:12 ERROR /home/bsc03/bsc03353/forge/src/dispatcher/posix.c:62 140621652961024: single write -1 of expected 6291456
07:38:13 ERROR /home/bsc03/bsc03353/forge/src/dispatcher/posix.c:61 140075088332544: r->filehandle = 36, r->size = 6291456, r->offset = 119437000704
07:38:13 ERROR /home/bsc03/bsc03353/forge/src/dispatcher/posix.c:62 140075088332544: single write -1 of expected 6291456
07:38:14 ERROR /home/bsc03/bsc03353/forge/src/dispatcher/posix.c:61 140619505473280: r->filehandle = 35, r->size = 6291456, r->offset = 46210744320
07:38:14 ERROR /home/bsc03/bsc03353/forge/src/dispatcher/posix.c:62 140619505473280: single write -1 of expected 6291456
07:38:14 ERROR /home/bsc03/bsc03353/forge/src/dispatcher/posix.c:61 140630242912000: r->filehandle = 35, r->size = 6291456, r->offset = 4976541696
07:38:14 ERROR /home/bsc03/bsc03353/forge/src/dispatcher/posix.c:62 140630242912000: single write -1 of expected 6291456
07:38:15 ERROR /home/bsc03/bsc03353/forge/src/dispatcher/posix.c:61 140608768034560: r->filehandle = 35, r->size = 6291456, r->offset = 0
07:38:15 ERROR /home/bsc03/bsc03353/forge/src/dispatcher/posix.c:62 140608768034560: single write -1 of expected 6291456
07:38:16 ERROR /home/bsc03/bsc03353/forge/src/dispatcher/posix.c:61 140085825771264: r->filehandle = 36, r->size = 6291456, r->offset = 84601208832
07:38:16 ERROR /home/bsc03/bsc03353/forge/src/dispatcher/posix.c:62 140085825771264: single write -1 of expected 6291456
07:38:16 ERROR /home/bsc03/bsc03353/forge/src/dispatcher/posix.c:61 140604473059072: r->filehandle = 35, r->size = 6291456, r->offset = 29148315648
07:38:16 ERROR /home/bsc03/bsc03353/forge/src/dispatcher/posix.c:62 140604473059072: single write -1 of expected 6291456
07:38:17 ERROR /home/bsc03/bsc03353/forge/src/dispatcher/posix.c:61 140598030595840: r->filehandle = 35, r->size = 6291456, r->offset = 49054482432
07:38:17 ERROR /home/bsc03/bsc03353/forge/src/dispatcher/posix.c:62 140598030595840: single write -1 of expected 6291456
07:38:17 ERROR /home/bsc03/bsc03353/forge/src/dispatcher/posix.c:61 140070793357056: r->filehandle = 36, r->size = 6291456, r->offset = 132233822208
07:38:17 ERROR /home/bsc03/bsc03353/forge/src/dispatcher/posix.c:62 140070793357056: single write -1 of expected 6291456
07:38:18 ERROR /home/bsc03/bsc03353/forge/src/dispatcher/posix.c:61 140081530795776: r->filehandle = 36, r->size = 6291456, r->offset = 132944756736
07:38:18 ERROR /home/bsc03/bsc03353/forge/src/dispatcher/posix.c:62 140081530795776: single write -1 of expected 6291456
07:38:19 ERROR /home/bsc03/bsc03353/forge/src/dispatcher/posix.c:61 140628095424256: r->filehandle = 35, r->size = 6291456, r->offset = 52609155072
07:38:19 ERROR /home/bsc03/bsc03353/forge/src/dispatcher/posix.c:62 140628095424256: single write -1 of expected 6291456
07:38:19 ERROR /home/bsc03/bsc03353/forge/src/dispatcher/posix.c:61 140094415722240: r->filehandle = 36, r->size = 6291456, r->offset = 88866816000
07:38:19 ERROR /home/bsc03/bsc03353/forge/src/dispatcher/posix.c:62 140094415722240: single write -1 of expected 6291456
07:38:20 ERROR /home/bsc03/bsc03353/forge/src/dispatcher/posix.c:61 140077235820288: r->filehandle = 36, r->size = 6291456, r->offset = 125835411456
07:38:20 ERROR /home/bsc03/bsc03353/forge/src/dispatcher/posix.c:62 140077235820288: single write -1 of expected 6291456
07:38:20 ERROR /home/bsc03/bsc03353/forge/src/dispatcher/posix.c:61 140090120746752: r->filehandle = 36, r->size = 6291456, r->offset = 82468405248
07:38:20 ERROR /home/bsc03/bsc03353/forge/src/dispatcher/posix.c:62 140090120746752: single write -1 of expected 6291456
07:38:21 ERROR /home/bsc03/bsc03353/forge/src/dispatcher/posix.c:61 140617357985536: r->filehandle = 35, r->size = 6291456, r->offset = 14929625088
07:38:21 ERROR /home/bsc03/bsc03353/forge/src/dispatcher/posix.c:61 140068645869312: r->filehandle = 36, r->size = 6291456, r->offset = 101663637504
07:38:21 ERROR /home/bsc03/bsc03353/forge/src/dispatcher/posix.c:62 140617357985536: single write -1 of expected 6291456
07:38:21 ERROR /home/bsc03/bsc03353/forge/src/dispatcher/posix.c:62 140068645869312: single write -1 of expected 6291456
07:38:21 ERROR /home/bsc03/bsc03353/forge/src/dispatcher/posix.c:61 140070793357056: r->filehandle = 36, r->size = 6291456, r->offset = 76069994496
07:38:21 ERROR /home/bsc03/bsc03353/forge/src/dispatcher/posix.c:62 140070793357056: single write -1 of expected 6291456
07:38:22 ERROR /home/bsc03/bsc03353/forge/src/dispatcher/posix.c:61 140621652961024: r->filehandle = 35, r->size = 6291456, r->offset = 7820279808
07:38:22 ERROR /home/bsc03/bsc03353/forge/src/dispatcher/posix.c:62 140621652961024: single write -1 of expected 6291456
07:38:24 ERROR /home/bsc03/bsc03353/forge/src/dispatcher/posix.c:61 140087973259008: r->filehandle = 36, r->size = 6291456, r->offset = 109483917312
07:38:24 ERROR /home/bsc03/bsc03353/forge/src/dispatcher/posix.c:62 140087973259008: single write -1 of expected 6291456
07:38:24 ERROR /home/bsc03/bsc03353/forge/src/dispatcher/posix.c:61 140630242912000: r->filehandle = 35, r->size = 6291456, r->offset = 39101399040
07:38:24 ERROR /home/bsc03/bsc03353/forge/src/dispatcher/posix.c:62 140630242912000: single write -1 of expected 6291456
07:38:25 ERROR /home/bsc03/bsc03353/forge/src/dispatcher/posix.c:61 140619505473280: r->filehandle = 35, r->size = 6291456, r->offset = 36257660928
07:38:25 ERROR /home/bsc03/bsc03353/forge/src/dispatcher/posix.c:62 140619505473280: single write -1 of expected 6291456
07:38:26 ERROR /home/bsc03/bsc03353/forge/src/dispatcher/posix.c:61 140617357985536: r->filehandle = 35, r->size = 6291456, r->offset = 54031024128
07:38:26 ERROR /home/bsc03/bsc03353/forge/src/dispatcher/posix.c:62 140617357985536: single write -1 of expected 6291456
07:38:28 ERROR /home/bsc03/bsc03353/forge/src/dispatcher/posix.c:61 140077235820288: r->filehandle = 36, r->size = 6291456, r->offset = 117304197120
07:38:28 ERROR /home/bsc03/bsc03353/forge/src/dispatcher/posix.c:62 140077235820288: single write -1 of expected 6291456
07:38:28 ERROR /home/bsc03/bsc03353/forge/src/dispatcher/posix.c:61 140628095424256: r->filehandle = 35, r->size = 6291456, r->offset = 29859250176
07:38:28 ERROR /home/bsc03/bsc03353/forge/src/dispatcher/posix.c:62 140628095424256: single write -1 of expected 6291456
07:38:28 ERROR /home/bsc03/bsc03353/forge/src/dispatcher/posix.c:61 140604473059072: r->filehandle = 35, r->size = 6291456, r->offset = 23460839424
07:38:28 ERROR /home/bsc03/bsc03353/forge/src/dispatcher/posix.c:62 140604473059072: single write -1 of expected 6291456
07:38:28 ERROR /home/bsc03/bsc03353/forge/src/dispatcher/posix.c:61 140075088332544: r->filehandle = 36, r->size = 6291456, r->offset = 125124476928
07:38:28 ERROR /home/bsc03/bsc03353/forge/src/dispatcher/posix.c:62 140075088332544: single write -1 of expected 6291456
07:38:29 ERROR /home/bsc03/bsc03353/forge/src/dispatcher/posix.c:61 140630242912000: r->filehandle = 35, r->size = 6291456, r->offset = 34124857344
07:38:29 ERROR /home/bsc03/bsc03353/forge/src/dispatcher/posix.c:62 140630242912000: single write -1 of expected 6291456
07:38:29 ERROR /home/bsc03/bsc03353/forge/src/dispatcher/posix.c:61 140070793357056: r->filehandle = 36, r->size = 6291456, r->offset = 86734012416
07:38:29 ERROR /home/bsc03/bsc03353/forge/src/dispatcher/posix.c:62 140070793357056: single write -1 of expected 6291456
07:38:30 ERROR /home/bsc03/bsc03353/forge/src/dispatcher/posix.c:61 140085825771264: r->filehandle = 36, r->size = 6291456, r->offset = 124413542400
07:38:30 ERROR /home/bsc03/bsc03353/forge/src/dispatcher/posix.c:62 140085825771264: single write -1 of expected 6291456
07:38:30 ERROR /home/bsc03/bsc03353/forge/src/dispatcher/posix.c:61 140087973259008: r->filehandle = 36, r->size = 6291456, r->offset = 115171393536
07:38:30 ERROR /home/bsc03/bsc03353/forge/src/dispatcher/posix.c:62 140087973259008: single write -1 of expected 6291456
07:38:31 ERROR /home/bsc03/bsc03353/forge/src/dispatcher/posix.c:61 140090120746752: r->filehandle = 36, r->size = 6291456, r->offset = 110905786368
07:38:31 ERROR /home/bsc03/bsc03353/forge/src/dispatcher/posix.c:62 140090120746752: single write -1 of expected 6291456
07:38:32 ERROR /home/bsc03/bsc03353/forge/src/dispatcher/posix.c:61 140081530795776: r->filehandle = 36, r->size = 6291456, r->offset = 135077560320
07:38:32 ERROR /home/bsc03/bsc03353/forge/src/dispatcher/posix.c:62 140081530795776: single write -1 of expected 6291456
07:38:33 ERROR /home/bsc03/bsc03353/forge/src/dispatcher/posix.c:61 140628095424256: r->filehandle = 35, r->size = 6291456, r->offset = 59007565824
07:38:33 ERROR /home/bsc03/bsc03353/forge/src/dispatcher/posix.c:62 140628095424256: single write -1 of expected 6291456
07:38:33 ERROR /home/bsc03/bsc03353/forge/src/dispatcher/posix.c:61 140077235820288: r->filehandle = 36, r->size = 6291456, r->offset = 128679149568
07:38:33 ERROR /home/bsc03/bsc03353/forge/src/dispatcher/posix.c:62 140077235820288: single write -1 of expected 6291456
07:38:34 ERROR /home/bsc03/bsc03353/forge/src/dispatcher/posix.c:61 140621652961024: r->filehandle = 35, r->size = 6291456, r->offset = 12796821504
07:38:34 ERROR /home/bsc03/bsc03353/forge/src/dispatcher/posix.c:61 140081530795776: r->filehandle = 36, r->size = 6291456, r->offset = 83890274304
07:38:34 ERROR /home/bsc03/bsc03353/forge/src/dispatcher/posix.c:62 140081530795776: single write -1 of expected 6291456
07:38:34 ERROR /home/bsc03/bsc03353/forge/src/dispatcher/posix.c:62 140621652961024: single write -1 of expected 6291456
07:38:35 ERROR /home/bsc03/bsc03353/forge/src/dispatcher/posix.c:61 140075088332544: r->filehandle = 36, r->size = 6291456, r->offset = 73937190912
07:38:35 ERROR /home/bsc03/bsc03353/forge/src/dispatcher/posix.c:62 140075088332544: single write -1 of expected 6291456
07:38:35 ERROR /home/bsc03/bsc03353/forge/src/dispatcher/posix.c:61 140085825771264: r->filehandle = 36, r->size = 6291456, r->offset = 78913732608
07:38:35 ERROR /home/bsc03/bsc03353/forge/src/dispatcher/posix.c:62 140085825771264: single write -1 of expected 6291456
07:38:37 ERROR /home/bsc03/bsc03353/forge/src/dispatcher/posix.c:61 140070793357056: r->filehandle = 36, r->size = 6291456, r->offset = 91710554112
07:38:37 ERROR /home/bsc03/bsc03353/forge/src/dispatcher/posix.c:62 140070793357056: single write -1 of expected 6291456
07:38:38 ERROR /home/bsc03/bsc03353/forge/src/dispatcher/posix.c:61 140087973259008: r->filehandle = 36, r->size = 6291456, r->offset = 98819899392
07:38:38 ERROR /home/bsc03/bsc03353/forge/src/dispatcher/posix.c:62 140087973259008: single write -1 of expected 6291456
07:38:39 ERROR /home/bsc03/bsc03353/forge/src/dispatcher/posix.c:61 140619505473280: r->filehandle = 35, r->size = 6291456, r->offset = 6398410752
07:38:39 ERROR /home/bsc03/bsc03353/forge/src/dispatcher/posix.c:62 140619505473280: single write -1 of expected 6291456
07:38:39 ERROR /home/bsc03/bsc03353/forge/src/dispatcher/posix.c:61 140077235820288: r->filehandle = 36, r->size = 6291456, r->offset = 108772982784
07:38:39 ERROR /home/bsc03/bsc03353/forge/src/dispatcher/posix.c:62 140077235820288: single write -1 of expected 6291456
07:38:40 ERROR /home/bsc03/bsc03353/forge/src/dispatcher/posix.c:61 140085825771264: r->filehandle = 36, r->size = 6291456, r->offset = 95976161280
07:38:40 ERROR /home/bsc03/bsc03353/forge/src/dispatcher/posix.c:62 140085825771264: single write -1 of expected 6291456
07:38:41 ERROR /home/bsc03/bsc03353/forge/src/dispatcher/posix.c:61 140621652961024: r->filehandle = 35, r->size = 6291456, r->offset = 24171773952
07:38:41 ERROR /home/bsc03/bsc03353/forge/src/dispatcher/posix.c:61 140070793357056: r->filehandle = 36, r->size = 6291456, r->offset = 100241768448
07:38:41 ERROR /home/bsc03/bsc03353/forge/src/dispatcher/posix.c:62 140070793357056: single write -1 of expected 6291456
07:38:41 ERROR /home/bsc03/bsc03353/forge/src/dispatcher/posix.c:62 140621652961024: single write -1 of expected 6291456
07:38:42 ERROR /home/bsc03/bsc03353/forge/src/dispatcher/posix.c:61 140070793357056: r->filehandle = 36, r->size = 6291456, r->offset = 94554292224
07:38:42 ERROR /home/bsc03/bsc03353/forge/src/dispatcher/posix.c:62 140070793357056: single write -1 of expected 6291456
07:38:42 ERROR /home/bsc03/bsc03353/forge/src/dispatcher/posix.c:61 140628095424256: r->filehandle = 35, r->size = 6291456, r->offset = 4265607168
07:38:42 ERROR /home/bsc03/bsc03353/forge/src/dispatcher/posix.c:62 140628095424256: single write -1 of expected 6291456
07:38:43 ERROR /home/bsc03/bsc03353/forge/src/dispatcher/posix.c:61 140617357985536: r->filehandle = 35, r->size = 6291456, r->offset = 14218690560
07:38:43 ERROR /home/bsc03/bsc03353/forge/src/dispatcher/posix.c:62 140617357985536: single write -1 of expected 6291456
07:38:43 ERROR /home/bsc03/bsc03353/forge/src/dispatcher/posix.c:61 140070793357056: r->filehandle = 36, r->size = 6291456, r->offset = 69671583744
07:38:43 ERROR /home/bsc03/bsc03353/forge/src/dispatcher/posix.c:62 140070793357056: single write -1 of expected 6291456
07:38:43 ERROR /home/bsc03/bsc03353/forge/src/dispatcher/posix.c:61 140604473059072: r->filehandle = 35, r->size = 6291456, r->offset = 60429434880
07:38:43 ERROR /home/bsc03/bsc03353/forge/src/dispatcher/posix.c:62 140604473059072: single write -1 of expected 6291456
07:38:43 ERROR /home/bsc03/bsc03353/forge/src/dispatcher/posix.c:61 140619505473280: r->filehandle = 35, r->size = 6291456, r->offset = 47632613376
07:38:43 ERROR /home/bsc03/bsc03353/forge/src/dispatcher/posix.c:62 140619505473280: single write -1 of expected 6291456
07:38:45 ERROR /home/bsc03/bsc03353/forge/src/dispatcher/posix.c:61 140617357985536: r->filehandle = 35, r->size = 6291456, r->offset = 2843738112
07:38:45 ERROR /home/bsc03/bsc03353/forge/src/dispatcher/posix.c:62 140617357985536: single write -1 of expected 6291456
07:38:45 ERROR /home/bsc03/bsc03353/forge/src/dispatcher/posix.c:61 140621652961024: r->filehandle = 35, r->size = 6291456, r->offset = 41234202624
07:38:45 ERROR /home/bsc03/bsc03353/forge/src/dispatcher/posix.c:62 140621652961024: single write -1 of expected 6291456
07:38:46 ERROR /home/bsc03/bsc03353/forge/src/dispatcher/posix.c:61 140619505473280: r->filehandle = 35, r->size = 6291456, r->offset = 37679529984
07:38:46 ERROR /home/bsc03/bsc03353/forge/src/dispatcher/posix.c:62 140619505473280: single write -1 of expected 6291456
07:38:47 ERROR /home/bsc03/bsc03353/forge/src/dispatcher/posix.c:61 140617357985536: r->filehandle = 35, r->size = 6291456, r->offset = 25593643008
07:38:47 ERROR /home/bsc03/bsc03353/forge/src/dispatcher/posix.c:62 140617357985536: single write -1 of expected 6291456
07:38:48 ERROR /home/bsc03/bsc03353/forge/src/dispatcher/posix.c:61 140630242912000: r->filehandle = 35, r->size = 6291456, r->offset = 61851303936
07:38:48 ERROR /home/bsc03/bsc03353/forge/src/dispatcher/posix.c:62 140630242912000: single write -1 of expected 6291456
07:38:49 ERROR /home/bsc03/bsc03353/forge/src/dispatcher/posix.c:61 140621652961024: r->filehandle = 35, r->size = 6291456, r->offset = 18484297728
07:38:49 ERROR /home/bsc03/bsc03353/forge/src/dispatcher/posix.c:62 140621652961024: single write -1 of expected 6291456
07:38:49 ERROR /home/bsc03/bsc03353/forge/src/dispatcher/posix.c:61 140619505473280: r->filehandle = 35, r->size = 6291456, r->offset = 43367006208
07:38:49 ERROR /home/bsc03/bsc03353/forge/src/dispatcher/posix.c:62 140619505473280: single write -1 of expected 6291456
07:38:50 ERROR /home/bsc03/bsc03353/forge/src/dispatcher/posix.c:61 140617357985536: r->filehandle = 35, r->size = 6291456, r->offset = 31281119232
07:38:50 ERROR /home/bsc03/bsc03353/forge/src/dispatcher/posix.c:62 140617357985536: single write -1 of expected 6291456
07:38:51 ERROR /home/bsc03/bsc03353/forge/src/dispatcher/posix.c:61 140604473059072: r->filehandle = 35, r->size = 6291456, r->offset = 12085886976
07:38:51 ERROR /home/bsc03/bsc03353/forge/src/dispatcher/posix.c:62 140604473059072: single write -1 of expected 6291456
07:38:51 ERROR /home/bsc03/bsc03353/forge/src/dispatcher/posix.c:61 140630242912000: r->filehandle = 35, r->size = 6291456, r->offset = 5687476224
07:38:51 ERROR /home/bsc03/bsc03353/forge/src/dispatcher/posix.c:62 140630242912000: single write -1 of expected 6291456
07:38:52 ERROR /home/bsc03/bsc03353/forge/src/dispatcher/posix.c:61 140617357985536: r->filehandle = 35, r->size = 6291456, r->offset = 33413922816
07:38:52 ERROR /home/bsc03/bsc03353/forge/src/dispatcher/posix.c:62 140617357985536: single write -1 of expected 6291456
07:38:53 ERROR /home/bsc03/bsc03353/forge/src/dispatcher/posix.c:61 140619505473280: r->filehandle = 35, r->size = 6291456, r->offset = 31992053760
07:38:53 ERROR /home/bsc03/bsc03353/forge/src/dispatcher/posix.c:62 140619505473280: single write -1 of expected 6291456
07:38:53 ERROR /home/bsc03/bsc03353/forge/src/dispatcher/posix.c:61 140621652961024: r->filehandle = 35, r->size = 6291456, r->offset = 30570184704
07:38:53 ERROR /home/bsc03/bsc03353/forge/src/dispatcher/posix.c:62 140621652961024: single write -1 of expected 6291456
07:38:54 ERROR /home/bsc03/bsc03353/forge/src/dispatcher/posix.c:61 140630242912000: r->filehandle = 35, r->size = 6291456, r->offset = 17062428672
07:38:54 ERROR /home/bsc03/bsc03353/forge/src/dispatcher/posix.c:62 140630242912000: single write -1 of expected 6291456
07:38:54 ERROR /home/bsc03/bsc03353/forge/src/dispatcher/posix.c:61 140604473059072: r->filehandle = 35, r->size = 6291456, r->offset = 19906166784
07:38:54 ERROR /home/bsc03/bsc03353/forge/src/dispatcher/posix.c:62 140604473059072: single write -1 of expected 6291456
07:38:55 ERROR /home/bsc03/bsc03353/forge/src/dispatcher/posix.c:61 140630242912000: r->filehandle = 35, r->size = 6291456, r->offset = 56874762240
07:38:55 ERROR /home/bsc03/bsc03353/forge/src/dispatcher/posix.c:62 140630242912000: single write -1 of expected 6291456
07:38:56 ERROR /home/bsc03/bsc03353/forge/src/dispatcher/posix.c:61 140617357985536: r->filehandle = 35, r->size = 6291456, r->offset = 56163827712
07:38:56 ERROR /home/bsc03/bsc03353/forge/src/dispatcher/posix.c:62 140617357985536: single write -1 of expected 6291456
07:38:57 ERROR /home/bsc03/bsc03353/forge/src/dispatcher/posix.c:61 140619505473280: r->filehandle = 35, r->size = 6291456, r->offset = 66116911104
07:38:57 ERROR /home/bsc03/bsc03353/forge/src/dispatcher/posix.c:62 140619505473280: single write -1 of expected 6291456
07:38:58 ERROR /home/bsc03/bsc03353/forge/src/dispatcher/posix.c:61 140604473059072: r->filehandle = 35, r->size = 6291456, r->offset = 40523268096
07:38:58 ERROR /home/bsc03/bsc03353/forge/src/dispatcher/posix.c:62 140604473059072: single write -1 of expected 6291456
07:38:58 ERROR /home/bsc03/bsc03353/forge/src/dispatcher/posix.c:61 140619505473280: r->filehandle = 35, r->size = 6291456, r->offset = 9242148864
07:38:58 ERROR /home/bsc03/bsc03353/forge/src/dispatcher/posix.c:62 140619505473280: single write -1 of expected 6291456
07:38:59 ERROR /home/bsc03/bsc03353/forge/src/dispatcher/posix.c:61 140630242912000: r->filehandle = 35, r->size = 6291456, r->offset = 39812333568
07:38:59 ERROR /home/bsc03/bsc03353/forge/src/dispatcher/posix.c:62 140630242912000: single write -1 of expected 6291456
07:39:00 ERROR /home/bsc03/bsc03353/forge/src/dispatcher/posix.c:61 140604473059072: r->filehandle = 35, r->size = 6291456, r->offset = 17773363200
07:39:00 ERROR /home/bsc03/bsc03353/forge/src/dispatcher/posix.c:62 140604473059072: single write -1 of expected 6291456
07:39:00 ERROR /home/bsc03/bsc03353/forge/src/dispatcher/posix.c:61 140621652961024: r->filehandle = 35, r->size = 6291456, r->offset = 24882708480
07:39:00 ERROR /home/bsc03/bsc03353/forge/src/dispatcher/posix.c:62 140621652961024: single write -1 of expected 6291456
07:39:02 ERROR /home/bsc03/bsc03353/forge/src/dispatcher/posix.c:61 140617357985536: r->filehandle = 35, r->size = 6291456, r->offset = 8531214336
07:39:02 ERROR /home/bsc03/bsc03353/forge/src/dispatcher/posix.c:62 140617357985536: single write -1 of expected 6291456
07:39:02 ERROR /home/bsc03/bsc03353/forge/src/dispatcher/posix.c:61 140604473059072: r->filehandle = 35, r->size = 6291456, r->offset = 36968595456
07:39:02 ERROR /home/bsc03/bsc03353/forge/src/dispatcher/posix.c:62 140604473059072: single write -1 of expected 6291456
07:39:03 ERROR /home/bsc03/bsc03353/forge/src/dispatcher/posix.c:61 140619505473280: r->filehandle = 35, r->size = 6291456, r->offset = 26304577536
07:39:03 ERROR /home/bsc03/bsc03353/forge/src/dispatcher/posix.c:62 140619505473280: single write -1 of expected 6291456
07:39:03 ERROR /home/bsc03/bsc03353/forge/src/dispatcher/posix.c:61 140630242912000: r->filehandle = 35, r->size = 6291456, r->offset = 50476351488
07:39:03 ERROR /home/bsc03/bsc03353/forge/src/dispatcher/posix.c:62 140630242912000: single write -1 of expected 6291456
07:39:04 ERROR /home/bsc03/bsc03353/forge/src/dispatcher/posix.c:61 140617357985536: r->filehandle = 35, r->size = 6291456, r->offset = 10664017920
07:39:04 ERROR /home/bsc03/bsc03353/forge/src/dispatcher/posix.c:62 140617357985536: single write -1 of expected 6291456
07:39:04 ERROR /home/bsc03/bsc03353/forge/src/dispatcher/posix.c:61 140619505473280: r->filehandle = 35, r->size = 6291456, r->offset = 34835791872
07:39:04 ERROR /home/bsc03/bsc03353/forge/src/dispatcher/posix.c:62 140619505473280: single write -1 of expected 6291456
07:39:05 ERROR /home/bsc03/bsc03353/forge/src/dispatcher/posix.c:61 140617357985536: r->filehandle = 35, r->size = 6291456, r->offset = 48343547904
07:39:05 ERROR /home/bsc03/bsc03353/forge/src/dispatcher/posix.c:62 140617357985536: single write -1 of expected 6291456
07:39:06 ERROR /home/bsc03/bsc03353/forge/src/dispatcher/posix.c:61 140617357985536: r->filehandle = 35, r->size = 6291456, r->offset = 22038970368
07:39:06 ERROR /home/bsc03/bsc03353/forge/src/dispatcher/posix.c:62 140617357985536: single write -1 of expected 6291456
07:39:06 WARN  /home/bsc03/bsc03353/forge/src/main.c:789 139963026532416: hit stone wall at 224.896371 seconds!
AGIOS: stopped for this client. It can already be used by calling agios_init

07:39:06 INFO  /home/bsc03/bsc03353/forge/src/main.c:1158 140637368227904: I/O Forwarding Exploration [COMPLETE]
AGIOS: stopped for this client. It can already be used by calling agios_init

