Set GCC compilers as MPI wrappers backend 
remove impi/2017.4 (PATH, MANPATH, LD_LIBRARY_PATH) 
load openmpi/4.0.2_UCX (PATH, MANPATH, LD_LIBRARY_PATH) 
Set GCC compilers as MPI wrappers backend 
load gsl/2.4 (PATH, LD_LIBRARY_PATH, LIBRARY_PATH, MANPATH, INFOPATH,
C_INCLUDE_PATH, CPLUS_INCLUDE_PATH, PKG_CONFIG_PATH, GSL_DIR) 
19:38:49 INFO  /home/bsc03/bsc03353/forge/src/main.c:107 139786149128256: I/O Forwarding Exploration [START]
Will AGIOS generate trace files? NO
Default scheduling algorithm: TO
TWINS window size: 1000000
Will the Prediction Module read information from trace files? NO
File with access time functions: /home/bsc03/bsc03353/forge/agios/access_times.func
AGIOS thinks its user has stripe size of 32768
Will AGIOS generate trace files? NO
Default scheduling algorithm: TO
TWINS window size: 1000000
Will the Prediction Module read information from trace files? NO
File with access time functions: /home/bsc03/bsc03353/forge/agios/access_times.func
AGIOS thinks its user has stripe size of 32768
Will AGIOS generate trace files? NO
Default scheduling algorithm: TO
TWINS window size: 1000000
Will the Prediction Module read information from trace files? NO
File with access time functions: /home/bsc03/bsc03353/forge/agios/access_times.func
AGIOS thinks its user has stripe size of 32768
Will AGIOS generate trace files? NO
Default scheduling algorithm: TO
TWINS window size: 1000000
Will the Prediction Module read information from trace files? NO
File with access time functions: /home/bsc03/bsc03353/forge/agios/access_times.func
AGIOS thinks its user has stripe size of 32768
Will AGIOS generate trace files? NO
Default scheduling algorithm: TO
TWINS window size: 1000000
Will the Prediction Module read information from trace files? NO
File with access time functions: /home/bsc03/bsc03353/forge/agios/access_times.func
AGIOS thinks its user has stripe size of 32768
Will AGIOS generate trace files? NO
Default scheduling algorithm: TO
TWINS window size: 1000000
Will the Prediction Module read information from trace files? NO
File with access time functions: /home/bsc03/bsc03353/forge/agios/access_times.func
AGIOS thinks its user has stripe size of 32768
Will AGIOS generate trace files? NO
Default scheduling algorithm: TO
TWINS window size: 1000000
Will the Prediction Module read information from trace files? NO
File with access time functions: /home/bsc03/bsc03353/forge/agios/access_times.func
AGIOS thinks its user has stripe size of 32768
Will AGIOS generate trace files? NO
Default scheduling algorithm: TO
TWINS window size: 1000000
Will the Prediction Module read information from trace files? NO
File with access time functions: /home/bsc03/bsc03353/forge/agios/access_times.func
AGIOS thinks its user has stripe size of 32768
19:39:55 ERROR /home/bsc03/bsc03353/forge/src/dispatcher/posix.c:61 139657804596992: r->filehandle = 47, r->size = 131072, r->offset = 0
19:39:55 ERROR /home/bsc03/bsc03353/forge/src/dispatcher/posix.c:62 139657804596992: single write -1 of expected 131072
19:39:55 ERROR /home/bsc03/bsc03353/forge/src/dispatcher/posix.c:61 139662099572480: r->filehandle = 39, r->size = 131072, r->offset = 0
19:39:55 ERROR /home/bsc03/bsc03353/forge/src/dispatcher/posix.c:62 139662099572480: single write -1 of expected 131072
19:39:56 ERROR /home/bsc03/bsc03353/forge/src/dispatcher/posix.c:61 140531234346752: r->filehandle = 41, r->size = 131072, r->offset = 0
19:39:56 ERROR /home/bsc03/bsc03353/forge/src/dispatcher/posix.c:62 140531234346752: single write -1 of expected 131072
19:39:56 ERROR /home/bsc03/bsc03353/forge/src/dispatcher/posix.c:61 140546266760960: r->filehandle = 47, r->size = 131072, r->offset = 0
19:39:56 ERROR /home/bsc03/bsc03353/forge/src/dispatcher/posix.c:62 140546266760960: single write -1 of expected 131072
19:39:57 ERROR /home/bsc03/bsc03353/forge/src/dispatcher/posix.c:61 139928810940160: r->filehandle = 38, r->size = 131072, r->offset = 0
19:39:57 ERROR /home/bsc03/bsc03353/forge/src/dispatcher/posix.c:62 139928810940160: single write -1 of expected 131072
19:39:58 ERROR /home/bsc03/bsc03353/forge/src/dispatcher/posix.c:61 140529086859008: r->filehandle = 37, r->size = 131072, r->offset = 0
19:39:58 ERROR /home/bsc03/bsc03353/forge/src/dispatcher/posix.c:62 140529086859008: single write -1 of expected 131072
19:39:59 ERROR /home/bsc03/bsc03353/forge/src/dispatcher/posix.c:61 140550561736448: r->filehandle = 43, r->size = 131072, r->offset = 0
19:39:59 ERROR /home/bsc03/bsc03353/forge/src/dispatcher/posix.c:62 140550561736448: single write -1 of expected 131072
19:39:59 ERROR /home/bsc03/bsc03353/forge/src/dispatcher/posix.c:61 139644508047104: r->filehandle = 40, r->size = 131072, r->offset = 0
19:39:59 ERROR /home/bsc03/bsc03353/forge/src/dispatcher/posix.c:62 139644508047104: single write -1 of expected 131072
19:39:59 ERROR /home/bsc03/bsc03353/forge/src/dispatcher/posix.c:61 139934035060480: r->filehandle = 39, r->size = 131072, r->offset = 0
19:39:59 ERROR /home/bsc03/bsc03353/forge/src/dispatcher/posix.c:62 139934035060480: single write -1 of expected 131072
19:39:59 ERROR /home/bsc03/bsc03353/forge/src/dispatcher/posix.c:61 140320550414080: r->filehandle = 41, r->size = 131072, r->offset = 0
19:39:59 ERROR /home/bsc03/bsc03353/forge/src/dispatcher/posix.c:62 140320550414080: single write -1 of expected 131072
19:40:01 ERROR /home/bsc03/bsc03353/forge/src/dispatcher/posix.c:61 139694208063232: r->filehandle = 36, r->size = 131072, r->offset = 0
19:40:01 ERROR /home/bsc03/bsc03353/forge/src/dispatcher/posix.c:61 139657392973568: r->filehandle = 42, r->size = 131072, r->offset = 0
19:40:01 ERROR /home/bsc03/bsc03353/forge/src/dispatcher/posix.c:62 139657392973568: single write -1 of expected 131072
19:40:01 ERROR /home/bsc03/bsc03353/forge/src/dispatcher/posix.c:62 139694208063232: single write -1 of expected 131072
19:40:03 ERROR /home/bsc03/bsc03353/forge/src/dispatcher/posix.c:61 139642360559360: r->filehandle = 38, r->size = 131072, r->offset = 0
19:40:03 ERROR /home/bsc03/bsc03353/forge/src/dispatcher/posix.c:61 139746811537152: r->filehandle = 35, r->size = 131072, r->offset = 0
19:40:03 ERROR /home/bsc03/bsc03353/forge/src/dispatcher/posix.c:62 139642360559360: single write -1 of expected 131072
19:40:03 ERROR /home/bsc03/bsc03353/forge/src/dispatcher/posix.c:62 139746811537152: single write -1 of expected 131072
19:40:03 ERROR /home/bsc03/bsc03353/forge/src/dispatcher/posix.c:61 139653509621504: r->filehandle = 44, r->size = 131072, r->offset = 0
19:40:03 ERROR /home/bsc03/bsc03353/forge/src/dispatcher/posix.c:62 139653509621504: single write -1 of expected 131072
19:40:03 ERROR /home/bsc03/bsc03353/forge/src/dispatcher/posix.c:61 139948138329856: r->filehandle = 46, r->size = 131072, r->offset = 0
19:40:03 ERROR /home/bsc03/bsc03353/forge/src/dispatcher/posix.c:62 139948138329856: single write -1 of expected 131072
19:40:04 ERROR /home/bsc03/bsc03353/forge/src/dispatcher/posix.c:61 139670585698048: r->filehandle = 40, r->size = 131072, r->offset = 0
19:40:04 ERROR /home/bsc03/bsc03353/forge/src/dispatcher/posix.c:62 139670585698048: single write -1 of expected 131072
19:40:05 ERROR /home/bsc03/bsc03353/forge/src/dispatcher/posix.c:61 139939548378880: r->filehandle = 44, r->size = 131072, r->offset = 0
19:40:05 ERROR /home/bsc03/bsc03353/forge/src/dispatcher/posix.c:62 139939548378880: single write -1 of expected 131072
19:40:06 ERROR /home/bsc03/bsc03353/forge/src/dispatcher/posix.c:61 139681323136768: r->filehandle = 43, r->size = 131072, r->offset = 0
19:40:06 ERROR /home/bsc03/bsc03353/forge/src/dispatcher/posix.c:62 139681323136768: single write -1 of expected 131072
19:40:06 ERROR /home/bsc03/bsc03353/forge/src/dispatcher/posix.c:61 139779023853312: r->filehandle = 40, r->size = 131072, r->offset = 0
19:40:06 ERROR /home/bsc03/bsc03353/forge/src/dispatcher/posix.c:61 139928810940160: r->filehandle = 46, r->size = 131072, r->offset = 131072
19:40:06 ERROR /home/bsc03/bsc03353/forge/src/dispatcher/posix.c:62 139928810940160: single write -1 of expected 131072
19:40:06 ERROR /home/bsc03/bsc03353/forge/src/dispatcher/posix.c:62 139779023853312: single write -1 of expected 131072
19:40:07 ERROR /home/bsc03/bsc03353/forge/src/dispatcher/posix.c:61 139933105915648: r->filehandle = 36, r->size = 131072, r->offset = 0
19:40:07 ERROR /home/bsc03/bsc03353/forge/src/dispatcher/posix.c:62 139933105915648: single write -1 of expected 131072
19:40:07 ERROR /home/bsc03/bsc03353/forge/src/dispatcher/posix.c:61 140533381834496: r->filehandle = 42, r->size = 131072, r->offset = 0
19:40:07 ERROR /home/bsc03/bsc03353/forge/src/dispatcher/posix.c:62 140533381834496: single write -1 of expected 131072
19:40:07 ERROR /home/bsc03/bsc03353/forge/src/dispatcher/posix.c:61 139672733185792: r->filehandle = 47, r->size = 131072, r->offset = 0
19:40:07 ERROR /home/bsc03/bsc03353/forge/src/dispatcher/posix.c:62 139672733185792: single write -1 of expected 131072
19:40:10 ERROR /home/bsc03/bsc03353/forge/src/dispatcher/posix.c:61 139946919986944: r->filehandle = 38, r->size = 131072, r->offset = 0
19:40:10 ERROR /home/bsc03/bsc03353/forge/src/dispatcher/posix.c:62 139946919986944: single write -1 of expected 131072
19:40:10 ERROR /home/bsc03/bsc03353/forge/src/dispatcher/posix.c:61 139651362133760: r->filehandle = 45, r->size = 131072, r->offset = 0
19:40:10 ERROR /home/bsc03/bsc03353/forge/src/dispatcher/posix.c:62 139651362133760: single write -1 of expected 131072
19:40:10 ERROR /home/bsc03/bsc03353/forge/src/dispatcher/posix.c:61 139674572875520: r->filehandle = 41, r->size = 131072, r->offset = 0
19:40:10 ERROR /home/bsc03/bsc03353/forge/src/dispatcher/posix.c:62 139674572875520: single write -1 of expected 131072
19:40:10 ERROR /home/bsc03/bsc03353/forge/src/dispatcher/posix.c:61 139937400891136: r->filehandle = 43, r->size = 131072, r->offset = 0
19:40:10 ERROR /home/bsc03/bsc03353/forge/src/dispatcher/posix.c:62 139937400891136: single write -1 of expected 131072
19:40:12 ERROR /home/bsc03/bsc03353/forge/src/dispatcher/posix.c:61 139770433902336: r->filehandle = 43, r->size = 131072, r->offset = 0
19:40:12 ERROR /home/bsc03/bsc03353/forge/src/dispatcher/posix.c:61 139674880673536: r->filehandle = 39, r->size = 131072, r->offset = 0
19:40:12 ERROR /home/bsc03/bsc03353/forge/src/dispatcher/posix.c:62 139674880673536: single write -1 of expected 131072
19:40:12 ERROR /home/bsc03/bsc03353/forge/src/dispatcher/posix.c:62 139770433902336: single write -1 of expected 131072
19:40:12 ERROR /home/bsc03/bsc03353/forge/src/dispatcher/posix.c:61 140314107950848: r->filehandle = 46, r->size = 131072, r->offset = 0
19:40:12 ERROR /home/bsc03/bsc03353/forge/src/dispatcher/posix.c:62 140314107950848: single write -1 of expected 131072
19:40:12 ERROR /home/bsc03/bsc03353/forge/src/dispatcher/posix.c:61 139683574449920: r->filehandle = 41, r->size = 131072, r->offset = 0
19:40:12 ERROR /home/bsc03/bsc03353/forge/src/dispatcher/posix.c:62 139683574449920: single write -1 of expected 131072
19:40:12 ERROR /home/bsc03/bsc03353/forge/src/dispatcher/posix.c:61 140548414248704: r->filehandle = 39, r->size = 131072, r->offset = 0
19:40:13 ERROR /home/bsc03/bsc03353/forge/src/dispatcher/posix.c:62 140548414248704: single write -1 of expected 131072
19:40:13 ERROR /home/bsc03/bsc03353/forge/src/dispatcher/posix.c:61 139923297621760: r->filehandle = 40, r->size = 131072, r->offset = 0
19:40:13 ERROR /home/bsc03/bsc03353/forge/src/dispatcher/posix.c:62 139923297621760: single write -1 of expected 131072
19:40:15 ERROR /home/bsc03/bsc03353/forge/src/dispatcher/posix.c:61 140324845389568: r->filehandle = 45, r->size = 131072, r->offset = 0
19:40:15 ERROR /home/bsc03/bsc03353/forge/src/dispatcher/posix.c:62 140324845389568: single write -1 of expected 131072
19:40:15 ERROR /home/bsc03/bsc03353/forge/src/dispatcher/posix.c:61 139668438210304: r->filehandle = 40, r->size = 131072, r->offset = 131072
19:40:15 ERROR /home/bsc03/bsc03353/forge/src/dispatcher/posix.c:62 139668438210304: single write -1 of expected 131072
19:40:15 ERROR /home/bsc03/bsc03353/forge/src/dispatcher/posix.c:61 139659952084736: r->filehandle = 36, r->size = 131072, r->offset = 0
19:40:15 ERROR /home/bsc03/bsc03353/forge/src/dispatcher/posix.c:62 139659952084736: single write -1 of expected 131072
19:40:16 ERROR /home/bsc03/bsc03353/forge/src/dispatcher/posix.c:61 139950285817600: r->filehandle = 40, r->size = 131072, r->offset = 0
19:40:16 ERROR /home/bsc03/bsc03353/forge/src/dispatcher/posix.c:62 139950285817600: single write -1 of expected 131072
19:40:16 ERROR /home/bsc03/bsc03353/forge/src/dispatcher/posix.c:61 139930958427904: r->filehandle = 37, r->size = 131072, r->offset = 0
19:40:16 ERROR /home/bsc03/bsc03353/forge/src/dispatcher/posix.c:62 139930958427904: single write -1 of expected 131072
19:40:17 ERROR /home/bsc03/bsc03353/forge/src/dispatcher/posix.c:61 140305517999872: r->filehandle = 39, r->size = 131072, r->offset = 0
19:40:17 ERROR /home/bsc03/bsc03353/forge/src/dispatcher/posix.c:62 140305517999872: single write -1 of expected 131072
19:40:17 ERROR /home/bsc03/bsc03353/forge/src/dispatcher/posix.c:61 139774728877824: r->filehandle = 41, r->size = 131072, r->offset = 0
19:40:17 ERROR /home/bsc03/bsc03353/forge/src/dispatcher/posix.c:61 139918073501440: r->filehandle = 36, r->size = 131072, r->offset = 131072
19:40:17 ERROR /home/bsc03/bsc03353/forge/src/dispatcher/posix.c:61 139653097998080: r->filehandle = 47, r->size = 131072, r->offset = 0
19:40:17 ERROR /home/bsc03/bsc03353/forge/src/dispatcher/posix.c:61 139700650526464: r->filehandle = 41, r->size = 131072, r->offset = 0
19:40:17 ERROR /home/bsc03/bsc03353/forge/src/dispatcher/posix.c:62 139918073501440: single write -1 of expected 131072
19:40:17 ERROR /home/bsc03/bsc03353/forge/src/dispatcher/posix.c:62 139653097998080: single write -1 of expected 131072
19:40:17 ERROR /home/bsc03/bsc03353/forge/src/dispatcher/posix.c:62 139774728877824: single write -1 of expected 131072
19:40:17 ERROR /home/bsc03/bsc03353/forge/src/dispatcher/posix.c:62 139700650526464: single write -1 of expected 131072
19:40:18 ERROR /home/bsc03/bsc03353/forge/src/dispatcher/posix.c:61 140335582828288: r->filehandle = 41, r->size = 131072, r->offset = 131072
19:40:18 ERROR /home/bsc03/bsc03353/forge/src/dispatcher/posix.c:62 140335582828288: single write -1 of expected 131072
19:40:19 ERROR /home/bsc03/bsc03353/forge/src/dispatcher/posix.c:61 139672837011200: r->filehandle = 44, r->size = 131072, r->offset = 131072
19:40:19 ERROR /home/bsc03/bsc03353/forge/src/dispatcher/posix.c:62 139672837011200: single write -1 of expected 131072
19:40:19 ERROR /home/bsc03/bsc03353/forge/src/dispatcher/posix.c:61 139670689523456: r->filehandle = 46, r->size = 131072, r->offset = 0
19:40:19 ERROR /home/bsc03/bsc03353/forge/src/dispatcher/posix.c:62 139670689523456: single write -1 of expected 131072
19:40:20 ERROR /home/bsc03/bsc03353/forge/src/dispatcher/posix.c:61 139646655534848: r->filehandle = 43, r->size = 131072, r->offset = 0
19:40:20 ERROR /home/bsc03/bsc03353/forge/src/dispatcher/posix.c:62 139646655534848: single write -1 of expected 131072
19:40:20 ERROR /home/bsc03/bsc03353/forge/src/dispatcher/posix.c:61 139763991439104: r->filehandle = 42, r->size = 131072, r->offset = 0
19:40:20 ERROR /home/bsc03/bsc03353/forge/src/dispatcher/posix.c:62 139763991439104: single write -1 of expected 131072
19:40:21 ERROR /home/bsc03/bsc03353/forge/src/dispatcher/posix.c:61 140316255438592: r->filehandle = 46, r->size = 131072, r->offset = 131072
19:40:21 ERROR /home/bsc03/bsc03353/forge/src/dispatcher/posix.c:62 140316255438592: single write -1 of expected 131072
19:40:21 ERROR /home/bsc03/bsc03353/forge/src/dispatcher/posix.c:61 140557004199680: r->filehandle = 41, r->size = 131072, r->offset = 131072
19:40:21 ERROR /home/bsc03/bsc03353/forge/src/dispatcher/posix.c:62 140557004199680: single write -1 of expected 131072
19:40:22 ERROR /home/bsc03/bsc03353/forge/src/dispatcher/posix.c:61 139937400891136: r->filehandle = 40, r->size = 131072, r->offset = 131072
19:40:22 ERROR /home/bsc03/bsc03353/forge/src/dispatcher/posix.c:62 139937400891136: single write -1 of expected 131072
19:40:22 ERROR /home/bsc03/bsc03353/forge/src/dispatcher/posix.c:61 139685618112256: r->filehandle = 37, r->size = 131072, r->offset = 0
19:40:22 ERROR /home/bsc03/bsc03353/forge/src/dispatcher/posix.c:62 139685618112256: single write -1 of expected 131072
19:40:22 ERROR /home/bsc03/bsc03353/forge/src/dispatcher/posix.c:61 139668130412288: r->filehandle = 38, r->size = 131072, r->offset = 131072
19:40:22 ERROR /home/bsc03/bsc03353/forge/src/dispatcher/posix.c:62 139668130412288: single write -1 of expected 131072
19:40:23 ERROR /home/bsc03/bsc03353/forge/src/dispatcher/posix.c:61 139698503038720: r->filehandle = 42, r->size = 131072, r->offset = 0
19:40:23 ERROR /home/bsc03/bsc03353/forge/src/dispatcher/posix.c:61 139929740084992: r->filehandle = 41, r->size = 131072, r->offset = 0
19:40:23 ERROR /home/bsc03/bsc03353/forge/src/dispatcher/posix.c:62 139698503038720: single write -1 of expected 131072
19:40:23 ERROR /home/bsc03/bsc03353/forge/src/dispatcher/posix.c:62 139929740084992: single write -1 of expected 131072
19:40:24 ERROR /home/bsc03/bsc03353/forge/src/dispatcher/posix.c:61 139650950510336: r->filehandle = 41, r->size = 131072, r->offset = 131072
19:40:24 ERROR /home/bsc03/bsc03353/forge/src/dispatcher/posix.c:62 139650950510336: single write -1 of expected 131072
19:40:25 ERROR /home/bsc03/bsc03353/forge/src/dispatcher/posix.c:61 139661687949056: r->filehandle = 47, r->size = 131072, r->offset = 131072
19:40:25 ERROR /home/bsc03/bsc03353/forge/src/dispatcher/posix.c:62 139661687949056: single write -1 of expected 131072
19:40:25 ERROR /home/bsc03/bsc03353/forge/src/dispatcher/posix.c:61 140326992877312: r->filehandle = 42, r->size = 131072, r->offset = 0
19:40:25 ERROR /home/bsc03/bsc03353/forge/src/dispatcher/posix.c:62 140326992877312: single write -1 of expected 131072
19:40:25 ERROR /home/bsc03/bsc03353/forge/src/dispatcher/posix.c:61 139746811537152: r->filehandle = 40, r->size = 131072, r->offset = 131072
19:40:25 ERROR /home/bsc03/bsc03353/forge/src/dispatcher/posix.c:62 139746811537152: single write -1 of expected 131072
19:40:26 ERROR /home/bsc03/bsc03353/forge/src/dispatcher/posix.c:61 139672733185792: r->filehandle = 37, r->size = 131072, r->offset = 131072
19:40:26 ERROR /home/bsc03/bsc03353/forge/src/dispatcher/posix.c:62 139672733185792: single write -1 of expected 131072
19:40:27 ERROR /home/bsc03/bsc03353/forge/src/dispatcher/posix.c:61 140303370512128: r->filehandle = 47, r->size = 131072, r->offset = 0
19:40:27 ERROR /home/bsc03/bsc03353/forge/src/dispatcher/posix.c:62 140303370512128: single write -1 of expected 131072
19:40:30 ERROR /home/bsc03/bsc03353/forge/src/dispatcher/posix.c:61 139666394547968: r->filehandle = 43, r->size = 131072, r->offset = 0
19:40:30 ERROR /home/bsc03/bsc03353/forge/src/dispatcher/posix.c:62 139666394547968: single write -1 of expected 131072
19:40:31 ERROR /home/bsc03/bsc03353/forge/src/dispatcher/posix.c:61 140322697901824: r->filehandle = 36, r->size = 131072, r->offset = 0
19:40:31 ERROR /home/bsc03/bsc03353/forge/src/dispatcher/posix.c:62 140322697901824: single write -1 of expected 131072
19:40:31 ERROR /home/bsc03/bsc03353/forge/src/dispatcher/posix.c:61 139922368476928: r->filehandle = 39, r->size = 131072, r->offset = 0
19:40:31 ERROR /home/bsc03/bsc03353/forge/src/dispatcher/posix.c:62 139922368476928: single write -1 of expected 131072
19:40:31 ERROR /home/bsc03/bsc03353/forge/src/dispatcher/posix.c:61 139951214962432: r->filehandle = 43, r->size = 131072, r->offset = 0
19:40:31 ERROR /home/bsc03/bsc03353/forge/src/dispatcher/posix.c:62 139951214962432: single write -1 of expected 131072
19:40:32 ERROR /home/bsc03/bsc03353/forge/src/dispatcher/posix.c:61 139948138329856: r->filehandle = 43, r->size = 131072, r->offset = 131072
19:40:32 ERROR /home/bsc03/bsc03353/forge/src/dispatcher/posix.c:61 140537676809984: r->filehandle = 37, r->size = 131072, r->offset = 131072
19:40:32 ERROR /home/bsc03/bsc03353/forge/src/dispatcher/posix.c:62 139948138329856: single write -1 of expected 131072
19:40:32 ERROR /home/bsc03/bsc03353/forge/src/dispatcher/posix.c:62 140537676809984: single write -1 of expected 131072
19:40:33 ERROR /home/bsc03/bsc03353/forge/src/dispatcher/posix.c:61 140329140365056: r->filehandle = 39, r->size = 131072, r->offset = 131072
19:40:33 ERROR /home/bsc03/bsc03353/forge/src/dispatcher/posix.c:62 140329140365056: single write -1 of expected 131072
19:40:34 ERROR /home/bsc03/bsc03353/forge/src/dispatcher/posix.c:61 139665982924544: r->filehandle = 37, r->size = 131072, r->offset = 0
19:40:34 ERROR /home/bsc03/bsc03353/forge/src/dispatcher/posix.c:62 139665982924544: single write -1 of expected 131072
19:40:35 ERROR /home/bsc03/bsc03353/forge/src/dispatcher/posix.c:61 139659540461312: r->filehandle = 44, r->size = 131072, r->offset = 0
19:40:35 ERROR /home/bsc03/bsc03353/forge/src/dispatcher/posix.c:62 139659540461312: single write -1 of expected 131072
19:40:35 ERROR /home/bsc03/bsc03353/forge/src/dispatcher/posix.c:61 139939548378880: r->filehandle = 46, r->size = 131072, r->offset = 262144
19:40:35 ERROR /home/bsc03/bsc03353/forge/src/dispatcher/posix.c:61 139768286414592: r->filehandle = 43, r->size = 131072, r->offset = 131072
19:40:35 ERROR /home/bsc03/bsc03353/forge/src/dispatcher/posix.c:61 140333435340544: r->filehandle = 38, r->size = 131072, r->offset = 0
19:40:35 ERROR /home/bsc03/bsc03353/forge/src/dispatcher/posix.c:61 140552709224192: r->filehandle = 43, r->size = 131072, r->offset = 131072
19:40:35 ERROR /home/bsc03/bsc03353/forge/src/dispatcher/posix.c:61 139942625011456: r->filehandle = 46, r->size = 131072, r->offset = 0
19:40:35 ERROR /home/bsc03/bsc03353/forge/src/dispatcher/posix.c:62 139939548378880: single write -1 of expected 131072
19:40:35 ERROR /home/bsc03/bsc03353/forge/src/dispatcher/posix.c:62 140552709224192: single write -1 of expected 131072
19:40:35 ERROR /home/bsc03/bsc03353/forge/src/dispatcher/posix.c:62 140333435340544: single write -1 of expected 131072
19:40:35 ERROR /home/bsc03/bsc03353/forge/src/dispatcher/posix.c:62 139942625011456: single write -1 of expected 131072
19:40:35 ERROR /home/bsc03/bsc03353/forge/src/dispatcher/posix.c:62 139768286414592: single write -1 of expected 131072
19:40:37 ERROR /home/bsc03/bsc03353/forge/src/dispatcher/posix.c:61 139677131986688: r->filehandle = 45, r->size = 131072, r->offset = 131072
19:40:37 ERROR /home/bsc03/bsc03353/forge/src/dispatcher/posix.c:62 139677131986688: single write -1 of expected 131072
19:40:38 ERROR /home/bsc03/bsc03353/forge/src/dispatcher/posix.c:61 139683574449920: r->filehandle = 36, r->size = 131072, r->offset = 131072
19:40:38 ERROR /home/bsc03/bsc03353/forge/src/dispatcher/posix.c:62 139683574449920: single write -1 of expected 131072
19:40:38 ERROR /home/bsc03/bsc03353/forge/src/dispatcher/posix.c:61 139776876365568: r->filehandle = 41, r->size = 131072, r->offset = 131072
19:40:38 ERROR /home/bsc03/bsc03353/forge/src/dispatcher/posix.c:61 139920220989184: r->filehandle = 40, r->size = 131072, r->offset = 262144
19:40:38 ERROR /home/bsc03/bsc03353/forge/src/dispatcher/posix.c:62 139920220989184: single write -1 of expected 131072
19:40:38 ERROR /home/bsc03/bsc03353/forge/src/dispatcher/posix.c:62 139776876365568: single write -1 of expected 131072
19:40:39 ERROR /home/bsc03/bsc03353/forge/src/dispatcher/posix.c:61 140529086859008: r->filehandle = 41, r->size = 131072, r->offset = 262144
19:40:39 ERROR /home/bsc03/bsc03353/forge/src/dispatcher/posix.c:62 140529086859008: single write -1 of expected 131072
19:40:39 ERROR /home/bsc03/bsc03353/forge/src/dispatcher/posix.c:61 139657392973568: r->filehandle = 43, r->size = 131072, r->offset = 131072
19:40:39 ERROR /home/bsc03/bsc03353/forge/src/dispatcher/posix.c:62 139657392973568: single write -1 of expected 131072
19:40:40 ERROR /home/bsc03/bsc03353/forge/src/dispatcher/posix.c:61 139919002646272: r->filehandle = 39, r->size = 131072, r->offset = 131072
19:40:40 ERROR /home/bsc03/bsc03353/forge/src/dispatcher/posix.c:62 139919002646272: single write -1 of expected 131072
19:40:40 ERROR /home/bsc03/bsc03353/forge/src/dispatcher/posix.c:61 139931887572736: r->filehandle = 37, r->size = 131072, r->offset = 0
19:40:40 ERROR /home/bsc03/bsc03353/forge/src/dispatcher/posix.c:62 139931887572736: single write -1 of expected 131072
19:40:42 ERROR /home/bsc03/bsc03353/forge/src/dispatcher/posix.c:61 139655245485824: r->filehandle = 45, r->size = 131072, r->offset = 0
19:40:42 ERROR /home/bsc03/bsc03353/forge/src/dispatcher/posix.c:62 139655245485824: single write -1 of expected 131072
19:40:43 ERROR /home/bsc03/bsc03353/forge/src/dispatcher/posix.c:61 139944772499200: r->filehandle = 38, r->size = 131072, r->offset = 131072
19:40:43 ERROR /home/bsc03/bsc03353/forge/src/dispatcher/posix.c:62 139944772499200: single write -1 of expected 131072
19:40:43 ERROR /home/bsc03/bsc03353/forge/src/dispatcher/posix.c:61 139681426962176: r->filehandle = 39, r->size = 131072, r->offset = 131072
19:40:43 ERROR /home/bsc03/bsc03353/forge/src/dispatcher/posix.c:62 139681426962176: single write -1 of expected 131072
19:40:44 ERROR /home/bsc03/bsc03353/forge/src/dispatcher/posix.c:61 139659952084736: r->filehandle = 44, r->size = 131072, r->offset = 262144
19:40:44 ERROR /home/bsc03/bsc03353/forge/src/dispatcher/posix.c:62 139659952084736: single write -1 of expected 131072
19:40:45 ERROR /home/bsc03/bsc03353/forge/src/dispatcher/posix.c:61 139685618112256: r->filehandle = 42, r->size = 131072, r->offset = 131072
19:40:45 ERROR /home/bsc03/bsc03353/forge/src/dispatcher/posix.c:62 139685618112256: single write -1 of expected 131072
19:40:45 ERROR /home/bsc03/bsc03353/forge/src/dispatcher/posix.c:61 139926663452416: r->filehandle = 38, r->size = 131072, r->offset = 131072
19:40:46 ERROR /home/bsc03/bsc03353/forge/src/dispatcher/posix.c:62 139926663452416: single write -1 of expected 131072
19:40:46 ERROR /home/bsc03/bsc03353/forge/src/dispatcher/posix.c:61 139761843951360: r->filehandle = 37, r->size = 131072, r->offset = 0
19:40:46 ERROR /home/bsc03/bsc03353/forge/src/dispatcher/posix.c:62 139761843951360: single write -1 of expected 131072
19:40:47 ERROR /home/bsc03/bsc03353/forge/src/dispatcher/posix.c:61 139674880673536: r->filehandle = 40, r->size = 131072, r->offset = 262144
19:40:47 ERROR /home/bsc03/bsc03353/forge/src/dispatcher/posix.c:62 139674880673536: single write -1 of expected 131072
19:40:47 ERROR /home/bsc03/bsc03353/forge/src/dispatcher/posix.c:61 139651362133760: r->filehandle = 46, r->size = 131072, r->offset = 131072
19:40:47 ERROR /home/bsc03/bsc03353/forge/src/dispatcher/posix.c:62 139651362133760: single write -1 of expected 131072
19:40:48 ERROR /home/bsc03/bsc03353/forge/src/dispatcher/posix.c:61 139694208063232: r->filehandle = 39, r->size = 131072, r->offset = 131072
19:40:48 ERROR /home/bsc03/bsc03353/forge/src/dispatcher/posix.c:62 139694208063232: single write -1 of expected 131072
19:40:48 ERROR /home/bsc03/bsc03353/forge/src/dispatcher/posix.c:61 139653509621504: r->filehandle = 45, r->size = 131072, r->offset = 262144
19:40:48 ERROR /home/bsc03/bsc03353/forge/src/dispatcher/posix.c:61 139937400891136: r->filehandle = 40, r->size = 131072, r->offset = 393216
19:40:48 ERROR /home/bsc03/bsc03353/forge/src/dispatcher/posix.c:62 139653509621504: single write -1 of expected 131072
19:40:48 ERROR /home/bsc03/bsc03353/forge/src/dispatcher/posix.c:62 139937400891136: single write -1 of expected 131072
19:40:48 ERROR /home/bsc03/bsc03353/forge/src/dispatcher/posix.c:61 139646655534848: r->filehandle = 37, r->size = 131072, r->offset = 131072
19:40:48 ERROR /home/bsc03/bsc03353/forge/src/dispatcher/posix.c:62 139646655534848: single write -1 of expected 131072
19:40:49 ERROR /home/bsc03/bsc03353/forge/src/dispatcher/posix.c:61 139683470624512: r->filehandle = 43, r->size = 131072, r->offset = 131072
19:40:49 ERROR /home/bsc03/bsc03353/forge/src/dispatcher/posix.c:62 139683470624512: single write -1 of expected 131072
19:40:49 ERROR /home/bsc03/bsc03353/forge/src/dispatcher/posix.c:61 140559151687424: r->filehandle = 47, r->size = 131072, r->offset = 131072
19:40:49 ERROR /home/bsc03/bsc03353/forge/src/dispatcher/posix.c:62 140559151687424: single write -1 of expected 131072
19:40:51 ERROR /home/bsc03/bsc03353/forge/src/dispatcher/posix.c:61 139945990842112: r->filehandle = 47, r->size = 131072, r->offset = 0
19:40:51 ERROR /home/bsc03/bsc03353/forge/src/dispatcher/posix.c:62 139945990842112: single write -1 of expected 131072
19:40:52 ERROR /home/bsc03/bsc03353/forge/src/dispatcher/posix.c:61 139935253403392: r->filehandle = 41, r->size = 131072, r->offset = 0
19:40:52 ERROR /home/bsc03/bsc03353/forge/src/dispatcher/posix.c:62 139935253403392: single write -1 of expected 131072
19:40:52 ERROR /home/bsc03/bsc03353/forge/src/dispatcher/posix.c:61 139642360559360: r->filehandle = 38, r->size = 131072, r->offset = 262144
19:40:52 ERROR /home/bsc03/bsc03353/forge/src/dispatcher/posix.c:62 139642360559360: single write -1 of expected 131072
19:40:53 ERROR /home/bsc03/bsc03353/forge/src/dispatcher/posix.c:61 139766138926848: r->filehandle = 42, r->size = 131072, r->offset = 131072
19:40:53 ERROR /home/bsc03/bsc03353/forge/src/dispatcher/posix.c:62 139766138926848: single write -1 of expected 131072
19:40:54 ERROR /home/bsc03/bsc03353/forge/src/dispatcher/posix.c:61 140318402926336: r->filehandle = 40, r->size = 131072, r->offset = 0
19:40:54 ERROR /home/bsc03/bsc03353/forge/src/dispatcher/posix.c:62 140318402926336: single write -1 of expected 131072
19:40:54 ERROR /home/bsc03/bsc03353/forge/src/dispatcher/posix.c:61 139681426962176: r->filehandle = 44, r->size = 131072, r->offset = 393216
19:40:54 ERROR /home/bsc03/bsc03353/forge/src/dispatcher/posix.c:61 139925445109504: r->filehandle = 41, r->size = 131072, r->offset = 131072
19:40:54 ERROR /home/bsc03/bsc03353/forge/src/dispatcher/posix.c:62 139681426962176: single write -1 of expected 131072
19:40:54 ERROR /home/bsc03/bsc03353/forge/src/dispatcher/posix.c:62 139925445109504: single write -1 of expected 131072
19:40:54 ERROR /home/bsc03/bsc03353/forge/src/dispatcher/posix.c:61 139755401488128: r->filehandle = 46, r->size = 131072, r->offset = 0
19:40:54 ERROR /home/bsc03/bsc03353/forge/src/dispatcher/posix.c:61 139679175649024: r->filehandle = 44, r->size = 131072, r->offset = 0
19:40:54 ERROR /home/bsc03/bsc03353/forge/src/dispatcher/posix.c:62 139755401488128: single write -1 of expected 131072
19:40:54 ERROR /home/bsc03/bsc03353/forge/src/dispatcher/posix.c:62 139679175649024: single write -1 of expected 131072
19:40:54 ERROR /home/bsc03/bsc03353/forge/src/dispatcher/posix.c:61 139922368476928: r->filehandle = 38, r->size = 131072, r->offset = 262144
19:40:54 ERROR /home/bsc03/bsc03353/forge/src/dispatcher/posix.c:62 139922368476928: single write -1 of expected 131072
19:40:55 ERROR /home/bsc03/bsc03353/forge/src/dispatcher/posix.c:61 140531234346752: r->filehandle = 42, r->size = 131072, r->offset = 131072
19:40:55 ERROR /home/bsc03/bsc03353/forge/src/dispatcher/posix.c:62 140531234346752: single write -1 of expected 131072
19:40:56 ERROR /home/bsc03/bsc03353/forge/src/dispatcher/posix.c:61 139683574449920: r->filehandle = 39, r->size = 131072, r->offset = 262144
19:40:56 ERROR /home/bsc03/bsc03353/forge/src/dispatcher/posix.c:62 139683574449920: single write -1 of expected 131072
19:40:56 ERROR /home/bsc03/bsc03353/forge/src/dispatcher/posix.c:61 140548414248704: r->filehandle = 41, r->size = 131072, r->offset = 393216
19:40:56 ERROR /home/bsc03/bsc03353/forge/src/dispatcher/posix.c:62 140548414248704: single write -1 of expected 131072
19:40:56 ERROR /home/bsc03/bsc03353/forge/src/dispatcher/posix.c:61 139648803022592: r->filehandle = 46, r->size = 131072, r->offset = 0
19:40:56 ERROR /home/bsc03/bsc03353/forge/src/dispatcher/posix.c:61 139696355550976: r->filehandle = 36, r->size = 131072, r->offset = 131072
19:40:56 ERROR /home/bsc03/bsc03353/forge/src/dispatcher/posix.c:62 139696355550976: single write -1 of expected 131072
19:40:56 ERROR /home/bsc03/bsc03353/forge/src/dispatcher/posix.c:62 139648803022592: single write -1 of expected 131072
19:40:57 ERROR /home/bsc03/bsc03353/forge/src/dispatcher/posix.c:61 139927592597248: r->filehandle = 40, r->size = 131072, r->offset = 131072
19:40:57 ERROR /home/bsc03/bsc03353/forge/src/dispatcher/posix.c:62 139927592597248: single write -1 of expected 131072
19:40:58 ERROR /home/bsc03/bsc03353/forge/src/dispatcher/posix.c:61 139934035060480: r->filehandle = 43, r->size = 131072, r->offset = 131072
19:40:58 ERROR /home/bsc03/bsc03353/forge/src/dispatcher/posix.c:62 139934035060480: single write -1 of expected 131072
19:40:58 ERROR /home/bsc03/bsc03353/forge/src/dispatcher/posix.c:61 140331287852800: r->filehandle = 46, r->size = 131072, r->offset = 262144
19:40:58 ERROR /home/bsc03/bsc03353/forge/src/dispatcher/posix.c:62 140331287852800: single write -1 of expected 131072
19:40:59 ERROR /home/bsc03/bsc03353/forge/src/dispatcher/posix.c:61 140554856711936: r->filehandle = 40, r->size = 131072, r->offset = 0
19:40:59 ERROR /home/bsc03/bsc03353/forge/src/dispatcher/posix.c:62 140554856711936: single write -1 of expected 131072
19:41:00 ERROR /home/bsc03/bsc03353/forge/src/dispatcher/posix.c:61 139663835436800: r->filehandle = 39, r->size = 131072, r->offset = 0
19:41:00 ERROR /home/bsc03/bsc03353/forge/src/dispatcher/posix.c:62 139663835436800: single write -1 of expected 131072
19:41:01 ERROR /home/bsc03/bsc03353/forge/src/dispatcher/posix.c:61 140309812975360: r->filehandle = 44, r->size = 131072, r->offset = 0
19:41:01 ERROR /home/bsc03/bsc03353/forge/src/dispatcher/posix.c:62 140309812975360: single write -1 of expected 131072
19:41:01 ERROR /home/bsc03/bsc03353/forge/src/dispatcher/posix.c:61 139941695866624: r->filehandle = 45, r->size = 131072, r->offset = 0
19:41:01 ERROR /home/bsc03/bsc03353/forge/src/dispatcher/posix.c:62 139941695866624: single write -1 of expected 131072
19:41:01 ERROR /home/bsc03/bsc03353/forge/src/dispatcher/posix.c:61 139687765600000: r->filehandle = 38, r->size = 131072, r->offset = 0
19:41:01 ERROR /home/bsc03/bsc03353/forge/src/dispatcher/posix.c:62 139687765600000: single write -1 of expected 131072
19:41:01 ERROR /home/bsc03/bsc03353/forge/src/dispatcher/posix.c:61 139770433902336: r->filehandle = 43, r->size = 131072, r->offset = 262144
19:41:01 ERROR /home/bsc03/bsc03353/forge/src/dispatcher/posix.c:62 139770433902336: single write -1 of expected 131072
19:41:05 ERROR /home/bsc03/bsc03353/forge/src/dispatcher/posix.c:61 139923297621760: r->filehandle = 39, r->size = 131072, r->offset = 262144
19:41:05 ERROR /home/bsc03/bsc03353/forge/src/dispatcher/posix.c:62 139923297621760: single write -1 of expected 131072
19:41:06 ERROR /home/bsc03/bsc03353/forge/src/dispatcher/posix.c:61 140307665487616: r->filehandle = 37, r->size = 131072, r->offset = 0
19:41:06 ERROR /home/bsc03/bsc03353/forge/src/dispatcher/posix.c:62 140307665487616: single write -1 of expected 131072
19:41:07 ERROR /home/bsc03/bsc03353/forge/src/dispatcher/posix.c:61 140311960463104: r->filehandle = 43, r->size = 131072, r->offset = 0
19:41:07 ERROR /home/bsc03/bsc03353/forge/src/dispatcher/posix.c:62 140311960463104: single write -1 of expected 131072
19:41:07 ERROR /home/bsc03/bsc03353/forge/src/dispatcher/posix.c:61 139659952084736: r->filehandle = 46, r->size = 131072, r->offset = 262144
19:41:07 ERROR /home/bsc03/bsc03353/forge/src/dispatcher/posix.c:62 139659952084736: single write -1 of expected 131072
19:41:07 ERROR /home/bsc03/bsc03353/forge/src/dispatcher/posix.c:61 140537676809984: r->filehandle = 43, r->size = 131072, r->offset = 262144
19:41:07 ERROR /home/bsc03/bsc03353/forge/src/dispatcher/posix.c:62 140537676809984: single write -1 of expected 131072
19:41:08 ERROR /home/bsc03/bsc03353/forge/src/dispatcher/posix.c:61 139942625011456: r->filehandle = 41, r->size = 131072, r->offset = 262144
19:41:08 ERROR /home/bsc03/bsc03353/forge/src/dispatcher/posix.c:61 140303370512128: r->filehandle = 40, r->size = 131072, r->offset = 131072
19:41:08 ERROR /home/bsc03/bsc03353/forge/src/dispatcher/posix.c:62 140303370512128: single write -1 of expected 131072
19:41:08 ERROR /home/bsc03/bsc03353/forge/src/dispatcher/posix.c:62 139942625011456: single write -1 of expected 131072
19:41:08 ERROR /home/bsc03/bsc03353/forge/src/dispatcher/posix.c:61 139653097998080: r->filehandle = 47, r->size = 131072, r->offset = 262144
19:41:08 ERROR /home/bsc03/bsc03353/forge/src/dispatcher/posix.c:62 139653097998080: single write -1 of expected 131072
19:41:09 ERROR /home/bsc03/bsc03353/forge/src/dispatcher/posix.c:61 140335582828288: r->filehandle = 36, r->size = 131072, r->offset = 131072
19:41:09 ERROR /home/bsc03/bsc03353/forge/src/dispatcher/posix.c:61 139655657109248: r->filehandle = 37, r->size = 131072, r->offset = 0
19:41:09 ERROR /home/bsc03/bsc03353/forge/src/dispatcher/posix.c:62 140335582828288: single write -1 of expected 131072
19:41:09 ERROR /home/bsc03/bsc03353/forge/src/dispatcher/posix.c:62 139655657109248: single write -1 of expected 131072
19:41:09 ERROR /home/bsc03/bsc03353/forge/src/dispatcher/posix.c:61 140561299175168: r->filehandle = 44, r->size = 131072, r->offset = 0
19:41:09 ERROR /home/bsc03/bsc03353/forge/src/dispatcher/posix.c:62 140561299175168: single write -1 of expected 131072
19:41:10 ERROR /home/bsc03/bsc03353/forge/src/dispatcher/posix.c:61 139933105915648: r->filehandle = 36, r->size = 131072, r->offset = 262144
19:41:10 ERROR /home/bsc03/bsc03353/forge/src/dispatcher/posix.c:61 139692060575488: r->filehandle = 47, r->size = 131072, r->offset = 131072
19:41:10 ERROR /home/bsc03/bsc03353/forge/src/dispatcher/posix.c:62 139933105915648: single write -1 of expected 131072
19:41:10 ERROR /home/bsc03/bsc03353/forge/src/dispatcher/posix.c:62 139692060575488: single write -1 of expected 131072
19:41:10 ERROR /home/bsc03/bsc03353/forge/src/dispatcher/posix.c:61 139662099572480: r->filehandle = 43, r->size = 131072, r->offset = 131072
19:41:10 ERROR /home/bsc03/bsc03353/forge/src/dispatcher/posix.c:62 139662099572480: single write -1 of expected 131072
19:41:11 ERROR /home/bsc03/bsc03353/forge/src/dispatcher/posix.c:61 139666394547968: r->filehandle = 44, r->size = 131072, r->offset = 524288
19:41:11 ERROR /home/bsc03/bsc03353/forge/src/dispatcher/posix.c:62 139666394547968: single write -1 of expected 131072
19:41:11 ERROR /home/bsc03/bsc03353/forge/src/dispatcher/posix.c:61 140320550414080: r->filehandle = 41, r->size = 131072, r->offset = 262144
19:41:11 ERROR /home/bsc03/bsc03353/forge/src/dispatcher/posix.c:62 140320550414080: single write -1 of expected 131072
19:41:12 ERROR /home/bsc03/bsc03353/forge/src/dispatcher/posix.c:61 139661687949056: r->filehandle = 45, r->size = 131072, r->offset = 131072
19:41:12 ERROR /home/bsc03/bsc03353/forge/src/dispatcher/posix.c:62 139661687949056: single write -1 of expected 131072
19:41:13 ERROR /home/bsc03/bsc03353/forge/src/dispatcher/posix.c:61 139946919986944: r->filehandle = 38, r->size = 131072, r->offset = 262144
19:41:13 ERROR /home/bsc03/bsc03353/forge/src/dispatcher/posix.c:62 139946919986944: single write -1 of expected 131072
19:41:14 ERROR /home/bsc03/bsc03353/forge/src/dispatcher/posix.c:61 140539824297728: r->filehandle = 45, r->size = 131072, r->offset = 0
19:41:14 ERROR /home/bsc03/bsc03353/forge/src/dispatcher/posix.c:62 140539824297728: single write -1 of expected 131072
19:41:14 ERROR /home/bsc03/bsc03353/forge/src/dispatcher/posix.c:61 139929740084992: r->filehandle = 37, r->size = 131072, r->offset = 131072
19:41:14 ERROR /home/bsc03/bsc03353/forge/src/dispatcher/posix.c:61 140305517999872: r->filehandle = 47, r->size = 131072, r->offset = 131072
19:41:14 ERROR /home/bsc03/bsc03353/forge/src/dispatcher/posix.c:62 139929740084992: single write -1 of expected 131072
19:41:14 ERROR /home/bsc03/bsc03353/forge/src/dispatcher/posix.c:62 140305517999872: single write -1 of expected 131072
19:41:15 ERROR /home/bsc03/bsc03353/forge/src/dispatcher/posix.c:61 139679279474432: r->filehandle = 42, r->size = 131072, r->offset = 0
19:41:15 ERROR /home/bsc03/bsc03353/forge/src/dispatcher/posix.c:62 139679279474432: single write -1 of expected 131072
19:41:16 ERROR /home/bsc03/bsc03353/forge/src/dispatcher/posix.c:61 139772581390080: r->filehandle = 35, r->size = 131072, r->offset = 131072
19:41:16 ERROR /home/bsc03/bsc03353/forge/src/dispatcher/posix.c:62 139772581390080: single write -1 of expected 131072
19:41:16 ERROR /home/bsc03/bsc03353/forge/src/dispatcher/posix.c:61 139936182548224: r->filehandle = 36, r->size = 131072, r->offset = 0
19:41:16 ERROR /home/bsc03/bsc03353/forge/src/dispatcher/posix.c:62 139936182548224: single write -1 of expected 131072
19:41:17 ERROR /home/bsc03/bsc03353/forge/src/dispatcher/posix.c:61 140324845389568: r->filehandle = 42, r->size = 131072, r->offset = 131072
19:41:17 ERROR /home/bsc03/bsc03353/forge/src/dispatcher/posix.c:62 140324845389568: single write -1 of expected 131072
19:41:17 ERROR /home/bsc03/bsc03353/forge/src/dispatcher/posix.c:61 139689913087744: r->filehandle = 45, r->size = 131072, r->offset = 0
19:41:17 ERROR /home/bsc03/bsc03353/forge/src/dispatcher/posix.c:62 139689913087744: single write -1 of expected 131072
19:41:18 ERROR /home/bsc03/bsc03353/forge/src/dispatcher/posix.c:61 139665982924544: r->filehandle = 37, r->size = 131072, r->offset = 262144
19:41:18 ERROR /home/bsc03/bsc03353/forge/src/dispatcher/posix.c:62 139665982924544: single write -1 of expected 131072
19:41:19 ERROR /home/bsc03/bsc03353/forge/src/dispatcher/posix.c:61 140314107950848: r->filehandle = 45, r->size = 131072, r->offset = 131072
19:41:19 ERROR /home/bsc03/bsc03353/forge/src/dispatcher/posix.c:62 140314107950848: single write -1 of expected 131072
19:41:20 ERROR /home/bsc03/bsc03353/forge/src/dispatcher/posix.c:61 139664247060224: r->filehandle = 47, r->size = 131072, r->offset = 131072
19:41:20 ERROR /home/bsc03/bsc03353/forge/src/dispatcher/posix.c:62 139664247060224: single write -1 of expected 131072
19:41:21 ERROR /home/bsc03/bsc03353/forge/src/dispatcher/posix.c:61 139668542035712: r->filehandle = 40, r->size = 131072, r->offset = 0
19:41:21 ERROR /home/bsc03/bsc03353/forge/src/dispatcher/posix.c:62 139668542035712: single write -1 of expected 131072
19:41:21 ERROR /home/bsc03/bsc03353/forge/src/dispatcher/posix.c:61 139921150134016: r->filehandle = 47, r->size = 131072, r->offset = 0
19:41:21 ERROR /home/bsc03/bsc03353/forge/src/dispatcher/posix.c:61 140544119273216: r->filehandle = 46, r->size = 131072, r->offset = 0
19:41:21 ERROR /home/bsc03/bsc03353/forge/src/dispatcher/posix.c:62 140544119273216: single write -1 of expected 131072
19:41:21 ERROR /home/bsc03/bsc03353/forge/src/dispatcher/posix.c:62 139921150134016: single write -1 of expected 131072
19:41:21 ERROR /home/bsc03/bsc03353/forge/src/dispatcher/posix.c:61 140541971785472: r->filehandle = 38, r->size = 131072, r->offset = 0
19:41:22 ERROR /home/bsc03/bsc03353/forge/src/dispatcher/posix.c:62 140541971785472: single write -1 of expected 131072
19:41:22 ERROR /home/bsc03/bsc03353/forge/src/dispatcher/posix.c:61 139950285817600: r->filehandle = 39, r->size = 131072, r->offset = 131072
19:41:22 ERROR /home/bsc03/bsc03353/forge/src/dispatcher/posix.c:62 139950285817600: single write -1 of expected 131072
19:41:23 ERROR /home/bsc03/bsc03353/forge/src/dispatcher/posix.c:61 139763991439104: r->filehandle = 40, r->size = 131072, r->offset = 262144
19:41:23 ERROR /home/bsc03/bsc03353/forge/src/dispatcher/posix.c:62 139763991439104: single write -1 of expected 131072
19:41:24 ERROR /home/bsc03/bsc03353/forge/src/dispatcher/posix.c:61 139668130412288: r->filehandle = 44, r->size = 131072, r->offset = 131072
19:41:24 ERROR /home/bsc03/bsc03353/forge/src/dispatcher/posix.c:62 139668130412288: single write -1 of expected 131072
19:41:24 ERROR /home/bsc03/bsc03353/forge/src/dispatcher/posix.c:61 139930958427904: r->filehandle = 43, r->size = 131072, r->offset = 262144
19:41:24 ERROR /home/bsc03/bsc03353/forge/src/dispatcher/posix.c:62 139930958427904: single write -1 of expected 131072
19:41:25 ERROR /home/bsc03/bsc03353/forge/src/dispatcher/posix.c:61 139674984498944: r->filehandle = 38, r->size = 131072, r->offset = 0
19:41:25 ERROR /home/bsc03/bsc03353/forge/src/dispatcher/posix.c:62 139674984498944: single write -1 of expected 131072
19:41:26 ERROR /home/bsc03/bsc03353/forge/src/dispatcher/posix.c:61 139672733185792: r->filehandle = 43, r->size = 131072, r->offset = 262144
19:41:26 ERROR /home/bsc03/bsc03353/forge/src/dispatcher/posix.c:62 139672733185792: single write -1 of expected 131072
19:41:26 ERROR /home/bsc03/bsc03353/forge/src/dispatcher/posix.c:61 139938330035968: r->filehandle = 42, r->size = 131072, r->offset = 0
19:41:26 ERROR /home/bsc03/bsc03353/forge/src/dispatcher/posix.c:62 139938330035968: single write -1 of expected 131072
19:41:27 ERROR /home/bsc03/bsc03353/forge/src/dispatcher/posix.c:61 139774728877824: r->filehandle = 41, r->size = 131072, r->offset = 262144
19:41:27 ERROR /home/bsc03/bsc03353/forge/src/dispatcher/posix.c:62 139774728877824: single write -1 of expected 131072
19:41:28 ERROR /home/bsc03/bsc03353/forge/src/dispatcher/posix.c:61 140316255438592: r->filehandle = 39, r->size = 131072, r->offset = 262144
19:41:28 ERROR /home/bsc03/bsc03353/forge/src/dispatcher/posix.c:62 140316255438592: single write -1 of expected 131072
19:41:29 ERROR /home/bsc03/bsc03353/forge/src/dispatcher/posix.c:61 139685618112256: r->filehandle = 40, r->size = 131072, r->offset = 393216
19:41:29 ERROR /home/bsc03/bsc03353/forge/src/dispatcher/posix.c:62 139685618112256: single write -1 of expected 131072
19:41:30 ERROR /home/bsc03/bsc03353/forge/src/dispatcher/posix.c:61 140546266760960: r->filehandle = 39, r->size = 131072, r->offset = 131072
19:41:30 ERROR /home/bsc03/bsc03353/forge/src/dispatcher/posix.c:61 139650950510336: r->filehandle = 43, r->size = 131072, r->offset = 262144
19:41:30 ERROR /home/bsc03/bsc03353/forge/src/dispatcher/posix.c:62 140546266760960: single write -1 of expected 131072
19:41:30 ERROR /home/bsc03/bsc03353/forge/src/dispatcher/posix.c:62 139650950510336: single write -1 of expected 131072
19:41:30 ERROR /home/bsc03/bsc03353/forge/src/dispatcher/posix.c:61 139945990842112: r->filehandle = 41, r->size = 131072, r->offset = 131072
19:41:30 ERROR /home/bsc03/bsc03353/forge/src/dispatcher/posix.c:62 139945990842112: single write -1 of expected 131072
19:41:31 ERROR /home/bsc03/bsc03353/forge/src/dispatcher/posix.c:61 139670689523456: r->filehandle = 45, r->size = 131072, r->offset = 393216
19:41:31 ERROR /home/bsc03/bsc03353/forge/src/dispatcher/posix.c:62 139670689523456: single write -1 of expected 131072
19:41:31 ERROR /home/bsc03/bsc03353/forge/src/dispatcher/posix.c:61 140326992877312: r->filehandle = 38, r->size = 131072, r->offset = 131072
19:41:31 ERROR /home/bsc03/bsc03353/forge/src/dispatcher/posix.c:62 140326992877312: single write -1 of expected 131072
19:41:31 ERROR /home/bsc03/bsc03353/forge/src/dispatcher/posix.c:61 140557004199680: r->filehandle = 37, r->size = 131072, r->offset = 262144
19:41:31 ERROR /home/bsc03/bsc03353/forge/src/dispatcher/posix.c:62 140557004199680: single write -1 of expected 131072
19:41:32 ERROR /home/bsc03/bsc03353/forge/src/dispatcher/posix.c:61 140550561736448: r->filehandle = 47, r->size = 131072, r->offset = 262144
19:41:32 ERROR /home/bsc03/bsc03353/forge/src/dispatcher/posix.c:62 140550561736448: single write -1 of expected 131072
19:41:33 ERROR /home/bsc03/bsc03353/forge/src/dispatcher/posix.c:61 139940477523712: r->filehandle = 45, r->size = 131072, r->offset = 0
19:41:33 ERROR /home/bsc03/bsc03353/forge/src/dispatcher/posix.c:62 139940477523712: single write -1 of expected 131072
19:41:33 ERROR /home/bsc03/bsc03353/forge/src/dispatcher/posix.c:61 139948138329856: r->filehandle = 40, r->size = 131072, r->offset = 524288
19:41:33 ERROR /home/bsc03/bsc03353/forge/src/dispatcher/posix.c:62 139948138329856: single write -1 of expected 131072
19:41:34 ERROR /home/bsc03/bsc03353/forge/src/dispatcher/posix.c:61 139681323136768: r->filehandle = 41, r->size = 131072, r->offset = 131072
19:41:34 ERROR /home/bsc03/bsc03353/forge/src/dispatcher/posix.c:62 139681323136768: single write -1 of expected 131072
19:41:34 ERROR /home/bsc03/bsc03353/forge/src/dispatcher/posix.c:61 139657804596992: r->filehandle = 41, r->size = 131072, r->offset = 131072
19:41:34 ERROR /home/bsc03/bsc03353/forge/src/dispatcher/posix.c:62 139657804596992: single write -1 of expected 131072
19:41:35 ERROR /home/bsc03/bsc03353/forge/src/dispatcher/posix.c:61 139644508047104: r->filehandle = 42, r->size = 131072, r->offset = 131072
19:41:35 ERROR /home/bsc03/bsc03353/forge/src/dispatcher/posix.c:62 139644508047104: single write -1 of expected 131072
19:41:35 ERROR /home/bsc03/bsc03353/forge/src/dispatcher/posix.c:61 140535529322240: r->filehandle = 36, r->size = 131072, r->offset = 0
19:41:35 ERROR /home/bsc03/bsc03353/forge/src/dispatcher/posix.c:62 140535529322240: single write -1 of expected 131072
19:41:35 ERROR /home/bsc03/bsc03353/forge/src/dispatcher/posix.c:61 139677028161280: r->filehandle = 46, r->size = 131072, r->offset = 0
19:41:35 ERROR /home/bsc03/bsc03353/forge/src/dispatcher/posix.c:62 139677028161280: single write -1 of expected 131072
19:41:36 ERROR /home/bsc03/bsc03353/forge/src/dispatcher/posix.c:61 139951214962432: r->filehandle = 46, r->size = 131072, r->offset = 131072
19:41:36 ERROR /home/bsc03/bsc03353/forge/src/dispatcher/posix.c:62 139951214962432: single write -1 of expected 131072
19:41:36 ERROR /home/bsc03/bsc03353/forge/src/dispatcher/posix.c:61 139753254000384: r->filehandle = 38, r->size = 131072, r->offset = 0
19:41:36 ERROR /home/bsc03/bsc03353/forge/src/dispatcher/posix.c:62 139753254000384: single write -1 of expected 131072
19:41:37 ERROR /home/bsc03/bsc03353/forge/src/dispatcher/posix.c:61 139949067474688: r->filehandle = 44, r->size = 131072, r->offset = 0
19:41:37 ERROR /home/bsc03/bsc03353/forge/src/dispatcher/posix.c:62 139949067474688: single write -1 of expected 131072
19:41:38 ERROR /home/bsc03/bsc03353/forge/src/dispatcher/posix.c:61 139668438210304: r->filehandle = 37, r->size = 131072, r->offset = 262144
19:41:38 ERROR /home/bsc03/bsc03353/forge/src/dispatcher/posix.c:62 139668438210304: single write -1 of expected 131072
19:41:38 ERROR /home/bsc03/bsc03353/forge/src/dispatcher/posix.c:61 139937400891136: r->filehandle = 47, r->size = 131072, r->offset = 131072
19:41:38 ERROR /home/bsc03/bsc03353/forge/src/dispatcher/posix.c:62 139937400891136: single write -1 of expected 131072
19:41:40 ERROR /home/bsc03/bsc03353/forge/src/dispatcher/posix.c:61 139674572875520: r->filehandle = 41, r->size = 131072, r->offset = 262144
19:41:40 ERROR /home/bsc03/bsc03353/forge/src/dispatcher/posix.c:61 139779023853312: r->filehandle = 37, r->size = 131072, r->offset = 131072
19:41:40 ERROR /home/bsc03/bsc03353/forge/src/dispatcher/posix.c:62 139674572875520: single write -1 of expected 131072
19:41:40 ERROR /home/bsc03/bsc03353/forge/src/dispatcher/posix.c:62 139779023853312: single write -1 of expected 131072
19:41:40 ERROR /home/bsc03/bsc03353/forge/src/dispatcher/posix.c:61 139751106512640: r->filehandle = 36, r->size = 131072, r->offset = 0
19:41:40 ERROR /home/bsc03/bsc03353/forge/src/dispatcher/posix.c:62 139751106512640: single write -1 of expected 131072
19:41:45 ERROR /home/bsc03/bsc03353/forge/src/dispatcher/posix.c:61 139698503038720: r->filehandle = 39, r->size = 131072, r->offset = 262144
19:41:45 ERROR /home/bsc03/bsc03353/forge/src/dispatcher/posix.c:62 139698503038720: single write -1 of expected 131072
19:41:46 ERROR /home/bsc03/bsc03353/forge/src/dispatcher/posix.c:61 139700650526464: r->filehandle = 42, r->size = 131072, r->offset = 262144
19:41:46 ERROR /home/bsc03/bsc03353/forge/src/dispatcher/posix.c:62 139700650526464: single write -1 of expected 131072
19:41:47 ERROR /home/bsc03/bsc03353/forge/src/dispatcher/posix.c:61 139746811537152: r->filehandle = 42, r->size = 131072, r->offset = 262144
19:41:47 ERROR /home/bsc03/bsc03353/forge/src/dispatcher/posix.c:62 139746811537152: single write -1 of expected 131072
19:41:47 ERROR /home/bsc03/bsc03353/forge/src/dispatcher/posix.c:61 139672425387776: r->filehandle = 36, r->size = 131072, r->offset = 0
19:41:47 ERROR /home/bsc03/bsc03353/forge/src/dispatcher/posix.c:62 139672425387776: single write -1 of expected 131072
19:41:48 ERROR /home/bsc03/bsc03353/forge/src/dispatcher/posix.c:61 139928810940160: r->filehandle = 37, r->size = 131072, r->offset = 131072
19:41:48 ERROR /home/bsc03/bsc03353/forge/src/dispatcher/posix.c:62 139928810940160: single write -1 of expected 131072
19:41:49 ERROR /home/bsc03/bsc03353/forge/src/dispatcher/posix.c:61 139757548975872: r->filehandle = 45, r->size = 131072, r->offset = 0
19:41:49 ERROR /home/bsc03/bsc03353/forge/src/dispatcher/posix.c:62 139757548975872: single write -1 of expected 131072
19:41:51 ERROR /home/bsc03/bsc03353/forge/src/dispatcher/posix.c:61 139748959024896: r->filehandle = 39, r->size = 131072, r->offset = 0
19:41:51 ERROR /home/bsc03/bsc03353/forge/src/dispatcher/posix.c:62 139748959024896: single write -1 of expected 131072
19:41:51 ERROR /home/bsc03/bsc03353/forge/src/dispatcher/posix.c:61 139918073501440: r->filehandle = 46, r->size = 131072, r->offset = 393216
19:41:51 ERROR /home/bsc03/bsc03353/forge/src/dispatcher/posix.c:62 139918073501440: single write -1 of expected 131072
19:41:52 ERROR /home/bsc03/bsc03353/forge/src/dispatcher/posix.c:61 139677131986688: r->filehandle = 36, r->size = 131072, r->offset = 262144
19:41:52 ERROR /home/bsc03/bsc03353/forge/src/dispatcher/posix.c:62 139677131986688: single write -1 of expected 131072
19:41:52 ERROR /home/bsc03/bsc03353/forge/src/dispatcher/posix.c:61 139924515964672: r->filehandle = 42, r->size = 131072, r->offset = 0
19:41:52 ERROR /home/bsc03/bsc03353/forge/src/dispatcher/posix.c:62 139924515964672: single write -1 of expected 131072
19:41:53 ERROR /home/bsc03/bsc03353/forge/src/dispatcher/posix.c:61 139759696463616: r->filehandle = 44, r->size = 131072, r->offset = 0
19:41:53 ERROR /home/bsc03/bsc03353/forge/src/dispatcher/posix.c:62 139759696463616: single write -1 of expected 131072
19:41:56 ERROR /home/bsc03/bsc03353/forge/src/dispatcher/posix.c:61 139659540461312: r->filehandle = 38, r->size = 131072, r->offset = 393216
19:41:56 ERROR /home/bsc03/bsc03353/forge/src/dispatcher/posix.c:62 139659540461312: single write -1 of expected 131072
19:41:57 ERROR /home/bsc03/bsc03353/forge/src/dispatcher/posix.c:61 139670277900032: r->filehandle = 40, r->size = 131072, r->offset = 131072
19:41:57 ERROR /home/bsc03/bsc03353/forge/src/dispatcher/posix.c:62 139670277900032: single write -1 of expected 131072
19:41:58 ERROR /home/bsc03/bsc03353/forge/src/dispatcher/posix.c:61 139943843354368: r->filehandle = 44, r->size = 131072, r->offset = 131072
19:41:58 ERROR /home/bsc03/bsc03353/forge/src/dispatcher/posix.c:62 139943843354368: single write -1 of expected 131072
19:41:58 WARN  /home/bsc03/bsc03353/forge/src/main.c:789 140639667783744: hit stone wall at 124.067867 seconds!
AGIOS: stopped for this client. It can already be used by calling agios_init

AGIOS: stopped for this client. It can already be used by calling agios_init

AGIOS: stopped for this client. It can already be used by calling agios_init

AGIOS: stopped for this client. It can already be used by calling agios_init

AGIOS: stopped for this client. It can already be used by calling agios_init

AGIOS: stopped for this client. It can already be used by calling agios_init

AGIOS: stopped for this client. It can already be used by calling agios_init

AGIOS: stopped for this client. It can already be used by calling agios_init

19:41:58 INFO  /home/bsc03/bsc03353/forge/src/main.c:1158 139786149128256: I/O Forwarding Exploration [COMPLETE]
