Set GCC compilers as MPI wrappers backend 
remove impi/2017.4 (PATH, MANPATH, LD_LIBRARY_PATH) 
load openmpi/4.0.2_UCX (PATH, MANPATH, LD_LIBRARY_PATH) 
Set GCC compilers as MPI wrappers backend 
load gsl/2.4 (PATH, LD_LIBRARY_PATH, LIBRARY_PATH, MANPATH, INFOPATH,
C_INCLUDE_PATH, CPLUS_INCLUDE_PATH, PKG_CONFIG_PATH, GSL_DIR) 
12:45:06 INFO  /home/bsc03/bsc03353/forge/src/main.c:107 140501115283520: I/O Forwarding Exploration [START]
Will AGIOS generate trace files? NO
Default scheduling algorithm: TO
TWINS window size: 1000000
Will the Prediction Module read information from trace files? NO
File with access time functions: /home/bsc03/bsc03353/forge/agios/access_times.func
AGIOS thinks its user has stripe size of 32768
Will AGIOS generate trace files? NO
Default scheduling algorithm: TO
TWINS window size: 1000000
Will the Prediction Module read information from trace files? NO
File with access time functions: /home/bsc03/bsc03353/forge/agios/access_times.func
AGIOS thinks its user has stripe size of 32768
Will AGIOS generate trace files? NO
Default scheduling algorithm: TO
TWINS window size: 1000000
Will the Prediction Module read information from trace files? NO
File with access time functions: /home/bsc03/bsc03353/forge/agios/access_times.func
AGIOS thinks its user has stripe size of 32768
Will AGIOS generate trace files? NO
Default scheduling algorithm: TO
TWINS window size: 1000000
Will the Prediction Module read information from trace files? NO
File with access time functions: /home/bsc03/bsc03353/forge/agios/access_times.func
AGIOS thinks its user has stripe size of 32768
Will AGIOS generate trace files? NO
Default scheduling algorithm: TO
TWINS window size: 1000000
Will the Prediction Module read information from trace files? NO
File with access time functions: /home/bsc03/bsc03353/forge/agios/access_times.func
AGIOS thinks its user has stripe size of 32768
Will AGIOS generate trace files? NO
Default scheduling algorithm: TO
TWINS window size: 1000000
Will the Prediction Module read information from trace files? NO
File with access time functions: /home/bsc03/bsc03353/forge/agios/access_times.func
AGIOS thinks its user has stripe size of 32768
Will AGIOS generate trace files? NO
Default scheduling algorithm: TO
TWINS window size: 1000000
Will the Prediction Module read information from trace files? NO
File with access time functions: /home/bsc03/bsc03353/forge/agios/access_times.func
AGIOS thinks its user has stripe size of 32768
Will AGIOS generate trace files? NO
Default scheduling algorithm: TO
TWINS window size: 1000000
Will the Prediction Module read information from trace files? NO
File with access time functions: /home/bsc03/bsc03353/forge/agios/access_times.func
AGIOS thinks its user has stripe size of 32768
12:45:38 ERROR /home/bsc03/bsc03353/forge/src/dispatcher/posix.c:61 139788686354176: r->filehandle = 38, r->size = 524288, r->offset = 0
12:45:38 ERROR /home/bsc03/bsc03353/forge/src/dispatcher/posix.c:62 139788686354176: single write -1 of expected 524288
12:45:38 ERROR /home/bsc03/bsc03353/forge/src/dispatcher/posix.c:61 140428345263872: r->filehandle = 40, r->size = 524288, r->offset = 0
12:45:38 ERROR /home/bsc03/bsc03353/forge/src/dispatcher/posix.c:61 139930445772544: r->filehandle = 36, r->size = 524288, r->offset = 0
12:45:38 ERROR /home/bsc03/bsc03353/forge/src/dispatcher/posix.c:61 140263108130560: r->filehandle = 37, r->size = 524288, r->offset = 0
12:45:38 ERROR /home/bsc03/bsc03353/forge/src/dispatcher/posix.c:62 139930445772544: single write -1 of expected 524288
12:45:38 ERROR /home/bsc03/bsc03353/forge/src/dispatcher/posix.c:62 140263108130560: single write -1 of expected 524288
12:45:38 ERROR /home/bsc03/bsc03353/forge/src/dispatcher/posix.c:62 140428345263872: single write -1 of expected 524288
12:45:39 ERROR /home/bsc03/bsc03353/forge/src/dispatcher/posix.c:61 139797276305152: r->filehandle = 37, r->size = 524288, r->offset = 0
12:45:39 ERROR /home/bsc03/bsc03353/forge/src/dispatcher/posix.c:62 139797276305152: single write -1 of expected 524288
12:45:40 ERROR /home/bsc03/bsc03353/forge/src/dispatcher/posix.c:61 139898233456384: r->filehandle = 42, r->size = 524288, r->offset = 0
12:45:40 ERROR /home/bsc03/bsc03353/forge/src/dispatcher/posix.c:62 139898233456384: single write -1 of expected 524288
12:45:40 ERROR /home/bsc03/bsc03353/forge/src/dispatcher/posix.c:61 139801571280640: r->filehandle = 47, r->size = 524288, r->offset = 0
12:45:40 ERROR /home/bsc03/bsc03353/forge/src/dispatcher/posix.c:62 139801571280640: single write -1 of expected 524288
12:45:40 ERROR /home/bsc03/bsc03353/forge/src/dispatcher/posix.c:61 140245928228608: r->filehandle = 44, r->size = 524288, r->offset = 0
12:45:40 ERROR /home/bsc03/bsc03353/forge/src/dispatcher/posix.c:62 140245928228608: single write -1 of expected 524288
12:45:40 ERROR /home/bsc03/bsc03353/forge/src/dispatcher/posix.c:61 139909833496320: r->filehandle = 47, r->size = 524288, r->offset = 0
12:45:40 ERROR /home/bsc03/bsc03353/forge/src/dispatcher/posix.c:62 139909833496320: single write -1 of expected 524288
12:45:41 ERROR /home/bsc03/bsc03353/forge/src/dispatcher/posix.c:61 140443377678080: r->filehandle = 37, r->size = 524288, r->offset = 0
12:45:41 ERROR /home/bsc03/bsc03353/forge/src/dispatcher/posix.c:62 140443377678080: single write -1 of expected 524288
12:45:41 ERROR /home/bsc03/bsc03353/forge/src/dispatcher/posix.c:61 140197547603712: r->filehandle = 44, r->size = 524288, r->offset = 0
12:45:41 ERROR /home/bsc03/bsc03353/forge/src/dispatcher/posix.c:62 140197547603712: single write -1 of expected 524288
12:45:41 ERROR /home/bsc03/bsc03353/forge/src/dispatcher/posix.c:61 139799423792896: r->filehandle = 36, r->size = 524288, r->offset = 0
12:45:41 ERROR /home/bsc03/bsc03353/forge/src/dispatcher/posix.c:62 139799423792896: single write -1 of expected 524288
12:45:41 ERROR /home/bsc03/bsc03353/forge/src/dispatcher/posix.c:61 140584965912320: r->filehandle = 37, r->size = 524288, r->offset = 0
12:45:41 ERROR /home/bsc03/bsc03353/forge/src/dispatcher/posix.c:62 140584965912320: single write -1 of expected 524288
12:45:41 ERROR /home/bsc03/bsc03353/forge/src/dispatcher/posix.c:61 140199695091456: r->filehandle = 38, r->size = 524288, r->offset = 0
12:45:41 ERROR /home/bsc03/bsc03353/forge/src/dispatcher/posix.c:62 140199695091456: single write -1 of expected 524288
12:45:42 ERROR /home/bsc03/bsc03353/forge/src/dispatcher/posix.c:61 140468220131072: r->filehandle = 35, r->size = 524288, r->offset = 0
12:45:42 ERROR /home/bsc03/bsc03353/forge/src/dispatcher/posix.c:62 140468220131072: single write -1 of expected 524288
12:45:42 ERROR /home/bsc03/bsc03353/forge/src/dispatcher/posix.c:61 140483252545280: r->filehandle = 42, r->size = 524288, r->offset = 0
12:45:42 ERROR /home/bsc03/bsc03353/forge/src/dispatcher/posix.c:62 140483252545280: single write -1 of expected 524288
12:45:43 ERROR /home/bsc03/bsc03353/forge/src/dispatcher/posix.c:61 140184662677248: r->filehandle = 41, r->size = 524288, r->offset = 0
12:45:43 ERROR /home/bsc03/bsc03353/forge/src/dispatcher/posix.c:62 140184662677248: single write -1 of expected 524288
12:45:43 ERROR /home/bsc03/bsc03353/forge/src/dispatcher/posix.c:61 139790833841920: r->filehandle = 43, r->size = 524288, r->offset = 0
12:45:43 ERROR /home/bsc03/bsc03353/forge/src/dispatcher/posix.c:61 139921855821568: r->filehandle = 39, r->size = 524288, r->offset = 0
12:45:43 ERROR /home/bsc03/bsc03353/forge/src/dispatcher/posix.c:61 140447672653568: r->filehandle = 46, r->size = 524288, r->offset = 0
12:45:43 ERROR /home/bsc03/bsc03353/forge/src/dispatcher/posix.c:61 140576375961344: r->filehandle = 36, r->size = 524288, r->offset = 0
12:45:43 ERROR /home/bsc03/bsc03353/forge/src/dispatcher/posix.c:62 139921855821568: single write -1 of expected 524288
12:45:43 ERROR /home/bsc03/bsc03353/forge/src/dispatcher/posix.c:62 140447672653568: single write -1 of expected 524288
12:45:43 ERROR /home/bsc03/bsc03353/forge/src/dispatcher/posix.c:62 139790833841920: single write -1 of expected 524288
12:45:43 ERROR /home/bsc03/bsc03353/forge/src/dispatcher/posix.c:62 140576375961344: single write -1 of expected 524288
12:45:43 ERROR /home/bsc03/bsc03353/forge/src/dispatcher/posix.c:61 139914128471808: r->filehandle = 36, r->size = 524288, r->offset = 0
12:45:43 ERROR /home/bsc03/bsc03353/forge/src/dispatcher/posix.c:62 139914128471808: single write -1 of expected 524288
12:45:44 ERROR /home/bsc03/bsc03353/forge/src/dispatcher/posix.c:61 139899096057600: r->filehandle = 41, r->size = 524288, r->offset = 0
12:45:44 ERROR /home/bsc03/bsc03353/forge/src/dispatcher/posix.c:62 139899096057600: single write -1 of expected 524288
12:45:44 ERROR /home/bsc03/bsc03353/forge/src/dispatcher/posix.c:61 140239485765376: r->filehandle = 42, r->size = 524288, r->offset = 0
12:45:44 ERROR /home/bsc03/bsc03353/forge/src/dispatcher/posix.c:62 140239485765376: single write -1 of expected 524288
12:45:45 ERROR /home/bsc03/bsc03353/forge/src/dispatcher/posix.c:61 139894801082112: r->filehandle = 38, r->size = 524288, r->offset = 0
12:45:45 ERROR /home/bsc03/bsc03353/forge/src/dispatcher/posix.c:62 139894801082112: single write -1 of expected 524288
12:45:45 ERROR /home/bsc03/bsc03353/forge/src/dispatcher/posix.c:61 140430492751616: r->filehandle = 40, r->size = 524288, r->offset = 524288
12:45:45 ERROR /home/bsc03/bsc03353/forge/src/dispatcher/posix.c:62 140430492751616: single write -1 of expected 524288
12:45:45 ERROR /home/bsc03/bsc03353/forge/src/dispatcher/posix.c:61 139900380944128: r->filehandle = 41, r->size = 524288, r->offset = 0
12:45:45 ERROR /home/bsc03/bsc03353/forge/src/dispatcher/posix.c:62 139900380944128: single write -1 of expected 524288
12:45:45 ERROR /home/bsc03/bsc03353/forge/src/dispatcher/posix.c:61 140557048571648: r->filehandle = 47, r->size = 524288, r->offset = 0
12:45:45 ERROR /home/bsc03/bsc03353/forge/src/dispatcher/posix.c:61 139788686354176: r->filehandle = 37, r->size = 524288, r->offset = 524288
12:45:45 ERROR /home/bsc03/bsc03353/forge/src/dispatcher/posix.c:62 140557048571648: single write -1 of expected 524288
12:45:45 ERROR /home/bsc03/bsc03353/forge/src/dispatcher/posix.c:62 139788686354176: single write -1 of expected 524288
12:45:45 ERROR /home/bsc03/bsc03353/forge/src/dispatcher/posix.c:61 140210432530176: r->filehandle = 43, r->size = 524288, r->offset = 0
12:45:45 ERROR /home/bsc03/bsc03353/forge/src/dispatcher/posix.c:62 140210432530176: single write -1 of expected 524288
12:45:46 ERROR /home/bsc03/bsc03353/forge/src/dispatcher/posix.c:61 140474662594304: r->filehandle = 43, r->size = 524288, r->offset = 0
12:45:46 ERROR /home/bsc03/bsc03353/forge/src/dispatcher/posix.c:61 140567786010368: r->filehandle = 38, r->size = 524288, r->offset = 0
12:45:46 ERROR /home/bsc03/bsc03353/forge/src/dispatcher/posix.c:61 139911118382848: r->filehandle = 39, r->size = 524288, r->offset = 524288
12:45:46 ERROR /home/bsc03/bsc03353/forge/src/dispatcher/posix.c:62 140567786010368: single write -1 of expected 524288
12:45:46 ERROR /home/bsc03/bsc03353/forge/src/dispatcher/posix.c:62 140474662594304: single write -1 of expected 524288
12:45:46 ERROR /home/bsc03/bsc03353/forge/src/dispatcher/posix.c:62 139911118382848: single write -1 of expected 524288
12:45:47 ERROR /home/bsc03/bsc03353/forge/src/dispatcher/posix.c:61 139916275959552: r->filehandle = 47, r->size = 524288, r->offset = 524288
12:45:47 ERROR /home/bsc03/bsc03353/forge/src/dispatcher/posix.c:62 139916275959552: single write -1 of expected 524288
12:45:48 ERROR /home/bsc03/bsc03353/forge/src/dispatcher/posix.c:61 140263108130560: r->filehandle = 44, r->size = 524288, r->offset = 524288
12:45:48 ERROR /home/bsc03/bsc03353/forge/src/dispatcher/posix.c:61 140456262604544: r->filehandle = 42, r->size = 524288, r->offset = 0
12:45:48 ERROR /home/bsc03/bsc03353/forge/src/dispatcher/posix.c:62 140456262604544: single write -1 of expected 524288
12:45:48 ERROR /home/bsc03/bsc03353/forge/src/dispatcher/posix.c:62 140263108130560: single write -1 of expected 524288
12:45:48 ERROR /home/bsc03/bsc03353/forge/src/dispatcher/posix.c:61 139903391033088: r->filehandle = 39, r->size = 524288, r->offset = 0
12:45:48 ERROR /home/bsc03/bsc03353/forge/src/dispatcher/posix.c:61 139924003309312: r->filehandle = 38, r->size = 524288, r->offset = 0
12:45:48 ERROR /home/bsc03/bsc03353/forge/src/dispatcher/posix.c:62 139903391033088: single write -1 of expected 524288
12:45:48 ERROR /home/bsc03/bsc03353/forge/src/dispatcher/posix.c:62 139924003309312: single write -1 of expected 524288
12:45:48 ERROR /home/bsc03/bsc03353/forge/src/dispatcher/posix.c:61 140472515106560: r->filehandle = 40, r->size = 524288, r->offset = 0
12:45:48 ERROR /home/bsc03/bsc03353/forge/src/dispatcher/posix.c:61 140254518179584: r->filehandle = 40, r->size = 524288, r->offset = 0
12:45:48 ERROR /home/bsc03/bsc03353/forge/src/dispatcher/posix.c:62 140472515106560: single write -1 of expected 524288
12:45:48 ERROR /home/bsc03/bsc03353/forge/src/dispatcher/posix.c:62 140254518179584: single write -1 of expected 524288
12:45:48 ERROR /home/bsc03/bsc03353/forge/src/dispatcher/posix.c:61 140493989984000: r->filehandle = 45, r->size = 524288, r->offset = 0
12:45:48 ERROR /home/bsc03/bsc03353/forge/src/dispatcher/posix.c:61 140206137554688: r->filehandle = 47, r->size = 524288, r->offset = 0
12:45:48 ERROR /home/bsc03/bsc03353/forge/src/dispatcher/posix.c:62 140493989984000: single write -1 of expected 524288
12:45:48 ERROR /home/bsc03/bsc03353/forge/src/dispatcher/posix.c:62 140206137554688: single write -1 of expected 524288
12:45:49 ERROR /home/bsc03/bsc03353/forge/src/dispatcher/posix.c:61 140195400115968: r->filehandle = 46, r->size = 524288, r->offset = 0
12:45:49 ERROR /home/bsc03/bsc03353/forge/src/dispatcher/posix.c:62 140195400115968: single write -1 of expected 524288
12:45:49 ERROR /home/bsc03/bsc03353/forge/src/dispatcher/posix.c:61 139786538866432: r->filehandle = 38, r->size = 524288, r->offset = 524288
12:45:49 ERROR /home/bsc03/bsc03353/forge/src/dispatcher/posix.c:62 139786538866432: single write -1 of expected 524288
12:45:49 ERROR /home/bsc03/bsc03353/forge/src/dispatcher/posix.c:61 139810161231616: r->filehandle = 41, r->size = 524288, r->offset = 0
12:45:49 ERROR /home/bsc03/bsc03353/forge/src/dispatcher/posix.c:62 139810161231616: single write -1 of expected 524288
12:45:50 ERROR /home/bsc03/bsc03353/forge/src/dispatcher/posix.c:61 140481105057536: r->filehandle = 42, r->size = 524288, r->offset = 524288
12:45:50 ERROR /home/bsc03/bsc03353/forge/src/dispatcher/posix.c:61 139905538520832: r->filehandle = 43, r->size = 524288, r->offset = 0
12:45:50 ERROR /home/bsc03/bsc03353/forge/src/dispatcher/posix.c:61 140432640239360: r->filehandle = 45, r->size = 524288, r->offset = 0
12:45:50 ERROR /home/bsc03/bsc03353/forge/src/dispatcher/posix.c:61 140565638522624: r->filehandle = 41, r->size = 524288, r->offset = 0
12:45:50 ERROR /home/bsc03/bsc03353/forge/src/dispatcher/posix.c:61 139902528431872: r->filehandle = 44, r->size = 524288, r->offset = 0
12:45:50 ERROR /home/bsc03/bsc03353/forge/src/dispatcher/posix.c:62 140481105057536: single write -1 of expected 524288
12:45:50 ERROR /home/bsc03/bsc03353/forge/src/dispatcher/posix.c:62 140565638522624: single write -1 of expected 524288
12:45:50 ERROR /home/bsc03/bsc03353/forge/src/dispatcher/posix.c:62 140432640239360: single write -1 of expected 524288
12:45:50 ERROR /home/bsc03/bsc03353/forge/src/dispatcher/posix.c:62 139905538520832: single write -1 of expected 524288
12:45:50 ERROR /home/bsc03/bsc03353/forge/src/dispatcher/posix.c:62 139902528431872: single write -1 of expected 524288
12:45:50 ERROR /home/bsc03/bsc03353/forge/src/dispatcher/posix.c:61 139892653594368: r->filehandle = 41, r->size = 524288, r->offset = 524288
12:45:50 ERROR /home/bsc03/bsc03353/forge/src/dispatcher/posix.c:61 139930445772544: r->filehandle = 39, r->size = 524288, r->offset = 1048576
12:45:50 ERROR /home/bsc03/bsc03353/forge/src/dispatcher/posix.c:62 139892653594368: single write -1 of expected 524288
12:45:50 ERROR /home/bsc03/bsc03353/forge/src/dispatcher/posix.c:62 139930445772544: single write -1 of expected 524288
12:45:51 ERROR /home/bsc03/bsc03353/forge/src/dispatcher/posix.c:61 140186810164992: r->filehandle = 39, r->size = 524288, r->offset = 0
12:45:51 ERROR /home/bsc03/bsc03353/forge/src/dispatcher/posix.c:62 140186810164992: single write -1 of expected 524288
12:45:51 ERROR /home/bsc03/bsc03353/forge/src/dispatcher/posix.c:61 140466072643328: r->filehandle = 43, r->size = 524288, r->offset = 524288
12:45:51 ERROR /home/bsc03/bsc03353/forge/src/dispatcher/posix.c:62 140466072643328: single write -1 of expected 524288
12:45:51 ERROR /home/bsc03/bsc03353/forge/src/dispatcher/posix.c:61 140197547603712: r->filehandle = 47, r->size = 524288, r->offset = 524288
12:45:51 ERROR /home/bsc03/bsc03353/forge/src/dispatcher/posix.c:62 140197547603712: single write -1 of expected 524288
12:45:52 ERROR /home/bsc03/bsc03353/forge/src/dispatcher/posix.c:61 139898233456384: r->filehandle = 38, r->size = 524288, r->offset = 524288
12:45:52 ERROR /home/bsc03/bsc03353/forge/src/dispatcher/posix.c:62 139898233456384: single write -1 of expected 524288
12:45:52 ERROR /home/bsc03/bsc03353/forge/src/dispatcher/posix.c:61 139808013743872: r->filehandle = 40, r->size = 524288, r->offset = 0
12:45:52 ERROR /home/bsc03/bsc03353/forge/src/dispatcher/posix.c:62 139808013743872: single write -1 of expected 524288
12:45:52 ERROR /home/bsc03/bsc03353/forge/src/dispatcher/posix.c:61 140178220214016: r->filehandle = 44, r->size = 524288, r->offset = 524288
12:45:52 ERROR /home/bsc03/bsc03353/forge/src/dispatcher/posix.c:62 140178220214016: single write -1 of expected 524288
12:45:53 ERROR /home/bsc03/bsc03353/forge/src/dispatcher/posix.c:61 140430492751616: r->filehandle = 42, r->size = 524288, r->offset = 524288
12:45:53 ERROR /home/bsc03/bsc03353/forge/src/dispatcher/posix.c:62 140430492751616: single write -1 of expected 524288
12:45:54 ERROR /home/bsc03/bsc03353/forge/src/dispatcher/posix.c:61 140210432530176: r->filehandle = 47, r->size = 524288, r->offset = 1048576
12:45:54 ERROR /home/bsc03/bsc03353/forge/src/dispatcher/posix.c:62 140210432530176: single write -1 of expected 524288
12:45:54 ERROR /home/bsc03/bsc03353/forge/src/dispatcher/posix.c:61 140478957569792: r->filehandle = 36, r->size = 524288, r->offset = 0
12:45:54 ERROR /home/bsc03/bsc03353/forge/src/dispatcher/posix.c:62 140478957569792: single write -1 of expected 524288
12:45:54 ERROR /home/bsc03/bsc03353/forge/src/dispatcher/posix.c:61 139805866256128: r->filehandle = 36, r->size = 524288, r->offset = 524288
12:45:54 ERROR /home/bsc03/bsc03353/forge/src/dispatcher/posix.c:61 139914128471808: r->filehandle = 39, r->size = 524288, r->offset = 524288
12:45:54 ERROR /home/bsc03/bsc03353/forge/src/dispatcher/posix.c:61 139928298284800: r->filehandle = 46, r->size = 524288, r->offset = 0
12:45:54 ERROR /home/bsc03/bsc03353/forge/src/dispatcher/posix.c:62 139928298284800: single write -1 of expected 524288
12:45:54 ERROR /home/bsc03/bsc03353/forge/src/dispatcher/posix.c:62 139805866256128: single write -1 of expected 524288
12:45:54 ERROR /home/bsc03/bsc03353/forge/src/dispatcher/posix.c:62 139914128471808: single write -1 of expected 524288
12:45:54 ERROR /home/bsc03/bsc03353/forge/src/dispatcher/posix.c:61 140487547520768: r->filehandle = 35, r->size = 524288, r->offset = 524288
12:45:54 ERROR /home/bsc03/bsc03353/forge/src/dispatcher/posix.c:61 140245928228608: r->filehandle = 42, r->size = 524288, r->offset = 524288
12:45:54 ERROR /home/bsc03/bsc03353/forge/src/dispatcher/posix.c:62 140487547520768: single write -1 of expected 524288
12:45:54 ERROR /home/bsc03/bsc03353/forge/src/dispatcher/posix.c:62 140245928228608: single write -1 of expected 524288
12:45:54 ERROR /home/bsc03/bsc03353/forge/src/dispatcher/posix.c:61 139795128817408: r->filehandle = 39, r->size = 524288, r->offset = 0
12:45:54 ERROR /home/bsc03/bsc03353/forge/src/dispatcher/posix.c:61 140193252628224: r->filehandle = 37, r->size = 524288, r->offset = 0
12:45:54 ERROR /home/bsc03/bsc03353/forge/src/dispatcher/posix.c:62 139795128817408: single write -1 of expected 524288
12:45:54 ERROR /home/bsc03/bsc03353/forge/src/dispatcher/posix.c:62 140193252628224: single write -1 of expected 524288
12:45:55 ERROR /home/bsc03/bsc03353/forge/src/dispatcher/posix.c:61 140572080985856: r->filehandle = 46, r->size = 524288, r->offset = 0
12:45:55 ERROR /home/bsc03/bsc03353/forge/src/dispatcher/posix.c:62 140572080985856: single write -1 of expected 524288
12:45:55 ERROR /home/bsc03/bsc03353/forge/src/dispatcher/posix.c:61 139915413358336: r->filehandle = 47, r->size = 524288, r->offset = 0
12:45:55 ERROR /home/bsc03/bsc03353/forge/src/dispatcher/posix.c:62 139915413358336: single write -1 of expected 524288
12:45:55 ERROR /home/bsc03/bsc03353/forge/src/dispatcher/posix.c:61 140260960642816: r->filehandle = 45, r->size = 524288, r->offset = 0
12:45:55 ERROR /home/bsc03/bsc03353/forge/src/dispatcher/posix.c:62 140260960642816: single write -1 of expected 524288
12:45:55 ERROR /home/bsc03/bsc03353/forge/src/dispatcher/posix.c:61 140561343547136: r->filehandle = 43, r->size = 524288, r->offset = 0
12:45:55 ERROR /home/bsc03/bsc03353/forge/src/dispatcher/posix.c:62 140561343547136: single write -1 of expected 524288
12:45:56 ERROR /home/bsc03/bsc03353/forge/src/dispatcher/posix.c:61 140250223204096: r->filehandle = 38, r->size = 524288, r->offset = 0
12:45:56 ERROR /home/bsc03/bsc03353/forge/src/dispatcher/posix.c:62 140250223204096: single write -1 of expected 524288
12:45:56 ERROR /home/bsc03/bsc03353/forge/src/dispatcher/posix.c:61 140576375961344: r->filehandle = 46, r->size = 524288, r->offset = 524288
12:45:56 ERROR /home/bsc03/bsc03353/forge/src/dispatcher/posix.c:61 140491842496256: r->filehandle = 44, r->size = 524288, r->offset = 0
12:45:56 ERROR /home/bsc03/bsc03353/forge/src/dispatcher/posix.c:62 140576375961344: single write -1 of expected 524288
12:45:56 ERROR /home/bsc03/bsc03353/forge/src/dispatcher/posix.c:62 140491842496256: single write -1 of expected 524288
12:45:57 ERROR /home/bsc03/bsc03353/forge/src/dispatcher/posix.c:61 139797276305152: r->filehandle = 37, r->size = 524288, r->offset = 1048576
12:45:57 ERROR /home/bsc03/bsc03353/forge/src/dispatcher/posix.c:62 139797276305152: single write -1 of expected 524288
12:45:58 ERROR /home/bsc03/bsc03353/forge/src/dispatcher/posix.c:61 140463925155584: r->filehandle = 39, r->size = 524288, r->offset = 0
12:45:58 ERROR /home/bsc03/bsc03353/forge/src/dispatcher/posix.c:61 139900380944128: r->filehandle = 39, r->size = 524288, r->offset = 1572864
12:45:58 ERROR /home/bsc03/bsc03353/forge/src/dispatcher/posix.c:62 140463925155584: single write -1 of expected 524288
12:45:58 ERROR /home/bsc03/bsc03353/forge/src/dispatcher/posix.c:62 139900380944128: single write -1 of expected 524288
12:45:58 ERROR /home/bsc03/bsc03353/forge/src/dispatcher/posix.c:61 139812308719360: r->filehandle = 45, r->size = 524288, r->offset = 0
12:45:58 ERROR /home/bsc03/bsc03353/forge/src/dispatcher/posix.c:62 139812308719360: single write -1 of expected 524288
12:45:58 ERROR /home/bsc03/bsc03353/forge/src/dispatcher/posix.c:61 140582818424576: r->filehandle = 47, r->size = 524288, r->offset = 524288
12:45:58 ERROR /home/bsc03/bsc03353/forge/src/dispatcher/posix.c:62 140582818424576: single write -1 of expected 524288
12:45:59 ERROR /home/bsc03/bsc03353/forge/src/dispatcher/posix.c:61 140461777667840: r->filehandle = 41, r->size = 524288, r->offset = 0
12:45:59 ERROR /home/bsc03/bsc03353/forge/src/dispatcher/posix.c:61 140443377678080: r->filehandle = 45, r->size = 524288, r->offset = 524288
12:45:59 ERROR /home/bsc03/bsc03353/forge/src/dispatcher/posix.c:62 140443377678080: single write -1 of expected 524288
12:45:59 ERROR /home/bsc03/bsc03353/forge/src/dispatcher/posix.c:62 140461777667840: single write -1 of expected 524288
12:45:59 ERROR /home/bsc03/bsc03353/forge/src/dispatcher/posix.c:61 139890506106624: r->filehandle = 40, r->size = 524288, r->offset = 0
12:45:59 ERROR /home/bsc03/bsc03353/forge/src/dispatcher/posix.c:61 140578523449088: r->filehandle = 36, r->size = 524288, r->offset = 524288
12:45:59 ERROR /home/bsc03/bsc03353/forge/src/dispatcher/posix.c:62 140578523449088: single write -1 of expected 524288
12:45:59 ERROR /home/bsc03/bsc03353/forge/src/dispatcher/posix.c:62 139890506106624: single write -1 of expected 524288
12:46:00 ERROR /home/bsc03/bsc03353/forge/src/dispatcher/posix.c:61 139904675919616: r->filehandle = 41, r->size = 524288, r->offset = 524288
12:46:00 ERROR /home/bsc03/bsc03353/forge/src/dispatcher/posix.c:62 139904675919616: single write -1 of expected 524288
12:46:00 ERROR /home/bsc03/bsc03353/forge/src/dispatcher/posix.c:61 139801571280640: r->filehandle = 38, r->size = 524288, r->offset = 1048576
12:46:00 ERROR /home/bsc03/bsc03353/forge/src/dispatcher/posix.c:61 140563491034880: r->filehandle = 37, r->size = 524288, r->offset = 524288
12:46:00 ERROR /home/bsc03/bsc03353/forge/src/dispatcher/posix.c:62 139801571280640: single write -1 of expected 524288
12:46:00 ERROR /home/bsc03/bsc03353/forge/src/dispatcher/posix.c:62 140563491034880: single write -1 of expected 524288
12:46:00 ERROR /home/bsc03/bsc03353/forge/src/dispatcher/posix.c:61 140252370691840: r->filehandle = 47, r->size = 524288, r->offset = 0
12:46:00 ERROR /home/bsc03/bsc03353/forge/src/dispatcher/posix.c:62 140252370691840: single write -1 of expected 524288
12:46:01 ERROR /home/bsc03/bsc03353/forge/src/dispatcher/posix.c:61 140184662677248: r->filehandle = 39, r->size = 524288, r->offset = 524288
12:46:01 ERROR /home/bsc03/bsc03353/forge/src/dispatcher/posix.c:62 140184662677248: single write -1 of expected 524288
12:46:01 ERROR /home/bsc03/bsc03353/forge/src/dispatcher/posix.c:61 140584965912320: r->filehandle = 41, r->size = 524288, r->offset = 524288
12:46:01 ERROR /home/bsc03/bsc03353/forge/src/dispatcher/posix.c:62 140584965912320: single write -1 of expected 524288
12:46:02 ERROR /home/bsc03/bsc03353/forge/src/dispatcher/posix.c:61 140267403106048: r->filehandle = 41, r->size = 524288, r->offset = 0
12:46:02 ERROR /home/bsc03/bsc03353/forge/src/dispatcher/posix.c:62 140267403106048: single write -1 of expected 524288
12:46:02 ERROR /home/bsc03/bsc03353/forge/src/dispatcher/posix.c:61 140476810082048: r->filehandle = 43, r->size = 524288, r->offset = 1048576
12:46:02 ERROR /home/bsc03/bsc03353/forge/src/dispatcher/posix.c:61 139810161231616: r->filehandle = 40, r->size = 524288, r->offset = 524288
12:46:02 ERROR /home/bsc03/bsc03353/forge/src/dispatcher/posix.c:62 140476810082048: single write -1 of expected 524288
12:46:02 ERROR /home/bsc03/bsc03353/forge/src/dispatcher/posix.c:62 139810161231616: single write -1 of expected 524288
12:46:02 ERROR /home/bsc03/bsc03353/forge/src/dispatcher/posix.c:61 139913265870592: r->filehandle = 43, r->size = 524288, r->offset = 0
12:46:02 ERROR /home/bsc03/bsc03353/forge/src/dispatcher/posix.c:62 139913265870592: single write -1 of expected 524288
12:46:03 ERROR /home/bsc03/bsc03353/forge/src/dispatcher/posix.c:61 140428345263872: r->filehandle = 37, r->size = 524288, r->offset = 524288
12:46:03 ERROR /home/bsc03/bsc03353/forge/src/dispatcher/posix.c:62 140428345263872: single write -1 of expected 524288
12:46:03 ERROR /home/bsc03/bsc03353/forge/src/dispatcher/posix.c:61 140569933498112: r->filehandle = 44, r->size = 524288, r->offset = 0
12:46:03 ERROR /home/bsc03/bsc03353/forge/src/dispatcher/posix.c:62 140569933498112: single write -1 of expected 524288
12:46:04 ERROR /home/bsc03/bsc03353/forge/src/dispatcher/posix.c:61 139911118382848: r->filehandle = 38, r->size = 524288, r->offset = 1048576
12:46:04 ERROR /home/bsc03/bsc03353/forge/src/dispatcher/posix.c:62 139911118382848: single write -1 of expected 524288
12:46:04 ERROR /home/bsc03/bsc03353/forge/src/dispatcher/posix.c:61 140466072643328: r->filehandle = 39, r->size = 524288, r->offset = 524288
12:46:04 ERROR /home/bsc03/bsc03353/forge/src/dispatcher/posix.c:61 140199695091456: r->filehandle = 46, r->size = 524288, r->offset = 524288
12:46:04 ERROR /home/bsc03/bsc03353/forge/src/dispatcher/posix.c:62 140466072643328: single write -1 of expected 524288
12:46:04 ERROR /home/bsc03/bsc03353/forge/src/dispatcher/posix.c:62 140199695091456: single write -1 of expected 524288
12:46:04 ERROR /home/bsc03/bsc03353/forge/src/dispatcher/posix.c:61 140258813155072: r->filehandle = 37, r->size = 524288, r->offset = 524288
12:46:04 ERROR /home/bsc03/bsc03353/forge/src/dispatcher/posix.c:61 139888358618880: r->filehandle = 37, r->size = 524288, r->offset = 0
12:46:04 ERROR /home/bsc03/bsc03353/forge/src/dispatcher/posix.c:62 140258813155072: single write -1 of expected 524288
12:46:04 ERROR /home/bsc03/bsc03353/forge/src/dispatcher/posix.c:62 139888358618880: single write -1 of expected 524288
12:46:05 ERROR /home/bsc03/bsc03353/forge/src/dispatcher/posix.c:61 140454115116800: r->filehandle = 41, r->size = 524288, r->offset = 0
12:46:05 ERROR /home/bsc03/bsc03353/forge/src/dispatcher/posix.c:62 140454115116800: single write -1 of expected 524288
12:46:05 ERROR /home/bsc03/bsc03353/forge/src/dispatcher/posix.c:61 140263108130560: r->filehandle = 40, r->size = 524288, r->offset = 524288
12:46:05 ERROR /home/bsc03/bsc03353/forge/src/dispatcher/posix.c:61 139884063643392: r->filehandle = 44, r->size = 524288, r->offset = 0
12:46:05 ERROR /home/bsc03/bsc03353/forge/src/dispatcher/posix.c:62 140263108130560: single write -1 of expected 524288
12:46:05 ERROR /home/bsc03/bsc03353/forge/src/dispatcher/posix.c:62 139884063643392: single write -1 of expected 524288
12:46:05 ERROR /home/bsc03/bsc03353/forge/src/dispatcher/posix.c:61 139814456207104: r->filehandle = 43, r->size = 524288, r->offset = 524288
12:46:05 ERROR /home/bsc03/bsc03353/forge/src/dispatcher/posix.c:62 139814456207104: single write -1 of expected 524288
12:46:05 ERROR /home/bsc03/bsc03353/forge/src/dispatcher/posix.c:61 140208285042432: r->filehandle = 45, r->size = 524288, r->offset = 0
12:46:05 ERROR /home/bsc03/bsc03353/forge/src/dispatcher/posix.c:62 140208285042432: single write -1 of expected 524288
12:46:06 ERROR /home/bsc03/bsc03353/forge/src/dispatcher/posix.c:61 140489695008512: r->filehandle = 46, r->size = 524288, r->offset = 0
12:46:06 ERROR /home/bsc03/bsc03353/forge/src/dispatcher/posix.c:62 140489695008512: single write -1 of expected 524288
12:46:06 ERROR /home/bsc03/bsc03353/forge/src/dispatcher/posix.c:61 140487547520768: r->filehandle = 44, r->size = 524288, r->offset = 524288
12:46:06 ERROR /home/bsc03/bsc03353/forge/src/dispatcher/posix.c:62 140487547520768: single write -1 of expected 524288
12:46:07 ERROR /home/bsc03/bsc03353/forge/src/dispatcher/posix.c:61 139803718768384: r->filehandle = 47, r->size = 524288, r->offset = 524288
12:46:07 ERROR /home/bsc03/bsc03353/forge/src/dispatcher/posix.c:62 139803718768384: single write -1 of expected 524288
12:46:07 ERROR /home/bsc03/bsc03353/forge/src/dispatcher/posix.c:61 140493989984000: r->filehandle = 41, r->size = 524288, r->offset = 524288
12:46:07 ERROR /home/bsc03/bsc03353/forge/src/dispatcher/posix.c:61 140235190789888: r->filehandle = 38, r->size = 524288, r->offset = 524288
12:46:07 ERROR /home/bsc03/bsc03353/forge/src/dispatcher/posix.c:61 140197547603712: r->filehandle = 39, r->size = 524288, r->offset = 1048576
12:46:07 ERROR /home/bsc03/bsc03353/forge/src/dispatcher/posix.c:62 140493989984000: single write -1 of expected 524288
12:46:07 ERROR /home/bsc03/bsc03353/forge/src/dispatcher/posix.c:62 140235190789888: single write -1 of expected 524288
12:46:07 ERROR /home/bsc03/bsc03353/forge/src/dispatcher/posix.c:62 140197547603712: single write -1 of expected 524288
12:46:07 ERROR /home/bsc03/bsc03353/forge/src/dispatcher/posix.c:61 139788686354176: r->filehandle = 36, r->size = 524288, r->offset = 1048576
12:46:07 ERROR /home/bsc03/bsc03353/forge/src/dispatcher/posix.c:61 139911980984064: r->filehandle = 46, r->size = 524288, r->offset = 0
12:46:07 ERROR /home/bsc03/bsc03353/forge/src/dispatcher/posix.c:62 139788686354176: single write -1 of expected 524288
12:46:07 ERROR /home/bsc03/bsc03353/forge/src/dispatcher/posix.c:62 139911980984064: single write -1 of expected 524288
12:46:08 ERROR /home/bsc03/bsc03353/forge/src/dispatcher/posix.c:61 140210432530176: r->filehandle = 45, r->size = 524288, r->offset = 524288
12:46:08 ERROR /home/bsc03/bsc03353/forge/src/dispatcher/posix.c:62 140210432530176: single write -1 of expected 524288
12:46:08 ERROR /home/bsc03/bsc03353/forge/src/dispatcher/posix.c:61 140178220214016: r->filehandle = 46, r->size = 524288, r->offset = 1048576
12:46:08 ERROR /home/bsc03/bsc03353/forge/src/dispatcher/posix.c:62 140178220214016: single write -1 of expected 524288
12:46:08 ERROR /home/bsc03/bsc03353/forge/src/dispatcher/posix.c:61 140434787727104: r->filehandle = 38, r->size = 524288, r->offset = 0
12:46:08 ERROR /home/bsc03/bsc03353/forge/src/dispatcher/posix.c:62 140434787727104: single write -1 of expected 524288
12:46:09 ERROR /home/bsc03/bsc03353/forge/src/dispatcher/posix.c:61 140476810082048: r->filehandle = 39, r->size = 524288, r->offset = 1048576
12:46:09 ERROR /home/bsc03/bsc03353/forge/src/dispatcher/posix.c:61 140567786010368: r->filehandle = 37, r->size = 524288, r->offset = 1048576
12:46:09 ERROR /home/bsc03/bsc03353/forge/src/dispatcher/posix.c:62 140476810082048: single write -1 of expected 524288
12:46:09 ERROR /home/bsc03/bsc03353/forge/src/dispatcher/posix.c:62 140567786010368: single write -1 of expected 524288
12:46:09 ERROR /home/bsc03/bsc03353/forge/src/dispatcher/posix.c:61 140483252545280: r->filehandle = 42, r->size = 524288, r->offset = 1048576
12:46:09 ERROR /home/bsc03/bsc03353/forge/src/dispatcher/posix.c:62 140483252545280: single write -1 of expected 524288
12:46:10 ERROR /home/bsc03/bsc03353/forge/src/dispatcher/posix.c:61 140466072643328: r->filehandle = 39, r->size = 524288, r->offset = 1572864
12:46:10 ERROR /home/bsc03/bsc03353/forge/src/dispatcher/posix.c:62 140466072643328: single write -1 of expected 524288
12:46:10 ERROR /home/bsc03/bsc03353/forge/src/dispatcher/posix.c:61 140580670936832: r->filehandle = 42, r->size = 524288, r->offset = 0
12:46:10 ERROR /home/bsc03/bsc03353/forge/src/dispatcher/posix.c:61 140428345263872: r->filehandle = 41, r->size = 524288, r->offset = 524288
12:46:10 ERROR /home/bsc03/bsc03353/forge/src/dispatcher/posix.c:61 139921855821568: r->filehandle = 46, r->size = 524288, r->offset = 524288
12:46:10 ERROR /home/bsc03/bsc03353/forge/src/dispatcher/posix.c:62 140580670936832: single write -1 of expected 524288
12:46:10 ERROR /home/bsc03/bsc03353/forge/src/dispatcher/posix.c:62 140428345263872: single write -1 of expected 524288
12:46:10 ERROR /home/bsc03/bsc03353/forge/src/dispatcher/posix.c:62 139921855821568: single write -1 of expected 524288
12:46:10 ERROR /home/bsc03/bsc03353/forge/src/dispatcher/posix.c:61 140561343547136: r->filehandle = 46, r->size = 524288, r->offset = 1048576
12:46:10 ERROR /home/bsc03/bsc03353/forge/src/dispatcher/posix.c:62 140561343547136: single write -1 of expected 524288
12:46:11 ERROR /home/bsc03/bsc03353/forge/src/dispatcher/posix.c:61 140472515106560: r->filehandle = 36, r->size = 524288, r->offset = 524288
12:46:11 ERROR /home/bsc03/bsc03353/forge/src/dispatcher/posix.c:62 140472515106560: single write -1 of expected 524288
12:46:11 ERROR /home/bsc03/bsc03353/forge/src/dispatcher/posix.c:61 140456262604544: r->filehandle = 37, r->size = 524288, r->offset = 1048576
12:46:11 ERROR /home/bsc03/bsc03353/forge/src/dispatcher/posix.c:62 140456262604544: single write -1 of expected 524288
12:46:12 ERROR /home/bsc03/bsc03353/forge/src/dispatcher/posix.c:61 139903391033088: r->filehandle = 40, r->size = 524288, r->offset = 524288
12:46:12 ERROR /home/bsc03/bsc03353/forge/src/dispatcher/posix.c:61 139790833841920: r->filehandle = 37, r->size = 524288, r->offset = 1572864
12:46:12 ERROR /home/bsc03/bsc03353/forge/src/dispatcher/posix.c:61 140206137554688: r->filehandle = 44, r->size = 524288, r->offset = 1048576
12:46:12 ERROR /home/bsc03/bsc03353/forge/src/dispatcher/posix.c:62 139903391033088: single write -1 of expected 524288
12:46:12 ERROR /home/bsc03/bsc03353/forge/src/dispatcher/posix.c:62 139790833841920: single write -1 of expected 524288
12:46:12 ERROR /home/bsc03/bsc03353/forge/src/dispatcher/posix.c:62 140206137554688: single write -1 of expected 524288
12:46:12 ERROR /home/bsc03/bsc03353/forge/src/dispatcher/posix.c:61 139909833496320: r->filehandle = 47, r->size = 524288, r->offset = 1048576
12:46:12 ERROR /home/bsc03/bsc03353/forge/src/dispatcher/posix.c:61 140248075716352: r->filehandle = 44, r->size = 524288, r->offset = 1048576
12:46:12 ERROR /home/bsc03/bsc03353/forge/src/dispatcher/posix.c:62 139909833496320: single write -1 of expected 524288
12:46:12 ERROR /home/bsc03/bsc03353/forge/src/dispatcher/posix.c:62 140248075716352: single write -1 of expected 524288
12:46:12 ERROR /home/bsc03/bsc03353/forge/src/dispatcher/posix.c:61 140574228473600: r->filehandle = 40, r->size = 524288, r->offset = 0
12:46:12 ERROR /home/bsc03/bsc03353/forge/src/dispatcher/posix.c:62 140574228473600: single write -1 of expected 524288
12:46:12 ERROR /home/bsc03/bsc03353/forge/src/dispatcher/posix.c:61 139892653594368: r->filehandle = 44, r->size = 524288, r->offset = 524288
12:46:12 ERROR /home/bsc03/bsc03353/forge/src/dispatcher/posix.c:62 139892653594368: single write -1 of expected 524288
12:46:13 ERROR /home/bsc03/bsc03353/forge/src/dispatcher/posix.c:61 139917560846080: r->filehandle = 45, r->size = 524288, r->offset = 0
12:46:13 ERROR /home/bsc03/bsc03353/forge/src/dispatcher/posix.c:62 139917560846080: single write -1 of expected 524288
12:46:13 ERROR /home/bsc03/bsc03353/forge/src/dispatcher/posix.c:61 140572080985856: r->filehandle = 36, r->size = 524288, r->offset = 1048576
12:46:13 ERROR /home/bsc03/bsc03353/forge/src/dispatcher/posix.c:62 140572080985856: single write -1 of expected 524288
12:46:13 ERROR /home/bsc03/bsc03353/forge/src/dispatcher/posix.c:61 140180367701760: r->filehandle = 41, r->size = 524288, r->offset = 524288
12:46:13 ERROR /home/bsc03/bsc03353/forge/src/dispatcher/posix.c:62 140180367701760: single write -1 of expected 524288
12:46:13 ERROR /home/bsc03/bsc03353/forge/src/dispatcher/posix.c:61 140478957569792: r->filehandle = 35, r->size = 524288, r->offset = 1048576
12:46:13 ERROR /home/bsc03/bsc03353/forge/src/dispatcher/posix.c:62 140478957569792: single write -1 of expected 524288
12:46:14 ERROR /home/bsc03/bsc03353/forge/src/dispatcher/posix.c:61 140254518179584: r->filehandle = 47, r->size = 524288, r->offset = 524288
12:46:14 ERROR /home/bsc03/bsc03353/forge/src/dispatcher/posix.c:61 140195400115968: r->filehandle = 47, r->size = 524288, r->offset = 1572864
12:46:14 ERROR /home/bsc03/bsc03353/forge/src/dispatcher/posix.c:62 140254518179584: single write -1 of expected 524288
12:46:14 ERROR /home/bsc03/bsc03353/forge/src/dispatcher/posix.c:62 140195400115968: single write -1 of expected 524288
12:46:14 ERROR /home/bsc03/bsc03353/forge/src/dispatcher/posix.c:61 139792981329664: r->filehandle = 44, r->size = 524288, r->offset = 0
12:46:14 ERROR /home/bsc03/bsc03353/forge/src/dispatcher/posix.c:62 139792981329664: single write -1 of expected 524288
12:46:14 ERROR /home/bsc03/bsc03353/forge/src/dispatcher/posix.c:61 140587113400064: r->filehandle = 39, r->size = 524288, r->offset = 0
12:46:14 ERROR /home/bsc03/bsc03353/forge/src/dispatcher/posix.c:61 139919708333824: r->filehandle = 37, r->size = 524288, r->offset = 0
12:46:14 ERROR /home/bsc03/bsc03353/forge/src/dispatcher/posix.c:62 140587113400064: single write -1 of expected 524288
12:46:14 ERROR /home/bsc03/bsc03353/forge/src/dispatcher/posix.c:62 139919708333824: single write -1 of expected 524288
12:46:15 ERROR /home/bsc03/bsc03353/forge/src/dispatcher/posix.c:61 140256665667328: r->filehandle = 42, r->size = 524288, r->offset = 1048576
12:46:15 ERROR /home/bsc03/bsc03353/forge/src/dispatcher/posix.c:62 140256665667328: single write -1 of expected 524288
12:46:15 ERROR /home/bsc03/bsc03353/forge/src/dispatcher/posix.c:61 139896948569856: r->filehandle = 36, r->size = 524288, r->offset = 524288
12:46:15 ERROR /home/bsc03/bsc03353/forge/src/dispatcher/posix.c:62 139896948569856: single write -1 of expected 524288
12:46:15 ERROR /home/bsc03/bsc03353/forge/src/dispatcher/posix.c:61 140447672653568: r->filehandle = 42, r->size = 524288, r->offset = 1048576
12:46:15 ERROR /home/bsc03/bsc03353/forge/src/dispatcher/posix.c:62 140447672653568: single write -1 of expected 524288
12:46:16 ERROR /home/bsc03/bsc03353/forge/src/dispatcher/posix.c:61 139899096057600: r->filehandle = 43, r->size = 524288, r->offset = 524288
12:46:16 ERROR /home/bsc03/bsc03353/forge/src/dispatcher/posix.c:61 139795128817408: r->filehandle = 36, r->size = 524288, r->offset = 1572864
12:46:16 ERROR /home/bsc03/bsc03353/forge/src/dispatcher/posix.c:62 139795128817408: single write -1 of expected 524288
12:46:16 ERROR /home/bsc03/bsc03353/forge/src/dispatcher/posix.c:62 139899096057600: single write -1 of expected 524288
12:46:16 ERROR /home/bsc03/bsc03353/forge/src/dispatcher/posix.c:61 140565638522624: r->filehandle = 47, r->size = 524288, r->offset = 1048576
12:46:17 ERROR /home/bsc03/bsc03353/forge/src/dispatcher/posix.c:62 140565638522624: single write -1 of expected 524288
12:46:17 ERROR /home/bsc03/bsc03353/forge/src/dispatcher/posix.c:61 140245928228608: r->filehandle = 45, r->size = 524288, r->offset = 524288
12:46:17 ERROR /home/bsc03/bsc03353/forge/src/dispatcher/posix.c:62 140245928228608: single write -1 of expected 524288
12:46:17 ERROR /home/bsc03/bsc03353/forge/src/dispatcher/posix.c:61 140487547520768: r->filehandle = 41, r->size = 524288, r->offset = 1048576
12:46:17 ERROR /home/bsc03/bsc03353/forge/src/dispatcher/posix.c:61 140430492751616: r->filehandle = 38, r->size = 524288, r->offset = 524288
12:46:17 ERROR /home/bsc03/bsc03353/forge/src/dispatcher/posix.c:62 140487547520768: single write -1 of expected 524288
12:46:17 ERROR /home/bsc03/bsc03353/forge/src/dispatcher/posix.c:62 140430492751616: single write -1 of expected 524288
12:46:18 ERROR /home/bsc03/bsc03353/forge/src/dispatcher/posix.c:61 140186810164992: r->filehandle = 37, r->size = 524288, r->offset = 524288
12:46:18 ERROR /home/bsc03/bsc03353/forge/src/dispatcher/posix.c:62 140186810164992: single write -1 of expected 524288
12:46:18 ERROR /home/bsc03/bsc03353/forge/src/dispatcher/posix.c:61 139808013743872: r->filehandle = 45, r->size = 524288, r->offset = 524288
12:46:18 ERROR /home/bsc03/bsc03353/forge/src/dispatcher/posix.c:62 139808013743872: single write -1 of expected 524288
12:46:18 ERROR /home/bsc03/bsc03353/forge/src/dispatcher/posix.c:61 140584965912320: r->filehandle = 44, r->size = 524288, r->offset = 524288
12:46:18 ERROR /home/bsc03/bsc03353/forge/src/dispatcher/posix.c:62 140584965912320: single write -1 of expected 524288
12:46:18 ERROR /home/bsc03/bsc03353/forge/src/dispatcher/posix.c:61 140489695008512: r->filehandle = 42, r->size = 524288, r->offset = 1572864
12:46:18 ERROR /home/bsc03/bsc03353/forge/src/dispatcher/posix.c:62 140489695008512: single write -1 of expected 524288
12:46:18 ERROR /home/bsc03/bsc03353/forge/src/dispatcher/posix.c:61 140258813155072: r->filehandle = 40, r->size = 524288, r->offset = 1048576
12:46:18 ERROR /home/bsc03/bsc03353/forge/src/dispatcher/posix.c:62 140258813155072: single write -1 of expected 524288
12:46:18 ERROR /home/bsc03/bsc03353/forge/src/dispatcher/posix.c:61 139908970895104: r->filehandle = 40, r->size = 524288, r->offset = 0
12:46:18 ERROR /home/bsc03/bsc03353/forge/src/dispatcher/posix.c:62 139908970895104: single write -1 of expected 524288
12:46:20 ERROR /home/bsc03/bsc03353/forge/src/dispatcher/posix.c:61 140554901083904: r->filehandle = 38, r->size = 524288, r->offset = 524288
12:46:20 ERROR /home/bsc03/bsc03353/forge/src/dispatcher/posix.c:62 140554901083904: single write -1 of expected 524288
12:46:20 ERROR /home/bsc03/bsc03353/forge/src/dispatcher/posix.c:61 139884063643392: r->filehandle = 44, r->size = 524288, r->offset = 1048576
12:46:20 ERROR /home/bsc03/bsc03353/forge/src/dispatcher/posix.c:61 140237338277632: r->filehandle = 43, r->size = 524288, r->offset = 0
12:46:20 ERROR /home/bsc03/bsc03353/forge/src/dispatcher/posix.c:61 139900380944128: r->filehandle = 46, r->size = 524288, r->offset = 1048576
12:46:20 ERROR /home/bsc03/bsc03353/forge/src/dispatcher/posix.c:62 140237338277632: single write -1 of expected 524288
12:46:20 ERROR /home/bsc03/bsc03353/forge/src/dispatcher/posix.c:62 139884063643392: single write -1 of expected 524288
12:46:20 ERROR /home/bsc03/bsc03353/forge/src/dispatcher/posix.c:62 139900380944128: single write -1 of expected 524288
12:46:21 ERROR /home/bsc03/bsc03353/forge/src/dispatcher/posix.c:61 140449820141312: r->filehandle = 40, r->size = 524288, r->offset = 1048576
12:46:21 ERROR /home/bsc03/bsc03353/forge/src/dispatcher/posix.c:62 140449820141312: single write -1 of expected 524288
12:46:21 ERROR /home/bsc03/bsc03353/forge/src/dispatcher/posix.c:61 139906823407360: r->filehandle = 36, r->size = 524288, r->offset = 524288
12:46:21 ERROR /home/bsc03/bsc03353/forge/src/dispatcher/posix.c:61 139797276305152: r->filehandle = 43, r->size = 524288, r->offset = 1048576
12:46:21 ERROR /home/bsc03/bsc03353/forge/src/dispatcher/posix.c:62 139906823407360: single write -1 of expected 524288
12:46:21 ERROR /home/bsc03/bsc03353/forge/src/dispatcher/posix.c:62 139797276305152: single write -1 of expected 524288
12:46:21 ERROR /home/bsc03/bsc03353/forge/src/dispatcher/posix.c:61 140460557580032: r->filehandle = 39, r->size = 524288, r->offset = 0
12:46:21 ERROR /home/bsc03/bsc03353/forge/src/dispatcher/posix.c:61 140188957652736: r->filehandle = 40, r->size = 524288, r->offset = 0
12:46:21 ERROR /home/bsc03/bsc03353/forge/src/dispatcher/posix.c:62 140188957652736: single write -1 of expected 524288
12:46:21 ERROR /home/bsc03/bsc03353/forge/src/dispatcher/posix.c:62 140460557580032: single write -1 of expected 524288
12:46:21 ERROR /home/bsc03/bsc03353/forge/src/dispatcher/posix.c:61 140267403106048: r->filehandle = 44, r->size = 524288, r->offset = 1572864
12:46:21 ERROR /home/bsc03/bsc03353/forge/src/dispatcher/posix.c:62 140267403106048: single write -1 of expected 524288
12:46:22 ERROR /home/bsc03/bsc03353/forge/src/dispatcher/posix.c:61 139913265870592: r->filehandle = 37, r->size = 524288, r->offset = 524288
12:46:22 ERROR /home/bsc03/bsc03353/forge/src/dispatcher/posix.c:62 139913265870592: single write -1 of expected 524288
12:46:22 ERROR /home/bsc03/bsc03353/forge/src/dispatcher/posix.c:61 140580670936832: r->filehandle = 46, r->size = 524288, r->offset = 1572864
12:46:22 ERROR /home/bsc03/bsc03353/forge/src/dispatcher/posix.c:61 140184662677248: r->filehandle = 45, r->size = 524288, r->offset = 1048576
12:46:22 ERROR /home/bsc03/bsc03353/forge/src/dispatcher/posix.c:62 140580670936832: single write -1 of expected 524288
12:46:22 ERROR /home/bsc03/bsc03353/forge/src/dispatcher/posix.c:62 140184662677248: single write -1 of expected 524288
12:46:23 ERROR /home/bsc03/bsc03353/forge/src/dispatcher/posix.c:61 140478957569792: r->filehandle = 41, r->size = 524288, r->offset = 1572864
12:46:23 ERROR /home/bsc03/bsc03353/forge/src/dispatcher/posix.c:61 140241633253120: r->filehandle = 36, r->size = 524288, r->offset = 0
12:46:23 ERROR /home/bsc03/bsc03353/forge/src/dispatcher/posix.c:62 140478957569792: single write -1 of expected 524288
12:46:23 ERROR /home/bsc03/bsc03353/forge/src/dispatcher/posix.c:62 140241633253120: single write -1 of expected 524288
12:46:23 ERROR /home/bsc03/bsc03353/forge/src/dispatcher/posix.c:61 140208285042432: r->filehandle = 44, r->size = 524288, r->offset = 1572864
12:46:23 ERROR /home/bsc03/bsc03353/forge/src/dispatcher/posix.c:62 140208285042432: single write -1 of expected 524288
12:46:24 ERROR /home/bsc03/bsc03353/forge/src/dispatcher/posix.c:61 140474662594304: r->filehandle = 40, r->size = 524288, r->offset = 524288
12:46:24 ERROR /home/bsc03/bsc03353/forge/src/dispatcher/posix.c:62 140474662594304: single write -1 of expected 524288
12:46:24 ERROR /home/bsc03/bsc03353/forge/src/dispatcher/posix.c:61 139805866256128: r->filehandle = 38, r->size = 524288, r->offset = 1572864
12:46:24 ERROR /home/bsc03/bsc03353/forge/src/dispatcher/posix.c:62 139805866256128: single write -1 of expected 524288
12:46:25 ERROR /home/bsc03/bsc03353/forge/src/dispatcher/posix.c:61 140256665667328: r->filehandle = 45, r->size = 524288, r->offset = 1048576
12:46:25 ERROR /home/bsc03/bsc03353/forge/src/dispatcher/posix.c:62 140256665667328: single write -1 of expected 524288
12:46:25 ERROR /home/bsc03/bsc03353/forge/src/dispatcher/posix.c:61 140569933498112: r->filehandle = 40, r->size = 524288, r->offset = 524288
12:46:25 ERROR /home/bsc03/bsc03353/forge/src/dispatcher/posix.c:61 139930445772544: r->filehandle = 39, r->size = 524288, r->offset = 2097152
12:46:25 ERROR /home/bsc03/bsc03353/forge/src/dispatcher/posix.c:61 140210432530176: r->filehandle = 47, r->size = 524288, r->offset = 2097152
12:46:25 ERROR /home/bsc03/bsc03353/forge/src/dispatcher/posix.c:61 140434787727104: r->filehandle = 37, r->size = 524288, r->offset = 1572864
12:46:25 ERROR /home/bsc03/bsc03353/forge/src/dispatcher/posix.c:62 140569933498112: single write -1 of expected 524288
12:46:25 ERROR /home/bsc03/bsc03353/forge/src/dispatcher/posix.c:62 140210432530176: single write -1 of expected 524288
12:46:25 ERROR /home/bsc03/bsc03353/forge/src/dispatcher/posix.c:62 139930445772544: single write -1 of expected 524288
12:46:25 ERROR /home/bsc03/bsc03353/forge/src/dispatcher/posix.c:62 140434787727104: single write -1 of expected 524288
12:46:26 ERROR /home/bsc03/bsc03353/forge/src/dispatcher/posix.c:61 140250223204096: r->filehandle = 47, r->size = 524288, r->offset = 1048576
12:46:26 ERROR /home/bsc03/bsc03353/forge/src/dispatcher/posix.c:62 140250223204096: single write -1 of expected 524288
12:46:26 ERROR /home/bsc03/bsc03353/forge/src/dispatcher/posix.c:61 139907686008576: r->filehandle = 45, r->size = 524288, r->offset = 0
12:46:26 ERROR /home/bsc03/bsc03353/forge/src/dispatcher/posix.c:62 139907686008576: single write -1 of expected 524288
12:46:27 ERROR /home/bsc03/bsc03353/forge/src/dispatcher/posix.c:61 140235190789888: r->filehandle = 44, r->size = 524288, r->offset = 2097152
12:46:27 ERROR /home/bsc03/bsc03353/forge/src/dispatcher/posix.c:62 140235190789888: single write -1 of expected 524288
12:46:27 ERROR /home/bsc03/bsc03353/forge/src/dispatcher/posix.c:61 139812308719360: r->filehandle = 47, r->size = 524288, r->offset = 1048576
12:46:27 ERROR /home/bsc03/bsc03353/forge/src/dispatcher/posix.c:62 139812308719360: single write -1 of expected 524288
12:46:27 ERROR /home/bsc03/bsc03353/forge/src/dispatcher/posix.c:61 140265255618304: r->filehandle = 46, r->size = 524288, r->offset = 0
12:46:27 ERROR /home/bsc03/bsc03353/forge/src/dispatcher/posix.c:61 140582818424576: r->filehandle = 39, r->size = 524288, r->offset = 524288
12:46:27 ERROR /home/bsc03/bsc03353/forge/src/dispatcher/posix.c:62 140265255618304: single write -1 of expected 524288
12:46:27 ERROR /home/bsc03/bsc03353/forge/src/dispatcher/posix.c:62 140582818424576: single write -1 of expected 524288
12:46:28 ERROR /home/bsc03/bsc03353/forge/src/dispatcher/posix.c:61 140468220131072: r->filehandle = 45, r->size = 524288, r->offset = 524288
12:46:28 ERROR /home/bsc03/bsc03353/forge/src/dispatcher/posix.c:61 139926150797056: r->filehandle = 42, r->size = 524288, r->offset = 524288
12:46:28 ERROR /home/bsc03/bsc03353/forge/src/dispatcher/posix.c:62 140468220131072: single write -1 of expected 524288
12:46:28 ERROR /home/bsc03/bsc03353/forge/src/dispatcher/posix.c:62 139926150797056: single write -1 of expected 524288
12:46:28 ERROR /home/bsc03/bsc03353/forge/src/dispatcher/posix.c:61 140576375961344: r->filehandle = 41, r->size = 524288, r->offset = 1048576
12:46:28 ERROR /home/bsc03/bsc03353/forge/src/dispatcher/posix.c:61 140263108130560: r->filehandle = 38, r->size = 524288, r->offset = 1048576
12:46:28 ERROR /home/bsc03/bsc03353/forge/src/dispatcher/posix.c:62 140576375961344: single write -1 of expected 524288
12:46:28 ERROR /home/bsc03/bsc03353/forge/src/dispatcher/posix.c:62 140263108130560: single write -1 of expected 524288
12:46:29 ERROR /home/bsc03/bsc03353/forge/src/dispatcher/posix.c:61 139904675919616: r->filehandle = 46, r->size = 524288, r->offset = 1572864
12:46:29 ERROR /home/bsc03/bsc03353/forge/src/dispatcher/posix.c:61 140201842579200: r->filehandle = 36, r->size = 524288, r->offset = 0
12:46:29 ERROR /home/bsc03/bsc03353/forge/src/dispatcher/posix.c:62 139904675919616: single write -1 of expected 524288
12:46:29 ERROR /home/bsc03/bsc03353/forge/src/dispatcher/posix.c:62 140201842579200: single write -1 of expected 524288
12:46:29 ERROR /home/bsc03/bsc03353/forge/src/dispatcher/posix.c:61 139799423792896: r->filehandle = 41, r->size = 524288, r->offset = 524288
12:46:29 ERROR /home/bsc03/bsc03353/forge/src/dispatcher/posix.c:62 139799423792896: single write -1 of expected 524288
12:46:29 ERROR /home/bsc03/bsc03353/forge/src/dispatcher/posix.c:61 140567786010368: r->filehandle = 36, r->size = 524288, r->offset = 1572864
12:46:29 ERROR /home/bsc03/bsc03353/forge/src/dispatcher/posix.c:62 140567786010368: single write -1 of expected 524288
12:46:29 ERROR /home/bsc03/bsc03353/forge/src/dispatcher/posix.c:61 140461777667840: r->filehandle = 44, r->size = 524288, r->offset = 1048576
12:46:29 ERROR /home/bsc03/bsc03353/forge/src/dispatcher/posix.c:62 140461777667840: single write -1 of expected 524288
12:46:30 ERROR /home/bsc03/bsc03353/forge/src/dispatcher/posix.c:61 139909833496320: r->filehandle = 44, r->size = 524288, r->offset = 1572864
12:46:30 ERROR /home/bsc03/bsc03353/forge/src/dispatcher/posix.c:61 140432640239360: r->filehandle = 38, r->size = 524288, r->offset = 1048576
12:46:30 ERROR /home/bsc03/bsc03353/forge/src/dispatcher/posix.c:62 139909833496320: single write -1 of expected 524288
12:46:30 ERROR /home/bsc03/bsc03353/forge/src/dispatcher/posix.c:62 140432640239360: single write -1 of expected 524288
12:46:31 ERROR /home/bsc03/bsc03353/forge/src/dispatcher/posix.c:61 140237338277632: r->filehandle = 47, r->size = 524288, r->offset = 1572864
12:46:31 ERROR /home/bsc03/bsc03353/forge/src/dispatcher/posix.c:62 140237338277632: single write -1 of expected 524288
12:46:31 ERROR /home/bsc03/bsc03353/forge/src/dispatcher/posix.c:61 139792981329664: r->filehandle = 36, r->size = 524288, r->offset = 2097152
12:46:31 ERROR /home/bsc03/bsc03353/forge/src/dispatcher/posix.c:62 139792981329664: single write -1 of expected 524288
12:46:31 ERROR /home/bsc03/bsc03353/forge/src/dispatcher/posix.c:61 139901243545344: r->filehandle = 42, r->size = 524288, r->offset = 0
12:46:31 ERROR /home/bsc03/bsc03353/forge/src/dispatcher/posix.c:61 140561343547136: r->filehandle = 47, r->size = 524288, r->offset = 1572864
12:46:31 ERROR /home/bsc03/bsc03353/forge/src/dispatcher/posix.c:62 140561343547136: single write -1 of expected 524288
12:46:31 ERROR /home/bsc03/bsc03353/forge/src/dispatcher/posix.c:62 139901243545344: single write -1 of expected 524288
12:46:32 ERROR /home/bsc03/bsc03353/forge/src/dispatcher/posix.c:61 140483252545280: r->filehandle = 40, r->size = 524288, r->offset = 1048576
12:46:32 ERROR /home/bsc03/bsc03353/forge/src/dispatcher/posix.c:61 140559196059392: r->filehandle = 45, r->size = 524288, r->offset = 0
12:46:32 ERROR /home/bsc03/bsc03353/forge/src/dispatcher/posix.c:62 140559196059392: single write -1 of expected 524288
12:46:32 ERROR /home/bsc03/bsc03353/forge/src/dispatcher/posix.c:62 140483252545280: single write -1 of expected 524288
12:46:32 ERROR /home/bsc03/bsc03353/forge/src/dispatcher/posix.c:61 140441230190336: r->filehandle = 47, r->size = 524288, r->offset = 0
12:46:32 ERROR /home/bsc03/bsc03353/forge/src/dispatcher/posix.c:62 140441230190336: single write -1 of expected 524288
12:46:33 ERROR /home/bsc03/bsc03353/forge/src/dispatcher/posix.c:61 140578523449088: r->filehandle = 37, r->size = 524288, r->offset = 1572864
12:46:33 ERROR /home/bsc03/bsc03353/forge/src/dispatcher/posix.c:61 139906823407360: r->filehandle = 39, r->size = 524288, r->offset = 2621440
12:46:33 ERROR /home/bsc03/bsc03353/forge/src/dispatcher/posix.c:62 140578523449088: single write -1 of expected 524288
12:46:33 ERROR /home/bsc03/bsc03353/forge/src/dispatcher/posix.c:62 139906823407360: single write -1 of expected 524288
12:46:33 ERROR /home/bsc03/bsc03353/forge/src/dispatcher/posix.c:61 140476810082048: r->filehandle = 35, r->size = 524288, r->offset = 1572864
12:46:33 ERROR /home/bsc03/bsc03353/forge/src/dispatcher/posix.c:61 140248075716352: r->filehandle = 40, r->size = 524288, r->offset = 1572864
12:46:33 ERROR /home/bsc03/bsc03353/forge/src/dispatcher/posix.c:61 140191105140480: r->filehandle = 43, r->size = 524288, r->offset = 524288
12:46:33 ERROR /home/bsc03/bsc03353/forge/src/dispatcher/posix.c:62 140248075716352: single write -1 of expected 524288
12:46:33 ERROR /home/bsc03/bsc03353/forge/src/dispatcher/posix.c:62 140476810082048: single write -1 of expected 524288
12:46:33 ERROR /home/bsc03/bsc03353/forge/src/dispatcher/posix.c:62 140191105140480: single write -1 of expected 524288
12:46:33 ERROR /home/bsc03/bsc03353/forge/src/dispatcher/posix.c:61 139790833841920: r->filehandle = 43, r->size = 524288, r->offset = 1572864
12:46:33 ERROR /home/bsc03/bsc03353/forge/src/dispatcher/posix.c:62 139790833841920: single write -1 of expected 524288
12:46:33 ERROR /home/bsc03/bsc03353/forge/src/dispatcher/posix.c:61 140478957569792: r->filehandle = 40, r->size = 524288, r->offset = 1572864
12:46:33 ERROR /home/bsc03/bsc03353/forge/src/dispatcher/posix.c:61 139803718768384: r->filehandle = 38, r->size = 524288, r->offset = 2097152
12:46:33 ERROR /home/bsc03/bsc03353/forge/src/dispatcher/posix.c:62 139803718768384: single write -1 of expected 524288
12:46:33 ERROR /home/bsc03/bsc03353/forge/src/dispatcher/posix.c:61 140436935214848: r->filehandle = 43, r->size = 524288, r->offset = 0
12:46:33 ERROR /home/bsc03/bsc03353/forge/src/dispatcher/posix.c:62 140478957569792: single write -1 of expected 524288
12:46:33 ERROR /home/bsc03/bsc03353/forge/src/dispatcher/posix.c:62 140436935214848: single write -1 of expected 524288
12:46:33 ERROR /home/bsc03/bsc03353/forge/src/dispatcher/posix.c:61 140252370691840: r->filehandle = 41, r->size = 524288, r->offset = 524288
12:46:33 ERROR /home/bsc03/bsc03353/forge/src/dispatcher/posix.c:61 140195400115968: r->filehandle = 44, r->size = 524288, r->offset = 2097152
12:46:33 ERROR /home/bsc03/bsc03353/forge/src/dispatcher/posix.c:62 140252370691840: single write -1 of expected 524288
12:46:33 ERROR /home/bsc03/bsc03353/forge/src/dispatcher/posix.c:62 140195400115968: single write -1 of expected 524288
12:46:34 ERROR /home/bsc03/bsc03353/forge/src/dispatcher/posix.c:61 140197547603712: r->filehandle = 41, r->size = 524288, r->offset = 1048576
12:46:34 ERROR /home/bsc03/bsc03353/forge/src/dispatcher/posix.c:62 140197547603712: single write -1 of expected 524288
12:46:34 ERROR /home/bsc03/bsc03353/forge/src/dispatcher/posix.c:61 139786538866432: r->filehandle = 39, r->size = 524288, r->offset = 524288
12:46:34 ERROR /home/bsc03/bsc03353/forge/src/dispatcher/posix.c:62 139786538866432: single write -1 of expected 524288
12:46:34 ERROR /home/bsc03/bsc03353/forge/src/dispatcher/posix.c:61 140206137554688: r->filehandle = 40, r->size = 524288, r->offset = 524288
12:46:34 ERROR /home/bsc03/bsc03353/forge/src/dispatcher/posix.c:62 140206137554688: single write -1 of expected 524288
12:46:34 ERROR /home/bsc03/bsc03353/forge/src/dispatcher/posix.c:61 139888358618880: r->filehandle = 47, r->size = 524288, r->offset = 1572864
12:46:34 ERROR /home/bsc03/bsc03353/forge/src/dispatcher/posix.c:61 139900380944128: r->filehandle = 42, r->size = 524288, r->offset = 1048576
12:46:34 ERROR /home/bsc03/bsc03353/forge/src/dispatcher/posix.c:62 139888358618880: single write -1 of expected 524288
12:46:34 ERROR /home/bsc03/bsc03353/forge/src/dispatcher/posix.c:62 139900380944128: single write -1 of expected 524288
12:46:35 ERROR /home/bsc03/bsc03353/forge/src/dispatcher/posix.c:61 140267403106048: r->filehandle = 44, r->size = 524288, r->offset = 2621440
12:46:35 ERROR /home/bsc03/bsc03353/forge/src/dispatcher/posix.c:62 140267403106048: single write -1 of expected 524288
12:46:35 ERROR /home/bsc03/bsc03353/forge/src/dispatcher/posix.c:61 139782243890944: r->filehandle = 46, r->size = 524288, r->offset = 0
12:46:35 ERROR /home/bsc03/bsc03353/forge/src/dispatcher/posix.c:61 140458410092288: r->filehandle = 45, r->size = 524288, r->offset = 1048576
12:46:35 ERROR /home/bsc03/bsc03353/forge/src/dispatcher/posix.c:62 139782243890944: single write -1 of expected 524288
12:46:35 ERROR /home/bsc03/bsc03353/forge/src/dispatcher/posix.c:62 140458410092288: single write -1 of expected 524288
12:46:35 ERROR /home/bsc03/bsc03353/forge/src/dispatcher/posix.c:61 139908970895104: r->filehandle = 46, r->size = 524288, r->offset = 2097152
12:46:35 ERROR /home/bsc03/bsc03353/forge/src/dispatcher/posix.c:62 139908970895104: single write -1 of expected 524288
12:46:36 ERROR /home/bsc03/bsc03353/forge/src/dispatcher/posix.c:61 139894801082112: r->filehandle = 41, r->size = 524288, r->offset = 1048576
12:46:35 ERROR /home/bsc03/bsc03353/forge/src/dispatcher/posix.c:61 140447672653568: r->filehandle = 37, r->size = 524288, r->offset = 2097152
12:46:36 ERROR /home/bsc03/bsc03353/forge/src/dispatcher/posix.c:62 139894801082112: single write -1 of expected 524288
12:46:36 ERROR /home/bsc03/bsc03353/forge/src/dispatcher/posix.c:62 140447672653568: single write -1 of expected 524288
12:46:36 ERROR /home/bsc03/bsc03353/forge/src/dispatcher/posix.c:61 140258813155072: r->filehandle = 40, r->size = 524288, r->offset = 2097152
12:46:36 ERROR /home/bsc03/bsc03353/forge/src/dispatcher/posix.c:62 140258813155072: single write -1 of expected 524288
12:46:36 ERROR /home/bsc03/bsc03353/forge/src/dispatcher/posix.c:61 140445525165824: r->filehandle = 46, r->size = 524288, r->offset = 524288
12:46:36 ERROR /home/bsc03/bsc03353/forge/src/dispatcher/posix.c:62 140445525165824: single write -1 of expected 524288
12:46:37 ERROR /home/bsc03/bsc03353/forge/src/dispatcher/posix.c:61 140472515106560: r->filehandle = 41, r->size = 524288, r->offset = 2097152
12:46:37 ERROR /home/bsc03/bsc03353/forge/src/dispatcher/posix.c:62 140472515106560: single write -1 of expected 524288
12:46:37 ERROR /home/bsc03/bsc03353/forge/src/dispatcher/posix.c:61 139915413358336: r->filehandle = 38, r->size = 524288, r->offset = 1572864
12:46:37 ERROR /home/bsc03/bsc03353/forge/src/dispatcher/posix.c:62 139915413358336: single write -1 of expected 524288
12:46:38 ERROR /home/bsc03/bsc03353/forge/src/dispatcher/posix.c:61 140463925155584: r->filehandle = 46, r->size = 524288, r->offset = 524288
12:46:38 ERROR /home/bsc03/bsc03353/forge/src/dispatcher/posix.c:62 140463925155584: single write -1 of expected 524288
12:46:38 ERROR /home/bsc03/bsc03353/forge/src/dispatcher/posix.c:61 140199695091456: r->filehandle = 46, r->size = 524288, r->offset = 1572864
12:46:38 ERROR /home/bsc03/bsc03353/forge/src/dispatcher/posix.c:61 139808013743872: r->filehandle = 41, r->size = 524288, r->offset = 1048576
12:46:38 ERROR /home/bsc03/bsc03353/forge/src/dispatcher/posix.c:62 140199695091456: single write -1 of expected 524288
12:46:38 ERROR /home/bsc03/bsc03353/forge/src/dispatcher/posix.c:62 139808013743872: single write -1 of expected 524288
12:46:38 ERROR /home/bsc03/bsc03353/forge/src/dispatcher/posix.c:61 139917560846080: r->filehandle = 36, r->size = 524288, r->offset = 1048576
12:46:38 ERROR /home/bsc03/bsc03353/forge/src/dispatcher/posix.c:62 139917560846080: single write -1 of expected 524288
12:46:38 ERROR /home/bsc03/bsc03353/forge/src/dispatcher/posix.c:61 140449820141312: r->filehandle = 47, r->size = 524288, r->offset = 524288
12:46:38 ERROR /home/bsc03/bsc03353/forge/src/dispatcher/posix.c:62 140449820141312: single write -1 of expected 524288
12:46:39 ERROR /home/bsc03/bsc03353/forge/src/dispatcher/posix.c:61 140235190789888: r->filehandle = 46, r->size = 524288, r->offset = 524288
12:46:39 ERROR /home/bsc03/bsc03353/forge/src/dispatcher/posix.c:62 140235190789888: single write -1 of expected 524288
12:46:39 ERROR /home/bsc03/bsc03353/forge/src/dispatcher/posix.c:61 140478957569792: r->filehandle = 41, r->size = 524288, r->offset = 2621440
12:46:39 ERROR /home/bsc03/bsc03353/forge/src/dispatcher/posix.c:62 140478957569792: single write -1 of expected 524288
12:46:39 ERROR /home/bsc03/bsc03353/forge/src/dispatcher/posix.c:61 140474662594304: r->filehandle = 35, r->size = 524288, r->offset = 2097152
12:46:39 ERROR /home/bsc03/bsc03353/forge/src/dispatcher/posix.c:62 140474662594304: single write -1 of expected 524288
12:46:39 ERROR /home/bsc03/bsc03353/forge/src/dispatcher/posix.c:61 140243780740864: r->filehandle = 39, r->size = 524288, r->offset = 0
12:46:39 ERROR /home/bsc03/bsc03353/forge/src/dispatcher/posix.c:62 140243780740864: single write -1 of expected 524288
12:46:40 ERROR /home/bsc03/bsc03353/forge/src/dispatcher/posix.c:61 140201842579200: r->filehandle = 40, r->size = 524288, r->offset = 1048576
12:46:40 ERROR /home/bsc03/bsc03353/forge/src/dispatcher/posix.c:61 139911118382848: r->filehandle = 40, r->size = 524288, r->offset = 524288
12:46:40 ERROR /home/bsc03/bsc03353/forge/src/dispatcher/posix.c:62 140201842579200: single write -1 of expected 524288
12:46:40 ERROR /home/bsc03/bsc03353/forge/src/dispatcher/posix.c:62 139911118382848: single write -1 of expected 524288
12:46:40 ERROR /home/bsc03/bsc03353/forge/src/dispatcher/posix.c:61 139886211131136: r->filehandle = 38, r->size = 524288, r->offset = 524288
12:46:40 ERROR /home/bsc03/bsc03353/forge/src/dispatcher/posix.c:62 139886211131136: single write -1 of expected 524288
12:46:40 ERROR /home/bsc03/bsc03353/forge/src/dispatcher/posix.c:61 139896948569856: r->filehandle = 44, r->size = 524288, r->offset = 2097152
12:46:40 ERROR /home/bsc03/bsc03353/forge/src/dispatcher/posix.c:62 139896948569856: single write -1 of expected 524288
12:46:41 ERROR /home/bsc03/bsc03353/forge/src/dispatcher/posix.c:61 139906823407360: r->filehandle = 42, r->size = 524288, r->offset = 1572864
12:46:41 ERROR /home/bsc03/bsc03353/forge/src/dispatcher/posix.c:62 139906823407360: single write -1 of expected 524288
12:46:41 ERROR /home/bsc03/bsc03353/forge/src/dispatcher/posix.c:61 140468220131072: r->filehandle = 40, r->size = 524288, r->offset = 2097152
12:46:41 ERROR /home/bsc03/bsc03353/forge/src/dispatcher/posix.c:61 139810161231616: r->filehandle = 37, r->size = 524288, r->offset = 2097152
12:46:41 ERROR /home/bsc03/bsc03353/forge/src/dispatcher/posix.c:61 139914128471808: r->filehandle = 46, r->size = 524288, r->offset = 524288
12:46:41 ERROR /home/bsc03/bsc03353/forge/src/dispatcher/posix.c:62 140468220131072: single write -1 of expected 524288
12:46:41 ERROR /home/bsc03/bsc03353/forge/src/dispatcher/posix.c:62 139810161231616: single write -1 of expected 524288
12:46:41 ERROR /home/bsc03/bsc03353/forge/src/dispatcher/posix.c:62 139914128471808: single write -1 of expected 524288
12:46:42 ERROR /home/bsc03/bsc03353/forge/src/dispatcher/posix.c:61 139801571280640: r->filehandle = 40, r->size = 524288, r->offset = 1048576
12:46:42 ERROR /home/bsc03/bsc03353/forge/src/dispatcher/posix.c:61 140430492751616: r->filehandle = 38, r->size = 524288, r->offset = 1572864
12:46:42 ERROR /home/bsc03/bsc03353/forge/src/dispatcher/posix.c:62 139801571280640: single write -1 of expected 524288
12:46:42 ERROR /home/bsc03/bsc03353/forge/src/dispatcher/posix.c:62 140430492751616: single write -1 of expected 524288
12:46:42 ERROR /home/bsc03/bsc03353/forge/src/dispatcher/posix.c:61 139921855821568: r->filehandle = 45, r->size = 524288, r->offset = 524288
12:46:42 ERROR /home/bsc03/bsc03353/forge/src/dispatcher/posix.c:62 139921855821568: single write -1 of expected 524288
12:46:42 ERROR /home/bsc03/bsc03353/forge/src/dispatcher/posix.c:61 140451967629056: r->filehandle = 44, r->size = 524288, r->offset = 0
12:46:42 ERROR /home/bsc03/bsc03353/forge/src/dispatcher/posix.c:62 140451967629056: single write -1 of expected 524288
12:46:42 ERROR /home/bsc03/bsc03353/forge/src/dispatcher/posix.c:61 140178220214016: r->filehandle = 37, r->size = 524288, r->offset = 1048576
12:46:42 ERROR /home/bsc03/bsc03353/forge/src/dispatcher/posix.c:62 140178220214016: single write -1 of expected 524288
12:46:42 ERROR /home/bsc03/bsc03353/forge/src/dispatcher/posix.c:61 140584965912320: r->filehandle = 39, r->size = 524288, r->offset = 1048576
12:46:42 ERROR /home/bsc03/bsc03353/forge/src/dispatcher/posix.c:62 140584965912320: single write -1 of expected 524288
12:46:43 ERROR /home/bsc03/bsc03353/forge/src/dispatcher/posix.c:61 140561343547136: r->filehandle = 45, r->size = 524288, r->offset = 524288
12:46:43 ERROR /home/bsc03/bsc03353/forge/src/dispatcher/posix.c:62 140561343547136: single write -1 of expected 524288
12:46:43 ERROR /home/bsc03/bsc03353/forge/src/dispatcher/posix.c:61 139913265870592: r->filehandle = 39, r->size = 524288, r->offset = 3145728
12:46:43 ERROR /home/bsc03/bsc03353/forge/src/dispatcher/posix.c:62 139913265870592: single write -1 of expected 524288
12:46:44 ERROR /home/bsc03/bsc03353/forge/src/dispatcher/posix.c:61 139902528431872: r->filehandle = 47, r->size = 524288, r->offset = 524288
12:46:44 ERROR /home/bsc03/bsc03353/forge/src/dispatcher/posix.c:62 139902528431872: single write -1 of expected 524288
12:46:44 ERROR /home/bsc03/bsc03353/forge/src/dispatcher/posix.c:61 140493989984000: r->filehandle = 36, r->size = 524288, r->offset = 1048576
12:46:44 ERROR /home/bsc03/bsc03353/forge/src/dispatcher/posix.c:61 140456262604544: r->filehandle = 39, r->size = 524288, r->offset = 524288
12:46:44 ERROR /home/bsc03/bsc03353/forge/src/dispatcher/posix.c:61 140557048571648: r->filehandle = 43, r->size = 524288, r->offset = 524288
12:46:44 ERROR /home/bsc03/bsc03353/forge/src/dispatcher/posix.c:62 140493989984000: single write -1 of expected 524288
12:46:44 ERROR /home/bsc03/bsc03353/forge/src/dispatcher/posix.c:62 140456262604544: single write -1 of expected 524288
12:46:44 ERROR /home/bsc03/bsc03353/forge/src/dispatcher/posix.c:62 140557048571648: single write -1 of expected 524288
12:46:45 ERROR /home/bsc03/bsc03353/forge/src/dispatcher/posix.c:61 140256665667328: r->filehandle = 38, r->size = 524288, r->offset = 1572864
12:46:45 ERROR /home/bsc03/bsc03353/forge/src/dispatcher/posix.c:61 139799423792896: r->filehandle = 39, r->size = 524288, r->offset = 1048576
12:46:45 ERROR /home/bsc03/bsc03353/forge/src/dispatcher/posix.c:61 139898233456384: r->filehandle = 41, r->size = 524288, r->offset = 1048576
12:46:45 ERROR /home/bsc03/bsc03353/forge/src/dispatcher/posix.c:62 140256665667328: single write -1 of expected 524288
12:46:45 ERROR /home/bsc03/bsc03353/forge/src/dispatcher/posix.c:62 139799423792896: single write -1 of expected 524288
12:46:45 ERROR /home/bsc03/bsc03353/forge/src/dispatcher/posix.c:62 139898233456384: single write -1 of expected 524288
12:46:45 ERROR /home/bsc03/bsc03353/forge/src/dispatcher/posix.c:61 139899096057600: r->filehandle = 42, r->size = 524288, r->offset = 524288
12:46:45 ERROR /home/bsc03/bsc03353/forge/src/dispatcher/posix.c:62 139899096057600: single write -1 of expected 524288
12:46:45 ERROR /home/bsc03/bsc03353/forge/src/dispatcher/posix.c:61 140489695008512: r->filehandle = 44, r->size = 524288, r->offset = 1572864
12:46:45 ERROR /home/bsc03/bsc03353/forge/src/dispatcher/posix.c:61 140237338277632: r->filehandle = 40, r->size = 524288, r->offset = 2621440
12:46:46 ERROR /home/bsc03/bsc03353/forge/src/dispatcher/posix.c:62 140489695008512: single write -1 of expected 524288
12:46:46 ERROR /home/bsc03/bsc03353/forge/src/dispatcher/posix.c:62 140237338277632: single write -1 of expected 524288
12:46:46 ERROR /home/bsc03/bsc03353/forge/src/dispatcher/posix.c:61 140428345263872: r->filehandle = 40, r->size = 524288, r->offset = 1572864
12:46:46 ERROR /home/bsc03/bsc03353/forge/src/dispatcher/posix.c:62 140428345263872: single write -1 of expected 524288
12:46:46 ERROR /home/bsc03/bsc03353/forge/src/dispatcher/posix.c:61 140466072643328: r->filehandle = 42, r->size = 524288, r->offset = 2097152
12:46:46 ERROR /home/bsc03/bsc03353/forge/src/dispatcher/posix.c:62 140466072643328: single write -1 of expected 524288
12:46:46 ERROR /home/bsc03/bsc03353/forge/src/dispatcher/posix.c:61 140460557580032: r->filehandle = 43, r->size = 524288, r->offset = 524288
12:46:47 ERROR /home/bsc03/bsc03353/forge/src/dispatcher/posix.c:62 140460557580032: single write -1 of expected 524288
12:46:47 ERROR /home/bsc03/bsc03353/forge/src/dispatcher/posix.c:61 140559196059392: r->filehandle = 37, r->size = 524288, r->offset = 2097152
12:46:47 ERROR /home/bsc03/bsc03353/forge/src/dispatcher/posix.c:62 140559196059392: single write -1 of expected 524288
12:46:47 ERROR /home/bsc03/bsc03353/forge/src/dispatcher/posix.c:61 140434787727104: r->filehandle = 45, r->size = 524288, r->offset = 1572864
12:46:47 ERROR /home/bsc03/bsc03353/forge/src/dispatcher/posix.c:62 140434787727104: single write -1 of expected 524288
12:46:47 ERROR /home/bsc03/bsc03353/forge/src/dispatcher/posix.c:61 139892653594368: r->filehandle = 45, r->size = 524288, r->offset = 524288
12:46:47 ERROR /home/bsc03/bsc03353/forge/src/dispatcher/posix.c:61 139928298284800: r->filehandle = 43, r->size = 524288, r->offset = 524288
12:46:47 ERROR /home/bsc03/bsc03353/forge/src/dispatcher/posix.c:62 139892653594368: single write -1 of expected 524288
12:46:47 ERROR /home/bsc03/bsc03353/forge/src/dispatcher/posix.c:62 139928298284800: single write -1 of expected 524288
12:46:48 ERROR /home/bsc03/bsc03353/forge/src/dispatcher/posix.c:61 140470367618816: r->filehandle = 38, r->size = 524288, r->offset = 0
12:46:48 ERROR /home/bsc03/bsc03353/forge/src/dispatcher/posix.c:62 140470367618816: single write -1 of expected 524288
12:46:48 ERROR /home/bsc03/bsc03353/forge/src/dispatcher/posix.c:61 140263108130560: r->filehandle = 44, r->size = 524288, r->offset = 3145728
12:46:48 ERROR /home/bsc03/bsc03353/forge/src/dispatcher/posix.c:62 140263108130560: single write -1 of expected 524288
12:46:48 ERROR /home/bsc03/bsc03353/forge/src/dispatcher/posix.c:61 140481105057536: r->filehandle = 43, r->size = 524288, r->offset = 1572864
12:46:48 ERROR /home/bsc03/bsc03353/forge/src/dispatcher/posix.c:62 140481105057536: single write -1 of expected 524288
12:46:48 ERROR /home/bsc03/bsc03353/forge/src/dispatcher/posix.c:61 139904675919616: r->filehandle = 38, r->size = 524288, r->offset = 2097152
12:46:48 ERROR /home/bsc03/bsc03353/forge/src/dispatcher/posix.c:61 140210432530176: r->filehandle = 41, r->size = 524288, r->offset = 1572864
12:46:48 ERROR /home/bsc03/bsc03353/forge/src/dispatcher/posix.c:62 139904675919616: single write -1 of expected 524288
12:46:48 ERROR /home/bsc03/bsc03353/forge/src/dispatcher/posix.c:62 140210432530176: single write -1 of expected 524288
12:46:49 ERROR /home/bsc03/bsc03353/forge/src/dispatcher/posix.c:61 139924003309312: r->filehandle = 44, r->size = 524288, r->offset = 524288
12:46:49 ERROR /home/bsc03/bsc03353/forge/src/dispatcher/posix.c:62 139924003309312: single write -1 of expected 524288
12:46:49 ERROR /home/bsc03/bsc03353/forge/src/dispatcher/posix.c:61 140193252628224: r->filehandle = 39, r->size = 524288, r->offset = 1572864
12:46:49 ERROR /home/bsc03/bsc03353/forge/src/dispatcher/posix.c:62 140193252628224: single write -1 of expected 524288
12:46:49 ERROR /home/bsc03/bsc03353/forge/src/dispatcher/posix.c:61 140487547520768: r->filehandle = 45, r->size = 524288, r->offset = 1048576
12:46:49 ERROR /home/bsc03/bsc03353/forge/src/dispatcher/posix.c:62 140487547520768: single write -1 of expected 524288
12:46:50 ERROR /home/bsc03/bsc03353/forge/src/dispatcher/posix.c:61 140576375961344: r->filehandle = 36, r->size = 524288, r->offset = 2097152
12:46:50 ERROR /home/bsc03/bsc03353/forge/src/dispatcher/posix.c:62 140576375961344: single write -1 of expected 524288
12:46:50 ERROR /home/bsc03/bsc03353/forge/src/dispatcher/posix.c:61 139792981329664: r->filehandle = 46, r->size = 524288, r->offset = 524288
12:46:50 ERROR /home/bsc03/bsc03353/forge/src/dispatcher/posix.c:62 139792981329664: single write -1 of expected 524288
12:46:50 ERROR /home/bsc03/bsc03353/forge/src/dispatcher/posix.c:61 140491842496256: r->filehandle = 39, r->size = 524288, r->offset = 2097152
12:46:50 ERROR /home/bsc03/bsc03353/forge/src/dispatcher/posix.c:61 140241633253120: r->filehandle = 45, r->size = 524288, r->offset = 1572864
12:46:50 ERROR /home/bsc03/bsc03353/forge/src/dispatcher/posix.c:61 140443377678080: r->filehandle = 41, r->size = 524288, r->offset = 1048576
12:46:50 ERROR /home/bsc03/bsc03353/forge/src/dispatcher/posix.c:61 140554901083904: r->filehandle = 41, r->size = 524288, r->offset = 1572864
12:46:50 ERROR /home/bsc03/bsc03353/forge/src/dispatcher/posix.c:61 139919708333824: r->filehandle = 37, r->size = 524288, r->offset = 1048576
12:46:50 ERROR /home/bsc03/bsc03353/forge/src/dispatcher/posix.c:62 140241633253120: single write -1 of expected 524288
12:46:50 ERROR /home/bsc03/bsc03353/forge/src/dispatcher/posix.c:62 140554901083904: single write -1 of expected 524288
12:46:50 ERROR /home/bsc03/bsc03353/forge/src/dispatcher/posix.c:62 140491842496256: single write -1 of expected 524288
12:46:50 ERROR /home/bsc03/bsc03353/forge/src/dispatcher/posix.c:62 140443377678080: single write -1 of expected 524288
12:46:50 ERROR /home/bsc03/bsc03353/forge/src/dispatcher/posix.c:62 139919708333824: single write -1 of expected 524288
12:46:51 ERROR /home/bsc03/bsc03353/forge/src/dispatcher/posix.c:61 139890506106624: r->filehandle = 40, r->size = 524288, r->offset = 1048576
12:46:51 ERROR /home/bsc03/bsc03353/forge/src/dispatcher/posix.c:61 140441230190336: r->filehandle = 46, r->size = 524288, r->offset = 1048576
12:46:51 ERROR /home/bsc03/bsc03353/forge/src/dispatcher/posix.c:62 139890506106624: single write -1 of expected 524288
12:46:51 ERROR /home/bsc03/bsc03353/forge/src/dispatcher/posix.c:62 140441230190336: single write -1 of expected 524288
12:46:52 ERROR /home/bsc03/bsc03353/forge/src/dispatcher/posix.c:61 140485400033024: r->filehandle = 37, r->size = 524288, r->offset = 0
12:46:52 ERROR /home/bsc03/bsc03353/forge/src/dispatcher/posix.c:61 140188957652736: r->filehandle = 36, r->size = 524288, r->offset = 524288
12:46:52 ERROR /home/bsc03/bsc03353/forge/src/dispatcher/posix.c:61 139926150797056: r->filehandle = 46, r->size = 524288, r->offset = 2621440
12:46:52 ERROR /home/bsc03/bsc03353/forge/src/dispatcher/posix.c:62 140485400033024: single write -1 of expected 524288
12:46:52 ERROR /home/bsc03/bsc03353/forge/src/dispatcher/posix.c:62 140188957652736: single write -1 of expected 524288
12:46:52 ERROR /home/bsc03/bsc03353/forge/src/dispatcher/posix.c:62 139926150797056: single write -1 of expected 524288
12:46:52 ERROR /home/bsc03/bsc03353/forge/src/dispatcher/posix.c:61 140432640239360: r->filehandle = 37, r->size = 524288, r->offset = 2621440
12:46:52 ERROR /home/bsc03/bsc03353/forge/src/dispatcher/posix.c:61 139790833841920: r->filehandle = 38, r->size = 524288, r->offset = 2621440
12:46:52 ERROR /home/bsc03/bsc03353/forge/src/dispatcher/posix.c:62 140432640239360: single write -1 of expected 524288
12:46:52 ERROR /home/bsc03/bsc03353/forge/src/dispatcher/posix.c:62 139790833841920: single write -1 of expected 524288
12:46:52 ERROR /home/bsc03/bsc03353/forge/src/dispatcher/posix.c:61 140182515189504: r->filehandle = 38, r->size = 524288, r->offset = 524288
12:46:52 ERROR /home/bsc03/bsc03353/forge/src/dispatcher/posix.c:62 140182515189504: single write -1 of expected 524288
12:46:53 ERROR /home/bsc03/bsc03353/forge/src/dispatcher/posix.c:61 139911980984064: r->filehandle = 36, r->size = 524288, r->offset = 1048576
12:46:53 ERROR /home/bsc03/bsc03353/forge/src/dispatcher/posix.c:61 140260960642816: r->filehandle = 37, r->size = 524288, r->offset = 1048576
12:46:53 ERROR /home/bsc03/bsc03353/forge/src/dispatcher/posix.c:62 139911980984064: single write -1 of expected 524288
12:46:53 ERROR /home/bsc03/bsc03353/forge/src/dispatcher/posix.c:62 140260960642816: single write -1 of expected 524288
12:46:53 ERROR /home/bsc03/bsc03353/forge/src/dispatcher/posix.c:61 140580670936832: r->filehandle = 40, r->size = 524288, r->offset = 1048576
12:46:53 ERROR /home/bsc03/bsc03353/forge/src/dispatcher/posix.c:61 139797276305152: r->filehandle = 36, r->size = 524288, r->offset = 2621440
12:46:53 ERROR /home/bsc03/bsc03353/forge/src/dispatcher/posix.c:62 139797276305152: single write -1 of expected 524288
12:46:53 ERROR /home/bsc03/bsc03353/forge/src/dispatcher/posix.c:62 140580670936832: single write -1 of expected 524288
12:46:53 ERROR /home/bsc03/bsc03353/forge/src/dispatcher/posix.c:61 140587113400064: r->filehandle = 46, r->size = 524288, r->offset = 2097152
12:46:53 ERROR /home/bsc03/bsc03353/forge/src/dispatcher/posix.c:62 140587113400064: single write -1 of expected 524288
12:46:54 ERROR /home/bsc03/bsc03353/forge/src/dispatcher/posix.c:61 140245928228608: r->filehandle = 36, r->size = 524288, r->offset = 524288
12:46:54 ERROR /home/bsc03/bsc03353/forge/src/dispatcher/posix.c:62 140245928228608: single write -1 of expected 524288
12:46:54 ERROR /home/bsc03/bsc03353/forge/src/dispatcher/posix.c:61 140454115116800: r->filehandle = 42, r->size = 524288, r->offset = 1572864
12:46:54 ERROR /home/bsc03/bsc03353/forge/src/dispatcher/posix.c:61 140572080985856: r->filehandle = 38, r->size = 524288, r->offset = 1048576
12:46:54 ERROR /home/bsc03/bsc03353/forge/src/dispatcher/posix.c:61 139884063643392: r->filehandle = 47, r->size = 524288, r->offset = 2097152
12:46:54 ERROR /home/bsc03/bsc03353/forge/src/dispatcher/posix.c:62 140572080985856: single write -1 of expected 524288
12:46:54 ERROR /home/bsc03/bsc03353/forge/src/dispatcher/posix.c:62 140454115116800: single write -1 of expected 524288
12:46:54 ERROR /home/bsc03/bsc03353/forge/src/dispatcher/posix.c:62 139884063643392: single write -1 of expected 524288
12:46:55 ERROR /home/bsc03/bsc03353/forge/src/dispatcher/posix.c:61 140186810164992: r->filehandle = 47, r->size = 524288, r->offset = 2621440
12:46:55 ERROR /home/bsc03/bsc03353/forge/src/dispatcher/posix.c:62 140186810164992: single write -1 of expected 524288
12:46:55 ERROR /home/bsc03/bsc03353/forge/src/dispatcher/posix.c:61 140569933498112: r->filehandle = 47, r->size = 524288, r->offset = 2097152
12:46:55 ERROR /home/bsc03/bsc03353/forge/src/dispatcher/posix.c:62 140569933498112: single write -1 of expected 524288
12:46:55 ERROR /home/bsc03/bsc03353/forge/src/dispatcher/posix.c:61 140254518179584: r->filehandle = 43, r->size = 524288, r->offset = 524288
12:46:55 ERROR /home/bsc03/bsc03353/forge/src/dispatcher/posix.c:62 140254518179584: single write -1 of expected 524288
12:46:56 ERROR /home/bsc03/bsc03353/forge/src/dispatcher/posix.c:61 140574228473600: r->filehandle = 44, r->size = 524288, r->offset = 1048576
12:46:56 ERROR /home/bsc03/bsc03353/forge/src/dispatcher/posix.c:61 139916275959552: r->filehandle = 37, r->size = 524288, r->offset = 524288
12:46:56 ERROR /home/bsc03/bsc03353/forge/src/dispatcher/posix.c:61 139814456207104: r->filehandle = 44, r->size = 524288, r->offset = 524288
12:46:56 ERROR /home/bsc03/bsc03353/forge/src/dispatcher/posix.c:61 140439082702592: r->filehandle = 36, r->size = 524288, r->offset = 0
12:46:56 ERROR /home/bsc03/bsc03353/forge/src/dispatcher/posix.c:62 140574228473600: single write -1 of expected 524288
12:46:56 ERROR /home/bsc03/bsc03353/forge/src/dispatcher/posix.c:62 139814456207104: single write -1 of expected 524288
12:46:56 ERROR /home/bsc03/bsc03353/forge/src/dispatcher/posix.c:62 139916275959552: single write -1 of expected 524288
12:46:56 ERROR /home/bsc03/bsc03353/forge/src/dispatcher/posix.c:62 140439082702592: single write -1 of expected 524288
12:46:56 ERROR /home/bsc03/bsc03353/forge/src/dispatcher/posix.c:61 140563491034880: r->filehandle = 42, r->size = 524288, r->offset = 524288
12:46:56 ERROR /home/bsc03/bsc03353/forge/src/dispatcher/posix.c:62 140563491034880: single write -1 of expected 524288
12:46:56 ERROR /home/bsc03/bsc03353/forge/src/dispatcher/posix.c:61 139788686354176: r->filehandle = 45, r->size = 524288, r->offset = 1048576
12:46:56 ERROR /home/bsc03/bsc03353/forge/src/dispatcher/posix.c:62 139788686354176: single write -1 of expected 524288
12:46:57 ERROR /home/bsc03/bsc03353/forge/src/dispatcher/posix.c:61 140191105140480: r->filehandle = 44, r->size = 524288, r->offset = 2621440
12:46:57 ERROR /home/bsc03/bsc03353/forge/src/dispatcher/posix.c:62 140191105140480: single write -1 of expected 524288
12:46:57 ERROR /home/bsc03/bsc03353/forge/src/dispatcher/posix.c:61 139905538520832: r->filehandle = 39, r->size = 524288, r->offset = 1048576
12:46:57 ERROR /home/bsc03/bsc03353/forge/src/dispatcher/posix.c:62 139905538520832: single write -1 of expected 524288
12:46:58 ERROR /home/bsc03/bsc03353/forge/src/dispatcher/posix.c:61 139805866256128: r->filehandle = 43, r->size = 524288, r->offset = 2097152
12:46:58 ERROR /home/bsc03/bsc03353/forge/src/dispatcher/posix.c:62 139805866256128: single write -1 of expected 524288
12:46:58 ERROR /home/bsc03/bsc03353/forge/src/dispatcher/posix.c:61 140250223204096: r->filehandle = 47, r->size = 524288, r->offset = 2097152
12:46:58 ERROR /home/bsc03/bsc03353/forge/src/dispatcher/posix.c:61 140184662677248: r->filehandle = 43, r->size = 524288, r->offset = 1048576
12:46:58 ERROR /home/bsc03/bsc03353/forge/src/dispatcher/posix.c:62 140250223204096: single write -1 of expected 524288
12:46:58 ERROR /home/bsc03/bsc03353/forge/src/dispatcher/posix.c:62 140184662677248: single write -1 of expected 524288
12:46:59 ERROR /home/bsc03/bsc03353/forge/src/dispatcher/posix.c:61 139907686008576: r->filehandle = 41, r->size = 524288, r->offset = 1572864
12:46:59 ERROR /home/bsc03/bsc03353/forge/src/dispatcher/posix.c:62 139907686008576: single write -1 of expected 524288
12:46:59 ERROR /home/bsc03/bsc03353/forge/src/dispatcher/posix.c:61 140180367701760: r->filehandle = 45, r->size = 524288, r->offset = 1572864
12:46:59 ERROR /home/bsc03/bsc03353/forge/src/dispatcher/posix.c:62 140180367701760: single write -1 of expected 524288
12:46:59 ERROR /home/bsc03/bsc03353/forge/src/dispatcher/posix.c:61 139784391378688: r->filehandle = 42, r->size = 524288, r->offset = 0
12:46:59 ERROR /home/bsc03/bsc03353/forge/src/dispatcher/posix.c:62 139784391378688: single write -1 of expected 524288
12:46:59 ERROR /home/bsc03/bsc03353/forge/src/dispatcher/posix.c:61 139903391033088: r->filehandle = 43, r->size = 524288, r->offset = 1048576
12:46:59 ERROR /home/bsc03/bsc03353/forge/src/dispatcher/posix.c:62 139903391033088: single write -1 of expected 524288
12:47:00 ERROR /home/bsc03/bsc03353/forge/src/dispatcher/posix.c:61 139795128817408: r->filehandle = 47, r->size = 524288, r->offset = 1572864
12:47:00 ERROR /home/bsc03/bsc03353/forge/src/dispatcher/posix.c:62 139795128817408: single write -1 of expected 524288
12:47:00 ERROR /home/bsc03/bsc03353/forge/src/dispatcher/posix.c:61 140203990066944: r->filehandle = 42, r->size = 524288, r->offset = 0
12:47:00 ERROR /home/bsc03/bsc03353/forge/src/dispatcher/posix.c:62 140203990066944: single write -1 of expected 524288
12:47:00 ERROR /home/bsc03/bsc03353/forge/src/dispatcher/posix.c:61 140239485765376: r->filehandle = 42, r->size = 524288, r->offset = 1572864
12:47:00 ERROR /home/bsc03/bsc03353/forge/src/dispatcher/posix.c:62 140239485765376: single write -1 of expected 524288
12:47:01 ERROR /home/bsc03/bsc03353/forge/src/dispatcher/posix.c:61 140265255618304: r->filehandle = 41, r->size = 524288, r->offset = 1048576
12:47:01 ERROR /home/bsc03/bsc03353/forge/src/dispatcher/posix.c:62 140265255618304: single write -1 of expected 524288
12:47:01 WARN  /home/bsc03/bsc03353/forge/src/main.c:789 139693244385344: hit stone wall at 83.296506 seconds!
AGIOS: stopped for this client. It can already be used by calling agios_init

AGIOS: stopped for this client. It can already be used by calling agios_init

AGIOS: stopped for this client. It can already be used by calling agios_init

AGIOS: stopped for this client. It can already be used by calling agios_init

AGIOS: stopped for this client. It can already be used by calling agios_init

AGIOS: stopped for this client. It can already be used by calling agios_init

AGIOS: stopped for this client. It can already be used by calling agios_init

AGIOS: stopped for this client. It can already be used by calling agios_init

12:47:01 INFO  /home/bsc03/bsc03353/forge/src/main.c:1158 140501115283520: I/O Forwarding Exploration [COMPLETE]
