Set GCC compilers as MPI wrappers backend 
remove impi/2017.4 (PATH, MANPATH, LD_LIBRARY_PATH) 
load openmpi/4.0.2_UCX (PATH, MANPATH, LD_LIBRARY_PATH) 
Set GCC compilers as MPI wrappers backend 
load gsl/2.4 (PATH, LD_LIBRARY_PATH, LIBRARY_PATH, MANPATH, INFOPATH,
C_INCLUDE_PATH, CPLUS_INCLUDE_PATH, PKG_CONFIG_PATH, GSL_DIR) 
15:31:12 INFO  /home/bsc03/bsc03353/forge/src/main.c:107 139873230850112: I/O Forwarding Exploration [START]
Will AGIOS generate trace files? NO
Default scheduling algorithm: TO
TWINS window size: 1000000
Will the Prediction Module read information from trace files? NO
File with access time functions: /home/bsc03/bsc03353/forge/agios/access_times.func
AGIOS thinks its user has stripe size of 32768
Will AGIOS generate trace files? NO
Default scheduling algorithm: TO
TWINS window size: 1000000
Will the Prediction Module read information from trace files? NO
File with access time functions: /home/bsc03/bsc03353/forge/agios/access_times.func
AGIOS thinks its user has stripe size of 32768
15:31:39 ERROR /home/bsc03/bsc03353/forge/src/dispatcher/posix.c:61 140624195208960: r->filehandle = 36, r->size = 131072, r->offset = 42860544
15:31:39 ERROR /home/bsc03/bsc03353/forge/src/dispatcher/posix.c:62 140624195208960: single write -1 of expected 131072
15:31:48 ERROR /home/bsc03/bsc03353/forge/src/dispatcher/posix.c:61 140626342696704: r->filehandle = 36, r->size = 131072, r->offset = 31326208
15:31:48 ERROR /home/bsc03/bsc03353/forge/src/dispatcher/posix.c:62 140626342696704: single write -1 of expected 131072
15:31:50 ERROR /home/bsc03/bsc03353/forge/src/dispatcher/posix.c:61 139833933072128: r->filehandle = 35, r->size = 131072, r->offset = 17170432
15:31:50 ERROR /home/bsc03/bsc03353/forge/src/dispatcher/posix.c:62 139833933072128: single write -1 of expected 131072
15:31:52 ERROR /home/bsc03/bsc03353/forge/src/dispatcher/posix.c:61 139861850412800: r->filehandle = 35, r->size = 131072, r->offset = 17694720
15:31:52 ERROR /home/bsc03/bsc03353/forge/src/dispatcher/posix.c:62 139861850412800: single write -1 of expected 131072
15:31:53 ERROR /home/bsc03/bsc03353/forge/src/dispatcher/posix.c:61 140615605257984: r->filehandle = 36, r->size = 131072, r->offset = 38141952
15:31:53 ERROR /home/bsc03/bsc03353/forge/src/dispatcher/posix.c:62 140615605257984: single write -1 of expected 131072
15:32:11 ERROR /home/bsc03/bsc03353/forge/src/dispatcher/posix.c:61 139855407949568: r->filehandle = 35, r->size = 131072, r->offset = 18874368
15:32:11 ERROR /home/bsc03/bsc03353/forge/src/dispatcher/posix.c:62 139855407949568: single write -1 of expected 131072
15:32:25 ERROR /home/bsc03/bsc03353/forge/src/dispatcher/posix.c:61 139838228047616: r->filehandle = 35, r->size = 131072, r->offset = 19267584
15:32:25 ERROR /home/bsc03/bsc03353/forge/src/dispatcher/posix.c:62 139838228047616: single write -1 of expected 131072
15:32:28 ERROR /home/bsc03/bsc03353/forge/src/dispatcher/posix.c:61 140628490184448: r->filehandle = 36, r->size = 131072, r->offset = 39714816
15:32:28 ERROR /home/bsc03/bsc03353/forge/src/dispatcher/posix.c:62 140628490184448: single write -1 of expected 131072
15:32:31 ERROR /home/bsc03/bsc03353/forge/src/dispatcher/posix.c:61 139857555437312: r->filehandle = 35, r->size = 131072, r->offset = 8257536
15:32:31 ERROR /home/bsc03/bsc03353/forge/src/dispatcher/posix.c:62 139857555437312: single write -1 of expected 131072
15:32:33 ERROR /home/bsc03/bsc03353/forge/src/dispatcher/posix.c:61 139848965486336: r->filehandle = 35, r->size = 131072, r->offset = 11403264
15:32:33 ERROR /home/bsc03/bsc03353/forge/src/dispatcher/posix.c:62 139848965486336: single write -1 of expected 131072
15:32:34 ERROR /home/bsc03/bsc03353/forge/src/dispatcher/posix.c:61 139853260461824: r->filehandle = 35, r->size = 131072, r->offset = 2097152
15:32:34 ERROR /home/bsc03/bsc03353/forge/src/dispatcher/posix.c:62 139853260461824: single write -1 of expected 131072
15:32:40 ERROR /home/bsc03/bsc03353/forge/src/dispatcher/posix.c:61 139836080559872: r->filehandle = 35, r->size = 131072, r->offset = 9306112
15:32:40 ERROR /home/bsc03/bsc03353/forge/src/dispatcher/posix.c:62 139836080559872: single write -1 of expected 131072
15:32:41 ERROR /home/bsc03/bsc03353/forge/src/dispatcher/posix.c:61 139851112974080: r->filehandle = 35, r->size = 131072, r->offset = 6684672
15:32:41 ERROR /home/bsc03/bsc03353/forge/src/dispatcher/posix.c:62 139851112974080: single write -1 of expected 131072
15:32:48 ERROR /home/bsc03/bsc03353/forge/src/dispatcher/posix.c:61 140609162794752: r->filehandle = 36, r->size = 131072, r->offset = 40370176
15:32:48 ERROR /home/bsc03/bsc03353/forge/src/dispatcher/posix.c:62 140609162794752: single write -1 of expected 131072
15:32:48 ERROR /home/bsc03/bsc03353/forge/src/dispatcher/posix.c:61 139863997900544: r->filehandle = 35, r->size = 131072, r->offset = 15204352
15:32:48 ERROR /home/bsc03/bsc03353/forge/src/dispatcher/posix.c:62 139863997900544: single write -1 of expected 131072
15:32:50 ERROR /home/bsc03/bsc03353/forge/src/dispatcher/posix.c:61 139844670510848: r->filehandle = 35, r->size = 131072, r->offset = 917504
15:32:50 ERROR /home/bsc03/bsc03353/forge/src/dispatcher/posix.c:62 139844670510848: single write -1 of expected 131072
15:32:51 ERROR /home/bsc03/bsc03353/forge/src/dispatcher/posix.c:61 140607015307008: r->filehandle = 36, r->size = 131072, r->offset = 48103424
15:32:51 ERROR /home/bsc03/bsc03353/forge/src/dispatcher/posix.c:62 140607015307008: single write -1 of expected 131072
15:32:57 ERROR /home/bsc03/bsc03353/forge/src/dispatcher/posix.c:61 139859702925056: r->filehandle = 35, r->size = 131072, r->offset = 4587520
15:32:57 ERROR /home/bsc03/bsc03353/forge/src/dispatcher/posix.c:62 139859702925056: single write -1 of expected 131072
15:33:07 ERROR /home/bsc03/bsc03353/forge/src/dispatcher/posix.c:61 139861850412800: r->filehandle = 35, r->size = 131072, r->offset = 23461888
15:33:07 ERROR /home/bsc03/bsc03353/forge/src/dispatcher/posix.c:62 139861850412800: single write -1 of expected 131072
15:33:09 ERROR /home/bsc03/bsc03353/forge/src/dispatcher/posix.c:61 139851112974080: r->filehandle = 35, r->size = 131072, r->offset = 2490368
15:33:09 ERROR /home/bsc03/bsc03353/forge/src/dispatcher/posix.c:62 139851112974080: single write -1 of expected 131072
15:33:15 ERROR /home/bsc03/bsc03353/forge/src/dispatcher/posix.c:61 139866145388288: r->filehandle = 35, r->size = 131072, r->offset = 8388608
15:33:15 ERROR /home/bsc03/bsc03353/forge/src/dispatcher/posix.c:62 139866145388288: single write -1 of expected 131072
15:33:16 ERROR /home/bsc03/bsc03353/forge/src/dispatcher/posix.c:61 140600572843776: r->filehandle = 36, r->size = 131072, r->offset = 43909120
15:33:16 ERROR /home/bsc03/bsc03353/forge/src/dispatcher/posix.c:62 140600572843776: single write -1 of expected 131072
15:33:17 ERROR /home/bsc03/bsc03353/forge/src/dispatcher/posix.c:61 140611310282496: r->filehandle = 36, r->size = 131072, r->offset = 39845888
15:33:17 ERROR /home/bsc03/bsc03353/forge/src/dispatcher/posix.c:62 140611310282496: single write -1 of expected 131072
15:33:20 ERROR /home/bsc03/bsc03353/forge/src/dispatcher/posix.c:61 139853260461824: r->filehandle = 35, r->size = 131072, r->offset = 15073280
15:33:20 ERROR /home/bsc03/bsc03353/forge/src/dispatcher/posix.c:62 139853260461824: single write -1 of expected 131072
15:33:27 ERROR /home/bsc03/bsc03353/forge/src/dispatcher/posix.c:61 140624195208960: r->filehandle = 36, r->size = 131072, r->offset = 47054848
15:33:27 ERROR /home/bsc03/bsc03353/forge/src/dispatcher/posix.c:62 140624195208960: single write -1 of expected 131072
15:33:30 ERROR /home/bsc03/bsc03353/forge/src/dispatcher/posix.c:61 139838228047616: r->filehandle = 35, r->size = 131072, r->offset = 12976128
15:33:30 ERROR /home/bsc03/bsc03353/forge/src/dispatcher/posix.c:62 139838228047616: single write -1 of expected 131072
15:33:40 ERROR /home/bsc03/bsc03353/forge/src/dispatcher/posix.c:61 139855407949568: r->filehandle = 35, r->size = 131072, r->offset = 6291456
15:33:40 ERROR /home/bsc03/bsc03353/forge/src/dispatcher/posix.c:62 139855407949568: single write -1 of expected 131072
15:33:47 ERROR /home/bsc03/bsc03353/forge/src/dispatcher/posix.c:61 139842523023104: r->filehandle = 35, r->size = 131072, r->offset = 12582912
15:33:47 ERROR /home/bsc03/bsc03353/forge/src/dispatcher/posix.c:62 139842523023104: single write -1 of expected 131072
15:33:52 ERROR /home/bsc03/bsc03353/forge/src/dispatcher/posix.c:61 140622047721216: r->filehandle = 36, r->size = 131072, r->offset = 36044800
15:33:52 ERROR /home/bsc03/bsc03353/forge/src/dispatcher/posix.c:62 140622047721216: single write -1 of expected 131072
15:33:54 ERROR /home/bsc03/bsc03353/forge/src/dispatcher/posix.c:61 139853260461824: r->filehandle = 35, r->size = 131072, r->offset = 20840448
15:33:54 ERROR /home/bsc03/bsc03353/forge/src/dispatcher/posix.c:62 139853260461824: single write -1 of expected 131072
15:33:56 ERROR /home/bsc03/bsc03353/forge/src/dispatcher/posix.c:61 139840375535360: r->filehandle = 35, r->size = 131072, r->offset = 2621440
15:33:56 ERROR /home/bsc03/bsc03353/forge/src/dispatcher/posix.c:62 139840375535360: single write -1 of expected 131072
15:33:57 ERROR /home/bsc03/bsc03353/forge/src/dispatcher/posix.c:61 139838228047616: r->filehandle = 35, r->size = 131072, r->offset = 22937600
15:33:57 ERROR /home/bsc03/bsc03353/forge/src/dispatcher/posix.c:62 139838228047616: single write -1 of expected 131072
15:34:01 ERROR /home/bsc03/bsc03353/forge/src/dispatcher/posix.c:61 139848965486336: r->filehandle = 35, r->size = 131072, r->offset = 0
15:34:01 ERROR /home/bsc03/bsc03353/forge/src/dispatcher/posix.c:62 139848965486336: single write -1 of expected 131072
15:34:02 ERROR /home/bsc03/bsc03353/forge/src/dispatcher/posix.c:61 139846817998592: r->filehandle = 35, r->size = 131072, r->offset = 4718592
15:34:02 ERROR /home/bsc03/bsc03353/forge/src/dispatcher/posix.c:62 139846817998592: single write -1 of expected 131072
15:34:08 ERROR /home/bsc03/bsc03353/forge/src/dispatcher/posix.c:61 140604867819264: r->filehandle = 36, r->size = 131072, r->offset = 29884416
15:34:08 ERROR /home/bsc03/bsc03353/forge/src/dispatcher/posix.c:62 140604867819264: single write -1 of expected 131072
15:34:10 ERROR /home/bsc03/bsc03353/forge/src/dispatcher/posix.c:61 139857555437312: r->filehandle = 35, r->size = 131072, r->offset = 21364736
15:34:10 ERROR /home/bsc03/bsc03353/forge/src/dispatcher/posix.c:62 139857555437312: single write -1 of expected 131072
15:34:11 ERROR /home/bsc03/bsc03353/forge/src/dispatcher/posix.c:61 140626342696704: r->filehandle = 36, r->size = 131072, r->offset = 38273024
15:34:11 ERROR /home/bsc03/bsc03353/forge/src/dispatcher/posix.c:62 140626342696704: single write -1 of expected 131072
15:34:11 ERROR /home/bsc03/bsc03353/forge/src/dispatcher/posix.c:61 139842523023104: r->filehandle = 35, r->size = 131072, r->offset = 17301504
15:34:11 ERROR /home/bsc03/bsc03353/forge/src/dispatcher/posix.c:62 139842523023104: single write -1 of expected 131072
15:34:12 ERROR /home/bsc03/bsc03353/forge/src/dispatcher/posix.c:61 139840375535360: r->filehandle = 35, r->size = 131072, r->offset = 25034752
15:34:12 ERROR /home/bsc03/bsc03353/forge/src/dispatcher/posix.c:62 139840375535360: single write -1 of expected 131072
15:34:13 ERROR /home/bsc03/bsc03353/forge/src/dispatcher/posix.c:61 140624195208960: r->filehandle = 36, r->size = 131072, r->offset = 46530560
15:34:13 ERROR /home/bsc03/bsc03353/forge/src/dispatcher/posix.c:62 140624195208960: single write -1 of expected 131072
15:34:14 ERROR /home/bsc03/bsc03353/forge/src/dispatcher/posix.c:61 139866145388288: r->filehandle = 35, r->size = 131072, r->offset = 21889024
15:34:14 ERROR /home/bsc03/bsc03353/forge/src/dispatcher/posix.c:62 139866145388288: single write -1 of expected 131072
15:34:15 ERROR /home/bsc03/bsc03353/forge/src/dispatcher/posix.c:61 140615605257984: r->filehandle = 36, r->size = 131072, r->offset = 36175872
15:34:15 ERROR /home/bsc03/bsc03353/forge/src/dispatcher/posix.c:62 140615605257984: single write -1 of expected 131072
15:34:15 ERROR /home/bsc03/bsc03353/forge/src/dispatcher/posix.c:61 139855407949568: r->filehandle = 35, r->size = 131072, r->offset = 19791872
15:34:15 ERROR /home/bsc03/bsc03353/forge/src/dispatcher/posix.c:62 139855407949568: single write -1 of expected 131072
15:34:18 ERROR /home/bsc03/bsc03353/forge/src/dispatcher/posix.c:61 140628490184448: r->filehandle = 36, r->size = 131072, r->offset = 48627712
15:34:18 ERROR /home/bsc03/bsc03353/forge/src/dispatcher/posix.c:62 140628490184448: single write -1 of expected 131072
15:34:20 ERROR /home/bsc03/bsc03353/forge/src/dispatcher/posix.c:61 139844670510848: r->filehandle = 35, r->size = 131072, r->offset = 6815744
15:34:20 ERROR /home/bsc03/bsc03353/forge/src/dispatcher/posix.c:62 139844670510848: single write -1 of expected 131072
15:34:20 ERROR /home/bsc03/bsc03353/forge/src/dispatcher/posix.c:61 139859702925056: r->filehandle = 35, r->size = 131072, r->offset = 3014656
15:34:20 ERROR /home/bsc03/bsc03353/forge/src/dispatcher/posix.c:62 139859702925056: single write -1 of expected 131072
15:34:22 ERROR /home/bsc03/bsc03353/forge/src/dispatcher/posix.c:61 140611310282496: r->filehandle = 36, r->size = 131072, r->offset = 46006272
15:34:22 ERROR /home/bsc03/bsc03353/forge/src/dispatcher/posix.c:62 140611310282496: single write -1 of expected 131072
15:34:23 ERROR /home/bsc03/bsc03353/forge/src/dispatcher/posix.c:61 140619900233472: r->filehandle = 36, r->size = 131072, r->offset = 37617664
15:34:23 ERROR /home/bsc03/bsc03353/forge/src/dispatcher/posix.c:62 140619900233472: single write -1 of expected 131072
15:34:25 ERROR /home/bsc03/bsc03353/forge/src/dispatcher/posix.c:61 140628490184448: r->filehandle = 36, r->size = 131072, r->offset = 35651584
15:34:25 ERROR /home/bsc03/bsc03353/forge/src/dispatcher/posix.c:62 140628490184448: single write -1 of expected 131072
15:34:25 ERROR /home/bsc03/bsc03353/forge/src/dispatcher/posix.c:61 139851112974080: r->filehandle = 35, r->size = 131072, r->offset = 10485760
15:34:25 ERROR /home/bsc03/bsc03353/forge/src/dispatcher/posix.c:62 139851112974080: single write -1 of expected 131072
15:34:26 ERROR /home/bsc03/bsc03353/forge/src/dispatcher/posix.c:61 139838228047616: r->filehandle = 35, r->size = 131072, r->offset = 10878976
15:34:26 ERROR /home/bsc03/bsc03353/forge/src/dispatcher/posix.c:62 139838228047616: single write -1 of expected 131072
15:34:29 ERROR /home/bsc03/bsc03353/forge/src/dispatcher/posix.c:61 139861850412800: r->filehandle = 35, r->size = 131072, r->offset = 14680064
15:34:29 ERROR /home/bsc03/bsc03353/forge/src/dispatcher/posix.c:62 139861850412800: single write -1 of expected 131072
15:34:30 ERROR /home/bsc03/bsc03353/forge/src/dispatcher/posix.c:61 140628490184448: r->filehandle = 36, r->size = 131072, r->offset = 42467328
15:34:30 ERROR /home/bsc03/bsc03353/forge/src/dispatcher/posix.c:62 140628490184448: single write -1 of expected 131072
15:34:31 ERROR /home/bsc03/bsc03353/forge/src/dispatcher/posix.c:61 139836080559872: r->filehandle = 35, r->size = 131072, r->offset = 20971520
15:34:31 ERROR /home/bsc03/bsc03353/forge/src/dispatcher/posix.c:62 139836080559872: single write -1 of expected 131072
15:34:33 ERROR /home/bsc03/bsc03353/forge/src/dispatcher/posix.c:61 140622047721216: r->filehandle = 36, r->size = 131072, r->offset = 40763392
15:34:33 ERROR /home/bsc03/bsc03353/forge/src/dispatcher/posix.c:62 140622047721216: single write -1 of expected 131072
15:34:39 ERROR /home/bsc03/bsc03353/forge/src/dispatcher/posix.c:61 139863997900544: r->filehandle = 35, r->size = 131072, r->offset = 1966080
15:34:39 ERROR /home/bsc03/bsc03353/forge/src/dispatcher/posix.c:62 139863997900544: single write -1 of expected 131072
15:34:41 ERROR /home/bsc03/bsc03353/forge/src/dispatcher/posix.c:61 139842523023104: r->filehandle = 35, r->size = 131072, r->offset = 7208960
15:34:41 ERROR /home/bsc03/bsc03353/forge/src/dispatcher/posix.c:62 139842523023104: single write -1 of expected 131072
15:34:41 ERROR /home/bsc03/bsc03353/forge/src/dispatcher/posix.c:61 140632785159936: r->filehandle = 36, r->size = 131072, r->offset = 40239104
15:34:41 ERROR /home/bsc03/bsc03353/forge/src/dispatcher/posix.c:62 140632785159936: single write -1 of expected 131072
15:34:43 ERROR /home/bsc03/bsc03353/forge/src/dispatcher/posix.c:61 139866145388288: r->filehandle = 35, r->size = 131072, r->offset = 4063232
15:34:43 ERROR /home/bsc03/bsc03353/forge/src/dispatcher/posix.c:62 139866145388288: single write -1 of expected 131072
15:34:43 ERROR /home/bsc03/bsc03353/forge/src/dispatcher/posix.c:61 140602720331520: r->filehandle = 36, r->size = 131072, r->offset = 41943040
15:34:43 ERROR /home/bsc03/bsc03353/forge/src/dispatcher/posix.c:62 140602720331520: single write -1 of expected 131072
15:34:43 ERROR /home/bsc03/bsc03353/forge/src/dispatcher/posix.c:61 139853260461824: r->filehandle = 35, r->size = 131072, r->offset = 13500416
15:34:43 ERROR /home/bsc03/bsc03353/forge/src/dispatcher/posix.c:62 139853260461824: single write -1 of expected 131072
15:34:46 ERROR /home/bsc03/bsc03353/forge/src/dispatcher/posix.c:61 140628490184448: r->filehandle = 36, r->size = 131072, r->offset = 48234496
15:34:46 ERROR /home/bsc03/bsc03353/forge/src/dispatcher/posix.c:62 140628490184448: single write -1 of expected 131072
15:34:50 ERROR /home/bsc03/bsc03353/forge/src/dispatcher/posix.c:61 139851112974080: r->filehandle = 35, r->size = 131072, r->offset = 13107200
15:34:50 ERROR /home/bsc03/bsc03353/forge/src/dispatcher/posix.c:62 139851112974080: single write -1 of expected 131072
15:34:52 ERROR /home/bsc03/bsc03353/forge/src/dispatcher/posix.c:61 139846817998592: r->filehandle = 35, r->size = 131072, r->offset = 524288
15:34:52 ERROR /home/bsc03/bsc03353/forge/src/dispatcher/posix.c:62 139846817998592: single write -1 of expected 131072
15:34:54 ERROR /home/bsc03/bsc03353/forge/src/dispatcher/posix.c:61 139833933072128: r->filehandle = 35, r->size = 131072, r->offset = 14548992
15:34:54 ERROR /home/bsc03/bsc03353/forge/src/dispatcher/posix.c:62 139833933072128: single write -1 of expected 131072
15:34:54 ERROR /home/bsc03/bsc03353/forge/src/dispatcher/posix.c:61 140611310282496: r->filehandle = 36, r->size = 131072, r->offset = 30277632
15:34:54 ERROR /home/bsc03/bsc03353/forge/src/dispatcher/posix.c:62 140611310282496: single write -1 of expected 131072
15:34:55 ERROR /home/bsc03/bsc03353/forge/src/dispatcher/posix.c:61 139857555437312: r->filehandle = 35, r->size = 131072, r->offset = 5111808
15:34:55 ERROR /home/bsc03/bsc03353/forge/src/dispatcher/posix.c:62 139857555437312: single write -1 of expected 131072
15:34:56 ERROR /home/bsc03/bsc03353/forge/src/dispatcher/posix.c:61 139855407949568: r->filehandle = 35, r->size = 131072, r->offset = 23986176
15:34:56 ERROR /home/bsc03/bsc03353/forge/src/dispatcher/posix.c:62 139855407949568: single write -1 of expected 131072
15:35:02 ERROR /home/bsc03/bsc03353/forge/src/dispatcher/posix.c:61 140617752745728: r->filehandle = 36, r->size = 131072, r->offset = 42336256
15:35:02 ERROR /home/bsc03/bsc03353/forge/src/dispatcher/posix.c:62 140617752745728: single write -1 of expected 131072
15:35:07 ERROR /home/bsc03/bsc03353/forge/src/dispatcher/posix.c:61 140600572843776: r->filehandle = 36, r->size = 131072, r->offset = 33947648
15:35:07 ERROR /home/bsc03/bsc03353/forge/src/dispatcher/posix.c:62 140600572843776: single write -1 of expected 131072
15:35:09 ERROR /home/bsc03/bsc03353/forge/src/dispatcher/posix.c:61 140613457770240: r->filehandle = 36, r->size = 131072, r->offset = 34471936
15:35:09 ERROR /home/bsc03/bsc03353/forge/src/dispatcher/posix.c:62 140613457770240: single write -1 of expected 131072
15:35:10 ERROR /home/bsc03/bsc03353/forge/src/dispatcher/posix.c:61 140602720331520: r->filehandle = 36, r->size = 131072, r->offset = 25165824
15:35:10 ERROR /home/bsc03/bsc03353/forge/src/dispatcher/posix.c:62 140602720331520: single write -1 of expected 131072
15:35:16 ERROR /home/bsc03/bsc03353/forge/src/dispatcher/posix.c:61 139840375535360: r->filehandle = 35, r->size = 131072, r->offset = 18743296
15:35:16 ERROR /home/bsc03/bsc03353/forge/src/dispatcher/posix.c:62 139840375535360: single write -1 of expected 131072
15:35:17 ERROR /home/bsc03/bsc03353/forge/src/dispatcher/posix.c:61 140604867819264: r->filehandle = 36, r->size = 131072, r->offset = 36569088
15:35:17 ERROR /home/bsc03/bsc03353/forge/src/dispatcher/posix.c:62 140604867819264: single write -1 of expected 131072
15:35:18 ERROR /home/bsc03/bsc03353/forge/src/dispatcher/posix.c:61 139866145388288: r->filehandle = 35, r->size = 131072, r->offset = 19398656
15:35:18 ERROR /home/bsc03/bsc03353/forge/src/dispatcher/posix.c:62 139866145388288: single write -1 of expected 131072
15:35:23 ERROR /home/bsc03/bsc03353/forge/src/dispatcher/posix.c:61 139857555437312: r->filehandle = 35, r->size = 131072, r->offset = 21495808
15:35:23 ERROR /home/bsc03/bsc03353/forge/src/dispatcher/posix.c:62 139857555437312: single write -1 of expected 131072
15:35:28 ERROR /home/bsc03/bsc03353/forge/src/dispatcher/posix.c:61 139844670510848: r->filehandle = 35, r->size = 131072, r->offset = 23068672
15:35:28 ERROR /home/bsc03/bsc03353/forge/src/dispatcher/posix.c:62 139844670510848: single write -1 of expected 131072
15:35:30 ERROR /home/bsc03/bsc03353/forge/src/dispatcher/posix.c:61 140617752745728: r->filehandle = 36, r->size = 131072, r->offset = 44564480
15:35:30 ERROR /home/bsc03/bsc03353/forge/src/dispatcher/posix.c:62 140617752745728: single write -1 of expected 131072
15:35:34 ERROR /home/bsc03/bsc03353/forge/src/dispatcher/posix.c:61 139848965486336: r->filehandle = 35, r->size = 131072, r->offset = 10354688
15:35:34 ERROR /home/bsc03/bsc03353/forge/src/dispatcher/posix.c:62 139848965486336: single write -1 of expected 131072
15:35:40 ERROR /home/bsc03/bsc03353/forge/src/dispatcher/posix.c:61 139851112974080: r->filehandle = 35, r->size = 131072, r->offset = 4194304
15:35:40 ERROR /home/bsc03/bsc03353/forge/src/dispatcher/posix.c:62 139851112974080: single write -1 of expected 131072
15:35:45 ERROR /home/bsc03/bsc03353/forge/src/dispatcher/posix.c:61 139846817998592: r->filehandle = 35, r->size = 131072, r->offset = 2359296
15:35:45 ERROR /home/bsc03/bsc03353/forge/src/dispatcher/posix.c:62 139846817998592: single write -1 of expected 131072
15:35:49 ERROR /home/bsc03/bsc03353/forge/src/dispatcher/posix.c:61 140600572843776: r->filehandle = 36, r->size = 131072, r->offset = 46137344
15:35:49 ERROR /home/bsc03/bsc03353/forge/src/dispatcher/posix.c:62 140600572843776: single write -1 of expected 131072
slurmstepd: error: *** JOB 8737201 ON s03r2b50 CANCELLED AT 2020-02-07T15:35:52 DUE TO TIME LIMIT ***
--------------------------------------------------------------------------
ORTE has lost communication with a remote daemon.

  HNP daemon   : [[31536,0],0] on node s03r2b50
  Remote daemon: [[31536,0],12] on node s12r1b51

This is usually due to either a failure of the TCP network
connection to the node, or possibly an internal failure of
the daemon itself. We cannot recover from this failure, and
therefore will terminate the job.
--------------------------------------------------------------------------
