Set GCC compilers as MPI wrappers backend 
remove impi/2017.4 (PATH, MANPATH, LD_LIBRARY_PATH) 
load openmpi/4.0.2_UCX (PATH, MANPATH, LD_LIBRARY_PATH) 
Set GCC compilers as MPI wrappers backend 
load gsl/2.4 (PATH, LD_LIBRARY_PATH, LIBRARY_PATH, MANPATH, INFOPATH,
C_INCLUDE_PATH, CPLUS_INCLUDE_PATH, PKG_CONFIG_PATH, GSL_DIR) 
11:10:06 INFO  /home/bsc03/bsc03353/forge/src/main.c:107 140714747820096: I/O Forwarding Exploration [START]
Will AGIOS generate trace files? NO
Default scheduling algorithm: TO
TWINS window size: 1000000
Will the Prediction Module read information from trace files? NO
File with access time functions: /home/bsc03/bsc03353/forge/agios/access_times.func
AGIOS thinks its user has stripe size of 32768
Will AGIOS generate trace files? NO
Default scheduling algorithm: TO
TWINS window size: 1000000
Will the Prediction Module read information from trace files? NO
File with access time functions: /home/bsc03/bsc03353/forge/agios/access_times.func
AGIOS thinks its user has stripe size of 32768
11:14:03 ERROR /home/bsc03/bsc03353/forge/src/dispatcher/posix.c:61 140699072542464: r->filehandle = 141, r->size = 8388608, r->offset = 0
11:14:03 ERROR /home/bsc03/bsc03353/forge/src/dispatcher/posix.c:62 140699072542464: single write -1 of expected 8388608
11:14:04 ERROR /home/bsc03/bsc03353/forge/src/dispatcher/posix.c:61 140677597665024: r->filehandle = 176, r->size = 8388608, r->offset = 0
11:14:04 ERROR /home/bsc03/bsc03353/forge/src/dispatcher/posix.c:62 140677597665024: single write -1 of expected 8388608
11:14:04 ERROR /home/bsc03/bsc03353/forge/src/dispatcher/posix.c:61 140701220030208: r->filehandle = 128, r->size = 8388608, r->offset = 0
11:14:04 ERROR /home/bsc03/bsc03353/forge/src/dispatcher/posix.c:62 140701220030208: single write -1 of expected 8388608
11:14:05 ERROR /home/bsc03/bsc03353/forge/src/dispatcher/posix.c:61 139877276317440: r->filehandle = 162, r->size = 8388608, r->offset = 0
11:14:05 ERROR /home/bsc03/bsc03353/forge/src/dispatcher/posix.c:62 139877276317440: single write -1 of expected 8388608
11:14:07 ERROR /home/bsc03/bsc03353/forge/src/dispatcher/posix.c:61 140679745152768: r->filehandle = 146, r->size = 8388608, r->offset = 0
11:14:07 ERROR /home/bsc03/bsc03353/forge/src/dispatcher/posix.c:62 140679745152768: single write -1 of expected 8388608
11:14:07 ERROR /home/bsc03/bsc03353/forge/src/dispatcher/posix.c:61 139868686366464: r->filehandle = 197, r->size = 8388608, r->offset = 0
11:14:07 ERROR /home/bsc03/bsc03353/forge/src/dispatcher/posix.c:62 139868686366464: single write -1 of expected 8388608
11:14:08 ERROR /home/bsc03/bsc03353/forge/src/dispatcher/posix.c:61 140686187616000: r->filehandle = 145, r->size = 8388608, r->offset = 0
11:14:08 ERROR /home/bsc03/bsc03353/forge/src/dispatcher/posix.c:62 140686187616000: single write -1 of expected 8388608
11:14:08 ERROR /home/bsc03/bsc03353/forge/src/dispatcher/posix.c:61 139855801440000: r->filehandle = 141, r->size = 8388608, r->offset = 0
11:14:08 ERROR /home/bsc03/bsc03353/forge/src/dispatcher/posix.c:62 139855801440000: single write -1 of expected 8388608
11:14:08 ERROR /home/bsc03/bsc03353/forge/src/dispatcher/posix.c:61 139864391390976: r->filehandle = 164, r->size = 8388608, r->offset = 0
11:14:08 ERROR /home/bsc03/bsc03353/forge/src/dispatcher/posix.c:62 139864391390976: single write -1 of expected 8388608
11:14:10 ERROR /home/bsc03/bsc03353/forge/src/dispatcher/posix.c:61 140696925054720: r->filehandle = 181, r->size = 8388608, r->offset = 0
11:14:10 ERROR /home/bsc03/bsc03353/forge/src/dispatcher/posix.c:62 140696925054720: single write -1 of expected 8388608
11:14:10 ERROR /home/bsc03/bsc03353/forge/src/dispatcher/posix.c:61 139883718780672: r->filehandle = 188, r->size = 8388608, r->offset = 0
11:14:10 ERROR /home/bsc03/bsc03353/forge/src/dispatcher/posix.c:62 139883718780672: single write -1 of expected 8388608
11:14:11 ERROR /home/bsc03/bsc03353/forge/src/dispatcher/posix.c:61 140681892640512: r->filehandle = 124, r->size = 8388608, r->offset = 0
11:14:11 ERROR /home/bsc03/bsc03353/forge/src/dispatcher/posix.c:62 140681892640512: single write -1 of expected 8388608
11:14:11 ERROR /home/bsc03/bsc03353/forge/src/dispatcher/posix.c:61 139872981341952: r->filehandle = 129, r->size = 8388608, r->offset = 0
11:14:11 ERROR /home/bsc03/bsc03353/forge/src/dispatcher/posix.c:62 139872981341952: single write -1 of expected 8388608
11:14:13 ERROR /home/bsc03/bsc03353/forge/src/dispatcher/posix.c:61 140690482591488: r->filehandle = 103, r->size = 8388608, r->offset = 0
11:14:13 ERROR /home/bsc03/bsc03353/forge/src/dispatcher/posix.c:62 140690482591488: single write -1 of expected 8388608
11:14:13 ERROR /home/bsc03/bsc03353/forge/src/dispatcher/posix.c:61 139875128829696: r->filehandle = 143, r->size = 8388608, r->offset = 0
11:14:13 ERROR /home/bsc03/bsc03353/forge/src/dispatcher/posix.c:62 139875128829696: single write -1 of expected 8388608
11:14:14 ERROR /home/bsc03/bsc03353/forge/src/dispatcher/posix.c:61 139855801440000: r->filehandle = 208, r->size = 8388608, r->offset = 0
11:14:14 ERROR /home/bsc03/bsc03353/forge/src/dispatcher/posix.c:62 139855801440000: single write -1 of expected 8388608
11:14:14 ERROR /home/bsc03/bsc03353/forge/src/dispatcher/posix.c:61 140694777566976: r->filehandle = 121, r->size = 8388608, r->offset = 0
11:14:14 ERROR /home/bsc03/bsc03353/forge/src/dispatcher/posix.c:62 140694777566976: single write -1 of expected 8388608
11:14:16 ERROR /home/bsc03/bsc03353/forge/src/dispatcher/posix.c:61 139885866268416: r->filehandle = 174, r->size = 8388608, r->offset = 0
11:14:16 ERROR /home/bsc03/bsc03353/forge/src/dispatcher/posix.c:62 139885866268416: single write -1 of expected 8388608
11:14:16 ERROR /home/bsc03/bsc03353/forge/src/dispatcher/posix.c:61 140696925054720: r->filehandle = 208, r->size = 8388608, r->offset = 0
11:14:16 ERROR /home/bsc03/bsc03353/forge/src/dispatcher/posix.c:62 140696925054720: single write -1 of expected 8388608
11:14:16 ERROR /home/bsc03/bsc03353/forge/src/dispatcher/posix.c:61 140699072542464: r->filehandle = 58, r->size = 8388608, r->offset = 0
11:14:16 ERROR /home/bsc03/bsc03353/forge/src/dispatcher/posix.c:62 140699072542464: single write -1 of expected 8388608
11:14:17 ERROR /home/bsc03/bsc03353/forge/src/dispatcher/posix.c:61 139860096415488: r->filehandle = 191, r->size = 8388608, r->offset = 0
11:14:17 ERROR /home/bsc03/bsc03353/forge/src/dispatcher/posix.c:62 139860096415488: single write -1 of expected 8388608
11:14:18 ERROR /home/bsc03/bsc03353/forge/src/dispatcher/posix.c:61 140677597665024: r->filehandle = 96, r->size = 8388608, r->offset = 0
11:14:18 ERROR /home/bsc03/bsc03353/forge/src/dispatcher/posix.c:62 140677597665024: single write -1 of expected 8388608
11:14:19 ERROR /home/bsc03/bsc03353/forge/src/dispatcher/posix.c:61 139883718780672: r->filehandle = 125, r->size = 8388608, r->offset = 0
11:14:19 ERROR /home/bsc03/bsc03353/forge/src/dispatcher/posix.c:62 139883718780672: single write -1 of expected 8388608
11:14:20 ERROR /home/bsc03/bsc03353/forge/src/dispatcher/posix.c:61 139881571292928: r->filehandle = 220, r->size = 8388608, r->offset = 0
11:14:20 ERROR /home/bsc03/bsc03353/forge/src/dispatcher/posix.c:62 139881571292928: single write -1 of expected 8388608
11:14:20 ERROR /home/bsc03/bsc03353/forge/src/dispatcher/posix.c:61 139870833854208: r->filehandle = 157, r->size = 8388608, r->offset = 0
11:14:20 ERROR /home/bsc03/bsc03353/forge/src/dispatcher/posix.c:62 139870833854208: single write -1 of expected 8388608
11:14:20 ERROR /home/bsc03/bsc03353/forge/src/dispatcher/posix.c:61 140686187616000: r->filehandle = 143, r->size = 8388608, r->offset = 0
11:14:20 ERROR /home/bsc03/bsc03353/forge/src/dispatcher/posix.c:62 140686187616000: single write -1 of expected 8388608
11:14:21 ERROR /home/bsc03/bsc03353/forge/src/dispatcher/posix.c:61 140690482591488: r->filehandle = 139, r->size = 8388608, r->offset = 0
11:14:21 ERROR /home/bsc03/bsc03353/forge/src/dispatcher/posix.c:62 140690482591488: single write -1 of expected 8388608
11:14:23 ERROR /home/bsc03/bsc03353/forge/src/dispatcher/posix.c:61 140692630079232: r->filehandle = 173, r->size = 8388608, r->offset = 0
11:14:23 ERROR /home/bsc03/bsc03353/forge/src/dispatcher/posix.c:62 140692630079232: single write -1 of expected 8388608
11:14:23 ERROR /home/bsc03/bsc03353/forge/src/dispatcher/posix.c:61 139866538878720: r->filehandle = 205, r->size = 8388608, r->offset = 0
11:14:23 ERROR /home/bsc03/bsc03353/forge/src/dispatcher/posix.c:62 139866538878720: single write -1 of expected 8388608
11:14:23 ERROR /home/bsc03/bsc03353/forge/src/dispatcher/posix.c:61 140677597665024: r->filehandle = 184, r->size = 8388608, r->offset = 0
11:14:23 ERROR /home/bsc03/bsc03353/forge/src/dispatcher/posix.c:62 140677597665024: single write -1 of expected 8388608
11:14:24 ERROR /home/bsc03/bsc03353/forge/src/dispatcher/posix.c:61 139875128829696: r->filehandle = 148, r->size = 8388608, r->offset = 0
11:14:24 ERROR /home/bsc03/bsc03353/forge/src/dispatcher/posix.c:62 139875128829696: single write -1 of expected 8388608
11:14:24 ERROR /home/bsc03/bsc03353/forge/src/dispatcher/posix.c:61 140681892640512: r->filehandle = 160, r->size = 8388608, r->offset = 0
11:14:24 ERROR /home/bsc03/bsc03353/forge/src/dispatcher/posix.c:62 140681892640512: single write -1 of expected 8388608
11:14:24 ERROR /home/bsc03/bsc03353/forge/src/dispatcher/posix.c:61 140675450177280: r->filehandle = 195, r->size = 8388608, r->offset = 0
11:14:24 ERROR /home/bsc03/bsc03353/forge/src/dispatcher/posix.c:62 140675450177280: single write -1 of expected 8388608
11:14:26 ERROR /home/bsc03/bsc03353/forge/src/dispatcher/posix.c:61 140684040128256: r->filehandle = 130, r->size = 8388608, r->offset = 0
11:14:26 ERROR /home/bsc03/bsc03353/forge/src/dispatcher/posix.c:62 140684040128256: single write -1 of expected 8388608
11:14:26 ERROR /home/bsc03/bsc03353/forge/src/dispatcher/posix.c:61 139870833854208: r->filehandle = 182, r->size = 8388608, r->offset = 0
11:14:26 ERROR /home/bsc03/bsc03353/forge/src/dispatcher/posix.c:62 139870833854208: single write -1 of expected 8388608
11:14:26 ERROR /home/bsc03/bsc03353/forge/src/dispatcher/posix.c:61 140692630079232: r->filehandle = 188, r->size = 8388608, r->offset = 0
11:14:26 ERROR /home/bsc03/bsc03353/forge/src/dispatcher/posix.c:62 140692630079232: single write -1 of expected 8388608
11:14:27 ERROR /home/bsc03/bsc03353/forge/src/dispatcher/posix.c:61 140694777566976: r->filehandle = 148, r->size = 8388608, r->offset = 0
11:14:27 ERROR /home/bsc03/bsc03353/forge/src/dispatcher/posix.c:62 140694777566976: single write -1 of expected 8388608
11:14:27 ERROR /home/bsc03/bsc03353/forge/src/dispatcher/posix.c:61 139855801440000: r->filehandle = 225, r->size = 8388608, r->offset = 0
11:14:27 ERROR /home/bsc03/bsc03353/forge/src/dispatcher/posix.c:62 139855801440000: single write -1 of expected 8388608
11:14:29 ERROR /home/bsc03/bsc03353/forge/src/dispatcher/posix.c:61 140681892640512: r->filehandle = 175, r->size = 8388608, r->offset = 0
11:14:29 ERROR /home/bsc03/bsc03353/forge/src/dispatcher/posix.c:62 140681892640512: single write -1 of expected 8388608
11:14:31 ERROR /home/bsc03/bsc03353/forge/src/dispatcher/posix.c:61 140701220030208: r->filehandle = 64, r->size = 8388608, r->offset = 0
11:14:31 ERROR /home/bsc03/bsc03353/forge/src/dispatcher/posix.c:62 140701220030208: single write -1 of expected 8388608
11:14:32 ERROR /home/bsc03/bsc03353/forge/src/dispatcher/posix.c:61 139860096415488: r->filehandle = 201, r->size = 8388608, r->offset = 0
11:14:32 ERROR /home/bsc03/bsc03353/forge/src/dispatcher/posix.c:62 139860096415488: single write -1 of expected 8388608
11:14:33 ERROR /home/bsc03/bsc03353/forge/src/dispatcher/posix.c:61 139857948927744: r->filehandle = 223, r->size = 8388608, r->offset = 0
11:14:33 ERROR /home/bsc03/bsc03353/forge/src/dispatcher/posix.c:62 139857948927744: single write -1 of expected 8388608
11:14:34 ERROR /home/bsc03/bsc03353/forge/src/dispatcher/posix.c:61 139868686366464: r->filehandle = 130, r->size = 8388608, r->offset = 0
11:14:34 ERROR /home/bsc03/bsc03353/forge/src/dispatcher/posix.c:62 139868686366464: single write -1 of expected 8388608
11:14:34 ERROR /home/bsc03/bsc03353/forge/src/dispatcher/posix.c:61 140686187616000: r->filehandle = 178, r->size = 8388608, r->offset = 0
11:14:34 ERROR /home/bsc03/bsc03353/forge/src/dispatcher/posix.c:62 140686187616000: single write -1 of expected 8388608
11:14:35 ERROR /home/bsc03/bsc03353/forge/src/dispatcher/posix.c:61 140679745152768: r->filehandle = 136, r->size = 8388608, r->offset = 0
11:14:35 ERROR /home/bsc03/bsc03353/forge/src/dispatcher/posix.c:62 140679745152768: single write -1 of expected 8388608
11:14:37 ERROR /home/bsc03/bsc03353/forge/src/dispatcher/posix.c:61 139881571292928: r->filehandle = 196, r->size = 8388608, r->offset = 0
11:14:37 ERROR /home/bsc03/bsc03353/forge/src/dispatcher/posix.c:62 139881571292928: single write -1 of expected 8388608
11:14:37 ERROR /home/bsc03/bsc03353/forge/src/dispatcher/posix.c:61 140705515005696: r->filehandle = 226, r->size = 8388608, r->offset = 0
11:14:37 ERROR /home/bsc03/bsc03353/forge/src/dispatcher/posix.c:62 140705515005696: single write -1 of expected 8388608
11:14:38 ERROR /home/bsc03/bsc03353/forge/src/dispatcher/posix.c:61 139872981341952: r->filehandle = 194, r->size = 8388608, r->offset = 0
11:14:38 ERROR /home/bsc03/bsc03353/forge/src/dispatcher/posix.c:62 139872981341952: single write -1 of expected 8388608
11:14:38 ERROR /home/bsc03/bsc03353/forge/src/dispatcher/posix.c:61 140684040128256: r->filehandle = 180, r->size = 8388608, r->offset = 0
11:14:38 ERROR /home/bsc03/bsc03353/forge/src/dispatcher/posix.c:62 140684040128256: single write -1 of expected 8388608
11:14:39 ERROR /home/bsc03/bsc03353/forge/src/dispatcher/posix.c:61 140679745152768: r->filehandle = 199, r->size = 8388608, r->offset = 0
11:14:39 ERROR /home/bsc03/bsc03353/forge/src/dispatcher/posix.c:62 140679745152768: single write -1 of expected 8388608
11:14:40 ERROR /home/bsc03/bsc03353/forge/src/dispatcher/posix.c:61 139866538878720: r->filehandle = 187, r->size = 8388608, r->offset = 0
11:14:40 ERROR /home/bsc03/bsc03353/forge/src/dispatcher/posix.c:62 139866538878720: single write -1 of expected 8388608
11:14:40 ERROR /home/bsc03/bsc03353/forge/src/dispatcher/posix.c:61 140688335103744: r->filehandle = 126, r->size = 8388608, r->offset = 0
11:14:40 ERROR /home/bsc03/bsc03353/forge/src/dispatcher/posix.c:62 140688335103744: single write -1 of expected 8388608
11:14:41 ERROR /home/bsc03/bsc03353/forge/src/dispatcher/posix.c:61 139870833854208: r->filehandle = 154, r->size = 8388608, r->offset = 0
11:14:41 ERROR /home/bsc03/bsc03353/forge/src/dispatcher/posix.c:62 139870833854208: single write -1 of expected 8388608
11:14:41 ERROR /home/bsc03/bsc03353/forge/src/dispatcher/posix.c:61 140684040128256: r->filehandle = 212, r->size = 8388608, r->offset = 0
11:14:41 ERROR /home/bsc03/bsc03353/forge/src/dispatcher/posix.c:62 140684040128256: single write -1 of expected 8388608
11:14:42 ERROR /home/bsc03/bsc03353/forge/src/dispatcher/posix.c:61 139875128829696: r->filehandle = 131, r->size = 8388608, r->offset = 0
11:14:42 ERROR /home/bsc03/bsc03353/forge/src/dispatcher/posix.c:62 139875128829696: single write -1 of expected 8388608
11:14:42 ERROR /home/bsc03/bsc03353/forge/src/dispatcher/posix.c:61 140703367517952: r->filehandle = 193, r->size = 8388608, r->offset = 0
11:14:42 ERROR /home/bsc03/bsc03353/forge/src/dispatcher/posix.c:62 140703367517952: single write -1 of expected 8388608
11:14:43 ERROR /home/bsc03/bsc03353/forge/src/dispatcher/posix.c:61 140696925054720: r->filehandle = 119, r->size = 8388608, r->offset = 0
11:14:43 ERROR /home/bsc03/bsc03353/forge/src/dispatcher/posix.c:62 140696925054720: single write -1 of expected 8388608
11:14:44 ERROR /home/bsc03/bsc03353/forge/src/dispatcher/posix.c:61 140701220030208: r->filehandle = 204, r->size = 8388608, r->offset = 0
11:14:44 ERROR /home/bsc03/bsc03353/forge/src/dispatcher/posix.c:62 140701220030208: single write -1 of expected 8388608
11:14:44 ERROR /home/bsc03/bsc03353/forge/src/dispatcher/posix.c:61 140684040128256: r->filehandle = 189, r->size = 8388608, r->offset = 0
11:14:44 ERROR /home/bsc03/bsc03353/forge/src/dispatcher/posix.c:62 140684040128256: single write -1 of expected 8388608
11:14:45 ERROR /home/bsc03/bsc03353/forge/src/dispatcher/posix.c:61 139883718780672: r->filehandle = 171, r->size = 8388608, r->offset = 0
11:14:45 ERROR /home/bsc03/bsc03353/forge/src/dispatcher/posix.c:62 139883718780672: single write -1 of expected 8388608
11:14:46 ERROR /home/bsc03/bsc03353/forge/src/dispatcher/posix.c:61 140699072542464: r->filehandle = 186, r->size = 8388608, r->offset = 0
11:14:46 ERROR /home/bsc03/bsc03353/forge/src/dispatcher/posix.c:61 139866538878720: r->filehandle = 200, r->size = 8388608, r->offset = 0
11:14:46 ERROR /home/bsc03/bsc03353/forge/src/dispatcher/posix.c:62 139866538878720: single write -1 of expected 8388608
11:14:46 ERROR /home/bsc03/bsc03353/forge/src/dispatcher/posix.c:62 140699072542464: single write -1 of expected 8388608
11:14:48 ERROR /home/bsc03/bsc03353/forge/src/dispatcher/posix.c:61 140696925054720: r->filehandle = 108, r->size = 8388608, r->offset = 0
11:14:48 ERROR /home/bsc03/bsc03353/forge/src/dispatcher/posix.c:62 140696925054720: single write -1 of expected 8388608
11:14:49 ERROR /home/bsc03/bsc03353/forge/src/dispatcher/posix.c:61 140694777566976: r->filehandle = 214, r->size = 8388608, r->offset = 0
11:14:49 ERROR /home/bsc03/bsc03353/forge/src/dispatcher/posix.c:62 140694777566976: single write -1 of expected 8388608
11:14:50 ERROR /home/bsc03/bsc03353/forge/src/dispatcher/posix.c:61 140707662493440: r->filehandle = 227, r->size = 8388608, r->offset = 0
11:14:50 ERROR /home/bsc03/bsc03353/forge/src/dispatcher/posix.c:62 140707662493440: single write -1 of expected 8388608
11:14:51 ERROR /home/bsc03/bsc03353/forge/src/dispatcher/posix.c:61 140703367517952: r->filehandle = 164, r->size = 8388608, r->offset = 0
11:14:51 ERROR /home/bsc03/bsc03353/forge/src/dispatcher/posix.c:62 140703367517952: single write -1 of expected 8388608
11:14:51 ERROR /home/bsc03/bsc03353/forge/src/dispatcher/posix.c:61 139868686366464: r->filehandle = 165, r->size = 8388608, r->offset = 0
11:14:51 ERROR /home/bsc03/bsc03353/forge/src/dispatcher/posix.c:62 139868686366464: single write -1 of expected 8388608
11:14:51 ERROR /home/bsc03/bsc03353/forge/src/dispatcher/posix.c:61 139875128829696: r->filehandle = 62, r->size = 8388608, r->offset = 0
11:14:51 ERROR /home/bsc03/bsc03353/forge/src/dispatcher/posix.c:62 139875128829696: single write -1 of expected 8388608
11:14:53 ERROR /home/bsc03/bsc03353/forge/src/dispatcher/posix.c:61 140707662493440: r->filehandle = 149, r->size = 8388608, r->offset = 0
11:14:53 ERROR /home/bsc03/bsc03353/forge/src/dispatcher/posix.c:62 140707662493440: single write -1 of expected 8388608
11:14:53 ERROR /home/bsc03/bsc03353/forge/src/dispatcher/posix.c:61 139885866268416: r->filehandle = 183, r->size = 8388608, r->offset = 0
11:14:53 ERROR /home/bsc03/bsc03353/forge/src/dispatcher/posix.c:62 139885866268416: single write -1 of expected 8388608
11:14:53 ERROR /home/bsc03/bsc03353/forge/src/dispatcher/posix.c:61 139872981341952: r->filehandle = 66, r->size = 8388608, r->offset = 0
11:14:53 ERROR /home/bsc03/bsc03353/forge/src/dispatcher/posix.c:62 139872981341952: single write -1 of expected 8388608
11:14:55 ERROR /home/bsc03/bsc03353/forge/src/dispatcher/posix.c:61 140696925054720: r->filehandle = 129, r->size = 8388608, r->offset = 0
11:14:55 ERROR /home/bsc03/bsc03353/forge/src/dispatcher/posix.c:62 140696925054720: single write -1 of expected 8388608
11:14:56 ERROR /home/bsc03/bsc03353/forge/src/dispatcher/posix.c:61 140684040128256: r->filehandle = 153, r->size = 8388608, r->offset = 0
11:14:56 ERROR /home/bsc03/bsc03353/forge/src/dispatcher/posix.c:62 140684040128256: single write -1 of expected 8388608
11:14:57 ERROR /home/bsc03/bsc03353/forge/src/dispatcher/posix.c:61 140686187616000: r->filehandle = 112, r->size = 8388608, r->offset = 0
11:14:57 ERROR /home/bsc03/bsc03353/forge/src/dispatcher/posix.c:62 140686187616000: single write -1 of expected 8388608
11:14:58 ERROR /home/bsc03/bsc03353/forge/src/dispatcher/posix.c:61 139883718780672: r->filehandle = 118, r->size = 8388608, r->offset = 0
11:14:58 ERROR /home/bsc03/bsc03353/forge/src/dispatcher/posix.c:62 139883718780672: single write -1 of expected 8388608
11:14:59 ERROR /home/bsc03/bsc03353/forge/src/dispatcher/posix.c:61 140688335103744: r->filehandle = 154, r->size = 8388608, r->offset = 0
11:14:59 ERROR /home/bsc03/bsc03353/forge/src/dispatcher/posix.c:62 140688335103744: single write -1 of expected 8388608
11:14:59 ERROR /home/bsc03/bsc03353/forge/src/dispatcher/posix.c:61 139879423805184: r->filehandle = 113, r->size = 8388608, r->offset = 0
11:14:59 ERROR /home/bsc03/bsc03353/forge/src/dispatcher/posix.c:62 139879423805184: single write -1 of expected 8388608
slurmstepd: error: *** JOB 8730270 ON s03r1b23 CANCELLED AT 2020-02-07T11:14:59 DUE TO TIME LIMIT ***
--------------------------------------------------------------------------
ORTE has lost communication with a remote daemon.

  HNP daemon   : [[62468,0],0] on node s03r1b23
  Remote daemon: [[62468,0],1] on node s03r1b24

This is usually due to either a failure of the TCP network
connection to the node, or possibly an internal failure of
the daemon itself. We cannot recover from this failure, and
therefore will terminate the job.
--------------------------------------------------------------------------
