Set GCC compilers as MPI wrappers backend 
remove impi/2017.4 (PATH, MANPATH, LD_LIBRARY_PATH) 
load openmpi/4.0.2_UCX (PATH, MANPATH, LD_LIBRARY_PATH) 
Set GCC compilers as MPI wrappers backend 
load gsl/2.4 (PATH, LD_LIBRARY_PATH, LIBRARY_PATH, MANPATH, INFOPATH,
C_INCLUDE_PATH, CPLUS_INCLUDE_PATH, PKG_CONFIG_PATH, GSL_DIR) 
15:43:31 INFO  /home/bsc03/bsc03353/forge/src/main.c:107 139795661207616: I/O Forwarding Exploration [START]
Will AGIOS generate trace files? NO
Default scheduling algorithm: TO
TWINS window size: 1000000
Will the Prediction Module read information from trace files? NO
File with access time functions: /home/bsc03/bsc03353/forge/agios/access_times.func
AGIOS thinks its user has stripe size of 32768
Will AGIOS generate trace files? NO
Default scheduling algorithm: TO
TWINS window size: 1000000
Will the Prediction Module read information from trace files? NO
File with access time functions: /home/bsc03/bsc03353/forge/agios/access_times.func
AGIOS thinks its user has stripe size of 32768
15:43:44 ERROR /home/bsc03/bsc03353/forge/src/dispatcher/posix.c:61 139769208497920: r->filehandle = 35, r->size = 8388608, r->offset = 385875968
15:43:44 ERROR /home/bsc03/bsc03353/forge/src/dispatcher/posix.c:62 139769208497920: single write -1 of expected 8388608
15:43:56 ERROR /home/bsc03/bsc03353/forge/src/dispatcher/posix.c:61 139756323571456: r->filehandle = 35, r->size = 8388608, r->offset = 8388608
15:43:56 ERROR /home/bsc03/bsc03353/forge/src/dispatcher/posix.c:62 139756323571456: single write -1 of expected 8388608
15:43:58 ERROR /home/bsc03/bsc03353/forge/src/dispatcher/posix.c:61 139779945936640: r->filehandle = 35, r->size = 8388608, r->offset = 92274688
15:43:58 ERROR /home/bsc03/bsc03353/forge/src/dispatcher/posix.c:62 139779945936640: single write -1 of expected 8388608
15:44:11 ERROR /home/bsc03/bsc03353/forge/src/dispatcher/posix.c:61 140123792840448: r->filehandle = 36, r->size = 8388608, r->offset = 679477248
15:44:11 ERROR /home/bsc03/bsc03353/forge/src/dispatcher/posix.c:62 140123792840448: single write -1 of expected 8388608
15:44:16 ERROR /home/bsc03/bsc03353/forge/src/dispatcher/posix.c:61 139782093424384: r->filehandle = 35, r->size = 8388608, r->offset = 218103808
15:44:17 ERROR /home/bsc03/bsc03353/forge/src/dispatcher/posix.c:62 139782093424384: single write -1 of expected 8388608
15:44:17 ERROR /home/bsc03/bsc03353/forge/src/dispatcher/posix.c:61 140138825254656: r->filehandle = 36, r->size = 8388608, r->offset = 461373440
15:44:17 ERROR /home/bsc03/bsc03353/forge/src/dispatcher/posix.c:62 140138825254656: single write -1 of expected 8388608
15:44:32 ERROR /home/bsc03/bsc03353/forge/src/dispatcher/posix.c:61 139771355985664: r->filehandle = 35, r->size = 8388608, r->offset = 184549376
15:44:32 ERROR /home/bsc03/bsc03353/forge/src/dispatcher/posix.c:62 139771355985664: single write -1 of expected 8388608
15:44:40 ERROR /home/bsc03/bsc03353/forge/src/dispatcher/posix.c:61 139762766034688: r->filehandle = 35, r->size = 8388608, r->offset = 75497472
15:44:40 ERROR /home/bsc03/bsc03353/forge/src/dispatcher/posix.c:62 139762766034688: single write -1 of expected 8388608
15:44:42 ERROR /home/bsc03/bsc03353/forge/src/dispatcher/posix.c:61 139767061010176: r->filehandle = 35, r->size = 8388608, r->offset = 260046848
15:44:42 ERROR /home/bsc03/bsc03353/forge/src/dispatcher/posix.c:62 139767061010176: single write -1 of expected 8388608
15:44:51 ERROR /home/bsc03/bsc03353/forge/src/dispatcher/posix.c:61 139788535887616: r->filehandle = 35, r->size = 8388608, r->offset = 343932928
15:44:51 ERROR /home/bsc03/bsc03353/forge/src/dispatcher/posix.c:62 139788535887616: single write -1 of expected 8388608
15:45:00 ERROR /home/bsc03/bsc03353/forge/src/dispatcher/posix.c:61 139773503473408: r->filehandle = 35, r->size = 8388608, r->offset = 142606336
15:45:00 ERROR /home/bsc03/bsc03353/forge/src/dispatcher/posix.c:62 139773503473408: single write -1 of expected 8388608
15:45:15 ERROR /home/bsc03/bsc03353/forge/src/dispatcher/posix.c:61 139769208497920: r->filehandle = 35, r->size = 8388608, r->offset = 310378496
15:45:15 ERROR /home/bsc03/bsc03353/forge/src/dispatcher/posix.c:62 139769208497920: single write -1 of expected 8388608
15:45:45 ERROR /home/bsc03/bsc03353/forge/src/dispatcher/posix.c:61 139775650961152: r->filehandle = 35, r->size = 8388608, r->offset = 209715200
15:45:45 ERROR /home/bsc03/bsc03353/forge/src/dispatcher/posix.c:62 139775650961152: single write -1 of expected 8388608
15:46:07 ERROR /home/bsc03/bsc03353/forge/src/dispatcher/posix.c:61 139758471059200: r->filehandle = 35, r->size = 8388608, r->offset = 276824064
15:46:07 ERROR /home/bsc03/bsc03353/forge/src/dispatcher/posix.c:62 139758471059200: single write -1 of expected 8388608
15:46:22 ERROR /home/bsc03/bsc03353/forge/src/dispatcher/posix.c:61 139784240912128: r->filehandle = 35, r->size = 8388608, r->offset = 394264576
15:46:22 ERROR /home/bsc03/bsc03353/forge/src/dispatcher/posix.c:62 139784240912128: single write -1 of expected 8388608
15:46:30 ERROR /home/bsc03/bsc03353/forge/src/dispatcher/posix.c:61 139777798448896: r->filehandle = 35, r->size = 8388608, r->offset = 25165824
15:46:30 ERROR /home/bsc03/bsc03353/forge/src/dispatcher/posix.c:62 139777798448896: single write -1 of expected 8388608
15:46:40 ERROR /home/bsc03/bsc03353/forge/src/dispatcher/posix.c:61 140110907913984: r->filehandle = 36, r->size = 8388608, r->offset = 452984832
15:46:40 ERROR /home/bsc03/bsc03353/forge/src/dispatcher/posix.c:62 140110907913984: single write -1 of expected 8388608
15:46:46 ERROR /home/bsc03/bsc03353/forge/src/dispatcher/posix.c:61 140128087815936: r->filehandle = 36, r->size = 8388608, r->offset = 645922816
15:46:46 ERROR /home/bsc03/bsc03353/forge/src/dispatcher/posix.c:62 140128087815936: single write -1 of expected 8388608
15:46:57 ERROR /home/bsc03/bsc03353/forge/src/dispatcher/posix.c:61 139779945936640: r->filehandle = 35, r->size = 8388608, r->offset = 226492416
15:46:57 ERROR /home/bsc03/bsc03353/forge/src/dispatcher/posix.c:62 139779945936640: single write -1 of expected 8388608
15:47:09 ERROR /home/bsc03/bsc03353/forge/src/dispatcher/posix.c:61 140136677766912: r->filehandle = 36, r->size = 8388608, r->offset = 478150656
15:47:09 ERROR /home/bsc03/bsc03353/forge/src/dispatcher/posix.c:62 140136677766912: single write -1 of expected 8388608
15:47:10 ERROR /home/bsc03/bsc03353/forge/src/dispatcher/posix.c:61 139762766034688: r->filehandle = 35, r->size = 8388608, r->offset = 192937984
15:47:10 ERROR /home/bsc03/bsc03353/forge/src/dispatcher/posix.c:62 139762766034688: single write -1 of expected 8388608
15:47:15 ERROR /home/bsc03/bsc03353/forge/src/dispatcher/posix.c:61 139764913522432: r->filehandle = 35, r->size = 8388608, r->offset = 1023410176
15:47:15 ERROR /home/bsc03/bsc03353/forge/src/dispatcher/posix.c:62 139764913522432: single write -1 of expected 8388608
15:47:20 ERROR /home/bsc03/bsc03353/forge/src/dispatcher/posix.c:61 140138825254656: r->filehandle = 36, r->size = 8388608, r->offset = 729808896
15:47:20 ERROR /home/bsc03/bsc03353/forge/src/dispatcher/posix.c:62 140138825254656: single write -1 of expected 8388608
15:47:40 ERROR /home/bsc03/bsc03353/forge/src/dispatcher/posix.c:61 139782093424384: r->filehandle = 35, r->size = 8388608, r->offset = 1065353216
15:47:40 ERROR /home/bsc03/bsc03353/forge/src/dispatcher/posix.c:62 139782093424384: single write -1 of expected 8388608
15:47:50 ERROR /home/bsc03/bsc03353/forge/src/dispatcher/posix.c:61 140128087815936: r->filehandle = 36, r->size = 8388608, r->offset = 713031680
15:47:50 ERROR /home/bsc03/bsc03353/forge/src/dispatcher/posix.c:62 140128087815936: single write -1 of expected 8388608
15:48:01 ERROR /home/bsc03/bsc03353/forge/src/dispatcher/posix.c:61 139773503473408: r->filehandle = 35, r->size = 8388608, r->offset = 0
15:48:01 ERROR /home/bsc03/bsc03353/forge/src/dispatcher/posix.c:62 139773503473408: single write -1 of expected 8388608
15:48:20 ERROR /home/bsc03/bsc03353/forge/src/dispatcher/posix.c:61 140134530279168: r->filehandle = 36, r->size = 8388608, r->offset = 662700032
15:48:20 ERROR /home/bsc03/bsc03353/forge/src/dispatcher/posix.c:62 140134530279168: single write -1 of expected 8388608
15:48:24 ERROR /home/bsc03/bsc03353/forge/src/dispatcher/posix.c:61 139769208497920: r->filehandle = 35, r->size = 8388608, r->offset = 16777216
15:48:24 ERROR /home/bsc03/bsc03353/forge/src/dispatcher/posix.c:62 139769208497920: single write -1 of expected 8388608
15:48:30 ERROR /home/bsc03/bsc03353/forge/src/dispatcher/posix.c:61 139756323571456: r->filehandle = 35, r->size = 8388608, r->offset = 58720256
15:48:30 ERROR /home/bsc03/bsc03353/forge/src/dispatcher/posix.c:62 139756323571456: single write -1 of expected 8388608
slurmstepd: error: *** JOB 8737386 ON s02r1b05 CANCELLED AT 2020-02-07T15:48:46 DUE TO TIME LIMIT ***
--------------------------------------------------------------------------
ORTE has lost communication with a remote daemon.

  HNP daemon   : [[64013,0],0] on node s02r1b05
  Remote daemon: [[64013,0],6] on node s02r1b19

This is usually due to either a failure of the TCP network
connection to the node, or possibly an internal failure of
the daemon itself. We cannot recover from this failure, and
therefore will terminate the job.
--------------------------------------------------------------------------
