Set GCC compilers as MPI wrappers backend 
remove impi/2017.4 (PATH, MANPATH, LD_LIBRARY_PATH) 
load openmpi/4.0.2_UCX (PATH, MANPATH, LD_LIBRARY_PATH) 
Set GCC compilers as MPI wrappers backend 
load gsl/2.4 (PATH, LD_LIBRARY_PATH, LIBRARY_PATH, MANPATH, INFOPATH,
C_INCLUDE_PATH, CPLUS_INCLUDE_PATH, PKG_CONFIG_PATH, GSL_DIR) 
19:38:43 INFO  /home/bsc03/bsc03353/forge/src/main.c:107 140137146173504: I/O Forwarding Exploration [START]
Will AGIOS generate trace files? NO
Default scheduling algorithm: TO
TWINS window size: 1000000
Will the Prediction Module read information from trace files? NO
File with access time functions: /home/bsc03/bsc03353/forge/agios/access_times.func
AGIOS thinks its user has stripe size of 32768
Will AGIOS generate trace files? NO
Default scheduling algorithm: TO
TWINS window size: 1000000
Will the Prediction Module read information from trace files? NO
File with access time functions: /home/bsc03/bsc03353/forge/agios/access_times.func
AGIOS thinks its user has stripe size of 32768
Will AGIOS generate trace files? NO
Default scheduling algorithm: TO
TWINS window size: 1000000
Will the Prediction Module read information from trace files? NO
File with access time functions: /home/bsc03/bsc03353/forge/agios/access_times.func
AGIOS thinks its user has stripe size of 32768
Will AGIOS generate trace files? NO
Default scheduling algorithm: TO
TWINS window size: 1000000
Will the Prediction Module read information from trace files? NO
File with access time functions: /home/bsc03/bsc03353/forge/agios/access_times.func
AGIOS thinks its user has stripe size of 32768
Will AGIOS generate trace files? NO
Default scheduling algorithm: TO
TWINS window size: 1000000
Will the Prediction Module read information from trace files? NO
File with access time functions: /home/bsc03/bsc03353/forge/agios/access_times.func
AGIOS thinks its user has stripe size of 32768
Will AGIOS generate trace files? NO
Default scheduling algorithm: TO
TWINS window size: 1000000
Will the Prediction Module read information from trace files? NO
File with access time functions: /home/bsc03/bsc03353/forge/agios/access_times.func
AGIOS thinks its user has stripe size of 32768
Will AGIOS generate trace files? NO
Default scheduling algorithm: TO
TWINS window size: 1000000
Will the Prediction Module read information from trace files? NO
File with access time functions: /home/bsc03/bsc03353/forge/agios/access_times.func
AGIOS thinks its user has stripe size of 32768
Will AGIOS generate trace files? NO
Default scheduling algorithm: TO
TWINS window size: 1000000
Will the Prediction Module read information from trace files? NO
File with access time functions: /home/bsc03/bsc03353/forge/agios/access_times.func
AGIOS thinks its user has stripe size of 32768
19:38:53 ERROR /home/bsc03/bsc03353/forge/src/dispatcher/posix.c:61 140621425760000: r->filehandle = 36, r->size = 1048576, r->offset = 121661030400
19:38:53 ERROR /home/bsc03/bsc03353/forge/src/dispatcher/posix.c:62 140621425760000: single write -1 of expected 1048576
19:39:04 ERROR /home/bsc03/bsc03353/forge/src/dispatcher/posix.c:61 139948401288960: r->filehandle = 36, r->size = 1048576, r->offset = 31488737280
19:39:04 ERROR /home/bsc03/bsc03353/forge/src/dispatcher/posix.c:62 139948401288960: single write -1 of expected 1048576
19:39:10 ERROR /home/bsc03/bsc03353/forge/src/dispatcher/posix.c:61 139954843752192: r->filehandle = 36, r->size = 1048576, r->offset = 27194818560
19:39:10 ERROR /home/bsc03/bsc03353/forge/src/dispatcher/posix.c:62 139954843752192: single write -1 of expected 1048576
19:39:15 ERROR /home/bsc03/bsc03353/forge/src/dispatcher/posix.c:61 140465254549248: r->filehandle = 36, r->size = 1048576, r->offset = 104485355520
19:39:15 ERROR /home/bsc03/bsc03353/forge/src/dispatcher/posix.c:62 140465254549248: single write -1 of expected 1048576
19:39:28 ERROR /home/bsc03/bsc03353/forge/src/dispatcher/posix.c:61 140445927159552: r->filehandle = 36, r->size = 1048576, r->offset = 110210580480
19:39:28 ERROR /home/bsc03/bsc03353/forge/src/dispatcher/posix.c:62 140445927159552: single write -1 of expected 1048576
19:39:34 ERROR /home/bsc03/bsc03353/forge/src/dispatcher/posix.c:61 140448074647296: r->filehandle = 36, r->size = 1048576, r->offset = 118798417920
19:39:34 ERROR /home/bsc03/bsc03353/forge/src/dispatcher/posix.c:62 140448074647296: single write -1 of expected 1048576
19:39:39 ERROR /home/bsc03/bsc03353/forge/src/dispatcher/posix.c:61 140450222135040: r->filehandle = 36, r->size = 1048576, r->offset = 113073192960
19:39:39 ERROR /home/bsc03/bsc03353/forge/src/dispatcher/posix.c:62 140450222135040: single write -1 of expected 1048576
19:39:47 ERROR /home/bsc03/bsc03353/forge/src/dispatcher/posix.c:61 140456664598272: r->filehandle = 36, r->size = 1048576, r->offset = 103054049280
19:39:47 ERROR /home/bsc03/bsc03353/forge/src/dispatcher/posix.c:62 140456664598272: single write -1 of expected 1048576
19:39:47 ERROR /home/bsc03/bsc03353/forge/src/dispatcher/posix.c:61 140482023151360: r->filehandle = 36, r->size = 1048576, r->offset = 34351349760
19:39:47 ERROR /home/bsc03/bsc03353/forge/src/dispatcher/posix.c:62 140482023151360: single write -1 of expected 1048576
19:39:48 ERROR /home/bsc03/bsc03353/forge/src/dispatcher/posix.c:61 140657357719296: r->filehandle = 36, r->size = 1048576, r->offset = 90172293120
19:39:48 ERROR /home/bsc03/bsc03353/forge/src/dispatcher/posix.c:62 140657357719296: single write -1 of expected 1048576
19:39:49 ERROR /home/bsc03/bsc03353/forge/src/dispatcher/posix.c:61 140121430943488: r->filehandle = 35, r->size = 1048576, r->offset = 1431306240
19:39:49 ERROR /home/bsc03/bsc03353/forge/src/dispatcher/posix.c:62 140121430943488: single write -1 of expected 1048576
19:39:49 ERROR /home/bsc03/bsc03353/forge/src/dispatcher/posix.c:61 140581773149952: r->filehandle = 36, r->size = 1048576, r->offset = 64408780800
19:39:49 ERROR /home/bsc03/bsc03353/forge/src/dispatcher/posix.c:62 140581773149952: single write -1 of expected 1048576
19:39:51 ERROR /home/bsc03/bsc03353/forge/src/dispatcher/posix.c:61 139665018984192: r->filehandle = 36, r->size = 1048576, r->offset = 70134005760
19:39:51 ERROR /home/bsc03/bsc03353/forge/src/dispatcher/posix.c:62 139665018984192: single write -1 of expected 1048576
19:40:01 ERROR /home/bsc03/bsc03353/forge/src/dispatcher/posix.c:61 140623573247744: r->filehandle = 36, r->size = 1048576, r->offset = 125954949120
19:40:01 ERROR /home/bsc03/bsc03353/forge/src/dispatcher/posix.c:62 140623573247744: single write -1 of expected 1048576
19:40:10 ERROR /home/bsc03/bsc03353/forge/src/dispatcher/posix.c:61 139939811337984: r->filehandle = 36, r->size = 1048576, r->offset = 28626124800
19:40:10 ERROR /home/bsc03/bsc03353/forge/src/dispatcher/posix.c:62 139939811337984: single write -1 of expected 1048576
19:40:21 ERROR /home/bsc03/bsc03353/forge/src/dispatcher/posix.c:61 139944106313472: r->filehandle = 36, r->size = 1048576, r->offset = 21469593600
19:40:21 ERROR /home/bsc03/bsc03353/forge/src/dispatcher/posix.c:62 139944106313472: single write -1 of expected 1048576
19:40:22 ERROR /home/bsc03/bsc03353/forge/src/dispatcher/posix.c:61 139933368874752: r->filehandle = 36, r->size = 1048576, r->offset = 32920043520
19:40:22 ERROR /home/bsc03/bsc03353/forge/src/dispatcher/posix.c:62 139933368874752: single write -1 of expected 1048576
19:40:22 ERROR /home/bsc03/bsc03353/forge/src/dispatcher/posix.c:61 139954843752192: r->filehandle = 36, r->size = 1048576, r->offset = 30057431040
19:40:22 ERROR /home/bsc03/bsc03353/forge/src/dispatcher/posix.c:62 139954843752192: single write -1 of expected 1048576
19:40:23 ERROR /home/bsc03/bsc03353/forge/src/dispatcher/posix.c:61 139963433703168: r->filehandle = 36, r->size = 1048576, r->offset = 20038287360
19:40:23 ERROR /home/bsc03/bsc03353/forge/src/dispatcher/posix.c:62 139963433703168: single write -1 of expected 1048576
19:40:32 ERROR /home/bsc03/bsc03353/forge/src/dispatcher/posix.c:61 139959138727680: r->filehandle = 36, r->size = 1048576, r->offset = 17175674880
19:40:32 ERROR /home/bsc03/bsc03353/forge/src/dispatcher/posix.c:62 139959138727680: single write -1 of expected 1048576
19:40:35 ERROR /home/bsc03/bsc03353/forge/src/dispatcher/posix.c:61 139931221387008: r->filehandle = 36, r->size = 1048576, r->offset = 31489785856
19:40:35 ERROR /home/bsc03/bsc03353/forge/src/dispatcher/posix.c:62 139931221387008: single write -1 of expected 1048576
19:40:36 ERROR /home/bsc03/bsc03353/forge/src/dispatcher/posix.c:61 139658576520960: r->filehandle = 36, r->size = 1048576, r->offset = 84447068160
19:40:36 ERROR /home/bsc03/bsc03353/forge/src/dispatcher/posix.c:62 139658576520960: single write -1 of expected 1048576
19:40:37 ERROR /home/bsc03/bsc03353/forge/src/dispatcher/posix.c:61 140586068125440: r->filehandle = 36, r->size = 1048576, r->offset = 52958330880
19:40:37 ERROR /home/bsc03/bsc03353/forge/src/dispatcher/posix.c:62 140586068125440: single write -1 of expected 1048576
19:40:38 ERROR /home/bsc03/bsc03353/forge/src/dispatcher/posix.c:61 140123578431232: r->filehandle = 35, r->size = 1048576, r->offset = 10019143680
19:40:38 ERROR /home/bsc03/bsc03353/forge/src/dispatcher/posix.c:62 140123578431232: single write -1 of expected 1048576
19:40:38 ERROR /home/bsc03/bsc03353/forge/src/dispatcher/posix.c:61 139656429033216: r->filehandle = 36, r->size = 1048576, r->offset = 71565312000
19:40:38 ERROR /home/bsc03/bsc03353/forge/src/dispatcher/posix.c:62 139656429033216: single write -1 of expected 1048576
19:40:38 ERROR /home/bsc03/bsc03353/forge/src/dispatcher/posix.c:61 140473433200384: r->filehandle = 36, r->size = 1048576, r->offset = 48664412160
19:40:38 ERROR /home/bsc03/bsc03353/forge/src/dispatcher/posix.c:62 140473433200384: single write -1 of expected 1048576
19:40:40 ERROR /home/bsc03/bsc03353/forge/src/dispatcher/posix.c:61 140463107061504: r->filehandle = 36, r->size = 1048576, r->offset = 113074241536
19:40:40 ERROR /home/bsc03/bsc03353/forge/src/dispatcher/posix.c:62 140463107061504: single write -1 of expected 1048576
19:40:40 ERROR /home/bsc03/bsc03353/forge/src/dispatcher/posix.c:61 139645691594496: r->filehandle = 36, r->size = 1048576, r->offset = 83015761920
19:40:40 ERROR /home/bsc03/bsc03353/forge/src/dispatcher/posix.c:62 139645691594496: single write -1 of expected 1048576
19:40:45 ERROR /home/bsc03/bsc03353/forge/src/dispatcher/posix.c:61 140674537621248: r->filehandle = 36, r->size = 1048576, r->offset = 98760130560
19:40:45 ERROR /home/bsc03/bsc03353/forge/src/dispatcher/posix.c:62 140674537621248: single write -1 of expected 1048576
19:40:46 ERROR /home/bsc03/bsc03353/forge/src/dispatcher/posix.c:61 139649986569984: r->filehandle = 36, r->size = 1048576, r->offset = 77290536960
19:40:46 ERROR /home/bsc03/bsc03353/forge/src/dispatcher/posix.c:62 139649986569984: single write -1 of expected 1048576
19:40:52 ERROR /home/bsc03/bsc03353/forge/src/dispatcher/posix.c:61 140612835809024: r->filehandle = 36, r->size = 1048576, r->offset = 128817561600
19:40:52 ERROR /home/bsc03/bsc03353/forge/src/dispatcher/posix.c:62 140612835809024: single write -1 of expected 1048576
19:41:00 ERROR /home/bsc03/bsc03353/forge/src/dispatcher/posix.c:61 140638605661952: r->filehandle = 36, r->size = 1048576, r->offset = 131680174080
19:41:00 ERROR /home/bsc03/bsc03353/forge/src/dispatcher/posix.c:62 140638605661952: single write -1 of expected 1048576
19:41:00 ERROR /home/bsc03/bsc03353/forge/src/dispatcher/posix.c:61 140636458174208: r->filehandle = 36, r->size = 1048576, r->offset = 135974092800
19:41:00 ERROR /home/bsc03/bsc03353/forge/src/dispatcher/posix.c:62 140636458174208: single write -1 of expected 1048576
19:41:09 ERROR /home/bsc03/bsc03353/forge/src/dispatcher/posix.c:61 140621425760000: r->filehandle = 36, r->size = 1048576, r->offset = 133111480320
19:41:09 ERROR /home/bsc03/bsc03353/forge/src/dispatcher/posix.c:62 140621425760000: single write -1 of expected 1048576
19:41:13 ERROR /home/bsc03/bsc03353/forge/src/dispatcher/posix.c:61 140466990737152: r->filehandle = 36, r->size = 1048576, r->offset = 41507880960
19:41:13 ERROR /home/bsc03/bsc03353/forge/src/dispatcher/posix.c:62 140466990737152: single write -1 of expected 1048576
19:41:13 ERROR /home/bsc03/bsc03353/forge/src/dispatcher/posix.c:61 140672390133504: r->filehandle = 36, r->size = 1048576, r->offset = 101622743040
19:41:13 ERROR /home/bsc03/bsc03353/forge/src/dispatcher/posix.c:62 140672390133504: single write -1 of expected 1048576
19:41:18 ERROR /home/bsc03/bsc03353/forge/src/dispatcher/posix.c:61 140678832596736: r->filehandle = 36, r->size = 1048576, r->offset = 87309680640
19:41:18 ERROR /home/bsc03/bsc03353/forge/src/dispatcher/posix.c:62 140678832596736: single write -1 of expected 1048576
19:41:21 ERROR /home/bsc03/bsc03353/forge/src/dispatcher/posix.c:61 140689570035456: r->filehandle = 36, r->size = 1048576, r->offset = 88740986880
19:41:21 ERROR /home/bsc03/bsc03353/forge/src/dispatcher/posix.c:62 140689570035456: single write -1 of expected 1048576
19:41:28 ERROR /home/bsc03/bsc03353/forge/src/dispatcher/posix.c:61 140676685108992: r->filehandle = 36, r->size = 1048576, r->offset = 95897518080
19:41:28 ERROR /home/bsc03/bsc03353/forge/src/dispatcher/posix.c:62 140676685108992: single write -1 of expected 1048576
19:41:28 ERROR /home/bsc03/bsc03353/forge/src/dispatcher/posix.c:61 140670242645760: r->filehandle = 36, r->size = 1048576, r->offset = 94466211840
19:41:28 ERROR /home/bsc03/bsc03353/forge/src/dispatcher/posix.c:62 140670242645760: single write -1 of expected 1048576
19:41:29 ERROR /home/bsc03/bsc03353/forge/src/dispatcher/posix.c:61 139939811337984: r->filehandle = 36, r->size = 1048576, r->offset = 18606981120
19:41:29 ERROR /home/bsc03/bsc03353/forge/src/dispatcher/posix.c:62 139939811337984: single write -1 of expected 1048576
19:41:37 ERROR /home/bsc03/bsc03353/forge/src/dispatcher/posix.c:61 140441632184064: r->filehandle = 36, r->size = 1048576, r->offset = 118799466496
19:41:37 ERROR /home/bsc03/bsc03353/forge/src/dispatcher/posix.c:62 140441632184064: single write -1 of expected 1048576
19:41:38 ERROR /home/bsc03/bsc03353/forge/src/dispatcher/posix.c:61 140456664598272: r->filehandle = 36, r->size = 1048576, r->offset = 117367111680
19:41:38 ERROR /home/bsc03/bsc03353/forge/src/dispatcher/posix.c:62 140456664598272: single write -1 of expected 1048576
19:41:41 ERROR /home/bsc03/bsc03353/forge/src/dispatcher/posix.c:61 140445927159552: r->filehandle = 36, r->size = 1048576, r->offset = 111641886720
19:41:41 ERROR /home/bsc03/bsc03353/forge/src/dispatcher/posix.c:62 140445927159552: single write -1 of expected 1048576
19:41:41 ERROR /home/bsc03/bsc03353/forge/src/dispatcher/posix.c:61 140443779671808: r->filehandle = 36, r->size = 1048576, r->offset = 104486404096
19:41:41 ERROR /home/bsc03/bsc03353/forge/src/dispatcher/posix.c:62 140443779671808: single write -1 of expected 1048576
19:41:45 ERROR /home/bsc03/bsc03353/forge/src/dispatcher/posix.c:61 139673608935168: r->filehandle = 36, r->size = 1048576, r->offset = 80153149440
19:41:45 ERROR /home/bsc03/bsc03353/forge/src/dispatcher/posix.c:62 139673608935168: single write -1 of expected 1048576
19:41:47 ERROR /home/bsc03/bsc03353/forge/src/dispatcher/posix.c:61 139665018984192: r->filehandle = 36, r->size = 1048576, r->offset = 78721843200
19:41:47 ERROR /home/bsc03/bsc03353/forge/src/dispatcher/posix.c:62 139665018984192: single write -1 of expected 1048576
19:41:49 ERROR /home/bsc03/bsc03353/forge/src/dispatcher/posix.c:61 140121430943488: r->filehandle = 35, r->size = 1048576, r->offset = 0
19:41:49 ERROR /home/bsc03/bsc03353/forge/src/dispatcher/posix.c:62 140121430943488: single write -1 of expected 1048576
19:41:55 ERROR /home/bsc03/bsc03353/forge/src/dispatcher/posix.c:61 139954843752192: r->filehandle = 36, r->size = 1048576, r->offset = 22900899840
19:41:55 ERROR /home/bsc03/bsc03353/forge/src/dispatcher/posix.c:62 139954843752192: single write -1 of expected 1048576
19:41:55 ERROR /home/bsc03/bsc03353/forge/src/dispatcher/posix.c:61 140581773149952: r->filehandle = 36, r->size = 1048576, r->offset = 62977474560
19:41:55 ERROR /home/bsc03/bsc03353/forge/src/dispatcher/posix.c:62 140581773149952: single write -1 of expected 1048576
19:41:57 ERROR /home/bsc03/bsc03353/forge/src/dispatcher/posix.c:61 140640753149696: r->filehandle = 36, r->size = 1048576, r->offset = 120229724160
19:41:57 ERROR /home/bsc03/bsc03353/forge/src/dispatcher/posix.c:62 140640753149696: single write -1 of expected 1048576
19:41:58 ERROR /home/bsc03/bsc03353/forge/src/dispatcher/posix.c:61 139933368874752: r->filehandle = 36, r->size = 1048576, r->offset = 25763512320
19:41:58 ERROR /home/bsc03/bsc03353/forge/src/dispatcher/posix.c:62 139933368874752: single write -1 of expected 1048576
19:42:02 ERROR /home/bsc03/bsc03353/forge/src/dispatcher/posix.c:61 140670242645760: r->filehandle = 36, r->size = 1048576, r->offset = 93034905600
19:42:02 ERROR /home/bsc03/bsc03353/forge/src/dispatcher/posix.c:62 140670242645760: single write -1 of expected 1048576
19:42:03 ERROR /home/bsc03/bsc03353/forge/src/dispatcher/posix.c:61 140464843249408: r->filehandle = 36, r->size = 1048576, r->offset = 47233105920
19:42:03 ERROR /home/bsc03/bsc03353/forge/src/dispatcher/posix.c:62 140464843249408: single write -1 of expected 1048576
19:42:03 ERROR /home/bsc03/bsc03353/forge/src/dispatcher/posix.c:61 140482023151360: r->filehandle = 36, r->size = 1048576, r->offset = 45801799680
19:42:03 ERROR /home/bsc03/bsc03353/forge/src/dispatcher/posix.c:62 140482023151360: single write -1 of expected 1048576
19:42:06 ERROR /home/bsc03/bsc03353/forge/src/dispatcher/posix.c:61 140466990737152: r->filehandle = 36, r->size = 1048576, r->offset = 35782656000
19:42:06 ERROR /home/bsc03/bsc03353/forge/src/dispatcher/posix.c:62 140466990737152: single write -1 of expected 1048576
19:42:09 ERROR /home/bsc03/bsc03353/forge/src/dispatcher/posix.c:61 140456664598272: r->filehandle = 36, r->size = 1048576, r->offset = 114504499200
19:42:09 ERROR /home/bsc03/bsc03353/forge/src/dispatcher/posix.c:62 140456664598272: single write -1 of expected 1048576
19:42:11 ERROR /home/bsc03/bsc03353/forge/src/dispatcher/posix.c:61 140445927159552: r->filehandle = 36, r->size = 1048576, r->offset = 105916661760
19:42:11 ERROR /home/bsc03/bsc03353/forge/src/dispatcher/posix.c:62 140445927159552: single write -1 of expected 1048576
19:42:12 ERROR /home/bsc03/bsc03353/forge/src/dispatcher/posix.c:61 139673608935168: r->filehandle = 36, r->size = 1048576, r->offset = 72996618240
19:42:12 ERROR /home/bsc03/bsc03353/forge/src/dispatcher/posix.c:62 139673608935168: single write -1 of expected 1048576
19:42:28 ERROR /home/bsc03/bsc03353/forge/src/dispatcher/posix.c:61 140689570035456: r->filehandle = 36, r->size = 1048576, r->offset = 91603599360
19:42:28 ERROR /home/bsc03/bsc03353/forge/src/dispatcher/posix.c:62 140689570035456: single write -1 of expected 1048576
19:42:30 ERROR /home/bsc03/bsc03353/forge/src/dispatcher/posix.c:61 140121430943488: r->filehandle = 35, r->size = 1048576, r->offset = 12881756160
19:42:30 ERROR /home/bsc03/bsc03353/forge/src/dispatcher/posix.c:62 140121430943488: single write -1 of expected 1048576
19:42:31 ERROR /home/bsc03/bsc03353/forge/src/dispatcher/posix.c:61 140617130784512: r->filehandle = 36, r->size = 1048576, r->offset = 123092336640
19:42:31 ERROR /home/bsc03/bsc03353/forge/src/dispatcher/posix.c:62 140617130784512: single write -1 of expected 1048576
19:42:34 ERROR /home/bsc03/bsc03353/forge/src/dispatcher/posix.c:61 140581773149952: r->filehandle = 36, r->size = 1048576, r->offset = 61546168320
19:42:34 ERROR /home/bsc03/bsc03353/forge/src/dispatcher/posix.c:62 140581773149952: single write -1 of expected 1048576
19:42:36 ERROR /home/bsc03/bsc03353/forge/src/dispatcher/posix.c:61 139954843752192: r->filehandle = 36, r->size = 1048576, r->offset = 24332206080
19:42:36 ERROR /home/bsc03/bsc03353/forge/src/dispatcher/posix.c:62 139954843752192: single write -1 of expected 1048576
19:42:39 ERROR /home/bsc03/bsc03353/forge/src/dispatcher/posix.c:61 140482023151360: r->filehandle = 36, r->size = 1048576, r->offset = 37213962240
19:42:39 ERROR /home/bsc03/bsc03353/forge/src/dispatcher/posix.c:62 140482023151360: single write -1 of expected 1048576
19:42:41 ERROR /home/bsc03/bsc03353/forge/src/dispatcher/posix.c:61 140456664598272: r->filehandle = 36, r->size = 1048576, r->offset = 115935805440
19:42:41 ERROR /home/bsc03/bsc03353/forge/src/dispatcher/posix.c:62 140456664598272: single write -1 of expected 1048576
19:42:42 ERROR /home/bsc03/bsc03353/forge/src/dispatcher/posix.c:61 140670242645760: r->filehandle = 36, r->size = 1048576, r->offset = 97328824320
19:42:42 ERROR /home/bsc03/bsc03353/forge/src/dispatcher/posix.c:62 140670242645760: single write -1 of expected 1048576
19:42:45 ERROR /home/bsc03/bsc03353/forge/src/dispatcher/posix.c:61 140466990737152: r->filehandle = 36, r->size = 1048576, r->offset = 38645268480
19:42:45 ERROR /home/bsc03/bsc03353/forge/src/dispatcher/posix.c:62 140466990737152: single write -1 of expected 1048576
19:42:46 ERROR /home/bsc03/bsc03353/forge/src/dispatcher/posix.c:61 139673608935168: r->filehandle = 36, r->size = 1048576, r->offset = 75859230720
19:42:46 ERROR /home/bsc03/bsc03353/forge/src/dispatcher/posix.c:62 139673608935168: single write -1 of expected 1048576
19:42:47 ERROR /home/bsc03/bsc03353/forge/src/dispatcher/posix.c:61 140445927159552: r->filehandle = 36, r->size = 1048576, r->offset = 107347968000
19:42:47 ERROR /home/bsc03/bsc03353/forge/src/dispatcher/posix.c:62 140445927159552: single write -1 of expected 1048576
19:42:48 ERROR /home/bsc03/bsc03353/forge/src/dispatcher/posix.c:61 140121430943488: r->filehandle = 35, r->size = 1048576, r->offset = 4293918720
19:42:48 ERROR /home/bsc03/bsc03353/forge/src/dispatcher/posix.c:62 140121430943488: single write -1 of expected 1048576
19:42:51 ERROR /home/bsc03/bsc03353/forge/src/dispatcher/posix.c:61 140621425760000: r->filehandle = 36, r->size = 1048576, r->offset = 127386255360
19:42:51 ERROR /home/bsc03/bsc03353/forge/src/dispatcher/posix.c:62 140621425760000: single write -1 of expected 1048576
19:42:54 ERROR /home/bsc03/bsc03353/forge/src/dispatcher/posix.c:61 140581773149952: r->filehandle = 36, r->size = 1048576, r->offset = 51527024640
19:42:54 ERROR /home/bsc03/bsc03353/forge/src/dispatcher/posix.c:62 140581773149952: single write -1 of expected 1048576
19:42:57 ERROR /home/bsc03/bsc03353/forge/src/dispatcher/posix.c:61 140121430943488: r->filehandle = 35, r->size = 1048576, r->offset = 7156531200
19:42:57 ERROR /home/bsc03/bsc03353/forge/src/dispatcher/posix.c:62 140121430943488: single write -1 of expected 1048576
19:42:58 ERROR /home/bsc03/bsc03353/forge/src/dispatcher/posix.c:61 139673608935168: r->filehandle = 36, r->size = 1048576, r->offset = 74427924480
19:42:58 ERROR /home/bsc03/bsc03353/forge/src/dispatcher/posix.c:61 140445927159552: r->filehandle = 36, r->size = 1048576, r->offset = 108779274240
19:42:58 ERROR /home/bsc03/bsc03353/forge/src/dispatcher/posix.c:62 140445927159552: single write -1 of expected 1048576
19:42:58 ERROR /home/bsc03/bsc03353/forge/src/dispatcher/posix.c:62 139673608935168: single write -1 of expected 1048576
19:43:00 ERROR /home/bsc03/bsc03353/forge/src/dispatcher/posix.c:61 140612835809024: r->filehandle = 36, r->size = 1048576, r->offset = 134542786560
19:43:00 ERROR /home/bsc03/bsc03353/forge/src/dispatcher/posix.c:62 140612835809024: single write -1 of expected 1048576
19:43:01 ERROR /home/bsc03/bsc03353/forge/src/dispatcher/posix.c:61 140670242645760: r->filehandle = 36, r->size = 1048576, r->offset = 100191436800
19:43:01 ERROR /home/bsc03/bsc03353/forge/src/dispatcher/posix.c:62 140670242645760: single write -1 of expected 1048576
19:43:02 ERROR /home/bsc03/bsc03353/forge/src/dispatcher/posix.c:61 140466990737152: r->filehandle = 36, r->size = 1048576, r->offset = 44370493440
19:43:02 ERROR /home/bsc03/bsc03353/forge/src/dispatcher/posix.c:62 140466990737152: single write -1 of expected 1048576
19:43:03 ERROR /home/bsc03/bsc03353/forge/src/dispatcher/posix.c:61 140670242645760: r->filehandle = 36, r->size = 1048576, r->offset = 85878374400
19:43:03 ERROR /home/bsc03/bsc03353/forge/src/dispatcher/posix.c:62 140670242645760: single write -1 of expected 1048576
19:43:03 ERROR /home/bsc03/bsc03353/forge/src/dispatcher/posix.c:61 140581773149952: r->filehandle = 36, r->size = 1048576, r->offset = 65840087040
19:43:03 ERROR /home/bsc03/bsc03353/forge/src/dispatcher/posix.c:62 140581773149952: single write -1 of expected 1048576
19:43:03 ERROR /home/bsc03/bsc03353/forge/src/dispatcher/posix.c:61 140121430943488: r->filehandle = 35, r->size = 1048576, r->offset = 5725224960
19:43:03 ERROR /home/bsc03/bsc03353/forge/src/dispatcher/posix.c:62 140121430943488: single write -1 of expected 1048576
19:43:10 ERROR /home/bsc03/bsc03353/forge/src/dispatcher/posix.c:61 140621425760000: r->filehandle = 36, r->size = 1048576, r->offset = 130248867840
19:43:10 ERROR /home/bsc03/bsc03353/forge/src/dispatcher/posix.c:62 140621425760000: single write -1 of expected 1048576
19:43:12 ERROR /home/bsc03/bsc03353/forge/src/dispatcher/posix.c:61 139673608935168: r->filehandle = 36, r->size = 1048576, r->offset = 68702699520
19:43:12 ERROR /home/bsc03/bsc03353/forge/src/dispatcher/posix.c:62 139673608935168: single write -1 of expected 1048576
19:43:15 ERROR /home/bsc03/bsc03353/forge/src/dispatcher/posix.c:61 140581773149952: r->filehandle = 36, r->size = 1048576, r->offset = 58683555840
19:43:15 ERROR /home/bsc03/bsc03353/forge/src/dispatcher/posix.c:62 140581773149952: single write -1 of expected 1048576
19:43:16 ERROR /home/bsc03/bsc03353/forge/src/dispatcher/posix.c:61 140121430943488: r->filehandle = 35, r->size = 1048576, r->offset = 11450449920
19:43:16 ERROR /home/bsc03/bsc03353/forge/src/dispatcher/posix.c:62 140121430943488: single write -1 of expected 1048576
19:43:16 ERROR /home/bsc03/bsc03353/forge/src/dispatcher/posix.c:61 140466990737152: r->filehandle = 36, r->size = 1048576, r->offset = 40076574720
19:43:16 ERROR /home/bsc03/bsc03353/forge/src/dispatcher/posix.c:62 140466990737152: single write -1 of expected 1048576
19:43:19 ERROR /home/bsc03/bsc03353/forge/src/dispatcher/posix.c:61 140621425760000: r->filehandle = 36, r->size = 1048576, r->offset = 124523642880
19:43:19 ERROR /home/bsc03/bsc03353/forge/src/dispatcher/posix.c:62 140621425760000: single write -1 of expected 1048576
19:43:20 ERROR /home/bsc03/bsc03353/forge/src/dispatcher/posix.c:61 140121430943488: r->filehandle = 35, r->size = 1048576, r->offset = 2862612480
19:43:20 ERROR /home/bsc03/bsc03353/forge/src/dispatcher/posix.c:62 140121430943488: single write -1 of expected 1048576
19:43:22 ERROR /home/bsc03/bsc03353/forge/src/dispatcher/posix.c:61 140581773149952: r->filehandle = 36, r->size = 1048576, r->offset = 60114862080
19:43:22 ERROR /home/bsc03/bsc03353/forge/src/dispatcher/posix.c:62 140581773149952: single write -1 of expected 1048576
19:43:22 ERROR /home/bsc03/bsc03353/forge/src/dispatcher/posix.c:61 139673608935168: r->filehandle = 36, r->size = 1048576, r->offset = 81584455680
19:43:22 ERROR /home/bsc03/bsc03353/forge/src/dispatcher/posix.c:62 139673608935168: single write -1 of expected 1048576
19:43:27 ERROR /home/bsc03/bsc03353/forge/src/dispatcher/posix.c:61 140466990737152: r->filehandle = 36, r->size = 1048576, r->offset = 50095718400
19:43:27 ERROR /home/bsc03/bsc03353/forge/src/dispatcher/posix.c:62 140466990737152: single write -1 of expected 1048576
19:43:29 ERROR /home/bsc03/bsc03353/forge/src/dispatcher/posix.c:61 140121430943488: r->filehandle = 35, r->size = 1048576, r->offset = 14313062400
19:43:29 ERROR /home/bsc03/bsc03353/forge/src/dispatcher/posix.c:62 140121430943488: single write -1 of expected 1048576
slurmstepd: error: *** JOB 8737215 ON s05r1b58 CANCELLED AT 2020-02-07T19:43:29 DUE TO TIME LIMIT ***
--------------------------------------------------------------------------
ORTE has lost communication with a remote daemon.

  HNP daemon   : [[12367,0],0] on node s05r1b58
  Remote daemon: [[12367,0],11] on node s24r2b17

This is usually due to either a failure of the TCP network
connection to the node, or possibly an internal failure of
the daemon itself. We cannot recover from this failure, and
therefore will terminate the job.
--------------------------------------------------------------------------
