Set GCC compilers as MPI wrappers backend 
remove openmpi/4.0.2_UCX (PATH, MANPATH, LD_LIBRARY_PATH) 
load openmpi/4.0.2_UCX (PATH, MANPATH, LD_LIBRARY_PATH) 
Set GCC compilers as MPI wrappers backend 
load gsl/2.4 (PATH, LD_LIBRARY_PATH, LIBRARY_PATH, MANPATH, INFOPATH,
C_INCLUDE_PATH, CPLUS_INCLUDE_PATH, PKG_CONFIG_PATH, GSL_DIR) 
00:48:43 INFO  /home/bsc03/bsc03353/forge/src/main.c:107 140715448277056: I/O Forwarding Exploration [START]
Will AGIOS generate trace files? NO
Default scheduling algorithm: TO
TWINS window size: 1000000
Will the Prediction Module read information from trace files? NO
File with access time functions: /home/bsc03/bsc03353/forge/agios/access_times.func
AGIOS thinks its user has stripe size of 32768
00:49:11 ERROR /home/bsc03/bsc03353/forge/src/dispatcher/posix.c:61 140691142948608: r->filehandle = 126, r->size = 4194304, r->offset = 0
00:49:11 ERROR /home/bsc03/bsc03353/forge/src/dispatcher/posix.c:62 140691142948608: single write -1 of expected 4194304
00:49:12 ERROR /home/bsc03/bsc03353/forge/src/dispatcher/posix.c:61 140704027875072: r->filehandle = 113, r->size = 4194304, r->offset = 0
00:49:12 ERROR /home/bsc03/bsc03353/forge/src/dispatcher/posix.c:62 140704027875072: single write -1 of expected 4194304
00:49:12 ERROR /home/bsc03/bsc03353/forge/src/dispatcher/posix.c:61 140695437924096: r->filehandle = 80, r->size = 4194304, r->offset = 0
00:49:12 ERROR /home/bsc03/bsc03353/forge/src/dispatcher/posix.c:62 140695437924096: single write -1 of expected 4194304
00:49:13 ERROR /home/bsc03/bsc03353/forge/src/dispatcher/posix.c:61 140676110534400: r->filehandle = 96, r->size = 4194304, r->offset = 0
00:49:13 ERROR /home/bsc03/bsc03353/forge/src/dispatcher/posix.c:62 140676110534400: single write -1 of expected 4194304
00:49:13 ERROR /home/bsc03/bsc03353/forge/src/dispatcher/posix.c:61 140695437924096: r->filehandle = 93, r->size = 4194304, r->offset = 0
00:49:13 ERROR /home/bsc03/bsc03353/forge/src/dispatcher/posix.c:62 140695437924096: single write -1 of expected 4194304
00:49:13 ERROR /home/bsc03/bsc03353/forge/src/dispatcher/posix.c:61 140688995460864: r->filehandle = 88, r->size = 4194304, r->offset = 0
00:49:13 ERROR /home/bsc03/bsc03353/forge/src/dispatcher/posix.c:62 140688995460864: single write -1 of expected 4194304
00:49:14 ERROR /home/bsc03/bsc03353/forge/src/dispatcher/posix.c:61 140676110534400: r->filehandle = 74, r->size = 4194304, r->offset = 0
00:49:14 ERROR /home/bsc03/bsc03353/forge/src/dispatcher/posix.c:62 140676110534400: single write -1 of expected 4194304
00:49:14 ERROR /home/bsc03/bsc03353/forge/src/dispatcher/posix.c:61 140706175362816: r->filehandle = 55, r->size = 4194304, r->offset = 0
00:49:14 ERROR /home/bsc03/bsc03353/forge/src/dispatcher/posix.c:62 140706175362816: single write -1 of expected 4194304
00:49:14 ERROR /home/bsc03/bsc03353/forge/src/dispatcher/posix.c:61 140693290436352: r->filehandle = 71, r->size = 4194304, r->offset = 0
00:49:14 ERROR /home/bsc03/bsc03353/forge/src/dispatcher/posix.c:62 140693290436352: single write -1 of expected 4194304
00:49:14 ERROR /home/bsc03/bsc03353/forge/src/dispatcher/posix.c:61 140686847973120: r->filehandle = 118, r->size = 4194304, r->offset = 0
00:49:14 ERROR /home/bsc03/bsc03353/forge/src/dispatcher/posix.c:62 140686847973120: single write -1 of expected 4194304
00:49:15 ERROR /home/bsc03/bsc03353/forge/src/dispatcher/posix.c:61 140695437924096: r->filehandle = 110, r->size = 4194304, r->offset = 0
00:49:15 ERROR /home/bsc03/bsc03353/forge/src/dispatcher/posix.c:62 140695437924096: single write -1 of expected 4194304
00:49:15 ERROR /home/bsc03/bsc03353/forge/src/dispatcher/posix.c:61 140688995460864: r->filehandle = 128, r->size = 4194304, r->offset = 0
00:49:15 ERROR /home/bsc03/bsc03353/forge/src/dispatcher/posix.c:62 140688995460864: single write -1 of expected 4194304
00:49:15 ERROR /home/bsc03/bsc03353/forge/src/dispatcher/posix.c:61 140693290436352: r->filehandle = 115, r->size = 4194304, r->offset = 0
00:49:15 ERROR /home/bsc03/bsc03353/forge/src/dispatcher/posix.c:62 140693290436352: single write -1 of expected 4194304
00:49:16 ERROR /home/bsc03/bsc03353/forge/src/dispatcher/posix.c:61 140684700485376: r->filehandle = 70, r->size = 4194304, r->offset = 0
00:49:16 ERROR /home/bsc03/bsc03353/forge/src/dispatcher/posix.c:62 140684700485376: single write -1 of expected 4194304
00:49:16 ERROR /home/bsc03/bsc03353/forge/src/dispatcher/posix.c:61 140678258022144: r->filehandle = 111, r->size = 4194304, r->offset = 0
00:49:16 ERROR /home/bsc03/bsc03353/forge/src/dispatcher/posix.c:62 140678258022144: single write -1 of expected 4194304
00:49:16 ERROR /home/bsc03/bsc03353/forge/src/dispatcher/posix.c:61 140680405509888: r->filehandle = 106, r->size = 4194304, r->offset = 0
00:49:16 ERROR /home/bsc03/bsc03353/forge/src/dispatcher/posix.c:62 140680405509888: single write -1 of expected 4194304
00:49:17 ERROR /home/bsc03/bsc03353/forge/src/dispatcher/posix.c:61 140708322850560: r->filehandle = 69, r->size = 4194304, r->offset = 0
00:49:17 ERROR /home/bsc03/bsc03353/forge/src/dispatcher/posix.c:62 140708322850560: single write -1 of expected 4194304
00:49:17 ERROR /home/bsc03/bsc03353/forge/src/dispatcher/posix.c:61 140686847973120: r->filehandle = 105, r->size = 4194304, r->offset = 0
00:49:17 ERROR /home/bsc03/bsc03353/forge/src/dispatcher/posix.c:62 140686847973120: single write -1 of expected 4194304
00:49:17 ERROR /home/bsc03/bsc03353/forge/src/dispatcher/posix.c:61 140706175362816: r->filehandle = 62, r->size = 4194304, r->offset = 0
00:49:17 ERROR /home/bsc03/bsc03353/forge/src/dispatcher/posix.c:62 140706175362816: single write -1 of expected 4194304
00:49:17 ERROR /home/bsc03/bsc03353/forge/src/dispatcher/posix.c:61 140678258022144: r->filehandle = 122, r->size = 4194304, r->offset = 0
00:49:17 ERROR /home/bsc03/bsc03353/forge/src/dispatcher/posix.c:62 140678258022144: single write -1 of expected 4194304
00:49:18 ERROR /home/bsc03/bsc03353/forge/src/dispatcher/posix.c:61 140680405509888: r->filehandle = 92, r->size = 4194304, r->offset = 0
00:49:18 ERROR /home/bsc03/bsc03353/forge/src/dispatcher/posix.c:62 140680405509888: single write -1 of expected 4194304
00:49:18 ERROR /home/bsc03/bsc03353/forge/src/dispatcher/posix.c:61 140682552997632: r->filehandle = 86, r->size = 4194304, r->offset = 0
00:49:18 ERROR /home/bsc03/bsc03353/forge/src/dispatcher/posix.c:62 140682552997632: single write -1 of expected 4194304
00:49:18 ERROR /home/bsc03/bsc03353/forge/src/dispatcher/posix.c:61 140684700485376: r->filehandle = 100, r->size = 4194304, r->offset = 0
00:49:18 ERROR /home/bsc03/bsc03353/forge/src/dispatcher/posix.c:62 140684700485376: single write -1 of expected 4194304
00:49:19 ERROR /home/bsc03/bsc03353/forge/src/dispatcher/posix.c:61 140695437924096: r->filehandle = 38, r->size = 4194304, r->offset = 0
00:49:19 ERROR /home/bsc03/bsc03353/forge/src/dispatcher/posix.c:62 140695437924096: single write -1 of expected 4194304
00:49:19 ERROR /home/bsc03/bsc03353/forge/src/dispatcher/posix.c:61 140693290436352: r->filehandle = 87, r->size = 4194304, r->offset = 0
00:49:19 ERROR /home/bsc03/bsc03353/forge/src/dispatcher/posix.c:62 140693290436352: single write -1 of expected 4194304
00:49:19 ERROR /home/bsc03/bsc03353/forge/src/dispatcher/posix.c:61 140691142948608: r->filehandle = 116, r->size = 4194304, r->offset = 0
00:49:19 ERROR /home/bsc03/bsc03353/forge/src/dispatcher/posix.c:62 140691142948608: single write -1 of expected 4194304
00:49:20 ERROR /home/bsc03/bsc03353/forge/src/dispatcher/posix.c:61 140706175362816: r->filehandle = 49, r->size = 4194304, r->offset = 0
00:49:20 ERROR /home/bsc03/bsc03353/forge/src/dispatcher/posix.c:62 140706175362816: single write -1 of expected 4194304
00:49:20 ERROR /home/bsc03/bsc03353/forge/src/dispatcher/posix.c:61 140688995460864: r->filehandle = 41, r->size = 4194304, r->offset = 0
00:49:20 ERROR /home/bsc03/bsc03353/forge/src/dispatcher/posix.c:62 140688995460864: single write -1 of expected 4194304
00:49:21 ERROR /home/bsc03/bsc03353/forge/src/dispatcher/posix.c:61 140684700485376: r->filehandle = 99, r->size = 4194304, r->offset = 0
00:49:21 ERROR /home/bsc03/bsc03353/forge/src/dispatcher/posix.c:62 140684700485376: single write -1 of expected 4194304
00:49:21 ERROR /home/bsc03/bsc03353/forge/src/dispatcher/posix.c:61 140708322850560: r->filehandle = 52, r->size = 4194304, r->offset = 0
00:49:21 ERROR /home/bsc03/bsc03353/forge/src/dispatcher/posix.c:62 140708322850560: single write -1 of expected 4194304
00:49:22 ERROR /home/bsc03/bsc03353/forge/src/dispatcher/posix.c:61 140697585411840: r->filehandle = 125, r->size = 4194304, r->offset = 0
00:49:22 ERROR /home/bsc03/bsc03353/forge/src/dispatcher/posix.c:62 140697585411840: single write -1 of expected 4194304
00:49:22 ERROR /home/bsc03/bsc03353/forge/src/dispatcher/posix.c:61 140682552997632: r->filehandle = 124, r->size = 4194304, r->offset = 0
00:49:22 ERROR /home/bsc03/bsc03353/forge/src/dispatcher/posix.c:62 140682552997632: single write -1 of expected 4194304
00:49:22 ERROR /home/bsc03/bsc03353/forge/src/dispatcher/posix.c:61 140686847973120: r->filehandle = 82, r->size = 4194304, r->offset = 0
00:49:22 ERROR /home/bsc03/bsc03353/forge/src/dispatcher/posix.c:62 140686847973120: single write -1 of expected 4194304
00:49:22 ERROR /home/bsc03/bsc03353/forge/src/dispatcher/posix.c:61 140697585411840: r->filehandle = 98, r->size = 4194304, r->offset = 0
00:49:22 ERROR /home/bsc03/bsc03353/forge/src/dispatcher/posix.c:62 140697585411840: single write -1 of expected 4194304
00:49:23 ERROR /home/bsc03/bsc03353/forge/src/dispatcher/posix.c:61 140691142948608: r->filehandle = 77, r->size = 4194304, r->offset = 0
00:49:23 ERROR /home/bsc03/bsc03353/forge/src/dispatcher/posix.c:62 140691142948608: single write -1 of expected 4194304
00:49:23 ERROR /home/bsc03/bsc03353/forge/src/dispatcher/posix.c:61 140708322850560: r->filehandle = 85, r->size = 4194304, r->offset = 0
00:49:23 ERROR /home/bsc03/bsc03353/forge/src/dispatcher/posix.c:62 140708322850560: single write -1 of expected 4194304
00:49:23 ERROR /home/bsc03/bsc03353/forge/src/dispatcher/posix.c:61 140695437924096: r->filehandle = 60, r->size = 4194304, r->offset = 0
00:49:23 ERROR /home/bsc03/bsc03353/forge/src/dispatcher/posix.c:62 140695437924096: single write -1 of expected 4194304
00:49:24 ERROR /home/bsc03/bsc03353/forge/src/dispatcher/posix.c:61 140706175362816: r->filehandle = 57, r->size = 4194304, r->offset = 0
00:49:24 ERROR /home/bsc03/bsc03353/forge/src/dispatcher/posix.c:62 140706175362816: single write -1 of expected 4194304
00:49:24 ERROR /home/bsc03/bsc03353/forge/src/dispatcher/posix.c:61 140678258022144: r->filehandle = 104, r->size = 4194304, r->offset = 0
00:49:24 ERROR /home/bsc03/bsc03353/forge/src/dispatcher/posix.c:62 140678258022144: single write -1 of expected 4194304
00:49:24 ERROR /home/bsc03/bsc03353/forge/src/dispatcher/posix.c:61 140691142948608: r->filehandle = 101, r->size = 4194304, r->offset = 0
00:49:24 ERROR /home/bsc03/bsc03353/forge/src/dispatcher/posix.c:62 140691142948608: single write -1 of expected 4194304
00:49:25 ERROR /home/bsc03/bsc03353/forge/src/dispatcher/posix.c:61 140706175362816: r->filehandle = 94, r->size = 4194304, r->offset = 0
00:49:25 ERROR /home/bsc03/bsc03353/forge/src/dispatcher/posix.c:62 140706175362816: single write -1 of expected 4194304
00:49:25 ERROR /home/bsc03/bsc03353/forge/src/dispatcher/posix.c:61 140688995460864: r->filehandle = 95, r->size = 4194304, r->offset = 0
00:49:25 ERROR /home/bsc03/bsc03353/forge/src/dispatcher/posix.c:62 140688995460864: single write -1 of expected 4194304
00:49:25 ERROR /home/bsc03/bsc03353/forge/src/dispatcher/posix.c:61 140699732899584: r->filehandle = 130, r->size = 4194304, r->offset = 0
00:49:25 ERROR /home/bsc03/bsc03353/forge/src/dispatcher/posix.c:62 140699732899584: single write -1 of expected 4194304
00:49:26 ERROR /home/bsc03/bsc03353/forge/src/dispatcher/posix.c:61 140684700485376: r->filehandle = 53, r->size = 4194304, r->offset = 0
00:49:26 ERROR /home/bsc03/bsc03353/forge/src/dispatcher/posix.c:62 140684700485376: single write -1 of expected 4194304
00:49:26 ERROR /home/bsc03/bsc03353/forge/src/dispatcher/posix.c:61 140699732899584: r->filehandle = 79, r->size = 4194304, r->offset = 0
00:49:26 ERROR /home/bsc03/bsc03353/forge/src/dispatcher/posix.c:62 140699732899584: single write -1 of expected 4194304
00:49:26 ERROR /home/bsc03/bsc03353/forge/src/dispatcher/posix.c:61 140680405509888: r->filehandle = 72, r->size = 4194304, r->offset = 0
00:49:26 ERROR /home/bsc03/bsc03353/forge/src/dispatcher/posix.c:62 140680405509888: single write -1 of expected 4194304
00:49:26 ERROR /home/bsc03/bsc03353/forge/src/dispatcher/posix.c:61 140701880387328: r->filehandle = 75, r->size = 4194304, r->offset = 0
00:49:26 ERROR /home/bsc03/bsc03353/forge/src/dispatcher/posix.c:62 140701880387328: single write -1 of expected 4194304
00:49:27 ERROR /home/bsc03/bsc03353/forge/src/dispatcher/posix.c:61 140704027875072: r->filehandle = 78, r->size = 4194304, r->offset = 0
00:49:27 ERROR /home/bsc03/bsc03353/forge/src/dispatcher/posix.c:62 140704027875072: single write -1 of expected 4194304
00:49:27 ERROR /home/bsc03/bsc03353/forge/src/dispatcher/posix.c:61 140706175362816: r->filehandle = 40, r->size = 4194304, r->offset = 0
00:49:27 ERROR /home/bsc03/bsc03353/forge/src/dispatcher/posix.c:62 140706175362816: single write -1 of expected 4194304
00:49:28 ERROR /home/bsc03/bsc03353/forge/src/dispatcher/posix.c:61 140684700485376: r->filehandle = 91, r->size = 4194304, r->offset = 0
00:49:28 ERROR /home/bsc03/bsc03353/forge/src/dispatcher/posix.c:62 140684700485376: single write -1 of expected 4194304
00:49:28 ERROR /home/bsc03/bsc03353/forge/src/dispatcher/posix.c:61 140686847973120: r->filehandle = 56, r->size = 4194304, r->offset = 0
00:49:28 ERROR /home/bsc03/bsc03353/forge/src/dispatcher/posix.c:62 140686847973120: single write -1 of expected 4194304
00:49:28 ERROR /home/bsc03/bsc03353/forge/src/dispatcher/posix.c:61 140691142948608: r->filehandle = 44, r->size = 4194304, r->offset = 0
00:49:28 ERROR /home/bsc03/bsc03353/forge/src/dispatcher/posix.c:62 140691142948608: single write -1 of expected 4194304
00:49:28 ERROR /home/bsc03/bsc03353/forge/src/dispatcher/posix.c:61 140684700485376: r->filehandle = 81, r->size = 4194304, r->offset = 0
00:49:28 ERROR /home/bsc03/bsc03353/forge/src/dispatcher/posix.c:62 140684700485376: single write -1 of expected 4194304
00:49:29 ERROR /home/bsc03/bsc03353/forge/src/dispatcher/posix.c:61 140708322850560: r->filehandle = 112, r->size = 4194304, r->offset = 0
00:49:29 ERROR /home/bsc03/bsc03353/forge/src/dispatcher/posix.c:62 140708322850560: single write -1 of expected 4194304
00:49:29 ERROR /home/bsc03/bsc03353/forge/src/dispatcher/posix.c:61 140695437924096: r->filehandle = 107, r->size = 4194304, r->offset = 0
00:49:29 ERROR /home/bsc03/bsc03353/forge/src/dispatcher/posix.c:62 140695437924096: single write -1 of expected 4194304
00:49:30 ERROR /home/bsc03/bsc03353/forge/src/dispatcher/posix.c:61 140678258022144: r->filehandle = 76, r->size = 4194304, r->offset = 0
00:49:30 ERROR /home/bsc03/bsc03353/forge/src/dispatcher/posix.c:62 140678258022144: single write -1 of expected 4194304
00:49:30 ERROR /home/bsc03/bsc03353/forge/src/dispatcher/posix.c:61 140704027875072: r->filehandle = 59, r->size = 4194304, r->offset = 0
00:49:30 ERROR /home/bsc03/bsc03353/forge/src/dispatcher/posix.c:62 140704027875072: single write -1 of expected 4194304
00:49:30 ERROR /home/bsc03/bsc03353/forge/src/dispatcher/posix.c:61 140708322850560: r->filehandle = 47, r->size = 4194304, r->offset = 0
00:49:30 ERROR /home/bsc03/bsc03353/forge/src/dispatcher/posix.c:62 140708322850560: single write -1 of expected 4194304
00:49:31 ERROR /home/bsc03/bsc03353/forge/src/dispatcher/posix.c:61 140691142948608: r->filehandle = 58, r->size = 4194304, r->offset = 0
00:49:31 ERROR /home/bsc03/bsc03353/forge/src/dispatcher/posix.c:62 140691142948608: single write -1 of expected 4194304
00:49:31 ERROR /home/bsc03/bsc03353/forge/src/dispatcher/posix.c:61 140682552997632: r->filehandle = 119, r->size = 4194304, r->offset = 0
00:49:31 ERROR /home/bsc03/bsc03353/forge/src/dispatcher/posix.c:62 140682552997632: single write -1 of expected 4194304
00:49:31 ERROR /home/bsc03/bsc03353/forge/src/dispatcher/posix.c:61 140688995460864: r->filehandle = 36, r->size = 4194304, r->offset = 0
00:49:31 ERROR /home/bsc03/bsc03353/forge/src/dispatcher/posix.c:62 140688995460864: single write -1 of expected 4194304
00:49:32 ERROR /home/bsc03/bsc03353/forge/src/dispatcher/posix.c:61 140678258022144: r->filehandle = 48, r->size = 4194304, r->offset = 0
00:49:32 ERROR /home/bsc03/bsc03353/forge/src/dispatcher/posix.c:62 140678258022144: single write -1 of expected 4194304
00:49:32 ERROR /home/bsc03/bsc03353/forge/src/dispatcher/posix.c:61 140701880387328: r->filehandle = 64, r->size = 4194304, r->offset = 0
00:49:32 ERROR /home/bsc03/bsc03353/forge/src/dispatcher/posix.c:62 140701880387328: single write -1 of expected 4194304
00:49:33 ERROR /home/bsc03/bsc03353/forge/src/dispatcher/posix.c:61 140706175362816: r->filehandle = 43, r->size = 4194304, r->offset = 0
00:49:33 ERROR /home/bsc03/bsc03353/forge/src/dispatcher/posix.c:62 140706175362816: single write -1 of expected 4194304
00:49:33 ERROR /home/bsc03/bsc03353/forge/src/dispatcher/posix.c:61 140684700485376: r->filehandle = 73, r->size = 4194304, r->offset = 0
00:49:33 ERROR /home/bsc03/bsc03353/forge/src/dispatcher/posix.c:62 140684700485376: single write -1 of expected 4194304
00:49:33 ERROR /home/bsc03/bsc03353/forge/src/dispatcher/posix.c:61 140688995460864: r->filehandle = 46, r->size = 4194304, r->offset = 0
00:49:33 ERROR /home/bsc03/bsc03353/forge/src/dispatcher/posix.c:62 140688995460864: single write -1 of expected 4194304
00:49:34 ERROR /home/bsc03/bsc03353/forge/src/dispatcher/posix.c:61 140678258022144: r->filehandle = 108, r->size = 4194304, r->offset = 0
00:49:34 ERROR /home/bsc03/bsc03353/forge/src/dispatcher/posix.c:62 140678258022144: single write -1 of expected 4194304
00:49:34 ERROR /home/bsc03/bsc03353/forge/src/dispatcher/posix.c:61 140701880387328: r->filehandle = 90, r->size = 4194304, r->offset = 0
00:49:34 ERROR /home/bsc03/bsc03353/forge/src/dispatcher/posix.c:62 140701880387328: single write -1 of expected 4194304
00:49:34 ERROR /home/bsc03/bsc03353/forge/src/dispatcher/posix.c:61 140704027875072: r->filehandle = 65, r->size = 4194304, r->offset = 0
00:49:34 ERROR /home/bsc03/bsc03353/forge/src/dispatcher/posix.c:62 140704027875072: single write -1 of expected 4194304
00:49:35 ERROR /home/bsc03/bsc03353/forge/src/dispatcher/posix.c:61 140678258022144: r->filehandle = 67, r->size = 4194304, r->offset = 0
00:49:35 ERROR /home/bsc03/bsc03353/forge/src/dispatcher/posix.c:62 140678258022144: single write -1 of expected 4194304
00:49:35 ERROR /home/bsc03/bsc03353/forge/src/dispatcher/posix.c:61 140708322850560: r->filehandle = 63, r->size = 4194304, r->offset = 0
00:49:35 ERROR /home/bsc03/bsc03353/forge/src/dispatcher/posix.c:62 140708322850560: single write -1 of expected 4194304
00:49:35 ERROR /home/bsc03/bsc03353/forge/src/dispatcher/posix.c:61 140688995460864: r->filehandle = 45, r->size = 4194304, r->offset = 0
00:49:35 ERROR /home/bsc03/bsc03353/forge/src/dispatcher/posix.c:62 140688995460864: single write -1 of expected 4194304
00:49:36 ERROR /home/bsc03/bsc03353/forge/src/dispatcher/posix.c:61 140695437924096: r->filehandle = 54, r->size = 4194304, r->offset = 0
00:49:36 ERROR /home/bsc03/bsc03353/forge/src/dispatcher/posix.c:62 140695437924096: single write -1 of expected 4194304
00:49:36 ERROR /home/bsc03/bsc03353/forge/src/dispatcher/posix.c:61 140682552997632: r->filehandle = 89, r->size = 4194304, r->offset = 0
00:49:36 ERROR /home/bsc03/bsc03353/forge/src/dispatcher/posix.c:62 140682552997632: single write -1 of expected 4194304
00:49:36 ERROR /home/bsc03/bsc03353/forge/src/dispatcher/posix.c:61 140678258022144: r->filehandle = 127, r->size = 4194304, r->offset = 0
00:49:36 ERROR /home/bsc03/bsc03353/forge/src/dispatcher/posix.c:62 140678258022144: single write -1 of expected 4194304
00:49:37 ERROR /home/bsc03/bsc03353/forge/src/dispatcher/posix.c:61 140693290436352: r->filehandle = 114, r->size = 4194304, r->offset = 0
00:49:37 ERROR /home/bsc03/bsc03353/forge/src/dispatcher/posix.c:62 140693290436352: single write -1 of expected 4194304
00:49:37 ERROR /home/bsc03/bsc03353/forge/src/dispatcher/posix.c:61 140701880387328: r->filehandle = 103, r->size = 4194304, r->offset = 0
00:49:37 ERROR /home/bsc03/bsc03353/forge/src/dispatcher/posix.c:62 140701880387328: single write -1 of expected 4194304
00:49:37 ERROR /home/bsc03/bsc03353/forge/src/dispatcher/posix.c:61 140699732899584: r->filehandle = 117, r->size = 4194304, r->offset = 0
00:49:37 ERROR /home/bsc03/bsc03353/forge/src/dispatcher/posix.c:62 140699732899584: single write -1 of expected 4194304
00:49:38 ERROR /home/bsc03/bsc03353/forge/src/dispatcher/posix.c:61 140691142948608: r->filehandle = 102, r->size = 4194304, r->offset = 0
00:49:38 ERROR /home/bsc03/bsc03353/forge/src/dispatcher/posix.c:62 140691142948608: single write -1 of expected 4194304
00:49:38 ERROR /home/bsc03/bsc03353/forge/src/dispatcher/posix.c:61 140682552997632: r->filehandle = 123, r->size = 4194304, r->offset = 0
00:49:38 ERROR /home/bsc03/bsc03353/forge/src/dispatcher/posix.c:62 140682552997632: single write -1 of expected 4194304
00:49:38 ERROR /home/bsc03/bsc03353/forge/src/dispatcher/posix.c:61 140697585411840: r->filehandle = 121, r->size = 4194304, r->offset = 0
00:49:38 ERROR /home/bsc03/bsc03353/forge/src/dispatcher/posix.c:62 140697585411840: single write -1 of expected 4194304
00:49:39 ERROR /home/bsc03/bsc03353/forge/src/dispatcher/posix.c:61 140680405509888: r->filehandle = 97, r->size = 4194304, r->offset = 0
00:49:39 ERROR /home/bsc03/bsc03353/forge/src/dispatcher/posix.c:62 140680405509888: single write -1 of expected 4194304
00:49:39 ERROR /home/bsc03/bsc03353/forge/src/dispatcher/posix.c:61 140704027875072: r->filehandle = 68, r->size = 4194304, r->offset = 0
00:49:39 ERROR /home/bsc03/bsc03353/forge/src/dispatcher/posix.c:62 140704027875072: single write -1 of expected 4194304
00:49:39 ERROR /home/bsc03/bsc03353/forge/src/dispatcher/posix.c:61 140706175362816: r->filehandle = 37, r->size = 4194304, r->offset = 0
00:49:39 ERROR /home/bsc03/bsc03353/forge/src/dispatcher/posix.c:62 140706175362816: single write -1 of expected 4194304
00:49:40 ERROR /home/bsc03/bsc03353/forge/src/dispatcher/posix.c:61 140688995460864: r->filehandle = 83, r->size = 4194304, r->offset = 0
00:49:40 ERROR /home/bsc03/bsc03353/forge/src/dispatcher/posix.c:62 140688995460864: single write -1 of expected 4194304
00:49:40 ERROR /home/bsc03/bsc03353/forge/src/dispatcher/posix.c:61 140701880387328: r->filehandle = 109, r->size = 4194304, r->offset = 0
00:49:40 ERROR /home/bsc03/bsc03353/forge/src/dispatcher/posix.c:62 140701880387328: single write -1 of expected 4194304
00:49:40 ERROR /home/bsc03/bsc03353/forge/src/dispatcher/posix.c:61 140684700485376: r->filehandle = 35, r->size = 4194304, r->offset = 0
00:49:40 ERROR /home/bsc03/bsc03353/forge/src/dispatcher/posix.c:62 140684700485376: single write -1 of expected 4194304
00:49:41 ERROR /home/bsc03/bsc03353/forge/src/dispatcher/posix.c:61 140680405509888: r->filehandle = 113, r->size = 4194304, r->offset = 4194304
00:49:41 ERROR /home/bsc03/bsc03353/forge/src/dispatcher/posix.c:62 140680405509888: single write -1 of expected 4194304
00:49:41 ERROR /home/bsc03/bsc03353/forge/src/dispatcher/posix.c:61 140699732899584: r->filehandle = 50, r->size = 4194304, r->offset = 0
00:49:41 ERROR /home/bsc03/bsc03353/forge/src/dispatcher/posix.c:62 140699732899584: single write -1 of expected 4194304
00:49:42 ERROR /home/bsc03/bsc03353/forge/src/dispatcher/posix.c:61 140678258022144: r->filehandle = 61, r->size = 4194304, r->offset = 0
00:49:42 ERROR /home/bsc03/bsc03353/forge/src/dispatcher/posix.c:62 140678258022144: single write -1 of expected 4194304
00:49:42 ERROR /home/bsc03/bsc03353/forge/src/dispatcher/posix.c:61 140695437924096: r->filehandle = 131, r->size = 4194304, r->offset = 0
00:49:42 ERROR /home/bsc03/bsc03353/forge/src/dispatcher/posix.c:62 140695437924096: single write -1 of expected 4194304
00:49:42 ERROR /home/bsc03/bsc03353/forge/src/dispatcher/posix.c:61 140699732899584: r->filehandle = 110, r->size = 4194304, r->offset = 4194304
00:49:42 ERROR /home/bsc03/bsc03353/forge/src/dispatcher/posix.c:62 140699732899584: single write -1 of expected 4194304
00:49:43 ERROR /home/bsc03/bsc03353/forge/src/dispatcher/posix.c:61 140704027875072: r->filehandle = 93, r->size = 4194304, r->offset = 4194304
00:49:43 ERROR /home/bsc03/bsc03353/forge/src/dispatcher/posix.c:62 140704027875072: single write -1 of expected 4194304
00:49:43 ERROR /home/bsc03/bsc03353/forge/src/dispatcher/posix.c:61 140684700485376: r->filehandle = 80, r->size = 4194304, r->offset = 4194304
00:49:43 ERROR /home/bsc03/bsc03353/forge/src/dispatcher/posix.c:62 140684700485376: single write -1 of expected 4194304
00:49:44 ERROR /home/bsc03/bsc03353/forge/src/dispatcher/posix.c:61 140699732899584: r->filehandle = 111, r->size = 4194304, r->offset = 4194304
00:49:44 ERROR /home/bsc03/bsc03353/forge/src/dispatcher/posix.c:62 140699732899584: single write -1 of expected 4194304
00:49:44 ERROR /home/bsc03/bsc03353/forge/src/dispatcher/posix.c:61 140682552997632: r->filehandle = 39, r->size = 4194304, r->offset = 0
00:49:44 ERROR /home/bsc03/bsc03353/forge/src/dispatcher/posix.c:62 140682552997632: single write -1 of expected 4194304
00:49:45 ERROR /home/bsc03/bsc03353/forge/src/dispatcher/posix.c:61 140691142948608: r->filehandle = 120, r->size = 4194304, r->offset = 0
00:49:45 ERROR /home/bsc03/bsc03353/forge/src/dispatcher/posix.c:62 140691142948608: single write -1 of expected 4194304
00:49:45 ERROR /home/bsc03/bsc03353/forge/src/dispatcher/posix.c:61 140701880387328: r->filehandle = 55, r->size = 4194304, r->offset = 4194304
00:49:45 ERROR /home/bsc03/bsc03353/forge/src/dispatcher/posix.c:62 140701880387328: single write -1 of expected 4194304
00:49:45 ERROR /home/bsc03/bsc03353/forge/src/dispatcher/posix.c:61 140680405509888: r->filehandle = 96, r->size = 4194304, r->offset = 4194304
00:49:45 ERROR /home/bsc03/bsc03353/forge/src/dispatcher/posix.c:62 140680405509888: single write -1 of expected 4194304
00:49:46 ERROR /home/bsc03/bsc03353/forge/src/dispatcher/posix.c:61 140678258022144: r->filehandle = 69, r->size = 4194304, r->offset = 4194304
00:49:46 ERROR /home/bsc03/bsc03353/forge/src/dispatcher/posix.c:62 140678258022144: single write -1 of expected 4194304
00:49:46 ERROR /home/bsc03/bsc03353/forge/src/dispatcher/posix.c:61 140699732899584: r->filehandle = 70, r->size = 4194304, r->offset = 4194304
00:49:46 ERROR /home/bsc03/bsc03353/forge/src/dispatcher/posix.c:62 140699732899584: single write -1 of expected 4194304
00:49:46 ERROR /home/bsc03/bsc03353/forge/src/dispatcher/posix.c:61 140682552997632: r->filehandle = 106, r->size = 4194304, r->offset = 4194304
00:49:46 ERROR /home/bsc03/bsc03353/forge/src/dispatcher/posix.c:62 140682552997632: single write -1 of expected 4194304
00:49:47 ERROR /home/bsc03/bsc03353/forge/src/dispatcher/posix.c:61 140688995460864: r->filehandle = 74, r->size = 4194304, r->offset = 4194304
00:49:47 ERROR /home/bsc03/bsc03353/forge/src/dispatcher/posix.c:62 140688995460864: single write -1 of expected 4194304
00:49:47 ERROR /home/bsc03/bsc03353/forge/src/dispatcher/posix.c:61 140706175362816: r->filehandle = 88, r->size = 4194304, r->offset = 4194304
00:49:47 ERROR /home/bsc03/bsc03353/forge/src/dispatcher/posix.c:62 140706175362816: single write -1 of expected 4194304
00:49:47 ERROR /home/bsc03/bsc03353/forge/src/dispatcher/posix.c:61 140684700485376: r->filehandle = 71, r->size = 4194304, r->offset = 4194304
00:49:47 ERROR /home/bsc03/bsc03353/forge/src/dispatcher/posix.c:62 140684700485376: single write -1 of expected 4194304
00:49:47 ERROR /home/bsc03/bsc03353/forge/src/dispatcher/posix.c:61 140678258022144: r->filehandle = 92, r->size = 4194304, r->offset = 4194304
00:49:47 ERROR /home/bsc03/bsc03353/forge/src/dispatcher/posix.c:62 140678258022144: single write -1 of expected 4194304
00:49:48 ERROR /home/bsc03/bsc03353/forge/src/dispatcher/posix.c:61 140688995460864: r->filehandle = 105, r->size = 4194304, r->offset = 4194304
00:49:48 ERROR /home/bsc03/bsc03353/forge/src/dispatcher/posix.c:62 140688995460864: single write -1 of expected 4194304
00:49:48 ERROR /home/bsc03/bsc03353/forge/src/dispatcher/posix.c:61 140697585411840: r->filehandle = 126, r->size = 4194304, r->offset = 4194304
00:49:48 ERROR /home/bsc03/bsc03353/forge/src/dispatcher/posix.c:62 140697585411840: single write -1 of expected 4194304
00:49:48 ERROR /home/bsc03/bsc03353/forge/src/dispatcher/posix.c:61 140704027875072: r->filehandle = 128, r->size = 4194304, r->offset = 4194304
00:49:48 ERROR /home/bsc03/bsc03353/forge/src/dispatcher/posix.c:62 140704027875072: single write -1 of expected 4194304
00:49:49 ERROR /home/bsc03/bsc03353/forge/src/dispatcher/posix.c:61 140686847973120: r->filehandle = 66, r->size = 4194304, r->offset = 0
00:49:49 ERROR /home/bsc03/bsc03353/forge/src/dispatcher/posix.c:62 140686847973120: single write -1 of expected 4194304
00:49:49 ERROR /home/bsc03/bsc03353/forge/src/dispatcher/posix.c:61 140680405509888: r->filehandle = 62, r->size = 4194304, r->offset = 4194304
00:49:49 ERROR /home/bsc03/bsc03353/forge/src/dispatcher/posix.c:62 140680405509888: single write -1 of expected 4194304
00:49:49 ERROR /home/bsc03/bsc03353/forge/src/dispatcher/posix.c:61 140684700485376: r->filehandle = 87, r->size = 4194304, r->offset = 4194304
00:49:49 ERROR /home/bsc03/bsc03353/forge/src/dispatcher/posix.c:62 140684700485376: single write -1 of expected 4194304
00:49:50 ERROR /home/bsc03/bsc03353/forge/src/dispatcher/posix.c:61 140697585411840: r->filehandle = 41, r->size = 4194304, r->offset = 4194304
00:49:50 ERROR /home/bsc03/bsc03353/forge/src/dispatcher/posix.c:62 140697585411840: single write -1 of expected 4194304
00:49:50 ERROR /home/bsc03/bsc03353/forge/src/dispatcher/posix.c:61 140676110534400: r->filehandle = 84, r->size = 4194304, r->offset = 0
00:49:50 ERROR /home/bsc03/bsc03353/forge/src/dispatcher/posix.c:62 140676110534400: single write -1 of expected 4194304
00:49:50 ERROR /home/bsc03/bsc03353/forge/src/dispatcher/posix.c:61 140678258022144: r->filehandle = 86, r->size = 4194304, r->offset = 4194304
00:49:50 ERROR /home/bsc03/bsc03353/forge/src/dispatcher/posix.c:62 140678258022144: single write -1 of expected 4194304
00:49:51 ERROR /home/bsc03/bsc03353/forge/src/dispatcher/posix.c:61 140699732899584: r->filehandle = 49, r->size = 4194304, r->offset = 4194304
00:49:51 ERROR /home/bsc03/bsc03353/forge/src/dispatcher/posix.c:62 140699732899584: single write -1 of expected 4194304
00:49:51 ERROR /home/bsc03/bsc03353/forge/src/dispatcher/posix.c:61 140706175362816: r->filehandle = 115, r->size = 4194304, r->offset = 4194304
00:49:51 ERROR /home/bsc03/bsc03353/forge/src/dispatcher/posix.c:62 140706175362816: single write -1 of expected 4194304
00:49:51 ERROR /home/bsc03/bsc03353/forge/src/dispatcher/posix.c:61 140688995460864: r->filehandle = 116, r->size = 4194304, r->offset = 4194304
00:49:51 ERROR /home/bsc03/bsc03353/forge/src/dispatcher/posix.c:62 140688995460864: single write -1 of expected 4194304
00:49:52 ERROR /home/bsc03/bsc03353/forge/src/dispatcher/posix.c:61 140695437924096: r->filehandle = 118, r->size = 4194304, r->offset = 4194304
00:49:52 ERROR /home/bsc03/bsc03353/forge/src/dispatcher/posix.c:62 140695437924096: single write -1 of expected 4194304
00:49:52 ERROR /home/bsc03/bsc03353/forge/src/dispatcher/posix.c:61 140699732899584: r->filehandle = 125, r->size = 4194304, r->offset = 4194304
00:49:52 ERROR /home/bsc03/bsc03353/forge/src/dispatcher/posix.c:62 140699732899584: single write -1 of expected 4194304
00:49:53 ERROR /home/bsc03/bsc03353/forge/src/dispatcher/posix.c:61 140686847973120: r->filehandle = 77, r->size = 4194304, r->offset = 4194304
00:49:53 ERROR /home/bsc03/bsc03353/forge/src/dispatcher/posix.c:62 140686847973120: single write -1 of expected 4194304
00:49:53 ERROR /home/bsc03/bsc03353/forge/src/dispatcher/posix.c:61 140691142948608: r->filehandle = 38, r->size = 4194304, r->offset = 4194304
00:49:53 ERROR /home/bsc03/bsc03353/forge/src/dispatcher/posix.c:62 140691142948608: single write -1 of expected 4194304
00:49:54 ERROR /home/bsc03/bsc03353/forge/src/dispatcher/posix.c:61 140693290436352: r->filehandle = 51, r->size = 4194304, r->offset = 0
00:49:54 ERROR /home/bsc03/bsc03353/forge/src/dispatcher/posix.c:62 140693290436352: single write -1 of expected 4194304
00:49:54 ERROR /home/bsc03/bsc03353/forge/src/dispatcher/posix.c:61 140699732899584: r->filehandle = 72, r->size = 4194304, r->offset = 4194304
00:49:54 ERROR /home/bsc03/bsc03353/forge/src/dispatcher/posix.c:62 140699732899584: single write -1 of expected 4194304
00:49:55 ERROR /home/bsc03/bsc03353/forge/src/dispatcher/posix.c:61 140706175362816: r->filehandle = 101, r->size = 4194304, r->offset = 4194304
00:49:55 ERROR /home/bsc03/bsc03353/forge/src/dispatcher/posix.c:62 140706175362816: single write -1 of expected 4194304
00:49:55 ERROR /home/bsc03/bsc03353/forge/src/dispatcher/posix.c:61 140693290436352: r->filehandle = 75, r->size = 4194304, r->offset = 4194304
00:49:55 ERROR /home/bsc03/bsc03353/forge/src/dispatcher/posix.c:62 140693290436352: single write -1 of expected 4194304
00:49:55 ERROR /home/bsc03/bsc03353/forge/src/dispatcher/posix.c:61 140704027875072: r->filehandle = 100, r->size = 4194304, r->offset = 4194304
00:49:55 ERROR /home/bsc03/bsc03353/forge/src/dispatcher/posix.c:62 140704027875072: single write -1 of expected 4194304
00:49:56 ERROR /home/bsc03/bsc03353/forge/src/dispatcher/posix.c:61 140688995460864: r->filehandle = 104, r->size = 4194304, r->offset = 4194304
00:49:56 ERROR /home/bsc03/bsc03353/forge/src/dispatcher/posix.c:62 140688995460864: single write -1 of expected 4194304
00:49:56 ERROR /home/bsc03/bsc03353/forge/src/dispatcher/posix.c:61 140680405509888: r->filehandle = 82, r->size = 4194304, r->offset = 4194304
00:49:56 ERROR /home/bsc03/bsc03353/forge/src/dispatcher/posix.c:62 140680405509888: single write -1 of expected 4194304
00:49:56 ERROR /home/bsc03/bsc03353/forge/src/dispatcher/posix.c:61 140697585411840: r->filehandle = 98, r->size = 4194304, r->offset = 4194304
00:49:56 ERROR /home/bsc03/bsc03353/forge/src/dispatcher/posix.c:62 140697585411840: single write -1 of expected 4194304
00:49:56 ERROR /home/bsc03/bsc03353/forge/src/dispatcher/posix.c:61 140686847973120: r->filehandle = 124, r->size = 4194304, r->offset = 4194304
00:49:56 ERROR /home/bsc03/bsc03353/forge/src/dispatcher/posix.c:62 140686847973120: single write -1 of expected 4194304
00:49:57 ERROR /home/bsc03/bsc03353/forge/src/dispatcher/posix.c:61 140688995460864: r->filehandle = 40, r->size = 4194304, r->offset = 4194304
00:49:57 ERROR /home/bsc03/bsc03353/forge/src/dispatcher/posix.c:62 140688995460864: single write -1 of expected 4194304
00:49:57 ERROR /home/bsc03/bsc03353/forge/src/dispatcher/posix.c:61 140682552997632: r->filehandle = 99, r->size = 4194304, r->offset = 4194304
00:49:57 ERROR /home/bsc03/bsc03353/forge/src/dispatcher/posix.c:62 140682552997632: single write -1 of expected 4194304
00:49:57 ERROR /home/bsc03/bsc03353/forge/src/dispatcher/posix.c:61 140676110534400: r->filehandle = 85, r->size = 4194304, r->offset = 4194304
00:49:57 ERROR /home/bsc03/bsc03353/forge/src/dispatcher/posix.c:62 140676110534400: single write -1 of expected 4194304
00:49:58 ERROR /home/bsc03/bsc03353/forge/src/dispatcher/posix.c:61 140699732899584: r->filehandle = 53, r->size = 4194304, r->offset = 4194304
00:49:58 ERROR /home/bsc03/bsc03353/forge/src/dispatcher/posix.c:62 140699732899584: single write -1 of expected 4194304
00:49:58 ERROR /home/bsc03/bsc03353/forge/src/dispatcher/posix.c:61 140678258022144: r->filehandle = 60, r->size = 4194304, r->offset = 4194304
00:49:58 ERROR /home/bsc03/bsc03353/forge/src/dispatcher/posix.c:62 140678258022144: single write -1 of expected 4194304
00:49:58 ERROR /home/bsc03/bsc03353/forge/src/dispatcher/posix.c:61 140691142948608: r->filehandle = 94, r->size = 4194304, r->offset = 4194304
00:49:58 ERROR /home/bsc03/bsc03353/forge/src/dispatcher/posix.c:62 140691142948608: single write -1 of expected 4194304
00:49:59 ERROR /home/bsc03/bsc03353/forge/src/dispatcher/posix.c:61 140695437924096: r->filehandle = 57, r->size = 4194304, r->offset = 4194304
00:49:59 ERROR /home/bsc03/bsc03353/forge/src/dispatcher/posix.c:62 140695437924096: single write -1 of expected 4194304
00:49:59 ERROR /home/bsc03/bsc03353/forge/src/dispatcher/posix.c:61 140680405509888: r->filehandle = 79, r->size = 4194304, r->offset = 4194304
00:49:59 ERROR /home/bsc03/bsc03353/forge/src/dispatcher/posix.c:62 140680405509888: single write -1 of expected 4194304
00:49:59 ERROR /home/bsc03/bsc03353/forge/src/dispatcher/posix.c:61 140699732899584: r->filehandle = 112, r->size = 4194304, r->offset = 4194304
00:49:59 ERROR /home/bsc03/bsc03353/forge/src/dispatcher/posix.c:62 140699732899584: single write -1 of expected 4194304
00:49:59 ERROR /home/bsc03/bsc03353/forge/src/dispatcher/posix.c:61 140686847973120: r->filehandle = 81, r->size = 4194304, r->offset = 4194304
00:49:59 ERROR /home/bsc03/bsc03353/forge/src/dispatcher/posix.c:62 140686847973120: single write -1 of expected 4194304
00:50:00 ERROR /home/bsc03/bsc03353/forge/src/dispatcher/posix.c:61 140706175362816: r->filehandle = 91, r->size = 4194304, r->offset = 4194304
00:50:00 ERROR /home/bsc03/bsc03353/forge/src/dispatcher/posix.c:62 140706175362816: single write -1 of expected 4194304
00:50:00 ERROR /home/bsc03/bsc03353/forge/src/dispatcher/posix.c:61 140697585411840: r->filehandle = 78, r->size = 4194304, r->offset = 4194304
00:50:00 ERROR /home/bsc03/bsc03353/forge/src/dispatcher/posix.c:62 140697585411840: single write -1 of expected 4194304
00:50:00 ERROR /home/bsc03/bsc03353/forge/src/dispatcher/posix.c:61 140708322850560: r->filehandle = 129, r->size = 4194304, r->offset = 0
00:50:00 ERROR /home/bsc03/bsc03353/forge/src/dispatcher/posix.c:62 140708322850560: single write -1 of expected 4194304
00:50:01 ERROR /home/bsc03/bsc03353/forge/src/dispatcher/posix.c:61 140704027875072: r->filehandle = 130, r->size = 4194304, r->offset = 4194304
00:50:01 ERROR /home/bsc03/bsc03353/forge/src/dispatcher/posix.c:62 140704027875072: single write -1 of expected 4194304
00:50:01 ERROR /home/bsc03/bsc03353/forge/src/dispatcher/posix.c:61 140684700485376: r->filehandle = 52, r->size = 4194304, r->offset = 4194304
00:50:01 ERROR /home/bsc03/bsc03353/forge/src/dispatcher/posix.c:62 140684700485376: single write -1 of expected 4194304
00:50:01 ERROR /home/bsc03/bsc03353/forge/src/dispatcher/posix.c:61 140699732899584: r->filehandle = 47, r->size = 4194304, r->offset = 4194304
00:50:01 ERROR /home/bsc03/bsc03353/forge/src/dispatcher/posix.c:62 140699732899584: single write -1 of expected 4194304
00:50:02 ERROR /home/bsc03/bsc03353/forge/src/dispatcher/posix.c:61 140701880387328: r->filehandle = 122, r->size = 4194304, r->offset = 4194304
00:50:02 ERROR /home/bsc03/bsc03353/forge/src/dispatcher/posix.c:62 140701880387328: single write -1 of expected 4194304
00:50:02 ERROR /home/bsc03/bsc03353/forge/src/dispatcher/posix.c:61 140686847973120: r->filehandle = 58, r->size = 4194304, r->offset = 4194304
00:50:02 ERROR /home/bsc03/bsc03353/forge/src/dispatcher/posix.c:62 140686847973120: single write -1 of expected 4194304
00:50:03 ERROR /home/bsc03/bsc03353/forge/src/dispatcher/posix.c:61 140697585411840: r->filehandle = 64, r->size = 4194304, r->offset = 4194304
00:50:03 ERROR /home/bsc03/bsc03353/forge/src/dispatcher/posix.c:62 140697585411840: single write -1 of expected 4194304
00:50:03 ERROR /home/bsc03/bsc03353/forge/src/dispatcher/posix.c:61 140695437924096: r->filehandle = 36, r->size = 4194304, r->offset = 4194304
00:50:03 ERROR /home/bsc03/bsc03353/forge/src/dispatcher/posix.c:62 140695437924096: single write -1 of expected 4194304
00:50:03 ERROR /home/bsc03/bsc03353/forge/src/dispatcher/posix.c:61 140708322850560: r->filehandle = 46, r->size = 4194304, r->offset = 4194304
00:50:03 ERROR /home/bsc03/bsc03353/forge/src/dispatcher/posix.c:62 140708322850560: single write -1 of expected 4194304
00:50:04 ERROR /home/bsc03/bsc03353/forge/src/dispatcher/posix.c:61 140691142948608: r->filehandle = 59, r->size = 4194304, r->offset = 4194304
00:50:04 ERROR /home/bsc03/bsc03353/forge/src/dispatcher/posix.c:62 140691142948608: single write -1 of expected 4194304
00:50:04 ERROR /home/bsc03/bsc03353/forge/src/dispatcher/posix.c:61 140697585411840: r->filehandle = 65, r->size = 4194304, r->offset = 4194304
00:50:04 ERROR /home/bsc03/bsc03353/forge/src/dispatcher/posix.c:62 140697585411840: single write -1 of expected 4194304
00:50:05 ERROR /home/bsc03/bsc03353/forge/src/dispatcher/posix.c:61 140693290436352: r->filehandle = 95, r->size = 4194304, r->offset = 4194304
00:50:05 ERROR /home/bsc03/bsc03353/forge/src/dispatcher/posix.c:62 140693290436352: single write -1 of expected 4194304
00:50:05 ERROR /home/bsc03/bsc03353/forge/src/dispatcher/posix.c:61 140686847973120: r->filehandle = 90, r->size = 4194304, r->offset = 4194304
00:50:05 ERROR /home/bsc03/bsc03353/forge/src/dispatcher/posix.c:62 140686847973120: single write -1 of expected 4194304
00:50:06 ERROR /home/bsc03/bsc03353/forge/src/dispatcher/posix.c:61 140688995460864: r->filehandle = 44, r->size = 4194304, r->offset = 4194304
00:50:06 ERROR /home/bsc03/bsc03353/forge/src/dispatcher/posix.c:62 140688995460864: single write -1 of expected 4194304
00:50:06 ERROR /home/bsc03/bsc03353/forge/src/dispatcher/posix.c:61 140682552997632: r->filehandle = 56, r->size = 4194304, r->offset = 4194304
00:50:06 ERROR /home/bsc03/bsc03353/forge/src/dispatcher/posix.c:62 140682552997632: single write -1 of expected 4194304
00:50:06 ERROR /home/bsc03/bsc03353/forge/src/dispatcher/posix.c:61 140708322850560: r->filehandle = 45, r->size = 4194304, r->offset = 4194304
00:50:06 ERROR /home/bsc03/bsc03353/forge/src/dispatcher/posix.c:62 140708322850560: single write -1 of expected 4194304
00:50:07 ERROR /home/bsc03/bsc03353/forge/src/dispatcher/posix.c:61 140695437924096: r->filehandle = 73, r->size = 4194304, r->offset = 4194304
00:50:07 ERROR /home/bsc03/bsc03353/forge/src/dispatcher/posix.c:62 140695437924096: single write -1 of expected 4194304
00:50:07 ERROR /home/bsc03/bsc03353/forge/src/dispatcher/posix.c:61 140699732899584: r->filehandle = 108, r->size = 4194304, r->offset = 4194304
00:50:07 ERROR /home/bsc03/bsc03353/forge/src/dispatcher/posix.c:62 140699732899584: single write -1 of expected 4194304
00:50:07 ERROR /home/bsc03/bsc03353/forge/src/dispatcher/posix.c:61 140678258022144: r->filehandle = 107, r->size = 4194304, r->offset = 4194304
00:50:07 ERROR /home/bsc03/bsc03353/forge/src/dispatcher/posix.c:62 140678258022144: single write -1 of expected 4194304
00:50:08 ERROR /home/bsc03/bsc03353/forge/src/dispatcher/posix.c:61 140676110534400: r->filehandle = 76, r->size = 4194304, r->offset = 4194304
00:50:08 ERROR /home/bsc03/bsc03353/forge/src/dispatcher/posix.c:62 140676110534400: single write -1 of expected 4194304
00:50:08 ERROR /home/bsc03/bsc03353/forge/src/dispatcher/posix.c:61 140693290436352: r->filehandle = 114, r->size = 4194304, r->offset = 4194304
00:50:08 ERROR /home/bsc03/bsc03353/forge/src/dispatcher/posix.c:62 140693290436352: single write -1 of expected 4194304
00:50:08 ERROR /home/bsc03/bsc03353/forge/src/dispatcher/posix.c:61 140688995460864: r->filehandle = 54, r->size = 4194304, r->offset = 4194304
00:50:08 ERROR /home/bsc03/bsc03353/forge/src/dispatcher/posix.c:62 140688995460864: single write -1 of expected 4194304
00:50:08 ERROR /home/bsc03/bsc03353/forge/src/dispatcher/posix.c:61 140695437924096: r->filehandle = 121, r->size = 4194304, r->offset = 4194304
00:50:08 ERROR /home/bsc03/bsc03353/forge/src/dispatcher/posix.c:62 140695437924096: single write -1 of expected 4194304
00:50:09 ERROR /home/bsc03/bsc03353/forge/src/dispatcher/posix.c:61 140686847973120: r->filehandle = 67, r->size = 4194304, r->offset = 4194304
00:50:09 ERROR /home/bsc03/bsc03353/forge/src/dispatcher/posix.c:62 140686847973120: single write -1 of expected 4194304
00:50:09 ERROR /home/bsc03/bsc03353/forge/src/dispatcher/posix.c:61 140697585411840: r->filehandle = 127, r->size = 4194304, r->offset = 4194304
00:50:09 ERROR /home/bsc03/bsc03353/forge/src/dispatcher/posix.c:62 140697585411840: single write -1 of expected 4194304
00:50:09 ERROR /home/bsc03/bsc03353/forge/src/dispatcher/posix.c:61 140699732899584: r->filehandle = 123, r->size = 4194304, r->offset = 4194304
00:50:09 ERROR /home/bsc03/bsc03353/forge/src/dispatcher/posix.c:62 140699732899584: single write -1 of expected 4194304
00:50:10 ERROR /home/bsc03/bsc03353/forge/src/dispatcher/posix.c:61 140693290436352: r->filehandle = 37, r->size = 4194304, r->offset = 4194304
00:50:10 ERROR /home/bsc03/bsc03353/forge/src/dispatcher/posix.c:62 140693290436352: single write -1 of expected 4194304
00:50:10 ERROR /home/bsc03/bsc03353/forge/src/dispatcher/posix.c:61 140676110534400: r->filehandle = 68, r->size = 4194304, r->offset = 4194304
00:50:10 ERROR /home/bsc03/bsc03353/forge/src/dispatcher/posix.c:62 140676110534400: single write -1 of expected 4194304
00:50:11 ERROR /home/bsc03/bsc03353/forge/src/dispatcher/posix.c:61 140699732899584: r->filehandle = 110, r->size = 4194304, r->offset = 8388608
00:50:11 ERROR /home/bsc03/bsc03353/forge/src/dispatcher/posix.c:62 140699732899584: single write -1 of expected 4194304
00:50:11 ERROR /home/bsc03/bsc03353/forge/src/dispatcher/posix.c:61 140691142948608: r->filehandle = 102, r->size = 4194304, r->offset = 4194304
00:50:11 ERROR /home/bsc03/bsc03353/forge/src/dispatcher/posix.c:62 140691142948608: single write -1 of expected 4194304
00:50:11 ERROR /home/bsc03/bsc03353/forge/src/dispatcher/posix.c:61 140678258022144: r->filehandle = 97, r->size = 4194304, r->offset = 4194304
00:50:11 ERROR /home/bsc03/bsc03353/forge/src/dispatcher/posix.c:62 140678258022144: single write -1 of expected 4194304
00:50:12 ERROR /home/bsc03/bsc03353/forge/src/dispatcher/posix.c:61 140695437924096: r->filehandle = 113, r->size = 4194304, r->offset = 8388608
00:50:12 ERROR /home/bsc03/bsc03353/forge/src/dispatcher/posix.c:62 140695437924096: single write -1 of expected 4194304
00:50:12 ERROR /home/bsc03/bsc03353/forge/src/dispatcher/posix.c:61 140697585411840: r->filehandle = 35, r->size = 4194304, r->offset = 4194304
00:50:12 ERROR /home/bsc03/bsc03353/forge/src/dispatcher/posix.c:62 140697585411840: single write -1 of expected 4194304
00:50:12 ERROR /home/bsc03/bsc03353/forge/src/dispatcher/posix.c:61 140686847973120: r->filehandle = 109, r->size = 4194304, r->offset = 4194304
00:50:12 ERROR /home/bsc03/bsc03353/forge/src/dispatcher/posix.c:62 140686847973120: single write -1 of expected 4194304
00:50:13 ERROR /home/bsc03/bsc03353/forge/src/dispatcher/posix.c:61 140682552997632: r->filehandle = 103, r->size = 4194304, r->offset = 4194304
00:50:13 ERROR /home/bsc03/bsc03353/forge/src/dispatcher/posix.c:62 140682552997632: single write -1 of expected 4194304
00:50:13 ERROR /home/bsc03/bsc03353/forge/src/dispatcher/posix.c:61 140688995460864: r->filehandle = 83, r->size = 4194304, r->offset = 4194304
00:50:13 ERROR /home/bsc03/bsc03353/forge/src/dispatcher/posix.c:62 140688995460864: single write -1 of expected 4194304
00:50:14 ERROR /home/bsc03/bsc03353/forge/src/dispatcher/posix.c:61 140708322850560: r->filehandle = 117, r->size = 4194304, r->offset = 4194304
00:50:14 ERROR /home/bsc03/bsc03353/forge/src/dispatcher/posix.c:62 140708322850560: single write -1 of expected 4194304
00:50:14 ERROR /home/bsc03/bsc03353/forge/src/dispatcher/posix.c:61 140699732899584: r->filehandle = 93, r->size = 4194304, r->offset = 8388608
00:50:14 ERROR /home/bsc03/bsc03353/forge/src/dispatcher/posix.c:62 140699732899584: single write -1 of expected 4194304
00:50:15 ERROR /home/bsc03/bsc03353/forge/src/dispatcher/posix.c:61 140695437924096: r->filehandle = 55, r->size = 4194304, r->offset = 8388608
00:50:15 ERROR /home/bsc03/bsc03353/forge/src/dispatcher/posix.c:62 140695437924096: single write -1 of expected 4194304
00:50:15 ERROR /home/bsc03/bsc03353/forge/src/dispatcher/posix.c:61 140708322850560: r->filehandle = 106, r->size = 4194304, r->offset = 8388608
00:50:15 ERROR /home/bsc03/bsc03353/forge/src/dispatcher/posix.c:62 140708322850560: single write -1 of expected 4194304
00:50:15 ERROR /home/bsc03/bsc03353/forge/src/dispatcher/posix.c:61 140676110534400: r->filehandle = 50, r->size = 4194304, r->offset = 4194304
00:50:15 ERROR /home/bsc03/bsc03353/forge/src/dispatcher/posix.c:62 140676110534400: single write -1 of expected 4194304
00:50:16 ERROR /home/bsc03/bsc03353/forge/src/dispatcher/posix.c:61 140693290436352: r->filehandle = 131, r->size = 4194304, r->offset = 4194304
00:50:16 ERROR /home/bsc03/bsc03353/forge/src/dispatcher/posix.c:62 140693290436352: single write -1 of expected 4194304
00:50:16 ERROR /home/bsc03/bsc03353/forge/src/dispatcher/posix.c:61 140686847973120: r->filehandle = 39, r->size = 4194304, r->offset = 4194304
00:50:16 ERROR /home/bsc03/bsc03353/forge/src/dispatcher/posix.c:62 140686847973120: single write -1 of expected 4194304
00:50:16 ERROR /home/bsc03/bsc03353/forge/src/dispatcher/posix.c:61 140706175362816: r->filehandle = 48, r->size = 4194304, r->offset = 4194304
00:50:16 ERROR /home/bsc03/bsc03353/forge/src/dispatcher/posix.c:62 140706175362816: single write -1 of expected 4194304
00:50:16 ERROR /home/bsc03/bsc03353/forge/src/dispatcher/posix.c:61 140688995460864: r->filehandle = 70, r->size = 4194304, r->offset = 8388608
00:50:16 ERROR /home/bsc03/bsc03353/forge/src/dispatcher/posix.c:62 140688995460864: single write -1 of expected 4194304
00:50:17 ERROR /home/bsc03/bsc03353/forge/src/dispatcher/posix.c:61 140704027875072: r->filehandle = 43, r->size = 4194304, r->offset = 4194304
00:50:17 ERROR /home/bsc03/bsc03353/forge/src/dispatcher/posix.c:62 140704027875072: single write -1 of expected 4194304
00:50:17 ERROR /home/bsc03/bsc03353/forge/src/dispatcher/posix.c:61 140701880387328: r->filehandle = 89, r->size = 4194304, r->offset = 4194304
00:50:17 ERROR /home/bsc03/bsc03353/forge/src/dispatcher/posix.c:62 140701880387328: single write -1 of expected 4194304
00:50:18 ERROR /home/bsc03/bsc03353/forge/src/dispatcher/posix.c:61 140682552997632: r->filehandle = 69, r->size = 4194304, r->offset = 8388608
00:50:18 ERROR /home/bsc03/bsc03353/forge/src/dispatcher/posix.c:62 140682552997632: single write -1 of expected 4194304
00:50:18 ERROR /home/bsc03/bsc03353/forge/src/dispatcher/posix.c:61 140686847973120: r->filehandle = 126, r->size = 4194304, r->offset = 8388608
00:50:18 ERROR /home/bsc03/bsc03353/forge/src/dispatcher/posix.c:62 140686847973120: single write -1 of expected 4194304
00:50:18 ERROR /home/bsc03/bsc03353/forge/src/dispatcher/posix.c:61 140704027875072: r->filehandle = 41, r->size = 4194304, r->offset = 8388608
00:50:18 ERROR /home/bsc03/bsc03353/forge/src/dispatcher/posix.c:62 140704027875072: single write -1 of expected 4194304
00:50:19 ERROR /home/bsc03/bsc03353/forge/src/dispatcher/posix.c:61 140708322850560: r->filehandle = 88, r->size = 4194304, r->offset = 8388608
00:50:19 ERROR /home/bsc03/bsc03353/forge/src/dispatcher/posix.c:62 140708322850560: single write -1 of expected 4194304
00:50:19 ERROR /home/bsc03/bsc03353/forge/src/dispatcher/posix.c:61 140706175362816: r->filehandle = 128, r->size = 4194304, r->offset = 8388608
00:50:19 ERROR /home/bsc03/bsc03353/forge/src/dispatcher/posix.c:62 140706175362816: single write -1 of expected 4194304
00:50:20 ERROR /home/bsc03/bsc03353/forge/src/dispatcher/posix.c:61 140701880387328: r->filehandle = 71, r->size = 4194304, r->offset = 8388608
00:50:20 ERROR /home/bsc03/bsc03353/forge/src/dispatcher/posix.c:62 140701880387328: single write -1 of expected 4194304
00:50:20 ERROR /home/bsc03/bsc03353/forge/src/dispatcher/posix.c:61 140686847973120: r->filehandle = 87, r->size = 4194304, r->offset = 8388608
00:50:20 ERROR /home/bsc03/bsc03353/forge/src/dispatcher/posix.c:62 140686847973120: single write -1 of expected 4194304
00:50:20 ERROR /home/bsc03/bsc03353/forge/src/dispatcher/posix.c:61 140693290436352: r->filehandle = 96, r->size = 4194304, r->offset = 8388608
00:50:20 ERROR /home/bsc03/bsc03353/forge/src/dispatcher/posix.c:62 140693290436352: single write -1 of expected 4194304
00:50:20 ERROR /home/bsc03/bsc03353/forge/src/dispatcher/posix.c:61 140699732899584: r->filehandle = 120, r->size = 4194304, r->offset = 4194304
00:50:20 ERROR /home/bsc03/bsc03353/forge/src/dispatcher/posix.c:62 140699732899584: single write -1 of expected 4194304
00:50:21 ERROR /home/bsc03/bsc03353/forge/src/dispatcher/posix.c:61 140684700485376: r->filehandle = 63, r->size = 4194304, r->offset = 4194304
00:50:21 ERROR /home/bsc03/bsc03353/forge/src/dispatcher/posix.c:62 140684700485376: single write -1 of expected 4194304
00:50:21 ERROR /home/bsc03/bsc03353/forge/src/dispatcher/posix.c:61 140678258022144: r->filehandle = 111, r->size = 4194304, r->offset = 8388608
00:50:21 ERROR /home/bsc03/bsc03353/forge/src/dispatcher/posix.c:62 140678258022144: single write -1 of expected 4194304
00:50:21 ERROR /home/bsc03/bsc03353/forge/src/dispatcher/posix.c:61 140704027875072: r->filehandle = 105, r->size = 4194304, r->offset = 8388608
00:50:21 ERROR /home/bsc03/bsc03353/forge/src/dispatcher/posix.c:62 140704027875072: single write -1 of expected 4194304
00:50:21 ERROR /home/bsc03/bsc03353/forge/src/dispatcher/posix.c:61 140701880387328: r->filehandle = 118, r->size = 4194304, r->offset = 8388608
00:50:21 ERROR /home/bsc03/bsc03353/forge/src/dispatcher/posix.c:62 140701880387328: single write -1 of expected 4194304
00:50:22 ERROR /home/bsc03/bsc03353/forge/src/dispatcher/posix.c:61 140676110534400: r->filehandle = 92, r->size = 4194304, r->offset = 8388608
00:50:22 ERROR /home/bsc03/bsc03353/forge/src/dispatcher/posix.c:62 140676110534400: single write -1 of expected 4194304
00:50:22 ERROR /home/bsc03/bsc03353/forge/src/dispatcher/posix.c:61 140691142948608: r->filehandle = 61, r->size = 4194304, r->offset = 4194304
00:50:22 ERROR /home/bsc03/bsc03353/forge/src/dispatcher/posix.c:62 140691142948608: single write -1 of expected 4194304
00:50:22 ERROR /home/bsc03/bsc03353/forge/src/dispatcher/posix.c:61 140706175362816: r->filehandle = 116, r->size = 4194304, r->offset = 8388608
00:50:22 ERROR /home/bsc03/bsc03353/forge/src/dispatcher/posix.c:62 140706175362816: single write -1 of expected 4194304
00:50:22 ERROR /home/bsc03/bsc03353/forge/src/dispatcher/posix.c:61 140695437924096: r->filehandle = 74, r->size = 4194304, r->offset = 8388608
00:50:22 ERROR /home/bsc03/bsc03353/forge/src/dispatcher/posix.c:62 140695437924096: single write -1 of expected 4194304
00:50:23 ERROR /home/bsc03/bsc03353/forge/src/dispatcher/posix.c:61 140686847973120: r->filehandle = 49, r->size = 4194304, r->offset = 8388608
00:50:23 ERROR /home/bsc03/bsc03353/forge/src/dispatcher/posix.c:62 140686847973120: single write -1 of expected 4194304
00:50:23 ERROR /home/bsc03/bsc03353/forge/src/dispatcher/posix.c:61 140684700485376: r->filehandle = 84, r->size = 4194304, r->offset = 4194304
00:50:23 ERROR /home/bsc03/bsc03353/forge/src/dispatcher/posix.c:62 140684700485376: single write -1 of expected 4194304
00:50:23 ERROR /home/bsc03/bsc03353/forge/src/dispatcher/posix.c:61 140697585411840: r->filehandle = 80, r->size = 4194304, r->offset = 8388608
00:50:23 ERROR /home/bsc03/bsc03353/forge/src/dispatcher/posix.c:62 140697585411840: single write -1 of expected 4194304
00:50:23 ERROR /home/bsc03/bsc03353/forge/src/dispatcher/posix.c:61 140706175362816: r->filehandle = 125, r->size = 4194304, r->offset = 8388608
00:50:23 ERROR /home/bsc03/bsc03353/forge/src/dispatcher/posix.c:62 140706175362816: single write -1 of expected 4194304
00:50:24 ERROR /home/bsc03/bsc03353/forge/src/dispatcher/posix.c:61 140682552997632: r->filehandle = 62, r->size = 4194304, r->offset = 8388608
00:50:24 ERROR /home/bsc03/bsc03353/forge/src/dispatcher/posix.c:62 140682552997632: single write -1 of expected 4194304
00:50:24 ERROR /home/bsc03/bsc03353/forge/src/dispatcher/posix.c:61 140704027875072: r->filehandle = 72, r->size = 4194304, r->offset = 8388608
00:50:24 ERROR /home/bsc03/bsc03353/forge/src/dispatcher/posix.c:62 140704027875072: single write -1 of expected 4194304
00:50:24 ERROR /home/bsc03/bsc03353/forge/src/dispatcher/posix.c:61 140688995460864: r->filehandle = 66, r->size = 4194304, r->offset = 4194304
00:50:24 ERROR /home/bsc03/bsc03353/forge/src/dispatcher/posix.c:62 140688995460864: single write -1 of expected 4194304
00:50:24 ERROR /home/bsc03/bsc03353/forge/src/dispatcher/posix.c:61 140676110534400: r->filehandle = 101, r->size = 4194304, r->offset = 8388608
00:50:24 ERROR /home/bsc03/bsc03353/forge/src/dispatcher/posix.c:62 140676110534400: single write -1 of expected 4194304
00:50:25 ERROR /home/bsc03/bsc03353/forge/src/dispatcher/posix.c:61 140678258022144: r->filehandle = 115, r->size = 4194304, r->offset = 8388608
00:50:25 ERROR /home/bsc03/bsc03353/forge/src/dispatcher/posix.c:62 140678258022144: single write -1 of expected 4194304
00:50:25 ERROR /home/bsc03/bsc03353/forge/src/dispatcher/posix.c:61 140706175362816: r->filehandle = 124, r->size = 4194304, r->offset = 8388608
00:50:25 ERROR /home/bsc03/bsc03353/forge/src/dispatcher/posix.c:62 140706175362816: single write -1 of expected 4194304
00:50:25 ERROR /home/bsc03/bsc03353/forge/src/dispatcher/posix.c:61 140704027875072: r->filehandle = 85, r->size = 4194304, r->offset = 8388608
00:50:25 ERROR /home/bsc03/bsc03353/forge/src/dispatcher/posix.c:62 140704027875072: single write -1 of expected 4194304
00:50:25 ERROR /home/bsc03/bsc03353/forge/src/dispatcher/posix.c:61 140701880387328: r->filehandle = 75, r->size = 4194304, r->offset = 8388608
00:50:25 ERROR /home/bsc03/bsc03353/forge/src/dispatcher/posix.c:62 140701880387328: single write -1 of expected 4194304
00:50:26 ERROR /home/bsc03/bsc03353/forge/src/dispatcher/posix.c:61 140695437924096: r->filehandle = 104, r->size = 4194304, r->offset = 8388608
00:50:26 ERROR /home/bsc03/bsc03353/forge/src/dispatcher/posix.c:62 140695437924096: single write -1 of expected 4194304
00:50:26 ERROR /home/bsc03/bsc03353/forge/src/dispatcher/posix.c:61 140676110534400: r->filehandle = 53, r->size = 4194304, r->offset = 8388608
00:50:26 ERROR /home/bsc03/bsc03353/forge/src/dispatcher/posix.c:62 140676110534400: single write -1 of expected 4194304
00:50:26 ERROR /home/bsc03/bsc03353/forge/src/dispatcher/posix.c:61 140678258022144: r->filehandle = 57, r->size = 4194304, r->offset = 8388608
00:50:26 ERROR /home/bsc03/bsc03353/forge/src/dispatcher/posix.c:62 140678258022144: single write -1 of expected 4194304
00:50:26 ERROR /home/bsc03/bsc03353/forge/src/dispatcher/posix.c:61 140684700485376: r->filehandle = 51, r->size = 4194304, r->offset = 4194304
00:50:26 ERROR /home/bsc03/bsc03353/forge/src/dispatcher/posix.c:62 140684700485376: single write -1 of expected 4194304
00:50:26 ERROR /home/bsc03/bsc03353/forge/src/dispatcher/posix.c:61 140693290436352: r->filehandle = 38, r->size = 4194304, r->offset = 8388608
00:50:26 ERROR /home/bsc03/bsc03353/forge/src/dispatcher/posix.c:62 140693290436352: single write -1 of expected 4194304
00:50:27 ERROR /home/bsc03/bsc03353/forge/src/dispatcher/posix.c:61 140688995460864: r->filehandle = 40, r->size = 4194304, r->offset = 8388608
00:50:27 ERROR /home/bsc03/bsc03353/forge/src/dispatcher/posix.c:62 140688995460864: single write -1 of expected 4194304
00:50:27 ERROR /home/bsc03/bsc03353/forge/src/dispatcher/posix.c:61 140680405509888: r->filehandle = 119, r->size = 4194304, r->offset = 4194304
00:50:27 ERROR /home/bsc03/bsc03353/forge/src/dispatcher/posix.c:62 140680405509888: single write -1 of expected 4194304
00:50:27 ERROR /home/bsc03/bsc03353/forge/src/dispatcher/posix.c:61 140678258022144: r->filehandle = 78, r->size = 4194304, r->offset = 8388608
00:50:27 ERROR /home/bsc03/bsc03353/forge/src/dispatcher/posix.c:62 140678258022144: single write -1 of expected 4194304
00:50:27 ERROR /home/bsc03/bsc03353/forge/src/dispatcher/posix.c:61 140693290436352: r->filehandle = 130, r->size = 4194304, r->offset = 8388608
00:50:27 ERROR /home/bsc03/bsc03353/forge/src/dispatcher/posix.c:62 140693290436352: single write -1 of expected 4194304
00:50:28 ERROR /home/bsc03/bsc03353/forge/src/dispatcher/posix.c:61 140686847973120: r->filehandle = 82, r->size = 4194304, r->offset = 8388608
00:50:28 ERROR /home/bsc03/bsc03353/forge/src/dispatcher/posix.c:62 140686847973120: single write -1 of expected 4194304
00:50:28 ERROR /home/bsc03/bsc03353/forge/src/dispatcher/posix.c:61 140697585411840: r->filehandle = 98, r->size = 4194304, r->offset = 8388608
00:50:28 ERROR /home/bsc03/bsc03353/forge/src/dispatcher/posix.c:62 140697585411840: single write -1 of expected 4194304
00:50:28 ERROR /home/bsc03/bsc03353/forge/src/dispatcher/posix.c:61 140706175362816: r->filehandle = 60, r->size = 4194304, r->offset = 8388608
00:50:28 ERROR /home/bsc03/bsc03353/forge/src/dispatcher/posix.c:62 140706175362816: single write -1 of expected 4194304
00:50:28 ERROR /home/bsc03/bsc03353/forge/src/dispatcher/posix.c:61 140680405509888: r->filehandle = 47, r->size = 4194304, r->offset = 8388608
00:50:28 ERROR /home/bsc03/bsc03353/forge/src/dispatcher/posix.c:62 140680405509888: single write -1 of expected 4194304
00:50:29 ERROR /home/bsc03/bsc03353/forge/src/dispatcher/posix.c:61 140684700485376: r->filehandle = 91, r->size = 4194304, r->offset = 8388608
00:50:29 ERROR /home/bsc03/bsc03353/forge/src/dispatcher/posix.c:62 140684700485376: single write -1 of expected 4194304
00:50:29 ERROR /home/bsc03/bsc03353/forge/src/dispatcher/posix.c:61 140693290436352: r->filehandle = 58, r->size = 4194304, r->offset = 8388608
00:50:29 ERROR /home/bsc03/bsc03353/forge/src/dispatcher/posix.c:62 140693290436352: single write -1 of expected 4194304
00:50:29 ERROR /home/bsc03/bsc03353/forge/src/dispatcher/posix.c:61 140678258022144: r->filehandle = 122, r->size = 4194304, r->offset = 8388608
00:50:29 ERROR /home/bsc03/bsc03353/forge/src/dispatcher/posix.c:62 140678258022144: single write -1 of expected 4194304
00:50:29 ERROR /home/bsc03/bsc03353/forge/src/dispatcher/posix.c:61 140688995460864: r->filehandle = 52, r->size = 4194304, r->offset = 8388608
00:50:29 ERROR /home/bsc03/bsc03353/forge/src/dispatcher/posix.c:62 140688995460864: single write -1 of expected 4194304
00:50:30 ERROR /home/bsc03/bsc03353/forge/src/dispatcher/posix.c:61 140704027875072: r->filehandle = 94, r->size = 4194304, r->offset = 8388608
00:50:30 ERROR /home/bsc03/bsc03353/forge/src/dispatcher/posix.c:62 140704027875072: single write -1 of expected 4194304
00:50:30 ERROR /home/bsc03/bsc03353/forge/src/dispatcher/posix.c:61 140701880387328: r->filehandle = 112, r->size = 4194304, r->offset = 8388608
00:50:30 ERROR /home/bsc03/bsc03353/forge/src/dispatcher/posix.c:62 140701880387328: single write -1 of expected 4194304
00:50:30 ERROR /home/bsc03/bsc03353/forge/src/dispatcher/posix.c:61 140693290436352: r->filehandle = 90, r->size = 4194304, r->offset = 8388608
00:50:30 ERROR /home/bsc03/bsc03353/forge/src/dispatcher/posix.c:62 140693290436352: single write -1 of expected 4194304
00:50:30 ERROR /home/bsc03/bsc03353/forge/src/dispatcher/posix.c:61 140686847973120: r->filehandle = 64, r->size = 4194304, r->offset = 8388608
00:50:30 ERROR /home/bsc03/bsc03353/forge/src/dispatcher/posix.c:62 140686847973120: single write -1 of expected 4194304
00:50:31 ERROR /home/bsc03/bsc03353/forge/src/dispatcher/posix.c:61 140678258022144: r->filehandle = 36, r->size = 4194304, r->offset = 8388608
00:50:31 ERROR /home/bsc03/bsc03353/forge/src/dispatcher/posix.c:62 140678258022144: single write -1 of expected 4194304
00:50:31 ERROR /home/bsc03/bsc03353/forge/src/dispatcher/posix.c:61 140688995460864: r->filehandle = 44, r->size = 4194304, r->offset = 8388608
00:50:31 ERROR /home/bsc03/bsc03353/forge/src/dispatcher/posix.c:62 140688995460864: single write -1 of expected 4194304
00:50:31 ERROR /home/bsc03/bsc03353/forge/src/dispatcher/posix.c:61 140697585411840: r->filehandle = 129, r->size = 4194304, r->offset = 4194304
00:50:31 ERROR /home/bsc03/bsc03353/forge/src/dispatcher/posix.c:62 140697585411840: single write -1 of expected 4194304
00:50:31 ERROR /home/bsc03/bsc03353/forge/src/dispatcher/posix.c:61 140704027875072: r->filehandle = 59, r->size = 4194304, r->offset = 8388608
00:50:31 ERROR /home/bsc03/bsc03353/forge/src/dispatcher/posix.c:62 140704027875072: single write -1 of expected 4194304
00:50:32 ERROR /home/bsc03/bsc03353/forge/src/dispatcher/posix.c:61 140682552997632: r->filehandle = 99, r->size = 4194304, r->offset = 8388608
00:50:32 ERROR /home/bsc03/bsc03353/forge/src/dispatcher/posix.c:62 140682552997632: single write -1 of expected 4194304
00:50:32 ERROR /home/bsc03/bsc03353/forge/src/dispatcher/posix.c:61 140686847973120: r->filehandle = 73, r->size = 4194304, r->offset = 8388608
00:50:32 ERROR /home/bsc03/bsc03353/forge/src/dispatcher/posix.c:62 140686847973120: single write -1 of expected 4194304
00:50:32 ERROR /home/bsc03/bsc03353/forge/src/dispatcher/posix.c:61 140684700485376: r->filehandle = 65, r->size = 4194304, r->offset = 8388608
00:50:32 ERROR /home/bsc03/bsc03353/forge/src/dispatcher/posix.c:62 140684700485376: single write -1 of expected 4194304
00:50:32 ERROR /home/bsc03/bsc03353/forge/src/dispatcher/posix.c:61 140695437924096: r->filehandle = 79, r->size = 4194304, r->offset = 8388608
00:50:32 ERROR /home/bsc03/bsc03353/forge/src/dispatcher/posix.c:62 140695437924096: single write -1 of expected 4194304
00:50:33 ERROR /home/bsc03/bsc03353/forge/src/dispatcher/posix.c:61 140680405509888: r->filehandle = 46, r->size = 4194304, r->offset = 8388608
00:50:33 ERROR /home/bsc03/bsc03353/forge/src/dispatcher/posix.c:62 140680405509888: single write -1 of expected 4194304
00:50:33 ERROR /home/bsc03/bsc03353/forge/src/dispatcher/posix.c:61 140706175362816: r->filehandle = 95, r->size = 4194304, r->offset = 8388608
00:50:33 ERROR /home/bsc03/bsc03353/forge/src/dispatcher/posix.c:62 140706175362816: single write -1 of expected 4194304
00:50:33 ERROR /home/bsc03/bsc03353/forge/src/dispatcher/posix.c:61 140701880387328: r->filehandle = 56, r->size = 4194304, r->offset = 8388608
00:50:33 ERROR /home/bsc03/bsc03353/forge/src/dispatcher/posix.c:62 140701880387328: single write -1 of expected 4194304
00:50:33 ERROR /home/bsc03/bsc03353/forge/src/dispatcher/posix.c:61 140699732899584: r->filehandle = 77, r->size = 4194304, r->offset = 8388608
00:50:33 ERROR /home/bsc03/bsc03353/forge/src/dispatcher/posix.c:62 140699732899584: single write -1 of expected 4194304
00:50:33 ERROR /home/bsc03/bsc03353/forge/src/dispatcher/posix.c:61 140693290436352: r->filehandle = 45, r->size = 4194304, r->offset = 8388608
00:50:33 ERROR /home/bsc03/bsc03353/forge/src/dispatcher/posix.c:62 140693290436352: single write -1 of expected 4194304
00:50:34 ERROR /home/bsc03/bsc03353/forge/src/dispatcher/posix.c:61 140708322850560: r->filehandle = 86, r->size = 4194304, r->offset = 8388608
00:50:34 ERROR /home/bsc03/bsc03353/forge/src/dispatcher/posix.c:62 140708322850560: single write -1 of expected 4194304
00:50:34 ERROR /home/bsc03/bsc03353/forge/src/dispatcher/posix.c:61 140678258022144: r->filehandle = 108, r->size = 4194304, r->offset = 8388608
00:50:34 ERROR /home/bsc03/bsc03353/forge/src/dispatcher/posix.c:62 140678258022144: single write -1 of expected 4194304
00:50:34 ERROR /home/bsc03/bsc03353/forge/src/dispatcher/posix.c:61 140676110534400: r->filehandle = 81, r->size = 4194304, r->offset = 8388608
00:50:34 ERROR /home/bsc03/bsc03353/forge/src/dispatcher/posix.c:62 140676110534400: single write -1 of expected 4194304
00:50:34 ERROR /home/bsc03/bsc03353/forge/src/dispatcher/posix.c:61 140688995460864: r->filehandle = 107, r->size = 4194304, r->offset = 8388608
00:50:34 ERROR /home/bsc03/bsc03353/forge/src/dispatcher/posix.c:62 140688995460864: single write -1 of expected 4194304
00:50:35 ERROR /home/bsc03/bsc03353/forge/src/dispatcher/posix.c:61 140691142948608: r->filehandle = 100, r->size = 4194304, r->offset = 8388608
00:50:35 ERROR /home/bsc03/bsc03353/forge/src/dispatcher/posix.c:62 140691142948608: single write -1 of expected 4194304
00:50:35 WARN  /home/bsc03/bsc03353/forge/src/main.c:789 140094394173504: hit stone wall at 83.644024 seconds!
AGIOS: stopped for this client. It can already be used by calling agios_init

00:50:35 INFO  /home/bsc03/bsc03353/forge/src/main.c:1158 140715448277056: I/O Forwarding Exploration [COMPLETE]
