Set GCC compilers as MPI wrappers backend 
remove impi/2017.4 (PATH, MANPATH, LD_LIBRARY_PATH) 
load openmpi/4.0.2_UCX (PATH, MANPATH, LD_LIBRARY_PATH) 
Set GCC compilers as MPI wrappers backend 
load gsl/2.4 (PATH, LD_LIBRARY_PATH, LIBRARY_PATH, MANPATH, INFOPATH,
C_INCLUDE_PATH, CPLUS_INCLUDE_PATH, PKG_CONFIG_PATH, GSL_DIR) 
13:32:01 INFO  /home/bsc03/bsc03353/forge/src/main.c:107 139848693151808: I/O Forwarding Exploration [START]
Will AGIOS generate trace files? NO
Default scheduling algorithm: TO
TWINS window size: 1000000
Will the Prediction Module read information from trace files? NO
File with access time functions: /home/bsc03/bsc03353/forge/agios/access_times.func
AGIOS thinks its user has stripe size of 32768
Will AGIOS generate trace files? NO
Default scheduling algorithm: TO
TWINS window size: 1000000
Will the Prediction Module read information from trace files? NO
File with access time functions: /home/bsc03/bsc03353/forge/agios/access_times.func
AGIOS thinks its user has stripe size of 32768
13:32:02 ERROR /home/bsc03/bsc03353/forge/src/dispatcher/posix.c:61 139894774376192: r->filehandle = 36, r->size = 524288, r->offset = 118082764800
13:32:02 ERROR /home/bsc03/bsc03353/forge/src/dispatcher/posix.c:62 139894774376192: single write -1 of expected 524288
13:32:04 ERROR /home/bsc03/bsc03353/forge/src/dispatcher/posix.c:61 139896921863936: r->filehandle = 36, r->size = 524288, r->offset = 95181864960
13:32:04 ERROR /home/bsc03/bsc03353/forge/src/dispatcher/posix.c:62 139896921863936: single write -1 of expected 524288
13:32:06 ERROR /home/bsc03/bsc03353/forge/src/dispatcher/posix.c:61 139909806790400: r->filehandle = 36, r->size = 524288, r->offset = 111641886720
13:32:06 ERROR /home/bsc03/bsc03353/forge/src/dispatcher/posix.c:62 139909806790400: single write -1 of expected 524288
13:32:07 ERROR /home/bsc03/bsc03353/forge/src/dispatcher/posix.c:61 139922691716864: r->filehandle = 36, r->size = 524288, r->offset = 91603599360
13:32:07 ERROR /home/bsc03/bsc03353/forge/src/dispatcher/posix.c:62 139922691716864: single write -1 of expected 524288
13:32:08 ERROR /home/bsc03/bsc03353/forge/src/dispatcher/posix.c:61 139903364327168: r->filehandle = 36, r->size = 524288, r->offset = 94466211840
13:32:08 ERROR /home/bsc03/bsc03353/forge/src/dispatcher/posix.c:62 139903364327168: single write -1 of expected 524288
13:32:09 ERROR /home/bsc03/bsc03353/forge/src/dispatcher/posix.c:61 139914101765888: r->filehandle = 36, r->size = 524288, r->offset = 100191436800
13:32:09 ERROR /home/bsc03/bsc03353/forge/src/dispatcher/posix.c:62 139914101765888: single write -1 of expected 524288
13:32:12 ERROR /home/bsc03/bsc03353/forge/src/dispatcher/posix.c:61 139839420405504: r->filehandle = 35, r->size = 524288, r->offset = 15028715520
13:32:12 ERROR /home/bsc03/bsc03353/forge/src/dispatcher/posix.c:62 139839420405504: single write -1 of expected 524288
13:32:12 ERROR /home/bsc03/bsc03353/forge/src/dispatcher/posix.c:61 139905511814912: r->filehandle = 36, r->size = 524288, r->offset = 100907089920
13:32:12 ERROR /home/bsc03/bsc03353/forge/src/dispatcher/posix.c:62 139905511814912: single write -1 of expected 524288
13:32:13 ERROR /home/bsc03/bsc03353/forge/src/dispatcher/posix.c:61 139920544229120: r->filehandle = 36, r->size = 524288, r->offset = 123092336640
13:32:13 ERROR /home/bsc03/bsc03353/forge/src/dispatcher/posix.c:62 139920544229120: single write -1 of expected 524288
13:32:14 ERROR /home/bsc03/bsc03353/forge/src/dispatcher/posix.c:61 139832977942272: r->filehandle = 35, r->size = 524288, r->offset = 60114862080
13:32:14 ERROR /home/bsc03/bsc03353/forge/src/dispatcher/posix.c:62 139832977942272: single write -1 of expected 524288
13:32:15 ERROR /home/bsc03/bsc03353/forge/src/dispatcher/posix.c:61 139914101765888: r->filehandle = 36, r->size = 524288, r->offset = 68702699520
13:32:15 ERROR /home/bsc03/bsc03353/forge/src/dispatcher/posix.c:62 139914101765888: single write -1 of expected 524288
13:32:17 ERROR /home/bsc03/bsc03353/forge/src/dispatcher/posix.c:61 139909806790400: r->filehandle = 36, r->size = 524288, r->offset = 83015761920
13:32:17 ERROR /home/bsc03/bsc03353/forge/src/dispatcher/posix.c:62 139909806790400: single write -1 of expected 524288
13:32:24 ERROR /home/bsc03/bsc03353/forge/src/dispatcher/posix.c:61 139894774376192: r->filehandle = 36, r->size = 524288, r->offset = 115220152320
13:32:24 ERROR /home/bsc03/bsc03353/forge/src/dispatcher/posix.c:62 139894774376192: single write -1 of expected 524288
13:32:27 ERROR /home/bsc03/bsc03353/forge/src/dispatcher/posix.c:61 139926986692352: r->filehandle = 36, r->size = 524288, r->offset = 135258439680
13:32:27 ERROR /home/bsc03/bsc03353/forge/src/dispatcher/posix.c:62 139926986692352: single write -1 of expected 524288
13:32:29 ERROR /home/bsc03/bsc03353/forge/src/dispatcher/posix.c:61 139907659302656: r->filehandle = 36, r->size = 524288, r->offset = 128817561600
13:32:29 ERROR /home/bsc03/bsc03353/forge/src/dispatcher/posix.c:62 139907659302656: single write -1 of expected 524288
13:32:30 ERROR /home/bsc03/bsc03353/forge/src/dispatcher/posix.c:61 139899069351680: r->filehandle = 36, r->size = 524288, r->offset = 108779274240
13:32:30 ERROR /home/bsc03/bsc03353/forge/src/dispatcher/posix.c:62 139899069351680: single write -1 of expected 524288
13:32:31 ERROR /home/bsc03/bsc03353/forge/src/dispatcher/posix.c:61 139901216839424: r->filehandle = 36, r->size = 524288, r->offset = 117367111680
13:32:31 ERROR /home/bsc03/bsc03353/forge/src/dispatcher/posix.c:62 139901216839424: single write -1 of expected 524288
13:32:32 ERROR /home/bsc03/bsc03353/forge/src/dispatcher/posix.c:61 139903364327168: r->filehandle = 36, r->size = 524288, r->offset = 99475783680
13:32:32 ERROR /home/bsc03/bsc03353/forge/src/dispatcher/posix.c:62 139903364327168: single write -1 of expected 524288
13:32:33 ERROR /home/bsc03/bsc03353/forge/src/dispatcher/posix.c:61 139911954278144: r->filehandle = 36, r->size = 524288, r->offset = 71565312000
13:32:33 ERROR /home/bsc03/bsc03353/forge/src/dispatcher/posix.c:62 139911954278144: single write -1 of expected 524288
13:32:33 ERROR /home/bsc03/bsc03353/forge/src/dispatcher/posix.c:61 139896921863936: r->filehandle = 36, r->size = 524288, r->offset = 116651458560
13:32:33 ERROR /home/bsc03/bsc03353/forge/src/dispatcher/posix.c:62 139896921863936: single write -1 of expected 524288
13:32:35 ERROR /home/bsc03/bsc03353/forge/src/dispatcher/posix.c:61 139918396741376: r->filehandle = 36, r->size = 524288, r->offset = 123807989760
13:32:35 ERROR /home/bsc03/bsc03353/forge/src/dispatcher/posix.c:62 139918396741376: single write -1 of expected 524288
13:32:35 ERROR /home/bsc03/bsc03353/forge/src/dispatcher/posix.c:61 139916249253632: r->filehandle = 36, r->size = 524288, r->offset = 134542786560
13:32:35 ERROR /home/bsc03/bsc03353/forge/src/dispatcher/posix.c:62 139916249253632: single write -1 of expected 524288
13:32:38 ERROR /home/bsc03/bsc03353/forge/src/dispatcher/posix.c:61 139924839204608: r->filehandle = 36, r->size = 524288, r->offset = 105916661760
13:32:38 ERROR /home/bsc03/bsc03353/forge/src/dispatcher/posix.c:62 139924839204608: single write -1 of expected 524288
13:32:42 ERROR /home/bsc03/bsc03353/forge/src/dispatcher/posix.c:61 139922691716864: r->filehandle = 36, r->size = 524288, r->offset = 110926233600
13:32:42 ERROR /home/bsc03/bsc03353/forge/src/dispatcher/posix.c:62 139922691716864: single write -1 of expected 524288
13:32:43 ERROR /home/bsc03/bsc03353/forge/src/dispatcher/posix.c:61 139841567893248: r->filehandle = 35, r->size = 524288, r->offset = 0
13:32:43 ERROR /home/bsc03/bsc03353/forge/src/dispatcher/posix.c:62 139841567893248: single write -1 of expected 524288
13:32:46 ERROR /home/bsc03/bsc03353/forge/src/dispatcher/posix.c:61 139903364327168: r->filehandle = 36, r->size = 524288, r->offset = 126670602240
13:32:46 ERROR /home/bsc03/bsc03353/forge/src/dispatcher/posix.c:62 139903364327168: single write -1 of expected 524288
13:32:48 ERROR /home/bsc03/bsc03353/forge/src/dispatcher/posix.c:61 139841567893248: r->filehandle = 35, r->size = 524288, r->offset = 3578265600
13:32:48 ERROR /home/bsc03/bsc03353/forge/src/dispatcher/posix.c:62 139841567893248: single write -1 of expected 524288
13:32:49 ERROR /home/bsc03/bsc03353/forge/src/dispatcher/posix.c:61 139817945528064: r->filehandle = 35, r->size = 524288, r->offset = 20753940480
13:32:49 ERROR /home/bsc03/bsc03353/forge/src/dispatcher/posix.c:62 139817945528064: single write -1 of expected 524288
13:32:50 ERROR /home/bsc03/bsc03353/forge/src/dispatcher/posix.c:61 139911954278144: r->filehandle = 36, r->size = 524288, r->offset = 112357539840
13:32:50 ERROR /home/bsc03/bsc03353/forge/src/dispatcher/posix.c:62 139911954278144: single write -1 of expected 524288
13:32:51 ERROR /home/bsc03/bsc03353/forge/src/dispatcher/posix.c:61 139901216839424: r->filehandle = 36, r->size = 524288, r->offset = 86594027520
13:32:51 ERROR /home/bsc03/bsc03353/forge/src/dispatcher/posix.c:62 139901216839424: single write -1 of expected 524288
13:32:53 ERROR /home/bsc03/bsc03353/forge/src/dispatcher/posix.c:61 139922691716864: r->filehandle = 36, r->size = 524288, r->offset = 78006190080
13:32:53 ERROR /home/bsc03/bsc03353/forge/src/dispatcher/posix.c:62 139922691716864: single write -1 of expected 524288
13:32:54 ERROR /home/bsc03/bsc03353/forge/src/dispatcher/posix.c:61 139899069351680: r->filehandle = 36, r->size = 524288, r->offset = 89456640000
13:32:54 ERROR /home/bsc03/bsc03353/forge/src/dispatcher/posix.c:62 139899069351680: single write -1 of expected 524288
13:32:54 ERROR /home/bsc03/bsc03353/forge/src/dispatcher/posix.c:61 139918396741376: r->filehandle = 36, r->size = 524288, r->offset = 75143577600
13:32:54 ERROR /home/bsc03/bsc03353/forge/src/dispatcher/posix.c:62 139918396741376: single write -1 of expected 524288
13:32:55 ERROR /home/bsc03/bsc03353/forge/src/dispatcher/posix.c:61 139914101765888: r->filehandle = 36, r->size = 524288, r->offset = 133827133440
13:32:55 ERROR /home/bsc03/bsc03353/forge/src/dispatcher/posix.c:62 139914101765888: single write -1 of expected 524288
13:32:56 ERROR /home/bsc03/bsc03353/forge/src/dispatcher/posix.c:61 139896921863936: r->filehandle = 36, r->size = 524288, r->offset = 122376683520
13:32:56 ERROR /home/bsc03/bsc03353/forge/src/dispatcher/posix.c:62 139896921863936: single write -1 of expected 524288
13:32:57 ERROR /home/bsc03/bsc03353/forge/src/dispatcher/posix.c:61 139907659302656: r->filehandle = 36, r->size = 524288, r->offset = 120945377280
13:32:57 ERROR /home/bsc03/bsc03353/forge/src/dispatcher/posix.c:62 139907659302656: single write -1 of expected 524288
13:32:59 ERROR /home/bsc03/bsc03353/forge/src/dispatcher/posix.c:61 139926986692352: r->filehandle = 36, r->size = 524288, r->offset = 97328824320
13:32:59 ERROR /home/bsc03/bsc03353/forge/src/dispatcher/posix.c:62 139926986692352: single write -1 of expected 524288
13:33:01 ERROR /home/bsc03/bsc03353/forge/src/dispatcher/posix.c:61 139909806790400: r->filehandle = 36, r->size = 524288, r->offset = 103769702400
13:33:01 ERROR /home/bsc03/bsc03353/forge/src/dispatcher/posix.c:62 139909806790400: single write -1 of expected 524288
13:33:04 ERROR /home/bsc03/bsc03353/forge/src/dispatcher/posix.c:61 139920544229120: r->filehandle = 36, r->size = 524288, r->offset = 105201008640
13:33:04 ERROR /home/bsc03/bsc03353/forge/src/dispatcher/posix.c:62 139920544229120: single write -1 of expected 524288
13:33:04 ERROR /home/bsc03/bsc03353/forge/src/dispatcher/posix.c:61 139916249253632: r->filehandle = 36, r->size = 524288, r->offset = 83731415040
13:33:04 ERROR /home/bsc03/bsc03353/forge/src/dispatcher/posix.c:62 139916249253632: single write -1 of expected 524288
13:33:06 ERROR /home/bsc03/bsc03353/forge/src/dispatcher/posix.c:61 139905511814912: r->filehandle = 36, r->size = 524288, r->offset = 88740986880
13:33:06 ERROR /home/bsc03/bsc03353/forge/src/dispatcher/posix.c:62 139905511814912: single write -1 of expected 524288
13:33:07 ERROR /home/bsc03/bsc03353/forge/src/dispatcher/posix.c:61 139924839204608: r->filehandle = 36, r->size = 524288, r->offset = 115935805440
13:33:07 ERROR /home/bsc03/bsc03353/forge/src/dispatcher/posix.c:62 139924839204608: single write -1 of expected 524288
13:33:08 ERROR /home/bsc03/bsc03353/forge/src/dispatcher/posix.c:61 139894774376192: r->filehandle = 36, r->size = 524288, r->offset = 125954949120
13:33:08 ERROR /home/bsc03/bsc03353/forge/src/dispatcher/posix.c:62 139894774376192: single write -1 of expected 524288
13:33:09 ERROR /home/bsc03/bsc03353/forge/src/dispatcher/posix.c:61 139835125430016: r->filehandle = 35, r->size = 524288, r->offset = 47948759040
13:33:09 ERROR /home/bsc03/bsc03353/forge/src/dispatcher/posix.c:62 139835125430016: single write -1 of expected 524288
13:33:09 ERROR /home/bsc03/bsc03353/forge/src/dispatcher/posix.c:61 139907659302656: r->filehandle = 36, r->size = 524288, r->offset = 132395827200
13:33:09 ERROR /home/bsc03/bsc03353/forge/src/dispatcher/posix.c:62 139907659302656: single write -1 of expected 524288
13:33:09 ERROR /home/bsc03/bsc03353/forge/src/dispatcher/posix.c:61 139822240503552: r->filehandle = 35, r->size = 524288, r->offset = 8587837440
13:33:09 ERROR /home/bsc03/bsc03353/forge/src/dispatcher/posix.c:62 139822240503552: single write -1 of expected 524288
13:33:11 ERROR /home/bsc03/bsc03353/forge/src/dispatcher/posix.c:61 139813650552576: r->filehandle = 35, r->size = 524288, r->offset = 43654840320
13:33:11 ERROR /home/bsc03/bsc03353/forge/src/dispatcher/posix.c:62 139813650552576: single write -1 of expected 524288
13:33:12 ERROR /home/bsc03/bsc03353/forge/src/dispatcher/posix.c:61 139826535479040: r->filehandle = 35, r->size = 524288, r->offset = 60830515200
13:33:12 ERROR /home/bsc03/bsc03353/forge/src/dispatcher/posix.c:62 139826535479040: single write -1 of expected 524288
13:33:13 ERROR /home/bsc03/bsc03353/forge/src/dispatcher/posix.c:61 139916249253632: r->filehandle = 36, r->size = 524288, r->offset = 93034905600
13:33:13 ERROR /home/bsc03/bsc03353/forge/src/dispatcher/posix.c:62 139916249253632: single write -1 of expected 524288
13:33:14 ERROR /home/bsc03/bsc03353/forge/src/dispatcher/posix.c:61 139901216839424: r->filehandle = 36, r->size = 524288, r->offset = 104485355520
13:33:14 ERROR /home/bsc03/bsc03353/forge/src/dispatcher/posix.c:62 139901216839424: single write -1 of expected 524288
13:33:16 ERROR /home/bsc03/bsc03353/forge/src/dispatcher/posix.c:61 139911954278144: r->filehandle = 36, r->size = 524288, r->offset = 103054049280
13:33:16 ERROR /home/bsc03/bsc03353/forge/src/dispatcher/posix.c:62 139911954278144: single write -1 of expected 524288
13:33:17 ERROR /home/bsc03/bsc03353/forge/src/dispatcher/posix.c:61 139926986692352: r->filehandle = 36, r->size = 524288, r->offset = 72280965120
13:33:17 ERROR /home/bsc03/bsc03353/forge/src/dispatcher/posix.c:62 139926986692352: single write -1 of expected 524288
13:33:19 ERROR /home/bsc03/bsc03353/forge/src/dispatcher/posix.c:61 139894774376192: r->filehandle = 36, r->size = 524288, r->offset = 98044477440
13:33:19 ERROR /home/bsc03/bsc03353/forge/src/dispatcher/posix.c:62 139894774376192: single write -1 of expected 524288
13:33:20 ERROR /home/bsc03/bsc03353/forge/src/dispatcher/posix.c:61 139905511814912: r->filehandle = 36, r->size = 524288, r->offset = 121661030400
13:33:20 ERROR /home/bsc03/bsc03353/forge/src/dispatcher/posix.c:62 139905511814912: single write -1 of expected 524288
13:33:21 ERROR /home/bsc03/bsc03353/forge/src/dispatcher/posix.c:61 139899069351680: r->filehandle = 36, r->size = 524288, r->offset = 85878374400
13:33:21 ERROR /home/bsc03/bsc03353/forge/src/dispatcher/posix.c:62 139899069351680: single write -1 of expected 524288
13:33:23 ERROR /home/bsc03/bsc03353/forge/src/dispatcher/posix.c:61 139918396741376: r->filehandle = 36, r->size = 524288, r->offset = 80153149440
13:33:23 ERROR /home/bsc03/bsc03353/forge/src/dispatcher/posix.c:62 139918396741376: single write -1 of expected 524288
13:33:23 ERROR /home/bsc03/bsc03353/forge/src/dispatcher/posix.c:61 139922691716864: r->filehandle = 36, r->size = 524288, r->offset = 109494927360
13:33:23 ERROR /home/bsc03/bsc03353/forge/src/dispatcher/posix.c:62 139922691716864: single write -1 of expected 524288
13:33:24 ERROR /home/bsc03/bsc03353/forge/src/dispatcher/posix.c:61 139896921863936: r->filehandle = 36, r->size = 524288, r->offset = 70849658880
13:33:24 ERROR /home/bsc03/bsc03353/forge/src/dispatcher/posix.c:62 139896921863936: single write -1 of expected 524288
13:33:25 ERROR /home/bsc03/bsc03353/forge/src/dispatcher/posix.c:61 139820093015808: r->filehandle = 35, r->size = 524288, r->offset = 17175674880
13:33:25 ERROR /home/bsc03/bsc03353/forge/src/dispatcher/posix.c:62 139820093015808: single write -1 of expected 524288
13:33:26 ERROR /home/bsc03/bsc03353/forge/src/dispatcher/posix.c:61 139817945528064: r->filehandle = 35, r->size = 524288, r->offset = 54389637120
13:33:26 ERROR /home/bsc03/bsc03353/forge/src/dispatcher/posix.c:62 139817945528064: single write -1 of expected 524288
13:33:26 ERROR /home/bsc03/bsc03353/forge/src/dispatcher/posix.c:61 139914101765888: r->filehandle = 36, r->size = 524288, r->offset = 98760130560
13:33:26 ERROR /home/bsc03/bsc03353/forge/src/dispatcher/posix.c:62 139914101765888: single write -1 of expected 524288
13:33:28 ERROR /home/bsc03/bsc03353/forge/src/dispatcher/posix.c:61 139839420405504: r->filehandle = 35, r->size = 524288, r->offset = 51527024640
13:33:28 ERROR /home/bsc03/bsc03353/forge/src/dispatcher/posix.c:62 139839420405504: single write -1 of expected 524288
13:33:29 ERROR /home/bsc03/bsc03353/forge/src/dispatcher/posix.c:61 139841567893248: r->filehandle = 35, r->size = 524288, r->offset = 2862612480
13:33:29 ERROR /home/bsc03/bsc03353/forge/src/dispatcher/posix.c:62 139841567893248: single write -1 of expected 524288
13:33:31 ERROR /home/bsc03/bsc03353/forge/src/dispatcher/posix.c:61 139824387991296: r->filehandle = 35, r->size = 524288, r->offset = 26479165440
13:33:31 ERROR /home/bsc03/bsc03353/forge/src/dispatcher/posix.c:62 139824387991296: single write -1 of expected 524288
13:33:32 ERROR /home/bsc03/bsc03353/forge/src/dispatcher/posix.c:61 139820093015808: r->filehandle = 35, r->size = 524288, r->offset = 2146959360
13:33:32 ERROR /home/bsc03/bsc03353/forge/src/dispatcher/posix.c:62 139820093015808: single write -1 of expected 524288
13:33:33 ERROR /home/bsc03/bsc03353/forge/src/dispatcher/posix.c:61 139832977942272: r->filehandle = 35, r->size = 524288, r->offset = 20038287360
13:33:33 ERROR /home/bsc03/bsc03353/forge/src/dispatcher/posix.c:62 139832977942272: single write -1 of expected 524288
13:33:35 ERROR /home/bsc03/bsc03353/forge/src/dispatcher/posix.c:61 139903364327168: r->filehandle = 36, r->size = 524288, r->offset = 128101908480
13:33:35 ERROR /home/bsc03/bsc03353/forge/src/dispatcher/posix.c:62 139903364327168: single write -1 of expected 524288
13:33:36 ERROR /home/bsc03/bsc03353/forge/src/dispatcher/posix.c:61 139924839204608: r->filehandle = 36, r->size = 524288, r->offset = 96613171200
13:33:36 ERROR /home/bsc03/bsc03353/forge/src/dispatcher/posix.c:62 139924839204608: single write -1 of expected 524288
13:33:37 ERROR /home/bsc03/bsc03353/forge/src/dispatcher/posix.c:61 139909806790400: r->filehandle = 36, r->size = 524288, r->offset = 76574883840
13:33:37 ERROR /home/bsc03/bsc03353/forge/src/dispatcher/posix.c:62 139909806790400: single write -1 of expected 524288
13:33:37 ERROR /home/bsc03/bsc03353/forge/src/dispatcher/posix.c:61 139901216839424: r->filehandle = 36, r->size = 524288, r->offset = 119514071040
13:33:37 ERROR /home/bsc03/bsc03353/forge/src/dispatcher/posix.c:62 139901216839424: single write -1 of expected 524288
13:33:38 ERROR /home/bsc03/bsc03353/forge/src/dispatcher/posix.c:61 139820093015808: r->filehandle = 35, r->size = 524288, r->offset = 57967902720
13:33:38 ERROR /home/bsc03/bsc03353/forge/src/dispatcher/posix.c:62 139820093015808: single write -1 of expected 524288
13:33:40 ERROR /home/bsc03/bsc03353/forge/src/dispatcher/posix.c:61 139907659302656: r->filehandle = 36, r->size = 524288, r->offset = 110210580480
13:33:40 ERROR /home/bsc03/bsc03353/forge/src/dispatcher/posix.c:62 139907659302656: single write -1 of expected 524288
13:33:43 ERROR /home/bsc03/bsc03353/forge/src/dispatcher/posix.c:61 139905511814912: r->filehandle = 36, r->size = 524288, r->offset = 90887946240
13:33:43 ERROR /home/bsc03/bsc03353/forge/src/dispatcher/posix.c:62 139905511814912: single write -1 of expected 524288
13:33:44 ERROR /home/bsc03/bsc03353/forge/src/dispatcher/posix.c:61 139920544229120: r->filehandle = 36, r->size = 524288, r->offset = 133111480320
13:33:44 ERROR /home/bsc03/bsc03353/forge/src/dispatcher/posix.c:62 139920544229120: single write -1 of expected 524288
13:33:45 ERROR /home/bsc03/bsc03353/forge/src/dispatcher/posix.c:61 139815798040320: r->filehandle = 35, r->size = 524288, r->offset = 14313062400
13:33:45 ERROR /home/bsc03/bsc03353/forge/src/dispatcher/posix.c:62 139815798040320: single write -1 of expected 524288
13:33:47 ERROR /home/bsc03/bsc03353/forge/src/dispatcher/posix.c:61 139835125430016: r->filehandle = 35, r->size = 524288, r->offset = 37213962240
13:33:47 ERROR /home/bsc03/bsc03353/forge/src/dispatcher/posix.c:62 139835125430016: single write -1 of expected 524288
13:33:50 ERROR /home/bsc03/bsc03353/forge/src/dispatcher/posix.c:61 139911954278144: r->filehandle = 36, r->size = 524288, r->offset = 106632314880
13:33:50 ERROR /home/bsc03/bsc03353/forge/src/dispatcher/posix.c:62 139911954278144: single write -1 of expected 524288
13:33:50 ERROR /home/bsc03/bsc03353/forge/src/dispatcher/posix.c:61 139835125430016: r->filehandle = 35, r->size = 524288, r->offset = 37929615360
13:33:50 ERROR /home/bsc03/bsc03353/forge/src/dispatcher/posix.c:62 139835125430016: single write -1 of expected 524288
13:33:51 ERROR /home/bsc03/bsc03353/forge/src/dispatcher/posix.c:61 139926986692352: r->filehandle = 36, r->size = 524288, r->offset = 92319252480
13:33:51 ERROR /home/bsc03/bsc03353/forge/src/dispatcher/posix.c:62 139926986692352: single write -1 of expected 524288
13:33:51 ERROR /home/bsc03/bsc03353/forge/src/dispatcher/posix.c:61 139899069351680: r->filehandle = 36, r->size = 524288, r->offset = 120229724160
13:33:51 ERROR /home/bsc03/bsc03353/forge/src/dispatcher/posix.c:62 139899069351680: single write -1 of expected 524288
13:33:53 ERROR /home/bsc03/bsc03353/forge/src/dispatcher/posix.c:61 139922691716864: r->filehandle = 36, r->size = 524288, r->offset = 74427924480
13:33:53 ERROR /home/bsc03/bsc03353/forge/src/dispatcher/posix.c:62 139922691716864: single write -1 of expected 524288
13:33:55 ERROR /home/bsc03/bsc03353/forge/src/dispatcher/posix.c:61 139817945528064: r->filehandle = 35, r->size = 524288, r->offset = 5725224960
13:33:55 ERROR /home/bsc03/bsc03353/forge/src/dispatcher/posix.c:62 139817945528064: single write -1 of expected 524288
13:33:57 ERROR /home/bsc03/bsc03353/forge/src/dispatcher/posix.c:61 139909806790400: r->filehandle = 36, r->size = 524288, r->offset = 127386255360
13:33:57 ERROR /home/bsc03/bsc03353/forge/src/dispatcher/posix.c:62 139909806790400: single write -1 of expected 524288
13:33:58 ERROR /home/bsc03/bsc03353/forge/src/dispatcher/posix.c:61 139809355577088: r->filehandle = 35, r->size = 524288, r->offset = 22900899840
13:33:58 ERROR /home/bsc03/bsc03353/forge/src/dispatcher/posix.c:62 139809355577088: single write -1 of expected 524288
13:33:59 ERROR /home/bsc03/bsc03353/forge/src/dispatcher/posix.c:61 139815798040320: r->filehandle = 35, r->size = 524288, r->offset = 11450449920
13:33:59 ERROR /home/bsc03/bsc03353/forge/src/dispatcher/posix.c:62 139815798040320: single write -1 of expected 524288
13:34:02 ERROR /home/bsc03/bsc03353/forge/src/dispatcher/posix.c:61 139911954278144: r->filehandle = 36, r->size = 524288, r->offset = 75859230720
13:34:02 ERROR /home/bsc03/bsc03353/forge/src/dispatcher/posix.c:62 139911954278144: single write -1 of expected 524288
13:34:05 ERROR /home/bsc03/bsc03353/forge/src/dispatcher/posix.c:61 139824387991296: r->filehandle = 35, r->size = 524288, r->offset = 57252249600
13:34:05 ERROR /home/bsc03/bsc03353/forge/src/dispatcher/posix.c:62 139824387991296: single write -1 of expected 524288
13:34:05 ERROR /home/bsc03/bsc03353/forge/src/dispatcher/posix.c:61 139924839204608: r->filehandle = 36, r->size = 524288, r->offset = 80868802560
13:34:05 ERROR /home/bsc03/bsc03353/forge/src/dispatcher/posix.c:62 139924839204608: single write -1 of expected 524288
13:34:05 ERROR /home/bsc03/bsc03353/forge/src/dispatcher/posix.c:61 139813650552576: r->filehandle = 35, r->size = 524288, r->offset = 32204390400
13:34:05 ERROR /home/bsc03/bsc03353/forge/src/dispatcher/posix.c:62 139813650552576: single write -1 of expected 524288
13:34:06 ERROR /home/bsc03/bsc03353/forge/src/dispatcher/posix.c:61 139894774376192: r->filehandle = 36, r->size = 524288, r->offset = 131680174080
13:34:06 ERROR /home/bsc03/bsc03353/forge/src/dispatcher/posix.c:62 139894774376192: single write -1 of expected 524288
13:34:07 ERROR /home/bsc03/bsc03353/forge/src/dispatcher/posix.c:61 139815798040320: r->filehandle = 35, r->size = 524288, r->offset = 63693127680
13:34:07 ERROR /home/bsc03/bsc03353/forge/src/dispatcher/posix.c:62 139815798040320: single write -1 of expected 524288
13:34:07 ERROR /home/bsc03/bsc03353/forge/src/dispatcher/posix.c:61 139835125430016: r->filehandle = 35, r->size = 524288, r->offset = 19322634240
13:34:07 ERROR /home/bsc03/bsc03353/forge/src/dispatcher/posix.c:62 139835125430016: single write -1 of expected 524288
13:34:10 ERROR /home/bsc03/bsc03353/forge/src/dispatcher/posix.c:61 139907659302656: r->filehandle = 36, r->size = 524288, r->offset = 70134005760
13:34:10 ERROR /home/bsc03/bsc03353/forge/src/dispatcher/posix.c:62 139907659302656: single write -1 of expected 524288
13:34:11 ERROR /home/bsc03/bsc03353/forge/src/dispatcher/posix.c:61 139824387991296: r->filehandle = 35, r->size = 524288, r->offset = 29341777920
13:34:11 ERROR /home/bsc03/bsc03353/forge/src/dispatcher/posix.c:62 139824387991296: single write -1 of expected 524288
13:34:13 ERROR /home/bsc03/bsc03353/forge/src/dispatcher/posix.c:61 139914101765888: r->filehandle = 36, r->size = 524288, r->offset = 102338396160
13:34:13 ERROR /home/bsc03/bsc03353/forge/src/dispatcher/posix.c:62 139914101765888: single write -1 of expected 524288
13:34:14 ERROR /home/bsc03/bsc03353/forge/src/dispatcher/posix.c:61 139918396741376: r->filehandle = 36, r->size = 524288, r->offset = 108063621120
13:34:14 ERROR /home/bsc03/bsc03353/forge/src/dispatcher/posix.c:62 139918396741376: single write -1 of expected 524288
13:34:15 ERROR /home/bsc03/bsc03353/forge/src/dispatcher/posix.c:61 139899069351680: r->filehandle = 36, r->size = 524288, r->offset = 93750558720
13:34:15 ERROR /home/bsc03/bsc03353/forge/src/dispatcher/posix.c:62 139899069351680: single write -1 of expected 524288
13:34:16 ERROR /home/bsc03/bsc03353/forge/src/dispatcher/posix.c:61 139905511814912: r->filehandle = 36, r->size = 524288, r->offset = 90172293120
13:34:16 ERROR /home/bsc03/bsc03353/forge/src/dispatcher/posix.c:62 139905511814912: single write -1 of expected 524288
13:34:17 ERROR /home/bsc03/bsc03353/forge/src/dispatcher/posix.c:61 139896921863936: r->filehandle = 36, r->size = 524288, r->offset = 113788846080
13:34:17 ERROR /home/bsc03/bsc03353/forge/src/dispatcher/posix.c:62 139896921863936: single write -1 of expected 524288
13:34:18 ERROR /home/bsc03/bsc03353/forge/src/dispatcher/posix.c:61 139924839204608: r->filehandle = 36, r->size = 524288, r->offset = 130964520960
13:34:18 ERROR /home/bsc03/bsc03353/forge/src/dispatcher/posix.c:62 139924839204608: single write -1 of expected 524288
13:34:18 ERROR /home/bsc03/bsc03353/forge/src/dispatcher/posix.c:61 139820093015808: r->filehandle = 35, r->size = 524288, r->offset = 6440878080
13:34:18 ERROR /home/bsc03/bsc03353/forge/src/dispatcher/posix.c:62 139820093015808: single write -1 of expected 524288
13:34:19 ERROR /home/bsc03/bsc03353/forge/src/dispatcher/posix.c:61 139901216839424: r->filehandle = 36, r->size = 524288, r->offset = 73712271360
13:34:19 ERROR /home/bsc03/bsc03353/forge/src/dispatcher/posix.c:62 139901216839424: single write -1 of expected 524288
13:34:20 ERROR /home/bsc03/bsc03353/forge/src/dispatcher/posix.c:61 139822240503552: r->filehandle = 35, r->size = 524288, r->offset = 45801799680
13:34:20 ERROR /home/bsc03/bsc03353/forge/src/dispatcher/posix.c:61 139911954278144: r->filehandle = 36, r->size = 524288, r->offset = 87309680640
13:34:20 ERROR /home/bsc03/bsc03353/forge/src/dispatcher/posix.c:62 139822240503552: single write -1 of expected 524288
13:34:20 ERROR /home/bsc03/bsc03353/forge/src/dispatcher/posix.c:62 139911954278144: single write -1 of expected 524288
13:34:21 ERROR /home/bsc03/bsc03353/forge/src/dispatcher/posix.c:61 139914101765888: r->filehandle = 36, r->size = 524288, r->offset = 78721843200
13:34:21 ERROR /home/bsc03/bsc03353/forge/src/dispatcher/posix.c:62 139914101765888: single write -1 of expected 524288
13:34:22 ERROR /home/bsc03/bsc03353/forge/src/dispatcher/posix.c:61 139815798040320: r->filehandle = 35, r->size = 524288, r->offset = 17891328000
13:34:22 ERROR /home/bsc03/bsc03353/forge/src/dispatcher/posix.c:62 139815798040320: single write -1 of expected 524288
13:34:22 ERROR /home/bsc03/bsc03353/forge/src/dispatcher/posix.c:61 139905511814912: r->filehandle = 36, r->size = 524288, r->offset = 107347968000
13:34:22 ERROR /home/bsc03/bsc03353/forge/src/dispatcher/posix.c:62 139905511814912: single write -1 of expected 524288
13:34:24 ERROR /home/bsc03/bsc03353/forge/src/dispatcher/posix.c:61 139926986692352: r->filehandle = 36, r->size = 524288, r->offset = 114504499200
13:34:24 ERROR /home/bsc03/bsc03353/forge/src/dispatcher/posix.c:62 139926986692352: single write -1 of expected 524288
13:34:26 ERROR /home/bsc03/bsc03353/forge/src/dispatcher/posix.c:61 139899069351680: r->filehandle = 36, r->size = 524288, r->offset = 129533214720
13:34:26 ERROR /home/bsc03/bsc03353/forge/src/dispatcher/posix.c:62 139899069351680: single write -1 of expected 524288
13:34:28 ERROR /home/bsc03/bsc03353/forge/src/dispatcher/posix.c:61 139920544229120: r->filehandle = 36, r->size = 524288, r->offset = 79437496320
13:34:28 ERROR /home/bsc03/bsc03353/forge/src/dispatcher/posix.c:62 139920544229120: single write -1 of expected 524288
13:34:28 ERROR /home/bsc03/bsc03353/forge/src/dispatcher/posix.c:61 139918396741376: r->filehandle = 36, r->size = 524288, r->offset = 125239296000
13:34:28 ERROR /home/bsc03/bsc03353/forge/src/dispatcher/posix.c:62 139918396741376: single write -1 of expected 524288
13:34:29 ERROR /home/bsc03/bsc03353/forge/src/dispatcher/posix.c:61 139841567893248: r->filehandle = 35, r->size = 524288, r->offset = 46517452800
13:34:29 ERROR /home/bsc03/bsc03353/forge/src/dispatcher/posix.c:62 139841567893248: single write -1 of expected 524288
13:34:30 ERROR /home/bsc03/bsc03353/forge/src/dispatcher/posix.c:61 139916249253632: r->filehandle = 36, r->size = 524288, r->offset = 69418352640
13:34:30 ERROR /home/bsc03/bsc03353/forge/src/dispatcher/posix.c:62 139916249253632: single write -1 of expected 524288
13:34:31 ERROR /home/bsc03/bsc03353/forge/src/dispatcher/posix.c:61 139894774376192: r->filehandle = 36, r->size = 524288, r->offset = 95897518080
13:34:31 ERROR /home/bsc03/bsc03353/forge/src/dispatcher/posix.c:62 139894774376192: single write -1 of expected 524288
13:34:33 ERROR /home/bsc03/bsc03353/forge/src/dispatcher/posix.c:61 139899069351680: r->filehandle = 36, r->size = 524288, r->offset = 77290536960
13:34:33 ERROR /home/bsc03/bsc03353/forge/src/dispatcher/posix.c:62 139899069351680: single write -1 of expected 524288
13:34:35 ERROR /home/bsc03/bsc03353/forge/src/dispatcher/posix.c:61 139815798040320: r->filehandle = 35, r->size = 524288, r->offset = 30057431040
13:34:35 ERROR /home/bsc03/bsc03353/forge/src/dispatcher/posix.c:62 139815798040320: single write -1 of expected 524288
13:34:36 ERROR /home/bsc03/bsc03353/forge/src/dispatcher/posix.c:61 139817945528064: r->filehandle = 35, r->size = 524288, r->offset = 66555740160
13:34:36 ERROR /home/bsc03/bsc03353/forge/src/dispatcher/posix.c:62 139817945528064: single write -1 of expected 524288
13:34:36 ERROR /home/bsc03/bsc03353/forge/src/dispatcher/posix.c:61 139907659302656: r->filehandle = 36, r->size = 524288, r->offset = 101622743040
13:34:36 ERROR /home/bsc03/bsc03353/forge/src/dispatcher/posix.c:62 139907659302656: single write -1 of expected 524288
13:34:37 ERROR /home/bsc03/bsc03353/forge/src/dispatcher/posix.c:61 139924839204608: r->filehandle = 36, r->size = 524288, r->offset = 130248867840
13:34:37 ERROR /home/bsc03/bsc03353/forge/src/dispatcher/posix.c:62 139924839204608: single write -1 of expected 524288
13:34:38 ERROR /home/bsc03/bsc03353/forge/src/dispatcher/posix.c:61 139839420405504: r->filehandle = 35, r->size = 524288, r->offset = 25047859200
13:34:38 ERROR /home/bsc03/bsc03353/forge/src/dispatcher/posix.c:62 139839420405504: single write -1 of expected 524288
13:34:41 ERROR /home/bsc03/bsc03353/forge/src/dispatcher/posix.c:61 139826535479040: r->filehandle = 35, r->size = 524288, r->offset = 23616552960
13:34:41 ERROR /home/bsc03/bsc03353/forge/src/dispatcher/posix.c:62 139826535479040: single write -1 of expected 524288
13:34:41 ERROR /home/bsc03/bsc03353/forge/src/dispatcher/posix.c:61 139922691716864: r->filehandle = 36, r->size = 524288, r->offset = 88025333760
13:34:41 ERROR /home/bsc03/bsc03353/forge/src/dispatcher/posix.c:62 139922691716864: single write -1 of expected 524288
13:34:42 ERROR /home/bsc03/bsc03353/forge/src/dispatcher/posix.c:61 139828682966784: r->filehandle = 35, r->size = 524288, r->offset = 9303490560
13:34:42 ERROR /home/bsc03/bsc03353/forge/src/dispatcher/posix.c:62 139828682966784: single write -1 of expected 524288
13:34:43 ERROR /home/bsc03/bsc03353/forge/src/dispatcher/posix.c:61 139901216839424: r->filehandle = 36, r->size = 524288, r->offset = 84447068160
13:34:43 ERROR /home/bsc03/bsc03353/forge/src/dispatcher/posix.c:62 139901216839424: single write -1 of expected 524288
13:34:45 ERROR /home/bsc03/bsc03353/forge/src/dispatcher/posix.c:61 139903364327168: r->filehandle = 36, r->size = 524288, r->offset = 82300108800
13:34:45 ERROR /home/bsc03/bsc03353/forge/src/dispatcher/posix.c:62 139903364327168: single write -1 of expected 524288
13:34:45 ERROR /home/bsc03/bsc03353/forge/src/dispatcher/posix.c:61 139894774376192: r->filehandle = 36, r->size = 524288, r->offset = 85162721280
13:34:45 ERROR /home/bsc03/bsc03353/forge/src/dispatcher/posix.c:62 139894774376192: single write -1 of expected 524288
13:34:46 ERROR /home/bsc03/bsc03353/forge/src/dispatcher/posix.c:61 139820093015808: r->filehandle = 35, r->size = 524288, r->offset = 30773084160
13:34:46 ERROR /home/bsc03/bsc03353/forge/src/dispatcher/posix.c:62 139820093015808: single write -1 of expected 524288
13:34:48 ERROR /home/bsc03/bsc03353/forge/src/dispatcher/posix.c:61 139896921863936: r->filehandle = 36, r->size = 524288, r->offset = 136689745920
13:34:48 ERROR /home/bsc03/bsc03353/forge/src/dispatcher/posix.c:62 139896921863936: single write -1 of expected 524288
13:34:50 ERROR /home/bsc03/bsc03353/forge/src/dispatcher/posix.c:61 139817945528064: r->filehandle = 35, r->size = 524288, r->offset = 5009571840
13:34:50 ERROR /home/bsc03/bsc03353/forge/src/dispatcher/posix.c:62 139817945528064: single write -1 of expected 524288
13:34:52 ERROR /home/bsc03/bsc03353/forge/src/dispatcher/posix.c:61 139837272917760: r->filehandle = 35, r->size = 524288, r->offset = 48664412160
13:34:52 ERROR /home/bsc03/bsc03353/forge/src/dispatcher/posix.c:62 139837272917760: single write -1 of expected 524288
13:34:53 ERROR /home/bsc03/bsc03353/forge/src/dispatcher/posix.c:61 139924839204608: r->filehandle = 36, r->size = 524288, r->offset = 72996618240
13:34:53 ERROR /home/bsc03/bsc03353/forge/src/dispatcher/posix.c:62 139924839204608: single write -1 of expected 524288
13:34:55 ERROR /home/bsc03/bsc03353/forge/src/dispatcher/posix.c:61 139822240503552: r->filehandle = 35, r->size = 524288, r->offset = 35067002880
13:34:55 ERROR /home/bsc03/bsc03353/forge/src/dispatcher/posix.c:62 139822240503552: single write -1 of expected 524288
13:34:55 ERROR /home/bsc03/bsc03353/forge/src/dispatcher/posix.c:61 139894774376192: r->filehandle = 36, r->size = 524288, r->offset = 118798417920
13:34:55 ERROR /home/bsc03/bsc03353/forge/src/dispatcher/posix.c:62 139894774376192: single write -1 of expected 524288
13:34:56 ERROR /home/bsc03/bsc03353/forge/src/dispatcher/posix.c:61 139811503064832: r->filehandle = 35, r->size = 524288, r->offset = 65840087040
13:34:56 ERROR /home/bsc03/bsc03353/forge/src/dispatcher/posix.c:61 139909806790400: r->filehandle = 36, r->size = 524288, r->offset = 135974092800
13:34:56 ERROR /home/bsc03/bsc03353/forge/src/dispatcher/posix.c:62 139909806790400: single write -1 of expected 524288
13:34:56 ERROR /home/bsc03/bsc03353/forge/src/dispatcher/posix.c:62 139811503064832: single write -1 of expected 524288
13:34:57 ERROR /home/bsc03/bsc03353/forge/src/dispatcher/posix.c:61 139839420405504: r->filehandle = 35, r->size = 524288, r->offset = 40792227840
13:34:57 ERROR /home/bsc03/bsc03353/forge/src/dispatcher/posix.c:62 139839420405504: single write -1 of expected 524288
13:34:57 ERROR /home/bsc03/bsc03353/forge/src/dispatcher/posix.c:61 139903364327168: r->filehandle = 36, r->size = 524288, r->offset = 113073192960
13:34:57 ERROR /home/bsc03/bsc03353/forge/src/dispatcher/posix.c:62 139903364327168: single write -1 of expected 524288
13:34:59 ERROR /home/bsc03/bsc03353/forge/src/dispatcher/posix.c:61 139813650552576: r->filehandle = 35, r->size = 524288, r->offset = 42223534080
13:34:59 ERROR /home/bsc03/bsc03353/forge/src/dispatcher/posix.c:62 139813650552576: single write -1 of expected 524288
13:35:01 ERROR /home/bsc03/bsc03353/forge/src/dispatcher/posix.c:61 139894774376192: r->filehandle = 36, r->size = 524288, r->offset = 124523642880
13:35:01 ERROR /home/bsc03/bsc03353/forge/src/dispatcher/posix.c:62 139894774376192: single write -1 of expected 524288
13:35:01 ERROR /home/bsc03/bsc03353/forge/src/dispatcher/posix.c:61 139822240503552: r->filehandle = 35, r->size = 524288, r->offset = 33635696640
13:35:01 ERROR /home/bsc03/bsc03353/forge/src/dispatcher/posix.c:62 139822240503552: single write -1 of expected 524288
13:35:02 ERROR /home/bsc03/bsc03353/forge/src/dispatcher/posix.c:61 139830830454528: r->filehandle = 35, r->size = 524288, r->offset = 25763512320
13:35:02 ERROR /home/bsc03/bsc03353/forge/src/dispatcher/posix.c:62 139830830454528: single write -1 of expected 524288
13:35:03 ERROR /home/bsc03/bsc03353/forge/src/dispatcher/posix.c:61 139809355577088: r->filehandle = 35, r->size = 524288, r->offset = 12166103040
13:35:03 ERROR /home/bsc03/bsc03353/forge/src/dispatcher/posix.c:62 139809355577088: single write -1 of expected 524288
13:35:03 ERROR /home/bsc03/bsc03353/forge/src/dispatcher/posix.c:61 139894774376192: r->filehandle = 36, r->size = 524288, r->offset = 81584455680
13:35:03 ERROR /home/bsc03/bsc03353/forge/src/dispatcher/posix.c:62 139894774376192: single write -1 of expected 524288
13:35:04 ERROR /home/bsc03/bsc03353/forge/src/dispatcher/posix.c:61 139826535479040: r->filehandle = 35, r->size = 524288, r->offset = 22185246720
13:35:04 ERROR /home/bsc03/bsc03353/forge/src/dispatcher/posix.c:62 139826535479040: single write -1 of expected 524288
13:35:05 ERROR /home/bsc03/bsc03353/forge/src/dispatcher/posix.c:61 139828682966784: r->filehandle = 35, r->size = 524288, r->offset = 52958330880
13:35:05 ERROR /home/bsc03/bsc03353/forge/src/dispatcher/posix.c:62 139828682966784: single write -1 of expected 524288
13:35:07 ERROR /home/bsc03/bsc03353/forge/src/dispatcher/posix.c:61 139824387991296: r->filehandle = 35, r->size = 524288, r->offset = 7872184320
13:35:07 ERROR /home/bsc03/bsc03353/forge/src/dispatcher/posix.c:62 139824387991296: single write -1 of expected 524288
13:35:09 ERROR /home/bsc03/bsc03353/forge/src/dispatcher/posix.c:61 139820093015808: r->filehandle = 35, r->size = 524288, r->offset = 44370493440
13:35:09 ERROR /home/bsc03/bsc03353/forge/src/dispatcher/posix.c:62 139820093015808: single write -1 of expected 524288
13:35:10 ERROR /home/bsc03/bsc03353/forge/src/dispatcher/posix.c:61 139835125430016: r->filehandle = 35, r->size = 524288, r->offset = 13597409280
13:35:10 ERROR /home/bsc03/bsc03353/forge/src/dispatcher/posix.c:62 139835125430016: single write -1 of expected 524288
13:35:12 ERROR /home/bsc03/bsc03353/forge/src/dispatcher/posix.c:61 139832977942272: r->filehandle = 35, r->size = 524288, r->offset = 42939187200
13:35:12 ERROR /home/bsc03/bsc03353/forge/src/dispatcher/posix.c:62 139832977942272: single write -1 of expected 524288
13:35:14 ERROR /home/bsc03/bsc03353/forge/src/dispatcher/posix.c:61 139841567893248: r->filehandle = 35, r->size = 524288, r->offset = 59399208960
13:35:14 ERROR /home/bsc03/bsc03353/forge/src/dispatcher/posix.c:62 139841567893248: single write -1 of expected 524288
13:35:14 ERROR /home/bsc03/bsc03353/forge/src/dispatcher/posix.c:61 139811503064832: r->filehandle = 35, r->size = 524288, r->offset = 31488737280
13:35:14 ERROR /home/bsc03/bsc03353/forge/src/dispatcher/posix.c:62 139811503064832: single write -1 of expected 524288
13:35:17 ERROR /home/bsc03/bsc03353/forge/src/dispatcher/posix.c:61 139832977942272: r->filehandle = 35, r->size = 524288, r->offset = 50095718400
13:35:17 ERROR /home/bsc03/bsc03353/forge/src/dispatcher/posix.c:62 139832977942272: single write -1 of expected 524288
13:35:19 ERROR /home/bsc03/bsc03353/forge/src/dispatcher/posix.c:61 139835125430016: r->filehandle = 35, r->size = 524288, r->offset = 10019143680
13:35:19 ERROR /home/bsc03/bsc03353/forge/src/dispatcher/posix.c:62 139835125430016: single write -1 of expected 524288
13:35:20 ERROR /home/bsc03/bsc03353/forge/src/dispatcher/posix.c:61 139826535479040: r->filehandle = 35, r->size = 524288, r->offset = 32920043520
13:35:20 ERROR /home/bsc03/bsc03353/forge/src/dispatcher/posix.c:62 139826535479040: single write -1 of expected 524288
13:35:21 ERROR /home/bsc03/bsc03353/forge/src/dispatcher/posix.c:61 139815798040320: r->filehandle = 35, r->size = 524288, r->offset = 27910471680
13:35:21 ERROR /home/bsc03/bsc03353/forge/src/dispatcher/posix.c:62 139815798040320: single write -1 of expected 524288
13:35:23 ERROR /home/bsc03/bsc03353/forge/src/dispatcher/posix.c:61 139837272917760: r->filehandle = 35, r->size = 524288, r->offset = 49380065280
13:35:23 ERROR /home/bsc03/bsc03353/forge/src/dispatcher/posix.c:62 139837272917760: single write -1 of expected 524288
13:35:24 ERROR /home/bsc03/bsc03353/forge/src/dispatcher/posix.c:61 139817945528064: r->filehandle = 35, r->size = 524288, r->offset = 58683555840
13:35:24 ERROR /home/bsc03/bsc03353/forge/src/dispatcher/posix.c:62 139817945528064: single write -1 of expected 524288
13:35:33 ERROR /home/bsc03/bsc03353/forge/src/dispatcher/posix.c:61 139822240503552: r->filehandle = 35, r->size = 524288, r->offset = 21469593600
13:35:33 ERROR /home/bsc03/bsc03353/forge/src/dispatcher/posix.c:62 139822240503552: single write -1 of expected 524288
13:35:33 ERROR /home/bsc03/bsc03353/forge/src/dispatcher/posix.c:61 139811503064832: r->filehandle = 35, r->size = 524288, r->offset = 27194818560
13:35:33 ERROR /home/bsc03/bsc03353/forge/src/dispatcher/posix.c:62 139811503064832: single write -1 of expected 524288
13:35:34 ERROR /home/bsc03/bsc03353/forge/src/dispatcher/posix.c:61 139832977942272: r->filehandle = 35, r->size = 524288, r->offset = 15744368640
13:35:34 ERROR /home/bsc03/bsc03353/forge/src/dispatcher/posix.c:62 139832977942272: single write -1 of expected 524288
13:35:35 ERROR /home/bsc03/bsc03353/forge/src/dispatcher/posix.c:61 139815798040320: r->filehandle = 35, r->size = 524288, r->offset = 7156531200
13:35:35 ERROR /home/bsc03/bsc03353/forge/src/dispatcher/posix.c:62 139815798040320: single write -1 of expected 524288
13:35:38 ERROR /home/bsc03/bsc03353/forge/src/dispatcher/posix.c:61 139813650552576: r->filehandle = 35, r->size = 524288, r->offset = 40076574720
13:35:38 ERROR /home/bsc03/bsc03353/forge/src/dispatcher/posix.c:62 139813650552576: single write -1 of expected 524288
13:35:39 ERROR /home/bsc03/bsc03353/forge/src/dispatcher/posix.c:61 139835125430016: r->filehandle = 35, r->size = 524288, r->offset = 61546168320
13:35:39 ERROR /home/bsc03/bsc03353/forge/src/dispatcher/posix.c:62 139835125430016: single write -1 of expected 524288
13:35:42 ERROR /home/bsc03/bsc03353/forge/src/dispatcher/posix.c:61 139841567893248: r->filehandle = 35, r->size = 524288, r->offset = 55820943360
13:35:42 ERROR /home/bsc03/bsc03353/forge/src/dispatcher/posix.c:62 139841567893248: single write -1 of expected 524288
13:35:43 ERROR /home/bsc03/bsc03353/forge/src/dispatcher/posix.c:61 139828682966784: r->filehandle = 35, r->size = 524288, r->offset = 39360921600
13:35:43 ERROR /home/bsc03/bsc03353/forge/src/dispatcher/posix.c:62 139828682966784: single write -1 of expected 524288
13:35:44 ERROR /home/bsc03/bsc03353/forge/src/dispatcher/posix.c:61 139839420405504: r->filehandle = 35, r->size = 524288, r->offset = 62261821440
13:35:44 ERROR /home/bsc03/bsc03353/forge/src/dispatcher/posix.c:62 139839420405504: single write -1 of expected 524288
13:35:47 ERROR /home/bsc03/bsc03353/forge/src/dispatcher/posix.c:61 139826535479040: r->filehandle = 35, r->size = 524288, r->offset = 38645268480
13:35:47 ERROR /home/bsc03/bsc03353/forge/src/dispatcher/posix.c:62 139826535479040: single write -1 of expected 524288
13:35:48 ERROR /home/bsc03/bsc03353/forge/src/dispatcher/posix.c:61 139830830454528: r->filehandle = 35, r->size = 524288, r->offset = 41507880960
13:35:48 ERROR /home/bsc03/bsc03353/forge/src/dispatcher/posix.c:62 139830830454528: single write -1 of expected 524288
13:35:50 ERROR /home/bsc03/bsc03353/forge/src/dispatcher/posix.c:61 139839420405504: r->filehandle = 35, r->size = 524288, r->offset = 18606981120
13:35:50 ERROR /home/bsc03/bsc03353/forge/src/dispatcher/posix.c:62 139839420405504: single write -1 of expected 524288
13:35:52 ERROR /home/bsc03/bsc03353/forge/src/dispatcher/posix.c:61 139820093015808: r->filehandle = 35, r->size = 524288, r->offset = 16460021760
13:35:52 ERROR /home/bsc03/bsc03353/forge/src/dispatcher/posix.c:62 139820093015808: single write -1 of expected 524288
13:35:53 ERROR /home/bsc03/bsc03353/forge/src/dispatcher/posix.c:61 139822240503552: r->filehandle = 35, r->size = 524288, r->offset = 67271393280
13:35:53 ERROR /home/bsc03/bsc03353/forge/src/dispatcher/posix.c:62 139822240503552: single write -1 of expected 524288
13:35:57 ERROR /home/bsc03/bsc03353/forge/src/dispatcher/posix.c:61 139824387991296: r->filehandle = 35, r->size = 524288, r->offset = 1431306240
13:35:57 ERROR /home/bsc03/bsc03353/forge/src/dispatcher/posix.c:62 139824387991296: single write -1 of expected 524288
13:35:58 ERROR /home/bsc03/bsc03353/forge/src/dispatcher/posix.c:61 139809355577088: r->filehandle = 35, r->size = 524288, r->offset = 4293918720
13:35:58 ERROR /home/bsc03/bsc03353/forge/src/dispatcher/posix.c:62 139809355577088: single write -1 of expected 524288
13:36:00 ERROR /home/bsc03/bsc03353/forge/src/dispatcher/posix.c:61 139839420405504: r->filehandle = 35, r->size = 524288, r->offset = 24332206080
13:36:00 ERROR /home/bsc03/bsc03353/forge/src/dispatcher/posix.c:62 139839420405504: single write -1 of expected 524288
13:36:01 ERROR /home/bsc03/bsc03353/forge/src/dispatcher/posix.c:61 139824387991296: r->filehandle = 35, r->size = 524288, r->offset = 45086146560
13:36:01 ERROR /home/bsc03/bsc03353/forge/src/dispatcher/posix.c:62 139824387991296: single write -1 of expected 524288
13:36:02 ERROR /home/bsc03/bsc03353/forge/src/dispatcher/posix.c:61 139822240503552: r->filehandle = 35, r->size = 524288, r->offset = 64408780800
13:36:02 ERROR /home/bsc03/bsc03353/forge/src/dispatcher/posix.c:62 139822240503552: single write -1 of expected 524288
13:36:03 ERROR /home/bsc03/bsc03353/forge/src/dispatcher/posix.c:61 139813650552576: r->filehandle = 35, r->size = 524288, r->offset = 715653120
13:36:03 ERROR /home/bsc03/bsc03353/forge/src/dispatcher/posix.c:62 139813650552576: single write -1 of expected 524288
13:36:05 ERROR /home/bsc03/bsc03353/forge/src/dispatcher/posix.c:61 139820093015808: r->filehandle = 35, r->size = 524288, r->offset = 50811371520
13:36:05 ERROR /home/bsc03/bsc03353/forge/src/dispatcher/posix.c:62 139820093015808: single write -1 of expected 524288
13:36:08 ERROR /home/bsc03/bsc03353/forge/src/dispatcher/posix.c:61 139830830454528: r->filehandle = 35, r->size = 524288, r->offset = 35782656000
13:36:08 ERROR /home/bsc03/bsc03353/forge/src/dispatcher/posix.c:62 139830830454528: single write -1 of expected 524288
13:36:09 ERROR /home/bsc03/bsc03353/forge/src/dispatcher/posix.c:61 139813650552576: r->filehandle = 35, r->size = 524288, r->offset = 55105290240
13:36:09 ERROR /home/bsc03/bsc03353/forge/src/dispatcher/posix.c:62 139813650552576: single write -1 of expected 524288
13:36:10 ERROR /home/bsc03/bsc03353/forge/src/dispatcher/posix.c:61 139824387991296: r->filehandle = 35, r->size = 524288, r->offset = 56536596480
13:36:10 ERROR /home/bsc03/bsc03353/forge/src/dispatcher/posix.c:62 139824387991296: single write -1 of expected 524288
13:36:11 ERROR /home/bsc03/bsc03353/forge/src/dispatcher/posix.c:61 139820093015808: r->filehandle = 35, r->size = 524288, r->offset = 67987046400
13:36:11 ERROR /home/bsc03/bsc03353/forge/src/dispatcher/posix.c:62 139820093015808: single write -1 of expected 524288
13:36:15 ERROR /home/bsc03/bsc03353/forge/src/dispatcher/posix.c:61 139813650552576: r->filehandle = 35, r->size = 524288, r->offset = 28626124800
13:36:15 ERROR /home/bsc03/bsc03353/forge/src/dispatcher/posix.c:62 139813650552576: single write -1 of expected 524288
13:36:15 ERROR /home/bsc03/bsc03353/forge/src/dispatcher/posix.c:61 139824387991296: r->filehandle = 35, r->size = 524288, r->offset = 65124433920
13:36:15 ERROR /home/bsc03/bsc03353/forge/src/dispatcher/posix.c:62 139824387991296: single write -1 of expected 524288
13:36:17 ERROR /home/bsc03/bsc03353/forge/src/dispatcher/posix.c:61 139813650552576: r->filehandle = 35, r->size = 524288, r->offset = 62977474560
13:36:17 ERROR /home/bsc03/bsc03353/forge/src/dispatcher/posix.c:62 139813650552576: single write -1 of expected 524288
13:36:19 ERROR /home/bsc03/bsc03353/forge/src/dispatcher/posix.c:61 139824387991296: r->filehandle = 35, r->size = 524288, r->offset = 53673984000
13:36:19 ERROR /home/bsc03/bsc03353/forge/src/dispatcher/posix.c:62 139824387991296: single write -1 of expected 524288
13:36:20 ERROR /home/bsc03/bsc03353/forge/src/dispatcher/posix.c:61 139824387991296: r->filehandle = 35, r->size = 524288, r->offset = 34351349760
13:36:20 ERROR /home/bsc03/bsc03353/forge/src/dispatcher/posix.c:62 139824387991296: single write -1 of expected 524288
13:36:21 ERROR /home/bsc03/bsc03353/forge/src/dispatcher/posix.c:61 139824387991296: r->filehandle = 35, r->size = 524288, r->offset = 10734796800
13:36:21 ERROR /home/bsc03/bsc03353/forge/src/dispatcher/posix.c:62 139824387991296: single write -1 of expected 524288
13:36:23 ERROR /home/bsc03/bsc03353/forge/src/dispatcher/posix.c:61 139824387991296: r->filehandle = 35, r->size = 524288, r->offset = 47233105920
13:36:23 ERROR /home/bsc03/bsc03353/forge/src/dispatcher/posix.c:62 139824387991296: single write -1 of expected 524288
13:36:24 ERROR /home/bsc03/bsc03353/forge/src/dispatcher/posix.c:61 139824387991296: r->filehandle = 35, r->size = 524288, r->offset = 12881756160
13:36:24 ERROR /home/bsc03/bsc03353/forge/src/dispatcher/posix.c:62 139824387991296: single write -1 of expected 524288
13:36:26 ERROR /home/bsc03/bsc03353/forge/src/dispatcher/posix.c:61 139824387991296: r->filehandle = 35, r->size = 524288, r->offset = 36498309120
13:36:26 ERROR /home/bsc03/bsc03353/forge/src/dispatcher/posix.c:62 139824387991296: single write -1 of expected 524288
13:36:28 ERROR /home/bsc03/bsc03353/forge/src/dispatcher/posix.c:61 139824387991296: r->filehandle = 35, r->size = 524288, r->offset = 52242677760
13:36:28 ERROR /home/bsc03/bsc03353/forge/src/dispatcher/posix.c:62 139824387991296: single write -1 of expected 524288
13:36:28 WARN  /home/bsc03/bsc03353/forge/src/main.c:789 139807486236736: hit stone wall at 265.542825 seconds!
AGIOS: stopped for this client. It can already be used by calling agios_init

AGIOS: stopped for this client. It can already be used by calling agios_init

13:36:28 INFO  /home/bsc03/bsc03353/forge/src/main.c:1158 139848693151808: I/O Forwarding Exploration [COMPLETE]
