Set GCC compilers as MPI wrappers backend 
remove impi/2017.4 (PATH, MANPATH, LD_LIBRARY_PATH) 
load openmpi/4.0.2_UCX (PATH, MANPATH, LD_LIBRARY_PATH) 
Set GCC compilers as MPI wrappers backend 
load gsl/2.4 (PATH, LD_LIBRARY_PATH, LIBRARY_PATH, MANPATH, INFOPATH,
C_INCLUDE_PATH, CPLUS_INCLUDE_PATH, PKG_CONFIG_PATH, GSL_DIR) 
04:49:32 INFO  /home/bsc03/bsc03353/forge/src/main.c:107 140274567669824: I/O Forwarding Exploration [START]
Will AGIOS generate trace files? NO
Default scheduling algorithm: TO
TWINS window size: 1000000
Will the Prediction Module read information from trace files? NO
File with access time functions: /home/bsc03/bsc03353/forge/agios/access_times.func
AGIOS thinks its user has stripe size of 32768
Will AGIOS generate trace files? NO
Default scheduling algorithm: TO
TWINS window size: 1000000
Will the Prediction Module read information from trace files? NO
File with access time functions: /home/bsc03/bsc03353/forge/agios/access_times.func
AGIOS thinks its user has stripe size of 32768
04:49:33 ERROR /home/bsc03/bsc03353/forge/src/dispatcher/posix.c:61 140250262464256: r->filehandle = 35, r->size = 6291456, r->offset = 18874368
04:49:33 ERROR /home/bsc03/bsc03353/forge/src/dispatcher/posix.c:62 140250262464256: single write -1 of expected 6291456
04:49:34 ERROR /home/bsc03/bsc03353/forge/src/dispatcher/posix.c:61 140265294878464: r->filehandle = 35, r->size = 6291456, r->offset = 50331648
04:49:34 ERROR /home/bsc03/bsc03353/forge/src/dispatcher/posix.c:62 140265294878464: single write -1 of expected 6291456
04:49:34 ERROR /home/bsc03/bsc03353/forge/src/dispatcher/posix.c:61 140235230050048: r->filehandle = 35, r->size = 6291456, r->offset = 144703488
04:49:34 ERROR /home/bsc03/bsc03353/forge/src/dispatcher/posix.c:62 140235230050048: single write -1 of expected 6291456
04:49:34 ERROR /home/bsc03/bsc03353/forge/src/dispatcher/posix.c:61 139784283473664: r->filehandle = 36, r->size = 6291456, r->offset = 509607936
04:49:34 ERROR /home/bsc03/bsc03353/forge/src/dispatcher/posix.c:62 139784283473664: single write -1 of expected 6291456
04:49:35 ERROR /home/bsc03/bsc03353/forge/src/dispatcher/posix.c:61 140239525025536: r->filehandle = 35, r->size = 6291456, r->offset = 150994944
04:49:35 ERROR /home/bsc03/bsc03353/forge/src/dispatcher/posix.c:62 140239525025536: single write -1 of expected 6291456
04:49:35 ERROR /home/bsc03/bsc03353/forge/src/dispatcher/posix.c:61 139788578449152: r->filehandle = 36, r->size = 6291456, r->offset = 383778816
04:49:35 ERROR /home/bsc03/bsc03353/forge/src/dispatcher/posix.c:62 139788578449152: single write -1 of expected 6291456
04:49:35 ERROR /home/bsc03/bsc03353/forge/src/dispatcher/posix.c:61 139771398547200: r->filehandle = 36, r->size = 6291456, r->offset = 396361728
04:49:35 ERROR /home/bsc03/bsc03353/forge/src/dispatcher/posix.c:62 139771398547200: single write -1 of expected 6291456
04:49:35 ERROR /home/bsc03/bsc03353/forge/src/dispatcher/posix.c:61 139782135985920: r->filehandle = 36, r->size = 6291456, r->offset = 308281344
04:49:35 ERROR /home/bsc03/bsc03353/forge/src/dispatcher/posix.c:62 139782135985920: single write -1 of expected 6291456
04:49:36 ERROR /home/bsc03/bsc03353/forge/src/dispatcher/posix.c:61 139799315887872: r->filehandle = 36, r->size = 6291456, r->offset = 585105408
04:49:36 ERROR /home/bsc03/bsc03353/forge/src/dispatcher/posix.c:62 139799315887872: single write -1 of expected 6291456
04:49:36 ERROR /home/bsc03/bsc03353/forge/src/dispatcher/posix.c:61 139786430961408: r->filehandle = 36, r->size = 6291456, r->offset = 364904448
04:49:36 ERROR /home/bsc03/bsc03353/forge/src/dispatcher/posix.c:62 139786430961408: single write -1 of expected 6291456
04:49:36 ERROR /home/bsc03/bsc03353/forge/src/dispatcher/posix.c:61 139775693522688: r->filehandle = 36, r->size = 6291456, r->offset = 358612992
04:49:36 ERROR /home/bsc03/bsc03353/forge/src/dispatcher/posix.c:62 139775693522688: single write -1 of expected 6291456
04:49:37 ERROR /home/bsc03/bsc03353/forge/src/dispatcher/posix.c:61 139792873424640: r->filehandle = 36, r->size = 6291456, r->offset = 572522496
04:49:37 ERROR /home/bsc03/bsc03353/forge/src/dispatcher/posix.c:62 139792873424640: single write -1 of expected 6291456
04:49:37 ERROR /home/bsc03/bsc03353/forge/src/dispatcher/posix.c:61 139773546034944: r->filehandle = 36, r->size = 6291456, r->offset = 452984832
04:49:37 ERROR /home/bsc03/bsc03353/forge/src/dispatcher/posix.c:62 139773546034944: single write -1 of expected 6291456
04:49:37 ERROR /home/bsc03/bsc03353/forge/src/dispatcher/posix.c:61 139777841010432: r->filehandle = 36, r->size = 6291456, r->offset = 478150656
04:49:37 ERROR /home/bsc03/bsc03353/forge/src/dispatcher/posix.c:62 139777841010432: single write -1 of expected 6291456
04:49:38 ERROR /home/bsc03/bsc03353/forge/src/dispatcher/posix.c:61 139790725936896: r->filehandle = 36, r->size = 6291456, r->offset = 559939584
04:49:38 ERROR /home/bsc03/bsc03353/forge/src/dispatcher/posix.c:62 139790725936896: single write -1 of expected 6291456
04:49:38 ERROR /home/bsc03/bsc03353/forge/src/dispatcher/posix.c:61 139801463375616: r->filehandle = 36, r->size = 6291456, r->offset = 333447168
04:49:38 ERROR /home/bsc03/bsc03353/forge/src/dispatcher/posix.c:62 139801463375616: single write -1 of expected 6291456
04:49:38 ERROR /home/bsc03/bsc03353/forge/src/dispatcher/posix.c:61 139779988498176: r->filehandle = 36, r->size = 6291456, r->offset = 459276288
04:49:38 ERROR /home/bsc03/bsc03353/forge/src/dispatcher/posix.c:62 139779988498176: single write -1 of expected 6291456
04:49:38 ERROR /home/bsc03/bsc03353/forge/src/dispatcher/posix.c:61 139803610863360: r->filehandle = 36, r->size = 6291456, r->offset = 522190848
04:49:38 ERROR /home/bsc03/bsc03353/forge/src/dispatcher/posix.c:62 139803610863360: single write -1 of expected 6291456
04:49:39 ERROR /home/bsc03/bsc03353/forge/src/dispatcher/posix.c:61 140258852415232: r->filehandle = 35, r->size = 6291456, r->offset = 94371840
04:49:39 ERROR /home/bsc03/bsc03353/forge/src/dispatcher/posix.c:62 140258852415232: single write -1 of expected 6291456
04:49:39 ERROR /home/bsc03/bsc03353/forge/src/dispatcher/posix.c:61 139777841010432: r->filehandle = 36, r->size = 6291456, r->offset = 390070272
04:49:39 ERROR /home/bsc03/bsc03353/forge/src/dispatcher/posix.c:62 139777841010432: single write -1 of expected 6291456
04:49:39 ERROR /home/bsc03/bsc03353/forge/src/dispatcher/posix.c:61 139803610863360: r->filehandle = 36, r->size = 6291456, r->offset = 327155712
04:49:39 ERROR /home/bsc03/bsc03353/forge/src/dispatcher/posix.c:62 139803610863360: single write -1 of expected 6291456
04:49:39 ERROR /home/bsc03/bsc03353/forge/src/dispatcher/posix.c:61 140239525025536: r->filehandle = 35, r->size = 6291456, r->offset = 295698432
04:49:39 ERROR /home/bsc03/bsc03353/forge/src/dispatcher/posix.c:62 140239525025536: single write -1 of expected 6291456
04:49:39 ERROR /home/bsc03/bsc03353/forge/src/dispatcher/posix.c:61 139786430961408: r->filehandle = 36, r->size = 6291456, r->offset = 968884224
04:49:39 ERROR /home/bsc03/bsc03353/forge/src/dispatcher/posix.c:62 139786430961408: single write -1 of expected 6291456
04:49:40 ERROR /home/bsc03/bsc03353/forge/src/dispatcher/posix.c:61 139790725936896: r->filehandle = 36, r->size = 6291456, r->offset = 1163919360
04:49:40 ERROR /home/bsc03/bsc03353/forge/src/dispatcher/posix.c:62 139790725936896: single write -1 of expected 6291456
04:49:40 ERROR /home/bsc03/bsc03353/forge/src/dispatcher/posix.c:61 139799315887872: r->filehandle = 36, r->size = 6291456, r->offset = 1189085184
04:49:40 ERROR /home/bsc03/bsc03353/forge/src/dispatcher/posix.c:62 139799315887872: single write -1 of expected 6291456
04:49:41 ERROR /home/bsc03/bsc03353/forge/src/dispatcher/posix.c:61 139792873424640: r->filehandle = 36, r->size = 6291456, r->offset = 1176502272
04:49:41 ERROR /home/bsc03/bsc03353/forge/src/dispatcher/posix.c:62 139792873424640: single write -1 of expected 6291456
04:49:41 ERROR /home/bsc03/bsc03353/forge/src/dispatcher/posix.c:61 139782135985920: r->filehandle = 36, r->size = 6291456, r->offset = 912261120
04:49:41 ERROR /home/bsc03/bsc03353/forge/src/dispatcher/posix.c:62 139782135985920: single write -1 of expected 6291456
04:49:41 ERROR /home/bsc03/bsc03353/forge/src/dispatcher/posix.c:61 139773546034944: r->filehandle = 36, r->size = 6291456, r->offset = 352321536
04:49:41 ERROR /home/bsc03/bsc03353/forge/src/dispatcher/posix.c:62 139773546034944: single write -1 of expected 6291456
04:49:41 ERROR /home/bsc03/bsc03353/forge/src/dispatcher/posix.c:61 139784283473664: r->filehandle = 36, r->size = 6291456, r->offset = 1063256064
04:49:41 ERROR /home/bsc03/bsc03353/forge/src/dispatcher/posix.c:62 139784283473664: single write -1 of expected 6291456
04:49:42 ERROR /home/bsc03/bsc03353/forge/src/dispatcher/posix.c:61 139797168400128: r->filehandle = 36, r->size = 6291456, r->offset = 1113587712
04:49:42 ERROR /home/bsc03/bsc03353/forge/src/dispatcher/posix.c:62 139797168400128: single write -1 of expected 6291456
04:49:42 ERROR /home/bsc03/bsc03353/forge/src/dispatcher/posix.c:61 139775693522688: r->filehandle = 36, r->size = 6291456, r->offset = 962592768
04:49:42 ERROR /home/bsc03/bsc03353/forge/src/dispatcher/posix.c:62 139775693522688: single write -1 of expected 6291456
04:49:43 ERROR /home/bsc03/bsc03353/forge/src/dispatcher/posix.c:61 139788578449152: r->filehandle = 36, r->size = 6291456, r->offset = 987758592
04:49:43 ERROR /home/bsc03/bsc03353/forge/src/dispatcher/posix.c:62 139788578449152: single write -1 of expected 6291456
04:49:43 ERROR /home/bsc03/bsc03353/forge/src/dispatcher/posix.c:61 139801463375616: r->filehandle = 36, r->size = 6291456, r->offset = 408944640
04:49:43 ERROR /home/bsc03/bsc03353/forge/src/dispatcher/posix.c:62 139801463375616: single write -1 of expected 6291456
04:49:43 ERROR /home/bsc03/bsc03353/forge/src/dispatcher/posix.c:61 139771398547200: r->filehandle = 36, r->size = 6291456, r->offset = 320864256
04:49:43 ERROR /home/bsc03/bsc03353/forge/src/dispatcher/posix.c:62 139771398547200: single write -1 of expected 6291456
04:49:43 ERROR /home/bsc03/bsc03353/forge/src/dispatcher/posix.c:61 140243820001024: r->filehandle = 35, r->size = 6291456, r->offset = 138412032
04:49:43 ERROR /home/bsc03/bsc03353/forge/src/dispatcher/posix.c:62 140243820001024: single write -1 of expected 6291456
04:49:44 ERROR /home/bsc03/bsc03353/forge/src/dispatcher/posix.c:61 139790725936896: r->filehandle = 36, r->size = 6291456, r->offset = 1767899136
04:49:44 ERROR /home/bsc03/bsc03353/forge/src/dispatcher/posix.c:62 139790725936896: single write -1 of expected 6291456
04:49:44 ERROR /home/bsc03/bsc03353/forge/src/dispatcher/posix.c:61 140250262464256: r->filehandle = 35, r->size = 6291456, r->offset = 56623104
04:49:44 ERROR /home/bsc03/bsc03353/forge/src/dispatcher/posix.c:61 139782135985920: r->filehandle = 36, r->size = 6291456, r->offset = 1516240896
04:49:44 ERROR /home/bsc03/bsc03353/forge/src/dispatcher/posix.c:62 139782135985920: single write -1 of expected 6291456
04:49:44 ERROR /home/bsc03/bsc03353/forge/src/dispatcher/posix.c:62 140250262464256: single write -1 of expected 6291456
04:49:44 ERROR /home/bsc03/bsc03353/forge/src/dispatcher/posix.c:61 139801463375616: r->filehandle = 36, r->size = 6291456, r->offset = 515899392
04:49:44 ERROR /home/bsc03/bsc03353/forge/src/dispatcher/posix.c:62 139801463375616: single write -1 of expected 6291456
04:49:45 ERROR /home/bsc03/bsc03353/forge/src/dispatcher/posix.c:61 139792873424640: r->filehandle = 36, r->size = 6291456, r->offset = 1780482048
04:49:45 ERROR /home/bsc03/bsc03353/forge/src/dispatcher/posix.c:62 139792873424640: single write -1 of expected 6291456
04:49:45 ERROR /home/bsc03/bsc03353/forge/src/dispatcher/posix.c:61 139771398547200: r->filehandle = 36, r->size = 6291456, r->offset = 346030080
04:49:45 ERROR /home/bsc03/bsc03353/forge/src/dispatcher/posix.c:62 139771398547200: single write -1 of expected 6291456
04:49:45 ERROR /home/bsc03/bsc03353/forge/src/dispatcher/posix.c:61 139777841010432: r->filehandle = 36, r->size = 6291456, r->offset = 503316480
04:49:45 ERROR /home/bsc03/bsc03353/forge/src/dispatcher/posix.c:62 139777841010432: single write -1 of expected 6291456
04:49:46 ERROR /home/bsc03/bsc03353/forge/src/dispatcher/posix.c:61 139788578449152: r->filehandle = 36, r->size = 6291456, r->offset = 1591738368
04:49:46 ERROR /home/bsc03/bsc03353/forge/src/dispatcher/posix.c:62 139788578449152: single write -1 of expected 6291456
04:49:46 ERROR /home/bsc03/bsc03353/forge/src/dispatcher/posix.c:61 139795020912384: r->filehandle = 36, r->size = 6291456, r->offset = 956301312
04:49:46 ERROR /home/bsc03/bsc03353/forge/src/dispatcher/posix.c:62 139795020912384: single write -1 of expected 6291456
04:49:46 ERROR /home/bsc03/bsc03353/forge/src/dispatcher/posix.c:61 139784283473664: r->filehandle = 36, r->size = 6291456, r->offset = 1667235840
04:49:46 ERROR /home/bsc03/bsc03353/forge/src/dispatcher/posix.c:62 139784283473664: single write -1 of expected 6291456
04:49:47 ERROR /home/bsc03/bsc03353/forge/src/dispatcher/posix.c:61 139786430961408: r->filehandle = 36, r->size = 6291456, r->offset = 1572864000
04:49:47 ERROR /home/bsc03/bsc03353/forge/src/dispatcher/posix.c:62 139786430961408: single write -1 of expected 6291456
04:49:47 ERROR /home/bsc03/bsc03353/forge/src/dispatcher/posix.c:61 139775693522688: r->filehandle = 36, r->size = 6291456, r->offset = 1566572544
04:49:47 ERROR /home/bsc03/bsc03353/forge/src/dispatcher/posix.c:62 139775693522688: single write -1 of expected 6291456
04:49:47 ERROR /home/bsc03/bsc03353/forge/src/dispatcher/posix.c:61 139799315887872: r->filehandle = 36, r->size = 6291456, r->offset = 1793064960
04:49:47 ERROR /home/bsc03/bsc03353/forge/src/dispatcher/posix.c:62 139799315887872: single write -1 of expected 6291456
04:49:48 ERROR /home/bsc03/bsc03353/forge/src/dispatcher/posix.c:61 139803610863360: r->filehandle = 36, r->size = 6291456, r->offset = 301989888
04:49:48 ERROR /home/bsc03/bsc03353/forge/src/dispatcher/posix.c:62 139803610863360: single write -1 of expected 6291456
04:49:48 ERROR /home/bsc03/bsc03353/forge/src/dispatcher/posix.c:61 139773546034944: r->filehandle = 36, r->size = 6291456, r->offset = 1717567488
04:49:48 ERROR /home/bsc03/bsc03353/forge/src/dispatcher/posix.c:62 139773546034944: single write -1 of expected 6291456
04:49:48 ERROR /home/bsc03/bsc03353/forge/src/dispatcher/posix.c:61 140235230050048: r->filehandle = 35, r->size = 6291456, r->offset = 106954752
04:49:48 ERROR /home/bsc03/bsc03353/forge/src/dispatcher/posix.c:62 140235230050048: single write -1 of expected 6291456
04:49:48 ERROR /home/bsc03/bsc03353/forge/src/dispatcher/posix.c:61 139797168400128: r->filehandle = 36, r->size = 6291456, r->offset = 2176843776
04:49:48 ERROR /home/bsc03/bsc03353/forge/src/dispatcher/posix.c:62 139797168400128: single write -1 of expected 6291456
04:49:49 ERROR /home/bsc03/bsc03353/forge/src/dispatcher/posix.c:61 140237377537792: r->filehandle = 35, r->size = 6291456, r->offset = 289406976
04:49:49 ERROR /home/bsc03/bsc03353/forge/src/dispatcher/posix.c:62 140237377537792: single write -1 of expected 6291456
04:49:49 ERROR /home/bsc03/bsc03353/forge/src/dispatcher/posix.c:61 139775693522688: r->filehandle = 36, r->size = 6291456, r->offset = 2170552320
04:49:49 ERROR /home/bsc03/bsc03353/forge/src/dispatcher/posix.c:62 139775693522688: single write -1 of expected 6291456
04:49:49 ERROR /home/bsc03/bsc03353/forge/src/dispatcher/posix.c:61 140256704927488: r->filehandle = 35, r->size = 6291456, r->offset = 37748736
04:49:49 ERROR /home/bsc03/bsc03353/forge/src/dispatcher/posix.c:61 139777841010432: r->filehandle = 36, r->size = 6291456, r->offset = 490733568
04:49:49 ERROR /home/bsc03/bsc03353/forge/src/dispatcher/posix.c:62 139777841010432: single write -1 of expected 6291456
04:49:49 ERROR /home/bsc03/bsc03353/forge/src/dispatcher/posix.c:62 140256704927488: single write -1 of expected 6291456
04:49:50 ERROR /home/bsc03/bsc03353/forge/src/dispatcher/posix.c:61 139784283473664: r->filehandle = 36, r->size = 6291456, r->offset = 2271215616
04:49:50 ERROR /home/bsc03/bsc03353/forge/src/dispatcher/posix.c:62 139784283473664: single write -1 of expected 6291456
04:49:50 ERROR /home/bsc03/bsc03353/forge/src/dispatcher/posix.c:61 139788578449152: r->filehandle = 36, r->size = 6291456, r->offset = 2195718144
04:49:50 ERROR /home/bsc03/bsc03353/forge/src/dispatcher/posix.c:62 139788578449152: single write -1 of expected 6291456
04:49:50 ERROR /home/bsc03/bsc03353/forge/src/dispatcher/posix.c:61 139771398547200: r->filehandle = 36, r->size = 6291456, r->offset = 402653184
04:49:50 ERROR /home/bsc03/bsc03353/forge/src/dispatcher/posix.c:62 139771398547200: single write -1 of expected 6291456
04:49:50 ERROR /home/bsc03/bsc03353/forge/src/dispatcher/posix.c:61 140254557439744: r->filehandle = 35, r->size = 6291456, r->offset = 195035136
04:49:50 ERROR /home/bsc03/bsc03353/forge/src/dispatcher/posix.c:62 140254557439744: single write -1 of expected 6291456
04:49:51 ERROR /home/bsc03/bsc03353/forge/src/dispatcher/posix.c:61 139773546034944: r->filehandle = 36, r->size = 6291456, r->offset = 2321547264
04:49:51 ERROR /home/bsc03/bsc03353/forge/src/dispatcher/posix.c:62 139773546034944: single write -1 of expected 6291456
04:49:51 ERROR /home/bsc03/bsc03353/forge/src/dispatcher/posix.c:61 139792873424640: r->filehandle = 36, r->size = 6291456, r->offset = 2384461824
04:49:51 ERROR /home/bsc03/bsc03353/forge/src/dispatcher/posix.c:62 139792873424640: single write -1 of expected 6291456
04:49:51 ERROR /home/bsc03/bsc03353/forge/src/dispatcher/posix.c:61 140265294878464: r->filehandle = 35, r->size = 6291456, r->offset = 207618048
04:49:51 ERROR /home/bsc03/bsc03353/forge/src/dispatcher/posix.c:62 140265294878464: single write -1 of expected 6291456
04:49:51 ERROR /home/bsc03/bsc03353/forge/src/dispatcher/posix.c:61 139790725936896: r->filehandle = 36, r->size = 6291456, r->offset = 2371878912
04:49:51 ERROR /home/bsc03/bsc03353/forge/src/dispatcher/posix.c:62 139790725936896: single write -1 of expected 6291456
04:49:52 ERROR /home/bsc03/bsc03353/forge/src/dispatcher/posix.c:61 139782135985920: r->filehandle = 36, r->size = 6291456, r->offset = 2120220672
04:49:52 ERROR /home/bsc03/bsc03353/forge/src/dispatcher/posix.c:62 139782135985920: single write -1 of expected 6291456
04:49:52 ERROR /home/bsc03/bsc03353/forge/src/dispatcher/posix.c:61 140256704927488: r->filehandle = 35, r->size = 6291456, r->offset = 264241152
04:49:52 ERROR /home/bsc03/bsc03353/forge/src/dispatcher/posix.c:62 140256704927488: single write -1 of expected 6291456
04:49:52 ERROR /home/bsc03/bsc03353/forge/src/dispatcher/posix.c:61 140235230050048: r->filehandle = 35, r->size = 6291456, r->offset = 157286400
04:49:52 ERROR /home/bsc03/bsc03353/forge/src/dispatcher/posix.c:62 140235230050048: single write -1 of expected 6291456
04:49:52 ERROR /home/bsc03/bsc03353/forge/src/dispatcher/posix.c:61 139799315887872: r->filehandle = 36, r->size = 6291456, r->offset = 2397044736
04:49:52 ERROR /home/bsc03/bsc03353/forge/src/dispatcher/posix.c:62 139799315887872: single write -1 of expected 6291456
04:49:53 ERROR /home/bsc03/bsc03353/forge/src/dispatcher/posix.c:61 140237377537792: r->filehandle = 35, r->size = 6291456, r->offset = 201326592
04:49:53 ERROR /home/bsc03/bsc03353/forge/src/dispatcher/posix.c:62 140237377537792: single write -1 of expected 6291456
04:49:53 ERROR /home/bsc03/bsc03353/forge/src/dispatcher/posix.c:61 139784283473664: r->filehandle = 36, r->size = 6291456, r->offset = 2875195392
04:49:53 ERROR /home/bsc03/bsc03353/forge/src/dispatcher/posix.c:62 139784283473664: single write -1 of expected 6291456
04:49:53 ERROR /home/bsc03/bsc03353/forge/src/dispatcher/posix.c:61 139801463375616: r->filehandle = 36, r->size = 6291456, r->offset = 415236096
04:49:53 ERROR /home/bsc03/bsc03353/forge/src/dispatcher/posix.c:62 139801463375616: single write -1 of expected 6291456
04:49:54 ERROR /home/bsc03/bsc03353/forge/src/dispatcher/posix.c:61 140239525025536: r->filehandle = 35, r->size = 6291456, r->offset = 62914560
04:49:54 ERROR /home/bsc03/bsc03353/forge/src/dispatcher/posix.c:62 140239525025536: single write -1 of expected 6291456
04:49:54 ERROR /home/bsc03/bsc03353/forge/src/dispatcher/posix.c:61 139788578449152: r->filehandle = 36, r->size = 6291456, r->offset = 2988441600
04:49:54 ERROR /home/bsc03/bsc03353/forge/src/dispatcher/posix.c:62 139788578449152: single write -1 of expected 6291456
04:49:54 ERROR /home/bsc03/bsc03353/forge/src/dispatcher/posix.c:61 139786430961408: r->filehandle = 36, r->size = 6291456, r->offset = 2780823552
04:49:54 ERROR /home/bsc03/bsc03353/forge/src/dispatcher/posix.c:62 139786430961408: single write -1 of expected 6291456
04:49:54 ERROR /home/bsc03/bsc03353/forge/src/dispatcher/posix.c:61 140256704927488: r->filehandle = 35, r->size = 6291456, r->offset = 748683264
04:49:54 ERROR /home/bsc03/bsc03353/forge/src/dispatcher/posix.c:62 140256704927488: single write -1 of expected 6291456
04:49:54 ERROR /home/bsc03/bsc03353/forge/src/dispatcher/posix.c:61 139773546034944: r->filehandle = 36, r->size = 6291456, r->offset = 2925527040
04:49:54 ERROR /home/bsc03/bsc03353/forge/src/dispatcher/posix.c:62 139773546034944: single write -1 of expected 6291456
04:49:55 ERROR /home/bsc03/bsc03353/forge/src/dispatcher/posix.c:61 139801463375616: r->filehandle = 36, r->size = 6291456, r->offset = 434110464
04:49:55 ERROR /home/bsc03/bsc03353/forge/src/dispatcher/posix.c:62 139801463375616: single write -1 of expected 6291456
04:49:55 ERROR /home/bsc03/bsc03353/forge/src/dispatcher/posix.c:61 139799315887872: r->filehandle = 36, r->size = 6291456, r->offset = 3001024512
04:49:55 ERROR /home/bsc03/bsc03353/forge/src/dispatcher/posix.c:62 139799315887872: single write -1 of expected 6291456
04:49:55 ERROR /home/bsc03/bsc03353/forge/src/dispatcher/posix.c:61 139792873424640: r->filehandle = 36, r->size = 6291456, r->offset = 2975858688
04:49:55 ERROR /home/bsc03/bsc03353/forge/src/dispatcher/posix.c:62 139792873424640: single write -1 of expected 6291456
04:49:56 ERROR /home/bsc03/bsc03353/forge/src/dispatcher/posix.c:61 139803610863360: r->filehandle = 36, r->size = 6291456, r->offset = 541065216
04:49:56 ERROR /home/bsc03/bsc03353/forge/src/dispatcher/posix.c:62 139803610863360: single write -1 of expected 6291456
04:49:56 ERROR /home/bsc03/bsc03353/forge/src/dispatcher/posix.c:61 139782135985920: r->filehandle = 36, r->size = 6291456, r->offset = 2724200448
04:49:56 ERROR /home/bsc03/bsc03353/forge/src/dispatcher/posix.c:62 139782135985920: single write -1 of expected 6291456
04:49:56 ERROR /home/bsc03/bsc03353/forge/src/dispatcher/posix.c:61 139771398547200: r->filehandle = 36, r->size = 6291456, r->offset = 440401920
04:49:56 ERROR /home/bsc03/bsc03353/forge/src/dispatcher/posix.c:62 139771398547200: single write -1 of expected 6291456
04:49:57 ERROR /home/bsc03/bsc03353/forge/src/dispatcher/posix.c:61 140252409952000: r->filehandle = 35, r->size = 6291456, r->offset = 75497472
04:49:57 ERROR /home/bsc03/bsc03353/forge/src/dispatcher/posix.c:62 140252409952000: single write -1 of expected 6291456
04:49:57 ERROR /home/bsc03/bsc03353/forge/src/dispatcher/posix.c:61 139784283473664: r->filehandle = 36, r->size = 6291456, r->offset = 3479175168
04:49:57 ERROR /home/bsc03/bsc03353/forge/src/dispatcher/posix.c:62 139784283473664: single write -1 of expected 6291456
04:49:57 ERROR /home/bsc03/bsc03353/forge/src/dispatcher/posix.c:61 140239525025536: r->filehandle = 35, r->size = 6291456, r->offset = 742391808
04:49:57 ERROR /home/bsc03/bsc03353/forge/src/dispatcher/posix.c:62 140239525025536: single write -1 of expected 6291456
04:49:57 ERROR /home/bsc03/bsc03353/forge/src/dispatcher/posix.c:61 139786430961408: r->filehandle = 36, r->size = 6291456, r->offset = 3384803328
04:49:57 ERROR /home/bsc03/bsc03353/forge/src/dispatcher/posix.c:62 139786430961408: single write -1 of expected 6291456
04:49:57 ERROR /home/bsc03/bsc03353/forge/src/dispatcher/posix.c:61 140248114976512: r->filehandle = 35, r->size = 6291456, r->offset = 188743680
04:49:57 ERROR /home/bsc03/bsc03353/forge/src/dispatcher/posix.c:62 140248114976512: single write -1 of expected 6291456
04:49:58 ERROR /home/bsc03/bsc03353/forge/src/dispatcher/posix.c:61 139777841010432: r->filehandle = 36, r->size = 6291456, r->offset = 377487360
04:49:58 ERROR /home/bsc03/bsc03353/forge/src/dispatcher/posix.c:62 139777841010432: single write -1 of expected 6291456
04:49:58 ERROR /home/bsc03/bsc03353/forge/src/dispatcher/posix.c:61 139797168400128: r->filehandle = 36, r->size = 6291456, r->offset = 2799697920
04:49:58 ERROR /home/bsc03/bsc03353/forge/src/dispatcher/posix.c:62 139797168400128: single write -1 of expected 6291456
04:49:58 ERROR /home/bsc03/bsc03353/forge/src/dispatcher/posix.c:61 140254557439744: r->filehandle = 35, r->size = 6291456, r->offset = 213909504
04:49:58 ERROR /home/bsc03/bsc03353/forge/src/dispatcher/posix.c:62 140254557439744: single write -1 of expected 6291456
04:49:58 ERROR /home/bsc03/bsc03353/forge/src/dispatcher/posix.c:61 139795020912384: r->filehandle = 36, r->size = 6291456, r->offset = 1056964608
04:49:58 ERROR /home/bsc03/bsc03353/forge/src/dispatcher/posix.c:62 139795020912384: single write -1 of expected 6291456
04:49:58 ERROR /home/bsc03/bsc03353/forge/src/dispatcher/posix.c:61 139799315887872: r->filehandle = 36, r->size = 6291456, r->offset = 3605004288
04:49:58 ERROR /home/bsc03/bsc03353/forge/src/dispatcher/posix.c:62 139799315887872: single write -1 of expected 6291456
04:49:59 ERROR /home/bsc03/bsc03353/forge/src/dispatcher/posix.c:61 140260999902976: r->filehandle = 35, r->size = 6291456, r->offset = 176160768
04:49:59 ERROR /home/bsc03/bsc03353/forge/src/dispatcher/posix.c:62 140260999902976: single write -1 of expected 6291456
04:49:59 ERROR /home/bsc03/bsc03353/forge/src/dispatcher/posix.c:61 139788578449152: r->filehandle = 36, r->size = 6291456, r->offset = 4083154944
04:49:59 ERROR /home/bsc03/bsc03353/forge/src/dispatcher/posix.c:62 139788578449152: single write -1 of expected 6291456
04:49:59 ERROR /home/bsc03/bsc03353/forge/src/dispatcher/posix.c:61 139782135985920: r->filehandle = 36, r->size = 6291456, r->offset = 3328180224
04:49:59 ERROR /home/bsc03/bsc03353/forge/src/dispatcher/posix.c:62 139782135985920: single write -1 of expected 6291456
04:49:59 ERROR /home/bsc03/bsc03353/forge/src/dispatcher/posix.c:61 140252409952000: r->filehandle = 35, r->size = 6291456, r->offset = 899678208
04:49:59 ERROR /home/bsc03/bsc03353/forge/src/dispatcher/posix.c:62 140252409952000: single write -1 of expected 6291456
04:50:00 ERROR /home/bsc03/bsc03353/forge/src/dispatcher/posix.c:61 139784283473664: r->filehandle = 36, r->size = 6291456, r->offset = 3988783104
04:50:00 ERROR /home/bsc03/bsc03353/forge/src/dispatcher/posix.c:62 139784283473664: single write -1 of expected 6291456
04:50:00 ERROR /home/bsc03/bsc03353/forge/src/dispatcher/posix.c:61 140248114976512: r->filehandle = 35, r->size = 6291456, r->offset = 169869312
04:50:00 ERROR /home/bsc03/bsc03353/forge/src/dispatcher/posix.c:62 140248114976512: single write -1 of expected 6291456
04:50:00 ERROR /home/bsc03/bsc03353/forge/src/dispatcher/posix.c:61 140243820001024: r->filehandle = 35, r->size = 6291456, r->offset = 257949696
04:50:00 ERROR /home/bsc03/bsc03353/forge/src/dispatcher/posix.c:62 140243820001024: single write -1 of expected 6291456
04:50:00 ERROR /home/bsc03/bsc03353/forge/src/dispatcher/posix.c:61 139792873424640: r->filehandle = 36, r->size = 6291456, r->offset = 3579838464
04:50:00 ERROR /home/bsc03/bsc03353/forge/src/dispatcher/posix.c:62 139792873424640: single write -1 of expected 6291456
04:50:01 ERROR /home/bsc03/bsc03353/forge/src/dispatcher/posix.c:61 139803610863360: r->filehandle = 36, r->size = 6291456, r->offset = 339738624
04:50:01 ERROR /home/bsc03/bsc03353/forge/src/dispatcher/posix.c:62 139803610863360: single write -1 of expected 6291456
04:50:01 ERROR /home/bsc03/bsc03353/forge/src/dispatcher/posix.c:61 140258852415232: r->filehandle = 35, r->size = 6291456, r->offset = 220200960
04:50:01 ERROR /home/bsc03/bsc03353/forge/src/dispatcher/posix.c:62 140258852415232: single write -1 of expected 6291456
04:50:01 ERROR /home/bsc03/bsc03353/forge/src/dispatcher/posix.c:61 139777841010432: r->filehandle = 36, r->size = 6291456, r->offset = 553648128
04:50:01 ERROR /home/bsc03/bsc03353/forge/src/dispatcher/posix.c:62 139777841010432: single write -1 of expected 6291456
04:50:01 ERROR /home/bsc03/bsc03353/forge/src/dispatcher/posix.c:61 140241672513280: r->filehandle = 35, r->size = 6291456, r->offset = 88080384
04:50:01 ERROR /home/bsc03/bsc03353/forge/src/dispatcher/posix.c:62 140241672513280: single write -1 of expected 6291456
04:50:02 ERROR /home/bsc03/bsc03353/forge/src/dispatcher/posix.c:61 139790725936896: r->filehandle = 36, r->size = 6291456, r->offset = 3592421376
04:50:02 ERROR /home/bsc03/bsc03353/forge/src/dispatcher/posix.c:62 139790725936896: single write -1 of expected 6291456
04:50:02 ERROR /home/bsc03/bsc03353/forge/src/dispatcher/posix.c:61 139786430961408: r->filehandle = 36, r->size = 6291456, r->offset = 4208984064
04:50:02 ERROR /home/bsc03/bsc03353/forge/src/dispatcher/posix.c:62 139786430961408: single write -1 of expected 6291456
04:50:02 ERROR /home/bsc03/bsc03353/forge/src/dispatcher/posix.c:61 140248114976512: r->filehandle = 35, r->size = 6291456, r->offset = 710934528
04:50:02 ERROR /home/bsc03/bsc03353/forge/src/dispatcher/posix.c:62 140248114976512: single write -1 of expected 6291456
04:50:02 ERROR /home/bsc03/bsc03353/forge/src/dispatcher/posix.c:61 140243820001024: r->filehandle = 35, r->size = 6291456, r->offset = 799014912
04:50:02 ERROR /home/bsc03/bsc03353/forge/src/dispatcher/posix.c:62 140243820001024: single write -1 of expected 6291456
04:50:02 ERROR /home/bsc03/bsc03353/forge/src/dispatcher/posix.c:61 139797168400128: r->filehandle = 36, r->size = 6291456, r->offset = 3403677696
04:50:02 ERROR /home/bsc03/bsc03353/forge/src/dispatcher/posix.c:62 139797168400128: single write -1 of expected 6291456
04:50:03 ERROR /home/bsc03/bsc03353/forge/src/dispatcher/posix.c:61 140245967488768: r->filehandle = 35, r->size = 6291456, r->offset = 25165824
04:50:03 ERROR /home/bsc03/bsc03353/forge/src/dispatcher/posix.c:62 140245967488768: single write -1 of expected 6291456
04:50:03 ERROR /home/bsc03/bsc03353/forge/src/dispatcher/posix.c:61 140256704927488: r->filehandle = 35, r->size = 6291456, r->offset = 754974720
04:50:03 ERROR /home/bsc03/bsc03353/forge/src/dispatcher/posix.c:62 140256704927488: single write -1 of expected 6291456
04:50:03 ERROR /home/bsc03/bsc03353/forge/src/dispatcher/posix.c:61 139777841010432: r->filehandle = 36, r->size = 6291456, r->offset = 591396864
04:50:03 ERROR /home/bsc03/bsc03353/forge/src/dispatcher/posix.c:62 139777841010432: single write -1 of expected 6291456
04:50:03 ERROR /home/bsc03/bsc03353/forge/src/dispatcher/posix.c:61 140254557439744: r->filehandle = 35, r->size = 6291456, r->offset = 654311424
04:50:03 ERROR /home/bsc03/bsc03353/forge/src/dispatcher/posix.c:62 140254557439744: single write -1 of expected 6291456
04:50:04 ERROR /home/bsc03/bsc03353/forge/src/dispatcher/posix.c:61 139788578449152: r->filehandle = 36, r->size = 6291456, r->offset = 4687134720
04:50:04 ERROR /home/bsc03/bsc03353/forge/src/dispatcher/posix.c:62 139788578449152: single write -1 of expected 6291456
04:50:04 ERROR /home/bsc03/bsc03353/forge/src/dispatcher/posix.c:61 140248114976512: r->filehandle = 35, r->size = 6291456, r->offset = 811597824
04:50:04 ERROR /home/bsc03/bsc03353/forge/src/dispatcher/posix.c:62 140248114976512: single write -1 of expected 6291456
04:50:05 ERROR /home/bsc03/bsc03353/forge/src/dispatcher/posix.c:61 140235230050048: r->filehandle = 35, r->size = 6291456, r->offset = 182452224
04:50:05 ERROR /home/bsc03/bsc03353/forge/src/dispatcher/posix.c:62 140235230050048: single write -1 of expected 6291456
04:50:05 ERROR /home/bsc03/bsc03353/forge/src/dispatcher/posix.c:61 140256704927488: r->filehandle = 35, r->size = 6291456, r->offset = 1503657984
04:50:05 ERROR /home/bsc03/bsc03353/forge/src/dispatcher/posix.c:62 140256704927488: single write -1 of expected 6291456
04:50:05 ERROR /home/bsc03/bsc03353/forge/src/dispatcher/posix.c:61 139771398547200: r->filehandle = 36, r->size = 6291456, r->offset = 547356672
04:50:05 ERROR /home/bsc03/bsc03353/forge/src/dispatcher/posix.c:62 139771398547200: single write -1 of expected 6291456
04:50:05 ERROR /home/bsc03/bsc03353/forge/src/dispatcher/posix.c:61 140245967488768: r->filehandle = 35, r->size = 6291456, r->offset = 31457280
04:50:05 ERROR /home/bsc03/bsc03353/forge/src/dispatcher/posix.c:62 140245967488768: single write -1 of expected 6291456
04:50:06 ERROR /home/bsc03/bsc03353/forge/src/dispatcher/posix.c:61 139803610863360: r->filehandle = 36, r->size = 6291456, r->offset = 1126170624
04:50:06 ERROR /home/bsc03/bsc03353/forge/src/dispatcher/posix.c:62 139803610863360: single write -1 of expected 6291456
04:50:06 ERROR /home/bsc03/bsc03353/forge/src/dispatcher/posix.c:61 140252409952000: r->filehandle = 35, r->size = 6291456, r->offset = 660602880
04:50:06 ERROR /home/bsc03/bsc03353/forge/src/dispatcher/posix.c:61 139801463375616: r->filehandle = 36, r->size = 6291456, r->offset = 566231040
04:50:06 ERROR /home/bsc03/bsc03353/forge/src/dispatcher/posix.c:62 139801463375616: single write -1 of expected 6291456
04:50:06 ERROR /home/bsc03/bsc03353/forge/src/dispatcher/posix.c:62 140252409952000: single write -1 of expected 6291456
04:50:06 ERROR /home/bsc03/bsc03353/forge/src/dispatcher/posix.c:61 139784283473664: r->filehandle = 36, r->size = 6291456, r->offset = 4592762880
04:50:06 ERROR /home/bsc03/bsc03353/forge/src/dispatcher/posix.c:62 139784283473664: single write -1 of expected 6291456
04:50:07 ERROR /home/bsc03/bsc03353/forge/src/dispatcher/posix.c:61 139790725936896: r->filehandle = 36, r->size = 6291456, r->offset = 943718400
04:50:07 ERROR /home/bsc03/bsc03353/forge/src/dispatcher/posix.c:62 139790725936896: single write -1 of expected 6291456
04:50:07 ERROR /home/bsc03/bsc03353/forge/src/dispatcher/posix.c:61 139773546034944: r->filehandle = 36, r->size = 6291456, r->offset = 3529506816
04:50:07 ERROR /home/bsc03/bsc03353/forge/src/dispatcher/posix.c:62 139773546034944: single write -1 of expected 6291456
04:50:07 ERROR /home/bsc03/bsc03353/forge/src/dispatcher/posix.c:61 139795020912384: r->filehandle = 36, r->size = 6291456, r->offset = 1660944384
04:50:07 ERROR /home/bsc03/bsc03353/forge/src/dispatcher/posix.c:62 139795020912384: single write -1 of expected 6291456
04:50:07 ERROR /home/bsc03/bsc03353/forge/src/dispatcher/posix.c:61 139797168400128: r->filehandle = 36, r->size = 6291456, r->offset = 1145044992
04:50:07 ERROR /home/bsc03/bsc03353/forge/src/dispatcher/posix.c:62 139797168400128: single write -1 of expected 6291456
04:50:08 ERROR /home/bsc03/bsc03353/forge/src/dispatcher/posix.c:61 139788578449152: r->filehandle = 36, r->size = 6291456, r->offset = 4196401152
04:50:08 ERROR /home/bsc03/bsc03353/forge/src/dispatcher/posix.c:62 139788578449152: single write -1 of expected 6291456
04:50:08 ERROR /home/bsc03/bsc03353/forge/src/dispatcher/posix.c:61 140239525025536: r->filehandle = 35, r->size = 6291456, r->offset = 641728512
04:50:08 ERROR /home/bsc03/bsc03353/forge/src/dispatcher/posix.c:62 140239525025536: single write -1 of expected 6291456
04:50:08 ERROR /home/bsc03/bsc03353/forge/src/dispatcher/posix.c:61 139771398547200: r->filehandle = 36, r->size = 6291456, r->offset = 497025024
04:50:08 ERROR /home/bsc03/bsc03353/forge/src/dispatcher/posix.c:62 139771398547200: single write -1 of expected 6291456
04:50:08 ERROR /home/bsc03/bsc03353/forge/src/dispatcher/posix.c:61 139782135985920: r->filehandle = 36, r->size = 6291456, r->offset = 3932160000
04:50:08 ERROR /home/bsc03/bsc03353/forge/src/dispatcher/posix.c:62 139782135985920: single write -1 of expected 6291456
04:50:09 ERROR /home/bsc03/bsc03353/forge/src/dispatcher/posix.c:61 139799315887872: r->filehandle = 36, r->size = 6291456, r->offset = 931135488
04:50:09 ERROR /home/bsc03/bsc03353/forge/src/dispatcher/posix.c:62 139799315887872: single write -1 of expected 6291456
04:50:09 ERROR /home/bsc03/bsc03353/forge/src/dispatcher/posix.c:61 140252409952000: r->filehandle = 35, r->size = 6291456, r->offset = 1314914304
04:50:09 ERROR /home/bsc03/bsc03353/forge/src/dispatcher/posix.c:62 140252409952000: single write -1 of expected 6291456
04:50:09 ERROR /home/bsc03/bsc03353/forge/src/dispatcher/posix.c:61 139777841010432: r->filehandle = 36, r->size = 6291456, r->offset = 578813952
04:50:09 ERROR /home/bsc03/bsc03353/forge/src/dispatcher/posix.c:62 139777841010432: single write -1 of expected 6291456
04:50:09 ERROR /home/bsc03/bsc03353/forge/src/dispatcher/posix.c:61 140243820001024: r->filehandle = 35, r->size = 6291456, r->offset = 1352663040
04:50:09 ERROR /home/bsc03/bsc03353/forge/src/dispatcher/posix.c:62 140243820001024: single write -1 of expected 6291456
04:50:09 ERROR /home/bsc03/bsc03353/forge/src/dispatcher/posix.c:61 140250262464256: r->filehandle = 35, r->size = 6291456, r->offset = 283115520
04:50:09 ERROR /home/bsc03/bsc03353/forge/src/dispatcher/posix.c:62 140250262464256: single write -1 of expected 6291456
04:50:09 ERROR /home/bsc03/bsc03353/forge/src/dispatcher/posix.c:61 139779988498176: r->filehandle = 36, r->size = 6291456, r->offset = 1560281088
04:50:09 ERROR /home/bsc03/bsc03353/forge/src/dispatcher/posix.c:62 139779988498176: single write -1 of expected 6291456
04:50:10 ERROR /home/bsc03/bsc03353/forge/src/dispatcher/posix.c:61 140265294878464: r->filehandle = 35, r->size = 6291456, r->offset = 622854144
04:50:10 ERROR /home/bsc03/bsc03353/forge/src/dispatcher/posix.c:62 140265294878464: single write -1 of expected 6291456
04:50:10 ERROR /home/bsc03/bsc03353/forge/src/dispatcher/posix.c:61 140267442366208: r->filehandle = 35, r->size = 6291456, r->offset = 119537664
04:50:10 ERROR /home/bsc03/bsc03353/forge/src/dispatcher/posix.c:62 140267442366208: single write -1 of expected 6291456
04:50:10 ERROR /home/bsc03/bsc03353/forge/src/dispatcher/posix.c:61 139803610863360: r->filehandle = 36, r->size = 6291456, r->offset = 4007657472
04:50:10 ERROR /home/bsc03/bsc03353/forge/src/dispatcher/posix.c:62 139803610863360: single write -1 of expected 6291456
04:50:10 ERROR /home/bsc03/bsc03353/forge/src/dispatcher/posix.c:61 140260999902976: r->filehandle = 35, r->size = 6291456, r->offset = 226492416
04:50:10 ERROR /home/bsc03/bsc03353/forge/src/dispatcher/posix.c:62 140260999902976: single write -1 of expected 6291456
04:50:10 ERROR /home/bsc03/bsc03353/forge/src/dispatcher/posix.c:61 140237377537792: r->filehandle = 35, r->size = 6291456, r->offset = 0
04:50:10 ERROR /home/bsc03/bsc03353/forge/src/dispatcher/posix.c:62 140237377537792: single write -1 of expected 6291456
04:50:10 ERROR /home/bsc03/bsc03353/forge/src/dispatcher/posix.c:61 139792873424640: r->filehandle = 36, r->size = 6291456, r->offset = 4183818240
04:50:10 ERROR /home/bsc03/bsc03353/forge/src/dispatcher/posix.c:62 139792873424640: single write -1 of expected 6291456
04:50:11 ERROR /home/bsc03/bsc03353/forge/src/dispatcher/posix.c:61 139795020912384: r->filehandle = 36, r->size = 6291456, r->offset = 1730150400
04:50:11 ERROR /home/bsc03/bsc03353/forge/src/dispatcher/posix.c:62 139795020912384: single write -1 of expected 6291456
04:50:11 ERROR /home/bsc03/bsc03353/forge/src/dispatcher/posix.c:61 139788578449152: r->filehandle = 36, r->size = 6291456, r->offset = 4133486592
04:50:11 ERROR /home/bsc03/bsc03353/forge/src/dispatcher/posix.c:62 139788578449152: single write -1 of expected 6291456
04:50:11 ERROR /home/bsc03/bsc03353/forge/src/dispatcher/posix.c:61 139775693522688: r->filehandle = 36, r->size = 6291456, r->offset = 2774532096
04:50:11 ERROR /home/bsc03/bsc03353/forge/src/dispatcher/posix.c:62 139775693522688: single write -1 of expected 6291456
04:50:12 ERROR /home/bsc03/bsc03353/forge/src/dispatcher/posix.c:61 139786430961408: r->filehandle = 36, r->size = 6291456, r->offset = 905969664
04:50:12 ERROR /home/bsc03/bsc03353/forge/src/dispatcher/posix.c:62 139786430961408: single write -1 of expected 6291456
04:50:12 ERROR /home/bsc03/bsc03353/forge/src/dispatcher/posix.c:61 140258852415232: r->filehandle = 35, r->size = 6291456, r->offset = 245366784
04:50:12 ERROR /home/bsc03/bsc03353/forge/src/dispatcher/posix.c:62 140258852415232: single write -1 of expected 6291456
04:50:12 ERROR /home/bsc03/bsc03353/forge/src/dispatcher/posix.c:61 140239525025536: r->filehandle = 35, r->size = 6291456, r->offset = 679477248
04:50:12 ERROR /home/bsc03/bsc03353/forge/src/dispatcher/posix.c:62 140239525025536: single write -1 of expected 6291456
04:50:12 ERROR /home/bsc03/bsc03353/forge/src/dispatcher/posix.c:61 139777841010432: r->filehandle = 36, r->size = 6291456, r->offset = 4536139776
04:50:12 ERROR /home/bsc03/bsc03353/forge/src/dispatcher/posix.c:62 139777841010432: single write -1 of expected 6291456
04:50:12 ERROR /home/bsc03/bsc03353/forge/src/dispatcher/posix.c:61 140256704927488: r->filehandle = 35, r->size = 6291456, r->offset = 792723456
04:50:12 ERROR /home/bsc03/bsc03353/forge/src/dispatcher/posix.c:62 140256704927488: single write -1 of expected 6291456
04:50:13 ERROR /home/bsc03/bsc03353/forge/src/dispatcher/posix.c:61 140265294878464: r->filehandle = 35, r->size = 6291456, r->offset = 861929472
04:50:13 ERROR /home/bsc03/bsc03353/forge/src/dispatcher/posix.c:62 140265294878464: single write -1 of expected 6291456
04:50:13 ERROR /home/bsc03/bsc03353/forge/src/dispatcher/posix.c:61 139775693522688: r->filehandle = 36, r->size = 6291456, r->offset = 1157627904
04:50:13 ERROR /home/bsc03/bsc03353/forge/src/dispatcher/posix.c:62 139775693522688: single write -1 of expected 6291456
04:50:13 ERROR /home/bsc03/bsc03353/forge/src/dispatcher/posix.c:61 140260999902976: r->filehandle = 35, r->size = 6291456, r->offset = 1402994688
04:50:13 ERROR /home/bsc03/bsc03353/forge/src/dispatcher/posix.c:61 139771398547200: r->filehandle = 36, r->size = 6291456, r->offset = 471859200
04:50:13 ERROR /home/bsc03/bsc03353/forge/src/dispatcher/posix.c:62 139771398547200: single write -1 of expected 6291456
04:50:13 ERROR /home/bsc03/bsc03353/forge/src/dispatcher/posix.c:62 140260999902976: single write -1 of expected 6291456
04:50:14 ERROR /home/bsc03/bsc03353/forge/src/dispatcher/posix.c:61 140248114976512: r->filehandle = 35, r->size = 6291456, r->offset = 666894336
04:50:14 ERROR /home/bsc03/bsc03353/forge/src/dispatcher/posix.c:62 140248114976512: single write -1 of expected 6291456
04:50:14 ERROR /home/bsc03/bsc03353/forge/src/dispatcher/posix.c:61 139801463375616: r->filehandle = 36, r->size = 6291456, r->offset = 484442112
04:50:14 ERROR /home/bsc03/bsc03353/forge/src/dispatcher/posix.c:62 139801463375616: single write -1 of expected 6291456
04:50:14 ERROR /home/bsc03/bsc03353/forge/src/dispatcher/posix.c:61 140265294878464: r->filehandle = 35, r->size = 6291456, r->offset = 1956642816
04:50:14 ERROR /home/bsc03/bsc03353/forge/src/dispatcher/posix.c:62 140265294878464: single write -1 of expected 6291456
04:50:14 ERROR /home/bsc03/bsc03353/forge/src/dispatcher/posix.c:61 140243820001024: r->filehandle = 35, r->size = 6291456, r->offset = 773849088
04:50:14 ERROR /home/bsc03/bsc03353/forge/src/dispatcher/posix.c:62 140243820001024: single write -1 of expected 6291456
04:50:15 ERROR /home/bsc03/bsc03353/forge/src/dispatcher/posix.c:61 140235230050048: r->filehandle = 35, r->size = 6291456, r->offset = 163577856
04:50:15 ERROR /home/bsc03/bsc03353/forge/src/dispatcher/posix.c:62 140235230050048: single write -1 of expected 6291456
04:50:15 ERROR /home/bsc03/bsc03353/forge/src/dispatcher/posix.c:61 140256704927488: r->filehandle = 35, r->size = 6291456, r->offset = 1918894080
04:50:15 ERROR /home/bsc03/bsc03353/forge/src/dispatcher/posix.c:62 140256704927488: single write -1 of expected 6291456
04:50:15 ERROR /home/bsc03/bsc03353/forge/src/dispatcher/posix.c:61 140252409952000: r->filehandle = 35, r->size = 6291456, r->offset = 817889280
04:50:15 ERROR /home/bsc03/bsc03353/forge/src/dispatcher/posix.c:62 140252409952000: single write -1 of expected 6291456
04:50:16 ERROR /home/bsc03/bsc03353/forge/src/dispatcher/posix.c:61 139797168400128: r->filehandle = 36, r->size = 6291456, r->offset = 1547698176
04:50:16 ERROR /home/bsc03/bsc03353/forge/src/dispatcher/posix.c:62 139797168400128: single write -1 of expected 6291456
04:50:16 ERROR /home/bsc03/bsc03353/forge/src/dispatcher/posix.c:61 140254557439744: r->filehandle = 35, r->size = 6291456, r->offset = 1346371584
04:50:16 ERROR /home/bsc03/bsc03353/forge/src/dispatcher/posix.c:62 140254557439744: single write -1 of expected 6291456
04:50:16 ERROR /home/bsc03/bsc03353/forge/src/dispatcher/posix.c:61 139784283473664: r->filehandle = 36, r->size = 6291456, r->offset = 4812963840
04:50:16 ERROR /home/bsc03/bsc03353/forge/src/dispatcher/posix.c:62 139784283473664: single write -1 of expected 6291456
04:50:16 ERROR /home/bsc03/bsc03353/forge/src/dispatcher/posix.c:61 140260999902976: r->filehandle = 35, r->size = 6291456, r->offset = 1245708288
04:50:16 ERROR /home/bsc03/bsc03353/forge/src/dispatcher/posix.c:62 140260999902976: single write -1 of expected 6291456
04:50:16 ERROR /home/bsc03/bsc03353/forge/src/dispatcher/posix.c:61 139777841010432: r->filehandle = 36, r->size = 6291456, r->offset = 1094713344
04:50:16 ERROR /home/bsc03/bsc03353/forge/src/dispatcher/posix.c:62 139777841010432: single write -1 of expected 6291456
04:50:17 ERROR /home/bsc03/bsc03353/forge/src/dispatcher/posix.c:61 140241672513280: r->filehandle = 35, r->size = 6291456, r->offset = 239075328
04:50:17 ERROR /home/bsc03/bsc03353/forge/src/dispatcher/posix.c:62 140241672513280: single write -1 of expected 6291456
04:50:17 ERROR /home/bsc03/bsc03353/forge/src/dispatcher/posix.c:61 139775693522688: r->filehandle = 36, r->size = 6291456, r->offset = 1195376640
04:50:17 ERROR /home/bsc03/bsc03353/forge/src/dispatcher/posix.c:62 139775693522688: single write -1 of expected 6291456
04:50:17 ERROR /home/bsc03/bsc03353/forge/src/dispatcher/posix.c:61 139790725936896: r->filehandle = 36, r->size = 6291456, r->offset = 5291114496
04:50:17 ERROR /home/bsc03/bsc03353/forge/src/dispatcher/posix.c:62 139790725936896: single write -1 of expected 6291456
04:50:18 ERROR /home/bsc03/bsc03353/forge/src/dispatcher/posix.c:61 140245967488768: r->filehandle = 35, r->size = 6291456, r->offset = 113246208
04:50:18 ERROR /home/bsc03/bsc03353/forge/src/dispatcher/posix.c:61 139792873424640: r->filehandle = 36, r->size = 6291456, r->offset = 2164260864
04:50:18 ERROR /home/bsc03/bsc03353/forge/src/dispatcher/posix.c:62 139792873424640: single write -1 of expected 6291456
04:50:18 ERROR /home/bsc03/bsc03353/forge/src/dispatcher/posix.c:62 140245967488768: single write -1 of expected 6291456
04:50:18 ERROR /home/bsc03/bsc03353/forge/src/dispatcher/posix.c:61 139803610863360: r->filehandle = 36, r->size = 6291456, r->offset = 1535115264
04:50:18 ERROR /home/bsc03/bsc03353/forge/src/dispatcher/posix.c:62 139803610863360: single write -1 of expected 6291456
04:50:18 ERROR /home/bsc03/bsc03353/forge/src/dispatcher/posix.c:61 139788578449152: r->filehandle = 36, r->size = 6291456, r->offset = 994050048
04:50:18 ERROR /home/bsc03/bsc03353/forge/src/dispatcher/posix.c:62 139788578449152: single write -1 of expected 6291456
04:50:19 ERROR /home/bsc03/bsc03353/forge/src/dispatcher/posix.c:61 139773546034944: r->filehandle = 36, r->size = 6291456, r->offset = 5196742656
04:50:19 ERROR /home/bsc03/bsc03353/forge/src/dispatcher/posix.c:62 139773546034944: single write -1 of expected 6291456
04:50:19 ERROR /home/bsc03/bsc03353/forge/src/dispatcher/posix.c:61 140260999902976: r->filehandle = 35, r->size = 6291456, r->offset = 824180736
04:50:19 ERROR /home/bsc03/bsc03353/forge/src/dispatcher/posix.c:62 140260999902976: single write -1 of expected 6291456
04:50:19 ERROR /home/bsc03/bsc03353/forge/src/dispatcher/posix.c:61 140237377537792: r->filehandle = 35, r->size = 6291456, r->offset = 251658240
04:50:19 ERROR /home/bsc03/bsc03353/forge/src/dispatcher/posix.c:62 140237377537792: single write -1 of expected 6291456
04:50:19 ERROR /home/bsc03/bsc03353/forge/src/dispatcher/posix.c:61 139779988498176: r->filehandle = 36, r->size = 6291456, r->offset = 1749024768
04:50:19 ERROR /home/bsc03/bsc03353/forge/src/dispatcher/posix.c:62 139779988498176: single write -1 of expected 6291456
04:50:19 ERROR /home/bsc03/bsc03353/forge/src/dispatcher/posix.c:61 140239525025536: r->filehandle = 35, r->size = 6291456, r->offset = 1358954496
04:50:19 ERROR /home/bsc03/bsc03353/forge/src/dispatcher/posix.c:62 140239525025536: single write -1 of expected 6291456
04:50:20 ERROR /home/bsc03/bsc03353/forge/src/dispatcher/posix.c:61 140250262464256: r->filehandle = 35, r->size = 6291456, r->offset = 868220928
04:50:20 ERROR /home/bsc03/bsc03353/forge/src/dispatcher/posix.c:62 140250262464256: single write -1 of expected 6291456
04:50:20 ERROR /home/bsc03/bsc03353/forge/src/dispatcher/posix.c:61 140263147390720: r->filehandle = 35, r->size = 6291456, r->offset = 270532608
04:50:20 ERROR /home/bsc03/bsc03353/forge/src/dispatcher/posix.c:62 140263147390720: single write -1 of expected 6291456
04:50:20 ERROR /home/bsc03/bsc03353/forge/src/dispatcher/posix.c:61 139799315887872: r->filehandle = 36, r->size = 6291456, r->offset = 4800380928
04:50:20 ERROR /home/bsc03/bsc03353/forge/src/dispatcher/posix.c:62 139799315887872: single write -1 of expected 6291456
04:50:21 ERROR /home/bsc03/bsc03353/forge/src/dispatcher/posix.c:61 140260999902976: r->filehandle = 35, r->size = 6291456, r->offset = 887095296
04:50:21 ERROR /home/bsc03/bsc03353/forge/src/dispatcher/posix.c:61 139777841010432: r->filehandle = 36, r->size = 6291456, r->offset = 1182793728
04:50:21 ERROR /home/bsc03/bsc03353/forge/src/dispatcher/posix.c:62 139777841010432: single write -1 of expected 6291456
04:50:21 ERROR /home/bsc03/bsc03353/forge/src/dispatcher/posix.c:62 140260999902976: single write -1 of expected 6291456
04:50:21 ERROR /home/bsc03/bsc03353/forge/src/dispatcher/posix.c:61 139784283473664: r->filehandle = 36, r->size = 6291456, r->offset = 981467136
04:50:21 ERROR /home/bsc03/bsc03353/forge/src/dispatcher/posix.c:62 139784283473664: single write -1 of expected 6291456
04:50:21 ERROR /home/bsc03/bsc03353/forge/src/dispatcher/posix.c:61 140235230050048: r->filehandle = 35, r->size = 6291456, r->offset = 830472192
04:50:21 ERROR /home/bsc03/bsc03353/forge/src/dispatcher/posix.c:62 140235230050048: single write -1 of expected 6291456
04:50:22 ERROR /home/bsc03/bsc03353/forge/src/dispatcher/posix.c:61 139788578449152: r->filehandle = 36, r->size = 6291456, r->offset = 1761607680
04:50:22 ERROR /home/bsc03/bsc03353/forge/src/dispatcher/posix.c:62 139788578449152: single write -1 of expected 6291456
04:50:22 ERROR /home/bsc03/bsc03353/forge/src/dispatcher/posix.c:61 140265294878464: r->filehandle = 35, r->size = 6291456, r->offset = 1415577600
04:50:22 ERROR /home/bsc03/bsc03353/forge/src/dispatcher/posix.c:62 140265294878464: single write -1 of expected 6291456
04:50:22 ERROR /home/bsc03/bsc03353/forge/src/dispatcher/posix.c:61 140254557439744: r->filehandle = 35, r->size = 6291456, r->offset = 780140544
04:50:22 ERROR /home/bsc03/bsc03353/forge/src/dispatcher/posix.c:62 140254557439744: single write -1 of expected 6291456
04:50:22 ERROR /home/bsc03/bsc03353/forge/src/dispatcher/posix.c:61 140252409952000: r->filehandle = 35, r->size = 6291456, r->offset = 849346560
04:50:22 ERROR /home/bsc03/bsc03353/forge/src/dispatcher/posix.c:62 140252409952000: single write -1 of expected 6291456
04:50:23 ERROR /home/bsc03/bsc03353/forge/src/dispatcher/posix.c:61 140245967488768: r->filehandle = 35, r->size = 6291456, r->offset = 132120576
04:50:23 ERROR /home/bsc03/bsc03353/forge/src/dispatcher/posix.c:62 140245967488768: single write -1 of expected 6291456
04:50:23 ERROR /home/bsc03/bsc03353/forge/src/dispatcher/posix.c:61 140241672513280: r->filehandle = 35, r->size = 6291456, r->offset = 125829120
04:50:23 ERROR /home/bsc03/bsc03353/forge/src/dispatcher/posix.c:62 140241672513280: single write -1 of expected 6291456
04:50:23 ERROR /home/bsc03/bsc03353/forge/src/dispatcher/posix.c:61 140267442366208: r->filehandle = 35, r->size = 6291456, r->offset = 44040192
04:50:23 ERROR /home/bsc03/bsc03353/forge/src/dispatcher/posix.c:62 140267442366208: single write -1 of expected 6291456
04:50:23 ERROR /home/bsc03/bsc03353/forge/src/dispatcher/posix.c:61 140248114976512: r->filehandle = 35, r->size = 6291456, r->offset = 1258291200
04:50:23 ERROR /home/bsc03/bsc03353/forge/src/dispatcher/posix.c:62 140248114976512: single write -1 of expected 6291456
04:50:24 ERROR /home/bsc03/bsc03353/forge/src/dispatcher/posix.c:61 139775693522688: r->filehandle = 36, r->size = 6291456, r->offset = 4787798016
04:50:24 ERROR /home/bsc03/bsc03353/forge/src/dispatcher/posix.c:62 139775693522688: single write -1 of expected 6291456
04:50:24 ERROR /home/bsc03/bsc03353/forge/src/dispatcher/posix.c:61 140243820001024: r->filehandle = 35, r->size = 6291456, r->offset = 1264582656
04:50:24 ERROR /home/bsc03/bsc03353/forge/src/dispatcher/posix.c:62 140243820001024: single write -1 of expected 6291456
04:50:24 ERROR /home/bsc03/bsc03353/forge/src/dispatcher/posix.c:61 139786430961408: r->filehandle = 36, r->size = 6291456, r->offset = 1082130432
04:50:24 ERROR /home/bsc03/bsc03353/forge/src/dispatcher/posix.c:62 139786430961408: single write -1 of expected 6291456
04:50:25 ERROR /home/bsc03/bsc03353/forge/src/dispatcher/posix.c:61 139801463375616: r->filehandle = 36, r->size = 6291456, r->offset = 314572800
04:50:25 ERROR /home/bsc03/bsc03353/forge/src/dispatcher/posix.c:62 139801463375616: single write -1 of expected 6291456
04:50:25 ERROR /home/bsc03/bsc03353/forge/src/dispatcher/posix.c:61 140239525025536: r->filehandle = 35, r->size = 6291456, r->offset = 1283457024
04:50:25 ERROR /home/bsc03/bsc03353/forge/src/dispatcher/posix.c:62 140239525025536: single write -1 of expected 6291456
04:50:25 ERROR /home/bsc03/bsc03353/forge/src/dispatcher/posix.c:61 139777841010432: r->filehandle = 36, r->size = 6291456, r->offset = 1698693120
04:50:25 ERROR /home/bsc03/bsc03353/forge/src/dispatcher/posix.c:62 139777841010432: single write -1 of expected 6291456
04:50:25 ERROR /home/bsc03/bsc03353/forge/src/dispatcher/posix.c:61 140254557439744: r->filehandle = 35, r->size = 6291456, r->offset = 1377828864
04:50:25 ERROR /home/bsc03/bsc03353/forge/src/dispatcher/posix.c:62 140254557439744: single write -1 of expected 6291456
04:50:26 ERROR /home/bsc03/bsc03353/forge/src/dispatcher/posix.c:61 140263147390720: r->filehandle = 35, r->size = 6291456, r->offset = 69206016
04:50:26 ERROR /home/bsc03/bsc03353/forge/src/dispatcher/posix.c:62 140263147390720: single write -1 of expected 6291456
04:50:26 ERROR /home/bsc03/bsc03353/forge/src/dispatcher/posix.c:61 140260999902976: r->filehandle = 35, r->size = 6291456, r->offset = 1465909248
04:50:26 ERROR /home/bsc03/bsc03353/forge/src/dispatcher/posix.c:62 140260999902976: single write -1 of expected 6291456
04:50:26 ERROR /home/bsc03/bsc03353/forge/src/dispatcher/posix.c:61 140241672513280: r->filehandle = 35, r->size = 6291456, r->offset = 2522873856
04:50:26 ERROR /home/bsc03/bsc03353/forge/src/dispatcher/posix.c:62 140241672513280: single write -1 of expected 6291456
04:50:27 ERROR /home/bsc03/bsc03353/forge/src/dispatcher/posix.c:61 140237377537792: r->filehandle = 35, r->size = 6291456, r->offset = 698351616
04:50:27 ERROR /home/bsc03/bsc03353/forge/src/dispatcher/posix.c:62 140237377537792: single write -1 of expected 6291456
04:50:27 ERROR /home/bsc03/bsc03353/forge/src/dispatcher/posix.c:61 139790725936896: r->filehandle = 36, r->size = 6291456, r->offset = 2334130176
04:50:27 ERROR /home/bsc03/bsc03353/forge/src/dispatcher/posix.c:62 139790725936896: single write -1 of expected 6291456
04:50:28 ERROR /home/bsc03/bsc03353/forge/src/dispatcher/posix.c:61 140243820001024: r->filehandle = 35, r->size = 6291456, r->offset = 761266176
04:50:28 ERROR /home/bsc03/bsc03353/forge/src/dispatcher/posix.c:62 140243820001024: single write -1 of expected 6291456
04:50:28 ERROR /home/bsc03/bsc03353/forge/src/dispatcher/posix.c:61 139803610863360: r->filehandle = 36, r->size = 6291456, r->offset = 5140119552
04:50:28 ERROR /home/bsc03/bsc03353/forge/src/dispatcher/posix.c:62 139803610863360: single write -1 of expected 6291456
04:50:28 ERROR /home/bsc03/bsc03353/forge/src/dispatcher/posix.c:61 139771398547200: r->filehandle = 36, r->size = 6291456, r->offset = 421527552
04:50:28 ERROR /home/bsc03/bsc03353/forge/src/dispatcher/posix.c:62 139771398547200: single write -1 of expected 6291456
04:50:28 ERROR /home/bsc03/bsc03353/forge/src/dispatcher/posix.c:61 139792873424640: r->filehandle = 36, r->size = 6291456, r->offset = 3378511872
04:50:28 ERROR /home/bsc03/bsc03353/forge/src/dispatcher/posix.c:62 139792873424640: single write -1 of expected 6291456
04:50:29 ERROR /home/bsc03/bsc03353/forge/src/dispatcher/posix.c:61 140248114976512: r->filehandle = 35, r->size = 6291456, r->offset = 1421869056
04:50:29 ERROR /home/bsc03/bsc03353/forge/src/dispatcher/posix.c:62 140248114976512: single write -1 of expected 6291456
04:50:29 ERROR /home/bsc03/bsc03353/forge/src/dispatcher/posix.c:61 139795020912384: r->filehandle = 36, r->size = 6291456, r->offset = 4611637248
04:50:29 ERROR /home/bsc03/bsc03353/forge/src/dispatcher/posix.c:62 139795020912384: single write -1 of expected 6291456
04:50:29 ERROR /home/bsc03/bsc03353/forge/src/dispatcher/posix.c:61 139775693522688: r->filehandle = 36, r->size = 6291456, r->offset = 5895094272
04:50:29 ERROR /home/bsc03/bsc03353/forge/src/dispatcher/posix.c:62 139775693522688: single write -1 of expected 6291456
04:50:30 ERROR /home/bsc03/bsc03353/forge/src/dispatcher/posix.c:61 140256704927488: r->filehandle = 35, r->size = 6291456, r->offset = 1226833920
04:50:30 ERROR /home/bsc03/bsc03353/forge/src/dispatcher/posix.c:62 140256704927488: single write -1 of expected 6291456
04:50:30 ERROR /home/bsc03/bsc03353/forge/src/dispatcher/posix.c:61 139799315887872: r->filehandle = 36, r->size = 6291456, r->offset = 1509949440
04:50:30 ERROR /home/bsc03/bsc03353/forge/src/dispatcher/posix.c:62 139799315887872: single write -1 of expected 6291456
04:50:30 ERROR /home/bsc03/bsc03353/forge/src/dispatcher/posix.c:61 139801463375616: r->filehandle = 36, r->size = 6291456, r->offset = 465567744
04:50:30 ERROR /home/bsc03/bsc03353/forge/src/dispatcher/posix.c:62 139801463375616: single write -1 of expected 6291456
04:50:30 ERROR /home/bsc03/bsc03353/forge/src/dispatcher/posix.c:61 139797168400128: r->filehandle = 36, r->size = 6291456, r->offset = 1107296256
04:50:30 ERROR /home/bsc03/bsc03353/forge/src/dispatcher/posix.c:62 139797168400128: single write -1 of expected 6291456
04:50:31 ERROR /home/bsc03/bsc03353/forge/src/dispatcher/posix.c:61 140237377537792: r->filehandle = 35, r->size = 6291456, r->offset = 893386752
04:50:31 ERROR /home/bsc03/bsc03353/forge/src/dispatcher/posix.c:62 140237377537792: single write -1 of expected 6291456
04:50:31 ERROR /home/bsc03/bsc03353/forge/src/dispatcher/posix.c:61 140252409952000: r->filehandle = 35, r->size = 6291456, r->offset = 2006974464
04:50:31 ERROR /home/bsc03/bsc03353/forge/src/dispatcher/posix.c:62 140252409952000: single write -1 of expected 6291456
04:50:31 ERROR /home/bsc03/bsc03353/forge/src/dispatcher/posix.c:61 139788578449152: r->filehandle = 36, r->size = 6291456, r->offset = 1799356416
04:50:31 ERROR /home/bsc03/bsc03353/forge/src/dispatcher/posix.c:62 139788578449152: single write -1 of expected 6291456
04:50:31 ERROR /home/bsc03/bsc03353/forge/src/dispatcher/posix.c:61 140239525025536: r->filehandle = 35, r->size = 6291456, r->offset = 1849688064
04:50:31 ERROR /home/bsc03/bsc03353/forge/src/dispatcher/posix.c:62 140239525025536: single write -1 of expected 6291456
04:50:32 ERROR /home/bsc03/bsc03353/forge/src/dispatcher/posix.c:61 140245967488768: r->filehandle = 35, r->size = 6291456, r->offset = 6291456
04:50:32 ERROR /home/bsc03/bsc03353/forge/src/dispatcher/posix.c:62 140245967488768: single write -1 of expected 6291456
04:50:32 ERROR /home/bsc03/bsc03353/forge/src/dispatcher/posix.c:61 140256704927488: r->filehandle = 35, r->size = 6291456, r->offset = 805306368
04:50:32 ERROR /home/bsc03/bsc03353/forge/src/dispatcher/posix.c:62 140256704927488: single write -1 of expected 6291456
04:50:33 ERROR /home/bsc03/bsc03353/forge/src/dispatcher/posix.c:61 140248114976512: r->filehandle = 35, r->size = 6291456, r->offset = 603979776
04:50:33 ERROR /home/bsc03/bsc03353/forge/src/dispatcher/posix.c:62 140248114976512: single write -1 of expected 6291456
04:50:33 ERROR /home/bsc03/bsc03353/forge/src/dispatcher/posix.c:61 139779988498176: r->filehandle = 36, r->size = 6291456, r->offset = 4737466368
04:50:33 ERROR /home/bsc03/bsc03353/forge/src/dispatcher/posix.c:62 139779988498176: single write -1 of expected 6291456
04:50:33 ERROR /home/bsc03/bsc03353/forge/src/dispatcher/posix.c:61 140254557439744: r->filehandle = 35, r->size = 6291456, r->offset = 1950351360
04:50:33 ERROR /home/bsc03/bsc03353/forge/src/dispatcher/posix.c:62 140254557439744: single write -1 of expected 6291456
04:50:33 ERROR /home/bsc03/bsc03353/forge/src/dispatcher/posix.c:61 140241672513280: r->filehandle = 35, r->size = 6291456, r->offset = 786432000
04:50:33 ERROR /home/bsc03/bsc03353/forge/src/dispatcher/posix.c:62 140241672513280: single write -1 of expected 6291456
04:50:33 ERROR /home/bsc03/bsc03353/forge/src/dispatcher/posix.c:61 139777841010432: r->filehandle = 36, r->size = 6291456, r->offset = 2139095040
04:50:33 ERROR /home/bsc03/bsc03353/forge/src/dispatcher/posix.c:62 139777841010432: single write -1 of expected 6291456
04:50:34 ERROR /home/bsc03/bsc03353/forge/src/dispatcher/posix.c:61 140265294878464: r->filehandle = 35, r->size = 6291456, r->offset = 2560622592
04:50:34 ERROR /home/bsc03/bsc03353/forge/src/dispatcher/posix.c:62 140265294878464: single write -1 of expected 6291456
04:50:34 ERROR /home/bsc03/bsc03353/forge/src/dispatcher/posix.c:61 139771398547200: r->filehandle = 36, r->size = 6291456, r->offset = 371195904
04:50:34 ERROR /home/bsc03/bsc03353/forge/src/dispatcher/posix.c:62 139771398547200: single write -1 of expected 6291456
04:50:34 ERROR /home/bsc03/bsc03353/forge/src/dispatcher/posix.c:61 140260999902976: r->filehandle = 35, r->size = 6291456, r->offset = 767557632
04:50:34 ERROR /home/bsc03/bsc03353/forge/src/dispatcher/posix.c:62 140260999902976: single write -1 of expected 6291456
04:50:34 ERROR /home/bsc03/bsc03353/forge/src/dispatcher/posix.c:61 139775693522688: r->filehandle = 36, r->size = 6291456, r->offset = 5391777792
04:50:34 ERROR /home/bsc03/bsc03353/forge/src/dispatcher/posix.c:62 139775693522688: single write -1 of expected 6291456
04:50:35 ERROR /home/bsc03/bsc03353/forge/src/dispatcher/posix.c:61 140248114976512: r->filehandle = 35, r->size = 6291456, r->offset = 1472200704
04:50:35 ERROR /home/bsc03/bsc03353/forge/src/dispatcher/posix.c:62 140248114976512: single write -1 of expected 6291456
04:50:35 ERROR /home/bsc03/bsc03353/forge/src/dispatcher/posix.c:61 139795020912384: r->filehandle = 36, r->size = 6291456, r->offset = 2365587456
04:50:35 ERROR /home/bsc03/bsc03353/forge/src/dispatcher/posix.c:62 139795020912384: single write -1 of expected 6291456
04:50:35 ERROR /home/bsc03/bsc03353/forge/src/dispatcher/posix.c:61 140237377537792: r->filehandle = 35, r->size = 6291456, r->offset = 855638016
04:50:35 ERROR /home/bsc03/bsc03353/forge/src/dispatcher/posix.c:62 140237377537792: single write -1 of expected 6291456
04:50:35 ERROR /home/bsc03/bsc03353/forge/src/dispatcher/posix.c:61 140265294878464: r->filehandle = 35, r->size = 6291456, r->offset = 1868562432
04:50:35 ERROR /home/bsc03/bsc03353/forge/src/dispatcher/posix.c:62 140265294878464: single write -1 of expected 6291456
04:50:35 ERROR /home/bsc03/bsc03353/forge/src/dispatcher/posix.c:61 140256704927488: r->filehandle = 35, r->size = 6291456, r->offset = 1453326336
04:50:35 ERROR /home/bsc03/bsc03353/forge/src/dispatcher/posix.c:62 140256704927488: single write -1 of expected 6291456
04:50:36 ERROR /home/bsc03/bsc03353/forge/src/dispatcher/posix.c:61 139784283473664: r->filehandle = 36, r->size = 6291456, r->offset = 5416943616
04:50:36 ERROR /home/bsc03/bsc03353/forge/src/dispatcher/posix.c:62 139784283473664: single write -1 of expected 6291456
04:50:36 ERROR /home/bsc03/bsc03353/forge/src/dispatcher/posix.c:61 139771398547200: r->filehandle = 36, r->size = 6291456, r->offset = 528482304
04:50:36 ERROR /home/bsc03/bsc03353/forge/src/dispatcher/posix.c:62 139771398547200: single write -1 of expected 6291456
04:50:36 ERROR /home/bsc03/bsc03353/forge/src/dispatcher/posix.c:61 140252409952000: r->filehandle = 35, r->size = 6291456, r->offset = 1434451968
04:50:36 ERROR /home/bsc03/bsc03353/forge/src/dispatcher/posix.c:61 139792873424640: r->filehandle = 36, r->size = 6291456, r->offset = 1598029824
04:50:36 ERROR /home/bsc03/bsc03353/forge/src/dispatcher/posix.c:62 139792873424640: single write -1 of expected 6291456
04:50:36 ERROR /home/bsc03/bsc03353/forge/src/dispatcher/posix.c:62 140252409952000: single write -1 of expected 6291456
04:50:37 ERROR /home/bsc03/bsc03353/forge/src/dispatcher/posix.c:61 139782135985920: r->filehandle = 36, r->size = 6291456, r->offset = 2264924160
04:50:37 ERROR /home/bsc03/bsc03353/forge/src/dispatcher/posix.c:62 139782135985920: single write -1 of expected 6291456
04:50:37 ERROR /home/bsc03/bsc03353/forge/src/dispatcher/posix.c:61 139786430961408: r->filehandle = 36, r->size = 6291456, r->offset = 2768240640
04:50:37 ERROR /home/bsc03/bsc03353/forge/src/dispatcher/posix.c:62 139786430961408: single write -1 of expected 6291456
04:50:37 ERROR /home/bsc03/bsc03353/forge/src/dispatcher/posix.c:61 139775693522688: r->filehandle = 36, r->size = 6291456, r->offset = 2938109952
04:50:37 ERROR /home/bsc03/bsc03353/forge/src/dispatcher/posix.c:62 139775693522688: single write -1 of expected 6291456
04:50:38 ERROR /home/bsc03/bsc03353/forge/src/dispatcher/posix.c:61 139801463375616: r->filehandle = 36, r->size = 6291456, r->offset = 534773760
04:50:38 ERROR /home/bsc03/bsc03353/forge/src/dispatcher/posix.c:62 139801463375616: single write -1 of expected 6291456
04:50:38 ERROR /home/bsc03/bsc03353/forge/src/dispatcher/posix.c:61 140267442366208: r->filehandle = 35, r->size = 6291456, r->offset = 100663296
04:50:38 ERROR /home/bsc03/bsc03353/forge/src/dispatcher/posix.c:62 140267442366208: single write -1 of expected 6291456
04:50:38 ERROR /home/bsc03/bsc03353/forge/src/dispatcher/posix.c:61 140265294878464: r->filehandle = 35, r->size = 6291456, r->offset = 843055104
04:50:38 ERROR /home/bsc03/bsc03353/forge/src/dispatcher/posix.c:62 140265294878464: single write -1 of expected 6291456
04:50:38 ERROR /home/bsc03/bsc03353/forge/src/dispatcher/posix.c:61 140245967488768: r->filehandle = 35, r->size = 6291456, r->offset = 276824064
04:50:38 ERROR /home/bsc03/bsc03353/forge/src/dispatcher/posix.c:62 140245967488768: single write -1 of expected 6291456
04:50:39 ERROR /home/bsc03/bsc03353/forge/src/dispatcher/posix.c:61 140243820001024: r->filehandle = 35, r->size = 6291456, r->offset = 1962934272
04:50:39 ERROR /home/bsc03/bsc03353/forge/src/dispatcher/posix.c:62 140243820001024: single write -1 of expected 6291456
04:50:39 ERROR /home/bsc03/bsc03353/forge/src/dispatcher/posix.c:61 140263147390720: r->filehandle = 35, r->size = 6291456, r->offset = 1428160512
04:50:39 ERROR /home/bsc03/bsc03353/forge/src/dispatcher/posix.c:62 140263147390720: single write -1 of expected 6291456
04:50:39 ERROR /home/bsc03/bsc03353/forge/src/dispatcher/posix.c:61 139779988498176: r->filehandle = 36, r->size = 6291456, r->offset = 2302672896
04:50:39 ERROR /home/bsc03/bsc03353/forge/src/dispatcher/posix.c:62 139779988498176: single write -1 of expected 6291456
04:50:39 ERROR /home/bsc03/bsc03353/forge/src/dispatcher/posix.c:61 140250262464256: r->filehandle = 35, r->size = 6291456, r->offset = 1396703232
04:50:39 ERROR /home/bsc03/bsc03353/forge/src/dispatcher/posix.c:62 140250262464256: single write -1 of expected 6291456
04:50:39 ERROR /home/bsc03/bsc03353/forge/src/dispatcher/posix.c:61 140267442366208: r->filehandle = 35, r->size = 6291456, r->offset = 874512384
04:50:39 ERROR /home/bsc03/bsc03353/forge/src/dispatcher/posix.c:62 140267442366208: single write -1 of expected 6291456
04:50:40 ERROR /home/bsc03/bsc03353/forge/src/dispatcher/posix.c:61 139773546034944: r->filehandle = 36, r->size = 6291456, r->offset = 2151677952
04:50:40 ERROR /home/bsc03/bsc03353/forge/src/dispatcher/posix.c:62 139773546034944: single write -1 of expected 6291456
04:50:40 ERROR /home/bsc03/bsc03353/forge/src/dispatcher/posix.c:61 140241672513280: r->filehandle = 35, r->size = 6291456, r->offset = 1491075072
04:50:40 ERROR /home/bsc03/bsc03353/forge/src/dispatcher/posix.c:62 140241672513280: single write -1 of expected 6291456
04:50:40 ERROR /home/bsc03/bsc03353/forge/src/dispatcher/posix.c:61 140258852415232: r->filehandle = 35, r->size = 6291456, r->offset = 2107637760
04:50:40 ERROR /home/bsc03/bsc03353/forge/src/dispatcher/posix.c:62 140258852415232: single write -1 of expected 6291456
04:50:40 ERROR /home/bsc03/bsc03353/forge/src/dispatcher/posix.c:61 140260999902976: r->filehandle = 35, r->size = 6291456, r->offset = 2019557376
04:50:40 ERROR /home/bsc03/bsc03353/forge/src/dispatcher/posix.c:62 140260999902976: single write -1 of expected 6291456
04:50:41 ERROR /home/bsc03/bsc03353/forge/src/dispatcher/posix.c:61 139797168400128: r->filehandle = 36, r->size = 6291456, r->offset = 1585446912
04:50:41 ERROR /home/bsc03/bsc03353/forge/src/dispatcher/posix.c:62 139797168400128: single write -1 of expected 6291456
04:50:41 ERROR /home/bsc03/bsc03353/forge/src/dispatcher/posix.c:61 140252409952000: r->filehandle = 35, r->size = 6291456, r->offset = 729808896
04:50:41 ERROR /home/bsc03/bsc03353/forge/src/dispatcher/posix.c:62 140252409952000: single write -1 of expected 6291456
04:50:41 ERROR /home/bsc03/bsc03353/forge/src/dispatcher/posix.c:61 140254557439744: r->filehandle = 35, r->size = 6291456, r->offset = 692060160
04:50:41 ERROR /home/bsc03/bsc03353/forge/src/dispatcher/posix.c:62 140254557439744: single write -1 of expected 6291456
04:50:41 ERROR /home/bsc03/bsc03353/forge/src/dispatcher/posix.c:61 139784283473664: r->filehandle = 36, r->size = 6291456, r->offset = 5744099328
04:50:41 ERROR /home/bsc03/bsc03353/forge/src/dispatcher/posix.c:62 139784283473664: single write -1 of expected 6291456
04:50:42 ERROR /home/bsc03/bsc03353/forge/src/dispatcher/posix.c:61 139775693522688: r->filehandle = 36, r->size = 6291456, r->offset = 2403336192
04:50:42 ERROR /home/bsc03/bsc03353/forge/src/dispatcher/posix.c:62 139775693522688: single write -1 of expected 6291456
04:50:42 ERROR /home/bsc03/bsc03353/forge/src/dispatcher/posix.c:61 139779988498176: r->filehandle = 36, r->size = 6291456, r->offset = 1711276032
04:50:42 ERROR /home/bsc03/bsc03353/forge/src/dispatcher/posix.c:62 139779988498176: single write -1 of expected 6291456
04:50:42 ERROR /home/bsc03/bsc03353/forge/src/dispatcher/posix.c:61 139795020912384: r->filehandle = 36, r->size = 6291456, r->offset = 6499074048
04:50:42 ERROR /home/bsc03/bsc03353/forge/src/dispatcher/posix.c:62 139795020912384: single write -1 of expected 6291456
04:50:43 ERROR /home/bsc03/bsc03353/forge/src/dispatcher/posix.c:61 140250262464256: r->filehandle = 35, r->size = 6291456, r->offset = 1302331392
04:50:43 ERROR /home/bsc03/bsc03353/forge/src/dispatcher/posix.c:61 139790725936896: r->filehandle = 36, r->size = 6291456, r->offset = 5800722432
04:50:43 ERROR /home/bsc03/bsc03353/forge/src/dispatcher/posix.c:62 139790725936896: single write -1 of expected 6291456
04:50:43 ERROR /home/bsc03/bsc03353/forge/src/dispatcher/posix.c:62 140250262464256: single write -1 of expected 6291456
04:50:43 ERROR /home/bsc03/bsc03353/forge/src/dispatcher/posix.c:61 139771398547200: r->filehandle = 36, r->size = 6291456, r->offset = 427819008
04:50:43 ERROR /home/bsc03/bsc03353/forge/src/dispatcher/posix.c:62 139771398547200: single write -1 of expected 6291456
04:50:43 ERROR /home/bsc03/bsc03353/forge/src/dispatcher/posix.c:61 139799315887872: r->filehandle = 36, r->size = 6291456, r->offset = 2353004544
04:50:43 ERROR /home/bsc03/bsc03353/forge/src/dispatcher/posix.c:62 139799315887872: single write -1 of expected 6291456
04:50:43 ERROR /home/bsc03/bsc03353/forge/src/dispatcher/posix.c:61 140263147390720: r->filehandle = 35, r->size = 6291456, r->offset = 1365245952
04:50:43 ERROR /home/bsc03/bsc03353/forge/src/dispatcher/posix.c:62 140263147390720: single write -1 of expected 6291456
04:50:44 ERROR /home/bsc03/bsc03353/forge/src/dispatcher/posix.c:61 139803610863360: r->filehandle = 36, r->size = 6291456, r->offset = 5404360704
04:50:44 ERROR /home/bsc03/bsc03353/forge/src/dispatcher/posix.c:62 139803610863360: single write -1 of expected 6291456
04:50:44 ERROR /home/bsc03/bsc03353/forge/src/dispatcher/posix.c:61 139792873424640: r->filehandle = 36, r->size = 6291456, r->offset = 5215617024
04:50:44 ERROR /home/bsc03/bsc03353/forge/src/dispatcher/posix.c:62 139792873424640: single write -1 of expected 6291456
04:50:44 ERROR /home/bsc03/bsc03353/forge/src/dispatcher/posix.c:61 140243820001024: r->filehandle = 35, r->size = 6291456, r->offset = 3126853632
04:50:44 ERROR /home/bsc03/bsc03353/forge/src/dispatcher/posix.c:62 140243820001024: single write -1 of expected 6291456
04:50:45 ERROR /home/bsc03/bsc03353/forge/src/dispatcher/posix.c:61 139786430961408: r->filehandle = 36, r->size = 6291456, r->offset = 2113929216
04:50:45 ERROR /home/bsc03/bsc03353/forge/src/dispatcher/posix.c:62 139786430961408: single write -1 of expected 6291456
04:50:45 ERROR /home/bsc03/bsc03353/forge/src/dispatcher/posix.c:61 139777841010432: r->filehandle = 36, r->size = 6291456, r->offset = 3982491648
04:50:45 ERROR /home/bsc03/bsc03353/forge/src/dispatcher/posix.c:62 139777841010432: single write -1 of expected 6291456
04:50:46 ERROR /home/bsc03/bsc03353/forge/src/dispatcher/posix.c:61 139801463375616: r->filehandle = 36, r->size = 6291456, r->offset = 5341446144
04:50:46 ERROR /home/bsc03/bsc03353/forge/src/dispatcher/posix.c:62 139801463375616: single write -1 of expected 6291456
04:50:46 ERROR /home/bsc03/bsc03353/forge/src/dispatcher/posix.c:61 139788578449152: r->filehandle = 36, r->size = 6291456, r->offset = 1786773504
04:50:46 ERROR /home/bsc03/bsc03353/forge/src/dispatcher/posix.c:62 139788578449152: single write -1 of expected 6291456
04:50:46 ERROR /home/bsc03/bsc03353/forge/src/dispatcher/posix.c:61 139782135985920: r->filehandle = 36, r->size = 6291456, r->offset = 1686110208
04:50:46 ERROR /home/bsc03/bsc03353/forge/src/dispatcher/posix.c:62 139782135985920: single write -1 of expected 6291456
04:50:46 ERROR /home/bsc03/bsc03353/forge/src/dispatcher/posix.c:61 140241672513280: r->filehandle = 35, r->size = 6291456, r->offset = 1830813696
04:50:46 ERROR /home/bsc03/bsc03353/forge/src/dispatcher/posix.c:62 140241672513280: single write -1 of expected 6291456
04:50:46 ERROR /home/bsc03/bsc03353/forge/src/dispatcher/posix.c:61 139771398547200: r->filehandle = 36, r->size = 6291456, r->offset = 597688320
04:50:46 ERROR /home/bsc03/bsc03353/forge/src/dispatcher/posix.c:62 139771398547200: single write -1 of expected 6291456
04:50:47 ERROR /home/bsc03/bsc03353/forge/src/dispatcher/posix.c:61 140256704927488: r->filehandle = 35, r->size = 6291456, r->offset = 1862270976
04:50:47 ERROR /home/bsc03/bsc03353/forge/src/dispatcher/posix.c:62 140256704927488: single write -1 of expected 6291456
04:50:47 ERROR /home/bsc03/bsc03353/forge/src/dispatcher/posix.c:61 140267442366208: r->filehandle = 35, r->size = 6291456, r->offset = 2025848832
04:50:47 ERROR /home/bsc03/bsc03353/forge/src/dispatcher/posix.c:62 140267442366208: single write -1 of expected 6291456
04:50:47 ERROR /home/bsc03/bsc03353/forge/src/dispatcher/posix.c:61 140239525025536: r->filehandle = 35, r->size = 6291456, r->offset = 1384120320
04:50:47 ERROR /home/bsc03/bsc03353/forge/src/dispatcher/posix.c:62 140239525025536: single write -1 of expected 6291456
04:50:47 ERROR /home/bsc03/bsc03353/forge/src/dispatcher/posix.c:61 139771398547200: r->filehandle = 36, r->size = 6291456, r->offset = 446693376
04:50:47 ERROR /home/bsc03/bsc03353/forge/src/dispatcher/posix.c:62 139771398547200: single write -1 of expected 6291456
04:50:48 ERROR /home/bsc03/bsc03353/forge/src/dispatcher/posix.c:61 140260999902976: r->filehandle = 35, r->size = 6291456, r->offset = 2610954240
04:50:48 ERROR /home/bsc03/bsc03353/forge/src/dispatcher/posix.c:62 140260999902976: single write -1 of expected 6291456
04:50:48 ERROR /home/bsc03/bsc03353/forge/src/dispatcher/posix.c:61 140258852415232: r->filehandle = 35, r->size = 6291456, r->offset = 673185792
04:50:48 ERROR /home/bsc03/bsc03353/forge/src/dispatcher/posix.c:62 140258852415232: single write -1 of expected 6291456
04:50:48 ERROR /home/bsc03/bsc03353/forge/src/dispatcher/posix.c:61 140245967488768: r->filehandle = 35, r->size = 6291456, r->offset = 12582912
04:50:48 ERROR /home/bsc03/bsc03353/forge/src/dispatcher/posix.c:62 140245967488768: single write -1 of expected 6291456
04:50:48 ERROR /home/bsc03/bsc03353/forge/src/dispatcher/posix.c:61 140248114976512: r->filehandle = 35, r->size = 6291456, r->offset = 1981808640
04:50:48 ERROR /home/bsc03/bsc03353/forge/src/dispatcher/posix.c:62 140248114976512: single write -1 of expected 6291456
04:50:48 ERROR /home/bsc03/bsc03353/forge/src/dispatcher/posix.c:61 140252409952000: r->filehandle = 35, r->size = 6291456, r->offset = 1497366528
04:50:48 ERROR /home/bsc03/bsc03353/forge/src/dispatcher/posix.c:62 140252409952000: single write -1 of expected 6291456
04:50:49 ERROR /home/bsc03/bsc03353/forge/src/dispatcher/posix.c:61 140235230050048: r->filehandle = 35, r->size = 6291456, r->offset = 1270874112
04:50:49 ERROR /home/bsc03/bsc03353/forge/src/dispatcher/posix.c:62 140235230050048: single write -1 of expected 6291456
04:50:49 ERROR /home/bsc03/bsc03353/forge/src/dispatcher/posix.c:61 140237377537792: r->filehandle = 35, r->size = 6291456, r->offset = 1887436800
04:50:49 ERROR /home/bsc03/bsc03353/forge/src/dispatcher/posix.c:62 140237377537792: single write -1 of expected 6291456
04:50:49 ERROR /home/bsc03/bsc03353/forge/src/dispatcher/posix.c:61 140245967488768: r->filehandle = 35, r->size = 6291456, r->offset = 232783872
04:50:49 ERROR /home/bsc03/bsc03353/forge/src/dispatcher/posix.c:62 140245967488768: single write -1 of expected 6291456
04:50:49 ERROR /home/bsc03/bsc03353/forge/src/dispatcher/posix.c:61 140265294878464: r->filehandle = 35, r->size = 6291456, r->offset = 2069889024
04:50:49 ERROR /home/bsc03/bsc03353/forge/src/dispatcher/posix.c:62 140265294878464: single write -1 of expected 6291456
04:50:50 ERROR /home/bsc03/bsc03353/forge/src/dispatcher/posix.c:61 140245967488768: r->filehandle = 35, r->size = 6291456, r->offset = 81788928
04:50:50 ERROR /home/bsc03/bsc03353/forge/src/dispatcher/posix.c:62 140245967488768: single write -1 of expected 6291456
04:50:50 WARN  /home/bsc03/bsc03353/forge/src/main.c:789 140060863223872: hit stone wall at 76.785508 seconds!
AGIOS: stopped for this client. It can already be used by calling agios_init

04:50:50 INFO  /home/bsc03/bsc03353/forge/src/main.c:1158 140274567669824: I/O Forwarding Exploration [COMPLETE]
AGIOS: stopped for this client. It can already be used by calling agios_init

