Set GCC compilers as MPI wrappers backend 
remove impi/2017.4 (PATH, MANPATH, LD_LIBRARY_PATH) 
load openmpi/4.0.2_UCX (PATH, MANPATH, LD_LIBRARY_PATH) 
Set GCC compilers as MPI wrappers backend 
load gsl/2.4 (PATH, LD_LIBRARY_PATH, LIBRARY_PATH, MANPATH, INFOPATH,
C_INCLUDE_PATH, CPLUS_INCLUDE_PATH, PKG_CONFIG_PATH, GSL_DIR) 
14:35:59 INFO  /home/bsc03/bsc03353/forge/src/main.c:107 140038807812160: I/O Forwarding Exploration [START]
Will AGIOS generate trace files? NO
Default scheduling algorithm: TO
TWINS window size: 1000000
Will the Prediction Module read information from trace files? NO
File with access time functions: /home/bsc03/bsc03353/forge/agios/access_times.func
AGIOS thinks its user has stripe size of 32768
Will AGIOS generate trace files? NO
Default scheduling algorithm: TO
TWINS window size: 1000000
Will the Prediction Module read information from trace files? NO
File with access time functions: /home/bsc03/bsc03353/forge/agios/access_times.func
AGIOS thinks its user has stripe size of 32768
14:36:10 ERROR /home/bsc03/bsc03353/forge/src/dispatcher/posix.c:61 139999509964544: r->filehandle = 35, r->size = 8388608, r->offset = 31356616704
14:36:10 ERROR /home/bsc03/bsc03353/forge/src/dispatcher/posix.c:62 139999509964544: single write -1 of expected 8388608
14:36:11 ERROR /home/bsc03/bsc03353/forge/src/dispatcher/posix.c:61 140461762119424: r->filehandle = 36, r->size = 8388608, r->offset = 85614133248
14:36:11 ERROR /home/bsc03/bsc03353/forge/src/dispatcher/posix.c:62 140461762119424: single write -1 of expected 8388608
14:36:11 ERROR /home/bsc03/bsc03353/forge/src/dispatcher/posix.c:61 140016689866496: r->filehandle = 35, r->size = 8388608, r->offset = 30299652096
14:36:11 ERROR /home/bsc03/bsc03353/forge/src/dispatcher/posix.c:62 140016689866496: single write -1 of expected 8388608
14:36:17 ERROR /home/bsc03/bsc03353/forge/src/dispatcher/posix.c:61 140012394891008: r->filehandle = 35, r->size = 8388608, r->offset = 42278584320
14:36:17 ERROR /home/bsc03/bsc03353/forge/src/dispatcher/posix.c:62 140012394891008: single write -1 of expected 8388608
14:36:18 ERROR /home/bsc03/bsc03353/forge/src/dispatcher/posix.c:61 140453172168448: r->filehandle = 36, r->size = 8388608, r->offset = 84909490176
14:36:18 ERROR /home/bsc03/bsc03353/forge/src/dispatcher/posix.c:62 140453172168448: single write -1 of expected 8388608
14:36:22 ERROR /home/bsc03/bsc03353/forge/src/dispatcher/posix.c:61 140029574792960: r->filehandle = 35, r->size = 8388608, r->offset = 40869298176
14:36:22 ERROR /home/bsc03/bsc03353/forge/src/dispatcher/posix.c:62 140029574792960: single write -1 of expected 8388608
14:36:26 ERROR /home/bsc03/bsc03353/forge/src/dispatcher/posix.c:61 140448877192960: r->filehandle = 36, r->size = 8388608, r->offset = 79624667136
14:36:26 ERROR /home/bsc03/bsc03353/forge/src/dispatcher/posix.c:62 140448877192960: single write -1 of expected 8388608
14:36:27 ERROR /home/bsc03/bsc03353/forge/src/dispatcher/posix.c:61 140431697291008: r->filehandle = 36, r->size = 8388608, r->offset = 124017180672
14:36:27 ERROR /home/bsc03/bsc03353/forge/src/dispatcher/posix.c:62 140431697291008: single write -1 of expected 8388608
14:36:32 ERROR /home/bsc03/bsc03353/forge/src/dispatcher/posix.c:61 140442434729728: r->filehandle = 36, r->size = 8388608, r->offset = 96183779328
14:36:32 ERROR /home/bsc03/bsc03353/forge/src/dispatcher/posix.c:62 140442434729728: single write -1 of expected 8388608
14:36:40 ERROR /home/bsc03/bsc03353/forge/src/dispatcher/posix.c:61 140429549803264: r->filehandle = 36, r->size = 8388608, r->offset = 88432705536
14:36:40 ERROR /home/bsc03/bsc03353/forge/src/dispatcher/posix.c:62 140429549803264: single write -1 of expected 8388608
14:36:45 ERROR /home/bsc03/bsc03353/forge/src/dispatcher/posix.c:61 140435992266496: r->filehandle = 36, r->size = 8388608, r->offset = 92660563968
14:36:45 ERROR /home/bsc03/bsc03353/forge/src/dispatcher/posix.c:62 140435992266496: single write -1 of expected 8388608
14:36:47 ERROR /home/bsc03/bsc03353/forge/src/dispatcher/posix.c:61 140455319656192: r->filehandle = 36, r->size = 8388608, r->offset = 79976988672
14:36:47 ERROR /home/bsc03/bsc03353/forge/src/dispatcher/posix.c:62 140455319656192: single write -1 of expected 8388608
14:36:49 ERROR /home/bsc03/bsc03353/forge/src/dispatcher/posix.c:61 140438139754240: r->filehandle = 36, r->size = 8388608, r->offset = 76453773312
14:36:49 ERROR /home/bsc03/bsc03353/forge/src/dispatcher/posix.c:62 140438139754240: single write -1 of expected 8388608
14:36:50 ERROR /home/bsc03/bsc03353/forge/src/dispatcher/posix.c:61 140446729705216: r->filehandle = 36, r->size = 8388608, r->offset = 106048782336
14:36:50 ERROR /home/bsc03/bsc03353/forge/src/dispatcher/posix.c:62 140446729705216: single write -1 of expected 8388608
14:36:51 ERROR /home/bsc03/bsc03353/forge/src/dispatcher/posix.c:61 140444582217472: r->filehandle = 36, r->size = 8388608, r->offset = 87728062464
14:36:51 ERROR /home/bsc03/bsc03353/forge/src/dispatcher/posix.c:62 140444582217472: single write -1 of expected 8388608
14:36:54 ERROR /home/bsc03/bsc03353/forge/src/dispatcher/posix.c:61 139999509964544: r->filehandle = 35, r->size = 8388608, r->offset = 17968398336
14:36:54 ERROR /home/bsc03/bsc03353/forge/src/dispatcher/posix.c:62 139999509964544: single write -1 of expected 8388608
14:37:00 ERROR /home/bsc03/bsc03353/forge/src/dispatcher/posix.c:61 140431697291008: r->filehandle = 36, r->size = 8388608, r->offset = 89137348608
14:37:00 ERROR /home/bsc03/bsc03353/forge/src/dispatcher/posix.c:62 140431697291008: single write -1 of expected 8388608
14:37:01 ERROR /home/bsc03/bsc03353/forge/src/dispatcher/posix.c:61 140440287241984: r->filehandle = 36, r->size = 8388608, r->offset = 132825219072
14:37:01 ERROR /home/bsc03/bsc03353/forge/src/dispatcher/posix.c:62 140440287241984: single write -1 of expected 8388608
14:37:02 ERROR /home/bsc03/bsc03353/forge/src/dispatcher/posix.c:61 140459614631680: r->filehandle = 36, r->size = 8388608, r->offset = 91251277824
14:37:02 ERROR /home/bsc03/bsc03353/forge/src/dispatcher/posix.c:62 140459614631680: single write -1 of expected 8388608
14:37:07 ERROR /home/bsc03/bsc03353/forge/src/dispatcher/posix.c:61 140005952427776: r->filehandle = 35, r->size = 8388608, r->offset = 30651973632
14:37:07 ERROR /home/bsc03/bsc03353/forge/src/dispatcher/posix.c:62 140005952427776: single write -1 of expected 8388608
14:37:12 ERROR /home/bsc03/bsc03353/forge/src/dispatcher/posix.c:61 140457467143936: r->filehandle = 36, r->size = 8388608, r->offset = 82795560960
14:37:12 ERROR /home/bsc03/bsc03353/forge/src/dispatcher/posix.c:62 140457467143936: single write -1 of expected 8388608
14:37:14 ERROR /home/bsc03/bsc03353/forge/src/dispatcher/posix.c:61 140031722280704: r->filehandle = 35, r->size = 8388608, r->offset = 42983227392
14:37:14 ERROR /home/bsc03/bsc03353/forge/src/dispatcher/posix.c:62 140031722280704: single write -1 of expected 8388608
14:37:16 ERROR /home/bsc03/bsc03353/forge/src/dispatcher/posix.c:61 140008099915520: r->filehandle = 35, r->size = 8388608, r->offset = 44040192000
14:37:16 ERROR /home/bsc03/bsc03353/forge/src/dispatcher/posix.c:62 140008099915520: single write -1 of expected 8388608
14:37:16 ERROR /home/bsc03/bsc03353/forge/src/dispatcher/posix.c:61 139999509964544: r->filehandle = 35, r->size = 8388608, r->offset = 39460012032
14:37:16 ERROR /home/bsc03/bsc03353/forge/src/dispatcher/posix.c:62 139999509964544: single write -1 of expected 8388608
14:37:19 ERROR /home/bsc03/bsc03353/forge/src/dispatcher/posix.c:61 140451024680704: r->filehandle = 36, r->size = 8388608, r->offset = 72578236416
14:37:19 ERROR /home/bsc03/bsc03353/forge/src/dispatcher/posix.c:62 140451024680704: single write -1 of expected 8388608
14:37:21 ERROR /home/bsc03/bsc03353/forge/src/dispatcher/posix.c:61 140020984841984: r->filehandle = 35, r->size = 8388608, r->offset = 29595009024
14:37:21 ERROR /home/bsc03/bsc03353/forge/src/dispatcher/posix.c:62 140020984841984: single write -1 of expected 8388608
14:37:21 ERROR /home/bsc03/bsc03353/forge/src/dispatcher/posix.c:61 140431697291008: r->filehandle = 36, r->size = 8388608, r->offset = 76806094848
14:37:21 ERROR /home/bsc03/bsc03353/forge/src/dispatcher/posix.c:62 140431697291008: single write -1 of expected 8388608
14:37:22 ERROR /home/bsc03/bsc03353/forge/src/dispatcher/posix.c:61 140455319656192: r->filehandle = 36, r->size = 8388608, r->offset = 86318776320
14:37:22 ERROR /home/bsc03/bsc03353/forge/src/dispatcher/posix.c:62 140455319656192: single write -1 of expected 8388608
14:37:22 ERROR /home/bsc03/bsc03353/forge/src/dispatcher/posix.c:61 140003804940032: r->filehandle = 35, r->size = 8388608, r->offset = 11978932224
14:37:22 ERROR /home/bsc03/bsc03353/forge/src/dispatcher/posix.c:62 140003804940032: single write -1 of expected 8388608
14:37:24 ERROR /home/bsc03/bsc03353/forge/src/dispatcher/posix.c:61 140014542378752: r->filehandle = 35, r->size = 8388608, r->offset = 29242687488
14:37:24 ERROR /home/bsc03/bsc03353/forge/src/dispatcher/posix.c:62 140014542378752: single write -1 of expected 8388608
14:37:26 ERROR /home/bsc03/bsc03353/forge/src/dispatcher/posix.c:61 140435992266496: r->filehandle = 36, r->size = 8388608, r->offset = 77510737920
14:37:26 ERROR /home/bsc03/bsc03353/forge/src/dispatcher/posix.c:62 140435992266496: single write -1 of expected 8388608
14:37:26 ERROR /home/bsc03/bsc03353/forge/src/dispatcher/posix.c:61 140438139754240: r->filehandle = 36, r->size = 8388608, r->offset = 99354673152
14:37:26 ERROR /home/bsc03/bsc03353/forge/src/dispatcher/posix.c:62 140438139754240: single write -1 of expected 8388608
14:37:34 ERROR /home/bsc03/bsc03353/forge/src/dispatcher/posix.c:61 140010247403264: r->filehandle = 35, r->size = 8388608, r->offset = 25719472128
14:37:34 ERROR /home/bsc03/bsc03353/forge/src/dispatcher/posix.c:62 140010247403264: single write -1 of expected 8388608
14:37:37 ERROR /home/bsc03/bsc03353/forge/src/dispatcher/posix.c:61 139999509964544: r->filehandle = 35, r->size = 8388608, r->offset = 41573941248
14:37:37 ERROR /home/bsc03/bsc03353/forge/src/dispatcher/posix.c:62 139999509964544: single write -1 of expected 8388608
14:37:39 ERROR /home/bsc03/bsc03353/forge/src/dispatcher/posix.c:61 140025279817472: r->filehandle = 35, r->size = 8388608, r->offset = 42630905856
14:37:39 ERROR /home/bsc03/bsc03353/forge/src/dispatcher/posix.c:62 140025279817472: single write -1 of expected 8388608
14:37:42 ERROR /home/bsc03/bsc03353/forge/src/dispatcher/posix.c:61 140453172168448: r->filehandle = 36, r->size = 8388608, r->offset = 131768254464
14:37:42 ERROR /home/bsc03/bsc03353/forge/src/dispatcher/posix.c:62 140453172168448: single write -1 of expected 8388608
14:37:43 ERROR /home/bsc03/bsc03353/forge/src/dispatcher/posix.c:61 140429549803264: r->filehandle = 36, r->size = 8388608, r->offset = 98297708544
14:37:43 ERROR /home/bsc03/bsc03353/forge/src/dispatcher/posix.c:62 140429549803264: single write -1 of expected 8388608
14:37:47 ERROR /home/bsc03/bsc03353/forge/src/dispatcher/posix.c:61 140018837354240: r->filehandle = 35, r->size = 8388608, r->offset = 32413581312
14:37:47 ERROR /home/bsc03/bsc03353/forge/src/dispatcher/posix.c:62 140018837354240: single write -1 of expected 8388608
14:37:53 ERROR /home/bsc03/bsc03353/forge/src/dispatcher/posix.c:61 140012394891008: r->filehandle = 35, r->size = 8388608, r->offset = 65531805696
14:37:53 ERROR /home/bsc03/bsc03353/forge/src/dispatcher/posix.c:62 140012394891008: single write -1 of expected 8388608
14:37:56 ERROR /home/bsc03/bsc03353/forge/src/dispatcher/posix.c:61 140459614631680: r->filehandle = 36, r->size = 8388608, r->offset = 133177540608
14:37:56 ERROR /home/bsc03/bsc03353/forge/src/dispatcher/posix.c:62 140459614631680: single write -1 of expected 8388608
14:37:57 ERROR /home/bsc03/bsc03353/forge/src/dispatcher/posix.c:61 140005952427776: r->filehandle = 35, r->size = 8388608, r->offset = 53905195008
14:37:57 ERROR /home/bsc03/bsc03353/forge/src/dispatcher/posix.c:62 140005952427776: single write -1 of expected 8388608
14:37:59 ERROR /home/bsc03/bsc03353/forge/src/dispatcher/posix.c:61 140440287241984: r->filehandle = 36, r->size = 8388608, r->offset = 87023419392
14:37:59 ERROR /home/bsc03/bsc03353/forge/src/dispatcher/posix.c:62 140440287241984: single write -1 of expected 8388608
14:38:02 ERROR /home/bsc03/bsc03353/forge/src/dispatcher/posix.c:61 140023132329728: r->filehandle = 35, r->size = 8388608, r->offset = 40516976640
14:38:02 ERROR /home/bsc03/bsc03353/forge/src/dispatcher/posix.c:62 140023132329728: single write -1 of expected 8388608
14:38:04 ERROR /home/bsc03/bsc03353/forge/src/dispatcher/posix.c:61 140461762119424: r->filehandle = 36, r->size = 8388608, r->offset = 77863059456
14:38:04 ERROR /home/bsc03/bsc03353/forge/src/dispatcher/posix.c:62 140461762119424: single write -1 of expected 8388608
14:38:09 ERROR /home/bsc03/bsc03353/forge/src/dispatcher/posix.c:61 140457467143936: r->filehandle = 36, r->size = 8388608, r->offset = 130711289856
14:38:09 ERROR /home/bsc03/bsc03353/forge/src/dispatcher/posix.c:62 140457467143936: single write -1 of expected 8388608
14:38:13 ERROR /home/bsc03/bsc03353/forge/src/dispatcher/posix.c:61 140459614631680: r->filehandle = 36, r->size = 8388608, r->offset = 88785027072
14:38:13 ERROR /home/bsc03/bsc03353/forge/src/dispatcher/posix.c:62 140459614631680: single write -1 of expected 8388608
14:38:16 ERROR /home/bsc03/bsc03353/forge/src/dispatcher/posix.c:61 140451024680704: r->filehandle = 36, r->size = 8388608, r->offset = 74339844096
14:38:16 ERROR /home/bsc03/bsc03353/forge/src/dispatcher/posix.c:62 140451024680704: single write -1 of expected 8388608
14:38:18 ERROR /home/bsc03/bsc03353/forge/src/dispatcher/posix.c:61 140455319656192: r->filehandle = 36, r->size = 8388608, r->offset = 121550929920
14:38:18 ERROR /home/bsc03/bsc03353/forge/src/dispatcher/posix.c:62 140455319656192: single write -1 of expected 8388608
14:38:19 ERROR /home/bsc03/bsc03353/forge/src/dispatcher/posix.c:61 140433844778752: r->filehandle = 36, r->size = 8388608, r->offset = 79272345600
14:38:19 ERROR /home/bsc03/bsc03353/forge/src/dispatcher/posix.c:62 140433844778752: single write -1 of expected 8388608
14:38:22 ERROR /home/bsc03/bsc03353/forge/src/dispatcher/posix.c:61 140016689866496: r->filehandle = 35, r->size = 8388608, r->offset = 59190018048
14:38:22 ERROR /home/bsc03/bsc03353/forge/src/dispatcher/posix.c:62 140016689866496: single write -1 of expected 8388608
14:38:24 ERROR /home/bsc03/bsc03353/forge/src/dispatcher/posix.c:61 140435992266496: r->filehandle = 36, r->size = 8388608, r->offset = 99002351616
14:38:24 ERROR /home/bsc03/bsc03353/forge/src/dispatcher/posix.c:62 140435992266496: single write -1 of expected 8388608
14:38:29 ERROR /home/bsc03/bsc03353/forge/src/dispatcher/posix.c:61 140014542378752: r->filehandle = 35, r->size = 8388608, r->offset = 54257516544
14:38:29 ERROR /home/bsc03/bsc03353/forge/src/dispatcher/posix.c:62 140014542378752: single write -1 of expected 8388608
14:38:32 ERROR /home/bsc03/bsc03353/forge/src/dispatcher/posix.c:61 140459614631680: r->filehandle = 36, r->size = 8388608, r->offset = 121198608384
14:38:32 ERROR /home/bsc03/bsc03353/forge/src/dispatcher/posix.c:61 140012394891008: r->filehandle = 35, r->size = 8388608, r->offset = 41926262784
14:38:32 ERROR /home/bsc03/bsc03353/forge/src/dispatcher/posix.c:62 140459614631680: single write -1 of expected 8388608
14:38:32 ERROR /home/bsc03/bsc03353/forge/src/dispatcher/posix.c:62 140012394891008: single write -1 of expected 8388608
14:38:39 ERROR /home/bsc03/bsc03353/forge/src/dispatcher/posix.c:61 140457467143936: r->filehandle = 36, r->size = 8388608, r->offset = 132120576000
14:38:39 ERROR /home/bsc03/bsc03353/forge/src/dispatcher/posix.c:62 140457467143936: single write -1 of expected 8388608
14:38:41 ERROR /home/bsc03/bsc03353/forge/src/dispatcher/posix.c:61 140020984841984: r->filehandle = 35, r->size = 8388608, r->offset = 39812333568
14:38:41 ERROR /home/bsc03/bsc03353/forge/src/dispatcher/posix.c:62 140020984841984: single write -1 of expected 8388608
14:38:42 ERROR /home/bsc03/bsc03353/forge/src/dispatcher/posix.c:61 140442434729728: r->filehandle = 36, r->size = 8388608, r->offset = 89489670144
14:38:42 ERROR /home/bsc03/bsc03353/forge/src/dispatcher/posix.c:62 140442434729728: single write -1 of expected 8388608
14:38:43 ERROR /home/bsc03/bsc03353/forge/src/dispatcher/posix.c:61 140433844778752: r->filehandle = 36, r->size = 8388608, r->offset = 115913785344
14:38:43 ERROR /home/bsc03/bsc03353/forge/src/dispatcher/posix.c:62 140433844778752: single write -1 of expected 8388608
14:38:49 ERROR /home/bsc03/bsc03353/forge/src/dispatcher/posix.c:61 140448877192960: r->filehandle = 36, r->size = 8388608, r->offset = 129302003712
14:38:49 ERROR /home/bsc03/bsc03353/forge/src/dispatcher/posix.c:62 140448877192960: single write -1 of expected 8388608
14:38:50 ERROR /home/bsc03/bsc03353/forge/src/dispatcher/posix.c:61 140446729705216: r->filehandle = 36, r->size = 8388608, r->offset = 119789322240
14:38:50 ERROR /home/bsc03/bsc03353/forge/src/dispatcher/posix.c:62 140446729705216: single write -1 of expected 8388608
14:38:53 ERROR /home/bsc03/bsc03353/forge/src/dispatcher/posix.c:61 140444582217472: r->filehandle = 36, r->size = 8388608, r->offset = 74692165632
14:38:53 ERROR /home/bsc03/bsc03353/forge/src/dispatcher/posix.c:62 140444582217472: single write -1 of expected 8388608
14:39:01 ERROR /home/bsc03/bsc03353/forge/src/dispatcher/posix.c:61 140429549803264: r->filehandle = 36, r->size = 8388608, r->offset = 84557168640
14:39:01 ERROR /home/bsc03/bsc03353/forge/src/dispatcher/posix.c:62 140429549803264: single write -1 of expected 8388608
14:39:03 ERROR /home/bsc03/bsc03353/forge/src/dispatcher/posix.c:61 140003804940032: r->filehandle = 35, r->size = 8388608, r->offset = 26071793664
14:39:03 ERROR /home/bsc03/bsc03353/forge/src/dispatcher/posix.c:62 140003804940032: single write -1 of expected 8388608
14:39:05 ERROR /home/bsc03/bsc03353/forge/src/dispatcher/posix.c:61 140455319656192: r->filehandle = 36, r->size = 8388608, r->offset = 85966454784
14:39:05 ERROR /home/bsc03/bsc03353/forge/src/dispatcher/posix.c:62 140455319656192: single write -1 of expected 8388608
14:39:06 ERROR /home/bsc03/bsc03353/forge/src/dispatcher/posix.c:61 139999509964544: r->filehandle = 35, r->size = 8388608, r->offset = 4580179968
14:39:06 ERROR /home/bsc03/bsc03353/forge/src/dispatcher/posix.c:62 139999509964544: single write -1 of expected 8388608
14:39:09 ERROR /home/bsc03/bsc03353/forge/src/dispatcher/posix.c:61 140438139754240: r->filehandle = 36, r->size = 8388608, r->offset = 122960216064
14:39:09 ERROR /home/bsc03/bsc03353/forge/src/dispatcher/posix.c:62 140438139754240: single write -1 of expected 8388608
14:39:10 ERROR /home/bsc03/bsc03353/forge/src/dispatcher/posix.c:61 140010247403264: r->filehandle = 35, r->size = 8388608, r->offset = 37346082816
14:39:10 ERROR /home/bsc03/bsc03353/forge/src/dispatcher/posix.c:62 140010247403264: single write -1 of expected 8388608
14:39:20 ERROR /home/bsc03/bsc03353/forge/src/dispatcher/posix.c:61 140008099915520: r->filehandle = 35, r->size = 8388608, r->offset = 58133053440
14:39:20 ERROR /home/bsc03/bsc03353/forge/src/dispatcher/posix.c:62 140008099915520: single write -1 of expected 8388608
14:39:21 ERROR /home/bsc03/bsc03353/forge/src/dispatcher/posix.c:61 140018837354240: r->filehandle = 35, r->size = 8388608, r->offset = 20786970624
14:39:21 ERROR /home/bsc03/bsc03353/forge/src/dispatcher/posix.c:62 140018837354240: single write -1 of expected 8388608
14:39:27 ERROR /home/bsc03/bsc03353/forge/src/dispatcher/posix.c:61 140461762119424: r->filehandle = 36, r->size = 8388608, r->offset = 131415932928
14:39:27 ERROR /home/bsc03/bsc03353/forge/src/dispatcher/posix.c:62 140461762119424: single write -1 of expected 8388608
14:39:31 ERROR /home/bsc03/bsc03353/forge/src/dispatcher/posix.c:61 140005952427776: r->filehandle = 35, r->size = 8388608, r->offset = 3170893824
14:39:31 ERROR /home/bsc03/bsc03353/forge/src/dispatcher/posix.c:62 140005952427776: single write -1 of expected 8388608
14:39:33 ERROR /home/bsc03/bsc03353/forge/src/dispatcher/posix.c:61 140020984841984: r->filehandle = 35, r->size = 8388608, r->offset = 28890365952
14:39:33 ERROR /home/bsc03/bsc03353/forge/src/dispatcher/posix.c:62 140020984841984: single write -1 of expected 8388608
14:39:39 ERROR /home/bsc03/bsc03353/forge/src/dispatcher/posix.c:61 140442434729728: r->filehandle = 36, r->size = 8388608, r->offset = 87375740928
14:39:39 ERROR /home/bsc03/bsc03353/forge/src/dispatcher/posix.c:62 140442434729728: single write -1 of expected 8388608
14:39:40 ERROR /home/bsc03/bsc03353/forge/src/dispatcher/posix.c:61 140012394891008: r->filehandle = 35, r->size = 8388608, r->offset = 4227858432
14:39:40 ERROR /home/bsc03/bsc03353/forge/src/dispatcher/posix.c:62 140012394891008: single write -1 of expected 8388608
14:39:42 ERROR /home/bsc03/bsc03353/forge/src/dispatcher/posix.c:61 140431697291008: r->filehandle = 36, r->size = 8388608, r->offset = 120141643776
14:39:42 ERROR /home/bsc03/bsc03353/forge/src/dispatcher/posix.c:62 140431697291008: single write -1 of expected 8388608
14:39:43 ERROR /home/bsc03/bsc03353/forge/src/dispatcher/posix.c:61 140457467143936: r->filehandle = 36, r->size = 8388608, r->offset = 83147882496
14:39:43 ERROR /home/bsc03/bsc03353/forge/src/dispatcher/posix.c:62 140457467143936: single write -1 of expected 8388608
14:39:47 ERROR /home/bsc03/bsc03353/forge/src/dispatcher/posix.c:61 140018837354240: r->filehandle = 35, r->size = 8388608, r->offset = 16559112192
14:39:47 ERROR /home/bsc03/bsc03353/forge/src/dispatcher/posix.c:62 140018837354240: single write -1 of expected 8388608
14:39:48 ERROR /home/bsc03/bsc03353/forge/src/dispatcher/posix.c:61 140453172168448: r->filehandle = 36, r->size = 8388608, r->offset = 123664859136
14:39:48 ERROR /home/bsc03/bsc03353/forge/src/dispatcher/posix.c:62 140453172168448: single write -1 of expected 8388608
14:39:50 ERROR /home/bsc03/bsc03353/forge/src/dispatcher/posix.c:61 140459614631680: r->filehandle = 36, r->size = 8388608, r->offset = 134586826752
14:39:50 ERROR /home/bsc03/bsc03353/forge/src/dispatcher/posix.c:62 140459614631680: single write -1 of expected 8388608
14:39:52 ERROR /home/bsc03/bsc03353/forge/src/dispatcher/posix.c:61 140461762119424: r->filehandle = 36, r->size = 8388608, r->offset = 119437000704
14:39:52 ERROR /home/bsc03/bsc03353/forge/src/dispatcher/posix.c:62 140461762119424: single write -1 of expected 8388608
14:39:53 ERROR /home/bsc03/bsc03353/forge/src/dispatcher/posix.c:61 140451024680704: r->filehandle = 36, r->size = 8388608, r->offset = 78920024064
14:39:53 ERROR /home/bsc03/bsc03353/forge/src/dispatcher/posix.c:62 140451024680704: single write -1 of expected 8388608
14:39:54 ERROR /home/bsc03/bsc03353/forge/src/dispatcher/posix.c:61 140435992266496: r->filehandle = 36, r->size = 8388608, r->offset = 106753425408
14:39:54 ERROR /home/bsc03/bsc03353/forge/src/dispatcher/posix.c:62 140435992266496: single write -1 of expected 8388608
14:39:54 ERROR /home/bsc03/bsc03353/forge/src/dispatcher/posix.c:61 140027427305216: r->filehandle = 35, r->size = 8388608, r->offset = 23253221376
14:39:54 ERROR /home/bsc03/bsc03353/forge/src/dispatcher/posix.c:62 140027427305216: single write -1 of expected 8388608
14:39:56 ERROR /home/bsc03/bsc03353/forge/src/dispatcher/posix.c:61 140433844778752: r->filehandle = 36, r->size = 8388608, r->offset = 76101451776
14:39:56 ERROR /home/bsc03/bsc03353/forge/src/dispatcher/posix.c:62 140433844778752: single write -1 of expected 8388608
14:39:57 ERROR /home/bsc03/bsc03353/forge/src/dispatcher/posix.c:61 140001657452288: r->filehandle = 35, r->size = 8388608, r->offset = 8103395328
14:39:57 ERROR /home/bsc03/bsc03353/forge/src/dispatcher/posix.c:62 140001657452288: single write -1 of expected 8388608
14:39:59 ERROR /home/bsc03/bsc03353/forge/src/dispatcher/posix.c:61 140031722280704: r->filehandle = 35, r->size = 8388608, r->offset = 18320719872
14:39:59 ERROR /home/bsc03/bsc03353/forge/src/dispatcher/posix.c:62 140031722280704: single write -1 of expected 8388608
14:40:01 ERROR /home/bsc03/bsc03353/forge/src/dispatcher/posix.c:61 140023132329728: r->filehandle = 35, r->size = 8388608, r->offset = 352321536
14:40:01 ERROR /home/bsc03/bsc03353/forge/src/dispatcher/posix.c:62 140023132329728: single write -1 of expected 8388608
14:40:06 ERROR /home/bsc03/bsc03353/forge/src/dispatcher/posix.c:61 140444582217472: r->filehandle = 36, r->size = 8388608, r->offset = 112742891520
14:40:07 ERROR /home/bsc03/bsc03353/forge/src/dispatcher/posix.c:62 140444582217472: single write -1 of expected 8388608
14:40:12 ERROR /home/bsc03/bsc03353/forge/src/dispatcher/posix.c:61 140025279817472: r->filehandle = 35, r->size = 8388608, r->offset = 21139292160
14:40:12 ERROR /home/bsc03/bsc03353/forge/src/dispatcher/posix.c:62 140025279817472: single write -1 of expected 8388608
14:40:13 ERROR /home/bsc03/bsc03353/forge/src/dispatcher/posix.c:61 140431697291008: r->filehandle = 36, r->size = 8388608, r->offset = 108162711552
14:40:13 ERROR /home/bsc03/bsc03353/forge/src/dispatcher/posix.c:62 140431697291008: single write -1 of expected 8388608
14:40:14 ERROR /home/bsc03/bsc03353/forge/src/dispatcher/posix.c:61 140453172168448: r->filehandle = 36, r->size = 8388608, r->offset = 81738596352
14:40:14 ERROR /home/bsc03/bsc03353/forge/src/dispatcher/posix.c:62 140453172168448: single write -1 of expected 8388608
14:40:15 ERROR /home/bsc03/bsc03353/forge/src/dispatcher/posix.c:61 140455319656192: r->filehandle = 36, r->size = 8388608, r->offset = 104991817728
14:40:15 ERROR /home/bsc03/bsc03353/forge/src/dispatcher/posix.c:62 140455319656192: single write -1 of expected 8388608
14:40:16 ERROR /home/bsc03/bsc03353/forge/src/dispatcher/posix.c:61 140029574792960: r->filehandle = 35, r->size = 8388608, r->offset = 66236448768
14:40:16 ERROR /home/bsc03/bsc03353/forge/src/dispatcher/posix.c:62 140029574792960: single write -1 of expected 8388608
14:40:16 ERROR /home/bsc03/bsc03353/forge/src/dispatcher/posix.c:61 140031722280704: r->filehandle = 35, r->size = 8388608, r->offset = 32765902848
14:40:16 ERROR /home/bsc03/bsc03353/forge/src/dispatcher/posix.c:62 140031722280704: single write -1 of expected 8388608
14:40:17 ERROR /home/bsc03/bsc03353/forge/src/dispatcher/posix.c:61 140429549803264: r->filehandle = 36, r->size = 8388608, r->offset = 102525566976
14:40:17 ERROR /home/bsc03/bsc03353/forge/src/dispatcher/posix.c:62 140429549803264: single write -1 of expected 8388608
14:40:19 ERROR /home/bsc03/bsc03353/forge/src/dispatcher/posix.c:61 140433844778752: r->filehandle = 36, r->size = 8388608, r->offset = 127892717568
14:40:19 ERROR /home/bsc03/bsc03353/forge/src/dispatcher/posix.c:62 140433844778752: single write -1 of expected 8388608
14:40:20 ERROR /home/bsc03/bsc03353/forge/src/dispatcher/posix.c:61 140012394891008: r->filehandle = 35, r->size = 8388608, r->offset = 1056964608
14:40:20 ERROR /home/bsc03/bsc03353/forge/src/dispatcher/posix.c:62 140012394891008: single write -1 of expected 8388608
14:40:25 ERROR /home/bsc03/bsc03353/forge/src/dispatcher/posix.c:61 140455319656192: r->filehandle = 36, r->size = 8388608, r->offset = 113447534592
14:40:25 ERROR /home/bsc03/bsc03353/forge/src/dispatcher/posix.c:62 140455319656192: single write -1 of expected 8388608
14:40:27 ERROR /home/bsc03/bsc03353/forge/src/dispatcher/posix.c:61 140016689866496: r->filehandle = 35, r->size = 8388608, r->offset = 1761607680
14:40:27 ERROR /home/bsc03/bsc03353/forge/src/dispatcher/posix.c:62 140016689866496: single write -1 of expected 8388608
14:40:27 ERROR /home/bsc03/bsc03353/forge/src/dispatcher/posix.c:61 140453172168448: r->filehandle = 36, r->size = 8388608, r->offset = 103230210048
14:40:27 ERROR /home/bsc03/bsc03353/forge/src/dispatcher/posix.c:62 140453172168448: single write -1 of expected 8388608
14:40:28 ERROR /home/bsc03/bsc03353/forge/src/dispatcher/posix.c:61 140014542378752: r->filehandle = 35, r->size = 8388608, r->offset = 19025362944
14:40:28 ERROR /home/bsc03/bsc03353/forge/src/dispatcher/posix.c:62 140014542378752: single write -1 of expected 8388608
14:40:29 ERROR /home/bsc03/bsc03353/forge/src/dispatcher/posix.c:61 140442434729728: r->filehandle = 36, r->size = 8388608, r->offset = 134939148288
14:40:29 ERROR /home/bsc03/bsc03353/forge/src/dispatcher/posix.c:62 140442434729728: single write -1 of expected 8388608
14:40:30 ERROR /home/bsc03/bsc03353/forge/src/dispatcher/posix.c:61 140027427305216: r->filehandle = 35, r->size = 8388608, r->offset = 5284823040
14:40:30 ERROR /home/bsc03/bsc03353/forge/src/dispatcher/posix.c:62 140027427305216: single write -1 of expected 8388608
14:40:31 ERROR /home/bsc03/bsc03353/forge/src/dispatcher/posix.c:61 140435992266496: r->filehandle = 36, r->size = 8388608, r->offset = 104639496192
14:40:31 ERROR /home/bsc03/bsc03353/forge/src/dispatcher/posix.c:62 140435992266496: single write -1 of expected 8388608
14:40:32 ERROR /home/bsc03/bsc03353/forge/src/dispatcher/posix.c:61 140438139754240: r->filehandle = 36, r->size = 8388608, r->offset = 122607894528
14:40:32 ERROR /home/bsc03/bsc03353/forge/src/dispatcher/posix.c:62 140438139754240: single write -1 of expected 8388608
14:40:37 ERROR /home/bsc03/bsc03353/forge/src/dispatcher/posix.c:61 140448877192960: r->filehandle = 36, r->size = 8388608, r->offset = 108867354624
14:40:37 ERROR /home/bsc03/bsc03353/forge/src/dispatcher/posix.c:62 140448877192960: single write -1 of expected 8388608
14:40:38 ERROR /home/bsc03/bsc03353/forge/src/dispatcher/posix.c:61 140018837354240: r->filehandle = 35, r->size = 8388608, r->offset = 20434649088
14:40:38 ERROR /home/bsc03/bsc03353/forge/src/dispatcher/posix.c:62 140018837354240: single write -1 of expected 8388608
14:40:39 ERROR /home/bsc03/bsc03353/forge/src/dispatcher/posix.c:61 140025279817472: r->filehandle = 35, r->size = 8388608, r->offset = 7046430720
14:40:39 ERROR /home/bsc03/bsc03353/forge/src/dispatcher/posix.c:62 140025279817472: single write -1 of expected 8388608
14:40:40 ERROR /home/bsc03/bsc03353/forge/src/dispatcher/posix.c:61 140457467143936: r->filehandle = 36, r->size = 8388608, r->offset = 133529862144
14:40:40 ERROR /home/bsc03/bsc03353/forge/src/dispatcher/posix.c:62 140457467143936: single write -1 of expected 8388608
14:40:41 ERROR /home/bsc03/bsc03353/forge/src/dispatcher/posix.c:61 140431697291008: r->filehandle = 36, r->size = 8388608, r->offset = 100411637760
14:40:41 ERROR /home/bsc03/bsc03353/forge/src/dispatcher/posix.c:62 140431697291008: single write -1 of expected 8388608
14:40:42 ERROR /home/bsc03/bsc03353/forge/src/dispatcher/posix.c:61 140005952427776: r->filehandle = 35, r->size = 8388608, r->offset = 12331253760
14:40:42 ERROR /home/bsc03/bsc03353/forge/src/dispatcher/posix.c:62 140005952427776: single write -1 of expected 8388608
14:40:42 ERROR /home/bsc03/bsc03353/forge/src/dispatcher/posix.c:61 140444582217472: r->filehandle = 36, r->size = 8388608, r->offset = 103934853120
14:40:42 ERROR /home/bsc03/bsc03353/forge/src/dispatcher/posix.c:62 140444582217472: single write -1 of expected 8388608
14:40:42 ERROR /home/bsc03/bsc03353/forge/src/dispatcher/posix.c:61 140020984841984: r->filehandle = 35, r->size = 8388608, r->offset = 8808038400
14:40:42 ERROR /home/bsc03/bsc03353/forge/src/dispatcher/posix.c:62 140020984841984: single write -1 of expected 8388608
slurmstepd: error: *** JOB 8737181 ON s02r1b05 CANCELLED AT 2020-02-07T14:40:44 DUE TO TIME LIMIT ***
