Set GCC compilers as MPI wrappers backend 
remove impi/2017.4 (PATH, MANPATH, LD_LIBRARY_PATH) 
load openmpi/4.0.2_UCX (PATH, MANPATH, LD_LIBRARY_PATH) 
Set GCC compilers as MPI wrappers backend 
load gsl/2.4 (PATH, LD_LIBRARY_PATH, LIBRARY_PATH, MANPATH, INFOPATH,
C_INCLUDE_PATH, CPLUS_INCLUDE_PATH, PKG_CONFIG_PATH, GSL_DIR) 
15:37:17 INFO  /home/bsc03/bsc03353/forge/src/main.c:107 140440201119808: I/O Forwarding Exploration [START]
Will AGIOS generate trace files? NO
Default scheduling algorithm: TO
TWINS window size: 1000000
Will the Prediction Module read information from trace files? NO
File with access time functions: /home/bsc03/bsc03353/forge/agios/access_times.func
AGIOS thinks its user has stripe size of 32768
Will AGIOS generate trace files? NO
Default scheduling algorithm: TO
TWINS window size: 1000000
Will the Prediction Module read information from trace files? NO
File with access time functions: /home/bsc03/bsc03353/forge/agios/access_times.func
AGIOS thinks its user has stripe size of 32768
Will AGIOS generate trace files? NO
Default scheduling algorithm: TO
TWINS window size: 1000000
Will the Prediction Module read information from trace files? NO
File with access time functions: /home/bsc03/bsc03353/forge/agios/access_times.func
AGIOS thinks its user has stripe size of 32768
Will AGIOS generate trace files? NO
Default scheduling algorithm: TO
TWINS window size: 1000000
Will the Prediction Module read information from trace files? NO
File with access time functions: /home/bsc03/bsc03353/forge/agios/access_times.func
AGIOS thinks its user has stripe size of 32768
15:37:22 ERROR /home/bsc03/bsc03353/forge/src/dispatcher/posix.c:61 139776493909760: r->filehandle = 36, r->size = 32768, r->offset = 44736512000
15:37:22 ERROR /home/bsc03/bsc03353/forge/src/dispatcher/posix.c:62 139776493909760: single write -1 of expected 32768
15:37:24 ERROR /home/bsc03/bsc03353/forge/src/dispatcher/posix.c:61 140066602960640: r->filehandle = 36, r->size = 32768, r->offset = 69073174528
15:37:24 ERROR /home/bsc03/bsc03353/forge/src/dispatcher/posix.c:62 140066602960640: single write -1 of expected 32768
15:37:26 ERROR /home/bsc03/bsc03353/forge/src/dispatcher/posix.c:61 140070897936128: r->filehandle = 36, r->size = 32768, r->offset = 95915081728
15:37:26 ERROR /home/bsc03/bsc03353/forge/src/dispatcher/posix.c:62 140070897936128: single write -1 of expected 32768
15:37:28 ERROR /home/bsc03/bsc03353/forge/src/dispatcher/posix.c:61 140075192911616: r->filehandle = 36, r->size = 32768, r->offset = 80167829504
15:37:28 ERROR /home/bsc03/bsc03353/forge/src/dispatcher/posix.c:62 140075192911616: single write -1 of expected 32768
15:37:28 ERROR /home/bsc03/bsc03353/forge/src/dispatcher/posix.c:61 140433115555584: r->filehandle = 35, r->size = 32768, r->offset = 21473525760
15:37:28 ERROR /home/bsc03/bsc03353/forge/src/dispatcher/posix.c:62 140433115555584: single write -1 of expected 32768
15:37:33 ERROR /home/bsc03/bsc03353/forge/src/dispatcher/posix.c:61 140077340399360: r->filehandle = 36, r->size = 32768, r->offset = 88757239808
15:37:33 ERROR /home/bsc03/bsc03353/forge/src/dispatcher/posix.c:62 140077340399360: single write -1 of expected 32768
15:37:35 ERROR /home/bsc03/bsc03353/forge/src/dispatcher/posix.c:61 140045128083200: r->filehandle = 36, r->size = 32768, r->offset = 80525721600
15:37:35 ERROR /home/bsc03/bsc03353/forge/src/dispatcher/posix.c:62 140045128083200: single write -1 of expected 32768
15:37:36 ERROR /home/bsc03/bsc03353/forge/src/dispatcher/posix.c:61 140053718034176: r->filehandle = 36, r->size = 32768, r->offset = 90188808192
15:37:36 ERROR /home/bsc03/bsc03353/forge/src/dispatcher/posix.c:62 140053718034176: single write -1 of expected 32768
15:37:39 ERROR /home/bsc03/bsc03353/forge/src/dispatcher/posix.c:61 140051570546432: r->filehandle = 36, r->size = 32768, r->offset = 90904592384
15:37:39 ERROR /home/bsc03/bsc03353/forge/src/dispatcher/posix.c:62 140051570546432: single write -1 of expected 32768
15:37:44 ERROR /home/bsc03/bsc03353/forge/src/dispatcher/posix.c:61 140047275570944: r->filehandle = 36, r->size = 32768, r->offset = 84462534656
15:37:44 ERROR /home/bsc03/bsc03353/forge/src/dispatcher/posix.c:62 140047275570944: single write -1 of expected 32768
15:37:44 ERROR /home/bsc03/bsc03353/forge/src/dispatcher/posix.c:61 140062307985152: r->filehandle = 36, r->size = 32768, r->offset = 89115131904
15:37:44 ERROR /home/bsc03/bsc03353/forge/src/dispatcher/posix.c:62 140062307985152: single write -1 of expected 32768
15:37:48 ERROR /home/bsc03/bsc03353/forge/src/dispatcher/posix.c:61 140073045423872: r->filehandle = 36, r->size = 32768, r->offset = 101641355264
15:37:48 ERROR /home/bsc03/bsc03353/forge/src/dispatcher/posix.c:62 140073045423872: single write -1 of expected 32768
15:37:49 ERROR /home/bsc03/bsc03353/forge/src/dispatcher/posix.c:61 140060160497408: r->filehandle = 36, r->size = 32768, r->offset = 73009987584
15:37:49 ERROR /home/bsc03/bsc03353/forge/src/dispatcher/posix.c:62 140060160497408: single write -1 of expected 32768
15:37:49 ERROR /home/bsc03/bsc03353/forge/src/dispatcher/posix.c:61 140064455472896: r->filehandle = 36, r->size = 32768, r->offset = 84820426752
15:37:49 ERROR /home/bsc03/bsc03353/forge/src/dispatcher/posix.c:62 140064455472896: single write -1 of expected 32768
15:37:50 ERROR /home/bsc03/bsc03353/forge/src/dispatcher/posix.c:61 140068750448384: r->filehandle = 36, r->size = 32768, r->offset = 87325671424
15:37:50 ERROR /home/bsc03/bsc03353/forge/src/dispatcher/posix.c:62 140068750448384: single write -1 of expected 32768
15:37:52 ERROR /home/bsc03/bsc03353/forge/src/dispatcher/posix.c:61 140058013009664: r->filehandle = 36, r->size = 32768, r->offset = 77662584832
15:37:52 ERROR /home/bsc03/bsc03353/forge/src/dispatcher/posix.c:62 140058013009664: single write -1 of expected 32768
15:37:55 ERROR /home/bsc03/bsc03353/forge/src/dispatcher/posix.c:61 140049423058688: r->filehandle = 36, r->size = 32768, r->offset = 91262484480
15:37:55 ERROR /home/bsc03/bsc03353/forge/src/dispatcher/posix.c:62 140049423058688: single write -1 of expected 32768
15:37:55 ERROR /home/bsc03/bsc03353/forge/src/dispatcher/posix.c:61 140055865521920: r->filehandle = 36, r->size = 32768, r->offset = 68715282432
15:37:55 ERROR /home/bsc03/bsc03353/forge/src/dispatcher/posix.c:62 140055865521920: single write -1 of expected 32768
15:37:57 ERROR /home/bsc03/bsc03353/forge/src/dispatcher/posix.c:61 140424525604608: r->filehandle = 35, r->size = 32768, r->offset = 4652597248
15:37:57 ERROR /home/bsc03/bsc03353/forge/src/dispatcher/posix.c:62 140424525604608: single write -1 of expected 32768
15:37:57 ERROR /home/bsc03/bsc03353/forge/src/dispatcher/posix.c:61 139774346422016: r->filehandle = 36, r->size = 32768, r->offset = 45094404096
15:37:57 ERROR /home/bsc03/bsc03353/forge/src/dispatcher/posix.c:62 139774346422016: single write -1 of expected 32768
15:37:59 ERROR /home/bsc03/bsc03353/forge/src/dispatcher/posix.c:61 139757166520064: r->filehandle = 36, r->size = 32768, r->offset = 42947051520
15:37:59 ERROR /home/bsc03/bsc03353/forge/src/dispatcher/posix.c:62 139757166520064: single write -1 of expected 32768
15:38:04 ERROR /home/bsc03/bsc03353/forge/src/dispatcher/posix.c:61 139761461495552: r->filehandle = 36, r->size = 32768, r->offset = 50462785536
15:38:04 ERROR /home/bsc03/bsc03353/forge/src/dispatcher/posix.c:62 139761461495552: single write -1 of expected 32768
15:38:06 ERROR /home/bsc03/bsc03353/forge/src/dispatcher/posix.c:61 139755019032320: r->filehandle = 36, r->size = 32768, r->offset = 61915332608
15:38:06 ERROR /home/bsc03/bsc03353/forge/src/dispatcher/posix.c:62 139755019032320: single write -1 of expected 32768
15:38:07 ERROR /home/bsc03/bsc03353/forge/src/dispatcher/posix.c:61 139759314007808: r->filehandle = 36, r->size = 32768, r->offset = 64420577280
15:38:07 ERROR /home/bsc03/bsc03353/forge/src/dispatcher/posix.c:62 139759314007808: single write -1 of expected 32768
15:38:09 ERROR /home/bsc03/bsc03353/forge/src/dispatcher/posix.c:61 139763608983296: r->filehandle = 36, r->size = 32768, r->offset = 67641606144
15:38:09 ERROR /home/bsc03/bsc03353/forge/src/dispatcher/posix.c:62 139763608983296: single write -1 of expected 32768
15:38:11 ERROR /home/bsc03/bsc03353/forge/src/dispatcher/posix.c:61 139772198934272: r->filehandle = 36, r->size = 32768, r->offset = 61557440512
15:38:11 ERROR /home/bsc03/bsc03353/forge/src/dispatcher/posix.c:62 139772198934272: single write -1 of expected 32768
15:38:13 ERROR /home/bsc03/bsc03353/forge/src/dispatcher/posix.c:61 139748576569088: r->filehandle = 36, r->size = 32768, r->offset = 43304943616
15:38:13 ERROR /home/bsc03/bsc03353/forge/src/dispatcher/posix.c:62 139748576569088: single write -1 of expected 32768
15:38:14 ERROR /home/bsc03/bsc03353/forge/src/dispatcher/posix.c:61 139750724056832: r->filehandle = 36, r->size = 32768, r->offset = 39010238464
15:38:14 ERROR /home/bsc03/bsc03353/forge/src/dispatcher/posix.c:62 139750724056832: single write -1 of expected 32768
15:38:16 ERROR /home/bsc03/bsc03353/forge/src/dispatcher/posix.c:61 140154593974016: r->filehandle = 36, r->size = 32768, r->offset = 130630615040
15:38:16 ERROR /home/bsc03/bsc03353/forge/src/dispatcher/posix.c:62 140154593974016: single write -1 of expected 32768
15:38:21 ERROR /home/bsc03/bsc03353/forge/src/dispatcher/posix.c:61 140176068851456: r->filehandle = 36, r->size = 32768, r->offset = 110230765568
15:38:21 ERROR /home/bsc03/bsc03353/forge/src/dispatcher/posix.c:62 140176068851456: single write -1 of expected 32768
15:38:26 ERROR /home/bsc03/bsc03353/forge/src/dispatcher/posix.c:61 140171773875968: r->filehandle = 36, r->size = 32768, r->offset = 133135859712
15:38:26 ERROR /home/bsc03/bsc03353/forge/src/dispatcher/posix.c:62 140171773875968: single write -1 of expected 32768
15:38:27 ERROR /home/bsc03/bsc03353/forge/src/dispatcher/posix.c:61 140186806290176: r->filehandle = 36, r->size = 32768, r->offset = 118820175872
15:38:27 ERROR /home/bsc03/bsc03353/forge/src/dispatcher/posix.c:62 140186806290176: single write -1 of expected 32768
15:38:28 ERROR /home/bsc03/bsc03353/forge/src/dispatcher/posix.c:61 140182511314688: r->filehandle = 36, r->size = 32768, r->offset = 131346399232
15:38:28 ERROR /home/bsc03/bsc03353/forge/src/dispatcher/posix.c:62 140182511314688: single write -1 of expected 32768
15:38:29 ERROR /home/bsc03/bsc03353/forge/src/dispatcher/posix.c:61 140165331412736: r->filehandle = 36, r->size = 32768, r->offset = 136714780672
15:38:29 ERROR /home/bsc03/bsc03353/forge/src/dispatcher/posix.c:62 140165331412736: single write -1 of expected 32768
15:38:30 ERROR /home/bsc03/bsc03353/forge/src/dispatcher/posix.c:61 140184658802432: r->filehandle = 36, r->size = 32768, r->offset = 116314931200
15:38:30 ERROR /home/bsc03/bsc03353/forge/src/dispatcher/posix.c:62 140184658802432: single write -1 of expected 32768
15:38:31 ERROR /home/bsc03/bsc03353/forge/src/dispatcher/posix.c:61 140167478900480: r->filehandle = 36, r->size = 32768, r->offset = 130272722944
15:38:31 ERROR /home/bsc03/bsc03353/forge/src/dispatcher/posix.c:62 140167478900480: single write -1 of expected 32768
15:38:33 ERROR /home/bsc03/bsc03353/forge/src/dispatcher/posix.c:61 140163183924992: r->filehandle = 36, r->size = 32768, r->offset = 134925320192
15:38:33 ERROR /home/bsc03/bsc03353/forge/src/dispatcher/posix.c:62 140163183924992: single write -1 of expected 32768
15:38:35 ERROR /home/bsc03/bsc03353/forge/src/dispatcher/posix.c:61 140173921363712: r->filehandle = 36, r->size = 32768, r->offset = 119893852160
15:38:35 ERROR /home/bsc03/bsc03353/forge/src/dispatcher/posix.c:62 140173921363712: single write -1 of expected 32768
15:38:36 ERROR /home/bsc03/bsc03353/forge/src/dispatcher/posix.c:61 140161036437248: r->filehandle = 36, r->size = 32768, r->offset = 137072672768
15:38:36 ERROR /home/bsc03/bsc03353/forge/src/dispatcher/posix.c:62 140161036437248: single write -1 of expected 32768
15:38:38 ERROR /home/bsc03/bsc03353/forge/src/dispatcher/posix.c:61 140156741461760: r->filehandle = 36, r->size = 32768, r->offset = 115957039104
15:38:38 ERROR /home/bsc03/bsc03353/forge/src/dispatcher/posix.c:62 140156741461760: single write -1 of expected 32768
15:38:42 ERROR /home/bsc03/bsc03353/forge/src/dispatcher/posix.c:61 140180363826944: r->filehandle = 36, r->size = 32768, r->offset = 107725520896
15:38:42 ERROR /home/bsc03/bsc03353/forge/src/dispatcher/posix.c:62 140180363826944: single write -1 of expected 32768
15:38:42 ERROR /home/bsc03/bsc03353/forge/src/dispatcher/posix.c:61 140169626388224: r->filehandle = 36, r->size = 32768, r->offset = 113093902336
15:38:42 ERROR /home/bsc03/bsc03353/forge/src/dispatcher/posix.c:62 140169626388224: single write -1 of expected 32768
15:38:45 ERROR /home/bsc03/bsc03353/forge/src/dispatcher/posix.c:61 140158888949504: r->filehandle = 36, r->size = 32768, r->offset = 132062183424
15:38:45 ERROR /home/bsc03/bsc03353/forge/src/dispatcher/posix.c:62 140158888949504: single write -1 of expected 32768
15:38:46 ERROR /home/bsc03/bsc03353/forge/src/dispatcher/posix.c:61 140178216339200: r->filehandle = 36, r->size = 32768, r->offset = 107367628800
15:38:46 ERROR /home/bsc03/bsc03353/forge/src/dispatcher/posix.c:62 140178216339200: single write -1 of expected 32768
15:38:48 ERROR /home/bsc03/bsc03353/forge/src/dispatcher/posix.c:61 140062307985152: r->filehandle = 36, r->size = 32768, r->offset = 90546700288
15:38:48 ERROR /home/bsc03/bsc03353/forge/src/dispatcher/posix.c:61 140430968067840: r->filehandle = 35, r->size = 32768, r->offset = 21831417856
15:38:48 ERROR /home/bsc03/bsc03353/forge/src/dispatcher/posix.c:62 140062307985152: single write -1 of expected 32768
15:38:48 ERROR /home/bsc03/bsc03353/forge/src/dispatcher/posix.c:62 140430968067840: single write -1 of expected 32768
15:38:48 ERROR /home/bsc03/bsc03353/forge/src/dispatcher/posix.c:61 140420230629120: r->filehandle = 35, r->size = 32768, r->offset = 1789460480
15:38:48 ERROR /home/bsc03/bsc03353/forge/src/dispatcher/posix.c:62 140420230629120: single write -1 of expected 32768
15:38:51 ERROR /home/bsc03/bsc03353/forge/src/dispatcher/posix.c:61 140411640678144: r->filehandle = 35, r->size = 32768, r->offset = 28273475584
15:38:51 ERROR /home/bsc03/bsc03353/forge/src/dispatcher/posix.c:62 140411640678144: single write -1 of expected 32768
15:38:55 ERROR /home/bsc03/bsc03353/forge/src/dispatcher/posix.c:61 140426673092352: r->filehandle = 35, r->size = 32768, r->offset = 23262986240
15:38:55 ERROR /home/bsc03/bsc03353/forge/src/dispatcher/posix.c:62 140426673092352: single write -1 of expected 32768
15:38:57 ERROR /home/bsc03/bsc03353/forge/src/dispatcher/posix.c:61 140418083141376: r->filehandle = 35, r->size = 32768, r->offset = 16105144320
15:38:57 ERROR /home/bsc03/bsc03353/forge/src/dispatcher/posix.c:62 140418083141376: single write -1 of expected 32768
15:38:58 ERROR /home/bsc03/bsc03353/forge/src/dispatcher/posix.c:61 140422378116864: r->filehandle = 35, r->size = 32768, r->offset = 27557691392
15:38:58 ERROR /home/bsc03/bsc03353/forge/src/dispatcher/posix.c:62 140422378116864: single write -1 of expected 32768
15:39:00 ERROR /home/bsc03/bsc03353/forge/src/dispatcher/posix.c:61 140400903239424: r->filehandle = 35, r->size = 32768, r->offset = 25768230912
15:39:00 ERROR /home/bsc03/bsc03353/forge/src/dispatcher/posix.c:62 140400903239424: single write -1 of expected 32768
15:39:01 ERROR /home/bsc03/bsc03353/forge/src/dispatcher/posix.c:61 139757166520064: r->filehandle = 36, r->size = 32768, r->offset = 47241756672
15:39:01 ERROR /home/bsc03/bsc03353/forge/src/dispatcher/posix.c:62 139757166520064: single write -1 of expected 32768
15:39:01 ERROR /home/bsc03/bsc03353/forge/src/dispatcher/posix.c:61 140169626388224: r->filehandle = 36, r->size = 32768, r->offset = 104862384128
15:39:01 ERROR /home/bsc03/bsc03353/forge/src/dispatcher/posix.c:62 140169626388224: single write -1 of expected 32768
15:39:01 ERROR /home/bsc03/bsc03353/forge/src/dispatcher/posix.c:61 140077340399360: r->filehandle = 36, r->size = 32768, r->offset = 98778218496
15:39:01 ERROR /home/bsc03/bsc03353/forge/src/dispatcher/posix.c:62 140077340399360: single write -1 of expected 32768
15:39:03 ERROR /home/bsc03/bsc03353/forge/src/dispatcher/posix.c:61 140070897936128: r->filehandle = 36, r->size = 32768, r->offset = 71220527104
15:39:03 ERROR /home/bsc03/bsc03353/forge/src/dispatcher/posix.c:62 140070897936128: single write -1 of expected 32768
15:39:03 ERROR /home/bsc03/bsc03353/forge/src/dispatcher/posix.c:61 140073045423872: r->filehandle = 36, r->size = 32768, r->offset = 78736261120
15:39:03 ERROR /home/bsc03/bsc03353/forge/src/dispatcher/posix.c:62 140073045423872: single write -1 of expected 32768
15:39:04 ERROR /home/bsc03/bsc03353/forge/src/dispatcher/posix.c:61 140060160497408: r->filehandle = 36, r->size = 32768, r->offset = 73367879680
15:39:04 ERROR /home/bsc03/bsc03353/forge/src/dispatcher/posix.c:62 140060160497408: single write -1 of expected 32768
15:39:06 ERROR /home/bsc03/bsc03353/forge/src/dispatcher/posix.c:61 140053718034176: r->filehandle = 36, r->size = 32768, r->offset = 75873124352
15:39:06 ERROR /home/bsc03/bsc03353/forge/src/dispatcher/posix.c:62 140053718034176: single write -1 of expected 32768
15:39:07 ERROR /home/bsc03/bsc03353/forge/src/dispatcher/posix.c:61 140075192911616: r->filehandle = 36, r->size = 32768, r->offset = 77304692736
15:39:07 ERROR /home/bsc03/bsc03353/forge/src/dispatcher/posix.c:62 140075192911616: single write -1 of expected 32768
15:39:08 ERROR /home/bsc03/bsc03353/forge/src/dispatcher/posix.c:61 140064455472896: r->filehandle = 36, r->size = 32768, r->offset = 71578419200
15:39:08 ERROR /home/bsc03/bsc03353/forge/src/dispatcher/posix.c:62 140064455472896: single write -1 of expected 32768
15:39:08 ERROR /home/bsc03/bsc03353/forge/src/dispatcher/posix.c:61 140403050727168: r->filehandle = 35, r->size = 32768, r->offset = 357892096
15:39:08 ERROR /home/bsc03/bsc03353/forge/src/dispatcher/posix.c:62 140403050727168: single write -1 of expected 32768
15:39:13 ERROR /home/bsc03/bsc03353/forge/src/dispatcher/posix.c:61 139763608983296: r->filehandle = 36, r->size = 32768, r->offset = 51178569728
15:39:13 ERROR /home/bsc03/bsc03353/forge/src/dispatcher/posix.c:62 139763608983296: single write -1 of expected 32768
15:39:15 ERROR /home/bsc03/bsc03353/forge/src/dispatcher/posix.c:61 140184658802432: r->filehandle = 36, r->size = 32768, r->offset = 103430815744
15:39:15 ERROR /home/bsc03/bsc03353/forge/src/dispatcher/posix.c:62 140184658802432: single write -1 of expected 32768
15:39:17 ERROR /home/bsc03/bsc03353/forge/src/dispatcher/posix.c:61 140068750448384: r->filehandle = 36, r->size = 32768, r->offset = 83030966272
15:39:17 ERROR /home/bsc03/bsc03353/forge/src/dispatcher/posix.c:62 140068750448384: single write -1 of expected 32768
15:39:20 ERROR /home/bsc03/bsc03353/forge/src/dispatcher/posix.c:61 140047275570944: r->filehandle = 36, r->size = 32768, r->offset = 81599397888
15:39:20 ERROR /home/bsc03/bsc03353/forge/src/dispatcher/posix.c:62 140047275570944: single write -1 of expected 32768
15:39:20 ERROR /home/bsc03/bsc03353/forge/src/dispatcher/posix.c:61 140045128083200: r->filehandle = 36, r->size = 32768, r->offset = 70146850816
15:39:20 ERROR /home/bsc03/bsc03353/forge/src/dispatcher/posix.c:62 140045128083200: single write -1 of expected 32768
15:39:24 ERROR /home/bsc03/bsc03353/forge/src/dispatcher/posix.c:61 140053718034176: r->filehandle = 36, r->size = 32768, r->offset = 75515232256
15:39:24 ERROR /home/bsc03/bsc03353/forge/src/dispatcher/posix.c:62 140053718034176: single write -1 of expected 32768
15:39:24 ERROR /home/bsc03/bsc03353/forge/src/dispatcher/posix.c:61 140426673092352: r->filehandle = 35, r->size = 32768, r->offset = 2505244672
15:39:24 ERROR /home/bsc03/bsc03353/forge/src/dispatcher/posix.c:62 140426673092352: single write -1 of expected 32768
15:39:25 ERROR /home/bsc03/bsc03353/forge/src/dispatcher/posix.c:61 140413788165888: r->filehandle = 35, r->size = 32768, r->offset = 4294705152
15:39:25 ERROR /home/bsc03/bsc03353/forge/src/dispatcher/posix.c:62 140413788165888: single write -1 of expected 32768
15:39:27 ERROR /home/bsc03/bsc03353/forge/src/dispatcher/posix.c:61 140428820580096: r->filehandle = 35, r->size = 32768, r->offset = 20041957376
15:39:27 ERROR /home/bsc03/bsc03353/forge/src/dispatcher/posix.c:62 140428820580096: single write -1 of expected 32768
15:39:29 ERROR /home/bsc03/bsc03353/forge/src/dispatcher/posix.c:61 140415935653632: r->filehandle = 35, r->size = 32768, r->offset = 27199799296
15:39:29 ERROR /home/bsc03/bsc03353/forge/src/dispatcher/posix.c:62 140415935653632: single write -1 of expected 32768
15:39:30 ERROR /home/bsc03/bsc03353/forge/src/dispatcher/posix.c:61 140407345702656: r->filehandle = 35, r->size = 32768, r->offset = 15747252224
15:39:30 ERROR /home/bsc03/bsc03353/forge/src/dispatcher/posix.c:62 140407345702656: single write -1 of expected 32768
15:39:31 ERROR /home/bsc03/bsc03353/forge/src/dispatcher/posix.c:61 140420230629120: r->filehandle = 35, r->size = 32768, r->offset = 18610388992
15:39:31 ERROR /home/bsc03/bsc03353/forge/src/dispatcher/posix.c:62 140420230629120: single write -1 of expected 32768
15:39:32 ERROR /home/bsc03/bsc03353/forge/src/dispatcher/posix.c:61 140409493190400: r->filehandle = 35, r->size = 32768, r->offset = 7157841920
15:39:32 ERROR /home/bsc03/bsc03353/forge/src/dispatcher/posix.c:62 140409493190400: single write -1 of expected 32768
15:39:33 ERROR /home/bsc03/bsc03353/forge/src/dispatcher/posix.c:61 140433115555584: r->filehandle = 35, r->size = 32768, r->offset = 24694554624
15:39:33 ERROR /home/bsc03/bsc03353/forge/src/dispatcher/posix.c:62 140433115555584: single write -1 of expected 32768
15:39:35 ERROR /home/bsc03/bsc03353/forge/src/dispatcher/posix.c:61 139757166520064: r->filehandle = 36, r->size = 32768, r->offset = 64778469376
15:39:35 ERROR /home/bsc03/bsc03353/forge/src/dispatcher/posix.c:62 139757166520064: single write -1 of expected 32768
15:39:36 ERROR /home/bsc03/bsc03353/forge/src/dispatcher/posix.c:61 140047275570944: r->filehandle = 36, r->size = 32768, r->offset = 83388858368
15:39:36 ERROR /home/bsc03/bsc03353/forge/src/dispatcher/posix.c:62 140047275570944: single write -1 of expected 32768
15:39:36 ERROR /home/bsc03/bsc03353/forge/src/dispatcher/posix.c:61 140154593974016: r->filehandle = 36, r->size = 32768, r->offset = 103072923648
15:39:36 ERROR /home/bsc03/bsc03353/forge/src/dispatcher/posix.c:62 140154593974016: single write -1 of expected 32768
15:39:38 ERROR /home/bsc03/bsc03353/forge/src/dispatcher/posix.c:61 140051570546432: r->filehandle = 36, r->size = 32768, r->offset = 96272973824
15:39:38 ERROR /home/bsc03/bsc03353/forge/src/dispatcher/posix.c:62 140051570546432: single write -1 of expected 32768
15:39:39 ERROR /home/bsc03/bsc03353/forge/src/dispatcher/posix.c:61 140058013009664: r->filehandle = 36, r->size = 32768, r->offset = 70862635008
15:39:39 ERROR /home/bsc03/bsc03353/forge/src/dispatcher/posix.c:62 140058013009664: single write -1 of expected 32768
15:39:41 ERROR /home/bsc03/bsc03353/forge/src/dispatcher/posix.c:61 140066602960640: r->filehandle = 36, r->size = 32768, r->offset = 76588908544
15:39:41 ERROR /home/bsc03/bsc03353/forge/src/dispatcher/posix.c:62 140066602960640: single write -1 of expected 32768
15:39:42 ERROR /home/bsc03/bsc03353/forge/src/dispatcher/posix.c:61 140045128083200: r->filehandle = 36, r->size = 32768, r->offset = 83746750464
15:39:42 ERROR /home/bsc03/bsc03353/forge/src/dispatcher/posix.c:62 140045128083200: single write -1 of expected 32768
15:39:45 ERROR /home/bsc03/bsc03353/forge/src/dispatcher/posix.c:61 140053718034176: r->filehandle = 36, r->size = 32768, r->offset = 93767729152
15:39:45 ERROR /home/bsc03/bsc03353/forge/src/dispatcher/posix.c:62 140053718034176: single write -1 of expected 32768
15:39:50 ERROR /home/bsc03/bsc03353/forge/src/dispatcher/posix.c:61 140405198214912: r->filehandle = 35, r->size = 32768, r->offset = 24336662528
15:39:50 ERROR /home/bsc03/bsc03353/forge/src/dispatcher/posix.c:62 140405198214912: single write -1 of expected 32768
15:39:51 ERROR /home/bsc03/bsc03353/forge/src/dispatcher/posix.c:61 140180363826944: r->filehandle = 36, r->size = 32768, r->offset = 117388607488
15:39:51 ERROR /home/bsc03/bsc03353/forge/src/dispatcher/posix.c:62 140180363826944: single write -1 of expected 32768
15:39:55 ERROR /home/bsc03/bsc03353/forge/src/dispatcher/posix.c:61 139767903958784: r->filehandle = 36, r->size = 32768, r->offset = 45810188288
15:39:55 ERROR /home/bsc03/bsc03353/forge/src/dispatcher/posix.c:62 139767903958784: single write -1 of expected 32768
15:39:57 ERROR /home/bsc03/bsc03353/forge/src/dispatcher/posix.c:61 140073045423872: r->filehandle = 36, r->size = 32768, r->offset = 79809937408
15:39:57 ERROR /home/bsc03/bsc03353/forge/src/dispatcher/posix.c:62 140073045423872: single write -1 of expected 32768
15:39:58 ERROR /home/bsc03/bsc03353/forge/src/dispatcher/posix.c:61 140049423058688: r->filehandle = 36, r->size = 32768, r->offset = 79452045312
15:39:58 ERROR /home/bsc03/bsc03353/forge/src/dispatcher/posix.c:62 140049423058688: single write -1 of expected 32768
15:39:59 ERROR /home/bsc03/bsc03353/forge/src/dispatcher/posix.c:61 140047275570944: r->filehandle = 36, r->size = 32768, r->offset = 91620376576
15:39:59 ERROR /home/bsc03/bsc03353/forge/src/dispatcher/posix.c:62 140047275570944: single write -1 of expected 32768
15:39:59 ERROR /home/bsc03/bsc03353/forge/src/dispatcher/posix.c:61 140430968067840: r->filehandle = 35, r->size = 32768, r->offset = 11810439168
15:39:59 ERROR /home/bsc03/bsc03353/forge/src/dispatcher/posix.c:62 140430968067840: single write -1 of expected 32768
15:40:01 ERROR /home/bsc03/bsc03353/forge/src/dispatcher/posix.c:61 139752871544576: r->filehandle = 36, r->size = 32768, r->offset = 39368130560
15:40:01 ERROR /home/bsc03/bsc03353/forge/src/dispatcher/posix.c:62 139752871544576: single write -1 of expected 32768
15:40:02 ERROR /home/bsc03/bsc03353/forge/src/dispatcher/posix.c:61 140156741461760: r->filehandle = 36, r->size = 32768, r->offset = 118104391680
15:40:02 ERROR /home/bsc03/bsc03353/forge/src/dispatcher/posix.c:62 140156741461760: single write -1 of expected 32768
15:40:03 ERROR /home/bsc03/bsc03353/forge/src/dispatcher/posix.c:61 140171773875968: r->filehandle = 36, r->size = 32768, r->offset = 119178067968
15:40:03 ERROR /home/bsc03/bsc03353/forge/src/dispatcher/posix.c:62 140171773875968: single write -1 of expected 32768
15:40:03 ERROR /home/bsc03/bsc03353/forge/src/dispatcher/posix.c:61 140154593974016: r->filehandle = 36, r->size = 32768, r->offset = 120609636352
15:40:03 ERROR /home/bsc03/bsc03353/forge/src/dispatcher/posix.c:62 140154593974016: single write -1 of expected 32768
15:40:04 ERROR /home/bsc03/bsc03353/forge/src/dispatcher/posix.c:61 140409493190400: r->filehandle = 35, r->size = 32768, r->offset = 13957791744
15:40:04 ERROR /home/bsc03/bsc03353/forge/src/dispatcher/posix.c:62 140409493190400: single write -1 of expected 32768
15:40:04 ERROR /home/bsc03/bsc03353/forge/src/dispatcher/posix.c:61 140064455472896: r->filehandle = 36, r->size = 32768, r->offset = 70504742912
15:40:04 ERROR /home/bsc03/bsc03353/forge/src/dispatcher/posix.c:62 140064455472896: single write -1 of expected 32768
15:40:10 ERROR /home/bsc03/bsc03353/forge/src/dispatcher/posix.c:61 139757166520064: r->filehandle = 36, r->size = 32768, r->offset = 58694303744
15:40:10 ERROR /home/bsc03/bsc03353/forge/src/dispatcher/posix.c:62 139757166520064: single write -1 of expected 32768
15:40:11 ERROR /home/bsc03/bsc03353/forge/src/dispatcher/posix.c:61 139752871544576: r->filehandle = 36, r->size = 32768, r->offset = 50104893440
15:40:11 ERROR /home/bsc03/bsc03353/forge/src/dispatcher/posix.c:62 139752871544576: single write -1 of expected 32768
15:40:15 ERROR /home/bsc03/bsc03353/forge/src/dispatcher/posix.c:61 139778641397504: r->filehandle = 36, r->size = 32768, r->offset = 38652346368
15:40:15 ERROR /home/bsc03/bsc03353/forge/src/dispatcher/posix.c:62 139778641397504: single write -1 of expected 32768
15:40:21 ERROR /home/bsc03/bsc03353/forge/src/dispatcher/posix.c:61 139772198934272: r->filehandle = 36, r->size = 32768, r->offset = 63346900992
15:40:21 ERROR /home/bsc03/bsc03353/forge/src/dispatcher/posix.c:62 139772198934272: single write -1 of expected 32768
15:40:23 ERROR /home/bsc03/bsc03353/forge/src/dispatcher/posix.c:61 140176068851456: r->filehandle = 36, r->size = 32768, r->offset = 113451794432
15:40:23 ERROR /home/bsc03/bsc03353/forge/src/dispatcher/posix.c:62 140176068851456: single write -1 of expected 32768
15:40:25 ERROR /home/bsc03/bsc03353/forge/src/dispatcher/posix.c:61 140077340399360: r->filehandle = 36, r->size = 32768, r->offset = 72294203392
15:40:25 ERROR /home/bsc03/bsc03353/forge/src/dispatcher/posix.c:62 140077340399360: single write -1 of expected 32768
15:40:25 ERROR /home/bsc03/bsc03353/forge/src/dispatcher/posix.c:61 140070897936128: r->filehandle = 36, r->size = 32768, r->offset = 102715031552
15:40:25 ERROR /home/bsc03/bsc03353/forge/src/dispatcher/posix.c:62 140070897936128: single write -1 of expected 32768
15:40:26 ERROR /home/bsc03/bsc03353/forge/src/dispatcher/posix.c:61 140049423058688: r->filehandle = 36, r->size = 32768, r->offset = 89473024000
15:40:26 ERROR /home/bsc03/bsc03353/forge/src/dispatcher/posix.c:62 140049423058688: single write -1 of expected 32768
15:40:27 ERROR /home/bsc03/bsc03353/forge/src/dispatcher/posix.c:61 140055865521920: r->filehandle = 36, r->size = 32768, r->offset = 93409837056
15:40:27 ERROR /home/bsc03/bsc03353/forge/src/dispatcher/posix.c:62 140055865521920: single write -1 of expected 32768
15:40:28 ERROR /home/bsc03/bsc03353/forge/src/dispatcher/posix.c:61 140418083141376: r->filehandle = 35, r->size = 32768, r->offset = 11094654976
15:40:28 ERROR /home/bsc03/bsc03353/forge/src/dispatcher/posix.c:62 140418083141376: single write -1 of expected 32768
15:40:30 ERROR /home/bsc03/bsc03353/forge/src/dispatcher/posix.c:61 139774346422016: r->filehandle = 36, r->size = 32768, r->offset = 48673325056
15:40:30 ERROR /home/bsc03/bsc03353/forge/src/dispatcher/posix.c:62 139774346422016: single write -1 of expected 32768
15:40:34 ERROR /home/bsc03/bsc03353/forge/src/dispatcher/posix.c:61 140171773875968: r->filehandle = 36, r->size = 32768, r->offset = 105220276224
15:40:34 ERROR /home/bsc03/bsc03353/forge/src/dispatcher/posix.c:62 140171773875968: single write -1 of expected 32768
15:40:36 ERROR /home/bsc03/bsc03353/forge/src/dispatcher/posix.c:61 140165331412736: r->filehandle = 36, r->size = 32768, r->offset = 116672823296
15:40:36 ERROR /home/bsc03/bsc03353/forge/src/dispatcher/posix.c:62 140165331412736: single write -1 of expected 32768
15:40:43 ERROR /home/bsc03/bsc03353/forge/src/dispatcher/posix.c:61 140167478900480: r->filehandle = 36, r->size = 32768, r->offset = 114883362816
15:40:43 ERROR /home/bsc03/bsc03353/forge/src/dispatcher/posix.c:62 140167478900480: single write -1 of expected 32768
15:40:50 ERROR /home/bsc03/bsc03353/forge/src/dispatcher/posix.c:61 140163183924992: r->filehandle = 36, r->size = 32768, r->offset = 105936060416
15:40:50 ERROR /home/bsc03/bsc03353/forge/src/dispatcher/posix.c:62 140163183924992: single write -1 of expected 32768
15:41:08 ERROR /home/bsc03/bsc03353/forge/src/dispatcher/posix.c:61 140156741461760: r->filehandle = 36, r->size = 32768, r->offset = 130988507136
15:41:08 ERROR /home/bsc03/bsc03353/forge/src/dispatcher/posix.c:62 140156741461760: single write -1 of expected 32768
15:41:10 ERROR /home/bsc03/bsc03353/forge/src/dispatcher/posix.c:61 140053718034176: r->filehandle = 36, r->size = 32768, r->offset = 94125621248
15:41:10 ERROR /home/bsc03/bsc03353/forge/src/dispatcher/posix.c:62 140053718034176: single write -1 of expected 32768
15:41:26 ERROR /home/bsc03/bsc03353/forge/src/dispatcher/posix.c:61 140077340399360: r->filehandle = 36, r->size = 32768, r->offset = 82673074176
15:41:26 ERROR /home/bsc03/bsc03353/forge/src/dispatcher/posix.c:62 140077340399360: single write -1 of expected 32768
15:41:39 ERROR /home/bsc03/bsc03353/forge/src/dispatcher/posix.c:61 140075192911616: r->filehandle = 36, r->size = 32768, r->offset = 78020476928
15:41:39 ERROR /home/bsc03/bsc03353/forge/src/dispatcher/posix.c:62 140075192911616: single write -1 of expected 32768
15:41:58 ERROR /home/bsc03/bsc03353/forge/src/dispatcher/posix.c:61 140045128083200: r->filehandle = 36, r->size = 32768, r->offset = 76231016448
15:41:58 ERROR /home/bsc03/bsc03353/forge/src/dispatcher/posix.c:62 140045128083200: single write -1 of expected 32768
15:42:07 ERROR /home/bsc03/bsc03353/forge/src/dispatcher/posix.c:61 140060160497408: r->filehandle = 36, r->size = 32768, r->offset = 86609887232
15:42:07 ERROR /home/bsc03/bsc03353/forge/src/dispatcher/posix.c:62 140060160497408: single write -1 of expected 32768
15:42:26 ERROR /home/bsc03/bsc03353/forge/src/dispatcher/posix.c:61 140405198214912: r->filehandle = 35, r->size = 32768, r->offset = 26126123008
15:42:26 ERROR /home/bsc03/bsc03353/forge/src/dispatcher/posix.c:62 140405198214912: single write -1 of expected 32768
15:42:31 ERROR /home/bsc03/bsc03353/forge/src/dispatcher/posix.c:61 139757166520064: r->filehandle = 36, r->size = 32768, r->offset = 57620627456
15:42:31 ERROR /home/bsc03/bsc03353/forge/src/dispatcher/posix.c:62 139757166520064: single write -1 of expected 32768
slurmstepd: error: *** JOB 8737240 ON s02r2b42 CANCELLED AT 2020-02-07T15:42:45 DUE TO TIME LIMIT ***
--------------------------------------------------------------------------
ORTE has lost communication with a remote daemon.

  HNP daemon   : [[12630,0],0] on node s02r2b42
  Remote daemon: [[12630,0],28] on node s16r1b40

This is usually due to either a failure of the TCP network
connection to the node, or possibly an internal failure of
the daemon itself. We cannot recover from this failure, and
therefore will terminate the job.
--------------------------------------------------------------------------
slurmstepd: error: proctrack_p_wait: Unable to destroy container 245474 in cgroup plugin, giving up after 128 sec
