Set GCC compilers as MPI wrappers backend 
remove impi/2017.4 (PATH, MANPATH, LD_LIBRARY_PATH) 
load openmpi/4.0.2_UCX (PATH, MANPATH, LD_LIBRARY_PATH) 
Set GCC compilers as MPI wrappers backend 
load gsl/2.4 (PATH, LD_LIBRARY_PATH, LIBRARY_PATH, MANPATH, INFOPATH,
C_INCLUDE_PATH, CPLUS_INCLUDE_PATH, PKG_CONFIG_PATH, GSL_DIR) 
15:20:59 INFO  /home/bsc03/bsc03353/forge/src/main.c:107 140602216392768: I/O Forwarding Exploration [START]
Will AGIOS generate trace files? NO
Default scheduling algorithm: TO
TWINS window size: 1000000
Will the Prediction Module read information from trace files? NO
File with access time functions: /home/bsc03/bsc03353/forge/agios/access_times.func
AGIOS thinks its user has stripe size of 32768
Will AGIOS generate trace files? NO
Default scheduling algorithm: TO
TWINS window size: 1000000
Will the Prediction Module read information from trace files? NO
File with access time functions: /home/bsc03/bsc03353/forge/agios/access_times.func
AGIOS thinks its user has stripe size of 32768
Will AGIOS generate trace files? NO
Default scheduling algorithm: TO
TWINS window size: 1000000
Will the Prediction Module read information from trace files? NO
File with access time functions: /home/bsc03/bsc03353/forge/agios/access_times.func
AGIOS thinks its user has stripe size of 32768
Will AGIOS generate trace files? NO
Default scheduling algorithm: TO
TWINS window size: 1000000
Will the Prediction Module read information from trace files? NO
File with access time functions: /home/bsc03/bsc03353/forge/agios/access_times.func
AGIOS thinks its user has stripe size of 32768
15:25:31 ERROR /home/bsc03/bsc03353/forge/src/dispatcher/posix.c:61 140595090892544: r->filehandle = 66, r->size = 6291456, r->offset = 0
15:25:31 ERROR /home/bsc03/bsc03353/forge/src/dispatcher/posix.c:62 140595090892544: single write -1 of expected 6291456
15:25:31 ERROR /home/bsc03/bsc03353/forge/src/dispatcher/posix.c:61 140573616015104: r->filehandle = 80, r->size = 6291456, r->offset = 0
15:25:31 ERROR /home/bsc03/bsc03353/forge/src/dispatcher/posix.c:62 140573616015104: single write -1 of expected 6291456
15:25:32 ERROR /home/bsc03/bsc03353/forge/src/dispatcher/posix.c:61 140341011519232: r->filehandle = 67, r->size = 6291456, r->offset = 0
15:25:32 ERROR /home/bsc03/bsc03353/forge/src/dispatcher/posix.c:62 140341011519232: single write -1 of expected 6291456
15:25:32 ERROR /home/bsc03/bsc03353/forge/src/dispatcher/posix.c:61 139747584837376: r->filehandle = 53, r->size = 6291456, r->offset = 0
15:25:32 ERROR /home/bsc03/bsc03353/forge/src/dispatcher/posix.c:62 139747584837376: single write -1 of expected 6291456
15:25:33 ERROR /home/bsc03/bsc03353/forge/src/dispatcher/posix.c:61 139758322276096: r->filehandle = 49, r->size = 6291456, r->offset = 0
15:25:33 ERROR /home/bsc03/bsc03353/forge/src/dispatcher/posix.c:62 139758322276096: single write -1 of expected 6291456
15:25:34 ERROR /home/bsc03/bsc03353/forge/src/dispatcher/posix.c:61 140580058478336: r->filehandle = 37, r->size = 6291456, r->offset = 0
15:25:34 ERROR /home/bsc03/bsc03353/forge/src/dispatcher/posix.c:62 140580058478336: single write -1 of expected 6291456
15:25:34 ERROR /home/bsc03/bsc03353/forge/src/dispatcher/posix.c:61 139743289861888: r->filehandle = 80, r->size = 6291456, r->offset = 0
15:25:34 ERROR /home/bsc03/bsc03353/forge/src/dispatcher/posix.c:62 139743289861888: single write -1 of expected 6291456
15:25:35 ERROR /home/bsc03/bsc03353/forge/src/dispatcher/posix.c:61 140584353453824: r->filehandle = 48, r->size = 6291456, r->offset = 0
15:25:35 ERROR /home/bsc03/bsc03353/forge/src/dispatcher/posix.c:62 140584353453824: single write -1 of expected 6291456
15:25:35 ERROR /home/bsc03/bsc03353/forge/src/dispatcher/posix.c:61 140565026064128: r->filehandle = 55, r->size = 6291456, r->offset = 0
15:25:35 ERROR /home/bsc03/bsc03353/forge/src/dispatcher/posix.c:62 140565026064128: single write -1 of expected 6291456
15:25:35 ERROR /home/bsc03/bsc03353/forge/src/dispatcher/posix.c:61 140358191421184: r->filehandle = 39, r->size = 6291456, r->offset = 0
15:25:35 ERROR /home/bsc03/bsc03353/forge/src/dispatcher/posix.c:62 140358191421184: single write -1 of expected 6291456
15:25:35 ERROR /home/bsc03/bsc03353/forge/src/dispatcher/posix.c:61 140398991243008: r->filehandle = 76, r->size = 6291456, r->offset = 0
15:25:35 ERROR /home/bsc03/bsc03353/forge/src/dispatcher/posix.c:62 140398991243008: single write -1 of expected 6291456
15:25:36 ERROR /home/bsc03/bsc03353/forge/src/dispatcher/posix.c:61 140343159006976: r->filehandle = 76, r->size = 6291456, r->offset = 0
15:25:36 ERROR /home/bsc03/bsc03353/forge/src/dispatcher/posix.c:62 140343159006976: single write -1 of expected 6291456
15:25:37 ERROR /home/bsc03/bsc03353/forge/src/dispatcher/posix.c:61 140358191421184: r->filehandle = 63, r->size = 6291456, r->offset = 0
15:25:37 ERROR /home/bsc03/bsc03353/forge/src/dispatcher/posix.c:62 140358191421184: single write -1 of expected 6291456
15:25:39 ERROR /home/bsc03/bsc03353/forge/src/dispatcher/posix.c:61 140336716543744: r->filehandle = 53, r->size = 6291456, r->offset = 0
15:25:39 ERROR /home/bsc03/bsc03353/forge/src/dispatcher/posix.c:62 140336716543744: single write -1 of expected 6291456
15:25:39 ERROR /home/bsc03/bsc03353/forge/src/dispatcher/posix.c:61 139754027300608: r->filehandle = 48, r->size = 6291456, r->offset = 0
15:25:39 ERROR /home/bsc03/bsc03353/forge/src/dispatcher/posix.c:62 139754027300608: single write -1 of expected 6291456
15:25:39 ERROR /home/bsc03/bsc03353/forge/src/dispatcher/posix.c:61 140375368877824: r->filehandle = 52, r->size = 6291456, r->offset = 0
15:25:39 ERROR /home/bsc03/bsc03353/forge/src/dispatcher/posix.c:62 140375368877824: single write -1 of expected 6291456
15:25:41 ERROR /home/bsc03/bsc03353/forge/src/dispatcher/posix.c:61 140567173551872: r->filehandle = 76, r->size = 6291456, r->offset = 0
15:25:41 ERROR /home/bsc03/bsc03353/forge/src/dispatcher/posix.c:62 140567173551872: single write -1 of expected 6291456
15:25:41 ERROR /home/bsc03/bsc03353/forge/src/dispatcher/posix.c:61 140571468527360: r->filehandle = 74, r->size = 6291456, r->offset = 0
15:25:41 ERROR /home/bsc03/bsc03353/forge/src/dispatcher/posix.c:62 140571468527360: single write -1 of expected 6291456
15:25:43 ERROR /home/bsc03/bsc03353/forge/src/dispatcher/posix.c:61 140381811341056: r->filehandle = 58, r->size = 6291456, r->offset = 0
15:25:43 ERROR /home/bsc03/bsc03353/forge/src/dispatcher/posix.c:62 140381811341056: single write -1 of expected 6291456
15:25:43 ERROR /home/bsc03/bsc03353/forge/src/dispatcher/posix.c:61 140383958828800: r->filehandle = 83, r->size = 6291456, r->offset = 0
15:25:43 ERROR /home/bsc03/bsc03353/forge/src/dispatcher/posix.c:62 140383958828800: single write -1 of expected 6291456
slurmstepd: error: *** JOB 8737412 ON s04r2b46 CANCELLED AT 2020-02-07T15:25:44 DUE TO TIME LIMIT ***
--------------------------------------------------------------------------
ORTE has lost communication with a remote daemon.

  HNP daemon   : [[8956,0],0] on node s04r2b46
  Remote daemon: [[8956,0],3] on node s05r2b72

This is usually due to either a failure of the TCP network
connection to the node, or possibly an internal failure of
the daemon itself. We cannot recover from this failure, and
therefore will terminate the job.
--------------------------------------------------------------------------
