Set GCC compilers as MPI wrappers backend 
remove openmpi/4.0.2_UCX (PATH, MANPATH, LD_LIBRARY_PATH) 
load openmpi/4.0.2_UCX (PATH, MANPATH, LD_LIBRARY_PATH) 
Set GCC compilers as MPI wrappers backend 
load gsl/2.4 (PATH, LD_LIBRARY_PATH, LIBRARY_PATH, MANPATH, INFOPATH,
C_INCLUDE_PATH, CPLUS_INCLUDE_PATH, PKG_CONFIG_PATH, GSL_DIR) 
23:34:46 INFO  /home/bsc03/bsc03353/forge/src/main.c:107 140143524005952: I/O Forwarding Exploration [START]
Will AGIOS generate trace files? NO
Default scheduling algorithm: TO
TWINS window size: 1000000
Will the Prediction Module read information from trace files? NO
File with access time functions: /home/bsc03/bsc03353/forge/agios/access_times.func
AGIOS thinks its user has stripe size of 32768
Will AGIOS generate trace files? NO
Default scheduling algorithm: TO
TWINS window size: 1000000
Will the Prediction Module read information from trace files? NO
File with access time functions: /home/bsc03/bsc03353/forge/agios/access_times.func
AGIOS thinks its user has stripe size of 32768
Will AGIOS generate trace files? NO
Default scheduling algorithm: TO
TWINS window size: 1000000
Will the Prediction Module read information from trace files? NO
File with access time functions: /home/bsc03/bsc03353/forge/agios/access_times.func
AGIOS thinks its user has stripe size of 32768
Will AGIOS generate trace files? NO
Default scheduling algorithm: TO
TWINS window size: 1000000
Will the Prediction Module read information from trace files? NO
File with access time functions: /home/bsc03/bsc03353/forge/agios/access_times.func
AGIOS thinks its user has stripe size of 32768
Will AGIOS generate trace files? NO
Default scheduling algorithm: TO
TWINS window size: 1000000
Will the Prediction Module read information from trace files? NO
File with access time functions: /home/bsc03/bsc03353/forge/agios/access_times.func
AGIOS thinks its user has stripe size of 32768
Will AGIOS generate trace files? NO
Default scheduling algorithm: TO
TWINS window size: 1000000
Will the Prediction Module read information from trace files? NO
File with access time functions: /home/bsc03/bsc03353/forge/agios/access_times.func
AGIOS thinks its user has stripe size of 32768
Will AGIOS generate trace files? NO
Default scheduling algorithm: TO
TWINS window size: 1000000
Will the Prediction Module read information from trace files? NO
File with access time functions: /home/bsc03/bsc03353/forge/agios/access_times.func
AGIOS thinks its user has stripe size of 32768
Will AGIOS generate trace files? NO
Default scheduling algorithm: TO
TWINS window size: 1000000
Will the Prediction Module read information from trace files? NO
File with access time functions: /home/bsc03/bsc03353/forge/agios/access_times.func
AGIOS thinks its user has stripe size of 32768
23:34:49 ERROR /home/bsc03/bsc03353/forge/src/dispatcher/posix.c:61 140443401488128: r->filehandle = 36, r->size = 131072, r->offset = 37220777984
23:34:49 ERROR /home/bsc03/bsc03353/forge/src/dispatcher/posix.c:62 140443401488128: single write -1 of expected 131072
23:34:50 ERROR /home/bsc03/bsc03353/forge/src/dispatcher/posix.c:61 140445548975872: r->filehandle = 36, r->size = 131072, r->offset = 40083914752
23:34:50 ERROR /home/bsc03/bsc03353/forge/src/dispatcher/posix.c:62 140445548975872: single write -1 of expected 131072
23:34:51 ERROR /home/bsc03/bsc03353/forge/src/dispatcher/posix.c:61 140456286414592: r->filehandle = 36, r->size = 131072, r->offset = 47241756672
23:34:51 ERROR /home/bsc03/bsc03353/forge/src/dispatcher/posix.c:62 140456286414592: single write -1 of expected 131072
23:34:52 ERROR /home/bsc03/bsc03353/forge/src/dispatcher/posix.c:61 140114923747072: r->filehandle = 35, r->size = 131072, r->offset = 8589410304
23:34:52 ERROR /home/bsc03/bsc03353/forge/src/dispatcher/posix.c:62 140114923747072: single write -1 of expected 131072
23:34:53 ERROR /home/bsc03/bsc03353/forge/src/dispatcher/posix.c:61 140475613804288: r->filehandle = 36, r->size = 131072, r->offset = 50104893440
23:34:53 ERROR /home/bsc03/bsc03353/forge/src/dispatcher/posix.c:62 140475613804288: single write -1 of expected 131072
23:34:54 ERROR /home/bsc03/bsc03353/forge/src/dispatcher/posix.c:61 139835232941824: r->filehandle = 36, r->size = 131072, r->offset = 121683312640
23:34:54 ERROR /home/bsc03/bsc03353/forge/src/dispatcher/posix.c:62 139835232941824: single write -1 of expected 131072
23:34:55 ERROR /home/bsc03/bsc03353/forge/src/dispatcher/posix.c:61 139765319341824: r->filehandle = 36, r->size = 131072, r->offset = 105936060416
23:34:55 ERROR /home/bsc03/bsc03353/forge/src/dispatcher/posix.c:62 139765319341824: single write -1 of expected 131072
23:34:55 ERROR /home/bsc03/bsc03353/forge/src/dispatcher/posix.c:61 140407557961472: r->filehandle = 36, r->size = 131072, r->offset = 57262735360
23:34:55 ERROR /home/bsc03/bsc03353/forge/src/dispatcher/posix.c:62 140407557961472: single write -1 of expected 131072
23:34:56 ERROR /home/bsc03/bsc03353/forge/src/dispatcher/posix.c:61 139849990772480: r->filehandle = 36, r->size = 131072, r->offset = 83030966272
23:34:56 ERROR /home/bsc03/bsc03353/forge/src/dispatcher/posix.c:62 139849990772480: single write -1 of expected 131072
23:34:57 ERROR /home/bsc03/bsc03353/forge/src/dispatcher/posix.c:61 139951199565568: r->filehandle = 36, r->size = 131072, r->offset = 18610388992
23:34:57 ERROR /home/bsc03/bsc03353/forge/src/dispatcher/posix.c:62 139951199565568: single write -1 of expected 131072
23:34:58 ERROR /home/bsc03/bsc03353/forge/src/dispatcher/posix.c:61 140262260303616: r->filehandle = 36, r->size = 131072, r->offset = 97346650112
23:34:58 ERROR /home/bsc03/bsc03353/forge/src/dispatcher/posix.c:62 140262260303616: single write -1 of expected 131072
23:34:58 ERROR /home/bsc03/bsc03353/forge/src/dispatcher/posix.c:61 139793236682496: r->filehandle = 36, r->size = 131072, r->offset = 103072923648
23:34:58 ERROR /home/bsc03/bsc03353/forge/src/dispatcher/posix.c:62 139793236682496: single write -1 of expected 131072
23:34:59 ERROR /home/bsc03/bsc03353/forge/src/dispatcher/posix.c:61 139845695796992: r->filehandle = 36, r->size = 131072, r->offset = 77304692736
23:34:59 ERROR /home/bsc03/bsc03353/forge/src/dispatcher/posix.c:62 139845695796992: single write -1 of expected 131072
23:35:00 ERROR /home/bsc03/bsc03353/forge/src/dispatcher/posix.c:61 140110628771584: r->filehandle = 35, r->size = 131072, r->offset = 10020978688
23:35:00 ERROR /home/bsc03/bsc03353/forge/src/dispatcher/posix.c:61 139940462126848: r->filehandle = 36, r->size = 131072, r->offset = 21473525760
23:35:00 ERROR /home/bsc03/bsc03353/forge/src/dispatcher/posix.c:62 140110628771584: single write -1 of expected 131072
23:35:00 ERROR /home/bsc03/bsc03353/forge/src/dispatcher/posix.c:62 139940462126848: single write -1 of expected 131072
23:35:00 ERROR /home/bsc03/bsc03353/forge/src/dispatcher/posix.c:61 140257965328128: r->filehandle = 36, r->size = 131072, r->offset = 98778218496
23:35:00 ERROR /home/bsc03/bsc03353/forge/src/dispatcher/posix.c:62 140257965328128: single write -1 of expected 131072
23:35:01 ERROR /home/bsc03/bsc03353/forge/src/dispatcher/posix.c:61 139820200527616: r->filehandle = 36, r->size = 131072, r->offset = 127409586176
23:35:01 ERROR /home/bsc03/bsc03353/forge/src/dispatcher/posix.c:62 139820200527616: single write -1 of expected 131072
23:35:01 ERROR /home/bsc03/bsc03353/forge/src/dispatcher/posix.c:61 140449843951360: r->filehandle = 36, r->size = 131072, r->offset = 34357641216
23:35:01 ERROR /home/bsc03/bsc03353/forge/src/dispatcher/posix.c:62 140449843951360: single write -1 of expected 131072
23:35:01 ERROR /home/bsc03/bsc03353/forge/src/dispatcher/posix.c:61 140418295400192: r->filehandle = 36, r->size = 131072, r->offset = 58694303744
23:35:01 ERROR /home/bsc03/bsc03353/forge/src/dispatcher/posix.c:62 140418295400192: single write -1 of expected 131072
23:35:03 ERROR /home/bsc03/bsc03353/forge/src/dispatcher/posix.c:61 139795384170240: r->filehandle = 36, r->size = 131072, r->offset = 107367628800
23:35:03 ERROR /home/bsc03/bsc03353/forge/src/dispatcher/posix.c:62 139795384170240: single write -1 of expected 131072
23:35:06 ERROR /home/bsc03/bsc03353/forge/src/dispatcher/posix.c:61 139780351756032: r->filehandle = 36, r->size = 131072, r->offset = 113093902336
23:35:06 ERROR /home/bsc03/bsc03353/forge/src/dispatcher/posix.c:62 139780351756032: single write -1 of expected 131072
23:35:08 ERROR /home/bsc03/bsc03353/forge/src/dispatcher/posix.c:61 139791089194752: r->filehandle = 36, r->size = 131072, r->offset = 115957039104
23:35:08 ERROR /home/bsc03/bsc03353/forge/src/dispatcher/posix.c:62 139791089194752: single write -1 of expected 131072
23:35:10 ERROR /home/bsc03/bsc03353/forge/src/dispatcher/posix.c:61 139782499243776: r->filehandle = 36, r->size = 131072, r->offset = 104504492032
23:35:10 ERROR /home/bsc03/bsc03353/forge/src/dispatcher/posix.c:62 139782499243776: single write -1 of expected 131072
23:35:16 ERROR /home/bsc03/bsc03353/forge/src/dispatcher/posix.c:61 139786794219264: r->filehandle = 36, r->size = 131072, r->offset = 117388607488
23:35:16 ERROR /home/bsc03/bsc03353/forge/src/dispatcher/posix.c:62 139786794219264: single write -1 of expected 131072
23:35:17 ERROR /home/bsc03/bsc03353/forge/src/dispatcher/posix.c:61 139797531657984: r->filehandle = 36, r->size = 131072, r->offset = 111662333952
23:35:17 ERROR /home/bsc03/bsc03353/forge/src/dispatcher/posix.c:62 139797531657984: single write -1 of expected 131072
23:35:20 ERROR /home/bsc03/bsc03353/forge/src/dispatcher/posix.c:61 139788941707008: r->filehandle = 36, r->size = 131072, r->offset = 118820175872
23:35:20 ERROR /home/bsc03/bsc03353/forge/src/dispatcher/posix.c:62 139788941707008: single write -1 of expected 131072
23:35:21 ERROR /home/bsc03/bsc03353/forge/src/dispatcher/posix.c:61 139776056780544: r->filehandle = 36, r->size = 131072, r->offset = 110230765568
23:35:21 ERROR /home/bsc03/bsc03353/forge/src/dispatcher/posix.c:62 139776056780544: single write -1 of expected 131072
23:35:23 ERROR /home/bsc03/bsc03353/forge/src/dispatcher/posix.c:61 140121366210304: r->filehandle = 35, r->size = 131072, r->offset = 11452547072
23:35:23 ERROR /home/bsc03/bsc03353/forge/src/dispatcher/posix.c:61 139865023186688: r->filehandle = 36, r->size = 131072, r->offset = 71578419200
23:35:23 ERROR /home/bsc03/bsc03353/forge/src/dispatcher/posix.c:62 140121366210304: single write -1 of expected 131072
23:35:23 ERROR /home/bsc03/bsc03353/forge/src/dispatcher/posix.c:62 139865023186688: single write -1 of expected 131072
23:35:24 ERROR /home/bsc03/bsc03353/forge/src/dispatcher/posix.c:61 140281587693312: r->filehandle = 36, r->size = 131072, r->offset = 90188808192
23:35:24 ERROR /home/bsc03/bsc03353/forge/src/dispatcher/posix.c:62 140281587693312: single write -1 of expected 131072
23:35:24 ERROR /home/bsc03/bsc03353/forge/src/dispatcher/posix.c:61 139811610576640: r->filehandle = 36, r->size = 131072, r->offset = 124546449408
23:35:24 ERROR /home/bsc03/bsc03353/forge/src/dispatcher/posix.c:62 139811610576640: single write -1 of expected 131072
23:35:27 ERROR /home/bsc03/bsc03353/forge/src/dispatcher/posix.c:61 140429032838912: r->filehandle = 36, r->size = 131072, r->offset = 65852145664
23:35:27 ERROR /home/bsc03/bsc03353/forge/src/dispatcher/posix.c:62 140429032838912: single write -1 of expected 131072
23:35:29 ERROR /home/bsc03/bsc03353/forge/src/dispatcher/posix.c:61 140416147912448: r->filehandle = 36, r->size = 131072, r->offset = 52968030208
23:35:29 ERROR /home/bsc03/bsc03353/forge/src/dispatcher/posix.c:62 140416147912448: single write -1 of expected 131072
23:35:30 ERROR /home/bsc03/bsc03353/forge/src/dispatcher/posix.c:61 140405410473728: r->filehandle = 36, r->size = 131072, r->offset = 51536461824
23:35:30 ERROR /home/bsc03/bsc03353/forge/src/dispatcher/posix.c:62 140405410473728: single write -1 of expected 131072
23:35:31 ERROR /home/bsc03/bsc03353/forge/src/dispatcher/posix.c:61 139771761805056: r->filehandle = 36, r->size = 131072, r->offset = 114525470720
23:35:31 ERROR /home/bsc03/bsc03353/forge/src/dispatcher/posix.c:62 139771761805056: single write -1 of expected 131072
23:35:31 ERROR /home/bsc03/bsc03353/forge/src/dispatcher/posix.c:61 139765319341824: r->filehandle = 36, r->size = 131072, r->offset = 108799197184
23:35:31 ERROR /home/bsc03/bsc03353/forge/src/dispatcher/posix.c:62 139765319341824: single write -1 of expected 131072
23:35:35 ERROR /home/bsc03/bsc03353/forge/src/dispatcher/posix.c:61 139791089194752: r->filehandle = 36, r->size = 131072, r->offset = 104504623104
23:35:35 ERROR /home/bsc03/bsc03353/forge/src/dispatcher/posix.c:62 139791089194752: single write -1 of expected 131072
23:35:36 ERROR /home/bsc03/bsc03353/forge/src/dispatcher/posix.c:61 139767466829568: r->filehandle = 36, r->size = 131072, r->offset = 113094033408
23:35:36 ERROR /home/bsc03/bsc03353/forge/src/dispatcher/posix.c:62 139767466829568: single write -1 of expected 131072
23:35:37 ERROR /home/bsc03/bsc03353/forge/src/dispatcher/posix.c:61 139797531657984: r->filehandle = 36, r->size = 131072, r->offset = 118820306944
23:35:37 ERROR /home/bsc03/bsc03353/forge/src/dispatcher/posix.c:62 139797531657984: single write -1 of expected 131072
23:35:38 ERROR /home/bsc03/bsc03353/forge/src/dispatcher/posix.c:61 139780351756032: r->filehandle = 36, r->size = 131072, r->offset = 115957170176
23:35:38 ERROR /home/bsc03/bsc03353/forge/src/dispatcher/posix.c:62 139780351756032: single write -1 of expected 131072
23:35:39 ERROR /home/bsc03/bsc03353/forge/src/dispatcher/posix.c:61 139778204268288: r->filehandle = 36, r->size = 131072, r->offset = 117388738560
23:35:39 ERROR /home/bsc03/bsc03353/forge/src/dispatcher/posix.c:62 139778204268288: single write -1 of expected 131072
23:35:39 ERROR /home/bsc03/bsc03353/forge/src/dispatcher/posix.c:61 139786794219264: r->filehandle = 36, r->size = 131072, r->offset = 110230896640
23:35:39 ERROR /home/bsc03/bsc03353/forge/src/dispatcher/posix.c:62 139786794219264: single write -1 of expected 131072
23:35:40 ERROR /home/bsc03/bsc03353/forge/src/dispatcher/posix.c:61 139793236682496: r->filehandle = 36, r->size = 131072, r->offset = 107367759872
23:35:40 ERROR /home/bsc03/bsc03353/forge/src/dispatcher/posix.c:62 139793236682496: single write -1 of expected 131072
23:35:41 ERROR /home/bsc03/bsc03353/forge/src/dispatcher/posix.c:61 139795384170240: r->filehandle = 36, r->size = 131072, r->offset = 111662465024
23:35:41 ERROR /home/bsc03/bsc03353/forge/src/dispatcher/posix.c:62 139795384170240: single write -1 of expected 131072
23:35:42 ERROR /home/bsc03/bsc03353/forge/src/dispatcher/posix.c:61 139769614317312: r->filehandle = 36, r->size = 131072, r->offset = 103073054720
23:35:42 ERROR /home/bsc03/bsc03353/forge/src/dispatcher/posix.c:62 139769614317312: single write -1 of expected 131072
23:35:42 ERROR /home/bsc03/bsc03353/forge/src/dispatcher/posix.c:61 139824495503104: r->filehandle = 36, r->size = 131072, r->offset = 125978017792
23:35:42 ERROR /home/bsc03/bsc03353/forge/src/dispatcher/posix.c:62 139824495503104: single write -1 of expected 131072
23:35:43 ERROR /home/bsc03/bsc03353/forge/src/dispatcher/posix.c:61 140266555279104: r->filehandle = 36, r->size = 131072, r->offset = 94483513344
23:35:43 ERROR /home/bsc03/bsc03353/forge/src/dispatcher/posix.c:62 140266555279104: single write -1 of expected 131072
23:35:44 ERROR /home/bsc03/bsc03353/forge/src/dispatcher/posix.c:61 139949052077824: r->filehandle = 36, r->size = 131072, r->offset = 25768230912
23:35:44 ERROR /home/bsc03/bsc03353/forge/src/dispatcher/posix.c:62 139949052077824: single write -1 of expected 131072
23:35:45 ERROR /home/bsc03/bsc03353/forge/src/dispatcher/posix.c:61 140445548975872: r->filehandle = 36, r->size = 131072, r->offset = 50105024512
23:35:45 ERROR /home/bsc03/bsc03353/forge/src/dispatcher/posix.c:62 140445548975872: single write -1 of expected 131072
23:35:45 ERROR /home/bsc03/bsc03353/forge/src/dispatcher/posix.c:61 139875760625408: r->filehandle = 36, r->size = 131072, r->offset = 73009987584
23:35:45 ERROR /home/bsc03/bsc03353/forge/src/dispatcher/posix.c:62 139875760625408: single write -1 of expected 131072
23:35:51 ERROR /home/bsc03/bsc03353/forge/src/dispatcher/posix.c:61 140264407791360: r->filehandle = 36, r->size = 131072, r->offset = 87325671424
23:35:51 ERROR /home/bsc03/bsc03353/forge/src/dispatcher/posix.c:62 140264407791360: single write -1 of expected 131072
23:35:55 ERROR /home/bsc03/bsc03353/forge/src/dispatcher/posix.c:61 140277292717824: r->filehandle = 36, r->size = 131072, r->offset = 100209786880
23:35:55 ERROR /home/bsc03/bsc03353/forge/src/dispatcher/posix.c:62 140277292717824: single write -1 of expected 131072
23:35:57 ERROR /home/bsc03/bsc03353/forge/src/dispatcher/posix.c:61 140270850254592: r->filehandle = 36, r->size = 131072, r->offset = 88757239808
23:35:57 ERROR /home/bsc03/bsc03353/forge/src/dispatcher/posix.c:62 140270850254592: single write -1 of expected 131072
23:35:59 ERROR /home/bsc03/bsc03353/forge/src/dispatcher/posix.c:61 140435475302144: r->filehandle = 36, r->size = 131072, r->offset = 55831166976
23:35:59 ERROR /home/bsc03/bsc03353/forge/src/dispatcher/posix.c:62 140435475302144: single write -1 of expected 131072
23:35:59 ERROR /home/bsc03/bsc03353/forge/src/dispatcher/posix.c:61 140123513698048: r->filehandle = 35, r->size = 131072, r->offset = 2863136768
23:35:59 ERROR /home/bsc03/bsc03353/forge/src/dispatcher/posix.c:62 140123513698048: single write -1 of expected 131072
23:36:00 ERROR /home/bsc03/bsc03353/forge/src/dispatcher/posix.c:61 140125661185792: r->filehandle = 35, r->size = 131072, r->offset = 8589541376
23:36:00 ERROR /home/bsc03/bsc03353/forge/src/dispatcher/posix.c:62 140125661185792: single write -1 of expected 131072
23:36:03 ERROR /home/bsc03/bsc03353/forge/src/dispatcher/posix.c:61 140132103649024: r->filehandle = 35, r->size = 131072, r->offset = 0
23:36:03 ERROR /home/bsc03/bsc03353/forge/src/dispatcher/posix.c:62 140132103649024: single write -1 of expected 131072
23:36:04 ERROR /home/bsc03/bsc03353/forge/src/dispatcher/posix.c:61 140119218722560: r->filehandle = 35, r->size = 131072, r->offset = 4294705152
23:36:04 ERROR /home/bsc03/bsc03353/forge/src/dispatcher/posix.c:62 140119218722560: single write -1 of expected 131072
23:36:06 ERROR /home/bsc03/bsc03353/forge/src/dispatcher/posix.c:61 140136398624512: r->filehandle = 35, r->size = 131072, r->offset = 15747252224
23:36:06 ERROR /home/bsc03/bsc03353/forge/src/dispatcher/posix.c:62 140136398624512: single write -1 of expected 131072
23:36:08 ERROR /home/bsc03/bsc03353/forge/src/dispatcher/posix.c:61 140134251136768: r->filehandle = 35, r->size = 131072, r->offset = 14315683840
23:36:08 ERROR /home/bsc03/bsc03353/forge/src/dispatcher/posix.c:62 140134251136768: single write -1 of expected 131072
23:36:09 ERROR /home/bsc03/bsc03353/forge/src/dispatcher/posix.c:61 139966231979776: r->filehandle = 36, r->size = 131072, r->offset = 17178820608
23:36:09 ERROR /home/bsc03/bsc03353/forge/src/dispatcher/posix.c:62 139966231979776: single write -1 of expected 131072
23:36:10 ERROR /home/bsc03/bsc03353/forge/src/dispatcher/posix.c:61 139946904590080: r->filehandle = 36, r->size = 131072, r->offset = 31494504448
23:36:10 ERROR /home/bsc03/bsc03353/forge/src/dispatcher/posix.c:62 139946904590080: single write -1 of expected 131072
23:36:11 ERROR /home/bsc03/bsc03353/forge/src/dispatcher/posix.c:61 139964084492032: r->filehandle = 36, r->size = 131072, r->offset = 32926072832
23:36:11 ERROR /home/bsc03/bsc03353/forge/src/dispatcher/posix.c:62 139964084492032: single write -1 of expected 131072
23:36:12 ERROR /home/bsc03/bsc03353/forge/src/dispatcher/posix.c:61 139959789516544: r->filehandle = 36, r->size = 131072, r->offset = 18610520064
23:36:12 ERROR /home/bsc03/bsc03353/forge/src/dispatcher/posix.c:62 139959789516544: single write -1 of expected 131072
23:36:14 ERROR /home/bsc03/bsc03353/forge/src/dispatcher/posix.c:61 139961937004288: r->filehandle = 36, r->size = 131072, r->offset = 22905094144
23:36:14 ERROR /home/bsc03/bsc03353/forge/src/dispatcher/posix.c:62 139961937004288: single write -1 of expected 131072
23:36:15 ERROR /home/bsc03/bsc03353/forge/src/dispatcher/posix.c:61 139791089194752: r->filehandle = 36, r->size = 131072, r->offset = 117388869632
23:36:15 ERROR /home/bsc03/bsc03353/forge/src/dispatcher/posix.c:62 139791089194752: single write -1 of expected 131072
23:36:15 ERROR /home/bsc03/bsc03353/forge/src/dispatcher/posix.c:61 139788941707008: r->filehandle = 36, r->size = 131072, r->offset = 115957301248
23:36:15 ERROR /home/bsc03/bsc03353/forge/src/dispatcher/posix.c:62 139788941707008: single write -1 of expected 131072
23:36:16 ERROR /home/bsc03/bsc03353/forge/src/dispatcher/posix.c:61 139776056780544: r->filehandle = 36, r->size = 131072, r->offset = 114525601792
23:36:16 ERROR /home/bsc03/bsc03353/forge/src/dispatcher/posix.c:62 139776056780544: single write -1 of expected 131072
23:36:16 ERROR /home/bsc03/bsc03353/forge/src/dispatcher/posix.c:61 139771761805056: r->filehandle = 36, r->size = 131072, r->offset = 105936191488
23:36:16 ERROR /home/bsc03/bsc03353/forge/src/dispatcher/posix.c:62 139771761805056: single write -1 of expected 131072
23:36:17 ERROR /home/bsc03/bsc03353/forge/src/dispatcher/posix.c:61 139807315601152: r->filehandle = 36, r->size = 131072, r->offset = 121683443712
23:36:17 ERROR /home/bsc03/bsc03353/forge/src/dispatcher/posix.c:62 139807315601152: single write -1 of expected 131072
23:36:17 ERROR /home/bsc03/bsc03353/forge/src/dispatcher/posix.c:61 139826642990848: r->filehandle = 36, r->size = 131072, r->offset = 120251744256
23:36:17 ERROR /home/bsc03/bsc03353/forge/src/dispatcher/posix.c:62 139826642990848: single write -1 of expected 131072
23:36:18 ERROR /home/bsc03/bsc03353/forge/src/dispatcher/posix.c:61 139852138260224: r->filehandle = 36, r->size = 131072, r->offset = 74441555968
23:36:18 ERROR /home/bsc03/bsc03353/forge/src/dispatcher/posix.c:62 139852138260224: single write -1 of expected 131072
23:36:18 ERROR /home/bsc03/bsc03353/forge/src/dispatcher/posix.c:61 140275145230080: r->filehandle = 36, r->size = 131072, r->offset = 85894103040
23:36:18 ERROR /home/bsc03/bsc03353/forge/src/dispatcher/posix.c:62 140275145230080: single write -1 of expected 131072
23:36:19 ERROR /home/bsc03/bsc03353/forge/src/dispatcher/posix.c:61 140257965328128: r->filehandle = 36, r->size = 131072, r->offset = 91620376576
23:36:19 ERROR /home/bsc03/bsc03353/forge/src/dispatcher/posix.c:62 140257965328128: single write -1 of expected 131072
23:36:19 ERROR /home/bsc03/bsc03353/forge/src/dispatcher/posix.c:61 140281587693312: r->filehandle = 36, r->size = 131072, r->offset = 95915081728
23:36:19 ERROR /home/bsc03/bsc03353/forge/src/dispatcher/posix.c:62 140281587693312: single write -1 of expected 131072
23:36:19 ERROR /home/bsc03/bsc03353/forge/src/dispatcher/posix.c:61 140443401488128: r->filehandle = 36, r->size = 131072, r->offset = 47241887744
23:36:19 ERROR /home/bsc03/bsc03353/forge/src/dispatcher/posix.c:62 140443401488128: single write -1 of expected 131072
23:36:20 ERROR /home/bsc03/bsc03353/forge/src/dispatcher/posix.c:61 140437622789888: r->filehandle = 36, r->size = 131072, r->offset = 54399598592
23:36:20 ERROR /home/bsc03/bsc03353/forge/src/dispatcher/posix.c:62 140437622789888: single write -1 of expected 131072
23:36:20 ERROR /home/bsc03/bsc03353/forge/src/dispatcher/posix.c:61 140426885351168: r->filehandle = 36, r->size = 131072, r->offset = 60125872128
23:36:20 ERROR /home/bsc03/bsc03353/forge/src/dispatcher/posix.c:62 140426885351168: single write -1 of expected 131072
23:36:21 ERROR /home/bsc03/bsc03353/forge/src/dispatcher/posix.c:61 140422590375680: r->filehandle = 36, r->size = 131072, r->offset = 67283714048
23:36:21 ERROR /home/bsc03/bsc03353/forge/src/dispatcher/posix.c:62 140422590375680: single write -1 of expected 131072
23:36:21 ERROR /home/bsc03/bsc03353/forge/src/dispatcher/posix.c:61 140411852936960: r->filehandle = 36, r->size = 131072, r->offset = 61557440512
23:36:21 ERROR /home/bsc03/bsc03353/forge/src/dispatcher/posix.c:62 140411852936960: single write -1 of expected 131072
23:36:22 ERROR /home/bsc03/bsc03353/forge/src/dispatcher/posix.c:61 140129956161280: r->filehandle = 35, r->size = 131072, r->offset = 7157841920
23:36:22 ERROR /home/bsc03/bsc03353/forge/src/dispatcher/posix.c:62 140129956161280: single write -1 of expected 131072
23:36:22 ERROR /home/bsc03/bsc03353/forge/src/dispatcher/posix.c:61 140117071234816: r->filehandle = 35, r->size = 131072, r->offset = 5726273536
23:36:22 ERROR /home/bsc03/bsc03353/forge/src/dispatcher/posix.c:62 140117071234816: single write -1 of expected 131072
23:36:23 ERROR /home/bsc03/bsc03353/forge/src/dispatcher/posix.c:61 140104186308352: r->filehandle = 35, r->size = 131072, r->offset = 11452678144
23:36:23 ERROR /home/bsc03/bsc03353/forge/src/dispatcher/posix.c:62 140104186308352: single write -1 of expected 131072
23:36:24 ERROR /home/bsc03/bsc03353/forge/src/dispatcher/posix.c:61 139936167151360: r->filehandle = 36, r->size = 131072, r->offset = 30062936064
23:36:24 ERROR /home/bsc03/bsc03353/forge/src/dispatcher/posix.c:62 139936167151360: single write -1 of expected 131072
23:36:24 ERROR /home/bsc03/bsc03353/forge/src/dispatcher/posix.c:61 139944757102336: r->filehandle = 36, r->size = 131072, r->offset = 21473656832
23:36:24 ERROR /home/bsc03/bsc03353/forge/src/dispatcher/posix.c:62 139944757102336: single write -1 of expected 131072
23:36:25 ERROR /home/bsc03/bsc03353/forge/src/dispatcher/posix.c:61 139934019663616: r->filehandle = 36, r->size = 131072, r->offset = 24336662528
23:36:25 ERROR /home/bsc03/bsc03353/forge/src/dispatcher/posix.c:62 139934019663616: single write -1 of expected 131072
23:36:25 ERROR /home/bsc03/bsc03353/forge/src/dispatcher/posix.c:61 139966231979776: r->filehandle = 36, r->size = 131072, r->offset = 20041957376
23:36:25 ERROR /home/bsc03/bsc03353/forge/src/dispatcher/posix.c:62 139966231979776: single write -1 of expected 131072
23:36:26 ERROR /home/bsc03/bsc03353/forge/src/dispatcher/posix.c:61 139964084492032: r->filehandle = 36, r->size = 131072, r->offset = 27199799296
23:36:26 ERROR /home/bsc03/bsc03353/forge/src/dispatcher/posix.c:62 139964084492032: single write -1 of expected 131072
23:36:26 ERROR /home/bsc03/bsc03353/forge/src/dispatcher/posix.c:61 139938314639104: r->filehandle = 36, r->size = 131072, r->offset = 25768361984
23:36:26 ERROR /home/bsc03/bsc03353/forge/src/dispatcher/posix.c:62 139938314639104: single write -1 of expected 131072
23:36:27 ERROR /home/bsc03/bsc03353/forge/src/dispatcher/posix.c:61 139780351756032: r->filehandle = 36, r->size = 131072, r->offset = 111662596096
23:36:27 ERROR /home/bsc03/bsc03353/forge/src/dispatcher/posix.c:62 139780351756032: single write -1 of expected 131072
23:36:28 ERROR /home/bsc03/bsc03353/forge/src/dispatcher/posix.c:61 139765319341824: r->filehandle = 36, r->size = 131072, r->offset = 108799328256
23:36:28 ERROR /home/bsc03/bsc03353/forge/src/dispatcher/posix.c:62 139765319341824: single write -1 of expected 131072
23:36:29 ERROR /home/bsc03/bsc03353/forge/src/dispatcher/posix.c:61 139795384170240: r->filehandle = 36, r->size = 131072, r->offset = 103073185792
23:36:29 ERROR /home/bsc03/bsc03353/forge/src/dispatcher/posix.c:62 139795384170240: single write -1 of expected 131072
23:36:29 ERROR /home/bsc03/bsc03353/forge/src/dispatcher/posix.c:61 139797531657984: r->filehandle = 36, r->size = 131072, r->offset = 107367890944
23:36:29 ERROR /home/bsc03/bsc03353/forge/src/dispatcher/posix.c:62 139797531657984: single write -1 of expected 131072
23:36:30 ERROR /home/bsc03/bsc03353/forge/src/dispatcher/posix.c:61 139767466829568: r->filehandle = 36, r->size = 131072, r->offset = 118820438016
23:36:30 ERROR /home/bsc03/bsc03353/forge/src/dispatcher/posix.c:62 139767466829568: single write -1 of expected 131072
23:36:30 ERROR /home/bsc03/bsc03353/forge/src/dispatcher/posix.c:61 139784646731520: r->filehandle = 36, r->size = 131072, r->offset = 104504754176
23:36:30 ERROR /home/bsc03/bsc03353/forge/src/dispatcher/posix.c:62 139784646731520: single write -1 of expected 131072
23:36:30 ERROR /home/bsc03/bsc03353/forge/src/dispatcher/posix.c:61 139773909292800: r->filehandle = 36, r->size = 131072, r->offset = 110231027712
23:36:30 ERROR /home/bsc03/bsc03353/forge/src/dispatcher/posix.c:62 139773909292800: single write -1 of expected 131072
23:36:31 ERROR /home/bsc03/bsc03353/forge/src/dispatcher/posix.c:61 139809463088896: r->filehandle = 36, r->size = 131072, r->offset = 123114881024
23:36:31 ERROR /home/bsc03/bsc03353/forge/src/dispatcher/posix.c:62 139809463088896: single write -1 of expected 131072
23:36:32 ERROR /home/bsc03/bsc03353/forge/src/dispatcher/posix.c:61 139833085454080: r->filehandle = 36, r->size = 131072, r->offset = 135998996480
23:36:32 ERROR /home/bsc03/bsc03353/forge/src/dispatcher/posix.c:62 139833085454080: single write -1 of expected 131072
23:36:32 ERROR /home/bsc03/bsc03353/forge/src/dispatcher/posix.c:61 139815905552128: r->filehandle = 36, r->size = 131072, r->offset = 125978148864
23:36:32 ERROR /home/bsc03/bsc03353/forge/src/dispatcher/posix.c:62 139815905552128: single write -1 of expected 131072
23:36:33 ERROR /home/bsc03/bsc03353/forge/src/dispatcher/posix.c:61 140264407791360: r->filehandle = 36, r->size = 131072, r->offset = 101641355264
23:36:33 ERROR /home/bsc03/bsc03353/forge/src/dispatcher/posix.c:62 140264407791360: single write -1 of expected 131072
23:36:33 ERROR /home/bsc03/bsc03353/forge/src/dispatcher/posix.c:61 139847843284736: r->filehandle = 36, r->size = 131072, r->offset = 81599397888
23:36:33 ERROR /home/bsc03/bsc03353/forge/src/dispatcher/posix.c:62 139847843284736: single write -1 of expected 131072
23:36:34 ERROR /home/bsc03/bsc03353/forge/src/dispatcher/posix.c:61 139964084492032: r->filehandle = 36, r->size = 131072, r->offset = 28631367680
23:36:34 ERROR /home/bsc03/bsc03353/forge/src/dispatcher/posix.c:61 140424737863424: r->filehandle = 36, r->size = 131072, r->offset = 64420577280
23:36:34 ERROR /home/bsc03/bsc03353/forge/src/dispatcher/posix.c:62 139964084492032: single write -1 of expected 131072
23:36:34 ERROR /home/bsc03/bsc03353/forge/src/dispatcher/posix.c:62 140424737863424: single write -1 of expected 131072
23:36:34 ERROR /home/bsc03/bsc03353/forge/src/dispatcher/posix.c:61 140447696463616: r->filehandle = 36, r->size = 131072, r->offset = 45810188288
23:36:34 ERROR /home/bsc03/bsc03353/forge/src/dispatcher/posix.c:62 140447696463616: single write -1 of expected 131072
23:36:35 ERROR /home/bsc03/bsc03353/forge/src/dispatcher/posix.c:61 140471318828800: r->filehandle = 36, r->size = 131072, r->offset = 37220909056
23:36:35 ERROR /home/bsc03/bsc03353/forge/src/dispatcher/posix.c:62 140471318828800: single write -1 of expected 131072
23:36:35 ERROR /home/bsc03/bsc03353/forge/src/dispatcher/posix.c:61 140462728877824: r->filehandle = 36, r->size = 131072, r->offset = 41515483136
23:36:35 ERROR /home/bsc03/bsc03353/forge/src/dispatcher/posix.c:62 140462728877824: single write -1 of expected 131072
23:36:35 ERROR /home/bsc03/bsc03353/forge/src/dispatcher/posix.c:61 140112776259328: r->filehandle = 35, r->size = 131072, r->offset = 10021109760
23:36:35 ERROR /home/bsc03/bsc03353/forge/src/dispatcher/posix.c:62 140112776259328: single write -1 of expected 131072
23:36:36 ERROR /home/bsc03/bsc03353/forge/src/dispatcher/posix.c:61 140132103649024: r->filehandle = 35, r->size = 131072, r->offset = 1431568384
23:36:36 ERROR /home/bsc03/bsc03353/forge/src/dispatcher/posix.c:62 140132103649024: single write -1 of expected 131072
23:36:36 ERROR /home/bsc03/bsc03353/forge/src/dispatcher/posix.c:61 139871465649920: r->filehandle = 36, r->size = 131072, r->offset = 77304823808
23:36:36 ERROR /home/bsc03/bsc03353/forge/src/dispatcher/posix.c:62 139871465649920: single write -1 of expected 131072
23:36:37 ERROR /home/bsc03/bsc03353/forge/src/dispatcher/posix.c:61 139849990772480: r->filehandle = 36, r->size = 131072, r->offset = 68715282432
23:36:37 ERROR /home/bsc03/bsc03353/forge/src/dispatcher/posix.c:62 139849990772480: single write -1 of expected 131072
23:36:37 ERROR /home/bsc03/bsc03353/forge/src/dispatcher/posix.c:61 139865023186688: r->filehandle = 36, r->size = 131072, r->offset = 78736261120
23:36:37 ERROR /home/bsc03/bsc03353/forge/src/dispatcher/posix.c:62 139865023186688: single write -1 of expected 131072
23:36:38 ERROR /home/bsc03/bsc03353/forge/src/dispatcher/posix.c:61 139854285747968: r->filehandle = 36, r->size = 131072, r->offset = 75873124352
23:36:38 ERROR /home/bsc03/bsc03353/forge/src/dispatcher/posix.c:62 139854285747968: single write -1 of expected 131072
23:36:38 ERROR /home/bsc03/bsc03353/forge/src/dispatcher/posix.c:61 139867170674432: r->filehandle = 36, r->size = 131072, r->offset = 84462534656
23:36:38 ERROR /home/bsc03/bsc03353/forge/src/dispatcher/posix.c:62 139867170674432: single write -1 of expected 131072
23:36:38 ERROR /home/bsc03/bsc03353/forge/src/dispatcher/posix.c:61 139822348015360: r->filehandle = 36, r->size = 131072, r->offset = 128841154560
23:36:38 ERROR /home/bsc03/bsc03353/forge/src/dispatcher/posix.c:62 139822348015360: single write -1 of expected 131072
23:36:39 ERROR /home/bsc03/bsc03353/forge/src/dispatcher/posix.c:61 139818053039872: r->filehandle = 36, r->size = 131072, r->offset = 134567428096
23:36:39 ERROR /home/bsc03/bsc03353/forge/src/dispatcher/posix.c:62 139818053039872: single write -1 of expected 131072
23:36:39 ERROR /home/bsc03/bsc03353/forge/src/dispatcher/posix.c:61 139811610576640: r->filehandle = 36, r->size = 131072, r->offset = 131704291328
23:36:39 ERROR /home/bsc03/bsc03353/forge/src/dispatcher/posix.c:62 139811610576640: single write -1 of expected 131072
23:36:40 ERROR /home/bsc03/bsc03353/forge/src/dispatcher/posix.c:61 139839527917312: r->filehandle = 36, r->size = 131072, r->offset = 133135859712
23:36:40 ERROR /home/bsc03/bsc03353/forge/src/dispatcher/posix.c:62 139839527917312: single write -1 of expected 131072
23:36:40 ERROR /home/bsc03/bsc03353/forge/src/dispatcher/posix.c:61 140260112815872: r->filehandle = 36, r->size = 131072, r->offset = 94483644416
23:36:40 ERROR /home/bsc03/bsc03353/forge/src/dispatcher/posix.c:62 140260112815872: single write -1 of expected 131072
23:36:40 ERROR /home/bsc03/bsc03353/forge/src/dispatcher/posix.c:61 140279440205568: r->filehandle = 36, r->size = 131072, r->offset = 97346781184
23:36:40 ERROR /home/bsc03/bsc03353/forge/src/dispatcher/posix.c:62 140279440205568: single write -1 of expected 131072
23:36:41 ERROR /home/bsc03/bsc03353/forge/src/dispatcher/posix.c:61 140277292717824: r->filehandle = 36, r->size = 131072, r->offset = 93051944960
23:36:41 ERROR /home/bsc03/bsc03353/forge/src/dispatcher/posix.c:62 140277292717824: single write -1 of expected 131072
23:36:41 ERROR /home/bsc03/bsc03353/forge/src/dispatcher/posix.c:61 139782499243776: r->filehandle = 36, r->size = 131072, r->offset = 113094164480
23:36:41 ERROR /home/bsc03/bsc03353/forge/src/dispatcher/posix.c:62 139782499243776: single write -1 of expected 131072
23:36:41 ERROR /home/bsc03/bsc03353/forge/src/dispatcher/posix.c:61 140458433902336: r->filehandle = 36, r->size = 131072, r->offset = 48673325056
23:36:41 ERROR /home/bsc03/bsc03353/forge/src/dispatcher/posix.c:62 140458433902336: single write -1 of expected 131072
23:36:41 ERROR /home/bsc03/bsc03353/forge/src/dispatcher/posix.c:61 140433327814400: r->filehandle = 36, r->size = 131072, r->offset = 58694434816
23:36:41 ERROR /home/bsc03/bsc03353/forge/src/dispatcher/posix.c:62 140433327814400: single write -1 of expected 131072
23:36:42 ERROR /home/bsc03/bsc03353/forge/src/dispatcher/posix.c:61 140449843951360: r->filehandle = 36, r->size = 131072, r->offset = 44378619904
23:36:42 ERROR /home/bsc03/bsc03353/forge/src/dispatcher/posix.c:62 140449843951360: single write -1 of expected 131072
23:36:42 ERROR /home/bsc03/bsc03353/forge/src/dispatcher/posix.c:61 140469171341056: r->filehandle = 36, r->size = 131072, r->offset = 40084045824
23:36:42 ERROR /home/bsc03/bsc03353/forge/src/dispatcher/posix.c:62 140469171341056: single write -1 of expected 131072
23:36:42 ERROR /home/bsc03/bsc03353/forge/src/dispatcher/posix.c:61 140132103649024: r->filehandle = 35, r->size = 131072, r->offset = 12884115456
23:36:42 ERROR /home/bsc03/bsc03353/forge/src/dispatcher/posix.c:61 139865023186688: r->filehandle = 36, r->size = 131072, r->offset = 70146850816
23:36:42 ERROR /home/bsc03/bsc03353/forge/src/dispatcher/posix.c:62 140132103649024: single write -1 of expected 131072
23:36:42 ERROR /home/bsc03/bsc03353/forge/src/dispatcher/posix.c:62 139865023186688: single write -1 of expected 131072
23:36:43 ERROR /home/bsc03/bsc03353/forge/src/dispatcher/posix.c:61 139830937966336: r->filehandle = 36, r->size = 131072, r->offset = 127409717248
23:36:43 ERROR /home/bsc03/bsc03353/forge/src/dispatcher/posix.c:62 139830937966336: single write -1 of expected 131072
23:36:43 ERROR /home/bsc03/bsc03353/forge/src/dispatcher/posix.c:61 139833085454080: r->filehandle = 36, r->size = 131072, r->offset = 130272722944
23:36:43 ERROR /home/bsc03/bsc03353/forge/src/dispatcher/posix.c:62 139833085454080: single write -1 of expected 131072
23:36:43 ERROR /home/bsc03/bsc03353/forge/src/dispatcher/posix.c:61 139869318162176: r->filehandle = 36, r->size = 131072, r->offset = 73010118656
23:36:43 ERROR /home/bsc03/bsc03353/forge/src/dispatcher/posix.c:62 139869318162176: single write -1 of expected 131072
23:36:43 ERROR /home/bsc03/bsc03353/forge/src/dispatcher/posix.c:61 140451991439104: r->filehandle = 36, r->size = 131072, r->offset = 50105155584
23:36:43 ERROR /home/bsc03/bsc03353/forge/src/dispatcher/posix.c:61 140414000424704: r->filehandle = 36, r->size = 131072, r->offset = 52968161280
23:36:43 ERROR /home/bsc03/bsc03353/forge/src/dispatcher/posix.c:62 140451991439104: single write -1 of expected 131072
23:36:43 ERROR /home/bsc03/bsc03353/forge/src/dispatcher/posix.c:62 140414000424704: single write -1 of expected 131072
23:36:44 ERROR /home/bsc03/bsc03353/forge/src/dispatcher/posix.c:61 140407557961472: r->filehandle = 36, r->size = 131072, r->offset = 62989008896
23:36:44 ERROR /home/bsc03/bsc03353/forge/src/dispatcher/posix.c:62 140407557961472: single write -1 of expected 131072
23:36:44 ERROR /home/bsc03/bsc03353/forge/src/dispatcher/posix.c:61 140418295400192: r->filehandle = 36, r->size = 131072, r->offset = 51536592896
23:36:44 ERROR /home/bsc03/bsc03353/forge/src/dispatcher/posix.c:62 140418295400192: single write -1 of expected 131072
23:36:44 ERROR /home/bsc03/bsc03353/forge/src/dispatcher/posix.c:61 140431180326656: r->filehandle = 36, r->size = 131072, r->offset = 65852276736
23:36:44 ERROR /home/bsc03/bsc03353/forge/src/dispatcher/posix.c:62 140431180326656: single write -1 of expected 131072
23:36:45 ERROR /home/bsc03/bsc03353/forge/src/dispatcher/posix.c:61 139865023186688: r->filehandle = 36, r->size = 131072, r->offset = 80167829504
23:36:45 ERROR /home/bsc03/bsc03353/forge/src/dispatcher/posix.c:61 140458433902336: r->filehandle = 36, r->size = 131072, r->offset = 38652346368
23:36:45 ERROR /home/bsc03/bsc03353/forge/src/dispatcher/posix.c:62 139865023186688: single write -1 of expected 131072
23:36:45 ERROR /home/bsc03/bsc03353/forge/src/dispatcher/posix.c:62 140458433902336: single write -1 of expected 131072
23:36:45 ERROR /home/bsc03/bsc03353/forge/src/dispatcher/posix.c:61 140449843951360: r->filehandle = 36, r->size = 131072, r->offset = 35789209600
23:36:45 ERROR /home/bsc03/bsc03353/forge/src/dispatcher/posix.c:62 140449843951360: single write -1 of expected 131072
23:36:45 ERROR /home/bsc03/bsc03353/forge/src/dispatcher/posix.c:61 140449843951360: r->filehandle = 36, r->size = 131072, r->offset = 42947051520
23:36:45 ERROR /home/bsc03/bsc03353/forge/src/dispatcher/posix.c:62 140449843951360: single write -1 of expected 131072
23:36:45 WARN  /home/bsc03/bsc03353/forge/src/main.c:789 140246637189184: hit stone wall at 116.103383 seconds!
AGIOS: stopped for this client. It can already be used by calling agios_init

AGIOS: stopped for this client. It can already be used by calling agios_init

AGIOS: stopped for this client. It can already be used by calling agios_init

AGIOS: stopped for this client. It can already be used by calling agios_init

23:36:45 INFO  /home/bsc03/bsc03353/forge/src/main.c:1158 140143524005952: I/O Forwarding Exploration [COMPLETE]
AGIOS: stopped for this client. It can already be used by calling agios_init

AGIOS: stopped for this client. It can already be used by calling agios_init

AGIOS: stopped for this client. It can already be used by calling agios_init

AGIOS: stopped for this client. It can already be used by calling agios_init

