Set GCC compilers as MPI wrappers backend 
remove impi/2017.4 (PATH, MANPATH, LD_LIBRARY_PATH) 
load openmpi/4.0.2_UCX (PATH, MANPATH, LD_LIBRARY_PATH) 
Set GCC compilers as MPI wrappers backend 
load gsl/2.4 (PATH, LD_LIBRARY_PATH, LIBRARY_PATH, MANPATH, INFOPATH,
C_INCLUDE_PATH, CPLUS_INCLUDE_PATH, PKG_CONFIG_PATH, GSL_DIR) 
19:40:47 INFO  /home/bsc03/bsc03353/forge/src/main.c:107 139727947839552: I/O Forwarding Exploration [START]
Will AGIOS generate trace files? NO
Default scheduling algorithm: TO
TWINS window size: 1000000
Will the Prediction Module read information from trace files? NO
File with access time functions: /home/bsc03/bsc03353/forge/agios/access_times.func
AGIOS thinks its user has stripe size of 32768
19:40:49 ERROR /home/bsc03/bsc03353/forge/src/dispatcher/posix.c:61 139697200277248: r->filehandle = 35, r->size = 32768, r->offset = 95203655680
19:40:49 ERROR /home/bsc03/bsc03353/forge/src/dispatcher/posix.c:62 139697200277248: single write -1 of expected 32768
19:40:54 ERROR /home/bsc03/bsc03353/forge/src/dispatcher/posix.c:61 139692905301760: r->filehandle = 35, r->size = 32768, r->offset = 3579084800
19:40:54 ERROR /home/bsc03/bsc03353/forge/src/dispatcher/posix.c:62 139692905301760: single write -1 of expected 32768
19:40:59 ERROR /home/bsc03/bsc03353/forge/src/dispatcher/posix.c:61 139701495252736: r->filehandle = 35, r->size = 32768, r->offset = 118109798400
19:40:59 ERROR /home/bsc03/bsc03353/forge/src/dispatcher/posix.c:62 139701495252736: single write -1 of expected 32768
19:41:02 ERROR /home/bsc03/bsc03353/forge/src/dispatcher/posix.c:61 139690757814016: r->filehandle = 35, r->size = 32768, r->offset = 49391370240
19:41:02 ERROR /home/bsc03/bsc03353/forge/src/dispatcher/posix.c:62 139690757814016: single write -1 of expected 32768
19:41:07 ERROR /home/bsc03/bsc03353/forge/src/dispatcher/posix.c:61 139703642740480: r->filehandle = 35, r->size = 32768, r->offset = 51538821120
19:41:07 ERROR /home/bsc03/bsc03353/forge/src/dispatcher/posix.c:62 139703642740480: single write -1 of expected 32768
19:41:09 ERROR /home/bsc03/bsc03353/forge/src/dispatcher/posix.c:61 139712232691456: r->filehandle = 35, r->size = 32768, r->offset = 100214374400
19:41:09 ERROR /home/bsc03/bsc03353/forge/src/dispatcher/posix.c:62 139712232691456: single write -1 of expected 32768
19:41:15 ERROR /home/bsc03/bsc03353/forge/src/dispatcher/posix.c:61 139710085203712: r->filehandle = 35, r->size = 32768, r->offset = 5726535680
19:41:15 ERROR /home/bsc03/bsc03353/forge/src/dispatcher/posix.c:62 139710085203712: single write -1 of expected 32768
19:41:21 ERROR /home/bsc03/bsc03353/forge/src/dispatcher/posix.c:61 139697200277248: r->filehandle = 35, r->size = 32768, r->offset = 18611240960
19:41:21 ERROR /home/bsc03/bsc03353/forge/src/dispatcher/posix.c:62 139697200277248: single write -1 of expected 32768
19:41:27 ERROR /home/bsc03/bsc03353/forge/src/dispatcher/posix.c:61 139688610326272: r->filehandle = 35, r->size = 32768, r->offset = 28632678400
19:41:27 ERROR /home/bsc03/bsc03353/forge/src/dispatcher/posix.c:62 139688610326272: single write -1 of expected 32768
19:41:31 ERROR /home/bsc03/bsc03353/forge/src/dispatcher/posix.c:61 139710085203712: r->filehandle = 35, r->size = 32768, r->offset = 101646008320
19:41:31 ERROR /home/bsc03/bsc03353/forge/src/dispatcher/posix.c:62 139710085203712: single write -1 of expected 32768
19:41:33 ERROR /home/bsc03/bsc03353/forge/src/dispatcher/posix.c:61 139690757814016: r->filehandle = 35, r->size = 32768, r->offset = 26485227520
19:41:33 ERROR /home/bsc03/bsc03353/forge/src/dispatcher/posix.c:62 139690757814016: single write -1 of expected 32768
19:41:38 ERROR /home/bsc03/bsc03353/forge/src/dispatcher/posix.c:61 139690757814016: r->filehandle = 35, r->size = 32768, r->offset = 64423526400
19:41:38 ERROR /home/bsc03/bsc03353/forge/src/dispatcher/posix.c:62 139690757814016: single write -1 of expected 32768
19:41:45 ERROR /home/bsc03/bsc03353/forge/src/dispatcher/posix.c:61 139701495252736: r->filehandle = 35, r->size = 32768, r->offset = 30064312320
19:41:45 ERROR /home/bsc03/bsc03353/forge/src/dispatcher/posix.c:62 139701495252736: single write -1 of expected 32768
19:41:56 ERROR /home/bsc03/bsc03353/forge/src/dispatcher/posix.c:61 139699347764992: r->filehandle = 35, r->size = 32768, r->offset = 110235811840
19:41:56 ERROR /home/bsc03/bsc03353/forge/src/dispatcher/posix.c:62 139699347764992: single write -1 of expected 32768
19:42:03 ERROR /home/bsc03/bsc03353/forge/src/dispatcher/posix.c:61 139705790228224: r->filehandle = 35, r->size = 32768, r->offset = 87329669120
19:42:03 ERROR /home/bsc03/bsc03353/forge/src/dispatcher/posix.c:62 139705790228224: single write -1 of expected 32768
19:42:04 ERROR /home/bsc03/bsc03353/forge/src/dispatcher/posix.c:61 139701495252736: r->filehandle = 35, r->size = 32768, r->offset = 52970455040
19:42:04 ERROR /home/bsc03/bsc03353/forge/src/dispatcher/posix.c:62 139701495252736: single write -1 of expected 32768
19:42:05 ERROR /home/bsc03/bsc03353/forge/src/dispatcher/posix.c:61 139690757814016: r->filehandle = 35, r->size = 32768, r->offset = 50107187200
19:42:05 ERROR /home/bsc03/bsc03353/forge/src/dispatcher/posix.c:62 139690757814016: single write -1 of expected 32768
19:42:09 ERROR /home/bsc03/bsc03353/forge/src/dispatcher/posix.c:61 139716527666944: r->filehandle = 35, r->size = 32768, r->offset = 95919472640
19:42:09 ERROR /home/bsc03/bsc03353/forge/src/dispatcher/posix.c:62 139716527666944: single write -1 of expected 32768
19:42:12 ERROR /home/bsc03/bsc03353/forge/src/dispatcher/posix.c:61 139692905301760: r->filehandle = 35, r->size = 32768, r->offset = 72297512960
19:42:12 ERROR /home/bsc03/bsc03353/forge/src/dispatcher/posix.c:62 139692905301760: single write -1 of expected 32768
19:42:13 ERROR /home/bsc03/bsc03353/forge/src/dispatcher/posix.c:61 139718675154688: r->filehandle = 35, r->size = 32768, r->offset = 113099079680
19:42:13 ERROR /home/bsc03/bsc03353/forge/src/dispatcher/posix.c:62 139718675154688: single write -1 of expected 32768
19:42:13 ERROR /home/bsc03/bsc03353/forge/src/dispatcher/posix.c:61 139697200277248: r->filehandle = 35, r->size = 32768, r->offset = 7158169600
19:42:13 ERROR /home/bsc03/bsc03353/forge/src/dispatcher/posix.c:62 139697200277248: single write -1 of expected 32768
19:42:17 ERROR /home/bsc03/bsc03353/forge/src/dispatcher/posix.c:61 139701495252736: r->filehandle = 35, r->size = 32768, r->offset = 121688883200
19:42:17 ERROR /home/bsc03/bsc03353/forge/src/dispatcher/posix.c:62 139701495252736: single write -1 of expected 32768
19:42:21 ERROR /home/bsc03/bsc03353/forge/src/dispatcher/posix.c:61 139714380179200: r->filehandle = 35, r->size = 32768, r->offset = 8589803520
19:42:21 ERROR /home/bsc03/bsc03353/forge/src/dispatcher/posix.c:62 139714380179200: single write -1 of expected 32768
19:42:24 ERROR /home/bsc03/bsc03353/forge/src/dispatcher/posix.c:61 139720822642432: r->filehandle = 35, r->size = 32768, r->offset = 98782740480
19:42:24 ERROR /home/bsc03/bsc03353/forge/src/dispatcher/posix.c:62 139720822642432: single write -1 of expected 32768
19:42:25 ERROR /home/bsc03/bsc03353/forge/src/dispatcher/posix.c:61 139712232691456: r->filehandle = 35, r->size = 32768, r->offset = 54402088960
19:42:25 ERROR /home/bsc03/bsc03353/forge/src/dispatcher/posix.c:62 139712232691456: single write -1 of expected 32768
19:42:26 ERROR /home/bsc03/bsc03353/forge/src/dispatcher/posix.c:61 139699347764992: r->filehandle = 35, r->size = 32768, r->offset = 73013329920
19:42:26 ERROR /home/bsc03/bsc03353/forge/src/dispatcher/posix.c:62 139699347764992: single write -1 of expected 32768
19:42:29 ERROR /home/bsc03/bsc03353/forge/src/dispatcher/posix.c:61 139688610326272: r->filehandle = 35, r->size = 32768, r->offset = 41517383680
19:42:29 ERROR /home/bsc03/bsc03353/forge/src/dispatcher/posix.c:62 139688610326272: single write -1 of expected 32768
19:42:31 ERROR /home/bsc03/bsc03353/forge/src/dispatcher/posix.c:61 139692905301760: r->filehandle = 35, r->size = 32768, r->offset = 124552151040
19:42:31 ERROR /home/bsc03/bsc03353/forge/src/dispatcher/posix.c:62 139692905301760: single write -1 of expected 32768
19:42:31 ERROR /home/bsc03/bsc03353/forge/src/dispatcher/posix.c:61 139690757814016: r->filehandle = 35, r->size = 32768, r->offset = 75876597760
19:42:31 ERROR /home/bsc03/bsc03353/forge/src/dispatcher/posix.c:62 139690757814016: single write -1 of expected 32768
19:42:35 ERROR /home/bsc03/bsc03353/forge/src/dispatcher/posix.c:61 139703642740480: r->filehandle = 35, r->size = 32768, r->offset = 77308231680
19:42:35 ERROR /home/bsc03/bsc03353/forge/src/dispatcher/posix.c:62 139703642740480: single write -1 of expected 32768
19:42:38 ERROR /home/bsc03/bsc03353/forge/src/dispatcher/posix.c:61 139690757814016: r->filehandle = 35, r->size = 32768, r->offset = 6442352640
19:42:38 ERROR /home/bsc03/bsc03353/forge/src/dispatcher/posix.c:62 139690757814016: single write -1 of expected 32768
19:42:42 ERROR /home/bsc03/bsc03353/forge/src/dispatcher/posix.c:61 139699347764992: r->filehandle = 35, r->size = 32768, r->offset = 78739865600
19:42:42 ERROR /home/bsc03/bsc03353/forge/src/dispatcher/posix.c:62 139699347764992: single write -1 of expected 32768
19:42:47 ERROR /home/bsc03/bsc03353/forge/src/dispatcher/posix.c:61 139710085203712: r->filehandle = 35, r->size = 32768, r->offset = 123120517120
19:42:47 ERROR /home/bsc03/bsc03353/forge/src/dispatcher/posix.c:62 139710085203712: single write -1 of expected 32768
19:42:53 ERROR /home/bsc03/bsc03353/forge/src/dispatcher/posix.c:61 139714380179200: r->filehandle = 35, r->size = 32768, r->offset = 31495946240
19:42:53 ERROR /home/bsc03/bsc03353/forge/src/dispatcher/posix.c:62 139714380179200: single write -1 of expected 32768
19:42:54 ERROR /home/bsc03/bsc03353/forge/src/dispatcher/posix.c:61 139695052789504: r->filehandle = 35, r->size = 32768, r->offset = 27201044480
19:42:54 ERROR /home/bsc03/bsc03353/forge/src/dispatcher/posix.c:62 139695052789504: single write -1 of expected 32768
19:42:58 ERROR /home/bsc03/bsc03353/forge/src/dispatcher/posix.c:61 139692905301760: r->filehandle = 35, r->size = 32768, r->offset = 55833722880
19:42:58 ERROR /home/bsc03/bsc03353/forge/src/dispatcher/posix.c:62 139692905301760: single write -1 of expected 32768
19:43:01 ERROR /home/bsc03/bsc03353/forge/src/dispatcher/posix.c:61 139705790228224: r->filehandle = 35, r->size = 32768, r->offset = 67286794240
19:43:01 ERROR /home/bsc03/bsc03353/forge/src/dispatcher/posix.c:62 139705790228224: single write -1 of expected 32768
19:43:08 ERROR /home/bsc03/bsc03353/forge/src/dispatcher/posix.c:61 139703642740480: r->filehandle = 35, r->size = 32768, r->offset = 120973066240
19:43:08 ERROR /home/bsc03/bsc03353/forge/src/dispatcher/posix.c:62 139703642740480: single write -1 of expected 32768
19:43:18 ERROR /home/bsc03/bsc03353/forge/src/dispatcher/posix.c:61 139720822642432: r->filehandle = 35, r->size = 32768, r->offset = 136005222400
19:43:18 ERROR /home/bsc03/bsc03353/forge/src/dispatcher/posix.c:62 139720822642432: single write -1 of expected 32768
19:43:19 ERROR /home/bsc03/bsc03353/forge/src/dispatcher/posix.c:61 139714380179200: r->filehandle = 35, r->size = 32768, r->offset = 126699601920
19:43:19 ERROR /home/bsc03/bsc03353/forge/src/dispatcher/posix.c:62 139714380179200: single write -1 of expected 32768
19:43:25 ERROR /home/bsc03/bsc03353/forge/src/dispatcher/posix.c:61 139716527666944: r->filehandle = 35, r->size = 32768, r->offset = 118825615360
19:43:25 ERROR /home/bsc03/bsc03353/forge/src/dispatcher/posix.c:62 139716527666944: single write -1 of expected 32768
19:43:29 ERROR /home/bsc03/bsc03353/forge/src/dispatcher/posix.c:61 139705790228224: r->filehandle = 35, r->size = 32768, r->offset = 32927580160
19:43:29 ERROR /home/bsc03/bsc03353/forge/src/dispatcher/posix.c:62 139705790228224: single write -1 of expected 32768
19:43:30 ERROR /home/bsc03/bsc03353/forge/src/dispatcher/posix.c:61 139699347764992: r->filehandle = 35, r->size = 32768, r->offset = 29348495360
19:43:30 ERROR /home/bsc03/bsc03353/forge/src/dispatcher/posix.c:62 139699347764992: single write -1 of expected 32768
19:43:33 ERROR /home/bsc03/bsc03353/forge/src/dispatcher/posix.c:61 139688610326272: r->filehandle = 35, r->size = 32768, r->offset = 10021437440
19:43:33 ERROR /home/bsc03/bsc03353/forge/src/dispatcher/posix.c:62 139688610326272: single write -1 of expected 32768
19:43:34 ERROR /home/bsc03/bsc03353/forge/src/dispatcher/posix.c:61 139695052789504: r->filehandle = 35, r->size = 32768, r->offset = 52254638080
19:43:34 ERROR /home/bsc03/bsc03353/forge/src/dispatcher/posix.c:62 139695052789504: single write -1 of expected 32768
19:43:37 ERROR /home/bsc03/bsc03353/forge/src/dispatcher/posix.c:61 139714380179200: r->filehandle = 35, r->size = 32768, r->offset = 113814896640
19:43:37 ERROR /home/bsc03/bsc03353/forge/src/dispatcher/posix.c:62 139714380179200: single write -1 of expected 32768
19:43:42 ERROR /home/bsc03/bsc03353/forge/src/dispatcher/posix.c:61 139707937715968: r->filehandle = 35, r->size = 32768, r->offset = 97351106560
19:43:42 ERROR /home/bsc03/bsc03353/forge/src/dispatcher/posix.c:62 139707937715968: single write -1 of expected 32768
19:43:45 ERROR /home/bsc03/bsc03353/forge/src/dispatcher/posix.c:61 139695052789504: r->filehandle = 35, r->size = 32768, r->offset = 22190325760
19:43:45 ERROR /home/bsc03/bsc03353/forge/src/dispatcher/posix.c:62 139695052789504: single write -1 of expected 32768
19:43:47 ERROR /home/bsc03/bsc03353/forge/src/dispatcher/posix.c:61 139718675154688: r->filehandle = 35, r->size = 32768, r->offset = 21474508800
19:43:47 ERROR /home/bsc03/bsc03353/forge/src/dispatcher/posix.c:62 139718675154688: single write -1 of expected 32768
19:43:50 ERROR /home/bsc03/bsc03353/forge/src/dispatcher/posix.c:61 139705790228224: r->filehandle = 35, r->size = 32768, r->offset = 120257249280
19:43:50 ERROR /home/bsc03/bsc03353/forge/src/dispatcher/posix.c:62 139705790228224: single write -1 of expected 32768
19:43:53 ERROR /home/bsc03/bsc03353/forge/src/dispatcher/posix.c:61 139697200277248: r->filehandle = 35, r->size = 32768, r->offset = 44380651520
19:43:53 ERROR /home/bsc03/bsc03353/forge/src/dispatcher/posix.c:62 139697200277248: single write -1 of expected 32768
19:43:56 ERROR /home/bsc03/bsc03353/forge/src/dispatcher/posix.c:61 139703642740480: r->filehandle = 35, r->size = 32768, r->offset = 98066923520
19:43:56 ERROR /home/bsc03/bsc03353/forge/src/dispatcher/posix.c:62 139703642740480: single write -1 of expected 32768
19:43:58 ERROR /home/bsc03/bsc03353/forge/src/dispatcher/posix.c:61 139695052789504: r->filehandle = 35, r->size = 32768, r->offset = 119541432320
19:43:58 ERROR /home/bsc03/bsc03353/forge/src/dispatcher/posix.c:62 139695052789504: single write -1 of expected 32768
19:44:01 ERROR /home/bsc03/bsc03353/forge/src/dispatcher/posix.c:61 139710085203712: r->filehandle = 35, r->size = 32768, r->offset = 74444963840
19:44:01 ERROR /home/bsc03/bsc03353/forge/src/dispatcher/posix.c:62 139710085203712: single write -1 of expected 32768
19:44:03 ERROR /home/bsc03/bsc03353/forge/src/dispatcher/posix.c:61 139699347764992: r->filehandle = 35, r->size = 32768, r->offset = 45096468480
19:44:03 ERROR /home/bsc03/bsc03353/forge/src/dispatcher/posix.c:62 139699347764992: single write -1 of expected 32768
19:44:05 ERROR /home/bsc03/bsc03353/forge/src/dispatcher/posix.c:61 139697200277248: r->filehandle = 35, r->size = 32768, r->offset = 10737254400
19:44:05 ERROR /home/bsc03/bsc03353/forge/src/dispatcher/posix.c:62 139697200277248: single write -1 of expected 32768
19:44:10 ERROR /home/bsc03/bsc03353/forge/src/dispatcher/posix.c:61 139712232691456: r->filehandle = 35, r->size = 32768, r->offset = 133141954560
19:44:10 ERROR /home/bsc03/bsc03353/forge/src/dispatcher/posix.c:62 139712232691456: single write -1 of expected 32768
19:44:11 ERROR /home/bsc03/bsc03353/forge/src/dispatcher/posix.c:61 139710085203712: r->filehandle = 35, r->size = 32768, r->offset = 4294901760
19:44:11 ERROR /home/bsc03/bsc03353/forge/src/dispatcher/posix.c:62 139710085203712: single write -1 of expected 32768
19:44:12 ERROR /home/bsc03/bsc03353/forge/src/dispatcher/posix.c:61 139701495252736: r->filehandle = 35, r->size = 32768, r->offset = 90192936960
19:44:12 ERROR /home/bsc03/bsc03353/forge/src/dispatcher/posix.c:62 139701495252736: single write -1 of expected 32768
19:44:14 ERROR /home/bsc03/bsc03353/forge/src/dispatcher/posix.c:61 139718675154688: r->filehandle = 35, r->size = 32768, r->offset = 73729146880
19:44:14 ERROR /home/bsc03/bsc03353/forge/src/dispatcher/posix.c:62 139718675154688: single write -1 of expected 32768
19:44:15 ERROR /home/bsc03/bsc03353/forge/src/dispatcher/posix.c:61 139705790228224: r->filehandle = 35, r->size = 32768, r->offset = 27916861440
19:44:15 ERROR /home/bsc03/bsc03353/forge/src/dispatcher/posix.c:62 139705790228224: single write -1 of expected 32768
19:44:26 ERROR /home/bsc03/bsc03353/forge/src/dispatcher/posix.c:61 139699347764992: r->filehandle = 35, r->size = 32768, r->offset = 93056204800
19:44:26 ERROR /home/bsc03/bsc03353/forge/src/dispatcher/posix.c:62 139699347764992: single write -1 of expected 32768
19:44:27 ERROR /home/bsc03/bsc03353/forge/src/dispatcher/posix.c:61 139690757814016: r->filehandle = 35, r->size = 32768, r->offset = 75160780800
19:44:27 ERROR /home/bsc03/bsc03353/forge/src/dispatcher/posix.c:62 139690757814016: single write -1 of expected 32768
19:44:27 ERROR /home/bsc03/bsc03353/forge/src/dispatcher/posix.c:61 139697200277248: r->filehandle = 35, r->size = 32768, r->offset = 33643397120
19:44:27 ERROR /home/bsc03/bsc03353/forge/src/dispatcher/posix.c:62 139697200277248: single write -1 of expected 32768
19:44:30 ERROR /home/bsc03/bsc03353/forge/src/dispatcher/posix.c:61 139720822642432: r->filehandle = 35, r->size = 32768, r->offset = 136721039360
19:44:30 ERROR /home/bsc03/bsc03353/forge/src/dispatcher/posix.c:62 139720822642432: single write -1 of expected 32768
19:44:33 ERROR /home/bsc03/bsc03353/forge/src/dispatcher/posix.c:61 139707937715968: r->filehandle = 35, r->size = 32768, r->offset = 5010718720
19:44:33 ERROR /home/bsc03/bsc03353/forge/src/dispatcher/posix.c:62 139707937715968: single write -1 of expected 32768
19:44:34 ERROR /home/bsc03/bsc03353/forge/src/dispatcher/posix.c:61 139690757814016: r->filehandle = 35, r->size = 32768, r->offset = 46528102400
19:44:34 ERROR /home/bsc03/bsc03353/forge/src/dispatcher/posix.c:62 139690757814016: single write -1 of expected 32768
19:44:37 ERROR /home/bsc03/bsc03353/forge/src/dispatcher/posix.c:61 139720822642432: r->filehandle = 35, r->size = 32768, r->offset = 69434245120
19:44:37 ERROR /home/bsc03/bsc03353/forge/src/dispatcher/posix.c:62 139720822642432: single write -1 of expected 32768
19:44:38 ERROR /home/bsc03/bsc03353/forge/src/dispatcher/posix.c:61 139720822642432: r->filehandle = 35, r->size = 32768, r->offset = 90908753920
19:44:38 ERROR /home/bsc03/bsc03353/forge/src/dispatcher/posix.c:62 139720822642432: single write -1 of expected 32768
19:44:39 ERROR /home/bsc03/bsc03353/forge/src/dispatcher/posix.c:61 139688610326272: r->filehandle = 35, r->size = 32768, r->offset = 115246530560
19:44:39 ERROR /home/bsc03/bsc03353/forge/src/dispatcher/posix.c:62 139688610326272: single write -1 of expected 32768
19:44:42 ERROR /home/bsc03/bsc03353/forge/src/dispatcher/posix.c:61 139714380179200: r->filehandle = 35, r->size = 32768, r->offset = 127415418880
19:44:42 ERROR /home/bsc03/bsc03353/forge/src/dispatcher/posix.c:62 139714380179200: single write -1 of expected 32768
19:44:43 ERROR /home/bsc03/bsc03353/forge/src/dispatcher/posix.c:61 139690757814016: r->filehandle = 35, r->size = 32768, r->offset = 103077642240
19:44:43 ERROR /home/bsc03/bsc03353/forge/src/dispatcher/posix.c:62 139690757814016: single write -1 of expected 32768
19:44:45 ERROR /home/bsc03/bsc03353/forge/src/dispatcher/posix.c:61 139710085203712: r->filehandle = 35, r->size = 32768, r->offset = 30780129280
19:44:45 ERROR /home/bsc03/bsc03353/forge/src/dispatcher/posix.c:62 139710085203712: single write -1 of expected 32768
19:44:47 ERROR /home/bsc03/bsc03353/forge/src/dispatcher/posix.c:61 139707937715968: r->filehandle = 35, r->size = 32768, r->offset = 125983784960
19:44:47 ERROR /home/bsc03/bsc03353/forge/src/dispatcher/posix.c:62 139707937715968: single write -1 of expected 32768
19:44:51 ERROR /home/bsc03/bsc03353/forge/src/dispatcher/posix.c:61 139705790228224: r->filehandle = 35, r->size = 32768, r->offset = 122404700160
19:44:51 ERROR /home/bsc03/bsc03353/forge/src/dispatcher/posix.c:62 139705790228224: single write -1 of expected 32768
19:44:56 ERROR /home/bsc03/bsc03353/forge/src/dispatcher/posix.c:61 139714380179200: r->filehandle = 35, r->size = 32768, r->offset = 117393981440
19:44:56 ERROR /home/bsc03/bsc03353/forge/src/dispatcher/posix.c:62 139714380179200: single write -1 of expected 32768
19:45:00 ERROR /home/bsc03/bsc03353/forge/src/dispatcher/posix.c:61 139701495252736: r->filehandle = 35, r->size = 32768, r->offset = 76592414720
19:45:00 ERROR /home/bsc03/bsc03353/forge/src/dispatcher/posix.c:62 139701495252736: single write -1 of expected 32768
19:45:02 ERROR /home/bsc03/bsc03353/forge/src/dispatcher/posix.c:61 139703642740480: r->filehandle = 35, r->size = 32768, r->offset = 115962347520
19:45:02 ERROR /home/bsc03/bsc03353/forge/src/dispatcher/posix.c:62 139703642740480: single write -1 of expected 32768
19:45:07 ERROR /home/bsc03/bsc03353/forge/src/dispatcher/posix.c:61 139720822642432: r->filehandle = 35, r->size = 32768, r->offset = 105940910080
19:45:07 ERROR /home/bsc03/bsc03353/forge/src/dispatcher/posix.c:62 139720822642432: single write -1 of expected 32768
19:45:08 ERROR /home/bsc03/bsc03353/forge/src/dispatcher/posix.c:61 139692905301760: r->filehandle = 35, r->size = 32768, r->offset = 12168888320
19:45:08 ERROR /home/bsc03/bsc03353/forge/src/dispatcher/posix.c:62 139692905301760: single write -1 of expected 32768
19:45:10 ERROR /home/bsc03/bsc03353/forge/src/dispatcher/posix.c:61 139705790228224: r->filehandle = 35, r->size = 32768, r->offset = 12884705280
19:45:10 ERROR /home/bsc03/bsc03353/forge/src/dispatcher/posix.c:62 139705790228224: single write -1 of expected 32768
19:45:15 ERROR /home/bsc03/bsc03353/forge/src/dispatcher/posix.c:61 139718675154688: r->filehandle = 35, r->size = 32768, r->offset = 80887316480
19:45:15 ERROR /home/bsc03/bsc03353/forge/src/dispatcher/posix.c:62 139718675154688: single write -1 of expected 32768
19:45:21 ERROR /home/bsc03/bsc03353/forge/src/dispatcher/posix.c:61 139703642740480: r->filehandle = 35, r->size = 32768, r->offset = 56549539840
19:45:21 ERROR /home/bsc03/bsc03353/forge/src/dispatcher/posix.c:62 139703642740480: single write -1 of expected 32768
19:45:23 ERROR /home/bsc03/bsc03353/forge/src/dispatcher/posix.c:61 139688610326272: r->filehandle = 35, r->size = 32768, r->offset = 116678164480
19:45:23 ERROR /home/bsc03/bsc03353/forge/src/dispatcher/posix.c:62 139688610326272: single write -1 of expected 32768
19:45:26 ERROR /home/bsc03/bsc03353/forge/src/dispatcher/posix.c:61 139712232691456: r->filehandle = 35, r->size = 32768, r->offset = 7873986560
19:45:26 ERROR /home/bsc03/bsc03353/forge/src/dispatcher/posix.c:62 139712232691456: single write -1 of expected 32768
19:45:31 ERROR /home/bsc03/bsc03353/forge/src/dispatcher/posix.c:61 139710085203712: r->filehandle = 35, r->size = 32768, r->offset = 91624570880
19:45:31 ERROR /home/bsc03/bsc03353/forge/src/dispatcher/posix.c:62 139710085203712: single write -1 of expected 32768
slurmstepd: error: *** JOB 8737339 ON s01r1b68 CANCELLED AT 2020-02-07T19:45:31 DUE TO TIME LIMIT ***
--------------------------------------------------------------------------
ORTE has lost communication with a remote daemon.

  HNP daemon   : [[17011,0],0] on node s01r1b68
  Remote daemon: [[17011,0],9] on node s13r1b42

This is usually due to either a failure of the TCP network
connection to the node, or possibly an internal failure of
the daemon itself. We cannot recover from this failure, and
therefore will terminate the job.
--------------------------------------------------------------------------
