Set GCC compilers as MPI wrappers backend 
remove impi/2017.4 (PATH, MANPATH, LD_LIBRARY_PATH) 
load openmpi/4.0.2_UCX (PATH, MANPATH, LD_LIBRARY_PATH) 
Set GCC compilers as MPI wrappers backend 
load gsl/2.4 (PATH, LD_LIBRARY_PATH, LIBRARY_PATH, MANPATH, INFOPATH,
C_INCLUDE_PATH, CPLUS_INCLUDE_PATH, PKG_CONFIG_PATH, GSL_DIR) 
15:14:41 INFO  /home/bsc03/bsc03353/forge/src/main.c:107 140544459081792: I/O Forwarding Exploration [START]
Will AGIOS generate trace files? NO
Default scheduling algorithm: TO
TWINS window size: 1000000
Will the Prediction Module read information from trace files? NO
File with access time functions: /home/bsc03/bsc03353/forge/agios/access_times.func
AGIOS thinks its user has stripe size of 32768
Will AGIOS generate trace files? NO
Default scheduling algorithm: TO
TWINS window size: 1000000
Will the Prediction Module read information from trace files? NO
File with access time functions: /home/bsc03/bsc03353/forge/agios/access_times.func
AGIOS thinks its user has stripe size of 32768
Will AGIOS generate trace files? NO
Default scheduling algorithm: TO
TWINS window size: 1000000
Will the Prediction Module read information from trace files? NO
File with access time functions: /home/bsc03/bsc03353/forge/agios/access_times.func
AGIOS thinks its user has stripe size of 32768
Will AGIOS generate trace files? NO
Default scheduling algorithm: TO
TWINS window size: 1000000
Will the Prediction Module read information from trace files? NO
File with access time functions: /home/bsc03/bsc03353/forge/agios/access_times.func
AGIOS thinks its user has stripe size of 32768
15:14:45 ERROR /home/bsc03/bsc03353/forge/src/dispatcher/posix.c:61 139994668582656: r->filehandle = 36, r->size = 1048576, r->offset = 308281344
15:14:45 ERROR /home/bsc03/bsc03353/forge/src/dispatcher/posix.c:62 139994668582656: single write -1 of expected 1048576
15:14:45 ERROR /home/bsc03/bsc03353/forge/src/dispatcher/posix.c:61 140710210897664: r->filehandle = 36, r->size = 1048576, r->offset = 140509184
15:14:45 ERROR /home/bsc03/bsc03353/forge/src/dispatcher/posix.c:62 140710210897664: single write -1 of expected 1048576
15:14:46 ERROR /home/bsc03/bsc03353/forge/src/dispatcher/posix.c:61 140708063409920: r->filehandle = 36, r->size = 1048576, r->offset = 157286400
15:14:46 ERROR /home/bsc03/bsc03353/forge/src/dispatcher/posix.c:62 140708063409920: single write -1 of expected 1048576
15:14:46 ERROR /home/bsc03/bsc03353/forge/src/dispatcher/posix.c:61 140307360827136: r->filehandle = 36, r->size = 1048576, r->offset = 299892736
15:14:46 ERROR /home/bsc03/bsc03353/forge/src/dispatcher/posix.c:62 140307360827136: single write -1 of expected 1048576
15:14:47 ERROR /home/bsc03/bsc03353/forge/src/dispatcher/posix.c:61 140682293556992: r->filehandle = 36, r->size = 1048576, r->offset = 165675008
15:14:47 ERROR /home/bsc03/bsc03353/forge/src/dispatcher/posix.c:62 140682293556992: single write -1 of expected 1048576
15:14:47 ERROR /home/bsc03/bsc03353/forge/src/dispatcher/posix.c:61 139968898729728: r->filehandle = 36, r->size = 1048576, r->offset = 316669952
15:14:47 ERROR /home/bsc03/bsc03353/forge/src/dispatcher/posix.c:62 139968898729728: single write -1 of expected 1048576
15:14:48 ERROR /home/bsc03/bsc03353/forge/src/dispatcher/posix.c:61 140518046336768: r->filehandle = 35, r->size = 1048576, r->offset = 4194304
15:14:48 ERROR /home/bsc03/bsc03353/forge/src/dispatcher/posix.c:62 140518046336768: single write -1 of expected 1048576
15:14:49 ERROR /home/bsc03/bsc03353/forge/src/dispatcher/posix.c:61 140318098265856: r->filehandle = 36, r->size = 1048576, r->offset = 297795584
15:14:49 ERROR /home/bsc03/bsc03353/forge/src/dispatcher/posix.c:62 140318098265856: single write -1 of expected 1048576
15:14:51 ERROR /home/bsc03/bsc03353/forge/src/dispatcher/posix.c:61 139971046217472: r->filehandle = 36, r->size = 1048576, r->offset = 400556032
15:14:51 ERROR /home/bsc03/bsc03353/forge/src/dispatcher/posix.c:62 139971046217472: single write -1 of expected 1048576
15:14:52 ERROR /home/bsc03/bsc03353/forge/src/dispatcher/posix.c:61 140309508314880: r->filehandle = 36, r->size = 1048576, r->offset = 292552704
15:14:52 ERROR /home/bsc03/bsc03353/forge/src/dispatcher/posix.c:62 140309508314880: single write -1 of expected 1048576
15:14:53 ERROR /home/bsc03/bsc03353/forge/src/dispatcher/posix.c:61 139981783656192: r->filehandle = 36, r->size = 1048576, r->offset = 333447168
15:14:53 ERROR /home/bsc03/bsc03353/forge/src/dispatcher/posix.c:62 139981783656192: single write -1 of expected 1048576
15:15:03 ERROR /home/bsc03/bsc03353/forge/src/dispatcher/posix.c:61 139973193705216: r->filehandle = 36, r->size = 1048576, r->offset = 358612992
15:15:03 ERROR /home/bsc03/bsc03353/forge/src/dispatcher/posix.c:62 139973193705216: single write -1 of expected 1048576
15:15:03 ERROR /home/bsc03/bsc03353/forge/src/dispatcher/posix.c:61 139977488680704: r->filehandle = 36, r->size = 1048576, r->offset = 392167424
15:15:03 ERROR /home/bsc03/bsc03353/forge/src/dispatcher/posix.c:62 139977488680704: single write -1 of expected 1048576
15:15:06 ERROR /home/bsc03/bsc03353/forge/src/dispatcher/posix.c:61 139990373607168: r->filehandle = 36, r->size = 1048576, r->offset = 367001600
15:15:06 ERROR /home/bsc03/bsc03353/forge/src/dispatcher/posix.c:62 139990373607168: single write -1 of expected 1048576
15:15:15 ERROR /home/bsc03/bsc03353/forge/src/dispatcher/posix.c:61 139983931143936: r->filehandle = 36, r->size = 1048576, r->offset = 376438784
15:15:15 ERROR /home/bsc03/bsc03353/forge/src/dispatcher/posix.c:62 139983931143936: single write -1 of expected 1048576
15:15:17 ERROR /home/bsc03/bsc03353/forge/src/dispatcher/posix.c:61 139994668582656: r->filehandle = 36, r->size = 1048576, r->offset = 331350016
15:15:17 ERROR /home/bsc03/bsc03353/forge/src/dispatcher/posix.c:62 139994668582656: single write -1 of expected 1048576
15:15:23 ERROR /home/bsc03/bsc03353/forge/src/dispatcher/posix.c:61 139996816070400: r->filehandle = 36, r->size = 1048576, r->offset = 325058560
15:15:23 ERROR /home/bsc03/bsc03353/forge/src/dispatcher/posix.c:62 139996816070400: single write -1 of expected 1048576
15:15:25 ERROR /home/bsc03/bsc03353/forge/src/dispatcher/posix.c:61 139998963558144: r->filehandle = 36, r->size = 1048576, r->offset = 350224384
15:15:25 ERROR /home/bsc03/bsc03353/forge/src/dispatcher/posix.c:62 139998963558144: single write -1 of expected 1048576
15:15:28 ERROR /home/bsc03/bsc03353/forge/src/dispatcher/posix.c:61 139986078631680: r->filehandle = 36, r->size = 1048576, r->offset = 342884352
15:15:28 ERROR /home/bsc03/bsc03353/forge/src/dispatcher/posix.c:62 139986078631680: single write -1 of expected 1048576
15:15:41 ERROR /home/bsc03/bsc03353/forge/src/dispatcher/posix.c:61 140001111045888: r->filehandle = 36, r->size = 1048576, r->offset = 359661568
15:15:41 ERROR /home/bsc03/bsc03353/forge/src/dispatcher/posix.c:62 140001111045888: single write -1 of expected 1048576
15:15:41 ERROR /home/bsc03/bsc03353/forge/src/dispatcher/posix.c:61 139988226119424: r->filehandle = 36, r->size = 1048576, r->offset = 373293056
15:15:41 ERROR /home/bsc03/bsc03353/forge/src/dispatcher/posix.c:62 139988226119424: single write -1 of expected 1048576
15:15:42 ERROR /home/bsc03/bsc03353/forge/src/dispatcher/posix.c:61 139992521094912: r->filehandle = 36, r->size = 1048576, r->offset = 375390208
15:15:42 ERROR /home/bsc03/bsc03353/forge/src/dispatcher/posix.c:62 139992521094912: single write -1 of expected 1048576
15:15:49 ERROR /home/bsc03/bsc03353/forge/src/dispatcher/posix.c:61 139975341192960: r->filehandle = 36, r->size = 1048576, r->offset = 306184192
15:15:49 ERROR /home/bsc03/bsc03353/forge/src/dispatcher/posix.c:62 139975341192960: single write -1 of expected 1048576
15:15:51 ERROR /home/bsc03/bsc03353/forge/src/dispatcher/posix.c:61 139979636168448: r->filehandle = 36, r->size = 1048576, r->offset = 309329920
15:15:51 ERROR /home/bsc03/bsc03353/forge/src/dispatcher/posix.c:62 139979636168448: single write -1 of expected 1048576
15:15:56 ERROR /home/bsc03/bsc03353/forge/src/dispatcher/posix.c:61 140697325971200: r->filehandle = 36, r->size = 1048576, r->offset = 175112192
15:15:56 ERROR /home/bsc03/bsc03353/forge/src/dispatcher/posix.c:61 140294475900672: r->filehandle = 36, r->size = 1048576, r->offset = 257949696
15:15:56 ERROR /home/bsc03/bsc03353/forge/src/dispatcher/posix.c:62 140697325971200: single write -1 of expected 1048576
15:15:56 ERROR /home/bsc03/bsc03353/forge/src/dispatcher/posix.c:62 140294475900672: single write -1 of expected 1048576
15:15:56 ERROR /home/bsc03/bsc03353/forge/src/dispatcher/posix.c:61 140712358385408: r->filehandle = 36, r->size = 1048576, r->offset = 130023424
15:15:56 ERROR /home/bsc03/bsc03353/forge/src/dispatcher/posix.c:62 140712358385408: single write -1 of expected 1048576
15:16:00 ERROR /home/bsc03/bsc03353/forge/src/dispatcher/posix.c:61 140298770876160: r->filehandle = 36, r->size = 1048576, r->offset = 266338304
15:16:00 ERROR /home/bsc03/bsc03353/forge/src/dispatcher/posix.c:62 140298770876160: single write -1 of expected 1048576
15:16:11 ERROR /home/bsc03/bsc03353/forge/src/dispatcher/posix.c:61 140530931263232: r->filehandle = 35, r->size = 1048576, r->offset = 48234496
15:16:11 ERROR /home/bsc03/bsc03353/forge/src/dispatcher/posix.c:62 140530931263232: single write -1 of expected 1048576
15:16:12 ERROR /home/bsc03/bsc03353/forge/src/dispatcher/posix.c:61 140315950778112: r->filehandle = 36, r->size = 1048576, r->offset = 207618048
15:16:12 ERROR /home/bsc03/bsc03353/forge/src/dispatcher/posix.c:62 140315950778112: single write -1 of expected 1048576
15:16:13 ERROR /home/bsc03/bsc03353/forge/src/dispatcher/posix.c:61 139994668582656: r->filehandle = 36, r->size = 1048576, r->offset = 303038464
15:16:13 ERROR /home/bsc03/bsc03353/forge/src/dispatcher/posix.c:62 139994668582656: single write -1 of expected 1048576
15:16:14 ERROR /home/bsc03/bsc03353/forge/src/dispatcher/posix.c:61 139996816070400: r->filehandle = 36, r->size = 1048576, r->offset = 314572800
15:16:14 ERROR /home/bsc03/bsc03353/forge/src/dispatcher/posix.c:62 139996816070400: single write -1 of expected 1048576
15:16:18 ERROR /home/bsc03/bsc03353/forge/src/dispatcher/posix.c:61 139977488680704: r->filehandle = 36, r->size = 1048576, r->offset = 305135616
15:16:18 ERROR /home/bsc03/bsc03353/forge/src/dispatcher/posix.c:62 139977488680704: single write -1 of expected 1048576
15:16:21 ERROR /home/bsc03/bsc03353/forge/src/dispatcher/posix.c:61 140695178483456: r->filehandle = 36, r->size = 1048576, r->offset = 104857600
15:16:21 ERROR /home/bsc03/bsc03353/forge/src/dispatcher/posix.c:62 140695178483456: single write -1 of expected 1048576
15:16:23 ERROR /home/bsc03/bsc03353/forge/src/dispatcher/posix.c:61 140699473458944: r->filehandle = 36, r->size = 1048576, r->offset = 148897792
15:16:23 ERROR /home/bsc03/bsc03353/forge/src/dispatcher/posix.c:62 140699473458944: single write -1 of expected 1048576
15:16:26 ERROR /home/bsc03/bsc03353/forge/src/dispatcher/posix.c:61 140710210897664: r->filehandle = 36, r->size = 1048576, r->offset = 158334976
15:16:26 ERROR /home/bsc03/bsc03353/forge/src/dispatcher/posix.c:62 140710210897664: single write -1 of expected 1048576
15:16:28 ERROR /home/bsc03/bsc03353/forge/src/dispatcher/posix.c:61 139979636168448: r->filehandle = 36, r->size = 1048576, r->offset = 341835776
15:16:28 ERROR /home/bsc03/bsc03353/forge/src/dispatcher/posix.c:62 139979636168448: single write -1 of expected 1048576
15:16:33 ERROR /home/bsc03/bsc03353/forge/src/dispatcher/posix.c:61 140524488800000: r->filehandle = 35, r->size = 1048576, r->offset = 81788928
15:16:33 ERROR /home/bsc03/bsc03353/forge/src/dispatcher/posix.c:62 140524488800000: single write -1 of expected 1048576
15:16:41 ERROR /home/bsc03/bsc03353/forge/src/dispatcher/posix.c:61 140311655802624: r->filehandle = 36, r->size = 1048576, r->offset = 275775488
15:16:41 ERROR /home/bsc03/bsc03353/forge/src/dispatcher/posix.c:62 140311655802624: single write -1 of expected 1048576
15:16:46 ERROR /home/bsc03/bsc03353/forge/src/dispatcher/posix.c:61 140303065851648: r->filehandle = 36, r->size = 1048576, r->offset = 208666624
15:16:46 ERROR /home/bsc03/bsc03353/forge/src/dispatcher/posix.c:62 140303065851648: single write -1 of expected 1048576
15:16:58 ERROR /home/bsc03/bsc03353/forge/src/dispatcher/posix.c:61 140296623388416: r->filehandle = 36, r->size = 1048576, r->offset = 241172480
15:16:58 ERROR /home/bsc03/bsc03353/forge/src/dispatcher/posix.c:62 140296623388416: single write -1 of expected 1048576
15:16:58 ERROR /home/bsc03/bsc03353/forge/src/dispatcher/posix.c:61 140305213339392: r->filehandle = 36, r->size = 1048576, r->offset = 281018368
15:16:58 ERROR /home/bsc03/bsc03353/forge/src/dispatcher/posix.c:62 140305213339392: single write -1 of expected 1048576
15:17:04 ERROR /home/bsc03/bsc03353/forge/src/dispatcher/posix.c:61 140318098265856: r->filehandle = 36, r->size = 1048576, r->offset = 271581184
15:17:04 ERROR /home/bsc03/bsc03353/forge/src/dispatcher/posix.c:62 140318098265856: single write -1 of expected 1048576
15:17:06 ERROR /home/bsc03/bsc03353/forge/src/dispatcher/posix.c:61 140320245753600: r->filehandle = 36, r->size = 1048576, r->offset = 274726912
15:17:06 ERROR /home/bsc03/bsc03353/forge/src/dispatcher/posix.c:62 140320245753600: single write -1 of expected 1048576
15:17:08 ERROR /home/bsc03/bsc03353/forge/src/dispatcher/posix.c:61 140680146069248: r->filehandle = 36, r->size = 1048576, r->offset = 123731968
15:17:08 ERROR /home/bsc03/bsc03353/forge/src/dispatcher/posix.c:62 140680146069248: single write -1 of expected 1048576
15:17:12 ERROR /home/bsc03/bsc03353/forge/src/dispatcher/posix.c:61 140703768434432: r->filehandle = 36, r->size = 1048576, r->offset = 171966464
15:17:12 ERROR /home/bsc03/bsc03353/forge/src/dispatcher/posix.c:62 140703768434432: single write -1 of expected 1048576
15:17:14 ERROR /home/bsc03/bsc03353/forge/src/dispatcher/posix.c:61 140518046336768: r->filehandle = 35, r->size = 1048576, r->offset = 71303168
15:17:14 ERROR /home/bsc03/bsc03353/forge/src/dispatcher/posix.c:62 140518046336768: single write -1 of expected 1048576
15:17:37 ERROR /home/bsc03/bsc03353/forge/src/dispatcher/posix.c:61 139986078631680: r->filehandle = 36, r->size = 1048576, r->offset = 393216000
15:17:37 ERROR /home/bsc03/bsc03353/forge/src/dispatcher/posix.c:62 139986078631680: single write -1 of expected 1048576
15:17:39 ERROR /home/bsc03/bsc03353/forge/src/dispatcher/posix.c:61 139977488680704: r->filehandle = 36, r->size = 1048576, r->offset = 338690048
15:17:39 ERROR /home/bsc03/bsc03353/forge/src/dispatcher/posix.c:62 139977488680704: single write -1 of expected 1048576
15:17:42 ERROR /home/bsc03/bsc03353/forge/src/dispatcher/posix.c:61 139975341192960: r->filehandle = 36, r->size = 1048576, r->offset = 339738624
15:17:42 ERROR /home/bsc03/bsc03353/forge/src/dispatcher/posix.c:62 139975341192960: single write -1 of expected 1048576
15:17:46 ERROR /home/bsc03/bsc03353/forge/src/dispatcher/posix.c:61 139988226119424: r->filehandle = 36, r->size = 1048576, r->offset = 390070272
15:17:46 ERROR /home/bsc03/bsc03353/forge/src/dispatcher/posix.c:62 139988226119424: single write -1 of expected 1048576
15:17:52 ERROR /home/bsc03/bsc03353/forge/src/dispatcher/posix.c:61 140290180925184: r->filehandle = 36, r->size = 1048576, r->offset = 272629760
15:17:52 ERROR /home/bsc03/bsc03353/forge/src/dispatcher/posix.c:62 140290180925184: single write -1 of expected 1048576
15:17:55 ERROR /home/bsc03/bsc03353/forge/src/dispatcher/posix.c:61 139981783656192: r->filehandle = 36, r->size = 1048576, r->offset = 383778816
15:17:55 ERROR /home/bsc03/bsc03353/forge/src/dispatcher/posix.c:62 139981783656192: single write -1 of expected 1048576
15:17:59 ERROR /home/bsc03/bsc03353/forge/src/dispatcher/posix.c:61 140001111045888: r->filehandle = 36, r->size = 1048576, r->offset = 364904448
15:17:59 ERROR /home/bsc03/bsc03353/forge/src/dispatcher/posix.c:62 140001111045888: single write -1 of expected 1048576
15:18:01 ERROR /home/bsc03/bsc03353/forge/src/dispatcher/posix.c:61 139998963558144: r->filehandle = 36, r->size = 1048576, r->offset = 348127232
15:18:01 ERROR /home/bsc03/bsc03353/forge/src/dispatcher/posix.c:62 139998963558144: single write -1 of expected 1048576
15:18:04 ERROR /home/bsc03/bsc03353/forge/src/dispatcher/posix.c:61 139986078631680: r->filehandle = 36, r->size = 1048576, r->offset = 368050176
15:18:04 ERROR /home/bsc03/bsc03353/forge/src/dispatcher/posix.c:62 139986078631680: single write -1 of expected 1048576
15:18:09 ERROR /home/bsc03/bsc03353/forge/src/dispatcher/posix.c:61 139996816070400: r->filehandle = 36, r->size = 1048576, r->offset = 326107136
15:18:09 ERROR /home/bsc03/bsc03353/forge/src/dispatcher/posix.c:62 139996816070400: single write -1 of expected 1048576
15:18:16 ERROR /home/bsc03/bsc03353/forge/src/dispatcher/posix.c:61 139983931143936: r->filehandle = 36, r->size = 1048576, r->offset = 335544320
15:18:16 ERROR /home/bsc03/bsc03353/forge/src/dispatcher/posix.c:62 139983931143936: single write -1 of expected 1048576
15:18:18 ERROR /home/bsc03/bsc03353/forge/src/dispatcher/posix.c:61 140701620946688: r->filehandle = 36, r->size = 1048576, r->offset = 141557760
15:18:18 ERROR /home/bsc03/bsc03353/forge/src/dispatcher/posix.c:62 140701620946688: single write -1 of expected 1048576
15:18:20 ERROR /home/bsc03/bsc03353/forge/src/dispatcher/posix.c:61 140697325971200: r->filehandle = 36, r->size = 1048576, r->offset = 197132288
15:18:20 ERROR /home/bsc03/bsc03353/forge/src/dispatcher/posix.c:62 140697325971200: single write -1 of expected 1048576
15:18:32 ERROR /home/bsc03/bsc03353/forge/src/dispatcher/posix.c:61 140537373726464: r->filehandle = 35, r->size = 1048576, r->offset = 23068672
15:18:32 ERROR /home/bsc03/bsc03353/forge/src/dispatcher/posix.c:62 140537373726464: single write -1 of expected 1048576
15:18:35 ERROR /home/bsc03/bsc03353/forge/src/dispatcher/posix.c:61 140705915922176: r->filehandle = 36, r->size = 1048576, r->offset = 106954752
15:18:35 ERROR /home/bsc03/bsc03353/forge/src/dispatcher/posix.c:62 140705915922176: single write -1 of expected 1048576
15:18:41 ERROR /home/bsc03/bsc03353/forge/src/dispatcher/posix.c:61 140690883507968: r->filehandle = 36, r->size = 1048576, r->offset = 138412032
15:18:41 ERROR /home/bsc03/bsc03353/forge/src/dispatcher/posix.c:62 140690883507968: single write -1 of expected 1048576
15:18:49 ERROR /home/bsc03/bsc03353/forge/src/dispatcher/posix.c:61 140307360827136: r->filehandle = 36, r->size = 1048576, r->offset = 242221056
15:18:49 ERROR /home/bsc03/bsc03353/forge/src/dispatcher/posix.c:62 140307360827136: single write -1 of expected 1048576
15:18:52 ERROR /home/bsc03/bsc03353/forge/src/dispatcher/posix.c:61 139992521094912: r->filehandle = 36, r->size = 1048576, r->offset = 381681664
15:18:52 ERROR /home/bsc03/bsc03353/forge/src/dispatcher/posix.c:62 139992521094912: single write -1 of expected 1048576
15:18:53 ERROR /home/bsc03/bsc03353/forge/src/dispatcher/posix.c:61 140712358385408: r->filehandle = 36, r->size = 1048576, r->offset = 174063616
15:18:53 ERROR /home/bsc03/bsc03353/forge/src/dispatcher/posix.c:62 140712358385408: single write -1 of expected 1048576
15:18:57 ERROR /home/bsc03/bsc03353/forge/src/dispatcher/posix.c:61 140507308898048: r->filehandle = 35, r->size = 1048576, r->offset = 29360128
15:18:57 ERROR /home/bsc03/bsc03353/forge/src/dispatcher/posix.c:62 140507308898048: single write -1 of expected 1048576
15:19:00 ERROR /home/bsc03/bsc03353/forge/src/dispatcher/posix.c:61 140294475900672: r->filehandle = 36, r->size = 1048576, r->offset = 239075328
15:19:00 ERROR /home/bsc03/bsc03353/forge/src/dispatcher/posix.c:62 140294475900672: single write -1 of expected 1048576
15:19:05 ERROR /home/bsc03/bsc03353/forge/src/dispatcher/posix.c:61 140303065851648: r->filehandle = 36, r->size = 1048576, r->offset = 300941312
15:19:05 ERROR /home/bsc03/bsc03353/forge/src/dispatcher/posix.c:62 140303065851648: single write -1 of expected 1048576
15:19:08 ERROR /home/bsc03/bsc03353/forge/src/dispatcher/posix.c:61 139998963558144: r->filehandle = 36, r->size = 1048576, r->offset = 385875968
15:19:08 ERROR /home/bsc03/bsc03353/forge/src/dispatcher/posix.c:62 139998963558144: single write -1 of expected 1048576
15:19:09 ERROR /home/bsc03/bsc03353/forge/src/dispatcher/posix.c:61 139971046217472: r->filehandle = 36, r->size = 1048576, r->offset = 370147328
15:19:09 ERROR /home/bsc03/bsc03353/forge/src/dispatcher/posix.c:62 139971046217472: single write -1 of expected 1048576
15:19:10 ERROR /home/bsc03/bsc03353/forge/src/dispatcher/posix.c:61 140537373726464: r->filehandle = 35, r->size = 1048576, r->offset = 7340032
15:19:10 ERROR /home/bsc03/bsc03353/forge/src/dispatcher/posix.c:62 140537373726464: single write -1 of expected 1048576
15:19:12 ERROR /home/bsc03/bsc03353/forge/src/dispatcher/posix.c:61 140695178483456: r->filehandle = 36, r->size = 1048576, r->offset = 199229440
15:19:12 ERROR /home/bsc03/bsc03353/forge/src/dispatcher/posix.c:62 140695178483456: single write -1 of expected 1048576
15:19:15 ERROR /home/bsc03/bsc03353/forge/src/dispatcher/posix.c:61 140686588532480: r->filehandle = 36, r->size = 1048576, r->offset = 108003328
15:19:15 ERROR /home/bsc03/bsc03353/forge/src/dispatcher/posix.c:62 140686588532480: single write -1 of expected 1048576
15:19:19 ERROR /home/bsc03/bsc03353/forge/src/dispatcher/posix.c:61 140313803290368: r->filehandle = 36, r->size = 1048576, r->offset = 232783872
15:19:19 ERROR /home/bsc03/bsc03353/forge/src/dispatcher/posix.c:62 140313803290368: single write -1 of expected 1048576
15:19:25 ERROR /home/bsc03/bsc03353/forge/src/dispatcher/posix.c:61 140318098265856: r->filehandle = 36, r->size = 1048576, r->offset = 225443840
15:19:25 ERROR /home/bsc03/bsc03353/forge/src/dispatcher/posix.c:62 140318098265856: single write -1 of expected 1048576
15:19:26 ERROR /home/bsc03/bsc03353/forge/src/dispatcher/posix.c:61 139988226119424: r->filehandle = 36, r->size = 1048576, r->offset = 374341632
15:19:26 ERROR /home/bsc03/bsc03353/forge/src/dispatcher/posix.c:62 139988226119424: single write -1 of expected 1048576
15:19:29 ERROR /home/bsc03/bsc03353/forge/src/dispatcher/posix.c:61 139979636168448: r->filehandle = 36, r->size = 1048576, r->offset = 307232768
15:19:29 ERROR /home/bsc03/bsc03353/forge/src/dispatcher/posix.c:62 139979636168448: single write -1 of expected 1048576
15:19:32 ERROR /home/bsc03/bsc03353/forge/src/dispatcher/posix.c:61 140693030995712: r->filehandle = 36, r->size = 1048576, r->offset = 190840832
15:19:32 ERROR /home/bsc03/bsc03353/forge/src/dispatcher/posix.c:62 140693030995712: single write -1 of expected 1048576
15:19:34 ERROR /home/bsc03/bsc03353/forge/src/dispatcher/posix.c:61 140533078750976: r->filehandle = 35, r->size = 1048576, r->offset = 62914560
15:19:34 ERROR /home/bsc03/bsc03353/forge/src/dispatcher/posix.c:62 140533078750976: single write -1 of expected 1048576
15:19:36 ERROR /home/bsc03/bsc03353/forge/src/dispatcher/posix.c:61 140288033437440: r->filehandle = 36, r->size = 1048576, r->offset = 283115520
15:19:36 ERROR /home/bsc03/bsc03353/forge/src/dispatcher/posix.c:62 140288033437440: single write -1 of expected 1048576
slurmstepd: error: *** JOB 8737313 ON s09r1b02 CANCELLED AT 2020-02-07T15:19:39 DUE TO TIME LIMIT ***
--------------------------------------------------------------------------
ORTE has lost communication with a remote daemon.

  HNP daemon   : [[10807,0],0] on node s09r1b02
  Remote daemon: [[10807,0],3] on node s19r2b50

This is usually due to either a failure of the TCP network
connection to the node, or possibly an internal failure of
the daemon itself. We cannot recover from this failure, and
therefore will terminate the job.
--------------------------------------------------------------------------
slurmstepd: error: proctrack_p_wait: Unable to destroy container 393268 in cgroup plugin, giving up after 128 sec
