Set GCC compilers as MPI wrappers backend 
remove impi/2017.4 (PATH, MANPATH, LD_LIBRARY_PATH) 
load openmpi/4.0.2_UCX (PATH, MANPATH, LD_LIBRARY_PATH) 
Set GCC compilers as MPI wrappers backend 
load gsl/2.4 (PATH, LD_LIBRARY_PATH, LIBRARY_PATH, MANPATH, INFOPATH,
C_INCLUDE_PATH, CPLUS_INCLUDE_PATH, PKG_CONFIG_PATH, GSL_DIR) 
07:35:19 INFO  /home/bsc03/bsc03353/forge/src/main.c:107 139657070991424: I/O Forwarding Exploration [START]
Will AGIOS generate trace files? NO
Default scheduling algorithm: TO
TWINS window size: 1000000
Will the Prediction Module read information from trace files? NO
File with access time functions: /home/bsc03/bsc03353/forge/agios/access_times.func
AGIOS thinks its user has stripe size of 32768
Will AGIOS generate trace files? NO
Default scheduling algorithm: TO
TWINS window size: 1000000
Will the Prediction Module read information from trace files? NO
File with access time functions: /home/bsc03/bsc03353/forge/agios/access_times.func
AGIOS thinks its user has stripe size of 32768
Will AGIOS generate trace files? NO
Default scheduling algorithm: TO
TWINS window size: 1000000
Will the Prediction Module read information from trace files? NO
File with access time functions: /home/bsc03/bsc03353/forge/agios/access_times.func
AGIOS thinks its user has stripe size of 32768
Will AGIOS generate trace files? NO
Default scheduling algorithm: TO
TWINS window size: 1000000
Will the Prediction Module read information from trace files? NO
File with access time functions: /home/bsc03/bsc03353/forge/agios/access_times.func
AGIOS thinks its user has stripe size of 32768
Will AGIOS generate trace files? NO
Default scheduling algorithm: TO
TWINS window size: 1000000
Will the Prediction Module read information from trace files? NO
File with access time functions: /home/bsc03/bsc03353/forge/agios/access_times.func
AGIOS thinks its user has stripe size of 32768
Will AGIOS generate trace files? NO
Default scheduling algorithm: TO
TWINS window size: 1000000
Will the Prediction Module read information from trace files? NO
File with access time functions: /home/bsc03/bsc03353/forge/agios/access_times.func
AGIOS thinks its user has stripe size of 32768
Will AGIOS generate trace files? NO
Default scheduling algorithm: TO
TWINS window size: 1000000
Will the Prediction Module read information from trace files? NO
File with access time functions: /home/bsc03/bsc03353/forge/agios/access_times.func
AGIOS thinks its user has stripe size of 32768
Will AGIOS generate trace files? NO
Default scheduling algorithm: TO
TWINS window size: 1000000
Will the Prediction Module read information from trace files? NO
File with access time functions: /home/bsc03/bsc03353/forge/agios/access_times.func
AGIOS thinks its user has stripe size of 32768
07:35:30 ERROR /home/bsc03/bsc03353/forge/src/dispatcher/posix.c:61 140271413282560: r->filehandle = 36, r->size = 6291456, r->offset = 509607936
07:35:30 ERROR /home/bsc03/bsc03353/forge/src/dispatcher/posix.c:62 140271413282560: single write -1 of expected 6291456
07:35:31 ERROR /home/bsc03/bsc03353/forge/src/dispatcher/posix.c:61 140073552865024: r->filehandle = 36, r->size = 6291456, r->offset = 931135488
07:35:31 ERROR /home/bsc03/bsc03353/forge/src/dispatcher/posix.c:62 140073552865024: single write -1 of expected 6291456
07:35:32 ERROR /home/bsc03/bsc03353/forge/src/dispatcher/posix.c:61 140495203247872: r->filehandle = 36, r->size = 6291456, r->offset = 390070272
07:35:32 ERROR /home/bsc03/bsc03353/forge/src/dispatcher/posix.c:62 140495203247872: single write -1 of expected 6291456
07:35:33 ERROR /home/bsc03/bsc03353/forge/src/dispatcher/posix.c:61 139645650786048: r->filehandle = 35, r->size = 6291456, r->offset = 12582912
07:35:34 ERROR /home/bsc03/bsc03353/forge/src/dispatcher/posix.c:62 139645650786048: single write -1 of expected 6291456
07:35:34 ERROR /home/bsc03/bsc03353/forge/src/dispatcher/posix.c:61 140478023345920: r->filehandle = 36, r->size = 6291456, r->offset = 396361728
07:35:34 ERROR /home/bsc03/bsc03353/forge/src/dispatcher/posix.c:62 140478023345920: single write -1 of expected 6291456
07:35:34 ERROR /home/bsc03/bsc03353/forge/src/dispatcher/posix.c:61 139800135694080: r->filehandle = 36, r->size = 6291456, r->offset = 220200960
07:35:34 ERROR /home/bsc03/bsc03353/forge/src/dispatcher/posix.c:62 139800135694080: single write -1 of expected 6291456
07:35:34 ERROR /home/bsc03/bsc03353/forge/src/dispatcher/posix.c:61 140095027742464: r->filehandle = 36, r->size = 6291456, r->offset = 924844032
07:35:34 ERROR /home/bsc03/bsc03353/forge/src/dispatcher/posix.c:62 140095027742464: single write -1 of expected 6291456
07:35:35 ERROR /home/bsc03/bsc03353/forge/src/dispatcher/posix.c:61 140267118307072: r->filehandle = 36, r->size = 6291456, r->offset = 490733568
07:35:35 ERROR /home/bsc03/bsc03353/forge/src/dispatcher/posix.c:62 140267118307072: single write -1 of expected 6291456
07:35:35 ERROR /home/bsc03/bsc03353/forge/src/dispatcher/posix.c:61 139630618371840: r->filehandle = 35, r->size = 6291456, r->offset = 0
07:35:35 ERROR /home/bsc03/bsc03353/forge/src/dispatcher/posix.c:62 139630618371840: single write -1 of expected 6291456
07:35:35 ERROR /home/bsc03/bsc03353/forge/src/dispatcher/posix.c:61 140207445690112: r->filehandle = 36, r->size = 6291456, r->offset = 1157627904
07:35:35 ERROR /home/bsc03/bsc03353/forge/src/dispatcher/posix.c:61 140251287402240: r->filehandle = 36, r->size = 6291456, r->offset = 874512384
07:35:35 ERROR /home/bsc03/bsc03353/forge/src/dispatcher/posix.c:62 140207445690112: single write -1 of expected 6291456
07:35:35 ERROR /home/bsc03/bsc03353/forge/src/dispatcher/posix.c:62 140251287402240: single write -1 of expected 6291456
07:35:36 ERROR /home/bsc03/bsc03353/forge/src/dispatcher/posix.c:61 140257729865472: r->filehandle = 36, r->size = 6291456, r->offset = 754974720
07:35:36 ERROR /home/bsc03/bsc03353/forge/src/dispatcher/posix.c:62 140257729865472: single write -1 of expected 6291456
07:35:37 ERROR /home/bsc03/bsc03353/forge/src/dispatcher/posix.c:61 139718235264768: r->filehandle = 36, r->size = 6291456, r->offset = 729808896
07:35:37 ERROR /home/bsc03/bsc03353/forge/src/dispatcher/posix.c:62 139718235264768: single write -1 of expected 6291456
07:35:38 ERROR /home/bsc03/bsc03353/forge/src/dispatcher/posix.c:61 139804430669568: r->filehandle = 36, r->size = 6291456, r->offset = 226492416
07:35:38 ERROR /home/bsc03/bsc03353/forge/src/dispatcher/posix.c:62 139804430669568: single write -1 of expected 6291456
07:35:39 ERROR /home/bsc03/bsc03353/forge/src/dispatcher/posix.c:61 140256380868352: r->filehandle = 36, r->size = 6291456, r->offset = 484442112
07:35:39 ERROR /home/bsc03/bsc03353/forge/src/dispatcher/posix.c:62 140256380868352: single write -1 of expected 6291456
07:35:40 ERROR /home/bsc03/bsc03353/forge/src/dispatcher/posix.c:61 140259877353216: r->filehandle = 36, r->size = 6291456, r->offset = 786432000
07:35:40 ERROR /home/bsc03/bsc03353/forge/src/dispatcher/posix.c:62 140259877353216: single write -1 of expected 6291456
07:35:40 ERROR /home/bsc03/bsc03353/forge/src/dispatcher/posix.c:61 139707497826048: r->filehandle = 36, r->size = 6291456, r->offset = 610271232
07:35:40 ERROR /home/bsc03/bsc03353/forge/src/dispatcher/posix.c:62 139707497826048: single write -1 of expected 6291456
07:35:42 ERROR /home/bsc03/bsc03353/forge/src/dispatcher/posix.c:61 139622028420864: r->filehandle = 35, r->size = 6291456, r->offset = 106954752
07:35:42 ERROR /home/bsc03/bsc03353/forge/src/dispatcher/posix.c:62 139622028420864: single write -1 of expected 6291456
07:35:43 ERROR /home/bsc03/bsc03353/forge/src/dispatcher/posix.c:61 140069257889536: r->filehandle = 36, r->size = 6291456, r->offset = 1050673152
07:35:43 ERROR /home/bsc03/bsc03353/forge/src/dispatcher/posix.c:62 140069257889536: single write -1 of expected 6291456
07:35:43 ERROR /home/bsc03/bsc03353/forge/src/dispatcher/posix.c:61 139626323396352: r->filehandle = 35, r->size = 6291456, r->offset = 100663296
07:35:43 ERROR /home/bsc03/bsc03353/forge/src/dispatcher/posix.c:62 139626323396352: single write -1 of expected 6291456
07:35:44 ERROR /home/bsc03/bsc03353/forge/src/dispatcher/posix.c:61 139787250767616: r->filehandle = 36, r->size = 6291456, r->offset = 207618048
07:35:44 ERROR /home/bsc03/bsc03353/forge/src/dispatcher/posix.c:62 139787250767616: single write -1 of expected 6291456
07:35:44 ERROR /home/bsc03/bsc03353/forge/src/dispatcher/posix.c:61 140213888153344: r->filehandle = 36, r->size = 6291456, r->offset = 1138753536
07:35:44 ERROR /home/bsc03/bsc03353/forge/src/dispatcher/posix.c:62 140213888153344: single write -1 of expected 6291456
07:35:45 ERROR /home/bsc03/bsc03353/forge/src/dispatcher/posix.c:61 140086437791488: r->filehandle = 36, r->size = 6291456, r->offset = 1044381696
07:35:45 ERROR /home/bsc03/bsc03353/forge/src/dispatcher/posix.c:62 140086437791488: single write -1 of expected 6291456
07:35:48 ERROR /home/bsc03/bsc03353/forge/src/dispatcher/posix.c:61 140497350735616: r->filehandle = 36, r->size = 6291456, r->offset = 371195904
07:35:48 ERROR /home/bsc03/bsc03353/forge/src/dispatcher/posix.c:62 140497350735616: single write -1 of expected 6291456
07:35:49 ERROR /home/bsc03/bsc03353/forge/src/dispatcher/posix.c:61 139793693230848: r->filehandle = 36, r->size = 6291456, r->offset = 188743680
07:35:49 ERROR /home/bsc03/bsc03353/forge/src/dispatcher/posix.c:62 139793693230848: single write -1 of expected 6291456
07:35:49 ERROR /home/bsc03/bsc03353/forge/src/dispatcher/posix.c:61 139701055362816: r->filehandle = 36, r->size = 6291456, r->offset = 742391808
07:35:49 ERROR /home/bsc03/bsc03353/forge/src/dispatcher/posix.c:62 139701055362816: single write -1 of expected 6291456
07:35:53 ERROR /home/bsc03/bsc03353/forge/src/dispatcher/posix.c:61 139643503298304: r->filehandle = 35, r->size = 6291456, r->offset = 62914560
07:35:53 ERROR /home/bsc03/bsc03353/forge/src/dispatcher/posix.c:62 139643503298304: single write -1 of expected 6291456
07:35:54 ERROR /home/bsc03/bsc03353/forge/src/dispatcher/posix.c:61 139649945761536: r->filehandle = 35, r->size = 6291456, r->offset = 50331648
07:35:54 ERROR /home/bsc03/bsc03353/forge/src/dispatcher/posix.c:62 139649945761536: single write -1 of expected 6291456
07:35:54 ERROR /home/bsc03/bsc03353/forge/src/dispatcher/posix.c:61 139647798273792: r->filehandle = 35, r->size = 6291456, r->offset = 138412032
07:35:54 ERROR /home/bsc03/bsc03353/forge/src/dispatcher/posix.c:62 139647798273792: single write -1 of expected 6291456
07:35:54 ERROR /home/bsc03/bsc03353/forge/src/dispatcher/posix.c:61 140258528356096: r->filehandle = 36, r->size = 6291456, r->offset = 597688320
07:35:54 ERROR /home/bsc03/bsc03353/forge/src/dispatcher/posix.c:62 140258528356096: single write -1 of expected 6291456
07:35:55 ERROR /home/bsc03/bsc03353/forge/src/dispatcher/posix.c:61 139619880933120: r->filehandle = 35, r->size = 6291456, r->offset = 94371840
07:35:55 ERROR /home/bsc03/bsc03353/forge/src/dispatcher/posix.c:62 139619880933120: single write -1 of expected 6291456
07:35:55 ERROR /home/bsc03/bsc03353/forge/src/dispatcher/posix.c:61 140471580882688: r->filehandle = 36, r->size = 6291456, r->offset = 440401920
07:35:55 ERROR /home/bsc03/bsc03353/forge/src/dispatcher/posix.c:62 140471580882688: single write -1 of expected 6291456
07:35:56 ERROR /home/bsc03/bsc03353/forge/src/dispatcher/posix.c:61 140475875858176: r->filehandle = 36, r->size = 6291456, r->offset = 308281344
07:35:56 ERROR /home/bsc03/bsc03353/forge/src/dispatcher/posix.c:62 140475875858176: single write -1 of expected 6291456
07:35:57 ERROR /home/bsc03/bsc03353/forge/src/dispatcher/posix.c:61 140493055760128: r->filehandle = 36, r->size = 6291456, r->offset = 434110464
07:35:57 ERROR /home/bsc03/bsc03353/forge/src/dispatcher/posix.c:62 140493055760128: single write -1 of expected 6291456
07:35:58 ERROR /home/bsc03/bsc03353/forge/src/dispatcher/posix.c:61 140490908272384: r->filehandle = 36, r->size = 6291456, r->offset = 358612992
07:35:58 ERROR /home/bsc03/bsc03353/forge/src/dispatcher/posix.c:62 140490908272384: single write -1 of expected 6291456
07:36:00 ERROR /home/bsc03/bsc03353/forge/src/dispatcher/posix.c:61 140194560763648: r->filehandle = 36, r->size = 6291456, r->offset = 1170210816
07:36:00 ERROR /home/bsc03/bsc03353/forge/src/dispatcher/posix.c:62 140194560763648: single write -1 of expected 6291456
07:36:02 ERROR /home/bsc03/bsc03353/forge/src/dispatcher/posix.c:61 140207445690112: r->filehandle = 36, r->size = 6291456, r->offset = 1094713344
07:36:02 ERROR /home/bsc03/bsc03353/forge/src/dispatcher/posix.c:62 140207445690112: single write -1 of expected 6291456
07:36:03 ERROR /home/bsc03/bsc03353/forge/src/dispatcher/posix.c:61 140211740665600: r->filehandle = 36, r->size = 6291456, r->offset = 1101004800
07:36:03 ERROR /home/bsc03/bsc03353/forge/src/dispatcher/posix.c:62 140211740665600: single write -1 of expected 6291456
07:36:04 ERROR /home/bsc03/bsc03353/forge/src/dispatcher/posix.c:61 139789398255360: r->filehandle = 36, r->size = 6291456, r->offset = 232783872
07:36:04 ERROR /home/bsc03/bsc03353/forge/src/dispatcher/posix.c:62 139789398255360: single write -1 of expected 6291456
07:36:05 ERROR /home/bsc03/bsc03353/forge/src/dispatcher/posix.c:61 140073552865024: r->filehandle = 36, r->size = 6291456, r->offset = 1025507328
07:36:05 ERROR /home/bsc03/bsc03353/forge/src/dispatcher/posix.c:62 140073552865024: single write -1 of expected 6291456
07:36:08 ERROR /home/bsc03/bsc03353/forge/src/dispatcher/posix.c:61 140090732766976: r->filehandle = 36, r->size = 6291456, r->offset = 2252341248
07:36:08 ERROR /home/bsc03/bsc03353/forge/src/dispatcher/posix.c:62 140090732766976: single write -1 of expected 6291456
07:36:10 ERROR /home/bsc03/bsc03353/forge/src/dispatcher/posix.c:61 140095027742464: r->filehandle = 36, r->size = 6291456, r->offset = 905969664
07:36:10 ERROR /home/bsc03/bsc03353/forge/src/dispatcher/posix.c:62 140095027742464: single write -1 of expected 6291456
07:36:10 ERROR /home/bsc03/bsc03353/forge/src/dispatcher/posix.c:61 140071405377280: r->filehandle = 36, r->size = 6291456, r->offset = 2258632704
07:36:10 ERROR /home/bsc03/bsc03353/forge/src/dispatcher/posix.c:62 140071405377280: single write -1 of expected 6291456
07:36:13 ERROR /home/bsc03/bsc03353/forge/src/dispatcher/posix.c:61 140255582377728: r->filehandle = 36, r->size = 6291456, r->offset = 836763648
07:36:13 ERROR /home/bsc03/bsc03353/forge/src/dispatcher/posix.c:62 140255582377728: single write -1 of expected 6291456
07:36:17 ERROR /home/bsc03/bsc03353/forge/src/dispatcher/posix.c:61 139696760387328: r->filehandle = 36, r->size = 6291456, r->offset = 660602880
07:36:17 ERROR /home/bsc03/bsc03353/forge/src/dispatcher/posix.c:62 139696760387328: single write -1 of expected 6291456
07:36:17 ERROR /home/bsc03/bsc03353/forge/src/dispatcher/posix.c:61 139639208322816: r->filehandle = 35, r->size = 6291456, r->offset = 144703488
07:36:17 ERROR /home/bsc03/bsc03353/forge/src/dispatcher/posix.c:62 139639208322816: single write -1 of expected 6291456
07:36:18 ERROR /home/bsc03/bsc03353/forge/src/dispatcher/posix.c:61 139716087777024: r->filehandle = 36, r->size = 6291456, r->offset = 666894336
07:36:18 ERROR /home/bsc03/bsc03353/forge/src/dispatcher/posix.c:62 139716087777024: single write -1 of expected 6291456
07:36:18 ERROR /home/bsc03/bsc03353/forge/src/dispatcher/posix.c:61 140252085892864: r->filehandle = 36, r->size = 6291456, r->offset = 547356672
07:36:18 ERROR /home/bsc03/bsc03353/forge/src/dispatcher/posix.c:62 140252085892864: single write -1 of expected 6291456
07:36:22 ERROR /home/bsc03/bsc03353/forge/src/dispatcher/posix.c:61 140497350735616: r->filehandle = 36, r->size = 6291456, r->offset = 339738624
07:36:22 ERROR /home/bsc03/bsc03353/forge/src/dispatcher/posix.c:62 140497350735616: single write -1 of expected 6291456
07:36:23 ERROR /home/bsc03/bsc03353/forge/src/dispatcher/posix.c:61 140484465809152: r->filehandle = 36, r->size = 6291456, r->offset = 1604321280
07:36:23 ERROR /home/bsc03/bsc03353/forge/src/dispatcher/posix.c:62 140484465809152: single write -1 of expected 6291456
07:36:23 ERROR /home/bsc03/bsc03353/forge/src/dispatcher/posix.c:61 140499498223360: r->filehandle = 36, r->size = 6291456, r->offset = 1642070016
07:36:23 ERROR /home/bsc03/bsc03353/forge/src/dispatcher/posix.c:62 140499498223360: single write -1 of expected 6291456
07:36:24 ERROR /home/bsc03/bsc03353/forge/src/dispatcher/posix.c:61 140501645711104: r->filehandle = 36, r->size = 6291456, r->offset = 1516240896
07:36:24 ERROR /home/bsc03/bsc03353/forge/src/dispatcher/posix.c:62 140501645711104: single write -1 of expected 6291456
07:36:26 ERROR /home/bsc03/bsc03353/forge/src/dispatcher/posix.c:61 140490908272384: r->filehandle = 36, r->size = 6291456, r->offset = 320864256
07:36:26 ERROR /home/bsc03/bsc03353/forge/src/dispatcher/posix.c:62 140490908272384: single write -1 of expected 6291456
07:36:26 ERROR /home/bsc03/bsc03353/forge/src/dispatcher/posix.c:61 140480170833664: r->filehandle = 36, r->size = 6291456, r->offset = 1648361472
07:36:26 ERROR /home/bsc03/bsc03353/forge/src/dispatcher/posix.c:62 140480170833664: single write -1 of expected 6291456
07:36:28 ERROR /home/bsc03/bsc03353/forge/src/dispatcher/posix.c:61 140495203247872: r->filehandle = 36, r->size = 6291456, r->offset = 446693376
07:36:28 ERROR /home/bsc03/bsc03353/forge/src/dispatcher/posix.c:62 140495203247872: single write -1 of expected 6291456
07:36:33 ERROR /home/bsc03/bsc03353/forge/src/dispatcher/posix.c:61 140218183128832: r->filehandle = 36, r->size = 6291456, r->offset = 1151336448
07:36:33 ERROR /home/bsc03/bsc03353/forge/src/dispatcher/posix.c:62 140218183128832: single write -1 of expected 6291456
07:36:34 ERROR /home/bsc03/bsc03353/forge/src/dispatcher/posix.c:61 140213888153344: r->filehandle = 36, r->size = 6291456, r->offset = 1201668096
07:36:34 ERROR /home/bsc03/bsc03353/forge/src/dispatcher/posix.c:62 140213888153344: single write -1 of expected 6291456
07:36:35 ERROR /home/bsc03/bsc03353/forge/src/dispatcher/posix.c:61 140211740665600: r->filehandle = 36, r->size = 6291456, r->offset = 1189085184
07:36:35 ERROR /home/bsc03/bsc03353/forge/src/dispatcher/posix.c:62 140211740665600: single write -1 of expected 6291456
07:36:36 ERROR /home/bsc03/bsc03353/forge/src/dispatcher/posix.c:61 140207445690112: r->filehandle = 36, r->size = 6291456, r->offset = 1082130432
07:36:36 ERROR /home/bsc03/bsc03353/forge/src/dispatcher/posix.c:62 140207445690112: single write -1 of expected 6291456
07:36:37 ERROR /home/bsc03/bsc03353/forge/src/dispatcher/posix.c:61 140188118300416: r->filehandle = 36, r->size = 6291456, r->offset = 2378170368
07:36:37 ERROR /home/bsc03/bsc03353/forge/src/dispatcher/posix.c:62 140188118300416: single write -1 of expected 6291456
07:36:38 ERROR /home/bsc03/bsc03353/forge/src/dispatcher/posix.c:61 139778660816640: r->filehandle = 36, r->size = 6291456, r->offset = 276824064
07:36:38 ERROR /home/bsc03/bsc03353/forge/src/dispatcher/posix.c:62 139778660816640: single write -1 of expected 6291456
07:36:41 ERROR /home/bsc03/bsc03353/forge/src/dispatcher/posix.c:61 139617733445376: r->filehandle = 35, r->size = 6291456, r->offset = 132120576
07:36:41 ERROR /home/bsc03/bsc03353/forge/src/dispatcher/posix.c:62 139617733445376: single write -1 of expected 6291456
07:36:48 ERROR /home/bsc03/bsc03353/forge/src/dispatcher/posix.c:61 139626323396352: r->filehandle = 35, r->size = 6291456, r->offset = 1302331392
07:36:48 ERROR /home/bsc03/bsc03353/forge/src/dispatcher/posix.c:62 139626323396352: single write -1 of expected 6291456
07:36:51 ERROR /home/bsc03/bsc03353/forge/src/dispatcher/posix.c:61 139637060835072: r->filehandle = 35, r->size = 6291456, r->offset = 88080384
07:36:51 ERROR /home/bsc03/bsc03353/forge/src/dispatcher/posix.c:62 139637060835072: single write -1 of expected 6291456
07:36:52 ERROR /home/bsc03/bsc03353/forge/src/dispatcher/posix.c:61 140084290303744: r->filehandle = 36, r->size = 6291456, r->offset = 3466592256
07:36:52 ERROR /home/bsc03/bsc03353/forge/src/dispatcher/posix.c:62 140084290303744: single write -1 of expected 6291456
07:36:54 ERROR /home/bsc03/bsc03353/forge/src/dispatcher/posix.c:61 140082142816000: r->filehandle = 36, r->size = 6291456, r->offset = 3460300800
07:36:54 ERROR /home/bsc03/bsc03353/forge/src/dispatcher/posix.c:62 140082142816000: single write -1 of expected 6291456
07:36:57 ERROR /home/bsc03/bsc03353/forge/src/dispatcher/posix.c:61 140095027742464: r->filehandle = 36, r->size = 6291456, r->offset = 912261120
07:36:57 ERROR /home/bsc03/bsc03353/forge/src/dispatcher/posix.c:62 140095027742464: single write -1 of expected 6291456
07:36:58 ERROR /home/bsc03/bsc03353/forge/src/dispatcher/posix.c:61 140073552865024: r->filehandle = 36, r->size = 6291456, r->offset = 1038090240
07:36:58 ERROR /home/bsc03/bsc03353/forge/src/dispatcher/posix.c:62 140073552865024: single write -1 of expected 6291456
07:37:00 ERROR /home/bsc03/bsc03353/forge/src/dispatcher/posix.c:61 140257729865472: r->filehandle = 36, r->size = 6291456, r->offset = 799014912
07:37:00 ERROR /home/bsc03/bsc03353/forge/src/dispatcher/posix.c:62 140257729865472: single write -1 of expected 6291456
07:37:08 ERROR /home/bsc03/bsc03353/forge/src/dispatcher/posix.c:61 140244844939008: r->filehandle = 36, r->size = 6291456, r->offset = 1994391552
07:37:08 ERROR /home/bsc03/bsc03353/forge/src/dispatcher/posix.c:62 140244844939008: single write -1 of expected 6291456
07:37:12 ERROR /home/bsc03/bsc03353/forge/src/dispatcher/posix.c:61 140234107500288: r->filehandle = 36, r->size = 6291456, r->offset = 805306368
07:37:12 ERROR /home/bsc03/bsc03353/forge/src/dispatcher/posix.c:62 140234107500288: single write -1 of expected 6291456
07:37:13 ERROR /home/bsc03/bsc03353/forge/src/dispatcher/posix.c:61 139692465411840: r->filehandle = 36, r->size = 6291456, r->offset = 704643072
07:37:13 ERROR /home/bsc03/bsc03353/forge/src/dispatcher/posix.c:62 139692465411840: single write -1 of expected 6291456
07:37:22 ERROR /home/bsc03/bsc03353/forge/src/dispatcher/posix.c:61 139718235264768: r->filehandle = 36, r->size = 6291456, r->offset = 717225984
07:37:22 ERROR /home/bsc03/bsc03353/forge/src/dispatcher/posix.c:62 139718235264768: single write -1 of expected 6291456
07:37:23 ERROR /home/bsc03/bsc03353/forge/src/dispatcher/posix.c:61 140256380868352: r->filehandle = 36, r->size = 6291456, r->offset = 459276288
07:37:23 ERROR /home/bsc03/bsc03353/forge/src/dispatcher/posix.c:62 140256380868352: single write -1 of expected 6291456
07:37:25 ERROR /home/bsc03/bsc03353/forge/src/dispatcher/posix.c:61 139787250767616: r->filehandle = 36, r->size = 6291456, r->offset = 289406976
07:37:25 ERROR /home/bsc03/bsc03353/forge/src/dispatcher/posix.c:62 139787250767616: single write -1 of expected 6291456
07:37:26 ERROR /home/bsc03/bsc03353/forge/src/dispatcher/posix.c:61 139800135694080: r->filehandle = 36, r->size = 6291456, r->offset = 176160768
07:37:26 ERROR /home/bsc03/bsc03353/forge/src/dispatcher/posix.c:62 139800135694080: single write -1 of expected 6291456
07:37:28 ERROR /home/bsc03/bsc03353/forge/src/dispatcher/posix.c:61 140471580882688: r->filehandle = 36, r->size = 6291456, r->offset = 2850029568
07:37:28 ERROR /home/bsc03/bsc03353/forge/src/dispatcher/posix.c:62 140471580882688: single write -1 of expected 6291456
07:37:29 ERROR /home/bsc03/bsc03353/forge/src/dispatcher/posix.c:61 140499498223360: r->filehandle = 36, r->size = 6291456, r->offset = 2856321024
07:37:29 ERROR /home/bsc03/bsc03353/forge/src/dispatcher/posix.c:62 140499498223360: single write -1 of expected 6291456
07:37:29 ERROR /home/bsc03/bsc03353/forge/src/dispatcher/posix.c:61 140478023345920: r->filehandle = 36, r->size = 6291456, r->offset = 2724200448
07:37:29 ERROR /home/bsc03/bsc03353/forge/src/dispatcher/posix.c:62 140478023345920: single write -1 of expected 6291456
07:37:32 ERROR /home/bsc03/bsc03353/forge/src/dispatcher/posix.c:61 140495203247872: r->filehandle = 36, r->size = 6291456, r->offset = 346030080
07:37:32 ERROR /home/bsc03/bsc03353/forge/src/dispatcher/posix.c:62 140495203247872: single write -1 of expected 6291456
07:37:34 ERROR /home/bsc03/bsc03353/forge/src/dispatcher/posix.c:61 140503793198848: r->filehandle = 36, r->size = 6291456, r->offset = 1547698176
07:37:34 ERROR /home/bsc03/bsc03353/forge/src/dispatcher/posix.c:62 140503793198848: single write -1 of expected 6291456
07:37:40 ERROR /home/bsc03/bsc03353/forge/src/dispatcher/posix.c:61 140488760784640: r->filehandle = 36, r->size = 6291456, r->offset = 1579155456
07:37:40 ERROR /home/bsc03/bsc03353/forge/src/dispatcher/posix.c:62 140488760784640: single write -1 of expected 6291456
07:37:41 ERROR /home/bsc03/bsc03353/forge/src/dispatcher/posix.c:61 140482318321408: r->filehandle = 36, r->size = 6291456, r->offset = 2812280832
07:37:41 ERROR /home/bsc03/bsc03353/forge/src/dispatcher/posix.c:62 140482318321408: single write -1 of expected 6291456
07:37:41 ERROR /home/bsc03/bsc03353/forge/src/dispatcher/posix.c:61 140490908272384: r->filehandle = 36, r->size = 6291456, r->offset = 301989888
07:37:41 ERROR /home/bsc03/bsc03353/forge/src/dispatcher/posix.c:62 140490908272384: single write -1 of expected 6291456
07:37:42 ERROR /home/bsc03/bsc03353/forge/src/dispatcher/posix.c:61 140207445690112: r->filehandle = 36, r->size = 6291456, r->offset = 1126170624
07:37:42 ERROR /home/bsc03/bsc03353/forge/src/dispatcher/posix.c:62 140207445690112: single write -1 of expected 6291456
07:37:42 ERROR /home/bsc03/bsc03353/forge/src/dispatcher/posix.c:61 140213888153344: r->filehandle = 36, r->size = 6291456, r->offset = 1063256064
07:37:42 ERROR /home/bsc03/bsc03353/forge/src/dispatcher/posix.c:62 140213888153344: single write -1 of expected 6291456
07:37:43 ERROR /home/bsc03/bsc03353/forge/src/dispatcher/posix.c:61 139630618371840: r->filehandle = 35, r->size = 6291456, r->offset = 1308622848
07:37:43 ERROR /home/bsc03/bsc03353/forge/src/dispatcher/posix.c:62 139630618371840: single write -1 of expected 6291456
07:37:44 ERROR /home/bsc03/bsc03353/forge/src/dispatcher/posix.c:61 140073552865024: r->filehandle = 36, r->size = 6291456, r->offset = 1006632960
07:37:44 ERROR /home/bsc03/bsc03353/forge/src/dispatcher/posix.c:62 140073552865024: single write -1 of expected 6291456
07:37:45 ERROR /home/bsc03/bsc03353/forge/src/dispatcher/posix.c:61 140254233380608: r->filehandle = 36, r->size = 6291456, r->offset = 1805647872
07:37:45 ERROR /home/bsc03/bsc03353/forge/src/dispatcher/posix.c:62 140254233380608: single write -1 of expected 6291456
07:37:45 ERROR /home/bsc03/bsc03353/forge/src/dispatcher/posix.c:61 140236254988032: r->filehandle = 36, r->size = 6291456, r->offset = 2044723200
07:37:45 ERROR /home/bsc03/bsc03353/forge/src/dispatcher/posix.c:62 140236254988032: single write -1 of expected 6291456
07:37:45 ERROR /home/bsc03/bsc03353/forge/src/dispatcher/posix.c:61 139713940289280: r->filehandle = 36, r->size = 6291456, r->offset = 685768704
07:37:45 ERROR /home/bsc03/bsc03353/forge/src/dispatcher/posix.c:62 139713940289280: single write -1 of expected 6291456
07:37:47 ERROR /home/bsc03/bsc03353/forge/src/dispatcher/posix.c:61 139692465411840: r->filehandle = 36, r->size = 6291456, r->offset = 635437056
07:37:47 ERROR /home/bsc03/bsc03353/forge/src/dispatcher/posix.c:62 139692465411840: single write -1 of expected 6291456
07:37:47 ERROR /home/bsc03/bsc03353/forge/src/dispatcher/posix.c:61 139696760387328: r->filehandle = 36, r->size = 6291456, r->offset = 723517440
07:37:47 ERROR /home/bsc03/bsc03353/forge/src/dispatcher/posix.c:62 139696760387328: single write -1 of expected 6291456
07:37:49 ERROR /home/bsc03/bsc03353/forge/src/dispatcher/posix.c:61 139711792801536: r->filehandle = 36, r->size = 6291456, r->offset = 736100352
07:37:49 ERROR /home/bsc03/bsc03353/forge/src/dispatcher/posix.c:62 139711792801536: single write -1 of expected 6291456
07:37:50 ERROR /home/bsc03/bsc03353/forge/src/dispatcher/posix.c:61 139705350338304: r->filehandle = 36, r->size = 6291456, r->offset = 1818230784
07:37:50 ERROR /home/bsc03/bsc03353/forge/src/dispatcher/posix.c:62 139705350338304: single write -1 of expected 6291456
07:37:53 ERROR /home/bsc03/bsc03353/forge/src/dispatcher/posix.c:61 139698907875072: r->filehandle = 36, r->size = 6291456, r->offset = 679477248
07:37:53 ERROR /home/bsc03/bsc03353/forge/src/dispatcher/posix.c:62 139698907875072: single write -1 of expected 6291456
07:37:54 ERROR /home/bsc03/bsc03353/forge/src/dispatcher/posix.c:61 139795840718592: r->filehandle = 36, r->size = 6291456, r->offset = 283115520
07:37:54 ERROR /home/bsc03/bsc03353/forge/src/dispatcher/posix.c:62 139795840718592: single write -1 of expected 6291456
07:37:55 ERROR /home/bsc03/bsc03353/forge/src/dispatcher/posix.c:61 140495203247872: r->filehandle = 36, r->size = 6291456, r->offset = 383778816
07:37:55 ERROR /home/bsc03/bsc03353/forge/src/dispatcher/posix.c:61 140095027742464: r->filehandle = 36, r->size = 6291456, r->offset = 918552576
07:37:55 ERROR /home/bsc03/bsc03353/forge/src/dispatcher/posix.c:62 140495203247872: single write -1 of expected 6291456
07:37:55 ERROR /home/bsc03/bsc03353/forge/src/dispatcher/posix.c:62 140095027742464: single write -1 of expected 6291456
07:37:55 ERROR /home/bsc03/bsc03353/forge/src/dispatcher/posix.c:61 140213888153344: r->filehandle = 36, r->size = 6291456, r->offset = 1182793728
07:37:55 ERROR /home/bsc03/bsc03353/forge/src/dispatcher/posix.c:62 140213888153344: single write -1 of expected 6291456
07:37:56 ERROR /home/bsc03/bsc03353/forge/src/dispatcher/posix.c:61 140207445690112: r->filehandle = 36, r->size = 6291456, r->offset = 1163919360
07:37:56 ERROR /home/bsc03/bsc03353/forge/src/dispatcher/posix.c:62 140207445690112: single write -1 of expected 6291456
07:37:58 ERROR /home/bsc03/bsc03353/forge/src/dispatcher/posix.c:61 139634913347328: r->filehandle = 35, r->size = 6291456, r->offset = 1207959552
07:37:58 ERROR /home/bsc03/bsc03353/forge/src/dispatcher/posix.c:62 139634913347328: single write -1 of expected 6291456
07:38:00 ERROR /home/bsc03/bsc03353/forge/src/dispatcher/posix.c:61 139643503298304: r->filehandle = 35, r->size = 6291456, r->offset = 1352663040
07:38:00 ERROR /home/bsc03/bsc03353/forge/src/dispatcher/posix.c:62 139643503298304: single write -1 of expected 6291456
07:38:01 ERROR /home/bsc03/bsc03353/forge/src/dispatcher/posix.c:61 139647798273792: r->filehandle = 35, r->size = 6291456, r->offset = 81788928
07:38:01 ERROR /home/bsc03/bsc03353/forge/src/dispatcher/posix.c:62 139647798273792: single write -1 of expected 6291456
07:38:02 ERROR /home/bsc03/bsc03353/forge/src/dispatcher/posix.c:61 139649945761536: r->filehandle = 35, r->size = 6291456, r->offset = 125829120
07:38:02 ERROR /home/bsc03/bsc03353/forge/src/dispatcher/posix.c:62 139649945761536: single write -1 of expected 6291456
07:38:03 ERROR /home/bsc03/bsc03353/forge/src/dispatcher/posix.c:61 139641355810560: r->filehandle = 35, r->size = 6291456, r->offset = 75497472
07:38:03 ERROR /home/bsc03/bsc03353/forge/src/dispatcher/posix.c:62 139641355810560: single write -1 of expected 6291456
07:38:03 ERROR /home/bsc03/bsc03353/forge/src/dispatcher/posix.c:61 140256380868352: r->filehandle = 36, r->size = 6291456, r->offset = 572522496
07:38:03 ERROR /home/bsc03/bsc03353/forge/src/dispatcher/posix.c:62 140256380868352: single write -1 of expected 6291456
07:38:04 ERROR /home/bsc03/bsc03353/forge/src/dispatcher/posix.c:61 140271413282560: r->filehandle = 36, r->size = 6291456, r->offset = 528482304
07:38:04 ERROR /home/bsc03/bsc03353/forge/src/dispatcher/posix.c:62 140271413282560: single write -1 of expected 6291456
07:38:05 ERROR /home/bsc03/bsc03353/forge/src/dispatcher/posix.c:61 140247790917376: r->filehandle = 36, r->size = 6291456, r->offset = 1698693120
07:38:05 ERROR /home/bsc03/bsc03353/forge/src/dispatcher/posix.c:62 140247790917376: single write -1 of expected 6291456
07:38:05 ERROR /home/bsc03/bsc03353/forge/src/dispatcher/posix.c:61 140273560770304: r->filehandle = 36, r->size = 6291456, r->offset = 1755316224
07:38:05 ERROR /home/bsc03/bsc03353/forge/src/dispatcher/posix.c:62 140273560770304: single write -1 of expected 6291456
07:38:06 ERROR /home/bsc03/bsc03353/forge/src/dispatcher/posix.c:61 140262024840960: r->filehandle = 36, r->size = 6291456, r->offset = 2082471936
07:38:06 ERROR /home/bsc03/bsc03353/forge/src/dispatcher/posix.c:62 140262024840960: single write -1 of expected 6291456
07:38:06 ERROR /home/bsc03/bsc03353/forge/src/dispatcher/posix.c:61 140490908272384: r->filehandle = 36, r->size = 6291456, r->offset = 327155712
07:38:06 ERROR /home/bsc03/bsc03353/forge/src/dispatcher/posix.c:62 140490908272384: single write -1 of expected 6291456
07:38:07 ERROR /home/bsc03/bsc03353/forge/src/dispatcher/posix.c:61 139718235264768: r->filehandle = 36, r->size = 6291456, r->offset = 641728512
07:38:07 ERROR /home/bsc03/bsc03353/forge/src/dispatcher/posix.c:62 139718235264768: single write -1 of expected 6291456
07:38:08 ERROR /home/bsc03/bsc03353/forge/src/dispatcher/posix.c:61 139688170436352: r->filehandle = 36, r->size = 6291456, r->offset = 1950351360
07:38:08 ERROR /home/bsc03/bsc03353/forge/src/dispatcher/posix.c:62 139688170436352: single write -1 of expected 6291456
07:38:09 ERROR /home/bsc03/bsc03353/forge/src/dispatcher/posix.c:61 139696760387328: r->filehandle = 36, r->size = 6291456, r->offset = 629145600
07:38:09 ERROR /home/bsc03/bsc03353/forge/src/dispatcher/posix.c:62 139696760387328: single write -1 of expected 6291456
07:38:09 ERROR /home/bsc03/bsc03353/forge/src/dispatcher/posix.c:61 139692465411840: r->filehandle = 36, r->size = 6291456, r->offset = 710934528
07:38:09 ERROR /home/bsc03/bsc03353/forge/src/dispatcher/posix.c:62 139692465411840: single write -1 of expected 6291456
07:38:10 ERROR /home/bsc03/bsc03353/forge/src/dispatcher/posix.c:61 139690317924096: r->filehandle = 36, r->size = 6291456, r->offset = 1874853888
07:38:10 ERROR /home/bsc03/bsc03353/forge/src/dispatcher/posix.c:62 139690317924096: single write -1 of expected 6291456
07:38:10 ERROR /home/bsc03/bsc03353/forge/src/dispatcher/posix.c:61 139698907875072: r->filehandle = 36, r->size = 6291456, r->offset = 648019968
07:38:10 ERROR /home/bsc03/bsc03353/forge/src/dispatcher/posix.c:62 139698907875072: single write -1 of expected 6291456
07:38:11 ERROR /home/bsc03/bsc03353/forge/src/dispatcher/posix.c:61 139782955792128: r->filehandle = 36, r->size = 6291456, r->offset = 1396703232
07:38:11 ERROR /home/bsc03/bsc03353/forge/src/dispatcher/posix.c:62 139782955792128: single write -1 of expected 6291456
07:38:12 ERROR /home/bsc03/bsc03353/forge/src/dispatcher/posix.c:61 139789398255360: r->filehandle = 36, r->size = 6291456, r->offset = 257949696
07:38:12 ERROR /home/bsc03/bsc03353/forge/src/dispatcher/posix.c:62 139789398255360: single write -1 of expected 6291456
07:38:13 ERROR /home/bsc03/bsc03353/forge/src/dispatcher/posix.c:61 140095027742464: r->filehandle = 36, r->size = 6291456, r->offset = 937426944
07:38:13 ERROR /home/bsc03/bsc03353/forge/src/dispatcher/posix.c:62 140095027742464: single write -1 of expected 6291456
07:38:13 ERROR /home/bsc03/bsc03353/forge/src/dispatcher/posix.c:61 140073552865024: r->filehandle = 36, r->size = 6291456, r->offset = 1031798784
07:38:13 ERROR /home/bsc03/bsc03353/forge/src/dispatcher/posix.c:62 140073552865024: single write -1 of expected 6291456
07:38:14 ERROR /home/bsc03/bsc03353/forge/src/dispatcher/posix.c:61 140207445690112: r->filehandle = 36, r->size = 6291456, r->offset = 1075838976
07:38:14 ERROR /home/bsc03/bsc03353/forge/src/dispatcher/posix.c:62 140207445690112: single write -1 of expected 6291456
07:38:15 ERROR /home/bsc03/bsc03353/forge/src/dispatcher/posix.c:61 140213888153344: r->filehandle = 36, r->size = 6291456, r->offset = 1195376640
07:38:15 ERROR /home/bsc03/bsc03353/forge/src/dispatcher/posix.c:62 140213888153344: single write -1 of expected 6291456
07:38:16 ERROR /home/bsc03/bsc03353/forge/src/dispatcher/posix.c:61 139632765859584: r->filehandle = 35, r->size = 6291456, r->offset = 1220542464
07:38:16 ERROR /home/bsc03/bsc03353/forge/src/dispatcher/posix.c:62 139632765859584: single write -1 of expected 6291456
07:38:17 ERROR /home/bsc03/bsc03353/forge/src/dispatcher/posix.c:61 140271413282560: r->filehandle = 36, r->size = 6291456, r->offset = 522190848
07:38:17 ERROR /home/bsc03/bsc03353/forge/src/dispatcher/posix.c:62 140271413282560: single write -1 of expected 6291456
07:38:17 ERROR /home/bsc03/bsc03353/forge/src/dispatcher/posix.c:61 140256380868352: r->filehandle = 36, r->size = 6291456, r->offset = 566231040
07:38:17 ERROR /home/bsc03/bsc03353/forge/src/dispatcher/posix.c:62 140256380868352: single write -1 of expected 6291456
07:38:19 ERROR /home/bsc03/bsc03353/forge/src/dispatcher/posix.c:61 140490908272384: r->filehandle = 36, r->size = 6291456, r->offset = 402653184
07:38:19 ERROR /home/bsc03/bsc03353/forge/src/dispatcher/posix.c:61 140257729865472: r->filehandle = 36, r->size = 6291456, r->offset = 843055104
07:38:19 ERROR /home/bsc03/bsc03353/forge/src/dispatcher/posix.c:62 140490908272384: single write -1 of expected 6291456
07:38:19 ERROR /home/bsc03/bsc03353/forge/src/dispatcher/posix.c:62 140257729865472: single write -1 of expected 6291456
07:38:20 ERROR /home/bsc03/bsc03353/forge/src/dispatcher/posix.c:61 139718235264768: r->filehandle = 36, r->size = 6291456, r->offset = 654311424
07:38:20 ERROR /home/bsc03/bsc03353/forge/src/dispatcher/posix.c:62 139718235264768: single write -1 of expected 6291456
07:38:21 ERROR /home/bsc03/bsc03353/forge/src/dispatcher/posix.c:61 139692465411840: r->filehandle = 36, r->size = 6291456, r->offset = 748683264
07:38:21 ERROR /home/bsc03/bsc03353/forge/src/dispatcher/posix.c:62 139692465411840: single write -1 of expected 6291456
07:38:21 ERROR /home/bsc03/bsc03353/forge/src/dispatcher/posix.c:61 139698907875072: r->filehandle = 36, r->size = 6291456, r->offset = 622854144
07:38:21 ERROR /home/bsc03/bsc03353/forge/src/dispatcher/posix.c:62 139698907875072: single write -1 of expected 6291456
07:38:22 ERROR /home/bsc03/bsc03353/forge/src/dispatcher/posix.c:61 139696760387328: r->filehandle = 36, r->size = 6291456, r->offset = 698351616
07:38:22 ERROR /home/bsc03/bsc03353/forge/src/dispatcher/posix.c:62 139696760387328: single write -1 of expected 6291456
07:38:22 ERROR /home/bsc03/bsc03353/forge/src/dispatcher/posix.c:61 139802283181824: r->filehandle = 36, r->size = 6291456, r->offset = 264241152
07:38:22 ERROR /home/bsc03/bsc03353/forge/src/dispatcher/posix.c:62 139802283181824: single write -1 of expected 6291456
07:38:23 ERROR /home/bsc03/bsc03353/forge/src/dispatcher/posix.c:61 139804430669568: r->filehandle = 36, r->size = 6291456, r->offset = 270532608
07:38:23 ERROR /home/bsc03/bsc03353/forge/src/dispatcher/posix.c:62 139804430669568: single write -1 of expected 6291456
07:38:24 ERROR /home/bsc03/bsc03353/forge/src/dispatcher/posix.c:61 139787250767616: r->filehandle = 36, r->size = 6291456, r->offset = 163577856
07:38:24 ERROR /home/bsc03/bsc03353/forge/src/dispatcher/posix.c:62 139787250767616: single write -1 of expected 6291456
07:38:24 ERROR /home/bsc03/bsc03353/forge/src/dispatcher/posix.c:61 140095027742464: r->filehandle = 36, r->size = 6291456, r->offset = 968884224
07:38:24 ERROR /home/bsc03/bsc03353/forge/src/dispatcher/posix.c:62 140095027742464: single write -1 of expected 6291456
07:38:25 ERROR /home/bsc03/bsc03353/forge/src/dispatcher/posix.c:61 140073552865024: r->filehandle = 36, r->size = 6291456, r->offset = 1019215872
07:38:25 ERROR /home/bsc03/bsc03353/forge/src/dispatcher/posix.c:62 140073552865024: single write -1 of expected 6291456
07:38:26 ERROR /home/bsc03/bsc03353/forge/src/dispatcher/posix.c:61 140213888153344: r->filehandle = 36, r->size = 6291456, r->offset = 1176502272
07:38:26 ERROR /home/bsc03/bsc03353/forge/src/dispatcher/posix.c:62 140213888153344: single write -1 of expected 6291456
07:38:27 ERROR /home/bsc03/bsc03353/forge/src/dispatcher/posix.c:61 140495203247872: r->filehandle = 36, r->size = 6291456, r->offset = 377487360
07:38:27 ERROR /home/bsc03/bsc03353/forge/src/dispatcher/posix.c:62 140495203247872: single write -1 of expected 6291456
07:38:27 ERROR /home/bsc03/bsc03353/forge/src/dispatcher/posix.c:61 139624175908608: r->filehandle = 35, r->size = 6291456, r->offset = 1314914304
07:38:27 ERROR /home/bsc03/bsc03353/forge/src/dispatcher/posix.c:62 139624175908608: single write -1 of expected 6291456
07:38:28 ERROR /home/bsc03/bsc03353/forge/src/dispatcher/posix.c:61 139649945761536: r->filehandle = 35, r->size = 6291456, r->offset = 56623104
07:38:28 ERROR /home/bsc03/bsc03353/forge/src/dispatcher/posix.c:62 139649945761536: single write -1 of expected 6291456
07:38:29 ERROR /home/bsc03/bsc03353/forge/src/dispatcher/posix.c:61 139647798273792: r->filehandle = 35, r->size = 6291456, r->offset = 69206016
07:38:29 ERROR /home/bsc03/bsc03353/forge/src/dispatcher/posix.c:62 139647798273792: single write -1 of expected 6291456
07:38:29 ERROR /home/bsc03/bsc03353/forge/src/dispatcher/posix.c:61 139628470884096: r->filehandle = 35, r->size = 6291456, r->offset = 31457280
07:38:29 ERROR /home/bsc03/bsc03353/forge/src/dispatcher/posix.c:62 139628470884096: single write -1 of expected 6291456
07:38:30 ERROR /home/bsc03/bsc03353/forge/src/dispatcher/posix.c:61 140256380868352: r->filehandle = 36, r->size = 6291456, r->offset = 465567744
07:38:30 ERROR /home/bsc03/bsc03353/forge/src/dispatcher/posix.c:62 140256380868352: single write -1 of expected 6291456
07:38:30 ERROR /home/bsc03/bsc03353/forge/src/dispatcher/posix.c:61 140271413282560: r->filehandle = 36, r->size = 6291456, r->offset = 515899392
07:38:30 ERROR /home/bsc03/bsc03353/forge/src/dispatcher/posix.c:62 140271413282560: single write -1 of expected 6291456
07:38:31 ERROR /home/bsc03/bsc03353/forge/src/dispatcher/posix.c:61 140229812524800: r->filehandle = 36, r->size = 6291456, r->offset = 893386752
07:38:31 ERROR /home/bsc03/bsc03353/forge/src/dispatcher/posix.c:62 140229812524800: single write -1 of expected 6291456
07:38:31 ERROR /home/bsc03/bsc03353/forge/src/dispatcher/posix.c:61 139696760387328: r->filehandle = 36, r->size = 6291456, r->offset = 603979776
07:38:31 ERROR /home/bsc03/bsc03353/forge/src/dispatcher/posix.c:62 139696760387328: single write -1 of expected 6291456
07:38:32 ERROR /home/bsc03/bsc03353/forge/src/dispatcher/posix.c:61 140207445690112: r->filehandle = 36, r->size = 6291456, r->offset = 1113587712
07:38:32 ERROR /home/bsc03/bsc03353/forge/src/dispatcher/posix.c:62 140207445690112: single write -1 of expected 6291456
07:38:32 ERROR /home/bsc03/bsc03353/forge/src/dispatcher/posix.c:61 139778660816640: r->filehandle = 36, r->size = 6291456, r->offset = 201326592
07:38:32 ERROR /home/bsc03/bsc03353/forge/src/dispatcher/posix.c:62 139778660816640: single write -1 of expected 6291456
07:38:33 ERROR /home/bsc03/bsc03353/forge/src/dispatcher/posix.c:61 139789398255360: r->filehandle = 36, r->size = 6291456, r->offset = 213909504
07:38:33 ERROR /home/bsc03/bsc03353/forge/src/dispatcher/posix.c:62 139789398255360: single write -1 of expected 6291456
07:38:34 ERROR /home/bsc03/bsc03353/forge/src/dispatcher/posix.c:61 140095027742464: r->filehandle = 36, r->size = 6291456, r->offset = 956301312
07:38:34 ERROR /home/bsc03/bsc03353/forge/src/dispatcher/posix.c:62 140095027742464: single write -1 of expected 6291456
07:38:35 ERROR /home/bsc03/bsc03353/forge/src/dispatcher/posix.c:61 140073552865024: r->filehandle = 36, r->size = 6291456, r->offset = 1000341504
07:38:35 ERROR /home/bsc03/bsc03353/forge/src/dispatcher/posix.c:62 140073552865024: single write -1 of expected 6291456
07:38:36 ERROR /home/bsc03/bsc03353/forge/src/dispatcher/posix.c:61 140490908272384: r->filehandle = 36, r->size = 6291456, r->offset = 421527552
07:38:36 ERROR /home/bsc03/bsc03353/forge/src/dispatcher/posix.c:62 140490908272384: single write -1 of expected 6291456
07:38:36 ERROR /home/bsc03/bsc03353/forge/src/dispatcher/posix.c:61 140495203247872: r->filehandle = 36, r->size = 6291456, r->offset = 408944640
07:38:36 ERROR /home/bsc03/bsc03353/forge/src/dispatcher/posix.c:62 140495203247872: single write -1 of expected 6291456
07:38:37 ERROR /home/bsc03/bsc03353/forge/src/dispatcher/posix.c:61 139698907875072: r->filehandle = 36, r->size = 6291456, r->offset = 673185792
07:38:37 ERROR /home/bsc03/bsc03353/forge/src/dispatcher/posix.c:62 139698907875072: single write -1 of expected 6291456
07:38:37 ERROR /home/bsc03/bsc03353/forge/src/dispatcher/posix.c:61 139622028420864: r->filehandle = 35, r->size = 6291456, r->offset = 1270874112
07:38:37 ERROR /home/bsc03/bsc03353/forge/src/dispatcher/posix.c:62 139622028420864: single write -1 of expected 6291456
07:38:37 ERROR /home/bsc03/bsc03353/forge/src/dispatcher/posix.c:61 140271413282560: r->filehandle = 36, r->size = 6291456, r->offset = 578813952
07:38:37 ERROR /home/bsc03/bsc03353/forge/src/dispatcher/posix.c:62 140271413282560: single write -1 of expected 6291456
07:38:38 ERROR /home/bsc03/bsc03353/forge/src/dispatcher/posix.c:61 140256380868352: r->filehandle = 36, r->size = 6291456, r->offset = 591396864
07:38:38 ERROR /home/bsc03/bsc03353/forge/src/dispatcher/posix.c:62 140256380868352: single write -1 of expected 6291456
07:38:39 ERROR /home/bsc03/bsc03353/forge/src/dispatcher/posix.c:61 140229812524800: r->filehandle = 36, r->size = 6291456, r->offset = 861929472
07:38:39 ERROR /home/bsc03/bsc03353/forge/src/dispatcher/posix.c:62 140229812524800: single write -1 of expected 6291456
07:38:41 ERROR /home/bsc03/bsc03353/forge/src/dispatcher/posix.c:61 140213888153344: r->filehandle = 36, r->size = 6291456, r->offset = 1145044992
07:38:41 ERROR /home/bsc03/bsc03353/forge/src/dispatcher/posix.c:62 140213888153344: single write -1 of expected 6291456
07:38:42 ERROR /home/bsc03/bsc03353/forge/src/dispatcher/posix.c:61 140207445690112: r->filehandle = 36, r->size = 6291456, r->offset = 1107296256
07:38:42 ERROR /home/bsc03/bsc03353/forge/src/dispatcher/posix.c:62 140207445690112: single write -1 of expected 6291456
07:38:42 ERROR /home/bsc03/bsc03353/forge/src/dispatcher/posix.c:61 139802283181824: r->filehandle = 36, r->size = 6291456, r->offset = 169869312
07:38:42 ERROR /home/bsc03/bsc03353/forge/src/dispatcher/posix.c:62 139802283181824: single write -1 of expected 6291456
07:38:43 ERROR /home/bsc03/bsc03353/forge/src/dispatcher/posix.c:61 139628470884096: r->filehandle = 35, r->size = 6291456, r->offset = 37748736
07:38:43 ERROR /home/bsc03/bsc03353/forge/src/dispatcher/posix.c:62 139628470884096: single write -1 of expected 6291456
07:38:43 ERROR /home/bsc03/bsc03353/forge/src/dispatcher/posix.c:61 139647798273792: r->filehandle = 35, r->size = 6291456, r->offset = 119537664
07:38:43 ERROR /home/bsc03/bsc03353/forge/src/dispatcher/posix.c:62 139647798273792: single write -1 of expected 6291456
07:38:44 ERROR /home/bsc03/bsc03353/forge/src/dispatcher/posix.c:61 140095027742464: r->filehandle = 36, r->size = 6291456, r->offset = 950009856
07:38:44 ERROR /home/bsc03/bsc03353/forge/src/dispatcher/posix.c:62 140095027742464: single write -1 of expected 6291456
07:38:45 ERROR /home/bsc03/bsc03353/forge/src/dispatcher/posix.c:61 140073552865024: r->filehandle = 36, r->size = 6291456, r->offset = 1012924416
07:38:45 ERROR /home/bsc03/bsc03353/forge/src/dispatcher/posix.c:62 140073552865024: single write -1 of expected 6291456
07:38:45 ERROR /home/bsc03/bsc03353/forge/src/dispatcher/posix.c:61 140490908272384: r->filehandle = 36, r->size = 6291456, r->offset = 333447168
07:38:45 ERROR /home/bsc03/bsc03353/forge/src/dispatcher/posix.c:62 140490908272384: single write -1 of expected 6291456
07:38:46 ERROR /home/bsc03/bsc03353/forge/src/dispatcher/posix.c:61 139789398255360: r->filehandle = 36, r->size = 6291456, r->offset = 195035136
07:38:46 ERROR /home/bsc03/bsc03353/forge/src/dispatcher/posix.c:62 139789398255360: single write -1 of expected 6291456
07:38:47 ERROR /home/bsc03/bsc03353/forge/src/dispatcher/posix.c:61 139698907875072: r->filehandle = 36, r->size = 6291456, r->offset = 692060160
07:38:47 ERROR /home/bsc03/bsc03353/forge/src/dispatcher/posix.c:62 139698907875072: single write -1 of expected 6291456
07:38:47 ERROR /home/bsc03/bsc03353/forge/src/dispatcher/posix.c:61 139696760387328: r->filehandle = 36, r->size = 6291456, r->offset = 616562688
07:38:47 ERROR /home/bsc03/bsc03353/forge/src/dispatcher/posix.c:62 139696760387328: single write -1 of expected 6291456
07:38:49 ERROR /home/bsc03/bsc03353/forge/src/dispatcher/posix.c:61 140271413282560: r->filehandle = 36, r->size = 6291456, r->offset = 478150656
07:38:49 ERROR /home/bsc03/bsc03353/forge/src/dispatcher/posix.c:62 140271413282560: single write -1 of expected 6291456
07:38:49 ERROR /home/bsc03/bsc03353/forge/src/dispatcher/posix.c:61 140256380868352: r->filehandle = 36, r->size = 6291456, r->offset = 553648128
07:38:49 ERROR /home/bsc03/bsc03353/forge/src/dispatcher/posix.c:62 140256380868352: single write -1 of expected 6291456
07:38:50 ERROR /home/bsc03/bsc03353/forge/src/dispatcher/posix.c:61 139787250767616: r->filehandle = 36, r->size = 6291456, r->offset = 150994944
07:38:50 ERROR /home/bsc03/bsc03353/forge/src/dispatcher/posix.c:61 140246992426752: r->filehandle = 36, r->size = 6291456, r->offset = 830472192
07:38:50 ERROR /home/bsc03/bsc03353/forge/src/dispatcher/posix.c:61 140213888153344: r->filehandle = 36, r->size = 6291456, r->offset = 1132462080
07:38:50 ERROR /home/bsc03/bsc03353/forge/src/dispatcher/posix.c:62 139787250767616: single write -1 of expected 6291456
07:38:50 ERROR /home/bsc03/bsc03353/forge/src/dispatcher/posix.c:62 140246992426752: single write -1 of expected 6291456
07:38:50 ERROR /home/bsc03/bsc03353/forge/src/dispatcher/posix.c:62 140213888153344: single write -1 of expected 6291456
07:38:50 ERROR /home/bsc03/bsc03353/forge/src/dispatcher/posix.c:61 139628470884096: r->filehandle = 35, r->size = 6291456, r->offset = 44040192
07:38:50 ERROR /home/bsc03/bsc03353/forge/src/dispatcher/posix.c:62 139628470884096: single write -1 of expected 6291456
07:38:52 ERROR /home/bsc03/bsc03353/forge/src/dispatcher/posix.c:61 139647798273792: r->filehandle = 35, r->size = 6291456, r->offset = 25165824
07:38:52 ERROR /home/bsc03/bsc03353/forge/src/dispatcher/posix.c:62 139647798273792: single write -1 of expected 6291456
07:38:53 ERROR /home/bsc03/bsc03353/forge/src/dispatcher/posix.c:61 140095027742464: r->filehandle = 36, r->size = 6291456, r->offset = 981467136
07:38:53 ERROR /home/bsc03/bsc03353/forge/src/dispatcher/posix.c:62 140095027742464: single write -1 of expected 6291456
07:38:53 ERROR /home/bsc03/bsc03353/forge/src/dispatcher/posix.c:61 139800135694080: r->filehandle = 36, r->size = 6291456, r->offset = 251658240
07:38:53 ERROR /home/bsc03/bsc03353/forge/src/dispatcher/posix.c:62 139800135694080: single write -1 of expected 6291456
07:38:53 ERROR /home/bsc03/bsc03353/forge/src/dispatcher/posix.c:61 140207445690112: r->filehandle = 36, r->size = 6291456, r->offset = 1056964608
07:38:53 ERROR /home/bsc03/bsc03353/forge/src/dispatcher/posix.c:62 140207445690112: single write -1 of expected 6291456
07:38:54 ERROR /home/bsc03/bsc03353/forge/src/dispatcher/posix.c:61 140490908272384: r->filehandle = 36, r->size = 6291456, r->offset = 314572800
07:38:54 ERROR /home/bsc03/bsc03353/forge/src/dispatcher/posix.c:62 140490908272384: single write -1 of expected 6291456
07:38:55 ERROR /home/bsc03/bsc03353/forge/src/dispatcher/posix.c:61 140256380868352: r->filehandle = 36, r->size = 6291456, r->offset = 559939584
07:38:55 ERROR /home/bsc03/bsc03353/forge/src/dispatcher/posix.c:62 140256380868352: single write -1 of expected 6291456
07:38:55 ERROR /home/bsc03/bsc03353/forge/src/dispatcher/posix.c:61 140271413282560: r->filehandle = 36, r->size = 6291456, r->offset = 471859200
07:38:55 ERROR /home/bsc03/bsc03353/forge/src/dispatcher/posix.c:62 140271413282560: single write -1 of expected 6291456
07:38:56 ERROR /home/bsc03/bsc03353/forge/src/dispatcher/posix.c:61 140229812524800: r->filehandle = 36, r->size = 6291456, r->offset = 811597824
07:38:56 ERROR /home/bsc03/bsc03353/forge/src/dispatcher/posix.c:62 140229812524800: single write -1 of expected 6291456
07:38:57 ERROR /home/bsc03/bsc03353/forge/src/dispatcher/posix.c:61 139778660816640: r->filehandle = 36, r->size = 6291456, r->offset = 295698432
07:38:57 ERROR /home/bsc03/bsc03353/forge/src/dispatcher/posix.c:62 139778660816640: single write -1 of expected 6291456
07:38:57 ERROR /home/bsc03/bsc03353/forge/src/dispatcher/posix.c:61 139647798273792: r->filehandle = 35, r->size = 6291456, r->offset = 113246208
07:38:57 ERROR /home/bsc03/bsc03353/forge/src/dispatcher/posix.c:62 139647798273792: single write -1 of expected 6291456
07:38:58 ERROR /home/bsc03/bsc03353/forge/src/dispatcher/posix.c:61 140234107500288: r->filehandle = 36, r->size = 6291456, r->offset = 824180736
07:38:58 ERROR /home/bsc03/bsc03353/forge/src/dispatcher/posix.c:62 140234107500288: single write -1 of expected 6291456
07:38:58 ERROR /home/bsc03/bsc03353/forge/src/dispatcher/posix.c:61 139628470884096: r->filehandle = 35, r->size = 6291456, r->offset = 6291456
07:38:58 ERROR /home/bsc03/bsc03353/forge/src/dispatcher/posix.c:62 139628470884096: single write -1 of expected 6291456
07:38:59 ERROR /home/bsc03/bsc03353/forge/src/dispatcher/posix.c:61 140213888153344: r->filehandle = 36, r->size = 6291456, r->offset = 1119879168
07:38:59 ERROR /home/bsc03/bsc03353/forge/src/dispatcher/posix.c:62 140213888153344: single write -1 of expected 6291456
07:38:59 ERROR /home/bsc03/bsc03353/forge/src/dispatcher/posix.c:61 140207445690112: r->filehandle = 36, r->size = 6291456, r->offset = 1088421888
07:38:59 ERROR /home/bsc03/bsc03353/forge/src/dispatcher/posix.c:62 140207445690112: single write -1 of expected 6291456
07:39:00 ERROR /home/bsc03/bsc03353/forge/src/dispatcher/posix.c:61 140095027742464: r->filehandle = 36, r->size = 6291456, r->offset = 987758592
07:39:00 ERROR /home/bsc03/bsc03353/forge/src/dispatcher/posix.c:62 140095027742464: single write -1 of expected 6291456
07:39:01 ERROR /home/bsc03/bsc03353/forge/src/dispatcher/posix.c:61 140256380868352: r->filehandle = 36, r->size = 6291456, r->offset = 585105408
07:39:01 ERROR /home/bsc03/bsc03353/forge/src/dispatcher/posix.c:62 140256380868352: single write -1 of expected 6291456
07:39:01 ERROR /home/bsc03/bsc03353/forge/src/dispatcher/posix.c:61 140271413282560: r->filehandle = 36, r->size = 6291456, r->offset = 452984832
07:39:01 ERROR /home/bsc03/bsc03353/forge/src/dispatcher/posix.c:62 140271413282560: single write -1 of expected 6291456
07:39:01 ERROR /home/bsc03/bsc03353/forge/src/dispatcher/posix.c:61 140490908272384: r->filehandle = 36, r->size = 6291456, r->offset = 364904448
07:39:01 ERROR /home/bsc03/bsc03353/forge/src/dispatcher/posix.c:62 140490908272384: single write -1 of expected 6291456
07:39:02 ERROR /home/bsc03/bsc03353/forge/src/dispatcher/posix.c:61 140246992426752: r->filehandle = 36, r->size = 6291456, r->offset = 761266176
07:39:02 ERROR /home/bsc03/bsc03353/forge/src/dispatcher/posix.c:62 140246992426752: single write -1 of expected 6291456
07:39:03 ERROR /home/bsc03/bsc03353/forge/src/dispatcher/posix.c:61 139800135694080: r->filehandle = 36, r->size = 6291456, r->offset = 157286400
07:39:03 ERROR /home/bsc03/bsc03353/forge/src/dispatcher/posix.c:62 139800135694080: single write -1 of expected 6291456
07:39:04 ERROR /home/bsc03/bsc03353/forge/src/dispatcher/posix.c:61 139787250767616: r->filehandle = 36, r->size = 6291456, r->offset = 239075328
07:39:04 ERROR /home/bsc03/bsc03353/forge/src/dispatcher/posix.c:62 139787250767616: single write -1 of expected 6291456
07:39:05 ERROR /home/bsc03/bsc03353/forge/src/dispatcher/posix.c:61 139628470884096: r->filehandle = 35, r->size = 6291456, r->offset = 18874368
07:39:05 ERROR /home/bsc03/bsc03353/forge/src/dispatcher/posix.c:62 139628470884096: single write -1 of expected 6291456
07:39:05 ERROR /home/bsc03/bsc03353/forge/src/dispatcher/posix.c:61 140207445690112: r->filehandle = 36, r->size = 6291456, r->offset = 1069547520
07:39:05 ERROR /home/bsc03/bsc03353/forge/src/dispatcher/posix.c:62 140207445690112: single write -1 of expected 6291456
07:39:06 ERROR /home/bsc03/bsc03353/forge/src/dispatcher/posix.c:61 140271413282560: r->filehandle = 36, r->size = 6291456, r->offset = 534773760
07:39:06 ERROR /home/bsc03/bsc03353/forge/src/dispatcher/posix.c:62 140271413282560: single write -1 of expected 6291456
07:39:06 ERROR /home/bsc03/bsc03353/forge/src/dispatcher/posix.c:61 139787250767616: r->filehandle = 36, r->size = 6291456, r->offset = 245366784
07:39:06 ERROR /home/bsc03/bsc03353/forge/src/dispatcher/posix.c:62 139787250767616: single write -1 of expected 6291456
07:39:06 ERROR /home/bsc03/bsc03353/forge/src/dispatcher/posix.c:61 140234107500288: r->filehandle = 36, r->size = 6291456, r->offset = 880803840
07:39:06 ERROR /home/bsc03/bsc03353/forge/src/dispatcher/posix.c:61 140095027742464: r->filehandle = 36, r->size = 6291456, r->offset = 962592768
07:39:06 ERROR /home/bsc03/bsc03353/forge/src/dispatcher/posix.c:62 140234107500288: single write -1 of expected 6291456
07:39:06 ERROR /home/bsc03/bsc03353/forge/src/dispatcher/posix.c:62 140095027742464: single write -1 of expected 6291456
07:39:06 ERROR /home/bsc03/bsc03353/forge/src/dispatcher/posix.c:61 140490908272384: r->filehandle = 36, r->size = 6291456, r->offset = 352321536
07:39:06 ERROR /home/bsc03/bsc03353/forge/src/dispatcher/posix.c:62 140490908272384: single write -1 of expected 6291456
07:39:07 ERROR /home/bsc03/bsc03353/forge/src/dispatcher/posix.c:61 139800135694080: r->filehandle = 36, r->size = 6291456, r->offset = 182452224
07:39:07 ERROR /home/bsc03/bsc03353/forge/src/dispatcher/posix.c:62 139800135694080: single write -1 of expected 6291456
07:39:08 ERROR /home/bsc03/bsc03353/forge/src/dispatcher/posix.c:61 140246992426752: r->filehandle = 36, r->size = 6291456, r->offset = 887095296
07:39:08 ERROR /home/bsc03/bsc03353/forge/src/dispatcher/posix.c:62 140246992426752: single write -1 of expected 6291456
07:39:08 ERROR /home/bsc03/bsc03353/forge/src/dispatcher/posix.c:61 140271413282560: r->filehandle = 36, r->size = 6291456, r->offset = 497025024
07:39:08 ERROR /home/bsc03/bsc03353/forge/src/dispatcher/posix.c:62 140271413282560: single write -1 of expected 6291456
07:39:09 ERROR /home/bsc03/bsc03353/forge/src/dispatcher/posix.c:61 140095027742464: r->filehandle = 36, r->size = 6291456, r->offset = 994050048
07:39:09 ERROR /home/bsc03/bsc03353/forge/src/dispatcher/posix.c:62 140095027742464: single write -1 of expected 6291456
07:39:09 ERROR /home/bsc03/bsc03353/forge/src/dispatcher/posix.c:61 140490908272384: r->filehandle = 36, r->size = 6291456, r->offset = 427819008
07:39:09 ERROR /home/bsc03/bsc03353/forge/src/dispatcher/posix.c:62 140490908272384: single write -1 of expected 6291456
07:39:10 ERROR /home/bsc03/bsc03353/forge/src/dispatcher/posix.c:61 140229812524800: r->filehandle = 36, r->size = 6291456, r->offset = 849346560
07:39:10 ERROR /home/bsc03/bsc03353/forge/src/dispatcher/posix.c:62 140229812524800: single write -1 of expected 6291456
07:39:10 ERROR /home/bsc03/bsc03353/forge/src/dispatcher/posix.c:61 140271413282560: r->filehandle = 36, r->size = 6291456, r->offset = 541065216
07:39:10 ERROR /home/bsc03/bsc03353/forge/src/dispatcher/posix.c:62 140271413282560: single write -1 of expected 6291456
07:39:11 ERROR /home/bsc03/bsc03353/forge/src/dispatcher/posix.c:61 140246992426752: r->filehandle = 36, r->size = 6291456, r->offset = 868220928
07:39:11 ERROR /home/bsc03/bsc03353/forge/src/dispatcher/posix.c:62 140246992426752: single write -1 of expected 6291456
07:39:11 ERROR /home/bsc03/bsc03353/forge/src/dispatcher/posix.c:61 140095027742464: r->filehandle = 36, r->size = 6291456, r->offset = 975175680
07:39:11 ERROR /home/bsc03/bsc03353/forge/src/dispatcher/posix.c:62 140095027742464: single write -1 of expected 6291456
07:39:11 ERROR /home/bsc03/bsc03353/forge/src/dispatcher/posix.c:61 140490908272384: r->filehandle = 36, r->size = 6291456, r->offset = 415236096
07:39:11 ERROR /home/bsc03/bsc03353/forge/src/dispatcher/posix.c:62 140490908272384: single write -1 of expected 6291456
07:39:12 ERROR /home/bsc03/bsc03353/forge/src/dispatcher/posix.c:61 140271413282560: r->filehandle = 36, r->size = 6291456, r->offset = 503316480
07:39:12 ERROR /home/bsc03/bsc03353/forge/src/dispatcher/posix.c:62 140271413282560: single write -1 of expected 6291456
07:39:12 ERROR /home/bsc03/bsc03353/forge/src/dispatcher/posix.c:61 140095027742464: r->filehandle = 36, r->size = 6291456, r->offset = 943718400
07:39:12 ERROR /home/bsc03/bsc03353/forge/src/dispatcher/posix.c:61 140229812524800: r->filehandle = 36, r->size = 6291456, r->offset = 780140544
07:39:12 ERROR /home/bsc03/bsc03353/forge/src/dispatcher/posix.c:62 140095027742464: single write -1 of expected 6291456
07:39:12 ERROR /home/bsc03/bsc03353/forge/src/dispatcher/posix.c:62 140229812524800: single write -1 of expected 6291456
07:39:13 ERROR /home/bsc03/bsc03353/forge/src/dispatcher/posix.c:61 140246992426752: r->filehandle = 36, r->size = 6291456, r->offset = 767557632
07:39:13 ERROR /home/bsc03/bsc03353/forge/src/dispatcher/posix.c:62 140246992426752: single write -1 of expected 6291456
07:39:14 ERROR /home/bsc03/bsc03353/forge/src/dispatcher/posix.c:61 140229812524800: r->filehandle = 36, r->size = 6291456, r->offset = 817889280
07:39:14 ERROR /home/bsc03/bsc03353/forge/src/dispatcher/posix.c:62 140229812524800: single write -1 of expected 6291456
07:39:14 ERROR /home/bsc03/bsc03353/forge/src/dispatcher/posix.c:61 140246992426752: r->filehandle = 36, r->size = 6291456, r->offset = 792723456
07:39:14 ERROR /home/bsc03/bsc03353/forge/src/dispatcher/posix.c:62 140246992426752: single write -1 of expected 6291456
07:39:15 ERROR /home/bsc03/bsc03353/forge/src/dispatcher/posix.c:61 140229812524800: r->filehandle = 36, r->size = 6291456, r->offset = 855638016
07:39:15 ERROR /home/bsc03/bsc03353/forge/src/dispatcher/posix.c:62 140229812524800: single write -1 of expected 6291456
07:39:15 ERROR /home/bsc03/bsc03353/forge/src/dispatcher/posix.c:61 140229812524800: r->filehandle = 36, r->size = 6291456, r->offset = 899678208
07:39:15 ERROR /home/bsc03/bsc03353/forge/src/dispatcher/posix.c:62 140229812524800: single write -1 of expected 6291456
07:39:15 ERROR /home/bsc03/bsc03353/forge/src/dispatcher/posix.c:61 140229812524800: r->filehandle = 36, r->size = 6291456, r->offset = 773849088
07:39:15 ERROR /home/bsc03/bsc03353/forge/src/dispatcher/posix.c:62 140229812524800: single write -1 of expected 6291456
07:39:15 WARN  /home/bsc03/bsc03353/forge/src/main.c:789 140119989467200: hit stone wall at 226.574899 seconds!
AGIOS: stopped for this client. It can already be used by calling agios_init

AGIOS: stopped for this client. It can already be used by calling agios_init

AGIOS: stopped for this client. It can already be used by calling agios_init

AGIOS: stopped for this client. It can already be used by calling agios_init

AGIOS: stopped for this client. It can already be used by calling agios_init

07:39:15 INFO  /home/bsc03/bsc03353/forge/src/main.c:1158 139657070991424: I/O Forwarding Exploration [COMPLETE]
AGIOS: stopped for this client. It can already be used by calling agios_init

AGIOS: stopped for this client. It can already be used by calling agios_init

AGIOS: stopped for this client. It can already be used by calling agios_init

