Set GCC compilers as MPI wrappers backend 
remove impi/2017.4 (PATH, MANPATH, LD_LIBRARY_PATH) 
load openmpi/4.0.2_UCX (PATH, MANPATH, LD_LIBRARY_PATH) 
Set GCC compilers as MPI wrappers backend 
load gsl/2.4 (PATH, LD_LIBRARY_PATH, LIBRARY_PATH, MANPATH, INFOPATH,
C_INCLUDE_PATH, CPLUS_INCLUDE_PATH, PKG_CONFIG_PATH, GSL_DIR) 
08:21:23 INFO  /home/bsc03/bsc03353/forge/src/main.c:107 140368069179456: I/O Forwarding Exploration [START]
Will AGIOS generate trace files? NO
Default scheduling algorithm: TO
TWINS window size: 1000000
Will the Prediction Module read information from trace files? NO
File with access time functions: /home/bsc03/bsc03353/forge/agios/access_times.func
AGIOS thinks its user has stripe size of 32768
Will AGIOS generate trace files? NO
Default scheduling algorithm: TO
TWINS window size: 1000000
Will the Prediction Module read information from trace files? NO
File with access time functions: /home/bsc03/bsc03353/forge/agios/access_times.func
AGIOS thinks its user has stripe size of 32768
Will AGIOS generate trace files? NO
Default scheduling algorithm: TO
TWINS window size: 1000000
Will the Prediction Module read information from trace files? NO
File with access time functions: /home/bsc03/bsc03353/forge/agios/access_times.func
AGIOS thinks its user has stripe size of 32768
Will AGIOS generate trace files? NO
Default scheduling algorithm: TO
TWINS window size: 1000000
Will the Prediction Module read information from trace files? NO
File with access time functions: /home/bsc03/bsc03353/forge/agios/access_times.func
AGIOS thinks its user has stripe size of 32768
08:21:24 ERROR /home/bsc03/bsc03353/forge/src/dispatcher/posix.c:61 139652951693056: r->filehandle = 36, r->size = 1048576, r->offset = 204472320
08:21:24 ERROR /home/bsc03/bsc03353/forge/src/dispatcher/posix.c:62 139652951693056: single write -1 of expected 1048576
08:21:25 ERROR /home/bsc03/bsc03353/forge/src/dispatcher/posix.c:61 140360983815936: r->filehandle = 35, r->size = 1048576, r->offset = 121634816
08:21:25 ERROR /home/bsc03/bsc03353/forge/src/dispatcher/posix.c:61 139644361742080: r->filehandle = 36, r->size = 1048576, r->offset = 220200960
08:21:25 ERROR /home/bsc03/bsc03353/forge/src/dispatcher/posix.c:62 139644361742080: single write -1 of expected 1048576
08:21:25 ERROR /home/bsc03/bsc03353/forge/src/dispatcher/posix.c:62 140360983815936: single write -1 of expected 1048576
08:21:25 ERROR /home/bsc03/bsc03353/forge/src/dispatcher/posix.c:61 140356526450432: r->filehandle = 36, r->size = 1048576, r->offset = 491782144
08:21:25 ERROR /home/bsc03/bsc03353/forge/src/dispatcher/posix.c:61 139831164167936: r->filehandle = 36, r->size = 1048576, r->offset = 739246080
08:21:25 ERROR /home/bsc03/bsc03353/forge/src/dispatcher/posix.c:62 140356526450432: single write -1 of expected 1048576
08:21:25 ERROR /home/bsc03/bsc03353/forge/src/dispatcher/posix.c:62 139831164167936: single write -1 of expected 1048576
08:21:26 ERROR /home/bsc03/bsc03353/forge/src/dispatcher/posix.c:61 140350246377216: r->filehandle = 35, r->size = 1048576, r->offset = 126877696
08:21:26 ERROR /home/bsc03/bsc03353/forge/src/dispatcher/posix.c:62 140350246377216: single write -1 of expected 1048576
08:21:26 ERROR /home/bsc03/bsc03353/forge/src/dispatcher/posix.c:61 139813984265984: r->filehandle = 36, r->size = 1048576, r->offset = 803209216
08:21:26 ERROR /home/bsc03/bsc03353/forge/src/dispatcher/posix.c:62 139813984265984: single write -1 of expected 1048576
08:21:27 ERROR /home/bsc03/bsc03353/forge/src/dispatcher/posix.c:61 140360821425920: r->filehandle = 36, r->size = 1048576, r->offset = 592445440
08:21:27 ERROR /home/bsc03/bsc03353/forge/src/dispatcher/posix.c:62 140360821425920: single write -1 of expected 1048576
08:21:27 ERROR /home/bsc03/bsc03353/forge/src/dispatcher/posix.c:61 140337361450752: r->filehandle = 35, r->size = 1048576, r->offset = 119537664
08:21:27 ERROR /home/bsc03/bsc03353/forge/src/dispatcher/posix.c:62 140337361450752: single write -1 of expected 1048576
08:21:28 ERROR /home/bsc03/bsc03353/forge/src/dispatcher/posix.c:61 140356688840448: r->filehandle = 35, r->size = 1048576, r->offset = 128974848
08:21:28 ERROR /home/bsc03/bsc03353/forge/src/dispatcher/posix.c:62 140356688840448: single write -1 of expected 1048576
08:21:28 ERROR /home/bsc03/bsc03353/forge/src/dispatcher/posix.c:61 140358673938176: r->filehandle = 36, r->size = 1048576, r->offset = 595591168
08:21:28 ERROR /home/bsc03/bsc03353/forge/src/dispatcher/posix.c:62 140358673938176: single write -1 of expected 1048576
08:21:29 ERROR /home/bsc03/bsc03353/forge/src/dispatcher/posix.c:61 140339346548480: r->filehandle = 36, r->size = 1048576, r->offset = 488636416
08:21:29 ERROR /home/bsc03/bsc03353/forge/src/dispatcher/posix.c:62 140339346548480: single write -1 of expected 1048576
08:21:29 ERROR /home/bsc03/bsc03353/forge/src/dispatcher/posix.c:61 139811836778240: r->filehandle = 36, r->size = 1048576, r->offset = 740294656
08:21:29 ERROR /home/bsc03/bsc03353/forge/src/dispatcher/posix.c:62 139811836778240: single write -1 of expected 1048576
08:21:29 ERROR /home/bsc03/bsc03353/forge/src/dispatcher/posix.c:61 139818279241472: r->filehandle = 36, r->size = 1048576, r->offset = 752877568
08:21:29 ERROR /home/bsc03/bsc03353/forge/src/dispatcher/posix.c:62 139818279241472: single write -1 of expected 1048576
08:21:30 ERROR /home/bsc03/bsc03353/forge/src/dispatcher/posix.c:61 139807541802752: r->filehandle = 36, r->size = 1048576, r->offset = 753926144
08:21:30 ERROR /home/bsc03/bsc03353/forge/src/dispatcher/posix.c:62 139807541802752: single write -1 of expected 1048576
08:21:32 ERROR /home/bsc03/bsc03353/forge/src/dispatcher/posix.c:61 139801099339520: r->filehandle = 36, r->size = 1048576, r->offset = 744488960
08:21:32 ERROR /home/bsc03/bsc03353/forge/src/dispatcher/posix.c:62 139801099339520: single write -1 of expected 1048576
08:21:32 ERROR /home/bsc03/bsc03353/forge/src/dispatcher/posix.c:61 140347936499456: r->filehandle = 36, r->size = 1048576, r->offset = 419430400
08:21:32 ERROR /home/bsc03/bsc03353/forge/src/dispatcher/posix.c:62 140347936499456: single write -1 of expected 1048576
08:21:33 ERROR /home/bsc03/bsc03353/forge/src/dispatcher/posix.c:61 139798951851776: r->filehandle = 36, r->size = 1048576, r->offset = 771751936
08:21:33 ERROR /home/bsc03/bsc03353/forge/src/dispatcher/posix.c:62 139798951851776: single write -1 of expected 1048576
08:21:33 ERROR /home/bsc03/bsc03353/forge/src/dispatcher/posix.c:61 139631476815616: r->filehandle = 36, r->size = 1048576, r->offset = 216006656
08:21:33 ERROR /home/bsc03/bsc03353/forge/src/dispatcher/posix.c:62 139631476815616: single write -1 of expected 1048576
08:21:33 ERROR /home/bsc03/bsc03353/forge/src/dispatcher/posix.c:61 140345951401728: r->filehandle = 35, r->size = 1048576, r->offset = 102760448
08:21:33 ERROR /home/bsc03/bsc03353/forge/src/dispatcher/posix.c:62 140345951401728: single write -1 of expected 1048576
08:21:34 ERROR /home/bsc03/bsc03353/forge/src/dispatcher/posix.c:61 140343803913984: r->filehandle = 35, r->size = 1048576, r->offset = 94371840
08:21:34 ERROR /home/bsc03/bsc03353/forge/src/dispatcher/posix.c:62 140343803913984: single write -1 of expected 1048576
08:21:34 ERROR /home/bsc03/bsc03353/forge/src/dispatcher/posix.c:61 139642214254336: r->filehandle = 36, r->size = 1048576, r->offset = 207618048
08:21:34 ERROR /home/bsc03/bsc03353/forge/src/dispatcher/posix.c:62 139642214254336: single write -1 of expected 1048576
08:21:34 ERROR /home/bsc03/bsc03353/forge/src/dispatcher/posix.c:61 140330918987520: r->filehandle = 35, r->size = 1048576, r->offset = 105906176
08:21:34 ERROR /home/bsc03/bsc03353/forge/src/dispatcher/posix.c:62 140330918987520: single write -1 of expected 1048576
08:21:34 ERROR /home/bsc03/bsc03353/forge/src/dispatcher/posix.c:61 139805394315008: r->filehandle = 36, r->size = 1048576, r->offset = 770703360
08:21:34 ERROR /home/bsc03/bsc03353/forge/src/dispatcher/posix.c:62 139805394315008: single write -1 of expected 1048576
08:21:35 ERROR /home/bsc03/bsc03353/forge/src/dispatcher/posix.c:61 139824721704704: r->filehandle = 36, r->size = 1048576, r->offset = 754974720
08:21:35 ERROR /home/bsc03/bsc03353/forge/src/dispatcher/posix.c:61 140350083987200: r->filehandle = 36, r->size = 1048576, r->offset = 472907776
08:21:35 ERROR /home/bsc03/bsc03353/forge/src/dispatcher/posix.c:62 139824721704704: single write -1 of expected 1048576
08:21:35 ERROR /home/bsc03/bsc03353/forge/src/dispatcher/posix.c:61 139659394156288: r->filehandle = 36, r->size = 1048576, r->offset = 203423744
08:21:35 ERROR /home/bsc03/bsc03353/forge/src/dispatcher/posix.c:62 139659394156288: single write -1 of expected 1048576
08:21:35 ERROR /home/bsc03/bsc03353/forge/src/dispatcher/posix.c:62 140350083987200: single write -1 of expected 1048576
08:21:35 ERROR /home/bsc03/bsc03353/forge/src/dispatcher/posix.c:61 140341494036224: r->filehandle = 36, r->size = 1048576, r->offset = 471859200
08:21:35 ERROR /home/bsc03/bsc03353/forge/src/dispatcher/posix.c:62 140341494036224: single write -1 of expected 1048576
08:21:36 ERROR /home/bsc03/bsc03353/forge/src/dispatcher/posix.c:61 140337199060736: r->filehandle = 36, r->size = 1048576, r->offset = 476053504
08:21:36 ERROR /home/bsc03/bsc03353/forge/src/dispatcher/posix.c:62 140337199060736: single write -1 of expected 1048576
08:21:36 ERROR /home/bsc03/bsc03353/forge/src/dispatcher/posix.c:61 139646509229824: r->filehandle = 36, r->size = 1048576, r->offset = 221249536
08:21:36 ERROR /home/bsc03/bsc03353/forge/src/dispatcher/posix.c:62 139646509229824: single write -1 of expected 1048576
08:21:37 ERROR /home/bsc03/bsc03353/forge/src/dispatcher/posix.c:61 140345789011712: r->filehandle = 36, r->size = 1048576, r->offset = 530579456
08:21:37 ERROR /home/bsc03/bsc03353/forge/src/dispatcher/posix.c:62 140345789011712: single write -1 of expected 1048576
08:21:37 ERROR /home/bsc03/bsc03353/forge/src/dispatcher/posix.c:61 139816131753728: r->filehandle = 36, r->size = 1048576, r->offset = 783286272
08:21:37 ERROR /home/bsc03/bsc03353/forge/src/dispatcher/posix.c:62 139816131753728: single write -1 of expected 1048576
08:21:37 ERROR /home/bsc03/bsc03353/forge/src/dispatcher/posix.c:61 140352231474944: r->filehandle = 36, r->size = 1048576, r->offset = 509607936
08:21:37 ERROR /home/bsc03/bsc03353/forge/src/dispatcher/posix.c:62 140352231474944: single write -1 of expected 1048576
08:21:38 ERROR /home/bsc03/bsc03353/forge/src/dispatcher/posix.c:61 140335213963008: r->filehandle = 35, r->size = 1048576, r->offset = 115343360
08:21:38 ERROR /home/bsc03/bsc03353/forge/src/dispatcher/posix.c:62 140335213963008: single write -1 of expected 1048576
08:21:38 ERROR /home/bsc03/bsc03353/forge/src/dispatcher/posix.c:61 139652951693056: r->filehandle = 36, r->size = 1048576, r->offset = 316669952
08:21:38 ERROR /home/bsc03/bsc03353/forge/src/dispatcher/posix.c:62 139652951693056: single write -1 of expected 1048576
08:21:38 ERROR /home/bsc03/bsc03353/forge/src/dispatcher/posix.c:61 139831164167936: r->filehandle = 36, r->size = 1048576, r->offset = 773849088
08:21:38 ERROR /home/bsc03/bsc03353/forge/src/dispatcher/posix.c:62 139831164167936: single write -1 of expected 1048576
08:21:38 ERROR /home/bsc03/bsc03353/forge/src/dispatcher/posix.c:61 140335051572992: r->filehandle = 36, r->size = 1048576, r->offset = 413138944
08:21:38 ERROR /home/bsc03/bsc03353/forge/src/dispatcher/posix.c:62 140335051572992: single write -1 of expected 1048576
08:21:39 ERROR /home/bsc03/bsc03353/forge/src/dispatcher/posix.c:61 140358836328192: r->filehandle = 35, r->size = 1048576, r->offset = 110100480
08:21:39 ERROR /home/bsc03/bsc03353/forge/src/dispatcher/posix.c:62 140358836328192: single write -1 of expected 1048576
08:21:39 ERROR /home/bsc03/bsc03353/forge/src/dispatcher/posix.c:61 140367263889152: r->filehandle = 36, r->size = 1048576, r->offset = 524288000
08:21:39 ERROR /home/bsc03/bsc03353/forge/src/dispatcher/posix.c:62 140367263889152: single write -1 of expected 1048576
08:21:40 ERROR /home/bsc03/bsc03353/forge/src/dispatcher/posix.c:61 139813984265984: r->filehandle = 36, r->size = 1048576, r->offset = 785383424
08:21:40 ERROR /home/bsc03/bsc03353/forge/src/dispatcher/posix.c:62 139813984265984: single write -1 of expected 1048576
08:21:41 ERROR /home/bsc03/bsc03353/forge/src/dispatcher/posix.c:61 139811836778240: r->filehandle = 36, r->size = 1048576, r->offset = 786432000
08:21:41 ERROR /home/bsc03/bsc03353/forge/src/dispatcher/posix.c:62 139811836778240: single write -1 of expected 1048576
08:21:42 ERROR /home/bsc03/bsc03353/forge/src/dispatcher/posix.c:61 140328771499776: r->filehandle = 35, r->size = 1048576, r->offset = 89128960
08:21:42 ERROR /home/bsc03/bsc03353/forge/src/dispatcher/posix.c:62 140328771499776: single write -1 of expected 1048576
08:21:42 ERROR /home/bsc03/bsc03353/forge/src/dispatcher/posix.c:61 140350246377216: r->filehandle = 35, r->size = 1048576, r->offset = 122683392
08:21:42 ERROR /home/bsc03/bsc03353/forge/src/dispatcher/posix.c:62 140350246377216: single write -1 of expected 1048576
08:21:43 ERROR /home/bsc03/bsc03353/forge/src/dispatcher/posix.c:61 140354541352704: r->filehandle = 35, r->size = 1048576, r->offset = 14680064
08:21:43 ERROR /home/bsc03/bsc03353/forge/src/dispatcher/posix.c:62 140354541352704: single write -1 of expected 1048576
08:21:44 ERROR /home/bsc03/bsc03353/forge/src/dispatcher/posix.c:61 140341656426240: r->filehandle = 35, r->size = 1048576, r->offset = 69206016
08:21:44 ERROR /home/bsc03/bsc03353/forge/src/dispatcher/posix.c:62 140341656426240: single write -1 of expected 1048576
08:21:44 ERROR /home/bsc03/bsc03353/forge/src/dispatcher/posix.c:61 139803246827264: r->filehandle = 36, r->size = 1048576, r->offset = 736100352
08:21:44 ERROR /home/bsc03/bsc03353/forge/src/dispatcher/posix.c:62 139803246827264: single write -1 of expected 1048576
08:21:45 ERROR /home/bsc03/bsc03353/forge/src/dispatcher/posix.c:61 139818279241472: r->filehandle = 36, r->size = 1048576, r->offset = 738197504
08:21:45 ERROR /home/bsc03/bsc03353/forge/src/dispatcher/posix.c:62 139818279241472: single write -1 of expected 1048576
08:21:46 ERROR /home/bsc03/bsc03353/forge/src/dispatcher/posix.c:61 140365116401408: r->filehandle = 36, r->size = 1048576, r->offset = 438304768
08:21:46 ERROR /home/bsc03/bsc03353/forge/src/dispatcher/posix.c:62 140365116401408: single write -1 of expected 1048576
08:21:46 ERROR /home/bsc03/bsc03353/forge/src/dispatcher/posix.c:61 140354378962688: r->filehandle = 36, r->size = 1048576, r->offset = 444596224
08:21:46 ERROR /home/bsc03/bsc03353/forge/src/dispatcher/posix.c:62 140354378962688: single write -1 of expected 1048576
08:21:47 ERROR /home/bsc03/bsc03353/forge/src/dispatcher/posix.c:61 140362968913664: r->filehandle = 36, r->size = 1048576, r->offset = 436207616
08:21:47 ERROR /home/bsc03/bsc03353/forge/src/dispatcher/posix.c:62 140362968913664: single write -1 of expected 1048576
08:21:48 ERROR /home/bsc03/bsc03353/forge/src/dispatcher/posix.c:61 139820426729216: r->filehandle = 36, r->size = 1048576, r->offset = 757071872
08:21:48 ERROR /home/bsc03/bsc03353/forge/src/dispatcher/posix.c:62 139820426729216: single write -1 of expected 1048576
08:21:48 ERROR /home/bsc03/bsc03353/forge/src/dispatcher/posix.c:61 139829016680192: r->filehandle = 36, r->size = 1048576, r->offset = 706740224
08:21:48 ERROR /home/bsc03/bsc03353/forge/src/dispatcher/posix.c:62 139829016680192: single write -1 of expected 1048576
08:21:49 ERROR /home/bsc03/bsc03353/forge/src/dispatcher/posix.c:61 139644361742080: r->filehandle = 36, r->size = 1048576, r->offset = 212860928
08:21:49 ERROR /home/bsc03/bsc03353/forge/src/dispatcher/posix.c:62 139644361742080: single write -1 of expected 1048576
08:21:49 ERROR /home/bsc03/bsc03353/forge/src/dispatcher/posix.c:61 140337361450752: r->filehandle = 35, r->size = 1048576, r->offset = 120586240
08:21:49 ERROR /home/bsc03/bsc03353/forge/src/dispatcher/posix.c:62 140337361450752: single write -1 of expected 1048576
08:21:50 ERROR /home/bsc03/bsc03353/forge/src/dispatcher/posix.c:61 140337199060736: r->filehandle = 36, r->size = 1048576, r->offset = 552599552
08:21:50 ERROR /home/bsc03/bsc03353/forge/src/dispatcher/posix.c:62 140337199060736: single write -1 of expected 1048576
08:21:50 ERROR /home/bsc03/bsc03353/forge/src/dispatcher/posix.c:61 139809689290496: r->filehandle = 36, r->size = 1048576, r->offset = 769654784
08:21:50 ERROR /home/bsc03/bsc03353/forge/src/dispatcher/posix.c:62 139809689290496: single write -1 of expected 1048576
08:21:51 ERROR /home/bsc03/bsc03353/forge/src/dispatcher/posix.c:61 139805394315008: r->filehandle = 36, r->size = 1048576, r->offset = 643825664
08:21:51 ERROR /home/bsc03/bsc03353/forge/src/dispatcher/posix.c:62 139805394315008: single write -1 of expected 1048576
08:21:51 ERROR /home/bsc03/bsc03353/forge/src/dispatcher/posix.c:61 139822574216960: r->filehandle = 36, r->size = 1048576, r->offset = 737148928
08:21:51 ERROR /home/bsc03/bsc03353/forge/src/dispatcher/posix.c:62 139822574216960: single write -1 of expected 1048576
08:21:52 ERROR /home/bsc03/bsc03353/forge/src/dispatcher/posix.c:61 139655099180800: r->filehandle = 36, r->size = 1048576, r->offset = 245366784
08:21:52 ERROR /home/bsc03/bsc03353/forge/src/dispatcher/posix.c:62 139655099180800: single write -1 of expected 1048576
08:21:53 ERROR /home/bsc03/bsc03353/forge/src/dispatcher/posix.c:61 139637919278848: r->filehandle = 36, r->size = 1048576, r->offset = 276824064
08:21:53 ERROR /home/bsc03/bsc03353/forge/src/dispatcher/posix.c:62 139637919278848: single write -1 of expected 1048576
08:21:54 ERROR /home/bsc03/bsc03353/forge/src/dispatcher/posix.c:61 140356526450432: r->filehandle = 36, r->size = 1048576, r->offset = 503316480
08:21:54 ERROR /home/bsc03/bsc03353/forge/src/dispatcher/posix.c:62 140356526450432: single write -1 of expected 1048576
08:21:55 ERROR /home/bsc03/bsc03353/forge/src/dispatcher/posix.c:61 140352393864960: r->filehandle = 35, r->size = 1048576, r->offset = 76546048
08:21:55 ERROR /home/bsc03/bsc03353/forge/src/dispatcher/posix.c:62 140352393864960: single write -1 of expected 1048576
08:21:56 ERROR /home/bsc03/bsc03353/forge/src/dispatcher/posix.c:61 140339508938496: r->filehandle = 35, r->size = 1048576, r->offset = 73400320
08:21:56 ERROR /home/bsc03/bsc03353/forge/src/dispatcher/posix.c:62 140339508938496: single write -1 of expected 1048576
08:21:56 ERROR /home/bsc03/bsc03353/forge/src/dispatcher/posix.c:61 140358673938176: r->filehandle = 36, r->size = 1048576, r->offset = 481296384
08:21:57 ERROR /home/bsc03/bsc03353/forge/src/dispatcher/posix.c:62 140358673938176: single write -1 of expected 1048576
08:21:57 ERROR /home/bsc03/bsc03353/forge/src/dispatcher/posix.c:61 140337199060736: r->filehandle = 36, r->size = 1048576, r->offset = 538968064
08:21:57 ERROR /home/bsc03/bsc03353/forge/src/dispatcher/posix.c:62 140337199060736: single write -1 of expected 1048576
08:21:57 ERROR /home/bsc03/bsc03353/forge/src/dispatcher/posix.c:61 140354541352704: r->filehandle = 35, r->size = 1048576, r->offset = 75497472
08:21:57 ERROR /home/bsc03/bsc03353/forge/src/dispatcher/posix.c:62 140354541352704: single write -1 of expected 1048576
08:21:58 ERROR /home/bsc03/bsc03353/forge/src/dispatcher/posix.c:61 139805394315008: r->filehandle = 36, r->size = 1048576, r->offset = 782237696
08:21:58 ERROR /home/bsc03/bsc03353/forge/src/dispatcher/posix.c:62 139805394315008: single write -1 of expected 1048576
08:21:59 ERROR /home/bsc03/bsc03353/forge/src/dispatcher/posix.c:61 139801099339520: r->filehandle = 36, r->size = 1048576, r->offset = 663748608
08:21:59 ERROR /home/bsc03/bsc03353/forge/src/dispatcher/posix.c:62 139801099339520: single write -1 of expected 1048576
08:21:59 ERROR /home/bsc03/bsc03353/forge/src/dispatcher/posix.c:61 139824721704704: r->filehandle = 36, r->size = 1048576, r->offset = 758120448
08:21:59 ERROR /home/bsc03/bsc03353/forge/src/dispatcher/posix.c:62 139824721704704: single write -1 of expected 1048576
08:22:00 ERROR /home/bsc03/bsc03353/forge/src/dispatcher/posix.c:61 140350246377216: r->filehandle = 35, r->size = 1048576, r->offset = 15728640
08:22:00 ERROR /home/bsc03/bsc03353/forge/src/dispatcher/posix.c:62 140350246377216: single write -1 of expected 1048576
08:22:01 ERROR /home/bsc03/bsc03353/forge/src/dispatcher/posix.c:61 140358836328192: r->filehandle = 35, r->size = 1048576, r->offset = 189792256
08:22:01 ERROR /home/bsc03/bsc03353/forge/src/dispatcher/posix.c:62 140358836328192: single write -1 of expected 1048576
08:22:02 ERROR /home/bsc03/bsc03353/forge/src/dispatcher/posix.c:61 139631476815616: r->filehandle = 36, r->size = 1048576, r->offset = 211812352
08:22:02 ERROR /home/bsc03/bsc03353/forge/src/dispatcher/posix.c:62 139631476815616: single write -1 of expected 1048576
08:22:03 ERROR /home/bsc03/bsc03353/forge/src/dispatcher/posix.c:61 140354378962688: r->filehandle = 36, r->size = 1048576, r->offset = 540016640
08:22:03 ERROR /home/bsc03/bsc03353/forge/src/dispatcher/posix.c:62 140354378962688: single write -1 of expected 1048576
08:22:03 ERROR /home/bsc03/bsc03353/forge/src/dispatcher/posix.c:61 140335051572992: r->filehandle = 36, r->size = 1048576, r->offset = 457179136
08:22:03 ERROR /home/bsc03/bsc03353/forge/src/dispatcher/posix.c:62 140335051572992: single write -1 of expected 1048576
08:22:04 ERROR /home/bsc03/bsc03353/forge/src/dispatcher/posix.c:61 140337199060736: r->filehandle = 36, r->size = 1048576, r->offset = 422576128
08:22:04 ERROR /home/bsc03/bsc03353/forge/src/dispatcher/posix.c:62 140337199060736: single write -1 of expected 1048576
08:22:04 ERROR /home/bsc03/bsc03353/forge/src/dispatcher/posix.c:61 139811836778240: r->filehandle = 36, r->size = 1048576, r->offset = 719323136
08:22:04 ERROR /home/bsc03/bsc03353/forge/src/dispatcher/posix.c:62 139811836778240: single write -1 of expected 1048576
08:22:05 ERROR /home/bsc03/bsc03353/forge/src/dispatcher/posix.c:61 140335213963008: r->filehandle = 35, r->size = 1048576, r->offset = 167772160
08:22:05 ERROR /home/bsc03/bsc03353/forge/src/dispatcher/posix.c:62 140335213963008: single write -1 of expected 1048576
08:22:06 ERROR /home/bsc03/bsc03353/forge/src/dispatcher/posix.c:61 139659394156288: r->filehandle = 36, r->size = 1048576, r->offset = 225443840
08:22:06 ERROR /home/bsc03/bsc03353/forge/src/dispatcher/posix.c:62 139659394156288: single write -1 of expected 1048576
08:22:06 ERROR /home/bsc03/bsc03353/forge/src/dispatcher/posix.c:61 140367263889152: r->filehandle = 36, r->size = 1048576, r->offset = 506462208
08:22:06 ERROR /home/bsc03/bsc03353/forge/src/dispatcher/posix.c:62 140367263889152: single write -1 of expected 1048576
08:22:07 ERROR /home/bsc03/bsc03353/forge/src/dispatcher/posix.c:61 139829016680192: r->filehandle = 36, r->size = 1048576, r->offset = 670040064
08:22:08 ERROR /home/bsc03/bsc03353/forge/src/dispatcher/posix.c:62 139829016680192: single write -1 of expected 1048576
08:22:08 ERROR /home/bsc03/bsc03353/forge/src/dispatcher/posix.c:61 139805394315008: r->filehandle = 36, r->size = 1048576, r->offset = 748683264
08:22:08 ERROR /home/bsc03/bsc03353/forge/src/dispatcher/posix.c:62 139805394315008: single write -1 of expected 1048576
08:22:09 ERROR /home/bsc03/bsc03353/forge/src/dispatcher/posix.c:61 139629329327872: r->filehandle = 36, r->size = 1048576, r->offset = 214958080
08:22:09 ERROR /home/bsc03/bsc03353/forge/src/dispatcher/posix.c:62 139629329327872: single write -1 of expected 1048576
08:22:09 ERROR /home/bsc03/bsc03353/forge/src/dispatcher/posix.c:61 140335213963008: r->filehandle = 35, r->size = 1048576, r->offset = 53477376
08:22:09 ERROR /home/bsc03/bsc03353/forge/src/dispatcher/posix.c:62 140335213963008: single write -1 of expected 1048576
08:22:11 ERROR /home/bsc03/bsc03353/forge/src/dispatcher/posix.c:61 140358836328192: r->filehandle = 35, r->size = 1048576, r->offset = 174063616
08:22:11 ERROR /home/bsc03/bsc03353/forge/src/dispatcher/posix.c:62 140358836328192: single write -1 of expected 1048576
08:22:12 ERROR /home/bsc03/bsc03353/forge/src/dispatcher/posix.c:61 140348098889472: r->filehandle = 35, r->size = 1048576, r->offset = 48234496
08:22:12 ERROR /home/bsc03/bsc03353/forge/src/dispatcher/posix.c:62 140348098889472: single write -1 of expected 1048576
08:22:12 ERROR /home/bsc03/bsc03353/forge/src/dispatcher/posix.c:61 140350246377216: r->filehandle = 35, r->size = 1048576, r->offset = 169869312
08:22:12 ERROR /home/bsc03/bsc03353/forge/src/dispatcher/posix.c:62 140350246377216: single write -1 of expected 1048576
08:22:13 ERROR /home/bsc03/bsc03353/forge/src/dispatcher/posix.c:61 140330918987520: r->filehandle = 35, r->size = 1048576, r->offset = 116391936
08:22:13 ERROR /home/bsc03/bsc03353/forge/src/dispatcher/posix.c:62 140330918987520: single write -1 of expected 1048576
08:22:14 ERROR /home/bsc03/bsc03353/forge/src/dispatcher/posix.c:61 140358673938176: r->filehandle = 36, r->size = 1048576, r->offset = 445644800
08:22:14 ERROR /home/bsc03/bsc03353/forge/src/dispatcher/posix.c:62 140358673938176: single write -1 of expected 1048576
08:22:14 ERROR /home/bsc03/bsc03353/forge/src/dispatcher/posix.c:61 140362968913664: r->filehandle = 36, r->size = 1048576, r->offset = 489684992
08:22:14 ERROR /home/bsc03/bsc03353/forge/src/dispatcher/posix.c:62 140362968913664: single write -1 of expected 1048576
08:22:15 ERROR /home/bsc03/bsc03353/forge/src/dispatcher/posix.c:61 140337199060736: r->filehandle = 36, r->size = 1048576, r->offset = 408944640
08:22:15 ERROR /home/bsc03/bsc03353/forge/src/dispatcher/posix.c:62 140337199060736: single write -1 of expected 1048576
08:22:16 ERROR /home/bsc03/bsc03353/forge/src/dispatcher/posix.c:61 140335051572992: r->filehandle = 36, r->size = 1048576, r->offset = 451936256
08:22:16 ERROR /home/bsc03/bsc03353/forge/src/dispatcher/posix.c:62 140335051572992: single write -1 of expected 1048576
08:22:17 ERROR /home/bsc03/bsc03353/forge/src/dispatcher/posix.c:61 139820426729216: r->filehandle = 36, r->size = 1048576, r->offset = 605028352
08:22:17 ERROR /home/bsc03/bsc03353/forge/src/dispatcher/posix.c:62 139820426729216: single write -1 of expected 1048576
08:22:18 ERROR /home/bsc03/bsc03353/forge/src/dispatcher/posix.c:61 139822574216960: r->filehandle = 36, r->size = 1048576, r->offset = 632291328
08:22:18 ERROR /home/bsc03/bsc03353/forge/src/dispatcher/posix.c:62 139822574216960: single write -1 of expected 1048576
08:22:18 ERROR /home/bsc03/bsc03353/forge/src/dispatcher/posix.c:61 139813984265984: r->filehandle = 36, r->size = 1048576, r->offset = 778043392
08:22:18 ERROR /home/bsc03/bsc03353/forge/src/dispatcher/posix.c:62 139813984265984: single write -1 of expected 1048576
08:22:19 ERROR /home/bsc03/bsc03353/forge/src/dispatcher/posix.c:61 139826869192448: r->filehandle = 36, r->size = 1048576, r->offset = 623902720
08:22:19 ERROR /home/bsc03/bsc03353/forge/src/dispatcher/posix.c:62 139826869192448: single write -1 of expected 1048576
08:22:19 ERROR /home/bsc03/bsc03353/forge/src/dispatcher/posix.c:61 139809689290496: r->filehandle = 36, r->size = 1048576, r->offset = 683671552
08:22:19 ERROR /home/bsc03/bsc03353/forge/src/dispatcher/posix.c:62 139809689290496: single write -1 of expected 1048576
08:22:20 ERROR /home/bsc03/bsc03353/forge/src/dispatcher/posix.c:61 139803246827264: r->filehandle = 36, r->size = 1048576, r->offset = 679477248
08:22:20 ERROR /home/bsc03/bsc03353/forge/src/dispatcher/posix.c:62 139803246827264: single write -1 of expected 1048576
08:22:22 ERROR /home/bsc03/bsc03353/forge/src/dispatcher/posix.c:61 139831164167936: r->filehandle = 36, r->size = 1048576, r->offset = 707788800
08:22:22 ERROR /home/bsc03/bsc03353/forge/src/dispatcher/posix.c:62 139831164167936: single write -1 of expected 1048576
08:22:22 ERROR /home/bsc03/bsc03353/forge/src/dispatcher/posix.c:61 139811836778240: r->filehandle = 36, r->size = 1048576, r->offset = 765460480
08:22:22 ERROR /home/bsc03/bsc03353/forge/src/dispatcher/posix.c:62 139811836778240: single write -1 of expected 1048576
08:22:23 ERROR /home/bsc03/bsc03353/forge/src/dispatcher/posix.c:61 139805394315008: r->filehandle = 36, r->size = 1048576, r->offset = 776994816
08:22:23 ERROR /home/bsc03/bsc03353/forge/src/dispatcher/posix.c:62 139805394315008: single write -1 of expected 1048576
08:22:24 ERROR /home/bsc03/bsc03353/forge/src/dispatcher/posix.c:61 139829016680192: r->filehandle = 36, r->size = 1048576, r->offset = 780140544
08:22:24 ERROR /home/bsc03/bsc03353/forge/src/dispatcher/posix.c:62 139829016680192: single write -1 of expected 1048576
08:22:25 ERROR /home/bsc03/bsc03353/forge/src/dispatcher/posix.c:61 139798951851776: r->filehandle = 36, r->size = 1048576, r->offset = 791674880
08:22:25 ERROR /home/bsc03/bsc03353/forge/src/dispatcher/posix.c:62 139798951851776: single write -1 of expected 1048576
08:22:25 ERROR /home/bsc03/bsc03353/forge/src/dispatcher/posix.c:61 139824721704704: r->filehandle = 36, r->size = 1048576, r->offset = 714080256
08:22:25 ERROR /home/bsc03/bsc03353/forge/src/dispatcher/posix.c:62 139824721704704: single write -1 of expected 1048576
08:22:26 ERROR /home/bsc03/bsc03353/forge/src/dispatcher/posix.c:61 139807541802752: r->filehandle = 36, r->size = 1048576, r->offset = 702545920
08:22:26 ERROR /home/bsc03/bsc03353/forge/src/dispatcher/posix.c:62 139807541802752: single write -1 of expected 1048576
08:22:26 ERROR /home/bsc03/bsc03353/forge/src/dispatcher/posix.c:61 139801099339520: r->filehandle = 36, r->size = 1048576, r->offset = 761266176
08:22:26 ERROR /home/bsc03/bsc03353/forge/src/dispatcher/posix.c:62 139801099339520: single write -1 of expected 1048576
08:22:27 ERROR /home/bsc03/bsc03353/forge/src/dispatcher/posix.c:61 139818279241472: r->filehandle = 36, r->size = 1048576, r->offset = 612368384
08:22:27 ERROR /home/bsc03/bsc03353/forge/src/dispatcher/posix.c:62 139818279241472: single write -1 of expected 1048576
08:22:27 ERROR /home/bsc03/bsc03353/forge/src/dispatcher/posix.c:61 139816131753728: r->filehandle = 36, r->size = 1048576, r->offset = 613416960
08:22:27 ERROR /home/bsc03/bsc03353/forge/src/dispatcher/posix.c:62 139816131753728: single write -1 of expected 1048576
08:22:28 ERROR /home/bsc03/bsc03353/forge/src/dispatcher/posix.c:61 140356688840448: r->filehandle = 35, r->size = 1048576, r->offset = 70254592
08:22:28 ERROR /home/bsc03/bsc03353/forge/src/dispatcher/posix.c:62 140356688840448: single write -1 of expected 1048576
08:22:28 ERROR /home/bsc03/bsc03353/forge/src/dispatcher/posix.c:61 139657246668544: r->filehandle = 36, r->size = 1048576, r->offset = 355467264
08:22:28 ERROR /home/bsc03/bsc03353/forge/src/dispatcher/posix.c:62 139657246668544: single write -1 of expected 1048576
08:22:29 ERROR /home/bsc03/bsc03353/forge/src/dispatcher/posix.c:61 140350246377216: r->filehandle = 35, r->size = 1048576, r->offset = 111149056
08:22:29 ERROR /home/bsc03/bsc03353/forge/src/dispatcher/posix.c:62 140350246377216: single write -1 of expected 1048576
08:22:31 ERROR /home/bsc03/bsc03353/forge/src/dispatcher/posix.c:61 140345789011712: r->filehandle = 36, r->size = 1048576, r->offset = 523239424
08:22:31 ERROR /home/bsc03/bsc03353/forge/src/dispatcher/posix.c:62 140345789011712: single write -1 of expected 1048576
08:22:31 ERROR /home/bsc03/bsc03353/forge/src/dispatcher/posix.c:61 140352231474944: r->filehandle = 36, r->size = 1048576, r->offset = 545259520
08:22:31 ERROR /home/bsc03/bsc03353/forge/src/dispatcher/posix.c:62 140352231474944: single write -1 of expected 1048576
08:22:32 ERROR /home/bsc03/bsc03353/forge/src/dispatcher/posix.c:61 140339346548480: r->filehandle = 36, r->size = 1048576, r->offset = 504365056
08:22:32 ERROR /home/bsc03/bsc03353/forge/src/dispatcher/posix.c:62 140339346548480: single write -1 of expected 1048576
08:22:35 ERROR /home/bsc03/bsc03353/forge/src/dispatcher/posix.c:61 139820426729216: r->filehandle = 36, r->size = 1048576, r->offset = 718274560
08:22:35 ERROR /home/bsc03/bsc03353/forge/src/dispatcher/posix.c:62 139820426729216: single write -1 of expected 1048576
08:22:36 ERROR /home/bsc03/bsc03353/forge/src/dispatcher/posix.c:61 139818279241472: r->filehandle = 36, r->size = 1048576, r->offset = 734003200
08:22:36 ERROR /home/bsc03/bsc03353/forge/src/dispatcher/posix.c:62 139818279241472: single write -1 of expected 1048576
08:22:36 ERROR /home/bsc03/bsc03353/forge/src/dispatcher/posix.c:61 140354541352704: r->filehandle = 35, r->size = 1048576, r->offset = 79691776
08:22:36 ERROR /home/bsc03/bsc03353/forge/src/dispatcher/posix.c:62 140354541352704: single write -1 of expected 1048576
08:22:36 ERROR /home/bsc03/bsc03353/forge/src/dispatcher/posix.c:61 139637919278848: r->filehandle = 36, r->size = 1048576, r->offset = 389021696
08:22:36 ERROR /home/bsc03/bsc03353/forge/src/dispatcher/posix.c:62 139637919278848: single write -1 of expected 1048576
08:22:37 ERROR /home/bsc03/bsc03353/forge/src/dispatcher/posix.c:61 139646509229824: r->filehandle = 36, r->size = 1048576, r->offset = 391118848
08:22:37 ERROR /home/bsc03/bsc03353/forge/src/dispatcher/posix.c:62 139646509229824: single write -1 of expected 1048576
08:22:38 ERROR /home/bsc03/bsc03353/forge/src/dispatcher/posix.c:61 140337199060736: r->filehandle = 36, r->size = 1048576, r->offset = 547356672
08:22:38 ERROR /home/bsc03/bsc03353/forge/src/dispatcher/posix.c:62 140337199060736: single write -1 of expected 1048576
08:22:40 ERROR /home/bsc03/bsc03353/forge/src/dispatcher/posix.c:61 140350083987200: r->filehandle = 36, r->size = 1048576, r->offset = 421527552
08:22:40 ERROR /home/bsc03/bsc03353/forge/src/dispatcher/posix.c:62 140350083987200: single write -1 of expected 1048576
08:22:40 ERROR /home/bsc03/bsc03353/forge/src/dispatcher/posix.c:61 140356526450432: r->filehandle = 36, r->size = 1048576, r->offset = 404750336
08:22:40 ERROR /home/bsc03/bsc03353/forge/src/dispatcher/posix.c:62 140356526450432: single write -1 of expected 1048576
08:22:41 ERROR /home/bsc03/bsc03353/forge/src/dispatcher/posix.c:61 139829016680192: r->filehandle = 36, r->size = 1048576, r->offset = 793772032
08:22:41 ERROR /home/bsc03/bsc03353/forge/src/dispatcher/posix.c:62 139829016680192: single write -1 of expected 1048576
08:22:41 ERROR /home/bsc03/bsc03353/forge/src/dispatcher/posix.c:61 139629329327872: r->filehandle = 36, r->size = 1048576, r->offset = 278921216
08:22:41 ERROR /home/bsc03/bsc03353/forge/src/dispatcher/posix.c:62 139629329327872: single write -1 of expected 1048576
08:22:41 ERROR /home/bsc03/bsc03353/forge/src/dispatcher/posix.c:61 139822574216960: r->filehandle = 36, r->size = 1048576, r->offset = 796917760
08:22:41 ERROR /home/bsc03/bsc03353/forge/src/dispatcher/posix.c:62 139822574216960: single write -1 of expected 1048576
08:22:41 ERROR /home/bsc03/bsc03353/forge/src/dispatcher/posix.c:61 140347936499456: r->filehandle = 36, r->size = 1048576, r->offset = 426770432
08:22:41 ERROR /home/bsc03/bsc03353/forge/src/dispatcher/posix.c:62 140347936499456: single write -1 of expected 1048576
08:22:42 ERROR /home/bsc03/bsc03353/forge/src/dispatcher/posix.c:61 140356688840448: r->filehandle = 35, r->size = 1048576, r->offset = 183500800
08:22:42 ERROR /home/bsc03/bsc03353/forge/src/dispatcher/posix.c:62 140356688840448: single write -1 of expected 1048576
08:22:42 ERROR /home/bsc03/bsc03353/forge/src/dispatcher/posix.c:61 139813984265984: r->filehandle = 36, r->size = 1048576, r->offset = 792723456
08:22:42 ERROR /home/bsc03/bsc03353/forge/src/dispatcher/posix.c:62 139813984265984: single write -1 of expected 1048576
08:22:43 ERROR /home/bsc03/bsc03353/forge/src/dispatcher/posix.c:61 140365116401408: r->filehandle = 36, r->size = 1048576, r->offset = 551550976
08:22:43 ERROR /home/bsc03/bsc03353/forge/src/dispatcher/posix.c:62 140365116401408: single write -1 of expected 1048576
08:22:43 ERROR /home/bsc03/bsc03353/forge/src/dispatcher/posix.c:61 139807541802752: r->filehandle = 36, r->size = 1048576, r->offset = 657457152
08:22:43 ERROR /home/bsc03/bsc03353/forge/src/dispatcher/posix.c:62 139807541802752: single write -1 of expected 1048576
08:22:44 ERROR /home/bsc03/bsc03353/forge/src/dispatcher/posix.c:61 140350246377216: r->filehandle = 35, r->size = 1048576, r->offset = 124780544
08:22:44 ERROR /home/bsc03/bsc03353/forge/src/dispatcher/posix.c:62 140350246377216: single write -1 of expected 1048576
08:22:44 ERROR /home/bsc03/bsc03353/forge/src/dispatcher/posix.c:61 139801099339520: r->filehandle = 36, r->size = 1048576, r->offset = 688914432
08:22:44 ERROR /home/bsc03/bsc03353/forge/src/dispatcher/posix.c:62 139801099339520: single write -1 of expected 1048576
08:22:45 ERROR /home/bsc03/bsc03353/forge/src/dispatcher/posix.c:61 139659394156288: r->filehandle = 36, r->size = 1048576, r->offset = 230686720
08:22:45 ERROR /home/bsc03/bsc03353/forge/src/dispatcher/posix.c:62 139659394156288: single write -1 of expected 1048576
08:22:46 ERROR /home/bsc03/bsc03353/forge/src/dispatcher/posix.c:61 140352231474944: r->filehandle = 36, r->size = 1048576, r->offset = 464519168
08:22:46 ERROR /home/bsc03/bsc03353/forge/src/dispatcher/posix.c:62 140352231474944: single write -1 of expected 1048576
08:22:47 ERROR /home/bsc03/bsc03353/forge/src/dispatcher/posix.c:61 140350083987200: r->filehandle = 36, r->size = 1048576, r->offset = 497025024
08:22:47 ERROR /home/bsc03/bsc03353/forge/src/dispatcher/posix.c:62 140350083987200: single write -1 of expected 1048576
08:22:47 ERROR /home/bsc03/bsc03353/forge/src/dispatcher/posix.c:61 139644361742080: r->filehandle = 36, r->size = 1048576, r->offset = 293601280
08:22:47 ERROR /home/bsc03/bsc03353/forge/src/dispatcher/posix.c:62 139644361742080: single write -1 of expected 1048576
08:22:48 ERROR /home/bsc03/bsc03353/forge/src/dispatcher/posix.c:61 140339508938496: r->filehandle = 35, r->size = 1048576, r->offset = 81788928
08:22:48 ERROR /home/bsc03/bsc03353/forge/src/dispatcher/posix.c:62 140339508938496: single write -1 of expected 1048576
08:22:48 ERROR /home/bsc03/bsc03353/forge/src/dispatcher/posix.c:61 139655099180800: r->filehandle = 36, r->size = 1048576, r->offset = 322961408
08:22:48 ERROR /home/bsc03/bsc03353/forge/src/dispatcher/posix.c:62 139655099180800: single write -1 of expected 1048576
08:22:49 ERROR /home/bsc03/bsc03353/forge/src/dispatcher/posix.c:61 139805394315008: r->filehandle = 36, r->size = 1048576, r->offset = 772800512
08:22:49 ERROR /home/bsc03/bsc03353/forge/src/dispatcher/posix.c:62 139805394315008: single write -1 of expected 1048576
08:22:50 ERROR /home/bsc03/bsc03353/forge/src/dispatcher/posix.c:61 139824721704704: r->filehandle = 36, r->size = 1048576, r->offset = 756023296
08:22:50 ERROR /home/bsc03/bsc03353/forge/src/dispatcher/posix.c:62 139824721704704: single write -1 of expected 1048576
08:22:50 ERROR /home/bsc03/bsc03353/forge/src/dispatcher/posix.c:61 139803246827264: r->filehandle = 36, r->size = 1048576, r->offset = 691011584
08:22:50 ERROR /home/bsc03/bsc03353/forge/src/dispatcher/posix.c:62 139803246827264: single write -1 of expected 1048576
08:22:51 ERROR /home/bsc03/bsc03353/forge/src/dispatcher/posix.c:61 140341656426240: r->filehandle = 35, r->size = 1048576, r->offset = 88080384
08:22:51 ERROR /home/bsc03/bsc03353/forge/src/dispatcher/posix.c:61 140362968913664: r->filehandle = 36, r->size = 1048576, r->offset = 450887680
08:22:51 ERROR /home/bsc03/bsc03353/forge/src/dispatcher/posix.c:62 140362968913664: single write -1 of expected 1048576
08:22:51 ERROR /home/bsc03/bsc03353/forge/src/dispatcher/posix.c:62 140341656426240: single write -1 of expected 1048576
08:22:55 ERROR /home/bsc03/bsc03353/forge/src/dispatcher/posix.c:61 139644361742080: r->filehandle = 36, r->size = 1048576, r->offset = 218103808
08:22:55 ERROR /home/bsc03/bsc03353/forge/src/dispatcher/posix.c:62 139644361742080: single write -1 of expected 1048576
08:22:56 ERROR /home/bsc03/bsc03353/forge/src/dispatcher/posix.c:61 139637919278848: r->filehandle = 36, r->size = 1048576, r->offset = 210763776
08:22:56 ERROR /home/bsc03/bsc03353/forge/src/dispatcher/posix.c:62 139637919278848: single write -1 of expected 1048576
08:22:56 ERROR /home/bsc03/bsc03353/forge/src/dispatcher/posix.c:61 139831164167936: r->filehandle = 36, r->size = 1048576, r->offset = 697303040
08:22:56 ERROR /home/bsc03/bsc03353/forge/src/dispatcher/posix.c:62 139831164167936: single write -1 of expected 1048576
08:22:57 ERROR /home/bsc03/bsc03353/forge/src/dispatcher/posix.c:61 140328771499776: r->filehandle = 35, r->size = 1048576, r->offset = 87031808
08:22:57 ERROR /home/bsc03/bsc03353/forge/src/dispatcher/posix.c:62 140328771499776: single write -1 of expected 1048576
08:22:57 ERROR /home/bsc03/bsc03353/forge/src/dispatcher/posix.c:61 140358836328192: r->filehandle = 35, r->size = 1048576, r->offset = 173015040
08:22:57 ERROR /home/bsc03/bsc03353/forge/src/dispatcher/posix.c:62 140358836328192: single write -1 of expected 1048576
08:22:57 ERROR /home/bsc03/bsc03353/forge/src/dispatcher/posix.c:61 140339346548480: r->filehandle = 36, r->size = 1048576, r->offset = 512753664
08:22:57 ERROR /home/bsc03/bsc03353/forge/src/dispatcher/posix.c:62 140339346548480: single write -1 of expected 1048576
08:22:58 ERROR /home/bsc03/bsc03353/forge/src/dispatcher/posix.c:61 140335051572992: r->filehandle = 36, r->size = 1048576, r->offset = 517996544
08:22:58 ERROR /home/bsc03/bsc03353/forge/src/dispatcher/posix.c:62 140335051572992: single write -1 of expected 1048576
08:22:59 ERROR /home/bsc03/bsc03353/forge/src/dispatcher/posix.c:61 139646509229824: r->filehandle = 36, r->size = 1048576, r->offset = 262144000
08:22:59 ERROR /home/bsc03/bsc03353/forge/src/dispatcher/posix.c:62 139646509229824: single write -1 of expected 1048576
08:22:59 ERROR /home/bsc03/bsc03353/forge/src/dispatcher/posix.c:61 139801099339520: r->filehandle = 36, r->size = 1048576, r->offset = 622854144
08:22:59 ERROR /home/bsc03/bsc03353/forge/src/dispatcher/posix.c:62 139801099339520: single write -1 of expected 1048576
08:23:01 ERROR /home/bsc03/bsc03353/forge/src/dispatcher/posix.c:61 140356526450432: r->filehandle = 36, r->size = 1048576, r->offset = 417333248
08:23:01 ERROR /home/bsc03/bsc03353/forge/src/dispatcher/posix.c:62 140356526450432: single write -1 of expected 1048576
08:23:01 ERROR /home/bsc03/bsc03353/forge/src/dispatcher/posix.c:61 140345789011712: r->filehandle = 36, r->size = 1048576, r->offset = 556793856
08:23:01 ERROR /home/bsc03/bsc03353/forge/src/dispatcher/posix.c:62 140345789011712: single write -1 of expected 1048576
08:23:02 ERROR /home/bsc03/bsc03353/forge/src/dispatcher/posix.c:61 140358836328192: r->filehandle = 35, r->size = 1048576, r->offset = 65011712
08:23:02 ERROR /home/bsc03/bsc03353/forge/src/dispatcher/posix.c:62 140358836328192: single write -1 of expected 1048576
08:23:02 ERROR /home/bsc03/bsc03353/forge/src/dispatcher/posix.c:61 140352393864960: r->filehandle = 35, r->size = 1048576, r->offset = 95420416
08:23:02 ERROR /home/bsc03/bsc03353/forge/src/dispatcher/posix.c:62 140352393864960: single write -1 of expected 1048576
08:23:03 ERROR /home/bsc03/bsc03353/forge/src/dispatcher/posix.c:61 139652951693056: r->filehandle = 36, r->size = 1048576, r->offset = 239075328
08:23:03 ERROR /home/bsc03/bsc03353/forge/src/dispatcher/posix.c:62 139652951693056: single write -1 of expected 1048576
08:23:04 ERROR /home/bsc03/bsc03353/forge/src/dispatcher/posix.c:61 139816131753728: r->filehandle = 36, r->size = 1048576, r->offset = 639631360
08:23:04 ERROR /home/bsc03/bsc03353/forge/src/dispatcher/posix.c:62 139816131753728: single write -1 of expected 1048576
08:23:05 ERROR /home/bsc03/bsc03353/forge/src/dispatcher/posix.c:61 140341494036224: r->filehandle = 36, r->size = 1048576, r->offset = 558891008
08:23:05 ERROR /home/bsc03/bsc03353/forge/src/dispatcher/posix.c:62 140341494036224: single write -1 of expected 1048576
08:23:05 ERROR /home/bsc03/bsc03353/forge/src/dispatcher/posix.c:61 140345789011712: r->filehandle = 36, r->size = 1048576, r->offset = 555745280
08:23:05 ERROR /home/bsc03/bsc03353/forge/src/dispatcher/posix.c:62 140345789011712: single write -1 of expected 1048576
08:23:06 ERROR /home/bsc03/bsc03353/forge/src/dispatcher/posix.c:61 140348098889472: r->filehandle = 35, r->size = 1048576, r->offset = 131072000
08:23:06 ERROR /home/bsc03/bsc03353/forge/src/dispatcher/posix.c:62 140348098889472: single write -1 of expected 1048576
08:23:21 ERROR /home/bsc03/bsc03353/forge/src/dispatcher/posix.c:61 140337361450752: r->filehandle = 35, r->size = 1048576, r->offset = 19922944
08:23:21 ERROR /home/bsc03/bsc03353/forge/src/dispatcher/posix.c:62 140337361450752: single write -1 of expected 1048576
08:23:51 ERROR /home/bsc03/bsc03353/forge/src/dispatcher/posix.c:61 140354541352704: r->filehandle = 35, r->size = 1048576, r->offset = 153092096
08:23:51 ERROR /home/bsc03/bsc03353/forge/src/dispatcher/posix.c:62 140354541352704: single write -1 of expected 1048576
08:24:07 ERROR /home/bsc03/bsc03353/forge/src/dispatcher/posix.c:61 140341656426240: r->filehandle = 35, r->size = 1048576, r->offset = 13631488
08:24:07 ERROR /home/bsc03/bsc03353/forge/src/dispatcher/posix.c:62 140341656426240: single write -1 of expected 1048576
08:24:08 ERROR /home/bsc03/bsc03353/forge/src/dispatcher/posix.c:61 140356688840448: r->filehandle = 35, r->size = 1048576, r->offset = 8388608
08:24:08 ERROR /home/bsc03/bsc03353/forge/src/dispatcher/posix.c:62 140356688840448: single write -1 of expected 1048576
08:24:08 ERROR /home/bsc03/bsc03353/forge/src/dispatcher/posix.c:61 140343803913984: r->filehandle = 35, r->size = 1048576, r->offset = 85983232
08:24:08 ERROR /home/bsc03/bsc03353/forge/src/dispatcher/posix.c:62 140343803913984: single write -1 of expected 1048576
08:24:10 ERROR /home/bsc03/bsc03353/forge/src/dispatcher/posix.c:61 139633624303360: r->filehandle = 36, r->size = 1048576, r->offset = 236978176
08:24:10 ERROR /home/bsc03/bsc03353/forge/src/dispatcher/posix.c:62 139633624303360: single write -1 of expected 1048576
08:24:11 ERROR /home/bsc03/bsc03353/forge/src/dispatcher/posix.c:61 139809689290496: r->filehandle = 36, r->size = 1048576, r->offset = 627048448
08:24:11 ERROR /home/bsc03/bsc03353/forge/src/dispatcher/posix.c:62 139809689290496: single write -1 of expected 1048576
08:24:11 ERROR /home/bsc03/bsc03353/forge/src/dispatcher/posix.c:61 140350083987200: r->filehandle = 36, r->size = 1048576, r->offset = 521142272
08:24:11 ERROR /home/bsc03/bsc03353/forge/src/dispatcher/posix.c:62 140350083987200: single write -1 of expected 1048576
08:24:13 ERROR /home/bsc03/bsc03353/forge/src/dispatcher/posix.c:61 140354378962688: r->filehandle = 36, r->size = 1048576, r->offset = 528482304
08:24:13 ERROR /home/bsc03/bsc03353/forge/src/dispatcher/posix.c:62 140354378962688: single write -1 of expected 1048576
08:24:14 ERROR /home/bsc03/bsc03353/forge/src/dispatcher/posix.c:61 140347936499456: r->filehandle = 36, r->size = 1048576, r->offset = 529530880
08:24:14 ERROR /home/bsc03/bsc03353/forge/src/dispatcher/posix.c:62 140347936499456: single write -1 of expected 1048576
08:24:16 ERROR /home/bsc03/bsc03353/forge/src/dispatcher/posix.c:61 140352393864960: r->filehandle = 35, r->size = 1048576, r->offset = 92274688
08:24:16 ERROR /home/bsc03/bsc03353/forge/src/dispatcher/posix.c:62 140352393864960: single write -1 of expected 1048576
08:24:17 ERROR /home/bsc03/bsc03353/forge/src/dispatcher/posix.c:61 140330918987520: r->filehandle = 35, r->size = 1048576, r->offset = 33554432
08:24:17 ERROR /home/bsc03/bsc03353/forge/src/dispatcher/posix.c:62 140330918987520: single write -1 of expected 1048576
08:24:20 ERROR /home/bsc03/bsc03353/forge/src/dispatcher/posix.c:61 139627181840128: r->filehandle = 36, r->size = 1048576, r->offset = 249561088
08:24:20 ERROR /home/bsc03/bsc03353/forge/src/dispatcher/posix.c:62 139627181840128: single write -1 of expected 1048576
08:24:21 ERROR /home/bsc03/bsc03353/forge/src/dispatcher/posix.c:61 139650804205312: r->filehandle = 36, r->size = 1048576, r->offset = 240123904
08:24:21 ERROR /home/bsc03/bsc03353/forge/src/dispatcher/posix.c:62 139650804205312: single write -1 of expected 1048576
08:24:21 ERROR /home/bsc03/bsc03353/forge/src/dispatcher/posix.c:61 140360821425920: r->filehandle = 36, r->size = 1048576, r->offset = 590348288
08:24:21 ERROR /home/bsc03/bsc03353/forge/src/dispatcher/posix.c:62 140360821425920: single write -1 of expected 1048576
08:24:23 ERROR /home/bsc03/bsc03353/forge/src/dispatcher/posix.c:61 139631476815616: r->filehandle = 36, r->size = 1048576, r->offset = 248512512
08:24:23 ERROR /home/bsc03/bsc03353/forge/src/dispatcher/posix.c:62 139631476815616: single write -1 of expected 1048576
08:24:23 ERROR /home/bsc03/bsc03353/forge/src/dispatcher/posix.c:61 139829016680192: r->filehandle = 36, r->size = 1048576, r->offset = 658505728
08:24:23 ERROR /home/bsc03/bsc03353/forge/src/dispatcher/posix.c:62 139829016680192: single write -1 of expected 1048576
08:24:25 ERROR /home/bsc03/bsc03353/forge/src/dispatcher/posix.c:61 139811836778240: r->filehandle = 36, r->size = 1048576, r->offset = 607125504
08:24:25 ERROR /home/bsc03/bsc03353/forge/src/dispatcher/posix.c:62 139811836778240: single write -1 of expected 1048576
08:24:25 ERROR /home/bsc03/bsc03353/forge/src/dispatcher/posix.c:61 139644361742080: r->filehandle = 36, r->size = 1048576, r->offset = 307232768
08:24:25 ERROR /home/bsc03/bsc03353/forge/src/dispatcher/posix.c:62 139644361742080: single write -1 of expected 1048576
08:24:25 ERROR /home/bsc03/bsc03353/forge/src/dispatcher/posix.c:61 140348098889472: r->filehandle = 35, r->size = 1048576, r->offset = 170917888
08:24:25 ERROR /home/bsc03/bsc03353/forge/src/dispatcher/posix.c:62 140348098889472: single write -1 of expected 1048576
08:24:27 ERROR /home/bsc03/bsc03353/forge/src/dispatcher/posix.c:61 140352231474944: r->filehandle = 36, r->size = 1048576, r->offset = 548405248
08:24:27 ERROR /home/bsc03/bsc03353/forge/src/dispatcher/posix.c:62 140352231474944: single write -1 of expected 1048576
08:24:27 ERROR /home/bsc03/bsc03353/forge/src/dispatcher/posix.c:61 140358836328192: r->filehandle = 35, r->size = 1048576, r->offset = 47185920
08:24:27 ERROR /home/bsc03/bsc03353/forge/src/dispatcher/posix.c:62 140358836328192: single write -1 of expected 1048576
08:24:28 ERROR /home/bsc03/bsc03353/forge/src/dispatcher/posix.c:61 139807541802752: r->filehandle = 36, r->size = 1048576, r->offset = 730857472
08:24:28 ERROR /home/bsc03/bsc03353/forge/src/dispatcher/posix.c:62 139807541802752: single write -1 of expected 1048576
08:24:29 ERROR /home/bsc03/bsc03353/forge/src/dispatcher/posix.c:61 139657246668544: r->filehandle = 36, r->size = 1048576, r->offset = 206569472
08:24:29 ERROR /home/bsc03/bsc03353/forge/src/dispatcher/posix.c:62 139657246668544: single write -1 of expected 1048576
08:24:29 ERROR /home/bsc03/bsc03353/forge/src/dispatcher/posix.c:61 139813984265984: r->filehandle = 36, r->size = 1048576, r->offset = 746586112
08:24:29 ERROR /home/bsc03/bsc03353/forge/src/dispatcher/posix.c:62 139813984265984: single write -1 of expected 1048576
08:24:30 ERROR /home/bsc03/bsc03353/forge/src/dispatcher/posix.c:61 139831164167936: r->filehandle = 36, r->size = 1048576, r->offset = 685768704
08:24:30 ERROR /home/bsc03/bsc03353/forge/src/dispatcher/posix.c:62 139831164167936: single write -1 of expected 1048576
08:24:30 ERROR /home/bsc03/bsc03353/forge/src/dispatcher/posix.c:61 140339346548480: r->filehandle = 36, r->size = 1048576, r->offset = 479199232
08:24:30 ERROR /home/bsc03/bsc03353/forge/src/dispatcher/posix.c:62 140339346548480: single write -1 of expected 1048576
08:24:33 ERROR /home/bsc03/bsc03353/forge/src/dispatcher/posix.c:61 139816131753728: r->filehandle = 36, r->size = 1048576, r->offset = 759169024
08:24:33 ERROR /home/bsc03/bsc03353/forge/src/dispatcher/posix.c:62 139816131753728: single write -1 of expected 1048576
08:24:33 ERROR /home/bsc03/bsc03353/forge/src/dispatcher/posix.c:61 139803246827264: r->filehandle = 36, r->size = 1048576, r->offset = 645922816
08:24:33 ERROR /home/bsc03/bsc03353/forge/src/dispatcher/posix.c:62 139803246827264: single write -1 of expected 1048576
08:24:34 ERROR /home/bsc03/bsc03353/forge/src/dispatcher/posix.c:61 139829016680192: r->filehandle = 36, r->size = 1048576, r->offset = 713031680
08:24:34 ERROR /home/bsc03/bsc03353/forge/src/dispatcher/posix.c:62 139829016680192: single write -1 of expected 1048576
08:24:35 ERROR /home/bsc03/bsc03353/forge/src/dispatcher/posix.c:61 139818279241472: r->filehandle = 36, r->size = 1048576, r->offset = 606076928
08:24:35 ERROR /home/bsc03/bsc03353/forge/src/dispatcher/posix.c:62 139818279241472: single write -1 of expected 1048576
08:24:36 ERROR /home/bsc03/bsc03353/forge/src/dispatcher/posix.c:61 140333066475264: r->filehandle = 35, r->size = 1048576, r->offset = 3145728
08:24:36 ERROR /home/bsc03/bsc03353/forge/src/dispatcher/posix.c:62 140333066475264: single write -1 of expected 1048576
08:24:37 ERROR /home/bsc03/bsc03353/forge/src/dispatcher/posix.c:61 139633624303360: r->filehandle = 36, r->size = 1048576, r->offset = 300941312
08:24:37 ERROR /home/bsc03/bsc03353/forge/src/dispatcher/posix.c:62 139633624303360: single write -1 of expected 1048576
08:24:37 ERROR /home/bsc03/bsc03353/forge/src/dispatcher/posix.c:61 140362968913664: r->filehandle = 36, r->size = 1048576, r->offset = 575668224
08:24:37 ERROR /home/bsc03/bsc03353/forge/src/dispatcher/posix.c:62 140362968913664: single write -1 of expected 1048576
08:24:37 ERROR /home/bsc03/bsc03353/forge/src/dispatcher/posix.c:61 139820426729216: r->filehandle = 36, r->size = 1048576, r->offset = 743440384
08:24:37 ERROR /home/bsc03/bsc03353/forge/src/dispatcher/posix.c:62 139820426729216: single write -1 of expected 1048576
08:24:38 ERROR /home/bsc03/bsc03353/forge/src/dispatcher/posix.c:61 140341494036224: r->filehandle = 36, r->size = 1048576, r->offset = 463470592
08:24:38 ERROR /home/bsc03/bsc03353/forge/src/dispatcher/posix.c:62 140341494036224: single write -1 of expected 1048576
08:24:38 ERROR /home/bsc03/bsc03353/forge/src/dispatcher/posix.c:61 139798951851776: r->filehandle = 36, r->size = 1048576, r->offset = 747634688
08:24:38 ERROR /home/bsc03/bsc03353/forge/src/dispatcher/posix.c:62 139798951851776: single write -1 of expected 1048576
08:24:40 ERROR /home/bsc03/bsc03353/forge/src/dispatcher/posix.c:61 140350083987200: r->filehandle = 36, r->size = 1048576, r->offset = 563085312
08:24:40 ERROR /home/bsc03/bsc03353/forge/src/dispatcher/posix.c:62 140350083987200: single write -1 of expected 1048576
08:24:41 ERROR /home/bsc03/bsc03353/forge/src/dispatcher/posix.c:61 140328771499776: r->filehandle = 35, r->size = 1048576, r->offset = 39845888
08:24:41 ERROR /home/bsc03/bsc03353/forge/src/dispatcher/posix.c:62 140328771499776: single write -1 of expected 1048576
08:24:44 ERROR /home/bsc03/bsc03353/forge/src/dispatcher/posix.c:61 140345951401728: r->filehandle = 35, r->size = 1048576, r->offset = 77594624
08:24:44 ERROR /home/bsc03/bsc03353/forge/src/dispatcher/posix.c:62 140345951401728: single write -1 of expected 1048576
08:24:44 ERROR /home/bsc03/bsc03353/forge/src/dispatcher/posix.c:61 140343803913984: r->filehandle = 35, r->size = 1048576, r->offset = 199229440
08:24:44 ERROR /home/bsc03/bsc03353/forge/src/dispatcher/posix.c:62 140343803913984: single write -1 of expected 1048576
08:24:45 ERROR /home/bsc03/bsc03353/forge/src/dispatcher/posix.c:61 140339508938496: r->filehandle = 35, r->size = 1048576, r->offset = 72351744
08:24:45 ERROR /home/bsc03/bsc03353/forge/src/dispatcher/posix.c:62 140339508938496: single write -1 of expected 1048576
08:24:46 ERROR /home/bsc03/bsc03353/forge/src/dispatcher/posix.c:61 140354541352704: r->filehandle = 35, r->size = 1048576, r->offset = 41943040
08:24:46 ERROR /home/bsc03/bsc03353/forge/src/dispatcher/posix.c:62 140354541352704: single write -1 of expected 1048576
08:24:47 ERROR /home/bsc03/bsc03353/forge/src/dispatcher/posix.c:61 139829016680192: r->filehandle = 36, r->size = 1048576, r->offset = 609222656
08:24:47 ERROR /home/bsc03/bsc03353/forge/src/dispatcher/posix.c:62 139829016680192: single write -1 of expected 1048576
08:24:47 ERROR /home/bsc03/bsc03353/forge/src/dispatcher/posix.c:61 139627181840128: r->filehandle = 36, r->size = 1048576, r->offset = 238026752
08:24:47 ERROR /home/bsc03/bsc03353/forge/src/dispatcher/posix.c:62 139627181840128: single write -1 of expected 1048576
08:24:47 ERROR /home/bsc03/bsc03353/forge/src/dispatcher/posix.c:61 139801099339520: r->filehandle = 36, r->size = 1048576, r->offset = 720371712
08:24:47 ERROR /home/bsc03/bsc03353/forge/src/dispatcher/posix.c:62 139801099339520: single write -1 of expected 1048576
08:24:48 ERROR /home/bsc03/bsc03353/forge/src/dispatcher/posix.c:61 140367263889152: r->filehandle = 36, r->size = 1048576, r->offset = 402653184
08:24:48 ERROR /home/bsc03/bsc03353/forge/src/dispatcher/posix.c:62 140367263889152: single write -1 of expected 1048576
08:24:48 ERROR /home/bsc03/bsc03353/forge/src/dispatcher/posix.c:61 140365116401408: r->filehandle = 36, r->size = 1048576, r->offset = 475004928
08:24:48 ERROR /home/bsc03/bsc03353/forge/src/dispatcher/posix.c:62 140365116401408: single write -1 of expected 1048576
08:24:49 ERROR /home/bsc03/bsc03353/forge/src/dispatcher/posix.c:61 140358673938176: r->filehandle = 36, r->size = 1048576, r->offset = 573571072
08:24:49 ERROR /home/bsc03/bsc03353/forge/src/dispatcher/posix.c:62 140358673938176: single write -1 of expected 1048576
08:24:50 ERROR /home/bsc03/bsc03353/forge/src/dispatcher/posix.c:61 140356526450432: r->filehandle = 36, r->size = 1048576, r->offset = 468713472
08:24:50 ERROR /home/bsc03/bsc03353/forge/src/dispatcher/posix.c:62 140356526450432: single write -1 of expected 1048576
08:24:51 ERROR /home/bsc03/bsc03353/forge/src/dispatcher/posix.c:61 140337199060736: r->filehandle = 36, r->size = 1048576, r->offset = 543162368
08:24:51 ERROR /home/bsc03/bsc03353/forge/src/dispatcher/posix.c:62 140337199060736: single write -1 of expected 1048576
08:24:51 ERROR /home/bsc03/bsc03353/forge/src/dispatcher/posix.c:61 140352393864960: r->filehandle = 35, r->size = 1048576, r->offset = 188743680
08:24:51 ERROR /home/bsc03/bsc03353/forge/src/dispatcher/posix.c:62 140352393864960: single write -1 of expected 1048576
08:24:52 ERROR /home/bsc03/bsc03353/forge/src/dispatcher/posix.c:61 140350246377216: r->filehandle = 35, r->size = 1048576, r->offset = 104857600
08:24:52 ERROR /home/bsc03/bsc03353/forge/src/dispatcher/posix.c:62 140350246377216: single write -1 of expected 1048576
08:24:53 ERROR /home/bsc03/bsc03353/forge/src/dispatcher/posix.c:61 140341656426240: r->filehandle = 35, r->size = 1048576, r->offset = 155189248
08:24:53 ERROR /home/bsc03/bsc03353/forge/src/dispatcher/posix.c:62 140341656426240: single write -1 of expected 1048576
08:24:54 ERROR /home/bsc03/bsc03353/forge/src/dispatcher/posix.c:61 140358836328192: r->filehandle = 35, r->size = 1048576, r->offset = 187695104
08:24:54 ERROR /home/bsc03/bsc03353/forge/src/dispatcher/posix.c:62 140358836328192: single write -1 of expected 1048576
08:24:55 ERROR /home/bsc03/bsc03353/forge/src/dispatcher/posix.c:61 139822574216960: r->filehandle = 36, r->size = 1048576, r->offset = 656408576
08:24:55 ERROR /home/bsc03/bsc03353/forge/src/dispatcher/posix.c:62 139822574216960: single write -1 of expected 1048576
08:24:55 ERROR /home/bsc03/bsc03353/forge/src/dispatcher/posix.c:61 139633624303360: r->filehandle = 36, r->size = 1048576, r->offset = 308281344
08:24:55 ERROR /home/bsc03/bsc03353/forge/src/dispatcher/posix.c:62 139633624303360: single write -1 of expected 1048576
08:24:57 ERROR /home/bsc03/bsc03353/forge/src/dispatcher/posix.c:61 140335051572992: r->filehandle = 36, r->size = 1048576, r->offset = 531628032
08:24:57 ERROR /home/bsc03/bsc03353/forge/src/dispatcher/posix.c:62 140335051572992: single write -1 of expected 1048576
08:24:57 ERROR /home/bsc03/bsc03353/forge/src/dispatcher/posix.c:61 140360983815936: r->filehandle = 35, r->size = 1048576, r->offset = 112197632
08:24:57 ERROR /home/bsc03/bsc03353/forge/src/dispatcher/posix.c:62 140360983815936: single write -1 of expected 1048576
08:24:58 ERROR /home/bsc03/bsc03353/forge/src/dispatcher/posix.c:61 139652951693056: r->filehandle = 36, r->size = 1048576, r->offset = 333447168
08:24:58 ERROR /home/bsc03/bsc03353/forge/src/dispatcher/posix.c:62 139652951693056: single write -1 of expected 1048576
08:24:58 ERROR /home/bsc03/bsc03353/forge/src/dispatcher/posix.c:61 139807541802752: r->filehandle = 36, r->size = 1048576, r->offset = 710934528
08:24:58 ERROR /home/bsc03/bsc03353/forge/src/dispatcher/posix.c:62 139807541802752: single write -1 of expected 1048576
08:24:59 ERROR /home/bsc03/bsc03353/forge/src/dispatcher/posix.c:61 140343641523968: r->filehandle = 36, r->size = 1048576, r->offset = 469762048
08:24:59 ERROR /home/bsc03/bsc03353/forge/src/dispatcher/posix.c:62 140343641523968: single write -1 of expected 1048576
08:24:59 ERROR /home/bsc03/bsc03353/forge/src/dispatcher/posix.c:61 140333066475264: r->filehandle = 35, r->size = 1048576, r->offset = 178257920
08:24:59 ERROR /home/bsc03/bsc03353/forge/src/dispatcher/posix.c:62 140333066475264: single write -1 of expected 1048576
08:24:59 ERROR /home/bsc03/bsc03353/forge/src/dispatcher/posix.c:61 140358836328192: r->filehandle = 35, r->size = 1048576, r->offset = 182452224
08:24:59 ERROR /home/bsc03/bsc03353/forge/src/dispatcher/posix.c:62 140358836328192: single write -1 of expected 1048576
08:25:00 ERROR /home/bsc03/bsc03353/forge/src/dispatcher/posix.c:61 140360983815936: r->filehandle = 35, r->size = 1048576, r->offset = 198180864
08:25:00 ERROR /home/bsc03/bsc03353/forge/src/dispatcher/posix.c:62 140360983815936: single write -1 of expected 1048576
08:25:00 ERROR /home/bsc03/bsc03353/forge/src/dispatcher/posix.c:61 140343803913984: r->filehandle = 35, r->size = 1048576, r->offset = 18874368
08:25:00 ERROR /home/bsc03/bsc03353/forge/src/dispatcher/posix.c:62 140343803913984: single write -1 of expected 1048576
08:25:01 ERROR /home/bsc03/bsc03353/forge/src/dispatcher/posix.c:61 140337361450752: r->filehandle = 35, r->size = 1048576, r->offset = 108003328
08:25:01 ERROR /home/bsc03/bsc03353/forge/src/dispatcher/posix.c:62 140337361450752: single write -1 of expected 1048576
08:25:04 ERROR /home/bsc03/bsc03353/forge/src/dispatcher/posix.c:61 139811836778240: r->filehandle = 36, r->size = 1048576, r->offset = 801112064
08:25:04 ERROR /home/bsc03/bsc03353/forge/src/dispatcher/posix.c:61 139635771791104: r->filehandle = 36, r->size = 1048576, r->offset = 252706816
08:25:04 ERROR /home/bsc03/bsc03353/forge/src/dispatcher/posix.c:62 139811836778240: single write -1 of expected 1048576
08:25:04 ERROR /home/bsc03/bsc03353/forge/src/dispatcher/posix.c:62 139635771791104: single write -1 of expected 1048576
08:25:05 ERROR /home/bsc03/bsc03353/forge/src/dispatcher/posix.c:61 139640066766592: r->filehandle = 36, r->size = 1048576, r->offset = 260046848
08:25:05 ERROR /home/bsc03/bsc03353/forge/src/dispatcher/posix.c:62 139640066766592: single write -1 of expected 1048576
08:25:07 ERROR /home/bsc03/bsc03353/forge/src/dispatcher/posix.c:61 139813984265984: r->filehandle = 36, r->size = 1048576, r->offset = 652214272
08:25:07 ERROR /home/bsc03/bsc03353/forge/src/dispatcher/posix.c:62 139813984265984: single write -1 of expected 1048576
08:25:07 ERROR /home/bsc03/bsc03353/forge/src/dispatcher/posix.c:61 139818279241472: r->filehandle = 36, r->size = 1048576, r->offset = 677380096
08:25:07 ERROR /home/bsc03/bsc03353/forge/src/dispatcher/posix.c:62 139818279241472: single write -1 of expected 1048576
08:25:08 ERROR /home/bsc03/bsc03353/forge/src/dispatcher/posix.c:61 139805394315008: r->filehandle = 36, r->size = 1048576, r->offset = 724566016
08:25:08 ERROR /home/bsc03/bsc03353/forge/src/dispatcher/posix.c:62 139805394315008: single write -1 of expected 1048576
08:25:09 ERROR /home/bsc03/bsc03353/forge/src/dispatcher/posix.c:61 139826869192448: r->filehandle = 36, r->size = 1048576, r->offset = 700448768
08:25:09 ERROR /home/bsc03/bsc03353/forge/src/dispatcher/posix.c:62 139826869192448: single write -1 of expected 1048576
08:25:09 ERROR /home/bsc03/bsc03353/forge/src/dispatcher/posix.c:61 139801099339520: r->filehandle = 36, r->size = 1048576, r->offset = 789577728
08:25:09 ERROR /home/bsc03/bsc03353/forge/src/dispatcher/posix.c:62 139801099339520: single write -1 of expected 1048576
08:25:10 ERROR /home/bsc03/bsc03353/forge/src/dispatcher/posix.c:61 140365116401408: r->filehandle = 36, r->size = 1048576, r->offset = 501219328
08:25:10 ERROR /home/bsc03/bsc03353/forge/src/dispatcher/posix.c:62 140365116401408: single write -1 of expected 1048576
08:25:10 ERROR /home/bsc03/bsc03353/forge/src/dispatcher/posix.c:61 140360821425920: r->filehandle = 36, r->size = 1048576, r->offset = 483393536
08:25:10 ERROR /home/bsc03/bsc03353/forge/src/dispatcher/posix.c:62 140360821425920: single write -1 of expected 1048576
08:25:11 ERROR /home/bsc03/bsc03353/forge/src/dispatcher/posix.c:61 140339346548480: r->filehandle = 36, r->size = 1048576, r->offset = 591396864
08:25:11 ERROR /home/bsc03/bsc03353/forge/src/dispatcher/posix.c:62 140339346548480: single write -1 of expected 1048576
08:25:12 ERROR /home/bsc03/bsc03353/forge/src/dispatcher/posix.c:61 140350083987200: r->filehandle = 36, r->size = 1048576, r->offset = 502267904
08:25:12 ERROR /home/bsc03/bsc03353/forge/src/dispatcher/posix.c:62 140350083987200: single write -1 of expected 1048576
08:25:12 ERROR /home/bsc03/bsc03353/forge/src/dispatcher/posix.c:61 140335213963008: r->filehandle = 35, r->size = 1048576, r->offset = 200278016
08:25:12 ERROR /home/bsc03/bsc03353/forge/src/dispatcher/posix.c:62 140335213963008: single write -1 of expected 1048576
08:25:12 ERROR /home/bsc03/bsc03353/forge/src/dispatcher/posix.c:61 140356688840448: r->filehandle = 35, r->size = 1048576, r->offset = 186646528
08:25:12 ERROR /home/bsc03/bsc03353/forge/src/dispatcher/posix.c:62 140356688840448: single write -1 of expected 1048576
08:25:13 ERROR /home/bsc03/bsc03353/forge/src/dispatcher/posix.c:61 139659394156288: r->filehandle = 36, r->size = 1048576, r->offset = 227540992
08:25:13 ERROR /home/bsc03/bsc03353/forge/src/dispatcher/posix.c:62 139659394156288: single write -1 of expected 1048576
08:25:14 ERROR /home/bsc03/bsc03353/forge/src/dispatcher/posix.c:61 139831164167936: r->filehandle = 36, r->size = 1048576, r->offset = 642777088
08:25:14 ERROR /home/bsc03/bsc03353/forge/src/dispatcher/posix.c:62 139831164167936: single write -1 of expected 1048576
08:25:15 ERROR /home/bsc03/bsc03353/forge/src/dispatcher/posix.c:61 140350246377216: r->filehandle = 35, r->size = 1048576, r->offset = 106954752
08:25:15 ERROR /home/bsc03/bsc03353/forge/src/dispatcher/posix.c:62 140350246377216: single write -1 of expected 1048576
08:25:16 ERROR /home/bsc03/bsc03353/forge/src/dispatcher/posix.c:61 140339508938496: r->filehandle = 35, r->size = 1048576, r->offset = 91226112
08:25:16 ERROR /home/bsc03/bsc03353/forge/src/dispatcher/posix.c:62 140339508938496: single write -1 of expected 1048576
08:25:16 ERROR /home/bsc03/bsc03353/forge/src/dispatcher/posix.c:61 140347936499456: r->filehandle = 36, r->size = 1048576, r->offset = 576716800
08:25:16 ERROR /home/bsc03/bsc03353/forge/src/dispatcher/posix.c:62 140347936499456: single write -1 of expected 1048576
08:25:17 ERROR /home/bsc03/bsc03353/forge/src/dispatcher/posix.c:61 140341656426240: r->filehandle = 35, r->size = 1048576, r->offset = 10485760
08:25:17 ERROR /home/bsc03/bsc03353/forge/src/dispatcher/posix.c:62 140341656426240: single write -1 of expected 1048576
08:25:18 ERROR /home/bsc03/bsc03353/forge/src/dispatcher/posix.c:61 139648656717568: r->filehandle = 36, r->size = 1048576, r->offset = 222298112
08:25:18 ERROR /home/bsc03/bsc03353/forge/src/dispatcher/posix.c:62 139648656717568: single write -1 of expected 1048576
08:25:19 ERROR /home/bsc03/bsc03353/forge/src/dispatcher/posix.c:61 139809689290496: r->filehandle = 36, r->size = 1048576, r->offset = 698351616
08:25:19 ERROR /home/bsc03/bsc03353/forge/src/dispatcher/posix.c:62 139809689290496: single write -1 of expected 1048576
08:25:19 ERROR /home/bsc03/bsc03353/forge/src/dispatcher/posix.c:61 140330918987520: r->filehandle = 35, r->size = 1048576, r->offset = 82837504
08:25:19 ERROR /home/bsc03/bsc03353/forge/src/dispatcher/posix.c:62 140330918987520: single write -1 of expected 1048576
08:25:20 ERROR /home/bsc03/bsc03353/forge/src/dispatcher/posix.c:61 140345789011712: r->filehandle = 36, r->size = 1048576, r->offset = 519045120
08:25:20 ERROR /home/bsc03/bsc03353/forge/src/dispatcher/posix.c:62 140345789011712: single write -1 of expected 1048576
08:25:21 ERROR /home/bsc03/bsc03353/forge/src/dispatcher/posix.c:61 139659394156288: r->filehandle = 36, r->size = 1048576, r->offset = 299892736
08:25:21 ERROR /home/bsc03/bsc03353/forge/src/dispatcher/posix.c:62 139659394156288: single write -1 of expected 1048576
08:25:22 ERROR /home/bsc03/bsc03353/forge/src/dispatcher/posix.c:61 139829016680192: r->filehandle = 36, r->size = 1048576, r->offset = 668991488
08:25:22 ERROR /home/bsc03/bsc03353/forge/src/dispatcher/posix.c:62 139829016680192: single write -1 of expected 1048576
08:25:22 ERROR /home/bsc03/bsc03353/forge/src/dispatcher/posix.c:61 140352231474944: r->filehandle = 36, r->size = 1048576, r->offset = 434110464
08:25:22 ERROR /home/bsc03/bsc03353/forge/src/dispatcher/posix.c:62 140352231474944: single write -1 of expected 1048576
08:25:23 ERROR /home/bsc03/bsc03353/forge/src/dispatcher/posix.c:61 139822574216960: r->filehandle = 36, r->size = 1048576, r->offset = 659554304
08:25:23 ERROR /home/bsc03/bsc03353/forge/src/dispatcher/posix.c:62 139822574216960: single write -1 of expected 1048576
08:25:25 ERROR /home/bsc03/bsc03353/forge/src/dispatcher/posix.c:61 140352393864960: r->filehandle = 35, r->size = 1048576, r->offset = 154140672
08:25:25 ERROR /home/bsc03/bsc03353/forge/src/dispatcher/posix.c:62 140352393864960: single write -1 of expected 1048576
08:25:25 ERROR /home/bsc03/bsc03353/forge/src/dispatcher/posix.c:61 139805394315008: r->filehandle = 36, r->size = 1048576, r->offset = 704643072
08:25:25 ERROR /home/bsc03/bsc03353/forge/src/dispatcher/posix.c:62 139805394315008: single write -1 of expected 1048576
08:25:26 ERROR /home/bsc03/bsc03353/forge/src/dispatcher/posix.c:61 139646509229824: r->filehandle = 36, r->size = 1048576, r->offset = 255852544
08:25:26 ERROR /home/bsc03/bsc03353/forge/src/dispatcher/posix.c:62 139646509229824: single write -1 of expected 1048576
08:25:26 ERROR /home/bsc03/bsc03353/forge/src/dispatcher/posix.c:61 140365116401408: r->filehandle = 36, r->size = 1048576, r->offset = 490733568
08:25:26 ERROR /home/bsc03/bsc03353/forge/src/dispatcher/posix.c:62 140365116401408: single write -1 of expected 1048576
08:25:27 ERROR /home/bsc03/bsc03353/forge/src/dispatcher/posix.c:61 140358836328192: r->filehandle = 35, r->size = 1048576, r->offset = 156237824
08:25:27 ERROR /home/bsc03/bsc03353/forge/src/dispatcher/posix.c:62 140358836328192: single write -1 of expected 1048576
08:25:27 ERROR /home/bsc03/bsc03353/forge/src/dispatcher/posix.c:61 139826869192448: r->filehandle = 36, r->size = 1048576, r->offset = 648019968
08:25:27 ERROR /home/bsc03/bsc03353/forge/src/dispatcher/posix.c:62 139826869192448: single write -1 of expected 1048576
08:25:28 ERROR /home/bsc03/bsc03353/forge/src/dispatcher/posix.c:61 139657246668544: r->filehandle = 36, r->size = 1048576, r->offset = 266338304
08:25:28 ERROR /home/bsc03/bsc03353/forge/src/dispatcher/posix.c:62 139657246668544: single write -1 of expected 1048576
08:25:29 ERROR /home/bsc03/bsc03353/forge/src/dispatcher/posix.c:61 140360821425920: r->filehandle = 36, r->size = 1048576, r->offset = 585105408
08:25:29 ERROR /home/bsc03/bsc03353/forge/src/dispatcher/posix.c:62 140360821425920: single write -1 of expected 1048576
08:25:31 ERROR /home/bsc03/bsc03353/forge/src/dispatcher/posix.c:61 140343803913984: r->filehandle = 35, r->size = 1048576, r->offset = 168820736
08:25:31 ERROR /home/bsc03/bsc03353/forge/src/dispatcher/posix.c:62 140343803913984: single write -1 of expected 1048576
08:25:32 ERROR /home/bsc03/bsc03353/forge/src/dispatcher/posix.c:61 140339508938496: r->filehandle = 35, r->size = 1048576, r->offset = 0
08:25:32 ERROR /home/bsc03/bsc03353/forge/src/dispatcher/posix.c:62 140339508938496: single write -1 of expected 1048576
08:25:32 ERROR /home/bsc03/bsc03353/forge/src/dispatcher/posix.c:61 139807541802752: r->filehandle = 36, r->size = 1048576, r->offset = 725614592
08:25:32 ERROR /home/bsc03/bsc03353/forge/src/dispatcher/posix.c:62 139807541802752: single write -1 of expected 1048576
08:25:33 ERROR /home/bsc03/bsc03353/forge/src/dispatcher/posix.c:61 139650804205312: r->filehandle = 36, r->size = 1048576, r->offset = 217055232
08:25:33 ERROR /home/bsc03/bsc03353/forge/src/dispatcher/posix.c:62 139650804205312: single write -1 of expected 1048576
08:25:33 ERROR /home/bsc03/bsc03353/forge/src/dispatcher/posix.c:61 140356526450432: r->filehandle = 36, r->size = 1048576, r->offset = 560988160
08:25:33 ERROR /home/bsc03/bsc03353/forge/src/dispatcher/posix.c:62 140356526450432: single write -1 of expected 1048576
08:25:34 ERROR /home/bsc03/bsc03353/forge/src/dispatcher/posix.c:61 139826869192448: r->filehandle = 36, r->size = 1048576, r->offset = 603979776
08:25:34 ERROR /home/bsc03/bsc03353/forge/src/dispatcher/posix.c:62 139826869192448: single write -1 of expected 1048576
08:25:35 ERROR /home/bsc03/bsc03353/forge/src/dispatcher/posix.c:61 140354541352704: r->filehandle = 35, r->size = 1048576, r->offset = 100663296
08:25:35 ERROR /home/bsc03/bsc03353/forge/src/dispatcher/posix.c:62 140354541352704: single write -1 of expected 1048576
08:25:36 ERROR /home/bsc03/bsc03353/forge/src/dispatcher/posix.c:61 139631476815616: r->filehandle = 36, r->size = 1048576, r->offset = 337641472
08:25:36 ERROR /home/bsc03/bsc03353/forge/src/dispatcher/posix.c:62 139631476815616: single write -1 of expected 1048576
08:25:37 ERROR /home/bsc03/bsc03353/forge/src/dispatcher/posix.c:61 140350083987200: r->filehandle = 36, r->size = 1048576, r->offset = 485490688
08:25:37 ERROR /home/bsc03/bsc03353/forge/src/dispatcher/posix.c:62 140350083987200: single write -1 of expected 1048576
08:25:38 ERROR /home/bsc03/bsc03353/forge/src/dispatcher/posix.c:61 140367263889152: r->filehandle = 36, r->size = 1048576, r->offset = 580911104
08:25:38 ERROR /home/bsc03/bsc03353/forge/src/dispatcher/posix.c:62 140367263889152: single write -1 of expected 1048576
08:25:39 ERROR /home/bsc03/bsc03353/forge/src/dispatcher/posix.c:61 140328771499776: r->filehandle = 35, r->size = 1048576, r->offset = 145752064
08:25:39 ERROR /home/bsc03/bsc03353/forge/src/dispatcher/posix.c:62 140328771499776: single write -1 of expected 1048576
08:25:40 ERROR /home/bsc03/bsc03353/forge/src/dispatcher/posix.c:61 139831164167936: r->filehandle = 36, r->size = 1048576, r->offset = 671088640
08:25:40 ERROR /home/bsc03/bsc03353/forge/src/dispatcher/posix.c:62 139831164167936: single write -1 of expected 1048576
08:25:41 ERROR /home/bsc03/bsc03353/forge/src/dispatcher/posix.c:61 139826869192448: r->filehandle = 36, r->size = 1048576, r->offset = 723517440
08:25:41 ERROR /home/bsc03/bsc03353/forge/src/dispatcher/posix.c:62 139826869192448: single write -1 of expected 1048576
08:25:41 ERROR /home/bsc03/bsc03353/forge/src/dispatcher/posix.c:61 139801099339520: r->filehandle = 36, r->size = 1048576, r->offset = 696254464
08:25:41 ERROR /home/bsc03/bsc03353/forge/src/dispatcher/posix.c:62 139801099339520: single write -1 of expected 1048576
08:25:42 ERROR /home/bsc03/bsc03353/forge/src/dispatcher/posix.c:61 139642214254336: r->filehandle = 36, r->size = 1048576, r->offset = 340787200
08:25:42 ERROR /home/bsc03/bsc03353/forge/src/dispatcher/posix.c:62 139642214254336: single write -1 of expected 1048576
08:25:43 ERROR /home/bsc03/bsc03353/forge/src/dispatcher/posix.c:61 140330918987520: r->filehandle = 35, r->size = 1048576, r->offset = 117440512
08:25:43 ERROR /home/bsc03/bsc03353/forge/src/dispatcher/posix.c:62 140330918987520: single write -1 of expected 1048576
08:25:43 ERROR /home/bsc03/bsc03353/forge/src/dispatcher/posix.c:61 140343641523968: r->filehandle = 36, r->size = 1048576, r->offset = 508559360
08:25:43 ERROR /home/bsc03/bsc03353/forge/src/dispatcher/posix.c:62 140343641523968: single write -1 of expected 1048576
08:25:44 ERROR /home/bsc03/bsc03353/forge/src/dispatcher/posix.c:61 140350083987200: r->filehandle = 36, r->size = 1048576, r->offset = 511705088
08:25:44 ERROR /home/bsc03/bsc03353/forge/src/dispatcher/posix.c:62 140350083987200: single write -1 of expected 1048576
08:25:44 ERROR /home/bsc03/bsc03353/forge/src/dispatcher/posix.c:61 140356688840448: r->filehandle = 35, r->size = 1048576, r->offset = 165675008
08:25:44 ERROR /home/bsc03/bsc03353/forge/src/dispatcher/posix.c:62 140356688840448: single write -1 of expected 1048576
08:25:46 ERROR /home/bsc03/bsc03353/forge/src/dispatcher/posix.c:61 140341656426240: r->filehandle = 35, r->size = 1048576, r->offset = 25165824
08:25:46 ERROR /home/bsc03/bsc03353/forge/src/dispatcher/posix.c:62 140341656426240: single write -1 of expected 1048576
08:25:46 ERROR /home/bsc03/bsc03353/forge/src/dispatcher/posix.c:61 139813984265984: r->filehandle = 36, r->size = 1048576, r->offset = 619708416
08:25:46 ERROR /home/bsc03/bsc03353/forge/src/dispatcher/posix.c:62 139813984265984: single write -1 of expected 1048576
08:25:47 ERROR /home/bsc03/bsc03353/forge/src/dispatcher/posix.c:61 139801099339520: r->filehandle = 36, r->size = 1048576, r->offset = 630194176
08:25:47 ERROR /home/bsc03/bsc03353/forge/src/dispatcher/posix.c:62 139801099339520: single write -1 of expected 1048576
08:25:47 ERROR /home/bsc03/bsc03353/forge/src/dispatcher/posix.c:61 140345789011712: r->filehandle = 36, r->size = 1048576, r->offset = 407896064
08:25:47 ERROR /home/bsc03/bsc03353/forge/src/dispatcher/posix.c:62 140345789011712: single write -1 of expected 1048576
08:25:48 ERROR /home/bsc03/bsc03353/forge/src/dispatcher/posix.c:61 139648656717568: r->filehandle = 36, r->size = 1048576, r->offset = 387973120
08:25:48 ERROR /home/bsc03/bsc03353/forge/src/dispatcher/posix.c:62 139648656717568: single write -1 of expected 1048576
08:25:50 ERROR /home/bsc03/bsc03353/forge/src/dispatcher/posix.c:61 140362968913664: r->filehandle = 36, r->size = 1048576, r->offset = 525336576
08:25:50 ERROR /home/bsc03/bsc03353/forge/src/dispatcher/posix.c:62 140362968913664: single write -1 of expected 1048576
08:25:52 ERROR /home/bsc03/bsc03353/forge/src/dispatcher/posix.c:61 140343803913984: r->filehandle = 35, r->size = 1048576, r->offset = 22020096
08:25:52 ERROR /home/bsc03/bsc03353/forge/src/dispatcher/posix.c:62 140343803913984: single write -1 of expected 1048576
08:25:53 ERROR /home/bsc03/bsc03353/forge/src/dispatcher/posix.c:61 140348098889472: r->filehandle = 35, r->size = 1048576, r->offset = 177209344
08:25:53 ERROR /home/bsc03/bsc03353/forge/src/dispatcher/posix.c:62 140348098889472: single write -1 of expected 1048576
08:25:54 ERROR /home/bsc03/bsc03353/forge/src/dispatcher/posix.c:61 140350246377216: r->filehandle = 35, r->size = 1048576, r->offset = 80740352
08:25:54 ERROR /home/bsc03/bsc03353/forge/src/dispatcher/posix.c:62 140350246377216: single write -1 of expected 1048576
08:25:54 ERROR /home/bsc03/bsc03353/forge/src/dispatcher/posix.c:61 140337361450752: r->filehandle = 35, r->size = 1048576, r->offset = 125829120
08:25:54 ERROR /home/bsc03/bsc03353/forge/src/dispatcher/posix.c:62 140337361450752: single write -1 of expected 1048576
08:25:54 ERROR /home/bsc03/bsc03353/forge/src/dispatcher/posix.c:61 140358836328192: r->filehandle = 35, r->size = 1048576, r->offset = 6291456
08:25:54 ERROR /home/bsc03/bsc03353/forge/src/dispatcher/posix.c:62 140358836328192: single write -1 of expected 1048576
08:25:55 ERROR /home/bsc03/bsc03353/forge/src/dispatcher/posix.c:61 139829016680192: r->filehandle = 36, r->size = 1048576, r->offset = 631242752
08:25:55 ERROR /home/bsc03/bsc03353/forge/src/dispatcher/posix.c:62 139829016680192: single write -1 of expected 1048576
08:25:56 ERROR /home/bsc03/bsc03353/forge/src/dispatcher/posix.c:61 139798951851776: r->filehandle = 36, r->size = 1048576, r->offset = 640679936
08:25:56 ERROR /home/bsc03/bsc03353/forge/src/dispatcher/posix.c:62 139798951851776: single write -1 of expected 1048576
08:25:57 ERROR /home/bsc03/bsc03353/forge/src/dispatcher/posix.c:61 139801099339520: r->filehandle = 36, r->size = 1048576, r->offset = 709885952
08:25:57 ERROR /home/bsc03/bsc03353/forge/src/dispatcher/posix.c:62 139801099339520: single write -1 of expected 1048576
08:25:59 ERROR /home/bsc03/bsc03353/forge/src/dispatcher/posix.c:61 139807541802752: r->filehandle = 36, r->size = 1048576, r->offset = 624951296
08:25:59 ERROR /home/bsc03/bsc03353/forge/src/dispatcher/posix.c:62 139807541802752: single write -1 of expected 1048576
08:26:00 ERROR /home/bsc03/bsc03353/forge/src/dispatcher/posix.c:61 139629329327872: r->filehandle = 36, r->size = 1048576, r->offset = 241172480
08:26:00 ERROR /home/bsc03/bsc03353/forge/src/dispatcher/posix.c:62 139629329327872: single write -1 of expected 1048576
08:26:00 ERROR /home/bsc03/bsc03353/forge/src/dispatcher/posix.c:61 140347936499456: r->filehandle = 36, r->size = 1048576, r->offset = 578813952
08:26:00 ERROR /home/bsc03/bsc03353/forge/src/dispatcher/posix.c:62 140347936499456: single write -1 of expected 1048576
08:26:02 ERROR /home/bsc03/bsc03353/forge/src/dispatcher/posix.c:61 140337199060736: r->filehandle = 36, r->size = 1048576, r->offset = 587202560
08:26:02 ERROR /home/bsc03/bsc03353/forge/src/dispatcher/posix.c:62 140337199060736: single write -1 of expected 1048576
08:26:03 ERROR /home/bsc03/bsc03353/forge/src/dispatcher/posix.c:61 140352393864960: r->filehandle = 35, r->size = 1048576, r->offset = 185597952
08:26:03 ERROR /home/bsc03/bsc03353/forge/src/dispatcher/posix.c:62 140352393864960: single write -1 of expected 1048576
08:26:04 ERROR /home/bsc03/bsc03353/forge/src/dispatcher/posix.c:61 140360983815936: r->filehandle = 35, r->size = 1048576, r->offset = 179306496
08:26:04 ERROR /home/bsc03/bsc03353/forge/src/dispatcher/posix.c:62 140360983815936: single write -1 of expected 1048576
08:26:06 ERROR /home/bsc03/bsc03353/forge/src/dispatcher/posix.c:61 139811836778240: r->filehandle = 36, r->size = 1048576, r->offset = 774897664
08:26:06 ERROR /home/bsc03/bsc03353/forge/src/dispatcher/posix.c:62 139811836778240: single write -1 of expected 1048576
08:26:07 ERROR /home/bsc03/bsc03353/forge/src/dispatcher/posix.c:61 139644361742080: r->filehandle = 36, r->size = 1048576, r->offset = 351272960
08:26:07 ERROR /home/bsc03/bsc03353/forge/src/dispatcher/posix.c:62 139644361742080: single write -1 of expected 1048576
08:26:09 ERROR /home/bsc03/bsc03353/forge/src/dispatcher/posix.c:61 140337199060736: r->filehandle = 36, r->size = 1048576, r->offset = 505413632
08:26:09 ERROR /home/bsc03/bsc03353/forge/src/dispatcher/posix.c:62 140337199060736: single write -1 of expected 1048576
08:26:10 ERROR /home/bsc03/bsc03353/forge/src/dispatcher/posix.c:61 140339346548480: r->filehandle = 36, r->size = 1048576, r->offset = 495976448
08:26:10 ERROR /home/bsc03/bsc03353/forge/src/dispatcher/posix.c:62 140339346548480: single write -1 of expected 1048576
08:26:11 ERROR /home/bsc03/bsc03353/forge/src/dispatcher/posix.c:61 139822574216960: r->filehandle = 36, r->size = 1048576, r->offset = 637534208
08:26:11 ERROR /home/bsc03/bsc03353/forge/src/dispatcher/posix.c:62 139822574216960: single write -1 of expected 1048576
08:26:12 ERROR /home/bsc03/bsc03353/forge/src/dispatcher/posix.c:61 140339508938496: r->filehandle = 35, r->size = 1048576, r->offset = 132120576
08:26:12 ERROR /home/bsc03/bsc03353/forge/src/dispatcher/posix.c:62 140339508938496: single write -1 of expected 1048576
08:26:13 ERROR /home/bsc03/bsc03353/forge/src/dispatcher/posix.c:61 139640066766592: r->filehandle = 36, r->size = 1048576, r->offset = 367001600
08:26:13 ERROR /home/bsc03/bsc03353/forge/src/dispatcher/posix.c:62 139640066766592: single write -1 of expected 1048576
08:26:14 ERROR /home/bsc03/bsc03353/forge/src/dispatcher/posix.c:61 139633624303360: r->filehandle = 36, r->size = 1048576, r->offset = 298844160
08:26:14 ERROR /home/bsc03/bsc03353/forge/src/dispatcher/posix.c:62 139633624303360: single write -1 of expected 1048576
08:26:15 ERROR /home/bsc03/bsc03353/forge/src/dispatcher/posix.c:61 139652951693056: r->filehandle = 36, r->size = 1048576, r->offset = 341835776
08:26:15 ERROR /home/bsc03/bsc03353/forge/src/dispatcher/posix.c:62 139652951693056: single write -1 of expected 1048576
08:26:16 ERROR /home/bsc03/bsc03353/forge/src/dispatcher/posix.c:61 139655099180800: r->filehandle = 36, r->size = 1048576, r->offset = 288358400
08:26:16 ERROR /home/bsc03/bsc03353/forge/src/dispatcher/posix.c:62 139655099180800: single write -1 of expected 1048576
08:26:16 ERROR /home/bsc03/bsc03353/forge/src/dispatcher/posix.c:61 140341656426240: r->filehandle = 35, r->size = 1048576, r->offset = 49283072
08:26:16 ERROR /home/bsc03/bsc03353/forge/src/dispatcher/posix.c:62 140341656426240: single write -1 of expected 1048576
08:26:17 ERROR /home/bsc03/bsc03353/forge/src/dispatcher/posix.c:61 140337361450752: r->filehandle = 35, r->size = 1048576, r->offset = 140509184
08:26:17 ERROR /home/bsc03/bsc03353/forge/src/dispatcher/posix.c:62 140337361450752: single write -1 of expected 1048576
08:26:17 ERROR /home/bsc03/bsc03353/forge/src/dispatcher/posix.c:61 140360821425920: r->filehandle = 36, r->size = 1048576, r->offset = 586153984
08:26:17 ERROR /home/bsc03/bsc03353/forge/src/dispatcher/posix.c:62 140360821425920: single write -1 of expected 1048576
08:26:18 ERROR /home/bsc03/bsc03353/forge/src/dispatcher/posix.c:61 140335051572992: r->filehandle = 36, r->size = 1048576, r->offset = 572522496
08:26:18 ERROR /home/bsc03/bsc03353/forge/src/dispatcher/posix.c:62 140335051572992: single write -1 of expected 1048576
08:26:19 ERROR /home/bsc03/bsc03353/forge/src/dispatcher/posix.c:61 139818279241472: r->filehandle = 36, r->size = 1048576, r->offset = 701497344
08:26:19 ERROR /home/bsc03/bsc03353/forge/src/dispatcher/posix.c:62 139818279241472: single write -1 of expected 1048576
08:26:20 ERROR /home/bsc03/bsc03353/forge/src/dispatcher/posix.c:61 139809689290496: r->filehandle = 36, r->size = 1048576, r->offset = 763363328
08:26:20 ERROR /home/bsc03/bsc03353/forge/src/dispatcher/posix.c:62 139809689290496: single write -1 of expected 1048576
08:26:21 ERROR /home/bsc03/bsc03353/forge/src/dispatcher/posix.c:61 139820426729216: r->filehandle = 36, r->size = 1048576, r->offset = 610271232
08:26:21 ERROR /home/bsc03/bsc03353/forge/src/dispatcher/posix.c:62 139820426729216: single write -1 of expected 1048576
08:26:22 ERROR /home/bsc03/bsc03353/forge/src/dispatcher/posix.c:61 139627181840128: r->filehandle = 36, r->size = 1048576, r->offset = 234881024
08:26:22 ERROR /home/bsc03/bsc03353/forge/src/dispatcher/posix.c:62 139627181840128: single write -1 of expected 1048576
08:26:23 ERROR /home/bsc03/bsc03353/forge/src/dispatcher/posix.c:61 140350083987200: r->filehandle = 36, r->size = 1048576, r->offset = 522190848
08:26:23 ERROR /home/bsc03/bsc03353/forge/src/dispatcher/posix.c:62 140350083987200: single write -1 of expected 1048576
slurmstepd: error: *** JOB 8730523 ON s03r1b51 CANCELLED AT 2020-02-07T08:26:23 DUE TO TIME LIMIT ***
--------------------------------------------------------------------------
ORTE has lost communication with a remote daemon.

  HNP daemon   : [[64935,0],0] on node s03r1b51
  Remote daemon: [[64935,0],2] on node s03r1b54

This is usually due to either a failure of the TCP network
connection to the node, or possibly an internal failure of
the daemon itself. We cannot recover from this failure, and
therefore will terminate the job.
--------------------------------------------------------------------------
