Set GCC compilers as MPI wrappers backend 
remove impi/2017.4 (PATH, MANPATH, LD_LIBRARY_PATH) 
load openmpi/4.0.2_UCX (PATH, MANPATH, LD_LIBRARY_PATH) 
Set GCC compilers as MPI wrappers backend 
load gsl/2.4 (PATH, LD_LIBRARY_PATH, LIBRARY_PATH, MANPATH, INFOPATH,
C_INCLUDE_PATH, CPLUS_INCLUDE_PATH, PKG_CONFIG_PATH, GSL_DIR) 
12:32:44 INFO  /home/bsc03/bsc03353/forge/src/main.c:107 139812309346368: I/O Forwarding Exploration [START]
Will AGIOS generate trace files? NO
Default scheduling algorithm: TO
TWINS window size: 1000000
Will the Prediction Module read information from trace files? NO
File with access time functions: /home/bsc03/bsc03353/forge/agios/access_times.func
AGIOS thinks its user has stripe size of 32768
Will AGIOS generate trace files? NO
Default scheduling algorithm: TO
TWINS window size: 1000000
Will the Prediction Module read information from trace files? NO
File with access time functions: /home/bsc03/bsc03353/forge/agios/access_times.func
AGIOS thinks its user has stripe size of 32768
12:32:59 ERROR /home/bsc03/bsc03353/forge/src/dispatcher/posix.c:61 139772971734784: r->filehandle = 35, r->size = 131072, r->offset = 4294705152
12:32:59 ERROR /home/bsc03/bsc03353/forge/src/dispatcher/posix.c:62 139772971734784: single write -1 of expected 131072
12:32:59 ERROR /home/bsc03/bsc03353/forge/src/dispatcher/posix.c:61 140149231654656: r->filehandle = 36, r->size = 131072, r->offset = 93051944960
12:32:59 ERROR /home/bsc03/bsc03353/forge/src/dispatcher/posix.c:62 140149231654656: single write -1 of expected 131072
12:33:00 ERROR /home/bsc03/bsc03353/forge/src/dispatcher/posix.c:61 140172854019840: r->filehandle = 36, r->size = 131072, r->offset = 115957039104
12:33:00 ERROR /home/bsc03/bsc03353/forge/src/dispatcher/posix.c:62 140172854019840: single write -1 of expected 131072
12:33:00 ERROR /home/bsc03/bsc03353/forge/src/dispatcher/posix.c:61 139794446612224: r->filehandle = 35, r->size = 131072, r->offset = 38652346368
12:33:00 ERROR /home/bsc03/bsc03353/forge/src/dispatcher/posix.c:62 139794446612224: single write -1 of expected 131072
12:33:00 ERROR /home/bsc03/bsc03353/forge/src/dispatcher/posix.c:61 139796594099968: r->filehandle = 35, r->size = 131072, r->offset = 2863136768
12:33:00 ERROR /home/bsc03/bsc03353/forge/src/dispatcher/posix.c:62 139796594099968: single write -1 of expected 131072
12:33:00 ERROR /home/bsc03/bsc03353/forge/src/dispatcher/posix.c:61 140177148995328: r->filehandle = 36, r->size = 131072, r->offset = 134567428096
12:33:00 ERROR /home/bsc03/bsc03353/forge/src/dispatcher/posix.c:62 140177148995328: single write -1 of expected 131072
12:33:01 ERROR /home/bsc03/bsc03353/forge/src/dispatcher/posix.c:61 139800889075456: r->filehandle = 35, r->size = 131072, r->offset = 51536461824
12:33:01 ERROR /home/bsc03/bsc03353/forge/src/dispatcher/posix.c:62 139800889075456: single write -1 of expected 131072
12:33:01 ERROR /home/bsc03/bsc03353/forge/src/dispatcher/posix.c:61 139788004148992: r->filehandle = 35, r->size = 131072, r->offset = 0
12:33:01 ERROR /home/bsc03/bsc03353/forge/src/dispatcher/posix.c:62 139788004148992: single write -1 of expected 131072
12:33:01 ERROR /home/bsc03/bsc03353/forge/src/dispatcher/posix.c:61 139783709173504: r->filehandle = 35, r->size = 131072, r->offset = 27199799296
12:33:01 ERROR /home/bsc03/bsc03353/forge/src/dispatcher/posix.c:62 139783709173504: single write -1 of expected 131072
12:33:02 ERROR /home/bsc03/bsc03353/forge/src/dispatcher/posix.c:61 139775119222528: r->filehandle = 35, r->size = 131072, r->offset = 58694303744
12:33:02 ERROR /home/bsc03/bsc03353/forge/src/dispatcher/posix.c:62 139775119222528: single write -1 of expected 131072
12:33:02 ERROR /home/bsc03/bsc03353/forge/src/dispatcher/posix.c:61 139798741587712: r->filehandle = 35, r->size = 131072, r->offset = 12884115456
12:33:02 ERROR /home/bsc03/bsc03353/forge/src/dispatcher/posix.c:62 139798741587712: single write -1 of expected 131072
12:33:02 ERROR /home/bsc03/bsc03353/forge/src/dispatcher/posix.c:61 139805184050944: r->filehandle = 35, r->size = 131072, r->offset = 61557440512
12:33:02 ERROR /home/bsc03/bsc03353/forge/src/dispatcher/posix.c:62 139805184050944: single write -1 of expected 131072
12:33:02 ERROR /home/bsc03/bsc03353/forge/src/dispatcher/posix.c:61 139781561685760: r->filehandle = 35, r->size = 131072, r->offset = 48673325056
12:33:02 ERROR /home/bsc03/bsc03353/forge/src/dispatcher/posix.c:62 139781561685760: single write -1 of expected 131072
12:33:02 ERROR /home/bsc03/bsc03353/forge/src/dispatcher/posix.c:61 139803036563200: r->filehandle = 35, r->size = 131072, r->offset = 35789209600
12:33:02 ERROR /home/bsc03/bsc03353/forge/src/dispatcher/posix.c:62 139803036563200: single write -1 of expected 131072
12:33:03 ERROR /home/bsc03/bsc03353/forge/src/dispatcher/posix.c:61 139779414198016: r->filehandle = 35, r->size = 131072, r->offset = 10020978688
12:33:03 ERROR /home/bsc03/bsc03353/forge/src/dispatcher/posix.c:62 139779414198016: single write -1 of expected 131072
12:33:03 ERROR /home/bsc03/bsc03353/forge/src/dispatcher/posix.c:61 139772971734784: r->filehandle = 35, r->size = 131072, r->offset = 55831166976
12:33:03 ERROR /home/bsc03/bsc03353/forge/src/dispatcher/posix.c:62 139772971734784: single write -1 of expected 131072
12:33:03 ERROR /home/bsc03/bsc03353/forge/src/dispatcher/posix.c:61 139790151636736: r->filehandle = 35, r->size = 131072, r->offset = 20041957376
12:33:03 ERROR /home/bsc03/bsc03353/forge/src/dispatcher/posix.c:62 139790151636736: single write -1 of expected 131072
12:33:03 ERROR /home/bsc03/bsc03353/forge/src/dispatcher/posix.c:61 139792299124480: r->filehandle = 35, r->size = 131072, r->offset = 50104893440
12:33:03 ERROR /home/bsc03/bsc03353/forge/src/dispatcher/posix.c:62 139792299124480: single write -1 of expected 131072
12:33:04 ERROR /home/bsc03/bsc03353/forge/src/dispatcher/posix.c:61 140151379142400: r->filehandle = 36, r->size = 131072, r->offset = 113093902336
12:33:04 ERROR /home/bsc03/bsc03353/forge/src/dispatcher/posix.c:62 140151379142400: single write -1 of expected 131072
12:33:04 ERROR /home/bsc03/bsc03353/forge/src/dispatcher/posix.c:61 140153526630144: r->filehandle = 36, r->size = 131072, r->offset = 97346650112
12:33:04 ERROR /home/bsc03/bsc03353/forge/src/dispatcher/posix.c:62 140153526630144: single write -1 of expected 131072
12:33:05 ERROR /home/bsc03/bsc03353/forge/src/dispatcher/posix.c:61 139785856661248: r->filehandle = 35, r->size = 131072, r->offset = 47241756672
12:33:05 ERROR /home/bsc03/bsc03353/forge/src/dispatcher/posix.c:61 140147084166912: r->filehandle = 36, r->size = 131072, r->offset = 130272722944
12:33:05 ERROR /home/bsc03/bsc03353/forge/src/dispatcher/posix.c:62 140147084166912: single write -1 of expected 131072
12:33:05 ERROR /home/bsc03/bsc03353/forge/src/dispatcher/posix.c:62 139785856661248: single write -1 of expected 131072
12:33:05 ERROR /home/bsc03/bsc03353/forge/src/dispatcher/posix.c:61 140170706532096: r->filehandle = 36, r->size = 131072, r->offset = 81599397888
12:33:05 ERROR /home/bsc03/bsc03353/forge/src/dispatcher/posix.c:62 140170706532096: single write -1 of expected 131072
12:33:05 ERROR /home/bsc03/bsc03353/forge/src/dispatcher/posix.c:61 139803036563200: r->filehandle = 35, r->size = 131072, r->offset = 11452547072
12:33:05 ERROR /home/bsc03/bsc03353/forge/src/dispatcher/posix.c:62 139803036563200: single write -1 of expected 131072
12:33:05 ERROR /home/bsc03/bsc03353/forge/src/dispatcher/posix.c:61 139796594099968: r->filehandle = 35, r->size = 131072, r->offset = 67283714048
12:33:05 ERROR /home/bsc03/bsc03353/forge/src/dispatcher/posix.c:62 139796594099968: single write -1 of expected 131072
12:33:05 ERROR /home/bsc03/bsc03353/forge/src/dispatcher/posix.c:61 139772971734784: r->filehandle = 35, r->size = 131072, r->offset = 30062936064
12:33:05 ERROR /home/bsc03/bsc03353/forge/src/dispatcher/posix.c:62 139772971734784: single write -1 of expected 131072
12:33:06 ERROR /home/bsc03/bsc03353/forge/src/dispatcher/posix.c:61 139792299124480: r->filehandle = 35, r->size = 131072, r->offset = 5726273536
12:33:06 ERROR /home/bsc03/bsc03353/forge/src/dispatcher/posix.c:62 139792299124480: single write -1 of expected 131072
12:33:06 ERROR /home/bsc03/bsc03353/forge/src/dispatcher/posix.c:61 140168559044352: r->filehandle = 36, r->size = 131072, r->offset = 94483513344
12:33:06 ERROR /home/bsc03/bsc03353/forge/src/dispatcher/posix.c:62 140168559044352: single write -1 of expected 131072
12:33:06 ERROR /home/bsc03/bsc03353/forge/src/dispatcher/posix.c:61 139794446612224: r->filehandle = 35, r->size = 131072, r->offset = 17178820608
12:33:06 ERROR /home/bsc03/bsc03353/forge/src/dispatcher/posix.c:62 139794446612224: single write -1 of expected 131072
12:33:06 ERROR /home/bsc03/bsc03353/forge/src/dispatcher/posix.c:61 140164264068864: r->filehandle = 36, r->size = 131072, r->offset = 135998996480
12:33:06 ERROR /home/bsc03/bsc03353/forge/src/dispatcher/posix.c:62 140164264068864: single write -1 of expected 131072
12:33:06 ERROR /home/bsc03/bsc03353/forge/src/dispatcher/posix.c:61 140179296483072: r->filehandle = 36, r->size = 131072, r->offset = 95915081728
12:33:06 ERROR /home/bsc03/bsc03353/forge/src/dispatcher/posix.c:62 140179296483072: single write -1 of expected 131072
12:33:07 ERROR /home/bsc03/bsc03353/forge/src/dispatcher/posix.c:61 139783709173504: r->filehandle = 35, r->size = 131072, r->offset = 65852145664
12:33:07 ERROR /home/bsc03/bsc03353/forge/src/dispatcher/posix.c:62 139783709173504: single write -1 of expected 131072
12:33:07 ERROR /home/bsc03/bsc03353/forge/src/dispatcher/posix.c:61 140175001507584: r->filehandle = 36, r->size = 131072, r->offset = 108799197184
12:33:07 ERROR /home/bsc03/bsc03353/forge/src/dispatcher/posix.c:62 140175001507584: single write -1 of expected 131072
12:33:07 ERROR /home/bsc03/bsc03353/forge/src/dispatcher/posix.c:61 139777266710272: r->filehandle = 35, r->size = 131072, r->offset = 62989008896
12:33:07 ERROR /home/bsc03/bsc03353/forge/src/dispatcher/posix.c:62 139777266710272: single write -1 of expected 131072
12:33:07 ERROR /home/bsc03/bsc03353/forge/src/dispatcher/posix.c:61 140162116581120: r->filehandle = 36, r->size = 131072, r->offset = 104504492032
12:33:07 ERROR /home/bsc03/bsc03353/forge/src/dispatcher/posix.c:62 140162116581120: single write -1 of expected 131072
12:33:07 ERROR /home/bsc03/bsc03353/forge/src/dispatcher/posix.c:61 139792299124480: r->filehandle = 35, r->size = 131072, r->offset = 18610388992
12:33:07 ERROR /home/bsc03/bsc03353/forge/src/dispatcher/posix.c:62 139792299124480: single write -1 of expected 131072
12:33:08 ERROR /home/bsc03/bsc03353/forge/src/dispatcher/posix.c:61 140151379142400: r->filehandle = 36, r->size = 131072, r->offset = 100209786880
12:33:08 ERROR /home/bsc03/bsc03353/forge/src/dispatcher/posix.c:62 140151379142400: single write -1 of expected 131072
12:33:08 ERROR /home/bsc03/bsc03353/forge/src/dispatcher/posix.c:61 140179296483072: r->filehandle = 36, r->size = 131072, r->offset = 74441555968
12:33:08 ERROR /home/bsc03/bsc03353/forge/src/dispatcher/posix.c:62 140179296483072: single write -1 of expected 131072
12:33:08 ERROR /home/bsc03/bsc03353/forge/src/dispatcher/posix.c:61 139781561685760: r->filehandle = 35, r->size = 131072, r->offset = 40083914752
12:33:08 ERROR /home/bsc03/bsc03353/forge/src/dispatcher/posix.c:62 139781561685760: single write -1 of expected 131072
12:33:08 ERROR /home/bsc03/bsc03353/forge/src/dispatcher/posix.c:61 140157821605632: r->filehandle = 36, r->size = 131072, r->offset = 73009987584
12:33:08 ERROR /home/bsc03/bsc03353/forge/src/dispatcher/posix.c:62 140157821605632: single write -1 of expected 131072
12:33:08 ERROR /home/bsc03/bsc03353/forge/src/dispatcher/posix.c:61 140153526630144: r->filehandle = 36, r->size = 131072, r->offset = 114525470720
12:33:08 ERROR /home/bsc03/bsc03353/forge/src/dispatcher/posix.c:62 140153526630144: single write -1 of expected 131072
12:33:09 ERROR /home/bsc03/bsc03353/forge/src/dispatcher/posix.c:61 139775119222528: r->filehandle = 35, r->size = 131072, r->offset = 24336662528
12:33:09 ERROR /home/bsc03/bsc03353/forge/src/dispatcher/posix.c:62 139775119222528: single write -1 of expected 131072
12:33:09 ERROR /home/bsc03/bsc03353/forge/src/dispatcher/posix.c:61 140151379142400: r->filehandle = 36, r->size = 131072, r->offset = 88757239808
12:33:09 ERROR /home/bsc03/bsc03353/forge/src/dispatcher/posix.c:62 140151379142400: single write -1 of expected 131072
12:33:09 ERROR /home/bsc03/bsc03353/forge/src/dispatcher/posix.c:61 140172854019840: r->filehandle = 36, r->size = 131072, r->offset = 117388607488
12:33:09 ERROR /home/bsc03/bsc03353/forge/src/dispatcher/posix.c:62 140172854019840: single write -1 of expected 131072
12:33:09 ERROR /home/bsc03/bsc03353/forge/src/dispatcher/posix.c:61 139785856661248: r->filehandle = 35, r->size = 131072, r->offset = 22905094144
12:33:09 ERROR /home/bsc03/bsc03353/forge/src/dispatcher/posix.c:62 139785856661248: single write -1 of expected 131072
12:33:10 ERROR /home/bsc03/bsc03353/forge/src/dispatcher/posix.c:61 139796594099968: r->filehandle = 35, r->size = 131072, r->offset = 25768230912
12:33:10 ERROR /home/bsc03/bsc03353/forge/src/dispatcher/posix.c:62 139796594099968: single write -1 of expected 131072
12:33:10 ERROR /home/bsc03/bsc03353/forge/src/dispatcher/posix.c:61 140147084166912: r->filehandle = 36, r->size = 131072, r->offset = 124546449408
12:33:10 ERROR /home/bsc03/bsc03353/forge/src/dispatcher/posix.c:62 140147084166912: single write -1 of expected 131072
12:33:10 ERROR /home/bsc03/bsc03353/forge/src/dispatcher/posix.c:61 139800889075456: r->filehandle = 35, r->size = 131072, r->offset = 54399598592
12:33:10 ERROR /home/bsc03/bsc03353/forge/src/dispatcher/posix.c:62 139800889075456: single write -1 of expected 131072
12:33:10 ERROR /home/bsc03/bsc03353/forge/src/dispatcher/posix.c:61 139798741587712: r->filehandle = 35, r->size = 131072, r->offset = 28631367680
12:33:10 ERROR /home/bsc03/bsc03353/forge/src/dispatcher/posix.c:62 139798741587712: single write -1 of expected 131072
12:33:11 ERROR /home/bsc03/bsc03353/forge/src/dispatcher/posix.c:61 139803036563200: r->filehandle = 35, r->size = 131072, r->offset = 45810188288
12:33:11 ERROR /home/bsc03/bsc03353/forge/src/dispatcher/posix.c:62 139803036563200: single write -1 of expected 131072
12:33:11 ERROR /home/bsc03/bsc03353/forge/src/dispatcher/posix.c:61 139805184050944: r->filehandle = 35, r->size = 131072, r->offset = 42947051520
12:33:11 ERROR /home/bsc03/bsc03353/forge/src/dispatcher/posix.c:62 139805184050944: single write -1 of expected 131072
12:33:11 ERROR /home/bsc03/bsc03353/forge/src/dispatcher/posix.c:61 140153526630144: r->filehandle = 36, r->size = 131072, r->offset = 90188808192
12:33:11 ERROR /home/bsc03/bsc03353/forge/src/dispatcher/posix.c:62 140153526630144: single write -1 of expected 131072
12:33:12 ERROR /home/bsc03/bsc03353/forge/src/dispatcher/posix.c:61 139779414198016: r->filehandle = 35, r->size = 131072, r->offset = 44378619904
12:33:12 ERROR /home/bsc03/bsc03353/forge/src/dispatcher/posix.c:62 139779414198016: single write -1 of expected 131072
12:33:12 ERROR /home/bsc03/bsc03353/forge/src/dispatcher/posix.c:61 140177148995328: r->filehandle = 36, r->size = 131072, r->offset = 111662333952
12:33:12 ERROR /home/bsc03/bsc03353/forge/src/dispatcher/posix.c:62 140177148995328: single write -1 of expected 131072
12:33:12 ERROR /home/bsc03/bsc03353/forge/src/dispatcher/posix.c:61 139800889075456: r->filehandle = 35, r->size = 131072, r->offset = 4294836224
12:33:12 ERROR /home/bsc03/bsc03353/forge/src/dispatcher/posix.c:62 139800889075456: single write -1 of expected 131072
12:33:12 ERROR /home/bsc03/bsc03353/forge/src/dispatcher/posix.c:61 139792299124480: r->filehandle = 35, r->size = 131072, r->offset = 41515483136
12:33:12 ERROR /home/bsc03/bsc03353/forge/src/dispatcher/posix.c:62 139792299124480: single write -1 of expected 131072
12:33:12 ERROR /home/bsc03/bsc03353/forge/src/dispatcher/posix.c:61 140168559044352: r->filehandle = 36, r->size = 131072, r->offset = 118820175872
12:33:12 ERROR /home/bsc03/bsc03353/forge/src/dispatcher/posix.c:62 140168559044352: single write -1 of expected 131072
12:33:13 ERROR /home/bsc03/bsc03353/forge/src/dispatcher/posix.c:61 140162116581120: r->filehandle = 36, r->size = 131072, r->offset = 127409586176
12:33:13 ERROR /home/bsc03/bsc03353/forge/src/dispatcher/posix.c:62 140162116581120: single write -1 of expected 131072
12:33:13 ERROR /home/bsc03/bsc03353/forge/src/dispatcher/posix.c:61 139796594099968: r->filehandle = 35, r->size = 131072, r->offset = 34357641216
12:33:13 ERROR /home/bsc03/bsc03353/forge/src/dispatcher/posix.c:62 139796594099968: single write -1 of expected 131072
12:33:13 ERROR /home/bsc03/bsc03353/forge/src/dispatcher/posix.c:61 139805184050944: r->filehandle = 35, r->size = 131072, r->offset = 51536592896
12:33:13 ERROR /home/bsc03/bsc03353/forge/src/dispatcher/posix.c:62 139805184050944: single write -1 of expected 131072
12:33:13 ERROR /home/bsc03/bsc03353/forge/src/dispatcher/posix.c:61 140175001507584: r->filehandle = 36, r->size = 131072, r->offset = 133135859712
12:33:13 ERROR /home/bsc03/bsc03353/forge/src/dispatcher/posix.c:62 140175001507584: single write -1 of expected 131072
12:33:13 ERROR /home/bsc03/bsc03353/forge/src/dispatcher/posix.c:61 140159969093376: r->filehandle = 36, r->size = 131072, r->offset = 131704291328
12:33:13 ERROR /home/bsc03/bsc03353/forge/src/dispatcher/posix.c:62 140159969093376: single write -1 of expected 131072
12:33:14 ERROR /home/bsc03/bsc03353/forge/src/dispatcher/posix.c:61 140170706532096: r->filehandle = 36, r->size = 131072, r->offset = 70146850816
12:33:14 ERROR /home/bsc03/bsc03353/forge/src/dispatcher/posix.c:62 140170706532096: single write -1 of expected 131072
12:33:14 ERROR /home/bsc03/bsc03353/forge/src/dispatcher/posix.c:61 139785856661248: r->filehandle = 35, r->size = 131072, r->offset = 31494504448
12:33:14 ERROR /home/bsc03/bsc03353/forge/src/dispatcher/posix.c:62 139785856661248: single write -1 of expected 131072
12:33:14 ERROR /home/bsc03/bsc03353/forge/src/dispatcher/posix.c:61 140162116581120: r->filehandle = 36, r->size = 131072, r->offset = 71578419200
12:33:14 ERROR /home/bsc03/bsc03353/forge/src/dispatcher/posix.c:62 140162116581120: single write -1 of expected 131072
12:33:15 ERROR /home/bsc03/bsc03353/forge/src/dispatcher/posix.c:61 139803036563200: r->filehandle = 35, r->size = 131072, r->offset = 27199930368
12:33:15 ERROR /home/bsc03/bsc03353/forge/src/dispatcher/posix.c:61 140177148995328: r->filehandle = 36, r->size = 131072, r->offset = 123114881024
12:33:15 ERROR /home/bsc03/bsc03353/forge/src/dispatcher/posix.c:62 140177148995328: single write -1 of expected 131072
12:33:15 ERROR /home/bsc03/bsc03353/forge/src/dispatcher/posix.c:62 139803036563200: single write -1 of expected 131072
12:33:15 ERROR /home/bsc03/bsc03353/forge/src/dispatcher/posix.c:61 140151379142400: r->filehandle = 36, r->size = 131072, r->offset = 125978017792
12:33:15 ERROR /home/bsc03/bsc03353/forge/src/dispatcher/posix.c:62 140151379142400: single write -1 of expected 131072
12:33:15 ERROR /home/bsc03/bsc03353/forge/src/dispatcher/posix.c:61 140157821605632: r->filehandle = 36, r->size = 131072, r->offset = 91620376576
12:33:15 ERROR /home/bsc03/bsc03353/forge/src/dispatcher/posix.c:62 140157821605632: single write -1 of expected 131072
12:33:15 ERROR /home/bsc03/bsc03353/forge/src/dispatcher/posix.c:61 139800889075456: r->filehandle = 35, r->size = 131072, r->offset = 38652477440
12:33:15 ERROR /home/bsc03/bsc03353/forge/src/dispatcher/posix.c:62 139800889075456: single write -1 of expected 131072
12:33:15 ERROR /home/bsc03/bsc03353/forge/src/dispatcher/posix.c:61 140166411556608: r->filehandle = 36, r->size = 131072, r->offset = 84462534656
12:33:15 ERROR /home/bsc03/bsc03353/forge/src/dispatcher/posix.c:62 140166411556608: single write -1 of expected 131072
12:33:16 ERROR /home/bsc03/bsc03353/forge/src/dispatcher/posix.c:61 139781561685760: r->filehandle = 35, r->size = 131072, r->offset = 21473525760
12:33:16 ERROR /home/bsc03/bsc03353/forge/src/dispatcher/posix.c:62 139781561685760: single write -1 of expected 131072
12:33:16 ERROR /home/bsc03/bsc03353/forge/src/dispatcher/posix.c:61 139775119222528: r->filehandle = 35, r->size = 131072, r->offset = 1431568384
12:33:16 ERROR /home/bsc03/bsc03353/forge/src/dispatcher/posix.c:62 139775119222528: single write -1 of expected 131072
12:33:16 ERROR /home/bsc03/bsc03353/forge/src/dispatcher/posix.c:61 140172854019840: r->filehandle = 36, r->size = 131072, r->offset = 103072923648
12:33:16 ERROR /home/bsc03/bsc03353/forge/src/dispatcher/posix.c:62 140172854019840: single write -1 of expected 131072
12:33:16 ERROR /home/bsc03/bsc03353/forge/src/dispatcher/posix.c:61 139792299124480: r->filehandle = 35, r->size = 131072, r->offset = 37220777984
12:33:16 ERROR /home/bsc03/bsc03353/forge/src/dispatcher/posix.c:62 139792299124480: single write -1 of expected 131072
12:33:16 ERROR /home/bsc03/bsc03353/forge/src/dispatcher/posix.c:61 139790151636736: r->filehandle = 35, r->size = 131072, r->offset = 7157841920
12:33:16 ERROR /home/bsc03/bsc03353/forge/src/dispatcher/posix.c:62 139790151636736: single write -1 of expected 131072
12:33:17 ERROR /home/bsc03/bsc03353/forge/src/dispatcher/posix.c:61 139785856661248: r->filehandle = 35, r->size = 131072, r->offset = 10021109760
12:33:17 ERROR /home/bsc03/bsc03353/forge/src/dispatcher/posix.c:62 139785856661248: single write -1 of expected 131072
12:33:17 ERROR /home/bsc03/bsc03353/forge/src/dispatcher/posix.c:61 140166411556608: r->filehandle = 36, r->size = 131072, r->offset = 134567559168
12:33:17 ERROR /home/bsc03/bsc03353/forge/src/dispatcher/posix.c:62 140166411556608: single write -1 of expected 131072
12:33:17 ERROR /home/bsc03/bsc03353/forge/src/dispatcher/posix.c:61 139772971734784: r->filehandle = 35, r->size = 131072, r->offset = 14315683840
12:33:17 ERROR /home/bsc03/bsc03353/forge/src/dispatcher/posix.c:62 139772971734784: single write -1 of expected 131072
12:33:17 ERROR /home/bsc03/bsc03353/forge/src/dispatcher/posix.c:61 140151379142400: r->filehandle = 36, r->size = 131072, r->offset = 93052076032
12:33:17 ERROR /home/bsc03/bsc03353/forge/src/dispatcher/posix.c:62 140151379142400: single write -1 of expected 131072
12:33:18 ERROR /home/bsc03/bsc03353/forge/src/dispatcher/posix.c:61 139777266710272: r->filehandle = 35, r->size = 131072, r->offset = 52968030208
12:33:18 ERROR /home/bsc03/bsc03353/forge/src/dispatcher/posix.c:62 139777266710272: single write -1 of expected 131072
12:33:18 ERROR /home/bsc03/bsc03353/forge/src/dispatcher/posix.c:61 140155674117888: r->filehandle = 36, r->size = 131072, r->offset = 101641355264
12:33:18 ERROR /home/bsc03/bsc03353/forge/src/dispatcher/posix.c:62 140155674117888: single write -1 of expected 131072
12:33:18 ERROR /home/bsc03/bsc03353/forge/src/dispatcher/posix.c:61 140164264068864: r->filehandle = 36, r->size = 131072, r->offset = 107367628800
12:33:18 ERROR /home/bsc03/bsc03353/forge/src/dispatcher/posix.c:62 140164264068864: single write -1 of expected 131072
12:33:18 ERROR /home/bsc03/bsc03353/forge/src/dispatcher/posix.c:61 139794446612224: r->filehandle = 35, r->size = 131072, r->offset = 57262735360
12:33:18 ERROR /home/bsc03/bsc03353/forge/src/dispatcher/posix.c:62 139794446612224: single write -1 of expected 131072
12:33:18 ERROR /home/bsc03/bsc03353/forge/src/dispatcher/posix.c:61 140166411556608: r->filehandle = 36, r->size = 131072, r->offset = 115957170176
12:33:18 ERROR /home/bsc03/bsc03353/forge/src/dispatcher/posix.c:62 140166411556608: single write -1 of expected 131072
12:33:19 ERROR /home/bsc03/bsc03353/forge/src/dispatcher/posix.c:61 139792299124480: r->filehandle = 35, r->size = 131072, r->offset = 20042088448
12:33:19 ERROR /home/bsc03/bsc03353/forge/src/dispatcher/posix.c:62 139792299124480: single write -1 of expected 131072
12:33:19 ERROR /home/bsc03/bsc03353/forge/src/dispatcher/posix.c:61 140159969093376: r->filehandle = 36, r->size = 131072, r->offset = 121683312640
12:33:19 ERROR /home/bsc03/bsc03353/forge/src/dispatcher/posix.c:62 140159969093376: single write -1 of expected 131072
12:33:19 ERROR /home/bsc03/bsc03353/forge/src/dispatcher/posix.c:61 139772971734784: r->filehandle = 35, r->size = 131072, r->offset = 30063067136
12:33:19 ERROR /home/bsc03/bsc03353/forge/src/dispatcher/posix.c:62 139772971734784: single write -1 of expected 131072
12:33:19 ERROR /home/bsc03/bsc03353/forge/src/dispatcher/posix.c:61 139790151636736: r->filehandle = 35, r->size = 131072, r->offset = 50105024512
12:33:19 ERROR /home/bsc03/bsc03353/forge/src/dispatcher/posix.c:62 139790151636736: single write -1 of expected 131072
12:33:19 ERROR /home/bsc03/bsc03353/forge/src/dispatcher/posix.c:61 139783709173504: r->filehandle = 35, r->size = 131072, r->offset = 64420577280
12:33:19 ERROR /home/bsc03/bsc03353/forge/src/dispatcher/posix.c:62 139783709173504: single write -1 of expected 131072
12:33:20 ERROR /home/bsc03/bsc03353/forge/src/dispatcher/posix.c:61 139775119222528: r->filehandle = 35, r->size = 131072, r->offset = 15747252224
12:33:20 ERROR /home/bsc03/bsc03353/forge/src/dispatcher/posix.c:62 139775119222528: single write -1 of expected 131072
12:33:20 ERROR /home/bsc03/bsc03353/forge/src/dispatcher/posix.c:61 140172854019840: r->filehandle = 36, r->size = 131072, r->offset = 98778218496
12:33:20 ERROR /home/bsc03/bsc03353/forge/src/dispatcher/posix.c:62 140172854019840: single write -1 of expected 131072
12:33:20 ERROR /home/bsc03/bsc03353/forge/src/dispatcher/posix.c:61 140149231654656: r->filehandle = 36, r->size = 131072, r->offset = 120251744256
12:33:20 ERROR /home/bsc03/bsc03353/forge/src/dispatcher/posix.c:62 140149231654656: single write -1 of expected 131072
12:33:20 ERROR /home/bsc03/bsc03353/forge/src/dispatcher/posix.c:61 139798741587712: r->filehandle = 35, r->size = 131072, r->offset = 2863267840
12:33:20 ERROR /home/bsc03/bsc03353/forge/src/dispatcher/posix.c:62 139798741587712: single write -1 of expected 131072
12:33:21 ERROR /home/bsc03/bsc03353/forge/src/dispatcher/posix.c:61 139788004148992: r->filehandle = 35, r->size = 131072, r->offset = 8589410304
12:33:21 ERROR /home/bsc03/bsc03353/forge/src/dispatcher/posix.c:62 139788004148992: single write -1 of expected 131072
12:33:21 ERROR /home/bsc03/bsc03353/forge/src/dispatcher/posix.c:61 140164264068864: r->filehandle = 36, r->size = 131072, r->offset = 130272854016
12:33:21 ERROR /home/bsc03/bsc03353/forge/src/dispatcher/posix.c:62 140164264068864: single write -1 of expected 131072
12:33:21 ERROR /home/bsc03/bsc03353/forge/src/dispatcher/posix.c:61 139775119222528: r->filehandle = 35, r->size = 131072, r->offset = 25768361984
12:33:21 ERROR /home/bsc03/bsc03353/forge/src/dispatcher/posix.c:61 140159969093376: r->filehandle = 36, r->size = 131072, r->offset = 95915212800
12:33:21 ERROR /home/bsc03/bsc03353/forge/src/dispatcher/posix.c:62 140159969093376: single write -1 of expected 131072
12:33:21 ERROR /home/bsc03/bsc03353/forge/src/dispatcher/posix.c:62 139775119222528: single write -1 of expected 131072
12:33:21 ERROR /home/bsc03/bsc03353/forge/src/dispatcher/posix.c:61 140162116581120: r->filehandle = 36, r->size = 131072, r->offset = 75873124352
12:33:21 ERROR /home/bsc03/bsc03353/forge/src/dispatcher/posix.c:62 140162116581120: single write -1 of expected 131072
12:33:21 ERROR /home/bsc03/bsc03353/forge/src/dispatcher/posix.c:61 139772971734784: r->filehandle = 35, r->size = 131072, r->offset = 67283845120
12:33:21 ERROR /home/bsc03/bsc03353/forge/src/dispatcher/posix.c:62 139772971734784: single write -1 of expected 131072
12:33:21 ERROR /home/bsc03/bsc03353/forge/src/dispatcher/posix.c:61 140168559044352: r->filehandle = 36, r->size = 131072, r->offset = 85894103040
12:33:21 ERROR /home/bsc03/bsc03353/forge/src/dispatcher/posix.c:62 140168559044352: single write -1 of expected 131072
12:33:22 ERROR /home/bsc03/bsc03353/forge/src/dispatcher/posix.c:61 140170706532096: r->filehandle = 36, r->size = 131072, r->offset = 80167829504
12:33:22 ERROR /home/bsc03/bsc03353/forge/src/dispatcher/posix.c:62 140170706532096: single write -1 of expected 131072
12:33:22 ERROR /home/bsc03/bsc03353/forge/src/dispatcher/posix.c:61 140157821605632: r->filehandle = 36, r->size = 131072, r->offset = 113094033408
12:33:22 ERROR /home/bsc03/bsc03353/forge/src/dispatcher/posix.c:62 140157821605632: single write -1 of expected 131072
12:33:22 ERROR /home/bsc03/bsc03353/forge/src/dispatcher/posix.c:61 140147084166912: r->filehandle = 36, r->size = 131072, r->offset = 68715282432
12:33:22 ERROR /home/bsc03/bsc03353/forge/src/dispatcher/posix.c:62 140147084166912: single write -1 of expected 131072
12:33:22 ERROR /home/bsc03/bsc03353/forge/src/dispatcher/posix.c:61 139800889075456: r->filehandle = 35, r->size = 131072, r->offset = 12884246528
12:33:22 ERROR /home/bsc03/bsc03353/forge/src/dispatcher/posix.c:61 140162116581120: r->filehandle = 36, r->size = 131072, r->offset = 77304692736
12:33:22 ERROR /home/bsc03/bsc03353/forge/src/dispatcher/posix.c:62 140162116581120: single write -1 of expected 131072
12:33:22 ERROR /home/bsc03/bsc03353/forge/src/dispatcher/posix.c:62 139800889075456: single write -1 of expected 131072
12:33:23 ERROR /home/bsc03/bsc03353/forge/src/dispatcher/posix.c:61 140155674117888: r->filehandle = 36, r->size = 131072, r->offset = 108799328256
12:33:23 ERROR /home/bsc03/bsc03353/forge/src/dispatcher/posix.c:62 140155674117888: single write -1 of expected 131072
12:33:23 ERROR /home/bsc03/bsc03353/forge/src/dispatcher/posix.c:61 140175001507584: r->filehandle = 36, r->size = 131072, r->offset = 78736261120
12:33:23 ERROR /home/bsc03/bsc03353/forge/src/dispatcher/posix.c:62 140175001507584: single write -1 of expected 131072
12:33:23 ERROR /home/bsc03/bsc03353/forge/src/dispatcher/posix.c:61 140157821605632: r->filehandle = 36, r->size = 131072, r->offset = 94483644416
12:33:23 ERROR /home/bsc03/bsc03353/forge/src/dispatcher/posix.c:62 140157821605632: single write -1 of expected 131072
12:33:23 ERROR /home/bsc03/bsc03353/forge/src/dispatcher/posix.c:61 139796594099968: r->filehandle = 35, r->size = 131072, r->offset = 61557571584
12:33:23 ERROR /home/bsc03/bsc03353/forge/src/dispatcher/posix.c:62 139796594099968: single write -1 of expected 131072
12:33:24 ERROR /home/bsc03/bsc03353/forge/src/dispatcher/posix.c:61 139792299124480: r->filehandle = 35, r->size = 131072, r->offset = 65852276736
12:33:24 ERROR /home/bsc03/bsc03353/forge/src/dispatcher/posix.c:62 139792299124480: single write -1 of expected 131072
12:33:24 ERROR /home/bsc03/bsc03353/forge/src/dispatcher/posix.c:61 140170706532096: r->filehandle = 36, r->size = 131072, r->offset = 124546580480
12:33:24 ERROR /home/bsc03/bsc03353/forge/src/dispatcher/posix.c:62 140170706532096: single write -1 of expected 131072
12:33:24 ERROR /home/bsc03/bsc03353/forge/src/dispatcher/posix.c:61 140166411556608: r->filehandle = 36, r->size = 131072, r->offset = 74441687040
12:33:24 ERROR /home/bsc03/bsc03353/forge/src/dispatcher/posix.c:62 140166411556608: single write -1 of expected 131072
12:33:24 ERROR /home/bsc03/bsc03353/forge/src/dispatcher/posix.c:61 139777266710272: r->filehandle = 35, r->size = 131072, r->offset = 62989139968
12:33:24 ERROR /home/bsc03/bsc03353/forge/src/dispatcher/posix.c:62 139777266710272: single write -1 of expected 131072
12:33:24 ERROR /home/bsc03/bsc03353/forge/src/dispatcher/posix.c:61 140159969093376: r->filehandle = 36, r->size = 131072, r->offset = 114525601792
12:33:24 ERROR /home/bsc03/bsc03353/forge/src/dispatcher/posix.c:62 140159969093376: single write -1 of expected 131072
12:33:24 ERROR /home/bsc03/bsc03353/forge/src/dispatcher/posix.c:61 139794446612224: r->filehandle = 35, r->size = 131072, r->offset = 17178951680
12:33:24 ERROR /home/bsc03/bsc03353/forge/src/dispatcher/posix.c:62 139794446612224: single write -1 of expected 131072
12:33:25 ERROR /home/bsc03/bsc03353/forge/src/dispatcher/posix.c:61 139783709173504: r->filehandle = 35, r->size = 131072, r->offset = 32926072832
12:33:25 ERROR /home/bsc03/bsc03353/forge/src/dispatcher/posix.c:62 139783709173504: single write -1 of expected 131072
12:33:25 ERROR /home/bsc03/bsc03353/forge/src/dispatcher/posix.c:61 139788004148992: r->filehandle = 35, r->size = 131072, r->offset = 54399729664
12:33:25 ERROR /home/bsc03/bsc03353/forge/src/dispatcher/posix.c:62 139788004148992: single write -1 of expected 131072
12:33:25 ERROR /home/bsc03/bsc03353/forge/src/dispatcher/posix.c:61 139781561685760: r->filehandle = 35, r->size = 131072, r->offset = 55831298048
12:33:25 ERROR /home/bsc03/bsc03353/forge/src/dispatcher/posix.c:62 139781561685760: single write -1 of expected 131072
12:33:25 ERROR /home/bsc03/bsc03353/forge/src/dispatcher/posix.c:61 140172854019840: r->filehandle = 36, r->size = 131072, r->offset = 128841154560
12:33:25 ERROR /home/bsc03/bsc03353/forge/src/dispatcher/posix.c:62 140172854019840: single write -1 of expected 131072
12:33:25 ERROR /home/bsc03/bsc03353/forge/src/dispatcher/posix.c:61 140170706532096: r->filehandle = 36, r->size = 131072, r->offset = 127409717248
12:33:25 ERROR /home/bsc03/bsc03353/forge/src/dispatcher/posix.c:62 140170706532096: single write -1 of expected 131072
12:33:25 ERROR /home/bsc03/bsc03353/forge/src/dispatcher/posix.c:61 139779414198016: r->filehandle = 35, r->size = 131072, r->offset = 48673456128
12:33:25 ERROR /home/bsc03/bsc03353/forge/src/dispatcher/posix.c:62 139779414198016: single write -1 of expected 131072
12:33:26 ERROR /home/bsc03/bsc03353/forge/src/dispatcher/posix.c:61 140177148995328: r->filehandle = 36, r->size = 131072, r->offset = 83030966272
12:33:26 ERROR /home/bsc03/bsc03353/forge/src/dispatcher/posix.c:62 140177148995328: single write -1 of expected 131072
12:33:26 ERROR /home/bsc03/bsc03353/forge/src/dispatcher/posix.c:61 140168559044352: r->filehandle = 36, r->size = 131072, r->offset = 90188939264
12:33:26 ERROR /home/bsc03/bsc03353/forge/src/dispatcher/posix.c:62 140168559044352: single write -1 of expected 131072
12:33:26 ERROR /home/bsc03/bsc03353/forge/src/dispatcher/posix.c:61 139794446612224: r->filehandle = 35, r->size = 131072, r->offset = 38652608512
12:33:26 ERROR /home/bsc03/bsc03353/forge/src/dispatcher/posix.c:62 139794446612224: single write -1 of expected 131072
12:33:26 ERROR /home/bsc03/bsc03353/forge/src/dispatcher/posix.c:61 139798741587712: r->filehandle = 35, r->size = 131072, r->offset = 5726404608
12:33:26 ERROR /home/bsc03/bsc03353/forge/src/dispatcher/posix.c:62 139798741587712: single write -1 of expected 131072
12:33:27 ERROR /home/bsc03/bsc03353/forge/src/dispatcher/posix.c:61 140147084166912: r->filehandle = 36, r->size = 131072, r->offset = 118820306944
12:33:27 ERROR /home/bsc03/bsc03353/forge/src/dispatcher/posix.c:62 140147084166912: single write -1 of expected 131072
12:33:27 ERROR /home/bsc03/bsc03353/forge/src/dispatcher/posix.c:61 139790151636736: r->filehandle = 35, r->size = 131072, r->offset = 22905225216
12:33:27 ERROR /home/bsc03/bsc03353/forge/src/dispatcher/posix.c:62 139790151636736: single write -1 of expected 131072
12:33:27 ERROR /home/bsc03/bsc03353/forge/src/dispatcher/posix.c:61 139803036563200: r->filehandle = 35, r->size = 131072, r->offset = 47241887744
12:33:27 ERROR /home/bsc03/bsc03353/forge/src/dispatcher/posix.c:62 139803036563200: single write -1 of expected 131072
12:33:27 ERROR /home/bsc03/bsc03353/forge/src/dispatcher/posix.c:61 140159969093376: r->filehandle = 36, r->size = 131072, r->offset = 71578550272
12:33:27 ERROR /home/bsc03/bsc03353/forge/src/dispatcher/posix.c:62 140159969093376: single write -1 of expected 131072
12:33:27 ERROR /home/bsc03/bsc03353/forge/src/dispatcher/posix.c:61 140153526630144: r->filehandle = 36, r->size = 131072, r->offset = 110230765568
12:33:27 ERROR /home/bsc03/bsc03353/forge/src/dispatcher/posix.c:62 140153526630144: single write -1 of expected 131072
12:33:27 ERROR /home/bsc03/bsc03353/forge/src/dispatcher/posix.c:61 139775119222528: r->filehandle = 35, r->size = 131072, r->offset = 18610520064
12:33:27 ERROR /home/bsc03/bsc03353/forge/src/dispatcher/posix.c:62 139775119222528: single write -1 of expected 131072
12:33:28 ERROR /home/bsc03/bsc03353/forge/src/dispatcher/posix.c:61 139805184050944: r->filehandle = 35, r->size = 131072, r->offset = 35789340672
12:33:28 ERROR /home/bsc03/bsc03353/forge/src/dispatcher/posix.c:62 139805184050944: single write -1 of expected 131072
12:33:28 ERROR /home/bsc03/bsc03353/forge/src/dispatcher/posix.c:61 139785856661248: r->filehandle = 35, r->size = 131072, r->offset = 11452678144
12:33:28 ERROR /home/bsc03/bsc03353/forge/src/dispatcher/posix.c:62 139785856661248: single write -1 of expected 131072
12:33:28 ERROR /home/bsc03/bsc03353/forge/src/dispatcher/posix.c:61 140162116581120: r->filehandle = 36, r->size = 131072, r->offset = 87325671424
12:33:28 ERROR /home/bsc03/bsc03353/forge/src/dispatcher/posix.c:62 140162116581120: single write -1 of expected 131072
12:33:28 ERROR /home/bsc03/bsc03353/forge/src/dispatcher/posix.c:61 139792299124480: r->filehandle = 35, r->size = 131072, r->offset = 28631498752
12:33:28 ERROR /home/bsc03/bsc03353/forge/src/dispatcher/posix.c:62 139792299124480: single write -1 of expected 131072
12:33:29 ERROR /home/bsc03/bsc03353/forge/src/dispatcher/posix.c:61 140177148995328: r->filehandle = 36, r->size = 131072, r->offset = 70146981888
12:33:29 ERROR /home/bsc03/bsc03353/forge/src/dispatcher/posix.c:62 140177148995328: single write -1 of expected 131072
12:33:29 ERROR /home/bsc03/bsc03353/forge/src/dispatcher/posix.c:61 139798741587712: r->filehandle = 35, r->size = 131072, r->offset = 31494635520
12:33:29 ERROR /home/bsc03/bsc03353/forge/src/dispatcher/posix.c:62 139798741587712: single write -1 of expected 131072
12:33:29 ERROR /home/bsc03/bsc03353/forge/src/dispatcher/posix.c:61 139781561685760: r->filehandle = 35, r->size = 131072, r->offset = 44378750976
12:33:29 ERROR /home/bsc03/bsc03353/forge/src/dispatcher/posix.c:62 139781561685760: single write -1 of expected 131072
12:33:29 ERROR /home/bsc03/bsc03353/forge/src/dispatcher/posix.c:61 140166411556608: r->filehandle = 36, r->size = 131072, r->offset = 73010118656
12:33:29 ERROR /home/bsc03/bsc03353/forge/src/dispatcher/posix.c:62 140166411556608: single write -1 of expected 131072
12:33:29 ERROR /home/bsc03/bsc03353/forge/src/dispatcher/posix.c:61 139779414198016: r->filehandle = 35, r->size = 131072, r->offset = 34357772288
12:33:29 ERROR /home/bsc03/bsc03353/forge/src/dispatcher/posix.c:62 139779414198016: single write -1 of expected 131072
12:33:30 ERROR /home/bsc03/bsc03353/forge/src/dispatcher/posix.c:61 139788004148992: r->filehandle = 35, r->size = 131072, r->offset = 27200061440
12:33:30 ERROR /home/bsc03/bsc03353/forge/src/dispatcher/posix.c:62 139788004148992: single write -1 of expected 131072
12:33:30 ERROR /home/bsc03/bsc03353/forge/src/dispatcher/posix.c:61 140162116581120: r->filehandle = 36, r->size = 131072, r->offset = 134567690240
12:33:30 ERROR /home/bsc03/bsc03353/forge/src/dispatcher/posix.c:62 140162116581120: single write -1 of expected 131072
12:33:30 ERROR /home/bsc03/bsc03353/forge/src/dispatcher/posix.c:61 140172854019840: r->filehandle = 36, r->size = 131072, r->offset = 133135990784
12:33:30 ERROR /home/bsc03/bsc03353/forge/src/dispatcher/posix.c:62 140172854019840: single write -1 of expected 131072
12:33:30 ERROR /home/bsc03/bsc03353/forge/src/dispatcher/posix.c:61 139794446612224: r->filehandle = 35, r->size = 131072, r->offset = 41515614208
12:33:30 ERROR /home/bsc03/bsc03353/forge/src/dispatcher/posix.c:62 139794446612224: single write -1 of expected 131072
12:33:31 ERROR /home/bsc03/bsc03353/forge/src/dispatcher/posix.c:61 139785856661248: r->filehandle = 35, r->size = 131072, r->offset = 50105155584
12:33:31 ERROR /home/bsc03/bsc03353/forge/src/dispatcher/posix.c:62 139785856661248: single write -1 of expected 131072
12:33:31 ERROR /home/bsc03/bsc03353/forge/src/dispatcher/posix.c:61 140172854019840: r->filehandle = 36, r->size = 131072, r->offset = 113094164480
12:33:31 ERROR /home/bsc03/bsc03353/forge/src/dispatcher/posix.c:62 140172854019840: single write -1 of expected 131072
12:33:31 ERROR /home/bsc03/bsc03353/forge/src/dispatcher/posix.c:61 139800889075456: r->filehandle = 35, r->size = 131072, r->offset = 4294967296
12:33:31 ERROR /home/bsc03/bsc03353/forge/src/dispatcher/posix.c:62 139800889075456: single write -1 of expected 131072
12:33:31 ERROR /home/bsc03/bsc03353/forge/src/dispatcher/posix.c:61 140175001507584: r->filehandle = 36, r->size = 131072, r->offset = 117388738560
12:33:31 ERROR /home/bsc03/bsc03353/forge/src/dispatcher/posix.c:62 140175001507584: single write -1 of expected 131072
12:33:31 ERROR /home/bsc03/bsc03353/forge/src/dispatcher/posix.c:61 139777266710272: r->filehandle = 35, r->size = 131072, r->offset = 51536723968
12:33:31 ERROR /home/bsc03/bsc03353/forge/src/dispatcher/posix.c:62 139777266710272: single write -1 of expected 131072
12:33:31 ERROR /home/bsc03/bsc03353/forge/src/dispatcher/posix.c:61 140166411556608: r->filehandle = 36, r->size = 131072, r->offset = 130272985088
12:33:31 ERROR /home/bsc03/bsc03353/forge/src/dispatcher/posix.c:62 140166411556608: single write -1 of expected 131072
12:33:32 ERROR /home/bsc03/bsc03353/forge/src/dispatcher/posix.c:61 140159969093376: r->filehandle = 36, r->size = 131072, r->offset = 125978148864
12:33:32 ERROR /home/bsc03/bsc03353/forge/src/dispatcher/posix.c:62 140159969093376: single write -1 of expected 131072
12:33:32 ERROR /home/bsc03/bsc03353/forge/src/dispatcher/posix.c:61 140153526630144: r->filehandle = 36, r->size = 131072, r->offset = 91620507648
12:33:32 ERROR /home/bsc03/bsc03353/forge/src/dispatcher/posix.c:62 140153526630144: single write -1 of expected 131072
12:33:32 ERROR /home/bsc03/bsc03353/forge/src/dispatcher/posix.c:61 140168559044352: r->filehandle = 36, r->size = 131072, r->offset = 111662465024
12:33:32 ERROR /home/bsc03/bsc03353/forge/src/dispatcher/posix.c:62 140168559044352: single write -1 of expected 131072
12:33:32 ERROR /home/bsc03/bsc03353/forge/src/dispatcher/posix.c:61 139803036563200: r->filehandle = 35, r->size = 131072, r->offset = 21473656832
12:33:32 ERROR /home/bsc03/bsc03353/forge/src/dispatcher/posix.c:62 139803036563200: single write -1 of expected 131072
12:33:32 ERROR /home/bsc03/bsc03353/forge/src/dispatcher/posix.c:61 140162116581120: r->filehandle = 36, r->size = 131072, r->offset = 95915343872
12:33:32 ERROR /home/bsc03/bsc03353/forge/src/dispatcher/posix.c:62 140162116581120: single write -1 of expected 131072
12:33:33 ERROR /home/bsc03/bsc03353/forge/src/dispatcher/posix.c:61 139772971734784: r->filehandle = 35, r->size = 131072, r->offset = 42947182592
12:33:33 ERROR /home/bsc03/bsc03353/forge/src/dispatcher/posix.c:62 139772971734784: single write -1 of expected 131072
12:33:33 ERROR /home/bsc03/bsc03353/forge/src/dispatcher/posix.c:61 140172854019840: r->filehandle = 36, r->size = 131072, r->offset = 108799459328
12:33:33 ERROR /home/bsc03/bsc03353/forge/src/dispatcher/posix.c:62 140172854019840: single write -1 of expected 131072
12:33:33 ERROR /home/bsc03/bsc03353/forge/src/dispatcher/posix.c:61 140168559044352: r->filehandle = 36, r->size = 131072, r->offset = 121683443712
12:33:33 ERROR /home/bsc03/bsc03353/forge/src/dispatcher/posix.c:62 140168559044352: single write -1 of expected 131072
12:33:33 ERROR /home/bsc03/bsc03353/forge/src/dispatcher/posix.c:61 139781561685760: r->filehandle = 35, r->size = 131072, r->offset = 57262866432
12:33:33 ERROR /home/bsc03/bsc03353/forge/src/dispatcher/posix.c:62 139781561685760: single write -1 of expected 131072
12:33:33 ERROR /home/bsc03/bsc03353/forge/src/dispatcher/posix.c:61 140166411556608: r->filehandle = 36, r->size = 131072, r->offset = 135999127552
12:33:33 ERROR /home/bsc03/bsc03353/forge/src/dispatcher/posix.c:62 140166411556608: single write -1 of expected 131072
12:33:34 ERROR /home/bsc03/bsc03353/forge/src/dispatcher/posix.c:61 140157821605632: r->filehandle = 36, r->size = 131072, r->offset = 104504623104
12:33:34 ERROR /home/bsc03/bsc03353/forge/src/dispatcher/posix.c:62 140157821605632: single write -1 of expected 131072
12:33:34 ERROR /home/bsc03/bsc03353/forge/src/dispatcher/posix.c:61 139798741587712: r->filehandle = 35, r->size = 131072, r->offset = 40084045824
12:33:34 ERROR /home/bsc03/bsc03353/forge/src/dispatcher/posix.c:62 139798741587712: single write -1 of expected 131072
12:33:34 ERROR /home/bsc03/bsc03353/forge/src/dispatcher/posix.c:61 140147084166912: r->filehandle = 36, r->size = 131072, r->offset = 131704422400
12:33:34 ERROR /home/bsc03/bsc03353/forge/src/dispatcher/posix.c:62 140147084166912: single write -1 of expected 131072
12:33:34 ERROR /home/bsc03/bsc03353/forge/src/dispatcher/posix.c:61 139792299124480: r->filehandle = 35, r->size = 131072, r->offset = 52968161280
12:33:34 ERROR /home/bsc03/bsc03353/forge/src/dispatcher/posix.c:62 139792299124480: single write -1 of expected 131072
12:33:35 ERROR /home/bsc03/bsc03353/forge/src/dispatcher/posix.c:61 140153526630144: r->filehandle = 36, r->size = 131072, r->offset = 80167960576
12:33:35 ERROR /home/bsc03/bsc03353/forge/src/dispatcher/posix.c:62 140153526630144: single write -1 of expected 131072
12:33:35 ERROR /home/bsc03/bsc03353/forge/src/dispatcher/posix.c:61 139775119222528: r->filehandle = 35, r->size = 131072, r->offset = 30063198208
12:33:35 ERROR /home/bsc03/bsc03353/forge/src/dispatcher/posix.c:62 139775119222528: single write -1 of expected 131072
12:33:35 ERROR /home/bsc03/bsc03353/forge/src/dispatcher/posix.c:61 139781561685760: r->filehandle = 35, r->size = 131072, r->offset = 15747383296
12:33:35 ERROR /home/bsc03/bsc03353/forge/src/dispatcher/posix.c:62 139781561685760: single write -1 of expected 131072
12:33:35 ERROR /home/bsc03/bsc03353/forge/src/dispatcher/posix.c:61 139794446612224: r->filehandle = 35, r->size = 131072, r->offset = 37220909056
12:33:35 ERROR /home/bsc03/bsc03353/forge/src/dispatcher/posix.c:62 139794446612224: single write -1 of expected 131072
12:33:35 ERROR /home/bsc03/bsc03353/forge/src/dispatcher/posix.c:61 140164264068864: r->filehandle = 36, r->size = 131072, r->offset = 88757370880
12:33:35 ERROR /home/bsc03/bsc03353/forge/src/dispatcher/posix.c:62 140164264068864: single write -1 of expected 131072
12:33:35 ERROR /home/bsc03/bsc03353/forge/src/dispatcher/posix.c:61 139788004148992: r->filehandle = 35, r->size = 131072, r->offset = 2863398912
12:33:35 ERROR /home/bsc03/bsc03353/forge/src/dispatcher/posix.c:62 139788004148992: single write -1 of expected 131072
12:33:36 ERROR /home/bsc03/bsc03353/forge/src/dispatcher/posix.c:61 139800889075456: r->filehandle = 35, r->size = 131072, r->offset = 8589541376
12:33:36 ERROR /home/bsc03/bsc03353/forge/src/dispatcher/posix.c:62 139800889075456: single write -1 of expected 131072
12:33:36 ERROR /home/bsc03/bsc03353/forge/src/dispatcher/posix.c:61 140172854019840: r->filehandle = 36, r->size = 131072, r->offset = 101641486336
12:33:36 ERROR /home/bsc03/bsc03353/forge/src/dispatcher/posix.c:62 140172854019840: single write -1 of expected 131072
12:33:36 ERROR /home/bsc03/bsc03353/forge/src/dispatcher/posix.c:61 139796594099968: r->filehandle = 35, r->size = 131072, r->offset = 45810319360
12:33:36 ERROR /home/bsc03/bsc03353/forge/src/dispatcher/posix.c:62 139796594099968: single write -1 of expected 131072
12:33:36 ERROR /home/bsc03/bsc03353/forge/src/dispatcher/posix.c:61 139805184050944: r->filehandle = 35, r->size = 131072, r->offset = 7157972992
12:33:36 ERROR /home/bsc03/bsc03353/forge/src/dispatcher/posix.c:62 139805184050944: single write -1 of expected 131072
12:33:36 ERROR /home/bsc03/bsc03353/forge/src/dispatcher/posix.c:61 139783709173504: r->filehandle = 35, r->size = 131072, r->offset = 60125872128
12:33:36 ERROR /home/bsc03/bsc03353/forge/src/dispatcher/posix.c:62 139783709173504: single write -1 of expected 131072
12:33:37 ERROR /home/bsc03/bsc03353/forge/src/dispatcher/posix.c:61 140159969093376: r->filehandle = 36, r->size = 131072, r->offset = 115957301248
12:33:37 ERROR /home/bsc03/bsc03353/forge/src/dispatcher/posix.c:62 140159969093376: single write -1 of expected 131072
12:33:37 ERROR /home/bsc03/bsc03353/forge/src/dispatcher/posix.c:61 139777266710272: r->filehandle = 35, r->size = 131072, r->offset = 25768493056
12:33:37 ERROR /home/bsc03/bsc03353/forge/src/dispatcher/posix.c:61 140155674117888: r->filehandle = 36, r->size = 131072, r->offset = 81599528960
12:33:37 ERROR /home/bsc03/bsc03353/forge/src/dispatcher/posix.c:62 139777266710272: single write -1 of expected 131072
12:33:37 ERROR /home/bsc03/bsc03353/forge/src/dispatcher/posix.c:62 140155674117888: single write -1 of expected 131072
12:33:37 ERROR /home/bsc03/bsc03353/forge/src/dispatcher/posix.c:61 139785856661248: r->filehandle = 35, r->size = 131072, r->offset = 131072
12:33:37 ERROR /home/bsc03/bsc03353/forge/src/dispatcher/posix.c:62 139785856661248: single write -1 of expected 131072
12:33:37 ERROR /home/bsc03/bsc03353/forge/src/dispatcher/posix.c:61 140175001507584: r->filehandle = 36, r->size = 131072, r->offset = 84462665728
12:33:37 ERROR /home/bsc03/bsc03353/forge/src/dispatcher/posix.c:62 140175001507584: single write -1 of expected 131072
12:33:37 ERROR /home/bsc03/bsc03353/forge/src/dispatcher/posix.c:61 139790151636736: r->filehandle = 35, r->size = 131072, r->offset = 10021240832
12:33:37 ERROR /home/bsc03/bsc03353/forge/src/dispatcher/posix.c:62 139790151636736: single write -1 of expected 131072
12:33:38 ERROR /home/bsc03/bsc03353/forge/src/dispatcher/posix.c:61 140164264068864: r->filehandle = 36, r->size = 131072, r->offset = 120251875328
12:33:38 ERROR /home/bsc03/bsc03353/forge/src/dispatcher/posix.c:62 140164264068864: single write -1 of expected 131072
12:33:38 ERROR /home/bsc03/bsc03353/forge/src/dispatcher/posix.c:61 139788004148992: r->filehandle = 35, r->size = 131072, r->offset = 54399860736
12:33:38 ERROR /home/bsc03/bsc03353/forge/src/dispatcher/posix.c:62 139788004148992: single write -1 of expected 131072
12:33:38 ERROR /home/bsc03/bsc03353/forge/src/dispatcher/posix.c:61 140179296483072: r->filehandle = 36, r->size = 131072, r->offset = 105936060416
12:33:38 ERROR /home/bsc03/bsc03353/forge/src/dispatcher/posix.c:62 140179296483072: single write -1 of expected 131072
12:33:38 ERROR /home/bsc03/bsc03353/forge/src/dispatcher/posix.c:61 139794446612224: r->filehandle = 35, r->size = 131072, r->offset = 65852407808
12:33:38 ERROR /home/bsc03/bsc03353/forge/src/dispatcher/posix.c:62 139794446612224: single write -1 of expected 131072
12:33:38 ERROR /home/bsc03/bsc03353/forge/src/dispatcher/posix.c:61 139779414198016: r->filehandle = 35, r->size = 131072, r->offset = 20042219520
12:33:38 ERROR /home/bsc03/bsc03353/forge/src/dispatcher/posix.c:62 139779414198016: single write -1 of expected 131072
12:33:38 ERROR /home/bsc03/bsc03353/forge/src/dispatcher/posix.c:61 140157821605632: r->filehandle = 36, r->size = 131072, r->offset = 74441818112
12:33:38 ERROR /home/bsc03/bsc03353/forge/src/dispatcher/posix.c:62 140157821605632: single write -1 of expected 131072
12:33:39 ERROR /home/bsc03/bsc03353/forge/src/dispatcher/posix.c:61 140159969093376: r->filehandle = 36, r->size = 131072, r->offset = 78736392192
12:33:39 ERROR /home/bsc03/bsc03353/forge/src/dispatcher/posix.c:62 140159969093376: single write -1 of expected 131072
12:33:39 ERROR /home/bsc03/bsc03353/forge/src/dispatcher/posix.c:61 139790151636736: r->filehandle = 35, r->size = 131072, r->offset = 62989271040
12:33:39 ERROR /home/bsc03/bsc03353/forge/src/dispatcher/posix.c:61 140155674117888: r->filehandle = 36, r->size = 131072, r->offset = 90189070336
12:33:39 ERROR /home/bsc03/bsc03353/forge/src/dispatcher/posix.c:62 140155674117888: single write -1 of expected 131072
12:33:39 ERROR /home/bsc03/bsc03353/forge/src/dispatcher/posix.c:62 139790151636736: single write -1 of expected 131072
12:33:39 ERROR /home/bsc03/bsc03353/forge/src/dispatcher/posix.c:61 140149231654656: r->filehandle = 36, r->size = 131072, r->offset = 100209917952
12:33:39 ERROR /home/bsc03/bsc03353/forge/src/dispatcher/posix.c:62 140149231654656: single write -1 of expected 131072
12:33:39 ERROR /home/bsc03/bsc03353/forge/src/dispatcher/posix.c:61 140166411556608: r->filehandle = 36, r->size = 131072, r->offset = 114525732864
12:33:39 ERROR /home/bsc03/bsc03353/forge/src/dispatcher/posix.c:62 140166411556608: single write -1 of expected 131072
12:33:40 ERROR /home/bsc03/bsc03353/forge/src/dispatcher/posix.c:61 140170706532096: r->filehandle = 36, r->size = 131072, r->offset = 123115012096
12:33:40 ERROR /home/bsc03/bsc03353/forge/src/dispatcher/posix.c:62 140170706532096: single write -1 of expected 131072
12:33:40 ERROR /home/bsc03/bsc03353/forge/src/dispatcher/posix.c:61 140147084166912: r->filehandle = 36, r->size = 131072, r->offset = 85894234112
12:33:40 ERROR /home/bsc03/bsc03353/forge/src/dispatcher/posix.c:62 140147084166912: single write -1 of expected 131072
12:33:40 ERROR /home/bsc03/bsc03353/forge/src/dispatcher/posix.c:61 139783709173504: r->filehandle = 35, r->size = 131072, r->offset = 48673587200
12:33:40 ERROR /home/bsc03/bsc03353/forge/src/dispatcher/posix.c:62 139783709173504: single write -1 of expected 131072
12:33:40 ERROR /home/bsc03/bsc03353/forge/src/dispatcher/posix.c:61 139775119222528: r->filehandle = 35, r->size = 131072, r->offset = 58694434816
12:33:40 ERROR /home/bsc03/bsc03353/forge/src/dispatcher/posix.c:62 139775119222528: single write -1 of expected 131072
12:33:41 ERROR /home/bsc03/bsc03353/forge/src/dispatcher/posix.c:61 139785856661248: r->filehandle = 35, r->size = 131072, r->offset = 47242018816
12:33:41 ERROR /home/bsc03/bsc03353/forge/src/dispatcher/posix.c:62 139785856661248: single write -1 of expected 131072
12:33:41 ERROR /home/bsc03/bsc03353/forge/src/dispatcher/posix.c:61 139798741587712: r->filehandle = 35, r->size = 131072, r->offset = 24336793600
12:33:41 ERROR /home/bsc03/bsc03353/forge/src/dispatcher/posix.c:62 139798741587712: single write -1 of expected 131072
12:33:41 ERROR /home/bsc03/bsc03353/forge/src/dispatcher/posix.c:61 139805184050944: r->filehandle = 35, r->size = 131072, r->offset = 12884377600
12:33:41 ERROR /home/bsc03/bsc03353/forge/src/dispatcher/posix.c:62 139805184050944: single write -1 of expected 131072
12:33:42 ERROR /home/bsc03/bsc03353/forge/src/dispatcher/posix.c:61 139781561685760: r->filehandle = 35, r->size = 131072, r->offset = 61557702656
12:33:42 ERROR /home/bsc03/bsc03353/forge/src/dispatcher/posix.c:62 139781561685760: single write -1 of expected 131072
12:33:42 ERROR /home/bsc03/bsc03353/forge/src/dispatcher/posix.c:61 140151379142400: r->filehandle = 36, r->size = 131072, r->offset = 97346781184
12:33:42 ERROR /home/bsc03/bsc03353/forge/src/dispatcher/posix.c:62 140151379142400: single write -1 of expected 131072
12:33:42 ERROR /home/bsc03/bsc03353/forge/src/dispatcher/posix.c:61 139803036563200: r->filehandle = 35, r->size = 131072, r->offset = 1431699456
12:33:42 ERROR /home/bsc03/bsc03353/forge/src/dispatcher/posix.c:62 139803036563200: single write -1 of expected 131072
12:33:42 ERROR /home/bsc03/bsc03353/forge/src/dispatcher/posix.c:61 140168559044352: r->filehandle = 36, r->size = 131072, r->offset = 124546711552
12:33:42 ERROR /home/bsc03/bsc03353/forge/src/dispatcher/posix.c:62 140168559044352: single write -1 of expected 131072
12:33:42 ERROR /home/bsc03/bsc03353/forge/src/dispatcher/posix.c:61 139777266710272: r->filehandle = 35, r->size = 131072, r->offset = 22905356288
12:33:42 ERROR /home/bsc03/bsc03353/forge/src/dispatcher/posix.c:62 139777266710272: single write -1 of expected 131072
12:33:43 ERROR /home/bsc03/bsc03353/forge/src/dispatcher/posix.c:61 140172854019840: r->filehandle = 36, r->size = 131072, r->offset = 68715413504
12:33:43 ERROR /home/bsc03/bsc03353/forge/src/dispatcher/posix.c:62 140172854019840: single write -1 of expected 131072
12:33:43 ERROR /home/bsc03/bsc03353/forge/src/dispatcher/posix.c:61 139792299124480: r->filehandle = 35, r->size = 131072, r->offset = 67283976192
12:33:43 ERROR /home/bsc03/bsc03353/forge/src/dispatcher/posix.c:62 139792299124480: single write -1 of expected 131072
12:33:43 ERROR /home/bsc03/bsc03353/forge/src/dispatcher/posix.c:61 139794446612224: r->filehandle = 35, r->size = 131072, r->offset = 35789471744
12:33:43 ERROR /home/bsc03/bsc03353/forge/src/dispatcher/posix.c:62 139794446612224: single write -1 of expected 131072
12:33:43 ERROR /home/bsc03/bsc03353/forge/src/dispatcher/posix.c:61 140159969093376: r->filehandle = 36, r->size = 131072, r->offset = 128841285632
12:33:43 ERROR /home/bsc03/bsc03353/forge/src/dispatcher/posix.c:62 140159969093376: single write -1 of expected 131072
12:33:43 ERROR /home/bsc03/bsc03353/forge/src/dispatcher/posix.c:61 139772971734784: r->filehandle = 35, r->size = 131072, r->offset = 14315814912
12:33:43 ERROR /home/bsc03/bsc03353/forge/src/dispatcher/posix.c:62 139772971734784: single write -1 of expected 131072
12:33:44 ERROR /home/bsc03/bsc03353/forge/src/dispatcher/posix.c:61 139803036563200: r->filehandle = 35, r->size = 131072, r->offset = 27200192512
12:33:44 ERROR /home/bsc03/bsc03353/forge/src/dispatcher/posix.c:62 139803036563200: single write -1 of expected 131072
12:33:44 ERROR /home/bsc03/bsc03353/forge/src/dispatcher/posix.c:61 140149231654656: r->filehandle = 36, r->size = 131072, r->offset = 98778349568
12:33:44 ERROR /home/bsc03/bsc03353/forge/src/dispatcher/posix.c:62 140149231654656: single write -1 of expected 131072
12:33:44 ERROR /home/bsc03/bsc03353/forge/src/dispatcher/posix.c:61 140147084166912: r->filehandle = 36, r->size = 131072, r->offset = 87325802496
12:33:44 ERROR /home/bsc03/bsc03353/forge/src/dispatcher/posix.c:62 140147084166912: single write -1 of expected 131072
12:33:44 ERROR /home/bsc03/bsc03353/forge/src/dispatcher/posix.c:61 139800889075456: r->filehandle = 35, r->size = 131072, r->offset = 17179082752
12:33:44 ERROR /home/bsc03/bsc03353/forge/src/dispatcher/posix.c:62 139800889075456: single write -1 of expected 131072
12:33:44 ERROR /home/bsc03/bsc03353/forge/src/dispatcher/posix.c:61 139783709173504: r->filehandle = 35, r->size = 131072, r->offset = 31494766592
12:33:44 ERROR /home/bsc03/bsc03353/forge/src/dispatcher/posix.c:62 139783709173504: single write -1 of expected 131072
12:33:44 ERROR /home/bsc03/bsc03353/forge/src/dispatcher/posix.c:61 140170706532096: r->filehandle = 36, r->size = 131072, r->offset = 75873255424
12:33:44 ERROR /home/bsc03/bsc03353/forge/src/dispatcher/posix.c:62 140170706532096: single write -1 of expected 131072
12:33:45 ERROR /home/bsc03/bsc03353/forge/src/dispatcher/posix.c:61 139792299124480: r->filehandle = 35, r->size = 131072, r->offset = 4295098368
12:33:45 ERROR /home/bsc03/bsc03353/forge/src/dispatcher/posix.c:62 139792299124480: single write -1 of expected 131072
12:33:45 ERROR /home/bsc03/bsc03353/forge/src/dispatcher/posix.c:61 139788004148992: r->filehandle = 35, r->size = 131072, r->offset = 5726535680
12:33:45 ERROR /home/bsc03/bsc03353/forge/src/dispatcher/posix.c:62 139788004148992: single write -1 of expected 131072
12:33:45 ERROR /home/bsc03/bsc03353/forge/src/dispatcher/posix.c:61 139803036563200: r->filehandle = 35, r->size = 131072, r->offset = 57262997504
12:33:45 ERROR /home/bsc03/bsc03353/forge/src/dispatcher/posix.c:62 139803036563200: single write -1 of expected 131072
12:33:46 ERROR /home/bsc03/bsc03353/forge/src/dispatcher/posix.c:61 139785856661248: r->filehandle = 35, r->size = 131072, r->offset = 38652739584
12:33:46 ERROR /home/bsc03/bsc03353/forge/src/dispatcher/posix.c:62 139785856661248: single write -1 of expected 131072
12:33:46 ERROR /home/bsc03/bsc03353/forge/src/dispatcher/posix.c:61 139779414198016: r->filehandle = 35, r->size = 131072, r->offset = 11452809216
12:33:46 ERROR /home/bsc03/bsc03353/forge/src/dispatcher/posix.c:62 139779414198016: single write -1 of expected 131072
12:33:46 ERROR /home/bsc03/bsc03353/forge/src/dispatcher/posix.c:61 139775119222528: r->filehandle = 35, r->size = 131072, r->offset = 44378882048
12:33:46 ERROR /home/bsc03/bsc03353/forge/src/dispatcher/posix.c:62 139775119222528: single write -1 of expected 131072
12:33:46 ERROR /home/bsc03/bsc03353/forge/src/dispatcher/posix.c:61 139790151636736: r->filehandle = 35, r->size = 131072, r->offset = 28631629824
12:33:46 ERROR /home/bsc03/bsc03353/forge/src/dispatcher/posix.c:62 139790151636736: single write -1 of expected 131072
12:33:47 ERROR /home/bsc03/bsc03353/forge/src/dispatcher/posix.c:61 139798741587712: r->filehandle = 35, r->size = 131072, r->offset = 34357903360
12:33:47 ERROR /home/bsc03/bsc03353/forge/src/dispatcher/posix.c:62 139798741587712: single write -1 of expected 131072
12:33:47 ERROR /home/bsc03/bsc03353/forge/src/dispatcher/posix.c:61 139794446612224: r->filehandle = 35, r->size = 131072, r->offset = 51536855040
12:33:47 ERROR /home/bsc03/bsc03353/forge/src/dispatcher/posix.c:62 139794446612224: single write -1 of expected 131072
12:33:47 ERROR /home/bsc03/bsc03353/forge/src/dispatcher/posix.c:61 139805184050944: r->filehandle = 35, r->size = 131072, r->offset = 18610651136
12:33:47 ERROR /home/bsc03/bsc03353/forge/src/dispatcher/posix.c:62 139805184050944: single write -1 of expected 131072
12:33:47 ERROR /home/bsc03/bsc03353/forge/src/dispatcher/posix.c:61 139772971734784: r->filehandle = 35, r->size = 131072, r->offset = 21473787904
12:33:47 ERROR /home/bsc03/bsc03353/forge/src/dispatcher/posix.c:62 139772971734784: single write -1 of expected 131072
12:33:48 ERROR /home/bsc03/bsc03353/forge/src/dispatcher/posix.c:61 139796594099968: r->filehandle = 35, r->size = 131072, r->offset = 55831429120
12:33:48 ERROR /home/bsc03/bsc03353/forge/src/dispatcher/posix.c:62 139796594099968: single write -1 of expected 131072
12:33:48 ERROR /home/bsc03/bsc03353/forge/src/dispatcher/posix.c:61 139781561685760: r->filehandle = 35, r->size = 131072, r->offset = 41515745280
12:33:48 ERROR /home/bsc03/bsc03353/forge/src/dispatcher/posix.c:62 139781561685760: single write -1 of expected 131072
12:33:48 ERROR /home/bsc03/bsc03353/forge/src/dispatcher/posix.c:61 139777266710272: r->filehandle = 35, r->size = 131072, r->offset = 50105286656
12:33:48 ERROR /home/bsc03/bsc03353/forge/src/dispatcher/posix.c:62 139777266710272: single write -1 of expected 131072
12:33:48 ERROR /home/bsc03/bsc03353/forge/src/dispatcher/posix.c:61 140149231654656: r->filehandle = 36, r->size = 131072, r->offset = 134567821312
12:33:48 ERROR /home/bsc03/bsc03353/forge/src/dispatcher/posix.c:62 140149231654656: single write -1 of expected 131072
12:33:49 ERROR /home/bsc03/bsc03353/forge/src/dispatcher/posix.c:61 139796594099968: r->filehandle = 35, r->size = 131072, r->offset = 65852538880
12:33:49 ERROR /home/bsc03/bsc03353/forge/src/dispatcher/posix.c:61 140162116581120: r->filehandle = 36, r->size = 131072, r->offset = 94483775488
12:33:49 ERROR /home/bsc03/bsc03353/forge/src/dispatcher/posix.c:62 140162116581120: single write -1 of expected 131072
12:33:49 ERROR /home/bsc03/bsc03353/forge/src/dispatcher/posix.c:62 139796594099968: single write -1 of expected 131072
12:33:49 ERROR /home/bsc03/bsc03353/forge/src/dispatcher/posix.c:61 139805184050944: r->filehandle = 35, r->size = 131072, r->offset = 25768624128
12:33:49 ERROR /home/bsc03/bsc03353/forge/src/dispatcher/posix.c:62 139805184050944: single write -1 of expected 131072
12:33:49 ERROR /home/bsc03/bsc03353/forge/src/dispatcher/posix.c:61 139803036563200: r->filehandle = 35, r->size = 131072, r->offset = 40084176896
12:33:49 ERROR /home/bsc03/bsc03353/forge/src/dispatcher/posix.c:62 139803036563200: single write -1 of expected 131072
12:33:49 ERROR /home/bsc03/bsc03353/forge/src/dispatcher/posix.c:61 139792299124480: r->filehandle = 35, r->size = 131072, r->offset = 30063329280
12:33:49 ERROR /home/bsc03/bsc03353/forge/src/dispatcher/posix.c:62 139792299124480: single write -1 of expected 131072
12:33:49 ERROR /home/bsc03/bsc03353/forge/src/dispatcher/posix.c:61 139794446612224: r->filehandle = 35, r->size = 131072, r->offset = 32926203904
12:33:49 ERROR /home/bsc03/bsc03353/forge/src/dispatcher/posix.c:62 139794446612224: single write -1 of expected 131072
12:33:50 ERROR /home/bsc03/bsc03353/forge/src/dispatcher/posix.c:61 139798741587712: r->filehandle = 35, r->size = 131072, r->offset = 8589672448
12:33:50 ERROR /home/bsc03/bsc03353/forge/src/dispatcher/posix.c:62 139798741587712: single write -1 of expected 131072
12:33:50 ERROR /home/bsc03/bsc03353/forge/src/dispatcher/posix.c:61 140179296483072: r->filehandle = 36, r->size = 131072, r->offset = 71578681344
12:33:50 ERROR /home/bsc03/bsc03353/forge/src/dispatcher/posix.c:62 140179296483072: single write -1 of expected 131072
12:33:50 ERROR /home/bsc03/bsc03353/forge/src/dispatcher/posix.c:61 139775119222528: r->filehandle = 35, r->size = 131072, r->offset = 45810450432
12:33:50 ERROR /home/bsc03/bsc03353/forge/src/dispatcher/posix.c:62 139775119222528: single write -1 of expected 131072
12:33:50 ERROR /home/bsc03/bsc03353/forge/src/dispatcher/posix.c:61 140177148995328: r->filehandle = 36, r->size = 131072, r->offset = 93052207104
12:33:50 ERROR /home/bsc03/bsc03353/forge/src/dispatcher/posix.c:62 140177148995328: single write -1 of expected 131072
12:33:50 ERROR /home/bsc03/bsc03353/forge/src/dispatcher/posix.c:61 139772971734784: r->filehandle = 35, r->size = 131072, r->offset = 262144
12:33:50 ERROR /home/bsc03/bsc03353/forge/src/dispatcher/posix.c:62 139772971734784: single write -1 of expected 131072
12:33:51 ERROR /home/bsc03/bsc03353/forge/src/dispatcher/posix.c:61 140172854019840: r->filehandle = 36, r->size = 131072, r->offset = 113094295552
12:33:51 ERROR /home/bsc03/bsc03353/forge/src/dispatcher/posix.c:62 140172854019840: single write -1 of expected 131072
12:33:51 ERROR /home/bsc03/bsc03353/forge/src/dispatcher/posix.c:61 139777266710272: r->filehandle = 35, r->size = 131072, r->offset = 10021371904
12:33:51 ERROR /home/bsc03/bsc03353/forge/src/dispatcher/posix.c:62 139777266710272: single write -1 of expected 131072
12:33:51 ERROR /home/bsc03/bsc03353/forge/src/dispatcher/posix.c:61 139783709173504: r->filehandle = 35, r->size = 131072, r->offset = 15747514368
12:33:51 ERROR /home/bsc03/bsc03353/forge/src/dispatcher/posix.c:62 139783709173504: single write -1 of expected 131072
12:33:51 ERROR /home/bsc03/bsc03353/forge/src/dispatcher/posix.c:61 140164264068864: r->filehandle = 36, r->size = 131072, r->offset = 118820438016
12:33:51 ERROR /home/bsc03/bsc03353/forge/src/dispatcher/posix.c:62 140164264068864: single write -1 of expected 131072
12:33:51 ERROR /home/bsc03/bsc03353/forge/src/dispatcher/posix.c:61 139785856661248: r->filehandle = 35, r->size = 131072, r->offset = 2863529984
12:33:51 ERROR /home/bsc03/bsc03353/forge/src/dispatcher/posix.c:62 139785856661248: single write -1 of expected 131072
12:33:51 ERROR /home/bsc03/bsc03353/forge/src/dispatcher/posix.c:61 139798741587712: r->filehandle = 35, r->size = 131072, r->offset = 47242149888
12:33:51 ERROR /home/bsc03/bsc03353/forge/src/dispatcher/posix.c:62 139798741587712: single write -1 of expected 131072
12:33:52 ERROR /home/bsc03/bsc03353/forge/src/dispatcher/posix.c:61 140179296483072: r->filehandle = 36, r->size = 131072, r->offset = 125978279936
12:33:52 ERROR /home/bsc03/bsc03353/forge/src/dispatcher/posix.c:62 140179296483072: single write -1 of expected 131072
12:33:52 ERROR /home/bsc03/bsc03353/forge/src/dispatcher/posix.c:61 139800889075456: r->filehandle = 35, r->size = 131072, r->offset = 42947313664
12:33:52 ERROR /home/bsc03/bsc03353/forge/src/dispatcher/posix.c:62 139800889075456: single write -1 of expected 131072
12:33:52 ERROR /home/bsc03/bsc03353/forge/src/dispatcher/posix.c:61 139788004148992: r->filehandle = 35, r->size = 131072, r->offset = 52968292352
12:33:52 ERROR /home/bsc03/bsc03353/forge/src/dispatcher/posix.c:62 139788004148992: single write -1 of expected 131072
12:33:52 ERROR /home/bsc03/bsc03353/forge/src/dispatcher/posix.c:61 140162116581120: r->filehandle = 36, r->size = 131072, r->offset = 111662596096
12:33:52 ERROR /home/bsc03/bsc03353/forge/src/dispatcher/posix.c:62 140162116581120: single write -1 of expected 131072
12:33:53 ERROR /home/bsc03/bsc03353/forge/src/dispatcher/posix.c:61 139790151636736: r->filehandle = 35, r->size = 131072, r->offset = 7158104064
12:33:53 ERROR /home/bsc03/bsc03353/forge/src/dispatcher/posix.c:62 139790151636736: single write -1 of expected 131072
12:33:53 ERROR /home/bsc03/bsc03353/forge/src/dispatcher/posix.c:61 140155674117888: r->filehandle = 36, r->size = 131072, r->offset = 83031097344
12:33:53 ERROR /home/bsc03/bsc03353/forge/src/dispatcher/posix.c:62 140155674117888: single write -1 of expected 131072
12:33:53 ERROR /home/bsc03/bsc03353/forge/src/dispatcher/posix.c:61 139783709173504: r->filehandle = 35, r->size = 131072, r->offset = 58694565888
12:33:53 ERROR /home/bsc03/bsc03353/forge/src/dispatcher/posix.c:62 139783709173504: single write -1 of expected 131072
12:33:53 ERROR /home/bsc03/bsc03353/forge/src/dispatcher/posix.c:61 140172854019840: r->filehandle = 36, r->size = 131072, r->offset = 108799590400
12:33:53 ERROR /home/bsc03/bsc03353/forge/src/dispatcher/posix.c:62 140172854019840: single write -1 of expected 131072
12:33:53 ERROR /home/bsc03/bsc03353/forge/src/dispatcher/posix.c:61 140162116581120: r->filehandle = 36, r->size = 131072, r->offset = 80168091648
12:33:53 ERROR /home/bsc03/bsc03353/forge/src/dispatcher/posix.c:62 140162116581120: single write -1 of expected 131072
12:33:53 ERROR /home/bsc03/bsc03353/forge/src/dispatcher/posix.c:61 139775119222528: r->filehandle = 35, r->size = 131072, r->offset = 61557833728
12:33:53 ERROR /home/bsc03/bsc03353/forge/src/dispatcher/posix.c:62 139775119222528: single write -1 of expected 131072
12:34:09 ERROR /home/bsc03/bsc03353/forge/src/dispatcher/posix.c:61 139777266710272: r->filehandle = 35, r->size = 131072, r->offset = 35789602816
12:34:09 ERROR /home/bsc03/bsc03353/forge/src/dispatcher/posix.c:62 139777266710272: single write -1 of expected 131072
12:34:23 ERROR /home/bsc03/bsc03353/forge/src/dispatcher/posix.c:61 140151379142400: r->filehandle = 36, r->size = 131072, r->offset = 77304823808
12:34:23 ERROR /home/bsc03/bsc03353/forge/src/dispatcher/posix.c:62 140151379142400: single write -1 of expected 131072
12:34:53 ERROR /home/bsc03/bsc03353/forge/src/dispatcher/posix.c:61 140147084166912: r->filehandle = 36, r->size = 131072, r->offset = 133136121856
12:34:53 ERROR /home/bsc03/bsc03353/forge/src/dispatcher/posix.c:61 139781561685760: r->filehandle = 35, r->size = 131072, r->offset = 54399991808
12:34:53 ERROR /home/bsc03/bsc03353/forge/src/dispatcher/posix.c:62 140147084166912: single write -1 of expected 131072
12:34:53 ERROR /home/bsc03/bsc03353/forge/src/dispatcher/posix.c:62 139781561685760: single write -1 of expected 131072
12:34:57 ERROR /home/bsc03/bsc03353/forge/src/dispatcher/posix.c:61 140153526630144: r->filehandle = 36, r->size = 131072, r->offset = 127409848320
12:34:57 ERROR /home/bsc03/bsc03353/forge/src/dispatcher/posix.c:62 140153526630144: single write -1 of expected 131072
12:34:57 ERROR /home/bsc03/bsc03353/forge/src/dispatcher/posix.c:61 139796594099968: r->filehandle = 35, r->size = 131072, r->offset = 60126003200
12:34:57 ERROR /home/bsc03/bsc03353/forge/src/dispatcher/posix.c:61 140155674117888: r->filehandle = 36, r->size = 131072, r->offset = 88757501952
12:34:57 ERROR /home/bsc03/bsc03353/forge/src/dispatcher/posix.c:62 140155674117888: single write -1 of expected 131072
12:34:57 ERROR /home/bsc03/bsc03353/forge/src/dispatcher/posix.c:62 139796594099968: single write -1 of expected 131072
12:34:57 ERROR /home/bsc03/bsc03353/forge/src/dispatcher/posix.c:61 140170706532096: r->filehandle = 36, r->size = 131072, r->offset = 130273116160
12:34:57 ERROR /home/bsc03/bsc03353/forge/src/dispatcher/posix.c:62 140170706532096: single write -1 of expected 131072
12:34:58 ERROR /home/bsc03/bsc03353/forge/src/dispatcher/posix.c:61 140179296483072: r->filehandle = 36, r->size = 131072, r->offset = 121683574784
12:34:58 ERROR /home/bsc03/bsc03353/forge/src/dispatcher/posix.c:62 140179296483072: single write -1 of expected 131072
12:34:58 ERROR /home/bsc03/bsc03353/forge/src/dispatcher/posix.c:61 140166411556608: r->filehandle = 36, r->size = 131072, r->offset = 110230896640
12:34:58 ERROR /home/bsc03/bsc03353/forge/src/dispatcher/posix.c:62 140166411556608: single write -1 of expected 131072
12:34:58 ERROR /home/bsc03/bsc03353/forge/src/dispatcher/posix.c:61 139803036563200: r->filehandle = 35, r->size = 131072, r->offset = 20042350592
12:34:58 ERROR /home/bsc03/bsc03353/forge/src/dispatcher/posix.c:61 140177148995328: r->filehandle = 36, r->size = 131072, r->offset = 95915474944
12:34:58 ERROR /home/bsc03/bsc03353/forge/src/dispatcher/posix.c:62 140177148995328: single write -1 of expected 131072
12:34:58 ERROR /home/bsc03/bsc03353/forge/src/dispatcher/posix.c:62 139803036563200: single write -1 of expected 131072
12:34:59 ERROR /home/bsc03/bsc03353/forge/src/dispatcher/posix.c:61 139790151636736: r->filehandle = 35, r->size = 131072, r->offset = 17179213824
12:34:59 ERROR /home/bsc03/bsc03353/forge/src/dispatcher/posix.c:62 139790151636736: single write -1 of expected 131072
12:34:59 ERROR /home/bsc03/bsc03353/forge/src/dispatcher/posix.c:61 139779414198016: r->filehandle = 35, r->size = 131072, r->offset = 37221040128
12:34:59 ERROR /home/bsc03/bsc03353/forge/src/dispatcher/posix.c:62 139779414198016: single write -1 of expected 131072
12:34:59 ERROR /home/bsc03/bsc03353/forge/src/dispatcher/posix.c:61 139805184050944: r->filehandle = 35, r->size = 131072, r->offset = 64420708352
12:34:59 ERROR /home/bsc03/bsc03353/forge/src/dispatcher/posix.c:62 139805184050944: single write -1 of expected 131072
12:34:59 ERROR /home/bsc03/bsc03353/forge/src/dispatcher/posix.c:61 140168559044352: r->filehandle = 36, r->size = 131072, r->offset = 70147112960
12:34:59 ERROR /home/bsc03/bsc03353/forge/src/dispatcher/posix.c:62 140168559044352: single write -1 of expected 131072
12:35:00 ERROR /home/bsc03/bsc03353/forge/src/dispatcher/posix.c:61 139794446612224: r->filehandle = 35, r->size = 131072, r->offset = 62989402112
12:35:00 ERROR /home/bsc03/bsc03353/forge/src/dispatcher/posix.c:61 140157821605632: r->filehandle = 36, r->size = 131072, r->offset = 103073054720
12:35:00 ERROR /home/bsc03/bsc03353/forge/src/dispatcher/posix.c:62 140157821605632: single write -1 of expected 131072
12:35:00 ERROR /home/bsc03/bsc03353/forge/src/dispatcher/posix.c:62 139794446612224: single write -1 of expected 131072
12:35:00 ERROR /home/bsc03/bsc03353/forge/src/dispatcher/posix.c:61 140159969093376: r->filehandle = 36, r->size = 131072, r->offset = 73010249728
12:35:00 ERROR /home/bsc03/bsc03353/forge/src/dispatcher/posix.c:62 140159969093376: single write -1 of expected 131072
12:35:00 ERROR /home/bsc03/bsc03353/forge/src/dispatcher/posix.c:61 139783709173504: r->filehandle = 35, r->size = 131072, r->offset = 14315945984
12:35:00 ERROR /home/bsc03/bsc03353/forge/src/dispatcher/posix.c:62 139783709173504: single write -1 of expected 131072
12:35:01 ERROR /home/bsc03/bsc03353/forge/src/dispatcher/posix.c:61 139792299124480: r->filehandle = 35, r->size = 131072, r->offset = 48673718272
12:35:01 ERROR /home/bsc03/bsc03353/forge/src/dispatcher/posix.c:62 139792299124480: single write -1 of expected 131072
12:35:01 ERROR /home/bsc03/bsc03353/forge/src/dispatcher/posix.c:61 139790151636736: r->filehandle = 35, r->size = 131072, r->offset = 38652870656
12:35:01 ERROR /home/bsc03/bsc03353/forge/src/dispatcher/posix.c:62 139790151636736: single write -1 of expected 131072
12:35:02 ERROR /home/bsc03/bsc03353/forge/src/dispatcher/posix.c:61 139785856661248: r->filehandle = 35, r->size = 131072, r->offset = 1431830528
12:35:02 ERROR /home/bsc03/bsc03353/forge/src/dispatcher/posix.c:62 139785856661248: single write -1 of expected 131072
12:35:02 ERROR /home/bsc03/bsc03353/forge/src/dispatcher/posix.c:61 140164264068864: r->filehandle = 36, r->size = 131072, r->offset = 117388869632
12:35:02 ERROR /home/bsc03/bsc03353/forge/src/dispatcher/posix.c:62 140164264068864: single write -1 of expected 131072
12:35:02 ERROR /home/bsc03/bsc03353/forge/src/dispatcher/posix.c:61 139788004148992: r->filehandle = 35, r->size = 131072, r->offset = 27200323584
12:35:02 ERROR /home/bsc03/bsc03353/forge/src/dispatcher/posix.c:62 139788004148992: single write -1 of expected 131072
12:35:02 ERROR /home/bsc03/bsc03353/forge/src/dispatcher/posix.c:61 139781561685760: r->filehandle = 35, r->size = 131072, r->offset = 67284107264
12:35:02 ERROR /home/bsc03/bsc03353/forge/src/dispatcher/posix.c:62 139781561685760: single write -1 of expected 131072
12:35:02 ERROR /home/bsc03/bsc03353/forge/src/dispatcher/posix.c:61 140170706532096: r->filehandle = 36, r->size = 131072, r->offset = 90189201408
12:35:02 ERROR /home/bsc03/bsc03353/forge/src/dispatcher/posix.c:62 140170706532096: single write -1 of expected 131072
12:35:03 ERROR /home/bsc03/bsc03353/forge/src/dispatcher/posix.c:61 139772971734784: r->filehandle = 35, r->size = 131072, r->offset = 22905487360
12:35:03 ERROR /home/bsc03/bsc03353/forge/src/dispatcher/posix.c:62 139772971734784: single write -1 of expected 131072
12:35:03 ERROR /home/bsc03/bsc03353/forge/src/dispatcher/posix.c:61 139798741587712: r->filehandle = 35, r->size = 131072, r->offset = 24336924672
12:35:03 ERROR /home/bsc03/bsc03353/forge/src/dispatcher/posix.c:62 139798741587712: single write -1 of expected 131072
12:35:03 ERROR /home/bsc03/bsc03353/forge/src/dispatcher/posix.c:61 140147084166912: r->filehandle = 36, r->size = 131072, r->offset = 104504754176
12:35:03 ERROR /home/bsc03/bsc03353/forge/src/dispatcher/posix.c:62 140147084166912: single write -1 of expected 131072
12:35:03 ERROR /home/bsc03/bsc03353/forge/src/dispatcher/posix.c:61 140175001507584: r->filehandle = 36, r->size = 131072, r->offset = 107367759872
12:35:03 ERROR /home/bsc03/bsc03353/forge/src/dispatcher/posix.c:62 140175001507584: single write -1 of expected 131072
12:35:04 ERROR /home/bsc03/bsc03353/forge/src/dispatcher/posix.c:61 140166411556608: r->filehandle = 36, r->size = 131072, r->offset = 131704553472
12:35:04 ERROR /home/bsc03/bsc03353/forge/src/dispatcher/posix.c:62 140166411556608: single write -1 of expected 131072
12:35:04 ERROR /home/bsc03/bsc03353/forge/src/dispatcher/posix.c:61 139803036563200: r->filehandle = 35, r->size = 131072, r->offset = 57263128576
12:35:04 ERROR /home/bsc03/bsc03353/forge/src/dispatcher/posix.c:62 139803036563200: single write -1 of expected 131072
12:35:04 ERROR /home/bsc03/bsc03353/forge/src/dispatcher/posix.c:61 139775119222528: r->filehandle = 35, r->size = 131072, r->offset = 31494897664
12:35:04 ERROR /home/bsc03/bsc03353/forge/src/dispatcher/posix.c:62 139775119222528: single write -1 of expected 131072
12:35:04 ERROR /home/bsc03/bsc03353/forge/src/dispatcher/posix.c:61 139800889075456: r->filehandle = 35, r->size = 131072, r->offset = 12884508672
12:35:04 ERROR /home/bsc03/bsc03353/forge/src/dispatcher/posix.c:62 139800889075456: single write -1 of expected 131072
12:35:04 ERROR /home/bsc03/bsc03353/forge/src/dispatcher/posix.c:61 139796594099968: r->filehandle = 35, r->size = 131072, r->offset = 5726666752
12:35:04 ERROR /home/bsc03/bsc03353/forge/src/dispatcher/posix.c:62 139796594099968: single write -1 of expected 131072
12:35:05 ERROR /home/bsc03/bsc03353/forge/src/dispatcher/posix.c:61 140172854019840: r->filehandle = 36, r->size = 131072, r->offset = 135999258624
12:35:05 ERROR /home/bsc03/bsc03353/forge/src/dispatcher/posix.c:62 140172854019840: single write -1 of expected 131072
12:35:05 ERROR /home/bsc03/bsc03353/forge/src/dispatcher/posix.c:61 139777266710272: r->filehandle = 35, r->size = 131072, r->offset = 4295229440
12:35:05 ERROR /home/bsc03/bsc03353/forge/src/dispatcher/posix.c:62 139777266710272: single write -1 of expected 131072
12:35:05 ERROR /home/bsc03/bsc03353/forge/src/dispatcher/posix.c:61 140149231654656: r->filehandle = 36, r->size = 131072, r->offset = 91620638720
12:35:05 ERROR /home/bsc03/bsc03353/forge/src/dispatcher/posix.c:62 140149231654656: single write -1 of expected 131072
12:35:05 ERROR /home/bsc03/bsc03353/forge/src/dispatcher/posix.c:61 140164264068864: r->filehandle = 36, r->size = 131072, r->offset = 105936191488
12:35:05 ERROR /home/bsc03/bsc03353/forge/src/dispatcher/posix.c:62 140164264068864: single write -1 of expected 131072
12:35:05 ERROR /home/bsc03/bsc03353/forge/src/dispatcher/posix.c:61 140155674117888: r->filehandle = 36, r->size = 131072, r->offset = 74441949184
12:35:05 ERROR /home/bsc03/bsc03353/forge/src/dispatcher/posix.c:62 140155674117888: single write -1 of expected 131072
12:35:06 ERROR /home/bsc03/bsc03353/forge/src/dispatcher/posix.c:61 140162116581120: r->filehandle = 36, r->size = 131072, r->offset = 84462796800
12:35:06 ERROR /home/bsc03/bsc03353/forge/src/dispatcher/posix.c:62 140162116581120: single write -1 of expected 131072
12:35:06 ERROR /home/bsc03/bsc03353/forge/src/dispatcher/posix.c:61 140168559044352: r->filehandle = 36, r->size = 131072, r->offset = 114525863936
12:35:06 ERROR /home/bsc03/bsc03353/forge/src/dispatcher/posix.c:62 140168559044352: single write -1 of expected 131072
12:35:06 ERROR /home/bsc03/bsc03353/forge/src/dispatcher/posix.c:61 140153526630144: r->filehandle = 36, r->size = 131072, r->offset = 120252006400
12:35:06 ERROR /home/bsc03/bsc03353/forge/src/dispatcher/posix.c:62 140153526630144: single write -1 of expected 131072
12:35:06 ERROR /home/bsc03/bsc03353/forge/src/dispatcher/posix.c:61 140179296483072: r->filehandle = 36, r->size = 131072, r->offset = 78736523264
12:35:06 ERROR /home/bsc03/bsc03353/forge/src/dispatcher/posix.c:62 140179296483072: single write -1 of expected 131072
12:35:07 ERROR /home/bsc03/bsc03353/forge/src/dispatcher/posix.c:61 140177148995328: r->filehandle = 36, r->size = 131072, r->offset = 115957432320
12:35:07 ERROR /home/bsc03/bsc03353/forge/src/dispatcher/posix.c:62 140177148995328: single write -1 of expected 131072
12:35:07 ERROR /home/bsc03/bsc03353/forge/src/dispatcher/posix.c:61 140159969093376: r->filehandle = 36, r->size = 131072, r->offset = 100210049024
12:35:07 ERROR /home/bsc03/bsc03353/forge/src/dispatcher/posix.c:62 140159969093376: single write -1 of expected 131072
12:35:07 ERROR /home/bsc03/bsc03353/forge/src/dispatcher/posix.c:61 140170706532096: r->filehandle = 36, r->size = 131072, r->offset = 123115143168
12:35:07 ERROR /home/bsc03/bsc03353/forge/src/dispatcher/posix.c:62 140170706532096: single write -1 of expected 131072
12:35:07 ERROR /home/bsc03/bsc03353/forge/src/dispatcher/posix.c:61 140151379142400: r->filehandle = 36, r->size = 131072, r->offset = 101641617408
12:35:07 ERROR /home/bsc03/bsc03353/forge/src/dispatcher/posix.c:62 140151379142400: single write -1 of expected 131072
12:35:07 ERROR /home/bsc03/bsc03353/forge/src/dispatcher/posix.c:61 140157821605632: r->filehandle = 36, r->size = 131072, r->offset = 81599660032
12:35:07 ERROR /home/bsc03/bsc03353/forge/src/dispatcher/posix.c:62 140157821605632: single write -1 of expected 131072
12:35:07 WARN  /home/bsc03/bsc03353/forge/src/main.c:789 140244467009600: hit stone wall at 128.535741 seconds!
AGIOS: stopped for this client. It can already be used by calling agios_init

12:35:07 INFO  /home/bsc03/bsc03353/forge/src/main.c:1158 139812309346368: I/O Forwarding Exploration [COMPLETE]
AGIOS: stopped for this client. It can already be used by calling agios_init

