Set GCC compilers as MPI wrappers backend 
remove impi/2017.4 (PATH, MANPATH, LD_LIBRARY_PATH) 
load openmpi/4.0.2_UCX (PATH, MANPATH, LD_LIBRARY_PATH) 
Set GCC compilers as MPI wrappers backend 
load gsl/2.4 (PATH, LD_LIBRARY_PATH, LIBRARY_PATH, MANPATH, INFOPATH,
C_INCLUDE_PATH, CPLUS_INCLUDE_PATH, PKG_CONFIG_PATH, GSL_DIR) 
21:09:31 INFO  /home/bsc03/bsc03353/forge/src/main.c:107 140607746709568: I/O Forwarding Exploration [START]
Will AGIOS generate trace files? NO
Default scheduling algorithm: TO
TWINS window size: 1000000
Will the Prediction Module read information from trace files? NO
File with access time functions: /home/bsc03/bsc03353/forge/agios/access_times.func
AGIOS thinks its user has stripe size of 32768
Will AGIOS generate trace files? NO
Default scheduling algorithm: TO
TWINS window size: 1000000
Will the Prediction Module read information from trace files? NO
File with access time functions: /home/bsc03/bsc03353/forge/agios/access_times.func
AGIOS thinks its user has stripe size of 32768
Will AGIOS generate trace files? NO
Default scheduling algorithm: TO
TWINS window size: 1000000
Will the Prediction Module read information from trace files? NO
File with access time functions: /home/bsc03/bsc03353/forge/agios/access_times.func
AGIOS thinks its user has stripe size of 32768
Will AGIOS generate trace files? NO
Default scheduling algorithm: TO
TWINS window size: 1000000
Will the Prediction Module read information from trace files? NO
File with access time functions: /home/bsc03/bsc03353/forge/agios/access_times.func
AGIOS thinks its user has stripe size of 32768
Will AGIOS generate trace files? NO
Default scheduling algorithm: TO
TWINS window size: 1000000
Will the Prediction Module read information from trace files? NO
File with access time functions: /home/bsc03/bsc03353/forge/agios/access_times.func
AGIOS thinks its user has stripe size of 32768
Will AGIOS generate trace files? NO
Default scheduling algorithm: TO
TWINS window size: 1000000
Will the Prediction Module read information from trace files? NO
File with access time functions: /home/bsc03/bsc03353/forge/agios/access_times.func
AGIOS thinks its user has stripe size of 32768
Will AGIOS generate trace files? NO
Default scheduling algorithm: TO
TWINS window size: 1000000
Will the Prediction Module read information from trace files? NO
File with access time functions: /home/bsc03/bsc03353/forge/agios/access_times.func
AGIOS thinks its user has stripe size of 32768
Will AGIOS generate trace files? NO
Default scheduling algorithm: TO
TWINS window size: 1000000
Will the Prediction Module read information from trace files? NO
File with access time functions: /home/bsc03/bsc03353/forge/agios/access_times.func
AGIOS thinks its user has stripe size of 32768
21:09:46 ERROR /home/bsc03/bsc03353/forge/src/dispatcher/posix.c:61 139654790956800: r->filehandle = 36, r->size = 8388608, r->offset = 45634027520
21:09:46 ERROR /home/bsc03/bsc03353/forge/src/dispatcher/posix.c:62 139654790956800: single write -1 of expected 8388608
21:09:50 ERROR /home/bsc03/bsc03353/forge/src/dispatcher/posix.c:61 140696200152832: r->filehandle = 36, r->size = 8388608, r->offset = 136189050880
21:09:50 ERROR /home/bsc03/bsc03353/forge/src/dispatcher/posix.c:62 140696200152832: single write -1 of expected 8388608
21:09:53 ERROR /home/bsc03/bsc03353/forge/src/dispatcher/posix.c:61 139957129238272: r->filehandle = 36, r->size = 8388608, r->offset = 100537466880
21:09:53 ERROR /home/bsc03/bsc03353/forge/src/dispatcher/posix.c:62 139957129238272: single write -1 of expected 8388608
21:09:54 ERROR /home/bsc03/bsc03353/forge/src/dispatcher/posix.c:61 139836335777536: r->filehandle = 36, r->size = 8388608, r->offset = 77720453120
21:09:54 ERROR /home/bsc03/bsc03353/forge/src/dispatcher/posix.c:62 139836335777536: single write -1 of expected 8388608
21:09:55 ERROR /home/bsc03/bsc03353/forge/src/dispatcher/posix.c:61 140634133174016: r->filehandle = 36, r->size = 8388608, r->offset = 33512488960
21:09:55 ERROR /home/bsc03/bsc03353/forge/src/dispatcher/posix.c:62 140634133174016: single write -1 of expected 8388608
21:09:55 ERROR /home/bsc03/bsc03353/forge/src/dispatcher/posix.c:61 140591929210624: r->filehandle = 35, r->size = 8388608, r->offset = 1426063360
21:09:55 ERROR /home/bsc03/bsc03353/forge/src/dispatcher/posix.c:61 140614552827648: r->filehandle = 36, r->size = 8388608, r->offset = 106954752000
21:09:55 ERROR /home/bsc03/bsc03353/forge/src/dispatcher/posix.c:62 140591929210624: single write -1 of expected 8388608
21:09:55 ERROR /home/bsc03/bsc03353/forge/src/dispatcher/posix.c:62 140614552827648: single write -1 of expected 8388608
21:09:56 ERROR /home/bsc03/bsc03353/forge/src/dispatcher/posix.c:61 140151396144896: r->filehandle = 36, r->size = 8388608, r->offset = 54903439360
21:09:56 ERROR /home/bsc03/bsc03353/forge/src/dispatcher/posix.c:62 140151396144896: single write -1 of expected 8388608
21:09:57 ERROR /home/bsc03/bsc03353/forge/src/dispatcher/posix.c:61 139629021103872: r->filehandle = 36, r->size = 8388608, r->offset = 34938552320
21:09:57 ERROR /home/bsc03/bsc03353/forge/src/dispatcher/posix.c:62 139629021103872: single write -1 of expected 8388608
21:09:59 ERROR /home/bsc03/bsc03353/forge/src/dispatcher/posix.c:61 139965719189248: r->filehandle = 36, r->size = 8388608, r->offset = 101250498560
21:09:59 ERROR /home/bsc03/bsc03353/forge/src/dispatcher/posix.c:62 139965719189248: single write -1 of expected 8388608
21:10:01 ERROR /home/bsc03/bsc03353/forge/src/dispatcher/posix.c:61 139838483265280: r->filehandle = 36, r->size = 8388608, r->offset = 75581358080
21:10:01 ERROR /home/bsc03/bsc03353/forge/src/dispatcher/posix.c:61 139631168591616: r->filehandle = 36, r->size = 8388608, r->offset = 47060090880
21:10:01 ERROR /home/bsc03/bsc03353/forge/src/dispatcher/posix.c:62 139838483265280: single write -1 of expected 8388608
21:10:01 ERROR /home/bsc03/bsc03353/forge/src/dispatcher/posix.c:62 139631168591616: single write -1 of expected 8388608
21:10:03 ERROR /home/bsc03/bsc03353/forge/src/dispatcher/posix.c:61 140623142778624: r->filehandle = 36, r->size = 8388608, r->offset = 118363258880
21:10:03 ERROR /home/bsc03/bsc03353/forge/src/dispatcher/posix.c:62 140623142778624: single write -1 of expected 8388608
21:10:03 ERROR /home/bsc03/bsc03353/forge/src/dispatcher/posix.c:61 140687610201856: r->filehandle = 36, r->size = 8388608, r->offset = 134762987520
21:10:03 ERROR /home/bsc03/bsc03353/forge/src/dispatcher/posix.c:62 140687610201856: single write -1 of expected 8388608
21:10:04 ERROR /home/bsc03/bsc03353/forge/src/dispatcher/posix.c:61 140568306845440: r->filehandle = 35, r->size = 8388608, r->offset = 15686696960
21:10:04 ERROR /home/bsc03/bsc03353/forge/src/dispatcher/posix.c:62 140568306845440: single write -1 of expected 8388608
21:10:05 ERROR /home/bsc03/bsc03353/forge/src/dispatcher/posix.c:61 140162133583616: r->filehandle = 36, r->size = 8388608, r->offset = 61320724480
21:10:05 ERROR /home/bsc03/bsc03353/forge/src/dispatcher/posix.c:62 140162133583616: single write -1 of expected 8388608
21:10:05 ERROR /home/bsc03/bsc03353/forge/src/dispatcher/posix.c:61 140651313075968: r->filehandle = 36, r->size = 8388608, r->offset = 30660362240
21:10:05 ERROR /home/bsc03/bsc03353/forge/src/dispatcher/posix.c:62 140651313075968: single write -1 of expected 8388608
21:10:05 ERROR /home/bsc03/bsc03353/forge/src/dispatcher/posix.c:61 140155691120384: r->filehandle = 36, r->size = 8388608, r->offset = 54190407680
21:10:05 ERROR /home/bsc03/bsc03353/forge/src/dispatcher/posix.c:62 140155691120384: single write -1 of expected 8388608
21:10:07 ERROR /home/bsc03/bsc03353/forge/src/dispatcher/posix.c:61 140147101169408: r->filehandle = 36, r->size = 8388608, r->offset = 63459819520
21:10:07 ERROR /home/bsc03/bsc03353/forge/src/dispatcher/posix.c:62 140147101169408: single write -1 of expected 8388608
21:10:12 ERROR /home/bsc03/bsc03353/forge/src/dispatcher/posix.c:61 140142806193920: r->filehandle = 36, r->size = 8388608, r->offset = 67024977920
21:10:12 ERROR /home/bsc03/bsc03353/forge/src/dispatcher/posix.c:62 140142806193920: single write -1 of expected 8388608
21:10:13 ERROR /home/bsc03/bsc03353/forge/src/dispatcher/posix.c:61 140631985686272: r->filehandle = 36, r->size = 8388608, r->offset = 24956108800
21:10:13 ERROR /home/bsc03/bsc03353/forge/src/dispatcher/posix.c:62 140631985686272: single write -1 of expected 8388608
21:10:13 ERROR /home/bsc03/bsc03353/forge/src/dispatcher/posix.c:61 140574749308672: r->filehandle = 35, r->size = 8388608, r->offset = 7130316800
21:10:13 ERROR /home/bsc03/bsc03353/forge/src/dispatcher/posix.c:61 139989341554432: r->filehandle = 36, r->size = 8388608, r->offset = 92694118400
21:10:13 ERROR /home/bsc03/bsc03353/forge/src/dispatcher/posix.c:62 140574749308672: single write -1 of expected 8388608
21:10:13 ERROR /home/bsc03/bsc03353/forge/src/dispatcher/posix.c:62 139989341554432: single write -1 of expected 8388608
21:10:13 ERROR /home/bsc03/bsc03353/forge/src/dispatcher/posix.c:61 140647018100480: r->filehandle = 36, r->size = 8388608, r->offset = 32086425600
21:10:13 ERROR /home/bsc03/bsc03353/forge/src/dispatcher/posix.c:62 140647018100480: single write -1 of expected 8388608
21:10:14 ERROR /home/bsc03/bsc03353/forge/src/dispatcher/posix.c:61 139842778240768: r->filehandle = 36, r->size = 8388608, r->offset = 72016199680
21:10:14 ERROR /home/bsc03/bsc03353/forge/src/dispatcher/posix.c:62 139842778240768: single write -1 of expected 8388608
21:10:15 ERROR /home/bsc03/bsc03353/forge/src/dispatcher/posix.c:61 140679020250880: r->filehandle = 36, r->size = 8388608, r->offset = 132623892480
21:10:15 ERROR /home/bsc03/bsc03353/forge/src/dispatcher/posix.c:62 140679020250880: single write -1 of expected 8388608
21:10:16 ERROR /home/bsc03/bsc03353/forge/src/dispatcher/posix.c:61 140625290266368: r->filehandle = 36, r->size = 8388608, r->offset = 106241720320
21:10:16 ERROR /home/bsc03/bsc03353/forge/src/dispatcher/posix.c:62 140625290266368: single write -1 of expected 8388608
21:10:21 ERROR /home/bsc03/bsc03353/forge/src/dispatcher/posix.c:61 140166428559104: r->filehandle = 36, r->size = 8388608, r->offset = 59894661120
21:10:21 ERROR /home/bsc03/bsc03353/forge/src/dispatcher/posix.c:62 140166428559104: single write -1 of expected 8388608
21:10:21 ERROR /home/bsc03/bsc03353/forge/src/dispatcher/posix.c:61 140168576046848: r->filehandle = 36, r->size = 8388608, r->offset = 54198796288
21:10:21 ERROR /home/bsc03/bsc03353/forge/src/dispatcher/posix.c:62 140168576046848: single write -1 of expected 8388608
21:10:28 ERROR /home/bsc03/bsc03353/forge/src/dispatcher/posix.c:61 140140658706176: r->filehandle = 36, r->size = 8388608, r->offset = 65598914560
21:10:28 ERROR /home/bsc03/bsc03353/forge/src/dispatcher/posix.c:62 140140658706176: single write -1 of expected 8388608
21:10:32 ERROR /home/bsc03/bsc03353/forge/src/dispatcher/posix.c:61 140600519161600: r->filehandle = 35, r->size = 8388608, r->offset = 5704253440
21:10:32 ERROR /home/bsc03/bsc03353/forge/src/dispatcher/posix.c:62 140600519161600: single write -1 of expected 8388608
21:10:32 ERROR /home/bsc03/bsc03353/forge/src/dispatcher/posix.c:61 139864253118208: r->filehandle = 36, r->size = 8388608, r->offset = 81285611520
21:10:32 ERROR /home/bsc03/bsc03353/forge/src/dispatcher/posix.c:62 139864253118208: single write -1 of expected 8388608
21:10:33 ERROR /home/bsc03/bsc03353/forge/src/dispatcher/posix.c:61 140612405339904: r->filehandle = 36, r->size = 8388608, r->offset = 109806878720
21:10:33 ERROR /home/bsc03/bsc03353/forge/src/dispatcher/posix.c:62 140612405339904: single write -1 of expected 8388608
21:10:35 ERROR /home/bsc03/bsc03353/forge/src/dispatcher/posix.c:61 140702642616064: r->filehandle = 36, r->size = 8388608, r->offset = 121215385600
21:10:35 ERROR /home/bsc03/bsc03353/forge/src/dispatcher/posix.c:62 140702642616064: single write -1 of expected 8388608
21:10:37 ERROR /home/bsc03/bsc03353/forge/src/dispatcher/posix.c:61 139654790956800: r->filehandle = 36, r->size = 8388608, r->offset = 42068869120
21:10:37 ERROR /home/bsc03/bsc03353/forge/src/dispatcher/posix.c:62 139654790956800: single write -1 of expected 8388608
21:10:39 ERROR /home/bsc03/bsc03353/forge/src/dispatcher/posix.c:61 140685462714112: r->filehandle = 36, r->size = 8388608, r->offset = 128345702400
21:10:39 ERROR /home/bsc03/bsc03353/forge/src/dispatcher/posix.c:62 140685462714112: single write -1 of expected 8388608
21:10:39 ERROR /home/bsc03/bsc03353/forge/src/dispatcher/posix.c:61 140640575637248: r->filehandle = 36, r->size = 8388608, r->offset = 18538823680
21:10:39 ERROR /home/bsc03/bsc03353/forge/src/dispatcher/posix.c:62 140640575637248: single write -1 of expected 8388608
21:10:40 ERROR /home/bsc03/bsc03353/forge/src/dispatcher/posix.c:61 139982899091200: r->filehandle = 36, r->size = 8388608, r->offset = 88415928320
21:10:40 ERROR /home/bsc03/bsc03353/forge/src/dispatcher/posix.c:62 139982899091200: single write -1 of expected 8388608
21:10:45 ERROR /home/bsc03/bsc03353/forge/src/dispatcher/posix.c:61 139963571701504: r->filehandle = 36, r->size = 8388608, r->offset = 101258887168
21:10:45 ERROR /home/bsc03/bsc03353/forge/src/dispatcher/posix.c:62 139963571701504: single write -1 of expected 8388608
21:10:47 ERROR /home/bsc03/bsc03353/forge/src/dispatcher/posix.c:61 139957129238272: r->filehandle = 36, r->size = 8388608, r->offset = 94120181760
21:10:47 ERROR /home/bsc03/bsc03353/forge/src/dispatcher/posix.c:62 139957129238272: single write -1 of expected 8388608
21:10:50 ERROR /home/bsc03/bsc03353/forge/src/dispatcher/posix.c:61 139862105630464: r->filehandle = 36, r->size = 8388608, r->offset = 84850769920
21:10:50 ERROR /home/bsc03/bsc03353/forge/src/dispatcher/posix.c:62 139862105630464: single write -1 of expected 8388608
21:10:53 ERROR /home/bsc03/bsc03353/forge/src/dispatcher/posix.c:61 140633880217344: r->filehandle = 36, r->size = 8388608, r->offset = 116224163840
21:10:53 ERROR /home/bsc03/bsc03353/forge/src/dispatcher/posix.c:62 140633880217344: single write -1 of expected 8388608
21:10:54 ERROR /home/bsc03/bsc03353/forge/src/dispatcher/posix.c:61 140151396144896: r->filehandle = 36, r->size = 8388608, r->offset = 66311946240
21:10:54 ERROR /home/bsc03/bsc03353/forge/src/dispatcher/posix.c:62 140151396144896: single write -1 of expected 8388608
21:10:56 ERROR /home/bsc03/bsc03353/forge/src/dispatcher/posix.c:61 140587634235136: r->filehandle = 35, r->size = 8388608, r->offset = 4278190080
21:10:56 ERROR /home/bsc03/bsc03353/forge/src/dispatcher/posix.c:62 140587634235136: single write -1 of expected 8388608
21:10:56 ERROR /home/bsc03/bsc03353/forge/src/dispatcher/posix.c:61 140583339259648: r->filehandle = 35, r->size = 8388608, r->offset = 8556380160
21:10:56 ERROR /home/bsc03/bsc03353/forge/src/dispatcher/posix.c:62 140583339259648: single write -1 of expected 8388608
21:10:58 ERROR /home/bsc03/bsc03353/forge/src/dispatcher/posix.c:61 140581191771904: r->filehandle = 35, r->size = 8388608, r->offset = 15695085568
21:10:58 ERROR /home/bsc03/bsc03353/forge/src/dispatcher/posix.c:62 140581191771904: single write -1 of expected 8388608
21:11:01 ERROR /home/bsc03/bsc03353/forge/src/dispatcher/posix.c:61 140591929210624: r->filehandle = 35, r->size = 8388608, r->offset = 14260633600
21:11:01 ERROR /home/bsc03/bsc03353/forge/src/dispatcher/posix.c:62 140591929210624: single write -1 of expected 8388608
21:11:03 ERROR /home/bsc03/bsc03353/forge/src/dispatcher/posix.c:61 140572601820928: r->filehandle = 35, r->size = 8388608, r->offset = 12834570240
21:11:03 ERROR /home/bsc03/bsc03353/forge/src/dispatcher/posix.c:62 140572601820928: single write -1 of expected 8388608
21:11:04 ERROR /home/bsc03/bsc03353/forge/src/dispatcher/posix.c:61 140700495128320: r->filehandle = 36, r->size = 8388608, r->offset = 119789322240
21:11:04 ERROR /home/bsc03/bsc03353/forge/src/dispatcher/posix.c:62 140700495128320: single write -1 of expected 8388608
21:11:07 ERROR /home/bsc03/bsc03353/forge/src/dispatcher/posix.c:61 140704790103808: r->filehandle = 36, r->size = 8388608, r->offset = 132632281088
21:11:07 ERROR /home/bsc03/bsc03353/forge/src/dispatcher/posix.c:62 140704790103808: single write -1 of expected 8388608
21:11:08 ERROR /home/bsc03/bsc03353/forge/src/dispatcher/posix.c:61 140610257852160: r->filehandle = 36, r->size = 8388608, r->offset = 116937195520
21:11:08 ERROR /home/bsc03/bsc03353/forge/src/dispatcher/posix.c:62 140610257852160: single write -1 of expected 8388608
21:11:10 ERROR /home/bsc03/bsc03353/forge/src/dispatcher/posix.c:61 139646201005824: r->filehandle = 36, r->size = 8388608, r->offset = 47068479488
21:11:10 ERROR /home/bsc03/bsc03353/forge/src/dispatcher/posix.c:62 139646201005824: single write -1 of expected 8388608
21:11:13 ERROR /home/bsc03/bsc03353/forge/src/dispatcher/posix.c:61 140636280661760: r->filehandle = 36, r->size = 8388608, r->offset = 20677918720
21:11:13 ERROR /home/bsc03/bsc03353/forge/src/dispatcher/posix.c:62 140636280661760: single write -1 of expected 8388608
21:11:16 ERROR /home/bsc03/bsc03353/forge/src/dispatcher/posix.c:61 140627690710784: r->filehandle = 36, r->size = 8388608, r->offset = 26382172160
21:11:16 ERROR /home/bsc03/bsc03353/forge/src/dispatcher/posix.c:62 140627690710784: single write -1 of expected 8388608
21:11:20 ERROR /home/bsc03/bsc03353/forge/src/dispatcher/posix.c:61 139982899091200: r->filehandle = 36, r->size = 8388608, r->offset = 99111403520
21:11:20 ERROR /home/bsc03/bsc03353/forge/src/dispatcher/posix.c:62 139982899091200: single write -1 of expected 8388608
21:11:23 ERROR /home/bsc03/bsc03353/forge/src/dispatcher/posix.c:61 139974309140224: r->filehandle = 36, r->size = 8388608, r->offset = 92702507008
21:11:23 ERROR /home/bsc03/bsc03353/forge/src/dispatcher/posix.c:62 139974309140224: single write -1 of expected 8388608
21:11:30 ERROR /home/bsc03/bsc03353/forge/src/dispatcher/posix.c:61 139957129238272: r->filehandle = 36, r->size = 8388608, r->offset = 96972308480
21:11:30 ERROR /home/bsc03/bsc03353/forge/src/dispatcher/posix.c:62 139957129238272: single write -1 of expected 8388608
21:11:32 ERROR /home/bsc03/bsc03353/forge/src/dispatcher/posix.c:61 139857810654976: r->filehandle = 36, r->size = 8388608, r->offset = 69164072960
21:11:32 ERROR /home/bsc03/bsc03353/forge/src/dispatcher/posix.c:62 139857810654976: single write -1 of expected 8388608
21:11:34 ERROR /home/bsc03/bsc03353/forge/src/dispatcher/posix.c:61 139844925728512: r->filehandle = 36, r->size = 8388608, r->offset = 70590136320
21:11:34 ERROR /home/bsc03/bsc03353/forge/src/dispatcher/posix.c:62 139844925728512: single write -1 of expected 8388608
21:11:39 ERROR /home/bsc03/bsc03353/forge/src/dispatcher/posix.c:61 139834188289792: r->filehandle = 36, r->size = 8388608, r->offset = 81294000128
21:11:39 ERROR /home/bsc03/bsc03353/forge/src/dispatcher/posix.c:62 139834188289792: single write -1 of expected 8388608
21:11:40 ERROR /home/bsc03/bsc03353/forge/src/dispatcher/posix.c:61 139859958142720: r->filehandle = 36, r->size = 8388608, r->offset = 77728841728
21:11:40 ERROR /home/bsc03/bsc03353/forge/src/dispatcher/posix.c:62 139859958142720: single write -1 of expected 8388608
21:11:40 ERROR /home/bsc03/bsc03353/forge/src/dispatcher/posix.c:61 139838483265280: r->filehandle = 36, r->size = 8388608, r->offset = 69877104640
21:11:40 ERROR /home/bsc03/bsc03353/forge/src/dispatcher/posix.c:62 139838483265280: single write -1 of expected 8388608
21:11:42 ERROR /home/bsc03/bsc03353/forge/src/dispatcher/posix.c:61 139637611054848: r->filehandle = 36, r->size = 8388608, r->offset = 41355837440
21:11:42 ERROR /home/bsc03/bsc03353/forge/src/dispatcher/posix.c:62 139637611054848: single write -1 of expected 8388608
21:11:43 ERROR /home/bsc03/bsc03353/forge/src/dispatcher/posix.c:61 139659085932288: r->filehandle = 36, r->size = 8388608, r->offset = 38503710720
21:11:43 ERROR /home/bsc03/bsc03353/forge/src/dispatcher/posix.c:62 139659085932288: single write -1 of expected 8388608
21:11:43 ERROR /home/bsc03/bsc03353/forge/src/dispatcher/posix.c:61 140149248657152: r->filehandle = 36, r->size = 8388608, r->offset = 54207184896
21:11:43 ERROR /home/bsc03/bsc03353/forge/src/dispatcher/posix.c:62 140149248657152: single write -1 of expected 8388608
21:11:44 ERROR /home/bsc03/bsc03353/forge/src/dispatcher/posix.c:61 140585486747392: r->filehandle = 35, r->size = 8388608, r->offset = 7138705408
21:11:44 ERROR /home/bsc03/bsc03353/forge/src/dispatcher/posix.c:62 140585486747392: single write -1 of expected 8388608
21:11:45 ERROR /home/bsc03/bsc03353/forge/src/dispatcher/posix.c:61 140596224186112: r->filehandle = 35, r->size = 8388608, r->offset = 11408506880
21:11:45 ERROR /home/bsc03/bsc03353/forge/src/dispatcher/posix.c:62 140596224186112: single write -1 of expected 8388608
21:11:47 ERROR /home/bsc03/bsc03353/forge/src/dispatcher/posix.c:61 140683315226368: r->filehandle = 36, r->size = 8388608, r->offset = 126919639040
21:11:47 ERROR /home/bsc03/bsc03353/forge/src/dispatcher/posix.c:62 140683315226368: single write -1 of expected 8388608
21:11:48 ERROR /home/bsc03/bsc03353/forge/src/dispatcher/posix.c:61 140696200152832: r->filehandle = 36, r->size = 8388608, r->offset = 129771765760
21:11:48 ERROR /home/bsc03/bsc03353/forge/src/dispatcher/posix.c:62 140696200152832: single write -1 of expected 8388608
21:11:49 ERROR /home/bsc03/bsc03353/forge/src/dispatcher/posix.c:61 140616700315392: r->filehandle = 36, r->size = 8388608, r->offset = 106963140608
21:11:49 ERROR /home/bsc03/bsc03353/forge/src/dispatcher/posix.c:62 140616700315392: single write -1 of expected 8388608
21:11:50 ERROR /home/bsc03/bsc03353/forge/src/dispatcher/posix.c:61 140631732729600: r->filehandle = 36, r->size = 8388608, r->offset = 104102625280
21:11:50 ERROR /home/bsc03/bsc03353/forge/src/dispatcher/posix.c:62 140631732729600: single write -1 of expected 8388608
21:11:51 ERROR /home/bsc03/bsc03353/forge/src/dispatcher/posix.c:61 140629585241856: r->filehandle = 36, r->size = 8388608, r->offset = 105528688640
21:11:51 ERROR /home/bsc03/bsc03353/forge/src/dispatcher/posix.c:62 140629585241856: single write -1 of expected 8388608
21:11:52 ERROR /home/bsc03/bsc03353/forge/src/dispatcher/posix.c:61 140142806193920: r->filehandle = 36, r->size = 8388608, r->offset = 64172851200
21:11:52 ERROR /home/bsc03/bsc03353/forge/src/dispatcher/posix.c:62 140142806193920: single write -1 of expected 8388608
21:11:52 ERROR /home/bsc03/bsc03353/forge/src/dispatcher/posix.c:61 140638428149504: r->filehandle = 36, r->size = 8388608, r->offset = 17112760320
21:11:52 ERROR /home/bsc03/bsc03353/forge/src/dispatcher/posix.c:62 140638428149504: single write -1 of expected 8388608
21:11:53 ERROR /home/bsc03/bsc03353/forge/src/dispatcher/posix.c:61 140170723534592: r->filehandle = 36, r->size = 8388608, r->offset = 61329113088
21:11:53 ERROR /home/bsc03/bsc03353/forge/src/dispatcher/posix.c:62 140170723534592: single write -1 of expected 8388608
21:11:55 ERROR /home/bsc03/bsc03353/forge/src/dispatcher/posix.c:61 140166428559104: r->filehandle = 36, r->size = 8388608, r->offset = 52764344320
21:11:55 ERROR /home/bsc03/bsc03353/forge/src/dispatcher/posix.c:62 140166428559104: single write -1 of expected 8388608
21:11:57 ERROR /home/bsc03/bsc03353/forge/src/dispatcher/posix.c:61 139982899091200: r->filehandle = 36, r->size = 8388608, r->offset = 87702896640
21:11:57 ERROR /home/bsc03/bsc03353/forge/src/dispatcher/posix.c:62 139982899091200: single write -1 of expected 8388608
21:11:58 ERROR /home/bsc03/bsc03353/forge/src/dispatcher/posix.c:61 139957129238272: r->filehandle = 36, r->size = 8388608, r->offset = 97685340160
21:11:58 ERROR /home/bsc03/bsc03353/forge/src/dispatcher/posix.c:62 139957129238272: single write -1 of expected 8388608
21:11:59 ERROR /home/bsc03/bsc03353/forge/src/dispatcher/posix.c:61 139842778240768: r->filehandle = 36, r->size = 8388608, r->offset = 82711674880
21:11:59 ERROR /home/bsc03/bsc03353/forge/src/dispatcher/posix.c:62 139842778240768: single write -1 of expected 8388608
21:12:00 ERROR /home/bsc03/bsc03353/forge/src/dispatcher/posix.c:61 139862105630464: r->filehandle = 36, r->size = 8388608, r->offset = 79146516480
21:12:00 ERROR /home/bsc03/bsc03353/forge/src/dispatcher/posix.c:62 139862105630464: single write -1 of expected 8388608
21:12:01 ERROR /home/bsc03/bsc03353/forge/src/dispatcher/posix.c:61 139633316079360: r->filehandle = 36, r->size = 8388608, r->offset = 34946940928
21:12:01 ERROR /home/bsc03/bsc03353/forge/src/dispatcher/posix.c:62 139633316079360: single write -1 of expected 8388608
21:12:02 ERROR /home/bsc03/bsc03353/forge/src/dispatcher/posix.c:61 140600519161600: r->filehandle = 35, r->size = 8388608, r->offset = 13547601920
21:12:02 ERROR /home/bsc03/bsc03353/forge/src/dispatcher/posix.c:62 140600519161600: single write -1 of expected 8388608
21:12:02 ERROR /home/bsc03/bsc03353/forge/src/dispatcher/posix.c:61 140596224186112: r->filehandle = 35, r->size = 8388608, r->offset = 14973665280
21:12:02 ERROR /home/bsc03/bsc03353/forge/src/dispatcher/posix.c:62 140596224186112: single write -1 of expected 8388608
21:12:04 ERROR /home/bsc03/bsc03353/forge/src/dispatcher/posix.c:61 140694052665088: r->filehandle = 36, r->size = 8388608, r->offset = 135476019200
21:12:04 ERROR /home/bsc03/bsc03353/forge/src/dispatcher/posix.c:62 140694052665088: single write -1 of expected 8388608
21:12:05 ERROR /home/bsc03/bsc03353/forge/src/dispatcher/posix.c:61 140679020250880: r->filehandle = 36, r->size = 8388608, r->offset = 128354091008
21:12:05 ERROR /home/bsc03/bsc03353/forge/src/dispatcher/posix.c:62 140679020250880: single write -1 of expected 8388608
21:12:05 ERROR /home/bsc03/bsc03353/forge/src/dispatcher/posix.c:61 140696200152832: r->filehandle = 36, r->size = 8388608, r->offset = 131197829120
21:12:05 ERROR /home/bsc03/bsc03353/forge/src/dispatcher/posix.c:62 140696200152832: single write -1 of expected 8388608
21:12:07 ERROR /home/bsc03/bsc03353/forge/src/dispatcher/posix.c:61 140689757689600: r->filehandle = 36, r->size = 8388608, r->offset = 122641448960
21:12:07 ERROR /home/bsc03/bsc03353/forge/src/dispatcher/posix.c:62 140689757689600: single write -1 of expected 8388608
21:12:09 ERROR /home/bsc03/bsc03353/forge/src/dispatcher/posix.c:61 140700495128320: r->filehandle = 36, r->size = 8388608, r->offset = 121928417280
21:12:09 ERROR /home/bsc03/bsc03353/forge/src/dispatcher/posix.c:62 140700495128320: single write -1 of expected 8388608
21:12:10 ERROR /home/bsc03/bsc03353/forge/src/dispatcher/posix.c:61 140683315226368: r->filehandle = 36, r->size = 8388608, r->offset = 129058734080
21:12:10 ERROR /home/bsc03/bsc03353/forge/src/dispatcher/posix.c:62 140683315226368: single write -1 of expected 8388608
21:12:11 ERROR /home/bsc03/bsc03353/forge/src/dispatcher/posix.c:61 140636027705088: r->filehandle = 36, r->size = 8388608, r->offset = 108380815360
21:12:11 ERROR /home/bsc03/bsc03353/forge/src/dispatcher/posix.c:62 140636027705088: single write -1 of expected 8388608
21:12:12 ERROR /home/bsc03/bsc03353/forge/src/dispatcher/posix.c:61 140614552827648: r->filehandle = 36, r->size = 8388608, r->offset = 109815267328
21:12:12 ERROR /home/bsc03/bsc03353/forge/src/dispatcher/posix.c:62 140614552827648: single write -1 of expected 8388608
21:12:13 ERROR /home/bsc03/bsc03353/forge/src/dispatcher/posix.c:61 140625290266368: r->filehandle = 36, r->size = 8388608, r->offset = 112659005440
21:12:13 ERROR /home/bsc03/bsc03353/forge/src/dispatcher/posix.c:62 140625290266368: single write -1 of expected 8388608
21:12:14 ERROR /home/bsc03/bsc03353/forge/src/dispatcher/posix.c:61 140642470168320: r->filehandle = 36, r->size = 8388608, r->offset = 118371647488
21:12:14 ERROR /home/bsc03/bsc03353/forge/src/dispatcher/posix.c:62 140642470168320: single write -1 of expected 8388608
21:12:14 ERROR /home/bsc03/bsc03353/forge/src/dispatcher/posix.c:61 140653460563712: r->filehandle = 36, r->size = 8388608, r->offset = 22103982080
21:12:14 ERROR /home/bsc03/bsc03353/forge/src/dispatcher/posix.c:62 140653460563712: single write -1 of expected 8388608
21:12:15 ERROR /home/bsc03/bsc03353/forge/src/dispatcher/posix.c:61 140140658706176: r->filehandle = 36, r->size = 8388608, r->offset = 57042534400
21:12:15 ERROR /home/bsc03/bsc03353/forge/src/dispatcher/posix.c:62 140140658706176: single write -1 of expected 8388608
21:12:16 ERROR /home/bsc03/bsc03353/forge/src/dispatcher/posix.c:61 140151396144896: r->filehandle = 36, r->size = 8388608, r->offset = 59181629440
21:12:16 ERROR /home/bsc03/bsc03353/forge/src/dispatcher/posix.c:62 140151396144896: single write -1 of expected 8388608
21:12:16 ERROR /home/bsc03/bsc03353/forge/src/dispatcher/posix.c:61 140147101169408: r->filehandle = 36, r->size = 8388608, r->offset = 58468597760
21:12:16 ERROR /home/bsc03/bsc03353/forge/src/dispatcher/posix.c:62 140147101169408: single write -1 of expected 8388608
21:12:17 ERROR /home/bsc03/bsc03353/forge/src/dispatcher/posix.c:61 139982899091200: r->filehandle = 36, r->size = 8388608, r->offset = 86276833280
21:12:17 ERROR /home/bsc03/bsc03353/forge/src/dispatcher/posix.c:62 139982899091200: single write -1 of expected 8388608
21:12:17 ERROR /home/bsc03/bsc03353/forge/src/dispatcher/posix.c:61 139957129238272: r->filehandle = 36, r->size = 8388608, r->offset = 91268055040
21:12:17 ERROR /home/bsc03/bsc03353/forge/src/dispatcher/posix.c:62 139957129238272: single write -1 of expected 8388608
21:12:18 ERROR /home/bsc03/bsc03353/forge/src/dispatcher/posix.c:61 139862105630464: r->filehandle = 36, r->size = 8388608, r->offset = 74868326400
21:12:18 ERROR /home/bsc03/bsc03353/forge/src/dispatcher/posix.c:62 139862105630464: single write -1 of expected 8388608
21:12:21 ERROR /home/bsc03/bsc03353/forge/src/dispatcher/posix.c:61 139842778240768: r->filehandle = 36, r->size = 8388608, r->offset = 71303168000
21:12:21 ERROR /home/bsc03/bsc03353/forge/src/dispatcher/posix.c:62 139842778240768: single write -1 of expected 8388608
21:12:21 ERROR /home/bsc03/bsc03353/forge/src/dispatcher/posix.c:61 139654790956800: r->filehandle = 36, r->size = 8388608, r->offset = 44920995840
21:12:21 ERROR /home/bsc03/bsc03353/forge/src/dispatcher/posix.c:62 139654790956800: single write -1 of expected 8388608
21:12:21 ERROR /home/bsc03/bsc03353/forge/src/dispatcher/posix.c:61 140642723124992: r->filehandle = 36, r->size = 8388608, r->offset = 23530045440
21:12:21 ERROR /home/bsc03/bsc03353/forge/src/dispatcher/posix.c:62 140642723124992: single write -1 of expected 8388608
21:12:22 ERROR /home/bsc03/bsc03353/forge/src/dispatcher/posix.c:61 140600519161600: r->filehandle = 35, r->size = 8388608, r->offset = 4991221760
21:12:22 ERROR /home/bsc03/bsc03353/forge/src/dispatcher/posix.c:62 140600519161600: single write -1 of expected 8388608
21:12:23 ERROR /home/bsc03/bsc03353/forge/src/dispatcher/posix.c:61 140596224186112: r->filehandle = 35, r->size = 8388608, r->offset = 2852126720
21:12:23 ERROR /home/bsc03/bsc03353/forge/src/dispatcher/posix.c:62 140596224186112: single write -1 of expected 8388608
21:12:24 ERROR /home/bsc03/bsc03353/forge/src/dispatcher/posix.c:61 140687610201856: r->filehandle = 36, r->size = 8388608, r->offset = 134049955840
21:12:24 ERROR /home/bsc03/bsc03353/forge/src/dispatcher/posix.c:62 140687610201856: single write -1 of expected 8388608
21:12:25 ERROR /home/bsc03/bsc03353/forge/src/dispatcher/posix.c:61 140636027705088: r->filehandle = 36, r->size = 8388608, r->offset = 117650227200
21:12:25 ERROR /home/bsc03/bsc03353/forge/src/dispatcher/posix.c:62 140636027705088: single write -1 of expected 8388608
21:12:26 ERROR /home/bsc03/bsc03353/forge/src/dispatcher/posix.c:61 140625290266368: r->filehandle = 36, r->size = 8388608, r->offset = 107667783680
21:12:26 ERROR /home/bsc03/bsc03353/forge/src/dispatcher/posix.c:62 140625290266368: single write -1 of expected 8388608
21:12:27 ERROR /home/bsc03/bsc03353/forge/src/dispatcher/posix.c:61 140631985686272: r->filehandle = 36, r->size = 8388608, r->offset = 29234298880
21:12:27 ERROR /home/bsc03/bsc03353/forge/src/dispatcher/posix.c:61 140151396144896: r->filehandle = 36, r->size = 8388608, r->offset = 64885882880
21:12:27 ERROR /home/bsc03/bsc03353/forge/src/dispatcher/posix.c:62 140631985686272: single write -1 of expected 8388608
21:12:27 ERROR /home/bsc03/bsc03353/forge/src/dispatcher/posix.c:62 140151396144896: single write -1 of expected 8388608
21:12:29 ERROR /home/bsc03/bsc03353/forge/src/dispatcher/posix.c:61 140651313075968: r->filehandle = 36, r->size = 8388608, r->offset = 32094814208
21:12:29 ERROR /home/bsc03/bsc03353/forge/src/dispatcher/posix.c:62 140651313075968: single write -1 of expected 8388608
21:12:30 ERROR /home/bsc03/bsc03353/forge/src/dispatcher/posix.c:61 139982899091200: r->filehandle = 36, r->size = 8388608, r->offset = 89841991680
21:12:30 ERROR /home/bsc03/bsc03353/forge/src/dispatcher/posix.c:62 139982899091200: single write -1 of expected 8388608
21:12:30 ERROR /home/bsc03/bsc03353/forge/src/dispatcher/posix.c:61 139957129238272: r->filehandle = 36, r->size = 8388608, r->offset = 95546245120
21:12:30 ERROR /home/bsc03/bsc03353/forge/src/dispatcher/posix.c:62 139957129238272: single write -1 of expected 8388608
21:12:31 ERROR /home/bsc03/bsc03353/forge/src/dispatcher/posix.c:61 139842778240768: r->filehandle = 36, r->size = 8388608, r->offset = 78433484800
21:12:31 ERROR /home/bsc03/bsc03353/forge/src/dispatcher/posix.c:62 139842778240768: single write -1 of expected 8388608
21:12:32 ERROR /home/bsc03/bsc03353/forge/src/dispatcher/posix.c:61 139862105630464: r->filehandle = 36, r->size = 8388608, r->offset = 83424706560
21:12:32 ERROR /home/bsc03/bsc03353/forge/src/dispatcher/posix.c:62 139862105630464: single write -1 of expected 8388608
21:12:32 ERROR /home/bsc03/bsc03353/forge/src/dispatcher/posix.c:61 139659085932288: r->filehandle = 36, r->size = 8388608, r->offset = 40642805760
21:12:32 ERROR /home/bsc03/bsc03353/forge/src/dispatcher/posix.c:62 139659085932288: single write -1 of expected 8388608
21:12:33 ERROR /home/bsc03/bsc03353/forge/src/dispatcher/posix.c:61 140698347640576: r->filehandle = 36, r->size = 8388608, r->offset = 121223774208
21:12:33 ERROR /home/bsc03/bsc03353/forge/src/dispatcher/posix.c:61 140151396144896: r->filehandle = 36, r->size = 8388608, r->offset = 52051312640
21:12:33 ERROR /home/bsc03/bsc03353/forge/src/dispatcher/posix.c:62 140698347640576: single write -1 of expected 8388608
21:12:33 ERROR /home/bsc03/bsc03353/forge/src/dispatcher/posix.c:62 140151396144896: single write -1 of expected 8388608
21:12:33 ERROR /home/bsc03/bsc03353/forge/src/dispatcher/posix.c:61 140600519161600: r->filehandle = 35, r->size = 8388608, r->offset = 2139095040
21:12:33 ERROR /home/bsc03/bsc03353/forge/src/dispatcher/posix.c:62 140600519161600: single write -1 of expected 8388608
21:12:34 ERROR /home/bsc03/bsc03353/forge/src/dispatcher/posix.c:61 140636027705088: r->filehandle = 36, r->size = 8388608, r->offset = 115511132160
21:12:34 ERROR /home/bsc03/bsc03353/forge/src/dispatcher/posix.c:62 140636027705088: single write -1 of expected 8388608
21:12:34 ERROR /home/bsc03/bsc03353/forge/src/dispatcher/posix.c:61 140625290266368: r->filehandle = 36, r->size = 8388608, r->offset = 113372037120
21:12:34 ERROR /home/bsc03/bsc03353/forge/src/dispatcher/posix.c:62 140625290266368: single write -1 of expected 8388608
21:12:35 ERROR /home/bsc03/bsc03353/forge/src/dispatcher/posix.c:61 140657755539200: r->filehandle = 36, r->size = 8388608, r->offset = 31373393920
21:12:35 ERROR /home/bsc03/bsc03353/forge/src/dispatcher/posix.c:62 140657755539200: single write -1 of expected 8388608
21:12:36 ERROR /home/bsc03/bsc03353/forge/src/dispatcher/posix.c:61 140659903026944: r->filehandle = 36, r->size = 8388608, r->offset = 30668750848
21:12:36 ERROR /home/bsc03/bsc03353/forge/src/dispatcher/posix.c:62 140659903026944: single write -1 of expected 8388608
21:12:36 ERROR /home/bsc03/bsc03353/forge/src/dispatcher/posix.c:61 140636280661760: r->filehandle = 36, r->size = 8388608, r->offset = 17825792000
21:12:36 ERROR /home/bsc03/bsc03353/forge/src/dispatcher/posix.c:62 140636280661760: single write -1 of expected 8388608
21:12:37 ERROR /home/bsc03/bsc03353/forge/src/dispatcher/posix.c:61 140700495128320: r->filehandle = 36, r->size = 8388608, r->offset = 125493575680
21:12:37 ERROR /home/bsc03/bsc03353/forge/src/dispatcher/posix.c:62 140700495128320: single write -1 of expected 8388608
21:12:38 ERROR /home/bsc03/bsc03353/forge/src/dispatcher/posix.c:61 139842778240768: r->filehandle = 36, r->size = 8388608, r->offset = 77007421440
21:12:38 ERROR /home/bsc03/bsc03353/forge/src/dispatcher/posix.c:62 139842778240768: single write -1 of expected 8388608
21:12:38 ERROR /home/bsc03/bsc03353/forge/src/dispatcher/posix.c:61 139862105630464: r->filehandle = 36, r->size = 8388608, r->offset = 74155294720
21:12:38 ERROR /home/bsc03/bsc03353/forge/src/dispatcher/posix.c:62 139862105630464: single write -1 of expected 8388608
21:12:39 ERROR /home/bsc03/bsc03353/forge/src/dispatcher/posix.c:61 139637611054848: r->filehandle = 36, r->size = 8388608, r->offset = 48486154240
21:12:39 ERROR /home/bsc03/bsc03353/forge/src/dispatcher/posix.c:62 139637611054848: single write -1 of expected 8388608
21:12:40 ERROR /home/bsc03/bsc03353/forge/src/dispatcher/posix.c:61 139654790956800: r->filehandle = 36, r->size = 8388608, r->offset = 49199185920
21:12:40 ERROR /home/bsc03/bsc03353/forge/src/dispatcher/posix.c:62 139654790956800: single write -1 of expected 8388608
21:12:41 ERROR /home/bsc03/bsc03353/forge/src/dispatcher/posix.c:61 139957129238272: r->filehandle = 36, r->size = 8388608, r->offset = 85563801600
21:12:41 ERROR /home/bsc03/bsc03353/forge/src/dispatcher/posix.c:62 139957129238272: single write -1 of expected 8388608
21:12:42 ERROR /home/bsc03/bsc03353/forge/src/dispatcher/posix.c:61 139982899091200: r->filehandle = 36, r->size = 8388608, r->offset = 93407150080
21:12:42 ERROR /home/bsc03/bsc03353/forge/src/dispatcher/posix.c:62 139982899091200: single write -1 of expected 8388608
21:12:43 ERROR /home/bsc03/bsc03353/forge/src/dispatcher/posix.c:61 140600519161600: r->filehandle = 35, r->size = 8388608, r->offset = 10695475200
21:12:43 ERROR /home/bsc03/bsc03353/forge/src/dispatcher/posix.c:62 140600519161600: single write -1 of expected 8388608
21:12:43 ERROR /home/bsc03/bsc03353/forge/src/dispatcher/posix.c:61 140151396144896: r->filehandle = 36, r->size = 8388608, r->offset = 60607692800
21:12:43 ERROR /home/bsc03/bsc03353/forge/src/dispatcher/posix.c:62 140151396144896: single write -1 of expected 8388608
21:12:45 ERROR /home/bsc03/bsc03353/forge/src/dispatcher/posix.c:61 140625290266368: r->filehandle = 36, r->size = 8388608, r->offset = 104815656960
21:12:45 ERROR /home/bsc03/bsc03353/forge/src/dispatcher/posix.c:62 140625290266368: single write -1 of expected 8388608
21:12:45 ERROR /home/bsc03/bsc03353/forge/src/dispatcher/posix.c:61 139862105630464: r->filehandle = 36, r->size = 8388608, r->offset = 81998643200
21:12:45 ERROR /home/bsc03/bsc03353/forge/src/dispatcher/posix.c:62 139862105630464: single write -1 of expected 8388608
21:12:46 ERROR /home/bsc03/bsc03353/forge/src/dispatcher/posix.c:61 140700495128320: r->filehandle = 36, r->size = 8388608, r->offset = 124067512320
21:12:46 ERROR /home/bsc03/bsc03353/forge/src/dispatcher/posix.c:62 140700495128320: single write -1 of expected 8388608
21:12:47 ERROR /home/bsc03/bsc03353/forge/src/dispatcher/posix.c:61 140687610201856: r->filehandle = 36, r->size = 8388608, r->offset = 133336924160
21:12:47 ERROR /home/bsc03/bsc03353/forge/src/dispatcher/posix.c:62 140687610201856: single write -1 of expected 8388608
21:12:48 ERROR /home/bsc03/bsc03353/forge/src/dispatcher/posix.c:61 140629838198528: r->filehandle = 36, r->size = 8388608, r->offset = 25669140480
21:12:48 ERROR /home/bsc03/bsc03353/forge/src/dispatcher/posix.c:62 140629838198528: single write -1 of expected 8388608
21:12:49 ERROR /home/bsc03/bsc03353/forge/src/dispatcher/posix.c:61 139659085932288: r->filehandle = 36, r->size = 8388608, r->offset = 35651584000
21:12:49 ERROR /home/bsc03/bsc03353/forge/src/dispatcher/posix.c:62 139659085932288: single write -1 of expected 8388608
21:12:50 ERROR /home/bsc03/bsc03353/forge/src/dispatcher/posix.c:61 140640575637248: r->filehandle = 36, r->size = 8388608, r->offset = 21390950400
21:12:50 ERROR /home/bsc03/bsc03353/forge/src/dispatcher/posix.c:62 140640575637248: single write -1 of expected 8388608
21:12:51 ERROR /home/bsc03/bsc03353/forge/src/dispatcher/posix.c:61 140636280661760: r->filehandle = 36, r->size = 8388608, r->offset = 19964887040
21:12:51 ERROR /home/bsc03/bsc03353/forge/src/dispatcher/posix.c:62 140636280661760: single write -1 of expected 8388608
21:12:52 ERROR /home/bsc03/bsc03353/forge/src/dispatcher/posix.c:61 140631985686272: r->filehandle = 36, r->size = 8388608, r->offset = 29947330560
21:12:52 ERROR /home/bsc03/bsc03353/forge/src/dispatcher/posix.c:62 140631985686272: single write -1 of expected 8388608
21:12:53 ERROR /home/bsc03/bsc03353/forge/src/dispatcher/posix.c:61 140634133174016: r->filehandle = 36, r->size = 8388608, r->offset = 27808235520
21:12:53 ERROR /home/bsc03/bsc03353/forge/src/dispatcher/posix.c:62 140634133174016: single write -1 of expected 8388608
21:12:55 ERROR /home/bsc03/bsc03353/forge/src/dispatcher/posix.c:61 139957129238272: r->filehandle = 36, r->size = 8388608, r->offset = 96259276800
21:12:55 ERROR /home/bsc03/bsc03353/forge/src/dispatcher/posix.c:62 139957129238272: single write -1 of expected 8388608
21:12:57 ERROR /home/bsc03/bsc03353/forge/src/dispatcher/posix.c:61 139982899091200: r->filehandle = 36, r->size = 8388608, r->offset = 86989864960
21:12:57 ERROR /home/bsc03/bsc03353/forge/src/dispatcher/posix.c:62 139982899091200: single write -1 of expected 8388608
21:12:58 ERROR /home/bsc03/bsc03353/forge/src/dispatcher/posix.c:61 140600519161600: r->filehandle = 35, r->size = 8388608, r->offset = 9982443520
21:12:58 ERROR /home/bsc03/bsc03353/forge/src/dispatcher/posix.c:62 140600519161600: single write -1 of expected 8388608
21:12:59 ERROR /home/bsc03/bsc03353/forge/src/dispatcher/posix.c:61 140151396144896: r->filehandle = 36, r->size = 8388608, r->offset = 53477376000
21:12:59 ERROR /home/bsc03/bsc03353/forge/src/dispatcher/posix.c:62 140151396144896: single write -1 of expected 8388608
21:12:59 ERROR /home/bsc03/bsc03353/forge/src/dispatcher/posix.c:61 140625290266368: r->filehandle = 36, r->size = 8388608, r->offset = 114798100480
21:12:59 ERROR /home/bsc03/bsc03353/forge/src/dispatcher/posix.c:62 140625290266368: single write -1 of expected 8388608
21:13:00 ERROR /home/bsc03/bsc03353/forge/src/dispatcher/posix.c:61 140687610201856: r->filehandle = 36, r->size = 8388608, r->offset = 127632670720
21:13:00 ERROR /home/bsc03/bsc03353/forge/src/dispatcher/posix.c:62 140687610201856: single write -1 of expected 8388608
21:13:00 ERROR /home/bsc03/bsc03353/forge/src/dispatcher/posix.c:61 139862105630464: r->filehandle = 36, r->size = 8388608, r->offset = 73442263040
21:13:00 ERROR /home/bsc03/bsc03353/forge/src/dispatcher/posix.c:62 139862105630464: single write -1 of expected 8388608
21:13:02 ERROR /home/bsc03/bsc03353/forge/src/dispatcher/posix.c:61 140629838198528: r->filehandle = 36, r->size = 8388608, r->offset = 24243077120
21:13:02 ERROR /home/bsc03/bsc03353/forge/src/dispatcher/posix.c:61 139654790956800: r->filehandle = 36, r->size = 8388608, r->offset = 39929774080
21:13:02 ERROR /home/bsc03/bsc03353/forge/src/dispatcher/posix.c:62 140629838198528: single write -1 of expected 8388608
21:13:02 ERROR /home/bsc03/bsc03353/forge/src/dispatcher/posix.c:62 139654790956800: single write -1 of expected 8388608
21:13:02 ERROR /home/bsc03/bsc03353/forge/src/dispatcher/posix.c:61 140700495128320: r->filehandle = 36, r->size = 8388608, r->offset = 126206607360
21:13:02 ERROR /home/bsc03/bsc03353/forge/src/dispatcher/posix.c:62 140700495128320: single write -1 of expected 8388608
21:13:06 ERROR /home/bsc03/bsc03353/forge/src/dispatcher/posix.c:61 139957129238272: r->filehandle = 36, r->size = 8388608, r->offset = 91981086720
21:13:06 ERROR /home/bsc03/bsc03353/forge/src/dispatcher/posix.c:62 139957129238272: single write -1 of expected 8388608
21:13:07 ERROR /home/bsc03/bsc03353/forge/src/dispatcher/posix.c:61 139982899091200: r->filehandle = 36, r->size = 8388608, r->offset = 98398371840
21:13:07 ERROR /home/bsc03/bsc03353/forge/src/dispatcher/posix.c:62 139982899091200: single write -1 of expected 8388608
21:13:08 ERROR /home/bsc03/bsc03353/forge/src/dispatcher/posix.c:61 140600519161600: r->filehandle = 35, r->size = 8388608, r->offset = 0
21:13:08 ERROR /home/bsc03/bsc03353/forge/src/dispatcher/posix.c:62 140600519161600: single write -1 of expected 8388608
21:13:10 ERROR /home/bsc03/bsc03353/forge/src/dispatcher/posix.c:61 140636280661760: r->filehandle = 36, r->size = 8388608, r->offset = 28521267200
21:13:10 ERROR /home/bsc03/bsc03353/forge/src/dispatcher/posix.c:62 140636280661760: single write -1 of expected 8388608
21:13:10 ERROR /home/bsc03/bsc03353/forge/src/dispatcher/posix.c:61 140634133174016: r->filehandle = 36, r->size = 8388608, r->offset = 19251855360
21:13:10 ERROR /home/bsc03/bsc03353/forge/src/dispatcher/posix.c:62 140634133174016: single write -1 of expected 8388608
21:13:11 ERROR /home/bsc03/bsc03353/forge/src/dispatcher/posix.c:61 140631985686272: r->filehandle = 36, r->size = 8388608, r->offset = 32799457280
21:13:11 ERROR /home/bsc03/bsc03353/forge/src/dispatcher/posix.c:62 140631985686272: single write -1 of expected 8388608
21:13:11 ERROR /home/bsc03/bsc03353/forge/src/dispatcher/posix.c:61 140151396144896: r->filehandle = 36, r->size = 8388608, r->offset = 57755566080
21:13:11 ERROR /home/bsc03/bsc03353/forge/src/dispatcher/posix.c:62 140151396144896: single write -1 of expected 8388608
21:13:12 ERROR /home/bsc03/bsc03353/forge/src/dispatcher/posix.c:61 139637611054848: r->filehandle = 36, r->size = 8388608, r->offset = 37077647360
21:13:12 ERROR /home/bsc03/bsc03353/forge/src/dispatcher/posix.c:62 139637611054848: single write -1 of expected 8388608
21:13:13 ERROR /home/bsc03/bsc03353/forge/src/dispatcher/posix.c:61 140625290266368: r->filehandle = 36, r->size = 8388608, r->offset = 109093847040
21:13:13 ERROR /home/bsc03/bsc03353/forge/src/dispatcher/posix.c:62 140625290266368: single write -1 of expected 8388608
21:13:13 ERROR /home/bsc03/bsc03353/forge/src/dispatcher/posix.c:61 139957129238272: r->filehandle = 36, r->size = 8388608, r->offset = 90555023360
21:13:13 ERROR /home/bsc03/bsc03353/forge/src/dispatcher/posix.c:61 139862105630464: r->filehandle = 36, r->size = 8388608, r->offset = 84137738240
21:13:13 ERROR /home/bsc03/bsc03353/forge/src/dispatcher/posix.c:62 139957129238272: single write -1 of expected 8388608
21:13:13 ERROR /home/bsc03/bsc03353/forge/src/dispatcher/posix.c:62 139862105630464: single write -1 of expected 8388608
21:13:14 ERROR /home/bsc03/bsc03353/forge/src/dispatcher/posix.c:61 140700495128320: r->filehandle = 36, r->size = 8388608, r->offset = 130484797440
21:13:14 ERROR /home/bsc03/bsc03353/forge/src/dispatcher/posix.c:62 140700495128320: single write -1 of expected 8388608
21:13:15 ERROR /home/bsc03/bsc03353/forge/src/dispatcher/posix.c:61 140631985686272: r->filehandle = 36, r->size = 8388608, r->offset = 27095203840
21:13:15 ERROR /home/bsc03/bsc03353/forge/src/dispatcher/posix.c:62 140631985686272: single write -1 of expected 8388608
21:13:15 ERROR /home/bsc03/bsc03353/forge/src/dispatcher/posix.c:61 140600519161600: r->filehandle = 35, r->size = 8388608, r->offset = 713031680
21:13:15 ERROR /home/bsc03/bsc03353/forge/src/dispatcher/posix.c:62 140600519161600: single write -1 of expected 8388608
21:13:15 ERROR /home/bsc03/bsc03353/forge/src/dispatcher/posix.c:61 139659085932288: r->filehandle = 36, r->size = 8388608, r->offset = 44207964160
21:13:15 ERROR /home/bsc03/bsc03353/forge/src/dispatcher/posix.c:62 139659085932288: single write -1 of expected 8388608
21:13:16 ERROR /home/bsc03/bsc03353/forge/src/dispatcher/posix.c:61 139654790956800: r->filehandle = 36, r->size = 8388608, r->offset = 50625249280
21:13:16 ERROR /home/bsc03/bsc03353/forge/src/dispatcher/posix.c:62 139654790956800: single write -1 of expected 8388608
21:13:16 ERROR /home/bsc03/bsc03353/forge/src/dispatcher/posix.c:61 139862105630464: r->filehandle = 36, r->size = 8388608, r->offset = 79859548160
21:13:16 ERROR /home/bsc03/bsc03353/forge/src/dispatcher/posix.c:62 139862105630464: single write -1 of expected 8388608
21:13:16 ERROR /home/bsc03/bsc03353/forge/src/dispatcher/posix.c:61 140625290266368: r->filehandle = 36, r->size = 8388608, r->offset = 114085068800
21:13:16 ERROR /home/bsc03/bsc03353/forge/src/dispatcher/posix.c:62 140625290266368: single write -1 of expected 8388608
21:13:17 ERROR /home/bsc03/bsc03353/forge/src/dispatcher/posix.c:61 139957129238272: r->filehandle = 36, r->size = 8388608, r->offset = 94833213440
21:13:17 ERROR /home/bsc03/bsc03353/forge/src/dispatcher/posix.c:62 139957129238272: single write -1 of expected 8388608
21:13:17 ERROR /home/bsc03/bsc03353/forge/src/dispatcher/posix.c:61 140151396144896: r->filehandle = 36, r->size = 8388608, r->offset = 55616471040
21:13:17 ERROR /home/bsc03/bsc03353/forge/src/dispatcher/posix.c:62 140151396144896: single write -1 of expected 8388608
21:13:18 ERROR /home/bsc03/bsc03353/forge/src/dispatcher/posix.c:61 140631985686272: r->filehandle = 36, r->size = 8388608, r->offset = 22817013760
21:13:18 ERROR /home/bsc03/bsc03353/forge/src/dispatcher/posix.c:62 140631985686272: single write -1 of expected 8388608
21:13:18 ERROR /home/bsc03/bsc03353/forge/src/dispatcher/posix.c:61 140700495128320: r->filehandle = 36, r->size = 8388608, r->offset = 131910860800
21:13:18 ERROR /home/bsc03/bsc03353/forge/src/dispatcher/posix.c:62 140700495128320: single write -1 of expected 8388608
21:13:19 ERROR /home/bsc03/bsc03353/forge/src/dispatcher/posix.c:61 139659085932288: r->filehandle = 36, r->size = 8388608, r->offset = 47773122560
21:13:19 ERROR /home/bsc03/bsc03353/forge/src/dispatcher/posix.c:62 139659085932288: single write -1 of expected 8388608
21:13:19 ERROR /home/bsc03/bsc03353/forge/src/dispatcher/posix.c:61 140600519161600: r->filehandle = 35, r->size = 8388608, r->offset = 12121538560
21:13:19 ERROR /home/bsc03/bsc03353/forge/src/dispatcher/posix.c:62 140600519161600: single write -1 of expected 8388608
21:13:20 ERROR /home/bsc03/bsc03353/forge/src/dispatcher/posix.c:61 140625290266368: r->filehandle = 36, r->size = 8388608, r->offset = 111232942080
21:13:20 ERROR /home/bsc03/bsc03353/forge/src/dispatcher/posix.c:62 140625290266368: single write -1 of expected 8388608
21:13:21 ERROR /home/bsc03/bsc03353/forge/src/dispatcher/posix.c:61 139957129238272: r->filehandle = 36, r->size = 8388608, r->offset = 89128960000
21:13:21 ERROR /home/bsc03/bsc03353/forge/src/dispatcher/posix.c:62 139957129238272: single write -1 of expected 8388608
21:13:21 ERROR /home/bsc03/bsc03353/forge/src/dispatcher/posix.c:61 139862105630464: r->filehandle = 36, r->size = 8388608, r->offset = 68451041280
21:13:21 ERROR /home/bsc03/bsc03353/forge/src/dispatcher/posix.c:62 139862105630464: single write -1 of expected 8388608
21:13:21 ERROR /home/bsc03/bsc03353/forge/src/dispatcher/posix.c:61 140151396144896: r->filehandle = 36, r->size = 8388608, r->offset = 56329502720
21:13:21 ERROR /home/bsc03/bsc03353/forge/src/dispatcher/posix.c:62 140151396144896: single write -1 of expected 8388608
21:13:22 ERROR /home/bsc03/bsc03353/forge/src/dispatcher/posix.c:61 139654790956800: r->filehandle = 36, r->size = 8388608, r->offset = 37790679040
21:13:22 ERROR /home/bsc03/bsc03353/forge/src/dispatcher/posix.c:62 139654790956800: single write -1 of expected 8388608
21:13:22 ERROR /home/bsc03/bsc03353/forge/src/dispatcher/posix.c:61 140700495128320: r->filehandle = 36, r->size = 8388608, r->offset = 124780544000
21:13:23 ERROR /home/bsc03/bsc03353/forge/src/dispatcher/posix.c:62 140700495128320: single write -1 of expected 8388608
21:13:23 ERROR /home/bsc03/bsc03353/forge/src/dispatcher/posix.c:61 139957129238272: r->filehandle = 36, r->size = 8388608, r->offset = 101963530240
21:13:23 ERROR /home/bsc03/bsc03353/forge/src/dispatcher/posix.c:62 139957129238272: single write -1 of expected 8388608
21:13:24 ERROR /home/bsc03/bsc03353/forge/src/dispatcher/posix.c:61 140600519161600: r->filehandle = 35, r->size = 8388608, r->offset = 3565158400
21:13:24 ERROR /home/bsc03/bsc03353/forge/src/dispatcher/posix.c:62 140600519161600: single write -1 of expected 8388608
21:13:24 ERROR /home/bsc03/bsc03353/forge/src/dispatcher/posix.c:61 140625290266368: r->filehandle = 36, r->size = 8388608, r->offset = 103389593600
21:13:24 ERROR /home/bsc03/bsc03353/forge/src/dispatcher/posix.c:62 140625290266368: single write -1 of expected 8388608
21:13:25 ERROR /home/bsc03/bsc03353/forge/src/dispatcher/posix.c:61 139862105630464: r->filehandle = 36, r->size = 8388608, r->offset = 72729231360
21:13:25 ERROR /home/bsc03/bsc03353/forge/src/dispatcher/posix.c:62 139862105630464: single write -1 of expected 8388608
21:13:26 ERROR /home/bsc03/bsc03353/forge/src/dispatcher/posix.c:61 140151396144896: r->filehandle = 36, r->size = 8388608, r->offset = 62746787840
21:13:26 ERROR /home/bsc03/bsc03353/forge/src/dispatcher/posix.c:62 140151396144896: single write -1 of expected 8388608
21:13:26 ERROR /home/bsc03/bsc03353/forge/src/dispatcher/posix.c:61 139659085932288: r->filehandle = 36, r->size = 8388608, r->offset = 49912217600
21:13:26 ERROR /home/bsc03/bsc03353/forge/src/dispatcher/posix.c:62 139659085932288: single write -1 of expected 8388608
21:13:27 ERROR /home/bsc03/bsc03353/forge/src/dispatcher/posix.c:61 140700495128320: r->filehandle = 36, r->size = 8388608, r->offset = 120502353920
21:13:27 ERROR /home/bsc03/bsc03353/forge/src/dispatcher/posix.c:62 140700495128320: single write -1 of expected 8388608
21:13:27 ERROR /home/bsc03/bsc03353/forge/src/dispatcher/posix.c:61 139957129238272: r->filehandle = 36, r->size = 8388608, r->offset = 99824435200
21:13:27 ERROR /home/bsc03/bsc03353/forge/src/dispatcher/posix.c:62 139957129238272: single write -1 of expected 8388608
21:13:28 ERROR /home/bsc03/bsc03353/forge/src/dispatcher/posix.c:61 140600519161600: r->filehandle = 35, r->size = 8388608, r->offset = 9269411840
21:13:28 ERROR /home/bsc03/bsc03353/forge/src/dispatcher/posix.c:62 140600519161600: single write -1 of expected 8388608
21:13:43 ERROR /home/bsc03/bsc03353/forge/src/dispatcher/posix.c:61 140625290266368: r->filehandle = 36, r->size = 8388608, r->offset = 119076290560
21:13:43 ERROR /home/bsc03/bsc03353/forge/src/dispatcher/posix.c:62 140625290266368: single write -1 of expected 8388608
21:13:56 ERROR /home/bsc03/bsc03353/forge/src/dispatcher/posix.c:61 140151396144896: r->filehandle = 36, r->size = 8388608, r->offset = 67738009600
21:13:56 ERROR /home/bsc03/bsc03353/forge/src/dispatcher/posix.c:62 140151396144896: single write -1 of expected 8388608
21:13:58 ERROR /home/bsc03/bsc03353/forge/src/dispatcher/posix.c:61 139654790956800: r->filehandle = 36, r->size = 8388608, r->offset = 34225520640
21:13:58 ERROR /home/bsc03/bsc03353/forge/src/dispatcher/posix.c:62 139654790956800: single write -1 of expected 8388608
21:14:12 ERROR /home/bsc03/bsc03353/forge/src/dispatcher/posix.c:61 139862105630464: r->filehandle = 36, r->size = 8388608, r->offset = 80572579840
21:14:12 ERROR /home/bsc03/bsc03353/forge/src/dispatcher/posix.c:62 139862105630464: single write -1 of expected 8388608
slurmstepd: error: *** JOB 8737300 ON s03r1b66 CANCELLED AT 2020-02-07T21:14:32 DUE TO TIME LIMIT ***
--------------------------------------------------------------------------
ORTE has lost communication with a remote daemon.

  HNP daemon   : [[42144,0],0] on node s03r1b66
  Remote daemon: [[42144,0],5] on node s04r2b25

This is usually due to either a failure of the TCP network
connection to the node, or possibly an internal failure of
the daemon itself. We cannot recover from this failure, and
therefore will terminate the job.
--------------------------------------------------------------------------
