Set GCC compilers as MPI wrappers backend 
remove impi/2017.4 (PATH, MANPATH, LD_LIBRARY_PATH) 
load openmpi/4.0.2_UCX (PATH, MANPATH, LD_LIBRARY_PATH) 
Set GCC compilers as MPI wrappers backend 
load gsl/2.4 (PATH, LD_LIBRARY_PATH, LIBRARY_PATH, MANPATH, INFOPATH,
C_INCLUDE_PATH, CPLUS_INCLUDE_PATH, PKG_CONFIG_PATH, GSL_DIR) 
11:04:40 INFO  /home/bsc03/bsc03353/forge/src/main.c:107 140488492419136: I/O Forwarding Exploration [START]
Will AGIOS generate trace files? NO
Default scheduling algorithm: TO
TWINS window size: 1000000
Will the Prediction Module read information from trace files? NO
File with access time functions: /home/bsc03/bsc03353/forge/agios/access_times.func
AGIOS thinks its user has stripe size of 32768
Will AGIOS generate trace files? NO
Default scheduling algorithm: TO
TWINS window size: 1000000
Will the Prediction Module read information from trace files? NO
File with access time functions: /home/bsc03/bsc03353/forge/agios/access_times.func
AGIOS thinks its user has stripe size of 32768
Will AGIOS generate trace files? NO
Default scheduling algorithm: TO
TWINS window size: 1000000
Will the Prediction Module read information from trace files? NO
File with access time functions: /home/bsc03/bsc03353/forge/agios/access_times.func
AGIOS thinks its user has stripe size of 32768
Will AGIOS generate trace files? NO
Default scheduling algorithm: TO
TWINS window size: 1000000
Will the Prediction Module read information from trace files? NO
File with access time functions: /home/bsc03/bsc03353/forge/agios/access_times.func
AGIOS thinks its user has stripe size of 32768
11:04:44 ERROR /home/bsc03/bsc03353/forge/src/dispatcher/posix.c:61 140234578310912: r->filehandle = 36, r->size = 8388608, r->offset = 96359940096
11:04:44 ERROR /home/bsc03/bsc03353/forge/src/dispatcher/posix.c:62 140234578310912: single write -1 of expected 8388608
11:04:44 ERROR /home/bsc03/bsc03353/forge/src/dispatcher/posix.c:61 140568499943168: r->filehandle = 36, r->size = 8388608, r->offset = 48444211200
11:04:44 ERROR /home/bsc03/bsc03353/forge/src/dispatcher/posix.c:62 140568499943168: single write -1 of expected 8388608
11:04:45 ERROR /home/bsc03/bsc03353/forge/src/dispatcher/posix.c:61 140070725404416: r->filehandle = 36, r->size = 8388608, r->offset = 101997084672
11:04:45 ERROR /home/bsc03/bsc03353/forge/src/dispatcher/posix.c:62 140070725404416: single write -1 of expected 8388608
11:04:45 ERROR /home/bsc03/bsc03353/forge/src/dispatcher/posix.c:61 140260348163840: r->filehandle = 36, r->size = 8388608, r->offset = 73811361792
11:04:45 ERROR /home/bsc03/bsc03353/forge/src/dispatcher/posix.c:61 140474964584192: r->filehandle = 35, r->size = 8388608, r->offset = 9160359936
11:04:45 ERROR /home/bsc03/bsc03353/forge/src/dispatcher/posix.c:62 140260348163840: single write -1 of expected 8388608
11:04:45 ERROR /home/bsc03/bsc03353/forge/src/dispatcher/posix.c:62 140474964584192: single write -1 of expected 8388608
11:04:47 ERROR /home/bsc03/bsc03353/forge/src/dispatcher/posix.c:61 140464227145472: r->filehandle = 35, r->size = 8388608, r->offset = 31356616704
11:04:47 ERROR /home/bsc03/bsc03353/forge/src/dispatcher/posix.c:62 140464227145472: single write -1 of expected 8388608
11:04:47 ERROR /home/bsc03/bsc03353/forge/src/dispatcher/posix.c:61 140062135453440: r->filehandle = 36, r->size = 8388608, r->offset = 104991817728
11:04:47 ERROR /home/bsc03/bsc03353/forge/src/dispatcher/posix.c:62 140062135453440: single write -1 of expected 8388608
11:04:48 ERROR /home/bsc03/bsc03353/forge/src/dispatcher/posix.c:61 140579237381888: r->filehandle = 36, r->size = 8388608, r->offset = 36993761280
11:04:48 ERROR /home/bsc03/bsc03353/forge/src/dispatcher/posix.c:62 140579237381888: single write -1 of expected 8388608
11:04:48 ERROR /home/bsc03/bsc03353/forge/src/dispatcher/posix.c:61 140241020774144: r->filehandle = 36, r->size = 8388608, r->offset = 85085650944
11:04:48 ERROR /home/bsc03/bsc03353/forge/src/dispatcher/posix.c:62 140241020774144: single write -1 of expected 8388608
11:04:49 ERROR /home/bsc03/bsc03353/forge/src/dispatcher/posix.c:61 140583532357376: r->filehandle = 36, r->size = 8388608, r->offset = 56899928064
11:04:49 ERROR /home/bsc03/bsc03353/forge/src/dispatcher/posix.c:62 140583532357376: single write -1 of expected 8388608
11:04:49 ERROR /home/bsc03/bsc03353/forge/src/dispatcher/posix.c:61 140451342219008: r->filehandle = 35, r->size = 8388608, r->offset = 3875536896
11:04:49 ERROR /home/bsc03/bsc03353/forge/src/dispatcher/posix.c:62 140451342219008: single write -1 of expected 8388608
11:04:50 ERROR /home/bsc03/bsc03353/forge/src/dispatcher/posix.c:61 140256053188352: r->filehandle = 36, r->size = 8388608, r->offset = 95126814720
11:04:50 ERROR /home/bsc03/bsc03353/forge/src/dispatcher/posix.c:62 140256053188352: single write -1 of expected 8388608
11:04:50 ERROR /home/bsc03/bsc03353/forge/src/dispatcher/posix.c:61 140477112071936: r->filehandle = 35, r->size = 8388608, r->offset = 14445182976
11:04:50 ERROR /home/bsc03/bsc03353/forge/src/dispatcher/posix.c:62 140477112071936: single write -1 of expected 8388608
11:04:51 ERROR /home/bsc03/bsc03353/forge/src/dispatcher/posix.c:61 140472817096448: r->filehandle = 35, r->size = 8388608, r->offset = 6165626880
11:04:51 ERROR /home/bsc03/bsc03353/forge/src/dispatcher/posix.c:62 140472817096448: single write -1 of expected 8388608
11:04:52 ERROR /home/bsc03/bsc03353/forge/src/dispatcher/posix.c:61 140457784682240: r->filehandle = 35, r->size = 8388608, r->offset = 11802771456
11:04:52 ERROR /home/bsc03/bsc03353/forge/src/dispatcher/posix.c:62 140457784682240: single write -1 of expected 8388608
11:04:52 ERROR /home/bsc03/bsc03353/forge/src/dispatcher/posix.c:61 140470669608704: r->filehandle = 35, r->size = 8388608, r->offset = 9512681472
11:04:52 ERROR /home/bsc03/bsc03353/forge/src/dispatcher/posix.c:62 140470669608704: single write -1 of expected 8388608
11:04:53 ERROR /home/bsc03/bsc03353/forge/src/dispatcher/posix.c:61 140468522120960: r->filehandle = 35, r->size = 8388608, r->offset = 1056964608
11:04:53 ERROR /home/bsc03/bsc03353/forge/src/dispatcher/posix.c:62 140468522120960: single write -1 of expected 8388608
11:04:55 ERROR /home/bsc03/bsc03353/forge/src/dispatcher/posix.c:61 140479259559680: r->filehandle = 35, r->size = 8388608, r->offset = 28890365952
11:04:55 ERROR /home/bsc03/bsc03353/forge/src/dispatcher/posix.c:62 140479259559680: single write -1 of expected 8388608
11:04:55 ERROR /home/bsc03/bsc03353/forge/src/dispatcher/posix.c:61 140466374633216: r->filehandle = 35, r->size = 8388608, r->offset = 10921967616
11:04:55 ERROR /home/bsc03/bsc03353/forge/src/dispatcher/posix.c:62 140466374633216: single write -1 of expected 8388608
11:04:56 ERROR /home/bsc03/bsc03353/forge/src/dispatcher/posix.c:61 140453489706752: r->filehandle = 35, r->size = 8388608, r->offset = 17616076800
11:04:56 ERROR /home/bsc03/bsc03353/forge/src/dispatcher/posix.c:62 140453489706752: single write -1 of expected 8388608
11:04:57 ERROR /home/bsc03/bsc03353/forge/src/dispatcher/posix.c:61 140455637194496: r->filehandle = 35, r->size = 8388608, r->offset = 28714205184
11:04:57 ERROR /home/bsc03/bsc03353/forge/src/dispatcher/posix.c:62 140455637194496: single write -1 of expected 8388608
11:04:57 ERROR /home/bsc03/bsc03353/forge/src/dispatcher/posix.c:61 140481407047424: r->filehandle = 35, r->size = 8388608, r->offset = 20082327552
11:04:57 ERROR /home/bsc03/bsc03353/forge/src/dispatcher/posix.c:62 140481407047424: single write -1 of expected 8388608
11:04:59 ERROR /home/bsc03/bsc03353/forge/src/dispatcher/posix.c:61 140459932169984: r->filehandle = 35, r->size = 8388608, r->offset = 14621343744
11:04:59 ERROR /home/bsc03/bsc03353/forge/src/dispatcher/posix.c:62 140459932169984: single write -1 of expected 8388608
11:04:59 ERROR /home/bsc03/bsc03353/forge/src/dispatcher/posix.c:61 140592122308352: r->filehandle = 36, r->size = 8388608, r->offset = 62537072640
11:04:59 ERROR /home/bsc03/bsc03353/forge/src/dispatcher/posix.c:62 140592122308352: single write -1 of expected 8388608
11:05:00 ERROR /home/bsc03/bsc03353/forge/src/dispatcher/posix.c:61 140577089894144: r->filehandle = 36, r->size = 8388608, r->offset = 34175188992
11:05:00 ERROR /home/bsc03/bsc03353/forge/src/dispatcher/posix.c:62 140577089894144: single write -1 of expected 8388608
11:05:00 ERROR /home/bsc03/bsc03353/forge/src/dispatcher/posix.c:61 140596417283840: r->filehandle = 36, r->size = 8388608, r->offset = 34351349760
11:05:00 ERROR /home/bsc03/bsc03353/forge/src/dispatcher/posix.c:62 140596417283840: single write -1 of expected 8388608
11:05:02 ERROR /home/bsc03/bsc03353/forge/src/dispatcher/posix.c:61 140568499943168: r->filehandle = 36, r->size = 8388608, r->offset = 40164655104
11:05:02 ERROR /home/bsc03/bsc03353/forge/src/dispatcher/posix.c:62 140568499943168: single write -1 of expected 8388608
11:05:03 ERROR /home/bsc03/bsc03353/forge/src/dispatcher/posix.c:61 140598564771584: r->filehandle = 36, r->size = 8388608, r->offset = 53905195008
11:05:03 ERROR /home/bsc03/bsc03353/forge/src/dispatcher/posix.c:62 140598564771584: single write -1 of expected 8388608
11:05:05 ERROR /home/bsc03/bsc03353/forge/src/dispatcher/posix.c:61 140594269796096: r->filehandle = 36, r->size = 8388608, r->offset = 59718500352
11:05:05 ERROR /home/bsc03/bsc03353/forge/src/dispatcher/posix.c:62 140594269796096: single write -1 of expected 8388608
11:05:06 ERROR /home/bsc03/bsc03353/forge/src/dispatcher/posix.c:61 140581384869632: r->filehandle = 36, r->size = 8388608, r->offset = 51262783488
11:05:06 ERROR /home/bsc03/bsc03353/forge/src/dispatcher/posix.c:62 140581384869632: single write -1 of expected 8388608
11:05:07 ERROR /home/bsc03/bsc03353/forge/src/dispatcher/posix.c:61 140038513088256: r->filehandle = 36, r->size = 8388608, r->offset = 106224943104
11:05:07 ERROR /home/bsc03/bsc03353/forge/src/dispatcher/posix.c:62 140038513088256: single write -1 of expected 8388608
11:05:07 ERROR /home/bsc03/bsc03353/forge/src/dispatcher/posix.c:61 140462079657728: r->filehandle = 35, r->size = 8388608, r->offset = 3347054592
11:05:07 ERROR /home/bsc03/bsc03353/forge/src/dispatcher/posix.c:61 140264643139328: r->filehandle = 36, r->size = 8388608, r->offset = 68174217216
11:05:07 ERROR /home/bsc03/bsc03353/forge/src/dispatcher/posix.c:62 140264643139328: single write -1 of expected 8388608
11:05:07 ERROR /home/bsc03/bsc03353/forge/src/dispatcher/posix.c:62 140462079657728: single write -1 of expected 8388608
11:05:08 ERROR /home/bsc03/bsc03353/forge/src/dispatcher/posix.c:61 140581384869632: r->filehandle = 36, r->size = 8388608, r->offset = 37698404352
11:05:08 ERROR /home/bsc03/bsc03353/forge/src/dispatcher/posix.c:62 140581384869632: single write -1 of expected 8388608
11:05:08 ERROR /home/bsc03/bsc03353/forge/src/dispatcher/posix.c:61 140587827332864: r->filehandle = 36, r->size = 8388608, r->offset = 54609838080
11:05:08 ERROR /home/bsc03/bsc03353/forge/src/dispatcher/posix.c:62 140587827332864: single write -1 of expected 8388608
11:05:09 ERROR /home/bsc03/bsc03353/forge/src/dispatcher/posix.c:61 140579237381888: r->filehandle = 36, r->size = 8388608, r->offset = 34879832064
11:05:09 ERROR /home/bsc03/bsc03353/forge/src/dispatcher/posix.c:62 140579237381888: single write -1 of expected 8388608
11:05:10 ERROR /home/bsc03/bsc03353/forge/src/dispatcher/posix.c:61 140583532357376: r->filehandle = 36, r->size = 8388608, r->offset = 37346082816
11:05:10 ERROR /home/bsc03/bsc03353/forge/src/dispatcher/posix.c:62 140583532357376: single write -1 of expected 8388608
11:05:10 ERROR /home/bsc03/bsc03353/forge/src/dispatcher/posix.c:61 140566352455424: r->filehandle = 36, r->size = 8388608, r->offset = 39988494336
11:05:10 ERROR /home/bsc03/bsc03353/forge/src/dispatcher/posix.c:62 140566352455424: single write -1 of expected 8388608
11:05:11 ERROR /home/bsc03/bsc03353/forge/src/dispatcher/posix.c:61 140592122308352: r->filehandle = 36, r->size = 8388608, r->offset = 64122519552
11:05:11 ERROR /home/bsc03/bsc03353/forge/src/dispatcher/posix.c:62 140592122308352: single write -1 of expected 8388608
11:05:11 ERROR /home/bsc03/bsc03353/forge/src/dispatcher/posix.c:61 140598564771584: r->filehandle = 36, r->size = 8388608, r->offset = 56723767296
11:05:11 ERROR /home/bsc03/bsc03353/forge/src/dispatcher/posix.c:62 140598564771584: single write -1 of expected 8388608
11:05:13 ERROR /home/bsc03/bsc03353/forge/src/dispatcher/posix.c:61 140247463237376: r->filehandle = 36, r->size = 8388608, r->offset = 67998056448
11:05:13 ERROR /home/bsc03/bsc03353/forge/src/dispatcher/posix.c:62 140247463237376: single write -1 of expected 8388608
11:05:13 ERROR /home/bsc03/bsc03353/forge/src/dispatcher/posix.c:61 140066430428928: r->filehandle = 36, r->size = 8388608, r->offset = 105344139264
11:05:13 ERROR /home/bsc03/bsc03353/forge/src/dispatcher/posix.c:62 140066430428928: single write -1 of expected 8388608
11:05:14 ERROR /home/bsc03/bsc03353/forge/src/dispatcher/posix.c:61 140245315749632: r->filehandle = 36, r->size = 8388608, r->offset = 93365207040
11:05:14 ERROR /home/bsc03/bsc03353/forge/src/dispatcher/posix.c:62 140245315749632: single write -1 of expected 8388608
11:05:15 ERROR /home/bsc03/bsc03353/forge/src/dispatcher/posix.c:61 140253905700608: r->filehandle = 36, r->size = 8388608, r->offset = 100763959296
11:05:15 ERROR /home/bsc03/bsc03353/forge/src/dispatcher/posix.c:62 140253905700608: single write -1 of expected 8388608
11:05:16 ERROR /home/bsc03/bsc03353/forge/src/dispatcher/posix.c:61 140238873286400: r->filehandle = 36, r->size = 8388608, r->offset = 93717528576
11:05:16 ERROR /home/bsc03/bsc03353/forge/src/dispatcher/posix.c:62 140238873286400: single write -1 of expected 8388608
11:05:17 ERROR /home/bsc03/bsc03353/forge/src/dispatcher/posix.c:61 140236725798656: r->filehandle = 36, r->size = 8388608, r->offset = 90546634752
11:05:17 ERROR /home/bsc03/bsc03353/forge/src/dispatcher/posix.c:62 140236725798656: single write -1 of expected 8388608
11:05:17 ERROR /home/bsc03/bsc03353/forge/src/dispatcher/posix.c:61 140474964584192: r->filehandle = 35, r->size = 8388608, r->offset = 23077060608
11:05:17 ERROR /home/bsc03/bsc03353/forge/src/dispatcher/posix.c:62 140474964584192: single write -1 of expected 8388608
11:05:18 ERROR /home/bsc03/bsc03353/forge/src/dispatcher/posix.c:61 140589974820608: r->filehandle = 36, r->size = 8388608, r->offset = 34527510528
11:05:18 ERROR /home/bsc03/bsc03353/forge/src/dispatcher/posix.c:62 140589974820608: single write -1 of expected 8388608
11:05:20 ERROR /home/bsc03/bsc03353/forge/src/dispatcher/posix.c:61 140053545502464: r->filehandle = 36, r->size = 8388608, r->offset = 130182807552
11:05:20 ERROR /home/bsc03/bsc03353/forge/src/dispatcher/posix.c:62 140053545502464: single write -1 of expected 8388608
11:05:21 ERROR /home/bsc03/bsc03353/forge/src/dispatcher/posix.c:61 140243168261888: r->filehandle = 36, r->size = 8388608, r->offset = 76453773312
11:05:21 ERROR /home/bsc03/bsc03353/forge/src/dispatcher/posix.c:62 140243168261888: single write -1 of expected 8388608
11:05:22 ERROR /home/bsc03/bsc03353/forge/src/dispatcher/posix.c:61 140466374633216: r->filehandle = 35, r->size = 8388608, r->offset = 11978932224
11:05:22 ERROR /home/bsc03/bsc03353/forge/src/dispatcher/posix.c:62 140466374633216: single write -1 of expected 8388608
11:05:22 ERROR /home/bsc03/bsc03353/forge/src/dispatcher/posix.c:61 140566352455424: r->filehandle = 36, r->size = 8388608, r->offset = 62360911872
11:05:22 ERROR /home/bsc03/bsc03353/forge/src/dispatcher/posix.c:62 140566352455424: single write -1 of expected 8388608
11:05:23 ERROR /home/bsc03/bsc03353/forge/src/dispatcher/posix.c:61 140574942406400: r->filehandle = 36, r->size = 8388608, r->offset = 59542339584
11:05:23 ERROR /home/bsc03/bsc03353/forge/src/dispatcher/posix.c:62 140574942406400: single write -1 of expected 8388608
11:05:23 ERROR /home/bsc03/bsc03353/forge/src/dispatcher/posix.c:61 140068577916672: r->filehandle = 36, r->size = 8388608, r->offset = 118908518400
11:05:23 ERROR /home/bsc03/bsc03353/forge/src/dispatcher/posix.c:62 140068577916672: single write -1 of expected 8388608
11:05:24 ERROR /home/bsc03/bsc03353/forge/src/dispatcher/posix.c:61 140245315749632: r->filehandle = 36, r->size = 8388608, r->offset = 101116280832
11:05:24 ERROR /home/bsc03/bsc03353/forge/src/dispatcher/posix.c:62 140245315749632: single write -1 of expected 8388608
11:05:25 ERROR /home/bsc03/bsc03353/forge/src/dispatcher/posix.c:61 140470669608704: r->filehandle = 35, r->size = 8388608, r->offset = 11626610688
11:05:25 ERROR /home/bsc03/bsc03353/forge/src/dispatcher/posix.c:62 140470669608704: single write -1 of expected 8388608
11:05:26 ERROR /home/bsc03/bsc03353/forge/src/dispatcher/posix.c:61 140572794918656: r->filehandle = 36, r->size = 8388608, r->offset = 37169922048
11:05:26 ERROR /home/bsc03/bsc03353/forge/src/dispatcher/posix.c:62 140572794918656: single write -1 of expected 8388608
11:05:26 ERROR /home/bsc03/bsc03353/forge/src/dispatcher/posix.c:61 140574942406400: r->filehandle = 36, r->size = 8388608, r->offset = 42983227392
11:05:26 ERROR /home/bsc03/bsc03353/forge/src/dispatcher/posix.c:62 140574942406400: single write -1 of expected 8388608
11:05:27 ERROR /home/bsc03/bsc03353/forge/src/dispatcher/posix.c:61 140059987965696: r->filehandle = 36, r->size = 8388608, r->offset = 118732357632
11:05:27 ERROR /home/bsc03/bsc03353/forge/src/dispatcher/posix.c:62 140059987965696: single write -1 of expected 8388608
11:05:27 ERROR /home/bsc03/bsc03353/forge/src/dispatcher/posix.c:61 140249610725120: r->filehandle = 36, r->size = 8388608, r->offset = 93541367808
11:05:27 ERROR /home/bsc03/bsc03353/forge/src/dispatcher/posix.c:62 140249610725120: single write -1 of expected 8388608
11:05:28 ERROR /home/bsc03/bsc03353/forge/src/dispatcher/posix.c:61 140243168261888: r->filehandle = 36, r->size = 8388608, r->offset = 99706994688
11:05:28 ERROR /home/bsc03/bsc03353/forge/src/dispatcher/posix.c:62 140243168261888: single write -1 of expected 8388608
11:05:28 ERROR /home/bsc03/bsc03353/forge/src/dispatcher/posix.c:61 140266790627072: r->filehandle = 36, r->size = 8388608, r->offset = 90722795520
11:05:28 ERROR /home/bsc03/bsc03353/forge/src/dispatcher/posix.c:62 140266790627072: single write -1 of expected 8388608
11:05:30 ERROR /home/bsc03/bsc03353/forge/src/dispatcher/posix.c:61 140241020774144: r->filehandle = 36, r->size = 8388608, r->offset = 82267078656
11:05:30 ERROR /home/bsc03/bsc03353/forge/src/dispatcher/posix.c:62 140241020774144: single write -1 of expected 8388608
11:05:31 ERROR /home/bsc03/bsc03353/forge/src/dispatcher/posix.c:61 140262495651584: r->filehandle = 36, r->size = 8388608, r->offset = 90898956288
11:05:31 ERROR /home/bsc03/bsc03353/forge/src/dispatcher/posix.c:62 140262495651584: single write -1 of expected 8388608
11:05:31 ERROR /home/bsc03/bsc03353/forge/src/dispatcher/posix.c:61 140256053188352: r->filehandle = 36, r->size = 8388608, r->offset = 68350377984
11:05:31 ERROR /home/bsc03/bsc03353/forge/src/dispatcher/posix.c:62 140256053188352: single write -1 of expected 8388608
11:05:32 ERROR /home/bsc03/bsc03353/forge/src/dispatcher/posix.c:61 140472817096448: r->filehandle = 35, r->size = 8388608, r->offset = 528482304
11:05:32 ERROR /home/bsc03/bsc03353/forge/src/dispatcher/posix.c:62 140472817096448: single write -1 of expected 8388608
11:05:32 ERROR /home/bsc03/bsc03353/forge/src/dispatcher/posix.c:61 140568499943168: r->filehandle = 36, r->size = 8388608, r->offset = 46154121216
11:05:32 ERROR /home/bsc03/bsc03353/forge/src/dispatcher/posix.c:62 140568499943168: single write -1 of expected 8388608
11:05:33 ERROR /home/bsc03/bsc03353/forge/src/dispatcher/posix.c:61 140066430428928: r->filehandle = 36, r->size = 8388608, r->offset = 127892717568
11:05:33 ERROR /home/bsc03/bsc03353/forge/src/dispatcher/posix.c:62 140066430428928: single write -1 of expected 8388608
11:05:33 ERROR /home/bsc03/bsc03353/forge/src/dispatcher/posix.c:61 140251758212864: r->filehandle = 36, r->size = 8388608, r->offset = 100411637760
11:05:33 ERROR /home/bsc03/bsc03353/forge/src/dispatcher/posix.c:62 140251758212864: single write -1 of expected 8388608
11:05:34 ERROR /home/bsc03/bsc03353/forge/src/dispatcher/posix.c:61 140258200676096: r->filehandle = 36, r->size = 8388608, r->offset = 94069850112
11:05:34 ERROR /home/bsc03/bsc03353/forge/src/dispatcher/posix.c:62 140258200676096: single write -1 of expected 8388608
11:05:36 ERROR /home/bsc03/bsc03353/forge/src/dispatcher/posix.c:61 140459932169984: r->filehandle = 35, r->size = 8388608, r->offset = 17968398336
11:05:36 ERROR /home/bsc03/bsc03353/forge/src/dispatcher/posix.c:61 140574942406400: r->filehandle = 36, r->size = 8388608, r->offset = 33822867456
11:05:36 ERROR /home/bsc03/bsc03353/forge/src/dispatcher/posix.c:62 140459932169984: single write -1 of expected 8388608
11:05:36 ERROR /home/bsc03/bsc03353/forge/src/dispatcher/posix.c:62 140574942406400: single write -1 of expected 8388608
11:05:36 ERROR /home/bsc03/bsc03353/forge/src/dispatcher/posix.c:61 140572794918656: r->filehandle = 36, r->size = 8388608, r->offset = 48620371968
11:05:36 ERROR /home/bsc03/bsc03353/forge/src/dispatcher/posix.c:62 140572794918656: single write -1 of expected 8388608
11:05:37 ERROR /home/bsc03/bsc03353/forge/src/dispatcher/posix.c:61 140566352455424: r->filehandle = 36, r->size = 8388608, r->offset = 40516976640
11:05:37 ERROR /home/bsc03/bsc03353/forge/src/dispatcher/posix.c:62 140566352455424: single write -1 of expected 8388608
11:05:37 ERROR /home/bsc03/bsc03353/forge/src/dispatcher/posix.c:61 140062135453440: r->filehandle = 36, r->size = 8388608, r->offset = 127364235264
11:05:37 ERROR /home/bsc03/bsc03353/forge/src/dispatcher/posix.c:62 140062135453440: single write -1 of expected 8388608
11:05:38 ERROR /home/bsc03/bsc03353/forge/src/dispatcher/posix.c:61 140247463237376: r->filehandle = 36, r->size = 8388608, r->offset = 68702699520
11:05:38 ERROR /home/bsc03/bsc03353/forge/src/dispatcher/posix.c:62 140247463237376: single write -1 of expected 8388608
11:05:38 ERROR /home/bsc03/bsc03353/forge/src/dispatcher/posix.c:61 140481407047424: r->filehandle = 35, r->size = 8388608, r->offset = 23253221376
11:05:38 ERROR /home/bsc03/bsc03353/forge/src/dispatcher/posix.c:62 140481407047424: single write -1 of expected 8388608
11:05:39 ERROR /home/bsc03/bsc03353/forge/src/dispatcher/posix.c:61 140574942406400: r->filehandle = 36, r->size = 8388608, r->offset = 54962159616
11:05:39 ERROR /home/bsc03/bsc03353/forge/src/dispatcher/posix.c:62 140574942406400: single write -1 of expected 8388608
11:05:39 ERROR /home/bsc03/bsc03353/forge/src/dispatcher/posix.c:61 140596417283840: r->filehandle = 36, r->size = 8388608, r->offset = 65179484160
11:05:39 ERROR /home/bsc03/bsc03353/forge/src/dispatcher/posix.c:62 140596417283840: single write -1 of expected 8388608
11:05:40 ERROR /home/bsc03/bsc03353/forge/src/dispatcher/posix.c:61 140042808063744: r->filehandle = 36, r->size = 8388608, r->offset = 116618428416
11:05:40 ERROR /home/bsc03/bsc03353/forge/src/dispatcher/posix.c:62 140042808063744: single write -1 of expected 8388608
11:05:40 ERROR /home/bsc03/bsc03353/forge/src/dispatcher/posix.c:61 140253905700608: r->filehandle = 36, r->size = 8388608, r->offset = 82090917888
11:05:40 ERROR /home/bsc03/bsc03353/forge/src/dispatcher/posix.c:62 140253905700608: single write -1 of expected 8388608
11:05:41 ERROR /home/bsc03/bsc03353/forge/src/dispatcher/posix.c:61 140462079657728: r->filehandle = 35, r->size = 8388608, r->offset = 3523215360
11:05:41 ERROR /home/bsc03/bsc03353/forge/src/dispatcher/posix.c:62 140462079657728: single write -1 of expected 8388608
11:05:41 ERROR /home/bsc03/bsc03353/forge/src/dispatcher/posix.c:61 140570647430912: r->filehandle = 36, r->size = 8388608, r->offset = 45625638912
11:05:41 ERROR /home/bsc03/bsc03353/forge/src/dispatcher/posix.c:62 140570647430912: single write -1 of expected 8388608
11:05:42 ERROR /home/bsc03/bsc03353/forge/src/dispatcher/posix.c:61 140579237381888: r->filehandle = 36, r->size = 8388608, r->offset = 48268050432
11:05:42 ERROR /home/bsc03/bsc03353/forge/src/dispatcher/posix.c:61 140070725404416: r->filehandle = 36, r->size = 8388608, r->offset = 113271373824
11:05:42 ERROR /home/bsc03/bsc03353/forge/src/dispatcher/posix.c:62 140579237381888: single write -1 of expected 8388608
11:05:42 ERROR /home/bsc03/bsc03353/forge/src/dispatcher/posix.c:62 140070725404416: single write -1 of expected 8388608
11:05:42 ERROR /home/bsc03/bsc03353/forge/src/dispatcher/posix.c:61 140256053188352: r->filehandle = 36, r->size = 8388608, r->offset = 79624667136
11:05:42 ERROR /home/bsc03/bsc03353/forge/src/dispatcher/posix.c:62 140256053188352: single write -1 of expected 8388608
11:05:42 ERROR /home/bsc03/bsc03353/forge/src/dispatcher/posix.c:61 140064282941184: r->filehandle = 36, r->size = 8388608, r->offset = 123312537600
11:05:42 ERROR /home/bsc03/bsc03353/forge/src/dispatcher/posix.c:62 140064282941184: single write -1 of expected 8388608
11:05:43 ERROR /home/bsc03/bsc03353/forge/src/dispatcher/posix.c:61 140468522120960: r->filehandle = 35, r->size = 8388608, r->offset = 19025362944
11:05:43 ERROR /home/bsc03/bsc03353/forge/src/dispatcher/posix.c:61 140587827332864: r->filehandle = 36, r->size = 8388608, r->offset = 48972693504
11:05:43 ERROR /home/bsc03/bsc03353/forge/src/dispatcher/posix.c:62 140468522120960: single write -1 of expected 8388608
11:05:43 ERROR /home/bsc03/bsc03353/forge/src/dispatcher/posix.c:62 140587827332864: single write -1 of expected 8388608
11:05:44 ERROR /home/bsc03/bsc03353/forge/src/dispatcher/posix.c:61 140589974820608: r->filehandle = 36, r->size = 8388608, r->offset = 44392513536
11:05:44 ERROR /home/bsc03/bsc03353/forge/src/dispatcher/posix.c:62 140589974820608: single write -1 of expected 8388608
11:05:44 ERROR /home/bsc03/bsc03353/forge/src/dispatcher/posix.c:61 140583532357376: r->filehandle = 36, r->size = 8388608, r->offset = 57428410368
11:05:44 ERROR /home/bsc03/bsc03353/forge/src/dispatcher/posix.c:62 140583532357376: single write -1 of expected 8388608
11:05:45 ERROR /home/bsc03/bsc03353/forge/src/dispatcher/posix.c:61 140258200676096: r->filehandle = 36, r->size = 8388608, r->offset = 77510737920
11:05:45 ERROR /home/bsc03/bsc03353/forge/src/dispatcher/posix.c:62 140258200676096: single write -1 of expected 8388608
11:05:45 ERROR /home/bsc03/bsc03353/forge/src/dispatcher/posix.c:61 140238873286400: r->filehandle = 36, r->size = 8388608, r->offset = 92308242432
11:05:45 ERROR /home/bsc03/bsc03353/forge/src/dispatcher/posix.c:62 140238873286400: single write -1 of expected 8388608
11:05:46 ERROR /home/bsc03/bsc03353/forge/src/dispatcher/posix.c:61 140245315749632: r->filehandle = 36, r->size = 8388608, r->offset = 71521271808
11:05:46 ERROR /home/bsc03/bsc03353/forge/src/dispatcher/posix.c:62 140245315749632: single write -1 of expected 8388608
11:05:46 ERROR /home/bsc03/bsc03353/forge/src/dispatcher/posix.c:61 140453489706752: r->filehandle = 35, r->size = 8388608, r->offset = 14797504512
11:05:46 ERROR /home/bsc03/bsc03353/forge/src/dispatcher/posix.c:62 140453489706752: single write -1 of expected 8388608
11:05:48 ERROR /home/bsc03/bsc03353/forge/src/dispatcher/posix.c:61 140055692990208: r->filehandle = 36, r->size = 8388608, r->offset = 101820923904
11:05:48 ERROR /home/bsc03/bsc03353/forge/src/dispatcher/posix.c:62 140055692990208: single write -1 of expected 8388608
11:05:48 ERROR /home/bsc03/bsc03353/forge/src/dispatcher/posix.c:61 140572794918656: r->filehandle = 36, r->size = 8388608, r->offset = 42630905856
11:05:48 ERROR /home/bsc03/bsc03353/forge/src/dispatcher/posix.c:62 140572794918656: single write -1 of expected 8388608
11:05:49 ERROR /home/bsc03/bsc03353/forge/src/dispatcher/posix.c:61 140581384869632: r->filehandle = 36, r->size = 8388608, r->offset = 51086622720
11:05:49 ERROR /home/bsc03/bsc03353/forge/src/dispatcher/posix.c:62 140581384869632: single write -1 of expected 8388608
11:05:50 ERROR /home/bsc03/bsc03353/forge/src/dispatcher/posix.c:61 140574942406400: r->filehandle = 36, r->size = 8388608, r->offset = 43335548928
11:05:50 ERROR /home/bsc03/bsc03353/forge/src/dispatcher/posix.c:62 140574942406400: single write -1 of expected 8388608
11:05:50 ERROR /home/bsc03/bsc03353/forge/src/dispatcher/posix.c:61 140585679845120: r->filehandle = 36, r->size = 8388608, r->offset = 60246982656
11:05:50 ERROR /home/bsc03/bsc03353/forge/src/dispatcher/posix.c:62 140585679845120: single write -1 of expected 8388608
11:05:51 ERROR /home/bsc03/bsc03353/forge/src/dispatcher/posix.c:61 140594269796096: r->filehandle = 36, r->size = 8388608, r->offset = 35936796672
11:05:51 ERROR /home/bsc03/bsc03353/forge/src/dispatcher/posix.c:62 140594269796096: single write -1 of expected 8388608
11:05:52 ERROR /home/bsc03/bsc03353/forge/src/dispatcher/posix.c:61 140598564771584: r->filehandle = 36, r->size = 8388608, r->offset = 51438944256
11:05:52 ERROR /home/bsc03/bsc03353/forge/src/dispatcher/posix.c:62 140598564771584: single write -1 of expected 8388608
11:05:52 ERROR /home/bsc03/bsc03353/forge/src/dispatcher/posix.c:61 140577089894144: r->filehandle = 36, r->size = 8388608, r->offset = 39812333568
11:05:52 ERROR /home/bsc03/bsc03353/forge/src/dispatcher/posix.c:62 140577089894144: single write -1 of expected 8388608
11:05:53 ERROR /home/bsc03/bsc03353/forge/src/dispatcher/posix.c:61 140251758212864: r->filehandle = 36, r->size = 8388608, r->offset = 70992789504
11:05:53 ERROR /home/bsc03/bsc03353/forge/src/dispatcher/posix.c:62 140251758212864: single write -1 of expected 8388608
11:05:54 ERROR /home/bsc03/bsc03353/forge/src/dispatcher/posix.c:61 140253905700608: r->filehandle = 36, r->size = 8388608, r->offset = 91603599360
11:05:54 ERROR /home/bsc03/bsc03353/forge/src/dispatcher/posix.c:62 140253905700608: single write -1 of expected 8388608
11:05:55 ERROR /home/bsc03/bsc03353/forge/src/dispatcher/posix.c:61 140260348163840: r->filehandle = 36, r->size = 8388608, r->offset = 79448506368
11:05:55 ERROR /home/bsc03/bsc03353/forge/src/dispatcher/posix.c:62 140260348163840: single write -1 of expected 8388608
11:05:55 ERROR /home/bsc03/bsc03353/forge/src/dispatcher/posix.c:61 140236725798656: r->filehandle = 36, r->size = 8388608, r->offset = 99002351616
11:05:55 ERROR /home/bsc03/bsc03353/forge/src/dispatcher/posix.c:62 140236725798656: single write -1 of expected 8388608
11:05:56 ERROR /home/bsc03/bsc03353/forge/src/dispatcher/posix.c:61 140264643139328: r->filehandle = 36, r->size = 8388608, r->offset = 75396808704
11:05:56 ERROR /home/bsc03/bsc03353/forge/src/dispatcher/posix.c:62 140264643139328: single write -1 of expected 8388608
11:05:57 ERROR /home/bsc03/bsc03353/forge/src/dispatcher/posix.c:61 140457784682240: r->filehandle = 35, r->size = 8388608, r->offset = 6694109184
11:05:57 ERROR /home/bsc03/bsc03353/forge/src/dispatcher/posix.c:62 140457784682240: single write -1 of expected 8388608
11:05:58 ERROR /home/bsc03/bsc03353/forge/src/dispatcher/posix.c:61 140449194731264: r->filehandle = 35, r->size = 8388608, r->offset = 15149826048
11:05:58 ERROR /home/bsc03/bsc03353/forge/src/dispatcher/posix.c:62 140449194731264: single write -1 of expected 8388608
11:05:58 ERROR /home/bsc03/bsc03353/forge/src/dispatcher/posix.c:61 140051398014720: r->filehandle = 36, r->size = 8388608, r->offset = 118027714560
11:05:58 ERROR /home/bsc03/bsc03353/forge/src/dispatcher/posix.c:62 140051398014720: single write -1 of expected 8388608
11:05:59 ERROR /home/bsc03/bsc03353/forge/src/dispatcher/posix.c:61 140572794918656: r->filehandle = 36, r->size = 8388608, r->offset = 59894661120
11:05:59 ERROR /home/bsc03/bsc03353/forge/src/dispatcher/posix.c:62 140572794918656: single write -1 of expected 8388608
11:06:00 ERROR /home/bsc03/bsc03353/forge/src/dispatcher/posix.c:61 140587827332864: r->filehandle = 36, r->size = 8388608, r->offset = 39460012032
11:06:00 ERROR /home/bsc03/bsc03353/forge/src/dispatcher/posix.c:62 140587827332864: single write -1 of expected 8388608
11:06:00 ERROR /home/bsc03/bsc03353/forge/src/dispatcher/posix.c:61 140566352455424: r->filehandle = 36, r->size = 8388608, r->offset = 45449478144
11:06:00 ERROR /home/bsc03/bsc03353/forge/src/dispatcher/posix.c:62 140566352455424: single write -1 of expected 8388608
11:06:01 ERROR /home/bsc03/bsc03353/forge/src/dispatcher/posix.c:61 140585679845120: r->filehandle = 36, r->size = 8388608, r->offset = 45097156608
11:06:01 ERROR /home/bsc03/bsc03353/forge/src/dispatcher/posix.c:62 140585679845120: single write -1 of expected 8388608
11:06:02 ERROR /home/bsc03/bsc03353/forge/src/dispatcher/posix.c:61 140574942406400: r->filehandle = 36, r->size = 8388608, r->offset = 47211085824
11:06:02 ERROR /home/bsc03/bsc03353/forge/src/dispatcher/posix.c:62 140574942406400: single write -1 of expected 8388608
11:06:03 ERROR /home/bsc03/bsc03353/forge/src/dispatcher/posix.c:61 140598564771584: r->filehandle = 36, r->size = 8388608, r->offset = 36641439744
11:06:03 ERROR /home/bsc03/bsc03353/forge/src/dispatcher/posix.c:62 140598564771584: single write -1 of expected 8388608
11:06:03 ERROR /home/bsc03/bsc03353/forge/src/dispatcher/posix.c:61 140570647430912: r->filehandle = 36, r->size = 8388608, r->offset = 65884127232
11:06:03 ERROR /home/bsc03/bsc03353/forge/src/dispatcher/posix.c:62 140570647430912: single write -1 of expected 8388608
11:06:04 ERROR /home/bsc03/bsc03353/forge/src/dispatcher/posix.c:61 140592122308352: r->filehandle = 36, r->size = 8388608, r->offset = 63065554944
11:06:04 ERROR /home/bsc03/bsc03353/forge/src/dispatcher/posix.c:62 140592122308352: single write -1 of expected 8388608
11:06:04 ERROR /home/bsc03/bsc03353/forge/src/dispatcher/posix.c:61 140583532357376: r->filehandle = 36, r->size = 8388608, r->offset = 65531805696
11:06:04 ERROR /home/bsc03/bsc03353/forge/src/dispatcher/posix.c:62 140583532357376: single write -1 of expected 8388608
11:06:05 ERROR /home/bsc03/bsc03353/forge/src/dispatcher/posix.c:61 140579237381888: r->filehandle = 36, r->size = 8388608, r->offset = 51791265792
11:06:05 ERROR /home/bsc03/bsc03353/forge/src/dispatcher/posix.c:62 140579237381888: single write -1 of expected 8388608
11:06:06 ERROR /home/bsc03/bsc03353/forge/src/dispatcher/posix.c:61 140568499943168: r->filehandle = 36, r->size = 8388608, r->offset = 62713233408
11:06:06 ERROR /home/bsc03/bsc03353/forge/src/dispatcher/posix.c:62 140568499943168: single write -1 of expected 8388608
11:06:07 ERROR /home/bsc03/bsc03353/forge/src/dispatcher/posix.c:61 140589974820608: r->filehandle = 36, r->size = 8388608, r->offset = 55666802688
11:06:07 ERROR /home/bsc03/bsc03353/forge/src/dispatcher/posix.c:62 140589974820608: single write -1 of expected 8388608
11:06:07 ERROR /home/bsc03/bsc03353/forge/src/dispatcher/posix.c:61 140594269796096: r->filehandle = 36, r->size = 8388608, r->offset = 38755368960
11:06:07 ERROR /home/bsc03/bsc03353/forge/src/dispatcher/posix.c:62 140594269796096: single write -1 of expected 8388608
11:06:10 ERROR /home/bsc03/bsc03353/forge/src/dispatcher/posix.c:61 140581384869632: r->filehandle = 36, r->size = 8388608, r->offset = 57076088832
11:06:10 ERROR /home/bsc03/bsc03353/forge/src/dispatcher/posix.c:62 140581384869632: single write -1 of expected 8388608
11:06:10 ERROR /home/bsc03/bsc03353/forge/src/dispatcher/posix.c:61 140596417283840: r->filehandle = 36, r->size = 8388608, r->offset = 38579208192
11:06:10 ERROR /home/bsc03/bsc03353/forge/src/dispatcher/posix.c:62 140596417283840: single write -1 of expected 8388608
11:06:11 ERROR /home/bsc03/bsc03353/forge/src/dispatcher/posix.c:61 140577089894144: r->filehandle = 36, r->size = 8388608, r->offset = 66941091840
11:06:11 ERROR /home/bsc03/bsc03353/forge/src/dispatcher/posix.c:62 140577089894144: single write -1 of expected 8388608
11:06:12 ERROR /home/bsc03/bsc03353/forge/src/dispatcher/posix.c:61 140251758212864: r->filehandle = 36, r->size = 8388608, r->offset = 69759664128
11:06:12 ERROR /home/bsc03/bsc03353/forge/src/dispatcher/posix.c:62 140251758212864: single write -1 of expected 8388608
11:06:13 ERROR /home/bsc03/bsc03353/forge/src/dispatcher/posix.c:61 140247463237376: r->filehandle = 36, r->size = 8388608, r->offset = 82795560960
11:06:13 ERROR /home/bsc03/bsc03353/forge/src/dispatcher/posix.c:62 140247463237376: single write -1 of expected 8388608
11:06:14 ERROR /home/bsc03/bsc03353/forge/src/dispatcher/posix.c:61 140249610725120: r->filehandle = 36, r->size = 8388608, r->offset = 73987522560
11:06:14 ERROR /home/bsc03/bsc03353/forge/src/dispatcher/posix.c:62 140249610725120: single write -1 of expected 8388608
11:06:15 ERROR /home/bsc03/bsc03353/forge/src/dispatcher/posix.c:61 140266790627072: r->filehandle = 36, r->size = 8388608, r->offset = 96536100864
11:06:15 ERROR /home/bsc03/bsc03353/forge/src/dispatcher/posix.c:62 140266790627072: single write -1 of expected 8388608
11:06:15 ERROR /home/bsc03/bsc03353/forge/src/dispatcher/posix.c:61 140062135453440: r->filehandle = 36, r->size = 8388608, r->offset = 116089946112
11:06:15 ERROR /home/bsc03/bsc03353/forge/src/dispatcher/posix.c:62 140062135453440: single write -1 of expected 8388608
11:06:15 ERROR /home/bsc03/bsc03353/forge/src/dispatcher/posix.c:61 140455637194496: r->filehandle = 35, r->size = 8388608, r->offset = 17439916032
11:06:15 ERROR /home/bsc03/bsc03353/forge/src/dispatcher/posix.c:62 140455637194496: single write -1 of expected 8388608
11:06:16 ERROR /home/bsc03/bsc03353/forge/src/dispatcher/posix.c:61 140451342219008: r->filehandle = 35, r->size = 8388608, r->offset = 29242687488
11:06:16 ERROR /home/bsc03/bsc03353/forge/src/dispatcher/posix.c:62 140451342219008: single write -1 of expected 8388608
11:06:16 ERROR /home/bsc03/bsc03353/forge/src/dispatcher/posix.c:61 140572794918656: r->filehandle = 36, r->size = 8388608, r->offset = 45801799680
11:06:16 ERROR /home/bsc03/bsc03353/forge/src/dispatcher/posix.c:62 140572794918656: single write -1 of expected 8388608
11:06:18 ERROR /home/bsc03/bsc03353/forge/src/dispatcher/posix.c:61 140574942406400: r->filehandle = 36, r->size = 8388608, r->offset = 63417876480
11:06:18 ERROR /home/bsc03/bsc03353/forge/src/dispatcher/posix.c:62 140574942406400: single write -1 of expected 8388608
11:06:19 ERROR /home/bsc03/bsc03353/forge/src/dispatcher/posix.c:61 140581384869632: r->filehandle = 36, r->size = 8388608, r->offset = 35760635904
11:06:19 ERROR /home/bsc03/bsc03353/forge/src/dispatcher/posix.c:62 140581384869632: single write -1 of expected 8388608
11:06:20 ERROR /home/bsc03/bsc03353/forge/src/dispatcher/posix.c:61 140566352455424: r->filehandle = 36, r->size = 8388608, r->offset = 54257516544
11:06:20 ERROR /home/bsc03/bsc03353/forge/src/dispatcher/posix.c:62 140566352455424: single write -1 of expected 8388608
11:06:20 ERROR /home/bsc03/bsc03353/forge/src/dispatcher/posix.c:61 140598564771584: r->filehandle = 36, r->size = 8388608, r->offset = 49325015040
11:06:20 ERROR /home/bsc03/bsc03353/forge/src/dispatcher/posix.c:62 140598564771584: single write -1 of expected 8388608
11:06:21 ERROR /home/bsc03/bsc03353/forge/src/dispatcher/posix.c:61 140568499943168: r->filehandle = 36, r->size = 8388608, r->offset = 58485374976
11:06:21 ERROR /home/bsc03/bsc03353/forge/src/dispatcher/posix.c:62 140568499943168: single write -1 of expected 8388608
11:06:21 ERROR /home/bsc03/bsc03353/forge/src/dispatcher/posix.c:61 140592122308352: r->filehandle = 36, r->size = 8388608, r->offset = 42278584320
11:06:21 ERROR /home/bsc03/bsc03353/forge/src/dispatcher/posix.c:62 140592122308352: single write -1 of expected 8388608
11:06:22 ERROR /home/bsc03/bsc03353/forge/src/dispatcher/posix.c:61 140570647430912: r->filehandle = 36, r->size = 8388608, r->offset = 44216352768
11:06:22 ERROR /home/bsc03/bsc03353/forge/src/dispatcher/posix.c:62 140570647430912: single write -1 of expected 8388608
11:06:22 ERROR /home/bsc03/bsc03353/forge/src/dispatcher/posix.c:61 140577089894144: r->filehandle = 36, r->size = 8388608, r->offset = 43511709696
11:06:22 ERROR /home/bsc03/bsc03353/forge/src/dispatcher/posix.c:62 140577089894144: single write -1 of expected 8388608
11:06:23 ERROR /home/bsc03/bsc03353/forge/src/dispatcher/posix.c:61 140583532357376: r->filehandle = 36, r->size = 8388608, r->offset = 53376712704
11:06:23 ERROR /home/bsc03/bsc03353/forge/src/dispatcher/posix.c:62 140583532357376: single write -1 of expected 8388608
11:06:23 ERROR /home/bsc03/bsc03353/forge/src/dispatcher/posix.c:61 140579237381888: r->filehandle = 36, r->size = 8388608, r->offset = 63770198016
11:06:23 ERROR /home/bsc03/bsc03353/forge/src/dispatcher/posix.c:62 140579237381888: single write -1 of expected 8388608
11:06:23 ERROR /home/bsc03/bsc03353/forge/src/dispatcher/posix.c:61 140587827332864: r->filehandle = 36, r->size = 8388608, r->offset = 61303947264
11:06:23 ERROR /home/bsc03/bsc03353/forge/src/dispatcher/posix.c:62 140587827332864: single write -1 of expected 8388608
11:06:24 ERROR /home/bsc03/bsc03353/forge/src/dispatcher/posix.c:61 140596417283840: r->filehandle = 36, r->size = 8388608, r->offset = 38050725888
11:06:24 ERROR /home/bsc03/bsc03353/forge/src/dispatcher/posix.c:62 140596417283840: single write -1 of expected 8388608
11:06:26 ERROR /home/bsc03/bsc03353/forge/src/dispatcher/posix.c:61 140594269796096: r->filehandle = 36, r->size = 8388608, r->offset = 50029658112
11:06:26 ERROR /home/bsc03/bsc03353/forge/src/dispatcher/posix.c:62 140594269796096: single write -1 of expected 8388608
11:06:26 ERROR /home/bsc03/bsc03353/forge/src/dispatcher/posix.c:61 140589974820608: r->filehandle = 36, r->size = 8388608, r->offset = 49853497344
11:06:26 ERROR /home/bsc03/bsc03353/forge/src/dispatcher/posix.c:62 140589974820608: single write -1 of expected 8388608
11:06:28 ERROR /home/bsc03/bsc03353/forge/src/dispatcher/posix.c:61 140585679845120: r->filehandle = 36, r->size = 8388608, r->offset = 61127786496
11:06:28 ERROR /home/bsc03/bsc03353/forge/src/dispatcher/posix.c:62 140585679845120: single write -1 of expected 8388608
11:06:29 ERROR /home/bsc03/bsc03353/forge/src/dispatcher/posix.c:61 140251758212864: r->filehandle = 36, r->size = 8388608, r->offset = 70816628736
11:06:29 ERROR /home/bsc03/bsc03353/forge/src/dispatcher/posix.c:62 140251758212864: single write -1 of expected 8388608
11:06:30 ERROR /home/bsc03/bsc03353/forge/src/dispatcher/posix.c:61 140247463237376: r->filehandle = 36, r->size = 8388608, r->offset = 90194313216
11:06:30 ERROR /home/bsc03/bsc03353/forge/src/dispatcher/posix.c:62 140247463237376: single write -1 of expected 8388608
11:06:31 ERROR /home/bsc03/bsc03353/forge/src/dispatcher/posix.c:61 140234578310912: r->filehandle = 36, r->size = 8388608, r->offset = 76806094848
11:06:31 ERROR /home/bsc03/bsc03353/forge/src/dispatcher/posix.c:62 140234578310912: single write -1 of expected 8388608
11:06:32 ERROR /home/bsc03/bsc03353/forge/src/dispatcher/posix.c:61 140241020774144: r->filehandle = 36, r->size = 8388608, r->offset = 95831457792
11:06:32 ERROR /home/bsc03/bsc03353/forge/src/dispatcher/posix.c:62 140241020774144: single write -1 of expected 8388608
11:06:33 ERROR /home/bsc03/bsc03353/forge/src/dispatcher/posix.c:61 140059987965696: r->filehandle = 36, r->size = 8388608, r->offset = 126483431424
11:06:33 ERROR /home/bsc03/bsc03353/forge/src/dispatcher/posix.c:62 140059987965696: single write -1 of expected 8388608
11:06:34 ERROR /home/bsc03/bsc03353/forge/src/dispatcher/posix.c:61 140472817096448: r->filehandle = 35, r->size = 8388608, r->offset = 2113929216
11:06:34 ERROR /home/bsc03/bsc03353/forge/src/dispatcher/posix.c:62 140472817096448: single write -1 of expected 8388608
11:06:35 ERROR /home/bsc03/bsc03353/forge/src/dispatcher/posix.c:61 140477112071936: r->filehandle = 35, r->size = 8388608, r->offset = 26071793664
11:06:35 ERROR /home/bsc03/bsc03353/forge/src/dispatcher/posix.c:62 140477112071936: single write -1 of expected 8388608
11:06:40 ERROR /home/bsc03/bsc03353/forge/src/dispatcher/posix.c:61 140594269796096: r->filehandle = 36, r->size = 8388608, r->offset = 57780731904
11:06:40 ERROR /home/bsc03/bsc03353/forge/src/dispatcher/posix.c:62 140594269796096: single write -1 of expected 8388608
11:06:41 ERROR /home/bsc03/bsc03353/forge/src/dispatcher/posix.c:61 140585679845120: r->filehandle = 36, r->size = 8388608, r->offset = 66764931072
11:06:41 ERROR /home/bsc03/bsc03353/forge/src/dispatcher/posix.c:62 140585679845120: single write -1 of expected 8388608
11:06:42 ERROR /home/bsc03/bsc03353/forge/src/dispatcher/posix.c:61 140574942406400: r->filehandle = 36, r->size = 8388608, r->offset = 41573941248
11:06:42 ERROR /home/bsc03/bsc03353/forge/src/dispatcher/posix.c:62 140574942406400: single write -1 of expected 8388608
11:06:43 ERROR /home/bsc03/bsc03353/forge/src/dispatcher/posix.c:61 140592122308352: r->filehandle = 36, r->size = 8388608, r->offset = 52672069632
11:06:43 ERROR /home/bsc03/bsc03353/forge/src/dispatcher/posix.c:62 140592122308352: single write -1 of expected 8388608
11:06:46 ERROR /home/bsc03/bsc03353/forge/src/dispatcher/posix.c:61 140577089894144: r->filehandle = 36, r->size = 8388608, r->offset = 52848230400
11:06:46 ERROR /home/bsc03/bsc03353/forge/src/dispatcher/posix.c:62 140577089894144: single write -1 of expected 8388608
11:06:46 ERROR /home/bsc03/bsc03353/forge/src/dispatcher/posix.c:61 140596417283840: r->filehandle = 36, r->size = 8388608, r->offset = 52143587328
11:06:46 ERROR /home/bsc03/bsc03353/forge/src/dispatcher/posix.c:62 140596417283840: single write -1 of expected 8388608
11:06:48 ERROR /home/bsc03/bsc03353/forge/src/dispatcher/posix.c:61 140583532357376: r->filehandle = 36, r->size = 8388608, r->offset = 47915728896
11:06:48 ERROR /home/bsc03/bsc03353/forge/src/dispatcher/posix.c:62 140583532357376: single write -1 of expected 8388608
11:06:49 ERROR /home/bsc03/bsc03353/forge/src/dispatcher/posix.c:61 140568499943168: r->filehandle = 36, r->size = 8388608, r->offset = 43687870464
11:06:49 ERROR /home/bsc03/bsc03353/forge/src/dispatcher/posix.c:62 140568499943168: single write -1 of expected 8388608
11:06:50 ERROR /home/bsc03/bsc03353/forge/src/dispatcher/posix.c:61 140572794918656: r->filehandle = 36, r->size = 8388608, r->offset = 51967426560
11:06:50 ERROR /home/bsc03/bsc03353/forge/src/dispatcher/posix.c:62 140572794918656: single write -1 of expected 8388608
11:06:50 ERROR /home/bsc03/bsc03353/forge/src/dispatcher/posix.c:61 140587827332864: r->filehandle = 36, r->size = 8388608, r->offset = 62008590336
11:06:50 ERROR /home/bsc03/bsc03353/forge/src/dispatcher/posix.c:62 140587827332864: single write -1 of expected 8388608
11:06:51 ERROR /home/bsc03/bsc03353/forge/src/dispatcher/posix.c:61 140579237381888: r->filehandle = 36, r->size = 8388608, r->offset = 60599304192
11:06:51 ERROR /home/bsc03/bsc03353/forge/src/dispatcher/posix.c:62 140579237381888: single write -1 of expected 8388608
11:06:52 ERROR /home/bsc03/bsc03353/forge/src/dispatcher/posix.c:61 140570647430912: r->filehandle = 36, r->size = 8388608, r->offset = 47034925056
11:06:52 ERROR /home/bsc03/bsc03353/forge/src/dispatcher/posix.c:62 140570647430912: single write -1 of expected 8388608
11:06:52 ERROR /home/bsc03/bsc03353/forge/src/dispatcher/posix.c:61 140581384869632: r->filehandle = 36, r->size = 8388608, r->offset = 58309214208
11:06:52 ERROR /home/bsc03/bsc03353/forge/src/dispatcher/posix.c:62 140581384869632: single write -1 of expected 8388608
11:06:53 ERROR /home/bsc03/bsc03353/forge/src/dispatcher/posix.c:61 140566352455424: r->filehandle = 36, r->size = 8388608, r->offset = 46506442752
11:06:53 ERROR /home/bsc03/bsc03353/forge/src/dispatcher/posix.c:62 140566352455424: single write -1 of expected 8388608
11:06:57 ERROR /home/bsc03/bsc03353/forge/src/dispatcher/posix.c:61 140598564771584: r->filehandle = 36, r->size = 8388608, r->offset = 63946358784
11:06:57 ERROR /home/bsc03/bsc03353/forge/src/dispatcher/posix.c:62 140598564771584: single write -1 of expected 8388608
11:06:58 ERROR /home/bsc03/bsc03353/forge/src/dispatcher/posix.c:61 140589974820608: r->filehandle = 36, r->size = 8388608, r->offset = 53552873472
11:06:58 ERROR /home/bsc03/bsc03353/forge/src/dispatcher/posix.c:62 140589974820608: single write -1 of expected 8388608
11:06:58 ERROR /home/bsc03/bsc03353/forge/src/dispatcher/posix.c:61 140243168261888: r->filehandle = 36, r->size = 8388608, r->offset = 99354673152
11:06:58 ERROR /home/bsc03/bsc03353/forge/src/dispatcher/posix.c:62 140243168261888: single write -1 of expected 8388608
11:06:59 ERROR /home/bsc03/bsc03353/forge/src/dispatcher/posix.c:61 140234578310912: r->filehandle = 36, r->size = 8388608, r->offset = 97769226240
11:06:59 ERROR /home/bsc03/bsc03353/forge/src/dispatcher/posix.c:62 140234578310912: single write -1 of expected 8388608
11:07:00 ERROR /home/bsc03/bsc03353/forge/src/dispatcher/posix.c:61 140459932169984: r->filehandle = 35, r->size = 8388608, r->offset = 33118224384
11:07:00 ERROR /home/bsc03/bsc03353/forge/src/dispatcher/posix.c:61 140064282941184: r->filehandle = 36, r->size = 8388608, r->offset = 130711289856
11:07:00 ERROR /home/bsc03/bsc03353/forge/src/dispatcher/posix.c:62 140459932169984: single write -1 of expected 8388608
11:07:00 ERROR /home/bsc03/bsc03353/forge/src/dispatcher/posix.c:62 140064282941184: single write -1 of expected 8388608
11:07:02 ERROR /home/bsc03/bsc03353/forge/src/dispatcher/posix.c:61 140585679845120: r->filehandle = 36, r->size = 8388608, r->offset = 50734301184
11:07:02 ERROR /home/bsc03/bsc03353/forge/src/dispatcher/posix.c:62 140585679845120: single write -1 of expected 8388608
11:07:05 ERROR /home/bsc03/bsc03353/forge/src/dispatcher/posix.c:61 140570647430912: r->filehandle = 36, r->size = 8388608, r->offset = 56371445760
11:07:05 ERROR /home/bsc03/bsc03353/forge/src/dispatcher/posix.c:62 140570647430912: single write -1 of expected 8388608
11:07:05 ERROR /home/bsc03/bsc03353/forge/src/dispatcher/posix.c:61 140583532357376: r->filehandle = 36, r->size = 8388608, r->offset = 40869298176
11:07:05 ERROR /home/bsc03/bsc03353/forge/src/dispatcher/posix.c:62 140583532357376: single write -1 of expected 8388608
11:07:09 ERROR /home/bsc03/bsc03353/forge/src/dispatcher/posix.c:61 140581384869632: r->filehandle = 36, r->size = 8388608, r->offset = 64827162624
11:07:09 ERROR /home/bsc03/bsc03353/forge/src/dispatcher/posix.c:62 140581384869632: single write -1 of expected 8388608
11:07:10 ERROR /home/bsc03/bsc03353/forge/src/dispatcher/posix.c:61 140592122308352: r->filehandle = 36, r->size = 8388608, r->offset = 50381979648
11:07:10 ERROR /home/bsc03/bsc03353/forge/src/dispatcher/posix.c:62 140592122308352: single write -1 of expected 8388608
11:07:11 ERROR /home/bsc03/bsc03353/forge/src/dispatcher/posix.c:61 140566352455424: r->filehandle = 36, r->size = 8388608, r->offset = 41397780480
11:07:11 ERROR /home/bsc03/bsc03353/forge/src/dispatcher/posix.c:62 140566352455424: single write -1 of expected 8388608
11:07:12 ERROR /home/bsc03/bsc03353/forge/src/dispatcher/posix.c:61 140572794918656: r->filehandle = 36, r->size = 8388608, r->offset = 37874565120
11:07:12 ERROR /home/bsc03/bsc03353/forge/src/dispatcher/posix.c:62 140572794918656: single write -1 of expected 8388608
11:07:13 ERROR /home/bsc03/bsc03353/forge/src/dispatcher/posix.c:61 140596417283840: r->filehandle = 36, r->size = 8388608, r->offset = 35232153600
11:07:13 ERROR /home/bsc03/bsc03353/forge/src/dispatcher/posix.c:62 140596417283840: single write -1 of expected 8388608
11:07:15 ERROR /home/bsc03/bsc03353/forge/src/dispatcher/posix.c:61 140568499943168: r->filehandle = 36, r->size = 8388608, r->offset = 66236448768
11:07:15 ERROR /home/bsc03/bsc03353/forge/src/dispatcher/posix.c:62 140568499943168: single write -1 of expected 8388608
11:07:16 ERROR /home/bsc03/bsc03353/forge/src/dispatcher/posix.c:61 140574942406400: r->filehandle = 36, r->size = 8388608, r->offset = 36465278976
11:07:16 ERROR /home/bsc03/bsc03353/forge/src/dispatcher/posix.c:62 140574942406400: single write -1 of expected 8388608
11:07:17 ERROR /home/bsc03/bsc03353/forge/src/dispatcher/posix.c:61 140589974820608: r->filehandle = 36, r->size = 8388608, r->offset = 40340815872
11:07:17 ERROR /home/bsc03/bsc03353/forge/src/dispatcher/posix.c:62 140589974820608: single write -1 of expected 8388608
11:07:18 ERROR /home/bsc03/bsc03353/forge/src/dispatcher/posix.c:61 140579237381888: r->filehandle = 36, r->size = 8388608, r->offset = 58837696512
11:07:18 ERROR /home/bsc03/bsc03353/forge/src/dispatcher/posix.c:62 140579237381888: single write -1 of expected 8388608
11:07:19 ERROR /home/bsc03/bsc03353/forge/src/dispatcher/posix.c:61 140598564771584: r->filehandle = 36, r->size = 8388608, r->offset = 58661535744
11:07:19 ERROR /home/bsc03/bsc03353/forge/src/dispatcher/posix.c:62 140598564771584: single write -1 of expected 8388608
11:07:21 ERROR /home/bsc03/bsc03353/forge/src/dispatcher/posix.c:61 140587827332864: r->filehandle = 36, r->size = 8388608, r->offset = 53200551936
11:07:21 ERROR /home/bsc03/bsc03353/forge/src/dispatcher/posix.c:62 140587827332864: single write -1 of expected 8388608
11:07:22 ERROR /home/bsc03/bsc03353/forge/src/dispatcher/posix.c:61 140594269796096: r->filehandle = 36, r->size = 8388608, r->offset = 36289118208
11:07:22 ERROR /home/bsc03/bsc03353/forge/src/dispatcher/posix.c:62 140594269796096: single write -1 of expected 8388608
11:07:23 ERROR /home/bsc03/bsc03353/forge/src/dispatcher/posix.c:61 140577089894144: r->filehandle = 36, r->size = 8388608, r->offset = 59190018048
11:07:23 ERROR /home/bsc03/bsc03353/forge/src/dispatcher/posix.c:62 140577089894144: single write -1 of expected 8388608
11:07:25 ERROR /home/bsc03/bsc03353/forge/src/dispatcher/posix.c:61 140264643139328: r->filehandle = 36, r->size = 8388608, r->offset = 84909490176
11:07:25 ERROR /home/bsc03/bsc03353/forge/src/dispatcher/posix.c:62 140264643139328: single write -1 of expected 8388608
11:07:25 ERROR /home/bsc03/bsc03353/forge/src/dispatcher/posix.c:61 140049250526976: r->filehandle = 36, r->size = 8388608, r->offset = 107634229248
11:07:25 ERROR /home/bsc03/bsc03353/forge/src/dispatcher/posix.c:62 140049250526976: single write -1 of expected 8388608
11:07:27 ERROR /home/bsc03/bsc03353/forge/src/dispatcher/posix.c:61 140070725404416: r->filehandle = 36, r->size = 8388608, r->offset = 109043515392
11:07:27 ERROR /home/bsc03/bsc03353/forge/src/dispatcher/posix.c:62 140070725404416: single write -1 of expected 8388608
11:07:29 ERROR /home/bsc03/bsc03353/forge/src/dispatcher/posix.c:61 140062135453440: r->filehandle = 36, r->size = 8388608, r->offset = 125426466816
11:07:29 ERROR /home/bsc03/bsc03353/forge/src/dispatcher/posix.c:62 140062135453440: single write -1 of expected 8388608
11:07:31 ERROR /home/bsc03/bsc03353/forge/src/dispatcher/posix.c:61 140466374633216: r->filehandle = 35, r->size = 8388608, r->offset = 12331253760
11:07:31 ERROR /home/bsc03/bsc03353/forge/src/dispatcher/posix.c:62 140466374633216: single write -1 of expected 8388608
11:07:32 ERROR /home/bsc03/bsc03353/forge/src/dispatcher/posix.c:61 140585679845120: r->filehandle = 36, r->size = 8388608, r->offset = 44744835072
11:07:32 ERROR /home/bsc03/bsc03353/forge/src/dispatcher/posix.c:62 140585679845120: single write -1 of expected 8388608
11:07:32 ERROR /home/bsc03/bsc03353/forge/src/dispatcher/posix.c:61 140262495651584: r->filehandle = 36, r->size = 8388608, r->offset = 71168950272
11:07:32 ERROR /home/bsc03/bsc03353/forge/src/dispatcher/posix.c:62 140262495651584: single write -1 of expected 8388608
11:07:34 ERROR /home/bsc03/bsc03353/forge/src/dispatcher/posix.c:61 140234578310912: r->filehandle = 36, r->size = 8388608, r->offset = 85261811712
11:07:34 ERROR /home/bsc03/bsc03353/forge/src/dispatcher/posix.c:62 140234578310912: single write -1 of expected 8388608
11:07:34 ERROR /home/bsc03/bsc03353/forge/src/dispatcher/posix.c:61 140236725798656: r->filehandle = 36, r->size = 8388608, r->offset = 88080384000
11:07:34 ERROR /home/bsc03/bsc03353/forge/src/dispatcher/posix.c:62 140236725798656: single write -1 of expected 8388608
11:07:35 ERROR /home/bsc03/bsc03353/forge/src/dispatcher/posix.c:61 140044955551488: r->filehandle = 36, r->size = 8388608, r->offset = 116266106880
11:07:35 ERROR /home/bsc03/bsc03353/forge/src/dispatcher/posix.c:62 140044955551488: single write -1 of expected 8388608
11:07:37 ERROR /home/bsc03/bsc03353/forge/src/dispatcher/posix.c:61 140068577916672: r->filehandle = 36, r->size = 8388608, r->offset = 104639496192
11:07:37 ERROR /home/bsc03/bsc03353/forge/src/dispatcher/posix.c:62 140068577916672: single write -1 of expected 8388608
11:07:39 ERROR /home/bsc03/bsc03353/forge/src/dispatcher/posix.c:61 140598564771584: r->filehandle = 36, r->size = 8388608, r->offset = 49148854272
11:07:39 ERROR /home/bsc03/bsc03353/forge/src/dispatcher/posix.c:62 140598564771584: single write -1 of expected 8388608
11:07:39 ERROR /home/bsc03/bsc03353/forge/src/dispatcher/posix.c:61 140574942406400: r->filehandle = 36, r->size = 8388608, r->offset = 47563407360
11:07:39 ERROR /home/bsc03/bsc03353/forge/src/dispatcher/posix.c:62 140574942406400: single write -1 of expected 8388608
11:07:40 ERROR /home/bsc03/bsc03353/forge/src/dispatcher/posix.c:61 140455637194496: r->filehandle = 35, r->size = 8388608, r->offset = 22900899840
11:07:40 ERROR /home/bsc03/bsc03353/forge/src/dispatcher/posix.c:62 140455637194496: single write -1 of expected 8388608
11:07:43 ERROR /home/bsc03/bsc03353/forge/src/dispatcher/posix.c:61 140572794918656: r->filehandle = 36, r->size = 8388608, r->offset = 64474841088
11:07:43 ERROR /home/bsc03/bsc03353/forge/src/dispatcher/posix.c:62 140572794918656: single write -1 of expected 8388608
11:07:44 ERROR /home/bsc03/bsc03353/forge/src/dispatcher/posix.c:61 140570647430912: r->filehandle = 36, r->size = 8388608, r->offset = 67469574144
11:07:44 ERROR /home/bsc03/bsc03353/forge/src/dispatcher/posix.c:62 140570647430912: single write -1 of expected 8388608
11:07:46 ERROR /home/bsc03/bsc03353/forge/src/dispatcher/posix.c:61 140589974820608: r->filehandle = 36, r->size = 8388608, r->offset = 56195284992
11:07:46 ERROR /home/bsc03/bsc03353/forge/src/dispatcher/posix.c:62 140589974820608: single write -1 of expected 8388608
11:07:46 ERROR /home/bsc03/bsc03353/forge/src/dispatcher/posix.c:61 140592122308352: r->filehandle = 36, r->size = 8388608, r->offset = 55490641920
11:07:46 ERROR /home/bsc03/bsc03353/forge/src/dispatcher/posix.c:62 140592122308352: single write -1 of expected 8388608
11:07:47 ERROR /home/bsc03/bsc03353/forge/src/dispatcher/posix.c:61 140579237381888: r->filehandle = 36, r->size = 8388608, r->offset = 50205818880
11:07:47 ERROR /home/bsc03/bsc03353/forge/src/dispatcher/posix.c:62 140579237381888: single write -1 of expected 8388608
11:07:49 ERROR /home/bsc03/bsc03353/forge/src/dispatcher/posix.c:61 140581384869632: r->filehandle = 36, r->size = 8388608, r->offset = 41926262784
11:07:49 ERROR /home/bsc03/bsc03353/forge/src/dispatcher/posix.c:62 140581384869632: single write -1 of expected 8388608
11:07:49 ERROR /home/bsc03/bsc03353/forge/src/dispatcher/posix.c:61 140583532357376: r->filehandle = 36, r->size = 8388608, r->offset = 61832429568
11:07:49 ERROR /home/bsc03/bsc03353/forge/src/dispatcher/posix.c:62 140583532357376: single write -1 of expected 8388608
11:07:52 ERROR /home/bsc03/bsc03353/forge/src/dispatcher/posix.c:61 140568499943168: r->filehandle = 36, r->size = 8388608, r->offset = 61656268800
11:07:52 ERROR /home/bsc03/bsc03353/forge/src/dispatcher/posix.c:62 140568499943168: single write -1 of expected 8388608
11:07:52 ERROR /home/bsc03/bsc03353/forge/src/dispatcher/posix.c:61 140566352455424: r->filehandle = 36, r->size = 8388608, r->offset = 54785998848
11:07:52 ERROR /home/bsc03/bsc03353/forge/src/dispatcher/posix.c:62 140566352455424: single write -1 of expected 8388608
11:07:53 ERROR /home/bsc03/bsc03353/forge/src/dispatcher/posix.c:61 140587827332864: r->filehandle = 36, r->size = 8388608, r->offset = 38226886656
11:07:53 ERROR /home/bsc03/bsc03353/forge/src/dispatcher/posix.c:62 140587827332864: single write -1 of expected 8388608
11:07:53 ERROR /home/bsc03/bsc03353/forge/src/dispatcher/posix.c:61 140594269796096: r->filehandle = 36, r->size = 8388608, r->offset = 36112957440
11:07:53 ERROR /home/bsc03/bsc03353/forge/src/dispatcher/posix.c:62 140594269796096: single write -1 of expected 8388608
11:07:54 ERROR /home/bsc03/bsc03353/forge/src/dispatcher/posix.c:61 140577089894144: r->filehandle = 36, r->size = 8388608, r->offset = 50558140416
11:07:54 ERROR /home/bsc03/bsc03353/forge/src/dispatcher/posix.c:62 140577089894144: single write -1 of expected 8388608
11:07:55 ERROR /home/bsc03/bsc03353/forge/src/dispatcher/posix.c:61 140596417283840: r->filehandle = 36, r->size = 8388608, r->offset = 47739568128
11:07:55 ERROR /home/bsc03/bsc03353/forge/src/dispatcher/posix.c:62 140596417283840: single write -1 of expected 8388608
11:07:56 ERROR /home/bsc03/bsc03353/forge/src/dispatcher/posix.c:61 140238873286400: r->filehandle = 36, r->size = 8388608, r->offset = 88432705536
11:07:56 ERROR /home/bsc03/bsc03353/forge/src/dispatcher/posix.c:62 140238873286400: single write -1 of expected 8388608
11:07:58 ERROR /home/bsc03/bsc03353/forge/src/dispatcher/posix.c:61 140234578310912: r->filehandle = 36, r->size = 8388608, r->offset = 96888422400
11:07:58 ERROR /home/bsc03/bsc03353/forge/src/dispatcher/posix.c:62 140234578310912: single write -1 of expected 8388608
11:08:00 ERROR /home/bsc03/bsc03353/forge/src/dispatcher/posix.c:61 140598564771584: r->filehandle = 36, r->size = 8388608, r->offset = 46330281984
11:08:00 ERROR /home/bsc03/bsc03353/forge/src/dispatcher/posix.c:62 140598564771584: single write -1 of expected 8388608
11:08:01 ERROR /home/bsc03/bsc03353/forge/src/dispatcher/posix.c:61 140570647430912: r->filehandle = 36, r->size = 8388608, r->offset = 60423143424
11:08:01 ERROR /home/bsc03/bsc03353/forge/src/dispatcher/posix.c:62 140570647430912: single write -1 of expected 8388608
11:08:02 ERROR /home/bsc03/bsc03353/forge/src/dispatcher/posix.c:61 140577089894144: r->filehandle = 36, r->size = 8388608, r->offset = 39107690496
11:08:02 ERROR /home/bsc03/bsc03353/forge/src/dispatcher/posix.c:62 140577089894144: single write -1 of expected 8388608
11:08:03 ERROR /home/bsc03/bsc03353/forge/src/dispatcher/posix.c:61 140579237381888: r->filehandle = 36, r->size = 8388608, r->offset = 44920995840
11:08:03 ERROR /home/bsc03/bsc03353/forge/src/dispatcher/posix.c:62 140579237381888: single write -1 of expected 8388608
11:08:05 ERROR /home/bsc03/bsc03353/forge/src/dispatcher/posix.c:61 140583532357376: r->filehandle = 36, r->size = 8388608, r->offset = 47387246592
11:08:05 ERROR /home/bsc03/bsc03353/forge/src/dispatcher/posix.c:62 140583532357376: single write -1 of expected 8388608
11:08:06 ERROR /home/bsc03/bsc03353/forge/src/dispatcher/posix.c:61 140589974820608: r->filehandle = 36, r->size = 8388608, r->offset = 55842963456
11:08:06 ERROR /home/bsc03/bsc03353/forge/src/dispatcher/posix.c:62 140589974820608: single write -1 of expected 8388608
11:08:07 ERROR /home/bsc03/bsc03353/forge/src/dispatcher/posix.c:61 140596417283840: r->filehandle = 36, r->size = 8388608, r->offset = 64651001856
11:08:07 ERROR /home/bsc03/bsc03353/forge/src/dispatcher/posix.c:62 140596417283840: single write -1 of expected 8388608
11:08:11 ERROR /home/bsc03/bsc03353/forge/src/dispatcher/posix.c:61 140581384869632: r->filehandle = 36, r->size = 8388608, r->offset = 59366178816
11:08:11 ERROR /home/bsc03/bsc03353/forge/src/dispatcher/posix.c:62 140581384869632: single write -1 of expected 8388608
11:08:12 ERROR /home/bsc03/bsc03353/forge/src/dispatcher/posix.c:61 140568499943168: r->filehandle = 36, r->size = 8388608, r->offset = 33999028224
11:08:12 ERROR /home/bsc03/bsc03353/forge/src/dispatcher/posix.c:62 140568499943168: single write -1 of expected 8388608
11:08:13 ERROR /home/bsc03/bsc03353/forge/src/dispatcher/posix.c:61 140572794918656: r->filehandle = 36, r->size = 8388608, r->offset = 39283851264
11:08:13 ERROR /home/bsc03/bsc03353/forge/src/dispatcher/posix.c:62 140572794918656: single write -1 of expected 8388608
11:08:13 ERROR /home/bsc03/bsc03353/forge/src/dispatcher/posix.c:61 140566352455424: r->filehandle = 36, r->size = 8388608, r->offset = 56019124224
11:08:13 ERROR /home/bsc03/bsc03353/forge/src/dispatcher/posix.c:62 140566352455424: single write -1 of expected 8388608
11:08:14 ERROR /home/bsc03/bsc03353/forge/src/dispatcher/posix.c:61 140587827332864: r->filehandle = 36, r->size = 8388608, r->offset = 43864031232
11:08:14 ERROR /home/bsc03/bsc03353/forge/src/dispatcher/posix.c:62 140587827332864: single write -1 of expected 8388608
11:08:16 ERROR /home/bsc03/bsc03353/forge/src/dispatcher/posix.c:61 140592122308352: r->filehandle = 36, r->size = 8388608, r->offset = 67293413376
11:08:16 ERROR /home/bsc03/bsc03353/forge/src/dispatcher/posix.c:62 140592122308352: single write -1 of expected 8388608
11:08:17 ERROR /home/bsc03/bsc03353/forge/src/dispatcher/posix.c:61 140574942406400: r->filehandle = 36, r->size = 8388608, r->offset = 59013857280
11:08:17 ERROR /home/bsc03/bsc03353/forge/src/dispatcher/posix.c:62 140574942406400: single write -1 of expected 8388608
11:08:23 ERROR /home/bsc03/bsc03353/forge/src/dispatcher/posix.c:61 140594269796096: r->filehandle = 36, r->size = 8388608, r->offset = 35055992832
11:08:23 ERROR /home/bsc03/bsc03353/forge/src/dispatcher/posix.c:62 140594269796096: single write -1 of expected 8388608
11:08:23 ERROR /home/bsc03/bsc03353/forge/src/dispatcher/posix.c:61 140585679845120: r->filehandle = 36, r->size = 8388608, r->offset = 56547606528
11:08:23 ERROR /home/bsc03/bsc03353/forge/src/dispatcher/posix.c:62 140585679845120: single write -1 of expected 8388608
11:08:24 ERROR /home/bsc03/bsc03353/forge/src/dispatcher/posix.c:61 140481407047424: r->filehandle = 35, r->size = 8388608, r->offset = 26424115200
11:08:24 ERROR /home/bsc03/bsc03353/forge/src/dispatcher/posix.c:62 140481407047424: single write -1 of expected 8388608
11:08:27 ERROR /home/bsc03/bsc03353/forge/src/dispatcher/posix.c:61 140066430428928: r->filehandle = 36, r->size = 8388608, r->offset = 103406370816
11:08:27 ERROR /home/bsc03/bsc03353/forge/src/dispatcher/posix.c:62 140066430428928: single write -1 of expected 8388608
11:08:28 ERROR /home/bsc03/bsc03353/forge/src/dispatcher/posix.c:61 140256053188352: r->filehandle = 36, r->size = 8388608, r->offset = 97945387008
11:08:28 ERROR /home/bsc03/bsc03353/forge/src/dispatcher/posix.c:62 140256053188352: single write -1 of expected 8388608
11:08:31 ERROR /home/bsc03/bsc03353/forge/src/dispatcher/posix.c:61 140251758212864: r->filehandle = 36, r->size = 8388608, r->offset = 100587798528
11:08:31 ERROR /home/bsc03/bsc03353/forge/src/dispatcher/posix.c:62 140251758212864: single write -1 of expected 8388608
11:08:31 ERROR /home/bsc03/bsc03353/forge/src/dispatcher/posix.c:61 140253905700608: r->filehandle = 36, r->size = 8388608, r->offset = 96183779328
11:08:31 ERROR /home/bsc03/bsc03353/forge/src/dispatcher/posix.c:62 140253905700608: single write -1 of expected 8388608
11:08:31 ERROR /home/bsc03/bsc03353/forge/src/dispatcher/posix.c:61 140258200676096: r->filehandle = 36, r->size = 8388608, r->offset = 89489670144
11:08:31 ERROR /home/bsc03/bsc03353/forge/src/dispatcher/posix.c:62 140258200676096: single write -1 of expected 8388608
11:08:34 ERROR /home/bsc03/bsc03353/forge/src/dispatcher/posix.c:61 140262495651584: r->filehandle = 36, r->size = 8388608, r->offset = 79272345600
11:08:34 ERROR /home/bsc03/bsc03353/forge/src/dispatcher/posix.c:62 140262495651584: single write -1 of expected 8388608
11:08:35 ERROR /home/bsc03/bsc03353/forge/src/dispatcher/posix.c:61 140247463237376: r->filehandle = 36, r->size = 8388608, r->offset = 95655297024
11:08:35 ERROR /home/bsc03/bsc03353/forge/src/dispatcher/posix.c:62 140247463237376: single write -1 of expected 8388608
11:08:35 ERROR /home/bsc03/bsc03353/forge/src/dispatcher/posix.c:61 140585679845120: r->filehandle = 36, r->size = 8388608, r->offset = 65003323392
11:08:35 ERROR /home/bsc03/bsc03353/forge/src/dispatcher/posix.c:62 140585679845120: single write -1 of expected 8388608
11:08:36 ERROR /home/bsc03/bsc03353/forge/src/dispatcher/posix.c:61 140464227145472: r->filehandle = 35, r->size = 8388608, r->offset = 352321536
11:08:36 ERROR /home/bsc03/bsc03353/forge/src/dispatcher/posix.c:62 140464227145472: single write -1 of expected 8388608
11:08:37 ERROR /home/bsc03/bsc03353/forge/src/dispatcher/posix.c:61 140040660576000: r->filehandle = 36, r->size = 8388608, r->offset = 102525566976
11:08:37 ERROR /home/bsc03/bsc03353/forge/src/dispatcher/posix.c:62 140040660576000: single write -1 of expected 8388608
11:08:38 ERROR /home/bsc03/bsc03353/forge/src/dispatcher/posix.c:61 140260348163840: r->filehandle = 36, r->size = 8388608, r->offset = 79976988672
11:08:38 ERROR /home/bsc03/bsc03353/forge/src/dispatcher/posix.c:62 140260348163840: single write -1 of expected 8388608
11:08:39 ERROR /home/bsc03/bsc03353/forge/src/dispatcher/posix.c:61 140594269796096: r->filehandle = 36, r->size = 8388608, r->offset = 64298680320
11:08:39 ERROR /home/bsc03/bsc03353/forge/src/dispatcher/posix.c:62 140594269796096: single write -1 of expected 8388608
11:08:40 ERROR /home/bsc03/bsc03353/forge/src/dispatcher/posix.c:61 140574942406400: r->filehandle = 36, r->size = 8388608, r->offset = 66060288000
11:08:40 ERROR /home/bsc03/bsc03353/forge/src/dispatcher/posix.c:62 140574942406400: single write -1 of expected 8388608
11:08:42 ERROR /home/bsc03/bsc03353/forge/src/dispatcher/posix.c:61 140587827332864: r->filehandle = 36, r->size = 8388608, r->offset = 46682603520
11:08:42 ERROR /home/bsc03/bsc03353/forge/src/dispatcher/posix.c:62 140587827332864: single write -1 of expected 8388608
11:08:45 ERROR /home/bsc03/bsc03353/forge/src/dispatcher/posix.c:61 140592122308352: r->filehandle = 36, r->size = 8388608, r->offset = 42454745088
11:08:45 ERROR /home/bsc03/bsc03353/forge/src/dispatcher/posix.c:62 140592122308352: single write -1 of expected 8388608
11:08:46 ERROR /home/bsc03/bsc03353/forge/src/dispatcher/posix.c:61 140581384869632: r->filehandle = 36, r->size = 8388608, r->offset = 43159388160
11:08:46 ERROR /home/bsc03/bsc03353/forge/src/dispatcher/posix.c:62 140581384869632: single write -1 of expected 8388608
11:08:47 ERROR /home/bsc03/bsc03353/forge/src/dispatcher/posix.c:61 140570647430912: r->filehandle = 36, r->size = 8388608, r->offset = 42102423552
11:08:47 ERROR /home/bsc03/bsc03353/forge/src/dispatcher/posix.c:62 140570647430912: single write -1 of expected 8388608
11:08:49 ERROR /home/bsc03/bsc03353/forge/src/dispatcher/posix.c:61 140579237381888: r->filehandle = 36, r->size = 8388608, r->offset = 51615105024
11:08:49 ERROR /home/bsc03/bsc03353/forge/src/dispatcher/posix.c:62 140579237381888: single write -1 of expected 8388608
11:08:51 ERROR /home/bsc03/bsc03353/forge/src/dispatcher/posix.c:61 140577089894144: r->filehandle = 36, r->size = 8388608, r->offset = 39636172800
11:08:51 ERROR /home/bsc03/bsc03353/forge/src/dispatcher/posix.c:62 140577089894144: single write -1 of expected 8388608
11:08:53 ERROR /home/bsc03/bsc03353/forge/src/dispatcher/posix.c:61 140459932169984: r->filehandle = 35, r->size = 8388608, r->offset = 20434649088
11:08:53 ERROR /home/bsc03/bsc03353/forge/src/dispatcher/posix.c:62 140459932169984: single write -1 of expected 8388608
11:08:54 ERROR /home/bsc03/bsc03353/forge/src/dispatcher/posix.c:61 140455637194496: r->filehandle = 35, r->size = 8388608, r->offset = 31708938240
11:08:54 ERROR /home/bsc03/bsc03353/forge/src/dispatcher/posix.c:62 140455637194496: single write -1 of expected 8388608
11:08:55 ERROR /home/bsc03/bsc03353/forge/src/dispatcher/posix.c:61 140457784682240: r->filehandle = 35, r->size = 8388608, r->offset = 20786970624
11:08:55 ERROR /home/bsc03/bsc03353/forge/src/dispatcher/posix.c:62 140457784682240: single write -1 of expected 8388608
11:08:56 ERROR /home/bsc03/bsc03353/forge/src/dispatcher/posix.c:61 140470669608704: r->filehandle = 35, r->size = 8388608, r->offset = 28538044416
11:08:56 ERROR /home/bsc03/bsc03353/forge/src/dispatcher/posix.c:62 140470669608704: single write -1 of expected 8388608
11:08:58 ERROR /home/bsc03/bsc03353/forge/src/dispatcher/posix.c:61 140466374633216: r->filehandle = 35, r->size = 8388608, r->offset = 6341787648
11:08:58 ERROR /home/bsc03/bsc03353/forge/src/dispatcher/posix.c:62 140466374633216: single write -1 of expected 8388608
11:08:59 ERROR /home/bsc03/bsc03353/forge/src/dispatcher/posix.c:61 140068577916672: r->filehandle = 36, r->size = 8388608, r->offset = 122607894528
11:08:59 ERROR /home/bsc03/bsc03353/forge/src/dispatcher/posix.c:62 140068577916672: single write -1 of expected 8388608
11:09:00 ERROR /home/bsc03/bsc03353/forge/src/dispatcher/posix.c:61 140251758212864: r->filehandle = 36, r->size = 8388608, r->offset = 81738596352
11:09:00 ERROR /home/bsc03/bsc03353/forge/src/dispatcher/posix.c:62 140251758212864: single write -1 of expected 8388608
11:09:01 ERROR /home/bsc03/bsc03353/forge/src/dispatcher/posix.c:61 140568499943168: r->filehandle = 36, r->size = 8388608, r->offset = 40693137408
11:09:01 ERROR /home/bsc03/bsc03353/forge/src/dispatcher/posix.c:62 140568499943168: single write -1 of expected 8388608
11:09:01 ERROR /home/bsc03/bsc03353/forge/src/dispatcher/posix.c:61 140462079657728: r->filehandle = 35, r->size = 8388608, r->offset = 3170893824
11:09:01 ERROR /home/bsc03/bsc03353/forge/src/dispatcher/posix.c:62 140462079657728: single write -1 of expected 8388608
11:09:02 ERROR /home/bsc03/bsc03353/forge/src/dispatcher/posix.c:61 140243168261888: r->filehandle = 36, r->size = 8388608, r->offset = 82443239424
11:09:02 ERROR /home/bsc03/bsc03353/forge/src/dispatcher/posix.c:61 140044955551488: r->filehandle = 36, r->size = 8388608, r->offset = 113447534592
11:09:02 ERROR /home/bsc03/bsc03353/forge/src/dispatcher/posix.c:62 140044955551488: single write -1 of expected 8388608
11:09:02 ERROR /home/bsc03/bsc03353/forge/src/dispatcher/posix.c:62 140243168261888: single write -1 of expected 8388608
11:09:03 ERROR /home/bsc03/bsc03353/forge/src/dispatcher/posix.c:61 140236725798656: r->filehandle = 36, r->size = 8388608, r->offset = 98650030080
11:09:03 ERROR /home/bsc03/bsc03353/forge/src/dispatcher/posix.c:62 140236725798656: single write -1 of expected 8388608
11:09:05 ERROR /home/bsc03/bsc03353/forge/src/dispatcher/posix.c:61 140234578310912: r->filehandle = 36, r->size = 8388608, r->offset = 83676364800
11:09:05 ERROR /home/bsc03/bsc03353/forge/src/dispatcher/posix.c:62 140234578310912: single write -1 of expected 8388608
11:09:08 ERROR /home/bsc03/bsc03353/forge/src/dispatcher/posix.c:61 140583532357376: r->filehandle = 36, r->size = 8388608, r->offset = 45977960448
11:09:08 ERROR /home/bsc03/bsc03353/forge/src/dispatcher/posix.c:62 140583532357376: single write -1 of expected 8388608
11:09:08 ERROR /home/bsc03/bsc03353/forge/src/dispatcher/posix.c:61 140589974820608: r->filehandle = 36, r->size = 8388608, r->offset = 60775464960
11:09:08 ERROR /home/bsc03/bsc03353/forge/src/dispatcher/posix.c:62 140589974820608: single write -1 of expected 8388608
11:09:10 ERROR /home/bsc03/bsc03353/forge/src/dispatcher/posix.c:61 140585679845120: r->filehandle = 36, r->size = 8388608, r->offset = 52319748096
11:09:10 ERROR /home/bsc03/bsc03353/forge/src/dispatcher/posix.c:62 140585679845120: single write -1 of expected 8388608
11:09:12 ERROR /home/bsc03/bsc03353/forge/src/dispatcher/posix.c:61 140481407047424: r->filehandle = 35, r->size = 8388608, r->offset = 1409286144
11:09:12 ERROR /home/bsc03/bsc03353/forge/src/dispatcher/posix.c:62 140481407047424: single write -1 of expected 8388608
11:09:12 ERROR /home/bsc03/bsc03353/forge/src/dispatcher/posix.c:61 140474964584192: r->filehandle = 35, r->size = 8388608, r->offset = 5989466112
11:09:12 ERROR /home/bsc03/bsc03353/forge/src/dispatcher/posix.c:62 140474964584192: single write -1 of expected 8388608
11:09:14 ERROR /home/bsc03/bsc03353/forge/src/dispatcher/posix.c:61 140068577916672: r->filehandle = 36, r->size = 8388608, r->offset = 131768254464
11:09:14 ERROR /home/bsc03/bsc03353/forge/src/dispatcher/posix.c:62 140068577916672: single write -1 of expected 8388608
11:09:15 ERROR /home/bsc03/bsc03353/forge/src/dispatcher/posix.c:61 140264643139328: r->filehandle = 36, r->size = 8388608, r->offset = 83852525568
11:09:15 ERROR /home/bsc03/bsc03353/forge/src/dispatcher/posix.c:62 140264643139328: single write -1 of expected 8388608
11:09:17 ERROR /home/bsc03/bsc03353/forge/src/dispatcher/posix.c:61 140572794918656: r->filehandle = 36, r->size = 8388608, r->offset = 63241715712
11:09:17 ERROR /home/bsc03/bsc03353/forge/src/dispatcher/posix.c:62 140572794918656: single write -1 of expected 8388608
11:09:19 ERROR /home/bsc03/bsc03353/forge/src/dispatcher/posix.c:61 140477112071936: r->filehandle = 35, r->size = 8388608, r->offset = 25895632896
11:09:19 ERROR /home/bsc03/bsc03353/forge/src/dispatcher/posix.c:62 140477112071936: single write -1 of expected 8388608
11:09:20 ERROR /home/bsc03/bsc03353/forge/src/dispatcher/posix.c:61 140462079657728: r->filehandle = 35, r->size = 8388608, r->offset = 23605542912
11:09:20 ERROR /home/bsc03/bsc03353/forge/src/dispatcher/posix.c:62 140462079657728: single write -1 of expected 8388608
11:09:20 ERROR /home/bsc03/bsc03353/forge/src/dispatcher/posix.c:61 140049250526976: r->filehandle = 36, r->size = 8388608, r->offset = 124369502208
11:09:21 ERROR /home/bsc03/bsc03353/forge/src/dispatcher/posix.c:62 140049250526976: single write -1 of expected 8388608
11:09:22 ERROR /home/bsc03/bsc03353/forge/src/dispatcher/posix.c:61 140247463237376: r->filehandle = 36, r->size = 8388608, r->offset = 94246010880
11:09:22 ERROR /home/bsc03/bsc03353/forge/src/dispatcher/posix.c:62 140247463237376: single write -1 of expected 8388608
11:09:22 ERROR /home/bsc03/bsc03353/forge/src/dispatcher/posix.c:61 140566352455424: r->filehandle = 36, r->size = 8388608, r->offset = 61480108032
11:09:22 ERROR /home/bsc03/bsc03353/forge/src/dispatcher/posix.c:62 140566352455424: single write -1 of expected 8388608
11:09:23 ERROR /home/bsc03/bsc03353/forge/src/dispatcher/posix.c:61 140449194731264: r->filehandle = 35, r->size = 8388608, r->offset = 5284823040
11:09:23 ERROR /home/bsc03/bsc03353/forge/src/dispatcher/posix.c:62 140449194731264: single write -1 of expected 8388608
11:09:23 ERROR /home/bsc03/bsc03353/forge/src/dispatcher/posix.c:61 140053545502464: r->filehandle = 36, r->size = 8388608, r->offset = 104815656960
11:09:23 ERROR /home/bsc03/bsc03353/forge/src/dispatcher/posix.c:62 140053545502464: single write -1 of expected 8388608
11:09:23 ERROR /home/bsc03/bsc03353/forge/src/dispatcher/posix.c:61 140249610725120: r->filehandle = 36, r->size = 8388608, r->offset = 93012885504
11:09:23 ERROR /home/bsc03/bsc03353/forge/src/dispatcher/posix.c:62 140249610725120: single write -1 of expected 8388608
11:09:25 ERROR /home/bsc03/bsc03353/forge/src/dispatcher/posix.c:61 140577089894144: r->filehandle = 36, r->size = 8388608, r->offset = 50910461952
11:09:25 ERROR /home/bsc03/bsc03353/forge/src/dispatcher/posix.c:62 140577089894144: single write -1 of expected 8388608
11:09:25 ERROR /home/bsc03/bsc03353/forge/src/dispatcher/posix.c:61 140579237381888: r->filehandle = 36, r->size = 8388608, r->offset = 62889394176
11:09:25 ERROR /home/bsc03/bsc03353/forge/src/dispatcher/posix.c:62 140579237381888: single write -1 of expected 8388608
slurmstepd: error: *** JOB 8730411 ON s03r1b58 CANCELLED AT 2020-02-07T11:09:25 DUE TO TIME LIMIT ***
--------------------------------------------------------------------------
ORTE has lost communication with a remote daemon.

  HNP daemon   : [[39288,0],0] on node s03r1b58
  Remote daemon: [[39288,0],2] on node s03r1b61

This is usually due to either a failure of the TCP network
connection to the node, or possibly an internal failure of
the daemon itself. We cannot recover from this failure, and
therefore will terminate the job.
--------------------------------------------------------------------------
