Set GCC compilers as MPI wrappers backend 
remove impi/2017.4 (PATH, MANPATH, LD_LIBRARY_PATH) 
load openmpi/4.0.2_UCX (PATH, MANPATH, LD_LIBRARY_PATH) 
Set GCC compilers as MPI wrappers backend 
load gsl/2.4 (PATH, LD_LIBRARY_PATH, LIBRARY_PATH, MANPATH, INFOPATH,
C_INCLUDE_PATH, CPLUS_INCLUDE_PATH, PKG_CONFIG_PATH, GSL_DIR) 
08:15:46 INFO  /home/bsc03/bsc03353/forge/src/main.c:107 139622014019648: I/O Forwarding Exploration [START]
Will AGIOS generate trace files? NO
Default scheduling algorithm: TO
TWINS window size: 1000000
Will the Prediction Module read information from trace files? NO
File with access time functions: /home/bsc03/bsc03353/forge/agios/access_times.func
AGIOS thinks its user has stripe size of 32768
Will AGIOS generate trace files? NO
Default scheduling algorithm: TO
TWINS window size: 1000000
Will the Prediction Module read information from trace files? NO
File with access time functions: /home/bsc03/bsc03353/forge/agios/access_times.func
AGIOS thinks its user has stripe size of 32768
Will AGIOS generate trace files? NO
Default scheduling algorithm: TO
TWINS window size: 1000000
Will the Prediction Module read information from trace files? NO
File with access time functions: /home/bsc03/bsc03353/forge/agios/access_times.func
AGIOS thinks its user has stripe size of 32768
Will AGIOS generate trace files? NO
Default scheduling algorithm: TO
TWINS window size: 1000000
Will the Prediction Module read information from trace files? NO
File with access time functions: /home/bsc03/bsc03353/forge/agios/access_times.func
AGIOS thinks its user has stripe size of 32768
08:20:37 ERROR /home/bsc03/bsc03353/forge/src/dispatcher/posix.c:61 140305465935616: r->filehandle = 37, r->size = 4194304, r->offset = 0
08:20:37 ERROR /home/bsc03/bsc03353/forge/src/dispatcher/posix.c:62 140305465935616: single write -1 of expected 4194304
08:20:37 ERROR /home/bsc03/bsc03353/forge/src/dispatcher/posix.c:61 139612780988160: r->filehandle = 113, r->size = 4194304, r->offset = 0
08:20:37 ERROR /home/bsc03/bsc03353/forge/src/dispatcher/posix.c:62 139612780988160: single write -1 of expected 4194304
08:20:37 ERROR /home/bsc03/bsc03353/forge/src/dispatcher/posix.c:61 140133010523904: r->filehandle = 37, r->size = 4194304, r->offset = 0
08:20:37 ERROR /home/bsc03/bsc03353/forge/src/dispatcher/posix.c:62 140133010523904: single write -1 of expected 4194304
08:20:38 ERROR /home/bsc03/bsc03353/forge/src/dispatcher/posix.c:61 140296875984640: r->filehandle = 119, r->size = 4194304, r->offset = 0
08:20:38 ERROR /home/bsc03/bsc03353/forge/src/dispatcher/posix.c:61 139591306110720: r->filehandle = 130, r->size = 4194304, r->offset = 0
08:20:38 ERROR /home/bsc03/bsc03353/forge/src/dispatcher/posix.c:61 139827803096832: r->filehandle = 62, r->size = 4194304, r->offset = 0
08:20:38 ERROR /home/bsc03/bsc03353/forge/src/dispatcher/posix.c:62 140296875984640: single write -1 of expected 4194304
08:20:38 ERROR /home/bsc03/bsc03353/forge/src/dispatcher/posix.c:62 139591306110720: single write -1 of expected 4194304
08:20:38 ERROR /home/bsc03/bsc03353/forge/src/dispatcher/posix.c:62 139827803096832: single write -1 of expected 4194304
08:20:38 ERROR /home/bsc03/bsc03353/forge/src/dispatcher/posix.c:61 140130863036160: r->filehandle = 49, r->size = 4194304, r->offset = 0
08:20:38 ERROR /home/bsc03/bsc03353/forge/src/dispatcher/posix.c:62 140130863036160: single write -1 of expected 4194304
08:20:40 ERROR /home/bsc03/bsc03353/forge/src/dispatcher/posix.c:61 140137305499392: r->filehandle = 65, r->size = 4194304, r->offset = 0
08:20:40 ERROR /home/bsc03/bsc03353/forge/src/dispatcher/posix.c:62 140137305499392: single write -1 of expected 4194304
08:20:41 ERROR /home/bsc03/bsc03353/forge/src/dispatcher/posix.c:61 139804180731648: r->filehandle = 48, r->size = 4194304, r->offset = 0
08:20:41 ERROR /home/bsc03/bsc03353/forge/src/dispatcher/posix.c:62 139804180731648: single write -1 of expected 4194304
08:20:41 ERROR /home/bsc03/bsc03353/forge/src/dispatcher/posix.c:61 139584863647488: r->filehandle = 94, r->size = 4194304, r->offset = 0
08:20:41 ERROR /home/bsc03/bsc03353/forge/src/dispatcher/posix.c:62 139584863647488: single write -1 of expected 4194304
08:20:42 ERROR /home/bsc03/bsc03353/forge/src/dispatcher/posix.c:61 140150190425856: r->filehandle = 127, r->size = 4194304, r->offset = 0
08:20:42 ERROR /home/bsc03/bsc03353/forge/src/dispatcher/posix.c:62 140150190425856: single write -1 of expected 4194304
08:20:42 ERROR /home/bsc03/bsc03353/forge/src/dispatcher/posix.c:61 139614928475904: r->filehandle = 107, r->size = 4194304, r->offset = 0
08:20:42 ERROR /home/bsc03/bsc03353/forge/src/dispatcher/posix.c:61 139799885756160: r->filehandle = 96, r->size = 4194304, r->offset = 0
08:20:42 ERROR /home/bsc03/bsc03353/forge/src/dispatcher/posix.c:62 139799885756160: single write -1 of expected 4194304
08:20:42 ERROR /home/bsc03/bsc03353/forge/src/dispatcher/posix.c:62 139614928475904: single write -1 of expected 4194304
08:20:42 ERROR /home/bsc03/bsc03353/forge/src/dispatcher/posix.c:61 140143747962624: r->filehandle = 112, r->size = 4194304, r->offset = 0
08:20:42 ERROR /home/bsc03/bsc03353/forge/src/dispatcher/posix.c:62 140143747962624: single write -1 of expected 4194304
08:20:43 ERROR /home/bsc03/bsc03353/forge/src/dispatcher/posix.c:61 139604191037184: r->filehandle = 68, r->size = 4194304, r->offset = 0
08:20:43 ERROR /home/bsc03/bsc03353/forge/src/dispatcher/posix.c:61 139823508121344: r->filehandle = 43, r->size = 4194304, r->offset = 0
08:20:43 ERROR /home/bsc03/bsc03353/forge/src/dispatcher/posix.c:62 139823508121344: single write -1 of expected 4194304
08:20:43 ERROR /home/bsc03/bsc03353/forge/src/dispatcher/posix.c:62 139604191037184: single write -1 of expected 4194304
08:20:44 ERROR /home/bsc03/bsc03353/forge/src/dispatcher/posix.c:61 140326940813056: r->filehandle = 70, r->size = 4194304, r->offset = 0
08:20:44 ERROR /home/bsc03/bsc03353/forge/src/dispatcher/posix.c:62 140326940813056: single write -1 of expected 4194304
08:20:45 ERROR /home/bsc03/bsc03353/forge/src/dispatcher/posix.c:61 140135158011648: r->filehandle = 114, r->size = 4194304, r->offset = 0
08:20:45 ERROR /home/bsc03/bsc03353/forge/src/dispatcher/posix.c:62 140135158011648: single write -1 of expected 4194304
08:20:46 ERROR /home/bsc03/bsc03353/forge/src/dispatcher/posix.c:61 140311908398848: r->filehandle = 58, r->size = 4194304, r->offset = 0
08:20:46 ERROR /home/bsc03/bsc03353/forge/src/dispatcher/posix.c:62 140311908398848: single write -1 of expected 4194304
08:20:46 ERROR /home/bsc03/bsc03353/forge/src/dispatcher/posix.c:61 139821360633600: r->filehandle = 79, r->size = 4194304, r->offset = 0
08:20:46 ERROR /home/bsc03/bsc03353/forge/src/dispatcher/posix.c:62 139821360633600: single write -1 of expected 4194304
08:20:47 ERROR /home/bsc03/bsc03353/forge/src/dispatcher/posix.c:61 140156632889088: r->filehandle = 36, r->size = 4194304, r->offset = 0
08:20:47 ERROR /home/bsc03/bsc03353/forge/src/dispatcher/posix.c:62 140156632889088: single write -1 of expected 4194304
08:20:47 ERROR /home/bsc03/bsc03353/forge/src/dispatcher/posix.c:61 140303318447872: r->filehandle = 87, r->size = 4194304, r->offset = 0
08:20:47 ERROR /home/bsc03/bsc03353/forge/src/dispatcher/posix.c:62 140303318447872: single write -1 of expected 4194304
08:20:47 ERROR /home/bsc03/bsc03353/forge/src/dispatcher/posix.c:61 140152337913600: r->filehandle = 89, r->size = 4194304, r->offset = 0
08:20:47 ERROR /home/bsc03/bsc03353/forge/src/dispatcher/posix.c:62 140152337913600: single write -1 of expected 4194304
08:20:48 ERROR /home/bsc03/bsc03353/forge/src/dispatcher/posix.c:61 139610633500416: r->filehandle = 121, r->size = 4194304, r->offset = 0
08:20:48 ERROR /home/bsc03/bsc03353/forge/src/dispatcher/posix.c:61 139804180731648: r->filehandle = 104, r->size = 4194304, r->offset = 0
08:20:48 ERROR /home/bsc03/bsc03353/forge/src/dispatcher/posix.c:62 139804180731648: single write -1 of expected 4194304
08:20:48 ERROR /home/bsc03/bsc03353/forge/src/dispatcher/posix.c:62 139610633500416: single write -1 of expected 4194304
08:20:48 ERROR /home/bsc03/bsc03353/forge/src/dispatcher/posix.c:61 140326940813056: r->filehandle = 60, r->size = 4194304, r->offset = 0
08:20:48 ERROR /home/bsc03/bsc03353/forge/src/dispatcher/posix.c:62 140326940813056: single write -1 of expected 4194304
08:20:48 ERROR /home/bsc03/bsc03353/forge/src/dispatcher/posix.c:61 140154485401344: r->filehandle = 51, r->size = 4194304, r->offset = 0
08:20:48 ERROR /home/bsc03/bsc03353/forge/src/dispatcher/posix.c:62 140154485401344: single write -1 of expected 4194304
08:20:49 ERROR /home/bsc03/bsc03353/forge/src/dispatcher/posix.c:61 139582716159744: r->filehandle = 54, r->size = 4194304, r->offset = 0
08:20:49 ERROR /home/bsc03/bsc03353/forge/src/dispatcher/posix.c:62 139582716159744: single write -1 of expected 4194304
08:20:50 ERROR /home/bsc03/bsc03353/forge/src/dispatcher/posix.c:61 139599896061696: r->filehandle = 102, r->size = 4194304, r->offset = 0
08:20:50 ERROR /home/bsc03/bsc03353/forge/src/dispatcher/posix.c:62 139599896061696: single write -1 of expected 4194304
08:20:50 ERROR /home/bsc03/bsc03353/forge/src/dispatcher/posix.c:61 139827803096832: r->filehandle = 68, r->size = 4194304, r->offset = 0
08:20:50 ERROR /home/bsc03/bsc03353/forge/src/dispatcher/posix.c:62 139827803096832: single write -1 of expected 4194304
08:20:50 ERROR /home/bsc03/bsc03353/forge/src/dispatcher/posix.c:61 140137305499392: r->filehandle = 56, r->size = 4194304, r->offset = 0
08:20:50 ERROR /home/bsc03/bsc03353/forge/src/dispatcher/posix.c:62 140137305499392: single write -1 of expected 4194304
08:20:50 ERROR /home/bsc03/bsc03353/forge/src/dispatcher/posix.c:61 139808475707136: r->filehandle = 122, r->size = 4194304, r->offset = 0
08:20:50 ERROR /home/bsc03/bsc03353/forge/src/dispatcher/posix.c:62 139808475707136: single write -1 of expected 4194304
08:20:51 ERROR /home/bsc03/bsc03353/forge/src/dispatcher/posix.c:61 139584863647488: r->filehandle = 73, r->size = 4194304, r->offset = 0
08:20:51 ERROR /home/bsc03/bsc03353/forge/src/dispatcher/posix.c:61 140316203374336: r->filehandle = 69, r->size = 4194304, r->offset = 0
08:20:51 ERROR /home/bsc03/bsc03353/forge/src/dispatcher/posix.c:62 139584863647488: single write -1 of expected 4194304
08:20:51 ERROR /home/bsc03/bsc03353/forge/src/dispatcher/posix.c:62 140316203374336: single write -1 of expected 4194304
08:20:51 ERROR /home/bsc03/bsc03353/forge/src/dispatcher/posix.c:61 140145895450368: r->filehandle = 90, r->size = 4194304, r->offset = 0
08:20:51 ERROR /home/bsc03/bsc03353/forge/src/dispatcher/posix.c:62 140145895450368: single write -1 of expected 4194304
08:20:52 ERROR /home/bsc03/bsc03353/forge/src/dispatcher/posix.c:61 140133010523904: r->filehandle = 116, r->size = 4194304, r->offset = 0
08:20:52 ERROR /home/bsc03/bsc03353/forge/src/dispatcher/posix.c:62 140133010523904: single write -1 of expected 4194304
08:20:52 ERROR /home/bsc03/bsc03353/forge/src/dispatcher/posix.c:61 139804180731648: r->filehandle = 89, r->size = 4194304, r->offset = 0
08:20:52 ERROR /home/bsc03/bsc03353/forge/src/dispatcher/posix.c:62 139804180731648: single write -1 of expected 4194304
slurmstepd: error: *** JOB 8730484 ON s11r2b01 CANCELLED AT 2020-02-07T08:20:52 DUE TO TIME LIMIT ***
--------------------------------------------------------------------------
ORTE has lost communication with a remote daemon.

  HNP daemon   : [[56812,0],0] on node s11r2b01
  Remote daemon: [[56812,0],7] on node s11r2b23

This is usually due to either a failure of the TCP network
connection to the node, or possibly an internal failure of
the daemon itself. We cannot recover from this failure, and
therefore will terminate the job.
--------------------------------------------------------------------------
