Set GCC compilers as MPI wrappers backend 
remove impi/2017.4 (PATH, MANPATH, LD_LIBRARY_PATH) 
load openmpi/4.0.2_UCX (PATH, MANPATH, LD_LIBRARY_PATH) 
Set GCC compilers as MPI wrappers backend 
load gsl/2.4 (PATH, LD_LIBRARY_PATH, LIBRARY_PATH, MANPATH, INFOPATH,
C_INCLUDE_PATH, CPLUS_INCLUDE_PATH, PKG_CONFIG_PATH, GSL_DIR) 
15:37:13 INFO  /home/bsc03/bsc03353/forge/src/main.c:107 139746702592064: I/O Forwarding Exploration [START]
Will AGIOS generate trace files? NO
Default scheduling algorithm: TO
TWINS window size: 1000000
Will the Prediction Module read information from trace files? NO
File with access time functions: /home/bsc03/bsc03353/forge/agios/access_times.func
AGIOS thinks its user has stripe size of 32768
Will AGIOS generate trace files? NO
Default scheduling algorithm: TO
TWINS window size: 1000000
Will the Prediction Module read information from trace files? NO
File with access time functions: /home/bsc03/bsc03353/forge/agios/access_times.func
AGIOS thinks its user has stripe size of 32768
Will AGIOS generate trace files? NO
Default scheduling algorithm: TO
TWINS window size: 1000000
Will the Prediction Module read information from trace files? NO
File with access time functions: /home/bsc03/bsc03353/forge/agios/access_times.func
AGIOS thinks its user has stripe size of 32768
Will AGIOS generate trace files? NO
Default scheduling algorithm: TO
TWINS window size: 1000000
Will the Prediction Module read information from trace files? NO
File with access time functions: /home/bsc03/bsc03353/forge/agios/access_times.func
AGIOS thinks its user has stripe size of 32768
15:37:19 ERROR /home/bsc03/bsc03353/forge/src/dispatcher/posix.c:61 140304911464192: r->filehandle = 36, r->size = 8388608, r->offset = 75396808704
15:37:19 ERROR /home/bsc03/bsc03353/forge/src/dispatcher/posix.c:62 140304911464192: single write -1 of expected 8388608
15:37:23 ERROR /home/bsc03/bsc03353/forge/src/dispatcher/posix.c:61 140274846635776: r->filehandle = 36, r->size = 8388608, r->offset = 73635201024
15:37:23 ERROR /home/bsc03/bsc03353/forge/src/dispatcher/posix.c:62 140274846635776: single write -1 of expected 8388608
15:37:27 ERROR /home/bsc03/bsc03353/forge/src/dispatcher/posix.c:61 140371993241344: r->filehandle = 36, r->size = 8388608, r->offset = 108162711552
15:37:27 ERROR /home/bsc03/bsc03353/forge/src/dispatcher/posix.c:61 140279141611264: r->filehandle = 36, r->size = 8388608, r->offset = 87375740928
15:37:27 ERROR /home/bsc03/bsc03353/forge/src/dispatcher/posix.c:62 140279141611264: single write -1 of expected 8388608
15:37:27 ERROR /home/bsc03/bsc03353/forge/src/dispatcher/posix.c:62 140371993241344: single write -1 of expected 8388608
15:37:28 ERROR /home/bsc03/bsc03353/forge/src/dispatcher/posix.c:61 140166718334720: r->filehandle = 36, r->size = 8388608, r->offset = 34175188992
15:37:28 ERROR /home/bsc03/bsc03353/forge/src/dispatcher/posix.c:62 140166718334720: single write -1 of expected 8388608
15:37:31 ERROR /home/bsc03/bsc03353/forge/src/dispatcher/posix.c:61 139739617130240: r->filehandle = 35, r->size = 8388608, r->offset = 31708938240
15:37:31 ERROR /home/bsc03/bsc03353/forge/src/dispatcher/posix.c:62 139739617130240: single write -1 of expected 8388608
15:37:31 ERROR /home/bsc03/bsc03353/forge/src/dispatcher/posix.c:61 140354813339392: r->filehandle = 36, r->size = 8388608, r->offset = 109571997696
15:37:31 ERROR /home/bsc03/bsc03353/forge/src/dispatcher/posix.c:62 140354813339392: single write -1 of expected 8388608
15:37:32 ERROR /home/bsc03/bsc03353/forge/src/dispatcher/posix.c:61 140359108314880: r->filehandle = 36, r->size = 8388608, r->offset = 130006646784
15:37:32 ERROR /home/bsc03/bsc03353/forge/src/dispatcher/posix.c:62 140359108314880: single write -1 of expected 8388608
15:37:32 ERROR /home/bsc03/bsc03353/forge/src/dispatcher/posix.c:61 140276994123520: r->filehandle = 36, r->size = 8388608, r->offset = 85966454784
15:37:32 ERROR /home/bsc03/bsc03353/forge/src/dispatcher/posix.c:62 140276994123520: single write -1 of expected 8388608
15:37:33 ERROR /home/bsc03/bsc03353/forge/src/dispatcher/posix.c:61 140140948481792: r->filehandle = 36, r->size = 8388608, r->offset = 64474841088
15:37:33 ERROR /home/bsc03/bsc03353/forge/src/dispatcher/posix.c:62 140140948481792: single write -1 of expected 8388608
15:37:35 ERROR /home/bsc03/bsc03353/forge/src/dispatcher/posix.c:61 139718142252800: r->filehandle = 35, r->size = 8388608, r->offset = 6341787648
15:37:35 ERROR /home/bsc03/bsc03353/forge/src/dispatcher/posix.c:62 139718142252800: single write -1 of expected 8388608
15:37:35 ERROR /home/bsc03/bsc03353/forge/src/dispatcher/posix.c:61 140348370876160: r->filehandle = 36, r->size = 8388608, r->offset = 133882183680
15:37:35 ERROR /home/bsc03/bsc03353/forge/src/dispatcher/posix.c:62 140348370876160: single write -1 of expected 8388608
15:37:36 ERROR /home/bsc03/bsc03353/forge/src/dispatcher/posix.c:61 140356960827136: r->filehandle = 36, r->size = 8388608, r->offset = 108515033088
15:37:36 ERROR /home/bsc03/bsc03353/forge/src/dispatcher/posix.c:62 140356960827136: single write -1 of expected 8388608
15:37:39 ERROR /home/bsc03/bsc03353/forge/src/dispatcher/posix.c:61 140350518363904: r->filehandle = 36, r->size = 8388608, r->offset = 121903251456
15:37:39 ERROR /home/bsc03/bsc03353/forge/src/dispatcher/posix.c:62 140350518363904: single write -1 of expected 8388608
15:37:40 ERROR /home/bsc03/bsc03353/forge/src/dispatcher/posix.c:61 140136653506304: r->filehandle = 36, r->size = 8388608, r->offset = 58485374976
15:37:40 ERROR /home/bsc03/bsc03353/forge/src/dispatcher/posix.c:62 140136653506304: single write -1 of expected 8388608
15:37:40 ERROR /home/bsc03/bsc03353/forge/src/dispatcher/posix.c:61 140162423359232: r->filehandle = 36, r->size = 8388608, r->offset = 54257516544
15:37:40 ERROR /home/bsc03/bsc03353/forge/src/dispatcher/posix.c:62 140162423359232: single write -1 of expected 8388608
15:37:41 ERROR /home/bsc03/bsc03353/forge/src/dispatcher/posix.c:61 140369845753600: r->filehandle = 36, r->size = 8388608, r->offset = 109924319232
15:37:41 ERROR /home/bsc03/bsc03353/forge/src/dispatcher/posix.c:62 140369845753600: single write -1 of expected 8388608
15:37:41 ERROR /home/bsc03/bsc03353/forge/src/dispatcher/posix.c:61 139726732203776: r->filehandle = 35, r->size = 8388608, r->offset = 5989466112
15:37:41 ERROR /home/bsc03/bsc03353/forge/src/dispatcher/posix.c:62 139726732203776: single write -1 of expected 8388608
15:37:43 ERROR /home/bsc03/bsc03353/forge/src/dispatcher/posix.c:61 140151685920512: r->filehandle = 36, r->size = 8388608, r->offset = 40869298176
15:37:43 ERROR /home/bsc03/bsc03353/forge/src/dispatcher/posix.c:62 140151685920512: single write -1 of expected 8388608
15:37:44 ERROR /home/bsc03/bsc03353/forge/src/dispatcher/posix.c:61 140160275871488: r->filehandle = 36, r->size = 8388608, r->offset = 39812333568
15:37:44 ERROR /home/bsc03/bsc03353/forge/src/dispatcher/posix.c:62 140160275871488: single write -1 of expected 8388608
15:37:47 ERROR /home/bsc03/bsc03353/forge/src/dispatcher/posix.c:61 140147390945024: r->filehandle = 36, r->size = 8388608, r->offset = 37346082816
15:37:47 ERROR /home/bsc03/bsc03353/forge/src/dispatcher/posix.c:62 140147390945024: single write -1 of expected 8388608
15:37:48 ERROR /home/bsc03/bsc03353/forge/src/dispatcher/posix.c:61 140164570846976: r->filehandle = 36, r->size = 8388608, r->offset = 51438944256
15:37:48 ERROR /home/bsc03/bsc03353/forge/src/dispatcher/posix.c:62 140164570846976: single write -1 of expected 8388608
15:37:49 ERROR /home/bsc03/bsc03353/forge/src/dispatcher/posix.c:61 140155980896000: r->filehandle = 36, r->size = 8388608, r->offset = 51086622720
15:37:49 ERROR /home/bsc03/bsc03353/forge/src/dispatcher/posix.c:62 140155980896000: single write -1 of expected 8388608
15:37:50 ERROR /home/bsc03/bsc03353/forge/src/dispatcher/posix.c:61 140274846635776: r->filehandle = 36, r->size = 8388608, r->offset = 100059316224
15:37:50 ERROR /home/bsc03/bsc03353/forge/src/dispatcher/posix.c:62 140274846635776: single write -1 of expected 8388608
15:37:52 ERROR /home/bsc03/bsc03353/forge/src/dispatcher/posix.c:61 140153833408256: r->filehandle = 36, r->size = 8388608, r->offset = 65531805696
15:37:52 ERROR /home/bsc03/bsc03353/forge/src/dispatcher/posix.c:62 140153833408256: single write -1 of expected 8388608
15:37:54 ERROR /home/bsc03/bsc03353/forge/src/dispatcher/posix.c:61 139724584716032: r->filehandle = 35, r->size = 8388608, r->offset = 7398752256
15:37:54 ERROR /home/bsc03/bsc03353/forge/src/dispatcher/posix.c:62 139724584716032: single write -1 of expected 8388608
15:37:54 ERROR /home/bsc03/bsc03353/forge/src/dispatcher/posix.c:61 140307058951936: r->filehandle = 36, r->size = 8388608, r->offset = 76806094848
15:37:54 ERROR /home/bsc03/bsc03353/forge/src/dispatcher/posix.c:62 140307058951936: single write -1 of expected 8388608
15:37:54 ERROR /home/bsc03/bsc03353/forge/src/dispatcher/posix.c:61 139735322154752: r->filehandle = 35, r->size = 8388608, r->offset = 20434649088
15:37:54 ERROR /home/bsc03/bsc03353/forge/src/dispatcher/posix.c:62 139735322154752: single write -1 of expected 8388608
15:37:56 ERROR /home/bsc03/bsc03353/forge/src/dispatcher/posix.c:61 139709552301824: r->filehandle = 35, r->size = 8388608, r->offset = 19025362944
15:37:56 ERROR /home/bsc03/bsc03353/forge/src/dispatcher/posix.c:62 139709552301824: single write -1 of expected 8388608
15:37:59 ERROR /home/bsc03/bsc03353/forge/src/dispatcher/posix.c:61 139728879691520: r->filehandle = 35, r->size = 8388608, r->offset = 18320719872
15:37:59 ERROR /home/bsc03/bsc03353/forge/src/dispatcher/posix.c:62 139728879691520: single write -1 of expected 8388608
15:38:02 ERROR /home/bsc03/bsc03353/forge/src/dispatcher/posix.c:61 140158128383744: r->filehandle = 36, r->size = 8388608, r->offset = 53200551936
15:38:02 ERROR /home/bsc03/bsc03353/forge/src/dispatcher/posix.c:62 140158128383744: single write -1 of expected 8388608
15:38:04 ERROR /home/bsc03/bsc03353/forge/src/dispatcher/posix.c:61 140147390945024: r->filehandle = 36, r->size = 8388608, r->offset = 40164655104
15:38:04 ERROR /home/bsc03/bsc03353/forge/src/dispatcher/posix.c:62 140147390945024: single write -1 of expected 8388608
15:38:07 ERROR /home/bsc03/bsc03353/forge/src/dispatcher/posix.c:61 140143095969536: r->filehandle = 36, r->size = 8388608, r->offset = 44040192000
15:38:07 ERROR /home/bsc03/bsc03353/forge/src/dispatcher/posix.c:62 140143095969536: single write -1 of expected 8388608
15:38:12 ERROR /home/bsc03/bsc03353/forge/src/dispatcher/posix.c:61 140145243457280: r->filehandle = 36, r->size = 8388608, r->offset = 42983227392
15:38:12 ERROR /home/bsc03/bsc03353/forge/src/dispatcher/posix.c:62 140145243457280: single write -1 of expected 8388608
15:38:13 ERROR /home/bsc03/bsc03353/forge/src/dispatcher/posix.c:61 140346223388416: r->filehandle = 36, r->size = 8388608, r->offset = 124369502208
15:38:13 ERROR /home/bsc03/bsc03353/forge/src/dispatcher/posix.c:62 140346223388416: single write -1 of expected 8388608
15:38:19 ERROR /home/bsc03/bsc03353/forge/src/dispatcher/posix.c:61 140367698265856: r->filehandle = 36, r->size = 8388608, r->offset = 108867354624
15:38:19 ERROR /home/bsc03/bsc03353/forge/src/dispatcher/posix.c:62 140367698265856: single write -1 of expected 8388608
15:38:21 ERROR /home/bsc03/bsc03353/forge/src/dispatcher/posix.c:61 140378435704576: r->filehandle = 36, r->size = 8388608, r->offset = 134234505216
15:38:21 ERROR /home/bsc03/bsc03353/forge/src/dispatcher/posix.c:62 140378435704576: single write -1 of expected 8388608
15:38:24 ERROR /home/bsc03/bsc03353/forge/src/dispatcher/posix.c:61 140361255802624: r->filehandle = 36, r->size = 8388608, r->offset = 110981283840
15:38:24 ERROR /home/bsc03/bsc03353/forge/src/dispatcher/posix.c:62 140361255802624: single write -1 of expected 8388608
15:38:25 ERROR /home/bsc03/bsc03353/forge/src/dispatcher/posix.c:61 140376288216832: r->filehandle = 36, r->size = 8388608, r->offset = 118732357632
15:38:25 ERROR /home/bsc03/bsc03353/forge/src/dispatcher/posix.c:62 140376288216832: single write -1 of expected 8388608
15:38:28 ERROR /home/bsc03/bsc03353/forge/src/dispatcher/posix.c:61 139713847277312: r->filehandle = 35, r->size = 8388608, r->offset = 11626610688
15:38:28 ERROR /home/bsc03/bsc03353/forge/src/dispatcher/posix.c:61 140285584074496: r->filehandle = 36, r->size = 8388608, r->offset = 99354673152
15:38:28 ERROR /home/bsc03/bsc03353/forge/src/dispatcher/posix.c:62 140285584074496: single write -1 of expected 8388608
15:38:28 ERROR /home/bsc03/bsc03353/forge/src/dispatcher/posix.c:62 139713847277312: single write -1 of expected 8388608
15:38:29 ERROR /home/bsc03/bsc03353/forge/src/dispatcher/posix.c:61 140140948481792: r->filehandle = 36, r->size = 8388608, r->offset = 53552873472
15:38:29 ERROR /home/bsc03/bsc03353/forge/src/dispatcher/posix.c:62 140140948481792: single write -1 of expected 8388608
15:38:30 ERROR /home/bsc03/bsc03353/forge/src/dispatcher/posix.c:61 140134506018560: r->filehandle = 36, r->size = 8388608, r->offset = 64827162624
15:38:30 ERROR /home/bsc03/bsc03353/forge/src/dispatcher/posix.c:62 140134506018560: single write -1 of expected 8388608
15:38:33 ERROR /home/bsc03/bsc03353/forge/src/dispatcher/posix.c:61 140374140729088: r->filehandle = 36, r->size = 8388608, r->offset = 111685926912
15:38:33 ERROR /home/bsc03/bsc03353/forge/src/dispatcher/posix.c:62 140374140729088: single write -1 of expected 8388608
15:38:34 ERROR /home/bsc03/bsc03353/forge/src/dispatcher/posix.c:61 140350518363904: r->filehandle = 36, r->size = 8388608, r->offset = 112038248448
15:38:34 ERROR /home/bsc03/bsc03353/forge/src/dispatcher/posix.c:62 140350518363904: single write -1 of expected 8388608
15:38:37 ERROR /home/bsc03/bsc03353/forge/src/dispatcher/posix.c:61 140363403290368: r->filehandle = 36, r->size = 8388608, r->offset = 126131109888
15:38:37 ERROR /home/bsc03/bsc03353/forge/src/dispatcher/posix.c:62 140363403290368: single write -1 of expected 8388608
15:38:38 ERROR /home/bsc03/bsc03353/forge/src/dispatcher/posix.c:61 140378435704576: r->filehandle = 36, r->size = 8388608, r->offset = 107810390016
15:38:38 ERROR /home/bsc03/bsc03353/forge/src/dispatcher/posix.c:62 140378435704576: single write -1 of expected 8388608
15:38:39 ERROR /home/bsc03/bsc03353/forge/src/dispatcher/posix.c:61 140371993241344: r->filehandle = 36, r->size = 8388608, r->offset = 119437000704
15:38:39 ERROR /home/bsc03/bsc03353/forge/src/dispatcher/posix.c:62 140371993241344: single write -1 of expected 8388608
15:38:40 ERROR /home/bsc03/bsc03353/forge/src/dispatcher/posix.c:61 140294174025472: r->filehandle = 36, r->size = 8388608, r->offset = 86318776320
15:38:40 ERROR /home/bsc03/bsc03353/forge/src/dispatcher/posix.c:62 140294174025472: single write -1 of expected 8388608
15:38:41 ERROR /home/bsc03/bsc03353/forge/src/dispatcher/posix.c:61 140307058951936: r->filehandle = 36, r->size = 8388608, r->offset = 97593065472
15:38:41 ERROR /home/bsc03/bsc03353/forge/src/dispatcher/posix.c:62 140307058951936: single write -1 of expected 8388608
15:38:43 ERROR /home/bsc03/bsc03353/forge/src/dispatcher/posix.c:61 139715994765056: r->filehandle = 35, r->size = 8388608, r->offset = 7046430720
15:38:43 ERROR /home/bsc03/bsc03353/forge/src/dispatcher/posix.c:62 139715994765056: single write -1 of expected 8388608
15:38:45 ERROR /home/bsc03/bsc03353/forge/src/dispatcher/posix.c:61 140160275871488: r->filehandle = 36, r->size = 8388608, r->offset = 62713233408
15:38:45 ERROR /home/bsc03/bsc03353/forge/src/dispatcher/posix.c:62 140160275871488: single write -1 of expected 8388608
15:38:48 ERROR /home/bsc03/bsc03353/forge/src/dispatcher/posix.c:61 140162423359232: r->filehandle = 36, r->size = 8388608, r->offset = 43335548928
15:38:48 ERROR /home/bsc03/bsc03353/forge/src/dispatcher/posix.c:62 140162423359232: single write -1 of expected 8388608
15:38:49 ERROR /home/bsc03/bsc03353/forge/src/dispatcher/posix.c:61 140149538432768: r->filehandle = 36, r->size = 8388608, r->offset = 62360911872
15:38:49 ERROR /home/bsc03/bsc03353/forge/src/dispatcher/posix.c:62 140149538432768: single write -1 of expected 8388608
15:38:52 ERROR /home/bsc03/bsc03353/forge/src/dispatcher/posix.c:61 140164570846976: r->filehandle = 36, r->size = 8388608, r->offset = 42278584320
15:38:52 ERROR /home/bsc03/bsc03353/forge/src/dispatcher/posix.c:62 140164570846976: single write -1 of expected 8388608
15:38:56 ERROR /home/bsc03/bsc03353/forge/src/dispatcher/posix.c:61 140136653506304: r->filehandle = 36, r->size = 8388608, r->offset = 63417876480
15:38:56 ERROR /home/bsc03/bsc03353/forge/src/dispatcher/posix.c:62 140136653506304: single write -1 of expected 8388608
15:38:58 ERROR /home/bsc03/bsc03353/forge/src/dispatcher/posix.c:61 140134506018560: r->filehandle = 36, r->size = 8388608, r->offset = 44392513536
15:38:58 ERROR /home/bsc03/bsc03353/forge/src/dispatcher/posix.c:62 140134506018560: single write -1 of expected 8388608
15:38:59 ERROR /home/bsc03/bsc03353/forge/src/dispatcher/posix.c:61 140307058951936: r->filehandle = 36, r->size = 8388608, r->offset = 85614133248
15:38:59 ERROR /home/bsc03/bsc03353/forge/src/dispatcher/posix.c:62 140307058951936: single write -1 of expected 8388608
15:39:01 ERROR /home/bsc03/bsc03353/forge/src/dispatcher/posix.c:61 140289879049984: r->filehandle = 36, r->size = 8388608, r->offset = 87023419392
15:39:01 ERROR /home/bsc03/bsc03353/forge/src/dispatcher/posix.c:62 140289879049984: single write -1 of expected 8388608
15:39:02 ERROR /home/bsc03/bsc03353/forge/src/dispatcher/posix.c:61 139709552301824: r->filehandle = 35, r->size = 8388608, r->offset = 33470545920
15:39:02 ERROR /home/bsc03/bsc03353/forge/src/dispatcher/posix.c:62 139709552301824: single write -1 of expected 8388608
15:39:02 ERROR /home/bsc03/bsc03353/forge/src/dispatcher/posix.c:61 140365550778112: r->filehandle = 36, r->size = 8388608, r->offset = 109219676160
15:39:02 ERROR /home/bsc03/bsc03353/forge/src/dispatcher/posix.c:62 140365550778112: single write -1 of expected 8388608
15:39:03 ERROR /home/bsc03/bsc03353/forge/src/dispatcher/posix.c:61 140348370876160: r->filehandle = 36, r->size = 8388608, r->offset = 120493965312
15:39:03 ERROR /home/bsc03/bsc03353/forge/src/dispatcher/posix.c:62 140348370876160: single write -1 of expected 8388608
15:39:06 ERROR /home/bsc03/bsc03353/forge/src/dispatcher/posix.c:61 140363403290368: r->filehandle = 36, r->size = 8388608, r->offset = 122960216064
15:39:06 ERROR /home/bsc03/bsc03353/forge/src/dispatcher/posix.c:62 140363403290368: single write -1 of expected 8388608
15:39:07 ERROR /home/bsc03/bsc03353/forge/src/dispatcher/posix.c:61 140371993241344: r->filehandle = 36, r->size = 8388608, r->offset = 115209142272
15:39:07 ERROR /home/bsc03/bsc03353/forge/src/dispatcher/posix.c:62 140371993241344: single write -1 of expected 8388608
15:39:12 ERROR /home/bsc03/bsc03353/forge/src/dispatcher/posix.c:61 140359108314880: r->filehandle = 36, r->size = 8388608, r->offset = 119084679168
15:39:12 ERROR /home/bsc03/bsc03353/forge/src/dispatcher/posix.c:62 140359108314880: single write -1 of expected 8388608
15:39:19 ERROR /home/bsc03/bsc03353/forge/src/dispatcher/posix.c:61 140350518363904: r->filehandle = 36, r->size = 8388608, r->offset = 130358968320
15:39:19 ERROR /home/bsc03/bsc03353/forge/src/dispatcher/posix.c:62 140350518363904: single write -1 of expected 8388608
15:39:22 ERROR /home/bsc03/bsc03353/forge/src/dispatcher/posix.c:61 140352665851648: r->filehandle = 36, r->size = 8388608, r->offset = 127540396032
15:39:22 ERROR /home/bsc03/bsc03353/forge/src/dispatcher/posix.c:62 140352665851648: single write -1 of expected 8388608
15:39:23 ERROR /home/bsc03/bsc03353/forge/src/dispatcher/posix.c:61 140166718334720: r->filehandle = 36, r->size = 8388608, r->offset = 41573941248
15:39:23 ERROR /home/bsc03/bsc03353/forge/src/dispatcher/posix.c:62 140166718334720: single write -1 of expected 8388608
15:39:24 ERROR /home/bsc03/bsc03353/forge/src/dispatcher/posix.c:61 140138800994048: r->filehandle = 36, r->size = 8388608, r->offset = 35936796672
15:39:24 ERROR /home/bsc03/bsc03353/forge/src/dispatcher/posix.c:62 140138800994048: single write -1 of expected 8388608
15:39:24 ERROR /home/bsc03/bsc03353/forge/src/dispatcher/posix.c:61 139718142252800: r->filehandle = 35, r->size = 8388608, r->offset = 15149826048
15:39:24 ERROR /home/bsc03/bsc03353/forge/src/dispatcher/posix.c:62 139718142252800: single write -1 of expected 8388608
15:39:25 ERROR /home/bsc03/bsc03353/forge/src/dispatcher/posix.c:61 140307058951936: r->filehandle = 36, r->size = 8388608, r->offset = 73987522560
15:39:25 ERROR /home/bsc03/bsc03353/forge/src/dispatcher/posix.c:62 140307058951936: single write -1 of expected 8388608
15:39:26 ERROR /home/bsc03/bsc03353/forge/src/dispatcher/posix.c:61 140354813339392: r->filehandle = 36, r->size = 8388608, r->offset = 133177540608
15:39:26 ERROR /home/bsc03/bsc03353/forge/src/dispatcher/posix.c:62 140354813339392: single write -1 of expected 8388608
15:39:27 ERROR /home/bsc03/bsc03353/forge/src/dispatcher/posix.c:61 140378435704576: r->filehandle = 36, r->size = 8388608, r->offset = 107458068480
15:39:27 ERROR /home/bsc03/bsc03353/forge/src/dispatcher/posix.c:62 140378435704576: single write -1 of expected 8388608
15:39:29 ERROR /home/bsc03/bsc03353/forge/src/dispatcher/posix.c:61 140302763976448: r->filehandle = 36, r->size = 8388608, r->offset = 88080384000
15:39:29 ERROR /home/bsc03/bsc03353/forge/src/dispatcher/posix.c:62 140302763976448: single write -1 of expected 8388608
15:39:30 ERROR /home/bsc03/bsc03353/forge/src/dispatcher/posix.c:61 140136653506304: r->filehandle = 36, r->size = 8388608, r->offset = 55666802688
15:39:30 ERROR /home/bsc03/bsc03353/forge/src/dispatcher/posix.c:62 140136653506304: single write -1 of expected 8388608
15:39:31 ERROR /home/bsc03/bsc03353/forge/src/dispatcher/posix.c:61 140292026537728: r->filehandle = 36, r->size = 8388608, r->offset = 77158416384
15:39:31 ERROR /home/bsc03/bsc03353/forge/src/dispatcher/posix.c:62 140292026537728: single write -1 of expected 8388608
15:39:35 ERROR /home/bsc03/bsc03353/forge/src/dispatcher/posix.c:61 139720289740544: r->filehandle = 35, r->size = 8388608, r->offset = 28538044416
15:39:35 ERROR /home/bsc03/bsc03353/forge/src/dispatcher/posix.c:62 139720289740544: single write -1 of expected 8388608
15:39:37 ERROR /home/bsc03/bsc03353/forge/src/dispatcher/posix.c:61 139715994765056: r->filehandle = 35, r->size = 8388608, r->offset = 8103395328
15:39:37 ERROR /home/bsc03/bsc03353/forge/src/dispatcher/posix.c:62 139715994765056: single write -1 of expected 8388608
15:39:43 ERROR /home/bsc03/bsc03353/forge/src/dispatcher/posix.c:61 139735322154752: r->filehandle = 35, r->size = 8388608, r->offset = 6694109184
15:39:43 ERROR /home/bsc03/bsc03353/forge/src/dispatcher/posix.c:62 139735322154752: single write -1 of expected 8388608
15:39:43 ERROR /home/bsc03/bsc03353/forge/src/dispatcher/posix.c:61 139739617130240: r->filehandle = 35, r->size = 8388608, r->offset = 13388218368
15:39:43 ERROR /home/bsc03/bsc03353/forge/src/dispatcher/posix.c:62 139739617130240: single write -1 of expected 8388608
15:39:45 ERROR /home/bsc03/bsc03353/forge/src/dispatcher/posix.c:61 139733174667008: r->filehandle = 35, r->size = 8388608, r->offset = 19730006016
15:39:45 ERROR /home/bsc03/bsc03353/forge/src/dispatcher/posix.c:62 139733174667008: single write -1 of expected 8388608
15:39:47 ERROR /home/bsc03/bsc03353/forge/src/dispatcher/posix.c:61 139711699789568: r->filehandle = 35, r->size = 8388608, r->offset = 10921967616
15:39:47 ERROR /home/bsc03/bsc03353/forge/src/dispatcher/posix.c:62 139711699789568: single write -1 of expected 8388608
15:39:48 ERROR /home/bsc03/bsc03353/forge/src/dispatcher/posix.c:61 140356960827136: r->filehandle = 36, r->size = 8388608, r->offset = 134586826752
15:39:48 ERROR /home/bsc03/bsc03353/forge/src/dispatcher/posix.c:62 140356960827136: single write -1 of expected 8388608
15:39:49 ERROR /home/bsc03/bsc03353/forge/src/dispatcher/posix.c:61 140147390945024: r->filehandle = 36, r->size = 8388608, r->offset = 66588770304
15:39:49 ERROR /home/bsc03/bsc03353/forge/src/dispatcher/posix.c:62 140147390945024: single write -1 of expected 8388608
15:39:49 ERROR /home/bsc03/bsc03353/forge/src/dispatcher/posix.c:61 140155980896000: r->filehandle = 36, r->size = 8388608, r->offset = 64122519552
15:39:49 ERROR /home/bsc03/bsc03353/forge/src/dispatcher/posix.c:62 140155980896000: single write -1 of expected 8388608
15:39:50 ERROR /home/bsc03/bsc03353/forge/src/dispatcher/posix.c:61 140287731562240: r->filehandle = 36, r->size = 8388608, r->offset = 77863059456
15:39:50 ERROR /home/bsc03/bsc03353/forge/src/dispatcher/posix.c:62 140287731562240: single write -1 of expected 8388608
15:39:53 ERROR /home/bsc03/bsc03353/forge/src/dispatcher/posix.c:61 140307058951936: r->filehandle = 36, r->size = 8388608, r->offset = 98297708544
15:39:53 ERROR /home/bsc03/bsc03353/forge/src/dispatcher/posix.c:62 140307058951936: single write -1 of expected 8388608
15:39:55 ERROR /home/bsc03/bsc03353/forge/src/dispatcher/posix.c:61 139724584716032: r->filehandle = 35, r->size = 8388608, r->offset = 29947330560
15:39:55 ERROR /home/bsc03/bsc03353/forge/src/dispatcher/posix.c:62 139724584716032: single write -1 of expected 8388608
15:39:57 ERROR /home/bsc03/bsc03353/forge/src/dispatcher/posix.c:61 140164570846976: r->filehandle = 36, r->size = 8388608, r->offset = 33822867456
15:39:57 ERROR /home/bsc03/bsc03353/forge/src/dispatcher/posix.c:62 140164570846976: single write -1 of expected 8388608
15:40:03 ERROR /home/bsc03/bsc03353/forge/src/dispatcher/posix.c:61 140361255802624: r->filehandle = 36, r->size = 8388608, r->offset = 132120576000
15:40:03 ERROR /home/bsc03/bsc03353/forge/src/dispatcher/posix.c:62 140361255802624: single write -1 of expected 8388608
15:40:04 ERROR /home/bsc03/bsc03353/forge/src/dispatcher/posix.c:61 140276994123520: r->filehandle = 36, r->size = 8388608, r->offset = 89137348608
15:40:04 ERROR /home/bsc03/bsc03353/forge/src/dispatcher/posix.c:62 140276994123520: single write -1 of expected 8388608
15:40:04 ERROR /home/bsc03/bsc03353/forge/src/dispatcher/posix.c:61 139711699789568: r->filehandle = 35, r->size = 8388608, r->offset = 32765902848
15:40:04 ERROR /home/bsc03/bsc03353/forge/src/dispatcher/posix.c:62 139711699789568: single write -1 of expected 8388608
15:40:05 ERROR /home/bsc03/bsc03353/forge/src/dispatcher/posix.c:61 139726732203776: r->filehandle = 35, r->size = 8388608, r->offset = 9512681472
15:40:05 ERROR /home/bsc03/bsc03353/forge/src/dispatcher/posix.c:62 139726732203776: single write -1 of expected 8388608
15:40:06 ERROR /home/bsc03/bsc03353/forge/src/dispatcher/posix.c:61 139718142252800: r->filehandle = 35, r->size = 8388608, r->offset = 8455716864
15:40:06 ERROR /home/bsc03/bsc03353/forge/src/dispatcher/posix.c:62 139718142252800: single write -1 of expected 8388608
15:40:08 ERROR /home/bsc03/bsc03353/forge/src/dispatcher/posix.c:61 139731027179264: r->filehandle = 35, r->size = 8388608, r->offset = 9160359936
15:40:08 ERROR /home/bsc03/bsc03353/forge/src/dispatcher/posix.c:62 139731027179264: single write -1 of expected 8388608
15:40:08 ERROR /home/bsc03/bsc03353/forge/src/dispatcher/posix.c:61 140367698265856: r->filehandle = 36, r->size = 8388608, r->offset = 121198608384
15:40:08 ERROR /home/bsc03/bsc03353/forge/src/dispatcher/posix.c:62 140367698265856: single write -1 of expected 8388608
15:40:10 ERROR /home/bsc03/bsc03353/forge/src/dispatcher/posix.c:61 140356960827136: r->filehandle = 36, r->size = 8388608, r->offset = 123312537600
15:40:10 ERROR /home/bsc03/bsc03353/forge/src/dispatcher/posix.c:62 140356960827136: single write -1 of expected 8388608
15:40:10 ERROR /home/bsc03/bsc03353/forge/src/dispatcher/posix.c:61 140143095969536: r->filehandle = 36, r->size = 8388608, r->offset = 41926262784
15:40:10 ERROR /home/bsc03/bsc03353/forge/src/dispatcher/posix.c:62 140143095969536: single write -1 of expected 8388608
15:40:12 ERROR /home/bsc03/bsc03353/forge/src/dispatcher/posix.c:61 140307058951936: r->filehandle = 36, r->size = 8388608, r->offset = 75044487168
15:40:12 ERROR /home/bsc03/bsc03353/forge/src/dispatcher/posix.c:62 140307058951936: single write -1 of expected 8388608
15:40:16 ERROR /home/bsc03/bsc03353/forge/src/dispatcher/posix.c:61 140300616488704: r->filehandle = 36, r->size = 8388608, r->offset = 76101451776
15:40:16 ERROR /home/bsc03/bsc03353/forge/src/dispatcher/posix.c:62 140300616488704: single write -1 of expected 8388608
15:40:18 ERROR /home/bsc03/bsc03353/forge/src/dispatcher/posix.c:61 139709552301824: r->filehandle = 35, r->size = 8388608, r->offset = 10569646080
15:40:18 ERROR /home/bsc03/bsc03353/forge/src/dispatcher/posix.c:62 139709552301824: single write -1 of expected 8388608
15:40:21 ERROR /home/bsc03/bsc03353/forge/src/dispatcher/posix.c:61 139733174667008: r->filehandle = 35, r->size = 8388608, r->offset = 7751073792
15:40:21 ERROR /home/bsc03/bsc03353/forge/src/dispatcher/posix.c:62 139733174667008: single write -1 of expected 8388608
15:40:23 ERROR /home/bsc03/bsc03353/forge/src/dispatcher/posix.c:61 140346223388416: r->filehandle = 36, r->size = 8388608, r->offset = 131768254464
15:40:23 ERROR /home/bsc03/bsc03353/forge/src/dispatcher/posix.c:62 140346223388416: single write -1 of expected 8388608
15:40:23 ERROR /home/bsc03/bsc03353/forge/src/dispatcher/posix.c:61 140369845753600: r->filehandle = 36, r->size = 8388608, r->offset = 132472897536
15:40:23 ERROR /home/bsc03/bsc03353/forge/src/dispatcher/posix.c:62 140369845753600: single write -1 of expected 8388608
15:40:24 ERROR /home/bsc03/bsc03353/forge/src/dispatcher/posix.c:61 140363403290368: r->filehandle = 36, r->size = 8388608, r->offset = 122607894528
15:40:24 ERROR /home/bsc03/bsc03353/forge/src/dispatcher/posix.c:62 140363403290368: single write -1 of expected 8388608
15:40:24 ERROR /home/bsc03/bsc03353/forge/src/dispatcher/posix.c:61 140138800994048: r->filehandle = 36, r->size = 8388608, r->offset = 51791265792
15:40:24 ERROR /home/bsc03/bsc03353/forge/src/dispatcher/posix.c:62 140138800994048: single write -1 of expected 8388608
15:40:28 ERROR /home/bsc03/bsc03353/forge/src/dispatcher/posix.c:61 140285584074496: r->filehandle = 36, r->size = 8388608, r->offset = 78567702528
15:40:28 ERROR /home/bsc03/bsc03353/forge/src/dispatcher/posix.c:62 140285584074496: single write -1 of expected 8388608
15:40:29 ERROR /home/bsc03/bsc03353/forge/src/dispatcher/posix.c:61 140304911464192: r->filehandle = 36, r->size = 8388608, r->offset = 88785027072
15:40:29 ERROR /home/bsc03/bsc03353/forge/src/dispatcher/posix.c:62 140304911464192: single write -1 of expected 8388608
15:40:31 ERROR /home/bsc03/bsc03353/forge/src/dispatcher/posix.c:61 139722437228288: r->filehandle = 35, r->size = 8388608, r->offset = 18673041408
15:40:31 ERROR /home/bsc03/bsc03353/forge/src/dispatcher/posix.c:62 139722437228288: single write -1 of expected 8388608
15:40:33 ERROR /home/bsc03/bsc03353/forge/src/dispatcher/posix.c:61 140359108314880: r->filehandle = 36, r->size = 8388608, r->offset = 119789322240
15:40:33 ERROR /home/bsc03/bsc03353/forge/src/dispatcher/posix.c:62 140359108314880: single write -1 of expected 8388608
15:40:43 ERROR /home/bsc03/bsc03353/forge/src/dispatcher/posix.c:61 140158128383744: r->filehandle = 36, r->size = 8388608, r->offset = 63770198016
15:40:43 ERROR /home/bsc03/bsc03353/forge/src/dispatcher/posix.c:62 140158128383744: single write -1 of expected 8388608
15:40:50 ERROR /home/bsc03/bsc03353/forge/src/dispatcher/posix.c:61 140307058951936: r->filehandle = 36, r->size = 8388608, r->offset = 71168950272
15:40:50 ERROR /home/bsc03/bsc03353/forge/src/dispatcher/posix.c:62 140307058951936: single write -1 of expected 8388608
15:40:56 ERROR /home/bsc03/bsc03353/forge/src/dispatcher/posix.c:61 140140948481792: r->filehandle = 36, r->size = 8388608, r->offset = 52495908864
15:40:56 ERROR /home/bsc03/bsc03353/forge/src/dispatcher/posix.c:61 139724584716032: r->filehandle = 35, r->size = 8388608, r->offset = 22548578304
15:40:56 ERROR /home/bsc03/bsc03353/forge/src/dispatcher/posix.c:62 140140948481792: single write -1 of expected 8388608
15:40:56 ERROR /home/bsc03/bsc03353/forge/src/dispatcher/posix.c:62 139724584716032: single write -1 of expected 8388608
15:41:10 ERROR /home/bsc03/bsc03353/forge/src/dispatcher/posix.c:61 140134506018560: r->filehandle = 36, r->size = 8388608, r->offset = 52848230400
15:41:10 ERROR /home/bsc03/bsc03353/forge/src/dispatcher/posix.c:62 140134506018560: single write -1 of expected 8388608
15:41:12 ERROR /home/bsc03/bsc03353/forge/src/dispatcher/posix.c:61 140164570846976: r->filehandle = 36, r->size = 8388608, r->offset = 66941091840
15:41:12 ERROR /home/bsc03/bsc03353/forge/src/dispatcher/posix.c:62 140164570846976: single write -1 of expected 8388608
15:41:15 ERROR /home/bsc03/bsc03353/forge/src/dispatcher/posix.c:61 140348370876160: r->filehandle = 36, r->size = 8388608, r->offset = 101820923904
15:41:15 ERROR /home/bsc03/bsc03353/forge/src/dispatcher/posix.c:62 140348370876160: single write -1 of expected 8388608
15:41:38 ERROR /home/bsc03/bsc03353/forge/src/dispatcher/posix.c:61 140350518363904: r->filehandle = 36, r->size = 8388608, r->offset = 127892717568
15:41:38 ERROR /home/bsc03/bsc03353/forge/src/dispatcher/posix.c:62 140350518363904: single write -1 of expected 8388608
15:41:49 ERROR /home/bsc03/bsc03353/forge/src/dispatcher/posix.c:61 140302763976448: r->filehandle = 36, r->size = 8388608, r->offset = 86671097856
15:41:49 ERROR /home/bsc03/bsc03353/forge/src/dispatcher/posix.c:62 140302763976448: single write -1 of expected 8388608
15:41:57 ERROR /home/bsc03/bsc03353/forge/src/dispatcher/posix.c:61 140279141611264: r->filehandle = 36, r->size = 8388608, r->offset = 75749130240
15:41:57 ERROR /home/bsc03/bsc03353/forge/src/dispatcher/posix.c:62 140279141611264: single write -1 of expected 8388608
15:41:59 ERROR /home/bsc03/bsc03353/forge/src/dispatcher/posix.c:61 139707404814080: r->filehandle = 35, r->size = 8388608, r->offset = 28890365952
15:41:59 ERROR /home/bsc03/bsc03353/forge/src/dispatcher/posix.c:62 139707404814080: single write -1 of expected 8388608
15:42:04 ERROR /home/bsc03/bsc03353/forge/src/dispatcher/posix.c:61 140151685920512: r->filehandle = 36, r->size = 8388608, r->offset = 54609838080
15:42:04 ERROR /home/bsc03/bsc03353/forge/src/dispatcher/posix.c:62 140151685920512: single write -1 of expected 8388608
15:42:07 ERROR /home/bsc03/bsc03353/forge/src/dispatcher/posix.c:61 140374140729088: r->filehandle = 36, r->size = 8388608, r->offset = 122255572992
15:42:07 ERROR /home/bsc03/bsc03353/forge/src/dispatcher/posix.c:62 140374140729088: single write -1 of expected 8388608
15:42:38 ERROR /home/bsc03/bsc03353/forge/src/dispatcher/posix.c:61 139722437228288: r->filehandle = 35, r->size = 8388608, r->offset = 30299652096
15:42:38 ERROR /home/bsc03/bsc03353/forge/src/dispatcher/posix.c:61 140296321513216: r->filehandle = 36, r->size = 8388608, r->offset = 78215380992
15:42:38 ERROR /home/bsc03/bsc03353/forge/src/dispatcher/posix.c:62 140296321513216: single write -1 of expected 8388608
15:42:38 ERROR /home/bsc03/bsc03353/forge/src/dispatcher/posix.c:62 139722437228288: single write -1 of expected 8388608
slurmstepd: error: *** JOB 8737206 ON s02r1b26 CANCELLED AT 2020-02-07T15:42:42 DUE TO TIME LIMIT ***
slurmstepd: error: proctrack_p_wait: Unable to destroy container 199708 in cgroup plugin, giving up after 128 sec
