Set GCC compilers as MPI wrappers backend 
remove impi/2017.4 (PATH, MANPATH, LD_LIBRARY_PATH) 
load openmpi/4.0.2_UCX (PATH, MANPATH, LD_LIBRARY_PATH) 
Set GCC compilers as MPI wrappers backend 
load gsl/2.4 (PATH, LD_LIBRARY_PATH, LIBRARY_PATH, MANPATH, INFOPATH,
C_INCLUDE_PATH, CPLUS_INCLUDE_PATH, PKG_CONFIG_PATH, GSL_DIR) 
15:08:19 INFO  /home/bsc03/bsc03353/forge/src/main.c:107 139734250154048: I/O Forwarding Exploration [START]
Will AGIOS generate trace files? NO
Default scheduling algorithm: TO
TWINS window size: 1000000
Will the Prediction Module read information from trace files? NO
File with access time functions: /home/bsc03/bsc03353/forge/agios/access_times.func
AGIOS thinks its user has stripe size of 32768
Will AGIOS generate trace files? NO
Default scheduling algorithm: TO
TWINS window size: 1000000
Will the Prediction Module read information from trace files? NO
File with access time functions: /home/bsc03/bsc03353/forge/agios/access_times.func
AGIOS thinks its user has stripe size of 32768
Will AGIOS generate trace files? NO
Default scheduling algorithm: TO
TWINS window size: 1000000
Will the Prediction Module read information from trace files? NO
File with access time functions: /home/bsc03/bsc03353/forge/agios/access_times.func
AGIOS thinks its user has stripe size of 32768
Will AGIOS generate trace files? NO
Default scheduling algorithm: TO
TWINS window size: 1000000
Will the Prediction Module read information from trace files? NO
File with access time functions: /home/bsc03/bsc03353/forge/agios/access_times.func
AGIOS thinks its user has stripe size of 32768
15:08:26 ERROR /home/bsc03/bsc03353/forge/src/dispatcher/posix.c:61 139716427409152: r->filehandle = 35, r->size = 131072, r->offset = 4115005440
15:08:26 ERROR /home/bsc03/bsc03353/forge/src/dispatcher/posix.c:62 139716427409152: single write -1 of expected 131072
15:08:29 ERROR /home/bsc03/bsc03353/forge/src/dispatcher/posix.c:61 139725017360128: r->filehandle = 35, r->size = 131072, r->offset = 11271536640
15:08:29 ERROR /home/bsc03/bsc03353/forge/src/dispatcher/posix.c:62 139725017360128: single write -1 of expected 131072
15:08:32 ERROR /home/bsc03/bsc03353/forge/src/dispatcher/posix.c:61 139727164847872: r->filehandle = 35, r->size = 131072, r->offset = 2862612480
15:08:32 ERROR /home/bsc03/bsc03353/forge/src/dispatcher/posix.c:62 139727164847872: single write -1 of expected 131072
15:08:33 ERROR /home/bsc03/bsc03353/forge/src/dispatcher/posix.c:61 139701394994944: r->filehandle = 35, r->size = 131072, r->offset = 14134149120
15:08:33 ERROR /home/bsc03/bsc03353/forge/src/dispatcher/posix.c:62 139701394994944: single write -1 of expected 131072
15:08:34 ERROR /home/bsc03/bsc03353/forge/src/dispatcher/posix.c:61 139703542482688: r->filehandle = 35, r->size = 131072, r->offset = 3757178880
15:08:34 ERROR /home/bsc03/bsc03353/forge/src/dispatcher/posix.c:62 139703542482688: single write -1 of expected 131072
15:08:37 ERROR /home/bsc03/bsc03353/forge/src/dispatcher/posix.c:61 139718574896896: r->filehandle = 35, r->size = 131072, r->offset = 14849802240
15:08:37 ERROR /home/bsc03/bsc03353/forge/src/dispatcher/posix.c:62 139718574896896: single write -1 of expected 131072
15:08:41 ERROR /home/bsc03/bsc03353/forge/src/dispatcher/posix.c:61 139714279921408: r->filehandle = 35, r->size = 131072, r->offset = 5546311680
15:08:41 ERROR /home/bsc03/bsc03353/forge/src/dispatcher/posix.c:62 139714279921408: single write -1 of expected 131072
15:08:42 ERROR /home/bsc03/bsc03353/forge/src/dispatcher/posix.c:61 139709984945920: r->filehandle = 35, r->size = 131072, r->offset = 3041525760
15:08:42 ERROR /home/bsc03/bsc03353/forge/src/dispatcher/posix.c:62 139709984945920: single write -1 of expected 131072
15:08:43 ERROR /home/bsc03/bsc03353/forge/src/dispatcher/posix.c:61 139720722384640: r->filehandle = 35, r->size = 131072, r->offset = 1252392960
15:08:43 ERROR /home/bsc03/bsc03353/forge/src/dispatcher/posix.c:62 139720722384640: single write -1 of expected 131072
15:08:44 ERROR /home/bsc03/bsc03353/forge/src/dispatcher/posix.c:61 140290231183104: r->filehandle = 36, r->size = 131072, r->offset = 91603599360
15:08:44 ERROR /home/bsc03/bsc03353/forge/src/dispatcher/posix.c:62 140290231183104: single write -1 of expected 131072
15:08:44 ERROR /home/bsc03/bsc03353/forge/src/dispatcher/posix.c:61 139709984945920: r->filehandle = 35, r->size = 131072, r->offset = 25584599040
15:08:44 ERROR /home/bsc03/bsc03353/forge/src/dispatcher/posix.c:61 139619756455680: r->filehandle = 36, r->size = 131072, r->offset = 35245916160
15:08:44 ERROR /home/bsc03/bsc03353/forge/src/dispatcher/posix.c:62 139709984945920: single write -1 of expected 131072
15:08:44 ERROR /home/bsc03/bsc03353/forge/src/dispatcher/posix.c:62 139619756455680: single write -1 of expected 131072
15:08:44 ERROR /home/bsc03/bsc03353/forge/src/dispatcher/posix.c:61 139615846446848: r->filehandle = 36, r->size = 131072, r->offset = 126491688960
15:08:44 ERROR /home/bsc03/bsc03353/forge/src/dispatcher/posix.c:62 139615846446848: single write -1 of expected 131072
15:08:46 ERROR /home/bsc03/bsc03353/forge/src/dispatcher/posix.c:61 139699247507200: r->filehandle = 35, r->size = 131072, r->offset = 2683699200
15:08:46 ERROR /home/bsc03/bsc03353/forge/src/dispatcher/posix.c:62 139699247507200: single write -1 of expected 131072
15:08:50 ERROR /home/bsc03/bsc03353/forge/src/dispatcher/posix.c:61 139727164847872: r->filehandle = 35, r->size = 131072, r->offset = 34172436480
15:08:50 ERROR /home/bsc03/bsc03353/forge/src/dispatcher/posix.c:62 139727164847872: single write -1 of expected 131072
15:08:51 ERROR /home/bsc03/bsc03353/forge/src/dispatcher/posix.c:61 139707837458176: r->filehandle = 35, r->size = 131072, r->offset = 3220439040
15:08:51 ERROR /home/bsc03/bsc03353/forge/src/dispatcher/posix.c:62 139707837458176: single write -1 of expected 131072
15:08:53 ERROR /home/bsc03/bsc03353/forge/src/dispatcher/posix.c:61 139694952531712: r->filehandle = 35, r->size = 131072, r->offset = 4472832000
15:08:53 ERROR /home/bsc03/bsc03353/forge/src/dispatcher/posix.c:62 139694952531712: single write -1 of expected 131072
15:08:53 ERROR /home/bsc03/bsc03353/forge/src/dispatcher/posix.c:61 139645911275264: r->filehandle = 36, r->size = 131072, r->offset = 132216913920
15:08:53 ERROR /home/bsc03/bsc03353/forge/src/dispatcher/posix.c:62 139645911275264: single write -1 of expected 131072
15:08:53 ERROR /home/bsc03/bsc03353/forge/src/dispatcher/posix.c:61 139624051431168: r->filehandle = 36, r->size = 131072, r->offset = 59935948800
15:08:53 ERROR /home/bsc03/bsc03353/forge/src/dispatcher/posix.c:62 139624051431168: single write -1 of expected 131072
15:08:55 ERROR /home/bsc03/bsc03353/forge/src/dispatcher/posix.c:61 140281641232128: r->filehandle = 36, r->size = 131072, r->offset = 92140339200
15:08:55 ERROR /home/bsc03/bsc03353/forge/src/dispatcher/posix.c:62 140281641232128: single write -1 of expected 131072
15:08:55 ERROR /home/bsc03/bsc03353/forge/src/dispatcher/posix.c:61 139634788869888: r->filehandle = 36, r->size = 131072, r->offset = 60114862080
15:08:55 ERROR /home/bsc03/bsc03353/forge/src/dispatcher/posix.c:62 139634788869888: single write -1 of expected 131072
15:08:57 ERROR /home/bsc03/bsc03353/forge/src/dispatcher/posix.c:61 139609019016960: r->filehandle = 36, r->size = 131072, r->offset = 34888089600
15:08:57 ERROR /home/bsc03/bsc03353/forge/src/dispatcher/posix.c:62 139609019016960: single write -1 of expected 131072
15:08:57 ERROR /home/bsc03/bsc03353/forge/src/dispatcher/posix.c:61 139628346406656: r->filehandle = 36, r->size = 131072, r->offset = 45980712960
15:08:57 ERROR /home/bsc03/bsc03353/forge/src/dispatcher/posix.c:62 139628346406656: single write -1 of expected 131072
15:09:01 ERROR /home/bsc03/bsc03353/forge/src/dispatcher/posix.c:61 139615461480192: r->filehandle = 36, r->size = 131072, r->offset = 57252249600
15:09:01 ERROR /home/bsc03/bsc03353/forge/src/dispatcher/posix.c:62 139615461480192: single write -1 of expected 131072
15:09:03 ERROR /home/bsc03/bsc03353/forge/src/dispatcher/posix.c:61 139606871529216: r->filehandle = 36, r->size = 131072, r->offset = 61367255040
15:09:03 ERROR /home/bsc03/bsc03353/forge/src/dispatcher/posix.c:62 139606871529216: single write -1 of expected 131072
15:09:04 ERROR /home/bsc03/bsc03353/forge/src/dispatcher/posix.c:61 139716427409152: r->filehandle = 35, r->size = 131072, r->offset = 3399352320
15:09:04 ERROR /home/bsc03/bsc03353/forge/src/dispatcher/posix.c:62 139716427409152: single write -1 of expected 131072
15:09:04 ERROR /home/bsc03/bsc03353/forge/src/dispatcher/posix.c:61 140264461330176: r->filehandle = 36, r->size = 131072, r->offset = 94824038400
15:09:04 ERROR /home/bsc03/bsc03353/forge/src/dispatcher/posix.c:62 140264461330176: single write -1 of expected 131072
15:09:05 ERROR /home/bsc03/bsc03353/forge/src/dispatcher/posix.c:61 140283788719872: r->filehandle = 36, r->size = 131072, r->offset = 83194675200
15:09:05 ERROR /home/bsc03/bsc03353/forge/src/dispatcher/posix.c:62 140283788719872: single write -1 of expected 131072
15:09:09 ERROR /home/bsc03/bsc03353/forge/src/dispatcher/posix.c:61 140294526158592: r->filehandle = 36, r->size = 131072, r->offset = 101801656320
15:09:09 ERROR /home/bsc03/bsc03353/forge/src/dispatcher/posix.c:62 140294526158592: single write -1 of expected 131072
15:09:10 ERROR /home/bsc03/bsc03353/forge/src/dispatcher/posix.c:61 140273051281152: r->filehandle = 36, r->size = 131072, r->offset = 100549263360
15:09:10 ERROR /home/bsc03/bsc03353/forge/src/dispatcher/posix.c:62 140273051281152: single write -1 of expected 131072
15:09:11 ERROR /home/bsc03/bsc03353/forge/src/dispatcher/posix.c:61 140275198768896: r->filehandle = 36, r->size = 131072, r->offset = 101086003200
15:09:11 ERROR /home/bsc03/bsc03353/forge/src/dispatcher/posix.c:62 140275198768896: single write -1 of expected 131072
15:09:13 ERROR /home/bsc03/bsc03353/forge/src/dispatcher/posix.c:61 139632641382144: r->filehandle = 36, r->size = 131072, r->offset = 37213962240
15:09:13 ERROR /home/bsc03/bsc03353/forge/src/dispatcher/posix.c:62 139632641382144: single write -1 of expected 131072
15:09:13 ERROR /home/bsc03/bsc03353/forge/src/dispatcher/posix.c:61 139705689970432: r->filehandle = 35, r->size = 131072, r->offset = 27015905280
15:09:13 ERROR /home/bsc03/bsc03353/forge/src/dispatcher/posix.c:61 139630878861056: r->filehandle = 36, r->size = 131072, r->offset = 129175388160
15:09:13 ERROR /home/bsc03/bsc03353/forge/src/dispatcher/posix.c:62 139705689970432: single write -1 of expected 131072
15:09:13 ERROR /home/bsc03/bsc03353/forge/src/dispatcher/posix.c:62 139630878861056: single write -1 of expected 131072
15:09:14 ERROR /home/bsc03/bsc03353/forge/src/dispatcher/posix.c:61 140268756305664: r->filehandle = 36, r->size = 131072, r->offset = 96076431360
15:09:14 ERROR /home/bsc03/bsc03353/forge/src/dispatcher/posix.c:62 140268756305664: single write -1 of expected 131072
15:09:16 ERROR /home/bsc03/bsc03353/forge/src/dispatcher/posix.c:61 140290231183104: r->filehandle = 36, r->size = 131072, r->offset = 93213818880
15:09:16 ERROR /home/bsc03/bsc03353/forge/src/dispatcher/posix.c:62 140290231183104: single write -1 of expected 131072
15:09:16 ERROR /home/bsc03/bsc03353/forge/src/dispatcher/posix.c:61 139604724041472: r->filehandle = 36, r->size = 131072, r->offset = 49201152000
15:09:16 ERROR /home/bsc03/bsc03353/forge/src/dispatcher/posix.c:62 139604724041472: single write -1 of expected 131072
15:09:18 ERROR /home/bsc03/bsc03353/forge/src/dispatcher/posix.c:61 139621903943424: r->filehandle = 36, r->size = 131072, r->offset = 38645268480
15:09:18 ERROR /home/bsc03/bsc03353/forge/src/dispatcher/posix.c:62 139621903943424: single write -1 of expected 131072
15:09:19 ERROR /home/bsc03/bsc03353/forge/src/dispatcher/posix.c:61 139611166504704: r->filehandle = 36, r->size = 131072, r->offset = 37035048960
15:09:19 ERROR /home/bsc03/bsc03353/forge/src/dispatcher/posix.c:62 139611166504704: single write -1 of expected 131072
15:09:19 ERROR /home/bsc03/bsc03353/forge/src/dispatcher/posix.c:61 139613313992448: r->filehandle = 36, r->size = 131072, r->offset = 60293775360
15:09:19 ERROR /home/bsc03/bsc03353/forge/src/dispatcher/posix.c:62 139613313992448: single write -1 of expected 131072
15:09:21 ERROR /home/bsc03/bsc03353/forge/src/dispatcher/posix.c:61 139648058763008: r->filehandle = 36, r->size = 131072, r->offset = 126133862400
15:09:21 ERROR /home/bsc03/bsc03353/forge/src/dispatcher/posix.c:62 139648058763008: single write -1 of expected 131072
15:09:22 ERROR /home/bsc03/bsc03353/forge/src/dispatcher/posix.c:61 139725017360128: r->filehandle = 35, r->size = 131072, r->offset = 357826560
15:09:22 ERROR /home/bsc03/bsc03353/forge/src/dispatcher/posix.c:62 139725017360128: single write -1 of expected 131072
15:09:23 ERROR /home/bsc03/bsc03353/forge/src/dispatcher/posix.c:61 140277346256640: r->filehandle = 36, r->size = 131072, r->offset = 101622743040
15:09:23 ERROR /home/bsc03/bsc03353/forge/src/dispatcher/posix.c:62 140277346256640: single write -1 of expected 131072
15:09:25 ERROR /home/bsc03/bsc03353/forge/src/dispatcher/posix.c:61 140270903793408: r->filehandle = 36, r->size = 131072, r->offset = 100012523520
15:09:25 ERROR /home/bsc03/bsc03353/forge/src/dispatcher/posix.c:62 140270903793408: single write -1 of expected 131072
15:09:27 ERROR /home/bsc03/bsc03353/forge/src/dispatcher/posix.c:61 139617608967936: r->filehandle = 36, r->size = 131072, r->offset = 57073336320
15:09:27 ERROR /home/bsc03/bsc03353/forge/src/dispatcher/posix.c:62 139617608967936: single write -1 of expected 131072
15:09:28 ERROR /home/bsc03/bsc03353/forge/src/dispatcher/posix.c:61 139611166504704: r->filehandle = 36, r->size = 131072, r->offset = 48843325440
15:09:28 ERROR /home/bsc03/bsc03353/forge/src/dispatcher/posix.c:62 139611166504704: single write -1 of expected 131072
15:09:29 ERROR /home/bsc03/bsc03353/forge/src/dispatcher/posix.c:61 139712132433664: r->filehandle = 35, r->size = 131072, r->offset = 5904138240
15:09:29 ERROR /home/bsc03/bsc03353/forge/src/dispatcher/posix.c:62 139712132433664: single write -1 of expected 131072
15:09:30 ERROR /home/bsc03/bsc03353/forge/src/dispatcher/posix.c:61 139620141422336: r->filehandle = 36, r->size = 131072, r->offset = 128996474880
15:09:30 ERROR /home/bsc03/bsc03353/forge/src/dispatcher/posix.c:62 139620141422336: single write -1 of expected 131072
15:09:30 ERROR /home/bsc03/bsc03353/forge/src/dispatcher/posix.c:61 140296673646336: r->filehandle = 36, r->size = 131072, r->offset = 101443829760
15:09:30 ERROR /home/bsc03/bsc03353/forge/src/dispatcher/posix.c:62 140296673646336: single write -1 of expected 131072
15:09:31 ERROR /home/bsc03/bsc03353/forge/src/dispatcher/posix.c:61 140273051281152: r->filehandle = 36, r->size = 131072, r->offset = 101980569600
15:09:31 ERROR /home/bsc03/bsc03353/forge/src/dispatcher/posix.c:62 140273051281152: single write -1 of expected 131072
15:09:32 ERROR /home/bsc03/bsc03353/forge/src/dispatcher/posix.c:61 140283788719872: r->filehandle = 36, r->size = 131072, r->offset = 102517309440
15:09:32 ERROR /home/bsc03/bsc03353/forge/src/dispatcher/posix.c:62 140283788719872: single write -1 of expected 131072
15:09:32 ERROR /home/bsc03/bsc03353/forge/src/dispatcher/posix.c:61 140264461330176: r->filehandle = 36, r->size = 131072, r->offset = 83015761920
15:09:32 ERROR /home/bsc03/bsc03353/forge/src/dispatcher/posix.c:62 140264461330176: single write -1 of expected 131072
15:09:33 ERROR /home/bsc03/bsc03353/forge/src/dispatcher/posix.c:61 139615461480192: r->filehandle = 36, r->size = 131072, r->offset = 35603742720
15:09:33 ERROR /home/bsc03/bsc03353/forge/src/dispatcher/posix.c:62 139615461480192: single write -1 of expected 131072
15:09:34 ERROR /home/bsc03/bsc03353/forge/src/dispatcher/posix.c:61 139617993934592: r->filehandle = 36, r->size = 131072, r->offset = 126849515520
15:09:34 ERROR /home/bsc03/bsc03353/forge/src/dispatcher/posix.c:62 139617993934592: single write -1 of expected 131072
15:09:34 ERROR /home/bsc03/bsc03353/forge/src/dispatcher/posix.c:61 139639468812032: r->filehandle = 36, r->size = 131072, r->offset = 128817561600
15:09:34 ERROR /home/bsc03/bsc03353/forge/src/dispatcher/posix.c:62 139639468812032: single write -1 of expected 131072
15:09:35 ERROR /home/bsc03/bsc03353/forge/src/dispatcher/posix.c:61 139633026348800: r->filehandle = 36, r->size = 131072, r->offset = 131501260800
15:09:35 ERROR /home/bsc03/bsc03353/forge/src/dispatcher/posix.c:62 139633026348800: single write -1 of expected 131072
15:09:37 ERROR /home/bsc03/bsc03353/forge/src/dispatcher/posix.c:61 139727164847872: r->filehandle = 35, r->size = 131072, r->offset = 11987189760
15:09:37 ERROR /home/bsc03/bsc03353/forge/src/dispatcher/posix.c:62 139727164847872: single write -1 of expected 131072
15:09:38 ERROR /home/bsc03/bsc03353/forge/src/dispatcher/posix.c:61 139619756455680: r->filehandle = 36, r->size = 131072, r->offset = 48664412160
15:09:38 ERROR /home/bsc03/bsc03353/forge/src/dispatcher/posix.c:62 139619756455680: single write -1 of expected 131072
15:09:39 ERROR /home/bsc03/bsc03353/forge/src/dispatcher/posix.c:61 140288083695360: r->filehandle = 36, r->size = 131072, r->offset = 91782512640
15:09:39 ERROR /home/bsc03/bsc03353/forge/src/dispatcher/posix.c:62 140288083695360: single write -1 of expected 131072
15:09:40 ERROR /home/bsc03/bsc03353/forge/src/dispatcher/posix.c:61 139622288910080: r->filehandle = 36, r->size = 131072, r->offset = 123271249920
15:09:40 ERROR /home/bsc03/bsc03353/forge/src/dispatcher/posix.c:62 139622288910080: single write -1 of expected 131072
15:09:41 ERROR /home/bsc03/bsc03353/forge/src/dispatcher/posix.c:61 139628731373312: r->filehandle = 36, r->size = 131072, r->offset = 124344729600
15:09:41 ERROR /home/bsc03/bsc03353/forge/src/dispatcher/posix.c:62 139628731373312: single write -1 of expected 131072
15:09:42 ERROR /home/bsc03/bsc03353/forge/src/dispatcher/posix.c:61 140275198768896: r->filehandle = 36, r->size = 131072, r->offset = 100907089920
15:09:42 ERROR /home/bsc03/bsc03353/forge/src/dispatcher/posix.c:62 140275198768896: single write -1 of expected 131072
15:09:43 ERROR /home/bsc03/bsc03353/forge/src/dispatcher/posix.c:61 139720722384640: r->filehandle = 35, r->size = 131072, r->offset = 25942425600
15:09:43 ERROR /home/bsc03/bsc03353/forge/src/dispatcher/posix.c:62 139720722384640: single write -1 of expected 131072
15:09:43 ERROR /home/bsc03/bsc03353/forge/src/dispatcher/posix.c:61 140266608817920: r->filehandle = 36, r->size = 131072, r->offset = 100191436800
15:09:43 ERROR /home/bsc03/bsc03353/forge/src/dispatcher/posix.c:62 140266608817920: single write -1 of expected 131072
15:09:44 ERROR /home/bsc03/bsc03353/forge/src/dispatcher/posix.c:61 140285936207616: r->filehandle = 36, r->size = 131072, r->offset = 94466211840
15:09:44 ERROR /home/bsc03/bsc03353/forge/src/dispatcher/posix.c:62 140285936207616: single write -1 of expected 131072
15:09:46 ERROR /home/bsc03/bsc03353/forge/src/dispatcher/posix.c:61 139602576553728: r->filehandle = 36, r->size = 131072, r->offset = 60651601920
15:09:46 ERROR /home/bsc03/bsc03353/forge/src/dispatcher/posix.c:62 139602576553728: single write -1 of expected 131072
15:09:47 ERROR /home/bsc03/bsc03353/forge/src/dispatcher/posix.c:61 139626198918912: r->filehandle = 36, r->size = 131072, r->offset = 61009428480
15:09:47 ERROR /home/bsc03/bsc03353/forge/src/dispatcher/posix.c:62 139626198918912: single write -1 of expected 131072
15:09:47 ERROR /home/bsc03/bsc03353/forge/src/dispatcher/posix.c:61 139648058763008: r->filehandle = 36, r->size = 131072, r->offset = 130248867840
15:09:47 ERROR /home/bsc03/bsc03353/forge/src/dispatcher/posix.c:62 139648058763008: single write -1 of expected 131072
15:09:49 ERROR /home/bsc03/bsc03353/forge/src/dispatcher/posix.c:61 139716427409152: r->filehandle = 35, r->size = 131072, r->offset = 1610219520
15:09:49 ERROR /home/bsc03/bsc03353/forge/src/dispatcher/posix.c:62 139716427409152: single write -1 of expected 131072
15:09:50 ERROR /home/bsc03/bsc03353/forge/src/dispatcher/posix.c:61 140292378670848: r->filehandle = 36, r->size = 131072, r->offset = 95002951680
15:09:50 ERROR /home/bsc03/bsc03353/forge/src/dispatcher/posix.c:62 140292378670848: single write -1 of expected 131072
15:09:50 ERROR /home/bsc03/bsc03353/forge/src/dispatcher/posix.c:61 139714279921408: r->filehandle = 35, r->size = 131072, r->offset = 25763512320
15:09:50 ERROR /home/bsc03/bsc03353/forge/src/dispatcher/posix.c:62 139714279921408: single write -1 of expected 131072
15:09:52 ERROR /home/bsc03/bsc03353/forge/src/dispatcher/posix.c:61 139701394994944: r->filehandle = 35, r->size = 131072, r->offset = 536739840
15:09:52 ERROR /home/bsc03/bsc03353/forge/src/dispatcher/posix.c:62 139701394994944: single write -1 of expected 131072
15:09:53 ERROR /home/bsc03/bsc03353/forge/src/dispatcher/posix.c:61 139630493894400: r->filehandle = 36, r->size = 131072, r->offset = 48485498880
15:09:53 ERROR /home/bsc03/bsc03353/forge/src/dispatcher/posix.c:62 139630493894400: single write -1 of expected 131072
15:09:53 ERROR /home/bsc03/bsc03353/forge/src/dispatcher/posix.c:61 139630878861056: r->filehandle = 36, r->size = 131072, r->offset = 128638648320
15:09:53 ERROR /home/bsc03/bsc03353/forge/src/dispatcher/posix.c:62 139630878861056: single write -1 of expected 131072
15:09:55 ERROR /home/bsc03/bsc03353/forge/src/dispatcher/posix.c:61 140268756305664: r->filehandle = 36, r->size = 131072, r->offset = 71386398720
15:09:55 ERROR /home/bsc03/bsc03353/forge/src/dispatcher/posix.c:62 140268756305664: single write -1 of expected 131072
15:09:56 ERROR /home/bsc03/bsc03353/forge/src/dispatcher/posix.c:61 139707837458176: r->filehandle = 35, r->size = 131072, r->offset = 29878517760
15:09:56 ERROR /home/bsc03/bsc03353/forge/src/dispatcher/posix.c:62 139707837458176: single write -1 of expected 131072
15:09:57 ERROR /home/bsc03/bsc03353/forge/src/dispatcher/posix.c:61 139624436397824: r->filehandle = 36, r->size = 131072, r->offset = 125954949120
15:09:57 ERROR /home/bsc03/bsc03353/forge/src/dispatcher/posix.c:61 139613313992448: r->filehandle = 36, r->size = 131072, r->offset = 49022238720
15:09:57 ERROR /home/bsc03/bsc03353/forge/src/dispatcher/posix.c:62 139613313992448: single write -1 of expected 131072
15:09:57 ERROR /home/bsc03/bsc03353/forge/src/dispatcher/posix.c:62 139624436397824: single write -1 of expected 131072
15:09:58 ERROR /home/bsc03/bsc03353/forge/src/dispatcher/posix.c:61 139641616299776: r->filehandle = 36, r->size = 131072, r->offset = 125418209280
15:09:58 ERROR /home/bsc03/bsc03353/forge/src/dispatcher/posix.c:62 139641616299776: single write -1 of expected 131072
15:09:59 ERROR /home/bsc03/bsc03353/forge/src/dispatcher/posix.c:61 140273051281152: r->filehandle = 36, r->size = 131072, r->offset = 98581217280
15:09:59 ERROR /home/bsc03/bsc03353/forge/src/dispatcher/posix.c:62 140273051281152: single write -1 of expected 131072
15:10:00 ERROR /home/bsc03/bsc03353/forge/src/dispatcher/posix.c:61 140277346256640: r->filehandle = 36, r->size = 131072, r->offset = 96255344640
15:10:00 ERROR /home/bsc03/bsc03353/forge/src/dispatcher/posix.c:62 140277346256640: single write -1 of expected 131072
15:10:00 ERROR /home/bsc03/bsc03353/forge/src/dispatcher/posix.c:61 139619756455680: r->filehandle = 36, r->size = 131072, r->offset = 60472688640
15:10:00 ERROR /home/bsc03/bsc03353/forge/src/dispatcher/posix.c:62 139619756455680: single write -1 of expected 131072
15:10:01 ERROR /home/bsc03/bsc03353/forge/src/dispatcher/posix.c:61 139718574896896: r->filehandle = 35, r->size = 131072, r->offset = 26300252160
15:10:01 ERROR /home/bsc03/bsc03353/forge/src/dispatcher/posix.c:62 139718574896896: single write -1 of expected 131072
15:10:01 ERROR /home/bsc03/bsc03353/forge/src/dispatcher/posix.c:61 139626198918912: r->filehandle = 36, r->size = 131072, r->offset = 50453544960
15:10:01 ERROR /home/bsc03/bsc03353/forge/src/dispatcher/posix.c:62 139626198918912: single write -1 of expected 131072
15:10:02 ERROR /home/bsc03/bsc03353/forge/src/dispatcher/posix.c:61 139648058763008: r->filehandle = 36, r->size = 131072, r->offset = 132038000640
15:10:02 ERROR /home/bsc03/bsc03353/forge/src/dispatcher/posix.c:62 139648058763008: single write -1 of expected 131072
15:10:02 ERROR /home/bsc03/bsc03353/forge/src/dispatcher/posix.c:61 139722869872384: r->filehandle = 35, r->size = 131072, r->offset = 11450449920
15:10:02 ERROR /home/bsc03/bsc03353/forge/src/dispatcher/posix.c:61 140264461330176: r->filehandle = 36, r->size = 131072, r->offset = 82836848640
15:10:02 ERROR /home/bsc03/bsc03353/forge/src/dispatcher/posix.c:62 140264461330176: single write -1 of expected 131072
15:10:02 ERROR /home/bsc03/bsc03353/forge/src/dispatcher/posix.c:62 139722869872384: single write -1 of expected 131072
15:10:04 ERROR /home/bsc03/bsc03353/forge/src/dispatcher/posix.c:61 139617608967936: r->filehandle = 36, r->size = 131072, r->offset = 54210723840
15:10:04 ERROR /home/bsc03/bsc03353/forge/src/dispatcher/posix.c:62 139617608967936: single write -1 of expected 131072
15:10:06 ERROR /home/bsc03/bsc03353/forge/src/dispatcher/posix.c:61 139611166504704: r->filehandle = 36, r->size = 131072, r->offset = 56715509760
15:10:06 ERROR /home/bsc03/bsc03353/forge/src/dispatcher/posix.c:62 139611166504704: single write -1 of expected 131072
15:10:07 ERROR /home/bsc03/bsc03353/forge/src/dispatcher/posix.c:61 139630878861056: r->filehandle = 36, r->size = 131072, r->offset = 127386255360
15:10:07 ERROR /home/bsc03/bsc03353/forge/src/dispatcher/posix.c:62 139630878861056: single write -1 of expected 131072
15:10:11 ERROR /home/bsc03/bsc03353/forge/src/dispatcher/posix.c:61 140270903793408: r->filehandle = 36, r->size = 131072, r->offset = 93034905600
15:10:11 ERROR /home/bsc03/bsc03353/forge/src/dispatcher/posix.c:62 140270903793408: single write -1 of expected 131072
15:10:12 ERROR /home/bsc03/bsc03353/forge/src/dispatcher/posix.c:61 139701394994944: r->filehandle = 35, r->size = 131072, r->offset = 4651745280
15:10:12 ERROR /home/bsc03/bsc03353/forge/src/dispatcher/posix.c:62 139701394994944: single write -1 of expected 131072
15:10:13 ERROR /home/bsc03/bsc03353/forge/src/dispatcher/posix.c:61 139725017360128: r->filehandle = 35, r->size = 131072, r->offset = 5188485120
15:10:13 ERROR /home/bsc03/bsc03353/forge/src/dispatcher/posix.c:62 139725017360128: single write -1 of expected 131072
15:10:14 ERROR /home/bsc03/bsc03353/forge/src/dispatcher/posix.c:61 139628731373312: r->filehandle = 36, r->size = 131072, r->offset = 131680174080
15:10:14 ERROR /home/bsc03/bsc03353/forge/src/dispatcher/posix.c:62 139628731373312: single write -1 of expected 131072
15:10:14 ERROR /home/bsc03/bsc03353/forge/src/dispatcher/posix.c:61 139634788869888: r->filehandle = 36, r->size = 131072, r->offset = 61546168320
15:10:14 ERROR /home/bsc03/bsc03353/forge/src/dispatcher/posix.c:62 139634788869888: single write -1 of expected 131072
15:10:16 ERROR /home/bsc03/bsc03353/forge/src/dispatcher/posix.c:61 140290231183104: r->filehandle = 36, r->size = 131072, r->offset = 95897518080
15:10:16 ERROR /home/bsc03/bsc03353/forge/src/dispatcher/posix.c:62 140290231183104: single write -1 of expected 131072
15:10:17 ERROR /home/bsc03/bsc03353/forge/src/dispatcher/posix.c:61 140279493744384: r->filehandle = 36, r->size = 131072, r->offset = 95360778240
15:10:17 ERROR /home/bsc03/bsc03353/forge/src/dispatcher/posix.c:62 140279493744384: single write -1 of expected 131072
15:10:18 ERROR /home/bsc03/bsc03353/forge/src/dispatcher/posix.c:61 140296673646336: r->filehandle = 36, r->size = 131072, r->offset = 101264916480
15:10:18 ERROR /home/bsc03/bsc03353/forge/src/dispatcher/posix.c:62 140296673646336: single write -1 of expected 131072
15:10:18 ERROR /home/bsc03/bsc03353/forge/src/dispatcher/posix.c:61 140292378670848: r->filehandle = 36, r->size = 131072, r->offset = 94287298560
15:10:18 ERROR /home/bsc03/bsc03353/forge/src/dispatcher/posix.c:62 140292378670848: single write -1 of expected 131072
15:10:19 ERROR /home/bsc03/bsc03353/forge/src/dispatcher/posix.c:61 140294526158592: r->filehandle = 36, r->size = 131072, r->offset = 100728176640
15:10:19 ERROR /home/bsc03/bsc03353/forge/src/dispatcher/posix.c:62 140294526158592: single write -1 of expected 131072
15:10:19 ERROR /home/bsc03/bsc03353/forge/src/dispatcher/posix.c:61 139613313992448: r->filehandle = 36, r->size = 131072, r->offset = 57610076160
15:10:19 ERROR /home/bsc03/bsc03353/forge/src/dispatcher/posix.c:62 139613313992448: single write -1 of expected 131072
15:10:19 ERROR /home/bsc03/bsc03353/forge/src/dispatcher/posix.c:61 139624051431168: r->filehandle = 36, r->size = 131072, r->offset = 35782656000
15:10:19 ERROR /home/bsc03/bsc03353/forge/src/dispatcher/posix.c:62 139624051431168: single write -1 of expected 131072
15:10:20 ERROR /home/bsc03/bsc03353/forge/src/dispatcher/posix.c:61 139621903943424: r->filehandle = 36, r->size = 131072, r->offset = 37392875520
15:10:20 ERROR /home/bsc03/bsc03353/forge/src/dispatcher/posix.c:62 139621903943424: single write -1 of expected 131072
15:10:20 ERROR /home/bsc03/bsc03353/forge/src/dispatcher/posix.c:61 139712132433664: r->filehandle = 35, r->size = 131072, r->offset = 14313062400
15:10:20 ERROR /home/bsc03/bsc03353/forge/src/dispatcher/posix.c:62 139712132433664: single write -1 of expected 131072
15:10:21 ERROR /home/bsc03/bsc03353/forge/src/dispatcher/posix.c:61 139622288910080: r->filehandle = 36, r->size = 131072, r->offset = 125597122560
15:10:21 ERROR /home/bsc03/bsc03353/forge/src/dispatcher/posix.c:62 139622288910080: single write -1 of expected 131072
15:10:22 ERROR /home/bsc03/bsc03353/forge/src/dispatcher/posix.c:61 139645911275264: r->filehandle = 36, r->size = 131072, r->offset = 129712128000
15:10:22 ERROR /home/bsc03/bsc03353/forge/src/dispatcher/posix.c:62 139645911275264: single write -1 of expected 131072
15:10:22 ERROR /home/bsc03/bsc03353/forge/src/dispatcher/posix.c:61 139705689970432: r->filehandle = 35, r->size = 131072, r->offset = 178913280
15:10:22 ERROR /home/bsc03/bsc03353/forge/src/dispatcher/posix.c:62 139705689970432: single write -1 of expected 131072
15:10:22 ERROR /home/bsc03/bsc03353/forge/src/dispatcher/posix.c:61 140288083695360: r->filehandle = 36, r->size = 131072, r->offset = 97507737600
15:10:22 ERROR /home/bsc03/bsc03353/forge/src/dispatcher/posix.c:62 140288083695360: single write -1 of expected 131072
15:10:24 ERROR /home/bsc03/bsc03353/forge/src/dispatcher/posix.c:61 139602576553728: r->filehandle = 36, r->size = 131072, r->offset = 36677222400
15:10:24 ERROR /home/bsc03/bsc03353/forge/src/dispatcher/posix.c:62 139602576553728: single write -1 of expected 131072
15:10:28 ERROR /home/bsc03/bsc03353/forge/src/dispatcher/posix.c:61 139613313992448: r->filehandle = 36, r->size = 131072, r->offset = 61188341760
15:10:28 ERROR /home/bsc03/bsc03353/forge/src/dispatcher/posix.c:62 139613313992448: single write -1 of expected 131072
15:10:29 ERROR /home/bsc03/bsc03353/forge/src/dispatcher/posix.c:61 139624436397824: r->filehandle = 36, r->size = 131072, r->offset = 132574740480
15:10:29 ERROR /home/bsc03/bsc03353/forge/src/dispatcher/posix.c:62 139624436397824: single write -1 of expected 131072
15:10:30 ERROR /home/bsc03/bsc03353/forge/src/dispatcher/posix.c:61 139720722384640: r->filehandle = 35, r->size = 131072, r->offset = 11629363200
15:10:30 ERROR /home/bsc03/bsc03353/forge/src/dispatcher/posix.c:62 139720722384640: single write -1 of expected 131072
15:10:34 ERROR /home/bsc03/bsc03353/forge/src/dispatcher/posix.c:61 140266608817920: r->filehandle = 36, r->size = 131072, r->offset = 94645125120
15:10:34 ERROR /home/bsc03/bsc03353/forge/src/dispatcher/posix.c:62 140266608817920: single write -1 of expected 131072
15:10:36 ERROR /home/bsc03/bsc03353/forge/src/dispatcher/posix.c:61 139604724041472: r->filehandle = 36, r->size = 131072, r->offset = 49558978560
15:10:36 ERROR /home/bsc03/bsc03353/forge/src/dispatcher/posix.c:62 139604724041472: single write -1 of expected 131072
15:10:37 ERROR /home/bsc03/bsc03353/forge/src/dispatcher/posix.c:61 139630878861056: r->filehandle = 36, r->size = 131072, r->offset = 133290393600
15:10:37 ERROR /home/bsc03/bsc03353/forge/src/dispatcher/posix.c:62 139630878861056: single write -1 of expected 131072
15:10:38 ERROR /home/bsc03/bsc03353/forge/src/dispatcher/posix.c:61 140294526158592: r->filehandle = 36, r->size = 131072, r->offset = 95181864960
15:10:38 ERROR /home/bsc03/bsc03353/forge/src/dispatcher/posix.c:62 140294526158592: single write -1 of expected 131072
15:10:39 ERROR /home/bsc03/bsc03353/forge/src/dispatcher/posix.c:61 139703542482688: r->filehandle = 35, r->size = 131072, r->offset = 26658078720
15:10:39 ERROR /home/bsc03/bsc03353/forge/src/dispatcher/posix.c:62 139703542482688: single write -1 of expected 131072
15:10:41 ERROR /home/bsc03/bsc03353/forge/src/dispatcher/posix.c:61 139712132433664: r->filehandle = 35, r->size = 131072, r->offset = 6977617920
15:10:41 ERROR /home/bsc03/bsc03353/forge/src/dispatcher/posix.c:62 139712132433664: single write -1 of expected 131072
15:10:41 ERROR /home/bsc03/bsc03353/forge/src/dispatcher/posix.c:61 139699247507200: r->filehandle = 35, r->size = 131072, r->offset = 14491975680
15:10:41 ERROR /home/bsc03/bsc03353/forge/src/dispatcher/posix.c:62 139699247507200: single write -1 of expected 131072
15:10:43 ERROR /home/bsc03/bsc03353/forge/src/dispatcher/posix.c:61 139632641382144: r->filehandle = 36, r->size = 131072, r->offset = 49916805120
15:10:43 ERROR /home/bsc03/bsc03353/forge/src/dispatcher/posix.c:62 139632641382144: single write -1 of expected 131072
15:10:44 ERROR /home/bsc03/bsc03353/forge/src/dispatcher/posix.c:61 139613313992448: r->filehandle = 36, r->size = 131072, r->offset = 46696366080
15:10:44 ERROR /home/bsc03/bsc03353/forge/src/dispatcher/posix.c:62 139613313992448: single write -1 of expected 131072
15:10:44 ERROR /home/bsc03/bsc03353/forge/src/dispatcher/posix.c:61 139615461480192: r->filehandle = 36, r->size = 131072, r->offset = 38287441920
15:10:44 ERROR /home/bsc03/bsc03353/forge/src/dispatcher/posix.c:62 139615461480192: single write -1 of expected 131072
15:10:44 ERROR /home/bsc03/bsc03353/forge/src/dispatcher/posix.c:61 139604724041472: r->filehandle = 36, r->size = 131072, r->offset = 54389637120
15:10:44 ERROR /home/bsc03/bsc03353/forge/src/dispatcher/posix.c:62 139604724041472: single write -1 of expected 131072
15:10:46 ERROR /home/bsc03/bsc03353/forge/src/dispatcher/posix.c:61 139641616299776: r->filehandle = 36, r->size = 131072, r->offset = 124702556160
15:10:46 ERROR /home/bsc03/bsc03353/forge/src/dispatcher/posix.c:62 139641616299776: single write -1 of expected 131072
15:10:47 ERROR /home/bsc03/bsc03353/forge/src/dispatcher/posix.c:61 140292378670848: r->filehandle = 36, r->size = 131072, r->offset = 98760130560
15:10:47 ERROR /home/bsc03/bsc03353/forge/src/dispatcher/posix.c:62 140292378670848: single write -1 of expected 131072
15:10:47 ERROR /home/bsc03/bsc03353/forge/src/dispatcher/posix.c:61 140268756305664: r->filehandle = 36, r->size = 131072, r->offset = 77827276800
15:10:47 ERROR /home/bsc03/bsc03353/forge/src/dispatcher/posix.c:62 140268756305664: single write -1 of expected 131072
15:10:50 ERROR /home/bsc03/bsc03353/forge/src/dispatcher/posix.c:61 139707837458176: r->filehandle = 35, r->size = 131072, r->offset = 7156531200
15:10:50 ERROR /home/bsc03/bsc03353/forge/src/dispatcher/posix.c:62 139707837458176: single write -1 of expected 131072
15:10:51 ERROR /home/bsc03/bsc03353/forge/src/dispatcher/posix.c:61 139697100019456: r->filehandle = 35, r->size = 131072, r->offset = 6261964800
15:10:51 ERROR /home/bsc03/bsc03353/forge/src/dispatcher/posix.c:62 139697100019456: single write -1 of expected 131072
15:10:51 ERROR /home/bsc03/bsc03353/forge/src/dispatcher/posix.c:61 139712132433664: r->filehandle = 35, r->size = 131072, r->offset = 1789132800
15:10:51 ERROR /home/bsc03/bsc03353/forge/src/dispatcher/posix.c:62 139712132433664: single write -1 of expected 131072
15:10:53 ERROR /home/bsc03/bsc03353/forge/src/dispatcher/posix.c:61 139727164847872: r->filehandle = 35, r->size = 131072, r->offset = 15565455360
15:10:53 ERROR /home/bsc03/bsc03353/forge/src/dispatcher/posix.c:62 139727164847872: single write -1 of expected 131072
15:10:53 ERROR /home/bsc03/bsc03353/forge/src/dispatcher/posix.c:61 139628346406656: r->filehandle = 36, r->size = 131072, r->offset = 34530263040
15:10:53 ERROR /home/bsc03/bsc03353/forge/src/dispatcher/posix.c:62 139628346406656: single write -1 of expected 131072
15:10:54 ERROR /home/bsc03/bsc03353/forge/src/dispatcher/posix.c:61 140273051281152: r->filehandle = 36, r->size = 131072, r->offset = 102696222720
15:10:54 ERROR /home/bsc03/bsc03353/forge/src/dispatcher/posix.c:62 140273051281152: single write -1 of expected 131072
15:10:55 ERROR /home/bsc03/bsc03353/forge/src/dispatcher/posix.c:61 140294526158592: r->filehandle = 36, r->size = 131072, r->offset = 98939043840
15:10:55 ERROR /home/bsc03/bsc03353/forge/src/dispatcher/posix.c:62 140294526158592: single write -1 of expected 131072
15:10:59 ERROR /home/bsc03/bsc03353/forge/src/dispatcher/posix.c:61 139635173836544: r->filehandle = 36, r->size = 131072, r->offset = 127207342080
15:10:59 ERROR /home/bsc03/bsc03353/forge/src/dispatcher/posix.c:62 139635173836544: single write -1 of expected 131072
15:11:02 ERROR /home/bsc03/bsc03353/forge/src/dispatcher/posix.c:61 139722869872384: r->filehandle = 35, r->size = 131072, r->offset = 12702842880
15:11:02 ERROR /home/bsc03/bsc03353/forge/src/dispatcher/posix.c:62 139722869872384: single write -1 of expected 131072
15:11:03 ERROR /home/bsc03/bsc03353/forge/src/dispatcher/posix.c:61 139615461480192: r->filehandle = 36, r->size = 131072, r->offset = 57431162880
15:11:03 ERROR /home/bsc03/bsc03353/forge/src/dispatcher/posix.c:62 139615461480192: single write -1 of expected 131072
15:11:04 ERROR /home/bsc03/bsc03353/forge/src/dispatcher/posix.c:61 139634788869888: r->filehandle = 36, r->size = 131072, r->offset = 35067002880
15:11:04 ERROR /home/bsc03/bsc03353/forge/src/dispatcher/posix.c:62 139634788869888: single write -1 of expected 131072
15:11:08 ERROR /home/bsc03/bsc03353/forge/src/dispatcher/posix.c:61 139609019016960: r->filehandle = 36, r->size = 131072, r->offset = 50274631680
15:11:08 ERROR /home/bsc03/bsc03353/forge/src/dispatcher/posix.c:62 139609019016960: single write -1 of expected 131072
15:11:12 ERROR /home/bsc03/bsc03353/forge/src/dispatcher/posix.c:61 140290231183104: r->filehandle = 36, r->size = 131072, r->offset = 92319252480
15:11:12 ERROR /home/bsc03/bsc03353/forge/src/dispatcher/posix.c:62 140290231183104: single write -1 of expected 131072
15:11:13 ERROR /home/bsc03/bsc03353/forge/src/dispatcher/posix.c:61 139617993934592: r->filehandle = 36, r->size = 131072, r->offset = 132932567040
15:11:13 ERROR /home/bsc03/bsc03353/forge/src/dispatcher/posix.c:62 139617993934592: single write -1 of expected 131072
15:11:18 ERROR /home/bsc03/bsc03353/forge/src/dispatcher/posix.c:61 139622288910080: r->filehandle = 36, r->size = 131072, r->offset = 107169054720
15:11:18 ERROR /home/bsc03/bsc03353/forge/src/dispatcher/posix.c:62 139622288910080: single write -1 of expected 131072
15:11:19 ERROR /home/bsc03/bsc03353/forge/src/dispatcher/posix.c:61 139643763787520: r->filehandle = 36, r->size = 131072, r->offset = 130069954560
15:11:19 ERROR /home/bsc03/bsc03353/forge/src/dispatcher/posix.c:62 139643763787520: single write -1 of expected 131072
15:11:20 ERROR /home/bsc03/bsc03353/forge/src/dispatcher/posix.c:61 139725017360128: r->filehandle = 35, r->size = 131072, r->offset = 10913710080
15:11:20 ERROR /home/bsc03/bsc03353/forge/src/dispatcher/posix.c:62 139725017360128: single write -1 of expected 131072
15:11:21 ERROR /home/bsc03/bsc03353/forge/src/dispatcher/posix.c:61 139628346406656: r->filehandle = 36, r->size = 131072, r->offset = 54747463680
15:11:21 ERROR /home/bsc03/bsc03353/forge/src/dispatcher/posix.c:62 139628346406656: single write -1 of expected 131072
15:11:22 ERROR /home/bsc03/bsc03353/forge/src/dispatcher/posix.c:61 140281641232128: r->filehandle = 36, r->size = 131072, r->offset = 80689889280
15:11:22 ERROR /home/bsc03/bsc03353/forge/src/dispatcher/posix.c:62 140281641232128: single write -1 of expected 131072
15:11:23 ERROR /home/bsc03/bsc03353/forge/src/dispatcher/posix.c:61 139633026348800: r->filehandle = 36, r->size = 131072, r->offset = 131859087360
15:11:23 ERROR /home/bsc03/bsc03353/forge/src/dispatcher/posix.c:62 139633026348800: single write -1 of expected 131072
15:11:24 ERROR /home/bsc03/bsc03353/forge/src/dispatcher/posix.c:61 139639468812032: r->filehandle = 36, r->size = 131072, r->offset = 125776035840
15:11:24 ERROR /home/bsc03/bsc03353/forge/src/dispatcher/posix.c:62 139639468812032: single write -1 of expected 131072
15:11:24 ERROR /home/bsc03/bsc03353/forge/src/dispatcher/posix.c:61 139609019016960: r->filehandle = 36, r->size = 131072, r->offset = 48306585600
15:11:24 ERROR /home/bsc03/bsc03353/forge/src/dispatcher/posix.c:62 139609019016960: single write -1 of expected 131072
15:11:26 ERROR /home/bsc03/bsc03353/forge/src/dispatcher/posix.c:61 139699247507200: r->filehandle = 35, r->size = 131072, r->offset = 1431306240
15:11:26 ERROR /home/bsc03/bsc03353/forge/src/dispatcher/posix.c:62 139699247507200: single write -1 of expected 131072
15:11:28 ERROR /home/bsc03/bsc03353/forge/src/dispatcher/posix.c:61 140294526158592: r->filehandle = 36, r->size = 131072, r->offset = 72996618240
15:11:28 ERROR /home/bsc03/bsc03353/forge/src/dispatcher/posix.c:62 140294526158592: single write -1 of expected 131072
15:11:28 ERROR /home/bsc03/bsc03353/forge/src/dispatcher/posix.c:61 140264461330176: r->filehandle = 36, r->size = 131072, r->offset = 84089241600
15:11:28 ERROR /home/bsc03/bsc03353/forge/src/dispatcher/posix.c:62 140264461330176: single write -1 of expected 131072
15:11:29 ERROR /home/bsc03/bsc03353/forge/src/dispatcher/posix.c:61 139641616299776: r->filehandle = 36, r->size = 131072, r->offset = 105737748480
15:11:29 ERROR /home/bsc03/bsc03353/forge/src/dispatcher/posix.c:62 139641616299776: single write -1 of expected 131072
15:11:31 ERROR /home/bsc03/bsc03353/forge/src/dispatcher/posix.c:61 139617608967936: r->filehandle = 36, r->size = 131072, r->offset = 54926376960
15:11:31 ERROR /home/bsc03/bsc03353/forge/src/dispatcher/posix.c:62 139617608967936: single write -1 of expected 131072
15:11:31 ERROR /home/bsc03/bsc03353/forge/src/dispatcher/posix.c:61 139727164847872: r->filehandle = 35, r->size = 131072, r->offset = 17175674880
15:11:31 ERROR /home/bsc03/bsc03353/forge/src/dispatcher/posix.c:62 139727164847872: single write -1 of expected 131072
15:11:33 ERROR /home/bsc03/bsc03353/forge/src/dispatcher/posix.c:61 139718574896896: r->filehandle = 35, r->size = 131072, r->offset = 6083051520
15:11:33 ERROR /home/bsc03/bsc03353/forge/src/dispatcher/posix.c:62 139718574896896: single write -1 of expected 131072
15:11:35 ERROR /home/bsc03/bsc03353/forge/src/dispatcher/posix.c:61 139722869872384: r->filehandle = 35, r->size = 131072, r->offset = 8766750720
15:11:35 ERROR /home/bsc03/bsc03353/forge/src/dispatcher/posix.c:62 139722869872384: single write -1 of expected 131072
15:11:36 ERROR /home/bsc03/bsc03353/forge/src/dispatcher/posix.c:61 139709984945920: r->filehandle = 35, r->size = 131072, r->offset = 894566400
15:11:36 ERROR /home/bsc03/bsc03353/forge/src/dispatcher/posix.c:62 139709984945920: single write -1 of expected 131072
15:11:36 ERROR /home/bsc03/bsc03353/forge/src/dispatcher/posix.c:61 140270903793408: r->filehandle = 36, r->size = 131072, r->offset = 92498165760
15:11:36 ERROR /home/bsc03/bsc03353/forge/src/dispatcher/posix.c:62 140270903793408: single write -1 of expected 131072
15:11:37 ERROR /home/bsc03/bsc03353/forge/src/dispatcher/posix.c:61 139626583885568: r->filehandle = 36, r->size = 131072, r->offset = 129354301440
15:11:37 ERROR /home/bsc03/bsc03353/forge/src/dispatcher/posix.c:62 139626583885568: single write -1 of expected 131072
15:11:37 ERROR /home/bsc03/bsc03353/forge/src/dispatcher/posix.c:61 139609019016960: r->filehandle = 36, r->size = 131072, r->offset = 55999856640
15:11:37 ERROR /home/bsc03/bsc03353/forge/src/dispatcher/posix.c:62 139609019016960: single write -1 of expected 131072
15:11:39 ERROR /home/bsc03/bsc03353/forge/src/dispatcher/posix.c:61 139606871529216: r->filehandle = 36, r->size = 131072, r->offset = 35961569280
15:11:39 ERROR /home/bsc03/bsc03353/forge/src/dispatcher/posix.c:62 139606871529216: single write -1 of expected 131072
15:11:39 ERROR /home/bsc03/bsc03353/forge/src/dispatcher/posix.c:61 139630493894400: r->filehandle = 36, r->size = 131072, r->offset = 50095718400
15:11:39 ERROR /home/bsc03/bsc03353/forge/src/dispatcher/posix.c:62 139630493894400: single write -1 of expected 131072
15:11:40 ERROR /home/bsc03/bsc03353/forge/src/dispatcher/posix.c:61 139604724041472: r->filehandle = 36, r->size = 131072, r->offset = 59757035520
15:11:40 ERROR /home/bsc03/bsc03353/forge/src/dispatcher/posix.c:62 139604724041472: single write -1 of expected 131072
15:11:43 ERROR /home/bsc03/bsc03353/forge/src/dispatcher/posix.c:61 139602576553728: r->filehandle = 36, r->size = 131072, r->offset = 52779417600
15:11:43 ERROR /home/bsc03/bsc03353/forge/src/dispatcher/posix.c:62 139602576553728: single write -1 of expected 131072
15:11:43 ERROR /home/bsc03/bsc03353/forge/src/dispatcher/posix.c:61 139701394994944: r->filehandle = 35, r->size = 131072, r->offset = 9303490560
15:11:43 ERROR /home/bsc03/bsc03353/forge/src/dispatcher/posix.c:62 139701394994944: single write -1 of expected 131072
15:11:44 ERROR /home/bsc03/bsc03353/forge/src/dispatcher/posix.c:61 140273051281152: r->filehandle = 36, r->size = 131072, r->offset = 79974236160
15:11:44 ERROR /home/bsc03/bsc03353/forge/src/dispatcher/posix.c:62 140273051281152: single write -1 of expected 131072
15:11:45 ERROR /home/bsc03/bsc03353/forge/src/dispatcher/posix.c:61 139645911275264: r->filehandle = 36, r->size = 131072, r->offset = 105916661760
15:11:45 ERROR /home/bsc03/bsc03353/forge/src/dispatcher/posix.c:62 139645911275264: single write -1 of expected 131072
15:11:46 ERROR /home/bsc03/bsc03353/forge/src/dispatcher/posix.c:61 139632641382144: r->filehandle = 36, r->size = 131072, r->offset = 45801799680
15:11:46 ERROR /home/bsc03/bsc03353/forge/src/dispatcher/posix.c:62 139632641382144: single write -1 of expected 131072
15:11:47 ERROR /home/bsc03/bsc03353/forge/src/dispatcher/posix.c:61 139624051431168: r->filehandle = 36, r->size = 131072, r->offset = 51705937920
15:11:47 ERROR /home/bsc03/bsc03353/forge/src/dispatcher/posix.c:62 139624051431168: single write -1 of expected 131072
15:11:48 ERROR /home/bsc03/bsc03353/forge/src/dispatcher/posix.c:61 139626198918912: r->filehandle = 36, r->size = 131072, r->offset = 46159626240
15:11:48 ERROR /home/bsc03/bsc03353/forge/src/dispatcher/posix.c:62 139626198918912: single write -1 of expected 131072
15:11:50 ERROR /home/bsc03/bsc03353/forge/src/dispatcher/posix.c:61 139613313992448: r->filehandle = 36, r->size = 131072, r->offset = 49737891840
15:11:50 ERROR /home/bsc03/bsc03353/forge/src/dispatcher/posix.c:62 139613313992448: single write -1 of expected 131072
15:11:50 ERROR /home/bsc03/bsc03353/forge/src/dispatcher/posix.c:61 139634788869888: r->filehandle = 36, r->size = 131072, r->offset = 60830515200
15:11:50 ERROR /home/bsc03/bsc03353/forge/src/dispatcher/posix.c:62 139634788869888: single write -1 of expected 131072
15:11:52 ERROR /home/bsc03/bsc03353/forge/src/dispatcher/posix.c:61 139619756455680: r->filehandle = 36, r->size = 131072, r->offset = 46338539520
15:11:52 ERROR /home/bsc03/bsc03353/forge/src/dispatcher/posix.c:62 139619756455680: single write -1 of expected 131072
15:11:55 ERROR /home/bsc03/bsc03353/forge/src/dispatcher/posix.c:61 139609019016960: r->filehandle = 36, r->size = 131072, r->offset = 40613314560
15:11:55 ERROR /home/bsc03/bsc03353/forge/src/dispatcher/posix.c:62 139609019016960: single write -1 of expected 131072
15:11:56 ERROR /home/bsc03/bsc03353/forge/src/dispatcher/posix.c:61 139628346406656: r->filehandle = 36, r->size = 131072, r->offset = 55284203520
15:11:56 ERROR /home/bsc03/bsc03353/forge/src/dispatcher/posix.c:62 139628346406656: single write -1 of expected 131072
15:11:57 ERROR /home/bsc03/bsc03353/forge/src/dispatcher/posix.c:61 139694952531712: r->filehandle = 35, r->size = 131072, r->offset = 26121338880
15:11:57 ERROR /home/bsc03/bsc03353/forge/src/dispatcher/posix.c:61 140266608817920: r->filehandle = 36, r->size = 131072, r->offset = 95718604800
15:11:57 ERROR /home/bsc03/bsc03353/forge/src/dispatcher/posix.c:62 139694952531712: single write -1 of expected 131072
15:11:57 ERROR /home/bsc03/bsc03353/forge/src/dispatcher/posix.c:62 140266608817920: single write -1 of expected 131072
15:12:01 ERROR /home/bsc03/bsc03353/forge/src/dispatcher/posix.c:61 140292378670848: r->filehandle = 36, r->size = 131072, r->offset = 81047715840
15:12:01 ERROR /home/bsc03/bsc03353/forge/src/dispatcher/posix.c:62 140292378670848: single write -1 of expected 131072
15:12:01 ERROR /home/bsc03/bsc03353/forge/src/dispatcher/posix.c:61 140285936207616: r->filehandle = 36, r->size = 131072, r->offset = 80332062720
15:12:01 ERROR /home/bsc03/bsc03353/forge/src/dispatcher/posix.c:62 140285936207616: single write -1 of expected 131072
15:12:02 ERROR /home/bsc03/bsc03353/forge/src/dispatcher/posix.c:61 140283788719872: r->filehandle = 36, r->size = 131072, r->offset = 84447068160
15:12:02 ERROR /home/bsc03/bsc03353/forge/src/dispatcher/posix.c:62 140283788719872: single write -1 of expected 131072
15:12:02 ERROR /home/bsc03/bsc03353/forge/src/dispatcher/posix.c:61 140275198768896: r->filehandle = 36, r->size = 131072, r->offset = 77648363520
15:12:02 ERROR /home/bsc03/bsc03353/forge/src/dispatcher/posix.c:62 140275198768896: single write -1 of expected 131072
15:12:03 ERROR /home/bsc03/bsc03353/forge/src/dispatcher/posix.c:61 140281641232128: r->filehandle = 36, r->size = 131072, r->offset = 91961425920
15:12:03 ERROR /home/bsc03/bsc03353/forge/src/dispatcher/posix.c:62 140281641232128: single write -1 of expected 131072
15:12:05 ERROR /home/bsc03/bsc03353/forge/src/dispatcher/posix.c:61 140290231183104: r->filehandle = 36, r->size = 131072, r->offset = 78900756480
15:12:05 ERROR /home/bsc03/bsc03353/forge/src/dispatcher/posix.c:62 140290231183104: single write -1 of expected 131072
15:12:06 ERROR /home/bsc03/bsc03353/forge/src/dispatcher/posix.c:61 139637321324288: r->filehandle = 36, r->size = 131072, r->offset = 123450163200
15:12:06 ERROR /home/bsc03/bsc03353/forge/src/dispatcher/posix.c:62 139637321324288: single write -1 of expected 131072
15:12:06 ERROR /home/bsc03/bsc03353/forge/src/dispatcher/posix.c:61 139606871529216: r->filehandle = 36, r->size = 131072, r->offset = 38466355200
15:12:06 ERROR /home/bsc03/bsc03353/forge/src/dispatcher/posix.c:62 139606871529216: single write -1 of expected 131072
15:12:06 ERROR /home/bsc03/bsc03353/forge/src/dispatcher/posix.c:61 139621903943424: r->filehandle = 36, r->size = 131072, r->offset = 55820943360
15:12:06 ERROR /home/bsc03/bsc03353/forge/src/dispatcher/posix.c:62 139621903943424: single write -1 of expected 131072
15:12:07 ERROR /home/bsc03/bsc03353/forge/src/dispatcher/posix.c:61 140294526158592: r->filehandle = 36, r->size = 131072, r->offset = 68881612800
15:12:07 ERROR /home/bsc03/bsc03353/forge/src/dispatcher/posix.c:62 140294526158592: single write -1 of expected 131072
15:12:08 ERROR /home/bsc03/bsc03353/forge/src/dispatcher/posix.c:61 139720722384640: r->filehandle = 35, r->size = 131072, r->offset = 5725224960
15:12:08 ERROR /home/bsc03/bsc03353/forge/src/dispatcher/posix.c:62 139720722384640: single write -1 of expected 131072
15:12:09 ERROR /home/bsc03/bsc03353/forge/src/dispatcher/posix.c:61 139725017360128: r->filehandle = 35, r->size = 131072, r->offset = 12881756160
15:12:09 ERROR /home/bsc03/bsc03353/forge/src/dispatcher/posix.c:62 139725017360128: single write -1 of expected 131072
15:12:12 ERROR /home/bsc03/bsc03353/forge/src/dispatcher/posix.c:61 139722869872384: r->filehandle = 35, r->size = 131072, r->offset = 9124577280
15:12:12 ERROR /home/bsc03/bsc03353/forge/src/dispatcher/posix.c:62 139722869872384: single write -1 of expected 131072
15:12:14 ERROR /home/bsc03/bsc03353/forge/src/dispatcher/posix.c:61 139639468812032: r->filehandle = 36, r->size = 131072, r->offset = 107526881280
15:12:14 ERROR /home/bsc03/bsc03353/forge/src/dispatcher/posix.c:62 139639468812032: single write -1 of expected 131072
15:12:15 ERROR /home/bsc03/bsc03353/forge/src/dispatcher/posix.c:61 139615461480192: r->filehandle = 36, r->size = 131072, r->offset = 36856135680
15:12:15 ERROR /home/bsc03/bsc03353/forge/src/dispatcher/posix.c:62 139615461480192: single write -1 of expected 131072
15:12:21 ERROR /home/bsc03/bsc03353/forge/src/dispatcher/posix.c:61 139613313992448: r->filehandle = 36, r->size = 131072, r->offset = 42760273920
15:12:21 ERROR /home/bsc03/bsc03353/forge/src/dispatcher/posix.c:62 139613313992448: single write -1 of expected 131072
15:12:21 ERROR /home/bsc03/bsc03353/forge/src/dispatcher/posix.c:61 140296673646336: r->filehandle = 36, r->size = 131072, r->offset = 71565312000
15:12:21 ERROR /home/bsc03/bsc03353/forge/src/dispatcher/posix.c:62 140296673646336: single write -1 of expected 131072
15:12:22 ERROR /home/bsc03/bsc03353/forge/src/dispatcher/posix.c:61 139705689970432: r->filehandle = 35, r->size = 131072, r->offset = 3578265600
15:12:22 ERROR /home/bsc03/bsc03353/forge/src/dispatcher/posix.c:62 139705689970432: single write -1 of expected 131072
15:12:22 ERROR /home/bsc03/bsc03353/forge/src/dispatcher/posix.c:61 139617993934592: r->filehandle = 36, r->size = 131072, r->offset = 104306442240
15:12:22 ERROR /home/bsc03/bsc03353/forge/src/dispatcher/posix.c:62 139617993934592: single write -1 of expected 131072
15:12:23 ERROR /home/bsc03/bsc03353/forge/src/dispatcher/posix.c:61 139648058763008: r->filehandle = 36, r->size = 131072, r->offset = 103054049280
15:12:23 ERROR /home/bsc03/bsc03353/forge/src/dispatcher/posix.c:62 139648058763008: single write -1 of expected 131072
15:12:23 ERROR /home/bsc03/bsc03353/forge/src/dispatcher/posix.c:61 139615846446848: r->filehandle = 36, r->size = 131072, r->offset = 127565168640
15:12:23 ERROR /home/bsc03/bsc03353/forge/src/dispatcher/posix.c:62 139615846446848: single write -1 of expected 131072
15:12:24 ERROR /home/bsc03/bsc03353/forge/src/dispatcher/posix.c:61 139621903943424: r->filehandle = 36, r->size = 131072, r->offset = 55105290240
15:12:24 ERROR /home/bsc03/bsc03353/forge/src/dispatcher/posix.c:62 139621903943424: single write -1 of expected 131072
15:12:25 ERROR /home/bsc03/bsc03353/forge/src/dispatcher/posix.c:61 139602576553728: r->filehandle = 36, r->size = 131072, r->offset = 47590932480
15:12:25 ERROR /home/bsc03/bsc03353/forge/src/dispatcher/posix.c:62 139602576553728: single write -1 of expected 131072
15:12:30 ERROR /home/bsc03/bsc03353/forge/src/dispatcher/posix.c:61 139630493894400: r->filehandle = 36, r->size = 131072, r->offset = 52958330880
15:12:30 ERROR /home/bsc03/bsc03353/forge/src/dispatcher/posix.c:62 139630493894400: single write -1 of expected 131072
15:12:31 ERROR /home/bsc03/bsc03353/forge/src/dispatcher/posix.c:61 140270903793408: r->filehandle = 36, r->size = 131072, r->offset = 73175531520
15:12:31 ERROR /home/bsc03/bsc03353/forge/src/dispatcher/posix.c:62 140270903793408: single write -1 of expected 131072
15:12:32 ERROR /home/bsc03/bsc03353/forge/src/dispatcher/posix.c:61 139694952531712: r->filehandle = 35, r->size = 131072, r->offset = 15744368640
15:12:32 ERROR /home/bsc03/bsc03353/forge/src/dispatcher/posix.c:62 139694952531712: single write -1 of expected 131072
15:12:33 ERROR /home/bsc03/bsc03353/forge/src/dispatcher/posix.c:61 139727164847872: r->filehandle = 35, r->size = 131072, r->offset = 32025477120
15:12:33 ERROR /home/bsc03/bsc03353/forge/src/dispatcher/posix.c:62 139727164847872: single write -1 of expected 131072
15:12:34 ERROR /home/bsc03/bsc03353/forge/src/dispatcher/posix.c:61 139718574896896: r->filehandle = 35, r->size = 131072, r->offset = 15207628800
15:12:34 ERROR /home/bsc03/bsc03353/forge/src/dispatcher/posix.c:62 139718574896896: single write -1 of expected 131072
15:12:38 ERROR /home/bsc03/bsc03353/forge/src/dispatcher/posix.c:61 139707837458176: r->filehandle = 35, r->size = 131072, r->offset = 14670888960
15:12:38 ERROR /home/bsc03/bsc03353/forge/src/dispatcher/posix.c:62 139707837458176: single write -1 of expected 131072
15:12:44 ERROR /home/bsc03/bsc03353/forge/src/dispatcher/posix.c:61 139697100019456: r->filehandle = 35, r->size = 131072, r->offset = 6619791360
15:12:44 ERROR /home/bsc03/bsc03353/forge/src/dispatcher/posix.c:62 139697100019456: single write -1 of expected 131072
15:12:45 ERROR /home/bsc03/bsc03353/forge/src/dispatcher/posix.c:61 139712132433664: r->filehandle = 35, r->size = 131072, r->offset = 9840230400
15:12:45 ERROR /home/bsc03/bsc03353/forge/src/dispatcher/posix.c:62 139712132433664: single write -1 of expected 131072
15:12:47 ERROR /home/bsc03/bsc03353/forge/src/dispatcher/posix.c:61 139703542482688: r->filehandle = 35, r->size = 131072, r->offset = 27373731840
15:12:47 ERROR /home/bsc03/bsc03353/forge/src/dispatcher/posix.c:62 139703542482688: single write -1 of expected 131072
15:12:49 ERROR /home/bsc03/bsc03353/forge/src/dispatcher/posix.c:61 139639468812032: r->filehandle = 36, r->size = 131072, r->offset = 132753653760
15:12:49 ERROR /home/bsc03/bsc03353/forge/src/dispatcher/posix.c:62 139639468812032: single write -1 of expected 131072
15:12:50 ERROR /home/bsc03/bsc03353/forge/src/dispatcher/posix.c:61 140281641232128: r->filehandle = 36, r->size = 131072, r->offset = 78364016640
15:12:50 ERROR /home/bsc03/bsc03353/forge/src/dispatcher/posix.c:62 140281641232128: single write -1 of expected 131072
15:12:51 ERROR /home/bsc03/bsc03353/forge/src/dispatcher/posix.c:61 139615461480192: r->filehandle = 36, r->size = 131072, r->offset = 51348111360
15:12:51 ERROR /home/bsc03/bsc03353/forge/src/dispatcher/posix.c:62 139615461480192: single write -1 of expected 131072
15:12:53 ERROR /home/bsc03/bsc03353/forge/src/dispatcher/posix.c:61 139709984945920: r->filehandle = 35, r->size = 131072, r->offset = 17354588160
15:12:53 ERROR /home/bsc03/bsc03353/forge/src/dispatcher/posix.c:62 139709984945920: single write -1 of expected 131072
15:12:54 ERROR /home/bsc03/bsc03353/forge/src/dispatcher/posix.c:61 139720722384640: r->filehandle = 35, r->size = 131072, r->offset = 31846563840
15:12:54 ERROR /home/bsc03/bsc03353/forge/src/dispatcher/posix.c:62 139720722384640: single write -1 of expected 131072
15:12:55 ERROR /home/bsc03/bsc03353/forge/src/dispatcher/posix.c:61 139626583885568: r->filehandle = 36, r->size = 131072, r->offset = 123629076480
15:12:55 ERROR /home/bsc03/bsc03353/forge/src/dispatcher/posix.c:62 139626583885568: single write -1 of expected 131072
15:12:56 ERROR /home/bsc03/bsc03353/forge/src/dispatcher/posix.c:61 140290231183104: r->filehandle = 36, r->size = 131072, r->offset = 72459878400
15:12:56 ERROR /home/bsc03/bsc03353/forge/src/dispatcher/posix.c:62 140290231183104: single write -1 of expected 131072
15:12:57 ERROR /home/bsc03/bsc03353/forge/src/dispatcher/posix.c:61 139632641382144: r->filehandle = 36, r->size = 131072, r->offset = 62798561280
15:12:57 ERROR /home/bsc03/bsc03353/forge/src/dispatcher/posix.c:61 140270903793408: r->filehandle = 36, r->size = 131072, r->offset = 69239439360
15:12:57 ERROR /home/bsc03/bsc03353/forge/src/dispatcher/posix.c:62 140270903793408: single write -1 of expected 131072
15:12:57 ERROR /home/bsc03/bsc03353/forge/src/dispatcher/posix.c:62 139632641382144: single write -1 of expected 131072
15:12:58 ERROR /home/bsc03/bsc03353/forge/src/dispatcher/posix.c:61 140266608817920: r->filehandle = 36, r->size = 131072, r->offset = 102875136000
15:12:58 ERROR /home/bsc03/bsc03353/forge/src/dispatcher/posix.c:62 140266608817920: single write -1 of expected 131072
15:12:59 ERROR /home/bsc03/bsc03353/forge/src/dispatcher/posix.c:61 140292378670848: r->filehandle = 36, r->size = 131072, r->offset = 74606837760
15:12:59 ERROR /home/bsc03/bsc03353/forge/src/dispatcher/posix.c:62 140292378670848: single write -1 of expected 131072
15:13:00 ERROR /home/bsc03/bsc03353/forge/src/dispatcher/posix.c:61 139716427409152: r->filehandle = 35, r->size = 131072, r->offset = 8408924160
15:13:00 ERROR /home/bsc03/bsc03353/forge/src/dispatcher/posix.c:62 139716427409152: single write -1 of expected 131072
15:13:01 ERROR /home/bsc03/bsc03353/forge/src/dispatcher/posix.c:61 139637321324288: r->filehandle = 36, r->size = 131072, r->offset = 104664268800
15:13:01 ERROR /home/bsc03/bsc03353/forge/src/dispatcher/posix.c:62 139637321324288: single write -1 of expected 131072
15:13:01 ERROR /home/bsc03/bsc03353/forge/src/dispatcher/posix.c:61 140275198768896: r->filehandle = 36, r->size = 131072, r->offset = 71744225280
15:13:01 ERROR /home/bsc03/bsc03353/forge/src/dispatcher/posix.c:62 140275198768896: single write -1 of expected 131072
15:13:03 ERROR /home/bsc03/bsc03353/forge/src/dispatcher/posix.c:61 139626198918912: r->filehandle = 36, r->size = 131072, r->offset = 54568550400
15:13:04 ERROR /home/bsc03/bsc03353/forge/src/dispatcher/posix.c:61 140281641232128: r->filehandle = 36, r->size = 131072, r->offset = 75680317440
15:13:04 ERROR /home/bsc03/bsc03353/forge/src/dispatcher/posix.c:62 140281641232128: single write -1 of expected 131072
15:13:04 ERROR /home/bsc03/bsc03353/forge/src/dispatcher/posix.c:62 139626198918912: single write -1 of expected 131072
15:13:05 ERROR /home/bsc03/bsc03353/forge/src/dispatcher/posix.c:61 140296673646336: r->filehandle = 36, r->size = 131072, r->offset = 72817704960
15:13:05 ERROR /home/bsc03/bsc03353/forge/src/dispatcher/posix.c:62 140296673646336: single write -1 of expected 131072
15:13:06 ERROR /home/bsc03/bsc03353/forge/src/dispatcher/posix.c:61 139720722384640: r->filehandle = 35, r->size = 131072, r->offset = 13060669440
15:13:06 ERROR /home/bsc03/bsc03353/forge/src/dispatcher/posix.c:62 139720722384640: single write -1 of expected 131072
15:13:09 ERROR /home/bsc03/bsc03353/forge/src/dispatcher/posix.c:61 139718574896896: r->filehandle = 35, r->size = 131072, r->offset = 8587837440
15:13:09 ERROR /home/bsc03/bsc03353/forge/src/dispatcher/posix.c:62 139718574896896: single write -1 of expected 131072
15:13:10 ERROR /home/bsc03/bsc03353/forge/src/dispatcher/posix.c:61 139714279921408: r->filehandle = 35, r->size = 131072, r->offset = 4293918720
15:13:10 ERROR /home/bsc03/bsc03353/forge/src/dispatcher/posix.c:62 139714279921408: single write -1 of expected 131072
15:13:11 ERROR /home/bsc03/bsc03353/forge/src/dispatcher/posix.c:61 139620141422336: r->filehandle = 36, r->size = 131072, r->offset = 126312775680
15:13:11 ERROR /home/bsc03/bsc03353/forge/src/dispatcher/posix.c:62 139620141422336: single write -1 of expected 131072
15:13:11 ERROR /home/bsc03/bsc03353/forge/src/dispatcher/posix.c:61 139624051431168: r->filehandle = 36, r->size = 131072, r->offset = 58683555840
15:13:11 ERROR /home/bsc03/bsc03353/forge/src/dispatcher/posix.c:62 139624051431168: single write -1 of expected 131072
15:13:14 ERROR /home/bsc03/bsc03353/forge/src/dispatcher/posix.c:61 139632641382144: r->filehandle = 36, r->size = 131072, r->offset = 67092480000
15:13:14 ERROR /home/bsc03/bsc03353/forge/src/dispatcher/posix.c:62 139632641382144: single write -1 of expected 131072
15:13:14 ERROR /home/bsc03/bsc03353/forge/src/dispatcher/posix.c:61 139630493894400: r->filehandle = 36, r->size = 131072, r->offset = 52600504320
15:13:14 ERROR /home/bsc03/bsc03353/forge/src/dispatcher/posix.c:62 139630493894400: single write -1 of expected 131072
15:13:15 ERROR /home/bsc03/bsc03353/forge/src/dispatcher/posix.c:61 140266608817920: r->filehandle = 36, r->size = 131072, r->offset = 100370350080
15:13:15 ERROR /home/bsc03/bsc03353/forge/src/dispatcher/posix.c:62 140266608817920: single write -1 of expected 131072
15:13:16 ERROR /home/bsc03/bsc03353/forge/src/dispatcher/posix.c:61 140273051281152: r->filehandle = 36, r->size = 131072, r->offset = 98223390720
15:13:16 ERROR /home/bsc03/bsc03353/forge/src/dispatcher/posix.c:62 140273051281152: single write -1 of expected 131072
15:13:17 ERROR /home/bsc03/bsc03353/forge/src/dispatcher/posix.c:61 140270903793408: r->filehandle = 36, r->size = 131072, r->offset = 78006190080
15:13:17 ERROR /home/bsc03/bsc03353/forge/src/dispatcher/posix.c:62 140270903793408: single write -1 of expected 131072
15:13:19 ERROR /home/bsc03/bsc03353/forge/src/dispatcher/posix.c:61 140277346256640: r->filehandle = 36, r->size = 131072, r->offset = 78542929920
15:13:19 ERROR /home/bsc03/bsc03353/forge/src/dispatcher/posix.c:62 140277346256640: single write -1 of expected 131072
15:13:20 ERROR /home/bsc03/bsc03353/forge/src/dispatcher/posix.c:61 139703542482688: r->filehandle = 35, r->size = 131072, r->offset = 18070241280
15:13:20 ERROR /home/bsc03/bsc03353/forge/src/dispatcher/posix.c:62 139703542482688: single write -1 of expected 131072
15:13:21 ERROR /home/bsc03/bsc03353/forge/src/dispatcher/posix.c:61 139699247507200: r->filehandle = 35, r->size = 131072, r->offset = 16996761600
15:13:21 ERROR /home/bsc03/bsc03353/forge/src/dispatcher/posix.c:62 139699247507200: single write -1 of expected 131072
15:13:23 ERROR /home/bsc03/bsc03353/forge/src/dispatcher/posix.c:61 139694952531712: r->filehandle = 35, r->size = 131072, r->offset = 32741130240
15:13:23 ERROR /home/bsc03/bsc03353/forge/src/dispatcher/posix.c:62 139694952531712: single write -1 of expected 131072
15:13:24 ERROR /home/bsc03/bsc03353/forge/src/dispatcher/posix.c:61 139621903943424: r->filehandle = 36, r->size = 131072, r->offset = 55463116800
15:13:24 ERROR /home/bsc03/bsc03353/forge/src/dispatcher/posix.c:62 139621903943424: single write -1 of expected 131072
15:13:26 ERROR /home/bsc03/bsc03353/forge/src/dispatcher/posix.c:61 139624436397824: r->filehandle = 36, r->size = 131072, r->offset = 129533214720
15:13:26 ERROR /home/bsc03/bsc03353/forge/src/dispatcher/posix.c:62 139624436397824: single write -1 of expected 131072
slurmstepd: error: *** JOB 8737173 ON s04r1b41 CANCELLED AT 2020-02-07T15:13:27 DUE TO TIME LIMIT ***
--------------------------------------------------------------------------
ORTE has lost communication with a remote daemon.

  HNP daemon   : [[50101,0],0] on node s04r1b41
  Remote daemon: [[50101,0],2] on node s09r2b26

This is usually due to either a failure of the TCP network
connection to the node, or possibly an internal failure of
the daemon itself. We cannot recover from this failure, and
therefore will terminate the job.
--------------------------------------------------------------------------
