Set GCC compilers as MPI wrappers backend 
remove impi/2017.4 (PATH, MANPATH, LD_LIBRARY_PATH) 
load openmpi/4.0.2_UCX (PATH, MANPATH, LD_LIBRARY_PATH) 
Set GCC compilers as MPI wrappers backend 
load gsl/2.4 (PATH, LD_LIBRARY_PATH, LIBRARY_PATH, MANPATH, INFOPATH,
C_INCLUDE_PATH, CPLUS_INCLUDE_PATH, PKG_CONFIG_PATH, GSL_DIR) 
21:09:33 INFO  /home/bsc03/bsc03353/forge/src/main.c:107 140310574569536: I/O Forwarding Exploration [START]
Will AGIOS generate trace files? NO
Default scheduling algorithm: TO
TWINS window size: 1000000
Will the Prediction Module read information from trace files? NO
File with access time functions: /home/bsc03/bsc03353/forge/agios/access_times.func
AGIOS thinks its user has stripe size of 32768
Will AGIOS generate trace files? NO
Default scheduling algorithm: TO
TWINS window size: 1000000
Will the Prediction Module read information from trace files? NO
File with access time functions: /home/bsc03/bsc03353/forge/agios/access_times.func
AGIOS thinks its user has stripe size of 32768
Will AGIOS generate trace files? NO
Default scheduling algorithm: TO
TWINS window size: 1000000
Will the Prediction Module read information from trace files? NO
File with access time functions: /home/bsc03/bsc03353/forge/agios/access_times.func
AGIOS thinks its user has stripe size of 32768
Will AGIOS generate trace files? NO
Default scheduling algorithm: TO
TWINS window size: 1000000
Will the Prediction Module read information from trace files? NO
File with access time functions: /home/bsc03/bsc03353/forge/agios/access_times.func
AGIOS thinks its user has stripe size of 32768
Will AGIOS generate trace files? NO
Default scheduling algorithm: TO
TWINS window size: 1000000
Will the Prediction Module read information from trace files? NO
File with access time functions: /home/bsc03/bsc03353/forge/agios/access_times.func
AGIOS thinks its user has stripe size of 32768
Will AGIOS generate trace files? NO
Default scheduling algorithm: TO
TWINS window size: 1000000
Will the Prediction Module read information from trace files? NO
File with access time functions: /home/bsc03/bsc03353/forge/agios/access_times.func
AGIOS thinks its user has stripe size of 32768
Will AGIOS generate trace files? NO
Default scheduling algorithm: TO
TWINS window size: 1000000
Will the Prediction Module read information from trace files? NO
File with access time functions: /home/bsc03/bsc03353/forge/agios/access_times.func
AGIOS thinks its user has stripe size of 32768
Will AGIOS generate trace files? NO
Default scheduling algorithm: TO
TWINS window size: 1000000
Will the Prediction Module read information from trace files? NO
File with access time functions: /home/bsc03/bsc03353/forge/agios/access_times.func
AGIOS thinks its user has stripe size of 32768
21:10:20 ERROR /home/bsc03/bsc03353/forge/src/dispatcher/posix.c:61 140482181220096: r->filehandle = 41, r->size = 1048576, r->offset = 0
21:10:20 ERROR /home/bsc03/bsc03353/forge/src/dispatcher/posix.c:62 140482181220096: single write -1 of expected 1048576
21:10:20 ERROR /home/bsc03/bsc03353/forge/src/dispatcher/posix.c:61 140161080858368: r->filehandle = 38, r->size = 1048576, r->offset = 0
21:10:20 ERROR /home/bsc03/bsc03353/forge/src/dispatcher/posix.c:62 140161080858368: single write -1 of expected 1048576
21:10:21 ERROR /home/bsc03/bsc03353/forge/src/dispatcher/posix.c:61 140163228346112: r->filehandle = 36, r->size = 1048576, r->offset = 0
21:10:21 ERROR /home/bsc03/bsc03353/forge/src/dispatcher/posix.c:62 140163228346112: single write -1 of expected 1048576
21:10:21 ERROR /home/bsc03/bsc03353/forge/src/dispatcher/posix.c:61 140203172099840: r->filehandle = 43, r->size = 1048576, r->offset = 0
21:10:21 ERROR /home/bsc03/bsc03353/forge/src/dispatcher/posix.c:62 140203172099840: single write -1 of expected 1048576
21:10:22 ERROR /home/bsc03/bsc03353/forge/src/dispatcher/posix.c:61 140206446782208: r->filehandle = 37, r->size = 1048576, r->offset = 0
21:10:22 ERROR /home/bsc03/bsc03353/forge/src/dispatcher/posix.c:61 139829680355072: r->filehandle = 46, r->size = 1048576, r->offset = 0
21:10:22 ERROR /home/bsc03/bsc03353/forge/src/dispatcher/posix.c:61 140170935301888: r->filehandle = 43, r->size = 1048576, r->offset = 0
21:10:22 ERROR /home/bsc03/bsc03353/forge/src/dispatcher/posix.c:62 140206446782208: single write -1 of expected 1048576
21:10:22 ERROR /home/bsc03/bsc03353/forge/src/dispatcher/posix.c:62 140170935301888: single write -1 of expected 1048576
21:10:22 ERROR /home/bsc03/bsc03353/forge/src/dispatcher/posix.c:62 139829680355072: single write -1 of expected 1048576
21:10:22 ERROR /home/bsc03/bsc03353/forge/src/dispatcher/posix.c:61 140286269466368: r->filehandle = 36, r->size = 1048576, r->offset = 0
21:10:22 ERROR /home/bsc03/bsc03353/forge/src/dispatcher/posix.c:61 140019171219200: r->filehandle = 36, r->size = 1048576, r->offset = 0
21:10:22 ERROR /home/bsc03/bsc03353/forge/src/dispatcher/posix.c:61 140220352001792: r->filehandle = 40, r->size = 1048576, r->offset = 0
21:10:22 ERROR /home/bsc03/bsc03353/forge/src/dispatcher/posix.c:62 140286269466368: single write -1 of expected 1048576
21:10:22 ERROR /home/bsc03/bsc03353/forge/src/dispatcher/posix.c:62 140220352001792: single write -1 of expected 1048576
21:10:22 ERROR /home/bsc03/bsc03353/forge/src/dispatcher/posix.c:62 140019171219200: single write -1 of expected 1048576
21:10:23 ERROR /home/bsc03/bsc03353/forge/src/dispatcher/posix.c:61 139993401366272: r->filehandle = 37, r->size = 1048576, r->offset = 0
21:10:23 ERROR /home/bsc03/bsc03353/forge/src/dispatcher/posix.c:62 139993401366272: single write -1 of expected 1048576
21:10:23 ERROR /home/bsc03/bsc03353/forge/src/dispatcher/posix.c:61 140473591269120: r->filehandle = 43, r->size = 1048576, r->offset = 0
21:10:23 ERROR /home/bsc03/bsc03353/forge/src/dispatcher/posix.c:62 140473591269120: single write -1 of expected 1048576
21:10:23 ERROR /home/bsc03/bsc03353/forge/src/dispatcher/posix.c:61 140288416954112: r->filehandle = 44, r->size = 1048576, r->offset = 0
21:10:23 ERROR /home/bsc03/bsc03353/forge/src/dispatcher/posix.c:62 140288416954112: single write -1 of expected 1048576
21:10:23 ERROR /home/bsc03/bsc03353/forge/src/dispatcher/posix.c:61 140153755399936: r->filehandle = 47, r->size = 1048576, r->offset = 0
21:10:23 ERROR /home/bsc03/bsc03353/forge/src/dispatcher/posix.c:62 140153755399936: single write -1 of expected 1048576
21:10:23 ERROR /home/bsc03/bsc03353/forge/src/dispatcher/posix.c:61 140195709343488: r->filehandle = 42, r->size = 1048576, r->offset = 0
21:10:23 ERROR /home/bsc03/bsc03353/forge/src/dispatcher/posix.c:62 140195709343488: single write -1 of expected 1048576
21:10:24 ERROR /home/bsc03/bsc03353/forge/src/dispatcher/posix.c:61 140297006905088: r->filehandle = 42, r->size = 1048576, r->offset = 0
21:10:24 ERROR /home/bsc03/bsc03353/forge/src/dispatcher/posix.c:62 140297006905088: single write -1 of expected 1048576
21:10:24 ERROR /home/bsc03/bsc03353/forge/src/dispatcher/posix.c:61 140218204514048: r->filehandle = 42, r->size = 1048576, r->offset = 0
21:10:24 ERROR /home/bsc03/bsc03353/forge/src/dispatcher/posix.c:62 140218204514048: single write -1 of expected 1048576
21:10:24 ERROR /home/bsc03/bsc03353/forge/src/dispatcher/posix.c:61 140477886244608: r->filehandle = 42, r->size = 1048576, r->offset = 0
21:10:24 ERROR /home/bsc03/bsc03353/forge/src/dispatcher/posix.c:61 139989106390784: r->filehandle = 36, r->size = 1048576, r->offset = 1048576
21:10:24 ERROR /home/bsc03/bsc03353/forge/src/dispatcher/posix.c:62 140477886244608: single write -1 of expected 1048576
21:10:24 ERROR /home/bsc03/bsc03353/forge/src/dispatcher/posix.c:62 139989106390784: single write -1 of expected 1048576
21:10:25 ERROR /home/bsc03/bsc03353/forge/src/dispatcher/posix.c:61 140155902887680: r->filehandle = 40, r->size = 1048576, r->offset = 0
21:10:25 ERROR /home/bsc03/bsc03353/forge/src/dispatcher/posix.c:62 140155902887680: single write -1 of expected 1048576
21:10:26 ERROR /home/bsc03/bsc03353/forge/src/dispatcher/posix.c:61 140176113272576: r->filehandle = 40, r->size = 1048576, r->offset = 0
21:10:26 ERROR /home/bsc03/bsc03353/forge/src/dispatcher/posix.c:61 140222499489536: r->filehandle = 47, r->size = 1048576, r->offset = 0
21:10:26 ERROR /home/bsc03/bsc03353/forge/src/dispatcher/posix.c:62 140222499489536: single write -1 of expected 1048576
21:10:26 ERROR /home/bsc03/bsc03353/forge/src/dispatcher/posix.c:62 140176113272576: single write -1 of expected 1048576
21:10:26 ERROR /home/bsc03/bsc03353/forge/src/dispatcher/posix.c:61 140164492838656: r->filehandle = 36, r->size = 1048576, r->offset = 0
21:10:26 ERROR /home/bsc03/bsc03353/forge/src/dispatcher/posix.c:62 140164492838656: single write -1 of expected 1048576
21:10:26 ERROR /home/bsc03/bsc03353/forge/src/dispatcher/posix.c:61 140290564441856: r->filehandle = 43, r->size = 1048576, r->offset = 0
21:10:26 ERROR /home/bsc03/bsc03353/forge/src/dispatcher/posix.c:62 140290564441856: single write -1 of expected 1048576
21:10:27 ERROR /home/bsc03/bsc03353/forge/src/dispatcher/posix.c:61 140465001318144: r->filehandle = 38, r->size = 1048576, r->offset = 0
21:10:27 ERROR /home/bsc03/bsc03353/forge/src/dispatcher/posix.c:62 140465001318144: single write -1 of expected 1048576
21:10:28 ERROR /home/bsc03/bsc03353/forge/src/dispatcher/posix.c:61 140281974490880: r->filehandle = 39, r->size = 1048576, r->offset = 0
21:10:28 ERROR /home/bsc03/bsc03353/forge/src/dispatcher/posix.c:61 140180408248064: r->filehandle = 45, r->size = 1048576, r->offset = 0
21:10:28 ERROR /home/bsc03/bsc03353/forge/src/dispatcher/posix.c:62 140281974490880: single write -1 of expected 1048576
21:10:28 ERROR /home/bsc03/bsc03353/forge/src/dispatcher/posix.c:62 140180408248064: single write -1 of expected 1048576
21:10:28 ERROR /home/bsc03/bsc03353/forge/src/dispatcher/posix.c:61 140211762050816: r->filehandle = 39, r->size = 1048576, r->offset = 0
21:10:28 ERROR /home/bsc03/bsc03353/forge/src/dispatcher/posix.c:62 140211762050816: single write -1 of expected 1048576
21:10:28 ERROR /home/bsc03/bsc03353/forge/src/dispatcher/posix.c:61 140303449368320: r->filehandle = 46, r->size = 1048576, r->offset = 0
21:10:28 ERROR /home/bsc03/bsc03353/forge/src/dispatcher/posix.c:61 140010581268224: r->filehandle = 45, r->size = 1048576, r->offset = 0
21:10:28 ERROR /home/bsc03/bsc03353/forge/src/dispatcher/posix.c:61 140456411367168: r->filehandle = 46, r->size = 1048576, r->offset = 0
21:10:28 ERROR /home/bsc03/bsc03353/forge/src/dispatcher/posix.c:62 140010581268224: single write -1 of expected 1048576
21:10:28 ERROR /home/bsc03/bsc03353/forge/src/dispatcher/posix.c:62 140456411367168: single write -1 of expected 1048576
21:10:28 ERROR /home/bsc03/bsc03353/forge/src/dispatcher/posix.c:62 140303449368320: single write -1 of expected 1048576
21:10:28 ERROR /home/bsc03/bsc03353/forge/src/dispatcher/posix.c:61 140008433780480: r->filehandle = 46, r->size = 1048576, r->offset = 0
21:10:28 ERROR /home/bsc03/bsc03353/forge/src/dispatcher/posix.c:62 140008433780480: single write -1 of expected 1048576
21:10:29 ERROR /home/bsc03/bsc03353/forge/src/dispatcher/posix.c:61 140473591269120: r->filehandle = 42, r->size = 1048576, r->offset = 1048576
21:10:29 ERROR /home/bsc03/bsc03353/forge/src/dispatcher/posix.c:62 140473591269120: single write -1 of expected 1048576
21:10:29 ERROR /home/bsc03/bsc03353/forge/src/dispatcher/posix.c:61 139812500453120: r->filehandle = 42, r->size = 1048576, r->offset = 0
21:10:29 ERROR /home/bsc03/bsc03353/forge/src/dispatcher/posix.c:62 139812500453120: single write -1 of expected 1048576
21:10:29 ERROR /home/bsc03/bsc03353/forge/src/dispatcher/posix.c:61 139821090404096: r->filehandle = 46, r->size = 1048576, r->offset = 1048576
21:10:29 ERROR /home/bsc03/bsc03353/forge/src/dispatcher/posix.c:62 139821090404096: single write -1 of expected 1048576
21:10:30 ERROR /home/bsc03/bsc03353/forge/src/dispatcher/posix.c:61 139997696341760: r->filehandle = 41, r->size = 1048576, r->offset = 0
21:10:30 ERROR /home/bsc03/bsc03353/forge/src/dispatcher/posix.c:62 139997696341760: single write -1 of expected 1048576
21:10:31 ERROR /home/bsc03/bsc03353/forge/src/dispatcher/posix.c:61 140224646977280: r->filehandle = 42, r->size = 1048576, r->offset = 1048576
21:10:31 ERROR /home/bsc03/bsc03353/forge/src/dispatcher/posix.c:62 140224646977280: single write -1 of expected 1048576
21:10:31 ERROR /home/bsc03/bsc03353/forge/src/dispatcher/posix.c:61 140454263879424: r->filehandle = 37, r->size = 1048576, r->offset = 0
21:10:31 ERROR /home/bsc03/bsc03353/forge/src/dispatcher/posix.c:62 140454263879424: single write -1 of expected 1048576
21:10:31 ERROR /home/bsc03/bsc03353/forge/src/dispatcher/posix.c:61 140294859417344: r->filehandle = 41, r->size = 1048576, r->offset = 0
21:10:31 ERROR /home/bsc03/bsc03353/forge/src/dispatcher/posix.c:61 140173965784832: r->filehandle = 47, r->size = 1048576, r->offset = 0
21:10:31 ERROR /home/bsc03/bsc03353/forge/src/dispatcher/posix.c:62 140294859417344: single write -1 of expected 1048576
21:10:31 ERROR /home/bsc03/bsc03353/forge/src/dispatcher/posix.c:62 140173965784832: single write -1 of expected 1048576
21:10:32 ERROR /home/bsc03/bsc03353/forge/src/dispatcher/posix.c:61 140467148805888: r->filehandle = 44, r->size = 1048576, r->offset = 0
21:10:32 ERROR /home/bsc03/bsc03353/forge/src/dispatcher/posix.c:61 140201024612096: r->filehandle = 47, r->size = 1048576, r->offset = 1048576
21:10:32 ERROR /home/bsc03/bsc03353/forge/src/dispatcher/posix.c:61 139991253878528: r->filehandle = 45, r->size = 1048576, r->offset = 1048576
21:10:32 ERROR /home/bsc03/bsc03353/forge/src/dispatcher/posix.c:62 140467148805888: single write -1 of expected 1048576
21:10:32 ERROR /home/bsc03/bsc03353/forge/src/dispatcher/posix.c:62 140201024612096: single write -1 of expected 1048576
21:10:32 ERROR /home/bsc03/bsc03353/forge/src/dispatcher/posix.c:62 139991253878528: single write -1 of expected 1048576
21:10:32 ERROR /home/bsc03/bsc03353/forge/src/dispatcher/posix.c:61 140484328707840: r->filehandle = 47, r->size = 1048576, r->offset = 0
21:10:32 ERROR /home/bsc03/bsc03353/forge/src/dispatcher/posix.c:62 140484328707840: single write -1 of expected 1048576
21:10:32 ERROR /home/bsc03/bsc03353/forge/src/dispatcher/posix.c:61 140012728755968: r->filehandle = 47, r->size = 1048576, r->offset = 0
21:10:32 ERROR /home/bsc03/bsc03353/forge/src/dispatcher/posix.c:62 140012728755968: single write -1 of expected 1048576
21:10:33 ERROR /home/bsc03/bsc03353/forge/src/dispatcher/posix.c:61 139829680355072: r->filehandle = 42, r->size = 1048576, r->offset = 1048576
21:10:33 ERROR /home/bsc03/bsc03353/forge/src/dispatcher/posix.c:62 139829680355072: single write -1 of expected 1048576
21:10:33 ERROR /home/bsc03/bsc03353/forge/src/dispatcher/posix.c:61 139986958903040: r->filehandle = 46, r->size = 1048576, r->offset = 1048576
21:10:33 ERROR /home/bsc03/bsc03353/forge/src/dispatcher/posix.c:61 140205319587584: r->filehandle = 40, r->size = 1048576, r->offset = 1048576
21:10:33 ERROR /home/bsc03/bsc03353/forge/src/dispatcher/posix.c:62 139986958903040: single write -1 of expected 1048576
21:10:33 ERROR /home/bsc03/bsc03353/forge/src/dispatcher/posix.c:62 140205319587584: single write -1 of expected 1048576
21:10:33 ERROR /home/bsc03/bsc03353/forge/src/dispatcher/posix.c:61 140284121978624: r->filehandle = 44, r->size = 1048576, r->offset = 1048576
21:10:33 ERROR /home/bsc03/bsc03353/forge/src/dispatcher/posix.c:62 140284121978624: single write -1 of expected 1048576
21:10:33 ERROR /home/bsc03/bsc03353/forge/src/dispatcher/posix.c:61 140166640326400: r->filehandle = 39, r->size = 1048576, r->offset = 0
21:10:33 ERROR /home/bsc03/bsc03353/forge/src/dispatcher/posix.c:62 140166640326400: single write -1 of expected 1048576
21:10:33 ERROR /home/bsc03/bsc03353/forge/src/dispatcher/posix.c:61 140187119392512: r->filehandle = 38, r->size = 1048576, r->offset = 0
21:10:33 ERROR /home/bsc03/bsc03353/forge/src/dispatcher/posix.c:62 140187119392512: single write -1 of expected 1048576
21:10:34 ERROR /home/bsc03/bsc03353/forge/src/dispatcher/posix.c:61 139816795428608: r->filehandle = 39, r->size = 1048576, r->offset = 0
21:10:34 ERROR /home/bsc03/bsc03353/forge/src/dispatcher/posix.c:62 139816795428608: single write -1 of expected 1048576
21:10:35 ERROR /home/bsc03/bsc03353/forge/src/dispatcher/posix.c:61 140222499489536: r->filehandle = 39, r->size = 1048576, r->offset = 1048576
21:10:35 ERROR /home/bsc03/bsc03353/forge/src/dispatcher/posix.c:62 140222499489536: single write -1 of expected 1048576
21:10:35 ERROR /home/bsc03/bsc03353/forge/src/dispatcher/posix.c:61 140273384539904: r->filehandle = 45, r->size = 1048576, r->offset = 0
21:10:35 ERROR /home/bsc03/bsc03353/forge/src/dispatcher/posix.c:61 140017023731456: r->filehandle = 44, r->size = 1048576, r->offset = 0
21:10:35 ERROR /home/bsc03/bsc03353/forge/src/dispatcher/posix.c:62 140017023731456: single write -1 of expected 1048576
21:10:35 ERROR /home/bsc03/bsc03353/forge/src/dispatcher/posix.c:62 140273384539904: single write -1 of expected 1048576
21:10:35 ERROR /home/bsc03/bsc03353/forge/src/dispatcher/posix.c:61 140152490907392: r->filehandle = 42, r->size = 1048576, r->offset = 0
21:10:35 ERROR /home/bsc03/bsc03353/forge/src/dispatcher/posix.c:62 140152490907392: single write -1 of expected 1048576
21:10:35 ERROR /home/bsc03/bsc03353/forge/src/dispatcher/posix.c:61 140473591269120: r->filehandle = 37, r->size = 1048576, r->offset = 1048576
21:10:35 ERROR /home/bsc03/bsc03353/forge/src/dispatcher/posix.c:62 140473591269120: single write -1 of expected 1048576
21:10:36 ERROR /home/bsc03/bsc03353/forge/src/dispatcher/posix.c:61 140171818297088: r->filehandle = 46, r->size = 1048576, r->offset = 0
21:10:36 ERROR /home/bsc03/bsc03353/forge/src/dispatcher/posix.c:62 140171818297088: single write -1 of expected 1048576
21:10:36 ERROR /home/bsc03/bsc03353/forge/src/dispatcher/posix.c:61 140001991317248: r->filehandle = 38, r->size = 1048576, r->offset = 0
21:10:36 ERROR /home/bsc03/bsc03353/forge/src/dispatcher/posix.c:62 140001991317248: single write -1 of expected 1048576
21:10:36 ERROR /home/bsc03/bsc03353/forge/src/dispatcher/posix.c:61 140462853830400: r->filehandle = 43, r->size = 1048576, r->offset = 1048576
21:10:36 ERROR /home/bsc03/bsc03353/forge/src/dispatcher/posix.c:62 140462853830400: single write -1 of expected 1048576
21:10:37 ERROR /home/bsc03/bsc03353/forge/src/dispatcher/posix.c:61 139831827842816: r->filehandle = 38, r->size = 1048576, r->offset = 0
21:10:37 ERROR /home/bsc03/bsc03353/forge/src/dispatcher/posix.c:61 140004138804992: r->filehandle = 39, r->size = 1048576, r->offset = 0
21:10:37 ERROR /home/bsc03/bsc03353/forge/src/dispatcher/posix.c:62 139831827842816: single write -1 of expected 1048576
21:10:37 ERROR /home/bsc03/bsc03353/forge/src/dispatcher/posix.c:62 140004138804992: single write -1 of expected 1048576
21:10:37 ERROR /home/bsc03/bsc03353/forge/src/dispatcher/posix.c:61 140456411367168: r->filehandle = 42, r->size = 1048576, r->offset = 2097152
21:10:37 ERROR /home/bsc03/bsc03353/forge/src/dispatcher/posix.c:62 140456411367168: single write -1 of expected 1048576
21:10:37 ERROR /home/bsc03/bsc03353/forge/src/dispatcher/posix.c:61 140301301880576: r->filehandle = 40, r->size = 1048576, r->offset = 0
21:10:37 ERROR /home/bsc03/bsc03353/forge/src/dispatcher/posix.c:62 140301301880576: single write -1 of expected 1048576
21:10:38 ERROR /home/bsc03/bsc03353/forge/src/dispatcher/posix.c:61 140460706342656: r->filehandle = 40, r->size = 1048576, r->offset = 0
21:10:38 ERROR /home/bsc03/bsc03353/forge/src/dispatcher/posix.c:62 140460706342656: single write -1 of expected 1048576
21:10:38 ERROR /home/bsc03/bsc03353/forge/src/dispatcher/posix.c:61 140008433780480: r->filehandle = 41, r->size = 1048576, r->offset = 1048576
21:10:38 ERROR /home/bsc03/bsc03353/forge/src/dispatcher/posix.c:62 140008433780480: single write -1 of expected 1048576
21:10:38 ERROR /home/bsc03/bsc03353/forge/src/dispatcher/posix.c:61 140208594269952: r->filehandle = 39, r->size = 1048576, r->offset = 0
21:10:38 ERROR /home/bsc03/bsc03353/forge/src/dispatcher/posix.c:62 140208594269952: single write -1 of expected 1048576
21:10:39 ERROR /home/bsc03/bsc03353/forge/src/dispatcher/posix.c:61 140162345350912: r->filehandle = 41, r->size = 1048576, r->offset = 0
21:10:39 ERROR /home/bsc03/bsc03353/forge/src/dispatcher/posix.c:62 140162345350912: single write -1 of expected 1048576
21:10:39 ERROR /home/bsc03/bsc03353/forge/src/dispatcher/posix.c:61 140477886244608: r->filehandle = 38, r->size = 1048576, r->offset = 1048576
21:10:39 ERROR /home/bsc03/bsc03353/forge/src/dispatcher/posix.c:62 140477886244608: single write -1 of expected 1048576
21:10:39 ERROR /home/bsc03/bsc03353/forge/src/dispatcher/posix.c:61 140160197863168: r->filehandle = 44, r->size = 1048576, r->offset = 0
21:10:39 ERROR /home/bsc03/bsc03353/forge/src/dispatcher/posix.c:62 140160197863168: single write -1 of expected 1048576
21:10:40 ERROR /home/bsc03/bsc03353/forge/src/dispatcher/posix.c:61 140290564441856: r->filehandle = 39, r->size = 1048576, r->offset = 1048576
21:10:40 ERROR /home/bsc03/bsc03353/forge/src/dispatcher/posix.c:62 140290564441856: single write -1 of expected 1048576
21:10:40 ERROR /home/bsc03/bsc03353/forge/src/dispatcher/posix.c:61 139997696341760: r->filehandle = 44, r->size = 1048576, r->offset = 1048576
21:10:40 ERROR /home/bsc03/bsc03353/forge/src/dispatcher/posix.c:61 139814647940864: r->filehandle = 37, r->size = 1048576, r->offset = 0
21:10:40 ERROR /home/bsc03/bsc03353/forge/src/dispatcher/posix.c:62 139997696341760: single write -1 of expected 1048576
21:10:40 ERROR /home/bsc03/bsc03353/forge/src/dispatcher/posix.c:62 139814647940864: single write -1 of expected 1048576
21:10:40 ERROR /home/bsc03/bsc03353/forge/src/dispatcher/posix.c:61 140288416954112: r->filehandle = 46, r->size = 1048576, r->offset = 1048576
21:10:40 ERROR /home/bsc03/bsc03353/forge/src/dispatcher/posix.c:62 140288416954112: single write -1 of expected 1048576
21:10:41 ERROR /home/bsc03/bsc03353/forge/src/dispatcher/posix.c:61 140228941952768: r->filehandle = 37, r->size = 1048576, r->offset = 0
21:10:41 ERROR /home/bsc03/bsc03353/forge/src/dispatcher/posix.c:62 140228941952768: single write -1 of expected 1048576
21:10:41 ERROR /home/bsc03/bsc03353/forge/src/dispatcher/posix.c:61 140271237052160: r->filehandle = 37, r->size = 1048576, r->offset = 0
21:10:41 ERROR /home/bsc03/bsc03353/forge/src/dispatcher/posix.c:61 140204299294464: r->filehandle = 42, r->size = 1048576, r->offset = 1048576
21:10:41 ERROR /home/bsc03/bsc03353/forge/src/dispatcher/posix.c:61 140155902887680: r->filehandle = 36, r->size = 1048576, r->offset = 1048576
21:10:41 ERROR /home/bsc03/bsc03353/forge/src/dispatcher/posix.c:61 139838270306048: r->filehandle = 45, r->size = 1048576, r->offset = 0
21:10:41 ERROR /home/bsc03/bsc03353/forge/src/dispatcher/posix.c:61 140216057026304: r->filehandle = 46, r->size = 1048576, r->offset = 0
21:10:41 ERROR /home/bsc03/bsc03353/forge/src/dispatcher/posix.c:62 140204299294464: single write -1 of expected 1048576
21:10:41 ERROR /home/bsc03/bsc03353/forge/src/dispatcher/posix.c:62 140155902887680: single write -1 of expected 1048576
21:10:41 ERROR /home/bsc03/bsc03353/forge/src/dispatcher/posix.c:62 140271237052160: single write -1 of expected 1048576
21:10:41 ERROR /home/bsc03/bsc03353/forge/src/dispatcher/posix.c:62 139838270306048: single write -1 of expected 1048576
21:10:41 ERROR /home/bsc03/bsc03353/forge/src/dispatcher/posix.c:62 140216057026304: single write -1 of expected 1048576
21:10:42 ERROR /home/bsc03/bsc03353/forge/src/dispatcher/posix.c:61 140168787814144: r->filehandle = 46, r->size = 1048576, r->offset = 0
21:10:42 ERROR /home/bsc03/bsc03353/forge/src/dispatcher/posix.c:62 140168787814144: single write -1 of expected 1048576
21:10:43 ERROR /home/bsc03/bsc03353/forge/src/dispatcher/posix.c:61 140224646977280: r->filehandle = 37, r->size = 1048576, r->offset = 1048576
21:10:43 ERROR /home/bsc03/bsc03353/forge/src/dispatcher/posix.c:61 139825385379584: r->filehandle = 44, r->size = 1048576, r->offset = 0
21:10:43 ERROR /home/bsc03/bsc03353/forge/src/dispatcher/posix.c:62 140224646977280: single write -1 of expected 1048576
21:10:43 ERROR /home/bsc03/bsc03353/forge/src/dispatcher/posix.c:62 139825385379584: single write -1 of expected 1048576
21:10:43 ERROR /home/bsc03/bsc03353/forge/src/dispatcher/posix.c:61 140467148805888: r->filehandle = 42, r->size = 1048576, r->offset = 3145728
21:10:43 ERROR /home/bsc03/bsc03353/forge/src/dispatcher/posix.c:62 140467148805888: single write -1 of expected 1048576
21:10:44 ERROR /home/bsc03/bsc03353/forge/src/dispatcher/posix.c:61 140158050375424: r->filehandle = 42, r->size = 1048576, r->offset = 0
21:10:44 ERROR /home/bsc03/bsc03353/forge/src/dispatcher/posix.c:62 140158050375424: single write -1 of expected 1048576
21:10:44 ERROR /home/bsc03/bsc03353/forge/src/dispatcher/posix.c:61 139989106390784: r->filehandle = 45, r->size = 1048576, r->offset = 2097152
21:10:44 ERROR /home/bsc03/bsc03353/forge/src/dispatcher/posix.c:61 140196729636608: r->filehandle = 44, r->size = 1048576, r->offset = 0
21:10:44 ERROR /home/bsc03/bsc03353/forge/src/dispatcher/posix.c:62 140196729636608: single write -1 of expected 1048576
21:10:44 ERROR /home/bsc03/bsc03353/forge/src/dispatcher/posix.c:62 139989106390784: single write -1 of expected 1048576
21:10:45 ERROR /home/bsc03/bsc03353/forge/src/dispatcher/posix.c:61 140165375833856: r->filehandle = 40, r->size = 1048576, r->offset = 1048576
21:10:45 ERROR /home/bsc03/bsc03353/forge/src/dispatcher/posix.c:62 140165375833856: single write -1 of expected 1048576
21:10:45 ERROR /home/bsc03/bsc03353/forge/src/dispatcher/posix.c:61 139818942916352: r->filehandle = 36, r->size = 1048576, r->offset = 0
21:10:45 ERROR /home/bsc03/bsc03353/forge/src/dispatcher/posix.c:62 139818942916352: single write -1 of expected 1048576
21:10:45 ERROR /home/bsc03/bsc03353/forge/src/dispatcher/posix.c:61 139812500453120: r->filehandle = 38, r->size = 1048576, r->offset = 1048576
21:10:45 ERROR /home/bsc03/bsc03353/forge/src/dispatcher/posix.c:62 139812500453120: single write -1 of expected 1048576
21:10:45 ERROR /home/bsc03/bsc03353/forge/src/dispatcher/posix.c:61 140458558854912: r->filehandle = 39, r->size = 1048576, r->offset = 0
21:10:45 ERROR /home/bsc03/bsc03353/forge/src/dispatcher/posix.c:62 140458558854912: single write -1 of expected 1048576
21:10:46 ERROR /home/bsc03/bsc03353/forge/src/dispatcher/posix.c:61 140294859417344: r->filehandle = 44, r->size = 1048576, r->offset = 2097152
21:10:46 ERROR /home/bsc03/bsc03353/forge/src/dispatcher/posix.c:62 140294859417344: single write -1 of expected 1048576
21:10:46 ERROR /home/bsc03/bsc03353/forge/src/dispatcher/posix.c:61 140218204514048: r->filehandle = 47, r->size = 1048576, r->offset = 2097152
21:10:46 ERROR /home/bsc03/bsc03353/forge/src/dispatcher/posix.c:62 140218204514048: single write -1 of expected 1048576
21:10:47 ERROR /home/bsc03/bsc03353/forge/src/dispatcher/posix.c:61 139836122818304: r->filehandle = 41, r->size = 1048576, r->offset = 0
21:10:47 ERROR /home/bsc03/bsc03353/forge/src/dispatcher/posix.c:62 139836122818304: single write -1 of expected 1048576
21:10:47 ERROR /home/bsc03/bsc03353/forge/src/dispatcher/posix.c:61 140297006905088: r->filehandle = 41, r->size = 1048576, r->offset = 1048576
21:10:47 ERROR /home/bsc03/bsc03353/forge/src/dispatcher/posix.c:62 140297006905088: single write -1 of expected 1048576
21:10:48 ERROR /home/bsc03/bsc03353/forge/src/dispatcher/posix.c:61 140480033732352: r->filehandle = 46, r->size = 1048576, r->offset = 1048576
21:10:48 ERROR /home/bsc03/bsc03353/forge/src/dispatcher/posix.c:61 140163228346112: r->filehandle = 42, r->size = 1048576, r->offset = 1048576
21:10:48 ERROR /home/bsc03/bsc03353/forge/src/dispatcher/posix.c:61 139993401366272: r->filehandle = 36, r->size = 1048576, r->offset = 2097152
21:10:48 ERROR /home/bsc03/bsc03353/forge/src/dispatcher/posix.c:61 140197856831232: r->filehandle = 38, r->size = 1048576, r->offset = 1048576
21:10:48 ERROR /home/bsc03/bsc03353/forge/src/dispatcher/posix.c:62 140480033732352: single write -1 of expected 1048576
21:10:48 ERROR /home/bsc03/bsc03353/forge/src/dispatcher/posix.c:62 140163228346112: single write -1 of expected 1048576
21:10:48 ERROR /home/bsc03/bsc03353/forge/src/dispatcher/posix.c:62 139993401366272: single write -1 of expected 1048576
21:10:48 ERROR /home/bsc03/bsc03353/forge/src/dispatcher/posix.c:62 140197856831232: single write -1 of expected 1048576
21:10:48 ERROR /home/bsc03/bsc03353/forge/src/dispatcher/posix.c:61 140277679515392: r->filehandle = 38, r->size = 1048576, r->offset = 0
21:10:48 ERROR /home/bsc03/bsc03353/forge/src/dispatcher/posix.c:61 140178260760320: r->filehandle = 44, r->size = 1048576, r->offset = 0
21:10:48 ERROR /home/bsc03/bsc03353/forge/src/dispatcher/posix.c:61 140149460424448: r->filehandle = 37, r->size = 1048576, r->offset = 0
21:10:48 ERROR /home/bsc03/bsc03353/forge/src/dispatcher/posix.c:61 140201024612096: r->filehandle = 40, r->size = 1048576, r->offset = 2097152
21:10:48 ERROR /home/bsc03/bsc03353/forge/src/dispatcher/posix.c:62 140277679515392: single write -1 of expected 1048576
21:10:48 ERROR /home/bsc03/bsc03353/forge/src/dispatcher/posix.c:62 140178260760320: single write -1 of expected 1048576
21:10:48 ERROR /home/bsc03/bsc03353/forge/src/dispatcher/posix.c:62 140201024612096: single write -1 of expected 1048576
21:10:48 ERROR /home/bsc03/bsc03353/forge/src/dispatcher/posix.c:62 140149460424448: single write -1 of expected 1048576
21:10:48 ERROR /home/bsc03/bsc03353/forge/src/dispatcher/posix.c:61 140454263879424: r->filehandle = 44, r->size = 1048576, r->offset = 1048576
21:10:48 ERROR /home/bsc03/bsc03353/forge/src/dispatcher/posix.c:62 140454263879424: single write -1 of expected 1048576
21:10:49 ERROR /home/bsc03/bsc03353/forge/src/dispatcher/posix.c:61 140164492838656: r->filehandle = 36, r->size = 1048576, r->offset = 2097152
21:10:49 ERROR /home/bsc03/bsc03353/forge/src/dispatcher/posix.c:62 140164492838656: single write -1 of expected 1048576
21:10:50 ERROR /home/bsc03/bsc03353/forge/src/dispatcher/posix.c:61 139995548854016: r->filehandle = 40, r->size = 1048576, r->offset = 0
21:10:50 ERROR /home/bsc03/bsc03353/forge/src/dispatcher/posix.c:62 139995548854016: single write -1 of expected 1048576
21:10:50 ERROR /home/bsc03/bsc03353/forge/src/dispatcher/posix.c:61 139821090404096: r->filehandle = 42, r->size = 1048576, r->offset = 2097152
21:10:50 ERROR /home/bsc03/bsc03353/forge/src/dispatcher/posix.c:61 140206446782208: r->filehandle = 42, r->size = 1048576, r->offset = 2097152
21:10:50 ERROR /home/bsc03/bsc03353/forge/src/dispatcher/posix.c:62 139821090404096: single write -1 of expected 1048576
21:10:50 ERROR /home/bsc03/bsc03353/forge/src/dispatcher/posix.c:62 140206446782208: single write -1 of expected 1048576
21:10:50 ERROR /home/bsc03/bsc03353/forge/src/dispatcher/posix.c:61 140167523321600: r->filehandle = 41, r->size = 1048576, r->offset = 0
21:10:50 ERROR /home/bsc03/bsc03353/forge/src/dispatcher/posix.c:62 140167523321600: single write -1 of expected 1048576
21:10:50 ERROR /home/bsc03/bsc03353/forge/src/dispatcher/posix.c:61 140275532027648: r->filehandle = 35, r->size = 1048576, r->offset = 0
21:10:50 ERROR /home/bsc03/bsc03353/forge/src/dispatcher/posix.c:61 140207467075328: r->filehandle = 38, r->size = 1048576, r->offset = 0
21:10:50 ERROR /home/bsc03/bsc03353/forge/src/dispatcher/posix.c:62 140275532027648: single write -1 of expected 1048576
21:10:50 ERROR /home/bsc03/bsc03353/forge/src/dispatcher/posix.c:62 140207467075328: single write -1 of expected 1048576
21:10:52 ERROR /home/bsc03/bsc03353/forge/src/dispatcher/posix.c:61 140203172099840: r->filehandle = 46, r->size = 1048576, r->offset = 1048576
21:10:52 ERROR /home/bsc03/bsc03353/forge/src/dispatcher/posix.c:62 140203172099840: single write -1 of expected 1048576
21:10:52 ERROR /home/bsc03/bsc03353/forge/src/dispatcher/posix.c:61 139991253878528: r->filehandle = 38, r->size = 1048576, r->offset = 1048576
21:10:52 ERROR /home/bsc03/bsc03353/forge/src/dispatcher/posix.c:62 139991253878528: single write -1 of expected 1048576
21:10:52 ERROR /home/bsc03/bsc03353/forge/src/dispatcher/posix.c:61 140224646977280: r->filehandle = 38, r->size = 1048576, r->offset = 1048576
21:10:52 ERROR /home/bsc03/bsc03353/forge/src/dispatcher/posix.c:62 140224646977280: single write -1 of expected 1048576
21:10:53 ERROR /home/bsc03/bsc03353/forge/src/dispatcher/posix.c:61 140279827003136: r->filehandle = 42, r->size = 1048576, r->offset = 1048576
21:10:53 ERROR /home/bsc03/bsc03353/forge/src/dispatcher/posix.c:61 139812500453120: r->filehandle = 41, r->size = 1048576, r->offset = 1048576
21:10:53 ERROR /home/bsc03/bsc03353/forge/src/dispatcher/posix.c:62 139812500453120: single write -1 of expected 1048576
21:10:53 ERROR /home/bsc03/bsc03353/forge/src/dispatcher/posix.c:62 140279827003136: single write -1 of expected 1048576
21:10:53 ERROR /home/bsc03/bsc03353/forge/src/dispatcher/posix.c:61 140273384539904: r->filehandle = 37, r->size = 1048576, r->offset = 1048576
21:10:53 ERROR /home/bsc03/bsc03353/forge/src/dispatcher/posix.c:62 140273384539904: single write -1 of expected 1048576
21:10:53 ERROR /home/bsc03/bsc03353/forge/src/dispatcher/posix.c:61 140200004318976: r->filehandle = 44, r->size = 1048576, r->offset = 0
21:10:53 ERROR /home/bsc03/bsc03353/forge/src/dispatcher/posix.c:62 140200004318976: single write -1 of expected 1048576
21:10:54 ERROR /home/bsc03/bsc03353/forge/src/dispatcher/posix.c:61 140292711929600: r->filehandle = 36, r->size = 1048576, r->offset = 1048576
21:10:54 ERROR /home/bsc03/bsc03353/forge/src/dispatcher/posix.c:61 140168787814144: r->filehandle = 42, r->size = 1048576, r->offset = 1048576
21:10:54 ERROR /home/bsc03/bsc03353/forge/src/dispatcher/posix.c:61 140014876243712: r->filehandle = 42, r->size = 1048576, r->offset = 0
21:10:54 ERROR /home/bsc03/bsc03353/forge/src/dispatcher/posix.c:61 140213909538560: r->filehandle = 41, r->size = 1048576, r->offset = 0
21:10:54 ERROR /home/bsc03/bsc03353/forge/src/dispatcher/posix.c:61 140456411367168: r->filehandle = 39, r->size = 1048576, r->offset = 1048576
21:10:54 ERROR /home/bsc03/bsc03353/forge/src/dispatcher/posix.c:62 140168787814144: single write -1 of expected 1048576
21:10:54 ERROR /home/bsc03/bsc03353/forge/src/dispatcher/posix.c:62 140292711929600: single write -1 of expected 1048576
21:10:54 ERROR /home/bsc03/bsc03353/forge/src/dispatcher/posix.c:62 140014876243712: single write -1 of expected 1048576
21:10:54 ERROR /home/bsc03/bsc03353/forge/src/dispatcher/posix.c:62 140213909538560: single write -1 of expected 1048576
21:10:54 ERROR /home/bsc03/bsc03353/forge/src/dispatcher/posix.c:62 140456411367168: single write -1 of expected 1048576
21:10:54 ERROR /home/bsc03/bsc03353/forge/src/dispatcher/posix.c:61 140301301880576: r->filehandle = 46, r->size = 1048576, r->offset = 2097152
21:10:54 ERROR /home/bsc03/bsc03353/forge/src/dispatcher/posix.c:62 140301301880576: single write -1 of expected 1048576
21:10:55 ERROR /home/bsc03/bsc03353/forge/src/dispatcher/posix.c:61 140176381953792: r->filehandle = 40, r->size = 1048576, r->offset = 0
21:10:55 ERROR /home/bsc03/bsc03353/forge/src/dispatcher/posix.c:61 139808205477632: r->filehandle = 47, r->size = 1048576, r->offset = 0
21:10:55 ERROR /home/bsc03/bsc03353/forge/src/dispatcher/posix.c:62 140176381953792: single write -1 of expected 1048576
21:10:55 ERROR /home/bsc03/bsc03353/forge/src/dispatcher/posix.c:62 139808205477632: single write -1 of expected 1048576
21:10:55 ERROR /home/bsc03/bsc03353/forge/src/dispatcher/posix.c:61 140177377765120: r->filehandle = 39, r->size = 1048576, r->offset = 1048576
21:10:55 ERROR /home/bsc03/bsc03353/forge/src/dispatcher/posix.c:62 140177377765120: single write -1 of expected 1048576
21:10:56 ERROR /home/bsc03/bsc03353/forge/src/dispatcher/posix.c:61 140156785882880: r->filehandle = 37, r->size = 1048576, r->offset = 0
21:10:56 ERROR /home/bsc03/bsc03353/forge/src/dispatcher/posix.c:62 140156785882880: single write -1 of expected 1048576
21:10:56 ERROR /home/bsc03/bsc03353/forge/src/dispatcher/posix.c:61 140158050375424: r->filehandle = 37, r->size = 1048576, r->offset = 1048576
21:10:56 ERROR /home/bsc03/bsc03353/forge/src/dispatcher/posix.c:62 140158050375424: single write -1 of expected 1048576
21:10:56 ERROR /home/bsc03/bsc03353/forge/src/dispatcher/posix.c:61 140288416954112: r->filehandle = 38, r->size = 1048576, r->offset = 1048576
21:10:56 ERROR /home/bsc03/bsc03353/forge/src/dispatcher/posix.c:61 140198877124352: r->filehandle = 45, r->size = 1048576, r->offset = 0
21:10:56 ERROR /home/bsc03/bsc03353/forge/src/dispatcher/posix.c:62 140288416954112: single write -1 of expected 1048576
21:10:56 ERROR /home/bsc03/bsc03353/forge/src/dispatcher/posix.c:62 140198877124352: single write -1 of expected 1048576
21:10:57 ERROR /home/bsc03/bsc03353/forge/src/dispatcher/posix.c:61 140484328707840: r->filehandle = 40, r->size = 1048576, r->offset = 1048576
21:10:57 ERROR /home/bsc03/bsc03353/forge/src/dispatcher/posix.c:61 140173082789632: r->filehandle = 44, r->size = 1048576, r->offset = 1048576
21:10:57 ERROR /home/bsc03/bsc03353/forge/src/dispatcher/posix.c:62 140173082789632: single write -1 of expected 1048576
21:10:57 ERROR /home/bsc03/bsc03353/forge/src/dispatcher/posix.c:62 140484328707840: single write -1 of expected 1048576
21:10:57 ERROR /home/bsc03/bsc03353/forge/src/dispatcher/posix.c:61 140471443781376: r->filehandle = 47, r->size = 1048576, r->offset = 1048576
21:10:57 ERROR /home/bsc03/bsc03353/forge/src/dispatcher/posix.c:62 140471443781376: single write -1 of expected 1048576
21:10:58 ERROR /home/bsc03/bsc03353/forge/src/dispatcher/posix.c:61 140208594269952: r->filehandle = 44, r->size = 1048576, r->offset = 1048576
21:10:58 ERROR /home/bsc03/bsc03353/forge/src/dispatcher/posix.c:62 140208594269952: single write -1 of expected 1048576
21:10:58 ERROR /home/bsc03/bsc03353/forge/src/dispatcher/posix.c:61 140205319587584: r->filehandle = 40, r->size = 1048576, r->offset = 3145728
21:10:58 ERROR /home/bsc03/bsc03353/forge/src/dispatcher/posix.c:62 140205319587584: single write -1 of expected 1048576
21:10:58 ERROR /home/bsc03/bsc03353/forge/src/dispatcher/posix.c:61 140207467075328: r->filehandle = 45, r->size = 1048576, r->offset = 1048576
21:10:58 ERROR /home/bsc03/bsc03353/forge/src/dispatcher/posix.c:62 140207467075328: single write -1 of expected 1048576
21:10:59 ERROR /home/bsc03/bsc03353/forge/src/dispatcher/posix.c:61 140151607912192: r->filehandle = 45, r->size = 1048576, r->offset = 0
21:10:59 ERROR /home/bsc03/bsc03353/forge/src/dispatcher/posix.c:62 140151607912192: single write -1 of expected 1048576
21:10:59 ERROR /home/bsc03/bsc03353/forge/src/dispatcher/posix.c:61 140290564441856: r->filehandle = 42, r->size = 1048576, r->offset = 2097152
21:10:59 ERROR /home/bsc03/bsc03353/forge/src/dispatcher/posix.c:61 140010581268224: r->filehandle = 47, r->size = 1048576, r->offset = 1048576
21:10:59 ERROR /home/bsc03/bsc03353/forge/src/dispatcher/posix.c:62 140290564441856: single write -1 of expected 1048576
21:10:59 ERROR /home/bsc03/bsc03353/forge/src/dispatcher/posix.c:62 140010581268224: single write -1 of expected 1048576
21:11:00 ERROR /home/bsc03/bsc03353/forge/src/dispatcher/posix.c:61 140204299294464: r->filehandle = 40, r->size = 1048576, r->offset = 1048576
21:11:00 ERROR /home/bsc03/bsc03353/forge/src/dispatcher/posix.c:61 140178260760320: r->filehandle = 41, r->size = 1048576, r->offset = 1048576
21:11:00 ERROR /home/bsc03/bsc03353/forge/src/dispatcher/posix.c:62 140204299294464: single write -1 of expected 1048576
21:11:00 ERROR /home/bsc03/bsc03353/forge/src/dispatcher/posix.c:62 140178260760320: single write -1 of expected 1048576
21:11:00 ERROR /home/bsc03/bsc03353/forge/src/dispatcher/posix.c:61 140452116391680: r->filehandle = 41, r->size = 1048576, r->offset = 1048576
21:11:00 ERROR /home/bsc03/bsc03353/forge/src/dispatcher/posix.c:62 140452116391680: single write -1 of expected 1048576
21:11:01 ERROR /home/bsc03/bsc03353/forge/src/dispatcher/posix.c:61 140197856831232: r->filehandle = 44, r->size = 1048576, r->offset = 2097152
21:11:01 ERROR /home/bsc03/bsc03353/forge/src/dispatcher/posix.c:62 140197856831232: single write -1 of expected 1048576
21:11:01 ERROR /home/bsc03/bsc03353/forge/src/dispatcher/posix.c:61 140286269466368: r->filehandle = 39, r->size = 1048576, r->offset = 2097152
21:11:01 ERROR /home/bsc03/bsc03353/forge/src/dispatcher/posix.c:61 139816795428608: r->filehandle = 44, r->size = 1048576, r->offset = 1048576
21:11:01 ERROR /home/bsc03/bsc03353/forge/src/dispatcher/posix.c:62 139816795428608: single write -1 of expected 1048576
21:11:01 ERROR /home/bsc03/bsc03353/forge/src/dispatcher/posix.c:62 140286269466368: single write -1 of expected 1048576
21:11:01 ERROR /home/bsc03/bsc03353/forge/src/dispatcher/posix.c:61 140196729636608: r->filehandle = 46, r->size = 1048576, r->offset = 2097152
21:11:01 ERROR /home/bsc03/bsc03353/forge/src/dispatcher/posix.c:62 140196729636608: single write -1 of expected 1048576
21:11:02 ERROR /home/bsc03/bsc03353/forge/src/dispatcher/posix.c:61 140279827003136: r->filehandle = 37, r->size = 1048576, r->offset = 2097152
21:11:02 ERROR /home/bsc03/bsc03353/forge/src/dispatcher/posix.c:61 140458558854912: r->filehandle = 40, r->size = 1048576, r->offset = 2097152
21:11:02 ERROR /home/bsc03/bsc03353/forge/src/dispatcher/posix.c:62 140458558854912: single write -1 of expected 1048576
21:11:02 ERROR /home/bsc03/bsc03353/forge/src/dispatcher/posix.c:62 140279827003136: single write -1 of expected 1048576
21:11:02 ERROR /home/bsc03/bsc03353/forge/src/dispatcher/posix.c:61 140284121978624: r->filehandle = 45, r->size = 1048576, r->offset = 1048576
21:11:02 ERROR /home/bsc03/bsc03353/forge/src/dispatcher/posix.c:62 140284121978624: single write -1 of expected 1048576
21:11:03 ERROR /home/bsc03/bsc03353/forge/src/dispatcher/posix.c:61 140292711929600: r->filehandle = 39, r->size = 1048576, r->offset = 3145728
21:11:03 ERROR /home/bsc03/bsc03353/forge/src/dispatcher/posix.c:62 140292711929600: single write -1 of expected 1048576
21:11:03 ERROR /home/bsc03/bsc03353/forge/src/dispatcher/posix.c:61 140460706342656: r->filehandle = 46, r->size = 1048576, r->offset = 2097152
21:11:03 ERROR /home/bsc03/bsc03353/forge/src/dispatcher/posix.c:61 140195709343488: r->filehandle = 38, r->size = 1048576, r->offset = 2097152
21:11:03 ERROR /home/bsc03/bsc03353/forge/src/dispatcher/posix.c:61 140228941952768: r->filehandle = 47, r->size = 1048576, r->offset = 3145728
21:11:03 ERROR /home/bsc03/bsc03353/forge/src/dispatcher/posix.c:62 140460706342656: single write -1 of expected 1048576
21:11:03 ERROR /home/bsc03/bsc03353/forge/src/dispatcher/posix.c:62 140195709343488: single write -1 of expected 1048576
21:11:03 ERROR /home/bsc03/bsc03353/forge/src/dispatcher/posix.c:62 140228941952768: single write -1 of expected 1048576
21:11:04 ERROR /home/bsc03/bsc03353/forge/src/dispatcher/posix.c:61 140155902887680: r->filehandle = 37, r->size = 1048576, r->offset = 2097152
21:11:04 ERROR /home/bsc03/bsc03353/forge/src/dispatcher/posix.c:62 140155902887680: single write -1 of expected 1048576
21:11:04 ERROR /home/bsc03/bsc03353/forge/src/dispatcher/posix.c:61 140226794465024: r->filehandle = 43, r->size = 1048576, r->offset = 1048576
21:11:04 ERROR /home/bsc03/bsc03353/forge/src/dispatcher/posix.c:62 140226794465024: single write -1 of expected 1048576
21:11:04 ERROR /home/bsc03/bsc03353/forge/src/dispatcher/posix.c:61 140475738756864: r->filehandle = 36, r->size = 1048576, r->offset = 0
21:11:04 ERROR /home/bsc03/bsc03353/forge/src/dispatcher/posix.c:62 140475738756864: single write -1 of expected 1048576
21:11:05 ERROR /home/bsc03/bsc03353/forge/src/dispatcher/posix.c:61 140176113272576: r->filehandle = 45, r->size = 1048576, r->offset = 1048576
21:11:05 ERROR /home/bsc03/bsc03353/forge/src/dispatcher/posix.c:62 140176113272576: single write -1 of expected 1048576
21:11:05 ERROR /home/bsc03/bsc03353/forge/src/dispatcher/posix.c:61 140193561855744: r->filehandle = 36, r->size = 1048576, r->offset = 0
21:11:05 ERROR /home/bsc03/bsc03353/forge/src/dispatcher/posix.c:62 140193561855744: single write -1 of expected 1048576
21:11:06 ERROR /home/bsc03/bsc03353/forge/src/dispatcher/posix.c:61 140216057026304: r->filehandle = 37, r->size = 1048576, r->offset = 2097152
21:11:06 ERROR /home/bsc03/bsc03353/forge/src/dispatcher/posix.c:62 140216057026304: single write -1 of expected 1048576
21:11:06 ERROR /home/bsc03/bsc03353/forge/src/dispatcher/posix.c:61 140224646977280: r->filehandle = 45, r->size = 1048576, r->offset = 2097152
21:11:06 ERROR /home/bsc03/bsc03353/forge/src/dispatcher/posix.c:62 140224646977280: single write -1 of expected 1048576
21:11:07 ERROR /home/bsc03/bsc03353/forge/src/dispatcher/posix.c:61 140153755399936: r->filehandle = 41, r->size = 1048576, r->offset = 1048576
21:11:07 ERROR /home/bsc03/bsc03353/forge/src/dispatcher/posix.c:62 140153755399936: single write -1 of expected 1048576
21:11:08 ERROR /home/bsc03/bsc03353/forge/src/dispatcher/posix.c:61 140456411367168: r->filehandle = 40, r->size = 1048576, r->offset = 3145728
21:11:08 ERROR /home/bsc03/bsc03353/forge/src/dispatcher/posix.c:61 140201024612096: r->filehandle = 41, r->size = 1048576, r->offset = 1048576
21:11:08 ERROR /home/bsc03/bsc03353/forge/src/dispatcher/posix.c:62 140456411367168: single write -1 of expected 1048576
21:11:08 ERROR /home/bsc03/bsc03353/forge/src/dispatcher/posix.c:62 140201024612096: single write -1 of expected 1048576
21:11:08 ERROR /home/bsc03/bsc03353/forge/src/dispatcher/posix.c:61 140191414368000: r->filehandle = 43, r->size = 1048576, r->offset = 0
21:11:08 ERROR /home/bsc03/bsc03353/forge/src/dispatcher/posix.c:62 140191414368000: single write -1 of expected 1048576
21:11:08 ERROR /home/bsc03/bsc03353/forge/src/dispatcher/posix.c:61 140273384539904: r->filehandle = 42, r->size = 1048576, r->offset = 3145728
21:11:08 ERROR /home/bsc03/bsc03353/forge/src/dispatcher/posix.c:61 139823237891840: r->filehandle = 39, r->size = 1048576, r->offset = 1048576
21:11:08 ERROR /home/bsc03/bsc03353/forge/src/dispatcher/posix.c:62 140273384539904: single write -1 of expected 1048576
21:11:08 ERROR /home/bsc03/bsc03353/forge/src/dispatcher/posix.c:62 139823237891840: single write -1 of expected 1048576
21:11:08 ERROR /home/bsc03/bsc03353/forge/src/dispatcher/posix.c:61 140004138804992: r->filehandle = 36, r->size = 1048576, r->offset = 3145728
21:11:08 ERROR /home/bsc03/bsc03353/forge/src/dispatcher/posix.c:62 140004138804992: single write -1 of expected 1048576
21:11:08 ERROR /home/bsc03/bsc03353/forge/src/dispatcher/posix.c:61 140471443781376: r->filehandle = 41, r->size = 1048576, r->offset = 2097152
21:11:08 ERROR /home/bsc03/bsc03353/forge/src/dispatcher/posix.c:62 140471443781376: single write -1 of expected 1048576
21:11:09 ERROR /home/bsc03/bsc03353/forge/src/dispatcher/posix.c:61 139810352965376: r->filehandle = 40, r->size = 1048576, r->offset = 0
21:11:09 ERROR /home/bsc03/bsc03353/forge/src/dispatcher/posix.c:62 139810352965376: single write -1 of expected 1048576
21:11:09 ERROR /home/bsc03/bsc03353/forge/src/dispatcher/posix.c:61 140205319587584: r->filehandle = 43, r->size = 1048576, r->offset = 2097152
21:11:09 ERROR /home/bsc03/bsc03353/forge/src/dispatcher/posix.c:62 140205319587584: single write -1 of expected 1048576
21:11:09 ERROR /home/bsc03/bsc03353/forge/src/dispatcher/posix.c:61 140299154392832: r->filehandle = 43, r->size = 1048576, r->offset = 1048576
21:11:09 ERROR /home/bsc03/bsc03353/forge/src/dispatcher/posix.c:61 140208594269952: r->filehandle = 40, r->size = 1048576, r->offset = 2097152
21:11:09 ERROR /home/bsc03/bsc03353/forge/src/dispatcher/posix.c:62 140299154392832: single write -1 of expected 1048576
21:11:09 ERROR /home/bsc03/bsc03353/forge/src/dispatcher/posix.c:62 140208594269952: single write -1 of expected 1048576
21:11:10 ERROR /home/bsc03/bsc03353/forge/src/dispatcher/posix.c:61 140170935301888: r->filehandle = 47, r->size = 1048576, r->offset = 1048576
21:11:10 ERROR /home/bsc03/bsc03353/forge/src/dispatcher/posix.c:62 140170935301888: single write -1 of expected 1048576
21:11:10 ERROR /home/bsc03/bsc03353/forge/src/dispatcher/posix.c:61 139840417793792: r->filehandle = 43, r->size = 1048576, r->offset = 0
21:11:10 ERROR /home/bsc03/bsc03353/forge/src/dispatcher/posix.c:62 139840417793792: single write -1 of expected 1048576
21:11:10 ERROR /home/bsc03/bsc03353/forge/src/dispatcher/posix.c:61 140152490907392: r->filehandle = 44, r->size = 1048576, r->offset = 1048576
21:11:10 ERROR /home/bsc03/bsc03353/forge/src/dispatcher/posix.c:62 140152490907392: single write -1 of expected 1048576
21:11:11 ERROR /home/bsc03/bsc03353/forge/src/dispatcher/posix.c:61 140187119392512: r->filehandle = 42, r->size = 1048576, r->offset = 3145728
21:11:11 ERROR /home/bsc03/bsc03353/forge/src/dispatcher/posix.c:62 140187119392512: single write -1 of expected 1048576
21:11:11 ERROR /home/bsc03/bsc03353/forge/src/dispatcher/posix.c:61 140176381953792: r->filehandle = 38, r->size = 1048576, r->offset = 3145728
21:11:11 ERROR /home/bsc03/bsc03353/forge/src/dispatcher/posix.c:62 140176381953792: single write -1 of expected 1048576
21:11:11 ERROR /home/bsc03/bsc03353/forge/src/dispatcher/posix.c:61 140161080858368: r->filehandle = 47, r->size = 1048576, r->offset = 1048576
21:11:11 ERROR /home/bsc03/bsc03353/forge/src/dispatcher/posix.c:62 140161080858368: single write -1 of expected 1048576
21:11:11 ERROR /home/bsc03/bsc03353/forge/src/dispatcher/posix.c:61 140467148805888: r->filehandle = 36, r->size = 1048576, r->offset = 1048576
21:11:11 ERROR /home/bsc03/bsc03353/forge/src/dispatcher/posix.c:62 140467148805888: single write -1 of expected 1048576
21:11:11 ERROR /home/bsc03/bsc03353/forge/src/dispatcher/posix.c:61 140189266880256: r->filehandle = 39, r->size = 1048576, r->offset = 1048576
21:11:11 ERROR /home/bsc03/bsc03353/forge/src/dispatcher/posix.c:62 140189266880256: single write -1 of expected 1048576
21:11:12 ERROR /home/bsc03/bsc03353/forge/src/dispatcher/posix.c:61 140184971904768: r->filehandle = 41, r->size = 1048576, r->offset = 0
21:11:12 ERROR /home/bsc03/bsc03353/forge/src/dispatcher/posix.c:62 140184971904768: single write -1 of expected 1048576
21:11:12 ERROR /home/bsc03/bsc03353/forge/src/dispatcher/posix.c:61 140177377765120: r->filehandle = 37, r->size = 1048576, r->offset = 3145728
21:11:12 ERROR /home/bsc03/bsc03353/forge/src/dispatcher/posix.c:62 140177377765120: single write -1 of expected 1048576
21:11:13 ERROR /home/bsc03/bsc03353/forge/src/dispatcher/posix.c:61 140301301880576: r->filehandle = 37, r->size = 1048576, r->offset = 3145728
21:11:13 ERROR /home/bsc03/bsc03353/forge/src/dispatcher/posix.c:61 140475738756864: r->filehandle = 40, r->size = 1048576, r->offset = 4194304
21:11:13 ERROR /home/bsc03/bsc03353/forge/src/dispatcher/posix.c:61 139829680355072: r->filehandle = 45, r->size = 1048576, r->offset = 1048576
21:11:13 ERROR /home/bsc03/bsc03353/forge/src/dispatcher/posix.c:62 140475738756864: single write -1 of expected 1048576
21:11:13 ERROR /home/bsc03/bsc03353/forge/src/dispatcher/posix.c:62 139829680355072: single write -1 of expected 1048576
21:11:13 ERROR /home/bsc03/bsc03353/forge/src/dispatcher/posix.c:62 140301301880576: single write -1 of expected 1048576
21:11:13 ERROR /home/bsc03/bsc03353/forge/src/dispatcher/posix.c:61 140154638395136: r->filehandle = 38, r->size = 1048576, r->offset = 1048576
21:11:13 ERROR /home/bsc03/bsc03353/forge/src/dispatcher/posix.c:62 140154638395136: single write -1 of expected 1048576
21:11:13 ERROR /home/bsc03/bsc03353/forge/src/dispatcher/posix.c:61 140462853830400: r->filehandle = 44, r->size = 1048576, r->offset = 2097152
21:11:13 ERROR /home/bsc03/bsc03353/forge/src/dispatcher/posix.c:61 140162345350912: r->filehandle = 42, r->size = 1048576, r->offset = 2097152
21:11:13 ERROR /home/bsc03/bsc03353/forge/src/dispatcher/posix.c:61 139999843829504: r->filehandle = 46, r->size = 1048576, r->offset = 2097152
21:11:13 ERROR /home/bsc03/bsc03353/forge/src/dispatcher/posix.c:62 140462853830400: single write -1 of expected 1048576
21:11:13 ERROR /home/bsc03/bsc03353/forge/src/dispatcher/posix.c:62 140162345350912: single write -1 of expected 1048576
21:11:13 ERROR /home/bsc03/bsc03353/forge/src/dispatcher/posix.c:62 139999843829504: single write -1 of expected 1048576
21:11:13 ERROR /home/bsc03/bsc03353/forge/src/dispatcher/posix.c:61 139833975330560: r->filehandle = 46, r->size = 1048576, r->offset = 2097152
21:11:13 ERROR /home/bsc03/bsc03353/forge/src/dispatcher/posix.c:62 139833975330560: single write -1 of expected 1048576
21:11:14 ERROR /home/bsc03/bsc03353/forge/src/dispatcher/posix.c:61 140480033732352: r->filehandle = 46, r->size = 1048576, r->offset = 3145728
21:11:14 ERROR /home/bsc03/bsc03353/forge/src/dispatcher/posix.c:62 140480033732352: single write -1 of expected 1048576
21:11:14 ERROR /home/bsc03/bsc03353/forge/src/dispatcher/posix.c:61 140277679515392: r->filehandle = 36, r->size = 1048576, r->offset = 2097152
21:11:14 ERROR /home/bsc03/bsc03353/forge/src/dispatcher/posix.c:62 140277679515392: single write -1 of expected 1048576
21:11:14 ERROR /home/bsc03/bsc03353/forge/src/dispatcher/posix.c:61 140182824417024: r->filehandle = 45, r->size = 1048576, r->offset = 0
21:11:14 ERROR /home/bsc03/bsc03353/forge/src/dispatcher/posix.c:61 140158050375424: r->filehandle = 44, r->size = 1048576, r->offset = 2097152
21:11:14 ERROR /home/bsc03/bsc03353/forge/src/dispatcher/posix.c:62 140182824417024: single write -1 of expected 1048576
21:11:14 ERROR /home/bsc03/bsc03353/forge/src/dispatcher/posix.c:62 140158050375424: single write -1 of expected 1048576
21:11:14 ERROR /home/bsc03/bsc03353/forge/src/dispatcher/posix.c:61 140167523321600: r->filehandle = 44, r->size = 1048576, r->offset = 2097152
21:11:14 ERROR /home/bsc03/bsc03353/forge/src/dispatcher/posix.c:62 140167523321600: single write -1 of expected 1048576
21:11:15 ERROR /home/bsc03/bsc03353/forge/src/dispatcher/posix.c:61 139814647940864: r->filehandle = 39, r->size = 1048576, r->offset = 2097152
21:11:15 ERROR /home/bsc03/bsc03353/forge/src/dispatcher/posix.c:61 140175230277376: r->filehandle = 38, r->size = 1048576, r->offset = 0
21:11:15 ERROR /home/bsc03/bsc03353/forge/src/dispatcher/posix.c:62 139814647940864: single write -1 of expected 1048576
21:11:15 ERROR /home/bsc03/bsc03353/forge/src/dispatcher/posix.c:62 140175230277376: single write -1 of expected 1048576
21:11:15 ERROR /home/bsc03/bsc03353/forge/src/dispatcher/posix.c:61 140303449368320: r->filehandle = 40, r->size = 1048576, r->offset = 1048576
21:11:15 ERROR /home/bsc03/bsc03353/forge/src/dispatcher/posix.c:62 140303449368320: single write -1 of expected 1048576
21:11:15 ERROR /home/bsc03/bsc03353/forge/src/dispatcher/posix.c:61 140180408248064: r->filehandle = 40, r->size = 1048576, r->offset = 2097152
21:11:15 ERROR /home/bsc03/bsc03353/forge/src/dispatcher/posix.c:62 140180408248064: single write -1 of expected 1048576
21:11:16 ERROR /home/bsc03/bsc03353/forge/src/dispatcher/posix.c:61 140147312936704: r->filehandle = 40, r->size = 1048576, r->offset = 1048576
21:11:16 ERROR /home/bsc03/bsc03353/forge/src/dispatcher/posix.c:62 140147312936704: single write -1 of expected 1048576
21:11:16 ERROR /home/bsc03/bsc03353/forge/src/dispatcher/posix.c:61 140164492838656: r->filehandle = 41, r->size = 1048576, r->offset = 2097152
21:11:16 ERROR /home/bsc03/bsc03353/forge/src/dispatcher/posix.c:62 140164492838656: single write -1 of expected 1048576
21:11:17 ERROR /home/bsc03/bsc03353/forge/src/dispatcher/posix.c:61 139997696341760: r->filehandle = 38, r->size = 1048576, r->offset = 2097152
21:11:17 ERROR /home/bsc03/bsc03353/forge/src/dispatcher/posix.c:62 139997696341760: single write -1 of expected 1048576
21:11:17 ERROR /home/bsc03/bsc03353/forge/src/dispatcher/posix.c:61 140297006905088: r->filehandle = 38, r->size = 1048576, r->offset = 2097152
21:11:17 ERROR /home/bsc03/bsc03353/forge/src/dispatcher/posix.c:61 140467148805888: r->filehandle = 40, r->size = 1048576, r->offset = 5242880
21:11:17 ERROR /home/bsc03/bsc03353/forge/src/dispatcher/posix.c:62 140297006905088: single write -1 of expected 1048576
21:11:17 ERROR /home/bsc03/bsc03353/forge/src/dispatcher/posix.c:62 140467148805888: single write -1 of expected 1048576
21:11:18 ERROR /home/bsc03/bsc03353/forge/src/dispatcher/posix.c:61 140286269466368: r->filehandle = 42, r->size = 1048576, r->offset = 4194304
21:11:18 ERROR /home/bsc03/bsc03353/forge/src/dispatcher/posix.c:62 140286269466368: single write -1 of expected 1048576
21:11:18 ERROR /home/bsc03/bsc03353/forge/src/dispatcher/posix.c:61 140149460424448: r->filehandle = 36, r->size = 1048576, r->offset = 3145728
21:11:18 ERROR /home/bsc03/bsc03353/forge/src/dispatcher/posix.c:61 140148195931904: r->filehandle = 39, r->size = 1048576, r->offset = 0
21:11:18 ERROR /home/bsc03/bsc03353/forge/src/dispatcher/posix.c:61 140207467075328: r->filehandle = 37, r->size = 1048576, r->offset = 3145728
21:11:18 ERROR /home/bsc03/bsc03353/forge/src/dispatcher/posix.c:61 140484328707840: r->filehandle = 47, r->size = 1048576, r->offset = 2097152
21:11:18 ERROR /home/bsc03/bsc03353/forge/src/dispatcher/posix.c:62 140149460424448: single write -1 of expected 1048576
21:11:18 ERROR /home/bsc03/bsc03353/forge/src/dispatcher/posix.c:62 140148195931904: single write -1 of expected 1048576
21:11:18 ERROR /home/bsc03/bsc03353/forge/src/dispatcher/posix.c:62 140207467075328: single write -1 of expected 1048576
21:11:18 ERROR /home/bsc03/bsc03353/forge/src/dispatcher/posix.c:62 140484328707840: single write -1 of expected 1048576
21:11:19 ERROR /home/bsc03/bsc03353/forge/src/dispatcher/posix.c:61 140200004318976: r->filehandle = 44, r->size = 1048576, r->offset = 3145728
21:11:19 ERROR /home/bsc03/bsc03353/forge/src/dispatcher/posix.c:61 140008433780480: r->filehandle = 47, r->size = 1048576, r->offset = 2097152
21:11:19 ERROR /home/bsc03/bsc03353/forge/src/dispatcher/posix.c:62 140200004318976: single write -1 of expected 1048576
21:11:19 ERROR /home/bsc03/bsc03353/forge/src/dispatcher/posix.c:62 140008433780480: single write -1 of expected 1048576
21:11:19 ERROR /home/bsc03/bsc03353/forge/src/dispatcher/posix.c:61 140454263879424: r->filehandle = 39, r->size = 1048576, r->offset = 2097152
21:11:19 ERROR /home/bsc03/bsc03353/forge/src/dispatcher/posix.c:62 140454263879424: single write -1 of expected 1048576
21:11:20 ERROR /home/bsc03/bsc03353/forge/src/dispatcher/posix.c:61 140475738756864: r->filehandle = 47, r->size = 1048576, r->offset = 3145728
21:11:20 ERROR /home/bsc03/bsc03353/forge/src/dispatcher/posix.c:62 140475738756864: single write -1 of expected 1048576
21:11:20 ERROR /home/bsc03/bsc03353/forge/src/dispatcher/posix.c:61 139827532867328: r->filehandle = 37, r->size = 1048576, r->offset = 1048576
21:11:20 ERROR /home/bsc03/bsc03353/forge/src/dispatcher/posix.c:61 140288416954112: r->filehandle = 45, r->size = 1048576, r->offset = 2097152
21:11:20 ERROR /home/bsc03/bsc03353/forge/src/dispatcher/posix.c:61 140165375833856: r->filehandle = 37, r->size = 1048576, r->offset = 1048576
21:11:20 ERROR /home/bsc03/bsc03353/forge/src/dispatcher/posix.c:62 139827532867328: single write -1 of expected 1048576
21:11:20 ERROR /home/bsc03/bsc03353/forge/src/dispatcher/posix.c:62 140288416954112: single write -1 of expected 1048576
21:11:20 ERROR /home/bsc03/bsc03353/forge/src/dispatcher/posix.c:62 140165375833856: single write -1 of expected 1048576
21:11:20 ERROR /home/bsc03/bsc03353/forge/src/dispatcher/posix.c:61 140155902887680: r->filehandle = 40, r->size = 1048576, r->offset = 2097152
21:11:20 ERROR /home/bsc03/bsc03353/forge/src/dispatcher/posix.c:62 140155902887680: single write -1 of expected 1048576
21:11:20 ERROR /home/bsc03/bsc03353/forge/src/dispatcher/posix.c:61 140163228346112: r->filehandle = 41, r->size = 1048576, r->offset = 2097152
21:11:21 ERROR /home/bsc03/bsc03353/forge/src/dispatcher/posix.c:62 140163228346112: single write -1 of expected 1048576
21:11:21 ERROR /home/bsc03/bsc03353/forge/src/dispatcher/posix.c:61 140171818297088: r->filehandle = 45, r->size = 1048576, r->offset = 2097152
21:11:21 ERROR /home/bsc03/bsc03353/forge/src/dispatcher/posix.c:62 140171818297088: single write -1 of expected 1048576
21:11:21 ERROR /home/bsc03/bsc03353/forge/src/dispatcher/posix.c:61 139831827842816: r->filehandle = 36, r->size = 1048576, r->offset = 1048576
21:11:21 ERROR /home/bsc03/bsc03353/forge/src/dispatcher/posix.c:62 139831827842816: single write -1 of expected 1048576
21:11:22 ERROR /home/bsc03/bsc03353/forge/src/dispatcher/posix.c:61 140273384539904: r->filehandle = 40, r->size = 1048576, r->offset = 2097152
21:11:22 ERROR /home/bsc03/bsc03353/forge/src/dispatcher/posix.c:61 140150343419648: r->filehandle = 36, r->size = 1048576, r->offset = 1048576
21:11:22 ERROR /home/bsc03/bsc03353/forge/src/dispatcher/posix.c:61 140209614563072: r->filehandle = 36, r->size = 1048576, r->offset = 0
21:11:22 ERROR /home/bsc03/bsc03353/forge/src/dispatcher/posix.c:61 140177377765120: r->filehandle = 42, r->size = 1048576, r->offset = 3145728
21:11:22 ERROR /home/bsc03/bsc03353/forge/src/dispatcher/posix.c:62 140150343419648: single write -1 of expected 1048576
21:11:22 ERROR /home/bsc03/bsc03353/forge/src/dispatcher/posix.c:62 140273384539904: single write -1 of expected 1048576
21:11:22 ERROR /home/bsc03/bsc03353/forge/src/dispatcher/posix.c:62 140209614563072: single write -1 of expected 1048576
21:11:22 ERROR /home/bsc03/bsc03353/forge/src/dispatcher/posix.c:62 140177377765120: single write -1 of expected 1048576
21:11:22 ERROR /home/bsc03/bsc03353/forge/src/dispatcher/posix.c:61 140204299294464: r->filehandle = 43, r->size = 1048576, r->offset = 1048576
21:11:22 ERROR /home/bsc03/bsc03353/forge/src/dispatcher/posix.c:62 140204299294464: single write -1 of expected 1048576
21:11:23 ERROR /home/bsc03/bsc03353/forge/src/dispatcher/posix.c:61 140203172099840: r->filehandle = 40, r->size = 1048576, r->offset = 4194304
21:11:23 ERROR /home/bsc03/bsc03353/forge/src/dispatcher/posix.c:62 140203172099840: single write -1 of expected 1048576
21:11:23 ERROR /home/bsc03/bsc03353/forge/src/dispatcher/posix.c:61 140176113272576: r->filehandle = 44, r->size = 1048576, r->offset = 3145728
21:11:23 ERROR /home/bsc03/bsc03353/forge/src/dispatcher/posix.c:62 140176113272576: single write -1 of expected 1048576
21:11:24 ERROR /home/bsc03/bsc03353/forge/src/dispatcher/posix.c:61 140458558854912: r->filehandle = 44, r->size = 1048576, r->offset = 3145728
21:11:24 ERROR /home/bsc03/bsc03353/forge/src/dispatcher/posix.c:62 140458558854912: single write -1 of expected 1048576
21:11:24 ERROR /home/bsc03/bsc03353/forge/src/dispatcher/posix.c:61 140292711929600: r->filehandle = 36, r->size = 1048576, r->offset = 3145728
21:11:24 ERROR /home/bsc03/bsc03353/forge/src/dispatcher/posix.c:62 140292711929600: single write -1 of expected 1048576
21:11:25 ERROR /home/bsc03/bsc03353/forge/src/dispatcher/posix.c:61 139986958903040: r->filehandle = 41, r->size = 1048576, r->offset = 2097152
21:11:25 ERROR /home/bsc03/bsc03353/forge/src/dispatcher/posix.c:61 139829680355072: r->filehandle = 46, r->size = 1048576, r->offset = 3145728
21:11:25 ERROR /home/bsc03/bsc03353/forge/src/dispatcher/posix.c:62 139986958903040: single write -1 of expected 1048576
21:11:25 ERROR /home/bsc03/bsc03353/forge/src/dispatcher/posix.c:62 139829680355072: single write -1 of expected 1048576
21:11:25 ERROR /home/bsc03/bsc03353/forge/src/dispatcher/posix.c:61 140220352001792: r->filehandle = 42, r->size = 1048576, r->offset = 2097152
21:11:25 ERROR /home/bsc03/bsc03353/forge/src/dispatcher/posix.c:61 140145165448960: r->filehandle = 43, r->size = 1048576, r->offset = 1048576
21:11:25 ERROR /home/bsc03/bsc03353/forge/src/dispatcher/posix.c:61 140152490907392: r->filehandle = 47, r->size = 1048576, r->offset = 2097152
21:11:25 ERROR /home/bsc03/bsc03353/forge/src/dispatcher/posix.c:62 140220352001792: single write -1 of expected 1048576
21:11:25 ERROR /home/bsc03/bsc03353/forge/src/dispatcher/posix.c:62 140145165448960: single write -1 of expected 1048576
21:11:25 ERROR /home/bsc03/bsc03353/forge/src/dispatcher/posix.c:62 140152490907392: single write -1 of expected 1048576
21:11:25 ERROR /home/bsc03/bsc03353/forge/src/dispatcher/posix.c:61 140469296293632: r->filehandle = 45, r->size = 1048576, r->offset = 0
21:11:25 ERROR /home/bsc03/bsc03353/forge/src/dispatcher/posix.c:61 139808205477632: r->filehandle = 43, r->size = 1048576, r->offset = 1048576
21:11:25 ERROR /home/bsc03/bsc03353/forge/src/dispatcher/posix.c:62 140469296293632: single write -1 of expected 1048576
21:11:25 ERROR /home/bsc03/bsc03353/forge/src/dispatcher/posix.c:62 139808205477632: single write -1 of expected 1048576
21:11:26 ERROR /home/bsc03/bsc03353/forge/src/dispatcher/posix.c:61 140471443781376: r->filehandle = 46, r->size = 1048576, r->offset = 4194304
21:11:26 ERROR /home/bsc03/bsc03353/forge/src/dispatcher/posix.c:61 140153755399936: r->filehandle = 41, r->size = 1048576, r->offset = 3145728
21:11:26 ERROR /home/bsc03/bsc03353/forge/src/dispatcher/posix.c:62 140471443781376: single write -1 of expected 1048576
21:11:26 ERROR /home/bsc03/bsc03353/forge/src/dispatcher/posix.c:62 140153755399936: single write -1 of expected 1048576
21:11:26 ERROR /home/bsc03/bsc03353/forge/src/dispatcher/posix.c:61 140006286292736: r->filehandle = 43, r->size = 1048576, r->offset = 0
21:11:26 ERROR /home/bsc03/bsc03353/forge/src/dispatcher/posix.c:62 140006286292736: single write -1 of expected 1048576
21:11:27 ERROR /home/bsc03/bsc03353/forge/src/dispatcher/posix.c:61 140164492838656: r->filehandle = 36, r->size = 1048576, r->offset = 4194304
21:11:27 ERROR /home/bsc03/bsc03353/forge/src/dispatcher/posix.c:61 140279827003136: r->filehandle = 43, r->size = 1048576, r->offset = 2097152
21:11:27 ERROR /home/bsc03/bsc03353/forge/src/dispatcher/posix.c:61 139818942916352: r->filehandle = 38, r->size = 1048576, r->offset = 2097152
21:11:27 ERROR /home/bsc03/bsc03353/forge/src/dispatcher/posix.c:62 140164492838656: single write -1 of expected 1048576
21:11:27 ERROR /home/bsc03/bsc03353/forge/src/dispatcher/posix.c:62 139818942916352: single write -1 of expected 1048576
21:11:27 ERROR /home/bsc03/bsc03353/forge/src/dispatcher/posix.c:62 140279827003136: single write -1 of expected 1048576
21:11:27 ERROR /home/bsc03/bsc03353/forge/src/dispatcher/posix.c:61 140180676929280: r->filehandle = 37, r->size = 1048576, r->offset = 1048576
21:11:27 ERROR /home/bsc03/bsc03353/forge/src/dispatcher/posix.c:62 140180676929280: single write -1 of expected 1048576
21:11:27 ERROR /home/bsc03/bsc03353/forge/src/dispatcher/posix.c:61 140196729636608: r->filehandle = 45, r->size = 1048576, r->offset = 3145728
21:11:27 ERROR /home/bsc03/bsc03353/forge/src/dispatcher/posix.c:62 140196729636608: single write -1 of expected 1048576
21:11:28 ERROR /home/bsc03/bsc03353/forge/src/dispatcher/posix.c:61 140226794465024: r->filehandle = 43, r->size = 1048576, r->offset = 3145728
21:11:28 ERROR /home/bsc03/bsc03353/forge/src/dispatcher/posix.c:62 140226794465024: single write -1 of expected 1048576
21:11:28 ERROR /home/bsc03/bsc03353/forge/src/dispatcher/posix.c:61 140284121978624: r->filehandle = 37, r->size = 1048576, r->offset = 4194304
21:11:28 ERROR /home/bsc03/bsc03353/forge/src/dispatcher/posix.c:62 140284121978624: single write -1 of expected 1048576
21:11:28 ERROR /home/bsc03/bsc03353/forge/src/dispatcher/posix.c:61 140208594269952: r->filehandle = 41, r->size = 1048576, r->offset = 1048576
21:11:28 ERROR /home/bsc03/bsc03353/forge/src/dispatcher/posix.c:61 140161080858368: r->filehandle = 38, r->size = 1048576, r->offset = 2097152
21:11:28 ERROR /home/bsc03/bsc03353/forge/src/dispatcher/posix.c:61 140014876243712: r->filehandle = 38, r->size = 1048576, r->offset = 3145728
21:11:28 ERROR /home/bsc03/bsc03353/forge/src/dispatcher/posix.c:61 140151607912192: r->filehandle = 37, r->size = 1048576, r->offset = 4194304
21:11:28 ERROR /home/bsc03/bsc03353/forge/src/dispatcher/posix.c:61 139823237891840: r->filehandle = 40, r->size = 1048576, r->offset = 1048576
21:11:28 ERROR /home/bsc03/bsc03353/forge/src/dispatcher/posix.c:62 140208594269952: single write -1 of expected 1048576
21:11:28 ERROR /home/bsc03/bsc03353/forge/src/dispatcher/posix.c:62 140161080858368: single write -1 of expected 1048576
21:11:28 ERROR /home/bsc03/bsc03353/forge/src/dispatcher/posix.c:62 140014876243712: single write -1 of expected 1048576
21:11:28 ERROR /home/bsc03/bsc03353/forge/src/dispatcher/posix.c:62 140151607912192: single write -1 of expected 1048576
21:11:28 ERROR /home/bsc03/bsc03353/forge/src/dispatcher/posix.c:62 139823237891840: single write -1 of expected 1048576
21:11:28 ERROR /home/bsc03/bsc03353/forge/src/dispatcher/posix.c:61 140482181220096: r->filehandle = 37, r->size = 1048576, r->offset = 2097152
21:11:28 ERROR /home/bsc03/bsc03353/forge/src/dispatcher/posix.c:62 140482181220096: single write -1 of expected 1048576
21:11:29 ERROR /home/bsc03/bsc03353/forge/src/dispatcher/posix.c:61 140473591269120: r->filehandle = 38, r->size = 1048576, r->offset = 2097152
21:11:29 ERROR /home/bsc03/bsc03353/forge/src/dispatcher/posix.c:62 140473591269120: single write -1 of expected 1048576
21:11:30 ERROR /home/bsc03/bsc03353/forge/src/dispatcher/posix.c:61 140460706342656: r->filehandle = 36, r->size = 1048576, r->offset = 2097152
21:11:30 ERROR /home/bsc03/bsc03353/forge/src/dispatcher/posix.c:62 140460706342656: single write -1 of expected 1048576
21:11:30 ERROR /home/bsc03/bsc03353/forge/src/dispatcher/posix.c:61 140301301880576: r->filehandle = 42, r->size = 1048576, r->offset = 5242880
21:11:30 ERROR /home/bsc03/bsc03353/forge/src/dispatcher/posix.c:61 139816795428608: r->filehandle = 45, r->size = 1048576, r->offset = 2097152
21:11:30 ERROR /home/bsc03/bsc03353/forge/src/dispatcher/posix.c:62 140301301880576: single write -1 of expected 1048576
21:11:30 ERROR /home/bsc03/bsc03353/forge/src/dispatcher/posix.c:62 139816795428608: single write -1 of expected 1048576
21:11:30 ERROR /home/bsc03/bsc03353/forge/src/dispatcher/posix.c:61 140465001318144: r->filehandle = 43, r->size = 1048576, r->offset = 2097152
21:11:30 ERROR /home/bsc03/bsc03353/forge/src/dispatcher/posix.c:61 140198877124352: r->filehandle = 47, r->size = 1048576, r->offset = 4194304
21:11:30 ERROR /home/bsc03/bsc03353/forge/src/dispatcher/posix.c:62 140465001318144: single write -1 of expected 1048576
21:11:30 ERROR /home/bsc03/bsc03353/forge/src/dispatcher/posix.c:62 140198877124352: single write -1 of expected 1048576
21:11:31 ERROR /home/bsc03/bsc03353/forge/src/dispatcher/posix.c:61 140206446782208: r->filehandle = 42, r->size = 1048576, r->offset = 4194304
21:11:31 ERROR /home/bsc03/bsc03353/forge/src/dispatcher/posix.c:61 140178260760320: r->filehandle = 39, r->size = 1048576, r->offset = 1048576
21:11:31 ERROR /home/bsc03/bsc03353/forge/src/dispatcher/posix.c:62 140206446782208: single write -1 of expected 1048576
21:11:31 ERROR /home/bsc03/bsc03353/forge/src/dispatcher/posix.c:62 140178260760320: single write -1 of expected 1048576
21:11:32 ERROR /home/bsc03/bsc03353/forge/src/dispatcher/posix.c:61 139836122818304: r->filehandle = 44, r->size = 1048576, r->offset = 2097152
21:11:32 ERROR /home/bsc03/bsc03353/forge/src/dispatcher/posix.c:61 140017023731456: r->filehandle = 44, r->size = 1048576, r->offset = 2097152
21:11:32 ERROR /home/bsc03/bsc03353/forge/src/dispatcher/posix.c:62 139836122818304: single write -1 of expected 1048576
21:11:32 ERROR /home/bsc03/bsc03353/forge/src/dispatcher/posix.c:62 140017023731456: single write -1 of expected 1048576
21:11:32 ERROR /home/bsc03/bsc03353/forge/src/dispatcher/posix.c:61 140187119392512: r->filehandle = 45, r->size = 1048576, r->offset = 1048576
21:11:32 ERROR /home/bsc03/bsc03353/forge/src/dispatcher/posix.c:62 140187119392512: single write -1 of expected 1048576
21:11:32 ERROR /home/bsc03/bsc03353/forge/src/dispatcher/posix.c:61 140012728755968: r->filehandle = 39, r->size = 1048576, r->offset = 1048576
21:11:32 ERROR /home/bsc03/bsc03353/forge/src/dispatcher/posix.c:62 140012728755968: single write -1 of expected 1048576
21:11:33 ERROR /home/bsc03/bsc03353/forge/src/dispatcher/posix.c:61 140173965784832: r->filehandle = 42, r->size = 1048576, r->offset = 2097152
21:11:33 ERROR /home/bsc03/bsc03353/forge/src/dispatcher/posix.c:62 140173965784832: single write -1 of expected 1048576
21:11:33 ERROR /home/bsc03/bsc03353/forge/src/dispatcher/posix.c:61 140294859417344: r->filehandle = 41, r->size = 1048576, r->offset = 2097152
21:11:33 ERROR /home/bsc03/bsc03353/forge/src/dispatcher/posix.c:61 139991253878528: r->filehandle = 46, r->size = 1048576, r->offset = 3145728
21:11:33 ERROR /home/bsc03/bsc03353/forge/src/dispatcher/posix.c:61 139821090404096: r->filehandle = 41, r->size = 1048576, r->offset = 2097152
21:11:33 ERROR /home/bsc03/bsc03353/forge/src/dispatcher/posix.c:62 139991253878528: single write -1 of expected 1048576
21:11:33 ERROR /home/bsc03/bsc03353/forge/src/dispatcher/posix.c:62 140294859417344: single write -1 of expected 1048576
21:11:33 ERROR /home/bsc03/bsc03353/forge/src/dispatcher/posix.c:62 139821090404096: single write -1 of expected 1048576
21:11:33 ERROR /home/bsc03/bsc03353/forge/src/dispatcher/posix.c:61 140222499489536: r->filehandle = 44, r->size = 1048576, r->offset = 1048576
21:11:33 ERROR /home/bsc03/bsc03353/forge/src/dispatcher/posix.c:62 140222499489536: single write -1 of expected 1048576
21:11:34 ERROR /home/bsc03/bsc03353/forge/src/dispatcher/posix.c:61 140001991317248: r->filehandle = 45, r->size = 1048576, r->offset = 3145728
21:11:34 ERROR /home/bsc03/bsc03353/forge/src/dispatcher/posix.c:62 140001991317248: single write -1 of expected 1048576
21:11:34 ERROR /home/bsc03/bsc03353/forge/src/dispatcher/posix.c:61 140160197863168: r->filehandle = 39, r->size = 1048576, r->offset = 2097152
21:11:34 ERROR /home/bsc03/bsc03353/forge/src/dispatcher/posix.c:62 140160197863168: single write -1 of expected 1048576
21:11:35 ERROR /home/bsc03/bsc03353/forge/src/dispatcher/posix.c:61 139825385379584: r->filehandle = 42, r->size = 1048576, r->offset = 3145728
21:11:35 ERROR /home/bsc03/bsc03353/forge/src/dispatcher/posix.c:62 139825385379584: single write -1 of expected 1048576
21:11:35 ERROR /home/bsc03/bsc03353/forge/src/dispatcher/posix.c:61 140290564441856: r->filehandle = 39, r->size = 1048576, r->offset = 4194304
21:11:35 ERROR /home/bsc03/bsc03353/forge/src/dispatcher/posix.c:61 140169670809344: r->filehandle = 43, r->size = 1048576, r->offset = 0
21:11:35 ERROR /home/bsc03/bsc03353/forge/src/dispatcher/posix.c:62 140169670809344: single write -1 of expected 1048576
21:11:35 ERROR /home/bsc03/bsc03353/forge/src/dispatcher/posix.c:62 140290564441856: single write -1 of expected 1048576
21:11:35 ERROR /home/bsc03/bsc03353/forge/src/dispatcher/posix.c:61 140170935301888: r->filehandle = 38, r->size = 1048576, r->offset = 1048576
21:11:35 ERROR /home/bsc03/bsc03353/forge/src/dispatcher/posix.c:62 140170935301888: single write -1 of expected 1048576
21:11:35 ERROR /home/bsc03/bsc03353/forge/src/dispatcher/posix.c:61 140173082789632: r->filehandle = 45, r->size = 1048576, r->offset = 1048576
21:11:35 ERROR /home/bsc03/bsc03353/forge/src/dispatcher/posix.c:62 140173082789632: single write -1 of expected 1048576
21:11:35 ERROR /home/bsc03/bsc03353/forge/src/dispatcher/posix.c:61 139989106390784: r->filehandle = 42, r->size = 1048576, r->offset = 1048576
21:11:35 ERROR /home/bsc03/bsc03353/forge/src/dispatcher/posix.c:62 139989106390784: single write -1 of expected 1048576
21:11:36 ERROR /home/bsc03/bsc03353/forge/src/dispatcher/posix.c:61 140275532027648: r->filehandle = 46, r->size = 1048576, r->offset = 3145728
21:11:36 ERROR /home/bsc03/bsc03353/forge/src/dispatcher/posix.c:62 140275532027648: single write -1 of expected 1048576
21:11:36 ERROR /home/bsc03/bsc03353/forge/src/dispatcher/posix.c:61 140166640326400: r->filehandle = 46, r->size = 1048576, r->offset = 1048576
21:11:36 ERROR /home/bsc03/bsc03353/forge/src/dispatcher/posix.c:62 140166640326400: single write -1 of expected 1048576
21:11:36 ERROR /home/bsc03/bsc03353/forge/src/dispatcher/posix.c:61 140178529441536: r->filehandle = 46, r->size = 1048576, r->offset = 0
21:11:36 ERROR /home/bsc03/bsc03353/forge/src/dispatcher/posix.c:62 140178529441536: single write -1 of expected 1048576
21:11:37 ERROR /home/bsc03/bsc03353/forge/src/dispatcher/posix.c:61 140216057026304: r->filehandle = 37, r->size = 1048576, r->offset = 4194304
21:11:37 ERROR /home/bsc03/bsc03353/forge/src/dispatcher/posix.c:61 139810352965376: r->filehandle = 39, r->size = 1048576, r->offset = 3145728
21:11:37 ERROR /home/bsc03/bsc03353/forge/src/dispatcher/posix.c:61 140462853830400: r->filehandle = 39, r->size = 1048576, r->offset = 3145728
21:11:37 ERROR /home/bsc03/bsc03353/forge/src/dispatcher/posix.c:62 140216057026304: single write -1 of expected 1048576
21:11:37 ERROR /home/bsc03/bsc03353/forge/src/dispatcher/posix.c:62 139810352965376: single write -1 of expected 1048576
21:11:37 ERROR /home/bsc03/bsc03353/forge/src/dispatcher/posix.c:62 140462853830400: single write -1 of expected 1048576
21:11:37 ERROR /home/bsc03/bsc03353/forge/src/dispatcher/posix.c:61 140156785882880: r->filehandle = 40, r->size = 1048576, r->offset = 3145728
21:11:37 ERROR /home/bsc03/bsc03353/forge/src/dispatcher/posix.c:61 140193561855744: r->filehandle = 38, r->size = 1048576, r->offset = 4194304
21:11:37 ERROR /home/bsc03/bsc03353/forge/src/dispatcher/posix.c:62 140193561855744: single write -1 of expected 1048576
21:11:37 ERROR /home/bsc03/bsc03353/forge/src/dispatcher/posix.c:62 140156785882880: single write -1 of expected 1048576
21:11:38 ERROR /home/bsc03/bsc03353/forge/src/dispatcher/posix.c:61 140281974490880: r->filehandle = 44, r->size = 1048576, r->offset = 3145728
21:11:38 ERROR /home/bsc03/bsc03353/forge/src/dispatcher/posix.c:62 140281974490880: single write -1 of expected 1048576
21:11:38 ERROR /home/bsc03/bsc03353/forge/src/dispatcher/posix.c:61 140213909538560: r->filehandle = 46, r->size = 1048576, r->offset = 3145728
21:11:38 ERROR /home/bsc03/bsc03353/forge/src/dispatcher/posix.c:61 139995548854016: r->filehandle = 47, r->size = 1048576, r->offset = 3145728
21:11:38 ERROR /home/bsc03/bsc03353/forge/src/dispatcher/posix.c:62 140213909538560: single write -1 of expected 1048576
21:11:38 ERROR /home/bsc03/bsc03353/forge/src/dispatcher/posix.c:62 139995548854016: single write -1 of expected 1048576
21:11:38 ERROR /home/bsc03/bsc03353/forge/src/dispatcher/posix.c:61 140176381953792: r->filehandle = 39, r->size = 1048576, r->offset = 2097152
21:11:38 ERROR /home/bsc03/bsc03353/forge/src/dispatcher/posix.c:61 140477886244608: r->filehandle = 42, r->size = 1048576, r->offset = 4194304
21:11:38 ERROR /home/bsc03/bsc03353/forge/src/dispatcher/posix.c:62 140176381953792: single write -1 of expected 1048576
21:11:38 ERROR /home/bsc03/bsc03353/forge/src/dispatcher/posix.c:62 140477886244608: single write -1 of expected 1048576
21:11:38 ERROR /home/bsc03/bsc03353/forge/src/dispatcher/posix.c:61 140271237052160: r->filehandle = 35, r->size = 1048576, r->offset = 1048576
21:11:38 ERROR /home/bsc03/bsc03353/forge/src/dispatcher/posix.c:61 140168787814144: r->filehandle = 47, r->size = 1048576, r->offset = 2097152
21:11:38 ERROR /home/bsc03/bsc03353/forge/src/dispatcher/posix.c:62 140271237052160: single write -1 of expected 1048576
21:11:38 ERROR /home/bsc03/bsc03353/forge/src/dispatcher/posix.c:62 140168787814144: single write -1 of expected 1048576
21:11:40 ERROR /home/bsc03/bsc03353/forge/src/dispatcher/posix.c:61 140162345350912: r->filehandle = 44, r->size = 1048576, r->offset = 3145728
21:11:40 ERROR /home/bsc03/bsc03353/forge/src/dispatcher/posix.c:62 140162345350912: single write -1 of expected 1048576
21:11:40 ERROR /home/bsc03/bsc03353/forge/src/dispatcher/posix.c:61 140158933370624: r->filehandle = 46, r->size = 1048576, r->offset = 1048576
21:11:40 ERROR /home/bsc03/bsc03353/forge/src/dispatcher/posix.c:62 140158933370624: single write -1 of expected 1048576
21:11:40 ERROR /home/bsc03/bsc03353/forge/src/dispatcher/posix.c:61 139812500453120: r->filehandle = 47, r->size = 1048576, r->offset = 1048576
21:11:40 ERROR /home/bsc03/bsc03353/forge/src/dispatcher/posix.c:62 139812500453120: single write -1 of expected 1048576
21:11:40 ERROR /home/bsc03/bsc03353/forge/src/dispatcher/posix.c:61 140299154392832: r->filehandle = 38, r->size = 1048576, r->offset = 3145728
21:11:40 ERROR /home/bsc03/bsc03353/forge/src/dispatcher/posix.c:61 139993401366272: r->filehandle = 40, r->size = 1048576, r->offset = 1048576
21:11:40 ERROR /home/bsc03/bsc03353/forge/src/dispatcher/posix.c:62 140299154392832: single write -1 of expected 1048576
21:11:40 ERROR /home/bsc03/bsc03353/forge/src/dispatcher/posix.c:62 139993401366272: single write -1 of expected 1048576
21:11:41 ERROR /home/bsc03/bsc03353/forge/src/dispatcher/posix.c:61 140456411367168: r->filehandle = 41, r->size = 1048576, r->offset = 3145728
21:11:41 ERROR /home/bsc03/bsc03353/forge/src/dispatcher/posix.c:62 140456411367168: single write -1 of expected 1048576
21:11:42 ERROR /home/bsc03/bsc03353/forge/src/dispatcher/posix.c:61 140211762050816: r->filehandle = 39, r->size = 1048576, r->offset = 2097152
21:11:42 ERROR /home/bsc03/bsc03353/forge/src/dispatcher/posix.c:62 140211762050816: single write -1 of expected 1048576
21:11:42 ERROR /home/bsc03/bsc03353/forge/src/dispatcher/posix.c:61 140202151806720: r->filehandle = 47, r->size = 1048576, r->offset = 0
21:11:42 ERROR /home/bsc03/bsc03353/forge/src/dispatcher/posix.c:61 140228941952768: r->filehandle = 41, r->size = 1048576, r->offset = 2097152
21:11:42 ERROR /home/bsc03/bsc03353/forge/src/dispatcher/posix.c:62 140228941952768: single write -1 of expected 1048576
21:11:42 ERROR /home/bsc03/bsc03353/forge/src/dispatcher/posix.c:62 140202151806720: single write -1 of expected 1048576
21:11:43 ERROR /home/bsc03/bsc03353/forge/src/dispatcher/posix.c:61 140010581268224: r->filehandle = 36, r->size = 1048576, r->offset = 4194304
21:11:43 ERROR /home/bsc03/bsc03353/forge/src/dispatcher/posix.c:62 140010581268224: single write -1 of expected 1048576
21:11:43 ERROR /home/bsc03/bsc03353/forge/src/dispatcher/posix.c:61 140452116391680: r->filehandle = 40, r->size = 1048576, r->offset = 6291456
21:11:43 ERROR /home/bsc03/bsc03353/forge/src/dispatcher/posix.c:62 140452116391680: single write -1 of expected 1048576
21:11:44 ERROR /home/bsc03/bsc03353/forge/src/dispatcher/posix.c:61 140191414368000: r->filehandle = 44, r->size = 1048576, r->offset = 4194304
21:11:44 ERROR /home/bsc03/bsc03353/forge/src/dispatcher/posix.c:62 140191414368000: single write -1 of expected 1048576
21:11:44 ERROR /home/bsc03/bsc03353/forge/src/dispatcher/posix.c:61 140197856831232: r->filehandle = 40, r->size = 1048576, r->offset = 3145728
21:11:44 ERROR /home/bsc03/bsc03353/forge/src/dispatcher/posix.c:62 140197856831232: single write -1 of expected 1048576
21:11:44 ERROR /home/bsc03/bsc03353/forge/src/dispatcher/posix.c:61 140218204514048: r->filehandle = 38, r->size = 1048576, r->offset = 2097152
21:11:44 ERROR /home/bsc03/bsc03353/forge/src/dispatcher/posix.c:62 140218204514048: single write -1 of expected 1048576
21:11:45 ERROR /home/bsc03/bsc03353/forge/src/dispatcher/posix.c:61 140019171219200: r->filehandle = 37, r->size = 1048576, r->offset = 1048576
21:11:45 ERROR /home/bsc03/bsc03353/forge/src/dispatcher/posix.c:62 140019171219200: single write -1 of expected 1048576
21:11:45 ERROR /home/bsc03/bsc03353/forge/src/dispatcher/posix.c:61 140195709343488: r->filehandle = 36, r->size = 1048576, r->offset = 1048576
21:11:45 ERROR /home/bsc03/bsc03353/forge/src/dispatcher/posix.c:62 140195709343488: single write -1 of expected 1048576
21:11:45 WARN  /home/bsc03/bsc03353/forge/src/main.c:789 140379318302784: hit stone wall at 85.704958 seconds!
AGIOS: stopped for this client. It can already be used by calling agios_init

AGIOS: stopped for this client. It can already be used by calling agios_init

AGIOS: stopped for this client. It can already be used by calling agios_init

AGIOS: stopped for this client. It can already be used by calling agios_init

AGIOS: stopped for this client. It can already be used by calling agios_init

AGIOS: stopped for this client. It can already be used by calling agios_init

AGIOS: stopped for this client. It can already be used by calling agios_init

AGIOS: stopped for this client. It can already be used by calling agios_init

21:11:45 INFO  /home/bsc03/bsc03353/forge/src/main.c:1158 140310574569536: I/O Forwarding Exploration [COMPLETE]
