Set GCC compilers as MPI wrappers backend 
remove impi/2017.4 (PATH, MANPATH, LD_LIBRARY_PATH) 
load openmpi/4.0.2_UCX (PATH, MANPATH, LD_LIBRARY_PATH) 
Set GCC compilers as MPI wrappers backend 
load gsl/2.4 (PATH, LD_LIBRARY_PATH, LIBRARY_PATH, MANPATH, INFOPATH,
C_INCLUDE_PATH, CPLUS_INCLUDE_PATH, PKG_CONFIG_PATH, GSL_DIR) 
15:43:30 INFO  /home/bsc03/bsc03353/forge/src/main.c:107 140388805593152: I/O Forwarding Exploration [START]
Will AGIOS generate trace files? NO
Default scheduling algorithm: TO
TWINS window size: 1000000
Will the Prediction Module read information from trace files? NO
File with access time functions: /home/bsc03/bsc03353/forge/agios/access_times.func
AGIOS thinks its user has stripe size of 32768
Will AGIOS generate trace files? NO
Default scheduling algorithm: TO
TWINS window size: 1000000
Will the Prediction Module read information from trace files? NO
File with access time functions: /home/bsc03/bsc03353/forge/agios/access_times.func
AGIOS thinks its user has stripe size of 32768
Will AGIOS generate trace files? NO
Default scheduling algorithm: TO
TWINS window size: 1000000
Will the Prediction Module read information from trace files? NO
File with access time functions: /home/bsc03/bsc03353/forge/agios/access_times.func
AGIOS thinks its user has stripe size of 32768
Will AGIOS generate trace files? NO
Default scheduling algorithm: TO
TWINS window size: 1000000
Will the Prediction Module read information from trace files? NO
File with access time functions: /home/bsc03/bsc03353/forge/agios/access_times.func
AGIOS thinks its user has stripe size of 32768
15:43:47 ERROR /home/bsc03/bsc03353/forge/src/dispatcher/posix.c:61 140379572598528: r->filehandle = 35, r->size = 32768, r->offset = 2326298624
15:43:47 ERROR /home/bsc03/bsc03353/forge/src/dispatcher/posix.c:62 140379572598528: single write -1 of expected 32768
15:43:48 ERROR /home/bsc03/bsc03353/forge/src/dispatcher/posix.c:61 140375277623040: r->filehandle = 35, r->size = 32768, r->offset = 10020978688
15:43:48 ERROR /home/bsc03/bsc03353/forge/src/dispatcher/posix.c:62 140375277623040: single write -1 of expected 32768
15:43:54 ERROR /home/bsc03/bsc03353/forge/src/dispatcher/posix.c:61 139934938752768: r->filehandle = 36, r->size = 32768, r->offset = 137251618816
15:43:54 ERROR /home/bsc03/bsc03353/forge/src/dispatcher/posix.c:62 139934938752768: single write -1 of expected 32768
15:44:01 ERROR /home/bsc03/bsc03353/forge/src/dispatcher/posix.c:61 140639223125760: r->filehandle = 36, r->size = 32768, r->offset = 38294454272
15:44:01 ERROR /home/bsc03/bsc03353/forge/src/dispatcher/posix.c:62 140639223125760: single write -1 of expected 32768
15:44:02 ERROR /home/bsc03/bsc03353/forge/src/dispatcher/posix.c:61 140288798906112: r->filehandle = 36, r->size = 32768, r->offset = 93767729152
15:44:02 ERROR /home/bsc03/bsc03353/forge/src/dispatcher/posix.c:62 140288798906112: single write -1 of expected 32768
15:44:04 ERROR /home/bsc03/bsc03353/forge/src/dispatcher/posix.c:61 140362392696576: r->filehandle = 35, r->size = 32768, r->offset = 30420828160
15:44:04 ERROR /home/bsc03/bsc03353/forge/src/dispatcher/posix.c:62 140362392696576: single write -1 of expected 32768
15:44:11 ERROR /home/bsc03/bsc03353/forge/src/dispatcher/posix.c:61 140660698003200: r->filehandle = 36, r->size = 32768, r->offset = 40083914752
15:44:11 ERROR /home/bsc03/bsc03353/forge/src/dispatcher/posix.c:62 140660698003200: single write -1 of expected 32768
15:44:12 ERROR /home/bsc03/bsc03353/forge/src/dispatcher/posix.c:61 140649960564480: r->filehandle = 36, r->size = 32768, r->offset = 38652346368
15:44:12 ERROR /home/bsc03/bsc03353/forge/src/dispatcher/posix.c:62 140649960564480: single write -1 of expected 32768
15:44:13 ERROR /home/bsc03/bsc03353/forge/src/dispatcher/posix.c:61 140286651418368: r->filehandle = 36, r->size = 32768, r->offset = 89830916096
15:44:13 ERROR /home/bsc03/bsc03353/forge/src/dispatcher/posix.c:62 140286651418368: single write -1 of expected 32768
15:44:18 ERROR /home/bsc03/bsc03353/forge/src/dispatcher/posix.c:61 139909168899840: r->filehandle = 36, r->size = 32768, r->offset = 120967528448
15:44:18 ERROR /home/bsc03/bsc03353/forge/src/dispatcher/posix.c:62 139909168899840: single write -1 of expected 32768
15:44:19 ERROR /home/bsc03/bsc03353/forge/src/dispatcher/posix.c:61 140641370613504: r->filehandle = 36, r->size = 32768, r->offset = 43304943616
15:44:19 ERROR /home/bsc03/bsc03353/forge/src/dispatcher/posix.c:62 140641370613504: single write -1 of expected 32768
15:44:21 ERROR /home/bsc03/bsc03353/forge/src/dispatcher/posix.c:61 140662845490944: r->filehandle = 36, r->size = 32768, r->offset = 44915458048
15:44:21 ERROR /home/bsc03/bsc03353/forge/src/dispatcher/posix.c:62 140662845490944: single write -1 of expected 32768
15:44:23 ERROR /home/bsc03/bsc03353/forge/src/dispatcher/posix.c:61 140637075638016: r->filehandle = 36, r->size = 32768, r->offset = 39726022656
15:44:23 ERROR /home/bsc03/bsc03353/forge/src/dispatcher/posix.c:62 140637075638016: single write -1 of expected 32768
15:44:25 ERROR /home/bsc03/bsc03353/forge/src/dispatcher/posix.c:61 140667140466432: r->filehandle = 36, r->size = 32768, r->offset = 64062685184
15:44:25 ERROR /home/bsc03/bsc03353/forge/src/dispatcher/posix.c:62 140667140466432: single write -1 of expected 32768
15:44:25 ERROR /home/bsc03/bsc03353/forge/src/dispatcher/posix.c:61 140654255539968: r->filehandle = 36, r->size = 32768, r->offset = 41873375232
15:44:25 ERROR /home/bsc03/bsc03353/forge/src/dispatcher/posix.c:62 140654255539968: single write -1 of expected 32768
15:44:28 ERROR /home/bsc03/bsc03353/forge/src/dispatcher/posix.c:61 140634928150272: r->filehandle = 36, r->size = 32768, r->offset = 36683939840
15:44:28 ERROR /home/bsc03/bsc03353/forge/src/dispatcher/posix.c:62 140634928150272: single write -1 of expected 32768
15:44:32 ERROR /home/bsc03/bsc03353/forge/src/dispatcher/posix.c:61 140658550515456: r->filehandle = 36, r->size = 32768, r->offset = 38115508224
15:44:32 ERROR /home/bsc03/bsc03353/forge/src/dispatcher/posix.c:62 140658550515456: single write -1 of expected 32768
15:44:46 ERROR /home/bsc03/bsc03353/forge/src/dispatcher/posix.c:61 140652108052224: r->filehandle = 36, r->size = 32768, r->offset = 42589159424
15:44:46 ERROR /home/bsc03/bsc03353/forge/src/dispatcher/posix.c:62 140652108052224: single write -1 of expected 32768
15:44:47 ERROR /home/bsc03/bsc03353/forge/src/dispatcher/posix.c:61 140656403027712: r->filehandle = 36, r->size = 32768, r->offset = 36147101696
15:44:47 ERROR /home/bsc03/bsc03353/forge/src/dispatcher/posix.c:62 140656403027712: single write -1 of expected 32768
15:44:47 ERROR /home/bsc03/bsc03353/forge/src/dispatcher/posix.c:61 140645665588992: r->filehandle = 36, r->size = 32768, r->offset = 41336537088
15:44:47 ERROR /home/bsc03/bsc03353/forge/src/dispatcher/posix.c:62 140645665588992: single write -1 of expected 32768
15:44:58 ERROR /home/bsc03/bsc03353/forge/src/dispatcher/posix.c:61 140647813076736: r->filehandle = 36, r->size = 32768, r->offset = 43483889664
15:44:58 ERROR /home/bsc03/bsc03353/forge/src/dispatcher/posix.c:62 140647813076736: single write -1 of expected 32768
15:45:02 ERROR /home/bsc03/bsc03353/forge/src/dispatcher/posix.c:61 140664992978688: r->filehandle = 36, r->size = 32768, r->offset = 40799698944
15:45:02 ERROR /home/bsc03/bsc03353/forge/src/dispatcher/posix.c:62 140664992978688: single write -1 of expected 32768
15:45:03 ERROR /home/bsc03/bsc03353/forge/src/dispatcher/posix.c:61 140301683832576: r->filehandle = 36, r->size = 32768, r->offset = 84462534656
15:45:03 ERROR /home/bsc03/bsc03353/forge/src/dispatcher/posix.c:62 140301683832576: single write -1 of expected 32768
15:45:03 ERROR /home/bsc03/bsc03353/forge/src/dispatcher/posix.c:61 140643518101248: r->filehandle = 36, r->size = 32768, r->offset = 44020727808
15:45:03 ERROR /home/bsc03/bsc03353/forge/src/dispatcher/posix.c:62 140643518101248: single write -1 of expected 32768
15:45:04 ERROR /home/bsc03/bsc03353/forge/src/dispatcher/posix.c:61 139917758850816: r->filehandle = 36, r->size = 32768, r->offset = 112736010240
15:45:04 ERROR /home/bsc03/bsc03353/forge/src/dispatcher/posix.c:62 139917758850816: single write -1 of expected 32768
15:45:10 ERROR /home/bsc03/bsc03353/forge/src/dispatcher/posix.c:61 140349507770112: r->filehandle = 35, r->size = 32768, r->offset = 19147227136
15:45:10 ERROR /home/bsc03/bsc03353/forge/src/dispatcher/posix.c:62 140349507770112: single write -1 of expected 32768
15:45:30 ERROR /home/bsc03/bsc03353/forge/src/dispatcher/posix.c:61 140303831320320: r->filehandle = 36, r->size = 32768, r->offset = 69073174528
15:45:30 ERROR /home/bsc03/bsc03353/forge/src/dispatcher/posix.c:62 140303831320320: single write -1 of expected 32768
15:45:49 ERROR /home/bsc03/bsc03353/forge/src/dispatcher/posix.c:61 140305978808064: r->filehandle = 36, r->size = 32768, r->offset = 74262609920
15:45:49 ERROR /home/bsc03/bsc03353/forge/src/dispatcher/posix.c:62 140305978808064: single write -1 of expected 32768
15:46:02 ERROR /home/bsc03/bsc03353/forge/src/dispatcher/posix.c:61 140297388857088: r->filehandle = 36, r->size = 32768, r->offset = 95736135680
15:46:02 ERROR /home/bsc03/bsc03353/forge/src/dispatcher/posix.c:62 140297388857088: single write -1 of expected 32768
15:46:10 ERROR /home/bsc03/bsc03353/forge/src/dispatcher/posix.c:61 139930643777280: r->filehandle = 36, r->size = 32768, r->offset = 126693801984
15:46:10 ERROR /home/bsc03/bsc03353/forge/src/dispatcher/posix.c:62 139930643777280: single write -1 of expected 32768
15:46:21 ERROR /home/bsc03/bsc03353/forge/src/dispatcher/posix.c:61 140639223125760: r->filehandle = 36, r->size = 32768, r->offset = 39189184512
15:46:21 ERROR /home/bsc03/bsc03353/forge/src/dispatcher/posix.c:62 140639223125760: single write -1 of expected 32768
15:46:39 ERROR /home/bsc03/bsc03353/forge/src/dispatcher/posix.c:61 140358097721088: r->filehandle = 35, r->size = 32768, r->offset = 14494629888
15:46:39 ERROR /home/bsc03/bsc03353/forge/src/dispatcher/posix.c:62 140358097721088: single write -1 of expected 32768
15:46:54 ERROR /home/bsc03/bsc03353/forge/src/dispatcher/posix.c:61 139934938752768: r->filehandle = 36, r->size = 32768, r->offset = 132777967616
15:46:54 ERROR /home/bsc03/bsc03353/forge/src/dispatcher/posix.c:62 139934938752768: single write -1 of expected 32768
15:47:09 ERROR /home/bsc03/bsc03353/forge/src/dispatcher/posix.c:61 140290946393856: r->filehandle = 36, r->size = 32768, r->offset = 81241505792
15:47:09 ERROR /home/bsc03/bsc03353/forge/src/dispatcher/posix.c:62 140290946393856: single write -1 of expected 32768
15:47:24 ERROR /home/bsc03/bsc03353/forge/src/dispatcher/posix.c:61 139911316387584: r->filehandle = 36, r->size = 32768, r->offset = 120072798208
15:47:24 ERROR /home/bsc03/bsc03353/forge/src/dispatcher/posix.c:62 139911316387584: single write -1 of expected 32768
15:47:49 ERROR /home/bsc03/bsc03353/forge/src/dispatcher/posix.c:61 139928496289536: r->filehandle = 36, r->size = 32768, r->offset = 103072923648
15:47:49 ERROR /home/bsc03/bsc03353/forge/src/dispatcher/posix.c:62 139928496289536: single write -1 of expected 32768
15:48:19 ERROR /home/bsc03/bsc03353/forge/src/dispatcher/posix.c:61 139915611363072: r->filehandle = 36, r->size = 32768, r->offset = 132062183424
15:48:19 ERROR /home/bsc03/bsc03353/forge/src/dispatcher/posix.c:62 139915611363072: single write -1 of expected 32768
15:48:44 ERROR /home/bsc03/bsc03353/forge/src/dispatcher/posix.c:61 139909168899840: r->filehandle = 36, r->size = 32768, r->offset = 117209661440
15:48:44 ERROR /home/bsc03/bsc03353/forge/src/dispatcher/posix.c:62 139909168899840: single write -1 of expected 32768
slurmstepd: error: *** JOB 8737420 ON s04r2b01 CANCELLED AT 2020-02-07T15:48:49 DUE TO TIME LIMIT ***
--------------------------------------------------------------------------
ORTE has lost communication with a remote daemon.

  HNP daemon   : [[223,0],0] on node s04r2b01
  Remote daemon: [[223,0],1] on node s04r2b02

This is usually due to either a failure of the TCP network
connection to the node, or possibly an internal failure of
the daemon itself. We cannot recover from this failure, and
therefore will terminate the job.
--------------------------------------------------------------------------
slurmstepd: error: proctrack_p_wait: Unable to destroy container 294791 in cgroup plugin, giving up after 128 sec
