Set GCC compilers as MPI wrappers backend 
remove impi/2017.4 (PATH, MANPATH, LD_LIBRARY_PATH) 
load openmpi/4.0.2_UCX (PATH, MANPATH, LD_LIBRARY_PATH) 
Set GCC compilers as MPI wrappers backend 
load gsl/2.4 (PATH, LD_LIBRARY_PATH, LIBRARY_PATH, MANPATH, INFOPATH,
C_INCLUDE_PATH, CPLUS_INCLUDE_PATH, PKG_CONFIG_PATH, GSL_DIR) 
08:14:38 INFO  /home/bsc03/bsc03353/forge/src/main.c:107 140274704103488: I/O Forwarding Exploration [START]
Will AGIOS generate trace files? NO
Default scheduling algorithm: TO
TWINS window size: 1000000
Will the Prediction Module read information from trace files? NO
File with access time functions: /home/bsc03/bsc03353/forge/agios/access_times.func
AGIOS thinks its user has stripe size of 32768
Will AGIOS generate trace files? NO
Default scheduling algorithm: TO
TWINS window size: 1000000
Will the Prediction Module read information from trace files? NO
File with access time functions: /home/bsc03/bsc03353/forge/agios/access_times.func
AGIOS thinks its user has stripe size of 32768
Will AGIOS generate trace files? NO
Default scheduling algorithm: TO
TWINS window size: 1000000
Will the Prediction Module read information from trace files? NO
File with access time functions: /home/bsc03/bsc03353/forge/agios/access_times.func
AGIOS thinks its user has stripe size of 32768
Will AGIOS generate trace files? NO
Default scheduling algorithm: TO
TWINS window size: 1000000
Will the Prediction Module read information from trace files? NO
File with access time functions: /home/bsc03/bsc03353/forge/agios/access_times.func
AGIOS thinks its user has stripe size of 32768
08:14:43 ERROR /home/bsc03/bsc03353/forge/src/dispatcher/posix.c:61 139791659554560: r->filehandle = 36, r->size = 6291456, r->offset = 1830813696
08:14:43 ERROR /home/bsc03/bsc03353/forge/src/dispatcher/posix.c:62 139791659554560: single write -1 of expected 6291456
08:14:45 ERROR /home/bsc03/bsc03353/forge/src/dispatcher/posix.c:61 139776627140352: r->filehandle = 36, r->size = 6291456, r->offset = 2038431744
08:14:45 ERROR /home/bsc03/bsc03353/forge/src/dispatcher/posix.c:62 139776627140352: single write -1 of expected 6291456
08:14:46 ERROR /home/bsc03/bsc03353/forge/src/dispatcher/posix.c:61 140263323584256: r->filehandle = 35, r->size = 6291456, r->offset = 283115520
08:14:46 ERROR /home/bsc03/bsc03353/forge/src/dispatcher/posix.c:62 140263323584256: single write -1 of expected 6291456
08:14:46 ERROR /home/bsc03/bsc03353/forge/src/dispatcher/posix.c:61 139676908984064: r->filehandle = 36, r->size = 6291456, r->offset = 1623195648
08:14:46 ERROR /home/bsc03/bsc03353/forge/src/dispatcher/posix.c:62 139676908984064: single write -1 of expected 6291456
08:14:48 ERROR /home/bsc03/bsc03353/forge/src/dispatcher/posix.c:61 139778774628096: r->filehandle = 36, r->size = 6291456, r->offset = 2025848832
08:14:48 ERROR /home/bsc03/bsc03353/forge/src/dispatcher/posix.c:62 139778774628096: single write -1 of expected 6291456
08:14:50 ERROR /home/bsc03/bsc03353/forge/src/dispatcher/posix.c:61 139664024057600: r->filehandle = 36, r->size = 6291456, r->offset = 1635778560
08:14:50 ERROR /home/bsc03/bsc03353/forge/src/dispatcher/posix.c:62 139664024057600: single write -1 of expected 6291456
08:14:50 ERROR /home/bsc03/bsc03353/forge/src/dispatcher/posix.c:61 139713176844032: r->filehandle = 36, r->size = 6291456, r->offset = 685768704
08:14:50 ERROR /home/bsc03/bsc03353/forge/src/dispatcher/posix.c:62 139713176844032: single write -1 of expected 6291456
08:14:52 ERROR /home/bsc03/bsc03353/forge/src/dispatcher/posix.c:61 139657581594368: r->filehandle = 36, r->size = 6291456, r->offset = 1793064960
08:14:52 ERROR /home/bsc03/bsc03353/forge/src/dispatcher/posix.c:62 139657581594368: single write -1 of expected 6291456
08:14:53 ERROR /home/bsc03/bsc03353/forge/src/dispatcher/posix.c:61 139683112015616: r->filehandle = 36, r->size = 6291456, r->offset = 855638016
08:14:53 ERROR /home/bsc03/bsc03353/forge/src/dispatcher/posix.c:62 139683112015616: single write -1 of expected 6291456
08:14:54 ERROR /home/bsc03/bsc03353/forge/src/dispatcher/posix.c:61 139772332164864: r->filehandle = 36, r->size = 6291456, r->offset = 1893728256
08:14:54 ERROR /home/bsc03/bsc03353/forge/src/dispatcher/posix.c:62 139772332164864: single write -1 of expected 6291456
08:14:54 ERROR /home/bsc03/bsc03353/forge/src/dispatcher/posix.c:61 140243996194560: r->filehandle = 35, r->size = 6291456, r->offset = 314572800
08:14:54 ERROR /home/bsc03/bsc03353/forge/src/dispatcher/posix.c:62 140243996194560: single write -1 of expected 6291456
08:14:58 ERROR /home/bsc03/bsc03353/forge/src/dispatcher/posix.c:61 140241848706816: r->filehandle = 35, r->size = 6291456, r->offset = 220200960
08:14:58 ERROR /home/bsc03/bsc03353/forge/src/dispatcher/posix.c:62 140241848706816: single write -1 of expected 6291456
08:15:00 ERROR /home/bsc03/bsc03353/forge/src/dispatcher/posix.c:61 140256881121024: r->filehandle = 35, r->size = 6291456, r->offset = 515899392
08:15:00 ERROR /home/bsc03/bsc03353/forge/src/dispatcher/posix.c:62 140256881121024: single write -1 of expected 6291456
08:15:01 ERROR /home/bsc03/bsc03353/forge/src/dispatcher/posix.c:61 140235406243584: r->filehandle = 35, r->size = 6291456, r->offset = 12582912
08:15:01 ERROR /home/bsc03/bsc03353/forge/src/dispatcher/posix.c:62 140235406243584: single write -1 of expected 6291456
08:15:03 ERROR /home/bsc03/bsc03353/forge/src/dispatcher/posix.c:61 140265471072000: r->filehandle = 35, r->size = 6291456, r->offset = 427819008
08:15:03 ERROR /home/bsc03/bsc03353/forge/src/dispatcher/posix.c:62 140265471072000: single write -1 of expected 6291456
08:15:04 ERROR /home/bsc03/bsc03353/forge/src/dispatcher/posix.c:61 139780922115840: r->filehandle = 36, r->size = 6291456, r->offset = 2233466880
08:15:04 ERROR /home/bsc03/bsc03353/forge/src/dispatcher/posix.c:62 139780922115840: single write -1 of expected 6291456
08:15:05 ERROR /home/bsc03/bsc03353/forge/src/dispatcher/posix.c:61 139661876569856: r->filehandle = 36, r->size = 6291456, r->offset = 1239416832
08:15:05 ERROR /home/bsc03/bsc03353/forge/src/dispatcher/posix.c:62 139661876569856: single write -1 of expected 6291456
08:15:10 ERROR /home/bsc03/bsc03353/forge/src/dispatcher/posix.c:61 139770184677120: r->filehandle = 36, r->size = 6291456, r->offset = 2239758336
08:15:10 ERROR /home/bsc03/bsc03353/forge/src/dispatcher/posix.c:62 139770184677120: single write -1 of expected 6291456
08:15:23 ERROR /home/bsc03/bsc03353/forge/src/dispatcher/posix.c:61 140246143682304: r->filehandle = 35, r->size = 6291456, r->offset = 18874368
08:15:23 ERROR /home/bsc03/bsc03353/forge/src/dispatcher/posix.c:62 140246143682304: single write -1 of expected 6291456
08:15:34 ERROR /home/bsc03/bsc03353/forge/src/dispatcher/posix.c:61 140254733633280: r->filehandle = 35, r->size = 6291456, r->offset = 125829120
08:15:34 ERROR /home/bsc03/bsc03353/forge/src/dispatcher/posix.c:62 140254733633280: single write -1 of expected 6291456
08:15:40 ERROR /home/bsc03/bsc03353/forge/src/dispatcher/posix.c:61 140261176096512: r->filehandle = 35, r->size = 6291456, r->offset = 415236096
08:15:40 ERROR /home/bsc03/bsc03353/forge/src/dispatcher/posix.c:62 140261176096512: single write -1 of expected 6291456
08:15:51 ERROR /home/bsc03/bsc03353/forge/src/dispatcher/posix.c:61 140263323584256: r->filehandle = 35, r->size = 6291456, r->offset = 434110464
08:15:51 ERROR /home/bsc03/bsc03353/forge/src/dispatcher/posix.c:62 140263323584256: single write -1 of expected 6291456
08:15:52 ERROR /home/bsc03/bsc03353/forge/src/dispatcher/posix.c:61 139795954530048: r->filehandle = 36, r->size = 6291456, r->offset = 2095054848
08:15:52 ERROR /home/bsc03/bsc03353/forge/src/dispatcher/posix.c:62 139795954530048: single write -1 of expected 6291456
08:15:54 ERROR /home/bsc03/bsc03353/forge/src/dispatcher/posix.c:61 139768037189376: r->filehandle = 36, r->size = 6291456, r->offset = 1843396608
08:15:54 ERROR /home/bsc03/bsc03353/forge/src/dispatcher/posix.c:62 139768037189376: single write -1 of expected 6291456
08:15:55 ERROR /home/bsc03/bsc03353/forge/src/dispatcher/posix.c:61 139702439405312: r->filehandle = 36, r->size = 6291456, r->offset = 717225984
08:15:55 ERROR /home/bsc03/bsc03353/forge/src/dispatcher/posix.c:62 139702439405312: single write -1 of expected 6291456
08:16:05 ERROR /home/bsc03/bsc03353/forge/src/dispatcher/posix.c:61 139666171545344: r->filehandle = 36, r->size = 6291456, r->offset = 1428160512
08:16:05 ERROR /home/bsc03/bsc03353/forge/src/dispatcher/posix.c:62 139666171545344: single write -1 of expected 6291456
08:16:08 ERROR /home/bsc03/bsc03353/forge/src/dispatcher/posix.c:61 139681203959552: r->filehandle = 36, r->size = 6291456, r->offset = 1642070016
08:16:08 ERROR /home/bsc03/bsc03353/forge/src/dispatcher/posix.c:62 139681203959552: single write -1 of expected 6291456
08:16:15 ERROR /home/bsc03/bsc03353/forge/src/dispatcher/posix.c:61 139679056471808: r->filehandle = 36, r->size = 6291456, r->offset = 1692401664
08:16:15 ERROR /home/bsc03/bsc03353/forge/src/dispatcher/posix.c:62 139679056471808: single write -1 of expected 6291456
08:16:16 ERROR /home/bsc03/bsc03353/forge/src/dispatcher/posix.c:61 139648991643392: r->filehandle = 36, r->size = 6291456, r->offset = 1421869056
08:16:16 ERROR /home/bsc03/bsc03353/forge/src/dispatcher/posix.c:62 139648991643392: single write -1 of expected 6291456
08:16:20 ERROR /home/bsc03/bsc03353/forge/src/dispatcher/posix.c:61 139653286618880: r->filehandle = 36, r->size = 6291456, r->offset = 1226833920
08:16:20 ERROR /home/bsc03/bsc03353/forge/src/dispatcher/posix.c:62 139653286618880: single write -1 of expected 6291456
08:16:22 ERROR /home/bsc03/bsc03353/forge/src/dispatcher/posix.c:61 139670466520832: r->filehandle = 36, r->size = 6291456, r->offset = 1736441856
08:16:22 ERROR /home/bsc03/bsc03353/forge/src/dispatcher/posix.c:62 139670466520832: single write -1 of expected 6291456
08:16:25 ERROR /home/bsc03/bsc03353/forge/src/dispatcher/posix.c:61 139676908984064: r->filehandle = 36, r->size = 6291456, r->offset = 1629487104
08:16:25 ERROR /home/bsc03/bsc03353/forge/src/dispatcher/posix.c:62 139676908984064: single write -1 of expected 6291456
08:16:29 ERROR /home/bsc03/bsc03353/forge/src/dispatcher/posix.c:61 139651139131136: r->filehandle = 36, r->size = 6291456, r->offset = 1233125376
08:16:29 ERROR /home/bsc03/bsc03353/forge/src/dispatcher/posix.c:62 139651139131136: single write -1 of expected 6291456
08:16:32 ERROR /home/bsc03/bsc03353/forge/src/dispatcher/posix.c:61 139674761496320: r->filehandle = 36, r->size = 6291456, r->offset = 1723858944
08:16:32 ERROR /home/bsc03/bsc03353/forge/src/dispatcher/posix.c:62 139674761496320: single write -1 of expected 6291456
08:16:44 ERROR /home/bsc03/bsc03353/forge/src/dispatcher/posix.c:61 139664024057600: r->filehandle = 36, r->size = 6291456, r->offset = 1434451968
08:16:44 ERROR /home/bsc03/bsc03353/forge/src/dispatcher/posix.c:62 139664024057600: single write -1 of expected 6291456
08:16:47 ERROR /home/bsc03/bsc03353/forge/src/dispatcher/posix.c:61 139672614008576: r->filehandle = 36, r->size = 6291456, r->offset = 1440743424
08:16:47 ERROR /home/bsc03/bsc03353/forge/src/dispatcher/posix.c:62 139672614008576: single write -1 of expected 6291456
08:16:53 ERROR /home/bsc03/bsc03353/forge/src/dispatcher/posix.c:61 140248291170048: r->filehandle = 35, r->size = 6291456, r->offset = 31457280
08:16:53 ERROR /home/bsc03/bsc03353/forge/src/dispatcher/posix.c:62 140248291170048: single write -1 of expected 6291456
08:16:55 ERROR /home/bsc03/bsc03353/forge/src/dispatcher/posix.c:61 139689554478848: r->filehandle = 36, r->size = 6291456, r->offset = 622854144
08:16:55 ERROR /home/bsc03/bsc03353/forge/src/dispatcher/posix.c:62 139689554478848: single write -1 of expected 6291456
08:16:58 ERROR /home/bsc03/bsc03353/forge/src/dispatcher/posix.c:61 139774479652608: r->filehandle = 36, r->size = 6291456, r->offset = 1824522240
08:16:58 ERROR /home/bsc03/bsc03353/forge/src/dispatcher/posix.c:62 139774479652608: single write -1 of expected 6291456
08:16:58 ERROR /home/bsc03/bsc03353/forge/src/dispatcher/posix.c:61 139661876569856: r->filehandle = 36, r->size = 6291456, r->offset = 1390411776
08:16:58 ERROR /home/bsc03/bsc03353/forge/src/dispatcher/posix.c:62 139661876569856: single write -1 of expected 6291456
08:16:59 ERROR /home/bsc03/bsc03353/forge/src/dispatcher/posix.c:61 139657581594368: r->filehandle = 36, r->size = 6291456, r->offset = 1333788672
08:16:59 ERROR /home/bsc03/bsc03353/forge/src/dispatcher/posix.c:62 139657581594368: single write -1 of expected 6291456
08:17:04 ERROR /home/bsc03/bsc03353/forge/src/dispatcher/posix.c:61 140237553731328: r->filehandle = 35, r->size = 6291456, r->offset = 213909504
08:17:04 ERROR /home/bsc03/bsc03353/forge/src/dispatcher/posix.c:62 140237553731328: single write -1 of expected 6291456
08:17:06 ERROR /home/bsc03/bsc03353/forge/src/dispatcher/posix.c:61 140246143682304: r->filehandle = 35, r->size = 6291456, r->offset = 44040192
08:17:06 ERROR /home/bsc03/bsc03353/forge/src/dispatcher/posix.c:62 140246143682304: single write -1 of expected 6291456
08:17:08 ERROR /home/bsc03/bsc03353/forge/src/dispatcher/posix.c:61 139793807042304: r->filehandle = 36, r->size = 6291456, r->offset = 2227175424
08:17:08 ERROR /home/bsc03/bsc03353/forge/src/dispatcher/posix.c:62 139793807042304: single write -1 of expected 6291456
08:17:10 ERROR /home/bsc03/bsc03353/forge/src/dispatcher/posix.c:61 139695996942080: r->filehandle = 36, r->size = 6291456, r->offset = 817889280
08:17:10 ERROR /home/bsc03/bsc03353/forge/src/dispatcher/posix.c:62 139695996942080: single write -1 of expected 6291456
08:17:10 ERROR /home/bsc03/bsc03353/forge/src/dispatcher/posix.c:61 139666171545344: r->filehandle = 36, r->size = 6291456, r->offset = 1258291200
08:17:10 ERROR /home/bsc03/bsc03353/forge/src/dispatcher/posix.c:62 139666171545344: single write -1 of expected 6291456
08:17:15 ERROR /home/bsc03/bsc03353/forge/src/dispatcher/posix.c:61 139668319033088: r->filehandle = 36, r->size = 6291456, r->offset = 1220542464
08:17:15 ERROR /home/bsc03/bsc03353/forge/src/dispatcher/posix.c:62 139668319033088: single write -1 of expected 6291456
08:17:18 ERROR /home/bsc03/bsc03353/forge/src/dispatcher/posix.c:61 140256881121024: r->filehandle = 35, r->size = 6291456, r->offset = 327155712
08:17:18 ERROR /home/bsc03/bsc03353/forge/src/dispatcher/posix.c:62 140256881121024: single write -1 of expected 6291456
08:17:18 ERROR /home/bsc03/bsc03353/forge/src/dispatcher/posix.c:61 139795954530048: r->filehandle = 36, r->size = 6291456, r->offset = 2397044736
08:17:18 ERROR /home/bsc03/bsc03353/forge/src/dispatcher/posix.c:62 139795954530048: single write -1 of expected 6291456
08:17:21 ERROR /home/bsc03/bsc03353/forge/src/dispatcher/posix.c:61 139702439405312: r->filehandle = 36, r->size = 6291456, r->offset = 729808896
08:17:21 ERROR /home/bsc03/bsc03353/forge/src/dispatcher/posix.c:62 139702439405312: single write -1 of expected 6291456
08:17:30 ERROR /home/bsc03/bsc03353/forge/src/dispatcher/posix.c:61 139695996942080: r->filehandle = 36, r->size = 6291456, r->offset = 1031798784
08:17:30 ERROR /home/bsc03/bsc03353/forge/src/dispatcher/posix.c:62 139695996942080: single write -1 of expected 6291456
08:17:32 ERROR /home/bsc03/bsc03353/forge/src/dispatcher/posix.c:61 139704586893056: r->filehandle = 36, r->size = 6291456, r->offset = 836763648
08:17:32 ERROR /home/bsc03/bsc03353/forge/src/dispatcher/posix.c:62 139704586893056: single write -1 of expected 6291456
08:17:33 ERROR /home/bsc03/bsc03353/forge/src/dispatcher/posix.c:61 140243996194560: r->filehandle = 35, r->size = 6291456, r->offset = 182452224
08:17:33 ERROR /home/bsc03/bsc03353/forge/src/dispatcher/posix.c:62 140243996194560: single write -1 of expected 6291456
08:17:34 ERROR /home/bsc03/bsc03353/forge/src/dispatcher/posix.c:61 140250438657792: r->filehandle = 35, r->size = 6291456, r->offset = 25165824
08:17:34 ERROR /home/bsc03/bsc03353/forge/src/dispatcher/posix.c:62 140250438657792: single write -1 of expected 6291456
08:17:35 ERROR /home/bsc03/bsc03353/forge/src/dispatcher/posix.c:61 140254733633280: r->filehandle = 35, r->size = 6291456, r->offset = 50331648
08:17:35 ERROR /home/bsc03/bsc03353/forge/src/dispatcher/posix.c:62 140254733633280: single write -1 of expected 6291456
08:17:37 ERROR /home/bsc03/bsc03353/forge/src/dispatcher/posix.c:61 140241848706816: r->filehandle = 35, r->size = 6291456, r->offset = 232783872
08:17:37 ERROR /home/bsc03/bsc03353/forge/src/dispatcher/posix.c:62 140241848706816: single write -1 of expected 6291456
08:17:38 ERROR /home/bsc03/bsc03353/forge/src/dispatcher/posix.c:61 139676908984064: r->filehandle = 36, r->size = 6291456, r->offset = 1308622848
08:17:38 ERROR /home/bsc03/bsc03353/forge/src/dispatcher/posix.c:62 139676908984064: single write -1 of expected 6291456
08:17:39 ERROR /home/bsc03/bsc03353/forge/src/dispatcher/posix.c:61 139772332164864: r->filehandle = 36, r->size = 6291456, r->offset = 2296381440
08:17:39 ERROR /home/bsc03/bsc03353/forge/src/dispatcher/posix.c:62 139772332164864: single write -1 of expected 6291456
08:17:41 ERROR /home/bsc03/bsc03353/forge/src/dispatcher/posix.c:61 139785217091328: r->filehandle = 36, r->size = 6291456, r->offset = 2327838720
08:17:41 ERROR /home/bsc03/bsc03353/forge/src/dispatcher/posix.c:62 139785217091328: single write -1 of expected 6291456
08:17:42 ERROR /home/bsc03/bsc03353/forge/src/dispatcher/posix.c:61 139783069603584: r->filehandle = 36, r->size = 6291456, r->offset = 2246049792
08:17:42 ERROR /home/bsc03/bsc03353/forge/src/dispatcher/posix.c:62 139783069603584: single write -1 of expected 6291456
08:17:45 ERROR /home/bsc03/bsc03353/forge/src/dispatcher/posix.c:61 139778774628096: r->filehandle = 36, r->size = 6291456, r->offset = 2139095040
08:17:45 ERROR /home/bsc03/bsc03353/forge/src/dispatcher/posix.c:62 139778774628096: single write -1 of expected 6291456
08:17:48 ERROR /home/bsc03/bsc03353/forge/src/dispatcher/posix.c:61 139698144429824: r->filehandle = 36, r->size = 6291456, r->offset = 629145600
08:17:48 ERROR /home/bsc03/bsc03353/forge/src/dispatcher/posix.c:62 139698144429824: single write -1 of expected 6291456
08:17:52 ERROR /home/bsc03/bsc03353/forge/src/dispatcher/posix.c:61 139711029356288: r->filehandle = 36, r->size = 6291456, r->offset = 1019215872
08:17:52 ERROR /home/bsc03/bsc03353/forge/src/dispatcher/posix.c:62 139711029356288: single write -1 of expected 6291456
08:17:52 ERROR /home/bsc03/bsc03353/forge/src/dispatcher/posix.c:61 139695996942080: r->filehandle = 36, r->size = 6291456, r->offset = 905969664
08:17:52 ERROR /home/bsc03/bsc03353/forge/src/dispatcher/posix.c:62 139695996942080: single write -1 of expected 6291456
08:17:57 ERROR /home/bsc03/bsc03353/forge/src/dispatcher/posix.c:61 139661876569856: r->filehandle = 36, r->size = 6291456, r->offset = 1591738368
08:17:57 ERROR /home/bsc03/bsc03353/forge/src/dispatcher/posix.c:62 139661876569856: single write -1 of expected 6291456
08:17:57 ERROR /home/bsc03/bsc03353/forge/src/dispatcher/posix.c:61 140259028608768: r->filehandle = 35, r->size = 6291456, r->offset = 421527552
08:17:57 ERROR /home/bsc03/bsc03353/forge/src/dispatcher/posix.c:62 140259028608768: single write -1 of expected 6291456
08:17:57 ERROR /home/bsc03/bsc03353/forge/src/dispatcher/posix.c:61 139659729082112: r->filehandle = 36, r->size = 6291456, r->offset = 1289748480
08:17:57 ERROR /home/bsc03/bsc03353/forge/src/dispatcher/posix.c:62 139659729082112: single write -1 of expected 6291456
08:17:58 ERROR /home/bsc03/bsc03353/forge/src/dispatcher/posix.c:61 139679056471808: r->filehandle = 36, r->size = 6291456, r->offset = 1522532352
08:17:58 ERROR /home/bsc03/bsc03353/forge/src/dispatcher/posix.c:62 139679056471808: single write -1 of expected 6291456
08:18:00 ERROR /home/bsc03/bsc03353/forge/src/dispatcher/posix.c:61 139798102017792: r->filehandle = 36, r->size = 6291456, r->offset = 1925185536
08:18:00 ERROR /home/bsc03/bsc03353/forge/src/dispatcher/posix.c:62 139798102017792: single write -1 of expected 6291456
08:18:03 ERROR /home/bsc03/bsc03353/forge/src/dispatcher/posix.c:61 139698144429824: r->filehandle = 36, r->size = 6291456, r->offset = 849346560
08:18:03 ERROR /home/bsc03/bsc03353/forge/src/dispatcher/posix.c:62 139698144429824: single write -1 of expected 6291456
08:18:07 ERROR /home/bsc03/bsc03353/forge/src/dispatcher/posix.c:61 139685259503360: r->filehandle = 36, r->size = 6291456, r->offset = 830472192
08:18:07 ERROR /home/bsc03/bsc03353/forge/src/dispatcher/posix.c:62 139685259503360: single write -1 of expected 6291456
08:18:09 ERROR /home/bsc03/bsc03353/forge/src/dispatcher/posix.c:61 139708881868544: r->filehandle = 36, r->size = 6291456, r->offset = 824180736
08:18:09 ERROR /home/bsc03/bsc03353/forge/src/dispatcher/posix.c:62 139708881868544: single write -1 of expected 6291456
08:18:11 ERROR /home/bsc03/bsc03353/forge/src/dispatcher/posix.c:61 139672614008576: r->filehandle = 36, r->size = 6291456, r->offset = 1648361472
08:18:11 ERROR /home/bsc03/bsc03353/forge/src/dispatcher/posix.c:62 139672614008576: single write -1 of expected 6291456
08:18:11 ERROR /home/bsc03/bsc03353/forge/src/dispatcher/posix.c:61 140267618559744: r->filehandle = 35, r->size = 6291456, r->offset = 113246208
08:18:11 ERROR /home/bsc03/bsc03353/forge/src/dispatcher/posix.c:62 140267618559744: single write -1 of expected 6291456
08:18:13 ERROR /home/bsc03/bsc03353/forge/src/dispatcher/posix.c:61 139679056471808: r->filehandle = 36, r->size = 6291456, r->offset = 1654652928
08:18:13 ERROR /home/bsc03/bsc03353/forge/src/dispatcher/posix.c:62 139679056471808: single write -1 of expected 6291456
08:18:16 ERROR /home/bsc03/bsc03353/forge/src/dispatcher/posix.c:61 139787364579072: r->filehandle = 36, r->size = 6291456, r->offset = 2126512128
08:18:16 ERROR /home/bsc03/bsc03353/forge/src/dispatcher/posix.c:62 139787364579072: single write -1 of expected 6291456
08:18:18 ERROR /home/bsc03/bsc03353/forge/src/dispatcher/posix.c:61 139685259503360: r->filehandle = 36, r->size = 6291456, r->offset = 1006632960
08:18:18 ERROR /home/bsc03/bsc03353/forge/src/dispatcher/posix.c:61 139674761496320: r->filehandle = 36, r->size = 6291456, r->offset = 1755316224
08:18:18 ERROR /home/bsc03/bsc03353/forge/src/dispatcher/posix.c:62 139685259503360: single write -1 of expected 6291456
08:18:18 ERROR /home/bsc03/bsc03353/forge/src/dispatcher/posix.c:62 139674761496320: single write -1 of expected 6291456
08:18:18 ERROR /home/bsc03/bsc03353/forge/src/dispatcher/posix.c:61 140267618559744: r->filehandle = 35, r->size = 6291456, r->offset = 446693376
08:18:18 ERROR /home/bsc03/bsc03353/forge/src/dispatcher/posix.c:62 140267618559744: single write -1 of expected 6291456
08:18:22 ERROR /home/bsc03/bsc03353/forge/src/dispatcher/posix.c:61 140239701219072: r->filehandle = 35, r->size = 6291456, r->offset = 81788928
08:18:22 ERROR /home/bsc03/bsc03353/forge/src/dispatcher/posix.c:62 140239701219072: single write -1 of expected 6291456
08:18:33 ERROR /home/bsc03/bsc03353/forge/src/dispatcher/posix.c:61 140252586145536: r->filehandle = 35, r->size = 6291456, r->offset = 484442112
08:18:33 ERROR /home/bsc03/bsc03353/forge/src/dispatcher/posix.c:62 140252586145536: single write -1 of expected 6291456
08:18:39 ERROR /home/bsc03/bsc03353/forge/src/dispatcher/posix.c:61 139800249505536: r->filehandle = 36, r->size = 6291456, r->offset = 2044723200
08:18:39 ERROR /home/bsc03/bsc03353/forge/src/dispatcher/posix.c:62 139800249505536: single write -1 of expected 6291456
08:18:40 ERROR /home/bsc03/bsc03353/forge/src/dispatcher/posix.c:61 139708881868544: r->filehandle = 36, r->size = 6291456, r->offset = 1025507328
08:18:40 ERROR /home/bsc03/bsc03353/forge/src/dispatcher/posix.c:62 139708881868544: single write -1 of expected 6291456
08:18:41 ERROR /home/bsc03/bsc03353/forge/src/dispatcher/posix.c:61 139655434106624: r->filehandle = 36, r->size = 6291456, r->offset = 1321205760
08:18:41 ERROR /home/bsc03/bsc03353/forge/src/dispatcher/posix.c:62 139655434106624: single write -1 of expected 6291456
08:18:42 ERROR /home/bsc03/bsc03353/forge/src/dispatcher/posix.c:61 140263323584256: r->filehandle = 35, r->size = 6291456, r->offset = 75497472
08:18:42 ERROR /home/bsc03/bsc03353/forge/src/dispatcher/posix.c:62 140263323584256: single write -1 of expected 6291456
08:18:45 ERROR /home/bsc03/bsc03353/forge/src/dispatcher/posix.c:61 139666171545344: r->filehandle = 36, r->size = 6291456, r->offset = 1283457024
08:18:45 ERROR /home/bsc03/bsc03353/forge/src/dispatcher/posix.c:62 139666171545344: single write -1 of expected 6291456
08:18:51 ERROR /home/bsc03/bsc03353/forge/src/dispatcher/posix.c:61 139791659554560: r->filehandle = 36, r->size = 6291456, r->offset = 2063597568
08:18:51 ERROR /home/bsc03/bsc03353/forge/src/dispatcher/posix.c:62 139791659554560: single write -1 of expected 6291456
08:18:57 ERROR /home/bsc03/bsc03353/forge/src/dispatcher/posix.c:61 139700291917568: r->filehandle = 36, r->size = 6291456, r->offset = 1038090240
08:18:57 ERROR /home/bsc03/bsc03353/forge/src/dispatcher/posix.c:62 139700291917568: single write -1 of expected 6291456
08:19:08 ERROR /home/bsc03/bsc03353/forge/src/dispatcher/posix.c:61 139702439405312: r->filehandle = 36, r->size = 6291456, r->offset = 1189085184
08:19:08 ERROR /home/bsc03/bsc03353/forge/src/dispatcher/posix.c:62 139702439405312: single write -1 of expected 6291456
08:19:10 ERROR /home/bsc03/bsc03353/forge/src/dispatcher/posix.c:61 139676908984064: r->filehandle = 36, r->size = 6291456, r->offset = 1207959552
08:19:10 ERROR /home/bsc03/bsc03353/forge/src/dispatcher/posix.c:62 139676908984064: single write -1 of expected 6291456
08:19:11 ERROR /home/bsc03/bsc03353/forge/src/dispatcher/posix.c:61 140265471072000: r->filehandle = 35, r->size = 6291456, r->offset = 452984832
08:19:11 ERROR /home/bsc03/bsc03353/forge/src/dispatcher/posix.c:62 140265471072000: single write -1 of expected 6291456
08:19:16 ERROR /home/bsc03/bsc03353/forge/src/dispatcher/posix.c:61 139670466520832: r->filehandle = 36, r->size = 6291456, r->offset = 1535115264
08:19:16 ERROR /home/bsc03/bsc03353/forge/src/dispatcher/posix.c:62 139670466520832: single write -1 of expected 6291456
08:19:18 ERROR /home/bsc03/bsc03353/forge/src/dispatcher/posix.c:61 139780922115840: r->filehandle = 36, r->size = 6291456, r->offset = 1994391552
08:19:18 ERROR /home/bsc03/bsc03353/forge/src/dispatcher/posix.c:62 139780922115840: single write -1 of expected 6291456
08:19:18 ERROR /home/bsc03/bsc03353/forge/src/dispatcher/posix.c:61 139785217091328: r->filehandle = 36, r->size = 6291456, r->offset = 2088763392
08:19:18 ERROR /home/bsc03/bsc03353/forge/src/dispatcher/posix.c:62 139785217091328: single write -1 of expected 6291456
08:19:25 ERROR /home/bsc03/bsc03353/forge/src/dispatcher/posix.c:61 140248291170048: r->filehandle = 35, r->size = 6291456, r->offset = 585105408
08:19:25 ERROR /home/bsc03/bsc03353/forge/src/dispatcher/posix.c:62 140248291170048: single write -1 of expected 6291456
08:19:25 ERROR /home/bsc03/bsc03353/forge/src/dispatcher/posix.c:61 139711029356288: r->filehandle = 36, r->size = 6291456, r->offset = 786432000
08:19:25 ERROR /home/bsc03/bsc03353/forge/src/dispatcher/posix.c:62 139711029356288: single write -1 of expected 6291456
08:19:27 ERROR /home/bsc03/bsc03353/forge/src/dispatcher/posix.c:61 140235406243584: r->filehandle = 35, r->size = 6291456, r->offset = 144703488
08:19:27 ERROR /home/bsc03/bsc03353/forge/src/dispatcher/posix.c:62 140235406243584: single write -1 of expected 6291456
08:19:27 ERROR /home/bsc03/bsc03353/forge/src/dispatcher/posix.c:61 140241848706816: r->filehandle = 35, r->size = 6291456, r->offset = 478150656
08:19:27 ERROR /home/bsc03/bsc03353/forge/src/dispatcher/posix.c:62 140241848706816: single write -1 of expected 6291456
08:19:31 ERROR /home/bsc03/bsc03353/forge/src/dispatcher/posix.c:61 140239701219072: r->filehandle = 35, r->size = 6291456, r->offset = 94371840
08:19:31 ERROR /home/bsc03/bsc03353/forge/src/dispatcher/posix.c:62 140239701219072: single write -1 of expected 6291456
08:19:31 ERROR /home/bsc03/bsc03353/forge/src/dispatcher/posix.c:61 139653286618880: r->filehandle = 36, r->size = 6291456, r->offset = 1711276032
08:19:31 ERROR /home/bsc03/bsc03353/forge/src/dispatcher/posix.c:62 139653286618880: single write -1 of expected 6291456
08:19:34 ERROR /home/bsc03/bsc03353/forge/src/dispatcher/posix.c:61 139793807042304: r->filehandle = 36, r->size = 6291456, r->offset = 2113929216
08:19:34 ERROR /home/bsc03/bsc03353/forge/src/dispatcher/posix.c:62 139793807042304: single write -1 of expected 6291456
08:19:37 ERROR /home/bsc03/bsc03353/forge/src/dispatcher/posix.c:61 139789512066816: r->filehandle = 36, r->size = 6291456, r->offset = 1837105152
08:19:37 ERROR /home/bsc03/bsc03353/forge/src/dispatcher/posix.c:62 139789512066816: single write -1 of expected 6291456
08:19:38 ERROR /home/bsc03/bsc03353/forge/src/dispatcher/posix.c:61 139798102017792: r->filehandle = 36, r->size = 6291456, r->offset = 1855979520
08:19:38 ERROR /home/bsc03/bsc03353/forge/src/dispatcher/posix.c:62 139798102017792: single write -1 of expected 6291456
08:19:44 ERROR /home/bsc03/bsc03353/forge/src/dispatcher/posix.c:61 139787364579072: r->filehandle = 36, r->size = 6291456, r->offset = 1811939328
08:19:44 ERROR /home/bsc03/bsc03353/forge/src/dispatcher/posix.c:62 139787364579072: single write -1 of expected 6291456
08:19:45 ERROR /home/bsc03/bsc03353/forge/src/dispatcher/posix.c:61 139768037189376: r->filehandle = 36, r->size = 6291456, r->offset = 2157969408
08:19:45 ERROR /home/bsc03/bsc03353/forge/src/dispatcher/posix.c:62 139768037189376: single write -1 of expected 6291456
08:19:46 ERROR /home/bsc03/bsc03353/forge/src/dispatcher/posix.c:61 139770184677120: r->filehandle = 36, r->size = 6291456, r->offset = 2195718144
08:19:46 ERROR /home/bsc03/bsc03353/forge/src/dispatcher/posix.c:62 139770184677120: single write -1 of expected 6291456
08:19:46 ERROR /home/bsc03/bsc03353/forge/src/dispatcher/posix.c:61 139711029356288: r->filehandle = 36, r->size = 6291456, r->offset = 874512384
08:19:46 ERROR /home/bsc03/bsc03353/forge/src/dispatcher/posix.c:62 139711029356288: single write -1 of expected 6291456
08:19:48 ERROR /home/bsc03/bsc03353/forge/src/dispatcher/posix.c:61 140256881121024: r->filehandle = 35, r->size = 6291456, r->offset = 503316480
08:19:48 ERROR /home/bsc03/bsc03353/forge/src/dispatcher/posix.c:62 140256881121024: single write -1 of expected 6291456
08:19:52 ERROR /home/bsc03/bsc03353/forge/src/dispatcher/posix.c:61 139674761496320: r->filehandle = 36, r->size = 6291456, r->offset = 1780482048
08:19:52 ERROR /home/bsc03/bsc03353/forge/src/dispatcher/posix.c:62 139674761496320: single write -1 of expected 6291456
slurmstepd: error: *** JOB 8730406 ON s10r1b52 CANCELLED AT 2020-02-07T08:19:52 DUE TO TIME LIMIT ***
--------------------------------------------------------------------------
ORTE has lost communication with a remote daemon.

  HNP daemon   : [[5466,0],0] on node s10r1b52
  Remote daemon: [[5466,0],32] on node s21r1b59

This is usually due to either a failure of the TCP network
connection to the node, or possibly an internal failure of
the daemon itself. We cannot recover from this failure, and
therefore will terminate the job.
--------------------------------------------------------------------------
