Set GCC compilers as MPI wrappers backend 
remove impi/2017.4 (PATH, MANPATH, LD_LIBRARY_PATH) 
load openmpi/4.0.2_UCX (PATH, MANPATH, LD_LIBRARY_PATH) 
Set GCC compilers as MPI wrappers backend 
load gsl/2.4 (PATH, LD_LIBRARY_PATH, LIBRARY_PATH, MANPATH, INFOPATH,
C_INCLUDE_PATH, CPLUS_INCLUDE_PATH, PKG_CONFIG_PATH, GSL_DIR) 
13:32:09 INFO  /home/bsc03/bsc03353/forge/src/main.c:107 139694455953472: I/O Forwarding Exploration [START]
Will AGIOS generate trace files? NO
Default scheduling algorithm: TO
TWINS window size: 1000000
Will the Prediction Module read information from trace files? NO
File with access time functions: /home/bsc03/bsc03353/forge/agios/access_times.func
AGIOS thinks its user has stripe size of 32768
Will AGIOS generate trace files? NO
Default scheduling algorithm: TO
TWINS window size: 1000000
Will the Prediction Module read information from trace files? NO
File with access time functions: /home/bsc03/bsc03353/forge/agios/access_times.func
AGIOS thinks its user has stripe size of 32768
Will AGIOS generate trace files? NO
Default scheduling algorithm: TO
TWINS window size: 1000000
Will the Prediction Module read information from trace files? NO
File with access time functions: /home/bsc03/bsc03353/forge/agios/access_times.func
AGIOS thinks its user has stripe size of 32768
Will AGIOS generate trace files? NO
Default scheduling algorithm: TO
TWINS window size: 1000000
Will the Prediction Module read information from trace files? NO
File with access time functions: /home/bsc03/bsc03353/forge/agios/access_times.func
AGIOS thinks its user has stripe size of 32768
13:33:42 ERROR /home/bsc03/bsc03353/forge/src/dispatcher/posix.c:61 140163429472000: r->filehandle = 63, r->size = 8388608, r->offset = 0
13:33:42 ERROR /home/bsc03/bsc03353/forge/src/dispatcher/posix.c:62 140163429472000: single write -1 of expected 8388608
13:33:42 ERROR /home/bsc03/bsc03353/forge/src/dispatcher/posix.c:61 140154839521024: r->filehandle = 66, r->size = 8388608, r->offset = 0
13:33:42 ERROR /home/bsc03/bsc03353/forge/src/dispatcher/posix.c:62 140154839521024: single write -1 of expected 8388608
13:33:43 ERROR /home/bsc03/bsc03353/forge/src/dispatcher/posix.c:61 140167724447488: r->filehandle = 42, r->size = 8388608, r->offset = 0
13:33:43 ERROR /home/bsc03/bsc03353/forge/src/dispatcher/posix.c:62 140167724447488: single write -1 of expected 8388608
13:33:43 ERROR /home/bsc03/bsc03353/forge/src/dispatcher/posix.c:61 139665855850240: r->filehandle = 67, r->size = 8388608, r->offset = 0
13:33:43 ERROR /home/bsc03/bsc03353/forge/src/dispatcher/posix.c:62 139665855850240: single write -1 of expected 8388608
13:33:43 ERROR /home/bsc03/bsc03353/forge/src/dispatcher/posix.c:61 139661560874752: r->filehandle = 62, r->size = 8388608, r->offset = 0
13:33:43 ERROR /home/bsc03/bsc03353/forge/src/dispatcher/posix.c:62 139661560874752: single write -1 of expected 8388608
13:33:44 ERROR /home/bsc03/bsc03353/forge/src/dispatcher/posix.c:61 140595406767872: r->filehandle = 82, r->size = 8388608, r->offset = 0
13:33:44 ERROR /home/bsc03/bsc03353/forge/src/dispatcher/posix.c:62 140595406767872: single write -1 of expected 8388608
13:33:44 ERROR /home/bsc03/bsc03353/forge/src/dispatcher/posix.c:61 140139807106816: r->filehandle = 56, r->size = 8388608, r->offset = 0
13:33:44 ERROR /home/bsc03/bsc03353/forge/src/dispatcher/posix.c:61 139760996947712: r->filehandle = 81, r->size = 8388608, r->offset = 0
13:33:44 ERROR /home/bsc03/bsc03353/forge/src/dispatcher/posix.c:62 140139807106816: single write -1 of expected 8388608
13:33:44 ERROR /home/bsc03/bsc03353/forge/src/dispatcher/posix.c:62 139760996947712: single write -1 of expected 8388608
13:33:45 ERROR /home/bsc03/bsc03353/forge/src/dispatcher/posix.c:61 140167724447488: r->filehandle = 48, r->size = 8388608, r->offset = 0
13:33:45 ERROR /home/bsc03/bsc03353/forge/src/dispatcher/posix.c:62 140167724447488: single write -1 of expected 8388608
13:33:45 ERROR /home/bsc03/bsc03353/forge/src/dispatcher/posix.c:61 139676593288960: r->filehandle = 47, r->size = 8388608, r->offset = 0
13:33:45 ERROR /home/bsc03/bsc03353/forge/src/dispatcher/posix.c:61 140156987008768: r->filehandle = 83, r->size = 8388608, r->offset = 0
13:33:45 ERROR /home/bsc03/bsc03353/forge/src/dispatcher/posix.c:62 140156987008768: single write -1 of expected 8388608
13:33:45 ERROR /home/bsc03/bsc03353/forge/src/dispatcher/posix.c:62 139676593288960: single write -1 of expected 8388608
13:33:46 ERROR /home/bsc03/bsc03353/forge/src/dispatcher/posix.c:61 139683035752192: r->filehandle = 39, r->size = 8388608, r->offset = 0
13:33:46 ERROR /home/bsc03/bsc03353/forge/src/dispatcher/posix.c:62 139683035752192: single write -1 of expected 8388608
13:33:46 ERROR /home/bsc03/bsc03353/forge/src/dispatcher/posix.c:61 139745964533504: r->filehandle = 63, r->size = 8388608, r->offset = 0
13:33:46 ERROR /home/bsc03/bsc03353/forge/src/dispatcher/posix.c:62 139745964533504: single write -1 of expected 8388608
13:33:47 ERROR /home/bsc03/bsc03353/forge/src/dispatcher/posix.c:61 140582521841408: r->filehandle = 72, r->size = 8388608, r->offset = 0
13:33:47 ERROR /home/bsc03/bsc03353/forge/src/dispatcher/posix.c:62 140582521841408: single write -1 of expected 8388608
13:33:47 ERROR /home/bsc03/bsc03353/forge/src/dispatcher/posix.c:61 140576079378176: r->filehandle = 47, r->size = 8388608, r->offset = 0
13:33:47 ERROR /home/bsc03/bsc03353/forge/src/dispatcher/posix.c:62 140576079378176: single write -1 of expected 8388608
13:33:48 ERROR /home/bsc03/bsc03353/forge/src/dispatcher/posix.c:61 139748112021248: r->filehandle = 83, r->size = 8388608, r->offset = 0
13:33:48 ERROR /home/bsc03/bsc03353/forge/src/dispatcher/posix.c:62 139748112021248: single write -1 of expected 8388608
13:33:49 ERROR /home/bsc03/bsc03353/forge/src/dispatcher/posix.c:61 140159134496512: r->filehandle = 80, r->size = 8388608, r->offset = 0
13:33:49 ERROR /home/bsc03/bsc03353/forge/src/dispatcher/posix.c:62 140159134496512: single write -1 of expected 8388608
13:33:49 ERROR /home/bsc03/bsc03353/forge/src/dispatcher/posix.c:61 140591111792384: r->filehandle = 71, r->size = 8388608, r->offset = 0
13:33:49 ERROR /home/bsc03/bsc03353/forge/src/dispatcher/posix.c:62 140591111792384: single write -1 of expected 8388608
13:33:50 ERROR /home/bsc03/bsc03353/forge/src/dispatcher/posix.c:61 139655118411520: r->filehandle = 41, r->size = 8388608, r->offset = 0
13:33:50 ERROR /home/bsc03/bsc03353/forge/src/dispatcher/posix.c:62 139655118411520: single write -1 of expected 8388608
13:33:50 ERROR /home/bsc03/bsc03353/forge/src/dispatcher/posix.c:61 140563194451712: r->filehandle = 67, r->size = 8388608, r->offset = 0
13:33:50 ERROR /home/bsc03/bsc03353/forge/src/dispatcher/posix.c:62 140563194451712: single write -1 of expected 8388608
13:33:51 ERROR /home/bsc03/bsc03353/forge/src/dispatcher/posix.c:61 140156987008768: r->filehandle = 47, r->size = 8388608, r->offset = 0
13:33:51 ERROR /home/bsc03/bsc03353/forge/src/dispatcher/posix.c:62 140156987008768: single write -1 of expected 8388608
13:33:51 ERROR /home/bsc03/bsc03353/forge/src/dispatcher/posix.c:61 140573931890432: r->filehandle = 52, r->size = 8388608, r->offset = 0
13:33:51 ERROR /home/bsc03/bsc03353/forge/src/dispatcher/posix.c:62 140573931890432: single write -1 of expected 8388608
13:33:52 ERROR /home/bsc03/bsc03353/forge/src/dispatcher/posix.c:61 139668003337984: r->filehandle = 83, r->size = 8388608, r->offset = 0
13:33:52 ERROR /home/bsc03/bsc03353/forge/src/dispatcher/posix.c:62 139668003337984: single write -1 of expected 8388608
13:33:52 ERROR /home/bsc03/bsc03353/forge/src/dispatcher/posix.c:61 140588964304640: r->filehandle = 41, r->size = 8388608, r->offset = 0
13:33:52 ERROR /home/bsc03/bsc03353/forge/src/dispatcher/posix.c:62 140588964304640: single write -1 of expected 8388608
13:33:52 ERROR /home/bsc03/bsc03353/forge/src/dispatcher/posix.c:61 140154839521024: r->filehandle = 36, r->size = 8388608, r->offset = 0
13:33:52 ERROR /home/bsc03/bsc03353/forge/src/dispatcher/posix.c:62 140154839521024: single write -1 of expected 8388608
13:33:53 ERROR /home/bsc03/bsc03353/forge/src/dispatcher/posix.c:61 140571784402688: r->filehandle = 83, r->size = 8388608, r->offset = 0
13:33:53 ERROR /home/bsc03/bsc03353/forge/src/dispatcher/posix.c:62 140571784402688: single write -1 of expected 8388608
13:33:53 ERROR /home/bsc03/bsc03353/forge/src/dispatcher/posix.c:61 140567489427200: r->filehandle = 75, r->size = 8388608, r->offset = 0
13:33:53 ERROR /home/bsc03/bsc03353/forge/src/dispatcher/posix.c:62 140567489427200: single write -1 of expected 8388608
13:33:53 ERROR /home/bsc03/bsc03353/forge/src/dispatcher/posix.c:61 139657265899264: r->filehandle = 35, r->size = 8388608, r->offset = 0
13:33:53 ERROR /home/bsc03/bsc03353/forge/src/dispatcher/posix.c:61 140163429472000: r->filehandle = 37, r->size = 8388608, r->offset = 0
13:33:53 ERROR /home/bsc03/bsc03353/forge/src/dispatcher/posix.c:62 139657265899264: single write -1 of expected 8388608
13:33:53 ERROR /home/bsc03/bsc03353/forge/src/dispatcher/posix.c:62 140163429472000: single write -1 of expected 8388608
13:33:54 ERROR /home/bsc03/bsc03353/forge/src/dispatcher/posix.c:61 139758849459968: r->filehandle = 59, r->size = 8388608, r->offset = 0
13:33:54 ERROR /home/bsc03/bsc03353/forge/src/dispatcher/posix.c:62 139758849459968: single write -1 of expected 8388608
13:33:55 ERROR /home/bsc03/bsc03353/forge/src/dispatcher/posix.c:61 139754554484480: r->filehandle = 75, r->size = 8388608, r->offset = 0
13:33:55 ERROR /home/bsc03/bsc03353/forge/src/dispatcher/posix.c:62 139754554484480: single write -1 of expected 8388608
13:33:56 ERROR /home/bsc03/bsc03353/forge/src/dispatcher/posix.c:61 140593259280128: r->filehandle = 80, r->size = 8388608, r->offset = 0
13:33:56 ERROR /home/bsc03/bsc03353/forge/src/dispatcher/posix.c:61 140159134496512: r->filehandle = 39, r->size = 8388608, r->offset = 0
13:33:56 ERROR /home/bsc03/bsc03353/forge/src/dispatcher/posix.c:62 140593259280128: single write -1 of expected 8388608
13:33:56 ERROR /home/bsc03/bsc03353/forge/src/dispatcher/posix.c:62 140159134496512: single write -1 of expected 8388608
13:33:56 ERROR /home/bsc03/bsc03353/forge/src/dispatcher/posix.c:61 139765291923200: r->filehandle = 67, r->size = 8388608, r->offset = 0
13:33:56 ERROR /home/bsc03/bsc03353/forge/src/dispatcher/posix.c:62 139765291923200: single write -1 of expected 8388608
13:33:56 ERROR /home/bsc03/bsc03353/forge/src/dispatcher/posix.c:61 140139807106816: r->filehandle = 45, r->size = 8388608, r->offset = 0
13:33:56 ERROR /home/bsc03/bsc03353/forge/src/dispatcher/posix.c:62 140139807106816: single write -1 of expected 8388608
13:33:56 ERROR /home/bsc03/bsc03353/forge/src/dispatcher/posix.c:61 139661560874752: r->filehandle = 36, r->size = 8388608, r->offset = 0
13:33:56 ERROR /home/bsc03/bsc03353/forge/src/dispatcher/posix.c:62 139661560874752: single write -1 of expected 8388608
13:33:57 ERROR /home/bsc03/bsc03353/forge/src/dispatcher/posix.c:61 140573931890432: r->filehandle = 42, r->size = 8388608, r->offset = 0
13:33:57 ERROR /home/bsc03/bsc03353/forge/src/dispatcher/posix.c:62 140573931890432: single write -1 of expected 8388608
13:33:58 ERROR /home/bsc03/bsc03353/forge/src/dispatcher/posix.c:61 140163429472000: r->filehandle = 40, r->size = 8388608, r->offset = 0
13:33:58 ERROR /home/bsc03/bsc03353/forge/src/dispatcher/posix.c:62 140163429472000: single write -1 of expected 8388608
13:33:59 ERROR /home/bsc03/bsc03353/forge/src/dispatcher/posix.c:61 140588964304640: r->filehandle = 40, r->size = 8388608, r->offset = 0
13:33:59 ERROR /home/bsc03/bsc03353/forge/src/dispatcher/posix.c:62 140588964304640: single write -1 of expected 8388608
13:34:00 ERROR /home/bsc03/bsc03353/forge/src/dispatcher/posix.c:61 140595406767872: r->filehandle = 36, r->size = 8388608, r->offset = 0
13:34:00 ERROR /home/bsc03/bsc03353/forge/src/dispatcher/posix.c:62 140595406767872: single write -1 of expected 8388608
13:34:00 ERROR /home/bsc03/bsc03353/forge/src/dispatcher/posix.c:61 139670150825728: r->filehandle = 50, r->size = 8388608, r->offset = 0
13:34:00 ERROR /home/bsc03/bsc03353/forge/src/dispatcher/posix.c:62 139670150825728: single write -1 of expected 8388608
13:34:00 ERROR /home/bsc03/bsc03353/forge/src/dispatcher/posix.c:61 140582521841408: r->filehandle = 43, r->size = 8388608, r->offset = 0
13:34:00 ERROR /home/bsc03/bsc03353/forge/src/dispatcher/posix.c:61 139752406996736: r->filehandle = 43, r->size = 8388608, r->offset = 0
13:34:00 ERROR /home/bsc03/bsc03353/forge/src/dispatcher/posix.c:62 140582521841408: single write -1 of expected 8388608
13:34:00 ERROR /home/bsc03/bsc03353/forge/src/dispatcher/posix.c:62 139752406996736: single write -1 of expected 8388608
13:34:01 ERROR /home/bsc03/bsc03353/forge/src/dispatcher/posix.c:61 140150544545536: r->filehandle = 78, r->size = 8388608, r->offset = 0
13:34:01 ERROR /home/bsc03/bsc03353/forge/src/dispatcher/posix.c:62 140150544545536: single write -1 of expected 8388608
13:34:01 ERROR /home/bsc03/bsc03353/forge/src/dispatcher/posix.c:61 139659413387008: r->filehandle = 38, r->size = 8388608, r->offset = 0
13:34:01 ERROR /home/bsc03/bsc03353/forge/src/dispatcher/posix.c:62 139659413387008: single write -1 of expected 8388608
13:34:01 ERROR /home/bsc03/bsc03353/forge/src/dispatcher/posix.c:61 139745964533504: r->filehandle = 48, r->size = 8388608, r->offset = 0
13:34:01 ERROR /home/bsc03/bsc03353/forge/src/dispatcher/posix.c:62 139745964533504: single write -1 of expected 8388608
13:34:02 ERROR /home/bsc03/bsc03353/forge/src/dispatcher/posix.c:61 139665855850240: r->filehandle = 61, r->size = 8388608, r->offset = 0
13:34:02 ERROR /home/bsc03/bsc03353/forge/src/dispatcher/posix.c:61 140580374353664: r->filehandle = 76, r->size = 8388608, r->offset = 0
13:34:02 ERROR /home/bsc03/bsc03353/forge/src/dispatcher/posix.c:62 139665855850240: single write -1 of expected 8388608
13:34:02 ERROR /home/bsc03/bsc03353/forge/src/dispatcher/posix.c:62 140580374353664: single write -1 of expected 8388608
13:34:02 ERROR /home/bsc03/bsc03353/forge/src/dispatcher/posix.c:61 140565341939456: r->filehandle = 62, r->size = 8388608, r->offset = 0
13:34:02 ERROR /home/bsc03/bsc03353/forge/src/dispatcher/posix.c:62 140565341939456: single write -1 of expected 8388608
13:34:03 ERROR /home/bsc03/bsc03353/forge/src/dispatcher/posix.c:61 140569636914944: r->filehandle = 59, r->size = 8388608, r->offset = 0
13:34:03 ERROR /home/bsc03/bsc03353/forge/src/dispatcher/posix.c:62 140569636914944: single write -1 of expected 8388608
13:34:03 ERROR /home/bsc03/bsc03353/forge/src/dispatcher/posix.c:61 139741669558016: r->filehandle = 47, r->size = 8388608, r->offset = 0
13:34:03 ERROR /home/bsc03/bsc03353/forge/src/dispatcher/posix.c:62 139741669558016: single write -1 of expected 8388608
13:34:04 ERROR /home/bsc03/bsc03353/forge/src/dispatcher/posix.c:61 139758849459968: r->filehandle = 42, r->size = 8388608, r->offset = 0
13:34:04 ERROR /home/bsc03/bsc03353/forge/src/dispatcher/posix.c:62 139758849459968: single write -1 of expected 8388608
13:34:04 ERROR /home/bsc03/bsc03353/forge/src/dispatcher/posix.c:61 140580374353664: r->filehandle = 57, r->size = 8388608, r->offset = 0
13:34:04 ERROR /home/bsc03/bsc03353/forge/src/dispatcher/posix.c:62 140580374353664: single write -1 of expected 8388608
13:34:04 ERROR /home/bsc03/bsc03353/forge/src/dispatcher/posix.c:61 139735227094784: r->filehandle = 70, r->size = 8388608, r->offset = 0
13:34:04 ERROR /home/bsc03/bsc03353/forge/src/dispatcher/posix.c:62 139735227094784: single write -1 of expected 8388608
13:34:05 ERROR /home/bsc03/bsc03353/forge/src/dispatcher/posix.c:61 139687330727680: r->filehandle = 56, r->size = 8388608, r->offset = 0
13:34:05 ERROR /home/bsc03/bsc03353/forge/src/dispatcher/posix.c:61 139763144435456: r->filehandle = 60, r->size = 8388608, r->offset = 0
13:34:05 ERROR /home/bsc03/bsc03353/forge/src/dispatcher/posix.c:62 139763144435456: single write -1 of expected 8388608
13:34:05 ERROR /home/bsc03/bsc03353/forge/src/dispatcher/posix.c:62 139687330727680: single write -1 of expected 8388608
13:34:06 ERROR /home/bsc03/bsc03353/forge/src/dispatcher/posix.c:61 139665855850240: r->filehandle = 43, r->size = 8388608, r->offset = 0
13:34:06 ERROR /home/bsc03/bsc03353/forge/src/dispatcher/posix.c:62 139665855850240: single write -1 of expected 8388608
13:34:07 ERROR /home/bsc03/bsc03353/forge/src/dispatcher/posix.c:61 139672298313472: r->filehandle = 82, r->size = 8388608, r->offset = 0
13:34:07 ERROR /home/bsc03/bsc03353/forge/src/dispatcher/posix.c:62 139672298313472: single write -1 of expected 8388608
13:34:07 ERROR /home/bsc03/bsc03353/forge/src/dispatcher/posix.c:61 139741669558016: r->filehandle = 38, r->size = 8388608, r->offset = 0
13:34:07 ERROR /home/bsc03/bsc03353/forge/src/dispatcher/posix.c:62 139741669558016: single write -1 of expected 8388608
13:34:07 ERROR /home/bsc03/bsc03353/forge/src/dispatcher/posix.c:61 140144102082304: r->filehandle = 81, r->size = 8388608, r->offset = 0
13:34:07 ERROR /home/bsc03/bsc03353/forge/src/dispatcher/posix.c:62 140144102082304: single write -1 of expected 8388608
13:34:09 ERROR /home/bsc03/bsc03353/forge/src/dispatcher/posix.c:61 139683035752192: r->filehandle = 66, r->size = 8388608, r->offset = 0
13:34:09 ERROR /home/bsc03/bsc03353/forge/src/dispatcher/posix.c:61 140586816816896: r->filehandle = 46, r->size = 8388608, r->offset = 0
13:34:09 ERROR /home/bsc03/bsc03353/forge/src/dispatcher/posix.c:61 140152692033280: r->filehandle = 60, r->size = 8388608, r->offset = 0
13:34:09 ERROR /home/bsc03/bsc03353/forge/src/dispatcher/posix.c:62 140152692033280: single write -1 of expected 8388608
13:34:09 ERROR /home/bsc03/bsc03353/forge/src/dispatcher/posix.c:62 139683035752192: single write -1 of expected 8388608
13:34:09 ERROR /home/bsc03/bsc03353/forge/src/dispatcher/posix.c:62 140586816816896: single write -1 of expected 8388608
13:34:09 ERROR /home/bsc03/bsc03353/forge/src/dispatcher/posix.c:61 140578226865920: r->filehandle = 65, r->size = 8388608, r->offset = 0
13:34:09 ERROR /home/bsc03/bsc03353/forge/src/dispatcher/posix.c:62 140578226865920: single write -1 of expected 8388608
13:34:10 ERROR /home/bsc03/bsc03353/forge/src/dispatcher/posix.c:61 139687330727680: r->filehandle = 58, r->size = 8388608, r->offset = 0
13:34:10 ERROR /home/bsc03/bsc03353/forge/src/dispatcher/posix.c:61 140591111792384: r->filehandle = 48, r->size = 8388608, r->offset = 0
13:34:10 ERROR /home/bsc03/bsc03353/forge/src/dispatcher/posix.c:62 140591111792384: single write -1 of expected 8388608
13:34:10 ERROR /home/bsc03/bsc03353/forge/src/dispatcher/posix.c:62 139687330727680: single write -1 of expected 8388608
13:34:10 ERROR /home/bsc03/bsc03353/forge/src/dispatcher/posix.c:61 140580374353664: r->filehandle = 37, r->size = 8388608, r->offset = 0
13:34:10 ERROR /home/bsc03/bsc03353/forge/src/dispatcher/posix.c:62 140580374353664: single write -1 of expected 8388608
13:34:11 ERROR /home/bsc03/bsc03353/forge/src/dispatcher/posix.c:61 140156987008768: r->filehandle = 65, r->size = 8388608, r->offset = 0
13:34:11 ERROR /home/bsc03/bsc03353/forge/src/dispatcher/posix.c:62 140156987008768: single write -1 of expected 8388608
13:34:12 ERROR /home/bsc03/bsc03353/forge/src/dispatcher/posix.c:61 139678740776704: r->filehandle = 79, r->size = 8388608, r->offset = 0
13:34:12 ERROR /home/bsc03/bsc03353/forge/src/dispatcher/posix.c:61 140571784402688: r->filehandle = 81, r->size = 8388608, r->offset = 0
13:34:12 ERROR /home/bsc03/bsc03353/forge/src/dispatcher/posix.c:62 140571784402688: single write -1 of expected 8388608
13:34:12 ERROR /home/bsc03/bsc03353/forge/src/dispatcher/posix.c:62 139678740776704: single write -1 of expected 8388608
13:34:12 ERROR /home/bsc03/bsc03353/forge/src/dispatcher/posix.c:61 140154839521024: r->filehandle = 38, r->size = 8388608, r->offset = 0
13:34:12 ERROR /home/bsc03/bsc03353/forge/src/dispatcher/posix.c:62 140154839521024: single write -1 of expected 8388608
13:34:13 ERROR /home/bsc03/bsc03353/forge/src/dispatcher/posix.c:61 140165576959744: r->filehandle = 79, r->size = 8388608, r->offset = 0
13:34:13 ERROR /home/bsc03/bsc03353/forge/src/dispatcher/posix.c:62 140165576959744: single write -1 of expected 8388608
13:34:13 ERROR /home/bsc03/bsc03353/forge/src/dispatcher/posix.c:61 139748112021248: r->filehandle = 79, r->size = 8388608, r->offset = 0
13:34:13 ERROR /home/bsc03/bsc03353/forge/src/dispatcher/posix.c:62 139748112021248: single write -1 of expected 8388608
13:34:14 ERROR /home/bsc03/bsc03353/forge/src/dispatcher/posix.c:61 140584669329152: r->filehandle = 39, r->size = 8388608, r->offset = 0
13:34:14 ERROR /home/bsc03/bsc03353/forge/src/dispatcher/posix.c:62 140584669329152: single write -1 of expected 8388608
13:34:14 ERROR /home/bsc03/bsc03353/forge/src/dispatcher/posix.c:61 139756701972224: r->filehandle = 74, r->size = 8388608, r->offset = 0
13:34:14 ERROR /home/bsc03/bsc03353/forge/src/dispatcher/posix.c:62 139756701972224: single write -1 of expected 8388608
13:34:14 ERROR /home/bsc03/bsc03353/forge/src/dispatcher/posix.c:61 139663708362496: r->filehandle = 74, r->size = 8388608, r->offset = 0
13:34:14 ERROR /home/bsc03/bsc03353/forge/src/dispatcher/posix.c:61 140567489427200: r->filehandle = 68, r->size = 8388608, r->offset = 0
13:34:14 ERROR /home/bsc03/bsc03353/forge/src/dispatcher/posix.c:62 140567489427200: single write -1 of expected 8388608
13:34:14 ERROR /home/bsc03/bsc03353/forge/src/dispatcher/posix.c:62 139663708362496: single write -1 of expected 8388608
13:34:14 ERROR /home/bsc03/bsc03353/forge/src/dispatcher/posix.c:61 140161281984256: r->filehandle = 73, r->size = 8388608, r->offset = 0
13:34:14 ERROR /home/bsc03/bsc03353/forge/src/dispatcher/posix.c:62 140161281984256: single write -1 of expected 8388608
13:34:15 ERROR /home/bsc03/bsc03353/forge/src/dispatcher/posix.c:61 140135512131328: r->filehandle = 82, r->size = 8388608, r->offset = 0
13:34:15 ERROR /home/bsc03/bsc03353/forge/src/dispatcher/posix.c:62 140135512131328: single write -1 of expected 8388608
13:34:16 ERROR /home/bsc03/bsc03353/forge/src/dispatcher/posix.c:61 140139807106816: r->filehandle = 41, r->size = 8388608, r->offset = 0
13:34:16 ERROR /home/bsc03/bsc03353/forge/src/dispatcher/posix.c:62 140139807106816: single write -1 of expected 8388608
13:34:16 ERROR /home/bsc03/bsc03353/forge/src/dispatcher/posix.c:61 139683035752192: r->filehandle = 42, r->size = 8388608, r->offset = 0
13:34:16 ERROR /home/bsc03/bsc03353/forge/src/dispatcher/posix.c:62 139683035752192: single write -1 of expected 8388608
13:34:17 ERROR /home/bsc03/bsc03353/forge/src/dispatcher/posix.c:61 139668003337984: r->filehandle = 52, r->size = 8388608, r->offset = 0
13:34:17 ERROR /home/bsc03/bsc03353/forge/src/dispatcher/posix.c:62 139668003337984: single write -1 of expected 8388608
13:34:17 ERROR /home/bsc03/bsc03353/forge/src/dispatcher/posix.c:61 140152692033280: r->filehandle = 67, r->size = 8388608, r->offset = 0
13:34:17 ERROR /home/bsc03/bsc03353/forge/src/dispatcher/posix.c:62 140152692033280: single write -1 of expected 8388608
13:34:17 ERROR /home/bsc03/bsc03353/forge/src/dispatcher/posix.c:61 140137659619072: r->filehandle = 75, r->size = 8388608, r->offset = 0
13:34:17 ERROR /home/bsc03/bsc03353/forge/src/dispatcher/posix.c:62 140137659619072: single write -1 of expected 8388608
13:34:17 ERROR /home/bsc03/bsc03353/forge/src/dispatcher/posix.c:61 139676593288960: r->filehandle = 49, r->size = 8388608, r->offset = 0
13:34:17 ERROR /home/bsc03/bsc03353/forge/src/dispatcher/posix.c:62 139676593288960: single write -1 of expected 8388608
13:34:17 ERROR /home/bsc03/bsc03353/forge/src/dispatcher/posix.c:61 140135512131328: r->filehandle = 64, r->size = 8388608, r->offset = 0
13:34:17 ERROR /home/bsc03/bsc03353/forge/src/dispatcher/posix.c:62 140135512131328: single write -1 of expected 8388608
13:34:18 ERROR /home/bsc03/bsc03353/forge/src/dispatcher/posix.c:61 139655118411520: r->filehandle = 78, r->size = 8388608, r->offset = 0
13:34:18 ERROR /home/bsc03/bsc03353/forge/src/dispatcher/posix.c:62 139655118411520: single write -1 of expected 8388608
13:34:18 ERROR /home/bsc03/bsc03353/forge/src/dispatcher/posix.c:61 139685183239936: r->filehandle = 76, r->size = 8388608, r->offset = 0
13:34:18 ERROR /home/bsc03/bsc03353/forge/src/dispatcher/posix.c:61 140582521841408: r->filehandle = 64, r->size = 8388608, r->offset = 0
13:34:18 ERROR /home/bsc03/bsc03353/forge/src/dispatcher/posix.c:61 140165576959744: r->filehandle = 57, r->size = 8388608, r->offset = 0
13:34:18 ERROR /home/bsc03/bsc03353/forge/src/dispatcher/posix.c:62 139685183239936: single write -1 of expected 8388608
13:34:18 ERROR /home/bsc03/bsc03353/forge/src/dispatcher/posix.c:62 140582521841408: single write -1 of expected 8388608
13:34:18 ERROR /home/bsc03/bsc03353/forge/src/dispatcher/posix.c:62 140165576959744: single write -1 of expected 8388608
13:34:19 ERROR /home/bsc03/bsc03353/forge/src/dispatcher/posix.c:61 139739522070272: r->filehandle = 53, r->size = 8388608, r->offset = 0
13:34:19 ERROR /home/bsc03/bsc03353/forge/src/dispatcher/posix.c:62 139739522070272: single write -1 of expected 8388608
13:34:20 ERROR /home/bsc03/bsc03353/forge/src/dispatcher/posix.c:61 139752406996736: r->filehandle = 69, r->size = 8388608, r->offset = 0
13:34:20 ERROR /home/bsc03/bsc03353/forge/src/dispatcher/posix.c:62 139752406996736: single write -1 of expected 8388608
13:34:20 ERROR /home/bsc03/bsc03353/forge/src/dispatcher/posix.c:61 140588964304640: r->filehandle = 53, r->size = 8388608, r->offset = 0
13:34:20 ERROR /home/bsc03/bsc03353/forge/src/dispatcher/posix.c:62 140588964304640: single write -1 of expected 8388608
13:34:20 ERROR /home/bsc03/bsc03353/forge/src/dispatcher/posix.c:61 139661560874752: r->filehandle = 51, r->size = 8388608, r->offset = 0
13:34:20 ERROR /home/bsc03/bsc03353/forge/src/dispatcher/posix.c:62 139661560874752: single write -1 of expected 8388608
13:34:21 ERROR /home/bsc03/bsc03353/forge/src/dispatcher/posix.c:61 139670150825728: r->filehandle = 48, r->size = 8388608, r->offset = 0
13:34:21 ERROR /home/bsc03/bsc03353/forge/src/dispatcher/posix.c:62 139670150825728: single write -1 of expected 8388608
13:34:22 ERROR /home/bsc03/bsc03353/forge/src/dispatcher/posix.c:61 140569636914944: r->filehandle = 45, r->size = 8388608, r->offset = 0
13:34:22 ERROR /home/bsc03/bsc03353/forge/src/dispatcher/posix.c:61 140146249570048: r->filehandle = 58, r->size = 8388608, r->offset = 0
13:34:22 ERROR /home/bsc03/bsc03353/forge/src/dispatcher/posix.c:62 140569636914944: single write -1 of expected 8388608
13:34:22 ERROR /home/bsc03/bsc03353/forge/src/dispatcher/posix.c:62 140146249570048: single write -1 of expected 8388608
13:34:22 ERROR /home/bsc03/bsc03353/forge/src/dispatcher/posix.c:61 139676593288960: r->filehandle = 81, r->size = 8388608, r->offset = 0
13:34:22 ERROR /home/bsc03/bsc03353/forge/src/dispatcher/posix.c:62 139676593288960: single write -1 of expected 8388608
13:34:22 ERROR /home/bsc03/bsc03353/forge/src/dispatcher/posix.c:61 139765291923200: r->filehandle = 82, r->size = 8388608, r->offset = 0
13:34:22 ERROR /home/bsc03/bsc03353/forge/src/dispatcher/posix.c:62 139765291923200: single write -1 of expected 8388608
13:34:23 ERROR /home/bsc03/bsc03353/forge/src/dispatcher/posix.c:61 140144102082304: r->filehandle = 70, r->size = 8388608, r->offset = 0
13:34:23 ERROR /home/bsc03/bsc03353/forge/src/dispatcher/posix.c:62 140144102082304: single write -1 of expected 8388608
13:34:23 ERROR /home/bsc03/bsc03353/forge/src/dispatcher/posix.c:61 139674445801216: r->filehandle = 70, r->size = 8388608, r->offset = 0
13:34:23 ERROR /home/bsc03/bsc03353/forge/src/dispatcher/posix.c:61 139735227094784: r->filehandle = 57, r->size = 8388608, r->offset = 0
13:34:23 ERROR /home/bsc03/bsc03353/forge/src/dispatcher/posix.c:62 139735227094784: single write -1 of expected 8388608
13:34:23 ERROR /home/bsc03/bsc03353/forge/src/dispatcher/posix.c:62 139674445801216: single write -1 of expected 8388608
13:34:24 ERROR /home/bsc03/bsc03353/forge/src/dispatcher/posix.c:61 140591111792384: r->filehandle = 49, r->size = 8388608, r->offset = 0
13:34:24 ERROR /home/bsc03/bsc03353/forge/src/dispatcher/posix.c:61 140159134496512: r->filehandle = 43, r->size = 8388608, r->offset = 0
13:34:24 ERROR /home/bsc03/bsc03353/forge/src/dispatcher/posix.c:61 139767439410944: r->filehandle = 39, r->size = 8388608, r->offset = 0
13:34:24 ERROR /home/bsc03/bsc03353/forge/src/dispatcher/posix.c:62 140591111792384: single write -1 of expected 8388608
13:34:24 ERROR /home/bsc03/bsc03353/forge/src/dispatcher/posix.c:62 140159134496512: single write -1 of expected 8388608
13:34:24 ERROR /home/bsc03/bsc03353/forge/src/dispatcher/posix.c:62 139767439410944: single write -1 of expected 8388608
13:34:24 ERROR /home/bsc03/bsc03353/forge/src/dispatcher/posix.c:61 139737374582528: r->filehandle = 66, r->size = 8388608, r->offset = 0
13:34:24 ERROR /home/bsc03/bsc03353/forge/src/dispatcher/posix.c:62 139737374582528: single write -1 of expected 8388608
13:34:25 ERROR /home/bsc03/bsc03353/forge/src/dispatcher/posix.c:61 140165576959744: r->filehandle = 71, r->size = 8388608, r->offset = 0
13:34:25 ERROR /home/bsc03/bsc03353/forge/src/dispatcher/posix.c:61 139763144435456: r->filehandle = 37, r->size = 8388608, r->offset = 0
13:34:25 ERROR /home/bsc03/bsc03353/forge/src/dispatcher/posix.c:62 139763144435456: single write -1 of expected 8388608
13:34:25 ERROR /home/bsc03/bsc03353/forge/src/dispatcher/posix.c:62 140165576959744: single write -1 of expected 8388608
13:34:26 ERROR /home/bsc03/bsc03353/forge/src/dispatcher/posix.c:61 140150544545536: r->filehandle = 77, r->size = 8388608, r->offset = 0
13:34:26 ERROR /home/bsc03/bsc03353/forge/src/dispatcher/posix.c:62 140150544545536: single write -1 of expected 8388608
13:34:26 ERROR /home/bsc03/bsc03353/forge/src/dispatcher/posix.c:61 139683035752192: r->filehandle = 60, r->size = 8388608, r->offset = 0
13:34:26 ERROR /home/bsc03/bsc03353/forge/src/dispatcher/posix.c:61 140163429472000: r->filehandle = 69, r->size = 8388608, r->offset = 0
13:34:26 ERROR /home/bsc03/bsc03353/forge/src/dispatcher/posix.c:62 140163429472000: single write -1 of expected 8388608
13:34:26 ERROR /home/bsc03/bsc03353/forge/src/dispatcher/posix.c:61 139743817045760: r->filehandle = 51, r->size = 8388608, r->offset = 0
13:34:26 ERROR /home/bsc03/bsc03353/forge/src/dispatcher/posix.c:62 139743817045760: single write -1 of expected 8388608
13:34:26 ERROR /home/bsc03/bsc03353/forge/src/dispatcher/posix.c:62 139683035752192: single write -1 of expected 8388608
13:34:27 ERROR /home/bsc03/bsc03353/forge/src/dispatcher/posix.c:61 140146249570048: r->filehandle = 44, r->size = 8388608, r->offset = 0
13:34:27 ERROR /home/bsc03/bsc03353/forge/src/dispatcher/posix.c:62 140146249570048: single write -1 of expected 8388608
13:34:27 ERROR /home/bsc03/bsc03353/forge/src/dispatcher/posix.c:61 140567489427200: r->filehandle = 50, r->size = 8388608, r->offset = 0
13:34:27 ERROR /home/bsc03/bsc03353/forge/src/dispatcher/posix.c:62 140567489427200: single write -1 of expected 8388608
13:34:28 ERROR /home/bsc03/bsc03353/forge/src/dispatcher/posix.c:61 139745964533504: r->filehandle = 44, r->size = 8388608, r->offset = 0
13:34:28 ERROR /home/bsc03/bsc03353/forge/src/dispatcher/posix.c:62 139745964533504: single write -1 of expected 8388608
13:34:28 ERROR /home/bsc03/bsc03353/forge/src/dispatcher/posix.c:61 140580374353664: r->filehandle = 55, r->size = 8388608, r->offset = 0
13:34:28 ERROR /home/bsc03/bsc03353/forge/src/dispatcher/posix.c:62 140580374353664: single write -1 of expected 8388608
13:34:29 ERROR /home/bsc03/bsc03353/forge/src/dispatcher/posix.c:61 140591111792384: r->filehandle = 79, r->size = 8388608, r->offset = 0
13:34:29 ERROR /home/bsc03/bsc03353/forge/src/dispatcher/posix.c:61 139741669558016: r->filehandle = 36, r->size = 8388608, r->offset = 0
13:34:29 ERROR /home/bsc03/bsc03353/forge/src/dispatcher/posix.c:61 140141954594560: r->filehandle = 55, r->size = 8388608, r->offset = 0
13:34:29 ERROR /home/bsc03/bsc03353/forge/src/dispatcher/posix.c:62 140591111792384: single write -1 of expected 8388608
13:34:29 ERROR /home/bsc03/bsc03353/forge/src/dispatcher/posix.c:62 139741669558016: single write -1 of expected 8388608
13:34:29 ERROR /home/bsc03/bsc03353/forge/src/dispatcher/posix.c:62 140141954594560: single write -1 of expected 8388608
13:34:29 ERROR /home/bsc03/bsc03353/forge/src/dispatcher/posix.c:61 139672298313472: r->filehandle = 53, r->size = 8388608, r->offset = 0
13:34:29 ERROR /home/bsc03/bsc03353/forge/src/dispatcher/posix.c:62 139672298313472: single write -1 of expected 8388608
13:34:30 ERROR /home/bsc03/bsc03353/forge/src/dispatcher/posix.c:61 140165576959744: r->filehandle = 46, r->size = 8388608, r->offset = 0
13:34:30 ERROR /home/bsc03/bsc03353/forge/src/dispatcher/posix.c:62 140165576959744: single write -1 of expected 8388608
13:34:31 ERROR /home/bsc03/bsc03353/forge/src/dispatcher/posix.c:61 139745964533504: r->filehandle = 50, r->size = 8388608, r->offset = 0
13:34:31 ERROR /home/bsc03/bsc03353/forge/src/dispatcher/posix.c:62 139745964533504: single write -1 of expected 8388608
13:34:31 ERROR /home/bsc03/bsc03353/forge/src/dispatcher/posix.c:61 139685183239936: r->filehandle = 65, r->size = 8388608, r->offset = 0
13:34:31 ERROR /home/bsc03/bsc03353/forge/src/dispatcher/posix.c:61 140569636914944: r->filehandle = 44, r->size = 8388608, r->offset = 0
13:34:31 ERROR /home/bsc03/bsc03353/forge/src/dispatcher/posix.c:61 140161281984256: r->filehandle = 50, r->size = 8388608, r->offset = 0
13:34:31 ERROR /home/bsc03/bsc03353/forge/src/dispatcher/posix.c:62 140569636914944: single write -1 of expected 8388608
13:34:31 ERROR /home/bsc03/bsc03353/forge/src/dispatcher/posix.c:62 139685183239936: single write -1 of expected 8388608
13:34:31 ERROR /home/bsc03/bsc03353/forge/src/dispatcher/posix.c:62 140161281984256: single write -1 of expected 8388608
13:34:32 ERROR /home/bsc03/bsc03353/forge/src/dispatcher/posix.c:61 139739522070272: r->filehandle = 68, r->size = 8388608, r->offset = 0
13:34:32 ERROR /home/bsc03/bsc03353/forge/src/dispatcher/posix.c:62 139739522070272: single write -1 of expected 8388608
13:34:32 ERROR /home/bsc03/bsc03353/forge/src/dispatcher/posix.c:61 140586816816896: r->filehandle = 78, r->size = 8388608, r->offset = 0
13:34:32 ERROR /home/bsc03/bsc03353/forge/src/dispatcher/posix.c:61 139670150825728: r->filehandle = 64, r->size = 8388608, r->offset = 0
13:34:32 ERROR /home/bsc03/bsc03353/forge/src/dispatcher/posix.c:62 140586816816896: single write -1 of expected 8388608
13:34:32 ERROR /home/bsc03/bsc03353/forge/src/dispatcher/posix.c:62 139670150825728: single write -1 of expected 8388608
13:34:33 ERROR /home/bsc03/bsc03353/forge/src/dispatcher/posix.c:61 139741669558016: r->filehandle = 56, r->size = 8388608, r->offset = 0
13:34:33 ERROR /home/bsc03/bsc03353/forge/src/dispatcher/posix.c:62 139741669558016: single write -1 of expected 8388608
13:34:33 ERROR /home/bsc03/bsc03353/forge/src/dispatcher/posix.c:61 139760996947712: r->filehandle = 49, r->size = 8388608, r->offset = 0
13:34:33 ERROR /home/bsc03/bsc03353/forge/src/dispatcher/posix.c:62 139760996947712: single write -1 of expected 8388608
13:34:34 ERROR /home/bsc03/bsc03353/forge/src/dispatcher/posix.c:61 140139807106816: r->filehandle = 76, r->size = 8388608, r->offset = 0
13:34:34 ERROR /home/bsc03/bsc03353/forge/src/dispatcher/posix.c:62 140139807106816: single write -1 of expected 8388608
13:34:34 ERROR /home/bsc03/bsc03353/forge/src/dispatcher/posix.c:61 140578226865920: r->filehandle = 58, r->size = 8388608, r->offset = 0
13:34:34 ERROR /home/bsc03/bsc03353/forge/src/dispatcher/posix.c:62 140578226865920: single write -1 of expected 8388608
13:34:34 ERROR /home/bsc03/bsc03353/forge/src/dispatcher/posix.c:61 140591111792384: r->filehandle = 70, r->size = 8388608, r->offset = 0
13:34:34 ERROR /home/bsc03/bsc03353/forge/src/dispatcher/posix.c:62 140591111792384: single write -1 of expected 8388608
13:34:35 ERROR /home/bsc03/bsc03353/forge/src/dispatcher/posix.c:61 140144102082304: r->filehandle = 72, r->size = 8388608, r->offset = 0
13:34:35 ERROR /home/bsc03/bsc03353/forge/src/dispatcher/posix.c:62 140144102082304: single write -1 of expected 8388608
13:34:35 ERROR /home/bsc03/bsc03353/forge/src/dispatcher/posix.c:61 139685183239936: r->filehandle = 71, r->size = 8388608, r->offset = 0
13:34:35 ERROR /home/bsc03/bsc03353/forge/src/dispatcher/posix.c:62 139685183239936: single write -1 of expected 8388608
13:34:36 ERROR /home/bsc03/bsc03353/forge/src/dispatcher/posix.c:61 140154839521024: r->filehandle = 52, r->size = 8388608, r->offset = 0
13:34:36 ERROR /home/bsc03/bsc03353/forge/src/dispatcher/posix.c:62 140154839521024: single write -1 of expected 8388608
13:34:36 ERROR /home/bsc03/bsc03353/forge/src/dispatcher/posix.c:61 140144102082304: r->filehandle = 56, r->size = 8388608, r->offset = 8388608
13:34:36 ERROR /home/bsc03/bsc03353/forge/src/dispatcher/posix.c:62 140144102082304: single write -1 of expected 8388608
13:34:36 ERROR /home/bsc03/bsc03353/forge/src/dispatcher/posix.c:61 140569636914944: r->filehandle = 82, r->size = 8388608, r->offset = 8388608
13:34:36 ERROR /home/bsc03/bsc03353/forge/src/dispatcher/posix.c:62 140569636914944: single write -1 of expected 8388608
13:34:37 ERROR /home/bsc03/bsc03353/forge/src/dispatcher/posix.c:61 140565341939456: r->filehandle = 60, r->size = 8388608, r->offset = 0
13:34:37 ERROR /home/bsc03/bsc03353/forge/src/dispatcher/posix.c:62 140565341939456: single write -1 of expected 8388608
13:34:37 ERROR /home/bsc03/bsc03353/forge/src/dispatcher/posix.c:61 139739522070272: r->filehandle = 71, r->size = 8388608, r->offset = 0
13:34:37 ERROR /home/bsc03/bsc03353/forge/src/dispatcher/posix.c:62 139739522070272: single write -1 of expected 8388608
13:34:37 ERROR /home/bsc03/bsc03353/forge/src/dispatcher/posix.c:61 139683035752192: r->filehandle = 77, r->size = 8388608, r->offset = 0
13:34:37 ERROR /home/bsc03/bsc03353/forge/src/dispatcher/posix.c:62 139683035752192: single write -1 of expected 8388608
13:34:37 ERROR /home/bsc03/bsc03353/forge/src/dispatcher/posix.c:61 140148397057792: r->filehandle = 62, r->size = 8388608, r->offset = 0
13:34:37 ERROR /home/bsc03/bsc03353/forge/src/dispatcher/posix.c:62 140148397057792: single write -1 of expected 8388608
13:34:37 ERROR /home/bsc03/bsc03353/forge/src/dispatcher/posix.c:61 139758849459968: r->filehandle = 80, r->size = 8388608, r->offset = 0
13:34:37 ERROR /home/bsc03/bsc03353/forge/src/dispatcher/posix.c:62 139758849459968: single write -1 of expected 8388608
13:34:38 ERROR /home/bsc03/bsc03353/forge/src/dispatcher/posix.c:61 140154839521024: r->filehandle = 80, r->size = 8388608, r->offset = 8388608
13:34:38 ERROR /home/bsc03/bsc03353/forge/src/dispatcher/posix.c:62 140154839521024: single write -1 of expected 8388608
13:34:38 ERROR /home/bsc03/bsc03353/forge/src/dispatcher/posix.c:61 140576079378176: r->filehandle = 54, r->size = 8388608, r->offset = 0
13:34:38 ERROR /home/bsc03/bsc03353/forge/src/dispatcher/posix.c:62 140576079378176: single write -1 of expected 8388608
13:34:39 ERROR /home/bsc03/bsc03353/forge/src/dispatcher/posix.c:61 140139807106816: r->filehandle = 83, r->size = 8388608, r->offset = 8388608
13:34:39 ERROR /home/bsc03/bsc03353/forge/src/dispatcher/posix.c:62 140139807106816: single write -1 of expected 8388608
13:34:41 ERROR /home/bsc03/bsc03353/forge/src/dispatcher/posix.c:61 139663708362496: r->filehandle = 40, r->size = 8388608, r->offset = 0
13:34:41 ERROR /home/bsc03/bsc03353/forge/src/dispatcher/posix.c:62 139663708362496: single write -1 of expected 8388608
13:34:42 ERROR /home/bsc03/bsc03353/forge/src/dispatcher/posix.c:61 139665855850240: r->filehandle = 55, r->size = 8388608, r->offset = 0
13:34:42 ERROR /home/bsc03/bsc03353/forge/src/dispatcher/posix.c:62 139665855850240: single write -1 of expected 8388608
13:34:42 ERROR /home/bsc03/bsc03353/forge/src/dispatcher/posix.c:61 139687330727680: r->filehandle = 80, r->size = 8388608, r->offset = 0
13:34:42 ERROR /home/bsc03/bsc03353/forge/src/dispatcher/posix.c:62 139687330727680: single write -1 of expected 8388608
13:34:42 ERROR /home/bsc03/bsc03353/forge/src/dispatcher/posix.c:61 139743817045760: r->filehandle = 58, r->size = 8388608, r->offset = 0
13:34:42 ERROR /home/bsc03/bsc03353/forge/src/dispatcher/posix.c:62 139743817045760: single write -1 of expected 8388608
13:34:43 ERROR /home/bsc03/bsc03353/forge/src/dispatcher/posix.c:61 140161281984256: r->filehandle = 48, r->size = 8388608, r->offset = 8388608
13:34:43 ERROR /home/bsc03/bsc03353/forge/src/dispatcher/posix.c:62 140161281984256: single write -1 of expected 8388608
13:34:44 ERROR /home/bsc03/bsc03353/forge/src/dispatcher/posix.c:61 139670150825728: r->filehandle = 75, r->size = 8388608, r->offset = 0
13:34:44 ERROR /home/bsc03/bsc03353/forge/src/dispatcher/posix.c:62 139670150825728: single write -1 of expected 8388608
13:34:44 ERROR /home/bsc03/bsc03353/forge/src/dispatcher/posix.c:61 139739522070272: r->filehandle = 77, r->size = 8388608, r->offset = 0
13:34:44 ERROR /home/bsc03/bsc03353/forge/src/dispatcher/posix.c:62 139739522070272: single write -1 of expected 8388608
13:34:44 ERROR /home/bsc03/bsc03353/forge/src/dispatcher/posix.c:61 139678740776704: r->filehandle = 68, r->size = 8388608, r->offset = 0
13:34:44 ERROR /home/bsc03/bsc03353/forge/src/dispatcher/posix.c:62 139678740776704: single write -1 of expected 8388608
13:34:44 ERROR /home/bsc03/bsc03353/forge/src/dispatcher/posix.c:61 139750259508992: r->filehandle = 78, r->size = 8388608, r->offset = 0
13:34:44 ERROR /home/bsc03/bsc03353/forge/src/dispatcher/posix.c:62 139750259508992: single write -1 of expected 8388608
13:34:45 ERROR /home/bsc03/bsc03353/forge/src/dispatcher/posix.c:61 139745964533504: r->filehandle = 55, r->size = 8388608, r->offset = 0
13:34:45 ERROR /home/bsc03/bsc03353/forge/src/dispatcher/posix.c:62 139745964533504: single write -1 of expected 8388608
13:34:45 ERROR /home/bsc03/bsc03353/forge/src/dispatcher/posix.c:61 140578226865920: r->filehandle = 41, r->size = 8388608, r->offset = 8388608
13:34:45 ERROR /home/bsc03/bsc03353/forge/src/dispatcher/posix.c:62 140578226865920: single write -1 of expected 8388608
13:34:45 ERROR /home/bsc03/bsc03353/forge/src/dispatcher/posix.c:61 139737374582528: r->filehandle = 62, r->size = 8388608, r->offset = 0
13:34:45 ERROR /home/bsc03/bsc03353/forge/src/dispatcher/posix.c:62 139737374582528: single write -1 of expected 8388608
13:34:46 ERROR /home/bsc03/bsc03353/forge/src/dispatcher/posix.c:61 140137659619072: r->filehandle = 53, r->size = 8388608, r->offset = 0
13:34:46 ERROR /home/bsc03/bsc03353/forge/src/dispatcher/posix.c:62 140137659619072: single write -1 of expected 8388608
13:34:47 ERROR /home/bsc03/bsc03353/forge/src/dispatcher/posix.c:61 139663708362496: r->filehandle = 41, r->size = 8388608, r->offset = 8388608
13:34:47 ERROR /home/bsc03/bsc03353/forge/src/dispatcher/posix.c:61 140563194451712: r->filehandle = 61, r->size = 8388608, r->offset = 0
13:34:47 ERROR /home/bsc03/bsc03353/forge/src/dispatcher/posix.c:62 140563194451712: single write -1 of expected 8388608
13:34:47 ERROR /home/bsc03/bsc03353/forge/src/dispatcher/posix.c:62 139663708362496: single write -1 of expected 8388608
13:34:47 ERROR /home/bsc03/bsc03353/forge/src/dispatcher/posix.c:61 140569636914944: r->filehandle = 72, r->size = 8388608, r->offset = 8388608
13:34:47 ERROR /home/bsc03/bsc03353/forge/src/dispatcher/posix.c:62 140569636914944: single write -1 of expected 8388608
13:34:48 ERROR /home/bsc03/bsc03353/forge/src/dispatcher/posix.c:61 140595406767872: r->filehandle = 66, r->size = 8388608, r->offset = 0
13:34:48 ERROR /home/bsc03/bsc03353/forge/src/dispatcher/posix.c:62 140595406767872: single write -1 of expected 8388608
13:34:48 ERROR /home/bsc03/bsc03353/forge/src/dispatcher/posix.c:61 139754554484480: r->filehandle = 45, r->size = 8388608, r->offset = 0
13:34:48 ERROR /home/bsc03/bsc03353/forge/src/dispatcher/posix.c:61 140141954594560: r->filehandle = 42, r->size = 8388608, r->offset = 8388608
13:34:48 ERROR /home/bsc03/bsc03353/forge/src/dispatcher/posix.c:62 139754554484480: single write -1 of expected 8388608
13:34:48 ERROR /home/bsc03/bsc03353/forge/src/dispatcher/posix.c:62 140141954594560: single write -1 of expected 8388608
13:34:48 ERROR /home/bsc03/bsc03353/forge/src/dispatcher/posix.c:61 139741669558016: r->filehandle = 65, r->size = 8388608, r->offset = 0
13:34:48 ERROR /home/bsc03/bsc03353/forge/src/dispatcher/posix.c:62 139741669558016: single write -1 of expected 8388608
13:34:49 ERROR /home/bsc03/bsc03353/forge/src/dispatcher/posix.c:61 139657265899264: r->filehandle = 59, r->size = 8388608, r->offset = 0
13:34:49 ERROR /home/bsc03/bsc03353/forge/src/dispatcher/posix.c:62 139657265899264: single write -1 of expected 8388608
13:34:49 ERROR /home/bsc03/bsc03353/forge/src/dispatcher/posix.c:61 140165576959744: r->filehandle = 66, r->size = 8388608, r->offset = 8388608
13:34:49 ERROR /home/bsc03/bsc03353/forge/src/dispatcher/posix.c:62 140165576959744: single write -1 of expected 8388608
13:34:49 ERROR /home/bsc03/bsc03353/forge/src/dispatcher/posix.c:61 140167724447488: r->filehandle = 59, r->size = 8388608, r->offset = 0
13:34:49 ERROR /home/bsc03/bsc03353/forge/src/dispatcher/posix.c:62 140167724447488: single write -1 of expected 8388608
13:34:50 ERROR /home/bsc03/bsc03353/forge/src/dispatcher/posix.c:61 139760996947712: r->filehandle = 41, r->size = 8388608, r->offset = 0
13:34:50 ERROR /home/bsc03/bsc03353/forge/src/dispatcher/posix.c:61 140578226865920: r->filehandle = 80, r->size = 8388608, r->offset = 8388608
13:34:50 ERROR /home/bsc03/bsc03353/forge/src/dispatcher/posix.c:62 139760996947712: single write -1 of expected 8388608
13:34:50 ERROR /home/bsc03/bsc03353/forge/src/dispatcher/posix.c:62 140578226865920: single write -1 of expected 8388608
13:34:51 ERROR /home/bsc03/bsc03353/forge/src/dispatcher/posix.c:61 139748112021248: r->filehandle = 54, r->size = 8388608, r->offset = 0
13:34:51 ERROR /home/bsc03/bsc03353/forge/src/dispatcher/posix.c:61 140137659619072: r->filehandle = 65, r->size = 8388608, r->offset = 8388608
13:34:51 ERROR /home/bsc03/bsc03353/forge/src/dispatcher/posix.c:62 140137659619072: single write -1 of expected 8388608
13:34:51 ERROR /home/bsc03/bsc03353/forge/src/dispatcher/posix.c:62 139748112021248: single write -1 of expected 8388608
13:34:51 ERROR /home/bsc03/bsc03353/forge/src/dispatcher/posix.c:61 140573931890432: r->filehandle = 38, r->size = 8388608, r->offset = 0
13:34:52 ERROR /home/bsc03/bsc03353/forge/src/dispatcher/posix.c:62 140573931890432: single write -1 of expected 8388608
13:34:53 ERROR /home/bsc03/bsc03353/forge/src/dispatcher/posix.c:61 140591111792384: r->filehandle = 52, r->size = 8388608, r->offset = 8388608
13:34:53 ERROR /home/bsc03/bsc03353/forge/src/dispatcher/posix.c:61 140154839521024: r->filehandle = 37, r->size = 8388608, r->offset = 8388608
13:34:53 ERROR /home/bsc03/bsc03353/forge/src/dispatcher/posix.c:62 140591111792384: single write -1 of expected 8388608
13:34:53 ERROR /home/bsc03/bsc03353/forge/src/dispatcher/posix.c:62 140154839521024: single write -1 of expected 8388608
13:34:54 ERROR /home/bsc03/bsc03353/forge/src/dispatcher/posix.c:61 140156987008768: r->filehandle = 49, r->size = 8388608, r->offset = 0
13:34:54 ERROR /home/bsc03/bsc03353/forge/src/dispatcher/posix.c:62 140156987008768: single write -1 of expected 8388608
13:34:55 ERROR /home/bsc03/bsc03353/forge/src/dispatcher/posix.c:61 139685183239936: r->filehandle = 73, r->size = 8388608, r->offset = 0
13:34:55 ERROR /home/bsc03/bsc03353/forge/src/dispatcher/posix.c:62 139685183239936: single write -1 of expected 8388608
13:34:55 ERROR /home/bsc03/bsc03353/forge/src/dispatcher/posix.c:61 139735227094784: r->filehandle = 40, r->size = 8388608, r->offset = 0
13:34:55 ERROR /home/bsc03/bsc03353/forge/src/dispatcher/posix.c:62 139735227094784: single write -1 of expected 8388608
13:34:56 ERROR /home/bsc03/bsc03353/forge/src/dispatcher/posix.c:61 140576079378176: r->filehandle = 83, r->size = 8388608, r->offset = 8388608
13:34:56 ERROR /home/bsc03/bsc03353/forge/src/dispatcher/posix.c:61 139756701972224: r->filehandle = 73, r->size = 8388608, r->offset = 0
13:34:56 ERROR /home/bsc03/bsc03353/forge/src/dispatcher/posix.c:62 139756701972224: single write -1 of expected 8388608
13:34:56 ERROR /home/bsc03/bsc03353/forge/src/dispatcher/posix.c:62 140576079378176: single write -1 of expected 8388608
13:34:56 ERROR /home/bsc03/bsc03353/forge/src/dispatcher/posix.c:61 140167724447488: r->filehandle = 39, r->size = 8388608, r->offset = 8388608
13:34:56 ERROR /home/bsc03/bsc03353/forge/src/dispatcher/posix.c:62 140167724447488: single write -1 of expected 8388608
13:34:56 ERROR /home/bsc03/bsc03353/forge/src/dispatcher/posix.c:61 140161281984256: r->filehandle = 81, r->size = 8388608, r->offset = 8388608
13:34:56 ERROR /home/bsc03/bsc03353/forge/src/dispatcher/posix.c:62 140161281984256: single write -1 of expected 8388608
13:34:56 ERROR /home/bsc03/bsc03353/forge/src/dispatcher/posix.c:61 140582521841408: r->filehandle = 69, r->size = 8388608, r->offset = 0
13:34:56 ERROR /home/bsc03/bsc03353/forge/src/dispatcher/posix.c:62 140582521841408: single write -1 of expected 8388608
13:34:57 ERROR /home/bsc03/bsc03353/forge/src/dispatcher/posix.c:61 140167724447488: r->filehandle = 45, r->size = 8388608, r->offset = 8388608
13:34:57 ERROR /home/bsc03/bsc03353/forge/src/dispatcher/posix.c:62 140167724447488: single write -1 of expected 8388608
13:34:58 ERROR /home/bsc03/bsc03353/forge/src/dispatcher/posix.c:61 140595406767872: r->filehandle = 43, r->size = 8388608, r->offset = 8388608
13:34:58 ERROR /home/bsc03/bsc03353/forge/src/dispatcher/posix.c:62 140595406767872: single write -1 of expected 8388608
13:34:58 ERROR /home/bsc03/bsc03353/forge/src/dispatcher/posix.c:61 139767439410944: r->filehandle = 46, r->size = 8388608, r->offset = 0
13:34:58 ERROR /home/bsc03/bsc03353/forge/src/dispatcher/posix.c:62 139767439410944: single write -1 of expected 8388608
13:34:59 ERROR /home/bsc03/bsc03353/forge/src/dispatcher/posix.c:61 139674445801216: r->filehandle = 63, r->size = 8388608, r->offset = 0
13:34:59 ERROR /home/bsc03/bsc03353/forge/src/dispatcher/posix.c:61 140146249570048: r->filehandle = 63, r->size = 8388608, r->offset = 8388608
13:34:59 ERROR /home/bsc03/bsc03353/forge/src/dispatcher/posix.c:62 139674445801216: single write -1 of expected 8388608
13:34:59 ERROR /home/bsc03/bsc03353/forge/src/dispatcher/posix.c:62 140146249570048: single write -1 of expected 8388608
13:34:59 ERROR /home/bsc03/bsc03353/forge/src/dispatcher/posix.c:61 139758849459968: r->filehandle = 72, r->size = 8388608, r->offset = 0
13:34:59 ERROR /home/bsc03/bsc03353/forge/src/dispatcher/posix.c:62 139758849459968: single write -1 of expected 8388608
13:34:59 ERROR /home/bsc03/bsc03353/forge/src/dispatcher/posix.c:61 140576079378176: r->filehandle = 40, r->size = 8388608, r->offset = 8388608
13:34:59 ERROR /home/bsc03/bsc03353/forge/src/dispatcher/posix.c:62 140576079378176: single write -1 of expected 8388608
13:35:00 ERROR /home/bsc03/bsc03353/forge/src/dispatcher/posix.c:61 139765291923200: r->filehandle = 52, r->size = 8388608, r->offset = 0
13:35:00 ERROR /home/bsc03/bsc03353/forge/src/dispatcher/posix.c:62 139765291923200: single write -1 of expected 8388608
13:35:01 ERROR /home/bsc03/bsc03353/forge/src/dispatcher/posix.c:61 140161281984256: r->filehandle = 41, r->size = 8388608, r->offset = 8388608
13:35:01 ERROR /home/bsc03/bsc03353/forge/src/dispatcher/posix.c:61 139668003337984: r->filehandle = 57, r->size = 8388608, r->offset = 0
13:35:01 ERROR /home/bsc03/bsc03353/forge/src/dispatcher/posix.c:62 140161281984256: single write -1 of expected 8388608
13:35:01 ERROR /home/bsc03/bsc03353/forge/src/dispatcher/posix.c:62 139668003337984: single write -1 of expected 8388608
13:35:01 ERROR /home/bsc03/bsc03353/forge/src/dispatcher/posix.c:61 139763144435456: r->filehandle = 64, r->size = 8388608, r->offset = 0
13:35:01 ERROR /home/bsc03/bsc03353/forge/src/dispatcher/posix.c:62 139763144435456: single write -1 of expected 8388608
13:35:01 ERROR /home/bsc03/bsc03353/forge/src/dispatcher/posix.c:61 139687330727680: r->filehandle = 39, r->size = 8388608, r->offset = 8388608
13:35:01 ERROR /home/bsc03/bsc03353/forge/src/dispatcher/posix.c:61 140567489427200: r->filehandle = 63, r->size = 8388608, r->offset = 0
13:35:01 ERROR /home/bsc03/bsc03353/forge/src/dispatcher/posix.c:62 140567489427200: single write -1 of expected 8388608
13:35:01 ERROR /home/bsc03/bsc03353/forge/src/dispatcher/posix.c:62 139687330727680: single write -1 of expected 8388608
13:35:02 ERROR /home/bsc03/bsc03353/forge/src/dispatcher/posix.c:61 140137659619072: r->filehandle = 79, r->size = 8388608, r->offset = 8388608
13:35:02 ERROR /home/bsc03/bsc03353/forge/src/dispatcher/posix.c:62 140137659619072: single write -1 of expected 8388608
13:35:02 ERROR /home/bsc03/bsc03353/forge/src/dispatcher/posix.c:61 139743817045760: r->filehandle = 76, r->size = 8388608, r->offset = 0
13:35:02 ERROR /home/bsc03/bsc03353/forge/src/dispatcher/posix.c:62 139743817045760: single write -1 of expected 8388608
13:35:03 ERROR /home/bsc03/bsc03353/forge/src/dispatcher/posix.c:61 139752406996736: r->filehandle = 61, r->size = 8388608, r->offset = 0
13:35:03 ERROR /home/bsc03/bsc03353/forge/src/dispatcher/posix.c:62 139752406996736: single write -1 of expected 8388608
13:35:03 ERROR /home/bsc03/bsc03353/forge/src/dispatcher/posix.c:61 140578226865920: r->filehandle = 75, r->size = 8388608, r->offset = 8388608
13:35:03 ERROR /home/bsc03/bsc03353/forge/src/dispatcher/posix.c:62 140578226865920: single write -1 of expected 8388608
13:35:04 ERROR /home/bsc03/bsc03353/forge/src/dispatcher/posix.c:61 140582521841408: r->filehandle = 76, r->size = 8388608, r->offset = 8388608
13:35:04 ERROR /home/bsc03/bsc03353/forge/src/dispatcher/posix.c:62 140582521841408: single write -1 of expected 8388608
13:35:04 ERROR /home/bsc03/bsc03353/forge/src/dispatcher/posix.c:61 139663708362496: r->filehandle = 47, r->size = 8388608, r->offset = 8388608
13:35:04 ERROR /home/bsc03/bsc03353/forge/src/dispatcher/posix.c:62 139663708362496: single write -1 of expected 8388608
13:35:05 ERROR /home/bsc03/bsc03353/forge/src/dispatcher/posix.c:61 140573931890432: r->filehandle = 36, r->size = 8388608, r->offset = 8388608
13:35:05 ERROR /home/bsc03/bsc03353/forge/src/dispatcher/posix.c:61 139674445801216: r->filehandle = 50, r->size = 8388608, r->offset = 8388608
13:35:05 ERROR /home/bsc03/bsc03353/forge/src/dispatcher/posix.c:62 139674445801216: single write -1 of expected 8388608
13:35:05 ERROR /home/bsc03/bsc03353/forge/src/dispatcher/posix.c:62 140573931890432: single write -1 of expected 8388608
13:35:05 ERROR /home/bsc03/bsc03353/forge/src/dispatcher/posix.c:61 139685183239936: r->filehandle = 83, r->size = 8388608, r->offset = 8388608
13:35:05 ERROR /home/bsc03/bsc03353/forge/src/dispatcher/posix.c:62 139685183239936: single write -1 of expected 8388608
13:35:06 ERROR /home/bsc03/bsc03353/forge/src/dispatcher/posix.c:61 140135512131328: r->filehandle = 54, r->size = 8388608, r->offset = 0
13:35:06 ERROR /home/bsc03/bsc03353/forge/src/dispatcher/posix.c:62 140135512131328: single write -1 of expected 8388608
13:35:08 ERROR /home/bsc03/bsc03353/forge/src/dispatcher/posix.c:61 140586816816896: r->filehandle = 47, r->size = 8388608, r->offset = 8388608
13:35:08 ERROR /home/bsc03/bsc03353/forge/src/dispatcher/posix.c:62 140586816816896: single write -1 of expected 8388608
13:35:08 ERROR /home/bsc03/bsc03353/forge/src/dispatcher/posix.c:61 140165576959744: r->filehandle = 38, r->size = 8388608, r->offset = 8388608
13:35:08 ERROR /home/bsc03/bsc03353/forge/src/dispatcher/posix.c:62 140165576959744: single write -1 of expected 8388608
13:35:09 ERROR /home/bsc03/bsc03353/forge/src/dispatcher/posix.c:61 139674445801216: r->filehandle = 82, r->size = 8388608, r->offset = 8388608
13:35:09 ERROR /home/bsc03/bsc03353/forge/src/dispatcher/posix.c:62 139674445801216: single write -1 of expected 8388608
13:35:09 ERROR /home/bsc03/bsc03353/forge/src/dispatcher/posix.c:61 139685183239936: r->filehandle = 79, r->size = 8388608, r->offset = 8388608
13:35:09 ERROR /home/bsc03/bsc03353/forge/src/dispatcher/posix.c:62 139685183239936: single write -1 of expected 8388608
13:35:09 ERROR /home/bsc03/bsc03353/forge/src/dispatcher/posix.c:61 140150544545536: r->filehandle = 68, r->size = 8388608, r->offset = 0
13:35:09 ERROR /home/bsc03/bsc03353/forge/src/dispatcher/posix.c:62 140150544545536: single write -1 of expected 8388608
13:35:11 ERROR /home/bsc03/bsc03353/forge/src/dispatcher/posix.c:61 139668003337984: r->filehandle = 43, r->size = 8388608, r->offset = 8388608
13:35:11 ERROR /home/bsc03/bsc03353/forge/src/dispatcher/posix.c:61 140571784402688: r->filehandle = 73, r->size = 8388608, r->offset = 0
13:35:11 ERROR /home/bsc03/bsc03353/forge/src/dispatcher/posix.c:62 139668003337984: single write -1 of expected 8388608
13:35:11 ERROR /home/bsc03/bsc03353/forge/src/dispatcher/posix.c:62 140571784402688: single write -1 of expected 8388608
13:35:11 ERROR /home/bsc03/bsc03353/forge/src/dispatcher/posix.c:61 139670150825728: r->filehandle = 35, r->size = 8388608, r->offset = 8388608
13:35:11 ERROR /home/bsc03/bsc03353/forge/src/dispatcher/posix.c:62 139670150825728: single write -1 of expected 8388608
13:35:11 ERROR /home/bsc03/bsc03353/forge/src/dispatcher/posix.c:61 140584669329152: r->filehandle = 56, r->size = 8388608, r->offset = 0
13:35:11 ERROR /home/bsc03/bsc03353/forge/src/dispatcher/posix.c:62 140584669329152: single write -1 of expected 8388608
13:35:12 ERROR /home/bsc03/bsc03353/forge/src/dispatcher/posix.c:61 140159134496512: r->filehandle = 61, r->size = 8388608, r->offset = 0
13:35:12 ERROR /home/bsc03/bsc03353/forge/src/dispatcher/posix.c:62 140159134496512: single write -1 of expected 8388608
13:35:12 ERROR /home/bsc03/bsc03353/forge/src/dispatcher/posix.c:61 139659413387008: r->filehandle = 37, r->size = 8388608, r->offset = 0
13:35:12 ERROR /home/bsc03/bsc03353/forge/src/dispatcher/posix.c:62 139659413387008: single write -1 of expected 8388608
13:35:13 ERROR /home/bsc03/bsc03353/forge/src/dispatcher/posix.c:61 140576079378176: r->filehandle = 48, r->size = 8388608, r->offset = 8388608
13:35:13 ERROR /home/bsc03/bsc03353/forge/src/dispatcher/posix.c:62 140576079378176: single write -1 of expected 8388608
13:35:14 ERROR /home/bsc03/bsc03353/forge/src/dispatcher/posix.c:61 139674445801216: r->filehandle = 66, r->size = 8388608, r->offset = 8388608
13:35:14 ERROR /home/bsc03/bsc03353/forge/src/dispatcher/posix.c:62 139674445801216: single write -1 of expected 8388608
13:35:15 ERROR /home/bsc03/bsc03353/forge/src/dispatcher/posix.c:61 140135512131328: r->filehandle = 58, r->size = 8388608, r->offset = 8388608
13:35:15 ERROR /home/bsc03/bsc03353/forge/src/dispatcher/posix.c:62 140135512131328: single write -1 of expected 8388608
13:35:15 ERROR /home/bsc03/bsc03353/forge/src/dispatcher/posix.c:61 140563194451712: r->filehandle = 42, r->size = 8388608, r->offset = 8388608
13:35:15 ERROR /home/bsc03/bsc03353/forge/src/dispatcher/posix.c:62 140563194451712: single write -1 of expected 8388608
13:35:16 ERROR /home/bsc03/bsc03353/forge/src/dispatcher/posix.c:61 140584669329152: r->filehandle = 37, r->size = 8388608, r->offset = 8388608
13:35:16 ERROR /home/bsc03/bsc03353/forge/src/dispatcher/posix.c:62 140584669329152: single write -1 of expected 8388608
13:35:16 ERROR /home/bsc03/bsc03353/forge/src/dispatcher/posix.c:61 140150544545536: r->filehandle = 70, r->size = 8388608, r->offset = 8388608
13:35:16 ERROR /home/bsc03/bsc03353/forge/src/dispatcher/posix.c:62 140150544545536: single write -1 of expected 8388608
13:35:18 ERROR /home/bsc03/bsc03353/forge/src/dispatcher/posix.c:61 140586816816896: r->filehandle = 59, r->size = 8388608, r->offset = 8388608
13:35:18 ERROR /home/bsc03/bsc03353/forge/src/dispatcher/posix.c:62 140586816816896: single write -1 of expected 8388608
13:35:18 ERROR /home/bsc03/bsc03353/forge/src/dispatcher/posix.c:61 140563194451712: r->filehandle = 49, r->size = 8388608, r->offset = 8388608
13:35:18 ERROR /home/bsc03/bsc03353/forge/src/dispatcher/posix.c:62 140563194451712: single write -1 of expected 8388608
13:35:18 ERROR /home/bsc03/bsc03353/forge/src/dispatcher/posix.c:61 140148397057792: r->filehandle = 36, r->size = 8388608, r->offset = 8388608
13:35:18 ERROR /home/bsc03/bsc03353/forge/src/dispatcher/posix.c:62 140148397057792: single write -1 of expected 8388608
13:35:20 ERROR /home/bsc03/bsc03353/forge/src/dispatcher/posix.c:61 139687330727680: r->filehandle = 56, r->size = 8388608, r->offset = 8388608
13:35:20 ERROR /home/bsc03/bsc03353/forge/src/dispatcher/posix.c:62 139687330727680: single write -1 of expected 8388608
13:35:20 ERROR /home/bsc03/bsc03353/forge/src/dispatcher/posix.c:61 140593259280128: r->filehandle = 74, r->size = 8388608, r->offset = 0
13:35:20 ERROR /home/bsc03/bsc03353/forge/src/dispatcher/posix.c:62 140593259280128: single write -1 of expected 8388608
13:35:20 ERROR /home/bsc03/bsc03353/forge/src/dispatcher/posix.c:61 139683035752192: r->filehandle = 62, r->size = 8388608, r->offset = 8388608
13:35:20 ERROR /home/bsc03/bsc03353/forge/src/dispatcher/posix.c:61 140146249570048: r->filehandle = 57, r->size = 8388608, r->offset = 8388608
13:35:20 ERROR /home/bsc03/bsc03353/forge/src/dispatcher/posix.c:62 139683035752192: single write -1 of expected 8388608
13:35:20 ERROR /home/bsc03/bsc03353/forge/src/dispatcher/posix.c:62 140146249570048: single write -1 of expected 8388608
13:35:21 ERROR /home/bsc03/bsc03353/forge/src/dispatcher/posix.c:61 140580374353664: r->filehandle = 77, r->size = 8388608, r->offset = 0
13:35:21 ERROR /home/bsc03/bsc03353/forge/src/dispatcher/posix.c:62 140580374353664: single write -1 of expected 8388608
13:35:22 ERROR /home/bsc03/bsc03353/forge/src/dispatcher/posix.c:61 139676593288960: r->filehandle = 44, r->size = 8388608, r->offset = 0
13:35:22 ERROR /home/bsc03/bsc03353/forge/src/dispatcher/posix.c:62 139676593288960: single write -1 of expected 8388608
13:35:22 ERROR /home/bsc03/bsc03353/forge/src/dispatcher/posix.c:61 140159134496512: r->filehandle = 43, r->size = 8388608, r->offset = 8388608
13:35:22 ERROR /home/bsc03/bsc03353/forge/src/dispatcher/posix.c:62 140159134496512: single write -1 of expected 8388608
13:35:22 ERROR /home/bsc03/bsc03353/forge/src/dispatcher/posix.c:61 140569636914944: r->filehandle = 67, r->size = 8388608, r->offset = 8388608
13:35:22 ERROR /home/bsc03/bsc03353/forge/src/dispatcher/posix.c:62 140569636914944: single write -1 of expected 8388608
13:35:23 ERROR /home/bsc03/bsc03353/forge/src/dispatcher/posix.c:61 139668003337984: r->filehandle = 49, r->size = 8388608, r->offset = 8388608
13:35:23 ERROR /home/bsc03/bsc03353/forge/src/dispatcher/posix.c:62 139668003337984: single write -1 of expected 8388608
13:35:23 ERROR /home/bsc03/bsc03353/forge/src/dispatcher/posix.c:61 140144102082304: r->filehandle = 47, r->size = 8388608, r->offset = 8388608
13:35:23 ERROR /home/bsc03/bsc03353/forge/src/dispatcher/posix.c:62 140144102082304: single write -1 of expected 8388608
13:35:23 ERROR /home/bsc03/bsc03353/forge/src/dispatcher/posix.c:61 140563194451712: r->filehandle = 50, r->size = 8388608, r->offset = 8388608
13:35:23 ERROR /home/bsc03/bsc03353/forge/src/dispatcher/posix.c:62 140563194451712: single write -1 of expected 8388608
13:35:24 ERROR /home/bsc03/bsc03353/forge/src/dispatcher/posix.c:61 139663708362496: r->filehandle = 61, r->size = 8388608, r->offset = 8388608
13:35:24 ERROR /home/bsc03/bsc03353/forge/src/dispatcher/posix.c:61 140154839521024: r->filehandle = 73, r->size = 8388608, r->offset = 8388608
13:35:24 ERROR /home/bsc03/bsc03353/forge/src/dispatcher/posix.c:62 139663708362496: single write -1 of expected 8388608
13:35:24 ERROR /home/bsc03/bsc03353/forge/src/dispatcher/posix.c:62 140154839521024: single write -1 of expected 8388608
13:35:24 ERROR /home/bsc03/bsc03353/forge/src/dispatcher/posix.c:61 139659413387008: r->filehandle = 42, r->size = 8388608, r->offset = 8388608
13:35:24 ERROR /home/bsc03/bsc03353/forge/src/dispatcher/posix.c:62 139659413387008: single write -1 of expected 8388608
13:35:24 ERROR /home/bsc03/bsc03353/forge/src/dispatcher/posix.c:61 140139807106816: r->filehandle = 78, r->size = 8388608, r->offset = 8388608
13:35:24 ERROR /home/bsc03/bsc03353/forge/src/dispatcher/posix.c:62 140139807106816: single write -1 of expected 8388608
13:35:25 ERROR /home/bsc03/bsc03353/forge/src/dispatcher/posix.c:61 140586816816896: r->filehandle = 79, r->size = 8388608, r->offset = 8388608
13:35:25 ERROR /home/bsc03/bsc03353/forge/src/dispatcher/posix.c:62 140586816816896: single write -1 of expected 8388608
13:35:25 ERROR /home/bsc03/bsc03353/forge/src/dispatcher/posix.c:61 139680888264448: r->filehandle = 72, r->size = 8388608, r->offset = 0
13:35:25 ERROR /home/bsc03/bsc03353/forge/src/dispatcher/posix.c:62 139680888264448: single write -1 of expected 8388608
13:35:26 ERROR /home/bsc03/bsc03353/forge/src/dispatcher/posix.c:61 140593259280128: r->filehandle = 68, r->size = 8388608, r->offset = 8388608
13:35:26 ERROR /home/bsc03/bsc03353/forge/src/dispatcher/posix.c:62 140593259280128: single write -1 of expected 8388608
13:35:26 ERROR /home/bsc03/bsc03353/forge/src/dispatcher/posix.c:61 139672298313472: r->filehandle = 69, r->size = 8388608, r->offset = 0
13:35:26 ERROR /home/bsc03/bsc03353/forge/src/dispatcher/posix.c:62 139672298313472: single write -1 of expected 8388608
13:35:27 ERROR /home/bsc03/bsc03353/forge/src/dispatcher/posix.c:61 140167724447488: r->filehandle = 64, r->size = 8388608, r->offset = 8388608
13:35:27 ERROR /home/bsc03/bsc03353/forge/src/dispatcher/posix.c:62 140167724447488: single write -1 of expected 8388608
13:35:28 ERROR /home/bsc03/bsc03353/forge/src/dispatcher/posix.c:61 139668003337984: r->filehandle = 70, r->size = 8388608, r->offset = 8388608
13:35:28 ERROR /home/bsc03/bsc03353/forge/src/dispatcher/posix.c:61 140150544545536: r->filehandle = 44, r->size = 8388608, r->offset = 8388608
13:35:28 ERROR /home/bsc03/bsc03353/forge/src/dispatcher/posix.c:62 139668003337984: single write -1 of expected 8388608
13:35:28 ERROR /home/bsc03/bsc03353/forge/src/dispatcher/posix.c:62 140150544545536: single write -1 of expected 8388608
13:35:28 ERROR /home/bsc03/bsc03353/forge/src/dispatcher/posix.c:61 140141954594560: r->filehandle = 40, r->size = 8388608, r->offset = 8388608
13:35:28 ERROR /home/bsc03/bsc03353/forge/src/dispatcher/posix.c:61 140571784402688: r->filehandle = 81, r->size = 8388608, r->offset = 8388608
13:35:28 ERROR /home/bsc03/bsc03353/forge/src/dispatcher/posix.c:62 140571784402688: single write -1 of expected 8388608
13:35:28 ERROR /home/bsc03/bsc03353/forge/src/dispatcher/posix.c:62 140141954594560: single write -1 of expected 8388608
13:35:32 ERROR /home/bsc03/bsc03353/forge/src/dispatcher/posix.c:61 140152692033280: r->filehandle = 51, r->size = 8388608, r->offset = 0
13:35:32 ERROR /home/bsc03/bsc03353/forge/src/dispatcher/posix.c:62 140152692033280: single write -1 of expected 8388608
13:35:32 ERROR /home/bsc03/bsc03353/forge/src/dispatcher/posix.c:61 139661560874752: r->filehandle = 46, r->size = 8388608, r->offset = 0
13:35:32 ERROR /home/bsc03/bsc03353/forge/src/dispatcher/posix.c:62 139661560874752: single write -1 of expected 8388608
13:35:34 ERROR /home/bsc03/bsc03353/forge/src/dispatcher/posix.c:61 139670150825728: r->filehandle = 52, r->size = 8388608, r->offset = 8388608
13:35:34 ERROR /home/bsc03/bsc03353/forge/src/dispatcher/posix.c:61 140591111792384: r->filehandle = 62, r->size = 8388608, r->offset = 8388608
13:35:34 ERROR /home/bsc03/bsc03353/forge/src/dispatcher/posix.c:62 139670150825728: single write -1 of expected 8388608
13:35:34 ERROR /home/bsc03/bsc03353/forge/src/dispatcher/posix.c:62 140591111792384: single write -1 of expected 8388608
13:35:37 ERROR /home/bsc03/bsc03353/forge/src/dispatcher/posix.c:61 140588964304640: r->filehandle = 51, r->size = 8388608, r->offset = 0
13:35:37 ERROR /home/bsc03/bsc03353/forge/src/dispatcher/posix.c:62 140588964304640: single write -1 of expected 8388608
13:35:37 ERROR /home/bsc03/bsc03353/forge/src/dispatcher/posix.c:61 140135512131328: r->filehandle = 71, r->size = 8388608, r->offset = 8388608
13:35:37 ERROR /home/bsc03/bsc03353/forge/src/dispatcher/posix.c:62 140135512131328: single write -1 of expected 8388608
13:35:37 ERROR /home/bsc03/bsc03353/forge/src/dispatcher/posix.c:61 139657265899264: r->filehandle = 38, r->size = 8388608, r->offset = 8388608
13:35:37 ERROR /home/bsc03/bsc03353/forge/src/dispatcher/posix.c:62 139657265899264: single write -1 of expected 8388608
13:35:38 ERROR /home/bsc03/bsc03353/forge/src/dispatcher/posix.c:61 139663708362496: r->filehandle = 60, r->size = 8388608, r->offset = 8388608
13:35:38 ERROR /home/bsc03/bsc03353/forge/src/dispatcher/posix.c:62 139663708362496: single write -1 of expected 8388608
13:35:38 ERROR /home/bsc03/bsc03353/forge/src/dispatcher/posix.c:61 140576079378176: r->filehandle = 64, r->size = 8388608, r->offset = 8388608
13:35:38 ERROR /home/bsc03/bsc03353/forge/src/dispatcher/posix.c:62 140576079378176: single write -1 of expected 8388608
13:35:41 ERROR /home/bsc03/bsc03353/forge/src/dispatcher/posix.c:61 139665855850240: r->filehandle = 67, r->size = 8388608, r->offset = 8388608
13:35:41 ERROR /home/bsc03/bsc03353/forge/src/dispatcher/posix.c:62 139665855850240: single write -1 of expected 8388608
13:35:42 ERROR /home/bsc03/bsc03353/forge/src/dispatcher/posix.c:61 140565341939456: r->filehandle = 71, r->size = 8388608, r->offset = 8388608
13:35:42 ERROR /home/bsc03/bsc03353/forge/src/dispatcher/posix.c:62 140565341939456: single write -1 of expected 8388608
13:35:42 ERROR /home/bsc03/bsc03353/forge/src/dispatcher/posix.c:61 139657265899264: r->filehandle = 77, r->size = 8388608, r->offset = 8388608
13:35:42 ERROR /home/bsc03/bsc03353/forge/src/dispatcher/posix.c:62 139657265899264: single write -1 of expected 8388608
13:35:43 ERROR /home/bsc03/bsc03353/forge/src/dispatcher/posix.c:61 140148397057792: r->filehandle = 77, r->size = 8388608, r->offset = 8388608
13:35:43 ERROR /home/bsc03/bsc03353/forge/src/dispatcher/posix.c:62 140148397057792: single write -1 of expected 8388608
13:35:45 ERROR /home/bsc03/bsc03353/forge/src/dispatcher/posix.c:61 139683035752192: r->filehandle = 48, r->size = 8388608, r->offset = 8388608
13:35:45 ERROR /home/bsc03/bsc03353/forge/src/dispatcher/posix.c:62 139683035752192: single write -1 of expected 8388608
13:35:45 ERROR /home/bsc03/bsc03353/forge/src/dispatcher/posix.c:61 139659413387008: r->filehandle = 53, r->size = 8388608, r->offset = 8388608
13:35:45 ERROR /home/bsc03/bsc03353/forge/src/dispatcher/posix.c:62 139659413387008: single write -1 of expected 8388608
13:35:45 ERROR /home/bsc03/bsc03353/forge/src/dispatcher/posix.c:61 140567489427200: r->filehandle = 65, r->size = 8388608, r->offset = 8388608
13:35:45 ERROR /home/bsc03/bsc03353/forge/src/dispatcher/posix.c:62 140567489427200: single write -1 of expected 8388608
13:35:46 ERROR /home/bsc03/bsc03353/forge/src/dispatcher/posix.c:61 140161281984256: r->filehandle = 67, r->size = 8388608, r->offset = 8388608
13:35:46 ERROR /home/bsc03/bsc03353/forge/src/dispatcher/posix.c:62 140161281984256: single write -1 of expected 8388608
13:35:48 ERROR /home/bsc03/bsc03353/forge/src/dispatcher/posix.c:61 139672298313472: r->filehandle = 65, r->size = 8388608, r->offset = 8388608
13:35:48 ERROR /home/bsc03/bsc03353/forge/src/dispatcher/posix.c:62 139672298313472: single write -1 of expected 8388608
13:35:48 ERROR /home/bsc03/bsc03353/forge/src/dispatcher/posix.c:61 140146249570048: r->filehandle = 69, r->size = 8388608, r->offset = 8388608
13:35:48 ERROR /home/bsc03/bsc03353/forge/src/dispatcher/posix.c:62 140146249570048: single write -1 of expected 8388608
13:35:49 ERROR /home/bsc03/bsc03353/forge/src/dispatcher/posix.c:61 140578226865920: r->filehandle = 39, r->size = 8388608, r->offset = 8388608
13:35:49 ERROR /home/bsc03/bsc03353/forge/src/dispatcher/posix.c:62 140578226865920: single write -1 of expected 8388608
13:35:49 ERROR /home/bsc03/bsc03353/forge/src/dispatcher/posix.c:61 140569636914944: r->filehandle = 55, r->size = 8388608, r->offset = 8388608
13:35:49 ERROR /home/bsc03/bsc03353/forge/src/dispatcher/posix.c:62 140569636914944: single write -1 of expected 8388608
13:35:50 ERROR /home/bsc03/bsc03353/forge/src/dispatcher/posix.c:61 139674445801216: r->filehandle = 78, r->size = 8388608, r->offset = 8388608
13:35:50 ERROR /home/bsc03/bsc03353/forge/src/dispatcher/posix.c:62 139674445801216: single write -1 of expected 8388608
13:35:50 ERROR /home/bsc03/bsc03353/forge/src/dispatcher/posix.c:61 140573931890432: r->filehandle = 57, r->size = 8388608, r->offset = 8388608
13:35:50 ERROR /home/bsc03/bsc03353/forge/src/dispatcher/posix.c:62 140573931890432: single write -1 of expected 8388608
13:35:51 ERROR /home/bsc03/bsc03353/forge/src/dispatcher/posix.c:61 140582521841408: r->filehandle = 45, r->size = 8388608, r->offset = 8388608
13:35:51 ERROR /home/bsc03/bsc03353/forge/src/dispatcher/posix.c:62 140582521841408: single write -1 of expected 8388608
13:35:52 ERROR /home/bsc03/bsc03353/forge/src/dispatcher/posix.c:61 140580374353664: r->filehandle = 44, r->size = 8388608, r->offset = 8388608
13:35:52 ERROR /home/bsc03/bsc03353/forge/src/dispatcher/posix.c:62 140580374353664: single write -1 of expected 8388608
13:35:53 ERROR /home/bsc03/bsc03353/forge/src/dispatcher/posix.c:61 139676593288960: r->filehandle = 51, r->size = 8388608, r->offset = 8388608
13:35:53 ERROR /home/bsc03/bsc03353/forge/src/dispatcher/posix.c:62 139676593288960: single write -1 of expected 8388608
13:35:53 ERROR /home/bsc03/bsc03353/forge/src/dispatcher/posix.c:61 140584669329152: r->filehandle = 53, r->size = 8388608, r->offset = 8388608
13:35:53 ERROR /home/bsc03/bsc03353/forge/src/dispatcher/posix.c:61 140137659619072: r->filehandle = 82, r->size = 8388608, r->offset = 8388608
13:35:53 ERROR /home/bsc03/bsc03353/forge/src/dispatcher/posix.c:62 140584669329152: single write -1 of expected 8388608
13:35:53 ERROR /home/bsc03/bsc03353/forge/src/dispatcher/posix.c:62 140137659619072: single write -1 of expected 8388608
13:35:54 ERROR /home/bsc03/bsc03353/forge/src/dispatcher/posix.c:61 140156987008768: r->filehandle = 60, r->size = 8388608, r->offset = 8388608
13:35:54 ERROR /home/bsc03/bsc03353/forge/src/dispatcher/posix.c:62 140156987008768: single write -1 of expected 8388608
13:35:54 ERROR /home/bsc03/bsc03353/forge/src/dispatcher/posix.c:61 140165576959744: r->filehandle = 75, r->size = 8388608, r->offset = 8388608
13:35:54 ERROR /home/bsc03/bsc03353/forge/src/dispatcher/posix.c:62 140165576959744: single write -1 of expected 8388608
13:35:54 ERROR /home/bsc03/bsc03353/forge/src/dispatcher/posix.c:61 139678740776704: r->filehandle = 36, r->size = 8388608, r->offset = 8388608
13:35:54 ERROR /home/bsc03/bsc03353/forge/src/dispatcher/posix.c:62 139678740776704: single write -1 of expected 8388608
13:35:56 ERROR /home/bsc03/bsc03353/forge/src/dispatcher/posix.c:61 140163429472000: r->filehandle = 74, r->size = 8388608, r->offset = 0
13:35:56 ERROR /home/bsc03/bsc03353/forge/src/dispatcher/posix.c:61 139685183239936: r->filehandle = 74, r->size = 8388608, r->offset = 8388608
13:35:56 ERROR /home/bsc03/bsc03353/forge/src/dispatcher/posix.c:62 139685183239936: single write -1 of expected 8388608
13:35:56 ERROR /home/bsc03/bsc03353/forge/src/dispatcher/posix.c:62 140163429472000: single write -1 of expected 8388608
13:35:57 ERROR /home/bsc03/bsc03353/forge/src/dispatcher/posix.c:61 139655118411520: r->filehandle = 54, r->size = 8388608, r->offset = 0
13:35:57 ERROR /home/bsc03/bsc03353/forge/src/dispatcher/posix.c:61 140595406767872: r->filehandle = 46, r->size = 8388608, r->offset = 8388608
13:35:57 ERROR /home/bsc03/bsc03353/forge/src/dispatcher/posix.c:62 139655118411520: single write -1 of expected 8388608
13:35:57 ERROR /home/bsc03/bsc03353/forge/src/dispatcher/posix.c:62 140595406767872: single write -1 of expected 8388608
13:36:01 ERROR /home/bsc03/bsc03353/forge/src/dispatcher/posix.c:61 139687330727680: r->filehandle = 58, r->size = 8388608, r->offset = 8388608
13:36:01 ERROR /home/bsc03/bsc03353/forge/src/dispatcher/posix.c:62 139687330727680: single write -1 of expected 8388608
13:36:02 ERROR /home/bsc03/bsc03353/forge/src/dispatcher/posix.c:61 139680888264448: r->filehandle = 76, r->size = 8388608, r->offset = 8388608
13:36:02 ERROR /home/bsc03/bsc03353/forge/src/dispatcher/posix.c:62 139680888264448: single write -1 of expected 8388608
13:36:04 ERROR /home/bsc03/bsc03353/forge/src/dispatcher/posix.c:61 139661560874752: r->filehandle = 81, r->size = 8388608, r->offset = 8388608
13:36:04 ERROR /home/bsc03/bsc03353/forge/src/dispatcher/posix.c:62 139661560874752: single write -1 of expected 8388608
13:36:05 ERROR /home/bsc03/bsc03353/forge/src/dispatcher/posix.c:61 139670150825728: r->filehandle = 71, r->size = 8388608, r->offset = 8388608
13:36:05 ERROR /home/bsc03/bsc03353/forge/src/dispatcher/posix.c:62 139670150825728: single write -1 of expected 8388608
13:36:07 ERROR /home/bsc03/bsc03353/forge/src/dispatcher/posix.c:61 139668003337984: r->filehandle = 64, r->size = 8388608, r->offset = 8388608
13:36:07 ERROR /home/bsc03/bsc03353/forge/src/dispatcher/posix.c:62 139668003337984: single write -1 of expected 8388608
13:36:07 WARN  /home/bsc03/bsc03353/forge/src/main.c:789 140357181667392: hit stone wall at 145.791019 seconds!
AGIOS: stopped for this client. It can already be used by calling agios_init

AGIOS: stopped for this client. It can already be used by calling agios_init

AGIOS: stopped for this client. It can already be used by calling agios_init

13:36:07 INFO  /home/bsc03/bsc03353/forge/src/main.c:1158 139694455953472: I/O Forwarding Exploration [COMPLETE]
AGIOS: stopped for this client. It can already be used by calling agios_init

