Set GCC compilers as MPI wrappers backend 
remove impi/2017.4 (PATH, MANPATH, LD_LIBRARY_PATH) 
load openmpi/4.0.2_UCX (PATH, MANPATH, LD_LIBRARY_PATH) 
Set GCC compilers as MPI wrappers backend 
load gsl/2.4 (PATH, LD_LIBRARY_PATH, LIBRARY_PATH, MANPATH, INFOPATH,
C_INCLUDE_PATH, CPLUS_INCLUDE_PATH, PKG_CONFIG_PATH, GSL_DIR) 
13:41:56 INFO  /home/bsc03/bsc03353/forge/src/main.c:107 139940225058880: I/O Forwarding Exploration [START]
Will AGIOS generate trace files? NO
Default scheduling algorithm: TO
TWINS window size: 1000000
Will the Prediction Module read information from trace files? NO
File with access time functions: /home/bsc03/bsc03353/forge/agios/access_times.func
AGIOS thinks its user has stripe size of 32768
Will AGIOS generate trace files? NO
Default scheduling algorithm: TO
TWINS window size: 1000000
Will the Prediction Module read information from trace files? NO
File with access time functions: /home/bsc03/bsc03353/forge/agios/access_times.func
AGIOS thinks its user has stripe size of 32768
Will AGIOS generate trace files? NO
Default scheduling algorithm: TO
TWINS window size: 1000000
Will the Prediction Module read information from trace files? NO
File with access time functions: /home/bsc03/bsc03353/forge/agios/access_times.func
AGIOS thinks its user has stripe size of 32768
Will AGIOS generate trace files? NO
Default scheduling algorithm: TO
TWINS window size: 1000000
Will the Prediction Module read information from trace files? NO
File with access time functions: /home/bsc03/bsc03353/forge/agios/access_times.func
AGIOS thinks its user has stripe size of 32768
Will AGIOS generate trace files? NO
Default scheduling algorithm: TO
TWINS window size: 1000000
Will the Prediction Module read information from trace files? NO
File with access time functions: /home/bsc03/bsc03353/forge/agios/access_times.func
AGIOS thinks its user has stripe size of 32768
Will AGIOS generate trace files? NO
Default scheduling algorithm: TO
TWINS window size: 1000000
Will the Prediction Module read information from trace files? NO
File with access time functions: /home/bsc03/bsc03353/forge/agios/access_times.func
AGIOS thinks its user has stripe size of 32768
Will AGIOS generate trace files? NO
Default scheduling algorithm: TO
TWINS window size: 1000000
Will the Prediction Module read information from trace files? NO
File with access time functions: /home/bsc03/bsc03353/forge/agios/access_times.func
AGIOS thinks its user has stripe size of 32768
Will AGIOS generate trace files? NO
Default scheduling algorithm: TO
TWINS window size: 1000000
Will the Prediction Module read information from trace files? NO
File with access time functions: /home/bsc03/bsc03353/forge/agios/access_times.func
AGIOS thinks its user has stripe size of 32768
13:45:38 ERROR /home/bsc03/bsc03353/forge/src/dispatcher/posix.c:61 140477320697600: r->filehandle = 82, r->size = 1048576, r->offset = 0
13:45:38 ERROR /home/bsc03/bsc03353/forge/src/dispatcher/posix.c:62 140477320697600: single write -1 of expected 1048576
13:45:38 ERROR /home/bsc03/bsc03353/forge/src/dispatcher/posix.c:61 139771592754944: r->filehandle = 83, r->size = 1048576, r->offset = 0
13:45:38 ERROR /home/bsc03/bsc03353/forge/src/dispatcher/posix.c:62 139771592754944: single write -1 of expected 1048576
13:45:38 ERROR /home/bsc03/bsc03353/forge/src/dispatcher/posix.c:61 140338592298752: r->filehandle = 69, r->size = 1048576, r->offset = 0
13:45:38 ERROR /home/bsc03/bsc03353/forge/src/dispatcher/posix.c:62 140338592298752: single write -1 of expected 1048576
13:45:39 ERROR /home/bsc03/bsc03353/forge/src/dispatcher/posix.c:61 139797362607872: r->filehandle = 57, r->size = 1048576, r->offset = 0
13:45:39 ERROR /home/bsc03/bsc03353/forge/src/dispatcher/posix.c:62 139797362607872: single write -1 of expected 1048576
13:45:39 ERROR /home/bsc03/bsc03353/forge/src/dispatcher/posix.c:61 140470878234368: r->filehandle = 38, r->size = 1048576, r->offset = 0
13:45:39 ERROR /home/bsc03/bsc03353/forge/src/dispatcher/posix.c:62 140470878234368: single write -1 of expected 1048576
13:45:39 ERROR /home/bsc03/bsc03353/forge/src/dispatcher/posix.c:61 139903074731776: r->filehandle = 80, r->size = 1048576, r->offset = 0
13:45:39 ERROR /home/bsc03/bsc03353/forge/src/dispatcher/posix.c:62 139903074731776: single write -1 of expected 1048576
13:45:39 ERROR /home/bsc03/bsc03353/forge/src/dispatcher/posix.c:61 139614205843200: r->filehandle = 78, r->size = 1048576, r->offset = 0
13:45:39 ERROR /home/bsc03/bsc03353/forge/src/dispatcher/posix.c:62 139614205843200: single write -1 of expected 1048576
13:45:39 ERROR /home/bsc03/bsc03353/forge/src/dispatcher/posix.c:61 140313144989440: r->filehandle = 80, r->size = 1048576, r->offset = 0
13:45:39 ERROR /home/bsc03/bsc03353/forge/src/dispatcher/posix.c:62 140313144989440: single write -1 of expected 1048576
13:45:40 ERROR /home/bsc03/bsc03353/forge/src/dispatcher/posix.c:61 140240684209920: r->filehandle = 83, r->size = 1048576, r->offset = 0
13:45:40 ERROR /home/bsc03/bsc03353/forge/src/dispatcher/posix.c:62 140240684209920: single write -1 of expected 1048576
13:45:40 ERROR /home/bsc03/bsc03353/forge/src/dispatcher/posix.c:61 140457993307904: r->filehandle = 52, r->size = 1048576, r->offset = 0
13:45:40 ERROR /home/bsc03/bsc03353/forge/src/dispatcher/posix.c:62 140457993307904: single write -1 of expected 1048576
13:45:41 ERROR /home/bsc03/bsc03353/forge/src/dispatcher/posix.c:61 139622795794176: r->filehandle = 40, r->size = 1048576, r->offset = 0
13:45:41 ERROR /home/bsc03/bsc03353/forge/src/dispatcher/posix.c:62 139622795794176: single write -1 of expected 1048576
13:45:41 ERROR /home/bsc03/bsc03353/forge/src/dispatcher/posix.c:61 140295965087488: r->filehandle = 70, r->size = 1048576, r->offset = 0
13:45:41 ERROR /home/bsc03/bsc03353/forge/src/dispatcher/posix.c:62 140295965087488: single write -1 of expected 1048576
13:45:42 ERROR /home/bsc03/bsc03353/forge/src/dispatcher/posix.c:61 140313144989440: r->filehandle = 81, r->size = 1048576, r->offset = 0
13:45:42 ERROR /home/bsc03/bsc03353/forge/src/dispatcher/posix.c:62 140313144989440: single write -1 of expected 1048576
13:45:43 ERROR /home/bsc03/bsc03353/forge/src/dispatcher/posix.c:61 139930992072448: r->filehandle = 81, r->size = 1048576, r->offset = 0
13:45:43 ERROR /home/bsc03/bsc03353/forge/src/dispatcher/posix.c:62 139930992072448: single write -1 of expected 1048576
13:45:43 ERROR /home/bsc03/bsc03353/forge/src/dispatcher/posix.c:61 140308850013952: r->filehandle = 83, r->size = 1048576, r->offset = 0
13:45:43 ERROR /home/bsc03/bsc03353/forge/src/dispatcher/posix.c:62 140308850013952: single write -1 of expected 1048576
13:45:44 ERROR /home/bsc03/bsc03353/forge/src/dispatcher/posix.c:61 139790920144640: r->filehandle = 37, r->size = 1048576, r->offset = 0
13:45:44 ERROR /home/bsc03/bsc03353/forge/src/dispatcher/posix.c:61 140298112575232: r->filehandle = 56, r->size = 1048576, r->offset = 0
13:45:44 ERROR /home/bsc03/bsc03353/forge/src/dispatcher/posix.c:61 140219209332480: r->filehandle = 40, r->size = 1048576, r->offset = 0
13:45:44 ERROR /home/bsc03/bsc03353/forge/src/dispatcher/posix.c:62 139790920144640: single write -1 of expected 1048576
13:45:44 ERROR /home/bsc03/bsc03353/forge/src/dispatcher/posix.c:62 140219209332480: single write -1 of expected 1048576
13:45:44 ERROR /home/bsc03/bsc03353/forge/src/dispatcher/posix.c:62 140298112575232: single write -1 of expected 1048576
13:45:44 ERROR /home/bsc03/bsc03353/forge/src/dispatcher/posix.c:61 139618500818688: r->filehandle = 76, r->size = 1048576, r->offset = 0
13:45:44 ERROR /home/bsc03/bsc03353/forge/src/dispatcher/posix.c:62 139618500818688: single write -1 of expected 1048576
13:45:45 ERROR /home/bsc03/bsc03353/forge/src/dispatcher/posix.c:61 140364362151680: r->filehandle = 42, r->size = 1048576, r->offset = 0
13:45:45 ERROR /home/bsc03/bsc03353/forge/src/dispatcher/posix.c:62 140364362151680: single write -1 of expected 1048576
13:45:45 ERROR /home/bsc03/bsc03353/forge/src/dispatcher/posix.c:61 139907369707264: r->filehandle = 40, r->size = 1048576, r->offset = 0
13:45:45 ERROR /home/bsc03/bsc03353/forge/src/dispatcher/posix.c:62 139907369707264: single write -1 of expected 1048576
13:45:45 ERROR /home/bsc03/bsc03353/forge/src/dispatcher/posix.c:61 139881320277760: r->filehandle = 79, r->size = 1048576, r->offset = 0
13:45:45 ERROR /home/bsc03/bsc03353/forge/src/dispatcher/posix.c:62 139881320277760: single write -1 of expected 1048576
13:45:46 ERROR /home/bsc03/bsc03353/forge/src/dispatcher/posix.c:61 140451550844672: r->filehandle = 37, r->size = 1048576, r->offset = 0
13:45:46 ERROR /home/bsc03/bsc03353/forge/src/dispatcher/posix.c:61 139924549609216: r->filehandle = 51, r->size = 1048576, r->offset = 0
13:45:46 ERROR /home/bsc03/bsc03353/forge/src/dispatcher/posix.c:62 140451550844672: single write -1 of expected 1048576
13:45:46 ERROR /home/bsc03/bsc03353/forge/src/dispatcher/posix.c:62 139924549609216: single write -1 of expected 1048576
13:45:46 ERROR /home/bsc03/bsc03353/forge/src/dispatcher/posix.c:61 140466583258880: r->filehandle = 43, r->size = 1048576, r->offset = 0
13:45:46 ERROR /home/bsc03/bsc03353/forge/src/dispatcher/posix.c:62 140466583258880: single write -1 of expected 1048576
13:45:47 ERROR /home/bsc03/bsc03353/forge/src/dispatcher/posix.c:61 140449403356928: r->filehandle = 70, r->size = 1048576, r->offset = 0
13:45:47 ERROR /home/bsc03/bsc03353/forge/src/dispatcher/posix.c:62 140449403356928: single write -1 of expected 1048576
13:45:47 ERROR /home/bsc03/bsc03353/forge/src/dispatcher/posix.c:61 140310997501696: r->filehandle = 38, r->size = 1048576, r->offset = 0
13:45:47 ERROR /home/bsc03/bsc03353/forge/src/dispatcher/posix.c:62 140310997501696: single write -1 of expected 1048576
13:45:47 ERROR /home/bsc03/bsc03353/forge/src/dispatcher/posix.c:61 140221356820224: r->filehandle = 79, r->size = 1048576, r->offset = 0
13:45:47 ERROR /home/bsc03/bsc03353/forge/src/dispatcher/posix.c:62 140221356820224: single write -1 of expected 1048576
13:45:47 ERROR /home/bsc03/bsc03353/forge/src/dispatcher/posix.c:61 139624943281920: r->filehandle = 74, r->size = 1048576, r->offset = 0
13:45:47 ERROR /home/bsc03/bsc03353/forge/src/dispatcher/posix.c:62 139624943281920: single write -1 of expected 1048576
13:45:47 ERROR /home/bsc03/bsc03353/forge/src/dispatcher/posix.c:61 139870582839040: r->filehandle = 41, r->size = 1048576, r->offset = 0
13:45:47 ERROR /home/bsc03/bsc03353/forge/src/dispatcher/posix.c:62 139870582839040: single write -1 of expected 1048576
13:45:48 ERROR /home/bsc03/bsc03353/forge/src/dispatcher/posix.c:61 139913812170496: r->filehandle = 78, r->size = 1048576, r->offset = 0
13:45:48 ERROR /home/bsc03/bsc03353/forge/src/dispatcher/posix.c:62 139913812170496: single write -1 of expected 1048576
13:45:48 ERROR /home/bsc03/bsc03353/forge/src/dispatcher/posix.c:61 140457993307904: r->filehandle = 36, r->size = 1048576, r->offset = 0
13:45:48 ERROR /home/bsc03/bsc03353/forge/src/dispatcher/posix.c:62 140457993307904: single write -1 of expected 1048576
13:45:49 ERROR /home/bsc03/bsc03353/forge/src/dispatcher/posix.c:61 139903074731776: r->filehandle = 72, r->size = 1048576, r->offset = 0
13:45:49 ERROR /home/bsc03/bsc03353/forge/src/dispatcher/posix.c:62 139903074731776: single write -1 of expected 1048576
13:45:49 ERROR /home/bsc03/bsc03353/forge/src/dispatcher/posix.c:61 140236389234432: r->filehandle = 61, r->size = 1048576, r->offset = 0
13:45:49 ERROR /home/bsc03/bsc03353/forge/src/dispatcher/posix.c:62 140236389234432: single write -1 of expected 1048576
13:45:50 ERROR /home/bsc03/bsc03353/forge/src/dispatcher/posix.c:61 140300260062976: r->filehandle = 72, r->size = 1048576, r->offset = 0
13:45:50 ERROR /home/bsc03/bsc03353/forge/src/dispatcher/posix.c:62 140300260062976: single write -1 of expected 1048576
13:45:51 ERROR /home/bsc03/bsc03353/forge/src/dispatcher/posix.c:61 139609910867712: r->filehandle = 63, r->size = 1048576, r->offset = 0
13:45:51 ERROR /home/bsc03/bsc03353/forge/src/dispatcher/posix.c:62 139609910867712: single write -1 of expected 1048576
13:45:52 ERROR /home/bsc03/bsc03353/forge/src/dispatcher/posix.c:61 140219209332480: r->filehandle = 62, r->size = 1048576, r->offset = 0
13:45:52 ERROR /home/bsc03/bsc03353/forge/src/dispatcher/posix.c:62 140219209332480: single write -1 of expected 1048576
13:45:52 ERROR /home/bsc03/bsc03353/forge/src/dispatcher/posix.c:61 140451550844672: r->filehandle = 44, r->size = 1048576, r->offset = 0
13:45:52 ERROR /home/bsc03/bsc03353/forge/src/dispatcher/posix.c:62 140451550844672: single write -1 of expected 1048576
13:45:53 ERROR /home/bsc03/bsc03353/forge/src/dispatcher/posix.c:61 139889910228736: r->filehandle = 46, r->size = 1048576, r->offset = 0
13:45:53 ERROR /home/bsc03/bsc03353/forge/src/dispatcher/posix.c:62 139889910228736: single write -1 of expected 1048576
13:45:53 ERROR /home/bsc03/bsc03353/forge/src/dispatcher/posix.c:61 139773740242688: r->filehandle = 69, r->size = 1048576, r->offset = 0
13:45:53 ERROR /home/bsc03/bsc03353/forge/src/dispatcher/posix.c:62 139773740242688: single write -1 of expected 1048576
13:45:54 ERROR /home/bsc03/bsc03353/forge/src/dispatcher/posix.c:61 140345034761984: r->filehandle = 43, r->size = 1048576, r->offset = 0
13:45:54 ERROR /home/bsc03/bsc03353/forge/src/dispatcher/posix.c:62 140345034761984: single write -1 of expected 1048576
13:45:54 ERROR /home/bsc03/bsc03353/forge/src/dispatcher/posix.c:61 139784477681408: r->filehandle = 80, r->size = 1048576, r->offset = 0
13:45:54 ERROR /home/bsc03/bsc03353/forge/src/dispatcher/posix.c:62 139784477681408: single write -1 of expected 1048576
13:45:55 ERROR /home/bsc03/bsc03353/forge/src/dispatcher/posix.c:61 139913812170496: r->filehandle = 53, r->size = 1048576, r->offset = 0
13:45:55 ERROR /home/bsc03/bsc03353/forge/src/dispatcher/posix.c:61 140315292477184: r->filehandle = 76, r->size = 1048576, r->offset = 0
13:45:55 ERROR /home/bsc03/bsc03353/forge/src/dispatcher/posix.c:62 140315292477184: single write -1 of expected 1048576
13:45:55 ERROR /home/bsc03/bsc03353/forge/src/dispatcher/posix.c:62 139913812170496: single write -1 of expected 1048576
13:45:55 ERROR /home/bsc03/bsc03353/forge/src/dispatcher/posix.c:61 139790920144640: r->filehandle = 82, r->size = 1048576, r->offset = 0
13:45:55 ERROR /home/bsc03/bsc03353/forge/src/dispatcher/posix.c:62 139790920144640: single write -1 of expected 1048576
13:45:55 ERROR /home/bsc03/bsc03353/forge/src/dispatcher/posix.c:61 139924549609216: r->filehandle = 44, r->size = 1048576, r->offset = 0
13:45:55 ERROR /home/bsc03/bsc03353/forge/src/dispatcher/posix.c:61 139896352691968: r->filehandle = 78, r->size = 1048576, r->offset = 0
13:45:55 ERROR /home/bsc03/bsc03353/forge/src/dispatcher/posix.c:61 140447255869184: r->filehandle = 83, r->size = 1048576, r->offset = 0
13:45:55 ERROR /home/bsc03/bsc03353/forge/src/dispatcher/posix.c:62 139924549609216: single write -1 of expected 1048576
13:45:55 ERROR /home/bsc03/bsc03353/forge/src/dispatcher/posix.c:62 139896352691968: single write -1 of expected 1048576
13:45:55 ERROR /home/bsc03/bsc03353/forge/src/dispatcher/posix.c:62 140447255869184: single write -1 of expected 1048576
13:45:56 ERROR /home/bsc03/bsc03353/forge/src/dispatcher/posix.c:61 140214914356992: r->filehandle = 44, r->size = 1048576, r->offset = 0
13:45:56 ERROR /home/bsc03/bsc03353/forge/src/dispatcher/posix.c:62 140214914356992: single write -1 of expected 1048576
13:45:56 ERROR /home/bsc03/bsc03353/forge/src/dispatcher/posix.c:61 139905222219520: r->filehandle = 66, r->size = 1048576, r->offset = 0
13:45:56 ERROR /home/bsc03/bsc03353/forge/src/dispatcher/posix.c:62 139905222219520: single write -1 of expected 1048576
13:45:56 ERROR /home/bsc03/bsc03353/forge/src/dispatcher/posix.c:61 139933139560192: r->filehandle = 41, r->size = 1048576, r->offset = 0
13:45:56 ERROR /home/bsc03/bsc03353/forge/src/dispatcher/posix.c:62 139933139560192: single write -1 of expected 1048576
13:45:56 ERROR /home/bsc03/bsc03353/forge/src/dispatcher/posix.c:61 139793067632384: r->filehandle = 44, r->size = 1048576, r->offset = 0
13:45:56 ERROR /home/bsc03/bsc03353/forge/src/dispatcher/posix.c:61 140473025722112: r->filehandle = 69, r->size = 1048576, r->offset = 0
13:45:56 ERROR /home/bsc03/bsc03353/forge/src/dispatcher/posix.c:62 139793067632384: single write -1 of expected 1048576
13:45:56 ERROR /home/bsc03/bsc03353/forge/src/dispatcher/posix.c:62 140473025722112: single write -1 of expected 1048576
13:45:57 ERROR /home/bsc03/bsc03353/forge/src/dispatcher/posix.c:61 139903074731776: r->filehandle = 76, r->size = 1048576, r->offset = 0
13:45:57 ERROR /home/bsc03/bsc03353/forge/src/dispatcher/posix.c:61 139885615253248: r->filehandle = 59, r->size = 1048576, r->offset = 0
13:45:57 ERROR /home/bsc03/bsc03353/forge/src/dispatcher/posix.c:62 139885615253248: single write -1 of expected 1048576
13:45:57 ERROR /home/bsc03/bsc03353/forge/src/dispatcher/posix.c:62 139903074731776: single write -1 of expected 1048576
13:45:58 ERROR /home/bsc03/bsc03353/forge/src/dispatcher/posix.c:61 140457993307904: r->filehandle = 73, r->size = 1048576, r->offset = 0
13:45:58 ERROR /home/bsc03/bsc03353/forge/src/dispatcher/posix.c:62 140457993307904: single write -1 of expected 1048576
13:45:59 ERROR /home/bsc03/bsc03353/forge/src/dispatcher/posix.c:61 139894205204224: r->filehandle = 60, r->size = 1048576, r->offset = 0
13:45:59 ERROR /home/bsc03/bsc03353/forge/src/dispatcher/posix.c:62 139894205204224: single write -1 of expected 1048576
13:45:59 ERROR /home/bsc03/bsc03353/forge/src/dispatcher/posix.c:61 140470878234368: r->filehandle = 78, r->size = 1048576, r->offset = 0
13:45:59 ERROR /home/bsc03/bsc03353/forge/src/dispatcher/posix.c:62 140470878234368: single write -1 of expected 1048576
13:45:59 ERROR /home/bsc03/bsc03353/forge/src/dispatcher/posix.c:61 139872730326784: r->filehandle = 82, r->size = 1048576, r->offset = 0
13:45:59 ERROR /home/bsc03/bsc03353/forge/src/dispatcher/posix.c:61 140317439964928: r->filehandle = 74, r->size = 1048576, r->offset = 0
13:45:59 ERROR /home/bsc03/bsc03353/forge/src/dispatcher/posix.c:61 139612058355456: r->filehandle = 42, r->size = 1048576, r->offset = 0
13:45:59 ERROR /home/bsc03/bsc03353/forge/src/dispatcher/posix.c:62 139872730326784: single write -1 of expected 1048576
13:45:59 ERROR /home/bsc03/bsc03353/forge/src/dispatcher/posix.c:62 140317439964928: single write -1 of expected 1048576
13:45:59 ERROR /home/bsc03/bsc03353/forge/src/dispatcher/posix.c:62 139612058355456: single write -1 of expected 1048576
13:46:00 ERROR /home/bsc03/bsc03353/forge/src/dispatcher/posix.c:61 140453698332416: r->filehandle = 51, r->size = 1048576, r->offset = 0
13:46:00 ERROR /home/bsc03/bsc03353/forge/src/dispatcher/posix.c:62 140453698332416: single write -1 of expected 1048576
13:46:00 ERROR /home/bsc03/bsc03353/forge/src/dispatcher/posix.c:61 139637828208384: r->filehandle = 82, r->size = 1048576, r->offset = 0
13:46:00 ERROR /home/bsc03/bsc03353/forge/src/dispatcher/posix.c:62 139637828208384: single write -1 of expected 1048576
13:46:01 ERROR /home/bsc03/bsc03353/forge/src/dispatcher/posix.c:61 140342887274240: r->filehandle = 72, r->size = 1048576, r->offset = 0
13:46:01 ERROR /home/bsc03/bsc03353/forge/src/dispatcher/posix.c:62 140342887274240: single write -1 of expected 1048576
13:46:02 ERROR /home/bsc03/bsc03353/forge/src/dispatcher/posix.c:61 139928844584704: r->filehandle = 71, r->size = 1048576, r->offset = 0
13:46:02 ERROR /home/bsc03/bsc03353/forge/src/dispatcher/posix.c:62 139928844584704: single write -1 of expected 1048576
13:46:03 ERROR /home/bsc03/bsc03353/forge/src/dispatcher/posix.c:61 140217061844736: r->filehandle = 64, r->size = 1048576, r->offset = 0
13:46:03 ERROR /home/bsc03/bsc03353/forge/src/dispatcher/posix.c:62 140217061844736: single write -1 of expected 1048576
13:46:03 ERROR /home/bsc03/bsc03353/forge/src/dispatcher/posix.c:61 140347182249728: r->filehandle = 77, r->size = 1048576, r->offset = 0
13:46:03 ERROR /home/bsc03/bsc03353/forge/src/dispatcher/posix.c:61 139633533232896: r->filehandle = 77, r->size = 1048576, r->offset = 0
13:46:03 ERROR /home/bsc03/bsc03353/forge/src/dispatcher/posix.c:61 139887762740992: r->filehandle = 39, r->size = 1048576, r->offset = 0
13:46:03 ERROR /home/bsc03/bsc03353/forge/src/dispatcher/posix.c:62 140347182249728: single write -1 of expected 1048576
13:46:03 ERROR /home/bsc03/bsc03353/forge/src/dispatcher/posix.c:62 139633533232896: single write -1 of expected 1048576
13:46:03 ERROR /home/bsc03/bsc03353/forge/src/dispatcher/posix.c:62 139887762740992: single write -1 of expected 1048576
13:46:04 ERROR /home/bsc03/bsc03353/forge/src/dispatcher/posix.c:61 140455845820160: r->filehandle = 74, r->size = 1048576, r->offset = 0
13:46:04 ERROR /home/bsc03/bsc03353/forge/src/dispatcher/posix.c:62 140455845820160: single write -1 of expected 1048576
13:46:04 ERROR /home/bsc03/bsc03353/forge/src/dispatcher/posix.c:61 139631385745152: r->filehandle = 39, r->size = 1048576, r->offset = 0
13:46:04 ERROR /home/bsc03/bsc03353/forge/src/dispatcher/posix.c:61 139913812170496: r->filehandle = 36, r->size = 1048576, r->offset = 0
13:46:04 ERROR /home/bsc03/bsc03353/forge/src/dispatcher/posix.c:61 140238536722176: r->filehandle = 49, r->size = 1048576, r->offset = 0
13:46:04 ERROR /home/bsc03/bsc03353/forge/src/dispatcher/posix.c:62 139631385745152: single write -1 of expected 1048576
13:46:04 ERROR /home/bsc03/bsc03353/forge/src/dispatcher/posix.c:62 140238536722176: single write -1 of expected 1048576
13:46:04 ERROR /home/bsc03/bsc03353/forge/src/dispatcher/posix.c:62 139913812170496: single write -1 of expected 1048576
13:46:05 ERROR /home/bsc03/bsc03353/forge/src/dispatcher/posix.c:61 139620648306432: r->filehandle = 75, r->size = 1048576, r->offset = 0
13:46:05 ERROR /home/bsc03/bsc03353/forge/src/dispatcher/posix.c:62 139620648306432: single write -1 of expected 1048576
13:46:05 ERROR /home/bsc03/bsc03353/forge/src/dispatcher/posix.c:61 140451550844672: r->filehandle = 76, r->size = 1048576, r->offset = 0
13:46:05 ERROR /home/bsc03/bsc03353/forge/src/dispatcher/posix.c:62 140451550844672: single write -1 of expected 1048576
13:46:06 ERROR /home/bsc03/bsc03353/forge/src/dispatcher/posix.c:61 139780182705920: r->filehandle = 40, r->size = 1048576, r->offset = 0
13:46:06 ERROR /home/bsc03/bsc03353/forge/src/dispatcher/posix.c:62 139780182705920: single write -1 of expected 1048576
13:46:06 ERROR /home/bsc03/bsc03353/forge/src/dispatcher/posix.c:61 139898500179712: r->filehandle = 36, r->size = 1048576, r->offset = 0
13:46:06 ERROR /home/bsc03/bsc03353/forge/src/dispatcher/posix.c:62 139898500179712: single write -1 of expected 1048576
13:46:06 ERROR /home/bsc03/bsc03353/forge/src/dispatcher/posix.c:61 140319587452672: r->filehandle = 58, r->size = 1048576, r->offset = 0
13:46:06 ERROR /home/bsc03/bsc03353/forge/src/dispatcher/posix.c:62 140319587452672: single write -1 of expected 1048576
13:46:06 ERROR /home/bsc03/bsc03353/forge/src/dispatcher/posix.c:61 139928844584704: r->filehandle = 64, r->size = 1048576, r->offset = 0
13:46:06 ERROR /home/bsc03/bsc03353/forge/src/dispatcher/posix.c:62 139928844584704: single write -1 of expected 1048576
13:46:07 ERROR /home/bsc03/bsc03353/forge/src/dispatcher/posix.c:61 139637828208384: r->filehandle = 46, r->size = 1048576, r->offset = 0
13:46:07 ERROR /home/bsc03/bsc03353/forge/src/dispatcher/posix.c:62 139637828208384: single write -1 of expected 1048576
13:46:07 ERROR /home/bsc03/bsc03353/forge/src/dispatcher/posix.c:61 139797362607872: r->filehandle = 81, r->size = 1048576, r->offset = 0
13:46:07 ERROR /home/bsc03/bsc03353/forge/src/dispatcher/posix.c:62 139797362607872: single write -1 of expected 1048576
13:46:07 ERROR /home/bsc03/bsc03353/forge/src/dispatcher/posix.c:61 140353624712960: r->filehandle = 40, r->size = 1048576, r->offset = 0
13:46:07 ERROR /home/bsc03/bsc03353/forge/src/dispatcher/posix.c:62 140353624712960: single write -1 of expected 1048576
13:46:08 ERROR /home/bsc03/bsc03353/forge/src/dispatcher/posix.c:61 139930992072448: r->filehandle = 61, r->size = 1048576, r->offset = 0
13:46:08 ERROR /home/bsc03/bsc03353/forge/src/dispatcher/posix.c:62 139930992072448: single write -1 of expected 1048576
13:46:08 ERROR /home/bsc03/bsc03353/forge/src/dispatcher/posix.c:61 140214914356992: r->filehandle = 76, r->size = 1048576, r->offset = 0
13:46:08 ERROR /home/bsc03/bsc03353/forge/src/dispatcher/posix.c:62 140214914356992: single write -1 of expected 1048576
13:46:09 ERROR /home/bsc03/bsc03353/forge/src/dispatcher/posix.c:61 139801657583360: r->filehandle = 71, r->size = 1048576, r->offset = 0
13:46:09 ERROR /home/bsc03/bsc03353/forge/src/dispatcher/posix.c:62 139801657583360: single write -1 of expected 1048576
13:46:10 ERROR /home/bsc03/bsc03353/forge/src/dispatcher/posix.c:61 140475173209856: r->filehandle = 67, r->size = 1048576, r->offset = 0
13:46:10 ERROR /home/bsc03/bsc03353/forge/src/dispatcher/posix.c:62 140475173209856: single write -1 of expected 1048576
13:46:10 ERROR /home/bsc03/bsc03353/forge/src/dispatcher/posix.c:61 139900927244032: r->filehandle = 43, r->size = 1048576, r->offset = 0
13:46:10 ERROR /home/bsc03/bsc03353/forge/src/dispatcher/posix.c:61 140221356820224: r->filehandle = 51, r->size = 1048576, r->offset = 0
13:46:10 ERROR /home/bsc03/bsc03353/forge/src/dispatcher/posix.c:62 139900927244032: single write -1 of expected 1048576
13:46:10 ERROR /home/bsc03/bsc03353/forge/src/dispatcher/posix.c:62 140221356820224: single write -1 of expected 1048576
13:46:10 ERROR /home/bsc03/bsc03353/forge/src/dispatcher/posix.c:61 140468730746624: r->filehandle = 79, r->size = 1048576, r->offset = 0
13:46:10 ERROR /home/bsc03/bsc03353/forge/src/dispatcher/posix.c:62 140468730746624: single write -1 of expected 1048576
13:46:11 ERROR /home/bsc03/bsc03353/forge/src/dispatcher/posix.c:61 139784477681408: r->filehandle = 61, r->size = 1048576, r->offset = 0
13:46:11 ERROR /home/bsc03/bsc03353/forge/src/dispatcher/posix.c:62 139784477681408: single write -1 of expected 1048576
13:46:12 ERROR /home/bsc03/bsc03353/forge/src/dispatcher/posix.c:61 139926697096960: r->filehandle = 47, r->size = 1048576, r->offset = 0
13:46:12 ERROR /home/bsc03/bsc03353/forge/src/dispatcher/posix.c:61 140219209332480: r->filehandle = 66, r->size = 1048576, r->offset = 0
13:46:12 ERROR /home/bsc03/bsc03353/forge/src/dispatcher/posix.c:61 140455845820160: r->filehandle = 41, r->size = 1048576, r->offset = 0
13:46:12 ERROR /home/bsc03/bsc03353/forge/src/dispatcher/posix.c:61 140291670112000: r->filehandle = 44, r->size = 1048576, r->offset = 0
13:46:12 ERROR /home/bsc03/bsc03353/forge/src/dispatcher/posix.c:62 140219209332480: single write -1 of expected 1048576
13:46:12 ERROR /home/bsc03/bsc03353/forge/src/dispatcher/posix.c:62 139926697096960: single write -1 of expected 1048576
13:46:12 ERROR /home/bsc03/bsc03353/forge/src/dispatcher/posix.c:62 140455845820160: single write -1 of expected 1048576
13:46:12 ERROR /home/bsc03/bsc03353/forge/src/dispatcher/posix.c:62 140291670112000: single write -1 of expected 1048576
13:46:12 ERROR /home/bsc03/bsc03353/forge/src/dispatcher/posix.c:61 139933139560192: r->filehandle = 37, r->size = 1048576, r->offset = 0
13:46:12 ERROR /home/bsc03/bsc03353/forge/src/dispatcher/posix.c:62 139933139560192: single write -1 of expected 1048576
13:46:13 ERROR /home/bsc03/bsc03353/forge/src/dispatcher/posix.c:61 139609910867712: r->filehandle = 36, r->size = 1048576, r->offset = 0
13:46:13 ERROR /home/bsc03/bsc03353/forge/src/dispatcher/posix.c:61 140229946771200: r->filehandle = 73, r->size = 1048576, r->offset = 0
13:46:13 ERROR /home/bsc03/bsc03353/forge/src/dispatcher/posix.c:62 139609910867712: single write -1 of expected 1048576
13:46:13 ERROR /home/bsc03/bsc03353/forge/src/dispatcher/posix.c:62 140229946771200: single write -1 of expected 1048576
13:46:13 ERROR /home/bsc03/bsc03353/forge/src/dispatcher/posix.c:61 139885615253248: r->filehandle = 53, r->size = 1048576, r->offset = 0
13:46:13 ERROR /home/bsc03/bsc03353/forge/src/dispatcher/posix.c:62 139885615253248: single write -1 of expected 1048576
13:46:13 ERROR /home/bsc03/bsc03353/forge/src/dispatcher/posix.c:61 140464435771136: r->filehandle = 60, r->size = 1048576, r->offset = 0
13:46:13 ERROR /home/bsc03/bsc03353/forge/src/dispatcher/posix.c:62 140464435771136: single write -1 of expected 1048576
13:46:14 ERROR /home/bsc03/bsc03353/forge/src/dispatcher/posix.c:61 139874877814528: r->filehandle = 47, r->size = 1048576, r->offset = 0
13:46:14 ERROR /home/bsc03/bsc03353/forge/src/dispatcher/posix.c:62 139874877814528: single write -1 of expected 1048576
13:46:14 ERROR /home/bsc03/bsc03353/forge/src/dispatcher/posix.c:61 139771592754944: r->filehandle = 75, r->size = 1048576, r->offset = 0
13:46:14 ERROR /home/bsc03/bsc03353/forge/src/dispatcher/posix.c:62 139771592754944: single write -1 of expected 1048576
13:46:15 ERROR /home/bsc03/bsc03353/forge/src/dispatcher/posix.c:61 139915959658240: r->filehandle = 62, r->size = 1048576, r->offset = 0
13:46:15 ERROR /home/bsc03/bsc03353/forge/src/dispatcher/posix.c:62 139915959658240: single write -1 of expected 1048576
13:46:16 ERROR /home/bsc03/bsc03353/forge/src/dispatcher/posix.c:61 140308850013952: r->filehandle = 71, r->size = 1048576, r->offset = 0
13:46:16 ERROR /home/bsc03/bsc03353/forge/src/dispatcher/posix.c:61 139922402121472: r->filehandle = 65, r->size = 1048576, r->offset = 0
13:46:16 ERROR /home/bsc03/bsc03353/forge/src/dispatcher/posix.c:62 139922402121472: single write -1 of expected 1048576
13:46:16 ERROR /home/bsc03/bsc03353/forge/src/dispatcher/posix.c:61 139803805071104: r->filehandle = 63, r->size = 1048576, r->offset = 0
13:46:16 ERROR /home/bsc03/bsc03353/forge/src/dispatcher/posix.c:62 140308850013952: single write -1 of expected 1048576
13:46:16 ERROR /home/bsc03/bsc03353/forge/src/dispatcher/posix.c:62 139803805071104: single write -1 of expected 1048576
13:46:16 ERROR /home/bsc03/bsc03353/forge/src/dispatcher/posix.c:61 139627090769664: r->filehandle = 71, r->size = 1048576, r->offset = 0
13:46:16 ERROR /home/bsc03/bsc03353/forge/src/dispatcher/posix.c:62 139627090769664: single write -1 of expected 1048576
13:46:17 ERROR /home/bsc03/bsc03353/forge/src/dispatcher/posix.c:61 140349329737472: r->filehandle = 48, r->size = 1048576, r->offset = 0
13:46:17 ERROR /home/bsc03/bsc03353/forge/src/dispatcher/posix.c:62 140349329737472: single write -1 of expected 1048576
13:46:18 ERROR /home/bsc03/bsc03353/forge/src/dispatcher/posix.c:61 140210619381504: r->filehandle = 78, r->size = 1048576, r->offset = 0
13:46:18 ERROR /home/bsc03/bsc03353/forge/src/dispatcher/posix.c:62 140210619381504: single write -1 of expected 1048576
13:46:18 ERROR /home/bsc03/bsc03353/forge/src/dispatcher/posix.c:61 140345034761984: r->filehandle = 38, r->size = 1048576, r->offset = 0
13:46:18 ERROR /home/bsc03/bsc03353/forge/src/dispatcher/posix.c:62 140345034761984: single write -1 of expected 1048576
13:46:19 ERROR /home/bsc03/bsc03353/forge/src/dispatcher/posix.c:61 140336444811008: r->filehandle = 39, r->size = 1048576, r->offset = 0
13:46:19 ERROR /home/bsc03/bsc03353/forge/src/dispatcher/posix.c:62 140336444811008: single write -1 of expected 1048576
13:46:20 ERROR /home/bsc03/bsc03353/forge/src/dispatcher/posix.c:61 140300260062976: r->filehandle = 77, r->size = 1048576, r->offset = 0
13:46:20 ERROR /home/bsc03/bsc03353/forge/src/dispatcher/posix.c:62 140300260062976: single write -1 of expected 1048576
13:46:21 ERROR /home/bsc03/bsc03353/forge/src/dispatcher/posix.c:61 140355772200704: r->filehandle = 74, r->size = 1048576, r->offset = 0
13:46:21 ERROR /home/bsc03/bsc03353/forge/src/dispatcher/posix.c:62 140355772200704: single write -1 of expected 1048576
13:46:23 ERROR /home/bsc03/bsc03353/forge/src/dispatcher/posix.c:61 139795215120128: r->filehandle = 77, r->size = 1048576, r->offset = 0
13:46:23 ERROR /home/bsc03/bsc03353/forge/src/dispatcher/posix.c:62 139795215120128: single write -1 of expected 1048576
13:46:25 ERROR /home/bsc03/bsc03353/forge/src/dispatcher/posix.c:61 139799510095616: r->filehandle = 39, r->size = 1048576, r->offset = 0
13:46:25 ERROR /home/bsc03/bsc03353/forge/src/dispatcher/posix.c:62 139799510095616: single write -1 of expected 1048576
13:46:26 ERROR /home/bsc03/bsc03353/forge/src/dispatcher/posix.c:61 139637828208384: r->filehandle = 59, r->size = 1048576, r->offset = 0
13:46:26 ERROR /home/bsc03/bsc03353/forge/src/dispatcher/posix.c:61 140225651795712: r->filehandle = 69, r->size = 1048576, r->offset = 0
13:46:26 ERROR /home/bsc03/bsc03353/forge/src/dispatcher/posix.c:62 139637828208384: single write -1 of expected 1048576
13:46:26 ERROR /home/bsc03/bsc03353/forge/src/dispatcher/posix.c:62 140225651795712: single write -1 of expected 1048576
13:46:26 ERROR /home/bsc03/bsc03353/forge/src/dispatcher/posix.c:61 139905222219520: r->filehandle = 52, r->size = 1048576, r->offset = 0
13:46:26 ERROR /home/bsc03/bsc03353/forge/src/dispatcher/posix.c:61 140321734940416: r->filehandle = 82, r->size = 1048576, r->offset = 0
13:46:26 ERROR /home/bsc03/bsc03353/forge/src/dispatcher/posix.c:61 140336444811008: r->filehandle = 63, r->size = 1048576, r->offset = 0
13:46:26 ERROR /home/bsc03/bsc03353/forge/src/dispatcher/posix.c:62 140321734940416: single write -1 of expected 1048576
13:46:26 ERROR /home/bsc03/bsc03353/forge/src/dispatcher/posix.c:62 140336444811008: single write -1 of expected 1048576
13:46:26 ERROR /home/bsc03/bsc03353/forge/src/dispatcher/posix.c:62 139905222219520: single write -1 of expected 1048576
13:46:27 ERROR /home/bsc03/bsc03353/forge/src/dispatcher/posix.c:61 140302407550720: r->filehandle = 41, r->size = 1048576, r->offset = 0
13:46:27 ERROR /home/bsc03/bsc03353/forge/src/dispatcher/posix.c:61 139790920144640: r->filehandle = 46, r->size = 1048576, r->offset = 0
13:46:27 ERROR /home/bsc03/bsc03353/forge/src/dispatcher/posix.c:62 140302407550720: single write -1 of expected 1048576
13:46:27 ERROR /home/bsc03/bsc03353/forge/src/dispatcher/posix.c:62 139790920144640: single write -1 of expected 1048576
13:46:27 ERROR /home/bsc03/bsc03353/forge/src/dispatcher/posix.c:61 140445108381440: r->filehandle = 42, r->size = 1048576, r->offset = 0
13:46:27 ERROR /home/bsc03/bsc03353/forge/src/dispatcher/posix.c:62 140445108381440: single write -1 of expected 1048576
13:46:28 ERROR /home/bsc03/bsc03353/forge/src/dispatcher/posix.c:61 139922402121472: r->filehandle = 60, r->size = 1048576, r->offset = 0
13:46:28 ERROR /home/bsc03/bsc03353/forge/src/dispatcher/posix.c:62 139922402121472: single write -1 of expected 1048576
13:46:28 ERROR /home/bsc03/bsc03353/forge/src/dispatcher/posix.c:61 139879172790016: r->filehandle = 43, r->size = 1048576, r->offset = 0
13:46:28 ERROR /home/bsc03/bsc03353/forge/src/dispatcher/posix.c:62 139879172790016: single write -1 of expected 1048576
13:46:29 ERROR /home/bsc03/bsc03353/forge/src/dispatcher/posix.c:61 140355772200704: r->filehandle = 41, r->size = 1048576, r->offset = 0
13:46:29 ERROR /home/bsc03/bsc03353/forge/src/dispatcher/posix.c:61 140238536722176: r->filehandle = 75, r->size = 1048576, r->offset = 0
13:46:29 ERROR /home/bsc03/bsc03353/forge/src/dispatcher/posix.c:61 140466583258880: r->filehandle = 57, r->size = 1048576, r->offset = 0
13:46:29 ERROR /home/bsc03/bsc03353/forge/src/dispatcher/posix.c:62 140238536722176: single write -1 of expected 1048576
13:46:29 ERROR /home/bsc03/bsc03353/forge/src/dispatcher/posix.c:62 140355772200704: single write -1 of expected 1048576
13:46:29 ERROR /home/bsc03/bsc03353/forge/src/dispatcher/posix.c:62 140466583258880: single write -1 of expected 1048576
13:46:30 ERROR /home/bsc03/bsc03353/forge/src/dispatcher/posix.c:61 140357919688448: r->filehandle = 44, r->size = 1048576, r->offset = 0
13:46:30 ERROR /home/bsc03/bsc03353/forge/src/dispatcher/posix.c:62 140357919688448: single write -1 of expected 1048576
13:46:30 ERROR /home/bsc03/bsc03353/forge/src/dispatcher/posix.c:61 140457993307904: r->filehandle = 56, r->size = 1048576, r->offset = 0
13:46:30 ERROR /home/bsc03/bsc03353/forge/src/dispatcher/posix.c:61 139775887730432: r->filehandle = 47, r->size = 1048576, r->offset = 0
13:46:30 ERROR /home/bsc03/bsc03353/forge/src/dispatcher/posix.c:62 140457993307904: single write -1 of expected 1048576
13:46:30 ERROR /home/bsc03/bsc03353/forge/src/dispatcher/posix.c:62 139775887730432: single write -1 of expected 1048576
13:46:31 ERROR /home/bsc03/bsc03353/forge/src/dispatcher/posix.c:61 140336444811008: r->filehandle = 56, r->size = 1048576, r->offset = 0
13:46:31 ERROR /home/bsc03/bsc03353/forge/src/dispatcher/posix.c:62 140336444811008: single write -1 of expected 1048576
13:46:33 ERROR /home/bsc03/bsc03353/forge/src/dispatcher/posix.c:61 139624943281920: r->filehandle = 62, r->size = 1048576, r->offset = 0
13:46:33 ERROR /home/bsc03/bsc03353/forge/src/dispatcher/posix.c:61 140473025722112: r->filehandle = 59, r->size = 1048576, r->offset = 0
13:46:33 ERROR /home/bsc03/bsc03353/forge/src/dispatcher/posix.c:62 139624943281920: single write -1 of expected 1048576
13:46:33 ERROR /home/bsc03/bsc03353/forge/src/dispatcher/posix.c:62 140473025722112: single write -1 of expected 1048576
13:46:34 ERROR /home/bsc03/bsc03353/forge/src/dispatcher/posix.c:61 140351477225216: r->filehandle = 47, r->size = 1048576, r->offset = 0
13:46:34 ERROR /home/bsc03/bsc03353/forge/src/dispatcher/posix.c:62 140351477225216: single write -1 of expected 1048576
13:46:34 ERROR /home/bsc03/bsc03353/forge/src/dispatcher/posix.c:61 140227799283456: r->filehandle = 59, r->size = 1048576, r->offset = 0
13:46:34 ERROR /home/bsc03/bsc03353/forge/src/dispatcher/posix.c:62 140227799283456: single write -1 of expected 1048576
13:46:34 ERROR /home/bsc03/bsc03353/forge/src/dispatcher/posix.c:61 139928844584704: r->filehandle = 48, r->size = 1048576, r->offset = 0
13:46:34 ERROR /home/bsc03/bsc03353/forge/src/dispatcher/posix.c:62 139928844584704: single write -1 of expected 1048576
13:46:34 ERROR /home/bsc03/bsc03353/forge/src/dispatcher/posix.c:61 139903074731776: r->filehandle = 45, r->size = 1048576, r->offset = 0
13:46:34 ERROR /home/bsc03/bsc03353/forge/src/dispatcher/posix.c:62 139903074731776: single write -1 of expected 1048576
13:46:35 ERROR /home/bsc03/bsc03353/forge/src/dispatcher/posix.c:61 139883467765504: r->filehandle = 61, r->size = 1048576, r->offset = 0
13:46:35 ERROR /home/bsc03/bsc03353/forge/src/dispatcher/posix.c:62 139883467765504: single write -1 of expected 1048576
13:46:35 ERROR /home/bsc03/bsc03353/forge/src/dispatcher/posix.c:61 139870582839040: r->filehandle = 66, r->size = 1048576, r->offset = 0
13:46:35 ERROR /home/bsc03/bsc03353/forge/src/dispatcher/posix.c:62 139870582839040: single write -1 of expected 1048576
13:46:35 ERROR /home/bsc03/bsc03353/forge/src/dispatcher/posix.c:61 140313144989440: r->filehandle = 36, r->size = 1048576, r->offset = 0
13:46:35 ERROR /home/bsc03/bsc03353/forge/src/dispatcher/posix.c:62 140313144989440: single write -1 of expected 1048576
13:46:36 ERROR /home/bsc03/bsc03353/forge/src/dispatcher/posix.c:61 140340739786496: r->filehandle = 62, r->size = 1048576, r->offset = 0
13:46:36 ERROR /home/bsc03/bsc03353/forge/src/dispatcher/posix.c:62 140340739786496: single write -1 of expected 1048576
13:46:36 ERROR /home/bsc03/bsc03353/forge/src/dispatcher/posix.c:61 139920254633728: r->filehandle = 49, r->size = 1048576, r->offset = 0
13:46:36 ERROR /home/bsc03/bsc03353/forge/src/dispatcher/posix.c:62 139920254633728: single write -1 of expected 1048576
13:46:37 ERROR /home/bsc03/bsc03353/forge/src/dispatcher/posix.c:61 139879172790016: r->filehandle = 81, r->size = 1048576, r->offset = 0
13:46:37 ERROR /home/bsc03/bsc03353/forge/src/dispatcher/posix.c:62 139879172790016: single write -1 of expected 1048576
13:46:37 ERROR /home/bsc03/bsc03353/forge/src/dispatcher/posix.c:61 140310997501696: r->filehandle = 45, r->size = 1048576, r->offset = 0
13:46:37 ERROR /home/bsc03/bsc03353/forge/src/dispatcher/posix.c:62 140310997501696: single write -1 of expected 1048576
13:46:38 ERROR /home/bsc03/bsc03353/forge/src/dispatcher/posix.c:61 140362214663936: r->filehandle = 83, r->size = 1048576, r->offset = 0
13:46:38 ERROR /home/bsc03/bsc03353/forge/src/dispatcher/posix.c:62 140362214663936: single write -1 of expected 1048576
13:46:38 ERROR /home/bsc03/bsc03353/forge/src/dispatcher/posix.c:61 139612058355456: r->filehandle = 56, r->size = 1048576, r->offset = 0
13:46:38 ERROR /home/bsc03/bsc03353/forge/src/dispatcher/posix.c:62 139612058355456: single write -1 of expected 1048576
13:46:38 ERROR /home/bsc03/bsc03353/forge/src/dispatcher/posix.c:61 139778035218176: r->filehandle = 48, r->size = 1048576, r->offset = 0
13:46:38 ERROR /home/bsc03/bsc03353/forge/src/dispatcher/posix.c:62 139778035218176: single write -1 of expected 1048576
13:46:38 ERROR /home/bsc03/bsc03353/forge/src/dispatcher/posix.c:61 140221356820224: r->filehandle = 45, r->size = 1048576, r->offset = 0
13:46:38 ERROR /home/bsc03/bsc03353/forge/src/dispatcher/posix.c:62 140221356820224: single write -1 of expected 1048576
13:46:38 ERROR /home/bsc03/bsc03353/forge/src/dispatcher/posix.c:61 140338592298752: r->filehandle = 51, r->size = 1048576, r->offset = 0
13:46:38 ERROR /home/bsc03/bsc03353/forge/src/dispatcher/posix.c:62 140338592298752: single write -1 of expected 1048576
13:46:41 ERROR /home/bsc03/bsc03353/forge/src/dispatcher/posix.c:61 140475173209856: r->filehandle = 47, r->size = 1048576, r->offset = 0
13:46:41 ERROR /home/bsc03/bsc03353/forge/src/dispatcher/posix.c:62 140475173209856: single write -1 of expected 1048576
13:46:41 ERROR /home/bsc03/bsc03353/forge/src/dispatcher/posix.c:61 139793067632384: r->filehandle = 49, r->size = 1048576, r->offset = 0
13:46:41 ERROR /home/bsc03/bsc03353/forge/src/dispatcher/posix.c:62 139793067632384: single write -1 of expected 1048576
13:46:41 ERROR /home/bsc03/bsc03353/forge/src/dispatcher/posix.c:61 140306702526208: r->filehandle = 42, r->size = 1048576, r->offset = 0
13:46:41 ERROR /home/bsc03/bsc03353/forge/src/dispatcher/posix.c:62 140306702526208: single write -1 of expected 1048576
13:46:41 ERROR /home/bsc03/bsc03353/forge/src/dispatcher/posix.c:61 139883467765504: r->filehandle = 49, r->size = 1048576, r->offset = 0
13:46:41 ERROR /home/bsc03/bsc03353/forge/src/dispatcher/posix.c:62 139883467765504: single write -1 of expected 1048576
13:46:43 ERROR /home/bsc03/bsc03353/forge/src/dispatcher/posix.c:61 139922402121472: r->filehandle = 77, r->size = 1048576, r->offset = 0
13:46:43 ERROR /home/bsc03/bsc03353/forge/src/dispatcher/posix.c:61 140217061844736: r->filehandle = 81, r->size = 1048576, r->offset = 0
13:46:43 ERROR /home/bsc03/bsc03353/forge/src/dispatcher/posix.c:62 139922402121472: single write -1 of expected 1048576
13:46:43 ERROR /home/bsc03/bsc03353/forge/src/dispatcher/posix.c:62 140217061844736: single write -1 of expected 1048576
13:46:43 ERROR /home/bsc03/bsc03353/forge/src/dispatcher/posix.c:61 139887762740992: r->filehandle = 44, r->size = 1048576, r->offset = 0
13:46:43 ERROR /home/bsc03/bsc03353/forge/src/dispatcher/posix.c:62 139887762740992: single write -1 of expected 1048576
13:46:45 ERROR /home/bsc03/bsc03353/forge/src/dispatcher/posix.c:61 139614205843200: r->filehandle = 45, r->size = 1048576, r->offset = 0
13:46:45 ERROR /home/bsc03/bsc03353/forge/src/dispatcher/posix.c:62 139614205843200: single write -1 of expected 1048576
13:46:46 ERROR /home/bsc03/bsc03353/forge/src/dispatcher/posix.c:61 140232094258944: r->filehandle = 46, r->size = 1048576, r->offset = 0
13:46:46 ERROR /home/bsc03/bsc03353/forge/src/dispatcher/posix.c:62 140232094258944: single write -1 of expected 1048576
13:46:47 ERROR /home/bsc03/bsc03353/forge/src/dispatcher/posix.c:61 139874877814528: r->filehandle = 54, r->size = 1048576, r->offset = 0
13:46:47 ERROR /home/bsc03/bsc03353/forge/src/dispatcher/posix.c:61 139788772656896: r->filehandle = 42, r->size = 1048576, r->offset = 0
13:46:47 ERROR /home/bsc03/bsc03353/forge/src/dispatcher/posix.c:62 139874877814528: single write -1 of expected 1048576
13:46:47 ERROR /home/bsc03/bsc03353/forge/src/dispatcher/posix.c:62 139788772656896: single write -1 of expected 1048576
13:46:47 ERROR /home/bsc03/bsc03353/forge/src/dispatcher/posix.c:61 140295965087488: r->filehandle = 61, r->size = 1048576, r->offset = 0
13:46:47 ERROR /home/bsc03/bsc03353/forge/src/dispatcher/posix.c:61 139898500179712: r->filehandle = 50, r->size = 1048576, r->offset = 0
13:46:47 ERROR /home/bsc03/bsc03353/forge/src/dispatcher/posix.c:62 140295965087488: single write -1 of expected 1048576
13:46:47 ERROR /home/bsc03/bsc03353/forge/src/dispatcher/posix.c:62 139898500179712: single write -1 of expected 1048576
13:46:47 ERROR /home/bsc03/bsc03353/forge/src/dispatcher/posix.c:61 140210619381504: r->filehandle = 53, r->size = 1048576, r->offset = 0
13:46:47 ERROR /home/bsc03/bsc03353/forge/src/dispatcher/posix.c:62 140210619381504: single write -1 of expected 1048576
13:46:48 ERROR /home/bsc03/bsc03353/forge/src/dispatcher/posix.c:61 140364362151680: r->filehandle = 53, r->size = 1048576, r->offset = 0
13:46:48 ERROR /home/bsc03/bsc03353/forge/src/dispatcher/posix.c:62 140364362151680: single write -1 of expected 1048576
13:46:49 ERROR /home/bsc03/bsc03353/forge/src/dispatcher/posix.c:61 140360067176192: r->filehandle = 66, r->size = 1048576, r->offset = 0
13:46:49 ERROR /home/bsc03/bsc03353/forge/src/dispatcher/posix.c:62 140360067176192: single write -1 of expected 1048576
13:46:49 ERROR /home/bsc03/bsc03353/forge/src/dispatcher/posix.c:61 140455845820160: r->filehandle = 40, r->size = 1048576, r->offset = 0
13:46:49 ERROR /home/bsc03/bsc03353/forge/src/dispatcher/posix.c:62 140455845820160: single write -1 of expected 1048576
13:46:49 ERROR /home/bsc03/bsc03353/forge/src/dispatcher/posix.c:61 140298112575232: r->filehandle = 50, r->size = 1048576, r->offset = 0
13:46:49 ERROR /home/bsc03/bsc03353/forge/src/dispatcher/posix.c:62 140298112575232: single write -1 of expected 1048576
13:46:50 ERROR /home/bsc03/bsc03353/forge/src/dispatcher/posix.c:61 140212766869248: r->filehandle = 67, r->size = 1048576, r->offset = 0
13:46:50 ERROR /home/bsc03/bsc03353/forge/src/dispatcher/posix.c:62 140212766869248: single write -1 of expected 1048576
13:46:50 ERROR /home/bsc03/bsc03353/forge/src/dispatcher/posix.c:61 139926697096960: r->filehandle = 35, r->size = 1048576, r->offset = 0
13:46:50 ERROR /home/bsc03/bsc03353/forge/src/dispatcher/posix.c:62 139926697096960: single write -1 of expected 1048576
13:46:51 ERROR /home/bsc03/bsc03353/forge/src/dispatcher/posix.c:61 139889910228736: r->filehandle = 76, r->size = 1048576, r->offset = 0
13:46:51 ERROR /home/bsc03/bsc03353/forge/src/dispatcher/posix.c:62 139889910228736: single write -1 of expected 1048576
13:46:51 ERROR /home/bsc03/bsc03353/forge/src/dispatcher/posix.c:61 140364362151680: r->filehandle = 45, r->size = 1048576, r->offset = 0
13:46:51 ERROR /home/bsc03/bsc03353/forge/src/dispatcher/posix.c:62 140364362151680: single write -1 of expected 1048576
13:46:51 ERROR /home/bsc03/bsc03353/forge/src/dispatcher/posix.c:61 140217061844736: r->filehandle = 80, r->size = 1048576, r->offset = 0
13:46:51 ERROR /home/bsc03/bsc03353/forge/src/dispatcher/posix.c:62 140217061844736: single write -1 of expected 1048576
13:46:52 ERROR /home/bsc03/bsc03353/forge/src/dispatcher/posix.c:61 139924549609216: r->filehandle = 57, r->size = 1048576, r->offset = 0
13:46:52 ERROR /home/bsc03/bsc03353/forge/src/dispatcher/posix.c:61 139607763379968: r->filehandle = 83, r->size = 1048576, r->offset = 0
13:46:52 ERROR /home/bsc03/bsc03353/forge/src/dispatcher/posix.c:62 139607763379968: single write -1 of expected 1048576
13:46:52 ERROR /home/bsc03/bsc03353/forge/src/dispatcher/posix.c:62 139924549609216: single write -1 of expected 1048576
13:46:53 ERROR /home/bsc03/bsc03353/forge/src/dispatcher/posix.c:61 140357919688448: r->filehandle = 64, r->size = 1048576, r->offset = 0
13:46:53 ERROR /home/bsc03/bsc03353/forge/src/dispatcher/posix.c:62 140357919688448: single write -1 of expected 1048576
13:46:54 ERROR /home/bsc03/bsc03353/forge/src/dispatcher/posix.c:61 140212766869248: r->filehandle = 71, r->size = 1048576, r->offset = 0
13:46:54 ERROR /home/bsc03/bsc03353/forge/src/dispatcher/posix.c:62 140212766869248: single write -1 of expected 1048576
13:46:54 ERROR /home/bsc03/bsc03353/forge/src/dispatcher/posix.c:61 140227799283456: r->filehandle = 77, r->size = 1048576, r->offset = 0
13:46:54 ERROR /home/bsc03/bsc03353/forge/src/dispatcher/posix.c:62 140227799283456: single write -1 of expected 1048576
13:46:54 ERROR /home/bsc03/bsc03353/forge/src/dispatcher/posix.c:61 139605615892224: r->filehandle = 44, r->size = 1048576, r->offset = 0
13:46:54 ERROR /home/bsc03/bsc03353/forge/src/dispatcher/posix.c:62 139605615892224: single write -1 of expected 1048576
13:46:55 ERROR /home/bsc03/bsc03353/forge/src/dispatcher/posix.c:61 140447255869184: r->filehandle = 45, r->size = 1048576, r->offset = 0
13:46:55 ERROR /home/bsc03/bsc03353/forge/src/dispatcher/posix.c:62 140447255869184: single write -1 of expected 1048576
13:46:55 ERROR /home/bsc03/bsc03353/forge/src/dispatcher/posix.c:61 140295965087488: r->filehandle = 54, r->size = 1048576, r->offset = 0
13:46:55 ERROR /home/bsc03/bsc03353/forge/src/dispatcher/posix.c:62 140295965087488: single write -1 of expected 1048576
13:46:56 ERROR /home/bsc03/bsc03353/forge/src/dispatcher/posix.c:61 140353624712960: r->filehandle = 75, r->size = 1048576, r->offset = 0
13:46:56 ERROR /home/bsc03/bsc03353/forge/src/dispatcher/posix.c:61 140210619381504: r->filehandle = 56, r->size = 1048576, r->offset = 0
13:46:56 ERROR /home/bsc03/bsc03353/forge/src/dispatcher/posix.c:62 140353624712960: single write -1 of expected 1048576
13:46:56 ERROR /home/bsc03/bsc03353/forge/src/dispatcher/posix.c:62 140210619381504: single write -1 of expected 1048576
13:46:57 ERROR /home/bsc03/bsc03353/forge/src/dispatcher/posix.c:61 139797362607872: r->filehandle = 79, r->size = 1048576, r->offset = 0
13:46:57 ERROR /home/bsc03/bsc03353/forge/src/dispatcher/posix.c:62 139797362607872: single write -1 of expected 1048576
slurmstepd: error: *** JOB 8737158 ON s02r1b26 CANCELLED AT 2020-02-07T13:46:57 DUE TO TIME LIMIT ***
--------------------------------------------------------------------------
ORTE has lost communication with a remote daemon.

  HNP daemon   : [[26589,0],0] on node s02r1b26
  Remote daemon: [[26589,0],2] on node s02r1b29

This is usually due to either a failure of the TCP network
connection to the node, or possibly an internal failure of
the daemon itself. We cannot recover from this failure, and
therefore will terminate the job.
--------------------------------------------------------------------------
