Set GCC compilers as MPI wrappers backend 
remove openmpi/4.0.2_UCX (PATH, MANPATH, LD_LIBRARY_PATH) 
load openmpi/4.0.2_UCX (PATH, MANPATH, LD_LIBRARY_PATH) 
Set GCC compilers as MPI wrappers backend 
load gsl/2.4 (PATH, LD_LIBRARY_PATH, LIBRARY_PATH, MANPATH, INFOPATH,
C_INCLUDE_PATH, CPLUS_INCLUDE_PATH, PKG_CONFIG_PATH, GSL_DIR) 
00:09:16 INFO  /home/bsc03/bsc03353/forge/src/main.c:107 140005956667456: I/O Forwarding Exploration [START]
Will AGIOS generate trace files? NO
Default scheduling algorithm: TO
TWINS window size: 1000000
Will the Prediction Module read information from trace files? NO
File with access time functions: /home/bsc03/bsc03353/forge/agios/access_times.func
AGIOS thinks its user has stripe size of 32768
Will AGIOS generate trace files? NO
Default scheduling algorithm: TO
TWINS window size: 1000000
Will the Prediction Module read information from trace files? NO
File with access time functions: /home/bsc03/bsc03353/forge/agios/access_times.func
AGIOS thinks its user has stripe size of 32768
Will AGIOS generate trace files? NO
Default scheduling algorithm: TO
TWINS window size: 1000000
Will the Prediction Module read information from trace files? NO
File with access time functions: /home/bsc03/bsc03353/forge/agios/access_times.func
AGIOS thinks its user has stripe size of 32768
Will AGIOS generate trace files? NO
Default scheduling algorithm: TO
TWINS window size: 1000000
Will the Prediction Module read information from trace files? NO
File with access time functions: /home/bsc03/bsc03353/forge/agios/access_times.func
AGIOS thinks its user has stripe size of 32768
00:09:17 ERROR /home/bsc03/bsc03353/forge/src/dispatcher/posix.c:61 139966541661952: r->filehandle = 35, r->size = 524288, r->offset = 1572864
00:09:17 ERROR /home/bsc03/bsc03353/forge/src/dispatcher/posix.c:62 139966541661952: single write -1 of expected 524288
00:09:17 ERROR /home/bsc03/bsc03353/forge/src/dispatcher/posix.c:61 140565369382656: r->filehandle = 36, r->size = 524288, r->offset = 41943040
00:09:17 ERROR /home/bsc03/bsc03353/forge/src/dispatcher/posix.c:62 140565369382656: single write -1 of expected 524288
00:09:17 ERROR /home/bsc03/bsc03353/forge/src/dispatcher/posix.c:61 139972984125184: r->filehandle = 35, r->size = 524288, r->offset = 8388608
00:09:17 ERROR /home/bsc03/bsc03353/forge/src/dispatcher/posix.c:62 139972984125184: single write -1 of expected 524288
00:09:18 ERROR /home/bsc03/bsc03353/forge/src/dispatcher/posix.c:61 139988016539392: r->filehandle = 35, r->size = 524288, r->offset = 2097152
00:09:18 ERROR /home/bsc03/bsc03353/forge/src/dispatcher/posix.c:62 139988016539392: single write -1 of expected 524288
00:09:18 ERROR /home/bsc03/bsc03353/forge/src/dispatcher/posix.c:61 140577331427072: r->filehandle = 36, r->size = 524288, r->offset = 33030144
00:09:18 ERROR /home/bsc03/bsc03353/forge/src/dispatcher/posix.c:62 140577331427072: single write -1 of expected 524288
00:09:18 ERROR /home/bsc03/bsc03353/forge/src/dispatcher/posix.c:61 139956459616000: r->filehandle = 36, r->size = 524288, r->offset = 19398656
00:09:18 ERROR /home/bsc03/bsc03353/forge/src/dispatcher/posix.c:62 139956459616000: single write -1 of expected 524288
00:09:18 ERROR /home/bsc03/bsc03353/forge/src/dispatcher/posix.c:61 139992311514880: r->filehandle = 35, r->size = 524288, r->offset = 1048576
00:09:18 ERROR /home/bsc03/bsc03353/forge/src/dispatcher/posix.c:62 139992311514880: single write -1 of expected 524288
00:09:19 ERROR /home/bsc03/bsc03353/forge/src/dispatcher/posix.c:61 139945722177280: r->filehandle = 36, r->size = 524288, r->offset = 12582912
00:09:19 ERROR /home/bsc03/bsc03353/forge/src/dispatcher/posix.c:62 139945722177280: single write -1 of expected 524288
00:09:19 ERROR /home/bsc03/bsc03353/forge/src/dispatcher/posix.c:61 140582549284608: r->filehandle = 36, r->size = 524288, r->offset = 49283072
00:09:19 ERROR /home/bsc03/bsc03353/forge/src/dispatcher/posix.c:61 140588068865792: r->filehandle = 36, r->size = 524288, r->offset = 28835840
00:09:19 ERROR /home/bsc03/bsc03353/forge/src/dispatcher/posix.c:62 140582549284608: single write -1 of expected 524288
00:09:19 ERROR /home/bsc03/bsc03353/forge/src/dispatcher/posix.c:62 140588068865792: single write -1 of expected 524288
00:09:19 ERROR /home/bsc03/bsc03353/forge/src/dispatcher/posix.c:61 140591139235584: r->filehandle = 36, r->size = 524288, r->offset = 48758784
00:09:19 ERROR /home/bsc03/bsc03353/forge/src/dispatcher/posix.c:62 140591139235584: single write -1 of expected 524288
00:09:19 ERROR /home/bsc03/bsc03353/forge/src/dispatcher/posix.c:61 140596658816768: r->filehandle = 36, r->size = 524288, r->offset = 83361792
00:09:19 ERROR /home/bsc03/bsc03353/forge/src/dispatcher/posix.c:62 140596658816768: single write -1 of expected 524288
00:09:20 ERROR /home/bsc03/bsc03353/forge/src/dispatcher/posix.c:61 139934984738560: r->filehandle = 36, r->size = 524288, r->offset = 13631488
00:09:20 ERROR /home/bsc03/bsc03353/forge/src/dispatcher/posix.c:62 139934984738560: single write -1 of expected 524288
00:09:20 ERROR /home/bsc03/bsc03353/forge/src/dispatcher/posix.c:61 140580401796864: r->filehandle = 36, r->size = 524288, r->offset = 39321600
00:09:20 ERROR /home/bsc03/bsc03353/forge/src/dispatcher/posix.c:62 140580401796864: single write -1 of expected 524288
00:09:20 ERROR /home/bsc03/bsc03353/forge/src/dispatcher/posix.c:61 139932837250816: r->filehandle = 36, r->size = 524288, r->offset = 14680064
00:09:20 ERROR /home/bsc03/bsc03353/forge/src/dispatcher/posix.c:62 139932837250816: single write -1 of expected 524288
00:09:20 ERROR /home/bsc03/bsc03353/forge/src/dispatcher/posix.c:61 140593286723328: r->filehandle = 36, r->size = 524288, r->offset = 42467328
00:09:20 ERROR /home/bsc03/bsc03353/forge/src/dispatcher/posix.c:62 140593286723328: single write -1 of expected 524288
00:09:20 ERROR /home/bsc03/bsc03353/forge/src/dispatcher/posix.c:61 140584696772352: r->filehandle = 36, r->size = 524288, r->offset = 46137344
00:09:20 ERROR /home/bsc03/bsc03353/forge/src/dispatcher/posix.c:62 140584696772352: single write -1 of expected 524288
00:09:20 ERROR /home/bsc03/bsc03353/forge/src/dispatcher/posix.c:61 139941427201792: r->filehandle = 36, r->size = 524288, r->offset = 16252928
00:09:20 ERROR /home/bsc03/bsc03353/forge/src/dispatcher/posix.c:62 139941427201792: single write -1 of expected 524288
00:09:21 ERROR /home/bsc03/bsc03353/forge/src/dispatcher/posix.c:61 139985869051648: r->filehandle = 35, r->size = 524288, r->offset = 11534336
00:09:21 ERROR /home/bsc03/bsc03353/forge/src/dispatcher/posix.c:62 139985869051648: single write -1 of expected 524288
00:09:21 ERROR /home/bsc03/bsc03353/forge/src/dispatcher/posix.c:61 139975131612928: r->filehandle = 35, r->size = 524288, r->offset = 4718592
00:09:21 ERROR /home/bsc03/bsc03353/forge/src/dispatcher/posix.c:62 139975131612928: single write -1 of expected 524288
00:09:21 ERROR /home/bsc03/bsc03353/forge/src/dispatcher/posix.c:61 139968689149696: r->filehandle = 35, r->size = 524288, r->offset = 11010048
00:09:21 ERROR /home/bsc03/bsc03353/forge/src/dispatcher/posix.c:62 139968689149696: single write -1 of expected 524288
00:09:21 ERROR /home/bsc03/bsc03353/forge/src/dispatcher/posix.c:61 139981574076160: r->filehandle = 35, r->size = 524288, r->offset = 524288
00:09:21 ERROR /home/bsc03/bsc03353/forge/src/dispatcher/posix.c:62 139981574076160: single write -1 of expected 524288
00:09:22 ERROR /home/bsc03/bsc03353/forge/src/dispatcher/posix.c:61 139977279100672: r->filehandle = 35, r->size = 524288, r->offset = 3145728
00:09:22 ERROR /home/bsc03/bsc03353/forge/src/dispatcher/posix.c:62 139977279100672: single write -1 of expected 524288
00:09:22 ERROR /home/bsc03/bsc03353/forge/src/dispatcher/posix.c:61 139994459002624: r->filehandle = 35, r->size = 524288, r->offset = 5767168
00:09:22 ERROR /home/bsc03/bsc03353/forge/src/dispatcher/posix.c:62 139994459002624: single write -1 of expected 524288
00:09:22 ERROR /home/bsc03/bsc03353/forge/src/dispatcher/posix.c:61 139960754591488: r->filehandle = 36, r->size = 524288, r->offset = 22020096
00:09:22 ERROR /home/bsc03/bsc03353/forge/src/dispatcher/posix.c:62 139960754591488: single write -1 of expected 524288
00:09:22 ERROR /home/bsc03/bsc03353/forge/src/dispatcher/posix.c:61 139954312128256: r->filehandle = 36, r->size = 524288, r->offset = 21495808
00:09:22 ERROR /home/bsc03/bsc03353/forge/src/dispatcher/posix.c:62 139954312128256: single write -1 of expected 524288
00:09:22 ERROR /home/bsc03/bsc03353/forge/src/dispatcher/posix.c:61 139990164027136: r->filehandle = 35, r->size = 524288, r->offset = 58720256
00:09:22 ERROR /home/bsc03/bsc03353/forge/src/dispatcher/posix.c:62 139990164027136: single write -1 of expected 524288
00:09:22 ERROR /home/bsc03/bsc03353/forge/src/dispatcher/posix.c:61 140570888963840: r->filehandle = 36, r->size = 524288, r->offset = 28311552
00:09:22 ERROR /home/bsc03/bsc03353/forge/src/dispatcher/posix.c:62 140570888963840: single write -1 of expected 524288
00:09:24 ERROR /home/bsc03/bsc03353/forge/src/dispatcher/posix.c:61 140588991747840: r->filehandle = 36, r->size = 524288, r->offset = 48234496
00:09:24 ERROR /home/bsc03/bsc03353/forge/src/dispatcher/posix.c:62 140588991747840: single write -1 of expected 524288
00:09:24 ERROR /home/bsc03/bsc03353/forge/src/dispatcher/posix.c:61 139972984125184: r->filehandle = 35, r->size = 524288, r->offset = 51380224
00:09:24 ERROR /home/bsc03/bsc03353/forge/src/dispatcher/posix.c:61 140569664358144: r->filehandle = 36, r->size = 524288, r->offset = 40370176
00:09:24 ERROR /home/bsc03/bsc03353/forge/src/dispatcher/posix.c:62 140569664358144: single write -1 of expected 524288
00:09:24 ERROR /home/bsc03/bsc03353/forge/src/dispatcher/posix.c:62 139972984125184: single write -1 of expected 524288
00:09:25 ERROR /home/bsc03/bsc03353/forge/src/dispatcher/posix.c:61 140582549284608: r->filehandle = 36, r->size = 524288, r->offset = 39845888
00:09:25 ERROR /home/bsc03/bsc03353/forge/src/dispatcher/posix.c:62 140582549284608: single write -1 of expected 524288
00:09:26 ERROR /home/bsc03/bsc03353/forge/src/dispatcher/posix.c:61 139965049566976: r->filehandle = 36, r->size = 524288, r->offset = 69730304
00:09:26 ERROR /home/bsc03/bsc03353/forge/src/dispatcher/posix.c:62 139965049566976: single write -1 of expected 524288
00:09:26 ERROR /home/bsc03/bsc03353/forge/src/dispatcher/posix.c:61 140592363841280: r->filehandle = 36, r->size = 524288, r->offset = 27787264
00:09:26 ERROR /home/bsc03/bsc03353/forge/src/dispatcher/posix.c:62 140592363841280: single write -1 of expected 524288
00:09:26 ERROR /home/bsc03/bsc03353/forge/src/dispatcher/posix.c:61 139960754591488: r->filehandle = 36, r->size = 524288, r->offset = 71827456
00:09:26 ERROR /home/bsc03/bsc03353/forge/src/dispatcher/posix.c:62 139960754591488: single write -1 of expected 524288
00:09:27 ERROR /home/bsc03/bsc03353/forge/src/dispatcher/posix.c:61 139968689149696: r->filehandle = 35, r->size = 524288, r->offset = 12058624
00:09:27 ERROR /home/bsc03/bsc03353/forge/src/dispatcher/posix.c:62 139968689149696: single write -1 of expected 524288
00:09:28 ERROR /home/bsc03/bsc03353/forge/src/dispatcher/posix.c:61 139932837250816: r->filehandle = 36, r->size = 524288, r->offset = 24641536
00:09:28 ERROR /home/bsc03/bsc03353/forge/src/dispatcher/posix.c:62 139932837250816: single write -1 of expected 524288
00:09:28 ERROR /home/bsc03/bsc03353/forge/src/dispatcher/posix.c:61 140578254309120: r->filehandle = 36, r->size = 524288, r->offset = 41418752
00:09:28 ERROR /home/bsc03/bsc03353/forge/src/dispatcher/posix.c:62 140578254309120: single write -1 of expected 524288
00:09:29 ERROR /home/bsc03/bsc03353/forge/src/dispatcher/posix.c:61 140586844260096: r->filehandle = 36, r->size = 524288, r->offset = 43515904
00:09:29 ERROR /home/bsc03/bsc03353/forge/src/dispatcher/posix.c:62 140586844260096: single write -1 of expected 524288
00:09:29 ERROR /home/bsc03/bsc03353/forge/src/dispatcher/posix.c:61 140573959333632: r->filehandle = 36, r->size = 524288, r->offset = 45088768
00:09:29 ERROR /home/bsc03/bsc03353/forge/src/dispatcher/posix.c:62 140573959333632: single write -1 of expected 524288
00:09:30 ERROR /home/bsc03/bsc03353/forge/src/dispatcher/posix.c:61 140580401796864: r->filehandle = 36, r->size = 524288, r->offset = 38273024
00:09:30 ERROR /home/bsc03/bsc03353/forge/src/dispatcher/posix.c:62 140580401796864: single write -1 of expected 524288
00:09:32 ERROR /home/bsc03/bsc03353/forge/src/dispatcher/posix.c:61 140563221894912: r->filehandle = 36, r->size = 524288, r->offset = 40894464
00:09:32 ERROR /home/bsc03/bsc03353/forge/src/dispatcher/posix.c:62 140563221894912: single write -1 of expected 524288
00:09:33 ERROR /home/bsc03/bsc03353/forge/src/dispatcher/posix.c:61 140576106821376: r->filehandle = 36, r->size = 524288, r->offset = 38797312
00:09:33 ERROR /home/bsc03/bsc03353/forge/src/dispatcher/posix.c:62 140576106821376: single write -1 of expected 524288
00:09:33 ERROR /home/bsc03/bsc03353/forge/src/dispatcher/posix.c:61 140571811845888: r->filehandle = 36, r->size = 524288, r->offset = 47710208
00:09:33 ERROR /home/bsc03/bsc03353/forge/src/dispatcher/posix.c:62 140571811845888: single write -1 of expected 524288
00:09:34 ERROR /home/bsc03/bsc03353/forge/src/dispatcher/posix.c:61 140575183939328: r->filehandle = 36, r->size = 524288, r->offset = 30932992
00:09:34 ERROR /home/bsc03/bsc03353/forge/src/dispatcher/posix.c:62 140575183939328: single write -1 of expected 524288
00:09:35 ERROR /home/bsc03/bsc03353/forge/src/dispatcher/posix.c:61 140591139235584: r->filehandle = 36, r->size = 524288, r->offset = 99090432
00:09:35 ERROR /home/bsc03/bsc03353/forge/src/dispatcher/posix.c:61 139979426588416: r->filehandle = 35, r->size = 524288, r->offset = 53477376
00:09:35 ERROR /home/bsc03/bsc03353/forge/src/dispatcher/posix.c:62 140591139235584: single write -1 of expected 524288
00:09:35 ERROR /home/bsc03/bsc03353/forge/src/dispatcher/posix.c:62 139979426588416: single write -1 of expected 524288
00:09:36 ERROR /home/bsc03/bsc03353/forge/src/dispatcher/posix.c:61 139943574689536: r->filehandle = 36, r->size = 524288, r->offset = 120061952
00:09:36 ERROR /home/bsc03/bsc03353/forge/src/dispatcher/posix.c:62 139943574689536: single write -1 of expected 524288
00:09:37 ERROR /home/bsc03/bsc03353/forge/src/dispatcher/posix.c:61 139958607103744: r->filehandle = 36, r->size = 524288, r->offset = 23068672
00:09:37 ERROR /home/bsc03/bsc03353/forge/src/dispatcher/posix.c:62 139958607103744: single write -1 of expected 524288
00:09:37 ERROR /home/bsc03/bsc03353/forge/src/dispatcher/posix.c:61 139950017152768: r->filehandle = 36, r->size = 524288, r->offset = 24117248
00:09:37 ERROR /home/bsc03/bsc03353/forge/src/dispatcher/posix.c:62 139950017152768: single write -1 of expected 524288
00:09:38 ERROR /home/bsc03/bsc03353/forge/src/dispatcher/posix.c:61 140588068865792: r->filehandle = 36, r->size = 524288, r->offset = 133693440
00:09:38 ERROR /home/bsc03/bsc03353/forge/src/dispatcher/posix.c:62 140588068865792: single write -1 of expected 524288
00:09:38 ERROR /home/bsc03/bsc03353/forge/src/dispatcher/posix.c:61 140594511329024: r->filehandle = 36, r->size = 524288, r->offset = 27262976
00:09:38 ERROR /home/bsc03/bsc03353/forge/src/dispatcher/posix.c:62 140594511329024: single write -1 of expected 524288
00:09:39 ERROR /home/bsc03/bsc03353/forge/src/dispatcher/posix.c:61 140570888963840: r->filehandle = 36, r->size = 524288, r->offset = 31981568
00:09:39 ERROR /home/bsc03/bsc03353/forge/src/dispatcher/posix.c:62 140570888963840: single write -1 of expected 524288
00:09:39 ERROR /home/bsc03/bsc03353/forge/src/dispatcher/posix.c:61 140593286723328: r->filehandle = 36, r->size = 524288, r->offset = 96468992
00:09:39 ERROR /home/bsc03/bsc03353/forge/src/dispatcher/posix.c:62 140593286723328: single write -1 of expected 524288
00:09:39 ERROR /home/bsc03/bsc03353/forge/src/dispatcher/posix.c:61 139970836637440: r->filehandle = 35, r->size = 524288, r->offset = 7340032
00:09:39 ERROR /home/bsc03/bsc03353/forge/src/dispatcher/posix.c:62 139970836637440: single write -1 of expected 524288
00:09:40 ERROR /home/bsc03/bsc03353/forge/src/dispatcher/posix.c:61 139988016539392: r->filehandle = 35, r->size = 524288, r->offset = 4194304
00:09:40 ERROR /home/bsc03/bsc03353/forge/src/dispatcher/posix.c:62 139988016539392: single write -1 of expected 524288
00:09:41 ERROR /home/bsc03/bsc03353/forge/src/dispatcher/posix.c:61 139998753978112: r->filehandle = 35, r->size = 524288, r->offset = 5242880
00:09:41 ERROR /home/bsc03/bsc03353/forge/src/dispatcher/posix.c:62 139998753978112: single write -1 of expected 524288
00:09:41 ERROR /home/bsc03/bsc03353/forge/src/dispatcher/posix.c:61 139941427201792: r->filehandle = 36, r->size = 524288, r->offset = 15728640
00:09:41 ERROR /home/bsc03/bsc03353/forge/src/dispatcher/posix.c:62 139941427201792: single write -1 of expected 524288
00:09:43 ERROR /home/bsc03/bsc03353/forge/src/dispatcher/posix.c:61 139945722177280: r->filehandle = 36, r->size = 524288, r->offset = 17301504
00:09:43 ERROR /home/bsc03/bsc03353/forge/src/dispatcher/posix.c:62 139945722177280: single write -1 of expected 524288
00:09:44 ERROR /home/bsc03/bsc03353/forge/src/dispatcher/posix.c:61 139934984738560: r->filehandle = 36, r->size = 524288, r->offset = 19922944
00:09:44 ERROR /home/bsc03/bsc03353/forge/src/dispatcher/posix.c:62 139934984738560: single write -1 of expected 524288
00:09:44 ERROR /home/bsc03/bsc03353/forge/src/dispatcher/posix.c:61 139932837250816: r->filehandle = 36, r->size = 524288, r->offset = 23592960
00:09:44 ERROR /home/bsc03/bsc03353/forge/src/dispatcher/posix.c:62 139932837250816: single write -1 of expected 524288
00:09:45 ERROR /home/bsc03/bsc03353/forge/src/dispatcher/posix.c:61 139954312128256: r->filehandle = 36, r->size = 524288, r->offset = 170393600
00:09:45 ERROR /home/bsc03/bsc03353/forge/src/dispatcher/posix.c:62 139954312128256: single write -1 of expected 524288
00:09:45 ERROR /home/bsc03/bsc03353/forge/src/dispatcher/posix.c:61 139965049566976: r->filehandle = 36, r->size = 524288, r->offset = 74448896
00:09:45 ERROR /home/bsc03/bsc03353/forge/src/dispatcher/posix.c:62 139965049566976: single write -1 of expected 524288
00:09:46 ERROR /home/bsc03/bsc03353/forge/src/dispatcher/posix.c:61 139937132226304: r->filehandle = 36, r->size = 524288, r->offset = 13107200
00:09:46 ERROR /home/bsc03/bsc03353/forge/src/dispatcher/posix.c:62 139937132226304: single write -1 of expected 524288
00:09:46 ERROR /home/bsc03/bsc03353/forge/src/dispatcher/posix.c:61 139952164640512: r->filehandle = 36, r->size = 524288, r->offset = 14155776
00:09:46 ERROR /home/bsc03/bsc03353/forge/src/dispatcher/posix.c:62 139952164640512: single write -1 of expected 524288
00:09:47 ERROR /home/bsc03/bsc03353/forge/src/dispatcher/posix.c:61 140596658816768: r->filehandle = 36, r->size = 524288, r->offset = 77594624
00:09:47 ERROR /home/bsc03/bsc03353/forge/src/dispatcher/posix.c:62 140596658816768: single write -1 of expected 524288
00:09:47 ERROR /home/bsc03/bsc03353/forge/src/dispatcher/posix.c:61 139972984125184: r->filehandle = 35, r->size = 524288, r->offset = 103809024
00:09:47 ERROR /home/bsc03/bsc03353/forge/src/dispatcher/posix.c:62 139972984125184: single write -1 of expected 524288
00:09:47 ERROR /home/bsc03/bsc03353/forge/src/dispatcher/posix.c:61 140583773890304: r->filehandle = 36, r->size = 524288, r->offset = 79167488
00:09:47 ERROR /home/bsc03/bsc03353/forge/src/dispatcher/posix.c:62 140583773890304: single write -1 of expected 524288
00:09:47 ERROR /home/bsc03/bsc03353/forge/src/dispatcher/posix.c:61 140586844260096: r->filehandle = 36, r->size = 524288, r->offset = 95420416
00:09:47 ERROR /home/bsc03/bsc03353/forge/src/dispatcher/posix.c:62 140586844260096: single write -1 of expected 524288
00:09:48 ERROR /home/bsc03/bsc03353/forge/src/dispatcher/posix.c:61 140588991747840: r->filehandle = 36, r->size = 524288, r->offset = 98566144
00:09:48 ERROR /home/bsc03/bsc03353/forge/src/dispatcher/posix.c:62 140588991747840: single write -1 of expected 524288
00:09:49 ERROR /home/bsc03/bsc03353/forge/src/dispatcher/posix.c:61 140563221894912: r->filehandle = 36, r->size = 524288, r->offset = 91226112
00:09:49 ERROR /home/bsc03/bsc03353/forge/src/dispatcher/posix.c:62 140563221894912: single write -1 of expected 524288
00:09:50 ERROR /home/bsc03/bsc03353/forge/src/dispatcher/posix.c:61 139958607103744: r->filehandle = 36, r->size = 524288, r->offset = 22544384
00:09:50 ERROR /home/bsc03/bsc03353/forge/src/dispatcher/posix.c:62 139958607103744: single write -1 of expected 524288
00:09:51 ERROR /home/bsc03/bsc03353/forge/src/dispatcher/posix.c:61 140592363841280: r->filehandle = 36, r->size = 524288, r->offset = 35127296
00:09:51 ERROR /home/bsc03/bsc03353/forge/src/dispatcher/posix.c:62 140592363841280: single write -1 of expected 524288
00:09:51 ERROR /home/bsc03/bsc03353/forge/src/dispatcher/posix.c:61 139990164027136: r->filehandle = 35, r->size = 524288, r->offset = 101711872
00:09:51 ERROR /home/bsc03/bsc03353/forge/src/dispatcher/posix.c:62 139990164027136: single write -1 of expected 524288
00:09:52 ERROR /home/bsc03/bsc03353/forge/src/dispatcher/posix.c:61 139996606490368: r->filehandle = 35, r->size = 524288, r->offset = 61865984
00:09:52 ERROR /home/bsc03/bsc03353/forge/src/dispatcher/posix.c:62 139996606490368: single write -1 of expected 524288
00:09:52 ERROR /home/bsc03/bsc03353/forge/src/dispatcher/posix.c:61 139965049566976: r->filehandle = 36, r->size = 524288, r->offset = 124780544
00:09:52 ERROR /home/bsc03/bsc03353/forge/src/dispatcher/posix.c:62 139965049566976: single write -1 of expected 524288
00:09:53 ERROR /home/bsc03/bsc03353/forge/src/dispatcher/posix.c:61 139956459616000: r->filehandle = 36, r->size = 524288, r->offset = 72351744
00:09:53 ERROR /home/bsc03/bsc03353/forge/src/dispatcher/posix.c:62 139956459616000: single write -1 of expected 524288
00:09:53 ERROR /home/bsc03/bsc03353/forge/src/dispatcher/posix.c:61 140565369382656: r->filehandle = 36, r->size = 524288, r->offset = 92274688
00:09:53 ERROR /home/bsc03/bsc03353/forge/src/dispatcher/posix.c:62 140565369382656: single write -1 of expected 524288
00:09:54 ERROR /home/bsc03/bsc03353/forge/src/dispatcher/posix.c:61 140577331427072: r->filehandle = 36, r->size = 524288, r->offset = 81264640
00:09:54 ERROR /home/bsc03/bsc03353/forge/src/dispatcher/posix.c:62 140577331427072: single write -1 of expected 524288
00:09:54 ERROR /home/bsc03/bsc03353/forge/src/dispatcher/posix.c:61 139981574076160: r->filehandle = 35, r->size = 524288, r->offset = 3670016
00:09:54 ERROR /home/bsc03/bsc03353/forge/src/dispatcher/posix.c:62 139981574076160: single write -1 of expected 524288
00:09:55 ERROR /home/bsc03/bsc03353/forge/src/dispatcher/posix.c:61 140576106821376: r->filehandle = 36, r->size = 524288, r->offset = 89128960
00:09:55 ERROR /home/bsc03/bsc03353/forge/src/dispatcher/posix.c:62 140576106821376: single write -1 of expected 524288
00:09:55 ERROR /home/bsc03/bsc03353/forge/src/dispatcher/posix.c:61 139937132226304: r->filehandle = 36, r->size = 524288, r->offset = 63438848
00:09:55 ERROR /home/bsc03/bsc03353/forge/src/dispatcher/posix.c:62 139937132226304: single write -1 of expected 524288
00:09:56 ERROR /home/bsc03/bsc03353/forge/src/dispatcher/posix.c:61 140567516870400: r->filehandle = 36, r->size = 524288, r->offset = 92798976
00:09:56 ERROR /home/bsc03/bsc03353/forge/src/dispatcher/posix.c:62 140567516870400: single write -1 of expected 524288
00:09:56 ERROR /home/bsc03/bsc03353/forge/src/dispatcher/posix.c:61 140584696772352: r->filehandle = 36, r->size = 524288, r->offset = 90701824
00:09:56 ERROR /home/bsc03/bsc03353/forge/src/dispatcher/posix.c:62 140584696772352: single write -1 of expected 524288
00:09:57 ERROR /home/bsc03/bsc03353/forge/src/dispatcher/posix.c:61 140580401796864: r->filehandle = 36, r->size = 524288, r->offset = 88604672
00:09:57 ERROR /home/bsc03/bsc03353/forge/src/dispatcher/posix.c:62 140580401796864: single write -1 of expected 524288
00:09:58 ERROR /home/bsc03/bsc03353/forge/src/dispatcher/posix.c:61 140590216353536: r->filehandle = 36, r->size = 524288, r->offset = 34078720
00:09:58 ERROR /home/bsc03/bsc03353/forge/src/dispatcher/posix.c:62 140590216353536: single write -1 of expected 524288
00:09:58 ERROR /home/bsc03/bsc03353/forge/src/dispatcher/posix.c:61 139992311514880: r->filehandle = 35, r->size = 524288, r->offset = 56098816
00:09:58 ERROR /home/bsc03/bsc03353/forge/src/dispatcher/posix.c:62 139992311514880: single write -1 of expected 524288
00:09:59 ERROR /home/bsc03/bsc03353/forge/src/dispatcher/posix.c:61 139983721563904: r->filehandle = 35, r->size = 524288, r->offset = 55050240
00:09:59 ERROR /home/bsc03/bsc03353/forge/src/dispatcher/posix.c:62 139983721563904: single write -1 of expected 524288
00:10:00 ERROR /home/bsc03/bsc03353/forge/src/dispatcher/posix.c:61 139979426588416: r->filehandle = 35, r->size = 524288, r->offset = 55574528
00:10:00 ERROR /home/bsc03/bsc03353/forge/src/dispatcher/posix.c:62 139979426588416: single write -1 of expected 524288
00:10:00 ERROR /home/bsc03/bsc03353/forge/src/dispatcher/posix.c:61 140586844260096: r->filehandle = 36, r->size = 524288, r->offset = 145752064
00:10:00 ERROR /home/bsc03/bsc03353/forge/src/dispatcher/posix.c:62 140586844260096: single write -1 of expected 524288
00:10:00 ERROR /home/bsc03/bsc03353/forge/src/dispatcher/posix.c:61 139958607103744: r->filehandle = 36, r->size = 524288, r->offset = 72876032
00:10:00 ERROR /home/bsc03/bsc03353/forge/src/dispatcher/posix.c:62 139958607103744: single write -1 of expected 524288
00:10:01 ERROR /home/bsc03/bsc03353/forge/src/dispatcher/posix.c:61 139954312128256: r->filehandle = 36, r->size = 524288, r->offset = 220725248
00:10:01 ERROR /home/bsc03/bsc03353/forge/src/dispatcher/posix.c:62 139954312128256: single write -1 of expected 524288
00:10:01 ERROR /home/bsc03/bsc03353/forge/src/dispatcher/posix.c:61 139950017152768: r->filehandle = 36, r->size = 524288, r->offset = 65011712
00:10:01 ERROR /home/bsc03/bsc03353/forge/src/dispatcher/posix.c:62 139950017152768: single write -1 of expected 524288
00:10:01 ERROR /home/bsc03/bsc03353/forge/src/dispatcher/posix.c:61 139962902079232: r->filehandle = 36, r->size = 524288, r->offset = 63963136
00:10:01 ERROR /home/bsc03/bsc03353/forge/src/dispatcher/posix.c:62 139962902079232: single write -1 of expected 524288
00:10:02 ERROR /home/bsc03/bsc03353/forge/src/dispatcher/posix.c:61 139934984738560: r->filehandle = 36, r->size = 524288, r->offset = 73400320
00:10:02 ERROR /home/bsc03/bsc03353/forge/src/dispatcher/posix.c:62 139934984738560: single write -1 of expected 524288
00:10:02 ERROR /home/bsc03/bsc03353/forge/src/dispatcher/posix.c:61 139988016539392: r->filehandle = 35, r->size = 524288, r->offset = 2621440
00:10:02 ERROR /home/bsc03/bsc03353/forge/src/dispatcher/posix.c:61 140579478914816: r->filehandle = 36, r->size = 524288, r->offset = 29360128
00:10:02 ERROR /home/bsc03/bsc03353/forge/src/dispatcher/posix.c:62 140579478914816: single write -1 of expected 524288
00:10:02 ERROR /home/bsc03/bsc03353/forge/src/dispatcher/posix.c:62 139988016539392: single write -1 of expected 524288
00:10:03 ERROR /home/bsc03/bsc03353/forge/src/dispatcher/posix.c:61 139970836637440: r->filehandle = 35, r->size = 524288, r->offset = 6291456
00:10:03 ERROR /home/bsc03/bsc03353/forge/src/dispatcher/posix.c:62 139970836637440: single write -1 of expected 524288
00:10:03 ERROR /home/bsc03/bsc03353/forge/src/dispatcher/posix.c:61 140576106821376: r->filehandle = 36, r->size = 524288, r->offset = 139460608
00:10:03 ERROR /home/bsc03/bsc03353/forge/src/dispatcher/posix.c:62 140576106821376: single write -1 of expected 524288
00:10:04 ERROR /home/bsc03/bsc03353/forge/src/dispatcher/posix.c:61 140563221894912: r->filehandle = 36, r->size = 524288, r->offset = 141557760
00:10:04 ERROR /home/bsc03/bsc03353/forge/src/dispatcher/posix.c:62 140563221894912: single write -1 of expected 524288
00:10:04 ERROR /home/bsc03/bsc03353/forge/src/dispatcher/posix.c:61 140571811845888: r->filehandle = 36, r->size = 524288, r->offset = 44564480
00:10:04 ERROR /home/bsc03/bsc03353/forge/src/dispatcher/posix.c:62 140571811845888: single write -1 of expected 524288
00:10:04 ERROR /home/bsc03/bsc03353/forge/src/dispatcher/posix.c:61 140593286723328: r->filehandle = 36, r->size = 524288, r->offset = 146800640
00:10:04 ERROR /home/bsc03/bsc03353/forge/src/dispatcher/posix.c:62 140593286723328: single write -1 of expected 524288
00:10:05 ERROR /home/bsc03/bsc03353/forge/src/dispatcher/posix.c:61 139960754591488: r->filehandle = 36, r->size = 524288, r->offset = 74973184
00:10:05 ERROR /home/bsc03/bsc03353/forge/src/dispatcher/posix.c:62 139960754591488: single write -1 of expected 524288
00:10:05 ERROR /home/bsc03/bsc03353/forge/src/dispatcher/posix.c:61 139965049566976: r->filehandle = 36, r->size = 524288, r->offset = 113770496
00:10:05 ERROR /home/bsc03/bsc03353/forge/src/dispatcher/posix.c:62 139965049566976: single write -1 of expected 524288
00:10:06 ERROR /home/bsc03/bsc03353/forge/src/dispatcher/posix.c:61 139941427201792: r->filehandle = 36, r->size = 524288, r->offset = 18874368
00:10:06 ERROR /home/bsc03/bsc03353/forge/src/dispatcher/posix.c:62 139941427201792: single write -1 of expected 524288
00:10:06 ERROR /home/bsc03/bsc03353/forge/src/dispatcher/posix.c:61 139970836637440: r->filehandle = 35, r->size = 524288, r->offset = 10485760
00:10:06 ERROR /home/bsc03/bsc03353/forge/src/dispatcher/posix.c:62 139970836637440: single write -1 of expected 524288
00:10:06 ERROR /home/bsc03/bsc03353/forge/src/dispatcher/posix.c:61 140594511329024: r->filehandle = 36, r->size = 524288, r->offset = 127926272
00:10:06 ERROR /home/bsc03/bsc03353/forge/src/dispatcher/posix.c:62 140594511329024: single write -1 of expected 524288
00:10:07 ERROR /home/bsc03/bsc03353/forge/src/dispatcher/posix.c:61 140567516870400: r->filehandle = 36, r->size = 524288, r->offset = 143130624
00:10:07 ERROR /home/bsc03/bsc03353/forge/src/dispatcher/posix.c:62 140567516870400: single write -1 of expected 524288
00:10:07 ERROR /home/bsc03/bsc03353/forge/src/dispatcher/posix.c:61 139939279714048: r->filehandle = 36, r->size = 524288, r->offset = 73924608
00:10:07 ERROR /home/bsc03/bsc03353/forge/src/dispatcher/posix.c:62 139939279714048: single write -1 of expected 524288
00:10:08 ERROR /home/bsc03/bsc03353/forge/src/dispatcher/posix.c:61 140568741476096: r->filehandle = 36, r->size = 524288, r->offset = 29884416
00:10:08 ERROR /home/bsc03/bsc03353/forge/src/dispatcher/posix.c:62 140568741476096: single write -1 of expected 524288
00:10:09 ERROR /home/bsc03/bsc03353/forge/src/dispatcher/posix.c:61 139966541661952: r->filehandle = 35, r->size = 524288, r->offset = 8912896
00:10:09 ERROR /home/bsc03/bsc03353/forge/src/dispatcher/posix.c:62 139966541661952: single write -1 of expected 524288
00:10:09 ERROR /home/bsc03/bsc03353/forge/src/dispatcher/posix.c:61 139968689149696: r->filehandle = 35, r->size = 524288, r->offset = 9437184
00:10:09 ERROR /home/bsc03/bsc03353/forge/src/dispatcher/posix.c:62 139968689149696: single write -1 of expected 524288
00:10:10 ERROR /home/bsc03/bsc03353/forge/src/dispatcher/posix.c:61 140584696772352: r->filehandle = 36, r->size = 524288, r->offset = 141033472
00:10:10 ERROR /home/bsc03/bsc03353/forge/src/dispatcher/posix.c:62 140584696772352: single write -1 of expected 524288
00:10:10 ERROR /home/bsc03/bsc03353/forge/src/dispatcher/posix.c:61 139977279100672: r->filehandle = 35, r->size = 524288, r->offset = 152043520
00:10:10 ERROR /home/bsc03/bsc03353/forge/src/dispatcher/posix.c:62 139977279100672: single write -1 of expected 524288
00:10:10 ERROR /home/bsc03/bsc03353/forge/src/dispatcher/posix.c:61 139970836637440: r->filehandle = 35, r->size = 524288, r->offset = 56623104
00:10:10 ERROR /home/bsc03/bsc03353/forge/src/dispatcher/posix.c:62 139970836637440: single write -1 of expected 524288
00:10:11 ERROR /home/bsc03/bsc03353/forge/src/dispatcher/posix.c:61 139990164027136: r->filehandle = 35, r->size = 524288, r->offset = 112197632
00:10:11 ERROR /home/bsc03/bsc03353/forge/src/dispatcher/posix.c:62 139990164027136: single write -1 of expected 524288
00:10:11 ERROR /home/bsc03/bsc03353/forge/src/dispatcher/posix.c:61 139958607103744: r->filehandle = 36, r->size = 524288, r->offset = 271056896
00:10:11 ERROR /home/bsc03/bsc03353/forge/src/dispatcher/posix.c:62 139958607103744: single write -1 of expected 524288
00:10:11 ERROR /home/bsc03/bsc03353/forge/src/dispatcher/posix.c:61 140564446500608: r->filehandle = 36, r->size = 524288, r->offset = 26738688
00:10:11 ERROR /home/bsc03/bsc03353/forge/src/dispatcher/posix.c:62 140564446500608: single write -1 of expected 524288
00:10:11 ERROR /home/bsc03/bsc03353/forge/src/dispatcher/posix.c:61 139954312128256: r->filehandle = 36, r->size = 524288, r->offset = 115343360
00:10:11 ERROR /home/bsc03/bsc03353/forge/src/dispatcher/posix.c:62 139954312128256: single write -1 of expected 524288
00:10:12 ERROR /home/bsc03/bsc03353/forge/src/dispatcher/posix.c:61 140595434211072: r->filehandle = 36, r->size = 524288, r->offset = 46661632
00:10:12 ERROR /home/bsc03/bsc03353/forge/src/dispatcher/posix.c:62 140595434211072: single write -1 of expected 524288
00:10:13 ERROR /home/bsc03/bsc03353/forge/src/dispatcher/posix.c:61 139975131612928: r->filehandle = 35, r->size = 524288, r->offset = 106430464
00:10:13 ERROR /home/bsc03/bsc03353/forge/src/dispatcher/posix.c:62 139975131612928: single write -1 of expected 524288
00:10:14 ERROR /home/bsc03/bsc03353/forge/src/dispatcher/posix.c:61 140581626402560: r->filehandle = 36, r->size = 524288, r->offset = 184025088
00:10:14 ERROR /home/bsc03/bsc03353/forge/src/dispatcher/posix.c:62 140581626402560: single write -1 of expected 524288
00:10:14 ERROR /home/bsc03/bsc03353/forge/src/dispatcher/posix.c:61 140582549284608: r->filehandle = 36, r->size = 524288, r->offset = 45613056
00:10:14 ERROR /home/bsc03/bsc03353/forge/src/dispatcher/posix.c:62 140582549284608: single write -1 of expected 524288
00:10:15 ERROR /home/bsc03/bsc03353/forge/src/dispatcher/posix.c:61 139962902079232: r->filehandle = 36, r->size = 524288, r->offset = 124256256
00:10:15 ERROR /home/bsc03/bsc03353/forge/src/dispatcher/posix.c:62 139962902079232: single write -1 of expected 524288
00:10:15 ERROR /home/bsc03/bsc03353/forge/src/dispatcher/posix.c:61 139960754591488: r->filehandle = 36, r->size = 524288, r->offset = 125304832
00:10:15 ERROR /home/bsc03/bsc03353/forge/src/dispatcher/posix.c:62 139960754591488: single write -1 of expected 524288
00:10:15 ERROR /home/bsc03/bsc03353/forge/src/dispatcher/posix.c:61 140565369382656: r->filehandle = 36, r->size = 524288, r->offset = 142606336
00:10:15 ERROR /home/bsc03/bsc03353/forge/src/dispatcher/posix.c:62 140565369382656: single write -1 of expected 524288
00:10:16 ERROR /home/bsc03/bsc03353/forge/src/dispatcher/posix.c:61 140573959333632: r->filehandle = 36, r->size = 524288, r->offset = 89653248
00:10:16 ERROR /home/bsc03/bsc03353/forge/src/dispatcher/posix.c:62 140573959333632: single write -1 of expected 524288
00:10:16 ERROR /home/bsc03/bsc03353/forge/src/dispatcher/posix.c:61 139947869665024: r->filehandle = 36, r->size = 524288, r->offset = 122159104
00:10:16 ERROR /home/bsc03/bsc03353/forge/src/dispatcher/posix.c:62 139947869665024: single write -1 of expected 524288
00:10:17 ERROR /home/bsc03/bsc03353/forge/src/dispatcher/posix.c:61 139934984738560: r->filehandle = 36, r->size = 524288, r->offset = 123731968
00:10:17 ERROR /home/bsc03/bsc03353/forge/src/dispatcher/posix.c:62 139934984738560: single write -1 of expected 524288
00:10:17 ERROR /home/bsc03/bsc03353/forge/src/dispatcher/posix.c:61 139937132226304: r->filehandle = 36, r->size = 524288, r->offset = 123207680
00:10:17 ERROR /home/bsc03/bsc03353/forge/src/dispatcher/posix.c:62 139937132226304: single write -1 of expected 524288
00:10:17 ERROR /home/bsc03/bsc03353/forge/src/dispatcher/posix.c:61 140580401796864: r->filehandle = 36, r->size = 524288, r->offset = 138936320
00:10:17 ERROR /home/bsc03/bsc03353/forge/src/dispatcher/posix.c:62 140580401796864: single write -1 of expected 524288
00:10:18 ERROR /home/bsc03/bsc03353/forge/src/dispatcher/posix.c:61 139956459616000: r->filehandle = 36, r->size = 524288, r->offset = 122683392
00:10:18 ERROR /home/bsc03/bsc03353/forge/src/dispatcher/posix.c:61 140578254309120: r->filehandle = 36, r->size = 524288, r->offset = 37748736
00:10:18 ERROR /home/bsc03/bsc03353/forge/src/dispatcher/posix.c:62 139956459616000: single write -1 of expected 524288
00:10:18 ERROR /home/bsc03/bsc03353/forge/src/dispatcher/posix.c:62 140578254309120: single write -1 of expected 524288
00:10:18 ERROR /home/bsc03/bsc03353/forge/src/dispatcher/posix.c:61 139968689149696: r->filehandle = 35, r->size = 524288, r->offset = 7864320
00:10:18 ERROR /home/bsc03/bsc03353/forge/src/dispatcher/posix.c:62 139968689149696: single write -1 of expected 524288
00:10:19 ERROR /home/bsc03/bsc03353/forge/src/dispatcher/posix.c:61 139996606490368: r->filehandle = 35, r->size = 524288, r->offset = 60817408
00:10:19 ERROR /home/bsc03/bsc03353/forge/src/dispatcher/posix.c:62 139996606490368: single write -1 of expected 524288
00:10:19 ERROR /home/bsc03/bsc03353/forge/src/dispatcher/posix.c:61 139941427201792: r->filehandle = 36, r->size = 524288, r->offset = 17825792
00:10:19 ERROR /home/bsc03/bsc03353/forge/src/dispatcher/posix.c:62 139941427201792: single write -1 of expected 524288
00:10:20 ERROR /home/bsc03/bsc03353/forge/src/dispatcher/posix.c:61 140591139235584: r->filehandle = 36, r->size = 524288, r->offset = 149422080
00:10:20 ERROR /home/bsc03/bsc03353/forge/src/dispatcher/posix.c:62 140591139235584: single write -1 of expected 524288
00:10:21 ERROR /home/bsc03/bsc03353/forge/src/dispatcher/posix.c:61 139945722177280: r->filehandle = 36, r->size = 524288, r->offset = 20447232
00:10:21 ERROR /home/bsc03/bsc03353/forge/src/dispatcher/posix.c:62 139945722177280: single write -1 of expected 524288
00:10:22 ERROR /home/bsc03/bsc03353/forge/src/dispatcher/posix.c:61 140592363841280: r->filehandle = 36, r->size = 524288, r->offset = 26214400
00:10:22 ERROR /home/bsc03/bsc03353/forge/src/dispatcher/posix.c:62 140592363841280: single write -1 of expected 524288
00:10:22 ERROR /home/bsc03/bsc03353/forge/src/dispatcher/posix.c:61 140570888963840: r->filehandle = 36, r->size = 524288, r->offset = 35651584
00:10:22 ERROR /home/bsc03/bsc03353/forge/src/dispatcher/posix.c:62 140570888963840: single write -1 of expected 524288
00:10:23 ERROR /home/bsc03/bsc03353/forge/src/dispatcher/posix.c:61 139985869051648: r->filehandle = 35, r->size = 524288, r->offset = 57671680
00:10:23 ERROR /home/bsc03/bsc03353/forge/src/dispatcher/posix.c:62 139985869051648: single write -1 of expected 524288
00:10:23 ERROR /home/bsc03/bsc03353/forge/src/dispatcher/posix.c:61 139952164640512: r->filehandle = 36, r->size = 524288, r->offset = 64487424
00:10:23 ERROR /home/bsc03/bsc03353/forge/src/dispatcher/posix.c:62 139952164640512: single write -1 of expected 524288
00:10:23 ERROR /home/bsc03/bsc03353/forge/src/dispatcher/posix.c:61 140569664358144: r->filehandle = 36, r->size = 524288, r->offset = 93847552
00:10:23 ERROR /home/bsc03/bsc03353/forge/src/dispatcher/posix.c:62 140569664358144: single write -1 of expected 524288
00:10:24 ERROR /home/bsc03/bsc03353/forge/src/dispatcher/posix.c:61 140594511329024: r->filehandle = 36, r->size = 524288, r->offset = 234356736
00:10:24 ERROR /home/bsc03/bsc03353/forge/src/dispatcher/posix.c:62 140594511329024: single write -1 of expected 524288
00:10:24 ERROR /home/bsc03/bsc03353/forge/src/dispatcher/posix.c:61 139972984125184: r->filehandle = 35, r->size = 524288, r->offset = 50855936
00:10:24 ERROR /home/bsc03/bsc03353/forge/src/dispatcher/posix.c:62 139972984125184: single write -1 of expected 524288
00:10:25 ERROR /home/bsc03/bsc03353/forge/src/dispatcher/posix.c:61 139979426588416: r->filehandle = 35, r->size = 524288, r->offset = 202375168
00:10:25 ERROR /home/bsc03/bsc03353/forge/src/dispatcher/posix.c:62 139979426588416: single write -1 of expected 524288
00:10:25 ERROR /home/bsc03/bsc03353/forge/src/dispatcher/posix.c:61 139966541661952: r->filehandle = 35, r->size = 524288, r->offset = 0
00:10:25 ERROR /home/bsc03/bsc03353/forge/src/dispatcher/posix.c:62 139966541661952: single write -1 of expected 524288
00:10:26 ERROR /home/bsc03/bsc03353/forge/src/dispatcher/posix.c:61 139970836637440: r->filehandle = 35, r->size = 524288, r->offset = 106954752
00:10:26 ERROR /home/bsc03/bsc03353/forge/src/dispatcher/posix.c:62 139970836637440: single write -1 of expected 524288
00:10:26 ERROR /home/bsc03/bsc03353/forge/src/dispatcher/posix.c:61 139998753978112: r->filehandle = 35, r->size = 524288, r->offset = 154140672
00:10:26 ERROR /home/bsc03/bsc03353/forge/src/dispatcher/posix.c:62 139998753978112: single write -1 of expected 524288
00:10:27 ERROR /home/bsc03/bsc03353/forge/src/dispatcher/posix.c:61 140563221894912: r->filehandle = 36, r->size = 524288, r->offset = 191889408
00:10:27 ERROR /home/bsc03/bsc03353/forge/src/dispatcher/posix.c:61 139965049566976: r->filehandle = 36, r->size = 524288, r->offset = 164102144
00:10:27 ERROR /home/bsc03/bsc03353/forge/src/dispatcher/posix.c:62 140563221894912: single write -1 of expected 524288
00:10:27 ERROR /home/bsc03/bsc03353/forge/src/dispatcher/posix.c:62 139965049566976: single write -1 of expected 524288
00:10:27 ERROR /home/bsc03/bsc03353/forge/src/dispatcher/posix.c:61 140586844260096: r->filehandle = 36, r->size = 524288, r->offset = 196083712
00:10:27 ERROR /home/bsc03/bsc03353/forge/src/dispatcher/posix.c:62 140586844260096: single write -1 of expected 524288
00:10:27 ERROR /home/bsc03/bsc03353/forge/src/dispatcher/posix.c:61 139954312128256: r->filehandle = 36, r->size = 524288, r->offset = 165675008
00:10:27 ERROR /home/bsc03/bsc03353/forge/src/dispatcher/posix.c:62 139954312128256: single write -1 of expected 524288
00:10:28 ERROR /home/bsc03/bsc03353/forge/src/dispatcher/posix.c:61 140567516870400: r->filehandle = 36, r->size = 524288, r->offset = 193462272
00:10:28 ERROR /home/bsc03/bsc03353/forge/src/dispatcher/posix.c:62 140567516870400: single write -1 of expected 524288
00:10:29 ERROR /home/bsc03/bsc03353/forge/src/dispatcher/posix.c:61 140593286723328: r->filehandle = 36, r->size = 524288, r->offset = 197132288
00:10:29 ERROR /home/bsc03/bsc03353/forge/src/dispatcher/posix.c:62 140593286723328: single write -1 of expected 524288
00:10:29 ERROR /home/bsc03/bsc03353/forge/src/dispatcher/posix.c:61 140596658816768: r->filehandle = 36, r->size = 524288, r->offset = 80216064
00:10:29 ERROR /home/bsc03/bsc03353/forge/src/dispatcher/posix.c:62 140596658816768: single write -1 of expected 524288
00:10:29 ERROR /home/bsc03/bsc03353/forge/src/dispatcher/posix.c:61 140579478914816: r->filehandle = 36, r->size = 524288, r->offset = 178257920
00:10:29 ERROR /home/bsc03/bsc03353/forge/src/dispatcher/posix.c:62 140579478914816: single write -1 of expected 524288
00:10:30 ERROR /home/bsc03/bsc03353/forge/src/dispatcher/posix.c:61 140590216353536: r->filehandle = 36, r->size = 524288, r->offset = 25165824
00:10:30 ERROR /home/bsc03/bsc03353/forge/src/dispatcher/posix.c:62 140590216353536: single write -1 of expected 524288
00:10:30 ERROR /home/bsc03/bsc03353/forge/src/dispatcher/posix.c:61 140588068865792: r->filehandle = 36, r->size = 524288, r->offset = 129499136
00:10:30 ERROR /home/bsc03/bsc03353/forge/src/dispatcher/posix.c:62 140588068865792: single write -1 of expected 524288
00:10:31 ERROR /home/bsc03/bsc03353/forge/src/dispatcher/posix.c:61 139932837250816: r->filehandle = 36, r->size = 524288, r->offset = 175112192
00:10:31 ERROR /home/bsc03/bsc03353/forge/src/dispatcher/posix.c:62 139932837250816: single write -1 of expected 524288
00:10:31 ERROR /home/bsc03/bsc03353/forge/src/dispatcher/posix.c:61 139990164027136: r->filehandle = 35, r->size = 524288, r->offset = 162529280
00:10:31 ERROR /home/bsc03/bsc03353/forge/src/dispatcher/posix.c:62 139990164027136: single write -1 of expected 524288
00:10:32 ERROR /home/bsc03/bsc03353/forge/src/dispatcher/posix.c:61 140576106821376: r->filehandle = 36, r->size = 524288, r->offset = 189792256
00:10:32 ERROR /home/bsc03/bsc03353/forge/src/dispatcher/posix.c:62 140576106821376: single write -1 of expected 524288
00:10:33 ERROR /home/bsc03/bsc03353/forge/src/dispatcher/posix.c:61 140588991747840: r->filehandle = 36, r->size = 524288, r->offset = 148897792
00:10:33 ERROR /home/bsc03/bsc03353/forge/src/dispatcher/posix.c:62 140588991747840: single write -1 of expected 524288
00:10:33 ERROR /home/bsc03/bsc03353/forge/src/dispatcher/posix.c:61 140573959333632: r->filehandle = 36, r->size = 524288, r->offset = 95944704
00:10:33 ERROR /home/bsc03/bsc03353/forge/src/dispatcher/posix.c:62 140573959333632: single write -1 of expected 524288
00:10:34 ERROR /home/bsc03/bsc03353/forge/src/dispatcher/posix.c:61 140565369382656: r->filehandle = 36, r->size = 524288, r->offset = 99614720
00:10:34 ERROR /home/bsc03/bsc03353/forge/src/dispatcher/posix.c:62 140565369382656: single write -1 of expected 524288
00:10:34 ERROR /home/bsc03/bsc03353/forge/src/dispatcher/posix.c:61 140578254309120: r->filehandle = 36, r->size = 524288, r->offset = 49807360
00:10:34 ERROR /home/bsc03/bsc03353/forge/src/dispatcher/posix.c:62 140578254309120: single write -1 of expected 524288
00:10:35 ERROR /home/bsc03/bsc03353/forge/src/dispatcher/posix.c:61 140584696772352: r->filehandle = 36, r->size = 524288, r->offset = 191365120
00:10:35 ERROR /home/bsc03/bsc03353/forge/src/dispatcher/posix.c:62 140584696772352: single write -1 of expected 524288
00:10:35 ERROR /home/bsc03/bsc03353/forge/src/dispatcher/posix.c:61 140592363841280: r->filehandle = 36, r->size = 524288, r->offset = 34603008
00:10:35 ERROR /home/bsc03/bsc03353/forge/src/dispatcher/posix.c:62 140592363841280: single write -1 of expected 524288
00:10:35 ERROR /home/bsc03/bsc03353/forge/src/dispatcher/posix.c:61 140570888963840: r->filehandle = 36, r->size = 524288, r->offset = 30408704
00:10:35 ERROR /home/bsc03/bsc03353/forge/src/dispatcher/posix.c:62 140570888963840: single write -1 of expected 524288
00:10:35 ERROR /home/bsc03/bsc03353/forge/src/dispatcher/posix.c:61 139994459002624: r->filehandle = 35, r->size = 524288, r->offset = 109051904
00:10:35 ERROR /home/bsc03/bsc03353/forge/src/dispatcher/posix.c:62 139994459002624: single write -1 of expected 524288
00:10:35 ERROR /home/bsc03/bsc03353/forge/src/dispatcher/posix.c:61 139945722177280: r->filehandle = 36, r->size = 524288, r->offset = 16777216
00:10:35 ERROR /home/bsc03/bsc03353/forge/src/dispatcher/posix.c:62 139945722177280: single write -1 of expected 524288
00:10:36 ERROR /home/bsc03/bsc03353/forge/src/dispatcher/posix.c:61 139981574076160: r->filehandle = 35, r->size = 524288, r->offset = 105381888
00:10:36 ERROR /home/bsc03/bsc03353/forge/src/dispatcher/posix.c:61 139939279714048: r->filehandle = 36, r->size = 524288, r->offset = 321388544
00:10:36 ERROR /home/bsc03/bsc03353/forge/src/dispatcher/posix.c:62 139939279714048: single write -1 of expected 524288
00:10:36 ERROR /home/bsc03/bsc03353/forge/src/dispatcher/posix.c:62 139981574076160: single write -1 of expected 524288
00:10:36 ERROR /home/bsc03/bsc03353/forge/src/dispatcher/posix.c:61 139983721563904: r->filehandle = 35, r->size = 524288, r->offset = 105906176
00:10:36 ERROR /home/bsc03/bsc03353/forge/src/dispatcher/posix.c:62 139983721563904: single write -1 of expected 524288
00:10:36 ERROR /home/bsc03/bsc03353/forge/src/dispatcher/posix.c:61 140571811845888: r->filehandle = 36, r->size = 524288, r->offset = 47185920
00:10:36 ERROR /home/bsc03/bsc03353/forge/src/dispatcher/posix.c:62 140571811845888: single write -1 of expected 524288
00:10:36 ERROR /home/bsc03/bsc03353/forge/src/dispatcher/posix.c:61 140595434211072: r->filehandle = 36, r->size = 524288, r->offset = 96993280
00:10:36 ERROR /home/bsc03/bsc03353/forge/src/dispatcher/posix.c:62 140595434211072: single write -1 of expected 524288
00:10:37 ERROR /home/bsc03/bsc03353/forge/src/dispatcher/posix.c:61 139977279100672: r->filehandle = 35, r->size = 524288, r->offset = 156762112
00:10:37 ERROR /home/bsc03/bsc03353/forge/src/dispatcher/posix.c:61 140583773890304: r->filehandle = 36, r->size = 524288, r->offset = 131596288
00:10:37 ERROR /home/bsc03/bsc03353/forge/src/dispatcher/posix.c:62 140583773890304: single write -1 of expected 524288
00:10:37 ERROR /home/bsc03/bsc03353/forge/src/dispatcher/posix.c:62 139977279100672: single write -1 of expected 524288
00:10:37 ERROR /home/bsc03/bsc03353/forge/src/dispatcher/posix.c:61 139950017152768: r->filehandle = 36, r->size = 524288, r->offset = 114294784
00:10:37 ERROR /home/bsc03/bsc03353/forge/src/dispatcher/posix.c:62 139950017152768: single write -1 of expected 524288
00:10:37 ERROR /home/bsc03/bsc03353/forge/src/dispatcher/posix.c:61 139945722177280: r->filehandle = 36, r->size = 524288, r->offset = 20971520
00:10:37 ERROR /home/bsc03/bsc03353/forge/src/dispatcher/posix.c:62 139945722177280: single write -1 of expected 524288
00:10:37 ERROR /home/bsc03/bsc03353/forge/src/dispatcher/posix.c:61 139943574689536: r->filehandle = 36, r->size = 524288, r->offset = 70254592
00:10:37 ERROR /home/bsc03/bsc03353/forge/src/dispatcher/posix.c:62 139943574689536: single write -1 of expected 524288
00:10:38 ERROR /home/bsc03/bsc03353/forge/src/dispatcher/posix.c:61 140582549284608: r->filehandle = 36, r->size = 524288, r->offset = 90177536
00:10:38 ERROR /home/bsc03/bsc03353/forge/src/dispatcher/posix.c:62 140582549284608: single write -1 of expected 524288
00:10:38 ERROR /home/bsc03/bsc03353/forge/src/dispatcher/posix.c:61 140578254309120: r->filehandle = 36, r->size = 524288, r->offset = 44040192
00:10:38 ERROR /home/bsc03/bsc03353/forge/src/dispatcher/posix.c:62 140578254309120: single write -1 of expected 524288
00:10:38 ERROR /home/bsc03/bsc03353/forge/src/dispatcher/posix.c:61 140570888963840: r->filehandle = 36, r->size = 524288, r->offset = 36700160
00:10:38 ERROR /home/bsc03/bsc03353/forge/src/dispatcher/posix.c:62 140570888963840: single write -1 of expected 524288
00:10:38 ERROR /home/bsc03/bsc03353/forge/src/dispatcher/posix.c:61 139972984125184: r->filehandle = 35, r->size = 524288, r->offset = 54001664
00:10:38 ERROR /home/bsc03/bsc03353/forge/src/dispatcher/posix.c:62 139972984125184: single write -1 of expected 524288
00:10:38 ERROR /home/bsc03/bsc03353/forge/src/dispatcher/posix.c:61 140573036451584: r->filehandle = 36, r->size = 524288, r->offset = 25690112
00:10:38 ERROR /home/bsc03/bsc03353/forge/src/dispatcher/posix.c:62 140573036451584: single write -1 of expected 524288
00:10:39 ERROR /home/bsc03/bsc03353/forge/src/dispatcher/posix.c:61 140575183939328: r->filehandle = 36, r->size = 524288, r->offset = 77070336
00:10:39 ERROR /home/bsc03/bsc03353/forge/src/dispatcher/posix.c:62 140575183939328: single write -1 of expected 524288
00:10:39 ERROR /home/bsc03/bsc03353/forge/src/dispatcher/posix.c:61 139962902079232: r->filehandle = 36, r->size = 524288, r->offset = 174587904
00:10:39 ERROR /home/bsc03/bsc03353/forge/src/dispatcher/posix.c:62 139962902079232: single write -1 of expected 524288
00:10:39 ERROR /home/bsc03/bsc03353/forge/src/dispatcher/posix.c:61 139941427201792: r->filehandle = 36, r->size = 524288, r->offset = 15204352
00:10:39 ERROR /home/bsc03/bsc03353/forge/src/dispatcher/posix.c:62 139941427201792: single write -1 of expected 524288
00:10:39 ERROR /home/bsc03/bsc03353/forge/src/dispatcher/posix.c:61 139960754591488: r->filehandle = 36, r->size = 524288, r->offset = 175636480
00:10:39 ERROR /home/bsc03/bsc03353/forge/src/dispatcher/posix.c:62 139960754591488: single write -1 of expected 524288
00:10:40 ERROR /home/bsc03/bsc03353/forge/src/dispatcher/posix.c:61 139988016539392: r->filehandle = 35, r->size = 524288, r->offset = 9961472
00:10:40 ERROR /home/bsc03/bsc03353/forge/src/dispatcher/posix.c:62 139988016539392: single write -1 of expected 524288
00:10:40 ERROR /home/bsc03/bsc03353/forge/src/dispatcher/posix.c:61 140578254309120: r->filehandle = 36, r->size = 524288, r->offset = 42991616
00:10:40 ERROR /home/bsc03/bsc03353/forge/src/dispatcher/posix.c:62 140578254309120: single write -1 of expected 524288
00:10:40 ERROR /home/bsc03/bsc03353/forge/src/dispatcher/posix.c:61 139966541661952: r->filehandle = 35, r->size = 524288, r->offset = 6815744
00:10:40 ERROR /home/bsc03/bsc03353/forge/src/dispatcher/posix.c:62 139966541661952: single write -1 of expected 524288
00:10:40 ERROR /home/bsc03/bsc03353/forge/src/dispatcher/posix.c:61 140592363841280: r->filehandle = 36, r->size = 524288, r->offset = 31457280
00:10:40 ERROR /home/bsc03/bsc03353/forge/src/dispatcher/posix.c:62 140592363841280: single write -1 of expected 524288
00:10:40 ERROR /home/bsc03/bsc03353/forge/src/dispatcher/posix.c:61 139947869665024: r->filehandle = 36, r->size = 524288, r->offset = 172490752
00:10:40 ERROR /home/bsc03/bsc03353/forge/src/dispatcher/posix.c:62 139947869665024: single write -1 of expected 524288
00:10:40 ERROR /home/bsc03/bsc03353/forge/src/dispatcher/posix.c:61 139941427201792: r->filehandle = 36, r->size = 524288, r->offset = 18350080
00:10:40 ERROR /home/bsc03/bsc03353/forge/src/dispatcher/posix.c:62 139941427201792: single write -1 of expected 524288
00:10:41 ERROR /home/bsc03/bsc03353/forge/src/dispatcher/posix.c:61 140570888963840: r->filehandle = 36, r->size = 524288, r->offset = 32505856
00:10:41 ERROR /home/bsc03/bsc03353/forge/src/dispatcher/posix.c:62 140570888963840: single write -1 of expected 524288
00:10:41 ERROR /home/bsc03/bsc03353/forge/src/dispatcher/posix.c:61 140592363841280: r->filehandle = 36, r->size = 524288, r->offset = 33554432
00:10:41 ERROR /home/bsc03/bsc03353/forge/src/dispatcher/posix.c:62 140592363841280: single write -1 of expected 524288
00:10:41 ERROR /home/bsc03/bsc03353/forge/src/dispatcher/posix.c:61 140577331427072: r->filehandle = 36, r->size = 524288, r->offset = 79691776
00:10:41 ERROR /home/bsc03/bsc03353/forge/src/dispatcher/posix.c:62 140577331427072: single write -1 of expected 524288
00:10:41 ERROR /home/bsc03/bsc03353/forge/src/dispatcher/posix.c:61 140592363841280: r->filehandle = 36, r->size = 524288, r->offset = 37224448
00:10:41 ERROR /home/bsc03/bsc03353/forge/src/dispatcher/posix.c:62 140592363841280: single write -1 of expected 524288
00:10:42 ERROR /home/bsc03/bsc03353/forge/src/dispatcher/posix.c:61 140592363841280: r->filehandle = 36, r->size = 524288, r->offset = 36175872
00:10:42 ERROR /home/bsc03/bsc03353/forge/src/dispatcher/posix.c:62 140592363841280: single write -1 of expected 524288
00:10:42 WARN  /home/bsc03/bsc03353/forge/src/main.c:789 139861957011520: hit stone wall at 85.121466 seconds!
AGIOS: stopped for this client. It can already be used by calling agios_init

AGIOS: stopped for this client. It can already be used by calling agios_init

AGIOS: stopped for this client. It can already be used by calling agios_init

AGIOS: stopped for this client. It can already be used by calling agios_init

00:10:42 INFO  /home/bsc03/bsc03353/forge/src/main.c:1158 140005956667456: I/O Forwarding Exploration [COMPLETE]
