Set GCC compilers as MPI wrappers backend 
remove openmpi/4.0.2_UCX (PATH, MANPATH, LD_LIBRARY_PATH) 
load openmpi/4.0.2_UCX (PATH, MANPATH, LD_LIBRARY_PATH) 
Set GCC compilers as MPI wrappers backend 
load gsl/2.4 (PATH, LD_LIBRARY_PATH, LIBRARY_PATH, MANPATH, INFOPATH,
C_INCLUDE_PATH, CPLUS_INCLUDE_PATH, PKG_CONFIG_PATH, GSL_DIR) 
16:03:17 INFO  /home/bsc03/bsc03353/forge/src/main.c:107 140432553924672: I/O Forwarding Exploration [START]
Will AGIOS generate trace files? NO
Default scheduling algorithm: TO
TWINS window size: 1000000
Will the Prediction Module read information from trace files? NO
File with access time functions: /home/bsc03/bsc03353/forge/agios/access_times.func
AGIOS thinks its user has stripe size of 32768
Will AGIOS generate trace files? NO
Default scheduling algorithm: TO
TWINS window size: 1000000
Will the Prediction Module read information from trace files? NO
File with access time functions: /home/bsc03/bsc03353/forge/agios/access_times.func
AGIOS thinks its user has stripe size of 32768
Will AGIOS generate trace files? NO
Default scheduling algorithm: TO
TWINS window size: 1000000
Will the Prediction Module read information from trace files? NO
File with access time functions: /home/bsc03/bsc03353/forge/agios/access_times.func
AGIOS thinks its user has stripe size of 32768
Will AGIOS generate trace files? NO
Default scheduling algorithm: TO
TWINS window size: 1000000
Will the Prediction Module read information from trace files? NO
File with access time functions: /home/bsc03/bsc03353/forge/agios/access_times.func
AGIOS thinks its user has stripe size of 32768
16:05:09 ERROR /home/bsc03/bsc03353/forge/src/dispatcher/posix.c:61 140240241825536: r->filehandle = 236, r->size = 8388608, r->offset = 0
16:05:09 ERROR /home/bsc03/bsc03353/forge/src/dispatcher/posix.c:62 140240241825536: single write -1 of expected 8388608
16:05:10 ERROR /home/bsc03/bsc03353/forge/src/dispatcher/posix.c:61 140412583474944: r->filehandle = 335, r->size = 8388608, r->offset = 0
16:05:10 ERROR /home/bsc03/bsc03353/forge/src/dispatcher/posix.c:62 140412583474944: single write -1 of expected 8388608
16:05:10 ERROR /home/bsc03/bsc03353/forge/src/dispatcher/posix.c:61 140470765106944: r->filehandle = 184, r->size = 8388608, r->offset = 0
16:05:10 ERROR /home/bsc03/bsc03353/forge/src/dispatcher/posix.c:62 140470765106944: single write -1 of expected 8388608
16:05:10 ERROR /home/bsc03/bsc03353/forge/src/dispatcher/posix.c:61 140393256085248: r->filehandle = 295, r->size = 8388608, r->offset = 0
16:05:10 ERROR /home/bsc03/bsc03353/forge/src/dispatcher/posix.c:62 140393256085248: single write -1 of expected 8388608
16:05:11 ERROR /home/bsc03/bsc03353/forge/src/dispatcher/posix.c:61 139846581249792: r->filehandle = 160, r->size = 8388608, r->offset = 0
16:05:11 ERROR /home/bsc03/bsc03353/forge/src/dispatcher/posix.c:62 139846581249792: single write -1 of expected 8388608
16:05:12 ERROR /home/bsc03/bsc03353/forge/src/dispatcher/posix.c:61 140472912594688: r->filehandle = 396, r->size = 8388608, r->offset = 0
16:05:12 ERROR /home/bsc03/bsc03353/forge/src/dispatcher/posix.c:62 140472912594688: single write -1 of expected 8388608
16:05:13 ERROR /home/bsc03/bsc03353/forge/src/dispatcher/posix.c:61 140416878450432: r->filehandle = 192, r->size = 8388608, r->offset = 0
16:05:13 ERROR /home/bsc03/bsc03353/forge/src/dispatcher/posix.c:62 140416878450432: single write -1 of expected 8388608
16:05:13 ERROR /home/bsc03/bsc03353/forge/src/dispatcher/posix.c:61 140246684288768: r->filehandle = 56, r->size = 8388608, r->offset = 0
16:05:13 ERROR /home/bsc03/bsc03353/forge/src/dispatcher/posix.c:62 140246684288768: single write -1 of expected 8388608
16:05:14 ERROR /home/bsc03/bsc03353/forge/src/dispatcher/posix.c:61 139829401347840: r->filehandle = 304, r->size = 8388608, r->offset = 0
16:05:14 ERROR /home/bsc03/bsc03353/forge/src/dispatcher/posix.c:62 139829401347840: single write -1 of expected 8388608
16:05:14 ERROR /home/bsc03/bsc03353/forge/src/dispatcher/posix.c:61 140410435987200: r->filehandle = 169, r->size = 8388608, r->offset = 0
16:05:14 ERROR /home/bsc03/bsc03353/forge/src/dispatcher/posix.c:62 140410435987200: single write -1 of expected 8388608
16:05:15 ERROR /home/bsc03/bsc03353/forge/src/dispatcher/posix.c:61 140233799362304: r->filehandle = 119, r->size = 8388608, r->offset = 0
16:05:15 ERROR /home/bsc03/bsc03353/forge/src/dispatcher/posix.c:62 140233799362304: single write -1 of expected 8388608
16:05:15 ERROR /home/bsc03/bsc03353/forge/src/dispatcher/posix.c:61 140248831776512: r->filehandle = 412, r->size = 8388608, r->offset = 0
16:05:15 ERROR /home/bsc03/bsc03353/forge/src/dispatcher/posix.c:61 139831548835584: r->filehandle = 132, r->size = 8388608, r->offset = 0
16:05:15 ERROR /home/bsc03/bsc03353/forge/src/dispatcher/posix.c:62 140248831776512: single write -1 of expected 8388608
16:05:15 ERROR /home/bsc03/bsc03353/forge/src/dispatcher/posix.c:61 140457880180480: r->filehandle = 193, r->size = 8388608, r->offset = 0
16:05:15 ERROR /home/bsc03/bsc03353/forge/src/dispatcher/posix.c:62 139831548835584: single write -1 of expected 8388608
16:05:15 ERROR /home/bsc03/bsc03353/forge/src/dispatcher/posix.c:62 140457880180480: single write -1 of expected 8388608
16:05:16 ERROR /home/bsc03/bsc03353/forge/src/dispatcher/posix.c:61 140462175155968: r->filehandle = 253, r->size = 8388608, r->offset = 0
16:05:16 ERROR /home/bsc03/bsc03353/forge/src/dispatcher/posix.c:62 140462175155968: single write -1 of expected 8388608
16:05:17 ERROR /home/bsc03/bsc03353/forge/src/dispatcher/posix.c:61 140457880180480: r->filehandle = 350, r->size = 8388608, r->offset = 0
16:05:17 ERROR /home/bsc03/bsc03353/forge/src/dispatcher/posix.c:62 140457880180480: single write -1 of expected 8388608
16:05:17 ERROR /home/bsc03/bsc03353/forge/src/dispatcher/posix.c:61 140235946850048: r->filehandle = 58, r->size = 8388608, r->offset = 0
16:05:17 ERROR /home/bsc03/bsc03353/forge/src/dispatcher/posix.c:62 140235946850048: single write -1 of expected 8388608
16:05:18 ERROR /home/bsc03/bsc03353/forge/src/dispatcher/posix.c:61 140464322643712: r->filehandle = 392, r->size = 8388608, r->offset = 0
16:05:18 ERROR /home/bsc03/bsc03353/forge/src/dispatcher/posix.c:62 140464322643712: single write -1 of expected 8388608
16:05:18 ERROR /home/bsc03/bsc03353/forge/src/dispatcher/posix.c:61 140457880180480: r->filehandle = 58, r->size = 8388608, r->offset = 0
16:05:18 ERROR /home/bsc03/bsc03353/forge/src/dispatcher/posix.c:62 140457880180480: single write -1 of expected 8388608
16:05:18 ERROR /home/bsc03/bsc03353/forge/src/dispatcher/posix.c:61 140240241825536: r->filehandle = 79, r->size = 8388608, r->offset = 0
16:05:18 ERROR /home/bsc03/bsc03353/forge/src/dispatcher/posix.c:62 140240241825536: single write -1 of expected 8388608
16:05:19 ERROR /home/bsc03/bsc03353/forge/src/dispatcher/posix.c:61 140395403572992: r->filehandle = 408, r->size = 8388608, r->offset = 0
16:05:19 ERROR /home/bsc03/bsc03353/forge/src/dispatcher/posix.c:62 140395403572992: single write -1 of expected 8388608
16:05:19 ERROR /home/bsc03/bsc03353/forge/src/dispatcher/posix.c:61 139855171200768: r->filehandle = 125, r->size = 8388608, r->offset = 0
16:05:19 ERROR /home/bsc03/bsc03353/forge/src/dispatcher/posix.c:62 139855171200768: single write -1 of expected 8388608
16:05:20 ERROR /home/bsc03/bsc03353/forge/src/dispatcher/posix.c:61 140475060082432: r->filehandle = 342, r->size = 8388608, r->offset = 0
16:05:20 ERROR /home/bsc03/bsc03353/forge/src/dispatcher/posix.c:62 140475060082432: single write -1 of expected 8388608
16:05:21 ERROR /home/bsc03/bsc03353/forge/src/dispatcher/posix.c:61 139850876225280: r->filehandle = 164, r->size = 8388608, r->offset = 0
16:05:21 ERROR /home/bsc03/bsc03353/forge/src/dispatcher/posix.c:62 139850876225280: single write -1 of expected 8388608
16:05:23 ERROR /home/bsc03/bsc03353/forge/src/dispatcher/posix.c:61 140406141011712: r->filehandle = 419, r->size = 8388608, r->offset = 0
16:05:23 ERROR /home/bsc03/bsc03353/forge/src/dispatcher/posix.c:62 140406141011712: single write -1 of expected 8388608
16:05:24 ERROR /home/bsc03/bsc03353/forge/src/dispatcher/posix.c:61 139857318688512: r->filehandle = 217, r->size = 8388608, r->offset = 0
16:05:24 ERROR /home/bsc03/bsc03353/forge/src/dispatcher/posix.c:62 139857318688512: single write -1 of expected 8388608
16:05:25 ERROR /home/bsc03/bsc03353/forge/src/dispatcher/posix.c:61 140477207570176: r->filehandle = 412, r->size = 8388608, r->offset = 0
16:05:25 ERROR /home/bsc03/bsc03353/forge/src/dispatcher/posix.c:62 140477207570176: single write -1 of expected 8388608
16:05:25 ERROR /home/bsc03/bsc03353/forge/src/dispatcher/posix.c:61 140410435987200: r->filehandle = 305, r->size = 8388608, r->offset = 0
16:05:25 ERROR /home/bsc03/bsc03353/forge/src/dispatcher/posix.c:62 140410435987200: single write -1 of expected 8388608
16:05:26 ERROR /home/bsc03/bsc03353/forge/src/dispatcher/posix.c:61 140485797521152: r->filehandle = 162, r->size = 8388608, r->offset = 0
16:05:26 ERROR /home/bsc03/bsc03353/forge/src/dispatcher/posix.c:62 140485797521152: single write -1 of expected 8388608
16:05:26 ERROR /home/bsc03/bsc03353/forge/src/dispatcher/posix.c:61 140401846036224: r->filehandle = 116, r->size = 8388608, r->offset = 0
16:05:26 ERROR /home/bsc03/bsc03353/forge/src/dispatcher/posix.c:62 140401846036224: single write -1 of expected 8388608
16:05:27 ERROR /home/bsc03/bsc03353/forge/src/dispatcher/posix.c:61 140453585204992: r->filehandle = 227, r->size = 8388608, r->offset = 0
16:05:27 ERROR /home/bsc03/bsc03353/forge/src/dispatcher/posix.c:62 140453585204992: single write -1 of expected 8388608
16:05:27 ERROR /home/bsc03/bsc03353/forge/src/dispatcher/posix.c:61 140238094337792: r->filehandle = 340, r->size = 8388608, r->offset = 0
16:05:27 ERROR /home/bsc03/bsc03353/forge/src/dispatcher/posix.c:62 140238094337792: single write -1 of expected 8388608
16:05:28 ERROR /home/bsc03/bsc03353/forge/src/dispatcher/posix.c:61 140242389313280: r->filehandle = 388, r->size = 8388608, r->offset = 0
16:05:28 ERROR /home/bsc03/bsc03353/forge/src/dispatcher/posix.c:62 140242389313280: single write -1 of expected 8388608
16:05:29 ERROR /home/bsc03/bsc03353/forge/src/dispatcher/posix.c:61 140238094337792: r->filehandle = 273, r->size = 8388608, r->offset = 0
16:05:29 ERROR /home/bsc03/bsc03353/forge/src/dispatcher/posix.c:62 140238094337792: single write -1 of expected 8388608
16:05:29 ERROR /home/bsc03/bsc03353/forge/src/dispatcher/posix.c:61 140468617619200: r->filehandle = 183, r->size = 8388608, r->offset = 0
16:05:29 ERROR /home/bsc03/bsc03353/forge/src/dispatcher/posix.c:62 140468617619200: single write -1 of expected 8388608
16:05:30 ERROR /home/bsc03/bsc03353/forge/src/dispatcher/posix.c:61 140477207570176: r->filehandle = 349, r->size = 8388608, r->offset = 0
16:05:30 ERROR /home/bsc03/bsc03353/forge/src/dispatcher/posix.c:62 140477207570176: single write -1 of expected 8388608
16:05:30 ERROR /home/bsc03/bsc03353/forge/src/dispatcher/posix.c:61 140460027668224: r->filehandle = 79, r->size = 8388608, r->offset = 0
16:05:30 ERROR /home/bsc03/bsc03353/forge/src/dispatcher/posix.c:62 140460027668224: single write -1 of expected 8388608
16:05:31 ERROR /home/bsc03/bsc03353/forge/src/dispatcher/posix.c:61 140244536801024: r->filehandle = 135, r->size = 8388608, r->offset = 0
16:05:31 ERROR /home/bsc03/bsc03353/forge/src/dispatcher/posix.c:62 140244536801024: single write -1 of expected 8388608
16:05:32 ERROR /home/bsc03/bsc03353/forge/src/dispatcher/posix.c:61 140250979264256: r->filehandle = 275, r->size = 8388608, r->offset = 0
16:05:32 ERROR /home/bsc03/bsc03353/forge/src/dispatcher/posix.c:62 140250979264256: single write -1 of expected 8388608
16:05:32 ERROR /home/bsc03/bsc03353/forge/src/dispatcher/posix.c:61 140468617619200: r->filehandle = 290, r->size = 8388608, r->offset = 0
16:05:32 ERROR /home/bsc03/bsc03353/forge/src/dispatcher/posix.c:62 140468617619200: single write -1 of expected 8388608
16:05:33 ERROR /home/bsc03/bsc03353/forge/src/dispatcher/posix.c:61 139840138786560: r->filehandle = 196, r->size = 8388608, r->offset = 0
16:05:33 ERROR /home/bsc03/bsc03353/forge/src/dispatcher/posix.c:62 139840138786560: single write -1 of expected 8388608
16:05:33 ERROR /home/bsc03/bsc03353/forge/src/dispatcher/posix.c:61 140470765106944: r->filehandle = 70, r->size = 8388608, r->offset = 0
16:05:33 ERROR /home/bsc03/bsc03353/forge/src/dispatcher/posix.c:62 140470765106944: single write -1 of expected 8388608
16:05:34 ERROR /home/bsc03/bsc03353/forge/src/dispatcher/posix.c:61 139831548835584: r->filehandle = 205, r->size = 8388608, r->offset = 0
16:05:34 ERROR /home/bsc03/bsc03353/forge/src/dispatcher/posix.c:62 139831548835584: single write -1 of expected 8388608
16:05:35 ERROR /home/bsc03/bsc03353/forge/src/dispatcher/posix.c:61 140244536801024: r->filehandle = 129, r->size = 8388608, r->offset = 0
16:05:35 ERROR /home/bsc03/bsc03353/forge/src/dispatcher/posix.c:62 140244536801024: single write -1 of expected 8388608
16:05:35 ERROR /home/bsc03/bsc03353/forge/src/dispatcher/posix.c:61 140477207570176: r->filehandle = 286, r->size = 8388608, r->offset = 0
16:05:35 ERROR /home/bsc03/bsc03353/forge/src/dispatcher/posix.c:62 140477207570176: single write -1 of expected 8388608
16:05:37 ERROR /home/bsc03/bsc03353/forge/src/dispatcher/posix.c:61 140455732692736: r->filehandle = 206, r->size = 8388608, r->offset = 0
16:05:37 ERROR /home/bsc03/bsc03353/forge/src/dispatcher/posix.c:62 140455732692736: single write -1 of expected 8388608
16:05:37 ERROR /home/bsc03/bsc03353/forge/src/dispatcher/posix.c:61 139833696323328: r->filehandle = 180, r->size = 8388608, r->offset = 0
16:05:37 ERROR /home/bsc03/bsc03353/forge/src/dispatcher/posix.c:62 139833696323328: single write -1 of expected 8388608
16:05:38 ERROR /home/bsc03/bsc03353/forge/src/dispatcher/posix.c:61 139855171200768: r->filehandle = 412, r->size = 8388608, r->offset = 0
16:05:38 ERROR /home/bsc03/bsc03353/forge/src/dispatcher/posix.c:62 139855171200768: single write -1 of expected 8388608
16:05:38 ERROR /home/bsc03/bsc03353/forge/src/dispatcher/posix.c:61 139853023713024: r->filehandle = 371, r->size = 8388608, r->offset = 0
16:05:38 ERROR /home/bsc03/bsc03353/forge/src/dispatcher/posix.c:62 139853023713024: single write -1 of expected 8388608
16:05:39 ERROR /home/bsc03/bsc03353/forge/src/dispatcher/posix.c:61 140412583474944: r->filehandle = 338, r->size = 8388608, r->offset = 0
16:05:39 ERROR /home/bsc03/bsc03353/forge/src/dispatcher/posix.c:61 139848728737536: r->filehandle = 269, r->size = 8388608, r->offset = 0
16:05:39 ERROR /home/bsc03/bsc03353/forge/src/dispatcher/posix.c:62 139848728737536: single write -1 of expected 8388608
16:05:39 ERROR /home/bsc03/bsc03353/forge/src/dispatcher/posix.c:62 140412583474944: single write -1 of expected 8388608
16:05:39 ERROR /home/bsc03/bsc03353/forge/src/dispatcher/posix.c:61 140485797521152: r->filehandle = 185, r->size = 8388608, r->offset = 0
16:05:39 ERROR /home/bsc03/bsc03353/forge/src/dispatcher/posix.c:61 140240241825536: r->filehandle = 196, r->size = 8388608, r->offset = 0
16:05:39 ERROR /home/bsc03/bsc03353/forge/src/dispatcher/posix.c:62 140240241825536: single write -1 of expected 8388608
16:05:39 ERROR /home/bsc03/bsc03353/forge/src/dispatcher/posix.c:62 140485797521152: single write -1 of expected 8388608
16:05:39 ERROR /home/bsc03/bsc03353/forge/src/dispatcher/posix.c:61 139846581249792: r->filehandle = 134, r->size = 8388608, r->offset = 0
16:05:39 ERROR /home/bsc03/bsc03353/forge/src/dispatcher/posix.c:62 139846581249792: single write -1 of expected 8388608
16:05:40 ERROR /home/bsc03/bsc03353/forge/src/dispatcher/posix.c:61 140483650033408: r->filehandle = 413, r->size = 8388608, r->offset = 0
16:05:40 ERROR /home/bsc03/bsc03353/forge/src/dispatcher/posix.c:62 140483650033408: single write -1 of expected 8388608
16:05:41 ERROR /home/bsc03/bsc03353/forge/src/dispatcher/posix.c:61 140453585204992: r->filehandle = 136, r->size = 8388608, r->offset = 0
16:05:41 ERROR /home/bsc03/bsc03353/forge/src/dispatcher/posix.c:62 140453585204992: single write -1 of expected 8388608
16:05:41 ERROR /home/bsc03/bsc03353/forge/src/dispatcher/posix.c:61 140399698548480: r->filehandle = 84, r->size = 8388608, r->offset = 0
16:05:41 ERROR /home/bsc03/bsc03353/forge/src/dispatcher/posix.c:62 140399698548480: single write -1 of expected 8388608
16:05:44 ERROR /home/bsc03/bsc03353/forge/src/dispatcher/posix.c:61 140464322643712: r->filehandle = 122, r->size = 8388608, r->offset = 0
16:05:44 ERROR /home/bsc03/bsc03353/forge/src/dispatcher/posix.c:62 140464322643712: single write -1 of expected 8388608
16:05:45 ERROR /home/bsc03/bsc03353/forge/src/dispatcher/posix.c:61 140460027668224: r->filehandle = 301, r->size = 8388608, r->offset = 0
16:05:45 ERROR /home/bsc03/bsc03353/forge/src/dispatcher/posix.c:62 140460027668224: single write -1 of expected 8388608
16:05:46 ERROR /home/bsc03/bsc03353/forge/src/dispatcher/posix.c:61 140477207570176: r->filehandle = 377, r->size = 8388608, r->offset = 0
16:05:46 ERROR /home/bsc03/bsc03353/forge/src/dispatcher/posix.c:62 140477207570176: single write -1 of expected 8388608
16:05:46 ERROR /home/bsc03/bsc03353/forge/src/dispatcher/posix.c:61 140481502545664: r->filehandle = 207, r->size = 8388608, r->offset = 0
16:05:46 ERROR /home/bsc03/bsc03353/forge/src/dispatcher/posix.c:62 140481502545664: single write -1 of expected 8388608
16:05:46 ERROR /home/bsc03/bsc03353/forge/src/dispatcher/posix.c:61 140403993523968: r->filehandle = 54, r->size = 8388608, r->offset = 0
16:05:46 ERROR /home/bsc03/bsc03353/forge/src/dispatcher/posix.c:62 140403993523968: single write -1 of expected 8388608
16:05:47 ERROR /home/bsc03/bsc03353/forge/src/dispatcher/posix.c:61 140423320913664: r->filehandle = 411, r->size = 8388608, r->offset = 0
16:05:47 ERROR /home/bsc03/bsc03353/forge/src/dispatcher/posix.c:62 140423320913664: single write -1 of expected 8388608
16:05:48 ERROR /home/bsc03/bsc03353/forge/src/dispatcher/posix.c:61 140403993523968: r->filehandle = 397, r->size = 8388608, r->offset = 0
16:05:48 ERROR /home/bsc03/bsc03353/forge/src/dispatcher/posix.c:62 140403993523968: single write -1 of expected 8388608
16:05:48 ERROR /home/bsc03/bsc03353/forge/src/dispatcher/posix.c:61 140231651874560: r->filehandle = 251, r->size = 8388608, r->offset = 0
16:05:48 ERROR /home/bsc03/bsc03353/forge/src/dispatcher/posix.c:62 140231651874560: single write -1 of expected 8388608
16:05:50 ERROR /home/bsc03/bsc03353/forge/src/dispatcher/posix.c:61 140414730962688: r->filehandle = 350, r->size = 8388608, r->offset = 0
16:05:50 ERROR /home/bsc03/bsc03353/forge/src/dispatcher/posix.c:62 140414730962688: single write -1 of expected 8388608
16:05:51 ERROR /home/bsc03/bsc03353/forge/src/dispatcher/posix.c:61 140253126752000: r->filehandle = 289, r->size = 8388608, r->offset = 0
16:05:51 ERROR /home/bsc03/bsc03353/forge/src/dispatcher/posix.c:62 140253126752000: single write -1 of expected 8388608
16:05:52 ERROR /home/bsc03/bsc03353/forge/src/dispatcher/posix.c:61 139831548835584: r->filehandle = 403, r->size = 8388608, r->offset = 0
16:05:52 ERROR /home/bsc03/bsc03353/forge/src/dispatcher/posix.c:62 139831548835584: single write -1 of expected 8388608
16:05:52 ERROR /home/bsc03/bsc03353/forge/src/dispatcher/posix.c:61 140410435987200: r->filehandle = 229, r->size = 8388608, r->offset = 0
16:05:52 ERROR /home/bsc03/bsc03353/forge/src/dispatcher/posix.c:61 139846581249792: r->filehandle = 265, r->size = 8388608, r->offset = 0
16:05:52 ERROR /home/bsc03/bsc03353/forge/src/dispatcher/posix.c:62 139846581249792: single write -1 of expected 8388608
16:05:52 ERROR /home/bsc03/bsc03353/forge/src/dispatcher/posix.c:62 140410435987200: single write -1 of expected 8388608
16:05:52 ERROR /home/bsc03/bsc03353/forge/src/dispatcher/posix.c:61 139831548835584: r->filehandle = 200, r->size = 8388608, r->offset = 0
16:05:52 ERROR /home/bsc03/bsc03353/forge/src/dispatcher/posix.c:62 139831548835584: single write -1 of expected 8388608
16:05:53 ERROR /home/bsc03/bsc03353/forge/src/dispatcher/posix.c:61 139837991298816: r->filehandle = 163, r->size = 8388608, r->offset = 0
16:05:53 ERROR /home/bsc03/bsc03353/forge/src/dispatcher/posix.c:62 139837991298816: single write -1 of expected 8388608
16:05:54 ERROR /home/bsc03/bsc03353/forge/src/dispatcher/posix.c:61 139829401347840: r->filehandle = 182, r->size = 8388608, r->offset = 0
16:05:54 ERROR /home/bsc03/bsc03353/forge/src/dispatcher/posix.c:61 140240241825536: r->filehandle = 301, r->size = 8388608, r->offset = 0
16:05:54 ERROR /home/bsc03/bsc03353/forge/src/dispatcher/posix.c:62 139829401347840: single write -1 of expected 8388608
16:05:54 ERROR /home/bsc03/bsc03353/forge/src/dispatcher/posix.c:62 140240241825536: single write -1 of expected 8388608
16:05:54 ERROR /home/bsc03/bsc03353/forge/src/dispatcher/posix.c:61 140464322643712: r->filehandle = 168, r->size = 8388608, r->offset = 0
16:05:54 ERROR /home/bsc03/bsc03353/forge/src/dispatcher/posix.c:62 140464322643712: single write -1 of expected 8388608
16:05:56 ERROR /home/bsc03/bsc03353/forge/src/dispatcher/posix.c:61 140259569215232: r->filehandle = 260, r->size = 8388608, r->offset = 0
16:05:56 ERROR /home/bsc03/bsc03353/forge/src/dispatcher/posix.c:62 140259569215232: single write -1 of expected 8388608
16:05:57 ERROR /home/bsc03/bsc03353/forge/src/dispatcher/posix.c:61 140401846036224: r->filehandle = 117, r->size = 8388608, r->offset = 0
16:05:57 ERROR /home/bsc03/bsc03353/forge/src/dispatcher/posix.c:62 140401846036224: single write -1 of expected 8388608
16:05:57 ERROR /home/bsc03/bsc03353/forge/src/dispatcher/posix.c:61 140460027668224: r->filehandle = 131, r->size = 8388608, r->offset = 0
16:05:57 ERROR /home/bsc03/bsc03353/forge/src/dispatcher/posix.c:62 140460027668224: single write -1 of expected 8388608
16:05:57 ERROR /home/bsc03/bsc03353/forge/src/dispatcher/posix.c:61 140421173425920: r->filehandle = 185, r->size = 8388608, r->offset = 0
16:05:57 ERROR /home/bsc03/bsc03353/forge/src/dispatcher/posix.c:61 140255274239744: r->filehandle = 292, r->size = 8388608, r->offset = 0
16:05:57 ERROR /home/bsc03/bsc03353/forge/src/dispatcher/posix.c:62 140255274239744: single write -1 of expected 8388608
16:05:57 ERROR /home/bsc03/bsc03353/forge/src/dispatcher/posix.c:62 140421173425920: single write -1 of expected 8388608
16:05:57 ERROR /home/bsc03/bsc03353/forge/src/dispatcher/posix.c:61 139833696323328: r->filehandle = 67, r->size = 8388608, r->offset = 0
16:05:57 ERROR /home/bsc03/bsc03353/forge/src/dispatcher/posix.c:62 139833696323328: single write -1 of expected 8388608
16:05:59 ERROR /home/bsc03/bsc03353/forge/src/dispatcher/posix.c:61 140466470131456: r->filehandle = 104, r->size = 8388608, r->offset = 0
16:05:59 ERROR /home/bsc03/bsc03353/forge/src/dispatcher/posix.c:62 140466470131456: single write -1 of expected 8388608
16:05:59 ERROR /home/bsc03/bsc03353/forge/src/dispatcher/posix.c:61 140479355057920: r->filehandle = 145, r->size = 8388608, r->offset = 0
16:05:59 ERROR /home/bsc03/bsc03353/forge/src/dispatcher/posix.c:62 140479355057920: single write -1 of expected 8388608
16:06:00 ERROR /home/bsc03/bsc03353/forge/src/dispatcher/posix.c:61 139853023713024: r->filehandle = 110, r->size = 8388608, r->offset = 0
16:06:00 ERROR /home/bsc03/bsc03353/forge/src/dispatcher/posix.c:62 139853023713024: single write -1 of expected 8388608
16:06:01 ERROR /home/bsc03/bsc03353/forge/src/dispatcher/posix.c:61 139844433762048: r->filehandle = 259, r->size = 8388608, r->offset = 0
16:06:01 ERROR /home/bsc03/bsc03353/forge/src/dispatcher/posix.c:62 139844433762048: single write -1 of expected 8388608
16:06:04 ERROR /home/bsc03/bsc03353/forge/src/dispatcher/posix.c:61 140246684288768: r->filehandle = 208, r->size = 8388608, r->offset = 0
16:06:04 ERROR /home/bsc03/bsc03353/forge/src/dispatcher/posix.c:62 140246684288768: single write -1 of expected 8388608
16:06:06 ERROR /home/bsc03/bsc03353/forge/src/dispatcher/posix.c:61 139846581249792: r->filehandle = 345, r->size = 8388608, r->offset = 0
16:06:06 ERROR /home/bsc03/bsc03353/forge/src/dispatcher/posix.c:62 139846581249792: single write -1 of expected 8388608
16:06:06 ERROR /home/bsc03/bsc03353/forge/src/dispatcher/posix.c:61 140466470131456: r->filehandle = 37, r->size = 8388608, r->offset = 0
16:06:06 ERROR /home/bsc03/bsc03353/forge/src/dispatcher/posix.c:62 140466470131456: single write -1 of expected 8388608
16:06:06 ERROR /home/bsc03/bsc03353/forge/src/dispatcher/posix.c:61 140412583474944: r->filehandle = 130, r->size = 8388608, r->offset = 0
16:06:06 ERROR /home/bsc03/bsc03353/forge/src/dispatcher/posix.c:62 140412583474944: single write -1 of expected 8388608
16:06:07 ERROR /home/bsc03/bsc03353/forge/src/dispatcher/posix.c:61 140395403572992: r->filehandle = 177, r->size = 8388608, r->offset = 0
16:06:07 ERROR /home/bsc03/bsc03353/forge/src/dispatcher/posix.c:62 140395403572992: single write -1 of expected 8388608
16:06:09 ERROR /home/bsc03/bsc03353/forge/src/dispatcher/posix.c:61 139833696323328: r->filehandle = 144, r->size = 8388608, r->offset = 0
16:06:09 ERROR /home/bsc03/bsc03353/forge/src/dispatcher/posix.c:62 139833696323328: single write -1 of expected 8388608
16:06:10 ERROR /home/bsc03/bsc03353/forge/src/dispatcher/posix.c:61 139855171200768: r->filehandle = 321, r->size = 8388608, r->offset = 0
16:06:10 ERROR /home/bsc03/bsc03353/forge/src/dispatcher/posix.c:62 139855171200768: single write -1 of expected 8388608
16:06:11 ERROR /home/bsc03/bsc03353/forge/src/dispatcher/posix.c:61 139844433762048: r->filehandle = 342, r->size = 8388608, r->offset = 0
16:06:11 ERROR /home/bsc03/bsc03353/forge/src/dispatcher/posix.c:62 139844433762048: single write -1 of expected 8388608
16:06:11 ERROR /home/bsc03/bsc03353/forge/src/dispatcher/posix.c:61 140453585204992: r->filehandle = 351, r->size = 8388608, r->offset = 0
16:06:11 ERROR /home/bsc03/bsc03353/forge/src/dispatcher/posix.c:62 140453585204992: single write -1 of expected 8388608
16:06:11 ERROR /home/bsc03/bsc03353/forge/src/dispatcher/posix.c:61 140238094337792: r->filehandle = 155, r->size = 8388608, r->offset = 0
16:06:11 ERROR /home/bsc03/bsc03353/forge/src/dispatcher/posix.c:62 140238094337792: single write -1 of expected 8388608
16:06:14 ERROR /home/bsc03/bsc03353/forge/src/dispatcher/posix.c:61 140475060082432: r->filehandle = 90, r->size = 8388608, r->offset = 0
16:06:14 ERROR /home/bsc03/bsc03353/forge/src/dispatcher/posix.c:62 140475060082432: single write -1 of expected 8388608
16:06:14 ERROR /home/bsc03/bsc03353/forge/src/dispatcher/posix.c:61 140401846036224: r->filehandle = 378, r->size = 8388608, r->offset = 0
16:06:14 ERROR /home/bsc03/bsc03353/forge/src/dispatcher/posix.c:62 140401846036224: single write -1 of expected 8388608
16:06:15 ERROR /home/bsc03/bsc03353/forge/src/dispatcher/posix.c:61 140406141011712: r->filehandle = 359, r->size = 8388608, r->offset = 0
16:06:15 ERROR /home/bsc03/bsc03353/forge/src/dispatcher/posix.c:62 140406141011712: single write -1 of expected 8388608
16:06:15 ERROR /home/bsc03/bsc03353/forge/src/dispatcher/posix.c:61 140481502545664: r->filehandle = 309, r->size = 8388608, r->offset = 0
16:06:15 ERROR /home/bsc03/bsc03353/forge/src/dispatcher/posix.c:61 140259569215232: r->filehandle = 353, r->size = 8388608, r->offset = 0
16:06:15 ERROR /home/bsc03/bsc03353/forge/src/dispatcher/posix.c:62 140259569215232: single write -1 of expected 8388608
16:06:15 ERROR /home/bsc03/bsc03353/forge/src/dispatcher/posix.c:62 140481502545664: single write -1 of expected 8388608
16:06:16 ERROR /home/bsc03/bsc03353/forge/src/dispatcher/posix.c:61 140423320913664: r->filehandle = 190, r->size = 8388608, r->offset = 0
16:06:16 ERROR /home/bsc03/bsc03353/forge/src/dispatcher/posix.c:62 140423320913664: single write -1 of expected 8388608
16:06:17 ERROR /home/bsc03/bsc03353/forge/src/dispatcher/posix.c:61 140408288499456: r->filehandle = 413, r->size = 8388608, r->offset = 0
16:06:17 ERROR /home/bsc03/bsc03353/forge/src/dispatcher/posix.c:62 140408288499456: single write -1 of expected 8388608
16:06:17 ERROR /home/bsc03/bsc03353/forge/src/dispatcher/posix.c:61 140395403572992: r->filehandle = 201, r->size = 8388608, r->offset = 0
16:06:17 ERROR /home/bsc03/bsc03353/forge/src/dispatcher/posix.c:62 140395403572992: single write -1 of expected 8388608
16:06:17 ERROR /home/bsc03/bsc03353/forge/src/dispatcher/posix.c:61 140240241825536: r->filehandle = 308, r->size = 8388608, r->offset = 0
16:06:17 ERROR /home/bsc03/bsc03353/forge/src/dispatcher/posix.c:61 139846581249792: r->filehandle = 352, r->size = 8388608, r->offset = 0
16:06:17 ERROR /home/bsc03/bsc03353/forge/src/dispatcher/posix.c:62 140240241825536: single write -1 of expected 8388608
16:06:17 ERROR /home/bsc03/bsc03353/forge/src/dispatcher/posix.c:62 139846581249792: single write -1 of expected 8388608
16:06:19 ERROR /home/bsc03/bsc03353/forge/src/dispatcher/posix.c:61 140416878450432: r->filehandle = 75, r->size = 8388608, r->offset = 0
16:06:19 ERROR /home/bsc03/bsc03353/forge/src/dispatcher/posix.c:61 139840138786560: r->filehandle = 57, r->size = 8388608, r->offset = 0
16:06:19 ERROR /home/bsc03/bsc03353/forge/src/dispatcher/posix.c:62 139840138786560: single write -1 of expected 8388608
16:06:19 ERROR /home/bsc03/bsc03353/forge/src/dispatcher/posix.c:62 140416878450432: single write -1 of expected 8388608
16:06:19 ERROR /home/bsc03/bsc03353/forge/src/dispatcher/posix.c:61 140250979264256: r->filehandle = 318, r->size = 8388608, r->offset = 0
16:06:19 ERROR /home/bsc03/bsc03353/forge/src/dispatcher/posix.c:62 140250979264256: single write -1 of expected 8388608
16:06:20 ERROR /home/bsc03/bsc03353/forge/src/dispatcher/posix.c:61 139827253860096: r->filehandle = 166, r->size = 8388608, r->offset = 0
16:06:20 ERROR /home/bsc03/bsc03353/forge/src/dispatcher/posix.c:62 139827253860096: single write -1 of expected 8388608
16:06:21 ERROR /home/bsc03/bsc03353/forge/src/dispatcher/posix.c:61 139837991298816: r->filehandle = 123, r->size = 8388608, r->offset = 0
16:06:21 ERROR /home/bsc03/bsc03353/forge/src/dispatcher/posix.c:62 139837991298816: single write -1 of expected 8388608
16:06:21 ERROR /home/bsc03/bsc03353/forge/src/dispatcher/posix.c:61 140460027668224: r->filehandle = 116, r->size = 8388608, r->offset = 0
16:06:21 ERROR /home/bsc03/bsc03353/forge/src/dispatcher/posix.c:62 140460027668224: single write -1 of expected 8388608
16:06:21 ERROR /home/bsc03/bsc03353/forge/src/dispatcher/posix.c:61 140470765106944: r->filehandle = 275, r->size = 8388608, r->offset = 0
16:06:21 ERROR /home/bsc03/bsc03353/forge/src/dispatcher/posix.c:62 140470765106944: single write -1 of expected 8388608
16:06:22 ERROR /home/bsc03/bsc03353/forge/src/dispatcher/posix.c:61 140408288499456: r->filehandle = 356, r->size = 8388608, r->offset = 0
16:06:22 ERROR /home/bsc03/bsc03353/forge/src/dispatcher/posix.c:62 140408288499456: single write -1 of expected 8388608
16:06:22 ERROR /home/bsc03/bsc03353/forge/src/dispatcher/posix.c:61 140483650033408: r->filehandle = 87, r->size = 8388608, r->offset = 0
16:06:22 ERROR /home/bsc03/bsc03353/forge/src/dispatcher/posix.c:62 140483650033408: single write -1 of expected 8388608
16:06:23 ERROR /home/bsc03/bsc03353/forge/src/dispatcher/posix.c:61 140466470131456: r->filehandle = 237, r->size = 8388608, r->offset = 0
16:06:23 ERROR /home/bsc03/bsc03353/forge/src/dispatcher/posix.c:62 140466470131456: single write -1 of expected 8388608
16:06:23 ERROR /home/bsc03/bsc03353/forge/src/dispatcher/posix.c:61 140257421727488: r->filehandle = 254, r->size = 8388608, r->offset = 0
16:06:23 ERROR /home/bsc03/bsc03353/forge/src/dispatcher/posix.c:62 140257421727488: single write -1 of expected 8388608
16:06:25 ERROR /home/bsc03/bsc03353/forge/src/dispatcher/posix.c:61 140421173425920: r->filehandle = 254, r->size = 8388608, r->offset = 0
16:06:25 ERROR /home/bsc03/bsc03353/forge/src/dispatcher/posix.c:62 140421173425920: single write -1 of expected 8388608
16:06:25 ERROR /home/bsc03/bsc03353/forge/src/dispatcher/posix.c:61 140470765106944: r->filehandle = 238, r->size = 8388608, r->offset = 0
16:06:25 ERROR /home/bsc03/bsc03353/forge/src/dispatcher/posix.c:62 140470765106944: single write -1 of expected 8388608
16:06:25 ERROR /home/bsc03/bsc03353/forge/src/dispatcher/posix.c:61 139850876225280: r->filehandle = 248, r->size = 8388608, r->offset = 0
16:06:25 ERROR /home/bsc03/bsc03353/forge/src/dispatcher/posix.c:62 139850876225280: single write -1 of expected 8388608
16:06:26 ERROR /home/bsc03/bsc03353/forge/src/dispatcher/posix.c:61 140261716702976: r->filehandle = 104, r->size = 8388608, r->offset = 0
16:06:26 ERROR /home/bsc03/bsc03353/forge/src/dispatcher/posix.c:62 140261716702976: single write -1 of expected 8388608
16:06:27 ERROR /home/bsc03/bsc03353/forge/src/dispatcher/posix.c:61 140455732692736: r->filehandle = 126, r->size = 8388608, r->offset = 0
16:06:27 ERROR /home/bsc03/bsc03353/forge/src/dispatcher/posix.c:62 140455732692736: single write -1 of expected 8388608
16:06:28 ERROR /home/bsc03/bsc03353/forge/src/dispatcher/posix.c:61 140235946850048: r->filehandle = 115, r->size = 8388608, r->offset = 0
16:06:28 ERROR /home/bsc03/bsc03353/forge/src/dispatcher/posix.c:62 140235946850048: single write -1 of expected 8388608
16:06:29 ERROR /home/bsc03/bsc03353/forge/src/dispatcher/posix.c:61 139855171200768: r->filehandle = 224, r->size = 8388608, r->offset = 0
16:06:29 ERROR /home/bsc03/bsc03353/forge/src/dispatcher/posix.c:62 139855171200768: single write -1 of expected 8388608
16:06:30 ERROR /home/bsc03/bsc03353/forge/src/dispatcher/posix.c:61 140475060082432: r->filehandle = 151, r->size = 8388608, r->offset = 0
16:06:30 ERROR /home/bsc03/bsc03353/forge/src/dispatcher/posix.c:62 140475060082432: single write -1 of expected 8388608
16:06:31 ERROR /home/bsc03/bsc03353/forge/src/dispatcher/posix.c:61 140412583474944: r->filehandle = 241, r->size = 8388608, r->offset = 0
16:06:31 ERROR /home/bsc03/bsc03353/forge/src/dispatcher/posix.c:62 140412583474944: single write -1 of expected 8388608
16:06:31 ERROR /home/bsc03/bsc03353/forge/src/dispatcher/posix.c:61 140470765106944: r->filehandle = 358, r->size = 8388608, r->offset = 0
16:06:31 ERROR /home/bsc03/bsc03353/forge/src/dispatcher/posix.c:62 140470765106944: single write -1 of expected 8388608
16:06:32 ERROR /home/bsc03/bsc03353/forge/src/dispatcher/posix.c:61 139833696323328: r->filehandle = 170, r->size = 8388608, r->offset = 0
16:06:32 ERROR /home/bsc03/bsc03353/forge/src/dispatcher/posix.c:62 139833696323328: single write -1 of expected 8388608
16:06:33 ERROR /home/bsc03/bsc03353/forge/src/dispatcher/posix.c:61 140240241825536: r->filehandle = 244, r->size = 8388608, r->offset = 0
16:06:33 ERROR /home/bsc03/bsc03353/forge/src/dispatcher/posix.c:62 140240241825536: single write -1 of expected 8388608
16:06:34 ERROR /home/bsc03/bsc03353/forge/src/dispatcher/posix.c:61 140468617619200: r->filehandle = 303, r->size = 8388608, r->offset = 0
16:06:34 ERROR /home/bsc03/bsc03353/forge/src/dispatcher/posix.c:62 140468617619200: single write -1 of expected 8388608
16:06:34 ERROR /home/bsc03/bsc03353/forge/src/dispatcher/posix.c:61 140410435987200: r->filehandle = 365, r->size = 8388608, r->offset = 0
16:06:34 ERROR /home/bsc03/bsc03353/forge/src/dispatcher/posix.c:62 140410435987200: single write -1 of expected 8388608
16:06:35 ERROR /home/bsc03/bsc03353/forge/src/dispatcher/posix.c:61 140253126752000: r->filehandle = 387, r->size = 8388608, r->offset = 0
16:06:35 ERROR /home/bsc03/bsc03353/forge/src/dispatcher/posix.c:62 140253126752000: single write -1 of expected 8388608
16:06:35 ERROR /home/bsc03/bsc03353/forge/src/dispatcher/posix.c:61 140477207570176: r->filehandle = 40, r->size = 8388608, r->offset = 0
16:06:35 ERROR /home/bsc03/bsc03353/forge/src/dispatcher/posix.c:62 140477207570176: single write -1 of expected 8388608
16:06:35 ERROR /home/bsc03/bsc03353/forge/src/dispatcher/posix.c:61 140242389313280: r->filehandle = 293, r->size = 8388608, r->offset = 0
16:06:35 ERROR /home/bsc03/bsc03353/forge/src/dispatcher/posix.c:62 140242389313280: single write -1 of expected 8388608
16:06:36 ERROR /home/bsc03/bsc03353/forge/src/dispatcher/posix.c:61 139855171200768: r->filehandle = 155, r->size = 8388608, r->offset = 0
16:06:36 ERROR /home/bsc03/bsc03353/forge/src/dispatcher/posix.c:62 139855171200768: single write -1 of expected 8388608
16:06:38 ERROR /home/bsc03/bsc03353/forge/src/dispatcher/posix.c:61 140468617619200: r->filehandle = 417, r->size = 8388608, r->offset = 0
16:06:38 ERROR /home/bsc03/bsc03353/forge/src/dispatcher/posix.c:62 140468617619200: single write -1 of expected 8388608
16:06:40 ERROR /home/bsc03/bsc03353/forge/src/dispatcher/posix.c:61 140470765106944: r->filehandle = 285, r->size = 8388608, r->offset = 0
16:06:40 ERROR /home/bsc03/bsc03353/forge/src/dispatcher/posix.c:62 140470765106944: single write -1 of expected 8388608
16:06:40 ERROR /home/bsc03/bsc03353/forge/src/dispatcher/posix.c:61 140259569215232: r->filehandle = 202, r->size = 8388608, r->offset = 0
16:06:40 ERROR /home/bsc03/bsc03353/forge/src/dispatcher/posix.c:62 140259569215232: single write -1 of expected 8388608
16:06:40 ERROR /home/bsc03/bsc03353/forge/src/dispatcher/posix.c:61 140397551060736: r->filehandle = 206, r->size = 8388608, r->offset = 0
16:06:40 ERROR /home/bsc03/bsc03353/forge/src/dispatcher/posix.c:61 139840138786560: r->filehandle = 187, r->size = 8388608, r->offset = 0
16:06:40 ERROR /home/bsc03/bsc03353/forge/src/dispatcher/posix.c:62 140397551060736: single write -1 of expected 8388608
16:06:40 ERROR /home/bsc03/bsc03353/forge/src/dispatcher/posix.c:62 139840138786560: single write -1 of expected 8388608
16:06:41 ERROR /home/bsc03/bsc03353/forge/src/dispatcher/posix.c:61 140244536801024: r->filehandle = 288, r->size = 8388608, r->offset = 0
16:06:41 ERROR /home/bsc03/bsc03353/forge/src/dispatcher/posix.c:62 140244536801024: single write -1 of expected 8388608
16:06:41 ERROR /home/bsc03/bsc03353/forge/src/dispatcher/posix.c:61 139850876225280: r->filehandle = 64, r->size = 8388608, r->offset = 0
16:06:41 ERROR /home/bsc03/bsc03353/forge/src/dispatcher/posix.c:62 139850876225280: single write -1 of expected 8388608
16:06:42 ERROR /home/bsc03/bsc03353/forge/src/dispatcher/posix.c:61 140460027668224: r->filehandle = 336, r->size = 8388608, r->offset = 0
16:06:42 ERROR /home/bsc03/bsc03353/forge/src/dispatcher/posix.c:62 140460027668224: single write -1 of expected 8388608
16:06:42 ERROR /home/bsc03/bsc03353/forge/src/dispatcher/posix.c:61 140425468401408: r->filehandle = 395, r->size = 8388608, r->offset = 0
16:06:42 ERROR /home/bsc03/bsc03353/forge/src/dispatcher/posix.c:62 140425468401408: single write -1 of expected 8388608
16:06:42 ERROR /home/bsc03/bsc03353/forge/src/dispatcher/posix.c:61 139848728737536: r->filehandle = 174, r->size = 8388608, r->offset = 0
16:06:42 ERROR /home/bsc03/bsc03353/forge/src/dispatcher/posix.c:62 139848728737536: single write -1 of expected 8388608
16:06:44 ERROR /home/bsc03/bsc03353/forge/src/dispatcher/posix.c:61 140475060082432: r->filehandle = 174, r->size = 8388608, r->offset = 0
16:06:44 ERROR /home/bsc03/bsc03353/forge/src/dispatcher/posix.c:62 140475060082432: single write -1 of expected 8388608
16:06:45 ERROR /home/bsc03/bsc03353/forge/src/dispatcher/posix.c:61 140233799362304: r->filehandle = 317, r->size = 8388608, r->offset = 0
16:06:45 ERROR /home/bsc03/bsc03353/forge/src/dispatcher/posix.c:62 140233799362304: single write -1 of expected 8388608
16:06:45 ERROR /home/bsc03/bsc03353/forge/src/dispatcher/posix.c:61 140419025938176: r->filehandle = 385, r->size = 8388608, r->offset = 0
16:06:45 ERROR /home/bsc03/bsc03353/forge/src/dispatcher/posix.c:62 140419025938176: single write -1 of expected 8388608
16:06:45 ERROR /home/bsc03/bsc03353/forge/src/dispatcher/posix.c:61 140453585204992: r->filehandle = 330, r->size = 8388608, r->offset = 0
16:06:45 ERROR /home/bsc03/bsc03353/forge/src/dispatcher/posix.c:61 139844433762048: r->filehandle = 247, r->size = 8388608, r->offset = 0
16:06:45 ERROR /home/bsc03/bsc03353/forge/src/dispatcher/posix.c:62 140453585204992: single write -1 of expected 8388608
16:06:45 ERROR /home/bsc03/bsc03353/forge/src/dispatcher/posix.c:62 139844433762048: single write -1 of expected 8388608
16:06:46 ERROR /home/bsc03/bsc03353/forge/src/dispatcher/posix.c:61 140412583474944: r->filehandle = 322, r->size = 8388608, r->offset = 0
16:06:46 ERROR /home/bsc03/bsc03353/forge/src/dispatcher/posix.c:62 140412583474944: single write -1 of expected 8388608
16:06:46 ERROR /home/bsc03/bsc03353/forge/src/dispatcher/posix.c:61 140235946850048: r->filehandle = 207, r->size = 8388608, r->offset = 0
16:06:46 ERROR /home/bsc03/bsc03353/forge/src/dispatcher/posix.c:62 140235946850048: single write -1 of expected 8388608
16:06:46 ERROR /home/bsc03/bsc03353/forge/src/dispatcher/posix.c:61 139831548835584: r->filehandle = 113, r->size = 8388608, r->offset = 0
16:06:46 ERROR /home/bsc03/bsc03353/forge/src/dispatcher/posix.c:62 139831548835584: single write -1 of expected 8388608
16:06:47 ERROR /home/bsc03/bsc03353/forge/src/dispatcher/posix.c:61 140395403572992: r->filehandle = 188, r->size = 8388608, r->offset = 0
16:06:47 ERROR /home/bsc03/bsc03353/forge/src/dispatcher/posix.c:62 140395403572992: single write -1 of expected 8388608
16:06:47 ERROR /home/bsc03/bsc03353/forge/src/dispatcher/posix.c:61 140468617619200: r->filehandle = 338, r->size = 8388608, r->offset = 0
16:06:47 ERROR /home/bsc03/bsc03353/forge/src/dispatcher/posix.c:61 139827253860096: r->filehandle = 172, r->size = 8388608, r->offset = 0
16:06:47 ERROR /home/bsc03/bsc03353/forge/src/dispatcher/posix.c:62 140468617619200: single write -1 of expected 8388608
16:06:47 ERROR /home/bsc03/bsc03353/forge/src/dispatcher/posix.c:62 139827253860096: single write -1 of expected 8388608
16:06:48 ERROR /home/bsc03/bsc03353/forge/src/dispatcher/posix.c:61 140466470131456: r->filehandle = 167, r->size = 8388608, r->offset = 0
16:06:48 ERROR /home/bsc03/bsc03353/forge/src/dispatcher/posix.c:62 140466470131456: single write -1 of expected 8388608
16:06:49 ERROR /home/bsc03/bsc03353/forge/src/dispatcher/posix.c:61 140477207570176: r->filehandle = 165, r->size = 8388608, r->offset = 0
16:06:49 ERROR /home/bsc03/bsc03353/forge/src/dispatcher/posix.c:62 140477207570176: single write -1 of expected 8388608
16:06:52 ERROR /home/bsc03/bsc03353/forge/src/dispatcher/posix.c:61 139853023713024: r->filehandle = 245, r->size = 8388608, r->offset = 0
16:06:52 ERROR /home/bsc03/bsc03353/forge/src/dispatcher/posix.c:62 139853023713024: single write -1 of expected 8388608
16:06:53 ERROR /home/bsc03/bsc03353/forge/src/dispatcher/posix.c:61 140462175155968: r->filehandle = 241, r->size = 8388608, r->offset = 0
16:06:53 ERROR /home/bsc03/bsc03353/forge/src/dispatcher/posix.c:62 140462175155968: single write -1 of expected 8388608
16:06:54 ERROR /home/bsc03/bsc03353/forge/src/dispatcher/posix.c:61 140263864190720: r->filehandle = 385, r->size = 8388608, r->offset = 0
16:06:54 ERROR /home/bsc03/bsc03353/forge/src/dispatcher/posix.c:62 140263864190720: single write -1 of expected 8388608
16:06:55 ERROR /home/bsc03/bsc03353/forge/src/dispatcher/posix.c:61 140414730962688: r->filehandle = 74, r->size = 8388608, r->offset = 0
16:06:55 ERROR /home/bsc03/bsc03353/forge/src/dispatcher/posix.c:62 140414730962688: single write -1 of expected 8388608
16:06:56 ERROR /home/bsc03/bsc03353/forge/src/dispatcher/posix.c:61 140399698548480: r->filehandle = 409, r->size = 8388608, r->offset = 0
16:06:56 ERROR /home/bsc03/bsc03353/forge/src/dispatcher/posix.c:62 140399698548480: single write -1 of expected 8388608
16:06:56 ERROR /home/bsc03/bsc03353/forge/src/dispatcher/posix.c:61 140248831776512: r->filehandle = 46, r->size = 8388608, r->offset = 0
16:06:56 ERROR /home/bsc03/bsc03353/forge/src/dispatcher/posix.c:62 140248831776512: single write -1 of expected 8388608
16:06:56 ERROR /home/bsc03/bsc03353/forge/src/dispatcher/posix.c:61 140408288499456: r->filehandle = 256, r->size = 8388608, r->offset = 0
16:06:56 ERROR /home/bsc03/bsc03353/forge/src/dispatcher/posix.c:61 139833696323328: r->filehandle = 60, r->size = 8388608, r->offset = 0
16:06:56 ERROR /home/bsc03/bsc03353/forge/src/dispatcher/posix.c:62 140408288499456: single write -1 of expected 8388608
16:06:56 ERROR /home/bsc03/bsc03353/forge/src/dispatcher/posix.c:62 139833696323328: single write -1 of expected 8388608
16:06:57 ERROR /home/bsc03/bsc03353/forge/src/dispatcher/posix.c:61 140410435987200: r->filehandle = 125, r->size = 8388608, r->offset = 0
16:06:57 ERROR /home/bsc03/bsc03353/forge/src/dispatcher/posix.c:61 140483650033408: r->filehandle = 188, r->size = 8388608, r->offset = 0
16:06:57 ERROR /home/bsc03/bsc03353/forge/src/dispatcher/posix.c:62 140410435987200: single write -1 of expected 8388608
16:06:57 ERROR /home/bsc03/bsc03353/forge/src/dispatcher/posix.c:62 140483650033408: single write -1 of expected 8388608
16:07:03 ERROR /home/bsc03/bsc03353/forge/src/dispatcher/posix.c:61 139846581249792: r->filehandle = 148, r->size = 8388608, r->offset = 0
16:07:03 ERROR /home/bsc03/bsc03353/forge/src/dispatcher/posix.c:62 139846581249792: single write -1 of expected 8388608
16:07:04 ERROR /home/bsc03/bsc03353/forge/src/dispatcher/posix.c:61 140231651874560: r->filehandle = 323, r->size = 8388608, r->offset = 0
16:07:04 ERROR /home/bsc03/bsc03353/forge/src/dispatcher/posix.c:62 140231651874560: single write -1 of expected 8388608
16:07:08 ERROR /home/bsc03/bsc03353/forge/src/dispatcher/posix.c:61 140479355057920: r->filehandle = 49, r->size = 8388608, r->offset = 0
16:07:08 ERROR /home/bsc03/bsc03353/forge/src/dispatcher/posix.c:62 140479355057920: single write -1 of expected 8388608
16:07:09 ERROR /home/bsc03/bsc03353/forge/src/dispatcher/posix.c:61 139859466176256: r->filehandle = 145, r->size = 8388608, r->offset = 0
16:07:09 ERROR /home/bsc03/bsc03353/forge/src/dispatcher/posix.c:62 139859466176256: single write -1 of expected 8388608
16:07:10 ERROR /home/bsc03/bsc03353/forge/src/dispatcher/posix.c:61 140460027668224: r->filehandle = 119, r->size = 8388608, r->offset = 0
16:07:10 ERROR /home/bsc03/bsc03353/forge/src/dispatcher/posix.c:62 140460027668224: single write -1 of expected 8388608
16:07:10 ERROR /home/bsc03/bsc03353/forge/src/dispatcher/posix.c:61 139840138786560: r->filehandle = 133, r->size = 8388608, r->offset = 0
16:07:10 ERROR /home/bsc03/bsc03353/forge/src/dispatcher/posix.c:62 139840138786560: single write -1 of expected 8388608
16:07:11 ERROR /home/bsc03/bsc03353/forge/src/dispatcher/posix.c:61 140481502545664: r->filehandle = 408, r->size = 8388608, r->offset = 0
16:07:11 ERROR /home/bsc03/bsc03353/forge/src/dispatcher/posix.c:62 140481502545664: single write -1 of expected 8388608
16:07:11 ERROR /home/bsc03/bsc03353/forge/src/dispatcher/posix.c:61 140238094337792: r->filehandle = 206, r->size = 8388608, r->offset = 0
16:07:11 ERROR /home/bsc03/bsc03353/forge/src/dispatcher/posix.c:62 140238094337792: single write -1 of expected 8388608
16:07:12 ERROR /home/bsc03/bsc03353/forge/src/dispatcher/posix.c:61 139835843811072: r->filehandle = 204, r->size = 8388608, r->offset = 0
16:07:12 ERROR /home/bsc03/bsc03353/forge/src/dispatcher/posix.c:61 140468617619200: r->filehandle = 220, r->size = 8388608, r->offset = 0
16:07:12 ERROR /home/bsc03/bsc03353/forge/src/dispatcher/posix.c:62 140468617619200: single write -1 of expected 8388608
16:07:12 ERROR /home/bsc03/bsc03353/forge/src/dispatcher/posix.c:62 139835843811072: single write -1 of expected 8388608
16:07:13 ERROR /home/bsc03/bsc03353/forge/src/dispatcher/posix.c:61 139848728737536: r->filehandle = 59, r->size = 8388608, r->offset = 0
16:07:13 ERROR /home/bsc03/bsc03353/forge/src/dispatcher/posix.c:62 139848728737536: single write -1 of expected 8388608
16:07:14 ERROR /home/bsc03/bsc03353/forge/src/dispatcher/posix.c:61 139857318688512: r->filehandle = 363, r->size = 8388608, r->offset = 0
16:07:14 ERROR /home/bsc03/bsc03353/forge/src/dispatcher/posix.c:62 139857318688512: single write -1 of expected 8388608
16:07:14 ERROR /home/bsc03/bsc03353/forge/src/dispatcher/posix.c:61 140414730962688: r->filehandle = 412, r->size = 8388608, r->offset = 0
16:07:14 ERROR /home/bsc03/bsc03353/forge/src/dispatcher/posix.c:62 140414730962688: single write -1 of expected 8388608
16:07:16 ERROR /home/bsc03/bsc03353/forge/src/dispatcher/posix.c:61 140457880180480: r->filehandle = 196, r->size = 8388608, r->offset = 0
16:07:16 ERROR /home/bsc03/bsc03353/forge/src/dispatcher/posix.c:62 140457880180480: single write -1 of expected 8388608
16:07:16 ERROR /home/bsc03/bsc03353/forge/src/dispatcher/posix.c:61 139837991298816: r->filehandle = 382, r->size = 8388608, r->offset = 0
16:07:16 ERROR /home/bsc03/bsc03353/forge/src/dispatcher/posix.c:62 139837991298816: single write -1 of expected 8388608
16:07:18 ERROR /home/bsc03/bsc03353/forge/src/dispatcher/posix.c:61 140410435987200: r->filehandle = 59, r->size = 8388608, r->offset = 0
16:07:18 ERROR /home/bsc03/bsc03353/forge/src/dispatcher/posix.c:62 140410435987200: single write -1 of expected 8388608
16:07:19 ERROR /home/bsc03/bsc03353/forge/src/dispatcher/posix.c:61 139829401347840: r->filehandle = 50, r->size = 8388608, r->offset = 0
16:07:19 ERROR /home/bsc03/bsc03353/forge/src/dispatcher/posix.c:62 139829401347840: single write -1 of expected 8388608
16:07:20 ERROR /home/bsc03/bsc03353/forge/src/dispatcher/posix.c:61 140253126752000: r->filehandle = 375, r->size = 8388608, r->offset = 0
16:07:20 ERROR /home/bsc03/bsc03353/forge/src/dispatcher/posix.c:62 140253126752000: single write -1 of expected 8388608
16:07:20 ERROR /home/bsc03/bsc03353/forge/src/dispatcher/posix.c:61 140414730962688: r->filehandle = 363, r->size = 8388608, r->offset = 0
16:07:20 ERROR /home/bsc03/bsc03353/forge/src/dispatcher/posix.c:61 139846581249792: r->filehandle = 251, r->size = 8388608, r->offset = 0
16:07:20 ERROR /home/bsc03/bsc03353/forge/src/dispatcher/posix.c:61 140466470131456: r->filehandle = 179, r->size = 8388608, r->offset = 0
16:07:20 ERROR /home/bsc03/bsc03353/forge/src/dispatcher/posix.c:62 140414730962688: single write -1 of expected 8388608
16:07:20 ERROR /home/bsc03/bsc03353/forge/src/dispatcher/posix.c:62 139846581249792: single write -1 of expected 8388608
16:07:20 ERROR /home/bsc03/bsc03353/forge/src/dispatcher/posix.c:62 140466470131456: single write -1 of expected 8388608
16:07:21 ERROR /home/bsc03/bsc03353/forge/src/dispatcher/posix.c:61 140261716702976: r->filehandle = 167, r->size = 8388608, r->offset = 0
16:07:21 ERROR /home/bsc03/bsc03353/forge/src/dispatcher/posix.c:62 140261716702976: single write -1 of expected 8388608
16:07:22 ERROR /home/bsc03/bsc03353/forge/src/dispatcher/posix.c:61 140242389313280: r->filehandle = 330, r->size = 8388608, r->offset = 0
16:07:22 ERROR /home/bsc03/bsc03353/forge/src/dispatcher/posix.c:62 140242389313280: single write -1 of expected 8388608
16:07:23 ERROR /home/bsc03/bsc03353/forge/src/dispatcher/posix.c:61 140235946850048: r->filehandle = 297, r->size = 8388608, r->offset = 0
16:07:23 ERROR /home/bsc03/bsc03353/forge/src/dispatcher/posix.c:62 140235946850048: single write -1 of expected 8388608
16:07:23 ERROR /home/bsc03/bsc03353/forge/src/dispatcher/posix.c:61 140477207570176: r->filehandle = 310, r->size = 8388608, r->offset = 0
16:07:23 ERROR /home/bsc03/bsc03353/forge/src/dispatcher/posix.c:62 140477207570176: single write -1 of expected 8388608
16:07:24 ERROR /home/bsc03/bsc03353/forge/src/dispatcher/posix.c:61 140410435987200: r->filehandle = 324, r->size = 8388608, r->offset = 0
16:07:24 ERROR /home/bsc03/bsc03353/forge/src/dispatcher/posix.c:61 139855171200768: r->filehandle = 157, r->size = 8388608, r->offset = 0
16:07:24 ERROR /home/bsc03/bsc03353/forge/src/dispatcher/posix.c:62 140410435987200: single write -1 of expected 8388608
16:07:24 ERROR /home/bsc03/bsc03353/forge/src/dispatcher/posix.c:62 139855171200768: single write -1 of expected 8388608
16:07:25 ERROR /home/bsc03/bsc03353/forge/src/dispatcher/posix.c:61 140401846036224: r->filehandle = 258, r->size = 8388608, r->offset = 0
16:07:25 ERROR /home/bsc03/bsc03353/forge/src/dispatcher/posix.c:62 140401846036224: single write -1 of expected 8388608
16:07:26 ERROR /home/bsc03/bsc03353/forge/src/dispatcher/posix.c:61 140464322643712: r->filehandle = 223, r->size = 8388608, r->offset = 0
16:07:26 ERROR /home/bsc03/bsc03353/forge/src/dispatcher/posix.c:62 140464322643712: single write -1 of expected 8388608
16:07:26 ERROR /home/bsc03/bsc03353/forge/src/dispatcher/posix.c:61 140468617619200: r->filehandle = 302, r->size = 8388608, r->offset = 0
16:07:26 ERROR /home/bsc03/bsc03353/forge/src/dispatcher/posix.c:62 140468617619200: single write -1 of expected 8388608
16:07:27 ERROR /home/bsc03/bsc03353/forge/src/dispatcher/posix.c:61 140466470131456: r->filehandle = 372, r->size = 8388608, r->offset = 0
16:07:27 ERROR /home/bsc03/bsc03353/forge/src/dispatcher/posix.c:62 140466470131456: single write -1 of expected 8388608
16:07:27 ERROR /home/bsc03/bsc03353/forge/src/dispatcher/posix.c:61 139848728737536: r->filehandle = 76, r->size = 8388608, r->offset = 0
16:07:27 ERROR /home/bsc03/bsc03353/forge/src/dispatcher/posix.c:62 139848728737536: single write -1 of expected 8388608
16:07:28 ERROR /home/bsc03/bsc03353/forge/src/dispatcher/posix.c:61 140453585204992: r->filehandle = 225, r->size = 8388608, r->offset = 0
16:07:28 ERROR /home/bsc03/bsc03353/forge/src/dispatcher/posix.c:62 140453585204992: single write -1 of expected 8388608
16:07:29 ERROR /home/bsc03/bsc03353/forge/src/dispatcher/posix.c:61 139850876225280: r->filehandle = 310, r->size = 8388608, r->offset = 0
16:07:29 ERROR /home/bsc03/bsc03353/forge/src/dispatcher/posix.c:62 139850876225280: single write -1 of expected 8388608
16:07:29 ERROR /home/bsc03/bsc03353/forge/src/dispatcher/posix.c:61 139833696323328: r->filehandle = 65, r->size = 8388608, r->offset = 0
16:07:29 ERROR /home/bsc03/bsc03353/forge/src/dispatcher/posix.c:62 139833696323328: single write -1 of expected 8388608
16:07:30 ERROR /home/bsc03/bsc03353/forge/src/dispatcher/posix.c:61 140395403572992: r->filehandle = 47, r->size = 8388608, r->offset = 0
16:07:30 ERROR /home/bsc03/bsc03353/forge/src/dispatcher/posix.c:62 140395403572992: single write -1 of expected 8388608
16:07:30 ERROR /home/bsc03/bsc03353/forge/src/dispatcher/posix.c:61 140472912594688: r->filehandle = 172, r->size = 8388608, r->offset = 0
16:07:30 ERROR /home/bsc03/bsc03353/forge/src/dispatcher/posix.c:61 140255274239744: r->filehandle = 86, r->size = 8388608, r->offset = 0
16:07:30 ERROR /home/bsc03/bsc03353/forge/src/dispatcher/posix.c:62 140255274239744: single write -1 of expected 8388608
16:07:30 ERROR /home/bsc03/bsc03353/forge/src/dispatcher/posix.c:62 140472912594688: single write -1 of expected 8388608
16:07:31 ERROR /home/bsc03/bsc03353/forge/src/dispatcher/posix.c:61 139827253860096: r->filehandle = 402, r->size = 8388608, r->offset = 0
16:07:31 ERROR /home/bsc03/bsc03353/forge/src/dispatcher/posix.c:62 139827253860096: single write -1 of expected 8388608
16:07:32 ERROR /home/bsc03/bsc03353/forge/src/dispatcher/posix.c:61 140455732692736: r->filehandle = 327, r->size = 8388608, r->offset = 0
16:07:32 ERROR /home/bsc03/bsc03353/forge/src/dispatcher/posix.c:62 140455732692736: single write -1 of expected 8388608
16:07:33 ERROR /home/bsc03/bsc03353/forge/src/dispatcher/posix.c:61 140240241825536: r->filehandle = 371, r->size = 8388608, r->offset = 0
16:07:33 ERROR /home/bsc03/bsc03353/forge/src/dispatcher/posix.c:62 140240241825536: single write -1 of expected 8388608
16:07:33 ERROR /home/bsc03/bsc03353/forge/src/dispatcher/posix.c:61 139829401347840: r->filehandle = 98, r->size = 8388608, r->offset = 0
16:07:33 ERROR /home/bsc03/bsc03353/forge/src/dispatcher/posix.c:62 139829401347840: single write -1 of expected 8388608
16:07:33 ERROR /home/bsc03/bsc03353/forge/src/dispatcher/posix.c:61 140231651874560: r->filehandle = 239, r->size = 8388608, r->offset = 0
16:07:34 ERROR /home/bsc03/bsc03353/forge/src/dispatcher/posix.c:62 140231651874560: single write -1 of expected 8388608
16:07:35 ERROR /home/bsc03/bsc03353/forge/src/dispatcher/posix.c:61 139846581249792: r->filehandle = 264, r->size = 8388608, r->offset = 0
16:07:35 ERROR /home/bsc03/bsc03353/forge/src/dispatcher/posix.c:62 139846581249792: single write -1 of expected 8388608
16:07:35 ERROR /home/bsc03/bsc03353/forge/src/dispatcher/posix.c:61 140421173425920: r->filehandle = 196, r->size = 8388608, r->offset = 0
16:07:35 ERROR /home/bsc03/bsc03353/forge/src/dispatcher/posix.c:62 140421173425920: single write -1 of expected 8388608
16:07:36 ERROR /home/bsc03/bsc03353/forge/src/dispatcher/posix.c:61 139827253860096: r->filehandle = 71, r->size = 8388608, r->offset = 0
16:07:36 ERROR /home/bsc03/bsc03353/forge/src/dispatcher/posix.c:62 139827253860096: single write -1 of expected 8388608
16:07:36 ERROR /home/bsc03/bsc03353/forge/src/dispatcher/posix.c:61 140481502545664: r->filehandle = 323, r->size = 8388608, r->offset = 0
16:07:36 ERROR /home/bsc03/bsc03353/forge/src/dispatcher/posix.c:62 140481502545664: single write -1 of expected 8388608
16:07:36 ERROR /home/bsc03/bsc03353/forge/src/dispatcher/posix.c:61 140393256085248: r->filehandle = 43, r->size = 8388608, r->offset = 0
16:07:36 ERROR /home/bsc03/bsc03353/forge/src/dispatcher/posix.c:62 140393256085248: single write -1 of expected 8388608
16:07:39 ERROR /home/bsc03/bsc03353/forge/src/dispatcher/posix.c:61 140263864190720: r->filehandle = 368, r->size = 8388608, r->offset = 0
16:07:39 ERROR /home/bsc03/bsc03353/forge/src/dispatcher/posix.c:62 140263864190720: single write -1 of expected 8388608
16:07:41 ERROR /home/bsc03/bsc03353/forge/src/dispatcher/posix.c:61 140462175155968: r->filehandle = 259, r->size = 8388608, r->offset = 0
16:07:41 ERROR /home/bsc03/bsc03353/forge/src/dispatcher/posix.c:62 140462175155968: single write -1 of expected 8388608
16:07:42 ERROR /home/bsc03/bsc03353/forge/src/dispatcher/posix.c:61 139853023713024: r->filehandle = 68, r->size = 8388608, r->offset = 0
16:07:42 ERROR /home/bsc03/bsc03353/forge/src/dispatcher/posix.c:61 140244536801024: r->filehandle = 222, r->size = 8388608, r->offset = 0
16:07:42 ERROR /home/bsc03/bsc03353/forge/src/dispatcher/posix.c:62 139853023713024: single write -1 of expected 8388608
16:07:42 ERROR /home/bsc03/bsc03353/forge/src/dispatcher/posix.c:62 140244536801024: single write -1 of expected 8388608
16:07:43 ERROR /home/bsc03/bsc03353/forge/src/dispatcher/posix.c:61 139857318688512: r->filehandle = 62, r->size = 8388608, r->offset = 0
16:07:43 ERROR /home/bsc03/bsc03353/forge/src/dispatcher/posix.c:61 140250979264256: r->filehandle = 271, r->size = 8388608, r->offset = 0
16:07:43 ERROR /home/bsc03/bsc03353/forge/src/dispatcher/posix.c:62 140250979264256: single write -1 of expected 8388608
16:07:43 ERROR /home/bsc03/bsc03353/forge/src/dispatcher/posix.c:62 139857318688512: single write -1 of expected 8388608
16:07:46 ERROR /home/bsc03/bsc03353/forge/src/dispatcher/posix.c:61 139829401347840: r->filehandle = 325, r->size = 8388608, r->offset = 0
16:07:46 ERROR /home/bsc03/bsc03353/forge/src/dispatcher/posix.c:62 139829401347840: single write -1 of expected 8388608
16:07:47 ERROR /home/bsc03/bsc03353/forge/src/dispatcher/posix.c:61 140259569215232: r->filehandle = 397, r->size = 8388608, r->offset = 0
16:07:47 ERROR /home/bsc03/bsc03353/forge/src/dispatcher/posix.c:62 140259569215232: single write -1 of expected 8388608
16:07:47 ERROR /home/bsc03/bsc03353/forge/src/dispatcher/posix.c:61 140468617619200: r->filehandle = 67, r->size = 8388608, r->offset = 0
16:07:47 ERROR /home/bsc03/bsc03353/forge/src/dispatcher/posix.c:62 140468617619200: single write -1 of expected 8388608
16:07:48 ERROR /home/bsc03/bsc03353/forge/src/dispatcher/posix.c:61 140240241825536: r->filehandle = 407, r->size = 8388608, r->offset = 0
16:07:48 ERROR /home/bsc03/bsc03353/forge/src/dispatcher/posix.c:62 140240241825536: single write -1 of expected 8388608
16:07:49 ERROR /home/bsc03/bsc03353/forge/src/dispatcher/posix.c:61 139857318688512: r->filehandle = 355, r->size = 8388608, r->offset = 0
16:07:49 ERROR /home/bsc03/bsc03353/forge/src/dispatcher/posix.c:62 139857318688512: single write -1 of expected 8388608
16:07:50 ERROR /home/bsc03/bsc03353/forge/src/dispatcher/posix.c:61 139846581249792: r->filehandle = 394, r->size = 8388608, r->offset = 0
16:07:50 ERROR /home/bsc03/bsc03353/forge/src/dispatcher/posix.c:62 139846581249792: single write -1 of expected 8388608
16:07:52 ERROR /home/bsc03/bsc03353/forge/src/dispatcher/posix.c:61 139848728737536: r->filehandle = 107, r->size = 8388608, r->offset = 0
16:07:52 ERROR /home/bsc03/bsc03353/forge/src/dispatcher/posix.c:62 139848728737536: single write -1 of expected 8388608
16:07:52 ERROR /home/bsc03/bsc03353/forge/src/dispatcher/posix.c:61 140421173425920: r->filehandle = 226, r->size = 8388608, r->offset = 0
16:07:52 ERROR /home/bsc03/bsc03353/forge/src/dispatcher/posix.c:62 140421173425920: single write -1 of expected 8388608
16:07:53 ERROR /home/bsc03/bsc03353/forge/src/dispatcher/posix.c:61 140408288499456: r->filehandle = 230, r->size = 8388608, r->offset = 0
16:07:53 ERROR /home/bsc03/bsc03353/forge/src/dispatcher/posix.c:62 140408288499456: single write -1 of expected 8388608
16:07:54 ERROR /home/bsc03/bsc03353/forge/src/dispatcher/posix.c:61 140483650033408: r->filehandle = 379, r->size = 8388608, r->offset = 0
16:07:54 ERROR /home/bsc03/bsc03353/forge/src/dispatcher/posix.c:61 140253126752000: r->filehandle = 223, r->size = 8388608, r->offset = 0
16:07:54 ERROR /home/bsc03/bsc03353/forge/src/dispatcher/posix.c:62 140483650033408: single write -1 of expected 8388608
16:07:54 ERROR /home/bsc03/bsc03353/forge/src/dispatcher/posix.c:62 140253126752000: single write -1 of expected 8388608
16:07:57 ERROR /home/bsc03/bsc03353/forge/src/dispatcher/posix.c:61 140248831776512: r->filehandle = 277, r->size = 8388608, r->offset = 0
16:07:57 ERROR /home/bsc03/bsc03353/forge/src/dispatcher/posix.c:62 140248831776512: single write -1 of expected 8388608
16:08:08 ERROR /home/bsc03/bsc03353/forge/src/dispatcher/posix.c:61 140242389313280: r->filehandle = 391, r->size = 8388608, r->offset = 0
16:08:08 ERROR /home/bsc03/bsc03353/forge/src/dispatcher/posix.c:62 140242389313280: single write -1 of expected 8388608
16:08:08 ERROR /home/bsc03/bsc03353/forge/src/dispatcher/posix.c:61 139855171200768: r->filehandle = 118, r->size = 8388608, r->offset = 0
16:08:08 ERROR /home/bsc03/bsc03353/forge/src/dispatcher/posix.c:62 139855171200768: single write -1 of expected 8388608
16:08:13 ERROR /home/bsc03/bsc03353/forge/src/dispatcher/posix.c:61 139842286274304: r->filehandle = 184, r->size = 8388608, r->offset = 0
16:08:13 ERROR /home/bsc03/bsc03353/forge/src/dispatcher/posix.c:62 139842286274304: single write -1 of expected 8388608
16:08:13 ERROR /home/bsc03/bsc03353/forge/src/dispatcher/posix.c:61 140453585204992: r->filehandle = 283, r->size = 8388608, r->offset = 0
16:08:13 ERROR /home/bsc03/bsc03353/forge/src/dispatcher/posix.c:62 140453585204992: single write -1 of expected 8388608
16:08:13 ERROR /home/bsc03/bsc03353/forge/src/dispatcher/posix.c:61 140403993523968: r->filehandle = 337, r->size = 8388608, r->offset = 0
16:08:13 ERROR /home/bsc03/bsc03353/forge/src/dispatcher/posix.c:61 139833696323328: r->filehandle = 126, r->size = 8388608, r->offset = 0
16:08:13 ERROR /home/bsc03/bsc03353/forge/src/dispatcher/posix.c:62 139833696323328: single write -1 of expected 8388608
16:08:13 ERROR /home/bsc03/bsc03353/forge/src/dispatcher/posix.c:62 140403993523968: single write -1 of expected 8388608
16:08:14 ERROR /home/bsc03/bsc03353/forge/src/dispatcher/posix.c:61 140416878450432: r->filehandle = 136, r->size = 8388608, r->offset = 0
16:08:14 ERROR /home/bsc03/bsc03353/forge/src/dispatcher/posix.c:62 140416878450432: single write -1 of expected 8388608
16:08:14 ERROR /home/bsc03/bsc03353/forge/src/dispatcher/posix.c:61 140240241825536: r->filehandle = 57, r->size = 8388608, r->offset = 0
16:08:14 ERROR /home/bsc03/bsc03353/forge/src/dispatcher/posix.c:62 140240241825536: single write -1 of expected 8388608
16:08:15 ERROR /home/bsc03/bsc03353/forge/src/dispatcher/posix.c:61 139855171200768: r->filehandle = 380, r->size = 8388608, r->offset = 0
16:08:15 ERROR /home/bsc03/bsc03353/forge/src/dispatcher/posix.c:62 139855171200768: single write -1 of expected 8388608
16:08:16 ERROR /home/bsc03/bsc03353/forge/src/dispatcher/posix.c:61 139835843811072: r->filehandle = 286, r->size = 8388608, r->offset = 0
16:08:16 ERROR /home/bsc03/bsc03353/forge/src/dispatcher/posix.c:62 139835843811072: single write -1 of expected 8388608
16:08:16 ERROR /home/bsc03/bsc03353/forge/src/dispatcher/posix.c:61 140477207570176: r->filehandle = 252, r->size = 8388608, r->offset = 0
16:08:16 ERROR /home/bsc03/bsc03353/forge/src/dispatcher/posix.c:62 140477207570176: single write -1 of expected 8388608
16:08:17 ERROR /home/bsc03/bsc03353/forge/src/dispatcher/posix.c:61 139859466176256: r->filehandle = 66, r->size = 8388608, r->offset = 0
16:08:17 ERROR /home/bsc03/bsc03353/forge/src/dispatcher/posix.c:62 139859466176256: single write -1 of expected 8388608
16:08:19 ERROR /home/bsc03/bsc03353/forge/src/dispatcher/posix.c:61 140462175155968: r->filehandle = 203, r->size = 8388608, r->offset = 0
16:08:19 ERROR /home/bsc03/bsc03353/forge/src/dispatcher/posix.c:62 140462175155968: single write -1 of expected 8388608
16:08:20 ERROR /home/bsc03/bsc03353/forge/src/dispatcher/posix.c:61 140472912594688: r->filehandle = 171, r->size = 8388608, r->offset = 0
16:08:20 ERROR /home/bsc03/bsc03353/forge/src/dispatcher/posix.c:62 140472912594688: single write -1 of expected 8388608
16:08:20 ERROR /home/bsc03/bsc03353/forge/src/dispatcher/posix.c:61 140460027668224: r->filehandle = 321, r->size = 8388608, r->offset = 0
16:08:20 ERROR /home/bsc03/bsc03353/forge/src/dispatcher/posix.c:62 140460027668224: single write -1 of expected 8388608
16:08:27 ERROR /home/bsc03/bsc03353/forge/src/dispatcher/posix.c:61 140414730962688: r->filehandle = 139, r->size = 8388608, r->offset = 0
16:08:27 ERROR /home/bsc03/bsc03353/forge/src/dispatcher/posix.c:62 140414730962688: single write -1 of expected 8388608
16:08:28 ERROR /home/bsc03/bsc03353/forge/src/dispatcher/posix.c:61 140235946850048: r->filehandle = 302, r->size = 8388608, r->offset = 0
16:08:28 ERROR /home/bsc03/bsc03353/forge/src/dispatcher/posix.c:62 140235946850048: single write -1 of expected 8388608
16:08:28 ERROR /home/bsc03/bsc03353/forge/src/dispatcher/posix.c:61 139846581249792: r->filehandle = 272, r->size = 8388608, r->offset = 0
16:08:28 ERROR /home/bsc03/bsc03353/forge/src/dispatcher/posix.c:62 139846581249792: single write -1 of expected 8388608
16:08:30 ERROR /home/bsc03/bsc03353/forge/src/dispatcher/posix.c:61 140466470131456: r->filehandle = 51, r->size = 8388608, r->offset = 0
16:08:30 ERROR /home/bsc03/bsc03353/forge/src/dispatcher/posix.c:62 140466470131456: single write -1 of expected 8388608
16:08:30 ERROR /home/bsc03/bsc03353/forge/src/dispatcher/posix.c:61 140393256085248: r->filehandle = 246, r->size = 8388608, r->offset = 0
16:08:30 ERROR /home/bsc03/bsc03353/forge/src/dispatcher/posix.c:62 140393256085248: single write -1 of expected 8388608
16:08:30 ERROR /home/bsc03/bsc03353/forge/src/dispatcher/posix.c:61 140421173425920: r->filehandle = 144, r->size = 8388608, r->offset = 0
16:08:30 ERROR /home/bsc03/bsc03353/forge/src/dispatcher/posix.c:62 140421173425920: single write -1 of expected 8388608
16:08:34 ERROR /home/bsc03/bsc03353/forge/src/dispatcher/posix.c:61 140233799362304: r->filehandle = 381, r->size = 8388608, r->offset = 0
16:08:34 ERROR /home/bsc03/bsc03353/forge/src/dispatcher/posix.c:62 140233799362304: single write -1 of expected 8388608
16:08:34 ERROR /home/bsc03/bsc03353/forge/src/dispatcher/posix.c:61 140397551060736: r->filehandle = 60, r->size = 8388608, r->offset = 0
16:08:34 ERROR /home/bsc03/bsc03353/forge/src/dispatcher/posix.c:61 139840138786560: r->filehandle = 95, r->size = 8388608, r->offset = 0
16:08:34 ERROR /home/bsc03/bsc03353/forge/src/dispatcher/posix.c:62 139840138786560: single write -1 of expected 8388608
16:08:34 ERROR /home/bsc03/bsc03353/forge/src/dispatcher/posix.c:62 140397551060736: single write -1 of expected 8388608
16:08:35 ERROR /home/bsc03/bsc03353/forge/src/dispatcher/posix.c:61 140412583474944: r->filehandle = 126, r->size = 8388608, r->offset = 0
16:08:35 ERROR /home/bsc03/bsc03353/forge/src/dispatcher/posix.c:62 140412583474944: single write -1 of expected 8388608
16:08:35 ERROR /home/bsc03/bsc03353/forge/src/dispatcher/posix.c:61 140464322643712: r->filehandle = 106, r->size = 8388608, r->offset = 0
16:08:35 ERROR /home/bsc03/bsc03353/forge/src/dispatcher/posix.c:62 140464322643712: single write -1 of expected 8388608
16:08:36 ERROR /home/bsc03/bsc03353/forge/src/dispatcher/posix.c:61 140257421727488: r->filehandle = 51, r->size = 8388608, r->offset = 0
16:08:36 ERROR /home/bsc03/bsc03353/forge/src/dispatcher/posix.c:61 140477207570176: r->filehandle = 369, r->size = 8388608, r->offset = 0
16:08:36 ERROR /home/bsc03/bsc03353/forge/src/dispatcher/posix.c:62 140477207570176: single write -1 of expected 8388608
16:08:36 ERROR /home/bsc03/bsc03353/forge/src/dispatcher/posix.c:62 140257421727488: single write -1 of expected 8388608
16:08:37 ERROR /home/bsc03/bsc03353/forge/src/dispatcher/posix.c:61 140248831776512: r->filehandle = 78, r->size = 8388608, r->offset = 0
16:08:37 ERROR /home/bsc03/bsc03353/forge/src/dispatcher/posix.c:62 140248831776512: single write -1 of expected 8388608
16:08:37 ERROR /home/bsc03/bsc03353/forge/src/dispatcher/posix.c:61 140250979264256: r->filehandle = 303, r->size = 8388608, r->offset = 0
16:08:37 ERROR /home/bsc03/bsc03353/forge/src/dispatcher/posix.c:62 140250979264256: single write -1 of expected 8388608
16:08:38 ERROR /home/bsc03/bsc03353/forge/src/dispatcher/posix.c:61 140475060082432: r->filehandle = 383, r->size = 8388608, r->offset = 0
16:08:38 ERROR /home/bsc03/bsc03353/forge/src/dispatcher/posix.c:62 140475060082432: single write -1 of expected 8388608
16:08:38 ERROR /home/bsc03/bsc03353/forge/src/dispatcher/posix.c:61 140403993523968: r->filehandle = 191, r->size = 8388608, r->offset = 0
16:08:38 ERROR /home/bsc03/bsc03353/forge/src/dispatcher/posix.c:62 140403993523968: single write -1 of expected 8388608
16:08:38 ERROR /home/bsc03/bsc03353/forge/src/dispatcher/posix.c:61 140453585204992: r->filehandle = 397, r->size = 8388608, r->offset = 0
16:08:38 ERROR /home/bsc03/bsc03353/forge/src/dispatcher/posix.c:62 140453585204992: single write -1 of expected 8388608
16:08:38 ERROR /home/bsc03/bsc03353/forge/src/dispatcher/posix.c:61 140238094337792: r->filehandle = 185, r->size = 8388608, r->offset = 0
16:08:38 ERROR /home/bsc03/bsc03353/forge/src/dispatcher/posix.c:62 140238094337792: single write -1 of expected 8388608
--------------------------------------------------------------------------
ORTE has lost communication with a remote daemon.

  HNP daemon   : [[29865,0],0] on node s01r2b54
  Remote daemon: [[29865,0],3] on node s01r2b58

This is usually due to either a failure of the TCP network
connection to the node, or possibly an internal failure of
the daemon itself. We cannot recover from this failure, and
therefore will terminate the job.
--------------------------------------------------------------------------
slurmstepd: error: *** JOB 8724789 ON s01r2b54 CANCELLED AT 2020-02-06T16:08:39 DUE TO TIME LIMIT ***
