Set GCC compilers as MPI wrappers backend 
remove impi/2017.4 (PATH, MANPATH, LD_LIBRARY_PATH) 
load openmpi/4.0.2_UCX (PATH, MANPATH, LD_LIBRARY_PATH) 
Set GCC compilers as MPI wrappers backend 
load gsl/2.4 (PATH, LD_LIBRARY_PATH, LIBRARY_PATH, MANPATH, INFOPATH,
C_INCLUDE_PATH, CPLUS_INCLUDE_PATH, PKG_CONFIG_PATH, GSL_DIR) 
19:38:43 INFO  /home/bsc03/bsc03353/forge/src/main.c:107 140183704791104: I/O Forwarding Exploration [START]
Will AGIOS generate trace files? NO
Default scheduling algorithm: TO
TWINS window size: 1000000
Will the Prediction Module read information from trace files? NO
File with access time functions: /home/bsc03/bsc03353/forge/agios/access_times.func
AGIOS thinks its user has stripe size of 32768
19:38:52 ERROR /home/bsc03/bsc03353/forge/src/dispatcher/posix.c:61 140165881968384: r->filehandle = 35, r->size = 6291456, r->offset = 34175188992
19:38:52 ERROR /home/bsc03/bsc03353/forge/src/dispatcher/posix.c:62 140165881968384: single write -1 of expected 6291456
19:38:58 ERROR /home/bsc03/bsc03353/forge/src/dispatcher/posix.c:61 140174471919360: r->filehandle = 35, r->size = 6291456, r->offset = 352321536
19:38:58 ERROR /home/bsc03/bsc03353/forge/src/dispatcher/posix.c:62 140174471919360: single write -1 of expected 6291456
19:39:08 ERROR /home/bsc03/bsc03353/forge/src/dispatcher/posix.c:61 140152997041920: r->filehandle = 35, r->size = 6291456, r->offset = 91955920896
19:39:08 ERROR /home/bsc03/bsc03353/forge/src/dispatcher/posix.c:62 140152997041920: single write -1 of expected 6291456
19:39:11 ERROR /home/bsc03/bsc03353/forge/src/dispatcher/posix.c:61 140155144529664: r->filehandle = 35, r->size = 6291456, r->offset = 113095213056
19:39:11 ERROR /home/bsc03/bsc03353/forge/src/dispatcher/posix.c:62 140155144529664: single write -1 of expected 6291456
19:39:17 ERROR /home/bsc03/bsc03353/forge/src/dispatcher/posix.c:61 140146554578688: r->filehandle = 35, r->size = 6291456, r->offset = 124721823744
19:39:17 ERROR /home/bsc03/bsc03353/forge/src/dispatcher/posix.c:62 140146554578688: single write -1 of expected 6291456
19:39:21 ERROR /home/bsc03/bsc03353/forge/src/dispatcher/posix.c:61 140157292017408: r->filehandle = 35, r->size = 6291456, r->offset = 22900899840
19:39:21 ERROR /home/bsc03/bsc03353/forge/src/dispatcher/posix.c:62 140157292017408: single write -1 of expected 6291456
19:39:24 ERROR /home/bsc03/bsc03353/forge/src/dispatcher/posix.c:61 140144407090944: r->filehandle = 35, r->size = 6291456, r->offset = 114504499200
19:39:24 ERROR /home/bsc03/bsc03353/forge/src/dispatcher/posix.c:62 140144407090944: single write -1 of expected 6291456
19:39:32 ERROR /home/bsc03/bsc03353/forge/src/dispatcher/posix.c:61 140150849554176: r->filehandle = 35, r->size = 6291456, r->offset = 103230210048
19:39:32 ERROR /home/bsc03/bsc03353/forge/src/dispatcher/posix.c:62 140150849554176: single write -1 of expected 6291456
19:39:37 ERROR /home/bsc03/bsc03353/forge/src/dispatcher/posix.c:61 140168029456128: r->filehandle = 35, r->size = 6291456, r->offset = 1409286144
19:39:37 ERROR /home/bsc03/bsc03353/forge/src/dispatcher/posix.c:62 140168029456128: single write -1 of expected 6291456
19:39:38 ERROR /home/bsc03/bsc03353/forge/src/dispatcher/posix.c:61 140161586992896: r->filehandle = 35, r->size = 6291456, r->offset = 704643072
19:39:38 ERROR /home/bsc03/bsc03353/forge/src/dispatcher/posix.c:62 140161586992896: single write -1 of expected 6291456
19:39:44 ERROR /home/bsc03/bsc03353/forge/src/dispatcher/posix.c:61 140168029456128: r->filehandle = 35, r->size = 6291456, r->offset = 57076088832
19:39:44 ERROR /home/bsc03/bsc03353/forge/src/dispatcher/posix.c:62 140168029456128: single write -1 of expected 6291456
19:39:47 ERROR /home/bsc03/bsc03353/forge/src/dispatcher/posix.c:61 140152997041920: r->filehandle = 35, r->size = 6291456, r->offset = 79272345600
19:39:47 ERROR /home/bsc03/bsc03353/forge/src/dispatcher/posix.c:62 140152997041920: single write -1 of expected 6291456
19:39:48 ERROR /home/bsc03/bsc03353/forge/src/dispatcher/posix.c:61 140172324431616: r->filehandle = 35, r->size = 6291456, r->offset = 90546634752
19:39:48 ERROR /home/bsc03/bsc03353/forge/src/dispatcher/posix.c:62 140172324431616: single write -1 of expected 6291456
19:39:53 ERROR /home/bsc03/bsc03353/forge/src/dispatcher/posix.c:61 140165881968384: r->filehandle = 35, r->size = 6291456, r->offset = 102877888512
19:39:53 ERROR /home/bsc03/bsc03353/forge/src/dispatcher/posix.c:62 140165881968384: single write -1 of expected 6291456
19:39:53 ERROR /home/bsc03/bsc03353/forge/src/dispatcher/posix.c:61 140157292017408: r->filehandle = 35, r->size = 6291456, r->offset = 45449478144
19:39:53 ERROR /home/bsc03/bsc03353/forge/src/dispatcher/posix.c:62 140157292017408: single write -1 of expected 6291456
19:39:54 ERROR /home/bsc03/bsc03353/forge/src/dispatcher/posix.c:61 140163734480640: r->filehandle = 35, r->size = 6291456, r->offset = 90898956288
19:39:54 ERROR /home/bsc03/bsc03353/forge/src/dispatcher/posix.c:62 140163734480640: single write -1 of expected 6291456
19:40:02 ERROR /home/bsc03/bsc03353/forge/src/dispatcher/posix.c:61 140144407090944: r->filehandle = 35, r->size = 6291456, r->offset = 1761607680
19:40:02 ERROR /home/bsc03/bsc03353/forge/src/dispatcher/posix.c:62 140144407090944: single write -1 of expected 6291456
19:40:03 ERROR /home/bsc03/bsc03353/forge/src/dispatcher/posix.c:61 140174471919360: r->filehandle = 35, r->size = 6291456, r->offset = 67998056448
19:40:03 ERROR /home/bsc03/bsc03353/forge/src/dispatcher/posix.c:62 140174471919360: single write -1 of expected 6291456
19:40:17 ERROR /home/bsc03/bsc03353/forge/src/dispatcher/posix.c:61 140150849554176: r->filehandle = 35, r->size = 6291456, r->offset = 91603599360
19:40:17 ERROR /home/bsc03/bsc03353/forge/src/dispatcher/posix.c:62 140150849554176: single write -1 of expected 6291456
19:40:21 ERROR /home/bsc03/bsc03353/forge/src/dispatcher/posix.c:61 140159439505152: r->filehandle = 35, r->size = 6291456, r->offset = 124369502208
19:40:21 ERROR /home/bsc03/bsc03353/forge/src/dispatcher/posix.c:62 140159439505152: single write -1 of expected 6291456
19:40:22 ERROR /home/bsc03/bsc03353/forge/src/dispatcher/posix.c:61 140161586992896: r->filehandle = 35, r->size = 6291456, r->offset = 97240743936
19:40:22 ERROR /home/bsc03/bsc03353/forge/src/dispatcher/posix.c:62 140161586992896: single write -1 of expected 6291456
19:40:26 ERROR /home/bsc03/bsc03353/forge/src/dispatcher/posix.c:61 140168029456128: r->filehandle = 35, r->size = 6291456, r->offset = 79624667136
19:40:26 ERROR /home/bsc03/bsc03353/forge/src/dispatcher/posix.c:62 140168029456128: single write -1 of expected 6291456
19:40:32 ERROR /home/bsc03/bsc03353/forge/src/dispatcher/posix.c:61 140176619407104: r->filehandle = 35, r->size = 6291456, r->offset = 24310185984
19:40:32 ERROR /home/bsc03/bsc03353/forge/src/dispatcher/posix.c:62 140176619407104: single write -1 of expected 6291456
19:40:36 ERROR /home/bsc03/bsc03353/forge/src/dispatcher/posix.c:61 140174471919360: r->filehandle = 35, r->size = 6291456, r->offset = 113799856128
19:40:36 ERROR /home/bsc03/bsc03353/forge/src/dispatcher/posix.c:62 140174471919360: single write -1 of expected 6291456
19:40:39 ERROR /home/bsc03/bsc03353/forge/src/dispatcher/posix.c:61 140152997041920: r->filehandle = 35, r->size = 6291456, r->offset = 125426466816
19:40:39 ERROR /home/bsc03/bsc03353/forge/src/dispatcher/posix.c:62 140152997041920: single write -1 of expected 6291456
19:40:45 ERROR /home/bsc03/bsc03353/forge/src/dispatcher/posix.c:61 140170176943872: r->filehandle = 35, r->size = 6291456, r->offset = 101820923904
19:40:45 ERROR /home/bsc03/bsc03353/forge/src/dispatcher/posix.c:62 140170176943872: single write -1 of expected 6291456
19:40:46 ERROR /home/bsc03/bsc03353/forge/src/dispatcher/posix.c:61 140144407090944: r->filehandle = 35, r->size = 6291456, r->offset = 45801799680
19:40:46 ERROR /home/bsc03/bsc03353/forge/src/dispatcher/posix.c:62 140144407090944: single write -1 of expected 6291456
19:40:48 ERROR /home/bsc03/bsc03353/forge/src/dispatcher/posix.c:61 140155144529664: r->filehandle = 35, r->size = 6291456, r->offset = 11626610688
19:40:48 ERROR /home/bsc03/bsc03353/forge/src/dispatcher/posix.c:62 140155144529664: single write -1 of expected 6291456
19:40:54 ERROR /home/bsc03/bsc03353/forge/src/dispatcher/posix.c:61 140148702066432: r->filehandle = 35, r->size = 6291456, r->offset = 56723767296
19:40:54 ERROR /home/bsc03/bsc03353/forge/src/dispatcher/posix.c:62 140148702066432: single write -1 of expected 6291456
19:40:58 ERROR /home/bsc03/bsc03353/forge/src/dispatcher/posix.c:61 140157292017408: r->filehandle = 35, r->size = 6291456, r->offset = 34527510528
19:40:58 ERROR /home/bsc03/bsc03353/forge/src/dispatcher/posix.c:62 140157292017408: single write -1 of expected 6291456
19:41:06 ERROR /home/bsc03/bsc03353/forge/src/dispatcher/posix.c:61 140163734480640: r->filehandle = 35, r->size = 6291456, r->offset = 102173245440
19:41:06 ERROR /home/bsc03/bsc03353/forge/src/dispatcher/posix.c:62 140163734480640: single write -1 of expected 6291456
19:41:10 ERROR /home/bsc03/bsc03353/forge/src/dispatcher/posix.c:61 140172324431616: r->filehandle = 35, r->size = 6291456, r->offset = 11978932224
19:41:10 ERROR /home/bsc03/bsc03353/forge/src/dispatcher/posix.c:62 140172324431616: single write -1 of expected 6291456
19:41:13 ERROR /home/bsc03/bsc03353/forge/src/dispatcher/posix.c:61 140146554578688: r->filehandle = 35, r->size = 6291456, r->offset = 125778788352
19:41:13 ERROR /home/bsc03/bsc03353/forge/src/dispatcher/posix.c:62 140146554578688: single write -1 of expected 6291456
19:41:16 ERROR /home/bsc03/bsc03353/forge/src/dispatcher/posix.c:61 140174471919360: r->filehandle = 35, r->size = 6291456, r->offset = 52143587328
19:41:16 ERROR /home/bsc03/bsc03353/forge/src/dispatcher/posix.c:62 140174471919360: single write -1 of expected 6291456
19:41:22 ERROR /home/bsc03/bsc03353/forge/src/dispatcher/posix.c:61 140155144529664: r->filehandle = 35, r->size = 6291456, r->offset = 119789322240
19:41:22 ERROR /home/bsc03/bsc03353/forge/src/dispatcher/posix.c:62 140155144529664: single write -1 of expected 6291456
19:41:23 ERROR /home/bsc03/bsc03353/forge/src/dispatcher/posix.c:61 140144407090944: r->filehandle = 35, r->size = 6291456, r->offset = 108515033088
19:41:23 ERROR /home/bsc03/bsc03353/forge/src/dispatcher/posix.c:62 140144407090944: single write -1 of expected 6291456
19:41:33 ERROR /home/bsc03/bsc03353/forge/src/dispatcher/posix.c:61 140152997041920: r->filehandle = 35, r->size = 6291456, r->offset = 13035896832
19:41:33 ERROR /home/bsc03/bsc03353/forge/src/dispatcher/posix.c:62 140152997041920: single write -1 of expected 6291456
19:41:37 ERROR /home/bsc03/bsc03353/forge/src/dispatcher/posix.c:61 140168029456128: r->filehandle = 35, r->size = 6291456, r->offset = 108867354624
19:41:37 ERROR /home/bsc03/bsc03353/forge/src/dispatcher/posix.c:62 140168029456128: single write -1 of expected 6291456
19:41:38 ERROR /home/bsc03/bsc03353/forge/src/dispatcher/posix.c:61 140174471919360: r->filehandle = 35, r->size = 6291456, r->offset = 126483431424
19:41:38 ERROR /home/bsc03/bsc03353/forge/src/dispatcher/posix.c:62 140174471919360: single write -1 of expected 6291456
19:41:40 ERROR /home/bsc03/bsc03353/forge/src/dispatcher/posix.c:61 140159439505152: r->filehandle = 35, r->size = 6291456, r->offset = 46506442752
19:41:40 ERROR /home/bsc03/bsc03353/forge/src/dispatcher/posix.c:62 140159439505152: single write -1 of expected 6291456
19:41:57 ERROR /home/bsc03/bsc03353/forge/src/dispatcher/posix.c:61 140176619407104: r->filehandle = 35, r->size = 6291456, r->offset = 18673041408
19:41:57 ERROR /home/bsc03/bsc03353/forge/src/dispatcher/posix.c:62 140176619407104: single write -1 of expected 6291456
19:41:58 ERROR /home/bsc03/bsc03353/forge/src/dispatcher/posix.c:61 140159439505152: r->filehandle = 35, r->size = 6291456, r->offset = 12683575296
19:41:58 ERROR /home/bsc03/bsc03353/forge/src/dispatcher/posix.c:62 140159439505152: single write -1 of expected 6291456
19:42:04 ERROR /home/bsc03/bsc03353/forge/src/dispatcher/posix.c:61 140170176943872: r->filehandle = 35, r->size = 6291456, r->offset = 115209142272
19:42:04 ERROR /home/bsc03/bsc03353/forge/src/dispatcher/posix.c:62 140170176943872: single write -1 of expected 6291456
19:42:08 ERROR /home/bsc03/bsc03353/forge/src/dispatcher/posix.c:61 140150849554176: r->filehandle = 35, r->size = 6291456, r->offset = 35232153600
19:42:08 ERROR /home/bsc03/bsc03353/forge/src/dispatcher/posix.c:62 140150849554176: single write -1 of expected 6291456
19:42:14 ERROR /home/bsc03/bsc03353/forge/src/dispatcher/posix.c:61 140146554578688: r->filehandle = 35, r->size = 6291456, r->offset = 125074145280
19:42:14 ERROR /home/bsc03/bsc03353/forge/src/dispatcher/posix.c:62 140146554578688: single write -1 of expected 6291456
19:42:15 ERROR /home/bsc03/bsc03353/forge/src/dispatcher/posix.c:61 140176619407104: r->filehandle = 35, r->size = 6291456, r->offset = 100411637760
19:42:15 ERROR /home/bsc03/bsc03353/forge/src/dispatcher/posix.c:62 140176619407104: single write -1 of expected 6291456
19:42:19 ERROR /home/bsc03/bsc03353/forge/src/dispatcher/posix.c:61 140168029456128: r->filehandle = 35, r->size = 6291456, r->offset = 1056964608
19:42:19 ERROR /home/bsc03/bsc03353/forge/src/dispatcher/posix.c:62 140168029456128: single write -1 of expected 6291456
19:42:29 ERROR /home/bsc03/bsc03353/forge/src/dispatcher/posix.c:61 140163734480640: r->filehandle = 35, r->size = 6291456, r->offset = 2466250752
19:42:29 ERROR /home/bsc03/bsc03353/forge/src/dispatcher/posix.c:62 140163734480640: single write -1 of expected 6291456
19:42:32 ERROR /home/bsc03/bsc03353/forge/src/dispatcher/posix.c:61 140155144529664: r->filehandle = 35, r->size = 6291456, r->offset = 92660563968
19:42:32 ERROR /home/bsc03/bsc03353/forge/src/dispatcher/posix.c:62 140155144529664: single write -1 of expected 6291456
19:42:33 ERROR /home/bsc03/bsc03353/forge/src/dispatcher/posix.c:61 140176619407104: r->filehandle = 35, r->size = 6291456, r->offset = 102525566976
19:42:33 ERROR /home/bsc03/bsc03353/forge/src/dispatcher/posix.c:62 140176619407104: single write -1 of expected 6291456
19:42:38 ERROR /home/bsc03/bsc03353/forge/src/dispatcher/posix.c:61 140152997041920: r->filehandle = 35, r->size = 6291456, r->offset = 122960216064
19:42:38 ERROR /home/bsc03/bsc03353/forge/src/dispatcher/posix.c:62 140152997041920: single write -1 of expected 6291456
19:42:41 ERROR /home/bsc03/bsc03353/forge/src/dispatcher/posix.c:61 140170176943872: r->filehandle = 35, r->size = 6291456, r->offset = 34879832064
19:42:41 ERROR /home/bsc03/bsc03353/forge/src/dispatcher/posix.c:62 140170176943872: single write -1 of expected 6291456
19:42:42 ERROR /home/bsc03/bsc03353/forge/src/dispatcher/posix.c:61 140155144529664: r->filehandle = 35, r->size = 6291456, r->offset = 23253221376
19:42:42 ERROR /home/bsc03/bsc03353/forge/src/dispatcher/posix.c:62 140155144529664: single write -1 of expected 6291456
19:42:44 ERROR /home/bsc03/bsc03353/forge/src/dispatcher/posix.c:61 140168029456128: r->filehandle = 35, r->size = 6291456, r->offset = 23605542912
19:42:44 ERROR /home/bsc03/bsc03353/forge/src/dispatcher/posix.c:62 140168029456128: single write -1 of expected 6291456
19:42:50 ERROR /home/bsc03/bsc03353/forge/src/dispatcher/posix.c:61 140174471919360: r->filehandle = 35, r->size = 6291456, r->offset = 63770198016
19:42:50 ERROR /home/bsc03/bsc03353/forge/src/dispatcher/posix.c:62 140174471919360: single write -1 of expected 6291456
19:42:51 ERROR /home/bsc03/bsc03353/forge/src/dispatcher/posix.c:61 140148702066432: r->filehandle = 35, r->size = 6291456, r->offset = 114152177664
19:42:51 ERROR /home/bsc03/bsc03353/forge/src/dispatcher/posix.c:62 140148702066432: single write -1 of expected 6291456
19:42:54 ERROR /home/bsc03/bsc03353/forge/src/dispatcher/posix.c:61 140159439505152: r->filehandle = 35, r->size = 6291456, r->offset = 109571997696
19:42:54 ERROR /home/bsc03/bsc03353/forge/src/dispatcher/posix.c:62 140159439505152: single write -1 of expected 6291456
19:43:05 ERROR /home/bsc03/bsc03353/forge/src/dispatcher/posix.c:61 140161586992896: r->filehandle = 35, r->size = 6291456, r->offset = 57780731904
19:43:05 ERROR /home/bsc03/bsc03353/forge/src/dispatcher/posix.c:62 140161586992896: single write -1 of expected 6291456
19:43:07 ERROR /home/bsc03/bsc03353/forge/src/dispatcher/posix.c:61 140159439505152: r->filehandle = 35, r->size = 6291456, r->offset = 4580179968
19:43:07 ERROR /home/bsc03/bsc03353/forge/src/dispatcher/posix.c:62 140159439505152: single write -1 of expected 6291456
19:43:11 ERROR /home/bsc03/bsc03353/forge/src/dispatcher/posix.c:61 140155144529664: r->filehandle = 35, r->size = 6291456, r->offset = 12331253760
19:43:11 ERROR /home/bsc03/bsc03353/forge/src/dispatcher/posix.c:62 140155144529664: single write -1 of expected 6291456
19:43:12 ERROR /home/bsc03/bsc03353/forge/src/dispatcher/posix.c:61 140144407090944: r->filehandle = 35, r->size = 6291456, r->offset = 91251277824
19:43:12 ERROR /home/bsc03/bsc03353/forge/src/dispatcher/posix.c:62 140144407090944: single write -1 of expected 6291456
19:43:16 ERROR /home/bsc03/bsc03353/forge/src/dispatcher/posix.c:61 140146554578688: r->filehandle = 35, r->size = 6291456, r->offset = 35584475136
19:43:16 ERROR /home/bsc03/bsc03353/forge/src/dispatcher/posix.c:62 140146554578688: single write -1 of expected 6291456
slurmstepd: error: *** JOB 8737291 ON s05r2b52 CANCELLED AT 2020-02-07T19:43:29 DUE TO TIME LIMIT ***
--------------------------------------------------------------------------
ORTE has lost communication with a remote daemon.

  HNP daemon   : [[11033,0],0] on node s05r2b52
  Remote daemon: [[11033,0],11] on node s14r1b25

This is usually due to either a failure of the TCP network
connection to the node, or possibly an internal failure of
the daemon itself. We cannot recover from this failure, and
therefore will terminate the job.
--------------------------------------------------------------------------
